768
0	9.333291e-02	2.091316e-01	1.398632e+00
1	5.804872e-01	5.534605e-01	1.108451e+00
2	4.840384e-01	4.507018e-01	2.925745e+00
3	4.371188e-01	4.586118e-01	2.732291e+00
4	3.178556e-01	3.730400e-01	1.257938e+00
5	5.249238e-01	5.500081e-01	2.424524e+00
6	8.153883e-01	9.646026e-01	1.383000e+00
7	4.877597e-01	5.597248e-01	2.705911e+00
8	4.776778e-01	5.568835e-01	2.442110e+00
9	4.713053e-01	5.169240e-01	2.233024e+00
10	5.126588e-01	5.339117e-01	2.376649e+00
11	4.791137e-01	5.204653e-01	1.556913e+00
12	3.830153e-01	3.844619e-01	2.950171e+00
13	4.701380e-01	3.943687e-01	1.066439e+00
14	4.673933e-01	5.177654e-01	1.626282e+00
15	4.735410e-01	7.740723e-01	1.306790e+00
16	4.699927e-01	5.152649e-01	2.902296e+00
17	5.445472e-01	3.871534e-01	1.195408e+00
18	4.286717e-01	5.148772e-01	1.785540e+00
19	4.934738e-01	5.411699e-01	1.248168e+00
20	4.300673e-01	5.322607e-01	1.863703e+00
21	5.076853e-01	5.917245e-01	2.671715e+00
22	4.694548e-01	5.127560e-01	2.487054e+00
23	4.477345e-01	6.939871e-01	1.946751e+00
24	5.234149e-01	4.204264e-01	1.303859e+00
25	7.420791e-01	7.158934e-01	2.152907e+00
26	4.845303e-01	5.049648e-01	1.388862e+00
27	4.710802e-01	5.437079e-01	1.591109e+00
28	4.704469e-01	6.029027e-01	2.205667e+00
29	4.589550e-01	4.719345e-01	2.181241e+00
30	5.363615e-01	6.373615e-01	1.475818e+00
31	4.884365e-01	4.402812e-01	2.309233e+00
32	4.450584e-01	5.061707e-01	2.073766e+00
33	6.373041e-01	7.089207e-01	2.331705e+00
34	4.763725e-01	5.513799e-01	1.126038e+00
35	4.530109e-01	5.326680e-01	2.235955e+00
36	1.685719e-01	5.469730e-01	2.805569e+00
37	5.564845e-01	6.057766e-01	2.555447e+00
38	4.702343e-01	5.165250e-01	2.559355e+00
39	4.692348e-01	4.979767e-01	1.895945e+00
40	4.146758e-01	4.795706e-01	1.282364e+00
41	5.722302e-01	6.086258e-01	2.750855e+00
42	4.767063e-01	5.226917e-01	2.412799e+00
43	4.514837e-01	5.105208e-01	2.557401e+00
44	4.769577e-01	3.636686e-01	1.648754e+00
45	5.199038e-01	4.640951e-01	1.721055e+00
46	4.683262e-01	4.666992e-01	2.588666e+00
47	4.846927e-01	5.093039e-01	1.525647e+00
48	4.745386e-01	5.184920e-01	2.751832e+00
49	4.987081e-01	7.294071e-01	2.625794e+00
50	4.834432e-01	5.490178e-01	1.663410e+00
51	4.679204e-01	5.166296e-01	2.560332e+00
52	4.822618e-01	5.400552e-01	1.696629e+00
53	4.846999e-01	5.045179e-01	1.506106e+00
54	4.740725e-01	5.154615e-01	2.675623e+00
55	4.663829e-01	5.555663e-01	2.497802e+00
56	5.792730e-01	6.708514e-01	1.031265e+00
57	4.434423e-01	6.383741e-01	2.361993e+00
58	4.692715e-01	4.801026e-01	1.866634e+00
60	7.365532e-01	7.495123e-01	1.503175e+00
61	5.017350e-01	5.486483e-01	2.449927e+00
62	4.563621e-01	4.969895e-01	2.831949e+00
63	4.616016e-01	5.119420e-01	2.317049e+00
64	5.221565e-01	5.438360e-01	2.353200e+00
65	4.723175e-01	5.162730e-01	2.575965e+00
66	5.087644e-01	3.962692e-01	2.922814e+00
67	5.446566e-01	6.449342e-01	2.289692e+00
68	4.185820e-01	4.198941e-01	2.766488e+00
69	5.897562e-01	5.340620e-01	1.522716e+00
70	4.491952e-01	4.962442e-01	2.769419e+00
71	4.710656e-01	5.237305e-01	1.110405e+00
72	4.184454e-01	4.905394e-01	1.412311e+00
73	5.032264e-01	6.779886e-01	1.951637e+00
74	4.166479e-01	7.259301e-01	1.449438e+00
75	5.603248e-01	6.434558e-01	2.176356e+00
76	4.426506e-01	4.226478e-01	1.212995e+00
77	4.474022e-01	5.224879e-01	1.872496e+00
78	4.703337e-01	5.096006e-01	1.606742e+00
79	4.544376e-01	3.498190e-01	1.183683e+00
80	4.583745e-01	4.225176e-01	2.736199e+00
81	4.741347e-01	5.173834e-01	1.617489e+00
82	5.056618e-01	5.774557e-01	2.456766e+00
83	5.426876e-01	6.261493e-01	1.406448e+00
84	3.520606e-01	4.638425e-01	2.453835e+00
85	4.674737e-01	5.197790e-01	2.712750e+00
86	4.759958e-01	5.237039e-01	2.877870e+00
87	4.808736e-01	3.425529e-01	1.533464e+00
88	4.654368e-01	4.025187e-01	2.169516e+00
89	3.292828e-01	4.132904e-01	2.483146e+00
90	3.790587e-01	4.361489e-01	1.538349e+00
91	4.396249e-01	5.133659e-01	1.117245e+00
92	4.951461e-01	5.335104e-01	2.709819e+00
93	4.512752e-01	5.599801e-01	2.929653e+00
94	4.499422e-01	3.886840e-01	2.125550e+00
95	4.096842e-01	5.811448e-01	2.148999e+00
96	4.815400e-01	4.870946e-01	1.206155e+00
98	4.659142e-01	5.061206e-01	1.997557e+00
99	5.645247e-01	5.337750e-01	1.753298e+00
100	4.518382e-01	5.187013e-01	1.491451e+00
101	4.736730e-01	5.185826e-01	2.381534e+00
102	4.975567e-01	5.876080e-01	1.837323e+00
103	5.163950e-01	3.816820e-01	2.723498e+00
104	4.774084e-01	2.999565e-01	1.216903e+00
105	4.630814e-01	5.285107e-01	1.385931e+00
107	4.714578e-01	5.264967e-01	1.887152e+00
108	3.896254e-01	6.595036e-01	1.869565e+00
109	3.691771e-01	5.459777e-01	2.657059e+00
110	4.977147e-01	5.733977e-01	1.905716e+00
111	4.634851e-01	5.309582e-01	2.319980e+00
113	5.350672e-01	4.001220e-01	1.155349e+00
114	4.752854e-01	5.225229e-01	1.261847e+00
115	4.919816e-01	5.794080e-01	1.308745e+00
116	6.334597e-01	2.501231e-01	1.148510e+00
117	5.068211e-01	5.728202e-01	1.865657e+00
118	4.732829e-01	5.196028e-01	2.988276e+00
119	4.591261e-01	5.410641e-01	1.479726e+00
120	4.874135e-01	5.387437e-01	2.095261e+00
121	5.469399e-01	6.040451e-01	2.442110e+00
122	6.326975e-01	5.846909e-01	1.070347e+00
123	4.481383e-01	4.887659e-01	1.417196e+00
124	4.813635e-01	5.313689e-01	2.817294e+00
126	4.548829e-01	5.155472e-01	2.738153e+00
127	4.367407e-01	4.064985e-01	2.338544e+00
128	5.700279e-01	7.165225e-01	1.282364e+00
129	4.762115e-01	5.328174e-01	2.676600e+00
130	5.617350e-01	7.144868e-01	2.443087e+00
132	4.240653e-01	3.920805e-01	1.220811e+00
133	3.018793e-01	6.422195e-01	2.407914e+00
134	4.823355e-01	5.360707e-01	2.277968e+00
135	4.731670e-01	5.161338e-01	2.409868e+00
136	4.874410e-01	5.159625e-01	2.083537e+00
137	5.122816e-01	5.039328e-01	2.286761e+00
138	6.992105e-01	2.478995e-01	1.194431e+00
139	4.710255e-01	5.084487e-01	2.818271e+00
140	4.886929e-01	4.896895e-01	2.827064e+00
141	4.422936e-01	5.027560e-01	1.684905e+00
142	4.601386e-01	5.196664e-01	1.999511e+00
143	4.657951e-01	5.179970e-01	1.956522e+00
144	4.135477e-01	5.724396e-01	2.323889e+00
145	5.137934e-01	5.161004e-01	2.501710e+00
146	3.163822e-01	3.757899e-01	2.395213e+00
147	3.735278e-01	5.700278e-01	2.719590e+00
148	4.712897e-01	5.168250e-01	2.937469e+00
149	4.917366e-01	5.680132e-01	2.803615e+00
150	4.747250e-01	6.559570e-01	1.794333e+00
151	4.568390e-01	5.380894e-01	2.611138e+00
152	4.974593e-01	5.880298e-01	1.724963e+00
153	4.767063e-01	4.875701e-01	1.983879e+00
154	4.753503e-01	5.178130e-01	2.181241e+00
155	5.222794e-01	6.244142e-01	1.295066e+00
156	4.988590e-01	5.745028e-01	1.970200e+00
157	4.827119e-01	5.043323e-01	2.387396e+00
158	5.020126e-01	6.051463e-01	2.386419e+00
159	5.541256e-01	4.799211e-01	2.647289e+00
160	4.561778e-01	5.117989e-01	1.686859e+00
161	4.804296e-01	5.309739e-01	1.553981e+00
162	4.089182e-01	3.951095e-01	1.764045e+00
163	3.338089e-01	3.112505e-01	1.632145e+00
164	4.717281e-01	5.159680e-01	1.235467e+00
165	4.801243e-01	5.365034e-01	2.251588e+00
166	4.648741e-01	5.408367e-01	1.751343e+00
167	5.025917e-01	4.761341e-01	1.715193e+00
168	4.689178e-01	5.142228e-01	2.109917e+00
169	4.721929e-01	5.249008e-01	2.137274e+00
170	6.052656e-01	4.776003e-01	2.099170e+00
171	4.303961e-01	3.956465e-01	2.057157e+00
172	4.970104e-01	4.581296e-01	2.246702e+00
173	4.718656e-01	4.975098e-01	1.894968e+00
174	3.914280e-01	5.094506e-01	2.453835e+00
175	4.343447e-01	4.881835e-01	2.834880e+00
176	4.359743e-01	6.455977e-01	2.215437e+00
177	4.750524e-01	5.390960e-01	2.153884e+00
178	4.696601e-01	5.153040e-01	2.475330e+00
179	4.672990e-01	3.944746e-01	1.274548e+00
180	4.559796e-01	5.040373e-01	2.127504e+00
181	4.753673e-01	5.424453e-01	1.790425e+00
182	2.703656e-01	3.706105e-01	1.736688e+00
183	4.709714e-01	4.088787e-01	1.692721e+00
184	4.340977e-01	3.573629e-01	2.042501e+00
185	6.101360e-01	5.303712e-01	1.468979e+00
186	4.973053e-01	4.886994e-01	1.784563e+00
188	4.932193e-01	5.340913e-01	1.839277e+00
189	4.534241e-01	5.182469e-01	1.175867e+00
190	3.730379e-01	5.477926e-01	2.807523e+00
191	4.219030e-01	3.093987e-01	2.811431e+00
192	4.455951e-01	6.006556e-01	1.192477e+00
193	4.233795e-01	5.499313e-01	1.620420e+00
194	3.506181e-01	4.993519e-01	2.624817e+00
195	4.774901e-01	5.185699e-01	2.806546e+00
196	5.489692e-01	6.430694e-01	1.763068e+00
197	4.330323e-01	5.067205e-01	2.060088e+00
198	3.879857e-01	5.954336e-01	2.458720e+00
199	4.729334e-01	5.636637e-01	2.463605e+00
200	6.781057e-01	6.699211e-01	1.141671e+00
201	4.787109e-01	5.130110e-01	1.146556e+00
202	4.406734e-01	4.777333e-01	1.395701e+00
203	4.604679e-01	5.933534e-01	1.755252e+00
204	4.791763e-01	5.118832e-01	2.901319e+00
205	4.020612e-01	3.752652e-01	2.123596e+00
206	4.908858e-01	3.284515e-01	1.652662e+00
207	4.997409e-01	5.577668e-01	1.199316e+00
208	5.017683e-01	5.975159e-01	2.170493e+00
209	4.706229e-01	6.901280e-01	2.733268e+00
210	4.388957e-01	6.099994e-01	1.545188e+00
211	4.369913e-01	5.206579e-01	1.376160e+00
212	4.628035e-01	5.350887e-01	1.621397e+00
213	4.629669e-01	5.154601e-01	1.883244e+00
214	4.826313e-01	5.198597e-01	1.612604e+00
215	4.321505e-01	5.244334e-01	2.909135e+00
216	4.615961e-01	5.040845e-01	1.354665e+00
217	4.602674e-01	4.997561e-01	2.770396e+00
218	5.290300e-01	6.377128e-01	2.148999e+00
219	4.783819e-01	4.727398e-01	2.624817e+00
220	4.957967e-01	4.077663e-01	2.697118e+00
221	4.387240e-01	5.049529e-01	1.938935e+00
222	3.190498e-01	2.523614e-01	1.854910e+00
223	3.534694e-01	4.840712e-01	2.625794e+00
224	4.799273e-01	3.523772e-01	2.984367e+00
225	5.136695e-01	6.094147e-01	2.693210e+00
226	4.811138e-01	5.383116e-01	2.276014e+00
227	4.557972e-01	5.121887e-01	1.245237e+00
228	4.691979e-01	5.243055e-01	1.489497e+00
229	4.665839e-01	5.198051e-01	2.305325e+00
230	4.666788e-01	5.068951e-01	2.689301e+00
231	5.106515e-01	6.097109e-01	1.346849e+00
232	4.570398e-01	4.951389e-01	2.447973e+00
233	4.604220e-01	5.549847e-01	1.591109e+00
234	4.039587e-01	4.789261e-01	1.931119e+00
235	4.553048e-01	5.030247e-01	2.687347e+00
236	4.704951e-01	5.177323e-01	2.787982e+00
237	4.665860e-01	4.988982e-01	1.510015e+00
238	4.833158e-01	5.355702e-01	2.193942e+00
239	4.088733e-01	4.564294e-01	2.918906e+00
240	5.059357e-01	5.748330e-01	1.734734e+00
241	4.879528e-01	5.102684e-01	1.119199e+00
242	4.511672e-01	4.757243e-01	1.631168e+00
243	4.304477e-01	4.817581e-01	1.258915e+00
244	4.887473e-01	6.045466e-01	2.458720e+00
245	4.419980e-01	4.115291e-01	2.134343e+00
246	4.695746e-01	5.194447e-01	2.662921e+00
247	4.807582e-01	4.842420e-01	2.924768e+00
248	4.437742e-01	4.468443e-01	2.983390e+00
250	7.789040e-01	7.687908e-01	2.763556e+00
251	6.126229e-01	5.697728e-01	2.374695e+00
252	5.396405e-01	5.578477e-01	1.703468e+00
253	5.603967e-01	6.203761e-01	1.246214e+00
254	3.922048e-01	3.972690e-01	2.925745e+00
255	4.448724e-01	4.964166e-01	1.857841e+00
256	4.709147e-01	5.139100e-01	2.601368e+00
257	4.948966e-01	5.545924e-01	2.413776e+00
258	4.596858e-01	5.386285e-01	2.569126e+00
259	4.361790e-01	4.757126e-01	1.865657e+00
260	4.710550e-01	5.157257e-01	2.574988e+00
261	4.820141e-01	5.404765e-01	1.598925e+00
262	4.254790e-01	3.572276e-01	2.264289e+00
263	3.402241e-01	5.406022e-01	1.176844e+00
264	4.491780e-01	4.056325e-01	1.061553e+00
265	4.694024e-01	5.147762e-01	2.526136e+00
266	5.171230e-01	5.946715e-01	1.928188e+00
267	4.721406e-01	5.480586e-01	2.006351e+00
268	4.882136e-01	5.402235e-01	1.041036e+00
269	1.884282e-01	4.627512e-01	1.793356e+00
270	4.277594e-01	4.025803e-01	1.860772e+00
271	3.747400e-01	6.166776e-01	1.389839e+00
272	4.659081e-01	5.111692e-01	1.052760e+00
273	5.394129e-01	6.837183e-01	1.156326e+00
274	6.089549e-01	6.951092e-01	1.981925e+00
275	2.558446e-01	3.513249e-01	2.256473e+00
276	4.790432e-01	5.241209e-01	2.368832e+00
277	5.008823e-01	5.005489e-01	2.024915e+00
279	3.987218e-01	4.623706e-01	1.348803e+00
280	4.613305e-01	5.668240e-01	2.472399e+00
281	4.390115e-01	7.279080e-01	2.288715e+00
282	4.365794e-01	4.801163e-01	2.745970e+00
283	4.237910e-01	4.349660e-01	2.490962e+00
284	6.387132e-01	7.073533e-01	2.515388e+00
285	1.345787e-01	4.158954e-01	1.545188e+00
286	4.783227e-01	4.964362e-01	2.662921e+00
287	4.925649e-01	5.454583e-01	2.264289e+00
288	5.000209e-01	5.450159e-01	2.905227e+00
289	4.251966e-01	3.718354e-01	1.058622e+00
290	3.969544e-01	4.360502e-01	2.152907e+00
291	8.133815e-01	9.610771e-01	2.784074e+00
292	4.770789e-01	5.095899e-01	2.445042e+00
293	4.689764e-01	4.715444e-01	2.852467e+00
294	4.295804e-01	5.085576e-01	2.070835e+00
295	4.547076e-01	4.700932e-01	1.406448e+00
296	6.059703e-01	8.132028e-01	1.751343e+00
297	4.205691e-01	4.606277e-01	2.077675e+00
298	5.211700e-01	3.397097e-01	1.601856e+00
299	4.779966e-01	5.395591e-01	2.048363e+00
300	4.023184e-01	4.637354e-01	2.781143e+00
301	4.742018e-01	5.170432e-01	2.779189e+00
302	4.598262e-01	4.982737e-01	2.617978e+00
303	3.694041e-01	4.372687e-01	1.698583e+00
304	5.300770e-01	5.725655e-01	1.948705e+00
305	4.956444e-01	5.337994e-01	1.416219e+00
306	8.544903e-01	2.275004e-01	1.745481e+00
307	4.648959e-01	5.031185e-01	2.291646e+00
308	4.801475e-01	5.602095e-01	1.868588e+00
309	5.201984e-01	4.099661e-01	2.511480e+00
310	4.474935e-01	4.743380e-01	2.596483e+00
311	4.288649e-01	3.871009e-01	2.855398e+00
312	4.937046e-01	6.036443e-01	1.312653e+00
313	5.369801e-01	6.057333e-01	1.787494e+00
314	4.727393e-01	5.234176e-01	2.252565e+00
315	3.859159e-01	4.522704e-01	1.978017e+00
316	5.653077e-01	5.288078e-01	2.965804e+00
317	4.688353e-01	5.063845e-01	2.221299e+00
318	3.990318e-01	5.164835e-01	1.701514e+00
319	3.880257e-01	4.389946e-01	1.135809e+00
320	4.588805e-01	5.263126e-01	2.997069e+00
322	4.638054e-01	5.665268e-01	2.362970e+00
323	4.617253e-01	5.297852e-01	2.553493e+00
324	5.069269e-01	5.363666e-01	1.347826e+00
325	2.977540e-01	3.174225e-01	2.896434e+00
326	4.734069e-01	5.152311e-01	1.857841e+00
327	4.846049e-01	5.146163e-01	1.669272e+00
328	4.714533e-01	5.114179e-01	1.726917e+00
329	5.096339e-01	5.902262e-01	2.604299e+00
330	4.419892e-01	4.140732e-01	2.089399e+00
331	4.202341e-01	5.320535e-01	1.552027e+00
332	4.582058e-01	4.466182e-01	1.769907e+00
333	4.530216e-01	4.608978e-01	1.382022e+00
334	2.272395e-01	3.127822e-01	2.510503e+00
335	5.233452e-01	4.783122e-01	1.640938e+00
336	4.543570e-01	5.132506e-01	2.933561e+00
337	4.815890e-01	4.218855e-01	1.033219e+00
338	5.538959e-01	5.664609e-01	1.408403e+00
339	4.651795e-01	5.302477e-01	2.767465e+00
340	4.626973e-01	4.979243e-01	1.526624e+00
341	4.703659e-01	4.927643e-01	1.456277e+00
342	4.695733e-01	5.274073e-01	1.054714e+00
343	4.210005e-01	4.759122e-01	2.601368e+00
344	2.958524e-01	3.703882e-01	2.193942e+00
346	4.995975e-01	5.570978e-01	1.564729e+00
347	4.545089e-01	5.383506e-01	1.679043e+00
348	4.629468e-01	3.759823e-01	2.034685e+00
349	4.593631e-01	5.015737e-01	2.564240e+00
350	5.576372e-01	6.105126e-01	2.311187e+00
351	5.060411e-01	3.582527e-01	1.297997e+00
352	4.667095e-01	5.143942e-01	2.873962e+00
353	4.074978e-01	4.425232e-01	2.202736e+00
354	4.683511e-01	5.157910e-01	2.653151e+00
355	3.016038e-01	6.277829e-01	2.461651e+00
356	4.655575e-01	5.050408e-01	1.679043e+00
357	5.576035e-01	5.613730e-01	2.991207e+00
358	5.178219e-01	6.134058e-01	2.857352e+00
359	5.124302e-01	5.920213e-01	1.913532e+00
360	4.409949e-01	6.431117e-01	1.216903e+00
361	4.391639e-01	3.067652e-01	1.214949e+00
362	5.498275e-01	4.858293e-01	1.005862e+00
363	4.360884e-01	4.714451e-01	2.227162e+00
364	4.608078e-01	5.022963e-01	1.723009e+00
366	4.583784e-01	5.570558e-01	1.692721e+00
367	4.752758e-01	4.913360e-01	1.154372e+00
368	4.854933e-01	5.229619e-01	1.851001e+00
369	4.744374e-01	5.107912e-01	2.418661e+00
370	5.264648e-01	5.269400e-01	1.874450e+00
371	5.301848e-01	5.179289e-01	1.591109e+00
372	4.892445e-01	5.583740e-01	2.199805e+00
373	4.248459e-01	3.980569e-01	2.208598e+00
374	4.735742e-01	6.016054e-01	1.322423e+00
375	5.376648e-01	6.714522e-01	2.361016e+00
376	5.577215e-01	5.865065e-01	1.815828e+00
377	4.697845e-01	5.151804e-01	1.328285e+00
378	4.586069e-01	5.160463e-01	1.883244e+00
379	5.446752e-01	5.816683e-01	1.599902e+00
380	5.325295e-01	7.106360e-01	2.343429e+00
381	4.949409e-01	5.472768e-01	1.835369e+00
383	5.653894e-01	3.195629e-01	1.698583e+00
384	6.271273e-01	3.825498e-01	2.761602e+00
385	4.177538e-01	8.114609e-01	1.961407e+00
386	5.828436e-01	5.788957e-01	2.449927e+00
387	4.693679e-01	5.024745e-01	2.669761e+00
388	4.184418e-01	4.536889e-01	2.597460e+00
389	4.626407e-01	5.082923e-01	2.960918e+00
390	4.800665e-01	5.428522e-01	1.655594e+00
391	4.248472e-01	4.468704e-01	2.572057e+00
392	4.549879e-01	4.948541e-01	1.234489e+00
393	4.844462e-01	4.992272e-01	1.607719e+00
394	4.670945e-01	5.204290e-01	2.643381e+00
395	5.113093e-01	4.220801e-01	1.233512e+00
397	6.671476e-01	3.646664e-01	1.083048e+00
398	5.040702e-01	2.490450e-01	2.453835e+00
399	5.184600e-01	4.467393e-01	2.169516e+00
400	4.407741e-01	4.527838e-01	1.634099e+00
401	4.102145e-01	5.027066e-01	1.314607e+00
402	4.374319e-01	4.849898e-01	2.292623e+00
403	4.534676e-01	4.822683e-01	1.759160e+00
404	3.977197e-01	4.480685e-01	2.942355e+00
405	4.623089e-01	4.750917e-01	1.358574e+00
406	4.932224e-01	5.897485e-01	1.474841e+00
407	6.271643e-01	6.050517e-01	2.850513e+00
408	4.652592e-01	3.813277e-01	2.543723e+00
409	4.952540e-01	5.226866e-01	1.170005e+00
410	4.396185e-01	5.953575e-01	2.011236e+00
411	5.136080e-01	5.419340e-01	2.982413e+00
412	7.754377e-01	1.985457e-01	1.578407e+00
413	5.864950e-01	6.204103e-01	2.904250e+00
414	4.628758e-01	5.183439e-01	2.948217e+00
415	4.796583e-01	5.137249e-01	1.856864e+00
416	4.738953e-01	5.087568e-01	1.780655e+00
417	4.777168e-01	5.163908e-01	1.223742e+00
418	4.389816e-01	5.032288e-01	2.928676e+00
419	4.805637e-01	5.300731e-01	1.055691e+00
420	4.900124e-01	4.982411e-01	2.823156e+00
421	4.730471e-01	5.138901e-01	2.886663e+00
422	4.615624e-01	5.370759e-01	1.391793e+00
423	5.405811e-01	4.065546e-01	1.467025e+00
424	4.576224e-01	4.974056e-01	1.512946e+00
425	1.977978e-01	4.772696e-01	1.960430e+00
426	1.979044e-01	4.588844e-01	2.254519e+00
427	5.423592e-01	5.999578e-01	2.899365e+00
428	4.900392e-01	5.009802e-01	1.247191e+00
429	4.742998e-01	5.186593e-01	1.802149e+00
430	4.689054e-01	4.890174e-01	1.663410e+00
431	4.897812e-01	3.141097e-01	2.556424e+00
432	2.385694e-02	2.160553e-01	2.947240e+00
433	4.511916e-01	5.130363e-01	2.475330e+00
434	4.580803e-01	5.687264e-01	2.923791e+00
435	5.411291e-01	4.022700e-01	2.906204e+00
437	4.300250e-01	4.858055e-01	2.476307e+00
438	4.569470e-01	4.579563e-01	2.065950e+00
439	4.736229e-01	5.148057e-01	1.983879e+00
440	4.829003e-01	4.220146e-01	1.637030e+00
441	5.524808e-01	3.224988e-01	1.338056e+00
442	4.998486e-01	4.019311e-01	2.406937e+00
443	3.967314e-01	4.265915e-01	1.422081e+00
444	4.542824e-01	4.686711e-01	2.956033e+00
445	4.840571e-01	5.189218e-01	2.601368e+00
446	2.726436e-01	3.801328e-01	1.846116e+00
447	4.795335e-01	5.443994e-01	1.264778e+00
448	4.532591e-01	4.912545e-01	1.119199e+00
449	5.323220e-01	5.903603e-01	1.956522e+00
450	5.880209e-01	3.369297e-01	2.971666e+00
451	4.753313e-01	5.180712e-01	2.149976e+00
452	4.962699e-01	4.435555e-01	1.574499e+00
453	4.133096e-01	2.729490e-01	1.775769e+00
455	4.817691e-01	5.422317e-01	2.984367e+00
456	4.851356e-01	5.567109e-01	1.577430e+00
457	4.512556e-01	4.629881e-01	2.955056e+00
458	4.825121e-01	5.059360e-01	2.865169e+00
459	3.946975e-01	3.442818e-01	1.672203e+00
461	3.801684e-01	8.098422e-01	2.513434e+00
462	4.636740e-01	4.756631e-01	1.853933e+00
463	5.211192e-01	5.671402e-01	2.858329e+00
464	5.446579e-01	6.459828e-01	1.574499e+00
465	4.731722e-01	5.725243e-01	1.432829e+00
466	4.774108e-01	5.200182e-01	1.500244e+00
467	3.795235e-01	4.283422e-01	1.323400e+00
468	4.637878e-01	5.181013e-01	2.147044e+00
469	4.999945e-01	5.295570e-01	2.698095e+00
470	4.685194e-01	5.144726e-01	1.364436e+00
471	4.268718e-01	4.577180e-01	2.076698e+00
472	4.670448e-01	5.221526e-01	2.011236e+00
473	5.455403e-01	6.394123e-01	1.215926e+00
474	4.752034e-01	5.172041e-01	2.299463e+00
475	4.339170e-01	4.526794e-01	1.683928e+00
476	4.753996e-01	4.981977e-01	2.081583e+00
477	4.676390e-01	4.950777e-01	2.350269e+00
478	3.921963e-01	6.025676e-01	2.728383e+00
479	4.357871e-01	4.616701e-01	1.194431e+00
480	4.976491e-01	3.256977e-01	2.515388e+00
481	3.864660e-01	2.494756e-01	1.865657e+00
482	4.977019e-01	6.400872e-01	1.802149e+00
483	4.617833e-01	4.709930e-01	1.367367e+00
484	5.587903e-01	5.848773e-01	1.148510e+00
485	4.514630e-01	4.708518e-01	2.427455e+00
486	5.082927e-01	5.685165e-01	2.196873e+00
487	5.207900e-01	5.512280e-01	2.386419e+00
488	5.048839e-01	5.666279e-01	1.294089e+00
489	4.305596e-01	4.289041e-01	1.687836e+00
490	5.464396e-01	4.664183e-01	1.146556e+00
491	4.932328e-01	7.817236e-01	1.597948e+00
492	5.344383e-01	5.138124e-01	2.412799e+00
493	4.427378e-01	3.950002e-01	1.227650e+00
494	5.223634e-01	5.888566e-01	2.522228e+00
495	4.556504e-01	5.157631e-01	1.437714e+00
496	4.895715e-01	5.631474e-01	1.523693e+00
497	4.943177e-01	4.523540e-01	1.221788e+00
498	4.773113e-01	4.856924e-01	1.652662e+00
499	4.388431e-01	4.654081e-01	1.269663e+00
500	4.725305e-01	5.215240e-01	2.967758e+00
501	4.667750e-01	5.204340e-01	2.546654e+00
502	4.753666e-01	1.635397e-01	1.818759e+00
503	4.138523e-01	4.492018e-01	1.919394e+00
504	4.670643e-01	5.368136e-01	2.563263e+00
505	4.517543e-01	3.661345e-01	1.451392e+00
506	4.774768e-01	4.804054e-01	1.718124e+00
507	4.678261e-01	5.136313e-01	1.207132e+00
508	4.638741e-01	5.120792e-01	1.236444e+00
509	4.237631e-01	5.928692e-01	2.622863e+00
510	2.853434e-01	6.395074e-01	2.549585e+00
511	4.821175e-01	5.215310e-01	2.966781e+00
512	5.554756e-01	6.904403e-01	2.395213e+00
513	4.980074e-01	5.184102e-01	1.534441e+00
514	3.034804e-01	3.356149e-01	1.550073e+00
515	4.841653e-01	5.062391e-01	1.610650e+00
516	4.410053e-01	8.169598e-01	1.612604e+00
517	4.480250e-01	5.184458e-01	1.086957e+00
518	5.076098e-01	3.991491e-01	2.282853e+00
519	4.407316e-01	4.009119e-01	1.573522e+00
520	4.463443e-01	5.058719e-01	2.497802e+00
521	4.772340e-01	4.950366e-01	1.752320e+00
523	4.862157e-01	4.960209e-01	1.209086e+00
524	4.695376e-01	4.944085e-01	2.755740e+00
525	5.737903e-01	5.787159e-01	1.499267e+00
526	4.699773e-01	4.916124e-01	1.014656e+00
527	7.061697e-01	7.392970e-01	2.891549e+00
528	4.637511e-01	4.943931e-01	2.478261e+00
529	4.235588e-01	3.913776e-01	1.898876e+00
530	4.485052e-01	5.312641e-01	1.188569e+00
531	5.198476e-01	5.470503e-01	2.785051e+00
532	4.667736e-01	5.244676e-01	2.945286e+00
533	5.376795e-01	5.652462e-01	2.458720e+00
534	6.044492e-01	5.496448e-01	2.673669e+00
535	4.764334e-01	5.111928e-01	1.399609e+00
536	4.574039e-01	4.831321e-01	2.604299e+00
537	4.784549e-01	5.220318e-01	1.529555e+00
538	4.716316e-01	5.142489e-01	2.823156e+00
539	4.844025e-01	5.840289e-01	2.826087e+00
540	4.734346e-01	5.108820e-01	2.844651e+00
541	5.535333e-01	5.080796e-01	2.290669e+00
542	4.762663e-01	4.869151e-01	2.570103e+00
543	5.013157e-01	5.229183e-01	2.396190e+00
544	4.124295e-01	5.621811e-01	1.318515e+00
545	5.031902e-01	5.851858e-01	2.605276e+00
546	3.175996e-01	3.720299e-01	2.683439e+00
547	6.573355e-01	6.060856e-01	1.587201e+00
548	4.851377e-01	6.742300e-01	1.375183e+00
549	4.435880e-01	5.231183e-01	2.298486e+00
550	5.293726e-01	6.245545e-01	1.285296e+00
551	4.738676e-01	5.285325e-01	2.983390e+00
552	3.784353e-01	7.102554e-01	1.195408e+00
553	4.766108e-01	4.949231e-01	2.414753e+00
554	3.462540e-01	6.462248e-01	1.843185e+00
555	4.480414e-01	4.779327e-01	2.396190e+00
556	4.330085e-01	4.191320e-01	3.000000e+00
557	4.699536e-01	5.058008e-01	2.728383e+00
559	4.780079e-01	5.348786e-01	1.944797e+00
560	4.031958e-01	7.395481e-01	2.883732e+00
561	5.511477e-01	6.004007e-01	2.383488e+00
562	5.637383e-01	5.038854e-01	2.506595e+00
563	4.741232e-01	4.796708e-01	1.786517e+00
564	5.031455e-01	4.835529e-01	2.893503e+00
565	4.839918e-01	5.224522e-01	2.981436e+00
566	4.732005e-01	5.477943e-01	2.663898e+00
567	4.570578e-01	5.058855e-01	2.227162e+00
568	4.601893e-01	5.110123e-01	1.527601e+00
569	5.396740e-01	6.444315e-01	2.610161e+00
570	7.727419e-01	3.892036e-01	1.058622e+00
571	4.419231e-01	4.627610e-01	2.782120e+00
573	4.546846e-01	5.146542e-01	2.109917e+00
574	4.814301e-01	5.621112e-01	2.074744e+00
575	4.668737e-01	5.127434e-01	2.319003e+00
576	5.243494e-01	5.144448e-01	1.290181e+00
577	4.567211e-01	5.304242e-01	1.286273e+00
578	4.895641e-01	5.652382e-01	1.881290e+00
579	4.707155e-01	5.148825e-01	1.664387e+00
580	2.399272e-01	2.527537e-01	1.242306e+00
581	4.634733e-01	5.391016e-01	1.927211e+00
582	4.739136e-01	5.174942e-01	2.820225e+00
583	4.739149e-01	6.661894e-01	2.792868e+00
584	5.580886e-01	4.713367e-01	1.201270e+00
585	5.371671e-01	5.818989e-01	1.898876e+00
586	4.710587e-01	5.232855e-01	1.782609e+00
587	4.453200e-01	5.019440e-01	1.561798e+00
588	4.711903e-01	5.148686e-01	2.282853e+00
589	4.663451e-01	4.719864e-01	2.210552e+00
590	5.349182e-01	5.385301e-01	1.020518e+00
591	4.384546e-01	4.502670e-01	1.784563e+00
592	4.715612e-01	5.152703e-01	1.275525e+00
593	4.948263e-01	5.069088e-01	1.212995e+00
594	3.915471e-01	4.974761e-01	2.964827e+00
595	4.827058e-01	5.214845e-01	2.079629e+00
596	4.859624e-01	4.269318e-01	1.187592e+00
597	4.810090e-01	4.829234e-01	1.258915e+00
598	5.031754e-01	5.414738e-01	1.999511e+00
599	4.768993e-01	5.297637e-01	1.264778e+00
600	4.787895e-01	5.412751e-01	1.110405e+00
601	5.208207e-01	6.833721e-01	1.107474e+00
602	5.183263e-01	4.351297e-01	1.070347e+00
603	4.697667e-01	5.307250e-01	2.400098e+00
604	4.497613e-01	5.218127e-01	2.871031e+00
605	4.636463e-01	5.121360e-01	2.739130e+00
606	4.728319e-01	4.839655e-01	2.061065e+00
607	2.151669e-01	3.884942e-01	1.073278e+00
608	4.886693e-01	5.438101e-01	2.799707e+00
609	4.888514e-01	6.280597e-01	2.010259e+00
610	5.341686e-01	4.835706e-01	1.700537e+00
611	4.669394e-01	4.966472e-01	1.339033e+00
612	4.730222e-01	5.409903e-01	2.227162e+00
613	6.144508e-01	2.962442e-01	2.482169e+00
614	4.811065e-01	5.108129e-01	2.958964e+00
615	3.570535e-01	5.509901e-01	1.443576e+00
616	5.438550e-01	5.091387e-01	2.381534e+00
617	5.617988e-01	6.026140e-01	1.971177e+00
618	4.665245e-01	4.961621e-01	2.960918e+00
619	5.179427e-01	6.659302e-01	1.812897e+00
620	5.568435e-01	4.727810e-01	1.170982e+00
621	4.855038e-01	3.943696e-01	1.277479e+00
622	5.503287e-01	5.903395e-01	1.176844e+00
623	4.718499e-01	4.974137e-01	1.636053e+00
624	4.813183e-01	4.311851e-01	2.336590e+00
625	4.687267e-01	5.557788e-01	1.343918e+00
626	4.418806e-01	5.163214e-01	1.905716e+00
627	5.365470e-01	5.421817e-01	1.784563e+00
628	4.784339e-01	5.145570e-01	2.063996e+00
629	4.674832e-01	5.265307e-01	2.497802e+00
630	4.043524e-01	5.805670e-01	2.870054e+00
631	3.935668e-01	4.610536e-01	1.729849e+00
632	4.679796e-01	6.691328e-01	2.290669e+00
633	4.729458e-01	5.145610e-01	2.841720e+00
634	4.730320e-01	5.156660e-01	2.195896e+00
635	4.982110e-01	5.773760e-01	1.601856e+00
636	4.812464e-01	5.650392e-01	2.449927e+00
637	4.493801e-01	5.639123e-01	1.462140e+00
638	4.700956e-01	5.147738e-01	2.041524e+00
639	4.700369e-01	5.179871e-01	2.061065e+00
640	6.122938e-01	6.523677e-01	2.130435e+00
641	3.948626e-01	2.518919e-01	2.205667e+00
642	4.649727e-01	5.123099e-01	2.184172e+00
643	4.978779e-01	4.983258e-01	2.747924e+00
644	2.595058e-01	5.183184e-01	2.909135e+00
645	4.737180e-01	5.269980e-01	2.777235e+00
646	4.771885e-01	5.631792e-01	1.295066e+00
647	5.313275e-01	5.288979e-01	1.050806e+00
648	2.685298e-01	4.783522e-01	1.191500e+00
649	4.547431e-01	5.098102e-01	1.198339e+00
650	4.891278e-01	5.067385e-01	2.656082e+00
651	4.708761e-01	5.237113e-01	1.692721e+00
652	8.288277e-01	7.218439e-01	2.330728e+00
653	4.701079e-01	5.220575e-01	1.906693e+00
654	4.580889e-01	5.425271e-01	2.192965e+00
655	4.946122e-01	5.272302e-01	1.200293e+00
656	4.655100e-01	5.311422e-01	2.361016e+00
657	5.732848e-01	6.168704e-01	2.080606e+00
658	4.805468e-01	5.142874e-01	2.017098e+00
659	5.076233e-01	5.243086e-01	2.191011e+00
660	6.262496e-01	6.186972e-01	1.667318e+00
661	6.189347e-01	6.587151e-01	2.229116e+00
662	4.494445e-01	4.969257e-01	1.188569e+00
663	4.489996e-01	4.633108e-01	2.714704e+00
664	3.958618e-01	4.648374e-01	1.979971e+00
665	4.718322e-01	4.019744e-01	2.954079e+00
666	6.516737e-01	5.795814e-01	1.803127e+00
667	4.713118e-01	5.389526e-01	1.039082e+00
668	3.839653e-01	5.242739e-01	1.893014e+00
669	5.200209e-01	6.008459e-01	1.778701e+00
670	3.090475e-01	4.277129e-01	1.807035e+00
671	4.575015e-01	4.737803e-01	1.102589e+00
672	4.288945e-01	7.866838e-01	1.879336e+00
673	5.431197e-01	5.244538e-01	1.984856e+00
674	4.712088e-01	5.165210e-01	2.238886e+00
675	4.919469e-01	5.410910e-01	2.868100e+00
676	4.703845e-01	5.242726e-01	2.748901e+00
677	4.186206e-01	4.701831e-01	1.578407e+00
678	4.769746e-01	5.397391e-01	1.621397e+00
679	4.632020e-01	5.131381e-01	2.657059e+00
680	4.662316e-01	5.129315e-01	2.404983e+00
681	4.790175e-01	5.635640e-01	2.272106e+00
682	4.672531e-01	5.552641e-01	1.463117e+00
683	4.699525e-01	5.186212e-01	2.316072e+00
684	4.690353e-01	5.057511e-01	2.334636e+00
685	4.348750e-01	5.172106e-01	1.365413e+00
686	3.351103e-01	6.258521e-01	2.105032e+00
687	5.226284e-01	5.604650e-01	1.339033e+00
688	4.782409e-01	5.064828e-01	2.932584e+00
689	4.690727e-01	5.208632e-01	2.378603e+00
690	4.631196e-01	5.108532e-01	1.833415e+00
691	5.250370e-01	5.393992e-01	1.663410e+00
692	5.180327e-01	5.330861e-01	2.251588e+00
693	4.041777e-01	5.434348e-01	1.766976e+00
694	6.241723e-01	6.177498e-01	1.575476e+00
695	4.875592e-01	2.770335e-01	2.771373e+00
696	4.703227e-01	5.250350e-01	2.787005e+00
697	4.659444e-01	5.291944e-01	1.959453e+00
698	4.891700e-01	5.337644e-01	2.187103e+00
699	4.712852e-01	5.154334e-01	2.430386e+00
700	4.208885e-01	4.411575e-01	2.679531e+00
701	4.432239e-01	4.408093e-01	2.191988e+00
702	4.088392e-01	4.799836e-01	2.945286e+00
703	4.490709e-01	5.240834e-01	2.793845e+00
704	4.789509e-01	5.061749e-01	2.132389e+00
705	7.298473e-01	6.177065e-01	1.627259e+00
706	4.762541e-01	5.032956e-01	1.623351e+00
707	4.608763e-01	5.205683e-01	2.772350e+00
708	4.675545e-01	5.168038e-01	1.552027e+00
709	6.022936e-01	5.472844e-01	1.180752e+00
710	4.845382e-01	5.976498e-01	1.632145e+00
711	4.809589e-01	5.084660e-01	1.680997e+00
712	3.474953e-01	3.881262e-01	2.828041e+00
713	5.160996e-01	7.718751e-01	1.703468e+00
714	3.791602e-01	6.681411e-01	1.471910e+00
715	4.811451e-01	5.326659e-01	2.368832e+00
716	4.512279e-01	4.989141e-01	1.961407e+00
717	4.763190e-01	5.116230e-01	1.756229e+00
718	4.793792e-01	5.361679e-01	2.987298e+00
719	4.733357e-01	5.174399e-01	2.332682e+00
720	4.473014e-01	5.020370e-01	1.097704e+00
721	4.541605e-01	3.912962e-01	1.954568e+00
722	4.660959e-01	5.181124e-01	1.704446e+00
723	4.715808e-01	5.166370e-01	1.853933e+00
724	3.939215e-01	4.591607e-01	2.829995e+00
725	4.734199e-01	5.900245e-01	2.232047e+00
726	5.369415e-01	5.932738e-01	2.587689e+00
727	7.045665e-01	2.441316e-01	2.698095e+00
729	4.753756e-01	6.157000e-01	1.212995e+00
730	4.172777e-01	5.238672e-01	1.502198e+00
731	4.748352e-01	5.179322e-01	2.614069e+00
732	5.212553e-01	5.777693e-01	2.880801e+00
733	4.741293e-01	5.407693e-01	1.956522e+00
734	4.700560e-01	4.054311e-01	2.745970e+00
735	7.638097e-01	4.666951e-01	1.179775e+00
736	5.080624e-01	4.405006e-01	1.935027e+00
737	4.779415e-01	5.241810e-01	1.975085e+00
738	4.717349e-01	5.195192e-01	1.067416e+00
739	4.722709e-01	4.986506e-01	2.024915e+00
740	4.269682e-01	5.085335e-01	2.810454e+00
741	4.551630e-01	5.019591e-01	2.428432e+00
742	4.654889e-01	5.177089e-01	1.957499e+00
743	5.016281e-01	5.416799e-01	2.306302e+00
744	4.621792e-01	5.215777e-01	2.557401e+00
745	4.890072e-01	5.803327e-01	1.243283e+00
746	4.646875e-01	5.600848e-01	2.429409e+00
747	5.109459e-01	5.240639e-01	2.523205e+00
748	3.358793e-01	4.433970e-01	2.842697e+00
749	4.713928e-01	5.149873e-01	2.247680e+00
750	4.889960e-01	5.488662e-01	2.000489e+00
751	4.748920e-01	5.134343e-01	2.446019e+00
752	4.739154e-01	5.120036e-01	2.360039e+00
753	4.026706e-01	4.700905e-01	2.567171e+00
754	4.777247e-01	5.327946e-01	2.415730e+00
755	5.019813e-01	5.206326e-01	1.989741e+00
756	4.625967e-01	5.167078e-01	2.908158e+00
757	5.767617e-01	3.091380e-01	2.731314e+00
758	4.659473e-01	5.157900e-01	2.544700e+00
759	4.707963e-01	5.153883e-01	2.890572e+00
760	4.724200e-01	5.182672e-01	1.654617e+00
761	4.768030e-01	5.120656e-01	1.008793e+00
762	4.271397e-01	4.645442e-01	1.260870e+00
763	5.807132e-01	5.676639e-01	1.347826e+00
764	4.455834e-01	5.086420e-01	1.325354e+00
765	4.675332e-01	5.238112e-01	1.420127e+00
766	4.352585e-01	4.007671e-01	2.845628e+00
767	4.815464e-01	5.630577e-01	1.853933e+00
768	4.767977e-01	5.306116e-01	1.303859e+00
769	5.243673e-01	5.988121e-01	1.294089e+00
770	7.662087e-01	1.545992e-01	1.675134e+00
771	4.971497e-01	4.864015e-01	2.417684e+00
772	4.727196e-01	5.255203e-01	2.053249e+00
773	4.751630e-01	5.157544e-01	1.276502e+00
774	5.790750e-01	2.811861e-01	2.779189e+00
775	3.398068e-01	3.623111e-01	1.984856e+00
776	4.755299e-01	3.266352e-01	2.295554e+00
777	4.685381e-01	5.156931e-01	1.652662e+00
778	4.687245e-01	5.182711e-01	2.464582e+00
779	4.670802e-01	5.175882e-01	1.763068e+00
780	5.007874e-01	5.448124e-01	2.026869e+00
781	4.380850e-01	4.425861e-01	1.160234e+00
782	5.079641e-01	4.987839e-01	2.302394e+00
783	4.843000e-01	4.855231e-01	1.384954e+00
784	4.691584e-01	4.968143e-01	2.598437e+00
785	5.156207e-01	5.658200e-01	2.130435e+00
786	5.000804e-01	5.215582e-01	1.690767e+00
787	5.003411e-01	5.054821e-01	1.940889e+00
788	4.629675e-01	5.000011e-01	2.099170e+00
