768
0	7.227643e-02	2.067362e-01	1.398632e+00
1	5.855145e-01	5.612308e-01	1.108451e+00
2	4.623312e-01	5.622051e-01	2.925745e+00
3	4.702536e-01	5.176431e-01	2.732291e+00
4	3.394152e-01	3.983565e-01	1.257938e+00
5	5.661881e-01	6.027591e-01	2.424524e+00
6	8.212357e-01	9.739647e-01	1.383000e+00
7	4.672102e-01	4.776825e-01	2.705911e+00
8	4.676236e-01	4.677339e-01	2.442110e+00
9	4.751366e-01	5.181829e-01	2.233024e+00
10	3.934124e-01	4.727788e-01	2.376649e+00
11	4.640133e-01	5.070865e-01	1.556913e+00
12	3.723404e-01	3.895544e-01	2.950171e+00
13	4.992931e-01	3.619582e-01	1.066439e+00
14	4.724551e-01	5.191480e-01	1.626282e+00
15	5.110776e-01	7.347729e-01	1.306790e+00
16	4.745798e-01	5.169010e-01	2.902296e+00
17	6.046513e-01	3.690871e-01	1.195408e+00
18	4.368883e-01	4.592039e-01	1.785540e+00
19	4.468836e-01	4.874728e-01	1.248168e+00
20	4.967079e-01	4.935529e-01	1.863703e+00
21	5.070405e-01	6.491581e-01	2.671715e+00
22	4.833873e-01	5.245772e-01	2.487054e+00
23	4.598287e-01	6.277999e-01	1.946751e+00
24	5.948633e-01	4.395276e-01	1.303859e+00
25	7.607361e-01	7.233324e-01	2.152907e+00
26	4.652281e-01	5.261105e-01	1.388862e+00
27	4.701162e-01	5.002934e-01	1.591109e+00
28	4.770957e-01	4.756827e-01	2.205667e+00
29	4.853479e-01	5.512955e-01	2.181241e+00
30	5.335637e-01	5.295167e-01	1.475818e+00
31	4.518110e-01	5.589243e-01	2.309233e+00
32	5.069124e-01	5.407001e-01	2.073766e+00
33	6.212944e-01	6.752734e-01	2.331705e+00
34	4.589252e-01	4.926204e-01	1.126038e+00
35	4.011382e-01	4.073475e-01	2.235955e+00
36	1.667554e-01	5.306905e-01	2.805569e+00
37	4.787149e-01	5.084820e-01	2.555447e+00
38	4.713941e-01	5.088532e-01	2.559355e+00
39	4.818335e-01	5.312442e-01	1.895945e+00
40	5.195273e-01	5.539619e-01	1.282364e+00
41	5.421927e-01	5.876564e-01	2.750855e+00
42	4.782566e-01	5.169311e-01	2.412799e+00
43	4.913425e-01	5.202492e-01	2.557401e+00
44	4.446524e-01	3.978790e-01	1.648754e+00
45	5.308963e-01	4.748365e-01	1.721055e+00
46	4.351650e-01	4.041560e-01	2.588666e+00
47	4.678285e-01	5.299671e-01	1.525647e+00
48	4.750132e-01	5.235693e-01	2.751832e+00
49	4.918363e-01	7.593497e-01	2.625794e+00
50	4.437097e-01	4.394827e-01	1.663410e+00
51	4.673716e-01	5.108582e-01	2.560332e+00
52	4.493279e-01	4.986972e-01	1.696629e+00
53	4.534975e-01	5.315946e-01	1.506106e+00
54	4.741094e-01	5.060987e-01	2.675623e+00
55	4.582035e-01	6.040422e-01	2.497802e+00
56	5.814894e-01	6.447662e-01	1.031265e+00
57	4.346460e-01	6.707241e-01	2.361993e+00
58	4.874657e-01	5.861813e-01	1.866634e+00
60	7.083592e-01	7.280267e-01	1.503175e+00
61	5.244578e-01	5.148603e-01	2.449927e+00
62	4.904330e-01	5.457258e-01	2.831949e+00
63	4.911795e-01	5.251230e-01	2.317049e+00
64	4.743378e-01	5.235917e-01	2.353200e+00
65	4.754497e-01	5.153274e-01	2.575965e+00
66	4.717348e-01	3.807454e-01	2.922814e+00
67	5.344971e-01	6.706876e-01	2.289692e+00
68	4.213158e-01	4.815522e-01	2.766488e+00
69	5.516907e-01	5.137893e-01	1.522716e+00
70	4.177456e-01	5.813728e-01	2.769419e+00
71	4.819929e-01	5.262977e-01	1.110405e+00
72	5.270945e-01	5.395315e-01	1.412311e+00
73	4.660120e-01	6.027866e-01	1.951637e+00
74	3.778160e-01	7.290591e-01	1.449438e+00
75	5.463161e-01	6.940536e-01	2.176356e+00
76	4.543365e-01	4.658724e-01	1.212995e+00
77	4.992930e-01	5.127907e-01	1.872496e+00
78	4.670492e-01	5.136166e-01	1.606742e+00
79	4.136525e-01	3.715268e-01	1.183683e+00
80	4.445653e-01	4.461081e-01	2.736199e+00
81	4.762272e-01	5.170324e-01	1.617489e+00
82	5.087885e-01	6.226032e-01	2.456766e+00
83	4.682963e-01	5.425450e-01	1.406448e+00
84	4.633488e-01	4.878590e-01	2.453835e+00
85	4.703966e-01	5.157600e-01	2.712750e+00
86	4.678260e-01	5.051071e-01	2.877870e+00
87	4.502133e-01	3.003340e-01	1.533464e+00
88	4.699628e-01	5.553064e-01	2.169516e+00
89	3.781485e-01	4.282115e-01	2.483146e+00
90	3.783259e-01	4.363476e-01	1.538349e+00
91	5.008750e-01	5.299069e-01	1.117245e+00
92	4.422574e-01	5.035835e-01	2.709819e+00
93	4.911448e-01	4.945669e-01	2.929653e+00
94	4.279974e-01	4.715722e-01	2.125550e+00
95	3.565210e-01	6.027933e-01	2.148999e+00
96	4.557673e-01	5.505553e-01	1.206155e+00
98	4.751245e-01	5.186154e-01	1.997557e+00
99	5.006271e-01	5.156414e-01	1.753298e+00
100	4.860905e-01	5.147029e-01	1.491451e+00
101	4.774973e-01	5.168960e-01	2.381534e+00
102	5.121103e-01	5.554634e-01	1.837323e+00
103	4.938405e-01	4.268551e-01	2.723498e+00
104	4.851309e-01	3.361852e-01	1.216903e+00
105	4.999702e-01	5.359862e-01	1.385931e+00
107	4.821259e-01	5.007072e-01	1.887152e+00
108	3.859071e-01	7.079928e-01	1.869565e+00
109	4.241336e-01	4.920780e-01	2.657059e+00
110	4.527420e-01	6.024216e-01	1.905716e+00
111	4.599483e-01	5.492256e-01	2.319980e+00
113	4.691223e-01	5.301616e-01	1.155349e+00
114	4.666953e-01	5.180619e-01	1.261847e+00
115	5.112790e-01	6.664377e-01	1.308745e+00
116	6.297836e-01	2.482238e-01	1.148510e+00
117	4.521282e-01	4.751820e-01	1.865657e+00
118	4.870971e-01	5.650786e-01	2.988276e+00
119	5.078311e-01	4.277067e-01	1.479726e+00
120	4.233696e-01	4.444557e-01	2.095261e+00
121	5.093397e-01	5.185369e-01	2.442110e+00
122	5.825436e-01	5.424615e-01	1.070347e+00
123	5.127268e-01	5.696613e-01	1.417196e+00
124	4.586391e-01	4.999759e-01	2.817294e+00
126	4.339426e-01	4.931301e-01	2.738153e+00
127	4.005984e-01	4.269608e-01	2.338544e+00
128	5.807955e-01	7.741568e-01	1.282364e+00
129	4.803963e-01	4.941609e-01	2.676600e+00
130	5.650101e-01	7.691451e-01	2.443087e+00
132	3.551762e-01	3.552716e-01	1.220811e+00
133	3.390701e-01	6.184816e-01	2.407914e+00
134	4.571340e-01	4.233719e-01	2.277968e+00
135	4.563775e-01	5.267105e-01	2.409868e+00
136	4.661850e-01	5.574510e-01	2.083537e+00
137	4.057271e-01	5.307227e-01	2.286761e+00
138	7.067435e-01	2.132526e-01	1.194431e+00
139	4.593134e-01	5.262123e-01	2.818271e+00
140	4.413311e-01	5.976114e-01	2.827064e+00
141	4.901259e-01	5.241524e-01	1.684905e+00
142	4.869883e-01	5.232903e-01	1.999511e+00
143	4.753890e-01	5.293202e-01	1.956522e+00
144	4.167570e-01	5.766617e-01	2.323889e+00
145	4.885446e-01	5.867764e-01	2.501710e+00
146	2.701776e-01	3.822578e-01	2.395213e+00
147	4.074261e-01	5.582034e-01	2.719590e+00
148	4.755421e-01	5.183130e-01	2.937469e+00
149	4.632973e-01	4.653439e-01	2.803615e+00
150	4.637365e-01	6.944236e-01	1.794333e+00
151	4.815579e-01	4.927305e-01	2.611138e+00
152	4.635440e-01	4.897489e-01	1.724963e+00
153	4.711909e-01	5.539596e-01	1.983879e+00
154	4.781957e-01	5.161025e-01	2.181241e+00
155	5.300212e-01	5.384266e-01	1.295066e+00
156	4.440421e-01	4.399633e-01	1.970200e+00
157	4.507819e-01	5.290190e-01	2.387396e+00
158	4.376928e-01	5.002449e-01	2.386419e+00
159	4.160010e-01	5.412264e-01	2.647289e+00
160	4.808130e-01	5.181593e-01	1.686859e+00
161	4.699486e-01	4.940610e-01	1.553981e+00
162	4.258407e-01	4.200118e-01	1.764045e+00
163	3.406039e-01	3.651260e-01	1.632145e+00
164	4.764501e-01	5.195411e-01	1.235467e+00
165	4.589847e-01	4.952316e-01	2.251588e+00
166	4.928281e-01	5.194348e-01	1.751343e+00
167	5.620175e-01	4.240790e-01	1.715193e+00
168	4.770326e-01	5.204617e-01	2.109917e+00
169	4.581764e-01	4.399815e-01	2.137274e+00
170	5.681963e-01	4.594152e-01	2.099170e+00
171	4.270161e-01	4.191256e-01	2.057157e+00
172	4.280171e-01	4.523852e-01	2.246702e+00
173	4.596205e-01	5.164235e-01	1.894968e+00
174	5.178324e-01	5.220252e-01	2.453835e+00
175	5.047453e-01	5.547817e-01	2.834880e+00
176	4.567405e-01	5.781992e-01	2.215437e+00
177	4.613000e-01	5.006121e-01	2.153884e+00
178	4.819352e-01	5.132255e-01	2.475330e+00
179	4.394131e-01	3.512538e-01	1.274548e+00
180	5.157970e-01	5.677264e-01	2.127504e+00
181	4.543394e-01	4.958558e-01	1.790425e+00
182	2.974561e-01	3.991393e-01	1.736688e+00
183	4.107158e-01	4.796592e-01	1.692721e+00
184	4.346923e-01	3.697175e-01	2.042501e+00
185	5.546795e-01	5.430523e-01	1.468979e+00
186	4.450683e-01	5.104946e-01	1.784563e+00
188	4.243086e-01	4.743385e-01	1.839277e+00
189	4.956312e-01	5.195733e-01	1.175867e+00
190	4.818634e-01	5.310021e-01	2.807523e+00
191	4.619218e-01	3.068243e-01	2.811431e+00
192	5.103860e-01	5.486422e-01	1.192477e+00
193	5.558016e-01	4.657757e-01	1.620420e+00
194	3.210993e-01	5.374830e-01	2.624817e+00
195	4.773333e-01	5.176641e-01	2.806546e+00
196	5.610570e-01	6.790847e-01	1.763068e+00
197	3.245568e-01	4.741998e-01	2.060088e+00
198	4.133656e-01	4.794109e-01	2.458720e+00
199	4.606815e-01	4.533861e-01	2.463605e+00
200	6.178292e-01	6.333482e-01	1.141671e+00
201	4.866109e-01	5.136162e-01	1.146556e+00
202	4.176836e-01	4.790304e-01	1.395701e+00
203	5.095246e-01	4.880515e-01	1.755252e+00
204	4.307135e-01	4.810919e-01	2.901319e+00
205	4.242692e-01	3.801943e-01	2.123596e+00
206	4.791258e-01	2.753665e-01	1.652662e+00
207	4.759890e-01	5.256707e-01	1.199316e+00
208	5.080871e-01	5.616213e-01	2.170493e+00
209	5.029521e-01	6.159360e-01	2.733268e+00
210	4.345206e-01	6.411852e-01	1.545188e+00
211	4.989276e-01	5.103043e-01	1.376160e+00
212	4.798829e-01	5.024269e-01	1.621397e+00
213	4.706078e-01	5.302374e-01	1.883244e+00
214	4.527239e-01	5.113170e-01	1.612604e+00
215	4.872904e-01	4.964834e-01	2.909135e+00
216	4.780369e-01	5.239236e-01	1.354665e+00
217	4.705045e-01	5.382878e-01	2.770396e+00
218	5.965517e-01	6.308752e-01	2.148999e+00
219	4.767577e-01	5.596029e-01	2.624817e+00
220	4.663750e-01	4.096669e-01	2.697118e+00
221	5.102252e-01	5.225424e-01	1.938935e+00
222	3.212274e-01	3.028083e-01	1.854910e+00
223	3.710459e-01	5.039902e-01	2.625794e+00
224	4.869487e-01	4.507599e-01	2.984367e+00
225	5.033819e-01	5.893383e-01	2.693210e+00
226	4.579744e-01	4.963997e-01	2.276014e+00
227	4.792364e-01	5.016323e-01	1.245237e+00
228	4.674360e-01	5.163721e-01	1.489497e+00
229	4.647579e-01	5.155799e-01	2.305325e+00
230	4.788536e-01	5.327489e-01	2.689301e+00
231	5.093231e-01	5.493475e-01	1.346849e+00
232	4.570942e-01	4.890714e-01	2.447973e+00
233	4.674978e-01	5.370504e-01	1.591109e+00
234	3.439472e-01	5.271784e-01	1.931119e+00
235	4.355756e-01	4.985082e-01	2.687347e+00
236	4.748488e-01	5.193135e-01	2.787982e+00
237	4.816715e-01	5.280103e-01	1.510015e+00
238	4.480885e-01	5.034681e-01	2.193942e+00
239	4.376875e-01	4.985486e-01	2.918906e+00
240	4.373561e-01	4.705505e-01	1.734734e+00
241	4.432585e-01	4.453496e-01	1.119199e+00
242	3.569321e-01	5.168867e-01	1.631168e+00
243	5.126404e-01	5.409030e-01	1.258915e+00
244	5.367331e-01	6.115854e-01	2.458720e+00
245	4.763115e-01	5.438747e-01	2.134343e+00
246	4.653367e-01	5.158257e-01	2.662921e+00
247	4.735002e-01	5.581429e-01	2.924768e+00
248	4.826546e-01	5.505706e-01	2.983390e+00
250	7.931472e-01	8.037012e-01	2.763556e+00
251	6.684738e-01	6.268398e-01	2.374695e+00
252	4.532114e-01	4.877894e-01	1.703468e+00
253	5.388478e-01	5.776420e-01	1.246214e+00
254	3.624903e-01	3.623873e-01	2.925745e+00
255	4.943200e-01	5.426840e-01	1.857841e+00
256	4.749823e-01	5.071215e-01	2.601368e+00
257	4.598592e-01	5.018324e-01	2.413776e+00
258	4.822423e-01	4.860052e-01	2.569126e+00
259	5.326059e-01	5.824727e-01	1.865657e+00
260	4.749837e-01	5.161558e-01	2.574988e+00
261	4.487175e-01	4.990679e-01	1.598925e+00
262	3.759662e-01	4.072600e-01	2.264289e+00
263	4.242995e-01	4.817884e-01	1.176844e+00
264	4.637087e-01	5.417367e-01	1.061553e+00
265	4.717300e-01	5.107362e-01	2.526136e+00
266	4.688960e-01	5.207764e-01	1.928188e+00
267	5.294596e-01	4.972839e-01	2.006351e+00
268	4.656486e-01	5.127897e-01	1.041036e+00
269	1.704016e-01	4.597722e-01	1.793356e+00
270	4.731242e-01	5.056685e-01	1.860772e+00
271	4.233710e-01	6.034313e-01	1.389839e+00
272	4.836612e-01	5.285881e-01	1.052760e+00
273	5.382392e-01	7.066595e-01	1.156326e+00
274	5.854261e-01	6.298389e-01	1.981925e+00
275	2.771336e-01	3.620810e-01	2.256473e+00
276	4.800789e-01	5.616165e-01	2.368832e+00
277	4.556922e-01	5.477327e-01	2.024915e+00
279	4.362125e-01	4.511203e-01	1.348803e+00
280	4.879069e-01	4.135388e-01	2.472399e+00
281	4.091363e-01	6.978170e-01	2.288715e+00
282	5.273370e-01	5.648356e-01	2.745970e+00
283	4.616670e-01	4.147126e-01	2.490962e+00
284	6.329437e-01	6.643313e-01	2.515388e+00
285	1.471060e-01	4.116316e-01	1.545188e+00
286	4.800907e-01	5.341396e-01	2.662921e+00
287	4.317102e-01	4.495953e-01	2.264289e+00
288	4.254716e-01	4.777482e-01	2.905227e+00
289	4.072660e-01	4.279878e-01	1.058622e+00
290	4.628416e-01	4.370796e-01	2.152907e+00
291	8.169985e-01	9.679433e-01	2.784074e+00
292	4.652673e-01	5.171224e-01	2.445042e+00
293	4.827218e-01	6.339860e-01	2.852467e+00
294	4.320995e-01	4.550538e-01	2.070835e+00
295	5.234741e-01	4.628518e-01	1.406448e+00
296	5.774626e-01	7.595419e-01	1.751343e+00
297	5.022361e-01	5.157657e-01	2.077675e+00
298	4.942380e-01	3.677447e-01	1.601856e+00
299	4.771646e-01	5.492722e-01	2.048363e+00
300	4.111876e-01	4.864754e-01	2.781143e+00
301	4.753855e-01	5.169753e-01	2.779189e+00
302	5.094815e-01	5.823886e-01	2.617978e+00
303	4.819403e-01	5.250961e-01	1.698583e+00
304	4.253166e-01	4.649212e-01	1.948705e+00
305	4.456040e-01	4.999063e-01	1.416219e+00
306	8.456810e-01	2.276758e-01	1.745481e+00
307	4.793231e-01	5.276348e-01	2.291646e+00
308	5.227797e-01	6.770761e-01	1.868588e+00
309	5.339780e-01	4.110027e-01	2.511480e+00
310	4.998070e-01	5.476170e-01	2.596483e+00
311	4.591195e-01	4.584599e-01	2.855398e+00
312	4.867173e-01	5.204009e-01	1.312653e+00
313	5.400735e-01	6.260510e-01	1.787494e+00
314	4.737636e-01	5.185855e-01	2.252565e+00
315	4.833444e-01	5.222068e-01	1.978017e+00
316	6.235084e-01	4.927982e-01	2.965804e+00
317	4.784979e-01	5.167159e-01	2.221299e+00
318	3.371354e-01	4.648064e-01	1.701514e+00
319	4.369049e-01	4.706223e-01	1.135809e+00
320	4.787563e-01	5.526439e-01	2.997069e+00
322	4.830668e-01	4.316520e-01	2.362970e+00
323	4.739163e-01	5.070877e-01	2.553493e+00
324	4.266769e-01	4.983068e-01	1.347826e+00
325	3.627931e-01	3.645901e-01	2.896434e+00
326	4.724404e-01	5.138833e-01	1.857841e+00
327	4.654012e-01	4.266072e-01	1.669272e+00
328	4.834222e-01	5.253674e-01	1.726917e+00
329	5.062777e-01	5.733071e-01	2.604299e+00
330	4.679383e-01	4.021268e-01	2.089399e+00
331	4.852460e-01	4.808427e-01	1.552027e+00
332	4.909515e-01	4.388525e-01	1.769907e+00
333	4.699384e-01	5.227303e-01	1.382022e+00
334	2.365513e-01	3.134378e-01	2.510503e+00
335	4.948103e-01	5.289792e-01	1.640938e+00
336	4.871611e-01	5.279331e-01	2.933561e+00
337	4.156279e-01	3.881797e-01	1.033219e+00
338	5.518209e-01	5.547958e-01	1.408403e+00
339	4.779663e-01	5.061203e-01	2.767465e+00
340	4.912193e-01	5.299474e-01	1.526624e+00
341	4.852739e-01	6.229157e-01	1.456277e+00
342	4.851111e-01	5.292770e-01	1.054714e+00
343	5.038857e-01	5.099234e-01	2.601368e+00
344	3.418714e-01	3.932970e-01	2.193942e+00
346	4.845416e-01	5.368109e-01	1.564729e+00
347	4.819125e-01	4.950928e-01	1.679043e+00
348	5.017883e-01	3.355114e-01	2.034685e+00
349	4.795188e-01	5.364984e-01	2.564240e+00
350	5.215556e-01	6.129535e-01	2.311187e+00
351	5.003867e-01	3.114600e-01	1.297997e+00
352	4.779696e-01	5.126520e-01	2.873962e+00
353	4.449281e-01	3.805709e-01	2.202736e+00
354	4.722732e-01	5.167841e-01	2.653151e+00
355	2.915321e-01	6.176024e-01	2.461651e+00
356	4.842877e-01	5.211542e-01	1.679043e+00
357	5.389702e-01	5.735532e-01	2.991207e+00
358	4.787193e-01	4.804852e-01	2.857352e+00
359	4.494144e-01	4.679841e-01	1.913532e+00
360	4.239857e-01	6.700058e-01	1.216903e+00
361	4.340429e-01	3.724218e-01	1.214949e+00
362	5.600995e-01	5.081411e-01	1.005862e+00
363	4.949585e-01	5.418730e-01	2.227162e+00
364	4.766674e-01	5.281188e-01	1.723009e+00
366	4.928909e-01	4.361856e-01	1.692721e+00
367	4.612716e-01	5.433383e-01	1.154372e+00
368	4.489114e-01	4.995309e-01	1.851001e+00
369	4.763964e-01	5.148025e-01	2.418661e+00
370	4.131764e-01	5.052788e-01	1.874450e+00
371	4.063732e-01	5.088703e-01	1.591109e+00
372	4.664749e-01	4.709522e-01	2.199805e+00
373	4.813658e-01	5.190082e-01	2.208598e+00
374	4.713599e-01	4.685626e-01	1.322423e+00
375	5.184680e-01	5.666583e-01	2.361016e+00
376	5.332352e-01	6.425755e-01	1.815828e+00
377	4.736758e-01	5.158301e-01	1.328285e+00
378	4.936995e-01	5.187105e-01	1.883244e+00
379	5.898924e-01	6.524133e-01	1.599902e+00
380	5.119080e-01	6.274842e-01	2.343429e+00
381	4.578659e-01	4.919906e-01	1.835369e+00
383	5.888614e-01	3.286389e-01	1.698583e+00
384	5.587577e-01	4.097207e-01	2.761602e+00
385	4.105321e-01	8.445208e-01	1.961407e+00
386	4.744308e-01	5.521363e-01	2.449927e+00
387	4.170447e-01	4.447871e-01	2.669761e+00
388	4.661003e-01	4.010730e-01	2.597460e+00
389	4.826016e-01	5.313557e-01	2.960918e+00
390	4.516561e-01	4.940036e-01	1.655594e+00
391	3.950460e-01	4.332507e-01	2.572057e+00
392	4.696246e-01	5.047415e-01	1.234489e+00
393	4.669607e-01	5.553084e-01	1.607719e+00
394	4.723012e-01	5.230524e-01	2.643381e+00
395	5.852550e-01	3.835008e-01	1.233512e+00
397	6.784476e-01	3.443586e-01	1.083048e+00
398	4.933874e-01	3.131768e-01	2.453835e+00
399	4.428326e-01	5.345079e-01	2.169516e+00
400	4.533638e-01	5.035913e-01	1.634099e+00
401	3.996103e-01	3.920791e-01	1.314607e+00
402	5.194762e-01	5.486034e-01	2.292623e+00
403	4.393203e-01	3.681033e-01	1.759160e+00
404	4.111186e-01	4.959794e-01	2.942355e+00
405	4.188472e-01	4.111377e-01	1.358574e+00
406	4.717946e-01	5.004650e-01	1.474841e+00
407	5.545517e-01	5.795360e-01	2.850513e+00
408	5.278675e-01	3.406709e-01	2.543723e+00
409	4.440614e-01	5.170433e-01	1.170005e+00
410	4.745594e-01	5.911128e-01	2.011236e+00
411	4.299238e-01	4.801511e-01	2.982413e+00
412	7.614112e-01	2.027420e-01	1.578407e+00
413	5.160389e-01	5.676897e-01	2.904250e+00
414	4.922592e-01	5.344338e-01	2.948217e+00
415	4.740756e-01	5.108132e-01	1.856864e+00
416	4.388396e-01	4.855629e-01	1.780655e+00
417	4.670917e-01	5.570944e-01	1.223742e+00
418	4.827995e-01	5.051789e-01	2.928676e+00
419	4.755708e-01	5.415604e-01	1.055691e+00
420	4.632861e-01	5.370608e-01	2.823156e+00
421	4.752903e-01	5.173670e-01	2.886663e+00
422	4.758107e-01	4.980930e-01	1.391793e+00
423	4.480013e-01	4.930497e-01	1.467025e+00
424	5.057873e-01	5.568001e-01	1.512946e+00
425	2.422352e-01	4.580203e-01	1.960430e+00
426	2.348294e-01	4.470220e-01	2.254519e+00
427	5.586535e-01	6.178043e-01	2.899365e+00
428	4.670347e-01	5.262175e-01	1.247191e+00
429	4.767873e-01	5.025297e-01	1.802149e+00
430	4.689317e-01	5.511759e-01	1.663410e+00
431	4.857098e-01	3.184502e-01	2.556424e+00
432	4.585152e-02	2.221244e-01	2.947240e+00
433	4.883447e-01	5.309410e-01	2.475330e+00
434	4.861089e-01	5.044204e-01	2.923791e+00
435	4.882971e-01	4.861684e-01	2.906204e+00
437	5.257572e-01	5.486581e-01	2.476307e+00
438	5.154517e-01	4.060409e-01	2.065950e+00
439	4.781797e-01	5.137527e-01	1.983879e+00
440	4.559025e-01	3.777311e-01	1.637030e+00
441	5.230956e-01	3.522952e-01	1.338056e+00
442	4.406631e-01	3.915732e-01	2.406937e+00
443	4.198650e-01	5.450703e-01	1.422081e+00
444	5.030483e-01	6.028521e-01	2.956033e+00
445	4.784037e-01	5.106701e-01	2.601368e+00
446	2.531293e-01	3.418441e-01	1.846116e+00
447	4.623196e-01	4.879336e-01	1.264778e+00
448	5.191896e-01	5.846434e-01	1.119199e+00
449	4.728015e-01	5.244766e-01	1.956522e+00
450	6.127579e-01	2.987114e-01	2.971666e+00
451	4.808685e-01	5.163939e-01	2.149976e+00
452	4.301457e-01	5.506537e-01	1.574499e+00
453	4.119520e-01	3.163115e-01	1.775769e+00
455	4.435907e-01	4.594022e-01	2.984367e+00
456	4.881060e-01	5.450016e-01	1.577430e+00
457	4.863789e-01	5.786305e-01	2.955056e+00
458	4.727768e-01	5.254041e-01	2.865169e+00
459	4.071191e-01	3.935761e-01	1.672203e+00
461	4.050908e-01	8.098908e-01	2.513434e+00
462	4.567086e-01	4.847483e-01	1.853933e+00
463	4.863194e-01	5.785963e-01	2.858329e+00
464	5.562199e-01	6.286902e-01	1.574499e+00
465	4.613128e-01	4.766058e-01	1.432829e+00
466	4.687066e-01	5.203507e-01	1.500244e+00
467	4.637107e-01	5.181770e-01	1.323400e+00
468	4.627018e-01	5.265015e-01	2.147044e+00
469	4.516913e-01	4.974845e-01	2.698095e+00
470	4.854786e-01	5.187312e-01	1.364436e+00
471	3.894386e-01	3.759516e-01	2.076698e+00
472	4.721364e-01	5.202539e-01	2.011236e+00
473	5.804886e-01	6.404468e-01	1.215926e+00
474	4.718593e-01	5.278292e-01	2.299463e+00
475	5.115570e-01	4.674682e-01	1.683928e+00
476	4.615974e-01	5.358876e-01	2.081583e+00
477	4.635644e-01	4.836610e-01	2.350269e+00
478	4.601379e-01	5.130725e-01	2.728383e+00
479	5.179688e-01	5.986569e-01	1.194431e+00
480	5.046011e-01	3.303090e-01	2.515388e+00
481	3.838588e-01	2.638783e-01	1.865657e+00
482	4.783045e-01	4.902991e-01	1.802149e+00
483	4.384542e-01	4.885062e-01	1.367367e+00
484	5.651097e-01	6.023632e-01	1.148510e+00
485	4.417512e-01	3.952678e-01	2.427455e+00
486	4.463292e-01	6.373581e-01	2.196873e+00
487	4.199353e-01	4.905381e-01	2.386419e+00
488	4.406770e-01	4.728950e-01	1.294089e+00
489	4.592506e-01	5.140916e-01	1.687836e+00
490	5.700510e-01	4.656282e-01	1.146556e+00
491	4.589223e-01	7.557057e-01	1.597948e+00
492	4.648457e-01	5.564016e-01	2.412799e+00
493	4.764661e-01	5.162470e-01	1.227650e+00
494	5.701479e-01	5.909828e-01	2.522228e+00
495	5.100704e-01	5.546294e-01	1.437714e+00
496	5.237239e-01	5.721259e-01	1.523693e+00
497	5.507493e-01	4.196575e-01	1.221788e+00
498	4.664300e-01	4.595794e-01	1.652662e+00
499	3.886118e-01	4.142166e-01	1.269663e+00
500	4.811730e-01	5.184267e-01	2.967758e+00
501	4.650300e-01	5.162181e-01	2.546654e+00
502	4.868409e-01	1.883954e-01	1.818759e+00
503	4.369953e-01	4.967991e-01	1.919394e+00
504	4.606204e-01	5.020583e-01	2.563263e+00
505	4.501407e-01	3.501630e-01	1.451392e+00
506	5.692176e-01	5.089473e-01	1.718124e+00
507	4.786592e-01	5.092573e-01	1.207132e+00
508	4.685740e-01	5.145327e-01	1.236444e+00
509	4.634354e-01	5.188880e-01	2.622863e+00
510	3.009460e-01	6.402104e-01	2.549585e+00
511	4.775265e-01	5.129319e-01	2.966781e+00
512	5.470776e-01	6.321813e-01	2.395213e+00
513	5.339141e-01	5.289169e-01	1.534441e+00
514	3.092313e-01	3.575676e-01	1.550073e+00
515	4.096595e-01	4.446363e-01	1.610650e+00
516	4.134120e-01	8.196948e-01	1.612604e+00
517	4.867864e-01	5.270964e-01	1.086957e+00
518	4.534384e-01	4.422920e-01	2.282853e+00
519	4.854344e-01	5.615315e-01	1.573522e+00
520	5.013775e-01	5.228354e-01	2.497802e+00
521	4.804723e-01	5.342902e-01	1.752320e+00
523	4.626960e-01	5.410548e-01	1.209086e+00
524	4.473888e-01	3.835976e-01	2.755740e+00
525	5.609174e-01	6.375824e-01	1.499267e+00
526	4.908220e-01	5.375427e-01	1.014656e+00
527	6.827174e-01	7.284859e-01	2.891549e+00
528	4.879970e-01	5.368350e-01	2.478261e+00
529	4.274068e-01	3.331547e-01	1.898876e+00
530	4.899302e-01	5.072955e-01	1.188569e+00
531	4.885158e-01	5.484674e-01	2.785051e+00
532	4.761773e-01	5.102917e-01	2.945286e+00
533	5.603658e-01	5.976255e-01	2.458720e+00
534	5.358113e-01	5.622611e-01	2.673669e+00
535	4.548844e-01	5.266597e-01	1.399609e+00
536	5.053640e-01	5.721674e-01	2.604299e+00
537	4.677644e-01	5.114361e-01	1.529555e+00
538	4.740919e-01	5.120612e-01	2.823156e+00
539	4.768713e-01	5.355242e-01	2.826087e+00
540	4.066350e-01	4.519303e-01	2.844651e+00
541	5.012802e-01	4.777364e-01	2.290669e+00
542	4.772845e-01	5.543412e-01	2.570103e+00
543	4.486135e-01	5.100249e-01	2.396190e+00
544	4.083836e-01	5.558465e-01	1.318515e+00
545	4.596139e-01	4.888954e-01	2.605276e+00
546	3.216326e-01	3.341435e-01	2.683439e+00
547	6.441541e-01	6.290060e-01	1.587201e+00
548	4.802108e-01	6.009222e-01	1.375183e+00
549	5.198283e-01	5.403255e-01	2.298486e+00
550	5.168197e-01	6.968872e-01	1.285296e+00
551	4.690747e-01	5.063617e-01	2.983390e+00
552	3.943817e-01	7.339464e-01	1.195408e+00
553	4.800981e-01	5.372827e-01	2.414753e+00
554	3.658377e-01	5.898774e-01	1.843185e+00
555	4.190128e-01	4.969195e-01	2.396190e+00
556	4.921839e-01	4.778004e-01	3.000000e+00
557	4.646892e-01	5.360945e-01	2.728383e+00
559	4.638186e-01	4.961476e-01	1.944797e+00
560	4.009846e-01	7.213634e-01	2.883732e+00
561	6.145591e-01	6.147289e-01	2.383488e+00
562	5.871906e-01	5.313121e-01	2.506595e+00
563	4.723419e-01	5.547232e-01	1.786517e+00
564	5.074797e-01	4.529735e-01	2.893503e+00
565	4.725972e-01	5.134771e-01	2.981436e+00
566	4.677145e-01	4.560655e-01	2.663898e+00
567	5.006234e-01	5.486893e-01	2.227162e+00
568	4.950697e-01	5.287078e-01	1.527601e+00
569	5.581594e-01	7.004693e-01	2.610161e+00
570	7.367304e-01	4.259394e-01	1.058622e+00
571	4.980238e-01	5.506410e-01	2.782120e+00
573	4.770293e-01	5.304088e-01	2.109917e+00
574	4.585492e-01	4.810661e-01	2.074744e+00
575	4.755155e-01	5.083788e-01	2.319003e+00
576	4.312875e-01	5.178148e-01	1.290181e+00
577	5.699321e-01	5.366542e-01	1.286273e+00
578	4.384912e-01	4.614236e-01	1.881290e+00
579	4.739216e-01	5.106363e-01	1.664387e+00
580	2.350861e-01	2.149374e-01	1.242306e+00
581	4.009571e-01	4.967626e-01	1.927211e+00
582	4.720517e-01	5.173921e-01	2.820225e+00
583	4.610659e-01	5.901277e-01	2.792868e+00
584	4.878253e-01	5.113195e-01	1.201270e+00
585	5.245337e-01	5.955290e-01	1.898876e+00
586	4.645998e-01	5.156267e-01	1.782609e+00
587	5.022092e-01	5.306032e-01	1.561798e+00
588	4.782901e-01	5.187703e-01	2.282853e+00
589	4.440669e-01	4.440117e-01	2.210552e+00
590	5.262111e-01	4.839815e-01	1.020518e+00
591	4.310343e-01	4.480319e-01	1.784563e+00
592	4.785945e-01	5.163339e-01	1.275525e+00
593	4.514853e-01	5.264968e-01	1.212995e+00
594	4.676325e-01	4.850293e-01	2.964827e+00
595	4.635006e-01	5.067978e-01	2.079629e+00
596	4.916509e-01	5.709192e-01	1.187592e+00
597	4.602541e-01	5.779641e-01	1.258915e+00
598	4.315456e-01	4.727262e-01	1.999511e+00
599	4.704468e-01	5.095633e-01	1.264778e+00
600	4.616752e-01	4.926939e-01	1.110405e+00
601	4.995530e-01	5.660858e-01	1.107474e+00
602	4.917364e-01	5.370068e-01	1.070347e+00
603	4.734095e-01	5.118502e-01	2.400098e+00
604	5.077932e-01	5.783331e-01	2.871031e+00
605	4.793532e-01	5.200070e-01	2.739130e+00
606	4.627630e-01	5.570156e-01	2.061065e+00
607	2.059578e-01	3.729199e-01	1.073278e+00
608	4.402421e-01	4.607423e-01	2.799707e+00
609	4.933695e-01	6.261944e-01	2.010259e+00
610	5.362849e-01	4.892032e-01	1.700537e+00
611	4.856311e-01	5.317501e-01	1.339033e+00
612	5.281799e-01	5.299691e-01	2.227162e+00
613	5.720345e-01	3.435562e-01	2.482169e+00
614	4.806730e-01	5.150237e-01	2.958964e+00
615	3.671804e-01	5.208167e-01	1.443576e+00
616	5.998522e-01	5.159905e-01	2.381534e+00
617	5.850491e-01	6.139029e-01	1.971177e+00
618	4.880183e-01	5.307205e-01	2.960918e+00
619	5.298140e-01	7.463648e-01	1.812897e+00
620	4.760243e-01	5.498481e-01	1.170982e+00
621	4.740850e-01	4.346567e-01	1.277479e+00
622	5.121757e-01	6.746637e-01	1.176844e+00
623	5.402288e-01	5.780770e-01	1.636053e+00
624	4.237392e-01	3.952068e-01	2.336590e+00
625	4.328621e-01	5.533866e-01	1.343918e+00
626	4.959992e-01	5.270174e-01	1.905716e+00
627	4.373125e-01	5.070678e-01	1.784563e+00
628	4.809011e-01	5.067772e-01	2.063996e+00
629	4.716535e-01	5.229217e-01	2.497802e+00
630	4.330903e-01	5.719910e-01	2.870054e+00
631	4.429176e-01	4.921471e-01	1.729849e+00
632	4.664488e-01	6.457760e-01	2.290669e+00
633	4.776033e-01	5.142177e-01	2.841720e+00
634	4.798640e-01	5.226142e-01	2.195896e+00
635	4.632650e-01	4.882860e-01	1.601856e+00
636	4.504264e-01	4.538162e-01	2.449927e+00
637	4.872876e-01	5.099129e-01	1.462140e+00
638	4.745314e-01	5.165707e-01	2.041524e+00
639	4.743923e-01	5.194607e-01	2.061065e+00
640	6.116735e-01	6.853460e-01	2.130435e+00
641	3.860435e-01	2.609705e-01	2.205667e+00
642	4.716540e-01	5.127450e-01	2.184172e+00
643	4.339168e-01	5.752201e-01	2.747924e+00
644	2.651580e-01	4.893113e-01	2.909135e+00
645	4.681012e-01	5.103659e-01	2.777235e+00
646	4.661961e-01	5.890252e-01	1.295066e+00
647	4.200584e-01	4.923244e-01	1.050806e+00
648	2.793999e-01	4.610599e-01	1.191500e+00
649	4.753234e-01	5.263385e-01	1.198339e+00
650	4.652176e-01	5.210577e-01	2.656082e+00
651	4.815569e-01	5.299751e-01	1.692721e+00
652	8.329874e-01	7.126467e-01	2.330728e+00
653	4.681667e-01	5.034271e-01	1.906693e+00
654	4.929876e-01	4.893212e-01	2.192965e+00
655	5.353040e-01	5.709958e-01	1.200293e+00
656	4.725729e-01	5.004796e-01	2.361016e+00
657	6.034848e-01	6.558390e-01	2.080606e+00
658	4.817769e-01	5.181235e-01	2.017098e+00
659	4.855984e-01	4.417222e-01	2.191011e+00
660	5.337480e-01	5.828173e-01	1.667318e+00
661	5.945895e-01	6.565262e-01	2.229116e+00
662	5.645706e-01	5.904593e-01	1.188569e+00
663	4.795523e-01	5.452615e-01	2.714704e+00
664	4.659834e-01	4.913054e-01	1.979971e+00
665	4.551559e-01	3.950394e-01	2.954079e+00
666	7.130265e-01	6.112023e-01	1.803127e+00
667	4.704148e-01	4.596764e-01	1.039082e+00
668	3.868363e-01	6.328929e-01	1.893014e+00
669	5.556276e-01	6.291162e-01	1.778701e+00
670	2.682181e-01	3.671039e-01	1.807035e+00
671	4.902023e-01	5.783587e-01	1.102589e+00
672	4.200226e-01	7.651619e-01	1.879336e+00
673	4.724511e-01	4.871410e-01	1.984856e+00
674	4.752549e-01	5.181770e-01	2.238886e+00
675	4.441556e-01	4.937495e-01	2.868100e+00
676	4.649818e-01	5.240067e-01	2.748901e+00
677	3.237619e-01	4.692320e-01	1.578407e+00
678	4.888472e-01	5.470330e-01	1.621397e+00
679	4.738615e-01	5.213733e-01	2.657059e+00
680	4.931212e-01	5.502137e-01	2.404983e+00
681	4.536255e-01	4.784281e-01	2.272106e+00
682	5.157396e-01	6.028261e-01	1.463117e+00
683	4.762579e-01	5.090710e-01	2.316072e+00
684	4.823351e-01	5.321838e-01	2.334636e+00
685	5.652784e-01	5.352768e-01	1.365413e+00
686	3.238293e-01	5.817194e-01	2.105032e+00
687	5.444099e-01	5.209495e-01	1.339033e+00
688	4.678955e-01	5.185968e-01	2.932584e+00
689	4.655468e-01	5.139069e-01	2.378603e+00
690	4.817377e-01	5.204069e-01	1.833415e+00
691	5.354739e-01	6.454754e-01	1.663410e+00
692	4.496872e-01	5.321939e-01	2.251588e+00
693	3.285673e-01	5.053804e-01	1.766976e+00
694	6.155682e-01	6.342514e-01	1.575476e+00
695	4.627450e-01	3.130875e-01	2.771373e+00
696	4.789553e-01	5.199134e-01	2.787005e+00
697	4.762583e-01	5.078326e-01	1.959453e+00
698	4.550352e-01	5.085263e-01	2.187103e+00
699	4.749164e-01	5.158864e-01	2.430386e+00
700	4.506397e-01	4.283850e-01	2.679531e+00
701	4.840747e-01	5.451573e-01	2.191988e+00
702	5.271792e-01	5.537738e-01	2.945286e+00
703	4.893400e-01	5.200727e-01	2.793845e+00
704	4.703174e-01	5.530506e-01	2.132389e+00
705	7.431676e-01	6.261280e-01	1.627259e+00
706	4.783836e-01	5.216164e-01	1.623351e+00
707	4.633945e-01	5.153909e-01	2.772350e+00
708	4.810098e-01	5.274769e-01	1.552027e+00
709	5.147589e-01	5.608257e-01	1.180752e+00
710	4.945714e-01	5.641923e-01	1.632145e+00
711	4.847757e-01	6.583843e-01	1.680997e+00
712	3.606390e-01	3.735376e-01	2.828041e+00
713	5.554170e-01	7.962070e-01	1.703468e+00
714	3.408563e-01	6.897993e-01	1.471910e+00
715	4.518787e-01	5.038448e-01	2.368832e+00
716	4.809020e-01	5.428162e-01	1.961407e+00
717	4.761666e-01	5.166765e-01	1.756229e+00
718	4.671811e-01	4.791093e-01	2.987298e+00
719	4.831120e-01	5.113206e-01	2.332682e+00
720	4.970375e-01	5.326815e-01	1.097704e+00
721	4.440603e-01	4.521036e-01	1.954568e+00
722	4.670140e-01	5.168710e-01	1.704446e+00
723	4.754658e-01	5.184099e-01	1.853933e+00
724	4.055109e-01	4.682941e-01	2.829995e+00
725	4.546693e-01	5.064388e-01	2.232047e+00
726	5.217331e-01	5.953210e-01	2.587689e+00
727	7.196065e-01	2.397169e-01	2.698095e+00
729	4.949433e-01	5.068153e-01	1.212995e+00
730	5.561711e-01	5.071216e-01	1.502198e+00
731	4.788899e-01	5.195894e-01	2.614069e+00
732	4.231429e-01	4.520042e-01	2.880801e+00
733	4.733829e-01	4.888768e-01	1.956522e+00
734	4.592122e-01	3.798862e-01	2.745970e+00
735	7.330242e-01	4.800861e-01	1.179775e+00
736	4.391510e-01	4.995323e-01	1.935027e+00
737	4.518911e-01	5.187118e-01	1.975085e+00
738	5.074779e-01	5.701585e-01	1.067416e+00
739	5.357069e-01	5.353571e-01	2.024915e+00
740	5.648616e-01	5.392694e-01	2.810454e+00
741	5.202122e-01	5.873073e-01	2.428432e+00
742	4.925978e-01	5.054439e-01	1.957499e+00
743	4.113564e-01	4.407543e-01	2.306302e+00
744	4.738045e-01	5.204171e-01	2.557401e+00
745	4.851090e-01	5.402997e-01	1.243283e+00
746	4.745353e-01	4.573504e-01	2.429409e+00
747	4.285430e-01	5.114571e-01	2.523205e+00
748	2.840323e-01	4.199572e-01	2.842697e+00
749	4.746713e-01	5.177727e-01	2.247680e+00
750	4.487137e-01	4.639849e-01	2.000489e+00
751	4.719750e-01	5.189304e-01	2.446019e+00
752	4.721028e-01	5.161592e-01	2.360039e+00
753	3.786012e-01	5.715460e-01	2.567171e+00
754	4.566871e-01	5.021441e-01	2.415730e+00
755	4.464437e-01	5.035278e-01	1.989741e+00
756	4.714687e-01	5.148576e-01	2.908158e+00
757	5.799798e-01	2.949777e-01	2.731314e+00
758	4.692626e-01	5.165032e-01	2.544700e+00
759	4.750174e-01	5.172726e-01	2.890572e+00
760	4.762890e-01	5.193081e-01	1.654617e+00
761	4.822718e-01	5.159341e-01	1.008793e+00
762	4.132214e-01	4.675556e-01	1.260870e+00
763	6.255161e-01	5.632777e-01	1.347826e+00
764	4.868836e-01	5.356416e-01	1.325354e+00
765	4.698474e-01	5.227908e-01	1.420127e+00
766	4.728343e-01	5.402802e-01	2.845628e+00
767	4.648750e-01	5.448586e-01	1.853933e+00
768	4.634193e-01	5.073405e-01	1.303859e+00
769	4.458455e-01	4.765455e-01	1.294089e+00
770	7.891220e-01	1.377963e-01	1.675134e+00
771	4.052450e-01	5.416289e-01	2.417684e+00
772	5.164005e-01	5.568013e-01	2.053249e+00
773	4.531685e-01	5.210296e-01	1.276502e+00
774	5.479742e-01	2.546225e-01	2.779189e+00
775	4.230573e-01	3.979437e-01	1.984856e+00
776	5.120036e-01	2.958471e-01	2.295554e+00
777	4.684022e-01	5.115586e-01	1.652662e+00
778	4.683587e-01	5.063523e-01	2.464582e+00
779	4.728322e-01	5.204583e-01	1.763068e+00
780	4.372391e-01	4.976071e-01	2.026869e+00
781	4.857729e-01	5.511778e-01	1.160234e+00
782	3.770123e-01	4.791250e-01	2.302394e+00
783	4.620342e-01	5.407509e-01	1.384954e+00
784	4.844475e-01	5.916555e-01	2.598437e+00
785	4.449640e-01	5.961452e-01	2.130435e+00
786	4.579499e-01	5.382489e-01	1.690767e+00
787	4.427366e-01	5.271482e-01	1.940889e+00
788	4.805699e-01	5.282822e-01	2.099170e+00
