789
0	9.414941e-01	4.374769e-01	1.398632e+00
1	3.304695e-01	4.373371e-01	1.108451e+00
2	4.939101e-01	5.392769e-01	2.925745e+00
3	4.729204e-01	6.102394e-01	2.732291e+00
4	5.048699e-01	4.084275e-01	1.257938e+00
5	5.077709e-01	4.137532e-01	2.424524e+00
6	4.730649e-01	6.151930e-01	1.383000e+00
7	4.973953e-01	5.080408e-01	2.705911e+00
8	4.745917e-01	4.901393e-01	2.442110e+00
9	4.830946e-01	5.239237e-01	2.233024e+00
10	4.650576e-01	4.725042e-01	2.376649e+00
11	4.802380e-01	5.509712e-01	1.556913e+00
12	4.788348e-01	5.452056e-01	2.950171e+00
13	4.813341e-01	5.250341e-01	1.066439e+00
14	4.762657e-01	5.227048e-01	1.626282e+00
15	6.140961e-01	5.834280e-01	1.306790e+00
16	4.786274e-01	5.225444e-01	2.902296e+00
17	4.437110e-01	6.455624e-01	1.195408e+00
18	4.649975e-01	5.246050e-01	1.785540e+00
19	4.653228e-01	5.551695e-01	1.248168e+00
20	4.850049e-01	5.615993e-01	1.863703e+00
21	4.142091e-01	4.198679e-01	2.671715e+00
22	4.754090e-01	5.332695e-01	2.487054e+00
23	4.062629e-01	6.738067e-01	1.946751e+00
24	3.899222e-01	5.986050e-01	1.303859e+00
25	3.868404e-01	6.765729e-01	2.152907e+00
26	4.848334e-01	4.925625e-01	1.388862e+00
27	4.789633e-01	5.122480e-01	1.591109e+00
28	4.869732e-01	5.617595e-01	2.205667e+00
29	4.637571e-01	5.098857e-01	2.181241e+00
30	5.925094e-01	5.705813e-01	1.475818e+00
31	4.039499e-01	4.475793e-01	2.309233e+00
32	4.983704e-01	4.840365e-01	2.073766e+00
33	4.691657e-01	3.565483e-01	2.331705e+00
34	4.599922e-01	5.529620e-01	1.126038e+00
35	4.485683e-01	5.217312e-01	2.235955e+00
36	6.217736e-01	6.944039e-01	2.805569e+00
37	5.203932e-01	5.356012e-01	2.555447e+00
38	4.871476e-01	5.091841e-01	2.559355e+00
39	4.869596e-01	5.025205e-01	1.895945e+00
40	4.817849e-01	5.421622e-01	1.282364e+00
41	5.016857e-01	4.089828e-01	2.750855e+00
42	4.804199e-01	5.146889e-01	2.412799e+00
43	4.516703e-01	5.049972e-01	2.557401e+00
44	4.839789e-01	5.762814e-01	1.648754e+00
45	4.864698e-01	6.265309e-01	1.721055e+00
46	4.976353e-01	4.282313e-01	2.588666e+00
47	4.489931e-01	5.017732e-01	1.525647e+00
48	4.819550e-01	5.229331e-01	2.751832e+00
49	4.927863e-01	5.497129e-01	2.625794e+00
50	4.819557e-01	6.380367e-01	1.663410e+00
51	4.793409e-01	5.203886e-01	2.560332e+00
52	4.807729e-01	4.962136e-01	1.696629e+00
53	4.845904e-01	5.083794e-01	1.506106e+00
54	4.729570e-01	5.195017e-01	2.675623e+00
55	4.559645e-01	5.829240e-01	2.497802e+00
56	4.571740e-01	5.837015e-01	1.031265e+00
57	5.229332e-01	4.145793e-01	2.361993e+00
58	5.225936e-01	4.041071e-01	1.866634e+00
59	7.155754e-01	7.574971e-01	2.930630e+00
60	5.672759e-01	8.116819e-01	1.503175e+00
61	4.526858e-01	5.336830e-01	2.449927e+00
62	4.895503e-01	5.269140e-01	2.831949e+00
63	4.689944e-01	5.135204e-01	2.317049e+00
64	4.913229e-01	5.091326e-01	2.353200e+00
65	4.828720e-01	5.232864e-01	2.575965e+00
66	6.006114e-01	5.685642e-01	2.922814e+00
67	4.928010e-01	4.860102e-01	2.289692e+00
68	5.270471e-01	5.824440e-01	2.766488e+00
69	5.020392e-01	4.285692e-01	1.522716e+00
70	4.435264e-01	5.215854e-01	2.769419e+00
71	4.776854e-01	5.083978e-01	1.110405e+00
72	4.819972e-01	4.723970e-01	1.412311e+00
73	6.967480e-01	4.643596e-01	1.951637e+00
74	4.606063e-01	4.661880e-01	1.449438e+00
75	2.629189e-01	5.088670e-01	2.176356e+00
76	4.823479e-01	6.426518e-01	1.212995e+00
77	4.867130e-01	5.370990e-01	1.872496e+00
78	4.769693e-01	5.658284e-01	1.606742e+00
79	4.714741e-01	5.860709e-01	1.183683e+00
80	4.782951e-01	6.181237e-01	2.736199e+00
81	4.787519e-01	5.198144e-01	1.617489e+00
82	4.506086e-01	4.164888e-01	2.456766e+00
83	5.058583e-01	5.921828e-01	1.406448e+00
84	3.903139e-01	5.808707e-01	2.453835e+00
85	4.752973e-01	5.173343e-01	2.712750e+00
86	4.712309e-01	5.298787e-01	2.877870e+00
87	5.186097e-01	7.131562e-01	1.533464e+00
88	4.325057e-01	4.232688e-01	2.169516e+00
89	5.629720e-01	2.978346e-01	2.483146e+00
90	4.604375e-01	6.479023e-01	1.538349e+00
91	4.940778e-01	5.235292e-01	1.117245e+00
92	4.845094e-01	4.955621e-01	2.709819e+00
93	4.152241e-01	5.991207e-01	2.929653e+00
94	4.511529e-01	5.710272e-01	2.125550e+00
95	4.659253e-01	4.978109e-01	2.148999e+00
96	4.864065e-01	4.950430e-01	1.206155e+00
97	7.253667e-01	4.377970e-01	2.689301e+00
98	4.712774e-01	5.291555e-01	1.997557e+00
99	4.193452e-01	4.222641e-01	1.753298e+00
100	4.860560e-01	5.318793e-01	1.491451e+00
101	4.772184e-01	5.235480e-01	2.381534e+00
102	4.488423e-01	4.210075e-01	1.837323e+00
103	4.356627e-01	6.162845e-01	2.723498e+00
104	4.894811e-01	6.230471e-01	1.216903e+00
105	4.868934e-01	4.690280e-01	1.385931e+00
106	1.794626e-01	4.457352e-01	1.094773e+00
107	4.660487e-01	5.357172e-01	1.887152e+00
108	3.381289e-01	5.389344e-01	1.869565e+00
109	3.303856e-01	4.317290e-01	2.657059e+00
110	4.693953e-01	4.453070e-01	1.905716e+00
111	5.199633e-01	5.407515e-01	2.319980e+00
112	1.788198e-01	3.605056e-01	1.549096e+00
113	6.958653e-01	4.104870e-01	1.155349e+00
114	4.715108e-01	5.671639e-01	1.261847e+00
115	4.625193e-01	5.222571e-01	1.308745e+00
116	6.812437e-02	2.821064e-01	1.148510e+00
117	4.853512e-01	4.681638e-01	1.865657e+00
118	4.853149e-01	6.191361e-01	2.988276e+00
119	5.224987e-01	5.791774e-01	1.479726e+00
120	4.814892e-01	4.754863e-01	2.095261e+00
121	4.529897e-01	6.526788e-01	2.442110e+00
122	6.435301e-01	6.698851e-01	1.070347e+00
123	5.404007e-01	5.713652e-01	1.417196e+00
124	4.700969e-01	5.329456e-01	2.817294e+00
125	5.376661e-01	8.444668e-01	1.164143e+00
126	4.537515e-01	6.510348e-01	2.738153e+00
127	3.449935e-01	3.169200e-01	2.338544e+00
128	6.816328e-01	7.309004e-01	1.282364e+00
129	4.904416e-01	5.059479e-01	2.676600e+00
130	6.822171e-01	7.315144e-01	2.443087e+00
131	8.432778e-01	7.184268e-02	2.375672e+00
132	2.941485e-01	4.267909e-01	1.220811e+00
133	2.496579e-01	5.198742e-01	2.407914e+00
134	4.914108e-01	6.311078e-01	2.277968e+00
135	4.666898e-01	5.240065e-01	2.409868e+00
136	4.975819e-01	5.310343e-01	2.083537e+00
137	5.890836e-01	5.762714e-01	2.286761e+00
138	2.437396e-01	5.070521e-01	1.194431e+00
139	4.754135e-01	5.380078e-01	2.818271e+00
140	5.143851e-01	4.153623e-01	2.827064e+00
141	4.798186e-01	5.117160e-01	1.684905e+00
142	4.921451e-01	4.945349e-01	1.999511e+00
143	4.806864e-01	5.057254e-01	1.956522e+00
144	5.232661e-01	5.782602e-01	2.323889e+00
145	4.719366e-01	4.330583e-01	2.501710e+00
146	3.951174e-01	4.713624e-01	2.395213e+00
147	4.041794e-01	4.162023e-01	2.719590e+00
148	4.777642e-01	5.199992e-01	2.937469e+00
149	4.752122e-01	4.119563e-01	2.803615e+00
150	4.823634e-01	5.103912e-01	1.794333e+00
151	4.659223e-01	5.237347e-01	2.611138e+00
152	4.610380e-01	4.721096e-01	1.724963e+00
153	4.929781e-01	5.211286e-01	1.983879e+00
154	4.843491e-01	5.246312e-01	2.181241e+00
155	4.533307e-01	4.675548e-01	1.295066e+00
156	4.874143e-01	5.633220e-01	1.970200e+00
157	5.119120e-01	5.246684e-01	2.387396e+00
158	5.996457e-01	4.996772e-01	2.386419e+00
159	4.550020e-01	4.675818e-01	2.647289e+00
160	4.840074e-01	5.101914e-01	1.686859e+00
161	4.965361e-01	5.060846e-01	1.553981e+00
162	4.525703e-01	6.371378e-01	1.764045e+00
163	4.749500e-01	3.708430e-01	1.632145e+00
164	4.768793e-01	5.201187e-01	1.235467e+00
165	4.807138e-01	5.174780e-01	2.251588e+00
166	5.037419e-01	5.013461e-01	1.751343e+00
167	5.908060e-01	4.900583e-01	1.715193e+00
168	4.797499e-01	5.253785e-01	2.109917e+00
169	4.769543e-01	4.438643e-01	2.137274e+00
170	5.892302e-01	5.748839e-01	2.099170e+00
171	4.850069e-01	6.212462e-01	2.057157e+00
172	5.169720e-01	5.144325e-01	2.246702e+00
173	4.723373e-01	5.680507e-01	1.894968e+00
174	5.113267e-01	5.297497e-01	2.453835e+00
175	4.750161e-01	5.466730e-01	2.834880e+00
176	5.246205e-01	5.167406e-01	2.215437e+00
177	4.854999e-01	4.957642e-01	2.153884e+00
178	4.759203e-01	5.140644e-01	2.475330e+00
179	4.847181e-01	5.568915e-01	1.274548e+00
180	4.701738e-01	5.553354e-01	2.127504e+00
181	4.937864e-01	5.262797e-01	1.790425e+00
182	7.062509e-01	6.492776e-01	1.736688e+00
183	5.070712e-01	4.112501e-01	1.692721e+00
184	5.152233e-01	4.055793e-01	2.042501e+00
185	5.138609e-01	4.123268e-01	1.468979e+00
186	5.227240e-01	5.070897e-01	1.784563e+00
187	9.353874e-01	8.392542e-01	2.653151e+00
188	4.911418e-01	5.318190e-01	1.839277e+00
189	4.700155e-01	5.340338e-01	1.175867e+00
190	3.872383e-01	6.004840e-01	2.807523e+00
191	6.254246e-01	4.008369e-01	2.811431e+00
192	4.899928e-01	5.341292e-01	1.192477e+00
193	2.042786e-01	5.179631e-01	1.620420e+00
194	2.209377e-01	5.348889e-01	2.624817e+00
195	4.781113e-01	5.267548e-01	2.806546e+00
196	4.853221e-01	4.756817e-01	1.763068e+00
197	2.966631e-01	1.656106e-01	2.060088e+00
198	4.115229e-01	5.784608e-01	2.458720e+00
199	5.144271e-01	4.020334e-01	2.463605e+00
200	3.029001e-01	3.404090e-01	1.141671e+00
201	4.767957e-01	5.166991e-01	1.146556e+00
202	5.043867e-01	4.023233e-01	1.395701e+00
203	4.513154e-01	5.374695e-01	1.755252e+00
204	4.758481e-01	4.805671e-01	2.901319e+00
205	5.195111e-01	4.137430e-01	2.123596e+00
206	3.162812e-01	3.505176e-01	1.652662e+00
207	4.834664e-01	5.126261e-01	1.199316e+00
208	4.596564e-01	5.590807e-01	2.170493e+00
209	4.950167e-01	5.604184e-01	2.733268e+00
210	4.586650e-01	4.796636e-01	1.545188e+00
211	5.088185e-01	5.223795e-01	1.376160e+00
212	4.912692e-01	5.187157e-01	1.621397e+00
213	4.895719e-01	5.268304e-01	1.883244e+00
214	4.777649e-01	5.373129e-01	1.612604e+00
215	4.967426e-01	5.394277e-01	2.909135e+00
216	4.857761e-01	4.942161e-01	1.354665e+00
217	4.937388e-01	5.258573e-01	2.770396e+00
218	3.897349e-01	4.757864e-01	2.148999e+00
219	4.596258e-01	5.685968e-01	2.624817e+00
220	3.870542e-01	5.636057e-01	2.697118e+00
221	5.246145e-01	5.027472e-01	1.938935e+00
222	7.286785e-01	4.992360e-01	1.854910e+00
223	4.444115e-01	4.229013e-01	2.625794e+00
224	4.851975e-01	6.312441e-01	2.984367e+00
225	4.853723e-01	6.653652e-01	2.693210e+00
226	4.779343e-01	5.207780e-01	2.276014e+00
227	4.774684e-01	6.095592e-01	1.245237e+00
228	4.768225e-01	5.124337e-01	1.489497e+00
229	4.891923e-01	5.197337e-01	2.305325e+00
230	4.781037e-01	5.483925e-01	2.689301e+00
231	4.980858e-01	4.797040e-01	1.346849e+00
232	4.754372e-01	5.609048e-01	2.447973e+00
233	4.878248e-01	5.141903e-01	1.591109e+00
234	2.626344e-01	5.168184e-01	1.931119e+00
235	4.706724e-01	5.291743e-01	2.687347e+00
236	4.784491e-01	5.194783e-01	2.787982e+00
237	4.843862e-01	4.984547e-01	1.510015e+00
238	4.697351e-01	4.988879e-01	2.193942e+00
239	4.875221e-01	4.677412e-01	2.918906e+00
240	4.978775e-01	4.684380e-01	1.734734e+00
241	4.693302e-01	5.360416e-01	1.119199e+00
242	3.823305e-01	5.044765e-01	1.631168e+00
243	5.187640e-01	5.882100e-01	1.258915e+00
244	4.682552e-01	5.283602e-01	2.458720e+00
245	4.139183e-01	4.223347e-01	2.134343e+00
246	4.778526e-01	5.270837e-01	2.662921e+00
247	4.831768e-01	5.665545e-01	2.924768e+00
248	5.259075e-01	5.544424e-01	2.983390e+00
249	6.899447e-01	6.242504e-02	2.305325e+00
250	6.691888e-01	2.253582e-01	2.763556e+00
251	6.509787e-01	1.272010e-01	2.374695e+00
252	5.081148e-01	5.195932e-01	1.703468e+00
253	4.823068e-01	5.102981e-01	1.246214e+00
254	5.270496e-01	4.021869e-01	2.925745e+00
255	4.868441e-01	5.120441e-01	1.857841e+00
256	4.857565e-01	4.915645e-01	2.601368e+00
257	4.842444e-01	4.676287e-01	2.413776e+00
258	5.113157e-01	5.149127e-01	2.569126e+00
259	2.389316e-01	5.164859e-01	1.865657e+00
260	4.759818e-01	5.266395e-01	2.574988e+00
261	4.803179e-01	5.317809e-01	1.598925e+00
262	6.166724e-01	5.252490e-01	2.264289e+00
263	3.798137e-01	5.799384e-01	1.176844e+00
264	4.598113e-01	6.395938e-01	1.061553e+00
265	4.784162e-01	5.126926e-01	2.526136e+00
266	4.693528e-01	6.078825e-01	1.928188e+00
267	4.586742e-01	5.093631e-01	2.006351e+00
268	4.812486e-01	4.881089e-01	1.041036e+00
269	5.955751e-01	6.094202e-01	1.793356e+00
270	5.028143e-01	4.090723e-01	1.860772e+00
271	5.055414e-01	6.381455e-01	1.389839e+00
272	4.734559e-01	5.343244e-01	1.052760e+00
273	5.025214e-01	4.067957e-01	1.156326e+00
274	4.285969e-01	4.265789e-01	1.981925e+00
275	6.913795e-01	7.430590e-01	2.256473e+00
276	4.698403e-01	5.104397e-01	2.368832e+00
277	5.021654e-01	5.137120e-01	2.024915e+00
278	6.767391e-01	7.345410e-01	1.266732e+00
279	4.872001e-01	5.694948e-01	1.348803e+00
280	4.352588e-01	4.180878e-01	2.472399e+00
281	4.393944e-01	5.396209e-01	2.288715e+00
282	4.786299e-01	4.376634e-01	2.745970e+00
283	4.812696e-01	5.368803e-01	2.490962e+00
284	4.270074e-01	4.250662e-01	2.515388e+00
285	5.193380e-01	5.738032e-01	1.545188e+00
286	4.814767e-01	5.374460e-01	2.662921e+00
287	5.012014e-01	4.431649e-01	2.264289e+00
288	4.555629e-01	4.105511e-01	2.905227e+00
289	4.433939e-01	4.216191e-01	1.058622e+00
290	3.898306e-01	5.404239e-01	2.152907e+00
291	7.296043e-01	9.924133e-02	2.784074e+00
292	4.724305e-01	5.323462e-01	2.445042e+00
293	2.410722e-01	3.757506e-01	2.852467e+00
294	4.772817e-01	4.519560e-01	2.070835e+00
295	5.370810e-01	5.775248e-01	1.406448e+00
296	4.223628e-01	7.701122e-01	1.751343e+00
297	5.151831e-01	5.489558e-01	2.077675e+00
298	2.633760e-01	4.204374e-01	1.601856e+00
299	4.829573e-01	5.459883e-01	2.048363e+00
300	4.441034e-01	4.226719e-01	2.781143e+00
301	4.783672e-01	5.249958e-01	2.779189e+00
302	5.049802e-01	4.018782e-01	2.617978e+00
303	5.146110e-01	4.405934e-01	1.698583e+00
304	2.662766e-01	4.105541e-01	1.948705e+00
305	4.805883e-01	5.177183e-01	1.416219e+00
306	3.732552e-01	2.818150e-01	1.745481e+00
307	4.753638e-01	5.404547e-01	2.291646e+00
308	4.798764e-02	3.938752e-01	1.868588e+00
309	4.943025e-01	6.371500e-01	2.511480e+00
310	4.716214e-01	5.349706e-01	2.596483e+00
311	4.717804e-01	6.279090e-01	2.855398e+00
312	4.711711e-01	4.829462e-01	1.312653e+00
313	5.040855e-01	4.077096e-01	1.787494e+00
314	4.775567e-01	5.257101e-01	2.252565e+00
315	5.032191e-01	4.369452e-01	1.978017e+00
316	4.454946e-01	4.478690e-01	2.965804e+00
317	4.827856e-01	5.013806e-01	2.221299e+00
318	6.080111e-01	4.136673e-01	1.701514e+00
319	4.765569e-01	5.893283e-01	1.135809e+00
320	4.653064e-01	4.721586e-01	2.997069e+00
321	7.020724e-01	5.962381e-02	2.470445e+00
322	4.272665e-01	4.251368e-01	2.362970e+00
323	4.800249e-01	5.331357e-01	2.553493e+00
324	4.713544e-01	4.832393e-01	1.347826e+00
325	1.807777e-01	6.605158e-02	2.896434e+00
326	4.852842e-01	5.214403e-01	1.857841e+00
327	3.765965e-01	4.902091e-01	1.669272e+00
328	4.857568e-01	5.163801e-01	1.726917e+00
329	4.951540e-01	4.131236e-01	2.604299e+00
330	4.928358e-01	5.402372e-01	2.089399e+00
331	5.299927e-01	5.107299e-01	1.552027e+00
332	4.876008e-01	6.393570e-01	1.769907e+00
333	4.721109e-01	5.748619e-01	1.382022e+00
334	5.110929e-01	4.057579e-01	2.510503e+00
335	5.250478e-01	5.195626e-01	1.640938e+00
336	4.814573e-01	4.921848e-01	2.933561e+00
337	4.522108e-01	4.731589e-01	1.033219e+00
338	3.768025e-01	5.074672e-01	1.408403e+00
339	4.709987e-01	5.266088e-01	2.767465e+00
340	4.807042e-01	5.177819e-01	1.526624e+00
341	5.217822e-01	4.150364e-01	1.456277e+00
342	4.617533e-01	5.090222e-01	1.054714e+00
343	4.153611e-01	6.029017e-01	2.601368e+00
344	4.288326e-01	4.310206e-01	2.193942e+00
345	8.008793e-01	1.855447e-01	2.321935e+00
346	4.871073e-01	5.109926e-01	1.564729e+00
347	4.767026e-01	5.254205e-01	1.679043e+00
348	4.964751e-01	5.464247e-01	2.034685e+00
349	4.677805e-01	5.119098e-01	2.564240e+00
350	4.121345e-01	3.820832e-01	2.311187e+00
351	4.004493e-01	6.025239e-01	1.297997e+00
352	4.761375e-01	5.137017e-01	2.873962e+00
353	4.754329e-01	5.181351e-01	2.202736e+00
354	4.826027e-01	5.153879e-01	2.653151e+00
355	3.775623e-01	3.005683e-01	2.461651e+00
356	4.862096e-01	4.941852e-01	1.679043e+00
357	4.286065e-01	4.247241e-01	2.991207e+00
358	5.276554e-01	4.075760e-01	2.857352e+00
359	4.942869e-01	6.703138e-01	1.913532e+00
360	4.237587e-01	4.508325e-01	1.216903e+00
361	3.036039e-01	7.296982e-01	1.214949e+00
362	5.371605e-01	5.725774e-01	1.005862e+00
363	4.753474e-01	4.888068e-01	2.227162e+00
364	4.977777e-01	4.983151e-01	1.723009e+00
365	4.224557e-01	8.403376e-01	1.491451e+00
366	4.103694e-01	5.137720e-01	1.692721e+00
367	4.694113e-01	4.977520e-01	1.154372e+00
368	4.710051e-01	5.293429e-01	1.851001e+00
369	4.774110e-01	5.288521e-01	2.418661e+00
370	5.840565e-01	5.779405e-01	1.874450e+00
371	4.964418e-01	6.364467e-01	1.591109e+00
372	4.494156e-01	5.148234e-01	2.199805e+00
373	6.397880e-01	6.640422e-01	2.208598e+00
374	5.039560e-01	4.714460e-01	1.322423e+00
375	5.088478e-01	4.152338e-01	2.361016e+00
376	3.718609e-01	5.684834e-01	1.815828e+00
377	4.784978e-01	5.203262e-01	1.328285e+00
378	4.712460e-01	5.279709e-01	1.883244e+00
379	8.301488e-01	9.242430e-01	1.599902e+00
380	5.432575e-01	3.869729e-01	2.343429e+00
381	4.685849e-01	5.546878e-01	1.835369e+00
382	1.497658e-01	8.494620e-01	1.065462e+00
383	5.465866e-01	5.127378e-01	1.698583e+00
384	3.924031e-01	4.514394e-01	2.761602e+00
385	6.894161e-01	4.029945e-01	1.961407e+00
386	3.745988e-01	4.971770e-01	2.449927e+00
387	4.996529e-01	4.780537e-01	2.669761e+00
388	4.036082e-01	4.242230e-01	2.597460e+00
389	4.803263e-01	5.050108e-01	2.960918e+00
390	4.760741e-01	5.342998e-01	1.655594e+00
391	4.709118e-01	5.731944e-01	2.572057e+00
392	4.888021e-01	4.939694e-01	1.234489e+00
393	5.239677e-01	5.029841e-01	1.607719e+00
394	4.764075e-01	5.232640e-01	2.643381e+00
395	3.446564e-01	7.654251e-01	1.233512e+00
396	1.844881e-01	3.543407e-01	2.058134e+00
397	6.825174e-01	5.399286e-01	1.083048e+00
398	2.435192e-01	3.704722e-01	2.453835e+00
399	5.437492e-01	5.485320e-01	2.169516e+00
400	4.661921e-01	6.418665e-01	1.634099e+00
401	5.254193e-01	4.854176e-01	1.314607e+00
402	4.937966e-01	4.975874e-01	2.292623e+00
403	4.051859e-01	4.335095e-01	1.759160e+00
404	5.597848e-01	6.305141e-01	2.942355e+00
405	4.691981e-01	6.217894e-01	1.358574e+00
406	4.901801e-01	4.715630e-01	1.474841e+00
407	3.352564e-01	1.905852e-01	2.850513e+00
408	5.861757e-01	4.956815e-01	2.543723e+00
409	4.885916e-01	5.006653e-01	1.170005e+00
410	4.723567e-01	5.496311e-01	2.011236e+00
411	3.754599e-01	5.115847e-01	2.982413e+00
412	1.289427e-01	4.372084e-01	1.578407e+00
413	4.601765e-01	6.372007e-01	2.904250e+00
414	4.864778e-01	4.914024e-01	2.948217e+00
415	4.760782e-01	5.186707e-01	1.856864e+00
416	4.763658e-01	5.674609e-01	1.780655e+00
417	4.670919e-01	5.225541e-01	1.223742e+00
418	4.966752e-01	5.340290e-01	2.928676e+00
419	4.523971e-01	4.964105e-01	1.055691e+00
420	4.959013e-01	5.398808e-01	2.823156e+00
421	4.766313e-01	5.268065e-01	2.886663e+00
422	4.811307e-01	5.359662e-01	1.391793e+00
423	5.457633e-01	4.585799e-01	1.467025e+00
424	4.680703e-01	5.708449e-01	1.512946e+00
425	3.325122e-01	1.910908e-01	1.960430e+00
426	3.389326e-01	1.892485e-01	2.254519e+00
427	4.389256e-01	4.226858e-01	2.899365e+00
428	4.962592e-01	4.952744e-01	1.247191e+00
429	4.706232e-01	5.234261e-01	1.802149e+00
430	4.776910e-01	5.385934e-01	1.663410e+00
431	4.291194e-01	4.293474e-01	2.556424e+00
432	3.395100e-01	1.913340e-01	2.947240e+00
433	4.585184e-01	5.218291e-01	2.475330e+00
434	4.607463e-01	4.794166e-01	2.923791e+00
435	5.942278e-01	5.663652e-01	2.906204e+00
436	5.443234e-02	9.051022e-01	2.668784e+00
437	4.595911e-01	5.591134e-01	2.476307e+00
438	5.865244e-01	5.983157e-01	2.065950e+00
439	4.766912e-01	5.247463e-01	1.983879e+00
440	4.672485e-01	4.230308e-01	1.637030e+00
441	4.960813e-01	5.185711e-01	1.338056e+00
442	4.891544e-01	4.046491e-01	2.406937e+00
443	2.190391e-01	5.318924e-01	1.422081e+00
444	5.050531e-01	4.101556e-01	2.956033e+00
445	4.770434e-01	5.121188e-01	2.601368e+00
446	4.665150e-01	5.594452e-01	1.846116e+00
447	4.770503e-01	5.311897e-01	1.264778e+00
448	4.744255e-01	6.370516e-01	1.119199e+00
449	4.760044e-01	5.670463e-01	1.956522e+00
450	2.397967e-01	3.732464e-01	2.971666e+00
451	4.819720e-01	5.262988e-01	2.149976e+00
452	3.915816e-01	4.441857e-01	1.574499e+00
453	5.135804e-01	4.205548e-01	1.775769e+00
454	9.243173e-01	6.423470e-01	1.542257e+00
455	4.780557e-01	5.591689e-01	2.984367e+00
456	4.745259e-01	5.392505e-01	1.577430e+00
457	6.029320e-01	5.042462e-01	2.955056e+00
458	5.191185e-01	5.440441e-01	2.865169e+00
459	5.099327e-01	6.272411e-01	1.672203e+00
460	6.791486e-01	7.325630e-01	1.198339e+00
461	5.141414e-01	5.577309e-01	2.513434e+00
462	5.156813e-01	4.291457e-01	1.853933e+00
463	4.534955e-01	5.643524e-01	2.858329e+00
464	3.763442e-01	4.974004e-01	1.574499e+00
465	5.331979e-01	5.700399e-01	1.432829e+00
466	4.631854e-01	5.252488e-01	1.500244e+00
467	4.910985e-01	5.024152e-01	1.323400e+00
468	4.665479e-01	5.361285e-01	2.147044e+00
469	4.960550e-01	5.373437e-01	2.698095e+00
470	4.938421e-01	5.261964e-01	1.364436e+00
471	4.729096e-01	6.399023e-01	2.076698e+00
472	4.817524e-01	5.211468e-01	2.011236e+00
473	5.665483e-01	7.271129e-01	1.215926e+00
474	4.850244e-01	5.155058e-01	2.299463e+00
475	4.419756e-01	4.463553e-01	1.683928e+00
476	4.502136e-01	5.205246e-01	2.081583e+00
477	4.574681e-01	5.617532e-01	2.350269e+00
478	2.704972e-01	2.464832e-01	2.728383e+00
479	5.194577e-01	6.500262e-01	1.194431e+00
480	5.331172e-01	5.768139e-01	2.515388e+00
481	3.056673e-01	7.149664e-01	1.865657e+00
482	5.252082e-01	5.820581e-01	1.802149e+00
483	4.754128e-01	6.348075e-01	1.367367e+00
484	5.072732e-01	4.155408e-01	1.148510e+00
485	5.692904e-01	7.261228e-01	2.427455e+00
486	4.499648e-01	6.526415e-01	2.196873e+00
487	4.536071e-01	4.590645e-01	2.386419e+00
488	4.671384e-01	5.455698e-01	1.294089e+00
489	4.339198e-01	6.112413e-01	1.687836e+00
490	5.367486e-01	5.703126e-01	1.146556e+00
491	4.295628e-01	5.588869e-01	1.597948e+00
492	5.124508e-01	5.430176e-01	2.412799e+00
493	5.177051e-01	4.057197e-01	1.227650e+00
494	5.324571e-01	5.795733e-01	2.522228e+00
495	4.851880e-01	6.224518e-01	1.437714e+00
496	4.901078e-01	5.138717e-01	1.523693e+00
497	5.688819e-01	6.087880e-01	1.221788e+00
498	4.452465e-01	4.275091e-01	1.652662e+00
499	5.354829e-01	5.820680e-01	1.269663e+00
500	4.767334e-01	5.233773e-01	2.967758e+00
501	4.649129e-01	5.243989e-01	2.546654e+00
502	5.722323e-01	5.235524e-01	1.818759e+00
503	4.774790e-01	5.447697e-01	1.919394e+00
504	4.934577e-01	5.267204e-01	2.563263e+00
505	4.918366e-01	5.724838e-01	1.451392e+00
506	3.621385e-01	5.562295e-01	1.718124e+00
507	4.760633e-01	5.166936e-01	1.207132e+00
508	4.858800e-01	4.933260e-01	1.236444e+00
509	4.384439e-01	5.543762e-01	2.622863e+00
510	3.668312e-01	4.972364e-01	2.549585e+00
511	4.764018e-01	5.235805e-01	2.966781e+00
512	5.905520e-01	5.901126e-01	2.395213e+00
513	4.780434e-01	4.773608e-01	1.534441e+00
514	4.773959e-01	4.936849e-01	1.550073e+00
515	5.039714e-01	4.034166e-01	1.610650e+00
516	4.392955e-01	5.579117e-01	1.612604e+00
517	4.705089e-01	5.346331e-01	1.086957e+00
518	3.905900e-01	4.755526e-01	2.282853e+00
519	1.184613e-01	8.007858e-02	1.573522e+00
520	4.762795e-01	4.975401e-01	2.497802e+00
521	4.866954e-01	5.361771e-01	1.752320e+00
522	3.382602e-01	2.587369e-01	1.589155e+00
523	4.810590e-01	5.024987e-01	1.209086e+00
524	4.575171e-01	5.948205e-01	2.755740e+00
525	5.981377e-01	5.054620e-01	1.499267e+00
526	4.812796e-01	5.430055e-01	1.014656e+00
527	5.533166e-01	8.072254e-01	2.891549e+00
528	4.735531e-01	5.449010e-01	2.478261e+00
529	3.341416e-01	4.344337e-01	1.898876e+00
530	4.944452e-01	5.240216e-01	1.188569e+00
531	4.807837e-01	5.175956e-01	2.785051e+00
532	4.787154e-01	5.172440e-01	2.945286e+00
533	4.600651e-01	6.178976e-01	2.458720e+00
534	4.142911e-01	4.226764e-01	2.673669e+00
535	4.533581e-01	5.371420e-01	1.399609e+00
536	4.534838e-01	5.643073e-01	2.604299e+00
537	4.737437e-01	5.224182e-01	1.529555e+00
538	4.768963e-01	5.203948e-01	2.823156e+00
539	4.309557e-01	4.213988e-01	2.826087e+00
540	4.760187e-01	5.466672e-01	2.844651e+00
541	4.872694e-01	5.232448e-01	2.290669e+00
542	4.627129e-01	5.595008e-01	2.570103e+00
543	4.514828e-01	5.618900e-01	2.396190e+00
544	3.728973e-01	4.952741e-01	1.318515e+00
545	4.958741e-01	5.235055e-01	2.605276e+00
546	3.360232e-01	4.304286e-01	2.683439e+00
547	4.258606e-01	5.002465e-01	1.587201e+00
548	5.193327e-01	6.114019e-01	1.375183e+00
549	4.759921e-01	6.105560e-01	2.298486e+00
550	4.949276e-01	5.521989e-01	1.285296e+00
551	4.841690e-01	5.214225e-01	2.983390e+00
552	7.389900e-01	5.903683e-01	1.195408e+00
553	4.929355e-01	4.948475e-01	2.414753e+00
554	5.227207e-01	4.845705e-01	1.843185e+00
555	3.625300e-01	5.056441e-01	2.396190e+00
556	2.478375e-01	5.132010e-01	3.000000e+00
557	4.826491e-01	5.086010e-01	2.728383e+00
558	1.823795e-01	4.498717e-01	1.133854e+00
559	4.715692e-01	5.320956e-01	1.944797e+00
560	4.144759e-01	4.247935e-01	2.883732e+00
561	5.171738e-01	4.279326e-01	2.383488e+00
562	5.907265e-01	4.872026e-01	2.506595e+00
563	4.739506e-01	5.256564e-01	1.786517e+00
564	3.801616e-01	5.075201e-01	2.893503e+00
565	4.741351e-01	5.284863e-01	2.981436e+00
566	4.413026e-01	4.221510e-01	2.663898e+00
567	5.042225e-01	4.850095e-01	2.227162e+00
568	4.646719e-01	5.226984e-01	1.527601e+00
569	5.422143e-01	6.451222e-01	2.610161e+00
570	3.254032e-01	6.269640e-01	1.058622e+00
571	4.760566e-01	5.470657e-01	2.782120e+00
572	3.511387e-01	8.421230e-01	1.518808e+00
573	4.761301e-01	4.905679e-01	2.109917e+00
574	4.741710e-01	5.523304e-01	2.074744e+00
575	4.718504e-01	5.522462e-01	2.319003e+00
576	4.353874e-01	4.318876e-01	1.290181e+00
577	4.529208e-01	5.554383e-01	1.286273e+00
578	4.871976e-01	5.649363e-01	1.881290e+00
579	4.728526e-01	5.177788e-01	1.664387e+00
580	1.814750e-01	9.704220e-01	1.242306e+00
581	5.020442e-01	5.423272e-01	1.927211e+00
582	4.809624e-01	5.270186e-01	2.820225e+00
583	3.938995e-01	3.535521e-01	2.792868e+00
584	5.014635e-01	5.104699e-01	1.201270e+00
585	4.787976e-01	5.804704e-01	1.898876e+00
586	4.740011e-01	5.277738e-01	1.782609e+00
587	4.705621e-01	5.104021e-01	1.561798e+00
588	4.791570e-01	5.189263e-01	2.282853e+00
589	4.773683e-01	5.162526e-01	2.210552e+00
590	4.439024e-01	5.741643e-01	1.020518e+00
591	4.741374e-01	5.490018e-01	1.784563e+00
592	4.789855e-01	5.168940e-01	1.275525e+00
593	4.595269e-01	5.133284e-01	1.212995e+00
594	5.201218e-01	3.986518e-01	2.964827e+00
595	4.821514e-01	5.172110e-01	2.079629e+00
596	5.243023e-01	4.906288e-01	1.187592e+00
597	4.771884e-01	5.494218e-01	1.258915e+00
598	4.814045e-01	4.708789e-01	1.999511e+00
599	4.783363e-01	5.264580e-01	1.264778e+00
600	4.703519e-01	5.708979e-01	1.110405e+00
601	4.384550e-01	4.365941e-01	1.107474e+00
602	5.205131e-01	4.736327e-01	1.070347e+00
603	4.674365e-01	5.165483e-01	2.400098e+00
604	4.584068e-01	4.814307e-01	2.871031e+00
605	4.746291e-01	5.274963e-01	2.739130e+00
606	4.572546e-01	5.168888e-01	2.061065e+00
607	6.022389e-01	6.287727e-01	1.073278e+00
608	5.040607e-01	4.834733e-01	2.799707e+00
609	4.840539e-01	5.156138e-01	2.010259e+00
610	5.068131e-01	6.220810e-01	1.700537e+00
611	4.872348e-01	4.978663e-01	1.339033e+00
612	2.440880e-01	5.115069e-01	2.227162e+00
613	2.189614e-01	4.481873e-01	2.482169e+00
614	4.704881e-01	5.275345e-01	2.958964e+00
615	4.403713e-01	4.444955e-01	1.443576e+00
616	3.864498e-01	5.537448e-01	2.381534e+00
617	3.403626e-01	4.342200e-01	1.971177e+00
618	4.860354e-01	4.945493e-01	2.960918e+00
619	2.170083e-01	3.277639e-02	1.812897e+00
620	4.457151e-01	5.057749e-01	1.170982e+00
621	4.906672e-01	5.312522e-01	1.277479e+00
622	5.198821e-01	4.854312e-01	1.176844e+00
623	3.271358e-01	4.398358e-01	1.636053e+00
624	5.062504e-01	3.988956e-01	2.336590e+00
625	5.141746e-01	5.129864e-01	1.343918e+00
626	4.851146e-01	5.065630e-01	1.905716e+00
627	5.249264e-01	5.630746e-01	1.784563e+00
628	4.799442e-01	5.090032e-01	2.063996e+00
629	4.663385e-01	5.215055e-01	2.497802e+00
630	2.541445e-01	5.155498e-01	2.870054e+00
631	4.671321e-01	5.567288e-01	1.729849e+00
632	4.980590e-01	5.747022e-01	2.290669e+00
633	4.782041e-01	5.220636e-01	2.841720e+00
634	4.780560e-01	5.271261e-01	2.195896e+00
635	4.416580e-01	4.219627e-01	1.601856e+00
636	4.683158e-01	4.358714e-01	2.449927e+00
637	4.486029e-01	5.004573e-01	1.462140e+00
638	4.786355e-01	5.229203e-01	2.041524e+00
639	4.781470e-01	5.196413e-01	2.061065e+00
640	5.041658e-01	6.382345e-01	2.130435e+00
641	3.935387e-01	6.700104e-01	2.205667e+00
642	4.738326e-01	5.320301e-01	2.184172e+00
643	5.256106e-01	5.525098e-01	2.747924e+00
644	5.466253e-01	4.684693e-01	2.909135e+00
645	4.716051e-01	5.341519e-01	2.777235e+00
646	4.715084e-01	5.391544e-01	1.295066e+00
647	4.680833e-01	5.274043e-01	1.050806e+00
648	5.151982e-01	4.070728e-01	1.191500e+00
649	4.773754e-01	5.118575e-01	1.198339e+00
650	4.665583e-01	5.116499e-01	2.656082e+00
651	4.534015e-01	5.636403e-01	1.692721e+00
652	3.835213e-01	6.770240e-01	2.330728e+00
653	4.763069e-01	5.411284e-01	1.906693e+00
654	4.925448e-01	5.289589e-01	2.192965e+00
655	4.871814e-01	4.214356e-01	1.200293e+00
656	4.527035e-01	5.046446e-01	2.361016e+00
657	5.228436e-01	5.799553e-01	2.080606e+00
658	4.640315e-01	5.255081e-01	2.017098e+00
659	4.415190e-01	5.511967e-01	2.191011e+00
660	3.325893e-01	1.863948e-01	1.667318e+00
661	5.212022e-01	5.809419e-01	2.229116e+00
662	5.121488e-01	5.238072e-01	1.188569e+00
663	4.777759e-01	4.868151e-01	2.714704e+00
664	4.615747e-01	5.374137e-01	1.979971e+00
665	5.523540e-01	4.492291e-01	2.954079e+00
666	5.006716e-01	7.231241e-02	1.803127e+00
667	4.593531e-01	5.603529e-01	1.039082e+00
668	7.667264e-02	5.629540e-01	1.893014e+00
669	4.465941e-01	4.226294e-01	1.778701e+00
670	1.781738e-01	9.200334e-01	1.807035e+00
671	4.714562e-01	5.561896e-01	1.102589e+00
672	4.941026e-01	5.184483e-01	1.879336e+00
673	4.411945e-01	4.784224e-01	1.984856e+00
674	4.780868e-01	5.199425e-01	2.238886e+00
675	4.781750e-01	5.072470e-01	2.868100e+00
676	4.807405e-01	5.323979e-01	2.748901e+00
677	5.272457e-01	5.666601e-01	1.578407e+00
678	4.782137e-01	5.185457e-01	1.621397e+00
679	4.823854e-01	5.240628e-01	2.657059e+00
680	4.931180e-01	5.112596e-01	2.404983e+00
681	4.362368e-01	4.298636e-01	2.272106e+00
682	4.735072e-01	4.830536e-01	1.463117e+00
683	4.711402e-01	5.188078e-01	2.316072e+00
684	4.751990e-01	5.301353e-01	2.334636e+00
685	3.842078e-01	5.110064e-01	1.365413e+00
686	5.450727e-01	4.676320e-01	2.105032e+00
687	5.583693e-01	4.327465e-01	1.339033e+00
688	4.548080e-01	5.401743e-01	2.932584e+00
689	4.848172e-01	5.159814e-01	2.378603e+00
690	4.716166e-01	5.242794e-01	1.833415e+00
691	2.501312e-01	5.196038e-01	1.663410e+00
692	4.958450e-01	5.170949e-01	2.251588e+00
693	5.480690e-01	4.649173e-01	1.766976e+00
694	3.479933e-01	3.311162e-01	1.575476e+00
695	3.403770e-01	7.565834e-01	2.771373e+00
696	4.652191e-01	5.164768e-01	2.787005e+00
697	4.720215e-01	5.324468e-01	1.959453e+00
698	4.598643e-01	5.698551e-01	2.187103e+00
699	4.759726e-01	5.264310e-01	2.430386e+00
700	4.752382e-01	6.303937e-01	2.679531e+00
701	4.295358e-01	4.245216e-01	2.191988e+00
702	4.693665e-01	6.308171e-01	2.945286e+00
703	4.937731e-01	5.261105e-01	2.793845e+00
704	4.643044e-01	5.063945e-01	2.132389e+00
705	4.267905e-01	4.076937e-01	1.627259e+00
706	4.776037e-01	5.338798e-01	1.623351e+00
707	4.992312e-01	5.229547e-01	2.772350e+00
708	4.713820e-01	5.306293e-01	1.552027e+00
709	6.864377e-01	4.936778e-01	1.180752e+00
710	4.872984e-01	4.667588e-01	1.632145e+00
711	1.113984e-01	1.454532e-01	1.680997e+00
712	4.914258e-01	5.516531e-01	2.828041e+00
713	6.991562e-01	4.130973e-01	1.703468e+00
714	4.012001e-01	6.095337e-01	1.471910e+00
715	4.926651e-01	5.388004e-01	2.368832e+00
716	4.784871e-01	5.148862e-01	1.961407e+00
717	4.774532e-01	5.268548e-01	1.756229e+00
718	5.084587e-01	4.995097e-01	2.987298e+00
719	4.648598e-01	5.256248e-01	2.332682e+00
720	4.940271e-01	5.264903e-01	1.097704e+00
721	4.810601e-01	4.480247e-01	1.954568e+00
722	4.771399e-01	5.262056e-01	1.704446e+00
723	4.776312e-01	5.192587e-01	1.853933e+00
724	4.655448e-01	6.341095e-01	2.829995e+00
725	4.484164e-01	4.735855e-01	2.232047e+00
726	4.662499e-01	5.428649e-01	2.587689e+00
727	7.189022e-01	5.039062e-01	2.698095e+00
728	4.859894e-01	6.092330e-01	1.896922e+00
729	4.735269e-01	6.322491e-01	1.212995e+00
730	5.563098e-01	5.260978e-01	1.502198e+00
731	4.775077e-01	5.221723e-01	2.614069e+00
732	5.282172e-01	5.804428e-01	2.880801e+00
733	4.907461e-01	5.305550e-01	1.956522e+00
734	4.502603e-01	6.368108e-01	2.745970e+00
735	1.565015e-01	9.394588e-01	1.179775e+00
736	5.900522e-01	5.725684e-01	1.935027e+00
737	4.560025e-01	5.346216e-01	1.975085e+00
738	4.851029e-01	5.664583e-01	1.067416e+00
739	5.759864e-01	6.002563e-01	2.024915e+00
740	3.510097e-01	3.271805e-01	2.810454e+00
741	4.899135e-01	4.188873e-01	2.428432e+00
742	4.721991e-01	4.916722e-01	1.957499e+00
743	5.010510e-01	4.749792e-01	2.306302e+00
744	4.844087e-01	5.204338e-01	2.557401e+00
745	4.739227e-01	5.031861e-01	1.243283e+00
746	4.629747e-01	4.743293e-01	2.429409e+00
747	4.926241e-01	5.217004e-01	2.523205e+00
748	5.091890e-01	7.660617e-01	2.842697e+00
749	4.763725e-01	5.268893e-01	2.247680e+00
750	4.816393e-01	4.837195e-01	2.000489e+00
751	4.875450e-01	5.262636e-01	2.446019e+00
752	4.831626e-01	5.147836e-01	2.360039e+00
753	4.990261e-01	5.416350e-01	2.567171e+00
754	4.916280e-01	5.265281e-01	2.415730e+00
755	4.949912e-01	5.167924e-01	1.989741e+00
756	4.774155e-01	5.219593e-01	2.908158e+00
757	5.240106e-01	4.157125e-01	2.731314e+00
758	4.794671e-01	5.181296e-01	2.544700e+00
759	4.785678e-01	5.230876e-01	2.890572e+00
760	4.819781e-01	5.253462e-01	1.654617e+00
761	4.765703e-01	5.146648e-01	1.008793e+00
762	4.660241e-01	5.404645e-01	1.260870e+00
763	4.294163e-01	4.250860e-01	1.347826e+00
764	4.839920e-01	5.144152e-01	1.325354e+00
765	4.882084e-01	5.291964e-01	1.420127e+00
766	3.986584e-01	6.622198e-01	2.845628e+00
767	4.483472e-01	5.061655e-01	1.853933e+00
768	4.833459e-01	5.157739e-01	1.303859e+00
769	5.729648e-01	6.353810e-01	1.294089e+00
770	1.953219e-01	6.642217e-01	1.675134e+00
771	4.530497e-01	4.551401e-01	2.417684e+00
772	4.672938e-01	5.664199e-01	2.053249e+00
773	4.875838e-01	5.027762e-01	1.276502e+00
774	3.246451e-01	4.324179e-01	2.779189e+00
775	5.410231e-01	5.856708e-01	1.984856e+00
776	5.443437e-01	4.793332e-01	2.295554e+00
777	4.774994e-01	5.303427e-01	1.652662e+00
778	4.764826e-01	5.532602e-01	2.464582e+00
779	4.771096e-01	5.221203e-01	1.763068e+00
780	4.845050e-01	5.696777e-01	2.026869e+00
781	5.212355e-01	5.319904e-01	1.160234e+00
782	6.979096e-01	4.139227e-01	2.302394e+00
783	4.607433e-01	5.295061e-01	1.384954e+00
784	4.597639e-01	4.753739e-01	2.598437e+00
785	5.851139e-01	4.594792e-01	2.130435e+00
786	4.791415e-01	5.297184e-01	1.690767e+00
787	5.129023e-01	5.140039e-01	1.940889e+00
788	4.774756e-01	5.318797e-01	2.099170e+00
