770
0	1.442234e-02	2.448812e-01	1.398632e+00
1	5.014872e-01	6.093348e-01	1.108451e+00
2	4.620648e-01	5.224941e-01	2.925745e+00
3	4.252134e-01	4.440401e-01	2.732291e+00
4	5.253391e-01	7.672081e-01	1.257938e+00
5	4.804318e-01	5.412490e-01	2.424524e+00
6	8.133122e-01	9.738032e-01	1.383000e+00
7	4.628786e-01	4.661981e-01	2.705911e+00
8	4.641377e-01	4.642566e-01	2.442110e+00
9	4.653733e-01	5.001370e-01	2.233024e+00
10	4.694996e-01	4.781910e-01	2.376649e+00
11	4.589793e-01	5.010885e-01	1.556913e+00
12	5.143578e-01	6.366546e-01	2.950171e+00
13	5.008762e-01	6.522496e-01	1.066439e+00
14	4.623180e-01	5.008096e-01	1.626282e+00
15	2.422171e-01	4.757763e-01	1.306790e+00
16	4.641990e-01	5.019301e-01	2.902296e+00
17	5.660201e-01	4.980668e-01	1.195408e+00
18	5.278698e-01	5.613985e-01	1.785540e+00
19	4.501981e-01	4.695449e-01	1.248168e+00
20	4.656783e-01	4.721542e-01	1.863703e+00
21	4.300857e-01	4.792647e-01	2.671715e+00
22	4.595935e-01	4.964517e-01	2.487054e+00
23	3.153840e-01	2.880479e-01	1.946751e+00
24	4.055947e-01	4.106014e-01	1.303859e+00
25	7.083809e-01	6.616196e-01	2.152907e+00
26	4.814987e-01	4.941607e-01	1.388862e+00
27	4.918273e-01	5.267042e-01	1.591109e+00
28	4.117653e-01	4.321682e-01	2.205667e+00
29	4.434157e-01	4.701250e-01	2.181241e+00
30	5.743250e-01	4.652178e-01	1.475818e+00
31	4.401803e-01	5.537251e-01	2.309233e+00
32	4.296499e-01	4.830081e-01	2.073766e+00
33	2.545789e-01	2.733137e-01	2.331705e+00
34	4.746268e-01	5.209348e-01	1.126038e+00
35	5.069868e-01	3.035302e-01	2.235955e+00
36	5.250300e-01	5.079707e-01	2.805569e+00
37	4.723439e-01	6.362987e-01	2.555447e+00
38	4.760771e-01	5.121110e-01	2.559355e+00
39	4.730679e-01	5.210752e-01	1.895945e+00
40	5.441831e-01	5.659252e-01	1.282364e+00
41	5.166616e-01	6.064534e-01	2.750855e+00
42	4.632058e-01	5.033113e-01	2.412799e+00
43	4.762923e-01	5.172003e-01	2.557401e+00
44	4.101848e-01	4.927602e-01	1.648754e+00
45	4.344855e-01	5.256657e-01	1.721055e+00
46	4.284695e-01	4.285800e-01	2.588666e+00
47	4.817548e-01	4.934443e-01	1.525647e+00
48	4.666709e-01	4.915550e-01	2.751832e+00
49	4.381497e-01	4.096455e-01	2.625794e+00
50	4.349261e-01	3.862767e-01	1.663410e+00
51	4.705318e-01	5.055632e-01	2.560332e+00
52	4.631990e-01	5.182058e-01	1.696629e+00
53	4.471620e-01	5.115977e-01	1.506106e+00
54	4.643536e-01	4.888047e-01	2.675623e+00
55	4.396414e-01	5.013167e-01	2.497802e+00
56	3.352909e-01	3.535103e-01	1.031265e+00
57	3.809270e-01	4.187024e-01	2.361993e+00
58	4.523045e-01	4.899063e-01	1.866634e+00
60	3.943844e-01	2.494712e-01	1.503175e+00
61	5.069910e-01	5.528363e-01	2.449927e+00
62	4.620095e-01	4.836963e-01	2.831949e+00
63	4.815329e-01	5.084857e-01	2.317049e+00
64	4.241859e-01	4.737862e-01	2.353200e+00
65	4.635284e-01	5.018641e-01	2.575965e+00
66	5.761279e-01	4.701298e-01	2.922814e+00
67	4.650933e-01	5.062762e-01	2.289692e+00
68	4.583426e-01	3.833206e-01	2.766488e+00
69	5.153850e-01	6.181010e-01	1.522716e+00
70	5.384588e-01	5.042393e-01	2.769419e+00
71	4.714454e-01	4.964830e-01	1.110405e+00
72	4.306909e-01	4.710106e-01	1.412311e+00
73	5.042812e-01	2.772263e-01	1.951637e+00
74	5.912887e-01	4.974540e-01	1.449438e+00
75	5.292399e-01	3.485164e-01	2.176356e+00
76	5.067152e-01	5.810547e-01	1.212995e+00
77	4.546053e-01	4.937932e-01	1.872496e+00
78	4.677784e-01	5.096557e-01	1.606742e+00
79	5.360532e-01	5.266518e-01	1.183683e+00
80	4.856822e-01	5.644180e-01	2.736199e+00
81	4.661590e-01	5.014371e-01	1.617489e+00
82	5.177420e-01	5.676879e-01	2.456766e+00
83	5.731565e-01	6.034710e-01	1.406448e+00
84	4.435076e-01	6.082373e-01	2.453835e+00
85	4.697691e-01	4.991304e-01	2.712750e+00
86	4.641176e-01	5.018590e-01	2.877870e+00
87	6.055713e-01	6.189761e-01	1.533464e+00
88	4.521122e-01	4.928157e-01	2.169516e+00
89	4.780483e-01	6.471754e-01	2.483146e+00
90	4.015774e-01	4.285348e-01	1.538349e+00
91	4.527565e-01	5.021285e-01	1.117245e+00
92	4.410350e-01	4.883384e-01	2.709819e+00
93	4.741881e-01	4.722921e-01	2.929653e+00
94	3.663243e-01	4.789367e-01	2.125550e+00
95	6.829042e-01	5.392056e-01	2.148999e+00
96	4.637462e-01	5.009115e-01	1.206155e+00
98	4.625699e-01	4.912863e-01	1.997557e+00
99	5.003269e-01	4.187910e-01	1.753298e+00
100	4.536362e-01	5.054478e-01	1.491451e+00
101	4.668371e-01	5.031270e-01	2.381534e+00
102	5.096022e-01	5.430274e-01	1.837323e+00
103	3.585235e-01	5.186080e-01	2.723498e+00
104	5.262323e-01	7.725437e-01	1.216903e+00
105	4.896699e-01	5.312873e-01	1.385931e+00
107	4.722332e-01	5.147219e-01	1.887152e+00
108	5.400884e-01	5.220826e-01	1.869565e+00
109	5.479791e-01	4.594557e-01	2.657059e+00
110	4.754134e-01	5.593132e-01	1.905716e+00
111	4.343069e-01	5.343120e-01	2.319980e+00
113	3.487558e-01	8.132356e-01	1.155349e+00
114	4.829822e-01	5.292228e-01	1.261847e+00
115	3.978607e-01	4.106293e-01	1.308745e+00
116	4.347026e-01	6.355981e-01	1.148510e+00
117	4.833160e-01	5.405205e-01	1.865657e+00
118	4.851659e-01	5.516024e-01	2.988276e+00
119	4.005058e-01	4.950901e-01	1.479726e+00
120	4.795739e-01	5.196921e-01	2.095261e+00
121	4.987895e-01	6.068764e-01	2.442110e+00
122	2.417462e-01	4.418952e-01	1.070347e+00
123	4.767633e-01	4.730123e-01	1.417196e+00
124	4.838236e-01	5.291926e-01	2.817294e+00
126	4.208856e-01	4.760535e-01	2.738153e+00
127	4.244123e-01	3.730697e-01	2.338544e+00
128	5.205709e-01	8.681699e-01	1.282364e+00
129	4.860188e-01	4.991713e-01	2.676600e+00
130	5.201329e-01	8.505252e-01	2.443087e+00
132	3.123458e-01	4.840228e-01	1.220811e+00
133	5.976930e-01	2.532742e-01	2.407914e+00
134	4.208751e-01	4.320969e-01	2.277968e+00
135	4.501753e-01	5.156131e-01	2.409868e+00
136	4.761767e-01	4.953853e-01	2.083537e+00
137	5.302505e-01	5.574111e-01	2.286761e+00
138	6.799629e-01	1.252168e-01	1.194431e+00
139	4.701575e-01	5.173507e-01	2.818271e+00
140	4.648256e-01	5.127045e-01	2.827064e+00
141	4.312432e-01	5.022120e-01	1.684905e+00
142	4.788397e-01	5.026321e-01	1.999511e+00
143	4.692642e-01	5.172601e-01	1.956522e+00
144	5.570738e-01	5.176543e-01	2.323889e+00
145	5.208510e-01	4.841574e-01	2.501710e+00
146	4.208167e-01	5.282823e-01	2.395213e+00
147	4.919633e-01	6.305864e-01	2.719590e+00
148	4.653811e-01	5.018585e-01	2.937469e+00
149	5.002184e-01	5.261749e-01	2.803615e+00
150	3.597757e-01	3.447587e-01	1.794333e+00
151	4.834015e-01	5.024224e-01	2.611138e+00
152	5.017636e-01	5.382828e-01	1.724963e+00
153	4.686083e-01	5.391535e-01	1.983879e+00
154	4.688817e-01	5.029631e-01	2.181241e+00
155	4.925889e-01	5.500475e-01	1.295066e+00
156	5.568096e-01	5.905589e-01	1.970200e+00
157	4.624640e-01	5.175578e-01	2.387396e+00
158	4.055700e-01	5.621798e-01	2.386419e+00
159	4.887392e-01	4.910950e-01	2.647289e+00
160	4.815572e-01	5.150114e-01	1.686859e+00
161	4.658379e-01	4.948109e-01	1.553981e+00
162	4.057855e-01	4.336392e-01	1.764045e+00
163	7.293720e-01	6.115792e-01	1.632145e+00
164	4.653638e-01	5.010660e-01	1.235467e+00
165	4.819567e-01	5.222118e-01	2.251588e+00
166	4.824983e-01	5.421985e-01	1.751343e+00
167	4.108735e-01	6.617854e-01	1.715193e+00
168	4.654410e-01	5.010243e-01	2.109917e+00
169	4.748991e-01	5.776874e-01	2.137274e+00
170	4.219174e-01	4.499429e-01	2.099170e+00
171	4.029012e-01	3.884296e-01	2.057157e+00
172	4.329569e-01	5.623707e-01	2.246702e+00
173	4.483486e-01	4.803564e-01	1.894968e+00
174	5.122318e-01	5.461399e-01	2.453835e+00
175	4.700829e-01	5.193490e-01	2.834880e+00
176	5.893891e-01	5.344292e-01	2.215437e+00
177	4.512785e-01	4.864278e-01	2.153884e+00
178	4.607472e-01	5.065887e-01	2.475330e+00
179	5.995650e-01	6.270026e-01	1.274548e+00
180	4.890648e-01	5.162770e-01	2.127504e+00
181	4.593672e-01	5.146152e-01	1.790425e+00
182	6.398409e-01	7.350617e-01	1.736688e+00
183	3.829065e-01	5.834733e-01	1.692721e+00
184	4.236331e-01	4.537884e-01	2.042501e+00
185	4.498656e-01	5.554587e-01	1.468979e+00
186	4.738422e-01	4.994963e-01	1.784563e+00
188	4.964355e-01	5.382297e-01	1.839277e+00
189	4.509656e-01	5.050484e-01	1.175867e+00
190	5.422579e-01	5.380734e-01	2.807523e+00
191	2.580579e-01	5.827514e-01	2.811431e+00
192	3.834675e-01	5.130147e-01	1.192477e+00
193	6.326169e-01	2.720671e-01	1.620420e+00
194	4.236304e-01	3.718865e-01	2.624817e+00
195	4.573050e-01	4.971059e-01	2.806546e+00
196	3.900644e-01	3.477762e-01	1.763068e+00
197	2.272292e-01	3.633236e-01	2.060088e+00
198	7.679280e-01	4.228772e-01	2.458720e+00
199	4.797961e-01	5.633685e-01	2.463605e+00
200	4.352302e-01	1.880259e-01	1.141671e+00
201	4.580846e-01	5.117457e-01	1.146556e+00
202	5.160181e-01	5.718126e-01	1.395701e+00
203	4.129411e-01	5.374649e-01	1.755252e+00
204	4.306350e-01	4.517908e-01	2.901319e+00
205	3.872831e-01	4.515902e-01	2.123596e+00
206	4.270765e-01	4.539887e-01	1.652662e+00
207	4.616328e-01	4.936508e-01	1.199316e+00
208	4.508177e-01	4.930808e-01	2.170493e+00
209	2.130224e-01	4.318831e-01	2.733268e+00
210	3.411225e-01	4.503188e-01	1.545188e+00
211	4.837028e-01	4.668472e-01	1.376160e+00
212	4.623344e-01	4.762425e-01	1.621397e+00
213	4.629779e-01	5.072829e-01	1.883244e+00
214	4.634101e-01	5.019979e-01	1.612604e+00
215	4.743929e-01	4.779753e-01	2.909135e+00
216	4.713554e-01	5.136801e-01	1.354665e+00
217	4.813355e-01	5.029164e-01	2.770396e+00
218	3.466699e-01	5.831935e-01	2.148999e+00
219	4.737973e-01	5.055317e-01	2.624817e+00
220	3.621327e-01	4.714109e-01	2.697118e+00
221	4.827114e-01	4.659364e-01	1.938935e+00
222	7.338983e-01	5.125366e-01	1.854910e+00
223	4.448155e-01	3.723608e-01	2.625794e+00
224	5.038327e-01	8.146732e-01	2.984367e+00
225	4.947871e-01	5.435987e-01	2.693210e+00
226	4.880624e-01	5.274857e-01	2.276014e+00
227	4.401129e-01	4.808464e-01	1.245237e+00
228	4.683662e-01	4.940890e-01	1.489497e+00
229	4.678755e-01	5.051822e-01	2.305325e+00
230	4.599426e-01	4.872720e-01	2.689301e+00
231	4.241603e-01	4.657939e-01	1.346849e+00
232	4.683402e-01	5.129132e-01	2.447973e+00
233	4.598791e-01	5.051187e-01	1.591109e+00
234	4.270976e-01	3.467819e-01	1.931119e+00
235	4.178492e-01	4.664328e-01	2.687347e+00
236	4.649934e-01	5.014968e-01	2.787982e+00
237	4.760408e-01	5.215587e-01	1.510015e+00
238	4.422669e-01	4.876237e-01	2.193942e+00
239	4.488029e-01	4.738721e-01	2.918906e+00
240	3.987152e-01	4.304470e-01	1.734734e+00
241	4.700962e-01	5.219390e-01	1.119199e+00
242	4.471948e-01	3.705303e-01	1.631168e+00
243	4.534107e-01	4.676590e-01	1.258915e+00
244	4.774980e-01	6.007600e-01	2.458720e+00
245	3.553899e-01	4.055626e-01	2.134343e+00
246	4.652312e-01	4.968528e-01	2.662921e+00
247	4.623141e-01	4.600117e-01	2.924768e+00
248	5.473294e-01	5.835261e-01	2.983390e+00
250	7.995594e-01	9.439500e-01	2.763556e+00
251	7.433757e-01	8.469929e-01	2.374695e+00
252	4.128174e-01	5.487730e-01	1.703468e+00
253	4.618126e-01	6.203712e-01	1.246214e+00
254	5.295020e-01	6.983732e-01	2.925745e+00
255	4.663709e-01	5.129886e-01	1.857841e+00
256	4.763680e-01	5.139649e-01	2.601368e+00
257	4.750909e-01	5.191815e-01	2.413776e+00
258	4.654064e-01	4.666111e-01	2.569126e+00
259	4.505721e-01	4.227735e-01	1.865657e+00
260	4.619954e-01	5.020106e-01	2.574988e+00
261	4.518759e-01	5.014940e-01	1.598925e+00
262	5.922136e-01	4.406373e-01	2.264289e+00
263	4.464748e-01	6.334186e-01	1.176844e+00
264	3.691166e-01	4.599437e-01	1.061553e+00
265	4.763078e-01	5.241451e-01	2.526136e+00
266	4.768315e-01	5.248110e-01	1.928188e+00
267	4.875268e-01	4.791188e-01	2.006351e+00
268	4.869018e-01	5.342959e-01	1.041036e+00
269	3.889034e-01	4.689229e-01	1.793356e+00
270	3.605476e-01	4.060985e-01	1.860772e+00
271	3.640976e-01	4.754403e-01	1.389839e+00
272	4.713411e-01	5.130029e-01	1.052760e+00
273	3.605477e-01	3.648667e-01	1.156326e+00
274	2.591600e-01	3.377704e-01	1.981925e+00
275	5.519502e-01	7.618017e-01	2.256473e+00
276	4.534386e-01	4.642697e-01	2.368832e+00
277	4.621512e-01	4.862601e-01	2.024915e+00
279	5.226306e-01	5.479205e-01	1.348803e+00
280	4.076882e-01	4.434078e-01	2.472399e+00
281	6.119706e-01	5.600883e-01	2.288715e+00
282	5.118843e-01	5.993968e-01	2.745970e+00
283	4.008991e-01	4.610659e-01	2.490962e+00
284	2.191548e-01	4.034350e-01	2.515388e+00
285	5.196774e-01	6.146042e-01	1.545188e+00
286	4.806903e-01	5.027438e-01	2.662921e+00
287	5.054660e-01	5.723493e-01	2.264289e+00
288	5.128928e-01	5.624444e-01	2.905227e+00
289	4.054500e-01	4.563094e-01	1.058622e+00
290	5.332559e-01	4.658139e-01	2.152907e+00
291	7.923933e-01	9.485479e-01	2.784074e+00
292	4.507195e-01	5.021459e-01	2.445042e+00
293	6.919513e-01	9.123314e-01	2.852467e+00
294	5.313154e-01	5.409038e-01	2.070835e+00
295	4.274401e-01	5.476106e-01	1.406448e+00
296	3.152425e-01	2.039013e-01	1.751343e+00
297	4.085632e-01	5.510777e-01	2.077675e+00
298	5.397599e-01	4.992501e-01	1.601856e+00
299	4.604643e-01	4.615306e-01	2.048363e+00
300	4.340328e-01	4.500689e-01	2.781143e+00
301	4.655112e-01	5.043180e-01	2.779189e+00
302	4.205110e-01	4.373145e-01	2.617978e+00
303	4.556033e-01	5.137894e-01	1.698583e+00
304	5.112460e-01	6.356530e-01	1.948705e+00
305	4.514393e-01	4.897387e-01	1.416219e+00
306	6.738145e-01	3.091724e-01	1.745481e+00
307	4.704816e-01	5.060763e-01	2.291646e+00
308	6.646630e-01	8.966305e-01	1.868588e+00
309	3.844124e-01	4.641078e-01	2.511480e+00
310	4.421318e-01	4.836108e-01	2.596483e+00
311	3.725257e-01	4.274509e-01	2.855398e+00
312	4.447721e-01	4.835303e-01	1.312653e+00
313	5.204286e-01	5.972172e-01	1.787494e+00
314	4.618118e-01	4.939460e-01	2.252565e+00
315	4.662247e-01	5.322086e-01	1.978017e+00
316	4.237167e-01	6.373602e-01	2.965804e+00
317	4.773223e-01	5.190488e-01	2.221299e+00
318	4.227704e-01	6.370853e-01	1.701514e+00
319	4.578117e-01	4.831217e-01	1.135809e+00
320	4.461329e-01	4.680703e-01	2.997069e+00
322	6.295892e-01	5.357270e-01	2.362970e+00
323	4.534396e-01	5.022693e-01	2.553493e+00
324	4.632154e-01	4.818904e-01	1.347826e+00
325	5.170377e-01	8.515118e-01	2.896434e+00
326	4.588420e-01	5.018209e-01	1.857841e+00
327	4.161899e-01	4.154739e-01	1.669272e+00
328	4.633190e-01	4.787827e-01	1.726917e+00
329	4.248625e-01	4.504583e-01	2.604299e+00
330	4.785798e-01	4.992505e-01	2.089399e+00
331	4.948364e-01	4.634751e-01	1.552027e+00
332	5.456844e-01	5.228942e-01	1.769907e+00
333	4.834634e-01	5.272600e-01	1.382022e+00
334	5.286401e-01	6.721960e-01	2.510503e+00
335	4.203199e-01	5.386782e-01	1.640938e+00
336	4.849848e-01	5.070721e-01	2.933561e+00
337	5.509484e-01	5.248082e-01	1.033219e+00
338	4.759119e-01	5.903492e-01	1.408403e+00
339	4.507806e-01	4.814054e-01	2.767465e+00
340	4.945090e-01	5.206915e-01	1.526624e+00
341	3.361853e-01	4.351128e-01	1.456277e+00
342	4.665872e-01	5.218884e-01	1.054714e+00
343	3.832246e-01	4.966412e-01	2.601368e+00
344	4.970677e-01	8.489030e-01	2.193942e+00
346	4.387649e-01	4.560015e-01	1.564729e+00
347	4.907772e-01	5.105886e-01	1.679043e+00
348	3.281876e-01	6.128097e-01	2.034685e+00
349	4.597947e-01	4.794403e-01	2.564240e+00
350	5.348188e-01	5.708677e-01	2.311187e+00
351	6.046341e-01	5.956403e-01	1.297997e+00
352	4.721169e-01	5.162841e-01	2.873962e+00
353	3.977786e-01	4.856227e-01	2.202736e+00
354	4.661460e-01	5.011591e-01	2.653151e+00
355	6.918759e-01	5.315761e-01	2.461651e+00
356	4.635790e-01	5.084390e-01	1.679043e+00
357	5.327465e-01	5.828723e-01	2.991207e+00
358	5.175296e-01	5.360119e-01	2.857352e+00
359	5.596269e-01	5.948229e-01	1.913532e+00
360	3.808730e-01	4.025792e-01	1.216903e+00
361	7.184773e-01	6.701903e-01	1.214949e+00
362	3.932258e-01	5.807542e-01	1.005862e+00
363	4.726077e-01	5.234298e-01	2.227162e+00
364	4.726967e-01	5.226691e-01	1.723009e+00
366	3.676864e-01	4.920612e-01	1.692721e+00
367	4.572234e-01	5.085704e-01	1.154372e+00
368	4.465222e-01	4.866999e-01	1.851001e+00
369	4.596925e-01	5.027552e-01	2.418661e+00
370	5.505411e-01	5.015097e-01	1.874450e+00
371	3.775358e-01	5.608750e-01	1.591109e+00
372	4.237004e-01	4.794681e-01	2.199805e+00
373	4.587982e-01	4.776097e-01	2.208598e+00
374	4.501552e-01	4.851805e-01	1.322423e+00
375	4.083082e-01	4.611744e-01	2.361016e+00
376	5.040168e-01	4.556168e-01	1.815828e+00
377	4.638010e-01	5.012858e-01	1.328285e+00
378	4.530554e-01	5.004596e-01	1.883244e+00
379	4.778286e-01	5.831797e-01	1.599902e+00
380	2.348574e-01	2.323516e-01	2.343429e+00
381	4.667233e-01	4.793699e-01	1.835369e+00
383	2.717610e-01	5.122259e-01	1.698583e+00
384	5.679824e-01	7.527279e-01	2.761602e+00
385	4.159003e-01	8.396572e-01	1.961407e+00
386	4.971436e-01	6.384039e-01	2.449927e+00
387	5.072684e-01	5.629459e-01	2.669761e+00
388	5.576016e-01	4.642461e-01	2.597460e+00
389	4.724464e-01	5.165930e-01	2.960918e+00
390	4.465677e-01	4.877608e-01	1.655594e+00
391	4.348291e-01	4.652538e-01	2.572057e+00
392	4.567736e-01	4.778267e-01	1.234489e+00
393	4.467129e-01	5.161212e-01	1.607719e+00
394	4.703491e-01	5.027196e-01	2.643381e+00
395	6.573719e-01	4.378565e-01	1.233512e+00
397	4.374682e-01	5.109536e-01	1.083048e+00
398	6.346486e-01	8.216038e-01	2.453835e+00
399	4.363493e-01	5.614156e-01	2.169516e+00
400	4.946120e-01	5.563236e-01	1.634099e+00
401	5.533642e-01	3.778838e-01	1.314607e+00
402	4.997983e-01	5.236458e-01	2.292623e+00
403	4.611028e-01	5.294011e-01	1.759160e+00
404	4.672282e-01	3.872782e-01	2.942355e+00
405	4.175153e-01	4.335686e-01	1.358574e+00
406	4.910145e-01	5.475887e-01	1.474841e+00
407	4.774394e-01	2.488453e-01	2.850513e+00
408	5.721360e-01	5.021555e-01	2.543723e+00
409	4.553935e-01	5.300762e-01	1.170005e+00
410	5.046474e-01	5.450502e-01	2.011236e+00
411	4.793898e-01	5.639669e-01	2.982413e+00
412	5.427793e-01	3.835669e-01	1.578407e+00
413	5.249504e-01	6.171163e-01	2.904250e+00
414	4.533842e-01	4.835858e-01	2.948217e+00
415	4.698637e-01	4.960509e-01	1.856864e+00
416	4.429819e-01	4.649106e-01	1.780655e+00
417	4.397127e-01	4.677370e-01	1.223742e+00
418	4.497684e-01	5.024331e-01	2.928676e+00
419	4.615967e-01	5.258889e-01	1.055691e+00
420	4.492785e-01	4.955058e-01	2.823156e+00
421	4.612794e-01	5.024505e-01	2.886663e+00
422	4.679383e-01	5.328924e-01	1.391793e+00
423	5.942816e-01	6.981403e-01	1.467025e+00
424	4.621163e-01	4.926309e-01	1.512946e+00
425	4.873475e-01	7.936721e-01	1.960430e+00
426	5.009155e-01	7.973189e-01	2.254519e+00
427	4.923572e-01	6.055239e-01	2.899365e+00
428	4.673203e-01	4.845845e-01	1.247191e+00
429	4.673752e-01	5.095152e-01	1.802149e+00
430	4.486284e-01	4.987057e-01	1.663410e+00
431	5.975197e-01	6.560608e-01	2.556424e+00
432	2.973000e-01	3.383310e-01	2.947240e+00
433	4.775628e-01	5.067780e-01	2.475330e+00
434	4.566850e-01	4.561738e-01	2.923791e+00
435	5.438060e-01	5.845912e-01	2.906204e+00
436	4.955225e-01	3.177862e-03	2.668784e+00
437	4.110504e-01	4.599919e-01	2.476307e+00
438	5.465468e-01	4.629244e-01	2.065950e+00
439	4.698029e-01	4.996452e-01	1.983879e+00
440	4.824472e-01	5.217245e-01	1.637030e+00
441	6.755660e-01	6.107910e-01	1.338056e+00
442	4.237380e-01	5.126519e-01	2.406937e+00
443	7.445327e-01	4.631249e-01	1.422081e+00
444	4.009827e-01	4.426827e-01	2.956033e+00
445	4.686101e-01	5.038019e-01	2.601368e+00
446	3.733747e-01	3.256388e-01	1.846116e+00
447	4.653105e-01	5.089807e-01	1.264778e+00
448	4.762110e-01	5.076762e-01	1.119199e+00
449	4.653028e-01	4.891148e-01	1.956522e+00
450	5.721632e-01	3.097180e-01	2.971666e+00
451	4.634366e-01	5.007362e-01	2.149976e+00
452	3.769653e-01	5.638304e-01	1.574499e+00
453	6.746920e-01	7.047449e-01	1.775769e+00
455	4.743947e-01	5.186455e-01	2.984367e+00
456	4.408071e-01	4.606914e-01	1.577430e+00
457	5.296702e-01	5.421230e-01	2.955056e+00
458	4.391508e-01	5.048208e-01	2.865169e+00
459	5.552455e-01	6.064484e-01	1.672203e+00
461	4.263188e-01	4.299847e-01	2.513434e+00
462	4.558683e-01	4.464746e-01	1.853933e+00
463	3.936412e-01	4.894300e-01	2.858329e+00
464	4.860419e-01	6.316241e-01	1.574499e+00
465	4.265290e-01	4.676679e-01	1.432829e+00
466	4.676038e-01	4.958909e-01	1.500244e+00
467	4.429201e-01	4.216373e-01	1.323400e+00
468	4.782605e-01	4.917030e-01	2.147044e+00
469	4.680766e-01	5.165512e-01	2.698095e+00
470	4.944799e-01	5.302679e-01	1.364436e+00
471	4.832049e-01	6.710837e-01	2.076698e+00
472	4.703671e-01	4.981654e-01	2.011236e+00
473	4.646982e-01	4.696842e-01	1.215926e+00
474	4.625501e-01	5.149677e-01	2.299463e+00
475	4.435037e-01	5.753040e-01	1.683928e+00
476	4.829444e-01	5.030777e-01	2.081583e+00
477	4.641223e-01	4.351879e-01	2.350269e+00
478	3.298450e-01	5.064979e-01	2.728383e+00
479	4.526910e-01	4.327786e-01	1.194431e+00
480	5.848260e-01	6.260839e-01	2.515388e+00
481	6.202683e-01	6.898764e-01	1.865657e+00
482	3.030034e-01	3.534559e-01	1.802149e+00
483	4.728598e-01	4.839329e-01	1.367367e+00
484	5.553415e-01	5.907222e-01	1.148510e+00
485	4.221725e-01	4.696456e-01	2.427455e+00
486	6.260127e-01	4.751896e-01	2.196873e+00
487	5.415043e-01	4.913310e-01	2.386419e+00
488	4.994241e-01	5.538494e-01	1.294089e+00
489	4.864793e-01	5.944268e-01	1.687836e+00
490	4.595234e-01	5.936502e-01	1.146556e+00
491	6.825397e-01	4.002047e-01	1.597948e+00
492	4.640688e-01	4.658208e-01	2.412799e+00
493	4.355739e-01	4.633673e-01	1.227650e+00
494	4.650104e-01	5.659538e-01	2.522228e+00
495	4.975489e-01	5.452507e-01	1.437714e+00
496	4.062122e-01	4.466878e-01	1.523693e+00
497	4.829290e-01	4.902866e-01	1.221788e+00
498	4.494933e-01	4.664319e-01	1.652662e+00
499	5.175165e-01	6.065335e-01	1.269663e+00
500	4.568941e-01	4.996403e-01	2.967758e+00
501	4.691432e-01	5.017628e-01	2.546654e+00
502	3.850289e-01	6.916388e-01	1.818759e+00
503	4.838154e-01	5.044301e-01	1.919394e+00
504	4.685104e-01	5.336425e-01	2.563263e+00
505	5.541745e-01	5.769445e-01	1.451392e+00
506	5.493110e-01	4.413936e-01	1.718124e+00
507	4.792981e-01	5.189775e-01	1.207132e+00
508	4.621362e-01	4.989232e-01	1.236444e+00
509	4.738852e-01	4.381308e-01	2.622863e+00
510	4.769686e-01	3.114693e-01	2.549585e+00
511	4.726959e-01	5.035743e-01	2.966781e+00
512	3.219738e-01	4.050088e-01	2.395213e+00
513	4.392125e-01	5.295929e-01	1.534441e+00
514	5.890223e-01	6.473613e-01	1.550073e+00
515	4.202166e-01	3.865689e-01	1.610650e+00
516	3.895326e-01	5.434850e-01	1.612604e+00
517	4.502151e-01	5.138392e-01	1.086957e+00
518	3.702619e-01	5.718034e-01	2.282853e+00
519	4.757756e-01	8.943373e-01	1.573522e+00
520	4.555579e-01	5.080214e-01	2.497802e+00
521	4.810708e-01	5.044564e-01	1.752320e+00
523	4.539437e-01	5.099560e-01	1.209086e+00
524	5.644183e-01	6.227528e-01	2.755740e+00
525	6.051714e-01	3.948399e-01	1.499267e+00
526	4.730469e-01	4.850572e-01	1.014656e+00
527	3.998219e-01	2.588383e-01	2.891549e+00
528	4.575463e-01	4.898010e-01	2.478261e+00
529	5.236653e-01	6.516034e-01	1.898876e+00
530	4.907236e-01	4.991150e-01	1.188569e+00
531	4.584873e-01	5.068433e-01	2.785051e+00
532	4.582109e-01	5.044905e-01	2.945286e+00
533	5.053880e-01	5.632824e-01	2.458720e+00
534	4.373281e-01	5.704493e-01	2.673669e+00
535	4.641189e-01	5.054279e-01	1.399609e+00
536	4.508108e-01	4.394298e-01	2.604299e+00
537	4.663812e-01	5.010157e-01	1.529555e+00
538	4.649684e-01	4.984577e-01	2.823156e+00
539	4.760282e-01	5.678983e-01	2.826087e+00
540	4.850762e-01	5.239447e-01	2.844651e+00
541	4.621613e-01	5.372757e-01	2.290669e+00
542	4.497465e-01	4.707662e-01	2.570103e+00
543	5.110202e-01	5.149084e-01	2.396190e+00
544	4.821517e-01	5.025465e-01	1.318515e+00
545	5.048345e-01	5.181780e-01	2.605276e+00
546	4.068876e-01	6.557291e-01	2.683439e+00
547	5.529206e-01	2.902930e-01	1.587201e+00
548	5.039791e-01	5.528518e-01	1.375183e+00
549	4.621786e-01	5.627080e-01	2.298486e+00
550	4.756820e-01	4.648463e-01	1.285296e+00
551	4.674078e-01	5.099797e-01	2.983390e+00
552	3.690733e-01	4.195286e-01	1.195408e+00
553	4.777805e-01	4.939477e-01	2.414753e+00
554	5.322293e-01	5.800584e-01	1.843185e+00
555	4.971144e-01	5.921011e-01	2.396190e+00
556	4.561395e-01	4.306395e-01	3.000000e+00
557	4.817656e-01	4.968519e-01	2.728383e+00
559	4.602357e-01	4.912526e-01	1.944797e+00
560	4.150337e-01	2.992007e-01	2.883732e+00
561	3.683084e-01	3.832324e-01	2.383488e+00
562	4.775829e-01	4.905512e-01	2.506595e+00
563	4.629576e-01	4.802476e-01	1.786517e+00
564	5.109666e-01	4.853823e-01	2.893503e+00
565	4.526283e-01	4.958602e-01	2.981436e+00
566	4.316154e-01	4.738794e-01	2.663898e+00
567	4.428935e-01	4.712818e-01	2.227162e+00
568	4.825993e-01	4.896943e-01	1.527601e+00
569	4.431530e-01	3.889891e-01	2.610161e+00
570	2.620257e-01	3.641835e-01	1.058622e+00
571	4.677046e-01	4.990118e-01	2.782120e+00
573	4.844793e-01	5.031713e-01	2.109917e+00
574	4.444450e-01	4.668320e-01	2.074744e+00
575	4.420218e-01	4.928738e-01	2.319003e+00
576	4.460488e-01	4.578060e-01	1.290181e+00
577	4.470426e-01	5.849338e-01	1.286273e+00
578	4.507711e-01	5.029334e-01	1.881290e+00
579	4.745632e-01	5.252077e-01	1.664387e+00
580	2.906677e-01	1.035067e-01	1.242306e+00
581	4.345330e-01	5.328880e-01	1.927211e+00
582	4.648335e-01	4.990120e-01	2.820225e+00
583	5.503638e-01	5.603848e-01	2.792868e+00
584	3.853177e-01	4.926571e-01	1.201270e+00
585	5.440731e-01	5.694941e-01	1.898876e+00
586	4.700626e-01	4.951329e-01	1.782609e+00
587	4.556017e-01	5.023552e-01	1.561798e+00
588	4.662893e-01	4.998291e-01	2.282853e+00
589	4.892336e-01	5.825197e-01	2.210552e+00
590	5.294814e-01	4.896651e-01	1.020518e+00
591	4.959723e-01	5.809452e-01	1.784563e+00
592	4.687906e-01	4.975984e-01	1.275525e+00
593	4.839050e-01	4.883933e-01	1.212995e+00
594	5.103128e-01	5.410358e-01	2.964827e+00
595	4.686751e-01	5.050148e-01	2.079629e+00
596	3.178079e-01	6.408433e-01	1.187592e+00
597	4.839996e-01	5.373898e-01	1.258915e+00
598	5.221263e-01	5.397630e-01	1.999511e+00
599	4.696161e-01	5.101420e-01	1.264778e+00
600	4.795613e-01	5.264766e-01	1.110405e+00
601	2.738123e-01	3.013450e-01	1.107474e+00
602	4.995000e-01	6.335350e-01	1.070347e+00
603	4.676012e-01	5.108053e-01	2.400098e+00
604	4.719257e-01	4.816148e-01	2.871031e+00
605	4.643393e-01	5.007922e-01	2.739130e+00
606	4.478778e-01	5.017761e-01	2.061065e+00
607	5.000611e-01	5.361480e-01	1.073278e+00
608	4.859651e-01	5.624868e-01	2.799707e+00
609	5.217827e-01	5.931626e-01	2.010259e+00
610	4.641508e-01	4.418283e-01	1.700537e+00
611	4.699466e-01	5.178049e-01	1.339033e+00
612	4.628256e-01	5.637178e-01	2.227162e+00
613	5.867365e-01	8.436881e-01	2.482169e+00
614	4.519943e-01	5.159955e-01	2.958964e+00
615	5.464914e-01	4.328059e-01	1.443576e+00
616	4.957134e-01	4.599394e-01	2.381534e+00
617	4.377348e-01	3.876767e-01	1.971177e+00
618	4.664799e-01	5.134788e-01	2.960918e+00
619	5.764097e-01	9.323961e-01	1.812897e+00
620	4.119277e-01	5.703409e-01	1.170982e+00
621	3.861314e-01	5.222107e-01	1.277479e+00
622	3.681199e-01	5.915978e-01	1.176844e+00
623	5.278207e-01	5.899609e-01	1.636053e+00
624	4.448302e-01	5.062236e-01	2.336590e+00
625	4.417798e-01	4.537215e-01	1.343918e+00
626	4.540014e-01	5.121319e-01	1.905716e+00
627	4.532529e-01	5.253756e-01	1.784563e+00
628	4.575101e-01	4.928684e-01	2.063996e+00
629	4.696760e-01	5.121858e-01	2.497802e+00
630	5.526549e-01	4.581832e-01	2.870054e+00
631	5.134791e-01	5.856768e-01	1.729849e+00
632	3.966184e-01	4.318240e-01	2.290669e+00
633	4.686460e-01	5.005225e-01	2.841720e+00
634	4.615855e-01	5.029006e-01	2.195896e+00
635	4.897735e-01	5.428161e-01	1.601856e+00
636	5.003465e-01	5.708166e-01	2.449927e+00
637	4.643773e-01	4.920448e-01	1.462140e+00
638	4.640319e-01	5.021918e-01	2.041524e+00
639	4.651797e-01	5.019072e-01	2.061065e+00
640	4.486243e-01	3.143694e-01	2.130435e+00
641	6.272615e-01	6.936853e-01	2.205667e+00
642	4.777892e-01	5.190528e-01	2.184172e+00
643	4.555934e-01	4.308080e-01	2.747924e+00
644	5.029188e-01	7.107999e-01	2.909135e+00
645	4.690881e-01	5.006262e-01	2.777235e+00
646	4.109612e-01	4.456539e-01	1.295066e+00
647	4.718784e-01	5.944645e-01	1.050806e+00
648	4.491187e-01	7.305224e-01	1.191500e+00
649	4.828020e-01	5.094880e-01	1.198339e+00
650	4.667345e-01	5.311815e-01	2.656082e+00
651	4.655438e-01	5.285114e-01	1.692721e+00
652	6.861191e-01	5.916852e-01	2.330728e+00
653	4.675299e-01	5.089839e-01	1.906693e+00
654	4.312389e-01	5.058939e-01	2.192965e+00
655	5.081108e-01	5.229303e-01	1.200293e+00
656	4.712666e-01	5.126834e-01	2.361016e+00
657	4.097404e-01	3.346790e-01	2.080606e+00
658	4.573466e-01	5.115831e-01	2.017098e+00
659	4.423859e-01	5.914448e-01	2.191011e+00
660	4.707310e-01	2.369431e-01	1.667318e+00
661	3.841762e-01	2.831284e-01	2.229116e+00
662	5.129186e-01	7.117704e-01	1.188569e+00
663	4.628623e-01	4.678333e-01	2.714704e+00
664	5.260367e-01	5.678639e-01	1.979971e+00
665	3.752848e-01	4.278675e-01	2.954079e+00
666	8.667914e-01	7.424977e-01	1.803127e+00
667	4.587883e-01	5.423917e-01	1.039082e+00
668	6.515298e-01	8.534856e-01	1.893014e+00
669	4.705310e-01	4.884664e-01	1.778701e+00
670	2.438840e-01	1.519424e-01	1.807035e+00
671	4.459329e-01	4.552633e-01	1.102589e+00
672	5.370137e-01	2.483684e-01	1.879336e+00
673	5.359660e-01	4.788504e-01	1.984856e+00
674	4.653167e-01	5.015601e-01	2.238886e+00
675	4.982033e-01	5.397743e-01	2.868100e+00
676	4.681855e-01	5.121430e-01	2.748901e+00
677	3.713881e-01	4.867100e-01	1.578407e+00
678	4.412514e-01	4.570631e-01	1.621397e+00
679	4.703104e-01	5.039489e-01	2.657059e+00
680	4.478747e-01	4.732084e-01	2.404983e+00
681	4.801349e-01	5.057676e-01	2.272106e+00
682	4.714298e-01	5.400677e-01	1.463117e+00
683	4.717241e-01	5.209433e-01	2.316072e+00
684	4.701629e-01	5.118734e-01	2.334636e+00
685	4.928599e-01	4.923030e-01	1.365413e+00
686	5.524060e-01	6.918574e-01	2.105032e+00
687	3.942801e-01	4.684093e-01	1.339033e+00
688	4.906132e-01	5.019149e-01	2.932584e+00
689	4.691965e-01	4.957017e-01	2.378603e+00
690	4.545665e-01	4.957278e-01	1.833415e+00
691	4.243791e-01	6.396337e-01	1.663410e+00
692	4.457124e-01	5.361021e-01	2.251588e+00
693	4.918184e-01	5.718318e-01	1.766976e+00
694	4.706622e-01	3.497318e-01	1.575476e+00
695	7.114585e-01	6.063497e-01	2.771373e+00
696	4.707622e-01	5.096687e-01	2.787005e+00
697	4.783032e-01	4.983476e-01	1.959453e+00
698	4.935394e-01	5.320869e-01	2.187103e+00
699	4.629640e-01	5.013004e-01	2.430386e+00
700	4.550790e-01	4.954353e-01	2.679531e+00
701	4.956101e-01	6.042857e-01	2.191988e+00
702	4.174381e-01	4.249084e-01	2.945286e+00
703	4.516519e-01	5.157130e-01	2.793845e+00
704	4.640314e-01	5.290092e-01	2.132389e+00
705	4.745089e-01	5.518411e-01	1.627259e+00
706	4.618380e-01	4.959218e-01	1.623351e+00
707	4.818395e-01	5.114483e-01	2.772350e+00
708	4.707323e-01	5.147764e-01	1.552027e+00
709	4.143860e-01	5.836840e-01	1.180752e+00
710	4.757536e-01	5.350239e-01	1.632145e+00
711	5.060609e-01	9.287588e-01	1.680997e+00
712	4.751683e-01	6.834356e-01	2.828041e+00
713	6.671237e-01	6.901916e-01	1.703468e+00
714	5.050205e-01	4.711949e-01	1.471910e+00
715	4.840838e-01	5.174835e-01	2.368832e+00
716	4.682425e-01	4.976155e-01	1.961407e+00
717	4.672880e-01	4.995350e-01	1.756229e+00
718	4.604195e-01	4.953830e-01	2.987298e+00
719	4.703055e-01	4.978268e-01	2.332682e+00
720	4.916029e-01	5.332500e-01	1.097704e+00
721	3.503325e-01	4.450284e-01	1.954568e+00
722	4.681883e-01	4.972975e-01	1.704446e+00
723	4.650818e-01	5.018623e-01	1.853933e+00
724	4.139489e-01	3.864924e-01	2.829995e+00
725	4.157644e-01	5.016693e-01	2.232047e+00
726	5.313416e-01	5.792372e-01	2.587689e+00
727	6.842826e-01	3.192328e-01	2.698095e+00
728	7.655478e-01	9.918091e-01	1.896922e+00
729	4.588108e-01	5.054149e-01	1.212995e+00
730	4.886463e-01	3.294858e-01	1.502198e+00
731	4.674722e-01	5.024716e-01	2.614069e+00
732	4.701608e-01	6.511261e-01	2.880801e+00
733	4.705620e-01	5.175434e-01	1.956522e+00
734	4.333573e-01	4.971438e-01	2.745970e+00
735	2.963144e-01	3.240435e-01	1.179775e+00
736	4.994665e-01	5.052376e-01	1.935027e+00
737	4.689939e-01	5.291477e-01	1.975085e+00
738	4.932725e-01	5.449882e-01	1.067416e+00
739	5.143977e-01	4.911477e-01	2.024915e+00
740	4.611229e-01	3.374660e-01	2.810454e+00
741	4.667279e-01	4.721067e-01	2.428432e+00
742	4.340846e-01	4.948549e-01	1.957499e+00
743	5.535602e-01	6.584979e-01	2.306302e+00
744	4.750696e-01	5.342556e-01	2.557401e+00
745	4.857888e-01	5.454665e-01	1.243283e+00
746	4.666907e-01	5.590650e-01	2.429409e+00
747	4.515331e-01	4.640166e-01	2.523205e+00
748	3.919934e-01	4.523005e-01	2.842697e+00
749	4.612509e-01	5.025906e-01	2.247680e+00
750	4.481566e-01	4.499238e-01	2.000489e+00
751	4.612901e-01	4.774352e-01	2.446019e+00
752	4.681764e-01	4.975324e-01	2.360039e+00
753	6.022603e-01	5.358329e-01	2.567171e+00
754	4.900606e-01	5.247216e-01	2.415730e+00
755	4.819977e-01	4.839036e-01	1.989741e+00
756	4.643424e-01	5.075280e-01	2.908158e+00
757	5.045938e-01	6.635509e-01	2.731314e+00
758	4.621001e-01	4.985223e-01	2.544700e+00
759	4.651011e-01	5.018047e-01	2.890572e+00
760	4.652282e-01	4.980625e-01	1.654617e+00
761	4.653034e-01	5.060047e-01	1.008793e+00
762	4.986523e-01	5.508530e-01	1.260870e+00
763	4.122504e-01	3.911610e-01	1.347826e+00
764	4.496557e-01	5.095774e-01	1.325354e+00
765	4.611430e-01	4.975181e-01	1.420127e+00
766	4.352688e-01	4.790888e-01	2.845628e+00
767	4.189091e-01	5.095906e-01	1.853933e+00
768	4.524618e-01	4.909307e-01	1.303859e+00
769	5.100951e-01	6.241073e-01	1.294089e+00
770	8.749092e-01	1.004223e-01	1.675134e+00
771	5.507658e-01	5.238434e-01	2.417684e+00
772	4.986512e-01	5.264859e-01	2.053249e+00
773	4.574597e-01	5.270410e-01	1.276502e+00
774	3.984445e-01	5.280242e-01	2.779189e+00
775	3.455378e-01	8.259896e-01	1.984856e+00
776	3.704255e-01	5.605750e-01	2.295554e+00
777	4.682187e-01	5.034311e-01	1.652662e+00
778	4.738950e-01	5.103173e-01	2.464582e+00
779	4.606308e-01	5.010984e-01	1.763068e+00
780	4.538074e-01	5.069796e-01	2.026869e+00
781	5.452593e-01	5.686320e-01	1.160234e+00
782	5.866287e-01	4.210725e-01	2.302394e+00
783	4.659350e-01	4.683549e-01	1.384954e+00
784	4.579882e-01	4.306031e-01	2.598437e+00
785	4.456614e-01	4.066880e-01	2.130435e+00
786	4.792072e-01	4.921511e-01	1.690767e+00
787	4.856996e-01	4.822792e-01	1.940889e+00
788	4.721259e-01	5.215393e-01	2.099170e+00
