768
0	2.618031e-02	2.157191e-01	1.398632e+00
1	4.536551e-01	3.998696e-01	1.108451e+00
2	3.936407e-01	4.901538e-01	2.925745e+00
3	4.427787e-01	4.695286e-01	2.732291e+00
4	5.453393e-01	6.692176e-01	1.257938e+00
5	4.474816e-01	4.295171e-01	2.424524e+00
6	8.268781e-01	9.868499e-01	1.383000e+00
7	4.213956e-01	4.979366e-01	2.705911e+00
8	4.306072e-01	4.973955e-01	2.442110e+00
9	4.668100e-01	5.096036e-01	2.233024e+00
10	5.133458e-01	5.531519e-01	2.376649e+00
11	4.590304e-01	4.935040e-01	1.556913e+00
12	5.425153e-01	6.389789e-01	2.950171e+00
13	4.417162e-01	5.807663e-01	1.066439e+00
14	4.619527e-01	5.122037e-01	1.626282e+00
15	4.704027e-01	4.411510e-01	1.306790e+00
16	4.643669e-01	5.094003e-01	2.902296e+00
17	6.777911e-01	3.978474e-01	1.195408e+00
18	4.829136e-01	4.701922e-01	1.785540e+00
19	4.618153e-01	5.114731e-01	1.248168e+00
20	4.519342e-01	5.422786e-01	1.863703e+00
21	4.220970e-01	4.419306e-01	2.671715e+00
22	4.660831e-01	5.087205e-01	2.487054e+00
23	3.876906e-01	2.986346e-01	1.946751e+00
24	5.795852e-01	5.901665e-01	1.303859e+00
25	7.716819e-01	7.156009e-01	2.152907e+00
26	4.794817e-01	5.003060e-01	1.388862e+00
27	4.770582e-01	5.217838e-01	1.591109e+00
28	5.211587e-01	5.475899e-01	2.205667e+00
29	4.743549e-01	5.310211e-01	2.181241e+00
30	3.188691e-01	5.021308e-01	1.475818e+00
31	4.955087e-01	4.922079e-01	2.309233e+00
32	4.659226e-01	4.732097e-01	2.073766e+00
33	3.570348e-01	4.106712e-01	2.331705e+00
34	4.696518e-01	4.990039e-01	1.126038e+00
35	4.542673e-01	2.479579e-01	2.235955e+00
36	2.444209e-01	4.675387e-01	2.805569e+00
37	3.636155e-01	4.164446e-01	2.555447e+00
38	4.619234e-01	4.990328e-01	2.559355e+00
39	4.755020e-01	5.236525e-01	1.895945e+00
40	4.542954e-01	4.361605e-01	1.282364e+00
41	4.272855e-01	3.554422e-01	2.750855e+00
42	4.712902e-01	5.164276e-01	2.412799e+00
43	4.613331e-01	5.303547e-01	2.557401e+00
44	6.175646e-01	5.617786e-01	1.648754e+00
45	4.855954e-01	4.943633e-01	1.721055e+00
46	5.460599e-01	5.895723e-01	2.588666e+00
47	4.789063e-01	5.048462e-01	1.525647e+00
48	4.605226e-01	5.129207e-01	2.751832e+00
49	4.720601e-01	7.249389e-01	2.625794e+00
50	5.498298e-01	5.768562e-01	1.663410e+00
51	4.638690e-01	5.047451e-01	2.560332e+00
52	4.628284e-01	5.311385e-01	1.696629e+00
53	4.467715e-01	5.194720e-01	1.506106e+00
54	4.548457e-01	5.034051e-01	2.675623e+00
55	4.150063e-01	4.926074e-01	2.497802e+00
56	3.461666e-01	4.003096e-01	1.031265e+00
57	4.721352e-01	4.616426e-01	2.361993e+00
58	4.089000e-01	4.953450e-01	1.866634e+00
60	5.101073e-01	5.797163e-01	1.503175e+00
61	5.150793e-01	5.085267e-01	2.449927e+00
62	4.682893e-01	5.166644e-01	2.831949e+00
63	4.646802e-01	5.290614e-01	2.317049e+00
64	4.663451e-01	4.685433e-01	2.353200e+00
65	4.631136e-01	5.076748e-01	2.575965e+00
66	5.629823e-01	5.523468e-01	2.922814e+00
67	4.366476e-01	4.249068e-01	2.289692e+00
68	5.103565e-01	5.516591e-01	2.766488e+00
69	3.881216e-01	4.998402e-01	1.522716e+00
70	4.384354e-01	4.425511e-01	2.769419e+00
71	4.737675e-01	5.132550e-01	1.110405e+00
72	4.640814e-01	4.480211e-01	1.412311e+00
73	5.231698e-01	2.930277e-01	1.951637e+00
74	3.376053e-01	6.255316e-01	1.449438e+00
75	4.551104e-01	6.534228e-01	2.176356e+00
76	4.220094e-01	4.837927e-01	1.212995e+00
77	4.898973e-01	5.044454e-01	1.872496e+00
78	4.590001e-01	5.031872e-01	1.606742e+00
79	6.031178e-01	5.422897e-01	1.183683e+00
80	4.900152e-01	5.266029e-01	2.736199e+00
81	4.648506e-01	5.062361e-01	1.617489e+00
82	3.996829e-01	4.335798e-01	2.456766e+00
83	4.460484e-01	3.660606e-01	1.406448e+00
84	5.137230e-01	7.121376e-01	2.453835e+00
85	4.645956e-01	5.104673e-01	2.712750e+00
86	4.605257e-01	5.035986e-01	2.877870e+00
87	3.877098e-01	3.499558e-01	1.533464e+00
88	5.916298e-01	6.746850e-01	2.169516e+00
89	4.941598e-01	6.870041e-01	2.483146e+00
90	4.967169e-01	6.171782e-01	1.538349e+00
91	4.695033e-01	5.123056e-01	1.117245e+00
92	4.673309e-01	5.484939e-01	2.709819e+00
93	4.195293e-01	5.173951e-01	2.929653e+00
94	6.313601e-01	5.449481e-01	2.125550e+00
95	4.376552e-01	5.087901e-01	2.148999e+00
96	4.479287e-01	5.116687e-01	1.206155e+00
98	4.567951e-01	5.025511e-01	1.997557e+00
99	5.352298e-01	5.475106e-01	1.753298e+00
100	4.717385e-01	5.367909e-01	1.491451e+00
101	4.631623e-01	5.066512e-01	2.381534e+00
102	4.849214e-01	5.772717e-01	1.837323e+00
103	5.593381e-01	5.997056e-01	2.723498e+00
104	4.637434e-01	6.781702e-01	1.216903e+00
105	4.618332e-01	4.812301e-01	1.385931e+00
107	4.765310e-01	4.914691e-01	1.887152e+00
108	4.536643e-01	7.389762e-01	1.869565e+00
109	4.634970e-01	6.031535e-01	2.657059e+00
110	4.941873e-01	4.687714e-01	1.905716e+00
111	4.592404e-01	4.955343e-01	2.319980e+00
113	3.483632e-01	7.560105e-01	1.155349e+00
114	4.514091e-01	4.846009e-01	1.261847e+00
115	5.368021e-01	6.901566e-01	1.308745e+00
116	5.714177e-01	3.221431e-01	1.148510e+00
117	5.135559e-01	5.652708e-01	1.865657e+00
118	4.919443e-01	5.413439e-01	2.988276e+00
119	4.961705e-01	5.682581e-01	1.479726e+00
120	5.085654e-01	5.887361e-01	2.095261e+00
121	4.509059e-01	4.965921e-01	2.442110e+00
122	2.617152e-01	4.844574e-01	1.070347e+00
123	4.340221e-01	4.569987e-01	1.417196e+00
124	4.593652e-01	4.985683e-01	2.817294e+00
126	4.678385e-01	4.482868e-01	2.738153e+00
127	5.765157e-01	5.796200e-01	2.338544e+00
128	5.680479e-01	8.720116e-01	1.282364e+00
129	4.880602e-01	5.121072e-01	2.676600e+00
130	5.495974e-01	8.575841e-01	2.443087e+00
132	2.475623e-01	3.725634e-01	1.220811e+00
133	5.764792e-01	3.650722e-01	2.407914e+00
134	5.406971e-01	5.485477e-01	2.277968e+00
135	4.429111e-01	5.238585e-01	2.409868e+00
136	4.396266e-01	4.876592e-01	2.083537e+00
137	4.994502e-01	4.485213e-01	2.286761e+00
138	7.081377e-01	1.426120e-01	1.194431e+00
139	4.599650e-01	5.301257e-01	2.818271e+00
140	4.128832e-01	4.087080e-01	2.827064e+00
141	4.789501e-01	4.992735e-01	1.684905e+00
142	4.610777e-01	5.251083e-01	1.999511e+00
143	4.790579e-01	5.175570e-01	1.956522e+00
144	4.615118e-01	4.355824e-01	2.323889e+00
145	4.996555e-01	4.952336e-01	2.501710e+00
146	2.373155e-01	4.505980e-01	2.395213e+00
147	5.448526e-01	4.160168e-01	2.719590e+00
148	4.649846e-01	5.110776e-01	2.937469e+00
149	4.866872e-01	5.106870e-01	2.803615e+00
150	4.709170e-01	5.814002e-01	1.794333e+00
151	4.896475e-01	5.106199e-01	2.611138e+00
152	5.108189e-01	5.761776e-01	1.724963e+00
153	4.341128e-01	5.039679e-01	1.983879e+00
154	4.653057e-01	5.048237e-01	2.181241e+00
155	4.485525e-01	5.125138e-01	1.295066e+00
156	4.713231e-01	5.411487e-01	1.970200e+00
157	4.465856e-01	5.321600e-01	2.387396e+00
158	5.537846e-01	3.611644e-01	2.386419e+00
159	2.818255e-01	5.653568e-01	2.647289e+00
160	4.680849e-01	5.314743e-01	1.686859e+00
161	4.801650e-01	5.156766e-01	1.553981e+00
162	5.293994e-01	6.085011e-01	1.764045e+00
163	6.297618e-01	5.662925e-01	1.632145e+00
164	4.673681e-01	5.108540e-01	1.235467e+00
165	4.675775e-01	5.173282e-01	2.251588e+00
166	4.686823e-01	4.934995e-01	1.751343e+00
167	4.828290e-01	4.850647e-01	1.715193e+00
168	4.645234e-01	5.095014e-01	2.109917e+00
169	4.904876e-01	5.285107e-01	2.137274e+00
170	4.303929e-01	6.334622e-01	2.099170e+00
171	5.549896e-01	6.011373e-01	2.057157e+00
172	5.450018e-01	4.842493e-01	2.246702e+00
173	4.569758e-01	5.393184e-01	1.894968e+00
174	3.969617e-01	5.138317e-01	2.453835e+00
175	4.846928e-01	5.568192e-01	2.834880e+00
176	4.135780e-01	3.999286e-01	2.215437e+00
177	4.765209e-01	5.395481e-01	2.153884e+00
178	4.668364e-01	5.068056e-01	2.475330e+00
179	4.906417e-01	5.494194e-01	1.274548e+00
180	4.820898e-01	5.636840e-01	2.127504e+00
181	4.661452e-01	5.327460e-01	1.790425e+00
182	5.879045e-01	6.049947e-01	1.736688e+00
183	5.992114e-01	5.022996e-01	1.692721e+00
184	5.661545e-01	6.248446e-01	2.042501e+00
185	4.384919e-01	3.532007e-01	1.468979e+00
186	5.034983e-01	5.004213e-01	1.784563e+00
188	4.429864e-01	4.596425e-01	1.839277e+00
189	4.638633e-01	5.077244e-01	1.175867e+00
190	4.398560e-01	5.099636e-01	2.807523e+00
191	5.175325e-01	5.308424e-01	2.811431e+00
192	5.045188e-01	5.118069e-01	1.192477e+00
193	6.582976e-01	3.134420e-01	1.620420e+00
194	5.064484e-01	5.265336e-01	2.624817e+00
195	4.635785e-01	5.095340e-01	2.806546e+00
196	4.834389e-01	5.602760e-01	1.763068e+00
197	1.981574e-01	3.959947e-01	2.060088e+00
198	6.750218e-01	3.790697e-01	2.458720e+00
199	4.685935e-01	5.251616e-01	2.463605e+00
200	4.125344e-01	3.147718e-01	1.141671e+00
201	4.700516e-01	5.182961e-01	1.146556e+00
202	4.530652e-01	4.926557e-01	1.395701e+00
203	4.915085e-01	5.230633e-01	1.755252e+00
204	4.403558e-01	4.609536e-01	2.901319e+00
205	4.981236e-01	6.436602e-01	2.123596e+00
206	4.393956e-01	2.475945e-01	1.652662e+00
207	4.382297e-01	4.813733e-01	1.199316e+00
208	4.917288e-01	5.779320e-01	2.170493e+00
209	2.774688e-01	4.111977e-01	2.733268e+00
210	4.083575e-01	4.058948e-01	1.545188e+00
211	4.552844e-01	5.328517e-01	1.376160e+00
212	4.899416e-01	5.291663e-01	1.621397e+00
213	4.775117e-01	5.105626e-01	1.883244e+00
214	4.698127e-01	5.363776e-01	1.612604e+00
215	4.389775e-01	5.433266e-01	2.909135e+00
216	4.654850e-01	5.087782e-01	1.354665e+00
217	4.752929e-01	5.276399e-01	2.770396e+00
218	5.840007e-01	5.120358e-01	2.148999e+00
219	4.947273e-01	5.360320e-01	2.624817e+00
220	5.846437e-01	5.341412e-01	2.697118e+00
221	4.618603e-01	4.816764e-01	1.938935e+00
222	5.395918e-01	5.397755e-01	1.854910e+00
223	5.856518e-01	5.508484e-01	2.625794e+00
224	4.593310e-01	7.664621e-01	2.984367e+00
225	4.524150e-01	4.953458e-01	2.693210e+00
226	4.591756e-01	4.996288e-01	2.276014e+00
227	4.933877e-01	5.221707e-01	1.245237e+00
228	4.676096e-01	5.123871e-01	1.489497e+00
229	4.691868e-01	5.100711e-01	2.305325e+00
230	4.595802e-01	4.979193e-01	2.689301e+00
231	4.904728e-01	5.800171e-01	1.346849e+00
232	4.779621e-01	5.267177e-01	2.447973e+00
233	4.353663e-01	4.991693e-01	1.591109e+00
234	4.596534e-01	5.724337e-01	1.931119e+00
235	4.563172e-01	4.510143e-01	2.687347e+00
236	4.660089e-01	5.106234e-01	2.787982e+00
237	4.750188e-01	5.245321e-01	1.510015e+00
238	4.689964e-01	5.471206e-01	2.193942e+00
239	4.491228e-01	4.489680e-01	2.918906e+00
240	5.009525e-01	6.026999e-01	1.734734e+00
241	5.017442e-01	5.431024e-01	1.119199e+00
242	4.078340e-01	5.946989e-01	1.631168e+00
243	4.839375e-01	5.171354e-01	1.258915e+00
244	3.685683e-01	4.636499e-01	2.458720e+00
245	5.430307e-01	5.675631e-01	2.134343e+00
246	4.639655e-01	5.154961e-01	2.662921e+00
247	4.443608e-01	5.099356e-01	2.924768e+00
248	3.901270e-01	4.400249e-01	2.983390e+00
250	8.116849e-01	8.923089e-01	2.763556e+00
251	7.406041e-01	7.681486e-01	2.374695e+00
252	5.139434e-01	4.928972e-01	1.703468e+00
253	4.222457e-01	4.063544e-01	1.246214e+00
254	4.274734e-01	4.423474e-01	2.925745e+00
255	4.496186e-01	4.973501e-01	1.857841e+00
256	4.544806e-01	5.036700e-01	2.601368e+00
257	4.452932e-01	4.860383e-01	2.413776e+00
258	4.466049e-01	5.357852e-01	2.569126e+00
259	4.479031e-01	4.954261e-01	1.865657e+00
260	4.630227e-01	5.104562e-01	2.574988e+00
261	4.658647e-01	5.388201e-01	1.598925e+00
262	5.766887e-01	5.445022e-01	2.264289e+00
263	6.073153e-01	6.251396e-01	1.176844e+00
264	6.270884e-01	5.979093e-01	1.061553e+00
265	4.687835e-01	5.147980e-01	2.526136e+00
266	5.177365e-01	5.731788e-01	1.928188e+00
267	4.752039e-01	4.606097e-01	2.006351e+00
268	4.546856e-01	4.990912e-01	1.041036e+00
269	1.940060e-01	4.577853e-01	1.793356e+00
270	5.369168e-01	6.516161e-01	1.860772e+00
271	4.020900e-01	3.567667e-01	1.389839e+00
272	4.739231e-01	5.198523e-01	1.052760e+00
273	4.831648e-01	5.309148e-01	1.156326e+00
274	3.012516e-01	3.955914e-01	1.981925e+00
275	5.115982e-01	5.680392e-01	2.256473e+00
276	4.621446e-01	5.101487e-01	2.368832e+00
277	4.972803e-01	5.048101e-01	2.024915e+00
279	4.715238e-01	4.935505e-01	1.348803e+00
280	4.565255e-01	2.887270e-01	2.472399e+00
281	5.274009e-01	4.594542e-01	2.288715e+00
282	4.221436e-01	4.041539e-01	2.745970e+00
283	4.578725e-01	5.886864e-01	2.490962e+00
284	3.466582e-01	4.680002e-01	2.515388e+00
285	2.672729e-01	4.196365e-01	1.545188e+00
286	4.887055e-01	5.107534e-01	2.662921e+00
287	4.947083e-01	5.430867e-01	2.264289e+00
288	4.490819e-01	4.729413e-01	2.905227e+00
289	6.235922e-01	5.735728e-01	1.058622e+00
290	4.187724e-01	5.659774e-01	2.152907e+00
291	8.147648e-01	9.719171e-01	2.784074e+00
292	4.715722e-01	4.978362e-01	2.445042e+00
293	6.106668e-01	8.297648e-01	2.852467e+00
294	4.734942e-01	4.952469e-01	2.070835e+00
295	4.326405e-01	4.681215e-01	1.406448e+00
296	4.163381e-01	3.867833e-01	1.751343e+00
297	5.159159e-01	4.512986e-01	2.077675e+00
298	5.777781e-01	6.046556e-01	1.601856e+00
299	4.261973e-01	4.946595e-01	2.048363e+00
300	4.764429e-01	5.669650e-01	2.781143e+00
301	4.643318e-01	5.063157e-01	2.779189e+00
302	4.841204e-01	5.399046e-01	2.617978e+00
303	6.187657e-01	6.560341e-01	1.698583e+00
304	4.567695e-01	3.641902e-01	1.948705e+00
305	4.733367e-01	5.388318e-01	1.416219e+00
306	7.868604e-01	2.481191e-01	1.745481e+00
307	4.639350e-01	5.111016e-01	2.291646e+00
308	6.184451e-01	8.435127e-01	1.868588e+00
309	4.392221e-01	6.042822e-01	2.511480e+00
310	4.742496e-01	5.496553e-01	2.596483e+00
311	5.339224e-01	6.135645e-01	2.855398e+00
312	5.070414e-01	5.836547e-01	1.312653e+00
313	3.990474e-01	4.160031e-01	1.787494e+00
314	4.656448e-01	5.131004e-01	2.252565e+00
315	4.482140e-01	4.842179e-01	1.978017e+00
316	5.724193e-01	4.419859e-01	2.965804e+00
317	4.663402e-01	5.172001e-01	2.221299e+00
318	4.060572e-01	4.005214e-01	1.701514e+00
319	4.912885e-01	5.567899e-01	1.135809e+00
320	4.532021e-01	5.121166e-01	2.997069e+00
322	3.806213e-01	4.579818e-01	2.362970e+00
323	4.722512e-01	5.392417e-01	2.553493e+00
324	4.591191e-01	4.706866e-01	1.347826e+00
325	5.108073e-01	7.268025e-01	2.896434e+00
326	4.639142e-01	5.109026e-01	1.857841e+00
327	5.659450e-01	5.375715e-01	1.669272e+00
328	4.886472e-01	5.171598e-01	1.726917e+00
329	4.919063e-01	5.650751e-01	2.604299e+00
330	5.116824e-01	5.891506e-01	2.089399e+00
331	5.239254e-01	4.782070e-01	1.552027e+00
332	4.870761e-01	5.006044e-01	1.769907e+00
333	4.841298e-01	5.373934e-01	1.382022e+00
334	3.459364e-01	3.862848e-01	2.510503e+00
335	4.574433e-01	5.718562e-01	1.640938e+00
336	4.664071e-01	5.262885e-01	2.933561e+00
337	5.271289e-01	5.269433e-01	1.033219e+00
338	4.510228e-01	4.094306e-01	1.408403e+00
339	4.846746e-01	5.353426e-01	2.767465e+00
340	4.654624e-01	4.862783e-01	1.526624e+00
341	5.079316e-01	5.368360e-01	1.456277e+00
342	4.628505e-01	5.058244e-01	1.054714e+00
343	5.332001e-01	4.563592e-01	2.601368e+00
344	5.041858e-01	7.022957e-01	2.193942e+00
346	4.412213e-01	4.759458e-01	1.564729e+00
347	4.702684e-01	5.026948e-01	1.679043e+00
348	5.458706e-01	3.905139e-01	2.034685e+00
349	4.817549e-01	5.307899e-01	2.564240e+00
350	4.587628e-01	3.578900e-01	2.311187e+00
351	4.372168e-01	3.439972e-01	1.297997e+00
352	4.778956e-01	5.311100e-01	2.873962e+00
353	4.588860e-01	5.537576e-01	2.202736e+00
354	4.647706e-01	5.086140e-01	2.653151e+00
355	4.797216e-01	4.961341e-01	2.461651e+00
356	4.798139e-01	5.338257e-01	1.679043e+00
357	4.715912e-01	3.990448e-01	2.991207e+00
358	3.005964e-01	4.347233e-01	2.857352e+00
359	4.707944e-01	5.355379e-01	1.913532e+00
360	4.793543e-01	4.609826e-01	1.216903e+00
361	6.395367e-01	6.492139e-01	1.214949e+00
362	4.429716e-01	4.108360e-01	1.005862e+00
363	4.887365e-01	5.545866e-01	2.227162e+00
364	4.781854e-01	5.185906e-01	1.723009e+00
366	5.070989e-01	5.909569e-01	1.692721e+00
367	4.629520e-01	5.306914e-01	1.154372e+00
368	4.719819e-01	5.400343e-01	1.851001e+00
369	4.664308e-01	5.122241e-01	2.418661e+00
370	4.253543e-01	5.881189e-01	1.874450e+00
371	5.560673e-01	4.644799e-01	1.591109e+00
372	4.189988e-01	4.937362e-01	2.199805e+00
373	5.181866e-01	7.009014e-01	2.208598e+00
374	5.117599e-01	5.442975e-01	1.322423e+00
375	3.039832e-01	3.974485e-01	2.361016e+00
376	4.908399e-01	4.487745e-01	1.815828e+00
377	4.629909e-01	5.098407e-01	1.328285e+00
378	4.644497e-01	4.962301e-01	1.883244e+00
379	5.965500e-01	7.237950e-01	1.599902e+00
380	3.191018e-01	3.029758e-01	2.343429e+00
381	4.365613e-01	4.970855e-01	1.835369e+00
383	5.460315e-01	4.749621e-01	1.698583e+00
384	4.384751e-01	6.972956e-01	2.761602e+00
385	4.017089e-01	8.823973e-01	1.961407e+00
386	4.830718e-01	3.768670e-01	2.449927e+00
387	4.832325e-01	5.429604e-01	2.669761e+00
388	3.926516e-01	5.860418e-01	2.597460e+00
389	4.758186e-01	5.202341e-01	2.960918e+00
390	4.740982e-01	5.449422e-01	1.655594e+00
391	5.075128e-01	6.065503e-01	2.572057e+00
392	4.932323e-01	5.442229e-01	1.234489e+00
393	4.906218e-01	4.803851e-01	1.607719e+00
394	4.605176e-01	5.071157e-01	2.643381e+00
395	6.936494e-01	3.683351e-01	1.233512e+00
397	6.352817e-01	3.364229e-01	1.083048e+00
398	5.339900e-01	6.978599e-01	2.453835e+00
399	5.021814e-01	4.834929e-01	2.169516e+00
400	4.258536e-01	4.316655e-01	1.634099e+00
401	5.050398e-01	2.749162e-01	1.314607e+00
402	4.686173e-01	5.579053e-01	2.292623e+00
403	4.385435e-01	2.903050e-01	1.759160e+00
404	4.998847e-01	5.599710e-01	2.942355e+00
405	5.270726e-01	6.087050e-01	1.358574e+00
406	5.024845e-01	5.696096e-01	1.474841e+00
407	4.309349e-01	2.917643e-01	2.850513e+00
408	6.325861e-01	3.556346e-01	2.543723e+00
409	4.489393e-01	5.178838e-01	1.170005e+00
410	4.046349e-01	5.010621e-01	2.011236e+00
411	5.403669e-01	4.622856e-01	2.982413e+00
412	6.828614e-01	2.540186e-01	1.578407e+00
413	4.311163e-01	3.555855e-01	2.904250e+00
414	4.680102e-01	5.157544e-01	2.948217e+00
415	4.586894e-01	5.161322e-01	1.856864e+00
416	4.300955e-01	4.527320e-01	1.780655e+00
417	4.493962e-01	5.057295e-01	1.223742e+00
418	4.729003e-01	5.555922e-01	2.928676e+00
419	4.462801e-01	5.089373e-01	1.055691e+00
420	4.443035e-01	5.352705e-01	2.823156e+00
421	4.654834e-01	5.103071e-01	2.886663e+00
422	4.452032e-01	5.074685e-01	1.391793e+00
423	5.223298e-01	7.400411e-01	1.467025e+00
424	4.727029e-01	5.474233e-01	1.512946e+00
425	5.347682e-01	5.435811e-01	1.960430e+00
426	5.258095e-01	5.419004e-01	2.254519e+00
427	3.976873e-01	3.939408e-01	2.899365e+00
428	4.961084e-01	5.076506e-01	1.247191e+00
429	4.498754e-01	5.042545e-01	1.802149e+00
430	4.551324e-01	5.224508e-01	1.663410e+00
431	4.909327e-01	6.145334e-01	2.556424e+00
432	1.445078e-01	2.597999e-01	2.947240e+00
433	4.620235e-01	5.307312e-01	2.475330e+00
434	4.197590e-01	5.078176e-01	2.923791e+00
435	4.513946e-01	7.016134e-01	2.906204e+00
437	4.675726e-01	5.052168e-01	2.476307e+00
438	3.988607e-01	5.660741e-01	2.065950e+00
439	4.676324e-01	5.068219e-01	1.983879e+00
440	5.548014e-01	5.552424e-01	1.637030e+00
441	5.478072e-01	6.384246e-01	1.338056e+00
442	5.721513e-01	5.174560e-01	2.406937e+00
443	7.005806e-01	5.513482e-01	1.422081e+00
444	4.600364e-01	4.939086e-01	2.956033e+00
445	4.626901e-01	5.095305e-01	2.601368e+00
446	2.695583e-01	2.802126e-01	1.846116e+00
447	4.768446e-01	5.292488e-01	1.264778e+00
448	4.247755e-01	4.522114e-01	1.119199e+00
449	4.973674e-01	5.841835e-01	1.956522e+00
450	6.248661e-01	2.503786e-01	2.971666e+00
451	4.676946e-01	5.044362e-01	2.149976e+00
452	5.521628e-01	5.101249e-01	1.574499e+00
453	5.831747e-01	6.366220e-01	1.775769e+00
455	4.250283e-01	4.697097e-01	2.984367e+00
456	4.465974e-01	4.890686e-01	1.577430e+00
457	4.002497e-01	4.520465e-01	2.955056e+00
458	4.526061e-01	5.405191e-01	2.865169e+00
459	5.995964e-01	6.552447e-01	1.672203e+00
461	5.098265e-01	7.135042e-01	2.513434e+00
462	4.248467e-01	4.701594e-01	1.853933e+00
463	4.761106e-01	5.675082e-01	2.858329e+00
464	3.689687e-01	4.273753e-01	1.574499e+00
465	4.193584e-01	5.272644e-01	1.432829e+00
466	4.670056e-01	5.147400e-01	1.500244e+00
467	6.020367e-01	6.345652e-01	1.323400e+00
468	4.629823e-01	5.083328e-01	2.147044e+00
469	4.667116e-01	5.431370e-01	2.698095e+00
470	4.576555e-01	4.852965e-01	1.364436e+00
471	4.145861e-01	3.406296e-01	2.076698e+00
472	4.645301e-01	5.066308e-01	2.011236e+00
473	3.827959e-01	4.716960e-01	1.215926e+00
474	4.776760e-01	5.133232e-01	2.299463e+00
475	4.329054e-01	4.727561e-01	1.683928e+00
476	4.747179e-01	5.198827e-01	2.081583e+00
477	4.473612e-01	4.966940e-01	2.350269e+00
478	6.073302e-01	4.548013e-01	2.728383e+00
479	5.468478e-01	7.014060e-01	1.194431e+00
480	4.731381e-01	6.152183e-01	2.515388e+00
481	4.399054e-01	4.657565e-01	1.865657e+00
482	3.009228e-01	3.270290e-01	1.802149e+00
483	4.373088e-01	4.428594e-01	1.367367e+00
484	4.374309e-01	3.977829e-01	1.148510e+00
485	5.080716e-01	5.968015e-01	2.427455e+00
486	4.192322e-01	5.378801e-01	2.196873e+00
487	4.523566e-01	5.538760e-01	2.386419e+00
488	4.927370e-01	5.604347e-01	1.294089e+00
489	4.189011e-01	4.583379e-01	1.687836e+00
490	3.704974e-01	4.948119e-01	1.146556e+00
491	4.370920e-01	4.910863e-01	1.597948e+00
492	4.158099e-01	5.292906e-01	2.412799e+00
493	5.314574e-01	6.884281e-01	1.227650e+00
494	4.011884e-01	3.932244e-01	2.522228e+00
495	4.825787e-01	5.557528e-01	1.437714e+00
496	4.785951e-01	5.519135e-01	1.523693e+00
497	3.952759e-01	5.471220e-01	1.221788e+00
498	4.064316e-01	4.971654e-01	1.652662e+00
499	4.934390e-01	6.090555e-01	1.269663e+00
500	4.704524e-01	5.097962e-01	2.967758e+00
501	4.685290e-01	5.110914e-01	2.546654e+00
502	5.073739e-01	3.721603e-01	1.818759e+00
503	4.477017e-01	4.476485e-01	1.919394e+00
504	4.480046e-01	5.092988e-01	2.563263e+00
505	5.387061e-01	6.101681e-01	1.451392e+00
506	4.188428e-01	5.285079e-01	1.718124e+00
507	4.597257e-01	5.133321e-01	1.207132e+00
508	4.594591e-01	4.982454e-01	1.236444e+00
509	4.103675e-01	5.600516e-01	2.622863e+00
510	5.113739e-01	4.592224e-01	2.549585e+00
511	4.619329e-01	5.099979e-01	2.966781e+00
512	3.141961e-01	4.026176e-01	2.395213e+00
513	4.562535e-01	5.614846e-01	1.534441e+00
514	5.409671e-01	5.626555e-01	1.550073e+00
515	5.182663e-01	6.119239e-01	1.610650e+00
516	3.493279e-01	7.482335e-01	1.612604e+00
517	4.529019e-01	5.244999e-01	1.086957e+00
518	5.902897e-01	5.224263e-01	2.282853e+00
519	4.663290e-01	8.175426e-01	1.573522e+00
520	4.753908e-01	5.267245e-01	2.497802e+00
521	4.890203e-01	5.120099e-01	1.752320e+00
523	4.574612e-01	5.196699e-01	1.209086e+00
524	4.040579e-01	3.665428e-01	2.755740e+00
525	4.392336e-01	4.994832e-01	1.499267e+00
526	4.827296e-01	5.095557e-01	1.014656e+00
527	5.182231e-01	5.992109e-01	2.891549e+00
528	4.832702e-01	5.268516e-01	2.478261e+00
529	4.690931e-01	3.776178e-01	1.898876e+00
530	4.756911e-01	4.909927e-01	1.188569e+00
531	4.767276e-01	5.165265e-01	2.785051e+00
532	4.718917e-01	5.098822e-01	2.945286e+00
533	4.298043e-01	3.811267e-01	2.458720e+00
534	4.874890e-01	3.527616e-01	2.673669e+00
535	4.550765e-01	5.033847e-01	1.399609e+00
536	4.793142e-01	5.045254e-01	2.604299e+00
537	4.649690e-01	5.177815e-01	1.529555e+00
538	4.675186e-01	5.107555e-01	2.823156e+00
539	5.026084e-01	5.321580e-01	2.826087e+00
540	4.878821e-01	5.741868e-01	2.844651e+00
541	5.111467e-01	4.855191e-01	2.290669e+00
542	4.724204e-01	5.146882e-01	2.570103e+00
543	4.550321e-01	5.265574e-01	2.396190e+00
544	4.888976e-01	4.914580e-01	1.318515e+00
545	5.013978e-01	5.833038e-01	2.605276e+00
546	4.342354e-01	3.492733e-01	2.683439e+00
547	4.316101e-01	5.093970e-01	1.587201e+00
548	3.801182e-01	3.483669e-01	1.375183e+00
549	5.201673e-01	5.196315e-01	2.298486e+00
550	4.696038e-01	7.312935e-01	1.285296e+00
551	4.675533e-01	5.075468e-01	2.983390e+00
552	5.023432e-01	6.644338e-01	1.195408e+00
553	4.881208e-01	5.121994e-01	2.414753e+00
554	6.348446e-01	5.043686e-01	1.843185e+00
555	4.498301e-01	4.567857e-01	2.396190e+00
556	4.570303e-01	5.332347e-01	3.000000e+00
557	4.743579e-01	5.195168e-01	2.728383e+00
559	4.849324e-01	5.342411e-01	1.944797e+00
560	4.861866e-01	4.363548e-01	2.883732e+00
561	5.827829e-01	5.746586e-01	2.383488e+00
562	4.535463e-01	3.929294e-01	2.506595e+00
563	4.352729e-01	4.987769e-01	1.786517e+00
564	5.016488e-01	4.917313e-01	2.893503e+00
565	4.645817e-01	5.004002e-01	2.981436e+00
566	4.134543e-01	4.929620e-01	2.663898e+00
567	4.490334e-01	4.741929e-01	2.227162e+00
568	4.821213e-01	5.062009e-01	1.527601e+00
569	5.343970e-01	7.063701e-01	2.610161e+00
570	4.547989e-01	5.664721e-01	1.058622e+00
571	4.823068e-01	5.453538e-01	2.782120e+00
573	4.661004e-01	5.192023e-01	2.109917e+00
574	4.384490e-01	4.736460e-01	2.074744e+00
575	4.607687e-01	5.187494e-01	2.319003e+00
576	4.766642e-01	4.663458e-01	1.290181e+00
577	3.952107e-01	4.747446e-01	1.286273e+00
578	5.097919e-01	5.921486e-01	1.881290e+00
579	4.740314e-01	5.209043e-01	1.664387e+00
580	2.488053e-01	1.316260e-01	1.242306e+00
581	4.152061e-01	5.569422e-01	1.927211e+00
582	4.598348e-01	5.122353e-01	2.820225e+00
583	4.605053e-01	3.475633e-01	2.792868e+00
584	5.339395e-01	4.797998e-01	1.201270e+00
585	4.360015e-01	4.086043e-01	1.898876e+00
586	4.665948e-01	5.147427e-01	1.782609e+00
587	4.667080e-01	5.135586e-01	1.561798e+00
588	4.650545e-01	5.095510e-01	2.282853e+00
589	4.417269e-01	4.958569e-01	2.210552e+00
590	4.972078e-01	4.694753e-01	1.020518e+00
591	4.488655e-01	4.926068e-01	1.784563e+00
592	4.672352e-01	5.093310e-01	1.275525e+00
593	4.485672e-01	5.266302e-01	1.212995e+00
594	4.858225e-01	4.490695e-01	2.964827e+00
595	4.677366e-01	5.028566e-01	2.079629e+00
596	3.315553e-01	6.975812e-01	1.187592e+00
597	5.085971e-01	5.362833e-01	1.258915e+00
598	4.720464e-01	5.058041e-01	1.999511e+00
599	4.699094e-01	5.137781e-01	1.264778e+00
600	4.597496e-01	5.100081e-01	1.110405e+00
601	3.080934e-01	3.150820e-01	1.107474e+00
602	4.517511e-01	4.803344e-01	1.070347e+00
603	4.726681e-01	5.123052e-01	2.400098e+00
604	5.053391e-01	5.189724e-01	2.871031e+00
605	4.651603e-01	5.007237e-01	2.739130e+00
606	4.571443e-01	4.824200e-01	2.061065e+00
607	2.621839e-01	3.632713e-01	1.073278e+00
608	4.327727e-01	4.776777e-01	2.799707e+00
609	3.810397e-01	4.295649e-01	2.010259e+00
610	5.081119e-01	5.010592e-01	1.700537e+00
611	4.789354e-01	5.292740e-01	1.339033e+00
612	4.893249e-01	5.612989e-01	2.227162e+00
613	4.757930e-01	6.902945e-01	2.482169e+00
614	4.680463e-01	4.920804e-01	2.958964e+00
615	4.952291e-01	6.141574e-01	1.443576e+00
616	4.097461e-01	4.701822e-01	2.381534e+00
617	4.141899e-01	3.909744e-01	1.971177e+00
618	4.788291e-01	5.311904e-01	2.960918e+00
619	5.578507e-01	8.922938e-01	1.812897e+00
620	4.962256e-01	4.597193e-01	1.170982e+00
621	5.472899e-01	5.428590e-01	1.277479e+00
622	3.870903e-01	7.270034e-01	1.176844e+00
623	4.811181e-01	4.254930e-01	1.636053e+00
624	5.601275e-01	5.483597e-01	2.336590e+00
625	4.149189e-01	5.266938e-01	1.343918e+00
626	4.646972e-01	5.249259e-01	1.905716e+00
627	4.456353e-01	5.915221e-01	1.784563e+00
628	4.534791e-01	5.051031e-01	2.063996e+00
629	4.755999e-01	5.130245e-01	2.497802e+00
630	4.129084e-01	4.934188e-01	2.870054e+00
631	4.360369e-01	4.498021e-01	1.729849e+00
632	3.930588e-01	3.496876e-01	2.290669e+00
633	4.662162e-01	5.078353e-01	2.841720e+00
634	4.618202e-01	5.040735e-01	2.195896e+00
635	4.935622e-01	5.198529e-01	1.601856e+00
636	4.884742e-01	5.480901e-01	2.449927e+00
637	4.229398e-01	5.137198e-01	1.462140e+00
638	4.644749e-01	5.092643e-01	2.041524e+00
639	4.663959e-01	5.103708e-01	2.061065e+00
640	4.992140e-01	6.280016e-01	2.130435e+00
641	4.240525e-01	4.451858e-01	2.205667e+00
642	4.614854e-01	5.032969e-01	2.184172e+00
643	4.698203e-01	4.994952e-01	2.747924e+00
644	4.914170e-01	4.449269e-01	2.909135e+00
645	4.702759e-01	5.157318e-01	2.777235e+00
646	4.770648e-01	5.341709e-01	1.295066e+00
647	5.318198e-01	4.622242e-01	1.050806e+00
648	5.126784e-01	5.344123e-01	1.191500e+00
649	4.711813e-01	5.128007e-01	1.198339e+00
650	4.349916e-01	5.148345e-01	2.656082e+00
651	4.513690e-01	5.186781e-01	1.692721e+00
652	8.007178e-01	6.637278e-01	2.330728e+00
653	4.644250e-01	5.119914e-01	1.906693e+00
654	4.749075e-01	5.411297e-01	2.192965e+00
655	4.651748e-01	4.386432e-01	1.200293e+00
656	4.460777e-01	5.038625e-01	2.361016e+00
657	5.414659e-01	6.268563e-01	2.080606e+00
658	4.709667e-01	5.085941e-01	2.017098e+00
659	5.463351e-01	4.928378e-01	2.191011e+00
660	4.375410e-01	2.724779e-01	1.667318e+00
661	4.197787e-01	3.702622e-01	2.229116e+00
662	5.978697e-01	7.401347e-01	1.188569e+00
663	4.755095e-01	5.364393e-01	2.714704e+00
664	4.398359e-01	4.456712e-01	1.979971e+00
665	5.794665e-01	5.599138e-01	2.954079e+00
666	8.275875e-01	6.931347e-01	1.803127e+00
667	4.114178e-01	5.071973e-01	1.039082e+00
668	5.240265e-01	8.152046e-01	1.893014e+00
669	3.798692e-01	4.380346e-01	1.778701e+00
670	2.250658e-01	2.225764e-01	1.807035e+00
671	4.934876e-01	5.385841e-01	1.102589e+00
672	4.609655e-01	5.210032e-01	1.879336e+00
673	4.860946e-01	4.504168e-01	1.984856e+00
674	4.651174e-01	5.111663e-01	2.238886e+00
675	4.732850e-01	5.346622e-01	2.868100e+00
676	4.772907e-01	5.085847e-01	2.748901e+00
677	2.369866e-01	4.903717e-01	1.578407e+00
678	4.387246e-01	4.778284e-01	1.621397e+00
679	4.611748e-01	5.040779e-01	2.657059e+00
680	4.411632e-01	4.793469e-01	2.404983e+00
681	4.301310e-01	4.757201e-01	2.272106e+00
682	4.090458e-01	4.788292e-01	1.463117e+00
683	4.781096e-01	5.284083e-01	2.316072e+00
684	4.718473e-01	5.172908e-01	2.334636e+00
685	4.292051e-01	5.120879e-01	1.365413e+00
686	5.657975e-01	5.000126e-01	2.105032e+00
687	5.055911e-01	4.981946e-01	1.339033e+00
688	4.826442e-01	5.121375e-01	2.932584e+00
689	4.670796e-01	5.149818e-01	2.378603e+00
690	4.650688e-01	5.003503e-01	1.833415e+00
691	4.669551e-01	7.563901e-01	1.663410e+00
692	4.938826e-01	4.881719e-01	2.251588e+00
693	3.369343e-01	3.834636e-01	1.766976e+00
694	4.526288e-01	4.258585e-01	1.575476e+00
695	5.754301e-01	6.020927e-01	2.771373e+00
696	4.749305e-01	5.179286e-01	2.787005e+00
697	4.624554e-01	5.126052e-01	1.959453e+00
698	4.602683e-01	5.130964e-01	2.187103e+00
699	4.644780e-01	5.087209e-01	2.430386e+00
700	4.878268e-01	5.592395e-01	2.679531e+00
701	3.971015e-01	4.336754e-01	2.191988e+00
702	4.656164e-01	5.166549e-01	2.945286e+00
703	4.561132e-01	5.225956e-01	2.793845e+00
704	4.392734e-01	5.110855e-01	2.132389e+00
705	7.026098e-01	6.293407e-01	1.627259e+00
706	4.580052e-01	5.091695e-01	1.623351e+00
707	4.600295e-01	5.031810e-01	2.772350e+00
708	4.756407e-01	5.195650e-01	1.552027e+00
709	4.908189e-01	3.613802e-01	1.180752e+00
710	5.113545e-01	5.651813e-01	1.632145e+00
711	4.933294e-01	8.591681e-01	1.680997e+00
712	4.668076e-01	6.264583e-01	2.828041e+00
713	6.497634e-01	7.871909e-01	1.703468e+00
714	3.113596e-01	6.645090e-01	1.471910e+00
715	4.661452e-01	5.178257e-01	2.368832e+00
716	4.677367e-01	5.306382e-01	1.961407e+00
717	4.594140e-01	5.137424e-01	1.756229e+00
718	4.513830e-01	5.270477e-01	2.987298e+00
719	4.621489e-01	5.108701e-01	2.332682e+00
720	4.548708e-01	4.871010e-01	1.097704e+00
721	5.868197e-01	5.658812e-01	1.954568e+00
722	4.646562e-01	5.144262e-01	1.704446e+00
723	4.652973e-01	5.107645e-01	1.853933e+00
724	4.950577e-01	5.941176e-01	2.829995e+00
725	4.031552e-01	5.480998e-01	2.232047e+00
726	4.273067e-01	4.150282e-01	2.587689e+00
727	7.314741e-01	2.553606e-01	2.698095e+00
729	5.046673e-01	5.318547e-01	1.212995e+00
730	4.929511e-01	5.691014e-01	1.502198e+00
731	4.645085e-01	5.051535e-01	2.614069e+00
732	4.191204e-01	3.659042e-01	2.880801e+00
733	4.813542e-01	5.198975e-01	1.956522e+00
734	5.779116e-01	5.787197e-01	2.745970e+00
735	4.504813e-01	5.354584e-01	1.179775e+00
736	4.903215e-01	4.848196e-01	1.935027e+00
737	4.474381e-01	5.206144e-01	1.975085e+00
738	4.917366e-01	5.643353e-01	1.067416e+00
739	5.041131e-01	4.953870e-01	2.024915e+00
740	4.943359e-01	5.748563e-01	2.810454e+00
741	4.307225e-01	4.575132e-01	2.428432e+00
742	4.614122e-01	5.372082e-01	1.957499e+00
743	4.448909e-01	4.920343e-01	2.306302e+00
744	4.376733e-01	4.996582e-01	2.557401e+00
745	4.874033e-01	5.403746e-01	1.243283e+00
746	4.391853e-01	5.048939e-01	2.429409e+00
747	4.715105e-01	4.705203e-01	2.523205e+00
748	2.432739e-01	3.937529e-01	2.842697e+00
749	4.653469e-01	5.103448e-01	2.247680e+00
750	4.222721e-01	4.835957e-01	2.000489e+00
751	4.915885e-01	5.273154e-01	2.446019e+00
752	4.589069e-01	5.148155e-01	2.360039e+00
753	5.457331e-01	6.894197e-01	2.567171e+00
754	4.616648e-01	4.981654e-01	2.415730e+00
755	4.467990e-01	5.439183e-01	1.989741e+00
756	4.696278e-01	5.030545e-01	2.908158e+00
757	5.234498e-01	3.697483e-01	2.731314e+00
758	4.645729e-01	5.145992e-01	2.544700e+00
759	4.640992e-01	5.098418e-01	2.890572e+00
760	4.656606e-01	5.089073e-01	1.654617e+00
761	4.609693e-01	5.084385e-01	1.008793e+00
762	4.738185e-01	5.403797e-01	1.260870e+00
763	4.354780e-01	5.140254e-01	1.347826e+00
764	4.567742e-01	5.173344e-01	1.325354e+00
765	4.703794e-01	5.097292e-01	1.420127e+00
766	6.209408e-01	6.434846e-01	2.845628e+00
767	4.572524e-01	4.929965e-01	1.853933e+00
768	4.625724e-01	4.959996e-01	1.303859e+00
769	4.366181e-01	4.085326e-01	1.294089e+00
770	8.453578e-01	1.054575e-01	1.675134e+00
771	4.671639e-01	4.187890e-01	2.417684e+00
772	4.750025e-01	5.618724e-01	2.053249e+00
773	4.522069e-01	5.252027e-01	1.276502e+00
774	4.180430e-01	2.798897e-01	2.779189e+00
775	4.260900e-01	7.273403e-01	1.984856e+00
776	5.731475e-01	3.494364e-01	2.295554e+00
777	4.660114e-01	5.127534e-01	1.652662e+00
778	4.579991e-01	4.977001e-01	2.464582e+00
779	4.630924e-01	5.128635e-01	1.763068e+00
780	4.660326e-01	4.781034e-01	2.026869e+00
781	3.991304e-01	4.302516e-01	1.160234e+00
782	3.268212e-01	5.405507e-01	2.302394e+00
783	4.535163e-01	5.131362e-01	1.384954e+00
784	4.593838e-01	5.082862e-01	2.598437e+00
785	5.661259e-01	5.059672e-01	2.130435e+00
786	4.581398e-01	5.145626e-01	1.690767e+00
787	4.587029e-01	5.362221e-01	1.940889e+00
788	4.800557e-01	5.259244e-01	2.099170e+00
