782
0	2.023967e-01	4.342556e-01	1.398632e+00
1	4.422430e-01	6.190686e-01	1.108451e+00
2	4.987357e-01	5.620617e-01	2.925745e+00
3	4.253415e-01	4.342692e-01	2.732291e+00
4	4.161066e-01	3.269962e-01	1.257938e+00
5	4.707852e-01	5.100625e-01	2.424524e+00
6	6.280487e-01	7.549714e-01	1.383000e+00
7	4.531824e-01	5.310893e-01	2.705911e+00
8	4.502195e-01	4.832670e-01	2.442110e+00
9	4.652360e-01	4.962141e-01	2.233024e+00
10	4.818773e-01	5.055960e-01	2.376649e+00
11	4.820152e-01	5.153753e-01	1.556913e+00
12	5.836337e-01	6.106703e-01	2.950171e+00
13	5.134158e-01	5.915754e-01	1.066439e+00
14	4.593478e-01	4.963150e-01	1.626282e+00
15	6.132916e-01	3.540582e-01	1.306790e+00
16	4.649750e-01	4.957480e-01	2.902296e+00
17	4.516570e-01	6.551577e-01	1.195408e+00
18	4.757076e-01	4.455441e-01	1.785540e+00
19	4.797515e-01	5.233541e-01	1.248168e+00
20	4.546200e-01	5.051566e-01	1.863703e+00
21	5.642424e-01	5.590588e-01	2.671715e+00
22	4.740192e-01	5.042638e-01	2.487054e+00
23	7.157662e-01	5.419517e-01	1.946751e+00
24	3.105733e-01	4.779162e-01	1.303859e+00
25	2.971362e-01	1.802280e-01	2.152907e+00
26	4.669367e-01	4.963854e-01	1.388862e+00
27	4.803939e-01	5.272253e-01	1.591109e+00
28	4.466813e-01	4.458804e-01	2.205667e+00
29	4.732576e-01	5.317038e-01	2.181241e+00
30	4.979340e-01	4.447380e-01	1.475818e+00
31	4.169330e-01	5.838984e-01	2.309233e+00
32	4.716931e-01	5.420163e-01	2.073766e+00
33	3.498822e-01	3.423987e-01	2.331705e+00
34	4.791024e-01	5.435282e-01	1.126038e+00
35	4.186023e-01	7.776155e-01	2.235955e+00
36	4.182357e-01	6.397327e-01	2.805569e+00
37	5.270240e-01	5.679855e-01	2.555447e+00
38	4.624199e-01	4.804112e-01	2.559355e+00
39	4.672085e-01	5.009658e-01	1.895945e+00
40	4.249300e-01	4.414959e-01	1.282364e+00
41	5.058866e-01	5.729191e-01	2.750855e+00
42	4.734068e-01	5.102578e-01	2.412799e+00
43	4.857698e-01	5.077686e-01	2.557401e+00
44	4.895216e-01	6.091223e-01	1.648754e+00
45	4.806151e-01	5.651610e-01	1.721055e+00
46	4.407559e-01	4.329239e-01	2.588666e+00
47	4.853878e-01	4.970426e-01	1.525647e+00
48	4.634300e-01	5.034135e-01	2.751832e+00
49	6.296909e-01	5.662875e-01	2.625794e+00
50	4.469176e-01	4.248307e-01	1.663410e+00
51	4.628488e-01	4.935761e-01	2.560332e+00
52	4.748744e-01	5.071709e-01	1.696629e+00
53	4.440578e-01	4.980868e-01	1.506106e+00
54	4.610342e-01	5.058880e-01	2.675623e+00
55	5.128392e-01	5.455721e-01	2.497802e+00
56	5.345059e-01	7.475485e-01	1.031265e+00
57	4.242189e-01	3.478382e-01	2.361993e+00
58	4.932423e-01	5.390520e-01	1.866634e+00
60	4.112551e-01	9.501361e-02	1.503175e+00
61	5.334047e-01	5.173432e-01	2.449927e+00
62	4.684751e-01	4.986231e-01	2.831949e+00
63	4.545264e-01	4.910678e-01	2.317049e+00
64	4.483894e-01	4.493822e-01	2.353200e+00
65	4.665091e-01	5.015667e-01	2.575965e+00
66	3.380024e-01	4.414379e-01	2.922814e+00
67	5.229125e-01	5.658414e-01	2.289692e+00
68	4.511609e-01	4.947371e-01	2.766488e+00
69	5.486724e-01	5.274574e-01	1.522716e+00
70	5.033871e-01	5.016711e-01	2.769419e+00
71	4.534294e-01	4.952544e-01	1.110405e+00
72	4.818701e-01	5.307013e-01	1.412311e+00
73	6.821251e-01	5.802585e-01	1.951637e+00
74	5.655280e-01	3.146958e-01	1.449438e+00
75	6.831434e-01	6.834333e-01	2.176356e+00
76	4.362915e-01	4.050101e-01	1.212995e+00
77	4.300056e-01	5.030102e-01	1.872496e+00
78	4.736799e-01	5.100216e-01	1.606742e+00
79	4.716543e-01	6.286759e-01	1.183683e+00
80	4.642642e-01	4.488264e-01	2.736199e+00
81	4.674160e-01	5.005097e-01	1.617489e+00
82	4.805218e-01	5.945087e-01	2.456766e+00
83	5.316295e-01	5.861205e-01	1.406448e+00
84	5.900119e-01	6.301955e-01	2.453835e+00
85	4.708393e-01	5.013168e-01	2.712750e+00
86	4.604182e-01	4.931549e-01	2.877870e+00
87	4.675721e-01	5.297698e-01	1.533464e+00
88	5.154123e-01	6.639460e-01	2.169516e+00
89	4.300886e-01	4.748941e-01	2.483146e+00
90	5.369255e-01	5.899575e-01	1.538349e+00
91	4.479009e-01	5.040779e-01	1.117245e+00
92	4.792107e-01	5.302427e-01	2.709819e+00
93	4.546108e-01	5.391348e-01	2.929653e+00
94	4.389501e-01	5.662213e-01	2.125550e+00
95	4.871454e-01	2.899504e-01	2.148999e+00
96	4.541798e-01	5.216672e-01	1.206155e+00
97	9.006063e-04	6.522328e-01	2.689301e+00
98	4.758637e-01	5.085914e-01	1.997557e+00
99	5.094142e-01	5.161023e-01	1.753298e+00
100	4.528036e-01	5.124722e-01	1.491451e+00
101	4.657393e-01	4.972320e-01	2.381534e+00
102	4.406569e-01	4.692778e-01	1.837323e+00
103	4.829486e-01	4.577183e-01	2.723498e+00
104	2.541488e-01	3.815978e-01	1.216903e+00
105	4.904671e-01	5.209778e-01	1.385931e+00
106	7.775271e-01	9.344967e-01	1.094773e+00
107	4.722250e-01	4.926479e-01	1.887152e+00
108	5.324262e-01	4.840478e-01	1.869565e+00
109	4.338728e-01	5.310754e-01	2.657059e+00
110	3.513493e-01	5.181697e-01	1.905716e+00
111	4.348206e-01	4.768250e-01	2.319980e+00
113	3.360392e-01	4.048560e-01	1.155349e+00
114	4.690925e-01	5.090430e-01	1.261847e+00
115	4.661831e-01	4.176473e-01	1.308745e+00
116	5.724179e-01	7.703726e-01	1.148510e+00
117	4.976375e-01	5.556345e-01	1.865657e+00
118	4.143811e-01	4.408770e-01	2.988276e+00
119	4.508848e-01	5.242145e-01	1.479726e+00
120	4.809337e-01	5.312708e-01	2.095261e+00
121	4.233887e-01	4.157461e-01	2.442110e+00
122	4.021525e-01	6.967776e-01	1.070347e+00
123	5.165074e-01	5.156667e-01	1.417196e+00
124	4.602894e-01	4.906528e-01	2.817294e+00
126	4.011265e-01	4.520654e-01	2.738153e+00
127	3.620742e-01	4.370651e-01	2.338544e+00
128	5.329893e-01	2.522285e-01	1.282364e+00
129	4.380358e-01	4.925601e-01	2.676600e+00
130	5.345779e-01	2.502074e-01	2.443087e+00
131	5.127348e-01	4.387617e-01	2.375672e+00
132	5.989575e-01	4.015997e-01	1.220811e+00
133	6.263735e-01	6.542557e-01	2.407914e+00
134	4.725983e-01	4.750560e-01	2.277968e+00
135	4.940415e-01	5.036878e-01	2.409868e+00
136	4.959538e-01	5.391877e-01	2.083537e+00
137	5.383634e-01	5.834524e-01	2.286761e+00
138	4.277298e-01	4.926741e-01	1.194431e+00
139	4.596938e-01	5.168266e-01	2.818271e+00
140	4.446388e-01	6.023780e-01	2.827064e+00
141	4.848697e-01	5.086977e-01	1.684905e+00
142	4.726656e-01	4.976275e-01	1.999511e+00
143	4.534855e-01	4.848888e-01	1.956522e+00
144	5.400941e-01	5.493664e-01	2.323889e+00
145	4.013923e-01	4.393818e-01	2.501710e+00
146	6.010120e-01	4.004217e-01	2.395213e+00
147	5.549221e-01	5.957959e-01	2.719590e+00
148	4.641598e-01	4.973744e-01	2.937469e+00
149	4.326541e-01	4.385577e-01	2.803615e+00
150	4.387792e-01	4.796651e-01	1.794333e+00
151	4.691583e-01	4.866330e-01	2.611138e+00
152	4.563378e-01	5.524142e-01	1.724963e+00
153	4.547576e-01	5.223432e-01	1.983879e+00
154	4.672583e-01	5.040963e-01	2.181241e+00
155	3.759349e-01	4.580295e-01	1.295066e+00
156	5.135447e-01	5.746237e-01	1.970200e+00
157	4.646370e-01	5.084054e-01	2.387396e+00
158	6.473367e-01	4.037137e-01	2.386419e+00
159	5.339552e-01	3.212389e-01	2.647289e+00
160	4.784448e-01	5.211249e-01	1.686859e+00
161	4.688396e-01	4.769265e-01	1.553981e+00
162	5.051842e-01	6.025593e-01	1.764045e+00
163	4.169423e-01	3.021147e-01	1.632145e+00
164	4.651763e-01	4.971513e-01	1.235467e+00
165	4.605408e-01	4.860542e-01	2.251588e+00
166	4.318366e-01	4.800181e-01	1.751343e+00
167	6.191896e-01	4.786464e-01	1.715193e+00
168	4.623202e-01	4.980534e-01	2.109917e+00
169	4.795523e-01	5.833654e-01	2.137274e+00
170	5.515177e-01	5.877719e-01	2.099170e+00
171	4.973400e-01	5.393907e-01	2.057157e+00
172	4.121833e-01	5.767613e-01	2.246702e+00
173	4.832647e-01	4.669346e-01	1.894968e+00
174	5.056377e-01	5.085750e-01	2.453835e+00
175	4.497932e-01	4.589288e-01	2.834880e+00
176	4.140614e-01	6.215345e-01	2.215437e+00
177	4.776490e-01	5.224373e-01	2.153884e+00
178	4.734726e-01	4.998539e-01	2.475330e+00
179	5.789028e-01	5.740779e-01	1.274548e+00
180	4.687887e-01	4.765756e-01	2.127504e+00
181	4.566408e-01	5.057797e-01	1.790425e+00
182	5.322778e-01	2.947549e-01	1.736688e+00
183	5.132686e-01	5.142211e-01	1.692721e+00
184	4.204986e-01	4.024950e-01	2.042501e+00
185	4.398257e-01	4.492221e-01	1.468979e+00
186	4.379442e-01	5.265219e-01	1.784563e+00
187	4.495240e-01	5.017502e-01	2.653151e+00
188	4.591400e-01	5.054050e-01	1.839277e+00
189	4.540326e-01	4.930818e-01	1.175867e+00
190	5.393235e-01	5.599831e-01	2.807523e+00
191	5.215894e-01	4.680723e-01	2.811431e+00
192	3.730961e-01	5.350531e-01	1.192477e+00
193	7.013651e-01	6.733666e-01	1.620420e+00
194	4.729998e-01	4.643689e-01	2.624817e+00
195	4.722827e-01	5.005065e-01	2.806546e+00
196	4.819419e-01	5.236516e-01	1.763068e+00
197	4.092495e-01	8.104031e-01	2.060088e+00
198	3.784212e-01	3.994330e-01	2.458720e+00
199	4.754603e-01	4.850050e-01	2.463605e+00
200	4.528195e-01	5.513571e-01	1.141671e+00
201	4.677234e-01	5.058142e-01	1.146556e+00
202	4.063804e-01	4.277325e-01	1.395701e+00
203	5.320208e-01	5.157642e-01	1.755252e+00
204	4.499000e-01	4.725460e-01	2.901319e+00
205	4.364274e-01	4.257017e-01	2.123596e+00
206	3.639876e-01	3.941231e-01	1.652662e+00
207	4.857363e-01	5.407409e-01	1.199316e+00
208	4.869399e-01	5.616599e-01	2.170493e+00
209	6.873869e-01	6.439598e-01	2.733268e+00
210	4.690234e-01	3.547539e-01	1.545188e+00
211	4.395025e-01	5.093800e-01	1.376160e+00
212	4.745549e-01	5.234433e-01	1.621397e+00
213	4.658117e-01	5.105150e-01	1.883244e+00
214	4.686163e-01	4.831250e-01	1.612604e+00
215	4.405509e-01	4.855164e-01	2.909135e+00
216	4.776786e-01	5.114946e-01	1.354665e+00
217	4.532849e-01	5.025659e-01	2.770396e+00
218	6.104215e-01	5.045779e-01	2.148999e+00
219	4.388405e-01	4.730911e-01	2.624817e+00
220	4.807028e-01	5.981454e-01	2.697118e+00
221	4.818124e-01	5.197186e-01	1.938935e+00
222	3.180686e-01	5.335196e-01	1.854910e+00
223	3.687688e-01	4.169820e-01	2.625794e+00
224	2.821757e-01	3.750725e-01	2.984367e+00
225	5.005108e-01	5.734894e-01	2.693210e+00
226	4.809343e-01	5.377556e-01	2.276014e+00
227	4.882015e-01	5.419696e-01	1.245237e+00
228	4.670678e-01	5.033020e-01	1.489497e+00
229	4.624858e-01	4.973986e-01	2.305325e+00
230	4.813886e-01	5.212737e-01	2.689301e+00
231	4.841834e-01	5.660372e-01	1.346849e+00
232	4.507321e-01	4.699875e-01	2.447973e+00
233	4.435997e-01	5.390342e-01	1.591109e+00
234	5.849755e-01	3.955827e-01	1.931119e+00
235	4.705079e-01	5.043613e-01	2.687347e+00
236	4.647420e-01	4.975407e-01	2.787982e+00
237	4.775792e-01	5.131209e-01	1.510015e+00
238	4.721418e-01	4.903159e-01	2.193942e+00
239	4.450031e-01	4.597839e-01	2.918906e+00
240	5.336614e-01	6.015496e-01	1.734734e+00
241	4.681293e-01	4.299594e-01	1.119199e+00
242	4.935871e-01	5.934327e-01	1.631168e+00
243	4.800363e-01	4.588142e-01	1.258915e+00
244	4.648217e-01	4.517987e-01	2.458720e+00
245	4.131550e-01	4.821482e-01	2.134343e+00
246	4.662201e-01	4.968937e-01	2.662921e+00
247	4.677288e-01	4.957804e-01	2.924768e+00
248	5.651315e-01	5.928792e-01	2.983390e+00
249	4.256314e-01	7.692230e-01	2.305325e+00
250	6.456880e-01	9.132821e-01	2.763556e+00
251	5.735930e-01	8.271658e-01	2.374695e+00
252	5.202754e-01	5.004140e-01	1.703468e+00
253	4.776129e-01	5.638802e-01	1.246214e+00
254	3.980624e-01	4.467925e-01	2.925745e+00
255	4.742617e-01	5.195597e-01	1.857841e+00
256	4.819092e-01	5.184081e-01	2.601368e+00
257	4.904334e-01	5.447791e-01	2.413776e+00
258	4.965777e-01	5.026337e-01	2.569126e+00
259	5.029537e-01	5.745517e-01	1.865657e+00
260	4.696485e-01	4.993235e-01	2.574988e+00
261	4.617394e-01	4.924928e-01	1.598925e+00
262	5.224968e-01	6.802771e-01	2.264289e+00
263	4.140251e-01	5.358740e-01	1.176844e+00
264	4.739751e-01	6.148878e-01	1.061553e+00
265	4.841142e-01	5.171072e-01	2.526136e+00
266	4.575934e-01	4.797211e-01	1.928188e+00
267	4.336994e-01	5.101927e-01	2.006351e+00
268	4.945292e-01	5.428922e-01	1.041036e+00
269	4.411439e-01	6.370156e-01	1.793356e+00
270	4.362290e-01	3.916135e-01	1.860772e+00
271	3.235160e-01	5.260181e-01	1.389839e+00
272	4.557833e-01	4.845862e-01	1.052760e+00
273	4.448931e-01	4.264217e-01	1.156326e+00
274	4.814764e-01	7.383725e-01	1.981925e+00
275	5.133097e-01	3.451317e-01	2.256473e+00
276	4.491919e-01	4.553029e-01	2.368832e+00
277	4.633099e-01	5.287066e-01	2.024915e+00
279	4.859460e-01	5.684030e-01	1.348803e+00
280	4.254201e-01	3.577702e-01	2.472399e+00
281	4.716168e-01	5.566783e-01	2.288715e+00
282	4.536397e-01	4.460058e-01	2.745970e+00
283	4.930919e-01	5.266524e-01	2.490962e+00
284	4.690077e-01	7.158440e-01	2.515388e+00
285	4.852338e-01	3.808673e-01	1.545188e+00
286	4.741532e-01	5.120766e-01	2.662921e+00
287	4.881644e-01	5.633492e-01	2.264289e+00
288	5.005107e-01	5.597190e-01	2.905227e+00
289	4.218264e-01	4.472856e-01	1.058622e+00
290	5.388471e-01	4.411330e-01	2.152907e+00
291	5.536455e-01	7.191905e-01	2.784074e+00
292	4.547357e-01	4.934161e-01	2.445042e+00
293	7.800786e-01	8.989532e-01	2.852467e+00
294	4.461320e-01	4.837296e-01	2.070835e+00
295	5.304305e-01	4.665770e-01	1.406448e+00
296	2.332226e-01	1.093766e-01	1.751343e+00
297	5.366397e-01	5.010805e-01	2.077675e+00
298	6.060266e-01	4.279610e-01	1.601856e+00
299	4.832214e-01	5.160696e-01	2.048363e+00
300	4.979856e-01	5.540437e-01	2.781143e+00
301	4.651932e-01	4.968995e-01	2.779189e+00
302	4.183797e-01	4.298756e-01	2.617978e+00
303	5.417484e-01	5.723824e-01	1.698583e+00
304	4.618246e-01	5.865322e-01	1.948705e+00
305	4.653502e-01	5.086264e-01	1.416219e+00
306	4.839814e-01	8.596080e-01	1.745481e+00
307	4.643894e-01	4.986891e-01	2.291646e+00
308	6.856670e-01	7.626631e-01	1.868588e+00
309	5.027489e-01	5.305634e-01	2.511480e+00
310	4.642612e-01	4.703184e-01	2.596483e+00
311	4.770513e-01	5.052801e-01	2.855398e+00
312	4.495036e-01	4.730385e-01	1.312653e+00
313	4.495431e-01	4.468030e-01	1.787494e+00
314	4.607570e-01	4.950702e-01	2.252565e+00
315	4.122780e-01	4.367854e-01	1.978017e+00
316	5.226128e-01	4.906627e-01	2.965804e+00
317	4.771240e-01	5.152686e-01	2.221299e+00
318	3.477323e-01	5.318294e-01	1.701514e+00
319	5.052142e-01	6.168262e-01	1.135809e+00
320	4.911379e-01	5.157244e-01	2.997069e+00
321	4.118260e-01	7.701519e-01	2.470445e+00
322	4.887229e-01	6.190914e-01	2.362970e+00
323	4.736109e-01	5.071360e-01	2.553493e+00
324	4.459224e-01	5.405165e-01	1.347826e+00
325	4.800023e-01	6.682314e-01	2.896434e+00
326	4.725433e-01	4.965904e-01	1.857841e+00
327	5.213696e-01	5.412588e-01	1.669272e+00
328	4.668153e-01	5.244723e-01	1.726917e+00
329	4.327648e-01	4.363152e-01	2.604299e+00
330	4.916567e-01	5.394768e-01	2.089399e+00
331	4.594442e-01	4.814811e-01	1.552027e+00
332	4.554728e-01	4.666436e-01	1.769907e+00
333	4.636983e-01	5.027425e-01	1.382022e+00
334	4.187867e-01	3.172813e-01	2.510503e+00
335	4.312412e-01	4.944719e-01	1.640938e+00
336	4.635372e-01	4.975431e-01	2.933561e+00
337	4.059961e-01	4.298989e-01	1.033219e+00
338	4.112257e-01	4.179249e-01	1.408403e+00
339	4.744090e-01	5.149617e-01	2.767465e+00
340	4.763322e-01	5.357910e-01	1.526624e+00
341	4.512007e-01	3.620191e-01	1.456277e+00
342	4.747610e-01	4.727643e-01	1.054714e+00
343	4.295714e-01	5.539780e-01	2.601368e+00
344	4.817372e-01	6.625670e-01	2.193942e+00
345	4.840337e-01	7.991656e-01	2.321935e+00
346	4.522034e-01	4.791536e-01	1.564729e+00
347	4.783514e-01	4.981660e-01	1.679043e+00
348	6.432865e-01	5.523461e-01	2.034685e+00
349	4.754537e-01	4.799773e-01	2.564240e+00
350	3.430645e-01	3.327882e-01	2.311187e+00
351	4.579814e-01	5.051642e-01	1.297997e+00
352	4.775804e-01	5.159843e-01	2.873962e+00
353	5.155904e-01	5.025418e-01	2.202736e+00
354	4.658203e-01	4.966502e-01	2.653151e+00
355	5.117192e-01	3.464119e-01	2.461651e+00
356	4.768023e-01	5.125991e-01	1.679043e+00
357	4.544439e-01	4.301244e-01	2.991207e+00
358	4.540150e-01	3.088197e-01	2.857352e+00
359	5.297735e-01	6.673975e-01	1.913532e+00
360	4.197425e-01	3.258640e-01	1.216903e+00
361	2.924560e-01	3.005301e-01	1.214949e+00
362	4.827390e-01	5.073010e-01	1.005862e+00
363	4.684223e-01	5.169286e-01	2.227162e+00
364	4.800358e-01	5.050786e-01	1.723009e+00
366	4.963630e-01	4.549294e-01	1.692721e+00
367	4.556657e-01	5.068097e-01	1.154372e+00
368	4.746557e-01	5.176350e-01	1.851001e+00
369	4.619198e-01	4.955141e-01	2.418661e+00
370	5.006564e-01	5.356832e-01	1.874450e+00
371	5.377737e-01	4.837552e-01	1.591109e+00
372	4.368420e-01	5.026195e-01	2.199805e+00
373	5.253188e-01	6.829079e-01	2.208598e+00
374	4.803614e-01	5.457435e-01	1.322423e+00
375	4.056231e-01	3.827728e-01	2.361016e+00
376	3.962212e-01	4.863527e-01	1.815828e+00
377	4.648234e-01	4.968347e-01	1.328285e+00
378	4.746650e-01	5.247327e-01	1.883244e+00
379	4.085156e-01	3.940361e-01	1.599902e+00
380	4.128193e-01	4.454583e-01	2.343429e+00
381	4.573912e-01	4.929603e-01	1.835369e+00
382	5.037095e-01	1.985537e-01	1.065462e+00
383	4.030077e-01	7.000014e-01	1.698583e+00
384	2.856097e-01	5.514242e-01	2.761602e+00
385	2.283690e-01	3.363813e-01	1.961407e+00
386	5.489765e-01	6.057058e-01	2.449927e+00
387	4.747017e-01	5.401198e-01	2.669761e+00
388	3.959986e-01	5.957641e-01	2.597460e+00
389	4.629227e-01	4.904286e-01	2.960918e+00
390	4.684844e-01	5.073451e-01	1.655594e+00
391	4.214310e-01	4.145985e-01	2.572057e+00
392	4.438772e-01	4.759904e-01	1.234489e+00
393	4.417422e-01	5.313492e-01	1.607719e+00
394	4.672138e-01	5.044931e-01	2.643381e+00
395	3.159955e-01	2.170007e-01	1.233512e+00
397	5.726942e-01	6.480240e-01	1.083048e+00
398	7.338697e-01	8.649812e-01	2.453835e+00
399	4.374395e-01	4.846210e-01	2.169516e+00
400	5.246542e-01	5.862824e-01	1.634099e+00
401	2.599221e-01	4.549808e-01	1.314607e+00
402	4.842578e-01	5.244902e-01	2.292623e+00
403	3.472379e-01	3.633580e-01	1.759160e+00
404	5.112266e-01	5.094594e-01	2.942355e+00
405	3.994804e-01	3.806066e-01	1.358574e+00
406	4.667108e-01	5.254447e-01	1.474841e+00
407	4.488021e-01	8.114755e-01	2.850513e+00
408	4.008534e-01	6.260374e-01	2.543723e+00
409	4.695937e-01	5.148083e-01	1.170005e+00
410	4.327205e-01	4.706258e-01	2.011236e+00
411	5.275361e-01	5.037022e-01	2.982413e+00
412	5.728146e-01	8.434184e-01	1.578407e+00
413	5.009850e-01	6.222155e-01	2.904250e+00
414	4.584702e-01	4.889084e-01	2.948217e+00
415	4.645903e-01	5.008036e-01	1.856864e+00
416	4.394879e-01	4.510276e-01	1.780655e+00
417	4.743738e-01	5.333794e-01	1.223742e+00
418	4.501909e-01	4.801467e-01	2.928676e+00
419	4.674205e-01	4.889184e-01	1.055691e+00
420	4.603188e-01	4.955865e-01	2.823156e+00
421	4.693239e-01	4.991070e-01	2.886663e+00
422	4.618396e-01	5.044932e-01	1.391793e+00
423	3.167303e-01	4.160098e-01	1.467025e+00
424	4.649704e-01	4.924567e-01	1.512946e+00
425	4.493036e-01	9.187477e-01	1.960430e+00
426	4.465414e-01	9.184809e-01	2.254519e+00
427	4.167734e-01	4.420768e-01	2.899365e+00
428	4.612738e-01	4.948788e-01	1.247191e+00
429	4.838111e-01	5.130892e-01	1.802149e+00
430	4.850334e-01	4.992317e-01	1.663410e+00
431	5.037610e-01	6.336024e-01	2.556424e+00
432	4.608189e-01	8.548535e-01	2.947240e+00
433	4.865996e-01	5.092487e-01	2.475330e+00
434	4.781863e-01	4.500031e-01	2.923791e+00
435	5.246534e-01	4.858507e-01	2.906204e+00
436	4.126877e-01	5.808663e-01	2.668784e+00
437	4.822944e-01	5.554918e-01	2.476307e+00
438	4.554199e-01	5.927382e-01	2.065950e+00
439	4.718915e-01	5.002598e-01	1.983879e+00
440	5.076610e-01	7.082811e-01	1.637030e+00
441	2.995893e-01	5.694761e-01	1.338056e+00
442	4.662049e-01	4.753540e-01	2.406937e+00
443	4.346048e-01	7.314865e-01	1.422081e+00
444	4.672112e-01	4.882298e-01	2.956033e+00
445	4.648078e-01	4.978156e-01	2.601368e+00
446	4.911338e-01	5.181074e-01	1.846116e+00
447	4.652184e-01	4.991728e-01	1.264778e+00
448	5.038163e-01	5.848421e-01	1.119199e+00
449	4.959571e-01	5.569555e-01	1.956522e+00
450	6.442396e-01	8.115865e-01	2.971666e+00
451	4.621091e-01	4.927225e-01	2.149976e+00
452	4.465660e-01	4.628007e-01	1.574499e+00
453	3.649070e-01	2.925176e-01	1.775769e+00
454	3.099953e-01	2.479352e-01	1.542257e+00
455	4.760340e-01	5.150086e-01	2.984367e+00
456	4.347730e-01	4.540992e-01	1.577430e+00
457	5.208470e-01	5.469492e-01	2.955056e+00
458	4.485142e-01	4.989097e-01	2.865169e+00
459	5.853986e-01	6.354534e-01	1.672203e+00
461	3.550472e-01	6.130296e-01	2.513434e+00
462	4.793535e-01	5.831475e-01	1.853933e+00
463	5.143988e-01	5.145159e-01	2.858329e+00
464	5.749910e-01	5.894859e-01	1.574499e+00
465	4.073336e-01	4.786055e-01	1.432829e+00
466	4.547734e-01	4.957564e-01	1.500244e+00
467	6.764664e-01	6.494050e-01	1.323400e+00
468	4.591725e-01	4.937181e-01	2.147044e+00
469	4.520102e-01	4.993435e-01	2.698095e+00
470	4.722278e-01	5.353231e-01	1.364436e+00
471	3.237013e-01	3.827790e-01	2.076698e+00
472	4.684971e-01	4.990128e-01	2.011236e+00
473	4.193343e-01	4.670842e-01	1.215926e+00
474	4.605490e-01	5.030850e-01	2.299463e+00
475	4.066818e-01	5.750344e-01	1.683928e+00
476	4.528776e-01	5.114695e-01	2.081583e+00
477	4.532384e-01	5.317525e-01	2.350269e+00
478	4.095575e-01	7.658051e-01	2.728383e+00
479	6.068064e-01	6.513428e-01	1.194431e+00
480	4.598574e-01	6.496730e-01	2.515388e+00
481	3.344579e-01	3.206025e-01	1.865657e+00
482	5.259323e-01	7.081748e-01	1.802149e+00
483	4.986859e-01	5.413344e-01	1.367367e+00
484	4.301738e-01	4.335351e-01	1.148510e+00
485	4.104137e-01	4.513082e-01	2.427455e+00
486	4.488758e-01	6.330840e-01	2.196873e+00
487	5.042965e-01	5.176104e-01	2.386419e+00
488	4.920593e-01	5.663172e-01	1.294089e+00
489	4.601847e-01	5.755957e-01	1.687836e+00
490	5.001478e-01	5.046537e-01	1.146556e+00
491	4.481849e-01	5.630272e-01	1.597948e+00
492	4.668821e-01	4.921294e-01	2.412799e+00
493	4.656111e-01	4.624494e-01	1.227650e+00
494	5.686645e-01	5.512115e-01	2.522228e+00
495	4.269078e-01	4.565207e-01	1.437714e+00
496	4.651724e-01	5.115158e-01	1.523693e+00
497	4.418120e-01	5.420550e-01	1.221788e+00
498	4.793997e-01	4.244195e-01	1.652662e+00
499	4.660326e-01	6.660440e-01	1.269663e+00
500	4.665994e-01	4.867232e-01	2.967758e+00
501	4.757298e-01	4.943808e-01	2.546654e+00
502	3.984571e-01	3.943697e-01	1.818759e+00
503	4.617232e-01	4.953398e-01	1.919394e+00
504	4.530622e-01	4.990444e-01	2.563263e+00
505	5.288591e-01	6.076484e-01	1.451392e+00
506	3.937766e-01	6.068214e-01	1.718124e+00
507	4.850212e-01	5.189780e-01	1.207132e+00
508	4.600976e-01	4.914971e-01	1.236444e+00
509	4.040469e-01	5.348108e-01	2.622863e+00
510	4.699312e-01	4.718993e-01	2.549585e+00
511	4.670148e-01	5.061727e-01	2.966781e+00
512	4.618327e-01	6.359152e-01	2.395213e+00
513	5.079029e-01	4.931204e-01	1.534441e+00
514	4.680111e-01	5.247046e-01	1.550073e+00
515	4.537438e-01	4.675943e-01	1.610650e+00
516	6.949745e-01	5.878903e-01	1.612604e+00
517	4.622823e-01	4.972953e-01	1.086957e+00
518	6.129636e-01	5.045740e-01	2.282853e+00
519	5.019684e-01	5.987727e-01	1.573522e+00
520	4.676376e-01	4.962924e-01	2.497802e+00
521	4.643767e-01	5.116192e-01	1.752320e+00
522	4.380610e-01	9.901308e-01	1.589155e+00
523	4.433208e-01	4.998969e-01	1.209086e+00
524	5.416290e-01	6.182147e-01	2.755740e+00
525	4.962053e-01	4.392885e-01	1.499267e+00
526	4.555457e-01	5.048142e-01	1.014656e+00
527	4.203865e-01	8.195032e-02	2.891549e+00
528	4.766877e-01	5.020755e-01	2.478261e+00
529	4.795782e-01	6.249942e-01	1.898876e+00
530	4.515663e-01	5.044668e-01	1.188569e+00
531	4.776402e-01	5.142880e-01	2.785051e+00
532	4.710090e-01	4.990555e-01	2.945286e+00
533	5.563519e-01	5.860054e-01	2.458720e+00
534	5.284789e-01	5.193959e-01	2.673669e+00
535	4.751433e-01	5.144324e-01	1.399609e+00
536	5.066318e-01	5.358700e-01	2.604299e+00
537	4.630834e-01	4.927642e-01	1.529555e+00
538	4.627229e-01	5.020902e-01	2.823156e+00
539	4.622360e-01	4.325622e-01	2.826087e+00
540	4.873816e-01	5.471642e-01	2.844651e+00
541	4.560767e-01	5.354272e-01	2.290669e+00
542	4.749326e-01	4.806598e-01	2.570103e+00
543	4.996491e-01	5.305533e-01	2.396190e+00
544	5.055984e-01	5.425658e-01	1.318515e+00
545	4.423833e-01	4.732839e-01	2.605276e+00
546	4.268882e-01	3.065356e-01	2.683439e+00
547	3.955986e-01	6.858770e-01	1.587201e+00
548	5.081587e-01	5.376282e-01	1.375183e+00
549	4.518428e-01	4.445478e-01	2.298486e+00
550	6.278528e-01	5.621444e-01	1.285296e+00
551	4.646534e-01	4.918914e-01	2.983390e+00
552	5.434778e-01	4.044589e-01	1.195408e+00
553	4.890792e-01	5.033902e-01	2.414753e+00
554	3.239069e-01	5.191506e-01	1.843185e+00
555	5.150740e-01	4.166280e-01	2.396190e+00
556	5.443756e-01	4.288520e-01	3.000000e+00
557	4.529809e-01	5.061594e-01	2.728383e+00
558	7.496554e-01	9.374973e-01	1.133854e+00
559	4.551113e-01	4.920316e-01	1.944797e+00
560	6.713204e-01	5.722778e-01	2.883732e+00
561	4.091895e-01	3.993081e-01	2.383488e+00
562	5.092627e-01	5.327810e-01	2.506595e+00
563	4.932856e-01	5.243924e-01	1.786517e+00
564	5.249718e-01	5.248235e-01	2.893503e+00
565	4.644859e-01	4.853529e-01	2.981436e+00
566	4.710332e-01	4.337086e-01	2.663898e+00
567	4.743160e-01	5.457992e-01	2.227162e+00
568	4.606832e-01	4.926850e-01	1.527601e+00
569	5.973017e-01	6.192588e-01	2.610161e+00
570	3.978484e-01	9.590036e-02	1.058622e+00
571	4.851632e-01	5.425296e-01	2.782120e+00
572	2.979905e-01	4.226077e-02	1.518808e+00
573	4.730445e-01	4.945187e-01	2.109917e+00
574	4.821131e-01	5.416556e-01	2.074744e+00
575	4.420239e-01	4.726924e-01	2.319003e+00
576	4.579992e-01	4.376496e-01	1.290181e+00
577	4.798703e-01	5.630853e-01	1.286273e+00
578	5.013780e-01	5.397784e-01	1.881290e+00
579	4.856320e-01	5.181642e-01	1.664387e+00
580	5.030008e-01	4.036696e-01	1.242306e+00
581	5.270945e-01	4.749986e-01	1.927211e+00
582	4.719540e-01	4.976546e-01	2.820225e+00
583	4.482637e-01	4.040946e-01	2.792868e+00
584	4.469334e-01	4.789461e-01	1.201270e+00
585	4.292516e-01	4.551209e-01	1.898876e+00
586	4.580364e-01	5.005981e-01	1.782609e+00
587	4.580350e-01	4.951479e-01	1.561798e+00
588	4.646371e-01	4.989260e-01	2.282853e+00
589	4.908510e-01	5.367398e-01	2.210552e+00
590	4.358688e-01	5.558288e-01	1.020518e+00
591	4.871405e-01	5.419231e-01	1.784563e+00
592	4.696969e-01	4.986894e-01	1.275525e+00
593	4.361232e-01	5.124239e-01	1.212995e+00
594	4.454430e-01	6.018314e-01	2.964827e+00
595	4.761260e-01	5.317305e-01	2.079629e+00
596	6.840772e-01	5.718059e-01	1.187592e+00
597	4.586488e-01	5.424116e-01	1.258915e+00
598	4.943787e-01	5.278782e-01	1.999511e+00
599	4.619043e-01	4.907577e-01	1.264778e+00
600	4.699052e-01	5.043357e-01	1.110405e+00
601	6.139134e-01	7.015781e-01	1.107474e+00
602	3.384779e-01	5.188927e-01	1.070347e+00
603	4.657739e-01	4.930563e-01	2.400098e+00
604	4.646202e-01	5.098699e-01	2.871031e+00
605	4.700025e-01	5.093585e-01	2.739130e+00
606	5.019419e-01	5.225477e-01	2.061065e+00
607	4.690109e-01	6.949616e-01	1.073278e+00
608	4.741974e-01	5.334177e-01	2.799707e+00
609	4.740363e-01	5.144010e-01	2.010259e+00
610	5.631964e-01	4.962124e-01	1.700537e+00
611	4.819275e-01	5.172008e-01	1.339033e+00
612	4.308234e-01	5.989896e-01	2.227162e+00
613	7.760922e-01	8.492602e-01	2.482169e+00
614	4.304738e-01	5.071709e-01	2.958964e+00
615	3.857603e-01	5.483832e-01	1.443576e+00
616	5.363038e-01	5.926124e-01	2.381534e+00
617	3.262811e-01	3.908900e-01	1.971177e+00
618	4.806014e-01	5.178822e-01	2.960918e+00
619	5.305325e-01	6.648774e-01	1.812897e+00
620	4.982231e-01	4.314890e-01	1.170982e+00
621	4.376784e-01	6.108327e-01	1.277479e+00
622	7.365536e-01	5.969822e-01	1.176844e+00
623	4.484142e-01	6.519087e-01	1.636053e+00
624	4.018387e-01	4.101399e-01	2.336590e+00
625	4.303611e-01	4.851762e-01	1.343918e+00
626	4.580738e-01	5.057751e-01	1.905716e+00
627	4.994831e-01	5.247142e-01	1.784563e+00
628	4.615465e-01	5.032402e-01	2.063996e+00
629	4.661207e-01	5.087298e-01	2.497802e+00
630	3.904799e-01	5.430753e-01	2.870054e+00
631	4.960966e-01	5.284926e-01	1.729849e+00
632	3.965179e-01	3.164190e-01	2.290669e+00
633	4.625905e-01	4.950482e-01	2.841720e+00
634	4.696036e-01	4.980959e-01	2.195896e+00
635	4.634438e-01	4.311636e-01	1.601856e+00
636	5.100127e-01	5.592634e-01	2.449927e+00
637	4.999980e-01	5.163823e-01	1.462140e+00
638	4.648120e-01	4.959398e-01	2.041524e+00
639	4.641584e-01	4.977265e-01	2.061065e+00
640	6.320514e-01	5.952218e-01	2.130435e+00
641	3.840582e-01	3.828680e-01	2.205667e+00
642	4.632470e-01	4.966147e-01	2.184172e+00
643	5.053182e-01	5.138250e-01	2.747924e+00
644	5.959313e-01	4.560329e-01	2.909135e+00
645	4.703286e-01	4.931118e-01	2.777235e+00
646	4.476874e-01	4.441387e-01	1.295066e+00
647	4.108969e-01	5.144827e-01	1.050806e+00
648	4.043779e-01	3.155351e-01	1.191500e+00
649	4.700592e-01	5.169602e-01	1.198339e+00
650	4.459639e-01	5.317539e-01	2.656082e+00
651	4.421910e-01	4.964806e-01	1.692721e+00
652	2.238448e-01	2.161279e-01	2.330728e+00
653	4.579765e-01	4.844585e-01	1.906693e+00
654	4.319154e-01	4.863949e-01	2.192965e+00
655	5.046522e-01	5.786973e-01	1.200293e+00
656	4.701047e-01	5.215664e-01	2.361016e+00
657	5.220981e-01	5.568163e-01	2.080606e+00
658	4.586871e-01	5.056997e-01	2.017098e+00
659	5.188030e-01	5.223897e-01	2.191011e+00
660	4.477794e-01	7.986363e-01	1.667318e+00
661	5.198841e-01	5.577561e-01	2.229116e+00
662	5.381875e-01	2.571509e-01	1.188569e+00
663	4.549773e-01	5.226936e-01	2.714704e+00
664	4.742161e-01	5.472783e-01	1.979971e+00
665	3.673664e-01	3.873539e-01	2.954079e+00
666	7.224530e-01	7.511558e-01	1.803127e+00
667	4.837277e-01	4.791077e-01	1.039082e+00
668	7.764315e-01	7.037933e-01	1.893014e+00
669	3.507540e-01	4.068856e-01	1.778701e+00
670	4.629648e-01	2.975247e-01	1.807035e+00
671	4.926995e-01	5.324686e-01	1.102589e+00
672	4.615358e-01	2.624477e-01	1.879336e+00
673	5.208469e-01	4.716195e-01	1.984856e+00
674	4.637814e-01	4.979494e-01	2.238886e+00
675	4.883240e-01	5.473891e-01	2.868100e+00
676	4.668974e-01	5.065753e-01	2.748901e+00
677	4.829194e-01	4.429668e-01	1.578407e+00
678	4.838862e-01	5.389791e-01	1.621397e+00
679	4.644248e-01	4.974053e-01	2.657059e+00
680	4.932907e-01	5.366071e-01	2.404983e+00
681	4.559225e-01	5.286945e-01	2.272106e+00
682	4.690047e-01	5.844714e-01	1.463117e+00
683	4.832779e-01	5.177163e-01	2.316072e+00
684	4.693167e-01	5.005696e-01	2.334636e+00
685	5.211658e-01	5.227644e-01	1.365413e+00
686	6.724055e-01	4.807388e-01	2.105032e+00
687	5.129733e-01	5.663753e-01	1.339033e+00
688	4.913398e-01	5.062897e-01	2.932584e+00
689	4.625439e-01	5.014329e-01	2.378603e+00
690	4.653511e-01	4.951472e-01	1.833415e+00
691	5.074226e-01	2.747648e-01	1.663410e+00
692	4.693180e-01	4.835033e-01	2.251588e+00
693	5.983292e-01	4.670373e-01	1.766976e+00
694	3.616487e-01	4.314461e-01	1.575476e+00
695	2.853299e-01	3.148568e-01	2.771373e+00
696	4.691480e-01	5.056471e-01	2.787005e+00
697	4.780910e-01	4.995322e-01	1.959453e+00
698	4.783185e-01	5.403114e-01	2.187103e+00
699	4.688972e-01	4.991552e-01	2.430386e+00
700	4.026684e-01	4.345413e-01	2.679531e+00
701	4.643303e-01	4.330452e-01	2.191988e+00
702	4.416997e-01	4.291419e-01	2.945286e+00
703	4.603676e-01	4.961914e-01	2.793845e+00
704	4.780026e-01	4.857860e-01	2.132389e+00
705	5.078960e-01	2.505923e-01	1.627259e+00
706	4.730517e-01	4.976278e-01	1.623351e+00
707	4.507536e-01	4.997587e-01	2.772350e+00
708	4.568529e-01	4.911977e-01	1.552027e+00
709	5.322145e-01	5.732938e-01	1.180752e+00
710	4.312310e-01	4.505216e-01	1.632145e+00
711	5.369163e-01	7.191271e-01	1.680997e+00
712	5.927523e-01	5.348301e-01	2.828041e+00
713	1.406054e-01	5.359892e-01	1.703468e+00
714	2.998128e-01	4.722421e-01	1.471910e+00
715	4.610957e-01	4.736137e-01	2.368832e+00
716	4.859349e-01	5.019886e-01	1.961407e+00
717	4.725301e-01	4.980642e-01	1.756229e+00
718	4.910181e-01	5.010180e-01	2.987298e+00
719	4.727507e-01	4.950201e-01	2.332682e+00
720	4.741202e-01	5.352868e-01	1.097704e+00
721	4.458580e-01	4.332041e-01	1.954568e+00
722	4.712276e-01	4.984327e-01	1.704446e+00
723	4.639887e-01	4.979549e-01	1.853933e+00
724	4.444408e-01	4.270556e-01	2.829995e+00
725	4.232427e-01	4.742341e-01	2.232047e+00
726	5.071073e-01	5.563821e-01	2.587689e+00
727	1.770767e-01	6.586191e-01	2.698095e+00
728	6.423922e-01	7.325294e-01	1.896922e+00
729	4.126709e-01	3.886395e-01	1.212995e+00
730	5.181368e-01	5.512263e-01	1.502198e+00
731	4.625560e-01	4.972371e-01	2.614069e+00
732	5.346045e-01	5.216601e-01	2.880801e+00
733	4.593275e-01	5.069966e-01	1.956522e+00
734	4.685179e-01	6.709383e-01	2.745970e+00
735	4.964583e-01	3.838301e-01	1.179775e+00
736	4.698634e-01	6.089610e-01	1.935027e+00
737	4.938158e-01	5.138528e-01	1.975085e+00
738	4.611629e-01	4.995867e-01	1.067416e+00
739	5.362570e-01	5.436796e-01	2.024915e+00
740	3.623393e-01	4.388086e-01	2.810454e+00
741	4.880678e-01	5.388200e-01	2.428432e+00
742	4.799227e-01	4.674801e-01	1.957499e+00
743	5.833475e-01	5.698709e-01	2.306302e+00
744	4.570918e-01	5.155529e-01	2.557401e+00
745	4.722920e-01	5.045985e-01	1.243283e+00
746	4.575481e-01	5.534732e-01	2.429409e+00
747	4.930592e-01	5.280587e-01	2.523205e+00
748	4.710601e-01	4.655117e-01	2.842697e+00
749	4.689433e-01	4.989810e-01	2.247680e+00
750	4.623469e-01	4.597155e-01	2.000489e+00
751	4.614660e-01	5.214570e-01	2.446019e+00
752	4.708069e-01	4.991217e-01	2.360039e+00
753	2.548309e-01	6.586749e-01	2.567171e+00
754	4.749219e-01	5.345571e-01	2.415730e+00
755	4.791786e-01	5.135838e-01	1.989741e+00
756	4.746627e-01	4.943006e-01	2.908158e+00
757	2.934868e-01	4.734949e-01	2.731314e+00
758	4.598507e-01	4.972315e-01	2.544700e+00
759	4.647739e-01	4.959818e-01	2.890572e+00
760	4.626037e-01	4.996608e-01	1.654617e+00
761	4.629426e-01	4.940299e-01	1.008793e+00
762	4.999705e-01	5.701742e-01	1.260870e+00
763	4.565144e-01	5.278170e-01	1.347826e+00
764	4.778886e-01	4.914528e-01	1.325354e+00
765	4.569201e-01	5.035343e-01	1.420127e+00
766	6.082620e-01	6.659183e-01	2.845628e+00
767	4.259264e-01	4.917142e-01	1.853933e+00
768	4.698221e-01	4.985861e-01	1.303859e+00
769	4.928749e-01	6.756419e-01	1.294089e+00
770	8.330838e-01	2.076406e-01	1.675134e+00
771	3.747825e-01	5.173530e-01	2.417684e+00
772	4.721577e-01	5.217784e-01	2.053249e+00
773	4.594831e-01	5.190098e-01	1.276502e+00
774	5.827654e-01	4.143934e-01	2.779189e+00
775	3.683850e-01	6.730675e-01	1.984856e+00
776	4.847627e-01	4.462086e-01	2.295554e+00
777	4.609430e-01	4.916246e-01	1.652662e+00
778	4.796122e-01	5.216589e-01	2.464582e+00
779	4.628090e-01	4.980823e-01	1.763068e+00
780	4.230482e-01	4.655373e-01	2.026869e+00
781	5.720700e-01	5.571581e-01	1.160234e+00
782	5.485186e-01	5.571749e-01	2.302394e+00
783	4.671105e-01	4.677334e-01	1.384954e+00
784	4.677036e-01	4.785969e-01	2.598437e+00
785	4.346942e-01	4.734504e-01	2.130435e+00
786	4.497545e-01	5.145367e-01	1.690767e+00
787	4.920245e-01	4.934485e-01	1.940889e+00
788	4.842934e-01	5.134836e-01	2.099170e+00
