767
0	3.393199e-01	3.288902e-01	1.398632e+00
1	4.479219e-01	5.904824e-01	1.108451e+00
2	4.753078e-01	5.910256e-01	2.925745e+00
3	4.648279e-01	4.742292e-01	2.732291e+00
4	4.548105e-01	6.722602e-01	1.257938e+00
5	4.061905e-01	6.264985e-01	2.424524e+00
6	7.261674e-01	8.359779e-01	1.383000e+00
7	4.672402e-01	5.067353e-01	2.705911e+00
8	4.852376e-01	4.797390e-01	2.442110e+00
9	4.737411e-01	5.212324e-01	2.233024e+00
10	5.395570e-01	4.149492e-01	2.376649e+00
11	4.823643e-01	5.166559e-01	1.556913e+00
12	4.379305e-01	7.091261e-01	2.950171e+00
13	3.896914e-01	5.245282e-01	1.066439e+00
14	4.708743e-01	5.218731e-01	1.626282e+00
15	3.182446e-01	6.933925e-01	1.306790e+00
16	4.750154e-01	5.209765e-01	2.902296e+00
17	6.520175e-01	6.909109e-01	1.195408e+00
18	4.429238e-01	5.174964e-01	1.785540e+00
19	4.870784e-01	5.291241e-01	1.248168e+00
20	4.548808e-01	5.132077e-01	1.863703e+00
21	4.533800e-01	5.360969e-01	2.671715e+00
22	4.808964e-01	5.276157e-01	2.487054e+00
23	4.297793e-01	4.178353e-01	1.946751e+00
24	6.060181e-01	5.970734e-01	1.303859e+00
25	4.468567e-01	3.427245e-01	2.152907e+00
26	4.616081e-01	5.117684e-01	1.388862e+00
27	4.774908e-01	5.423725e-01	1.591109e+00
28	4.921585e-01	5.259722e-01	2.205667e+00
29	4.804602e-01	5.592986e-01	2.181241e+00
30	4.208190e-01	5.728543e-01	1.475818e+00
31	4.715302e-01	4.693527e-01	2.309233e+00
32	4.965040e-01	5.479227e-01	2.073766e+00
33	4.560558e-01	5.709196e-01	2.331705e+00
34	4.839989e-01	5.407437e-01	1.126038e+00
35	7.727693e-01	6.316486e-01	2.235955e+00
36	5.430980e-01	4.752438e-01	2.805569e+00
37	5.408898e-01	4.015365e-01	2.555447e+00
38	4.644618e-01	4.906824e-01	2.559355e+00
39	4.793776e-01	5.038074e-01	1.895945e+00
40	4.827625e-01	4.577299e-01	1.282364e+00
41	4.894973e-01	4.109145e-01	2.750855e+00
42	4.743241e-01	5.141869e-01	2.412799e+00
43	4.925627e-01	5.239656e-01	2.557401e+00
44	4.436245e-01	6.065226e-01	1.648754e+00
45	5.415316e-01	5.188638e-01	1.721055e+00
46	3.950719e-01	3.715859e-01	2.588666e+00
47	4.565934e-01	5.085332e-01	1.525647e+00
48	4.768275e-01	5.172999e-01	2.751832e+00
49	2.920946e-01	2.711755e-01	2.625794e+00
50	5.340954e-01	5.906431e-01	1.663410e+00
51	4.793963e-01	5.282643e-01	2.560332e+00
52	4.685943e-01	5.212368e-01	1.696629e+00
53	4.646224e-01	5.174494e-01	1.506106e+00
54	4.771779e-01	5.145081e-01	2.675623e+00
55	4.375417e-01	4.366884e-01	2.497802e+00
56	5.339697e-01	3.694855e-01	1.031265e+00
57	5.750655e-01	5.598003e-01	2.361993e+00
58	5.063373e-01	5.796433e-01	1.866634e+00
60	7.672442e-01	7.370556e-01	1.503175e+00
61	4.620714e-01	5.005736e-01	2.449927e+00
62	4.688416e-01	5.099159e-01	2.831949e+00
63	4.662472e-01	5.027364e-01	2.317049e+00
64	4.609319e-01	5.135543e-01	2.353200e+00
65	4.743129e-01	5.213936e-01	2.575965e+00
66	4.330068e-01	4.156754e-01	2.922814e+00
67	4.080314e-01	4.120827e-01	2.289692e+00
68	4.483570e-01	4.064182e-01	2.766488e+00
69	5.474591e-01	3.861715e-01	1.522716e+00
70	4.548597e-01	5.686096e-01	2.769419e+00
71	4.859785e-01	5.565277e-01	1.110405e+00
72	4.508649e-01	5.834305e-01	1.412311e+00
73	4.308583e-01	4.779379e-01	1.951637e+00
74	3.004865e-01	4.222418e-01	1.449438e+00
75	2.951069e-01	4.448632e-01	2.176356e+00
76	4.741161e-01	5.570880e-01	1.212995e+00
77	4.802938e-01	4.987457e-01	1.872496e+00
78	4.750218e-01	4.886030e-01	1.606742e+00
79	3.284591e-01	5.654238e-01	1.183683e+00
80	4.778311e-01	5.856933e-01	2.736199e+00
81	4.761269e-01	5.186773e-01	1.617489e+00
82	4.700975e-01	4.979235e-01	2.456766e+00
83	3.622190e-01	4.270310e-01	1.406448e+00
84	5.666022e-01	6.220175e-01	2.453835e+00
85	4.745724e-01	5.221682e-01	2.712750e+00
86	4.706798e-01	5.124629e-01	2.877870e+00
87	3.208584e-01	7.428453e-01	1.533464e+00
88	4.167056e-01	3.416845e-01	2.169516e+00
89	6.067253e-01	6.422792e-01	2.483146e+00
90	5.236557e-01	4.134534e-01	1.538349e+00
91	5.062168e-01	4.993817e-01	1.117245e+00
92	4.788389e-01	5.089526e-01	2.709819e+00
93	4.469739e-01	5.126468e-01	2.929653e+00
94	3.886307e-01	6.322681e-01	2.125550e+00
95	5.613700e-01	5.697667e-01	2.148999e+00
96	4.523331e-01	5.038915e-01	1.206155e+00
98	4.741150e-01	5.086955e-01	1.997557e+00
99	4.494272e-01	5.779438e-01	1.753298e+00
100	4.549738e-01	5.072514e-01	1.491451e+00
101	4.717548e-01	5.196313e-01	2.381534e+00
102	4.880544e-01	5.670366e-01	1.837323e+00
103	4.388909e-01	4.682388e-01	2.723498e+00
104	5.700027e-01	6.309051e-01	1.216903e+00
105	4.713279e-01	4.878545e-01	1.385931e+00
107	4.681289e-01	5.196181e-01	1.887152e+00
108	6.653159e-01	3.802564e-01	1.869565e+00
109	4.376957e-01	5.490255e-01	2.657059e+00
110	5.056590e-01	5.377088e-01	1.905716e+00
111	4.713572e-01	5.561605e-01	2.319980e+00
113	5.258776e-01	1.461866e-01	1.155349e+00
114	4.786290e-01	5.058402e-01	1.261847e+00
115	4.399465e-01	4.854316e-01	1.308745e+00
116	4.196454e-01	6.068981e-01	1.148510e+00
117	4.624756e-01	4.678648e-01	1.865657e+00
118	4.790106e-01	5.075997e-01	2.988276e+00
119	3.726219e-01	4.307162e-01	1.479726e+00
120	4.862577e-01	6.124108e-01	2.095261e+00
121	4.646815e-01	5.206804e-01	2.442110e+00
122	4.511925e-01	4.467792e-01	1.070347e+00
123	5.215745e-01	5.612221e-01	1.417196e+00
124	4.882159e-01	5.332353e-01	2.817294e+00
126	4.544457e-01	4.827006e-01	2.738153e+00
127	4.654568e-01	4.356546e-01	2.338544e+00
128	2.214776e-01	1.987894e-01	1.282364e+00
129	4.931360e-01	4.939231e-01	2.676600e+00
130	1.964858e-01	2.239175e-01	2.443087e+00
132	5.441450e-01	4.589722e-01	1.220811e+00
133	5.482501e-01	4.850631e-01	2.407914e+00
134	4.105917e-01	4.336697e-01	2.277968e+00
135	4.530872e-01	5.112150e-01	2.409868e+00
136	4.987857e-01	4.835032e-01	2.083537e+00
137	4.627043e-01	5.542790e-01	2.286761e+00
138	3.005816e-01	5.432155e-01	1.194431e+00
139	4.621880e-01	5.289047e-01	2.818271e+00
140	3.780891e-01	5.228088e-01	2.827064e+00
141	4.545763e-01	5.355415e-01	1.684905e+00
142	4.885602e-01	5.041547e-01	1.999511e+00
143	4.733496e-01	5.317727e-01	1.956522e+00
144	4.118949e-01	4.861375e-01	2.323889e+00
145	4.793870e-01	5.916879e-01	2.501710e+00
146	3.576976e-01	7.260172e-01	2.395213e+00
147	3.783206e-01	5.748875e-01	2.719590e+00
148	4.741676e-01	5.208113e-01	2.937469e+00
149	5.003601e-01	4.735601e-01	2.803615e+00
150	3.948916e-01	4.490052e-01	1.794333e+00
151	4.579655e-01	5.019466e-01	2.611138e+00
152	5.122393e-01	4.701648e-01	1.724963e+00
153	4.672766e-01	5.341206e-01	1.983879e+00
154	4.767409e-01	5.175912e-01	2.181241e+00
155	4.596410e-01	5.466042e-01	1.295066e+00
156	4.823440e-01	5.508638e-01	1.970200e+00
157	5.046163e-01	5.146013e-01	2.387396e+00
158	3.613847e-01	5.560169e-01	2.386419e+00
159	4.185359e-01	5.921076e-01	2.647289e+00
160	4.930418e-01	5.308791e-01	1.686859e+00
161	4.913384e-01	5.387129e-01	1.553981e+00
162	4.704708e-01	5.137206e-01	1.764045e+00
163	4.544368e-01	3.175556e-01	1.632145e+00
164	4.727518e-01	5.202731e-01	1.235467e+00
165	4.800351e-01	5.172630e-01	2.251588e+00
166	4.717818e-01	4.936568e-01	1.751343e+00
167	4.401952e-01	4.582944e-01	1.715193e+00
168	4.712010e-01	5.171140e-01	2.109917e+00
169	4.780147e-01	6.219719e-01	2.137274e+00
170	5.104514e-01	4.453152e-01	2.099170e+00
171	4.584641e-01	3.900200e-01	2.057157e+00
172	4.126755e-01	4.736863e-01	2.246702e+00
173	4.626651e-01	5.071501e-01	1.894968e+00
174	5.325323e-01	4.788413e-01	2.453835e+00
175	4.549917e-01	4.804853e-01	2.834880e+00
176	3.649796e-01	4.078676e-01	2.215437e+00
177	4.683290e-01	5.226121e-01	2.153884e+00
178	4.861815e-01	5.201481e-01	2.475330e+00
179	4.091693e-01	4.143639e-01	1.274548e+00
180	4.795500e-01	5.875023e-01	2.127504e+00
181	4.684108e-01	5.035516e-01	1.790425e+00
182	4.397848e-01	4.495700e-01	1.736688e+00
183	4.299558e-01	4.626203e-01	1.692721e+00
184	5.425846e-01	7.344193e-01	2.042501e+00
185	4.444839e-01	4.729370e-01	1.468979e+00
186	4.864539e-01	4.557621e-01	1.784563e+00
188	4.586601e-01	4.707468e-01	1.839277e+00
189	4.566522e-01	5.353358e-01	1.175867e+00
190	4.726908e-01	6.212444e-01	2.807523e+00
191	6.560118e-01	5.100742e-01	2.811431e+00
192	4.109123e-01	4.524143e-01	1.192477e+00
193	2.600594e-01	5.353151e-01	1.620420e+00
194	3.859241e-01	6.103657e-01	2.624817e+00
195	4.777179e-01	5.246437e-01	2.806546e+00
196	3.593596e-01	3.306588e-01	1.763068e+00
197	7.830259e-01	7.238181e-01	2.060088e+00
198	6.352404e-01	7.657712e-01	2.458720e+00
199	4.614595e-01	5.562540e-01	2.463605e+00
200	8.218904e-01	7.798502e-01	1.141671e+00
201	4.735997e-01	5.213037e-01	1.146556e+00
202	5.018530e-01	5.664056e-01	1.395701e+00
203	3.991273e-01	4.990790e-01	1.755252e+00
204	4.573489e-01	4.888856e-01	2.901319e+00
205	5.580750e-01	6.990051e-01	2.123596e+00
206	4.894429e-01	8.036903e-01	1.652662e+00
207	4.967824e-01	5.786695e-01	1.199316e+00
208	4.825691e-01	4.944467e-01	2.170493e+00
209	4.934329e-01	4.805075e-01	2.733268e+00
210	5.717523e-01	6.102469e-01	1.545188e+00
211	4.729597e-01	5.082334e-01	1.376160e+00
212	4.665448e-01	5.344827e-01	1.621397e+00
213	4.774378e-01	5.232494e-01	1.883244e+00
214	4.684520e-01	5.117930e-01	1.612604e+00
215	4.712181e-01	5.574983e-01	2.909135e+00
216	4.718883e-01	5.062897e-01	1.354665e+00
217	4.708009e-01	5.362097e-01	2.770396e+00
218	6.052420e-01	3.860433e-01	2.148999e+00
219	4.696939e-01	4.868206e-01	2.624817e+00
220	4.422932e-01	4.772967e-01	2.697118e+00
221	4.746767e-01	4.887123e-01	1.938935e+00
222	4.097136e-01	1.527392e-01	1.854910e+00
223	5.279779e-01	4.672078e-01	2.625794e+00
224	4.140796e-01	4.011337e-01	2.984367e+00
225	4.446016e-01	6.444493e-01	2.693210e+00
226	4.756285e-01	4.985423e-01	2.276014e+00
227	4.891476e-01	4.906893e-01	1.245237e+00
228	4.807757e-01	5.222507e-01	1.489497e+00
229	4.828606e-01	5.243436e-01	2.305325e+00
230	4.876733e-01	5.475254e-01	2.689301e+00
231	4.925768e-01	5.807467e-01	1.346849e+00
232	4.665892e-01	4.591016e-01	2.447973e+00
233	4.866091e-01	5.804901e-01	1.591109e+00
234	5.311002e-01	4.336247e-01	1.931119e+00
235	4.338770e-01	4.745200e-01	2.687347e+00
236	4.756790e-01	5.211275e-01	2.787982e+00
237	4.763768e-01	5.090446e-01	1.510015e+00
238	4.579862e-01	5.008935e-01	2.193942e+00
239	5.106900e-01	5.767139e-01	2.918906e+00
240	5.124259e-01	6.215290e-01	1.734734e+00
241	5.321727e-01	5.518841e-01	1.119199e+00
242	5.478408e-01	4.610425e-01	1.631168e+00
243	4.365793e-01	4.961193e-01	1.258915e+00
244	4.393210e-01	4.704119e-01	2.458720e+00
245	4.998042e-01	6.629323e-01	2.134343e+00
246	4.768443e-01	5.253409e-01	2.662921e+00
247	4.668115e-01	5.598479e-01	2.924768e+00
248	4.814654e-01	5.398599e-01	2.983390e+00
250	3.311047e-01	5.093375e-01	2.763556e+00
251	1.585529e-01	4.698523e-01	2.374695e+00
252	3.975732e-01	5.640897e-01	1.703468e+00
253	4.705675e-01	4.323747e-01	1.246214e+00
254	4.859476e-01	4.503646e-01	2.925745e+00
255	4.621390e-01	4.919354e-01	1.857841e+00
256	4.805455e-01	5.242462e-01	2.601368e+00
257	4.643914e-01	4.826848e-01	2.413776e+00
258	5.079687e-01	5.320507e-01	2.569126e+00
259	4.765845e-01	5.073425e-01	1.865657e+00
260	4.763642e-01	5.224196e-01	2.574988e+00
261	4.611992e-01	5.085924e-01	1.598925e+00
262	3.434511e-01	6.113031e-01	2.264289e+00
263	5.070575e-01	5.701183e-01	1.176844e+00
264	4.650830e-01	4.692405e-01	1.061553e+00
265	4.809303e-01	5.317058e-01	2.526136e+00
266	4.788371e-01	4.890276e-01	1.928188e+00
267	5.207551e-01	5.437906e-01	2.006351e+00
268	4.579871e-01	4.977371e-01	1.041036e+00
269	6.494914e-01	6.481057e-01	1.793356e+00
270	4.705438e-01	5.897456e-01	1.860772e+00
271	5.730820e-01	5.306483e-01	1.389839e+00
272	4.740896e-01	5.120638e-01	1.052760e+00
273	3.167536e-01	2.858015e-01	1.156326e+00
274	5.504455e-01	7.644994e-01	1.981925e+00
275	5.110617e-01	5.374256e-01	2.256473e+00
276	4.753448e-01	5.852896e-01	2.368832e+00
277	4.298783e-01	5.356387e-01	2.024915e+00
279	4.478853e-01	5.867478e-01	1.348803e+00
280	4.263537e-01	4.657677e-01	2.472399e+00
281	3.293083e-01	4.676832e-01	2.288715e+00
282	4.394582e-01	4.076172e-01	2.745970e+00
283	3.806694e-01	5.293178e-01	2.490962e+00
284	4.613458e-01	6.203602e-01	2.515388e+00
285	2.810825e-01	4.923948e-01	1.545188e+00
286	4.653528e-01	5.223191e-01	2.662921e+00
287	4.911613e-01	6.008825e-01	2.264289e+00
288	4.929235e-01	5.643527e-01	2.905227e+00
289	3.910862e-01	5.631479e-01	1.058622e+00
290	4.221871e-01	5.328008e-01	2.152907e+00
291	7.314585e-01	8.419428e-01	2.784074e+00
292	4.921802e-01	5.184179e-01	2.445042e+00
293	5.078768e-01	1.646267e-01	2.852467e+00
294	4.446629e-01	5.854077e-01	2.070835e+00
295	4.962180e-01	4.807738e-01	1.406448e+00
296	7.162505e-01	9.895286e-01	1.751343e+00
297	3.781914e-01	5.725808e-01	2.077675e+00
298	4.439610e-01	6.774657e-01	1.601856e+00
299	4.642827e-01	5.896729e-01	2.048363e+00
300	4.701165e-01	4.967009e-01	2.781143e+00
301	4.757524e-01	5.182296e-01	2.779189e+00
302	4.677818e-01	4.787988e-01	2.617978e+00
303	3.497976e-01	3.011900e-01	1.698583e+00
304	4.648927e-01	3.927768e-01	1.948705e+00
305	4.878600e-01	5.242686e-01	1.416219e+00
306	8.157656e-01	2.892145e-01	1.745481e+00
307	4.741695e-01	5.026740e-01	2.291646e+00
308	3.683827e-01	7.655002e-02	1.868588e+00
309	3.970342e-01	4.979984e-01	2.511480e+00
310	4.807139e-01	5.377367e-01	2.596483e+00
311	4.721743e-01	4.545101e-01	2.855398e+00
312	4.864451e-01	4.526855e-01	1.312653e+00
313	4.511221e-01	6.117168e-01	1.787494e+00
314	4.752426e-01	5.255527e-01	2.252565e+00
315	4.886381e-01	4.940622e-01	1.978017e+00
316	4.985205e-01	3.876052e-01	2.965804e+00
317	4.798309e-01	5.239958e-01	2.221299e+00
318	6.527192e-01	4.637537e-01	1.701514e+00
319	5.255897e-01	4.202385e-01	1.135809e+00
320	4.440317e-01	4.923790e-01	2.997069e+00
322	4.361775e-01	3.820684e-01	2.362970e+00
323	4.530091e-01	5.017946e-01	2.553493e+00
324	4.950757e-01	5.591876e-01	1.347826e+00
325	5.746114e-02	2.107240e-01	2.896434e+00
326	4.792569e-01	5.175907e-01	1.857841e+00
327	5.401680e-01	5.704170e-01	1.669272e+00
328	4.642180e-01	5.454507e-01	1.726917e+00
329	4.809703e-01	5.716121e-01	2.604299e+00
330	3.645364e-01	4.801604e-01	2.089399e+00
331	5.171567e-01	5.248517e-01	1.552027e+00
332	4.698107e-01	4.645802e-01	1.769907e+00
333	4.734080e-01	5.257799e-01	1.382022e+00
334	5.269873e-01	5.769024e-01	2.510503e+00
335	5.039417e-01	4.953329e-01	1.640938e+00
336	4.879465e-01	5.028364e-01	2.933561e+00
337	5.931250e-01	4.953534e-01	1.033219e+00
338	4.767648e-01	6.543631e-01	1.408403e+00
339	4.702897e-01	5.332352e-01	2.767465e+00
340	4.847450e-01	5.184530e-01	1.526624e+00
341	5.080972e-01	6.198803e-01	1.456277e+00
342	4.825060e-01	4.640876e-01	1.054714e+00
343	4.829324e-01	4.529015e-01	2.601368e+00
344	3.690820e-01	4.185480e-01	2.193942e+00
346	4.970265e-01	5.807846e-01	1.564729e+00
347	4.511876e-01	5.071953e-01	1.679043e+00
348	6.321880e-01	5.516154e-01	2.034685e+00
349	4.737619e-01	5.117861e-01	2.564240e+00
350	4.227490e-01	3.967042e-01	2.311187e+00
351	5.116610e-01	5.928537e-01	1.297997e+00
352	4.837343e-01	5.022380e-01	2.873962e+00
353	4.184993e-01	5.986935e-01	2.202736e+00
354	4.720069e-01	5.230867e-01	2.653151e+00
355	4.084966e-01	3.172836e-01	2.461651e+00
356	4.830003e-01	5.330972e-01	1.679043e+00
357	4.322234e-01	6.114321e-01	2.991207e+00
358	4.308137e-01	6.562540e-01	2.857352e+00
359	4.816939e-01	5.183993e-01	1.913532e+00
360	5.271586e-01	5.447139e-01	1.216903e+00
361	4.621661e-01	4.623850e-01	1.214949e+00
362	3.942980e-01	4.860436e-01	1.005862e+00
363	4.567417e-01	4.595679e-01	2.227162e+00
364	4.868381e-01	5.347484e-01	1.723009e+00
366	5.427560e-01	5.728932e-01	1.692721e+00
367	4.781799e-01	5.413611e-01	1.154372e+00
368	4.622293e-01	4.819661e-01	1.851001e+00
369	4.746755e-01	5.158539e-01	2.418661e+00
370	4.415756e-01	4.955575e-01	1.874450e+00
371	4.216876e-01	5.347928e-01	1.591109e+00
372	4.662906e-01	5.621378e-01	2.199805e+00
373	5.324372e-01	6.222816e-01	2.208598e+00
374	5.122783e-01	5.664556e-01	1.322423e+00
375	5.098884e-01	7.937601e-01	2.361016e+00
376	5.889713e-01	4.923809e-01	1.815828e+00
377	4.769230e-01	5.230762e-01	1.328285e+00
378	4.844791e-01	5.254880e-01	1.883244e+00
379	4.760496e-01	4.652166e-01	1.599902e+00
380	5.342646e-01	7.674730e-01	2.343429e+00
381	4.768629e-01	5.273889e-01	1.835369e+00
383	6.186785e-01	6.150400e-01	1.698583e+00
384	7.543335e-01	3.936100e-01	2.761602e+00
385	3.485890e-01	2.659354e-01	1.961407e+00
386	3.465628e-01	4.482289e-01	2.449927e+00
387	4.929798e-01	6.065641e-01	2.669761e+00
388	4.772401e-01	6.165295e-01	2.597460e+00
389	4.707679e-01	5.051140e-01	2.960918e+00
390	4.665452e-01	5.031219e-01	1.655594e+00
391	4.612786e-01	4.664582e-01	2.572057e+00
392	4.846278e-01	5.450852e-01	1.234489e+00
393	5.006132e-01	5.296962e-01	1.607719e+00
394	4.811571e-01	5.209422e-01	2.643381e+00
395	5.910943e-01	5.809245e-01	1.233512e+00
397	2.472320e-01	6.015600e-01	1.083048e+00
398	5.174140e-01	1.225241e-01	2.453835e+00
399	4.217007e-01	4.280217e-01	2.169516e+00
400	4.683847e-01	4.777323e-01	1.634099e+00
401	8.612701e-01	5.300375e-01	1.314607e+00
402	4.590719e-01	4.802446e-01	2.292623e+00
403	6.142181e-01	7.036277e-01	1.759160e+00
404	5.234193e-01	4.396661e-01	2.942355e+00
405	4.377423e-01	4.247891e-01	1.358574e+00
406	4.787863e-01	4.775443e-01	1.474841e+00
407	4.858278e-01	5.370419e-01	2.850513e+00
408	6.936603e-01	6.175907e-01	2.543723e+00
409	4.996142e-01	5.092735e-01	1.170005e+00
410	4.191839e-01	4.699781e-01	2.011236e+00
411	4.510797e-01	5.845343e-01	2.982413e+00
412	7.697918e-01	2.593736e-01	1.578407e+00
413	4.511543e-01	3.691207e-01	2.904250e+00
414	4.824984e-01	5.546946e-01	2.948217e+00
415	4.888642e-01	5.201854e-01	1.856864e+00
416	4.681477e-01	4.662941e-01	1.780655e+00
417	4.947270e-01	4.992591e-01	1.223742e+00
418	4.683631e-01	5.333000e-01	2.928676e+00
419	4.677751e-01	4.995240e-01	1.055691e+00
420	4.524580e-01	5.182965e-01	2.823156e+00
421	4.779660e-01	5.232444e-01	2.886663e+00
422	4.881706e-01	5.254401e-01	1.391793e+00
423	6.160713e-01	3.854077e-01	1.467025e+00
424	4.747869e-01	5.588619e-01	1.512946e+00
425	1.864482e-01	5.645109e-01	1.960430e+00
426	2.180361e-01	5.709118e-01	2.254519e+00
427	4.750686e-01	5.105396e-01	2.899365e+00
428	4.653643e-01	5.177184e-01	1.247191e+00
429	4.748307e-01	5.412200e-01	1.802149e+00
430	4.893817e-01	4.949030e-01	1.663410e+00
431	5.343514e-01	6.919852e-01	2.556424e+00
433	4.722637e-01	5.280803e-01	2.475330e+00
434	4.796266e-01	5.805642e-01	2.923791e+00
435	5.567540e-01	6.276007e-01	2.906204e+00
437	5.068688e-01	5.821673e-01	2.476307e+00
438	3.731622e-01	5.620860e-01	2.065950e+00
439	4.716526e-01	5.173687e-01	1.983879e+00
440	3.941680e-01	4.292272e-01	1.637030e+00
441	3.924664e-01	6.506409e-01	1.338056e+00
442	5.428113e-01	5.263022e-01	2.406937e+00
443	6.514358e-01	2.673688e-01	1.422081e+00
444	4.777749e-01	4.766658e-01	2.956033e+00
445	4.655055e-01	5.297259e-01	2.601368e+00
446	7.584233e-01	5.818001e-01	1.846116e+00
447	4.736032e-01	4.991553e-01	1.264778e+00
448	4.640617e-01	3.988355e-01	1.119199e+00
449	4.932046e-01	6.031440e-01	1.956522e+00
450	5.226680e-01	8.417220e-01	2.971666e+00
451	4.780349e-01	5.191140e-01	2.149976e+00
452	3.550184e-01	5.366186e-01	1.574499e+00
453	4.769210e-01	4.882201e-01	1.775769e+00
455	4.735073e-01	4.643740e-01	2.984367e+00
456	4.839105e-01	5.827577e-01	1.577430e+00
457	4.965280e-01	4.500175e-01	2.955056e+00
458	4.444717e-01	5.119075e-01	2.865169e+00
459	4.798583e-01	7.451457e-01	1.672203e+00
461	4.550817e-01	5.084768e-01	2.513434e+00
462	4.712965e-01	5.555667e-01	1.853933e+00
463	4.583244e-01	5.413849e-01	2.858329e+00
464	4.508730e-01	3.892246e-01	1.574499e+00
465	4.578610e-01	4.854260e-01	1.432829e+00
466	4.682262e-01	5.205901e-01	1.500244e+00
467	4.438961e-01	6.464344e-01	1.323400e+00
468	4.929669e-01	5.182048e-01	2.147044e+00
469	4.716847e-01	5.233872e-01	2.698095e+00
470	4.865068e-01	5.234309e-01	1.364436e+00
471	6.108628e-01	7.823328e-01	2.076698e+00
472	4.778963e-01	5.236227e-01	2.011236e+00
473	4.617848e-01	4.647949e-01	1.215926e+00
474	4.800214e-01	4.967737e-01	2.299463e+00
475	4.669372e-01	5.890791e-01	1.683928e+00
476	4.692693e-01	5.132883e-01	2.081583e+00
477	4.833877e-01	4.628569e-01	2.350269e+00
478	3.744673e-01	4.287866e-01	2.728383e+00
479	4.964845e-01	6.252677e-01	1.194431e+00
480	5.184987e-01	5.682043e-01	2.515388e+00
481	4.295611e-01	6.683984e-01	1.865657e+00
482	4.733761e-01	7.599877e-01	1.802149e+00
483	4.582212e-01	5.011143e-01	1.367367e+00
484	4.557885e-01	6.646357e-01	1.148510e+00
485	4.437004e-01	3.760724e-01	2.427455e+00
486	5.603922e-01	4.460028e-01	2.196873e+00
487	5.743611e-01	5.151110e-01	2.386419e+00
488	4.823198e-01	5.694163e-01	1.294089e+00
489	4.504324e-01	3.952624e-01	1.687836e+00
490	3.942102e-01	4.569634e-01	1.146556e+00
491	5.806350e-01	5.640827e-01	1.597948e+00
492	5.302446e-01	5.122262e-01	2.412799e+00
493	5.732181e-01	6.217596e-01	1.227650e+00
494	4.939618e-01	5.310263e-01	2.522228e+00
495	4.627126e-01	4.795878e-01	1.437714e+00
496	4.478539e-01	4.375698e-01	1.523693e+00
497	3.755720e-01	5.167867e-01	1.221788e+00
498	4.888554e-01	6.025060e-01	1.652662e+00
499	4.870817e-01	4.168767e-01	1.269663e+00
500	4.850577e-01	5.156975e-01	2.967758e+00
501	4.824987e-01	5.252495e-01	2.546654e+00
502	4.055650e-01	2.129627e-01	1.818759e+00
503	5.083008e-01	5.747244e-01	1.919394e+00
504	4.929775e-01	5.242604e-01	2.563263e+00
505	4.630054e-01	5.120555e-01	1.451392e+00
506	3.711252e-01	4.823196e-01	1.718124e+00
507	4.754816e-01	5.421296e-01	1.207132e+00
508	4.695803e-01	5.114751e-01	1.236444e+00
509	5.773483e-01	5.573710e-01	2.622863e+00
510	6.510357e-01	4.181830e-01	2.549585e+00
511	4.669783e-01	5.144713e-01	2.966781e+00
512	5.024222e-01	3.644283e-01	2.395213e+00
513	5.352686e-01	4.577912e-01	1.534441e+00
514	4.692054e-01	6.858203e-01	1.550073e+00
515	5.079511e-01	5.899400e-01	1.610650e+00
516	3.244280e-01	4.135037e-01	1.612604e+00
517	4.556927e-01	5.202817e-01	1.086957e+00
518	4.973013e-01	5.056107e-01	2.282853e+00
519	2.221589e-01	1.272035e-01	1.573522e+00
520	4.629476e-01	5.236851e-01	2.497802e+00
521	4.754087e-01	5.427587e-01	1.752320e+00
523	5.022650e-01	5.249261e-01	1.209086e+00
524	4.432937e-01	4.455832e-01	2.755740e+00
525	5.500568e-01	5.111976e-01	1.499267e+00
526	4.963937e-01	5.270668e-01	1.014656e+00
527	6.992865e-01	6.503043e-01	2.891549e+00
528	4.803719e-01	5.378117e-01	2.478261e+00
529	5.436145e-01	5.981978e-01	1.898876e+00
530	4.506963e-01	5.143279e-01	1.188569e+00
531	4.760582e-01	5.036675e-01	2.785051e+00
532	4.824339e-01	5.159371e-01	2.945286e+00
533	4.849043e-01	4.520482e-01	2.458720e+00
534	3.786857e-01	5.317992e-01	2.673669e+00
535	4.620552e-01	5.141401e-01	1.399609e+00
536	4.581262e-01	4.797884e-01	2.604299e+00
537	4.687819e-01	5.150476e-01	1.529555e+00
538	4.737408e-01	5.159951e-01	2.823156e+00
539	4.648898e-01	5.572888e-01	2.826087e+00
540	4.828987e-01	6.013723e-01	2.844651e+00
541	4.057133e-01	5.533539e-01	2.290669e+00
542	4.548911e-01	5.312008e-01	2.570103e+00
543	4.482905e-01	5.385284e-01	2.396190e+00
544	5.111904e-01	5.304879e-01	1.318515e+00
545	4.317635e-01	5.933108e-01	2.605276e+00
546	7.249690e-01	4.717271e-01	2.683439e+00
547	2.980406e-01	5.459250e-01	1.587201e+00
548	4.012733e-01	4.059473e-01	1.375183e+00
549	5.121813e-01	5.327030e-01	2.298486e+00
550	4.836735e-01	5.199320e-01	1.285296e+00
551	4.792636e-01	5.280731e-01	2.983390e+00
552	6.455681e-01	4.183278e-01	1.195408e+00
553	4.702714e-01	5.158892e-01	2.414753e+00
554	4.550742e-01	4.474131e-01	1.843185e+00
555	4.494354e-01	4.943253e-01	2.396190e+00
556	4.054469e-01	5.044521e-01	3.000000e+00
557	4.724563e-01	5.109309e-01	2.728383e+00
559	4.695756e-01	4.944575e-01	1.944797e+00
560	3.621213e-01	4.349234e-01	2.883732e+00
561	4.449958e-01	5.847036e-01	2.383488e+00
562	4.496233e-01	4.150733e-01	2.506595e+00
563	4.864643e-01	4.914037e-01	1.786517e+00
564	5.539924e-01	5.452126e-01	2.893503e+00
565	4.865321e-01	5.280679e-01	2.981436e+00
566	4.692573e-01	5.625794e-01	2.663898e+00
567	4.816758e-01	5.401041e-01	2.227162e+00
568	4.440001e-01	5.217812e-01	1.527601e+00
569	4.089036e-01	4.126586e-01	2.610161e+00
570	8.492835e-01	2.215867e-01	1.058622e+00
571	4.597064e-01	4.711595e-01	2.782120e+00
573	4.873011e-01	5.052946e-01	2.109917e+00
574	4.775553e-01	5.067981e-01	2.074744e+00
575	4.706944e-01	4.842504e-01	2.319003e+00
576	4.540739e-01	5.447644e-01	1.290181e+00
577	4.521969e-01	5.965741e-01	1.286273e+00
578	5.183315e-01	5.923818e-01	1.881290e+00
579	4.775520e-01	5.157736e-01	1.664387e+00
580	6.304066e-01	5.120217e-01	1.242306e+00
581	4.370325e-01	5.231354e-01	1.927211e+00
582	4.803007e-01	5.200677e-01	2.820225e+00
583	3.854724e-01	3.856790e-01	2.792868e+00
584	4.639296e-01	4.144765e-01	1.201270e+00
585	4.618474e-01	4.436921e-01	1.898876e+00
586	4.730363e-01	5.189159e-01	1.782609e+00
587	4.599166e-01	5.107982e-01	1.561798e+00
588	4.771473e-01	5.234850e-01	2.282853e+00
589	4.770174e-01	6.078527e-01	2.210552e+00
590	3.998148e-01	5.111419e-01	1.020518e+00
591	4.887676e-01	5.878686e-01	1.784563e+00
592	4.693624e-01	5.208233e-01	1.275525e+00
593	4.431614e-01	5.354960e-01	1.212995e+00
594	5.127854e-01	5.149149e-01	2.964827e+00
595	4.953682e-01	5.438536e-01	2.079629e+00
596	2.248359e-01	3.128247e-01	1.187592e+00
597	4.858923e-01	4.762562e-01	1.258915e+00
598	4.620745e-01	5.281920e-01	1.999511e+00
599	4.804510e-01	5.309258e-01	1.264778e+00
600	4.716649e-01	4.911327e-01	1.110405e+00
601	5.730751e-01	9.026496e-01	1.107474e+00
602	4.777277e-01	4.943698e-01	1.070347e+00
603	4.756013e-01	5.312027e-01	2.400098e+00
604	4.622603e-01	5.116395e-01	2.871031e+00
605	4.834766e-01	5.272316e-01	2.739130e+00
606	4.574720e-01	5.310885e-01	2.061065e+00
607	6.892681e-01	5.975728e-01	1.073278e+00
608	4.859327e-01	5.633423e-01	2.799707e+00
609	4.914176e-01	6.033127e-01	2.010259e+00
610	5.395348e-01	5.463023e-01	1.700537e+00
611	4.770417e-01	5.092616e-01	1.339033e+00
612	4.576498e-01	5.095399e-01	2.227162e+00
613	7.230073e-01	2.005913e-01	2.482169e+00
614	4.852052e-01	5.083074e-01	2.958964e+00
615	4.118304e-01	4.770173e-01	1.443576e+00
616	5.821448e-01	5.782113e-01	2.381534e+00
617	4.689916e-01	6.096667e-01	1.971177e+00
618	4.736332e-01	5.402465e-01	2.960918e+00
619	2.551743e-01	2.928571e-01	1.812897e+00
620	5.380834e-01	5.121258e-01	1.170982e+00
621	4.776482e-01	5.421950e-01	1.277479e+00
622	2.954208e-01	5.765094e-01	1.176844e+00
623	4.778630e-01	5.477758e-01	1.636053e+00
624	5.156122e-01	4.195018e-01	2.336590e+00
625	5.016594e-01	5.182853e-01	1.343918e+00
626	4.642259e-01	5.359204e-01	1.905716e+00
627	4.690408e-01	4.541833e-01	1.784563e+00
628	4.793941e-01	5.118228e-01	2.063996e+00
629	4.705761e-01	5.317112e-01	2.497802e+00
630	5.030388e-01	5.174240e-01	2.870054e+00
631	5.066455e-01	4.856277e-01	1.729849e+00
632	3.320126e-01	3.723488e-01	2.290669e+00
633	4.763133e-01	5.200460e-01	2.841720e+00
634	4.735384e-01	5.158303e-01	2.195896e+00
635	4.597418e-01	5.448225e-01	1.601856e+00
636	4.843848e-01	4.655720e-01	2.449927e+00
637	5.021828e-01	5.725511e-01	1.462140e+00
638	4.753222e-01	5.209041e-01	2.041524e+00
639	4.750277e-01	5.190639e-01	2.061065e+00
640	2.252123e-01	3.970572e-01	2.130435e+00
641	4.479315e-01	6.885963e-01	2.205667e+00
642	4.729143e-01	5.147784e-01	2.184172e+00
643	4.322214e-01	5.054332e-01	2.747924e+00
644	5.152841e-01	3.669061e-01	2.909135e+00
645	4.751776e-01	5.118725e-01	2.777235e+00
646	4.969842e-01	5.009540e-01	1.295066e+00
647	3.974315e-01	5.288657e-01	1.050806e+00
648	6.303719e-01	4.005110e-01	1.191500e+00
649	4.904557e-01	5.224493e-01	1.198339e+00
650	4.682577e-01	5.209239e-01	2.656082e+00
651	4.773417e-01	5.295374e-01	1.692721e+00
652	6.335569e-01	6.878922e-01	2.330728e+00
653	4.772902e-01	5.285269e-01	1.906693e+00
654	4.537399e-01	5.225597e-01	2.192965e+00
655	4.971575e-01	4.561272e-01	1.200293e+00
656	4.778568e-01	5.374095e-01	2.361016e+00
657	4.242256e-01	3.356237e-01	2.080606e+00
658	4.646153e-01	5.012133e-01	2.017098e+00
659	4.448170e-01	4.492414e-01	2.191011e+00
660	7.593557e-01	6.450365e-01	1.667318e+00
661	3.093839e-01	3.395122e-01	2.229116e+00
662	2.921967e-01	3.854289e-01	1.188569e+00
663	5.008276e-01	4.725944e-01	2.714704e+00
664	4.628235e-01	5.398143e-01	1.979971e+00
665	4.781597e-01	4.981305e-01	2.954079e+00
666	1.855750e-01	2.648670e-01	1.803127e+00
667	5.125633e-01	5.428721e-01	1.039082e+00
668	8.407145e-01	3.520035e-01	1.893014e+00
669	4.690241e-01	4.910833e-01	1.778701e+00
670	8.586403e-01	4.520568e-01	1.807035e+00
671	4.713942e-01	4.733568e-01	1.102589e+00
672	4.292733e-01	4.435107e-01	1.879336e+00
673	4.219750e-01	5.081600e-01	1.984856e+00
674	4.740098e-01	5.206828e-01	2.238886e+00
675	4.864633e-01	5.450294e-01	2.868100e+00
676	4.817900e-01	5.291257e-01	2.748901e+00
677	4.151615e-01	7.478804e-01	1.578407e+00
678	4.806053e-01	5.894232e-01	1.621397e+00
679	4.819136e-01	5.224025e-01	2.657059e+00
680	4.780140e-01	4.826400e-01	2.404983e+00
681	4.888434e-01	5.660919e-01	2.272106e+00
682	4.372390e-01	4.442917e-01	1.463117e+00
683	4.813527e-01	4.877718e-01	2.316072e+00
684	4.771254e-01	5.100089e-01	2.334636e+00
685	4.465464e-01	5.707393e-01	1.365413e+00
686	3.749049e-01	4.155660e-01	2.105032e+00
687	5.388434e-01	5.438835e-01	1.339033e+00
688	4.689924e-01	5.390163e-01	2.932584e+00
689	4.798875e-01	5.246875e-01	2.378603e+00
690	4.811542e-01	5.251926e-01	1.833415e+00
691	4.057935e-01	5.187213e-01	1.663410e+00
692	4.945211e-01	4.770837e-01	2.251588e+00
693	5.278912e-01	3.829074e-01	1.766976e+00
694	3.372008e-01	3.697479e-01	1.575476e+00
695	4.467762e-01	5.592366e-01	2.771373e+00
696	4.804912e-01	5.224497e-01	2.787005e+00
697	4.677701e-01	5.277204e-01	1.959453e+00
698	5.009497e-01	5.465927e-01	2.187103e+00
699	4.731940e-01	5.229061e-01	2.430386e+00
700	4.572188e-01	5.893217e-01	2.679531e+00
701	4.728577e-01	5.045002e-01	2.191988e+00
702	4.624668e-01	4.940574e-01	2.945286e+00
703	4.546256e-01	5.270627e-01	2.793845e+00
704	4.671981e-01	5.175596e-01	2.132389e+00
705	3.458682e-01	3.254152e-01	1.627259e+00
706	4.825181e-01	5.063712e-01	1.623351e+00
707	4.933804e-01	5.249921e-01	2.772350e+00
708	4.830418e-01	5.286025e-01	1.552027e+00
709	2.991447e-01	5.741930e-01	1.180752e+00
710	4.644841e-01	5.608349e-01	1.632145e+00
711	2.256855e-01	1.226285e-01	1.680997e+00
712	6.348801e-01	6.183602e-01	2.828041e+00
713	6.826686e-01	4.205718e-01	1.703468e+00
714	2.638681e-01	2.823883e-01	1.471910e+00
715	4.815329e-01	5.209928e-01	2.368832e+00
716	4.713749e-01	5.427524e-01	1.961407e+00
717	4.730856e-01	5.183152e-01	1.756229e+00
718	4.828066e-01	5.037662e-01	2.987298e+00
719	4.868144e-01	5.224080e-01	2.332682e+00
720	4.574101e-01	4.914764e-01	1.097704e+00
721	5.109130e-01	6.655549e-01	1.954568e+00
722	4.814623e-01	5.209505e-01	1.704446e+00
723	4.742037e-01	5.207608e-01	1.853933e+00
724	4.434658e-01	5.866545e-01	2.829995e+00
725	4.605662e-01	4.634003e-01	2.232047e+00
726	4.774299e-01	4.892147e-01	2.587689e+00
727	4.587052e-01	5.977351e-01	2.698095e+00
729	5.354605e-01	5.833032e-01	1.212995e+00
730	5.376872e-01	4.553417e-01	1.502198e+00
731	4.777528e-01	5.228934e-01	2.614069e+00
732	4.974905e-01	3.803722e-01	2.880801e+00
733	4.825362e-01	4.929699e-01	1.956522e+00
734	4.436045e-01	4.304247e-01	2.745970e+00
735	7.300219e-01	4.262000e-01	1.179775e+00
736	4.539146e-01	5.254390e-01	1.935027e+00
737	4.687184e-01	5.247226e-01	1.975085e+00
738	4.635593e-01	4.929253e-01	1.067416e+00
739	5.415753e-01	5.226718e-01	2.024915e+00
740	4.672129e-01	6.517584e-01	2.810454e+00
741	4.532483e-01	4.200535e-01	2.428432e+00
742	4.648221e-01	5.204220e-01	1.957499e+00
743	4.609606e-01	4.034738e-01	2.306302e+00
744	4.663205e-01	5.313253e-01	2.557401e+00
745	4.732789e-01	5.583579e-01	1.243283e+00
746	4.584427e-01	5.537569e-01	2.429409e+00
747	4.867482e-01	4.894311e-01	2.523205e+00
748	5.213653e-01	7.134697e-01	2.842697e+00
749	4.726891e-01	5.224261e-01	2.247680e+00
750	4.794031e-01	5.323325e-01	2.000489e+00
751	4.740954e-01	4.969187e-01	2.446019e+00
752	4.782507e-01	5.181831e-01	2.360039e+00
753	6.007621e-01	5.810207e-01	2.567171e+00
754	4.849618e-01	5.348980e-01	2.415730e+00
755	4.626542e-01	5.025611e-01	1.989741e+00
756	4.845428e-01	5.251318e-01	2.908158e+00
757	5.002523e-01	7.269487e-01	2.731314e+00
758	4.753363e-01	5.166380e-01	2.544700e+00
759	4.737118e-01	5.197278e-01	2.890572e+00
760	4.727363e-01	5.186302e-01	1.654617e+00
761	4.824168e-01	5.167102e-01	1.008793e+00
762	5.061640e-01	5.720924e-01	1.260870e+00
763	5.188481e-01	4.465144e-01	1.347826e+00
764	5.020477e-01	5.262202e-01	1.325354e+00
765	4.798442e-01	5.135955e-01	1.420127e+00
766	4.663847e-01	4.085328e-01	2.845628e+00
767	4.515022e-01	5.776172e-01	1.853933e+00
768	4.772742e-01	5.341857e-01	1.303859e+00
769	4.727730e-01	3.812770e-01	1.294089e+00
770	5.018077e-01	4.241731e-01	1.675134e+00
771	4.143335e-01	5.304653e-01	2.417684e+00
772	4.605698e-01	4.906910e-01	2.053249e+00
773	4.627865e-01	5.311558e-01	1.276502e+00
774	2.969384e-01	5.680912e-01	2.779189e+00
775	1.097737e-01	3.889695e-01	1.984856e+00
776	7.334922e-01	6.592827e-01	2.295554e+00
777	4.800938e-01	5.265497e-01	1.652662e+00
778	4.778554e-01	5.376280e-01	2.464582e+00
779	4.715752e-01	5.220564e-01	1.763068e+00
780	4.601960e-01	5.127844e-01	2.026869e+00
781	4.970832e-01	4.061746e-01	1.160234e+00
782	4.037030e-01	6.522071e-01	2.302394e+00
783	4.533112e-01	5.032688e-01	1.384954e+00
784	4.701878e-01	4.648595e-01	2.598437e+00
785	5.108253e-01	5.639036e-01	2.130435e+00
786	5.011253e-01	4.941936e-01	1.690767e+00
787	4.501505e-01	5.169733e-01	1.940889e+00
788	4.778523e-01	5.270628e-01	2.099170e+00
