789
0	6.498938e-01	4.866804e-01	1.398632e+00
1	5.539061e-01	4.120836e-01	1.108451e+00
2	4.985318e-01	5.676484e-01	2.925745e+00
3	4.468309e-01	4.461619e-01	2.732291e+00
4	5.785565e-01	5.900738e-01	1.257938e+00
5	5.183709e-01	5.901224e-01	2.424524e+00
6	4.143737e-01	3.442737e-01	1.383000e+00
7	4.370515e-01	4.793236e-01	2.705911e+00
8	4.520799e-01	4.898812e-01	2.442110e+00
9	4.744742e-01	5.179029e-01	2.233024e+00
10	4.421086e-01	4.999663e-01	2.376649e+00
11	4.746592e-01	5.210967e-01	1.556913e+00
12	5.245602e-01	6.036405e-01	2.950171e+00
13	5.214955e-01	4.042845e-01	1.066439e+00
14	4.747342e-01	5.142433e-01	1.626282e+00
15	5.795056e-01	3.007775e-01	1.306790e+00
16	4.744138e-01	5.180168e-01	2.902296e+00
17	4.951602e-01	5.336270e-01	1.195408e+00
18	4.403661e-01	4.939859e-01	1.785540e+00
19	4.443590e-01	4.584132e-01	1.248168e+00
20	4.278181e-01	5.264070e-01	1.863703e+00
21	4.711275e-01	3.979023e-01	2.671715e+00
22	4.793324e-01	5.305234e-01	2.487054e+00
23	4.665319e-01	5.512673e-01	1.946751e+00
24	5.414085e-01	5.467990e-01	1.303859e+00
25	3.140155e-01	1.634241e-01	2.152907e+00
26	4.554742e-01	5.050530e-01	1.388862e+00
27	4.450061e-01	4.661172e-01	1.591109e+00
28	4.421170e-01	4.757630e-01	2.205667e+00
29	4.967670e-01	5.349813e-01	2.181241e+00
30	4.459490e-01	5.473201e-01	1.475818e+00
31	4.500730e-01	5.341020e-01	2.309233e+00
32	4.277078e-01	4.676057e-01	2.073766e+00
33	5.453764e-01	7.304094e-01	2.331705e+00
34	4.468599e-01	4.696351e-01	1.126038e+00
35	5.129300e-01	5.085076e-01	2.235955e+00
36	4.931966e-01	2.833049e-01	2.805569e+00
37	4.917922e-01	4.072712e-01	2.555447e+00
38	4.730399e-01	4.872092e-01	2.559355e+00
39	4.617977e-01	4.939892e-01	1.895945e+00
40	4.723340e-01	4.883144e-01	1.282364e+00
41	4.242757e-01	4.085978e-01	2.750855e+00
42	4.798627e-01	5.183087e-01	2.412799e+00
43	4.582992e-01	5.035486e-01	2.557401e+00
44	3.332176e-01	4.091007e-01	1.648754e+00
45	4.032479e-01	5.110515e-01	1.721055e+00
46	4.530487e-01	4.707057e-01	2.588666e+00
47	4.811154e-01	4.999054e-01	1.525647e+00
48	4.722541e-01	5.171355e-01	2.751832e+00
49	5.597975e-01	6.075745e-01	2.625794e+00
50	5.095789e-01	5.702389e-01	1.663410e+00
51	4.772958e-01	5.200620e-01	2.560332e+00
52	4.745641e-01	5.054053e-01	1.696629e+00
53	4.825552e-01	4.984649e-01	1.506106e+00
54	4.864913e-01	5.196969e-01	2.675623e+00
55	4.737539e-01	4.325066e-01	2.497802e+00
56	4.107339e-01	3.672925e-01	1.031265e+00
57	5.781118e-01	5.997913e-01	2.361993e+00
58	4.577471e-01	4.142133e-01	1.866634e+00
59	4.507786e-01	1.643681e-01	2.930630e+00
60	4.418149e-01	1.767772e-01	1.503175e+00
61	4.654047e-01	5.401895e-01	2.449927e+00
62	4.897415e-01	5.211375e-01	2.831949e+00
63	4.659745e-01	5.129046e-01	2.317049e+00
64	4.455870e-01	4.913240e-01	2.353200e+00
65	4.728260e-01	5.177658e-01	2.575965e+00
66	5.630822e-01	4.546803e-01	2.922814e+00
67	4.629617e-01	4.433349e-01	2.289692e+00
68	4.800772e-01	4.383177e-01	2.766488e+00
69	3.745843e-01	4.693219e-01	1.522716e+00
70	5.352732e-01	5.253443e-01	2.769419e+00
71	4.739924e-01	5.222850e-01	1.110405e+00
72	5.022983e-01	5.478472e-01	1.412311e+00
73	3.279803e-01	5.092447e-01	1.951637e+00
74	4.627810e-01	5.102725e-01	1.449438e+00
75	7.519875e-01	6.159412e-01	2.176356e+00
76	5.174061e-01	5.921931e-01	1.212995e+00
77	4.725730e-01	4.876148e-01	1.872496e+00
78	4.852228e-01	5.534974e-01	1.606742e+00
79	3.467358e-01	4.219835e-01	1.183683e+00
80	4.077257e-01	4.427718e-01	2.736199e+00
81	4.742266e-01	5.176975e-01	1.617489e+00
82	5.186137e-01	5.628770e-01	2.456766e+00
83	4.285950e-01	4.083199e-01	1.406448e+00
84	4.449863e-01	5.085539e-01	2.453835e+00
85	4.808970e-01	5.267322e-01	2.712750e+00
86	4.699717e-01	5.051703e-01	2.877870e+00
87	4.312754e-01	2.337416e-01	1.533464e+00
88	4.778581e-01	6.914974e-01	2.169516e+00
89	5.872697e-01	7.298374e-01	2.483146e+00
90	4.647078e-01	4.671352e-01	1.538349e+00
91	4.634499e-01	5.304344e-01	1.117245e+00
92	4.750064e-01	5.262590e-01	2.709819e+00
93	4.485508e-01	4.685740e-01	2.929653e+00
94	4.484967e-01	4.558560e-01	2.125550e+00
95	4.995988e-01	4.563674e-01	2.148999e+00
96	4.631300e-01	5.088625e-01	1.206155e+00
97	1.128710e-01	6.219139e-01	2.689301e+00
98	4.715454e-01	5.063557e-01	1.997557e+00
99	4.362484e-01	4.228680e-01	1.753298e+00
100	4.603065e-01	5.205687e-01	1.491451e+00
101	4.744017e-01	5.172863e-01	2.381534e+00
102	4.909125e-01	5.276743e-01	1.837323e+00
103	5.005288e-01	5.510230e-01	2.723498e+00
104	2.946024e-01	3.501304e-01	1.216903e+00
105	4.686714e-01	5.227739e-01	1.385931e+00
106	7.233891e-01	7.542172e-01	1.094773e+00
107	4.694886e-01	5.203480e-01	1.887152e+00
108	4.242740e-01	4.587061e-01	1.869565e+00
109	4.586373e-01	5.018738e-01	2.657059e+00
110	5.402385e-01	6.127296e-01	1.905716e+00
111	4.609000e-01	5.561530e-01	2.319980e+00
112	5.425215e-01	8.314021e-01	1.549096e+00
113	2.093281e-01	4.429556e-01	1.155349e+00
114	4.883321e-01	5.544506e-01	1.261847e+00
115	5.493499e-01	5.591339e-01	1.308745e+00
116	3.686972e-01	4.401828e-01	1.148510e+00
117	4.892170e-01	5.650637e-01	1.865657e+00
118	4.509943e-01	4.518914e-01	2.988276e+00
119	4.288365e-01	4.861738e-01	1.479726e+00
120	4.494585e-01	4.590979e-01	2.095261e+00
121	4.833861e-01	5.937164e-01	2.442110e+00
122	5.182475e-01	3.525477e-01	1.070347e+00
123	5.170827e-01	4.093721e-01	1.417196e+00
124	4.740734e-01	5.218734e-01	2.817294e+00
125	3.828572e-01	1.718037e-01	1.164143e+00
126	4.743953e-01	6.070690e-01	2.738153e+00
127	4.631206e-01	6.311973e-01	2.338544e+00
128	4.873509e-01	2.446585e-01	1.282364e+00
129	4.790389e-01	4.921815e-01	2.676600e+00
130	4.886565e-01	2.450867e-01	2.443087e+00
131	7.182236e-01	2.143722e-01	2.375672e+00
132	4.144629e-01	7.144816e-01	1.220811e+00
133	7.315933e-01	6.141043e-01	2.407914e+00
134	4.105091e-01	4.560360e-01	2.277968e+00
135	4.568420e-01	5.192503e-01	2.409868e+00
136	4.686633e-01	4.741674e-01	2.083537e+00
137	3.873738e-01	5.491699e-01	2.286761e+00
138	6.900115e-01	6.046726e-01	1.194431e+00
139	4.532660e-01	5.189891e-01	2.818271e+00
140	4.284540e-01	4.275146e-01	2.827064e+00
141	4.616737e-01	5.511219e-01	1.684905e+00
142	4.802603e-01	4.937898e-01	1.999511e+00
143	4.789878e-01	5.305364e-01	1.956522e+00
144	5.299877e-01	5.488288e-01	2.323889e+00
145	5.103283e-01	5.644769e-01	2.501710e+00
146	3.735582e-01	7.075044e-01	2.395213e+00
147	5.351308e-01	4.194339e-01	2.719590e+00
148	4.763564e-01	5.180388e-01	2.937469e+00
149	4.441105e-01	4.624050e-01	2.803615e+00
150	5.108352e-01	4.315030e-01	1.794333e+00
151	4.676201e-01	5.389122e-01	2.611138e+00
152	5.178271e-01	5.411164e-01	1.724963e+00
153	4.862961e-01	5.080547e-01	1.983879e+00
154	4.722609e-01	5.205574e-01	2.181241e+00
155	5.746035e-01	5.619003e-01	1.295066e+00
156	3.627959e-01	3.623994e-01	1.970200e+00
157	4.704959e-01	5.028397e-01	2.387396e+00
158	3.460231e-01	5.624129e-01	2.386419e+00
159	4.770155e-01	4.943666e-01	2.647289e+00
160	4.654463e-01	5.047165e-01	1.686859e+00
161	4.414677e-01	4.875295e-01	1.553981e+00
162	4.588724e-01	4.994289e-01	1.764045e+00
163	4.898862e-01	6.488448e-01	1.632145e+00
164	4.755321e-01	5.190018e-01	1.235467e+00
165	4.833783e-01	5.375103e-01	2.251588e+00
166	4.617522e-01	5.132905e-01	1.751343e+00
167	3.479631e-01	5.437134e-01	1.715193e+00
168	4.726244e-01	5.197118e-01	2.109917e+00
169	5.272793e-01	5.739227e-01	2.137274e+00
170	3.845900e-01	5.465698e-01	2.099170e+00
171	4.292399e-01	4.247166e-01	2.057157e+00
172	5.156007e-01	5.384061e-01	2.246702e+00
173	5.057610e-01	5.218698e-01	1.894968e+00
174	5.001418e-01	5.497559e-01	2.453835e+00
175	4.855655e-01	5.680729e-01	2.834880e+00
176	4.961893e-01	4.427353e-01	2.215437e+00
177	4.755575e-01	5.211186e-01	2.153884e+00
178	4.786093e-01	5.280126e-01	2.475330e+00
179	5.803887e-01	5.997789e-01	1.274548e+00
180	4.405716e-01	5.001264e-01	2.127504e+00
181	4.649902e-01	5.113808e-01	1.790425e+00
182	5.007819e-01	2.353610e-01	1.736688e+00
183	6.047189e-01	5.418620e-01	1.692721e+00
184	4.729989e-01	5.336228e-01	2.042501e+00
185	6.039475e-01	5.797009e-01	1.468979e+00
186	4.313524e-01	4.921849e-01	1.784563e+00
187	7.698800e-01	7.274567e-01	2.653151e+00
188	5.099511e-01	5.636838e-01	1.839277e+00
189	4.725681e-01	5.277323e-01	1.175867e+00
190	5.144169e-01	4.987572e-01	2.807523e+00
191	3.889692e-01	7.455751e-01	2.811431e+00
192	4.604552e-01	5.594236e-01	1.192477e+00
193	7.759723e-01	6.122993e-01	1.620420e+00
194	5.303489e-01	7.336139e-01	2.624817e+00
195	4.741273e-01	5.173575e-01	2.806546e+00
196	4.330341e-01	3.957680e-01	1.763068e+00
197	4.138852e-01	7.397486e-01	2.060088e+00
198	5.017608e-01	2.094743e-01	2.458720e+00
199	4.687914e-01	5.384880e-01	2.463605e+00
200	4.369024e-01	7.841324e-01	1.141671e+00
201	4.672332e-01	5.295803e-01	1.146556e+00
202	4.596972e-01	4.681676e-01	1.395701e+00
203	4.619950e-01	5.454747e-01	1.755252e+00
204	5.012779e-01	5.445291e-01	2.901319e+00
205	5.999020e-01	6.023225e-01	2.123596e+00
206	4.372321e-01	6.887737e-01	1.652662e+00
207	4.504558e-01	4.667685e-01	1.199316e+00
208	4.589431e-01	5.059158e-01	2.170493e+00
209	4.909534e-01	5.782381e-01	2.733268e+00
210	5.043763e-01	4.462350e-01	1.545188e+00
211	4.451289e-01	5.369042e-01	1.376160e+00
212	4.757223e-01	5.388404e-01	1.621397e+00
213	4.868195e-01	5.232870e-01	1.883244e+00
214	4.907937e-01	5.217361e-01	1.612604e+00
215	4.391105e-01	5.210835e-01	2.909135e+00
216	4.639276e-01	4.925862e-01	1.354665e+00
217	4.652032e-01	5.227452e-01	2.770396e+00
218	4.078579e-01	5.719308e-01	2.148999e+00
219	4.699015e-01	5.531000e-01	2.624817e+00
220	4.674448e-01	5.158811e-01	2.697118e+00
221	4.738113e-01	4.682087e-01	1.938935e+00
222	2.030148e-01	5.424524e-01	1.854910e+00
223	4.701386e-01	6.499999e-01	2.625794e+00
224	2.953636e-01	3.572377e-01	2.984367e+00
225	5.164146e-01	5.921179e-01	2.693210e+00
226	4.780333e-01	5.388367e-01	2.276014e+00
227	4.628776e-01	4.675123e-01	1.245237e+00
228	4.802434e-01	5.219516e-01	1.489497e+00
229	4.859780e-01	5.095894e-01	2.305325e+00
230	4.873042e-01	5.385862e-01	2.689301e+00
231	4.966534e-01	5.440810e-01	1.346849e+00
232	4.471019e-01	4.743430e-01	2.447973e+00
233	4.094870e-01	5.035132e-01	1.591109e+00
234	5.110851e-01	6.818057e-01	1.931119e+00
235	4.910843e-01	5.449576e-01	2.687347e+00
236	4.761478e-01	5.189273e-01	2.787982e+00
237	4.645477e-01	4.931139e-01	1.510015e+00
238	4.395650e-01	4.901967e-01	2.193942e+00
239	5.024788e-01	5.596607e-01	2.918906e+00
240	4.747709e-01	5.264438e-01	1.734734e+00
241	4.338128e-01	4.718209e-01	1.119199e+00
242	4.492999e-01	5.466009e-01	1.631168e+00
243	4.119953e-01	5.032010e-01	1.258915e+00
244	4.118743e-01	4.575868e-01	2.458720e+00
245	4.222160e-01	4.617797e-01	2.134343e+00
246	4.799128e-01	5.125207e-01	2.662921e+00
247	4.857816e-01	5.570962e-01	2.924768e+00
248	3.908751e-01	3.621385e-01	2.983390e+00
249	5.760203e-01	3.243329e-01	2.305325e+00
250	5.118282e-01	7.457742e-01	2.763556e+00
251	4.584441e-01	4.974362e-01	2.374695e+00
252	4.411237e-01	5.601013e-01	1.703468e+00
253	5.078908e-01	4.293989e-01	1.246214e+00
254	6.023546e-01	7.540236e-01	2.925745e+00
255	4.709901e-01	5.206627e-01	1.857841e+00
256	4.649204e-01	4.969654e-01	2.601368e+00
257	4.567849e-01	4.771404e-01	2.413776e+00
258	4.508161e-01	5.285493e-01	2.569126e+00
259	4.990940e-01	4.069774e-01	1.865657e+00
260	4.749926e-01	5.191254e-01	2.574988e+00
261	4.759256e-01	4.999301e-01	1.598925e+00
262	2.816939e-01	4.586899e-01	2.264289e+00
263	3.943957e-01	3.656023e-01	1.176844e+00
264	3.292162e-01	4.172461e-01	1.061553e+00
265	4.669992e-01	4.973456e-01	2.526136e+00
266	4.544815e-01	4.654231e-01	1.928188e+00
267	4.589138e-01	4.498289e-01	2.006351e+00
268	4.558054e-01	4.753208e-01	1.041036e+00
269	5.340399e-01	3.228608e-01	1.793356e+00
270	4.255277e-01	4.749966e-01	1.860772e+00
271	5.478789e-01	5.922720e-01	1.389839e+00
272	4.801133e-01	5.349253e-01	1.052760e+00
273	4.228345e-01	4.668555e-01	1.156326e+00
274	4.634977e-01	3.895666e-01	1.981925e+00
275	4.768477e-01	2.694283e-01	2.256473e+00
276	4.660013e-01	4.582038e-01	2.368832e+00
277	4.432562e-01	5.317192e-01	2.024915e+00
278	4.361820e-01	1.534888e-01	1.266732e+00
279	4.719274e-01	5.152734e-01	1.348803e+00
280	4.716037e-01	6.904481e-01	2.472399e+00
281	4.393681e-01	4.170309e-01	2.288715e+00
282	5.423220e-01	5.937736e-01	2.745970e+00
283	4.932413e-01	5.900184e-01	2.490962e+00
284	4.132893e-01	6.717016e-01	2.515388e+00
285	4.014910e-01	1.901601e-01	1.545188e+00
286	4.672598e-01	5.027075e-01	2.662921e+00
287	5.007138e-01	5.947366e-01	2.264289e+00
288	5.210746e-01	5.899950e-01	2.905227e+00
289	5.077773e-01	6.106680e-01	1.058622e+00
290	4.688395e-01	4.763285e-01	2.152907e+00
291	5.550499e-01	2.871316e-01	2.784074e+00
292	4.812770e-01	5.293177e-01	2.445042e+00
293	7.337871e-01	7.848404e-01	2.852467e+00
294	4.642526e-01	4.900764e-01	2.070835e+00
295	4.989029e-01	5.808672e-01	1.406448e+00
296	2.748623e-01	1.960397e-01	1.751343e+00
297	4.764997e-01	5.786138e-01	2.077675e+00
298	4.089988e-01	6.748354e-01	1.601856e+00
299	4.828824e-01	5.518358e-01	2.048363e+00
300	4.257125e-01	4.530717e-01	2.781143e+00
301	4.751042e-01	5.175803e-01	2.779189e+00
302	4.526875e-01	4.549111e-01	2.617978e+00
303	6.135380e-01	6.001219e-01	1.698583e+00
304	4.708852e-01	4.331358e-01	1.948705e+00
305	4.834488e-01	5.388112e-01	1.416219e+00
306	5.434222e-01	8.484820e-01	1.745481e+00
307	4.642192e-01	4.983123e-01	2.291646e+00
308	4.474515e-01	4.919260e-01	1.868588e+00
309	5.596123e-01	5.587830e-01	2.511480e+00
310	4.684417e-01	5.307146e-01	2.596483e+00
311	4.393985e-01	4.254425e-01	2.855398e+00
312	4.557446e-01	4.699420e-01	1.312653e+00
313	5.525145e-01	5.962520e-01	1.787494e+00
314	4.768406e-01	5.144804e-01	2.252565e+00
315	4.928765e-01	5.915910e-01	1.978017e+00
316	4.263611e-01	5.152058e-01	2.965804e+00
317	4.641053e-01	4.937369e-01	2.221299e+00
318	5.441040e-01	5.937405e-01	1.701514e+00
319	4.294002e-01	4.172909e-01	1.135809e+00
320	4.420307e-01	4.738731e-01	2.997069e+00
321	5.816298e-01	3.224161e-01	2.470445e+00
322	4.951758e-01	6.831992e-01	2.362970e+00
323	4.746639e-01	4.988189e-01	2.553493e+00
324	4.110579e-01	4.964531e-01	1.347826e+00
325	3.166725e-01	2.583789e-01	2.896434e+00
326	4.712750e-01	5.199910e-01	1.857841e+00
327	5.001235e-01	4.198697e-01	1.669272e+00
328	4.830105e-01	5.085078e-01	1.726917e+00
329	4.510278e-01	4.575521e-01	2.604299e+00
330	4.938171e-01	5.118406e-01	2.089399e+00
331	4.733943e-01	5.356561e-01	1.552027e+00
332	5.639724e-01	5.747945e-01	1.769907e+00
333	4.601109e-01	4.767277e-01	1.382022e+00
334	5.894949e-01	5.998086e-01	2.510503e+00
335	4.693938e-01	5.359687e-01	1.640938e+00
336	4.686320e-01	4.956424e-01	2.933561e+00
337	5.418924e-01	5.636806e-01	1.033219e+00
338	4.559778e-01	5.394430e-01	1.408403e+00
339	4.755018e-01	5.211712e-01	2.767465e+00
340	4.839169e-01	5.403206e-01	1.526624e+00
341	6.373370e-01	5.779423e-01	1.456277e+00
342	4.529914e-01	5.018058e-01	1.054714e+00
343	5.435517e-01	5.677251e-01	2.601368e+00
344	4.002001e-01	2.506245e-01	2.193942e+00
345	5.626354e-01	3.838903e-01	2.321935e+00
346	4.430923e-01	4.760334e-01	1.564729e+00
347	4.633060e-01	5.256675e-01	1.679043e+00
348	5.349595e-01	6.229752e-01	2.034685e+00
349	4.426558e-01	5.092451e-01	2.564240e+00
350	4.732778e-01	6.493873e-01	2.311187e+00
351	2.891922e-01	3.991807e-01	1.297997e+00
352	4.718514e-01	5.064972e-01	2.873962e+00
353	4.344725e-01	4.448587e-01	2.202736e+00
354	4.766282e-01	5.165434e-01	2.653151e+00
355	4.596456e-01	6.863220e-01	2.461651e+00
356	4.687074e-01	5.026349e-01	1.679043e+00
357	5.011778e-01	5.393600e-01	2.991207e+00
358	5.837626e-01	5.710014e-01	2.857352e+00
359	4.240628e-01	4.010973e-01	1.913532e+00
360	4.758226e-01	5.159059e-01	1.216903e+00
361	3.485885e-01	2.523001e-01	1.214949e+00
362	5.520889e-01	4.397640e-01	1.005862e+00
363	4.660543e-01	4.598828e-01	2.227162e+00
364	4.755439e-01	4.913396e-01	1.723009e+00
365	3.111186e-01	1.943404e-01	1.491451e+00
366	5.107637e-01	6.596110e-01	1.692721e+00
367	4.590469e-01	5.256092e-01	1.154372e+00
368	4.896803e-01	5.432114e-01	1.851001e+00
369	4.761553e-01	5.154069e-01	2.418661e+00
370	4.269416e-01	5.712095e-01	1.874450e+00
371	5.414935e-01	5.257158e-01	1.591109e+00
372	4.634017e-01	5.084435e-01	2.199805e+00
373	4.756563e-01	4.935699e-01	2.208598e+00
374	4.905989e-01	5.589716e-01	1.322423e+00
375	5.986775e-01	6.028786e-01	2.361016e+00
376	5.574155e-01	5.426425e-01	1.815828e+00
377	4.757401e-01	5.181683e-01	1.328285e+00
378	4.795897e-01	5.309953e-01	1.883244e+00
379	6.828505e-01	7.561722e-01	1.599902e+00
380	6.111787e-01	7.584319e-01	2.343429e+00
381	4.392144e-01	4.930207e-01	1.835369e+00
382	3.786142e-01	6.269491e-01	1.065462e+00
383	4.079157e-01	5.641398e-01	1.698583e+00
384	4.058239e-01	6.062557e-01	2.761602e+00
385	1.923857e-01	3.887053e-01	1.961407e+00
386	5.118941e-01	4.353980e-01	2.449927e+00
387	4.816462e-01	5.359052e-01	2.669761e+00
388	5.691500e-01	4.637381e-01	2.597460e+00
389	4.694211e-01	4.977675e-01	2.960918e+00
390	4.782013e-01	5.392831e-01	1.655594e+00
391	4.609576e-01	4.916484e-01	2.572057e+00
392	4.621663e-01	4.893653e-01	1.234489e+00
393	4.793606e-01	4.674207e-01	1.607719e+00
394	4.810775e-01	5.239266e-01	2.643381e+00
395	4.473953e-01	2.132900e-01	1.233512e+00
396	6.309312e-01	8.049132e-01	2.058134e+00
397	2.708261e-01	4.621018e-01	1.083048e+00
398	7.111901e-01	7.642931e-01	2.453835e+00
399	5.225167e-01	4.898126e-01	2.169516e+00
400	4.860640e-01	5.629403e-01	1.634099e+00
401	5.269502e-01	6.412583e-01	1.314607e+00
402	4.413737e-01	4.872966e-01	2.292623e+00
403	4.654782e-01	6.132102e-01	1.759160e+00
404	4.568310e-01	5.738947e-01	2.942355e+00
405	5.238458e-01	6.164729e-01	1.358574e+00
406	4.210654e-01	4.685620e-01	1.474841e+00
407	4.923325e-01	7.686263e-01	2.850513e+00
408	3.272713e-01	6.229522e-01	2.543723e+00
409	4.771964e-01	4.976216e-01	1.170005e+00
410	4.713061e-01	4.327596e-01	2.011236e+00
411	5.383058e-01	4.616821e-01	2.982413e+00
412	6.090458e-01	7.117205e-01	1.578407e+00
413	4.389831e-01	4.337906e-01	2.904250e+00
414	4.632484e-01	4.901420e-01	2.948217e+00
415	4.705836e-01	5.201721e-01	1.856864e+00
416	4.745775e-01	5.251392e-01	1.780655e+00
417	4.896694e-01	5.347189e-01	1.223742e+00
418	5.098258e-01	5.483486e-01	2.928676e+00
419	4.986717e-01	5.191649e-01	1.055691e+00
420	4.424517e-01	5.230112e-01	2.823156e+00
421	4.752663e-01	5.192345e-01	2.886663e+00
422	4.725287e-01	5.147377e-01	1.391793e+00
423	4.590625e-01	7.213840e-01	1.467025e+00
424	4.508902e-01	4.739985e-01	1.512946e+00
425	4.615270e-01	7.710070e-01	1.960430e+00
426	4.635155e-01	7.712961e-01	2.254519e+00
427	4.704883e-01	6.698916e-01	2.899365e+00
428	4.862780e-01	4.840267e-01	1.247191e+00
429	4.549237e-01	5.218786e-01	1.802149e+00
430	4.847561e-01	5.028596e-01	1.663410e+00
431	4.821945e-01	6.875594e-01	2.556424e+00
432	4.649421e-01	7.481306e-01	2.947240e+00
433	4.605443e-01	5.186181e-01	2.475330e+00
434	4.138473e-01	4.914635e-01	2.923791e+00
435	5.637352e-01	3.544104e-01	2.906204e+00
436	1.917015e-01	7.786799e-01	2.668784e+00
437	4.536355e-01	4.901621e-01	2.476307e+00
438	4.673137e-01	5.279119e-01	2.065950e+00
439	4.744073e-01	5.181449e-01	1.983879e+00
440	3.828888e-01	4.102021e-01	1.637030e+00
441	6.576606e-01	4.546312e-01	1.338056e+00
442	3.824663e-01	4.772613e-01	2.406937e+00
443	5.692798e-01	7.795629e-01	1.422081e+00
444	4.374711e-01	4.375886e-01	2.956033e+00
445	4.757582e-01	5.084507e-01	2.601368e+00
446	3.552934e-01	4.214094e-01	1.846116e+00
447	4.709732e-01	5.038593e-01	1.264778e+00
448	4.954644e-01	5.726298e-01	1.119199e+00
449	4.861497e-01	5.764259e-01	1.956522e+00
450	6.806592e-01	7.430737e-01	2.971666e+00
451	4.700423e-01	5.115724e-01	2.149976e+00
452	5.836604e-01	5.320807e-01	1.574499e+00
453	4.431661e-01	4.343639e-01	1.775769e+00
454	6.150749e-01	5.638894e-01	1.542257e+00
455	4.756498e-01	5.057338e-01	2.984367e+00
456	4.197712e-01	4.473564e-01	1.577430e+00
457	4.808657e-01	6.067135e-01	2.955056e+00
458	4.576284e-01	4.756638e-01	2.865169e+00
459	4.233231e-01	3.980744e-01	1.672203e+00
460	4.517628e-01	1.597838e-01	1.198339e+00
461	4.887622e-01	3.093049e-01	2.513434e+00
462	4.003354e-01	4.618561e-01	1.853933e+00
463	4.832786e-01	5.089198e-01	2.858329e+00
464	4.908882e-01	4.163026e-01	1.574499e+00
465	4.346125e-01	4.634038e-01	1.432829e+00
466	4.819325e-01	5.189727e-01	1.500244e+00
467	5.526310e-01	5.743510e-01	1.323400e+00
468	4.614419e-01	5.286539e-01	2.147044e+00
469	4.991006e-01	5.456957e-01	2.698095e+00
470	4.774363e-01	5.353381e-01	1.364436e+00
471	2.880577e-01	3.499865e-01	2.076698e+00
472	4.776096e-01	5.262709e-01	2.011236e+00
473	4.844246e-01	5.956267e-01	1.215926e+00
474	4.879591e-01	5.184541e-01	2.299463e+00
475	4.935916e-01	5.699495e-01	1.683928e+00
476	4.929678e-01	4.940979e-01	2.081583e+00
477	5.062658e-01	5.222525e-01	2.350269e+00
478	4.077210e-01	7.424202e-01	2.728383e+00
479	4.349336e-01	3.805418e-01	1.194431e+00
480	5.559282e-01	4.249647e-01	2.515388e+00
481	3.578681e-01	2.679473e-01	1.865657e+00
482	4.889873e-01	3.179038e-01	1.802149e+00
483	5.054773e-01	6.000429e-01	1.367367e+00
484	5.132869e-01	5.858833e-01	1.148510e+00
485	4.893131e-01	5.941685e-01	2.427455e+00
486	4.955369e-01	5.474424e-01	2.196873e+00
487	5.600923e-01	5.423663e-01	2.386419e+00
488	5.080451e-01	5.886292e-01	1.294089e+00
489	4.667285e-01	4.707115e-01	1.687836e+00
490	5.086052e-01	4.314687e-01	1.146556e+00
491	4.400658e-01	2.683633e-01	1.597948e+00
492	4.734979e-01	5.736168e-01	2.412799e+00
493	4.849210e-01	5.344234e-01	1.227650e+00
494	4.904799e-01	4.158655e-01	2.522228e+00
495	4.330790e-01	4.290605e-01	1.437714e+00
496	5.261897e-01	5.730336e-01	1.523693e+00
497	5.480379e-01	4.277646e-01	1.221788e+00
498	4.436996e-01	4.900511e-01	1.652662e+00
499	5.865609e-01	3.808611e-01	1.269663e+00
500	4.686334e-01	5.213749e-01	2.967758e+00
501	4.726008e-01	5.252414e-01	2.546654e+00
502	1.926576e-01	3.934670e-01	1.818759e+00
503	4.976696e-01	5.753644e-01	1.919394e+00
504	4.671585e-01	5.281329e-01	2.563263e+00
505	3.555561e-01	3.572872e-01	1.451392e+00
506	5.681953e-01	5.392907e-01	1.718124e+00
507	4.744190e-01	5.145280e-01	1.207132e+00
508	4.619348e-01	4.899373e-01	1.236444e+00
509	3.977842e-01	5.302026e-01	2.622863e+00
510	4.744874e-01	7.132838e-01	2.549585e+00
511	4.796516e-01	5.238330e-01	2.966781e+00
512	5.417678e-01	3.269318e-01	2.395213e+00
513	4.379218e-01	4.763621e-01	1.534441e+00
514	5.917390e-01	6.051122e-01	1.550073e+00
515	4.307717e-01	4.309904e-01	1.610650e+00
516	4.086909e-01	3.984560e-01	1.612604e+00
517	4.710779e-01	5.340463e-01	1.086957e+00
518	4.061465e-01	5.709482e-01	2.282853e+00
519	2.553492e-01	2.398733e-01	1.573522e+00
520	4.686639e-01	5.244894e-01	2.497802e+00
521	4.601715e-01	5.074588e-01	1.752320e+00
522	4.667062e-01	8.682115e-01	1.589155e+00
523	4.699717e-01	5.262709e-01	1.209086e+00
524	4.551020e-01	4.376035e-01	2.755740e+00
525	3.430134e-01	6.713765e-01	1.499267e+00
526	4.682143e-01	5.281941e-01	1.014656e+00
527	4.487340e-01	1.810467e-01	2.891549e+00
528	4.776677e-01	5.239447e-01	2.478261e+00
529	5.544481e-01	4.019892e-01	1.898876e+00
530	4.681084e-01	5.346977e-01	1.188569e+00
531	4.837753e-01	5.438003e-01	2.785051e+00
532	4.758521e-01	5.142284e-01	2.945286e+00
533	4.697554e-01	4.244008e-01	2.458720e+00
534	4.244155e-01	4.277669e-01	2.673669e+00
535	4.885064e-01	4.940961e-01	1.399609e+00
536	4.772430e-01	4.813170e-01	2.604299e+00
537	4.794338e-01	5.162731e-01	1.529555e+00
538	4.729399e-01	5.186656e-01	2.823156e+00
539	3.910288e-01	4.692133e-01	2.826087e+00
540	4.659610e-01	5.122744e-01	2.844651e+00
541	5.478274e-01	5.335484e-01	2.290669e+00
542	4.599792e-01	4.835225e-01	2.570103e+00
543	4.965178e-01	5.179135e-01	2.396190e+00
544	4.918280e-01	5.368412e-01	1.318515e+00
545	4.510629e-01	4.668688e-01	2.605276e+00
546	5.106389e-01	5.491005e-01	2.683439e+00
547	4.636523e-01	7.103022e-01	1.587201e+00
548	4.837249e-01	5.567977e-01	1.375183e+00
549	4.243031e-01	4.431315e-01	2.298486e+00
550	5.612852e-01	6.130749e-01	1.285296e+00
551	4.718345e-01	5.154279e-01	2.983390e+00
552	3.964070e-01	2.920260e-01	1.195408e+00
553	4.825588e-01	4.970458e-01	2.414753e+00
554	5.285836e-01	6.004279e-01	1.843185e+00
555	4.995012e-01	6.424704e-01	2.396190e+00
556	4.829549e-01	5.792931e-01	3.000000e+00
557	4.626210e-01	5.188165e-01	2.728383e+00
558	6.863742e-01	7.899209e-01	1.133854e+00
559	4.774620e-01	5.153991e-01	1.944797e+00
560	4.305943e-01	3.919788e-01	2.883732e+00
561	4.045579e-01	4.666887e-01	2.383488e+00
562	3.615011e-01	5.266839e-01	2.506595e+00
563	4.776923e-01	5.402476e-01	1.786517e+00
564	4.925648e-01	5.312284e-01	2.893503e+00
565	4.882293e-01	5.311027e-01	2.981436e+00
566	4.178127e-01	4.657448e-01	2.663898e+00
567	4.376938e-01	4.619434e-01	2.227162e+00
568	4.588309e-01	5.312400e-01	1.527601e+00
569	4.690654e-01	3.392251e-01	2.610161e+00
570	5.128598e-01	1.408961e-01	1.058622e+00
571	4.657330e-01	5.104524e-01	2.782120e+00
572	4.145530e-01	2.377942e-01	1.518808e+00
573	4.467811e-01	5.140799e-01	2.109917e+00
574	4.552527e-01	4.591813e-01	2.074744e+00
575	4.724238e-01	5.699489e-01	2.319003e+00
576	3.940491e-01	4.714189e-01	1.290181e+00
577	4.884411e-01	4.899131e-01	1.286273e+00
578	4.953346e-01	5.326615e-01	1.881290e+00
579	4.738323e-01	5.085830e-01	1.664387e+00
580	2.997190e-01	7.895535e-01	1.242306e+00
581	4.581742e-01	5.829952e-01	1.927211e+00
582	4.781147e-01	5.194540e-01	2.820225e+00
583	4.552367e-01	7.779776e-01	2.792868e+00
584	4.837724e-01	5.824100e-01	1.201270e+00
585	4.376210e-01	4.188588e-01	1.898876e+00
586	4.819030e-01	5.098600e-01	1.782609e+00
587	4.715321e-01	5.178084e-01	1.561798e+00
588	4.749883e-01	5.186087e-01	2.282853e+00
589	4.760837e-01	5.186704e-01	2.210552e+00
590	4.155640e-01	4.851175e-01	1.020518e+00
591	4.619189e-01	5.046981e-01	1.784563e+00
592	4.755125e-01	5.134973e-01	1.275525e+00
593	4.354807e-01	5.100071e-01	1.212995e+00
594	4.365742e-01	4.079441e-01	2.964827e+00
595	4.707086e-01	5.286918e-01	2.079629e+00
596	3.999798e-01	4.176589e-01	1.187592e+00
597	4.668044e-01	4.640333e-01	1.258915e+00
598	4.879178e-01	5.578015e-01	1.999511e+00
599	4.738594e-01	5.147647e-01	1.264778e+00
600	4.880888e-01	5.578223e-01	1.110405e+00
601	4.405689e-01	4.002260e-01	1.107474e+00
602	5.140922e-01	5.311342e-01	1.070347e+00
603	4.766517e-01	5.198634e-01	2.400098e+00
604	4.138075e-01	4.997921e-01	2.871031e+00
605	4.842151e-01	5.252926e-01	2.739130e+00
606	4.869555e-01	4.881283e-01	2.061065e+00
607	5.100070e-01	2.949430e-01	1.073278e+00
608	4.643286e-01	5.290622e-01	2.799707e+00
609	4.999495e-01	5.639062e-01	2.010259e+00
610	4.827826e-01	4.931744e-01	1.700537e+00
611	4.665857e-01	4.966550e-01	1.339033e+00
612	4.929096e-01	4.177042e-01	2.227162e+00
613	7.549584e-01	7.265631e-01	2.482169e+00
614	4.833449e-01	4.892262e-01	2.958964e+00
615	4.561393e-01	5.656114e-01	1.443576e+00
616	4.374529e-01	5.143656e-01	2.381534e+00
617	4.790517e-01	5.738713e-01	1.971177e+00
618	4.670328e-01	4.987426e-01	2.960918e+00
619	3.239543e-01	2.378339e-01	1.812897e+00
620	4.203588e-01	6.630647e-01	1.170982e+00
621	4.305957e-01	4.633491e-01	1.277479e+00
622	4.413546e-01	5.532983e-01	1.176844e+00
623	4.604552e-01	3.873897e-01	1.636053e+00
624	4.712033e-01	5.011357e-01	2.336590e+00
625	5.107433e-01	4.936127e-01	1.343918e+00
626	4.780910e-01	5.037760e-01	1.905716e+00
627	4.891151e-01	5.526948e-01	1.784563e+00
628	4.697313e-01	5.252121e-01	2.063996e+00
629	4.849102e-01	5.256187e-01	2.497802e+00
630	4.723364e-01	4.264441e-01	2.870054e+00
631	4.689300e-01	5.729579e-01	1.729849e+00
632	3.940000e-01	2.839070e-01	2.290669e+00
633	4.775031e-01	5.193971e-01	2.841720e+00
634	4.743126e-01	5.164872e-01	2.195896e+00
635	4.219933e-01	4.685184e-01	1.601856e+00
636	5.137171e-01	5.995659e-01	2.449927e+00
637	4.953077e-01	5.301416e-01	1.462140e+00
638	4.741144e-01	5.179502e-01	2.041524e+00
639	4.765514e-01	5.181883e-01	2.061065e+00
640	3.870940e-01	3.304386e-01	2.130435e+00
641	3.374254e-01	2.345000e-01	2.205667e+00
642	4.861362e-01	5.364036e-01	2.184172e+00
643	4.407993e-01	5.686242e-01	2.747924e+00
644	5.813207e-01	5.735491e-01	2.909135e+00
645	4.761674e-01	5.342663e-01	2.777235e+00
646	4.282457e-01	4.730962e-01	1.295066e+00
647	4.885279e-01	5.924716e-01	1.050806e+00
648	5.907877e-01	6.014711e-01	1.191500e+00
649	4.606240e-01	4.962032e-01	1.198339e+00
650	4.874056e-01	5.163557e-01	2.656082e+00
651	4.880903e-01	5.395633e-01	1.692721e+00
652	2.917543e-01	1.846638e-01	2.330728e+00
653	4.640395e-01	4.903450e-01	1.906693e+00
654	4.814948e-01	4.849650e-01	2.192965e+00
655	5.192351e-01	5.516123e-01	1.200293e+00
656	4.530139e-01	5.138908e-01	2.361016e+00
657	4.071986e-01	3.068062e-01	2.080606e+00
658	4.717211e-01	5.272433e-01	2.017098e+00
659	5.456699e-01	4.964093e-01	2.191011e+00
660	5.049819e-01	7.621786e-01	1.667318e+00
661	4.069081e-01	3.114631e-01	2.229116e+00
662	5.036776e-01	6.001590e-01	1.188569e+00
663	4.129730e-01	4.863201e-01	2.714704e+00
664	4.608119e-01	5.237891e-01	1.979971e+00
665	5.909496e-01	5.570411e-01	2.954079e+00
666	4.517699e-01	5.198459e-01	1.803127e+00
667	4.818227e-01	5.044102e-01	1.039082e+00
668	6.096927e-01	5.425236e-01	1.893014e+00
669	4.696982e-01	6.562084e-01	1.778701e+00
670	3.354070e-01	7.129088e-01	1.807035e+00
671	4.664839e-01	4.907317e-01	1.102589e+00
672	6.074522e-01	6.319205e-01	1.879336e+00
673	5.526271e-01	5.294326e-01	1.984856e+00
674	4.768860e-01	5.180871e-01	2.238886e+00
675	4.639500e-01	4.719671e-01	2.868100e+00
676	4.768176e-01	5.201261e-01	2.748901e+00
677	5.644123e-01	3.657202e-01	1.578407e+00
678	4.514856e-01	4.709690e-01	1.621397e+00
679	4.779040e-01	5.184304e-01	2.657059e+00
680	4.501029e-01	4.959322e-01	2.404983e+00
681	5.147003e-01	5.385194e-01	2.272106e+00
682	5.192323e-01	5.516476e-01	1.463117e+00
683	4.773556e-01	5.165067e-01	2.316072e+00
684	4.755164e-01	5.161356e-01	2.334636e+00
685	4.611708e-01	5.260089e-01	1.365413e+00
686	4.996201e-01	6.188295e-01	2.105032e+00
687	4.612327e-01	5.143719e-01	1.339033e+00
688	4.748935e-01	5.058160e-01	2.932584e+00
689	4.808365e-01	5.217023e-01	2.378603e+00
690	4.788022e-01	5.149994e-01	1.833415e+00
691	5.736859e-01	6.193453e-01	1.663410e+00
692	4.339834e-01	5.115272e-01	2.251588e+00
693	5.773160e-01	5.595570e-01	1.766976e+00
694	4.689029e-01	6.358809e-01	1.575476e+00
695	3.669513e-01	2.427236e-01	2.771373e+00
696	4.697007e-01	5.163883e-01	2.787005e+00
697	4.763639e-01	5.213558e-01	1.959453e+00
698	4.673253e-01	5.038701e-01	2.187103e+00
699	4.756310e-01	5.190452e-01	2.430386e+00
700	4.936269e-01	5.924801e-01	2.679531e+00
701	5.521281e-01	5.570428e-01	2.191988e+00
702	4.960210e-01	5.571966e-01	2.945286e+00
703	4.779984e-01	5.115411e-01	2.793845e+00
704	4.812516e-01	5.333642e-01	2.132389e+00
705	4.245944e-01	6.408693e-01	1.627259e+00
706	4.735777e-01	5.070609e-01	1.623351e+00
707	4.966876e-01	5.156450e-01	2.772350e+00
708	4.739451e-01	5.081505e-01	1.552027e+00
709	4.077118e-01	5.109327e-01	1.180752e+00
710	4.281351e-01	4.601634e-01	1.632145e+00
711	2.972133e-01	3.203916e-01	1.680997e+00
712	5.575933e-01	6.206999e-01	2.828041e+00
713	1.574584e-01	5.571163e-01	1.703468e+00
714	3.154010e-01	3.815353e-01	1.471910e+00
715	4.483911e-01	5.041542e-01	2.368832e+00
716	4.778134e-01	5.083708e-01	1.961407e+00
717	4.760077e-01	5.183181e-01	1.756229e+00
718	4.874010e-01	4.729344e-01	2.987298e+00
719	4.664343e-01	5.271632e-01	2.332682e+00
720	4.739550e-01	5.344297e-01	1.097704e+00
721	5.977446e-01	5.759739e-01	1.954568e+00
722	4.752031e-01	5.187316e-01	1.704446e+00
723	4.772214e-01	5.185986e-01	1.853933e+00
724	4.985583e-01	5.591313e-01	2.829995e+00
725	4.891285e-01	5.016770e-01	2.232047e+00
726	4.957024e-01	5.445435e-01	2.587689e+00
727	1.860870e-01	6.408657e-01	2.698095e+00
728	4.031286e-01	3.518781e-01	1.896922e+00
729	4.940337e-01	6.003235e-01	1.212995e+00
730	2.289666e-01	4.086825e-01	1.502198e+00
731	4.738560e-01	5.213954e-01	2.614069e+00
732	4.886355e-01	4.322453e-01	2.880801e+00
733	4.580524e-01	5.152787e-01	1.956522e+00
734	3.345636e-01	3.985130e-01	2.745970e+00
735	2.948087e-01	7.603063e-01	1.179775e+00
736	3.935285e-01	5.431780e-01	1.935027e+00
737	4.747163e-01	5.283401e-01	1.975085e+00
738	4.866080e-01	5.429443e-01	1.067416e+00
739	5.280072e-01	4.711432e-01	2.024915e+00
740	4.638267e-01	6.333276e-01	2.810454e+00
741	5.266745e-01	5.818990e-01	2.428432e+00
742	4.590101e-01	5.191462e-01	1.957499e+00
743	5.973757e-01	6.079326e-01	2.306302e+00
744	4.998276e-01	5.138030e-01	2.557401e+00
745	4.845256e-01	5.277931e-01	1.243283e+00
746	5.219740e-01	5.525404e-01	2.429409e+00
747	4.732090e-01	5.402606e-01	2.523205e+00
748	4.132578e-01	2.512307e-01	2.842697e+00
749	4.751250e-01	5.188911e-01	2.247680e+00
750	4.967995e-01	5.467343e-01	2.000489e+00
751	4.909239e-01	5.294769e-01	2.446019e+00
752	4.727532e-01	5.280561e-01	2.360039e+00
753	5.215794e-01	5.448949e-01	2.567171e+00
754	4.883704e-01	5.358531e-01	2.415730e+00
755	4.866792e-01	5.092253e-01	1.989741e+00
756	4.674755e-01	5.262315e-01	2.908158e+00
757	6.031686e-01	6.680372e-01	2.731314e+00
758	4.745110e-01	5.172238e-01	2.544700e+00
759	4.744450e-01	5.178083e-01	2.890572e+00
760	4.728570e-01	5.187063e-01	1.654617e+00
761	4.716040e-01	5.188506e-01	1.008793e+00
762	4.921476e-01	5.389977e-01	1.260870e+00
763	3.823405e-01	4.537210e-01	1.347826e+00
764	4.809542e-01	5.180330e-01	1.325354e+00
765	4.776724e-01	5.312697e-01	1.420127e+00
766	3.991878e-01	4.380842e-01	2.845628e+00
767	4.486110e-01	5.259536e-01	1.853933e+00
768	4.842684e-01	5.296749e-01	1.303859e+00
769	5.340479e-01	3.684036e-01	1.294089e+00
770	7.176388e-01	3.374945e-01	1.675134e+00
771	4.318029e-01	4.580419e-01	2.417684e+00
772	4.751938e-01	5.357975e-01	2.053249e+00
773	4.752283e-01	4.960945e-01	1.276502e+00
774	4.282139e-01	7.085473e-01	2.779189e+00
775	5.240469e-01	2.867697e-01	1.984856e+00
776	4.672087e-01	7.692902e-01	2.295554e+00
777	4.759070e-01	5.092565e-01	1.652662e+00
778	4.706187e-01	5.062727e-01	2.464582e+00
779	4.739803e-01	5.217068e-01	1.763068e+00
780	4.537457e-01	4.640990e-01	2.026869e+00
781	4.324296e-01	3.959557e-01	1.160234e+00
782	2.494985e-01	5.012398e-01	2.302394e+00
783	4.921056e-01	5.557154e-01	1.384954e+00
784	4.864869e-01	5.211843e-01	2.598437e+00
785	3.974739e-01	4.998760e-01	2.130435e+00
786	4.757226e-01	5.063251e-01	1.690767e+00
787	4.508224e-01	5.244809e-01	1.940889e+00
788	4.681354e-01	4.956671e-01	2.099170e+00
