132
7	4.951377e-01	3.729831e-01	2.705911e+00
17	2.194459e-01	7.835832e-03	1.195408e+00
28	1.555285e-01	4.705081e-01	2.205667e+00
30	4.410066e-01	1.517612e-01	1.475818e+00
33	4.344559e-01	7.076102e-01	2.331705e+00
40	1.425570e-01	6.332667e-01	1.282364e+00
48	3.085505e-01	1.353870e-01	2.751832e+00
53	7.055569e-02	1.171421e-01	1.506106e+00
74	3.963233e-01	7.709839e-01	1.449438e+00
80	6.749261e-01	2.521905e-02	2.736199e+00
81	7.665472e-01	5.676664e-02	1.617489e+00
82	3.296026e-01	2.322300e-01	2.456766e+00
95	2.944533e-01	3.399932e-02	2.148999e+00
99	3.945627e-01	3.876497e-01	1.753298e+00
114	5.939510e-01	2.748598e-02	1.261847e+00
116	4.807129e-01	3.240777e-01	1.148510e+00
127	5.727933e-01	9.343160e-01	2.338544e+00
151	2.367126e-01	3.424270e-01	2.611138e+00
159	3.811016e-01	4.741215e-01	2.647289e+00
163	4.836491e-01	6.785890e-01	1.632145e+00
165	5.333735e-01	5.094365e-02	2.251588e+00
176	3.260509e-01	3.811561e-01	2.215437e+00
187	5.922739e-01	5.848107e-01	2.653151e+00
190	4.182122e-01	1.913499e-02	2.807523e+00
191	3.789716e-01	8.122150e-01	2.811431e+00
197	4.544471e-01	7.578699e-01	2.060088e+00
210	4.189096e-01	4.574636e-01	1.545188e+00
214	4.807256e-01	2.714353e-02	1.612604e+00
220	4.213408e-01	2.564772e-02	2.697118e+00
244	6.214035e-01	3.827111e-02	2.458720e+00
245	4.217620e-01	1.237449e-01	2.134343e+00
249	7.457608e-02	1.568515e-01	2.305325e+00
250	1.379039e-01	2.627413e-01	2.763556e+00
251	1.363443e-01	8.715134e-02	2.374695e+00
257	1.272756e-01	7.934860e-02	2.413776e+00
258	2.914339e-01	5.428845e-02	2.569126e+00
272	4.477162e-01	3.865993e-02	1.052760e+00
283	1.351150e-01	6.279900e-01	2.490962e+00
288	4.507507e-01	3.758075e-01	2.905227e+00
291	3.630516e-03	1.575558e-01	2.784074e+00
305	5.443064e-01	4.841818e-02	1.416219e+00
306	5.991646e-01	9.421424e-01	1.745481e+00
308	5.285272e-01	3.475025e-01	1.868588e+00
311	2.503186e-01	2.607937e-02	2.855398e+00
314	6.588237e-01	1.953746e-02	2.252565e+00
318	3.218137e-01	7.319947e-01	1.701514e+00
321	1.584214e-01	3.388449e-01	2.470445e+00
325	3.428330e-01	3.411710e-01	2.896434e+00
340	6.231165e-01	6.004316e-02	1.526624e+00
346	4.627620e-01	2.330503e-02	1.564729e+00
347	2.462315e-01	3.459501e-01	1.679043e+00
350	5.405671e-01	7.736363e-01	2.311187e+00
355	6.017131e-01	9.496624e-01	2.461651e+00
357	4.006941e-01	3.971204e-01	2.991207e+00
366	1.203581e-01	6.407677e-01	1.692721e+00
367	4.415946e-01	1.332713e-01	1.154372e+00
376	4.135911e-01	2.358488e-02	1.815828e+00
379	6.318273e-01	5.675890e-01	1.599902e+00
380	8.770543e-01	4.710422e-01	2.343429e+00
381	1.069827e-01	1.667642e-01	1.835369e+00
382	2.607879e-01	7.128584e-01	1.065462e+00
384	3.792635e-01	1.195090e-01	2.761602e+00
386	2.904191e-01	1.192590e-01	2.449927e+00
387	6.551595e-01	2.938221e-02	2.669761e+00
389	4.117890e-01	5.042152e-01	2.960918e+00
407	4.650878e-01	6.597288e-01	2.850513e+00
411	5.859345e-01	4.041724e-01	2.982413e+00
417	2.492368e-01	3.503082e-01	1.223742e+00
419	3.577542e-01	9.738185e-02	1.055691e+00
425	4.540376e-01	6.714711e-01	1.960430e+00
426	4.596997e-01	6.749942e-01	2.254519e+00
429	1.328552e-02	7.891819e-02	1.802149e+00
432	4.658567e-01	6.184983e-01	2.947240e+00
436	2.954526e-01	7.098965e-01	2.668784e+00
440	4.490087e-01	3.734387e-01	1.637030e+00
452	5.456996e-01	5.640704e-02	1.574499e+00
474	6.115021e-01	7.415252e-02	2.299463e+00
478	4.141835e-01	5.688583e-01	2.728383e+00
491	1.141944e-01	4.574044e-01	1.597948e+00
506	1.919140e-01	2.562670e-01	1.718124e+00
510	3.750684e-01	5.316974e-01	2.549585e+00
519	3.656024e-01	2.866593e-01	1.573522e+00
520	6.734694e-01	8.656979e-03	2.497802e+00
521	5.006551e-01	1.378123e-01	1.752320e+00
522	4.693654e-01	7.026234e-01	1.589155e+00
533	6.367505e-01	8.263179e-03	2.458720e+00
534	4.549939e-01	8.686371e-02	2.673669e+00
541	3.713061e-01	5.386153e-01	2.290669e+00
544	4.089738e-01	5.152917e-01	1.318515e+00
548	3.219750e-01	1.793749e-01	1.375183e+00
551	5.417807e-01	4.584053e-02	2.983390e+00
555	4.687139e-01	5.300120e-01	2.396190e+00
560	5.408093e-01	3.849852e-02	2.883732e+00
563	6.327759e-02	1.476755e-01	1.786517e+00
564	4.408530e-01	3.436427e-01	2.893503e+00
567	1.767957e-01	6.695634e-02	2.227162e+00
568	2.448448e-01	3.363863e-01	1.527601e+00
573	6.225754e-01	5.278549e-02	2.109917e+00
579	7.796996e-01	3.009779e-01	1.664387e+00
580	2.920546e-01	6.437921e-01	1.242306e+00
583	5.209791e-01	7.481311e-01	2.792868e+00
597	3.676228e-01	5.287668e-01	1.258915e+00
607	1.713206e-02	1.452808e-02	1.073278e+00
614	3.910359e-01	5.091296e-02	2.958964e+00
619	3.641043e-01	3.095835e-01	1.812897e+00
622	1.992088e-01	3.445935e-01	1.176844e+00
636	4.536889e-01	3.687958e-01	2.449927e+00
650	1.441127e-01	5.140929e-01	2.656082e+00
658	4.316967e-01	3.960260e-02	2.017098e+00
660	4.598832e-01	6.627137e-01	1.667318e+00
668	6.464861e-01	3.026261e-01	1.893014e+00
670	2.614312e-01	6.882627e-01	1.807035e+00
675	3.560265e-01	4.930714e-01	2.868100e+00
687	3.485492e-01	1.648556e-01	1.339033e+00
694	5.812302e-01	9.567941e-01	1.575476e+00
696	2.400421e-01	3.298379e-01	2.787005e+00
705	3.913951e-01	4.783795e-01	1.627259e+00
706	3.294229e-01	7.395205e-02	1.623351e+00
710	3.975946e-01	5.452663e-01	1.632145e+00
711	4.054253e-01	2.388609e-01	1.680997e+00
719	4.308291e-01	3.909755e-02	2.332682e+00
735	2.620255e-01	6.914173e-01	1.179775e+00
740	5.826806e-01	9.584488e-01	2.810454e+00
745	4.432064e-01	4.934670e-01	1.243283e+00
748	5.511018e-01	5.941144e-02	2.842697e+00
761	8.604641e-02	2.237739e-01	1.008793e+00
767	8.216314e-02	5.304050e-02	1.853933e+00
770	9.334502e-01	2.481997e-01	1.675134e+00
772	6.726441e-01	1.901015e-02	2.053249e+00
783	9.278483e-02	1.488329e-01	1.384954e+00
786	3.197713e-01	1.834730e-01	1.690767e+00
787	2.837740e-01	5.888957e-02	1.940889e+00
