789
0	8.942405e-01	4.451025e-01	1.398632e+00
1	5.441216e-01	5.901237e-01	1.108451e+00
2	4.884711e-01	4.556714e-01	2.925745e+00
3	4.632608e-01	4.313834e-01	2.732291e+00
4	4.760469e-01	3.319081e-01	1.257938e+00
5	5.024292e-01	6.050468e-01	2.424524e+00
6	4.425938e-01	3.168870e-01	1.383000e+00
7	4.918714e-01	5.259072e-01	2.705911e+00
8	4.337243e-01	4.837936e-01	2.442110e+00
9	4.715895e-01	5.116259e-01	2.233024e+00
10	4.542230e-01	5.721233e-01	2.376649e+00
11	4.744186e-01	5.170525e-01	1.556913e+00
12	4.356382e-01	3.232482e-01	2.950171e+00
13	5.248594e-01	7.092363e-01	1.066439e+00
14	4.706738e-01	5.009742e-01	1.626282e+00
15	5.910347e-01	6.184048e-01	1.306790e+00
16	4.730764e-01	5.100426e-01	2.902296e+00
17	5.357941e-01	5.972624e-01	1.195408e+00
18	4.517614e-01	5.507820e-01	1.785540e+00
19	4.903539e-01	5.601324e-01	1.248168e+00
20	4.435658e-01	5.445613e-01	1.863703e+00
21	4.765103e-01	5.517938e-01	2.671715e+00
22	4.689851e-01	5.034706e-01	2.487054e+00
23	5.198263e-01	4.117290e-01	1.946751e+00
24	3.416942e-01	7.082503e-01	1.303859e+00
25	4.712666e-01	4.109606e-01	2.152907e+00
26	4.636137e-01	4.911755e-01	1.388862e+00
27	4.874240e-01	5.750878e-01	1.591109e+00
28	4.605103e-01	4.439678e-01	2.205667e+00
29	4.583217e-01	4.881023e-01	2.181241e+00
30	4.491171e-01	5.634841e-01	1.475818e+00
31	4.712412e-01	5.628952e-01	2.309233e+00
32	5.014762e-01	5.571579e-01	2.073766e+00
33	4.798831e-01	6.636371e-01	2.331705e+00
34	4.937648e-01	5.537607e-01	1.126038e+00
35	2.772945e-01	4.813882e-01	2.235955e+00
36	4.663561e-01	5.301763e-01	2.805569e+00
37	5.219832e-01	7.274452e-01	2.555447e+00
38	4.779431e-01	5.362684e-01	2.559355e+00
39	4.582120e-01	4.888901e-01	1.895945e+00
40	4.716523e-01	5.441323e-01	1.282364e+00
41	5.041088e-01	5.929851e-01	2.750855e+00
42	4.746651e-01	5.203522e-01	2.412799e+00
43	4.901409e-01	5.044385e-01	2.557401e+00
44	4.835144e-01	7.120858e-01	1.648754e+00
45	5.123788e-01	4.393127e-01	1.721055e+00
46	4.968124e-01	6.285456e-01	2.588666e+00
47	4.867824e-01	4.850268e-01	1.525647e+00
48	4.745720e-01	5.026808e-01	2.751832e+00
49	4.631152e-01	3.458417e-01	2.625794e+00
50	4.777028e-01	5.841777e-01	1.663410e+00
51	4.716227e-01	5.071777e-01	2.560332e+00
52	4.805798e-01	5.222232e-01	1.696629e+00
53	4.798840e-01	5.280202e-01	1.506106e+00
54	4.682700e-01	5.119857e-01	2.675623e+00
55	4.176158e-01	4.247916e-01	2.497802e+00
56	4.344657e-01	3.187777e-01	1.031265e+00
57	4.452498e-01	3.560687e-01	2.361993e+00
58	4.314852e-01	4.839018e-01	1.866634e+00
59	6.166067e-01	6.702746e-01	2.930630e+00
60	5.113970e-01	6.868789e-01	1.503175e+00
61	4.851361e-01	5.280307e-01	2.449927e+00
62	4.578235e-01	5.196889e-01	2.831949e+00
63	4.736685e-01	5.043891e-01	2.317049e+00
64	4.893854e-01	5.734910e-01	2.353200e+00
65	4.711861e-01	5.107630e-01	2.575965e+00
66	4.734776e-01	5.966935e-01	2.922814e+00
67	4.910399e-01	5.370856e-01	2.289692e+00
68	4.925677e-01	6.306608e-01	2.766488e+00
69	4.450595e-01	6.785407e-01	1.522716e+00
70	4.926151e-01	5.581664e-01	2.769419e+00
71	4.832453e-01	5.377820e-01	1.110405e+00
72	4.492287e-01	4.750762e-01	1.412311e+00
73	5.194547e-01	5.043350e-01	1.951637e+00
74	5.344008e-01	7.178314e-01	1.449438e+00
75	3.945489e-01	5.130724e-01	2.176356e+00
76	4.774131e-01	5.755264e-01	1.212995e+00
77	4.448510e-01	5.280450e-01	1.872496e+00
78	4.648557e-01	4.831972e-01	1.606742e+00
79	4.977290e-01	7.111658e-01	1.183683e+00
80	4.390716e-01	4.363681e-01	2.736199e+00
81	4.740320e-01	5.084553e-01	1.617489e+00
82	4.870964e-01	5.962191e-01	2.456766e+00
83	4.969721e-01	6.567727e-01	1.406448e+00
84	4.508397e-01	5.952508e-01	2.453835e+00
85	4.676014e-01	5.063353e-01	2.712750e+00
86	4.746278e-01	5.124286e-01	2.877870e+00
87	4.583663e-01	4.330786e-01	1.533464e+00
88	4.235219e-01	3.208117e-01	2.169516e+00
89	4.644416e-01	4.915217e-01	2.483146e+00
90	4.885827e-01	5.202397e-01	1.538349e+00
91	4.548870e-01	5.069012e-01	1.117245e+00
92	4.736827e-01	5.242863e-01	2.709819e+00
93	5.067798e-01	5.202224e-01	2.929653e+00
94	4.165805e-01	4.412895e-01	2.125550e+00
95	5.293983e-01	7.257552e-01	2.148999e+00
96	4.574698e-01	5.186807e-01	1.206155e+00
97	5.570642e-01	4.814873e-01	2.689301e+00
98	4.748338e-01	5.151910e-01	1.997557e+00
99	4.661851e-01	5.834414e-01	1.753298e+00
100	4.760698e-01	5.098444e-01	1.491451e+00
101	4.737858e-01	5.100631e-01	2.381534e+00
102	4.693211e-01	4.863286e-01	1.837323e+00
103	5.312397e-01	5.927524e-01	2.723498e+00
104	4.513978e-01	7.009737e-01	1.216903e+00
105	4.689212e-01	5.243632e-01	1.385931e+00
106	3.101515e-01	4.752264e-01	1.094773e+00
107	4.808330e-01	4.994915e-01	1.887152e+00
108	6.043882e-01	5.238616e-01	1.869565e+00
109	5.483672e-01	5.908443e-01	2.657059e+00
110	4.938065e-01	5.880562e-01	1.905716e+00
111	5.097978e-01	4.895196e-01	2.319980e+00
112	2.873535e-01	3.979422e-01	1.549096e+00
113	5.498174e-01	5.005894e-01	1.155349e+00
114	4.595591e-01	4.856818e-01	1.261847e+00
115	4.470354e-01	5.548416e-01	1.308745e+00
116	1.137749e-01	3.069090e-01	1.148510e+00
117	4.660573e-01	4.755133e-01	1.865657e+00
118	4.708957e-01	4.337712e-01	2.988276e+00
119	4.607494e-01	5.460451e-01	1.479726e+00
120	4.842262e-01	5.501700e-01	2.095261e+00
121	5.216894e-01	5.877205e-01	2.442110e+00
122	4.523109e-01	5.291779e-01	1.070347e+00
123	5.523822e-01	6.289618e-01	1.417196e+00
124	4.672394e-01	4.992038e-01	2.817294e+00
125	5.263135e-01	7.280895e-01	1.164143e+00
126	5.208017e-01	5.846588e-01	2.738153e+00
127	4.836873e-01	4.996639e-01	2.338544e+00
128	6.048860e-01	6.465298e-01	1.282364e+00
129	4.709549e-01	5.335920e-01	2.676600e+00
130	6.048333e-01	6.464618e-01	2.443087e+00
131	8.214786e-01	9.734913e-02	2.375672e+00
132	5.227908e-01	5.410856e-01	1.220811e+00
133	4.082187e-01	5.131302e-01	2.407914e+00
134	4.858542e-01	4.288808e-01	2.277968e+00
135	4.864320e-01	5.203732e-01	2.409868e+00
136	4.993149e-01	4.547860e-01	2.083537e+00
137	4.500687e-01	5.574043e-01	2.286761e+00
138	4.169460e-01	5.099749e-01	1.194431e+00
139	4.875292e-01	4.907469e-01	2.818271e+00
140	4.837438e-01	6.152365e-01	2.827064e+00
141	4.678597e-01	4.803285e-01	1.684905e+00
142	4.553045e-01	4.929037e-01	1.999511e+00
143	4.614977e-01	4.873141e-01	1.956522e+00
144	4.630308e-01	5.604709e-01	2.323889e+00
145	5.156899e-01	6.177892e-01	2.501710e+00
146	5.447298e-01	6.578590e-01	2.395213e+00
147	4.743200e-01	5.736181e-01	2.719590e+00
148	4.725421e-01	5.072490e-01	2.937469e+00
149	4.670696e-01	4.837707e-01	2.803615e+00
150	5.230362e-01	7.252843e-01	1.794333e+00
151	4.925762e-01	5.086603e-01	2.611138e+00
152	4.870711e-01	4.902391e-01	1.724963e+00
153	4.523859e-01	5.133245e-01	1.983879e+00
154	4.800270e-01	5.112042e-01	2.181241e+00
155	4.427433e-01	5.750091e-01	1.295066e+00
156	5.054413e-01	7.126966e-01	1.970200e+00
157	4.678747e-01	5.325151e-01	2.387396e+00
158	5.699184e-01	4.915854e-01	2.386419e+00
159	5.291055e-01	7.196190e-01	2.647289e+00
160	4.822822e-01	5.365335e-01	1.686859e+00
161	4.465349e-01	4.838935e-01	1.553981e+00
162	4.966215e-01	5.104411e-01	1.764045e+00
163	4.885063e-01	6.662497e-01	1.632145e+00
164	4.738839e-01	5.067862e-01	1.235467e+00
165	4.709117e-01	5.126440e-01	2.251588e+00
166	4.429600e-01	4.870819e-01	1.751343e+00
167	5.870759e-01	4.859286e-01	1.715193e+00
168	4.687736e-01	5.107943e-01	2.109917e+00
169	4.880460e-01	5.854832e-01	2.137274e+00
170	4.507505e-01	5.575790e-01	2.099170e+00
171	4.735110e-01	4.286343e-01	2.057157e+00
172	4.772991e-01	5.578470e-01	2.246702e+00
173	4.606020e-01	5.074118e-01	1.894968e+00
174	5.084141e-01	4.720271e-01	2.453835e+00
175	4.821540e-01	5.496973e-01	2.834880e+00
176	3.975449e-01	5.135808e-01	2.215437e+00
177	4.760048e-01	5.220586e-01	2.153884e+00
178	4.706575e-01	5.084588e-01	2.475330e+00
179	4.826317e-01	3.386895e-01	1.274548e+00
180	4.510311e-01	4.797918e-01	2.127504e+00
181	4.534411e-01	5.025438e-01	1.790425e+00
182	5.654538e-01	5.913564e-01	1.736688e+00
183	4.972179e-01	3.106092e-01	1.692721e+00
184	5.010555e-01	5.740790e-01	2.042501e+00
185	4.833915e-01	3.108279e-01	1.468979e+00
186	5.034702e-01	5.553084e-01	1.784563e+00
187	9.065794e-01	8.194345e-01	2.653151e+00
188	4.795611e-01	5.237222e-01	1.839277e+00
189	4.693243e-01	4.972299e-01	1.175867e+00
190	5.143784e-01	5.008613e-01	2.807523e+00
191	4.020364e-01	5.738018e-01	2.811431e+00
192	4.952643e-01	5.467119e-01	1.192477e+00
193	4.124813e-01	5.085361e-01	1.620420e+00
194	4.268766e-01	4.775378e-01	2.624817e+00
195	4.696924e-01	5.105303e-01	2.806546e+00
196	5.284439e-01	6.954676e-01	1.763068e+00
197	3.551028e-01	2.490852e-01	2.060088e+00
198	5.809628e-01	3.550386e-01	2.458720e+00
199	4.450973e-01	4.945647e-01	2.463605e+00
200	4.558903e-01	4.703562e-01	1.141671e+00
201	4.640218e-01	5.173898e-01	1.146556e+00
202	4.909060e-01	5.788613e-01	1.395701e+00
203	5.013843e-01	5.313750e-01	1.755252e+00
204	4.450646e-01	4.686786e-01	2.901319e+00
205	4.733153e-01	3.082201e-01	2.123596e+00
206	4.749516e-01	4.799117e-01	1.652662e+00
207	4.782300e-01	5.757773e-01	1.199316e+00
208	4.871344e-01	5.588193e-01	2.170493e+00
209	4.519528e-01	3.065213e-01	2.733268e+00
210	5.142850e-01	7.109894e-01	1.545188e+00
211	4.864566e-01	5.386715e-01	1.376160e+00
212	4.807767e-01	5.135381e-01	1.621397e+00
213	4.818276e-01	5.076842e-01	1.883244e+00
214	4.779886e-01	4.946324e-01	1.612604e+00
215	4.505563e-01	5.360992e-01	2.909135e+00
216	4.725828e-01	5.177860e-01	1.354665e+00
217	4.527527e-01	5.037203e-01	2.770396e+00
218	5.787062e-01	6.448735e-01	2.148999e+00
219	4.541236e-01	5.032276e-01	2.624817e+00
220	5.197755e-01	4.392347e-01	2.697118e+00
221	5.129919e-01	5.444705e-01	1.938935e+00
222	5.461688e-01	5.054241e-01	1.854910e+00
223	4.305101e-01	3.157280e-01	2.625794e+00
224	4.529015e-01	6.980589e-01	2.984367e+00
225	4.807619e-01	5.461422e-01	2.693210e+00
226	4.658022e-01	5.026279e-01	2.276014e+00
227	5.010670e-01	4.480780e-01	1.245237e+00
228	4.717352e-01	5.155347e-01	1.489497e+00
229	4.848936e-01	5.105758e-01	2.305325e+00
230	4.673998e-01	5.111089e-01	2.689301e+00
231	4.861786e-01	5.353661e-01	1.346849e+00
232	4.255791e-01	4.522187e-01	2.447973e+00
233	4.909905e-01	4.673793e-01	1.591109e+00
234	4.012002e-01	4.851583e-01	1.931119e+00
235	4.815820e-01	5.187131e-01	2.687347e+00
236	4.731154e-01	5.076938e-01	2.787982e+00
237	4.621927e-01	4.912467e-01	1.510015e+00
238	4.492429e-01	4.699509e-01	2.193942e+00
239	4.737900e-01	5.331232e-01	2.918906e+00
240	4.913171e-01	5.655161e-01	1.734734e+00
241	4.556372e-01	5.440095e-01	1.119199e+00
242	5.345754e-01	5.382572e-01	1.631168e+00
243	4.631295e-01	5.102017e-01	1.258915e+00
244	4.544310e-01	4.694127e-01	2.458720e+00
245	4.495282e-01	5.826440e-01	2.134343e+00
246	4.674754e-01	5.063677e-01	2.662921e+00
247	4.757670e-01	5.092083e-01	2.924768e+00
248	4.959836e-01	7.038263e-01	2.983390e+00
249	6.808606e-01	1.031537e-01	2.305325e+00
250	6.216425e-01	2.904295e-01	2.763556e+00
251	6.317488e-01	1.761913e-01	2.374695e+00
252	5.030329e-01	5.311972e-01	1.703468e+00
253	5.235288e-01	7.272628e-01	1.246214e+00
254	5.175108e-01	6.857319e-01	2.925745e+00
255	4.797969e-01	5.346024e-01	1.857841e+00
256	4.659278e-01	5.032978e-01	2.601368e+00
257	4.808323e-01	5.434753e-01	2.413776e+00
258	4.477479e-01	5.104433e-01	2.569126e+00
259	4.535559e-01	4.940503e-01	1.865657e+00
260	4.715271e-01	5.099447e-01	2.574988e+00
261	4.754184e-01	4.905019e-01	1.598925e+00
262	3.276131e-01	5.138908e-01	2.264289e+00
263	3.650978e-01	6.418788e-01	1.176844e+00
264	4.984663e-01	7.256453e-01	1.061553e+00
265	4.853474e-01	5.379882e-01	2.526136e+00
266	4.611404e-01	4.360898e-01	1.928188e+00
267	4.719257e-01	5.359334e-01	2.006351e+00
268	4.791467e-01	5.288667e-01	1.041036e+00
269	5.813264e-01	6.295344e-01	1.793356e+00
270	4.560918e-01	4.263694e-01	1.860772e+00
271	4.986933e-01	4.653795e-01	1.389839e+00
272	4.659040e-01	4.954892e-01	1.052760e+00
273	4.561346e-01	4.272765e-01	1.156326e+00
274	3.777106e-01	2.807538e-01	1.981925e+00
275	5.924360e-01	6.619303e-01	2.256473e+00
276	4.808032e-01	5.752739e-01	2.368832e+00
277	4.458933e-01	5.212611e-01	2.024915e+00
278	6.119010e-01	6.666704e-01	1.266732e+00
279	4.920611e-01	5.377349e-01	1.348803e+00
280	4.293458e-01	4.081448e-01	2.472399e+00
281	3.716268e-01	6.634036e-01	2.288715e+00
282	4.970158e-01	6.081954e-01	2.745970e+00
283	4.714711e-01	5.587706e-01	2.490962e+00
284	4.085819e-01	3.224704e-01	2.515388e+00
285	3.704260e-01	3.191705e-01	1.545188e+00
286	4.723925e-01	4.830213e-01	2.662921e+00
287	4.955177e-01	6.060082e-01	2.264289e+00
288	4.773807e-01	6.125628e-01	2.905227e+00
289	4.724531e-01	4.276857e-01	1.058622e+00
290	5.493425e-01	4.667360e-01	2.152907e+00
291	6.979256e-01	1.305955e-01	2.784074e+00
292	4.666968e-01	4.976431e-01	2.445042e+00
293	3.500226e-01	4.481499e-01	2.852467e+00
294	4.836660e-01	5.694327e-01	2.070835e+00
295	4.615493e-01	5.552913e-01	1.406448e+00
296	4.721602e-01	6.055363e-01	1.751343e+00
297	4.886396e-01	4.611525e-01	2.077675e+00
298	4.478311e-01	4.804313e-01	1.601856e+00
299	4.660698e-01	4.948622e-01	2.048363e+00
300	4.690931e-01	4.402201e-01	2.781143e+00
301	4.726111e-01	5.112358e-01	2.779189e+00
302	4.634268e-01	5.310218e-01	2.617978e+00
303	4.599125e-01	2.928713e-01	1.698583e+00
304	4.383647e-01	4.905016e-01	1.948705e+00
305	4.705969e-01	5.127792e-01	1.416219e+00
306	4.396602e-01	4.605897e-01	1.745481e+00
307	4.770240e-01	5.192255e-01	2.291646e+00
308	1.030996e-01	4.077741e-01	1.868588e+00
309	4.911542e-01	4.231231e-01	2.511480e+00
310	4.693289e-01	4.940127e-01	2.596483e+00
311	4.712366e-01	4.298047e-01	2.855398e+00
312	4.701210e-01	5.756684e-01	1.312653e+00
313	4.644431e-01	3.813156e-01	1.787494e+00
314	4.698657e-01	5.019619e-01	2.252565e+00
315	4.980744e-01	6.256278e-01	1.978017e+00
316	4.036523e-01	5.747253e-01	2.965804e+00
317	4.785419e-01	5.338724e-01	2.221299e+00
318	4.067522e-01	5.995876e-01	1.701514e+00
319	4.629907e-01	4.236167e-01	1.135809e+00
320	4.545455e-01	5.708764e-01	2.997069e+00
321	6.784445e-01	1.026585e-01	2.470445e+00
322	4.271592e-01	3.184942e-01	2.362970e+00
323	4.692819e-01	4.853261e-01	2.553493e+00
324	4.754466e-01	5.026619e-01	1.347826e+00
325	2.026894e-01	9.945749e-02	2.896434e+00
326	4.831766e-01	5.103277e-01	1.857841e+00
327	4.012583e-01	4.719061e-01	1.669272e+00
328	4.654201e-01	5.370677e-01	1.726917e+00
329	5.138142e-01	5.868010e-01	2.604299e+00
330	4.909743e-01	4.507745e-01	2.089399e+00
331	5.001248e-01	5.416484e-01	1.552027e+00
332	4.795623e-01	4.199720e-01	1.769907e+00
333	4.660661e-01	5.248571e-01	1.382022e+00
334	4.624395e-01	3.568037e-01	2.510503e+00
335	5.252195e-01	5.026447e-01	1.640938e+00
336	4.677171e-01	4.830165e-01	2.933561e+00
337	4.548107e-01	5.916410e-01	1.033219e+00
338	5.419509e-01	5.514623e-01	1.408403e+00
339	4.816449e-01	5.281239e-01	2.767465e+00
340	4.706127e-01	5.125812e-01	1.526624e+00
341	4.293998e-01	4.063127e-01	1.456277e+00
342	4.817773e-01	5.289185e-01	1.054714e+00
343	5.093989e-01	5.460138e-01	2.601368e+00
344	3.630548e-01	2.608751e-01	2.193942e+00
345	7.634965e-01	2.164570e-01	2.321935e+00
346	4.842584e-01	5.748575e-01	1.564729e+00
347	4.824995e-01	4.987862e-01	1.679043e+00
348	4.410607e-01	3.499358e-01	2.034685e+00
349	4.731683e-01	5.356484e-01	2.564240e+00
350	4.919381e-01	6.549141e-01	2.311187e+00
351	4.259766e-01	6.559606e-01	1.297997e+00
352	4.843733e-01	5.383307e-01	2.873962e+00
353	3.844686e-01	6.824049e-01	2.202736e+00
354	4.746485e-01	5.058154e-01	2.653151e+00
355	4.565813e-01	4.844641e-01	2.461651e+00
356	4.735359e-01	5.179674e-01	1.679043e+00
357	4.647952e-01	5.910151e-01	2.991207e+00
358	4.165678e-01	4.391663e-01	2.857352e+00
359	4.811857e-01	5.913033e-01	1.913532e+00
360	5.052810e-01	6.931474e-01	1.216903e+00
361	4.094129e-01	6.179036e-01	1.214949e+00
362	5.120226e-01	6.368357e-01	1.005862e+00
363	4.820143e-01	5.736844e-01	2.227162e+00
364	4.539564e-01	5.024611e-01	1.723009e+00
365	4.397284e-01	7.367900e-01	1.491451e+00
366	2.960917e-01	4.602797e-01	1.692721e+00
367	4.840664e-01	4.808678e-01	1.154372e+00
368	4.815484e-01	5.184925e-01	1.851001e+00
369	4.740731e-01	5.139741e-01	2.418661e+00
370	4.511763e-01	5.516272e-01	1.874450e+00
371	5.098011e-01	4.533236e-01	1.591109e+00
372	4.344320e-01	4.955351e-01	2.199805e+00
373	4.491221e-01	5.307905e-01	2.208598e+00
374	4.887029e-01	5.672241e-01	1.322423e+00
375	4.682211e-01	3.054760e-01	2.361016e+00
376	5.304680e-01	4.536018e-01	1.815828e+00
377	4.728950e-01	5.065828e-01	1.328285e+00
378	4.831510e-01	5.253858e-01	1.883244e+00
379	8.050079e-01	8.956599e-01	1.599902e+00
380	4.966827e-01	6.675618e-01	2.343429e+00
381	4.475426e-01	4.822211e-01	1.835369e+00
382	1.846760e-01	8.137815e-01	1.065462e+00
383	6.754047e-01	4.758401e-01	1.698583e+00
384	3.723384e-01	3.414900e-01	2.761602e+00
385	5.559469e-01	5.089174e-01	1.961407e+00
386	3.993818e-01	4.736820e-01	2.449927e+00
387	4.884431e-01	5.344279e-01	2.669761e+00
388	5.111105e-01	4.609152e-01	2.597460e+00
389	4.633957e-01	4.822888e-01	2.960918e+00
390	4.688926e-01	4.889553e-01	1.655594e+00
391	4.531004e-01	4.502835e-01	2.572057e+00
392	4.700025e-01	5.094466e-01	1.234489e+00
393	5.155731e-01	5.381222e-01	1.607719e+00
394	4.712681e-01	5.139620e-01	2.643381e+00
395	4.043581e-01	6.283133e-01	1.233512e+00
396	2.817378e-01	4.129206e-01	2.058134e+00
397	4.337970e-01	5.101107e-01	1.083048e+00
398	3.645361e-01	4.509402e-01	2.453835e+00
399	4.534925e-01	4.216641e-01	2.169516e+00
400	4.414406e-01	4.582757e-01	1.634099e+00
401	3.658114e-01	6.717304e-01	1.314607e+00
402	4.958574e-01	5.732966e-01	2.292623e+00
403	5.117339e-01	6.869665e-01	1.759160e+00
404	4.697558e-01	5.797814e-01	2.942355e+00
405	5.020077e-01	5.837037e-01	1.358574e+00
406	4.828885e-01	5.511586e-01	1.474841e+00
407	3.596180e-01	2.935619e-01	2.850513e+00
408	6.568215e-01	4.582937e-01	2.543723e+00
409	4.557881e-01	4.979017e-01	1.170005e+00
410	4.823393e-01	4.461896e-01	2.011236e+00
411	5.452929e-01	5.495677e-01	2.982413e+00
412	2.225181e-01	4.495812e-01	1.578407e+00
413	5.164919e-01	6.405682e-01	2.904250e+00
414	4.645578e-01	5.000572e-01	2.948217e+00
415	4.760663e-01	5.069760e-01	1.856864e+00
416	4.579925e-01	4.663388e-01	1.780655e+00
417	4.927796e-01	5.086306e-01	1.223742e+00
418	4.527161e-01	5.395657e-01	2.928676e+00
419	4.893602e-01	4.799717e-01	1.055691e+00
420	4.537665e-01	5.334333e-01	2.823156e+00
421	4.708781e-01	5.104989e-01	2.886663e+00
422	4.820229e-01	4.973567e-01	1.391793e+00
423	3.825245e-01	6.807140e-01	1.467025e+00
424	4.725984e-01	5.363793e-01	1.512946e+00
425	3.622823e-01	2.565982e-01	1.960430e+00
426	3.600083e-01	2.550964e-01	2.254519e+00
427	4.281669e-01	3.188658e-01	2.899365e+00
428	4.363714e-01	4.843325e-01	1.247191e+00
429	4.796888e-01	5.248091e-01	1.802149e+00
430	4.560598e-01	4.982369e-01	1.663410e+00
431	4.297694e-01	3.219783e-01	2.556424e+00
432	3.619344e-01	2.707701e-01	2.947240e+00
433	4.988162e-01	5.198505e-01	2.475330e+00
434	4.550415e-01	5.446495e-01	2.923791e+00
435	6.041375e-01	6.338735e-01	2.906204e+00
436	7.879685e-02	8.825057e-01	2.668784e+00
437	4.872540e-01	5.595152e-01	2.476307e+00
438	4.683759e-01	5.573703e-01	2.065950e+00
439	4.719848e-01	5.096593e-01	1.983879e+00
440	4.666902e-01	6.355001e-01	1.637030e+00
441	6.882663e-01	4.738489e-01	1.338056e+00
442	4.566119e-01	5.451031e-01	2.406937e+00
443	4.091881e-01	4.763009e-01	1.422081e+00
444	4.983794e-01	6.139287e-01	2.956033e+00
445	4.717467e-01	5.224748e-01	2.601368e+00
446	5.101266e-01	7.275576e-01	1.846116e+00
447	4.623948e-01	4.882611e-01	1.264778e+00
448	4.878676e-01	5.519877e-01	1.119199e+00
449	4.577894e-01	4.680490e-01	1.956522e+00
450	3.759252e-01	4.625590e-01	2.971666e+00
451	4.786505e-01	5.116694e-01	2.149976e+00
452	5.183773e-01	5.377071e-01	1.574499e+00
453	5.148075e-01	6.772303e-01	1.775769e+00
454	8.763254e-01	6.297100e-01	1.542257e+00
455	4.678343e-01	4.728203e-01	2.984367e+00
456	4.575281e-01	4.553828e-01	1.577430e+00
457	4.963582e-01	5.129784e-01	2.955056e+00
458	4.816889e-01	5.516061e-01	2.865169e+00
459	4.506716e-01	6.115305e-01	1.672203e+00
460	6.112717e-01	6.616665e-01	1.198339e+00
461	3.613829e-01	3.438348e-01	2.513434e+00
462	4.845687e-01	6.745690e-01	1.853933e+00
463	4.514120e-01	5.264803e-01	2.858329e+00
464	4.038546e-01	4.747746e-01	1.574499e+00
465	4.754029e-01	4.303171e-01	1.432829e+00
466	4.686505e-01	5.047147e-01	1.500244e+00
467	4.625373e-01	3.092599e-01	1.323400e+00
468	4.738449e-01	5.003692e-01	2.147044e+00
469	4.490572e-01	5.402919e-01	2.698095e+00
470	4.713396e-01	4.991127e-01	1.364436e+00
471	4.691780e-01	6.937983e-01	2.076698e+00
472	4.742305e-01	5.155770e-01	2.011236e+00
473	4.638280e-01	5.160328e-01	1.215926e+00
474	4.800334e-01	5.076869e-01	2.299463e+00
475	4.227771e-01	5.947396e-01	1.683928e+00
476	5.026101e-01	5.132297e-01	2.081583e+00
477	4.380951e-01	5.443209e-01	2.350269e+00
478	3.395476e-01	3.192456e-01	2.728383e+00
479	4.639681e-01	6.239177e-01	1.194431e+00
480	4.978031e-01	6.471139e-01	2.515388e+00
481	4.179399e-01	6.188220e-01	1.865657e+00
482	4.310898e-01	3.189217e-01	1.802149e+00
483	4.390021e-01	4.247086e-01	1.367367e+00
484	5.025731e-01	6.058954e-01	1.148510e+00
485	4.632519e-01	5.163834e-01	2.427455e+00
486	5.259233e-01	5.902653e-01	2.196873e+00
487	4.344610e-01	5.635396e-01	2.386419e+00
488	4.726286e-01	5.570938e-01	1.294089e+00
489	4.170018e-01	4.475969e-01	1.687836e+00
490	4.700148e-01	4.238474e-01	1.146556e+00
491	5.867803e-01	3.609573e-01	1.597948e+00
492	4.924009e-01	4.777145e-01	2.412799e+00
493	4.357340e-01	4.414715e-01	1.227650e+00
494	4.891876e-01	6.341176e-01	2.522228e+00
495	4.732220e-01	4.294386e-01	1.437714e+00
496	4.897800e-01	5.669223e-01	1.523693e+00
497	5.064323e-01	6.111745e-01	1.221788e+00
498	4.853901e-01	5.728091e-01	1.652662e+00
499	5.105647e-01	6.505660e-01	1.269663e+00
500	4.734347e-01	5.151967e-01	2.967758e+00
501	4.623022e-01	5.075912e-01	2.546654e+00
502	2.857885e-01	4.957281e-01	1.818759e+00
503	4.740232e-01	5.506610e-01	1.919394e+00
504	4.550316e-01	5.019628e-01	2.563263e+00
505	4.955748e-01	6.957611e-01	1.451392e+00
506	4.666508e-01	5.281770e-01	1.718124e+00
507	4.858740e-01	5.353813e-01	1.207132e+00
508	4.700996e-01	5.137787e-01	1.236444e+00
509	4.382160e-01	4.586023e-01	2.622863e+00
510	3.363698e-01	4.661236e-01	2.549585e+00
511	4.717992e-01	5.152111e-01	2.966781e+00
512	5.778338e-01	6.232608e-01	2.395213e+00
513	4.411724e-01	5.280679e-01	1.534441e+00
514	4.722096e-01	3.410535e-01	1.550073e+00
515	4.941348e-01	5.632939e-01	1.610650e+00
516	5.688428e-01	3.592944e-01	1.612604e+00
517	4.651397e-01	4.977970e-01	1.086957e+00
518	5.762059e-01	6.434343e-01	2.282853e+00
519	1.415765e-01	1.080265e-01	1.573522e+00
520	4.851203e-01	4.843551e-01	2.497802e+00
521	4.619841e-01	4.846407e-01	1.752320e+00
522	4.046792e-01	3.695096e-01	1.589155e+00
523	4.658367e-01	4.861814e-01	1.209086e+00
524	4.161268e-01	4.247186e-01	2.755740e+00
525	6.036320e-01	4.796012e-01	1.499267e+00
526	4.733400e-01	4.874434e-01	1.014656e+00
527	5.246348e-01	6.857149e-01	2.891549e+00
528	4.698828e-01	4.916148e-01	2.478261e+00
529	5.375742e-01	5.958829e-01	1.898876e+00
530	4.613734e-01	5.041517e-01	1.188569e+00
531	4.711692e-01	5.122397e-01	2.785051e+00
532	4.715769e-01	5.030679e-01	2.945286e+00
533	4.092736e-01	4.582261e-01	2.458720e+00
534	4.502014e-01	5.845414e-01	2.673669e+00
535	5.024917e-01	5.217790e-01	1.399609e+00
536	4.586866e-01	5.411529e-01	2.604299e+00
537	4.662004e-01	5.057008e-01	1.529555e+00
538	4.738080e-01	5.066721e-01	2.823156e+00
539	4.770193e-01	5.489857e-01	2.826087e+00
540	4.777995e-01	5.488939e-01	2.844651e+00
541	5.110426e-01	5.053370e-01	2.290669e+00
542	4.644417e-01	4.690749e-01	2.570103e+00
543	4.473986e-01	5.389275e-01	2.396190e+00
544	5.308200e-01	5.360257e-01	1.318515e+00
545	4.977371e-01	4.588340e-01	2.605276e+00
546	5.781155e-01	5.442034e-01	2.683439e+00
547	3.269332e-01	4.234435e-01	1.587201e+00
548	4.871288e-01	6.253882e-01	1.375183e+00
549	5.023206e-01	4.448233e-01	2.298486e+00
550	4.600177e-01	3.368229e-01	1.285296e+00
551	4.793847e-01	5.029593e-01	2.983390e+00
552	6.044983e-01	5.589489e-01	1.195408e+00
553	4.559844e-01	5.019076e-01	2.414753e+00
554	3.747668e-01	6.751944e-01	1.843185e+00
555	2.815730e-01	4.752186e-01	2.396190e+00
556	4.260730e-01	5.065621e-01	3.000000e+00
557	4.629852e-01	4.833839e-01	2.728383e+00
558	3.118215e-01	4.663619e-01	1.133854e+00
559	4.669715e-01	4.992889e-01	1.944797e+00
560	4.497152e-01	5.848638e-01	2.883732e+00
561	4.858054e-01	6.794797e-01	2.383488e+00
562	5.872811e-01	4.863795e-01	2.506595e+00
563	4.738368e-01	5.151418e-01	1.786517e+00
564	5.132847e-01	5.182567e-01	2.893503e+00
565	4.654307e-01	5.046982e-01	2.981436e+00
566	4.728833e-01	4.820572e-01	2.663898e+00
567	5.097837e-01	5.427065e-01	2.227162e+00
568	4.912601e-01	5.071811e-01	1.527601e+00
569	4.928298e-01	6.418238e-01	2.610161e+00
570	5.396155e-01	4.493746e-01	1.058622e+00
571	4.817451e-01	5.527109e-01	2.782120e+00
572	3.848260e-01	7.563463e-01	1.518808e+00
573	4.722311e-01	4.897601e-01	2.109917e+00
574	4.820376e-01	5.628561e-01	2.074744e+00
575	4.813978e-01	5.476212e-01	2.319003e+00
576	4.805749e-01	5.462529e-01	1.290181e+00
577	4.584218e-01	5.554925e-01	1.286273e+00
578	4.839946e-01	5.271126e-01	1.881290e+00
579	4.861816e-01	5.361875e-01	1.664387e+00
580	2.018086e-01	9.391503e-01	1.242306e+00
581	4.968325e-01	4.772471e-01	1.927211e+00
582	4.770945e-01	5.136511e-01	2.820225e+00
583	5.003429e-01	6.243504e-01	2.792868e+00
584	5.021280e-01	5.460396e-01	1.201270e+00
585	4.641233e-01	4.336161e-01	1.898876e+00
586	4.693789e-01	5.145582e-01	1.782609e+00
587	4.648653e-01	4.909896e-01	1.561798e+00
588	4.733115e-01	5.071540e-01	2.282853e+00
589	4.733032e-01	4.984022e-01	2.210552e+00
590	4.158484e-01	4.295818e-01	1.020518e+00
591	4.810145e-01	5.500723e-01	1.784563e+00
592	4.713945e-01	5.025960e-01	1.275525e+00
593	4.822989e-01	4.828869e-01	1.212995e+00
594	4.354431e-01	4.771724e-01	2.964827e+00
595	4.849794e-01	5.316558e-01	2.079629e+00
596	5.912366e-01	3.326766e-01	1.187592e+00
597	5.063108e-01	4.551373e-01	1.258915e+00
598	4.640820e-01	4.663129e-01	1.999511e+00
599	4.696230e-01	5.100595e-01	1.264778e+00
600	4.626018e-01	4.995538e-01	1.110405e+00
601	4.118823e-01	2.619721e-01	1.107474e+00
602	4.021113e-01	6.912242e-01	1.070347e+00
603	4.640112e-01	5.164633e-01	2.400098e+00
604	4.546980e-01	5.446264e-01	2.871031e+00
605	4.668853e-01	5.046081e-01	2.739130e+00
606	4.332444e-01	4.962748e-01	2.061065e+00
607	4.231801e-01	4.108265e-01	1.073278e+00
608	5.010701e-01	5.345394e-01	2.799707e+00
609	4.790645e-01	5.744482e-01	2.010259e+00
610	5.207291e-01	4.436672e-01	1.700537e+00
611	4.619545e-01	4.942932e-01	1.339033e+00
612	4.445404e-01	5.003848e-01	2.227162e+00
613	3.658393e-01	4.850557e-01	2.482169e+00
614	4.522389e-01	5.058501e-01	2.958964e+00
615	4.184688e-01	5.992426e-01	1.443576e+00
616	5.256676e-01	4.463692e-01	2.381534e+00
617	5.180852e-01	5.982857e-01	1.971177e+00
618	4.735924e-01	5.180206e-01	2.960918e+00
619	2.350328e-01	6.670164e-02	1.812897e+00
620	3.451262e-01	4.005474e-01	1.170982e+00
621	4.987429e-01	4.692455e-01	1.277479e+00
622	5.721007e-01	3.279275e-01	1.176844e+00
623	5.719571e-01	5.634508e-01	1.636053e+00
624	4.656661e-01	5.352712e-01	2.336590e+00
625	4.323345e-01	5.341194e-01	1.343918e+00
626	4.572533e-01	4.861399e-01	1.905716e+00
627	4.791814e-01	4.439957e-01	1.784563e+00
628	4.705429e-01	4.761259e-01	2.063996e+00
629	4.619340e-01	5.074880e-01	2.497802e+00
630	4.373403e-01	5.022461e-01	2.870054e+00
631	4.665809e-01	4.579169e-01	1.729849e+00
632	4.989566e-01	6.834944e-01	2.290669e+00
633	4.729943e-01	5.083920e-01	2.841720e+00
634	4.695839e-01	5.108476e-01	2.195896e+00
635	4.730371e-01	4.816120e-01	1.601856e+00
636	4.653972e-01	6.107637e-01	2.449927e+00
637	4.848403e-01	4.798802e-01	1.462140e+00
638	4.730808e-01	5.098335e-01	2.041524e+00
639	4.728781e-01	5.076558e-01	2.061065e+00
640	4.743987e-01	3.418772e-01	2.130435e+00
641	4.804464e-01	4.029429e-01	2.205667e+00
642	4.649037e-01	5.012043e-01	2.184172e+00
643	4.809297e-01	4.437127e-01	2.747924e+00
644	5.569162e-01	3.515295e-01	2.909135e+00
645	4.645645e-01	5.002604e-01	2.777235e+00
646	4.544646e-01	4.516863e-01	1.295066e+00
647	4.942988e-01	5.574367e-01	1.050806e+00
648	4.582195e-01	3.547425e-01	1.191500e+00
649	4.900086e-01	5.306370e-01	1.198339e+00
650	4.429233e-01	5.142649e-01	2.656082e+00
651	4.497047e-01	5.106863e-01	1.692721e+00
652	4.927391e-01	3.986091e-01	2.330728e+00
653	4.780044e-01	5.262181e-01	1.906693e+00
654	4.813106e-01	5.040024e-01	2.192965e+00
655	5.184466e-01	5.792616e-01	1.200293e+00
656	4.887309e-01	5.092558e-01	2.361016e+00
657	4.852653e-01	6.681534e-01	2.080606e+00
658	4.647968e-01	5.051085e-01	2.017098e+00
659	4.350318e-01	4.834652e-01	2.191011e+00
660	3.615370e-01	2.940261e-01	1.667318e+00
661	4.870937e-01	6.675958e-01	2.229116e+00
662	6.607543e-01	6.182103e-01	1.188569e+00
663	4.869242e-01	4.844203e-01	2.714704e+00
664	4.947963e-01	5.325391e-01	1.979971e+00
665	5.463115e-01	3.669370e-01	2.954079e+00
666	4.971851e-01	1.282503e-01	1.803127e+00
667	4.623992e-01	4.823881e-01	1.039082e+00
668	1.431322e-01	5.535354e-01	1.893014e+00
669	4.287701e-01	3.159696e-01	1.778701e+00
670	2.039156e-01	8.852223e-01	1.807035e+00
671	4.500051e-01	4.471916e-01	1.102589e+00
672	6.779904e-01	5.883616e-01	1.879336e+00
673	4.297849e-01	5.395003e-01	1.984856e+00
674	4.727442e-01	5.067939e-01	2.238886e+00
675	4.786070e-01	5.736018e-01	2.868100e+00
676	4.760472e-01	5.055566e-01	2.748901e+00
677	5.174864e-01	7.056559e-01	1.578407e+00
678	4.822557e-01	5.740464e-01	1.621397e+00
679	4.741729e-01	5.043999e-01	2.657059e+00
680	4.528906e-01	4.830085e-01	2.404983e+00
681	4.821504e-01	4.922955e-01	2.272106e+00
682	4.428692e-01	4.716455e-01	1.463117e+00
683	4.851114e-01	5.348259e-01	2.316072e+00
684	4.687337e-01	5.058940e-01	2.334636e+00
685	5.309452e-01	5.547597e-01	1.365413e+00
686	5.727813e-01	3.501519e-01	2.105032e+00
687	4.537609e-01	4.479173e-01	1.339033e+00
688	5.004515e-01	5.245010e-01	2.932584e+00
689	4.799183e-01	5.071557e-01	2.378603e+00
690	4.650910e-01	5.066498e-01	1.833415e+00
691	4.180250e-01	5.043520e-01	1.663410e+00
692	4.900778e-01	5.256075e-01	2.251588e+00
693	5.637354e-01	3.631089e-01	1.766976e+00
694	4.800232e-01	4.860478e-01	1.575476e+00
695	4.164264e-01	6.356181e-01	2.771373e+00
696	4.675552e-01	5.218338e-01	2.787005e+00
697	4.647634e-01	5.069186e-01	1.959453e+00
698	4.608664e-01	5.293574e-01	2.187103e+00
699	4.712430e-01	5.104305e-01	2.430386e+00
700	4.992988e-01	6.264049e-01	2.679531e+00
701	4.643570e-01	6.063815e-01	2.191988e+00
702	5.058593e-01	6.300363e-01	2.945286e+00
703	4.503919e-01	5.045996e-01	2.793845e+00
704	4.900262e-01	4.827466e-01	2.132389e+00
705	5.263040e-01	6.837617e-01	1.627259e+00
706	4.814574e-01	5.022738e-01	1.623351e+00
707	4.615130e-01	5.270228e-01	2.772350e+00
708	4.702328e-01	5.059547e-01	1.552027e+00
709	4.748853e-01	5.111240e-01	1.180752e+00
710	4.790457e-01	5.445630e-01	1.632145e+00
711	1.417024e-01	1.756962e-01	1.680997e+00
712	4.610314e-01	3.366652e-01	2.828041e+00
713	5.499846e-01	4.818396e-01	1.703468e+00
714	4.048361e-01	6.755578e-01	1.471910e+00
715	4.785044e-01	5.366742e-01	2.368832e+00
716	4.877041e-01	5.279304e-01	1.961407e+00
717	4.708558e-01	5.102283e-01	1.756229e+00
718	5.151469e-01	5.463430e-01	2.987298e+00
719	4.630674e-01	5.058914e-01	2.332682e+00
720	4.673466e-01	4.988132e-01	1.097704e+00
721	4.845658e-01	3.310783e-01	1.954568e+00
722	4.728127e-01	5.108341e-01	1.704446e+00
723	4.727098e-01	5.081596e-01	1.853933e+00
724	5.101827e-01	6.312004e-01	2.829995e+00
725	4.273856e-01	5.652660e-01	2.232047e+00
726	4.921356e-01	5.445299e-01	2.587689e+00
727	5.486534e-01	4.934557e-01	2.698095e+00
728	4.616560e-01	3.142000e-01	1.896922e+00
729	4.938933e-01	5.899694e-01	1.212995e+00
730	2.837151e-01	4.798381e-01	1.502198e+00
731	4.740817e-01	5.168828e-01	2.614069e+00
732	4.931301e-01	6.331997e-01	2.880801e+00
733	4.627441e-01	5.047657e-01	1.956522e+00
734	5.222816e-01	6.636179e-01	2.745970e+00
735	1.799074e-01	9.084871e-01	1.179775e+00
736	4.504979e-01	5.603255e-01	1.935027e+00
737	4.969590e-01	5.109408e-01	1.975085e+00
738	4.762526e-01	5.222627e-01	1.067416e+00
739	4.492710e-01	5.243146e-01	2.024915e+00
740	4.781995e-01	4.871750e-01	2.810454e+00
741	5.184868e-01	5.824108e-01	2.428432e+00
742	4.938407e-01	4.720538e-01	1.957499e+00
743	4.593026e-01	3.111707e-01	2.306302e+00
744	4.697005e-01	5.178192e-01	2.557401e+00
745	4.573421e-01	4.750135e-01	1.243283e+00
746	4.915701e-01	4.794433e-01	2.429409e+00
747	4.664442e-01	5.087893e-01	2.523205e+00
748	4.908200e-01	5.718847e-01	2.842697e+00
749	4.708647e-01	5.104690e-01	2.247680e+00
750	4.322890e-01	4.830433e-01	2.000489e+00
751	4.590826e-01	5.271830e-01	2.446019e+00
752	4.758527e-01	5.069719e-01	2.360039e+00
753	3.695216e-01	3.728196e-01	2.567171e+00
754	4.808053e-01	5.040613e-01	2.415730e+00
755	4.820754e-01	5.222506e-01	1.989741e+00
756	4.748914e-01	5.079297e-01	2.908158e+00
757	4.889899e-01	6.989474e-01	2.731314e+00
758	4.735353e-01	5.077551e-01	2.544700e+00
759	4.730960e-01	5.107877e-01	2.890572e+00
760	4.702682e-01	5.118089e-01	1.654617e+00
761	4.705608e-01	5.057208e-01	1.008793e+00
762	4.913183e-01	5.393851e-01	1.260870e+00
763	4.755405e-01	5.606009e-01	1.347826e+00
764	4.771592e-01	5.111534e-01	1.325354e+00
765	4.639692e-01	5.188958e-01	1.420127e+00
766	4.932094e-01	4.073868e-01	2.845628e+00
767	4.699882e-01	4.767473e-01	1.853933e+00
768	4.758243e-01	5.175833e-01	1.303859e+00
769	5.420251e-01	6.564635e-01	1.294089e+00
770	2.845684e-01	6.152321e-01	1.675134e+00
771	4.063227e-01	5.540143e-01	2.417684e+00
772	4.554277e-01	4.843128e-01	2.053249e+00
773	4.560945e-01	4.933654e-01	1.276502e+00
774	5.532989e-01	5.879680e-01	2.779189e+00
775	4.080295e-01	3.393433e-01	1.984856e+00
776	3.543928e-01	6.675626e-01	2.295554e+00
777	4.725418e-01	5.124240e-01	1.652662e+00
778	4.789190e-01	5.310253e-01	2.464582e+00
779	4.743844e-01	5.169691e-01	1.763068e+00
780	4.670986e-01	4.401264e-01	2.026869e+00
781	5.053757e-01	7.232031e-01	1.160234e+00
782	5.421202e-01	4.914381e-01	2.302394e+00
783	4.827069e-01	5.174328e-01	1.384954e+00
784	4.511892e-01	5.611844e-01	2.598437e+00
785	4.647893e-01	4.914322e-01	2.130435e+00
786	4.581975e-01	5.039565e-01	1.690767e+00
787	4.571809e-01	5.022372e-01	1.940889e+00
788	4.622846e-01	4.861845e-01	2.099170e+00
