789
0	9.488917e-01	4.362841e-01	1.398632e+00
1	3.020683e-01	4.226021e-01	1.108451e+00
2	4.591491e-01	4.747950e-01	2.925745e+00
3	4.803456e-01	6.139177e-01	2.732291e+00
4	4.996623e-01	4.826967e-01	1.257938e+00
5	5.115146e-01	4.145704e-01	2.424524e+00
6	4.643975e-01	6.682766e-01	1.383000e+00
7	4.993830e-01	4.542373e-01	2.705911e+00
8	5.115586e-01	5.010888e-01	2.442110e+00
9	4.769039e-01	5.217198e-01	2.233024e+00
10	4.815776e-01	5.441267e-01	2.376649e+00
11	4.783958e-01	5.149535e-01	1.556913e+00
12	4.375773e-01	6.154851e-01	2.950171e+00
13	4.422775e-01	4.407654e-01	1.066439e+00
14	4.847083e-01	5.224059e-01	1.626282e+00
15	5.812690e-01	5.627769e-01	1.306790e+00
16	4.833632e-01	5.231355e-01	2.902296e+00
17	4.364860e-01	6.115829e-01	1.195408e+00
18	5.170676e-01	5.734724e-01	1.785540e+00
19	4.737576e-01	5.532535e-01	1.248168e+00
20	5.049141e-01	5.417747e-01	1.863703e+00
21	4.187673e-01	4.500715e-01	2.671715e+00
22	4.856797e-01	5.145401e-01	2.487054e+00
23	3.996221e-01	7.063317e-01	1.946751e+00
24	4.372340e-01	5.466598e-01	1.303859e+00
25	3.632069e-01	6.969452e-01	2.152907e+00
26	4.729363e-01	5.423458e-01	1.388862e+00
27	4.770670e-01	5.810668e-01	1.591109e+00
28	4.714122e-01	5.996336e-01	2.205667e+00
29	5.003347e-01	4.891130e-01	2.181241e+00
30	5.786978e-01	5.566586e-01	1.475818e+00
31	3.944204e-01	4.666252e-01	2.309233e+00
32	4.717652e-01	5.564540e-01	2.073766e+00
33	4.673127e-01	3.214115e-01	2.331705e+00
34	4.734781e-01	5.506715e-01	1.126038e+00
35	5.524903e-01	5.272821e-01	2.235955e+00
36	6.347604e-01	7.125767e-01	2.805569e+00
37	4.362699e-01	4.762924e-01	2.555447e+00
38	4.807911e-01	5.135501e-01	2.559355e+00
39	4.716458e-01	5.503727e-01	1.895945e+00
40	4.829297e-01	5.925351e-01	1.282364e+00
41	5.124172e-01	4.267574e-01	2.750855e+00
42	4.793063e-01	5.365077e-01	2.412799e+00
43	4.831609e-01	5.223430e-01	2.557401e+00
44	4.751201e-01	4.678769e-01	1.648754e+00
45	5.054023e-01	6.162247e-01	1.721055e+00
46	5.036155e-01	4.204763e-01	2.588666e+00
47	4.958676e-01	5.315636e-01	1.525647e+00
48	4.784265e-01	5.218788e-01	2.751832e+00
49	5.365003e-01	6.068438e-01	2.625794e+00
50	4.942857e-01	5.936449e-01	1.663410e+00
51	4.814533e-01	5.255220e-01	2.560332e+00
52	4.861983e-01	5.294541e-01	1.696629e+00
53	4.931825e-01	5.187204e-01	1.506106e+00
54	4.875055e-01	5.264986e-01	2.675623e+00
55	4.266148e-01	5.916631e-01	2.497802e+00
56	4.227027e-01	6.360634e-01	1.031265e+00
57	5.026299e-01	4.695041e-01	2.361993e+00
58	5.132382e-01	4.376065e-01	1.866634e+00
59	7.290653e-01	7.698109e-01	2.930630e+00
60	5.757854e-01	8.274779e-01	1.503175e+00
61	5.033104e-01	4.994007e-01	2.449927e+00
62	4.627513e-01	5.115994e-01	2.831949e+00
63	4.968726e-01	4.861498e-01	2.317049e+00
64	4.669241e-01	5.777287e-01	2.353200e+00
65	4.769853e-01	5.222858e-01	2.575965e+00
66	5.827581e-01	5.483164e-01	2.922814e+00
67	5.009191e-01	4.457088e-01	2.289692e+00
68	4.764482e-01	5.111777e-01	2.766488e+00
69	5.060197e-01	3.746640e-01	1.522716e+00
70	5.277675e-01	5.292620e-01	2.769419e+00
71	4.890986e-01	5.118928e-01	1.110405e+00
72	5.018404e-01	4.968414e-01	1.412311e+00
73	7.175547e-01	4.597085e-01	1.951637e+00
74	4.534638e-01	3.998771e-01	1.449438e+00
75	2.502497e-01	5.063152e-01	2.176356e+00
76	4.945460e-01	5.993035e-01	1.212995e+00
77	5.156043e-01	5.396556e-01	1.872496e+00
78	4.822729e-01	4.871794e-01	1.606742e+00
79	4.866159e-01	4.801511e-01	1.183683e+00
80	4.630738e-01	6.155471e-01	2.736199e+00
81	4.833700e-01	5.263243e-01	1.617489e+00
82	4.563133e-01	4.331082e-01	2.456766e+00
83	4.721360e-01	5.011578e-01	1.406448e+00
84	4.231507e-01	5.490038e-01	2.453835e+00
85	4.843445e-01	5.273460e-01	2.712750e+00
86	4.917159e-01	5.071535e-01	2.877870e+00
87	5.231059e-01	7.397480e-01	1.533464e+00
88	4.607990e-01	5.001089e-01	2.169516e+00
89	5.710643e-01	2.764634e-01	2.483146e+00
90	4.539958e-01	6.209904e-01	1.538349e+00
91	4.624498e-01	5.219962e-01	1.117245e+00
92	4.797964e-01	5.324845e-01	2.709819e+00
93	4.304487e-01	5.642411e-01	2.929653e+00
94	4.182470e-01	5.777684e-01	2.125550e+00
95	4.116112e-01	4.403365e-01	2.148999e+00
96	4.725487e-01	5.301303e-01	1.206155e+00
97	7.461957e-01	4.330673e-01	2.689301e+00
98	4.915457e-01	5.071672e-01	1.997557e+00
99	4.293880e-01	4.410662e-01	1.753298e+00
100	4.732294e-01	5.045418e-01	1.491451e+00
101	4.832086e-01	5.219975e-01	2.381534e+00
102	4.665039e-01	4.673617e-01	1.837323e+00
103	4.406193e-01	5.741622e-01	2.723498e+00
104	4.876745e-01	5.437306e-01	1.216903e+00
105	4.969909e-01	5.148925e-01	1.385931e+00
106	1.617704e-01	4.409952e-01	1.094773e+00
107	4.710689e-01	5.515239e-01	1.887152e+00
108	3.052301e-01	5.483779e-01	1.869565e+00
109	3.033808e-01	4.190800e-01	2.657059e+00
110	4.904872e-01	4.311551e-01	1.905716e+00
111	4.605063e-01	5.006653e-01	2.319980e+00
112	1.627128e-01	3.564219e-01	1.549096e+00
113	7.133472e-01	3.979632e-01	1.155349e+00
114	4.873528e-01	4.902235e-01	1.261847e+00
115	5.162713e-01	5.717318e-01	1.308745e+00
116	6.102940e-02	2.782405e-01	1.148510e+00
117	4.818201e-01	4.952631e-01	1.865657e+00
118	4.874880e-01	6.179496e-01	2.988276e+00
119	4.817719e-01	5.160283e-01	1.479726e+00
120	4.777062e-01	5.522015e-01	2.095261e+00
121	4.470240e-01	6.143748e-01	2.442110e+00
122	6.621613e-01	6.848175e-01	1.070347e+00
123	4.689979e-01	5.186552e-01	1.417196e+00
124	4.917727e-01	5.091909e-01	2.817294e+00
125	5.387075e-01	8.603474e-01	1.164143e+00
126	4.501836e-01	6.158612e-01	2.738153e+00
127	3.319472e-01	2.955377e-01	2.338544e+00
128	6.908658e-01	7.461592e-01	1.282364e+00
129	4.777989e-01	5.161525e-01	2.676600e+00
130	6.910209e-01	7.463349e-01	2.443087e+00
131	8.467032e-01	6.781364e-02	2.375672e+00
132	2.672807e-01	4.225315e-01	1.220811e+00
133	2.332116e-01	5.094725e-01	2.407914e+00
134	4.945340e-01	6.236751e-01	2.277968e+00
135	4.687998e-01	5.172839e-01	2.409868e+00
136	4.551891e-01	4.759586e-01	2.083537e+00
137	5.760259e-01	5.602605e-01	2.286761e+00
138	2.280260e-01	5.104418e-01	1.194431e+00
139	4.907858e-01	5.253416e-01	2.818271e+00
140	5.047588e-01	4.120035e-01	2.827064e+00
141	4.692235e-01	5.514192e-01	1.684905e+00
142	4.704600e-01	5.434892e-01	1.999511e+00
143	4.863642e-01	4.814503e-01	1.956522e+00
144	4.804656e-01	5.145986e-01	2.323889e+00
145	4.945162e-01	4.254514e-01	2.501710e+00
146	3.488565e-01	4.662834e-01	2.395213e+00
147	4.068367e-01	4.346653e-01	2.719590e+00
148	4.823645e-01	5.257741e-01	2.937469e+00
149	4.788551e-01	4.628411e-01	2.803615e+00
150	4.208455e-01	4.473980e-01	1.794333e+00
151	5.015935e-01	5.197092e-01	2.611138e+00
152	4.547822e-01	4.945585e-01	1.724963e+00
153	4.895578e-01	5.212431e-01	1.983879e+00
154	4.767603e-01	5.209879e-01	2.181241e+00
155	4.310712e-01	4.513913e-01	1.295066e+00
156	4.655429e-01	4.572242e-01	1.970200e+00
157	4.559915e-01	5.173613e-01	2.387396e+00
158	5.650307e-01	5.072368e-01	2.386419e+00
159	4.367157e-01	4.044094e-01	2.647289e+00
160	4.833316e-01	5.130211e-01	1.686859e+00
161	4.651116e-01	5.498190e-01	1.553981e+00
162	4.401284e-01	6.152900e-01	1.764045e+00
163	4.775556e-01	3.340865e-01	1.632145e+00
164	4.824897e-01	5.254216e-01	1.235467e+00
165	4.778376e-01	5.377132e-01	2.251588e+00
166	4.637365e-01	5.423336e-01	1.751343e+00
167	5.505771e-01	5.025524e-01	1.715193e+00
168	4.794654e-01	5.200497e-01	2.109917e+00
169	4.935221e-01	4.294657e-01	2.137274e+00
170	5.767761e-01	5.589264e-01	2.099170e+00
171	4.896269e-01	6.183027e-01	2.057157e+00
172	4.421476e-01	5.445583e-01	2.246702e+00
173	4.954342e-01	5.062442e-01	1.894968e+00
174	4.484862e-01	4.891712e-01	2.453835e+00
175	4.751688e-01	5.551518e-01	2.834880e+00
176	5.600664e-01	5.061115e-01	2.215437e+00
177	4.790917e-01	5.326561e-01	2.153884e+00
178	4.837911e-01	5.310623e-01	2.475330e+00
179	5.317821e-01	6.130826e-01	1.274548e+00
180	4.713152e-01	4.840132e-01	2.127504e+00
181	4.617197e-01	5.177562e-01	1.790425e+00
182	7.239063e-01	6.567770e-01	1.736688e+00
183	4.874148e-01	4.868912e-01	1.692721e+00
184	5.201329e-01	4.257912e-01	2.042501e+00
185	4.915240e-01	4.840685e-01	1.468979e+00
186	4.530323e-01	5.422931e-01	1.784563e+00
187	9.399262e-01	8.423908e-01	2.653151e+00
188	4.629405e-01	5.869973e-01	1.839277e+00
189	4.905275e-01	5.092010e-01	1.175867e+00
190	3.971835e-01	5.802699e-01	2.807523e+00
191	6.477060e-01	3.813422e-01	2.811431e+00
192	5.424978e-01	5.516754e-01	1.192477e+00
193	1.794441e-01	5.174364e-01	1.620420e+00
194	1.970691e-01	5.456982e-01	2.624817e+00
195	4.823727e-01	5.189682e-01	2.806546e+00
196	5.311601e-01	4.217369e-01	1.763068e+00
197	2.885128e-01	1.541985e-01	2.060088e+00
198	3.693061e-01	6.099185e-01	2.458720e+00
199	5.152805e-01	4.398163e-01	2.463605e+00
200	2.865263e-01	3.243055e-01	1.141671e+00
201	4.824457e-01	5.364481e-01	1.146556e+00
202	5.122437e-01	4.291763e-01	1.395701e+00
203	4.952327e-01	5.048679e-01	1.755252e+00
204	5.025300e-01	4.935525e-01	2.901319e+00
205	4.964538e-01	4.854702e-01	2.123596e+00
206	3.005304e-01	3.353436e-01	1.652662e+00
207	4.766947e-01	5.816430e-01	1.199316e+00
208	4.748774e-01	5.511791e-01	2.170493e+00
209	5.426830e-01	6.185034e-01	2.733268e+00
210	4.271031e-01	4.168471e-01	1.545188e+00
211	4.485145e-01	5.165675e-01	1.376160e+00
212	4.688252e-01	5.293101e-01	1.621397e+00
213	4.723860e-01	5.200424e-01	1.883244e+00
214	4.819513e-01	5.081932e-01	1.612604e+00
215	4.652305e-01	4.965568e-01	2.909135e+00
216	4.788639e-01	5.340244e-01	1.354665e+00
217	4.621321e-01	5.185074e-01	2.770396e+00
218	3.464935e-01	4.623405e-01	2.148999e+00
219	4.935034e-01	5.070399e-01	2.624817e+00
220	3.847193e-01	5.567715e-01	2.697118e+00
221	4.612989e-01	5.398671e-01	1.938935e+00
222	7.512822e-01	4.967371e-01	1.854910e+00
223	4.584629e-01	5.051204e-01	2.625794e+00
224	4.902695e-01	5.563658e-01	2.984367e+00
225	4.881073e-01	6.338113e-01	2.693210e+00
226	4.805771e-01	5.384265e-01	2.276014e+00
227	4.993988e-01	6.087759e-01	1.245237e+00
228	4.826774e-01	5.329757e-01	1.489497e+00
229	4.725356e-01	5.259606e-01	2.305325e+00
230	4.749703e-01	5.132964e-01	2.689301e+00
231	4.885295e-01	5.390308e-01	1.346849e+00
232	4.327145e-01	5.811325e-01	2.447973e+00
233	4.483275e-01	4.687509e-01	1.591109e+00
234	2.468348e-01	5.292341e-01	1.931119e+00
235	4.929326e-01	5.071074e-01	2.687347e+00
236	4.813188e-01	5.265028e-01	2.787982e+00
237	4.754016e-01	5.505679e-01	1.510015e+00
238	5.001157e-01	4.872153e-01	2.193942e+00
239	4.940575e-01	5.151820e-01	2.918906e+00
240	5.020789e-01	4.379164e-01	1.734734e+00
241	5.147182e-01	5.805805e-01	1.119199e+00
242	4.090865e-01	5.109311e-01	1.631168e+00
243	5.006401e-01	5.241960e-01	1.258915e+00
244	4.798077e-01	4.602156e-01	2.458720e+00
245	4.123072e-01	4.346616e-01	2.134343e+00
246	4.812724e-01	5.183092e-01	2.662921e+00
247	4.743315e-01	4.936835e-01	2.924768e+00
248	4.591309e-01	4.819876e-01	2.983390e+00
249	6.917797e-01	5.605306e-02	2.305325e+00
250	6.761043e-01	2.158148e-01	2.763556e+00
251	6.537947e-01	1.196849e-01	2.374695e+00
252	4.463646e-01	5.217837e-01	1.703468e+00
253	4.193426e-01	4.486032e-01	1.246214e+00
254	5.555290e-01	3.672357e-01	2.925745e+00
255	4.808152e-01	5.124157e-01	1.857841e+00
256	4.784633e-01	5.372221e-01	2.601368e+00
257	4.791401e-01	5.244293e-01	2.413776e+00
258	4.666762e-01	5.252114e-01	2.569126e+00
259	2.127514e-01	5.255835e-01	1.865657e+00
260	4.835327e-01	5.185373e-01	2.574988e+00
261	4.803161e-01	5.550783e-01	1.598925e+00
262	6.552804e-01	5.282391e-01	2.264289e+00
263	4.251123e-01	5.448433e-01	1.176844e+00
264	4.669582e-01	5.614759e-01	1.061553e+00
265	4.883354e-01	5.105611e-01	2.526136e+00
266	4.781810e-01	6.121033e-01	1.928188e+00
267	4.785967e-01	4.547058e-01	2.006351e+00
268	4.935887e-01	4.453133e-01	1.041036e+00
269	5.656653e-01	5.810449e-01	1.793356e+00
270	5.036608e-01	4.605976e-01	1.860772e+00
271	5.180732e-01	6.174681e-01	1.389839e+00
272	4.881770e-01	5.109521e-01	1.052760e+00
273	5.031716e-01	4.604067e-01	1.156326e+00
274	4.748634e-01	5.077927e-01	1.981925e+00
275	7.075168e-01	7.517507e-01	2.256473e+00
276	4.831081e-01	5.797610e-01	2.368832e+00
277	4.800213e-01	5.234326e-01	2.024915e+00
278	6.863221e-01	7.410430e-01	1.266732e+00
279	4.635638e-01	5.191690e-01	1.348803e+00
280	4.659696e-01	4.750613e-01	2.472399e+00
281	5.335901e-01	4.912623e-01	2.288715e+00
282	4.951553e-01	4.254069e-01	2.745970e+00
283	4.839750e-01	5.900415e-01	2.490962e+00
284	4.690091e-01	4.941803e-01	2.515388e+00
285	5.495014e-01	6.335652e-01	1.545188e+00
286	4.775506e-01	5.309246e-01	2.662921e+00
287	5.041454e-01	4.272458e-01	2.264289e+00
288	4.541551e-01	4.139268e-01	2.905227e+00
289	4.469771e-01	4.840824e-01	1.058622e+00
290	3.842748e-01	5.349814e-01	2.152907e+00
291	7.343507e-01	9.411388e-02	2.784074e+00
292	4.894322e-01	5.093778e-01	2.445042e+00
293	2.302215e-01	3.648578e-01	2.852467e+00
294	4.941541e-01	4.329791e-01	2.070835e+00
295	4.867885e-01	5.333065e-01	1.406448e+00
296	4.186801e-01	7.894430e-01	1.751343e+00
297	5.498484e-01	5.508817e-01	2.077675e+00
298	2.403072e-01	4.154221e-01	1.601856e+00
299	4.737046e-01	5.204297e-01	2.048363e+00
300	4.499199e-01	4.819529e-01	2.781143e+00
301	4.832627e-01	5.207422e-01	2.779189e+00
302	5.090480e-01	4.371884e-01	2.617978e+00
303	4.869493e-01	5.279866e-01	1.698583e+00
304	2.456410e-01	4.014601e-01	1.948705e+00
305	4.778157e-01	5.373965e-01	1.416219e+00
306	3.695018e-01	2.604649e-01	1.745481e+00
307	4.757048e-01	5.546244e-01	2.291646e+00
308	3.946608e-02	3.917394e-01	1.868588e+00
309	4.955774e-01	6.273028e-01	2.511480e+00
310	4.714109e-01	5.525114e-01	2.596483e+00
311	4.859825e-01	6.215481e-01	2.855398e+00
312	4.842050e-01	5.613870e-01	1.312653e+00
313	5.018220e-01	4.683792e-01	1.787494e+00
314	4.831866e-01	5.195454e-01	2.252565e+00
315	5.060200e-01	4.232681e-01	1.978017e+00
316	4.163560e-01	4.566307e-01	2.965804e+00
317	4.829292e-01	5.210795e-01	2.221299e+00
318	6.326369e-01	3.958549e-01	1.701514e+00
319	4.812604e-01	6.058764e-01	1.135809e+00
320	4.813506e-01	5.443885e-01	2.997069e+00
321	7.055435e-01	5.335129e-02	2.470445e+00
322	4.620530e-01	4.988237e-01	2.362970e+00
323	4.785955e-01	5.335696e-01	2.553493e+00
324	4.388596e-01	4.612967e-01	1.347826e+00
325	1.773572e-01	6.079681e-02	2.896434e+00
326	4.767279e-01	5.241708e-01	1.857841e+00
327	4.191623e-01	5.105795e-01	1.669272e+00
328	4.735120e-01	5.064453e-01	1.726917e+00
329	5.151859e-01	4.316981e-01	2.604299e+00
330	4.593293e-01	4.735363e-01	2.089399e+00
331	4.639168e-01	5.327359e-01	1.552027e+00
332	4.882617e-01	6.291249e-01	1.769907e+00
333	4.788728e-01	5.430808e-01	1.382022e+00
334	5.024943e-01	4.712521e-01	2.510503e+00
335	5.153389e-01	5.249535e-01	1.640938e+00
336	4.801512e-01	5.487493e-01	2.933561e+00
337	4.356278e-01	4.493783e-01	1.033219e+00
338	3.920656e-01	5.121767e-01	1.408403e+00
339	4.925897e-01	5.065977e-01	2.767465e+00
340	4.778588e-01	5.369981e-01	1.526624e+00
341	5.103587e-01	4.607629e-01	1.456277e+00
342	4.723702e-01	5.158871e-01	1.054714e+00
343	4.304208e-01	5.634510e-01	2.601368e+00
344	4.816480e-01	5.146314e-01	2.193942e+00
345	8.066651e-01	1.807554e-01	2.321935e+00
346	4.711655e-01	5.804685e-01	1.564729e+00
347	4.976633e-01	5.243190e-01	1.679043e+00
348	5.413820e-01	6.051292e-01	2.034685e+00
349	4.696918e-01	5.133386e-01	2.564240e+00
350	3.983324e-01	3.506296e-01	2.311187e+00
351	4.309236e-01	5.561557e-01	1.297997e+00
352	4.900892e-01	5.097281e-01	2.873962e+00
353	5.487320e-01	4.668044e-01	2.202736e+00
354	4.782834e-01	5.298669e-01	2.653151e+00
355	3.730813e-01	2.800084e-01	2.461651e+00
356	4.786735e-01	5.337509e-01	1.679043e+00
357	4.381441e-01	4.375925e-01	2.991207e+00
358	5.312499e-01	4.510041e-01	2.857352e+00
359	4.911864e-01	6.345022e-01	1.913532e+00
360	3.865310e-01	4.107479e-01	1.216903e+00
361	2.905438e-01	7.448522e-01	1.214949e+00
362	4.716067e-01	5.149895e-01	1.005862e+00
363	4.816543e-01	5.676570e-01	2.227162e+00
364	4.754816e-01	5.348818e-01	1.723009e+00
365	4.203495e-01	8.547871e-01	1.491451e+00
366	5.109905e-01	5.283849e-01	1.692721e+00
367	4.845376e-01	5.512503e-01	1.154372e+00
368	4.924580e-01	5.070415e-01	1.851001e+00
369	4.835728e-01	5.192152e-01	2.418661e+00
370	5.733174e-01	5.595276e-01	1.874450e+00
371	5.117471e-01	6.188598e-01	1.591109e+00
372	5.163796e-01	5.307009e-01	2.199805e+00
373	6.601400e-01	6.762217e-01	2.208598e+00
374	5.013369e-01	4.394768e-01	1.322423e+00
375	5.032360e-01	4.940658e-01	2.361016e+00
376	3.795845e-01	5.591230e-01	1.815828e+00
377	4.815524e-01	5.253165e-01	1.328285e+00
378	4.924872e-01	5.061881e-01	1.883244e+00
379	8.340837e-01	9.287406e-01	1.599902e+00
380	5.661572e-01	3.513913e-01	2.343429e+00
381	4.707297e-01	4.850441e-01	1.835369e+00
382	1.443824e-01	8.549910e-01	1.065462e+00
383	4.441204e-01	5.274618e-01	1.698583e+00
384	4.402308e-01	5.000182e-01	2.761602e+00
385	7.053961e-01	3.874472e-01	1.961407e+00
386	4.189610e-01	5.127793e-01	2.449927e+00
387	4.869584e-01	5.361384e-01	2.669761e+00
388	4.139474e-01	4.624449e-01	2.597460e+00
389	4.783557e-01	5.538153e-01	2.960918e+00
390	4.771607e-01	5.542328e-01	1.655594e+00
391	4.761708e-01	5.995214e-01	2.572057e+00
392	4.769293e-01	5.344491e-01	1.234489e+00
393	4.632751e-01	5.407731e-01	1.607719e+00
394	4.841218e-01	5.232206e-01	2.643381e+00
395	3.389025e-01	7.839679e-01	1.233512e+00
396	1.701999e-01	3.450768e-01	2.058134e+00
397	7.077441e-01	5.447724e-01	1.083048e+00
398	2.263118e-01	3.621289e-01	2.453835e+00
399	5.631886e-01	5.355791e-01	2.169516e+00
400	4.566823e-01	6.220305e-01	1.634099e+00
401	5.782479e-01	4.545905e-01	1.314607e+00
402	4.674573e-01	5.704577e-01	2.292623e+00
403	3.733397e-01	3.991700e-01	1.759160e+00
404	5.495946e-01	6.033316e-01	2.942355e+00
405	4.659568e-01	5.787611e-01	1.358574e+00
406	4.840704e-01	5.366656e-01	1.474841e+00
407	3.337955e-01	1.703269e-01	2.850513e+00
408	5.253204e-01	5.155452e-01	2.543723e+00
409	4.699435e-01	5.464719e-01	1.170005e+00
410	5.005942e-01	4.751555e-01	2.011236e+00
411	3.916517e-01	5.143885e-01	2.982413e+00
412	1.149619e-01	4.356709e-01	1.578407e+00
413	4.638238e-01	5.777993e-01	2.904250e+00
414	4.779498e-01	5.374819e-01	2.948217e+00
415	4.855287e-01	5.271889e-01	1.856864e+00
416	4.814515e-01	5.973387e-01	1.780655e+00
417	5.018286e-01	5.222361e-01	1.223742e+00
418	4.599459e-01	4.937113e-01	2.928676e+00
419	4.956949e-01	5.368529e-01	1.055691e+00
420	4.658622e-01	4.965006e-01	2.823156e+00
421	4.831336e-01	5.189444e-01	2.886663e+00
422	4.791407e-01	5.056544e-01	1.391793e+00
423	5.853971e-01	4.250227e-01	1.467025e+00
424	4.750321e-01	5.502481e-01	1.512946e+00
425	3.307928e-01	1.843974e-01	1.960430e+00
426	3.338274e-01	1.846474e-01	2.254519e+00
427	4.587942e-01	5.027485e-01	2.899365e+00
428	5.191864e-01	5.122898e-01	1.247191e+00
429	4.671421e-01	5.156214e-01	1.802149e+00
430	4.695135e-01	5.200816e-01	1.663410e+00
431	4.624759e-01	4.973327e-01	2.556424e+00
432	3.334664e-01	1.793272e-01	2.947240e+00
433	4.734000e-01	5.163946e-01	2.475330e+00
434	4.366099e-01	4.566638e-01	2.923791e+00
435	5.500486e-01	5.416468e-01	2.906204e+00
436	5.059756e-02	9.086701e-01	2.668784e+00
437	4.750466e-01	5.509881e-01	2.476307e+00
438	5.697390e-01	5.807308e-01	2.065950e+00
439	4.835067e-01	5.208911e-01	1.983879e+00
440	4.621193e-01	4.172303e-01	1.637030e+00
441	4.016981e-01	5.390450e-01	1.338056e+00
442	4.810471e-01	4.374078e-01	2.406937e+00
443	1.998694e-01	5.445467e-01	1.422081e+00
444	5.093877e-01	4.138779e-01	2.956033e+00
445	4.823054e-01	5.353253e-01	2.601368e+00
446	4.980284e-01	4.568951e-01	1.846116e+00
447	4.791891e-01	5.348091e-01	1.264778e+00
448	4.797432e-01	5.986498e-01	1.119199e+00
449	4.816056e-01	5.977750e-01	1.956522e+00
450	2.208467e-01	3.590306e-01	2.971666e+00
451	4.793788e-01	5.201000e-01	2.149976e+00
452	3.899934e-01	4.654352e-01	1.574499e+00
453	5.391333e-01	3.797296e-01	1.775769e+00
454	9.318163e-01	6.443416e-01	1.542257e+00
455	4.782425e-01	4.799486e-01	2.984367e+00
456	4.880943e-01	4.637383e-01	1.577430e+00
457	5.802061e-01	5.045912e-01	2.955056e+00
458	5.138503e-01	5.320384e-01	2.865169e+00
459	5.078462e-01	5.781825e-01	1.672203e+00
460	6.876980e-01	7.417185e-01	1.198339e+00
461	5.402200e-01	6.223017e-01	2.513434e+00
462	5.312606e-01	3.813826e-01	1.853933e+00
463	4.956823e-01	5.191675e-01	2.858329e+00
464	4.185526e-01	5.126116e-01	1.574499e+00
465	5.482612e-01	5.720867e-01	1.432829e+00
466	4.969476e-01	5.200778e-01	1.500244e+00
467	4.493647e-01	5.957108e-01	1.323400e+00
468	4.734828e-01	5.164928e-01	2.147044e+00
469	4.648894e-01	4.936316e-01	2.698095e+00
470	4.657752e-01	5.190128e-01	1.364436e+00
471	4.832557e-01	5.668649e-01	2.076698e+00
472	4.782074e-01	5.255767e-01	2.011236e+00
473	5.760552e-01	7.484567e-01	1.215926e+00
474	4.763674e-01	5.298957e-01	2.299463e+00
475	4.224487e-01	4.455588e-01	1.683928e+00
476	4.803506e-01	5.170523e-01	2.081583e+00
477	4.956424e-01	5.440143e-01	2.350269e+00
478	2.607371e-01	2.357578e-01	2.728383e+00
479	5.169265e-01	6.056459e-01	1.194431e+00
480	4.728950e-01	5.111082e-01	2.515388e+00
481	2.909762e-01	7.270275e-01	1.865657e+00
482	5.721061e-01	6.187710e-01	1.802149e+00
483	4.651377e-01	6.232819e-01	1.367367e+00
484	5.110099e-01	4.163269e-01	1.148510e+00
485	5.784793e-01	7.475735e-01	2.427455e+00
486	4.448366e-01	6.139171e-01	2.196873e+00
487	4.281780e-01	4.519712e-01	2.386419e+00
488	4.784683e-01	5.912523e-01	1.294089e+00
489	4.194916e-01	6.019765e-01	1.687836e+00
490	5.500187e-01	5.722513e-01	1.146556e+00
491	3.748123e-01	5.843136e-01	1.597948e+00
492	5.487130e-01	5.492933e-01	2.412799e+00
493	5.038189e-01	4.481847e-01	1.227650e+00
494	4.784440e-01	5.156472e-01	2.522228e+00
495	4.898465e-01	6.195368e-01	1.437714e+00
496	4.666450e-01	5.809399e-01	1.523693e+00
497	5.443146e-01	5.753314e-01	1.221788e+00
498	4.586864e-01	4.586344e-01	1.652662e+00
499	4.751514e-01	5.129039e-01	1.269663e+00
500	4.838507e-01	5.231475e-01	2.967758e+00
501	4.953019e-01	5.211195e-01	2.546654e+00
502	6.219259e-01	5.231499e-01	1.818759e+00
503	4.818402e-01	5.914311e-01	1.919394e+00
504	4.626583e-01	5.174269e-01	2.563263e+00
505	4.662230e-01	4.678806e-01	1.451392e+00
506	3.891028e-01	5.460572e-01	1.718124e+00
507	4.899820e-01	5.088882e-01	1.207132e+00
508	4.787145e-01	5.348902e-01	1.236444e+00
509	4.060334e-01	5.533122e-01	2.622863e+00
510	4.206083e-01	5.136450e-01	2.549585e+00
511	4.842038e-01	5.228037e-01	2.966781e+00
512	5.554577e-01	5.614897e-01	2.395213e+00
513	4.302308e-01	4.721478e-01	1.534441e+00
514	4.828091e-01	5.980719e-01	1.550073e+00
515	5.210136e-01	4.333074e-01	1.610650e+00
516	3.890010e-01	5.963313e-01	1.612604e+00
517	4.889529e-01	5.123526e-01	1.086957e+00
518	3.469147e-01	4.620889e-01	2.282853e+00
519	1.148280e-01	7.566163e-02	1.573522e+00
520	4.546532e-01	4.915546e-01	2.497802e+00
521	4.707362e-01	5.287297e-01	1.752320e+00
522	3.299441e-01	2.441629e-01	1.589155e+00
523	4.716782e-01	4.823734e-01	1.209086e+00
524	4.329496e-01	6.015531e-01	2.755740e+00
525	5.537798e-01	5.146518e-01	1.499267e+00
526	4.773319e-01	5.265157e-01	1.014656e+00
527	5.560680e-01	8.231783e-01	2.891549e+00
528	4.824786e-01	5.245729e-01	2.478261e+00
529	3.018661e-01	4.197873e-01	1.898876e+00
530	4.636821e-01	5.214292e-01	1.188569e+00
531	4.780232e-01	5.376280e-01	2.785051e+00
532	4.818704e-01	5.278313e-01	2.945286e+00
533	4.412835e-01	6.105319e-01	2.458720e+00
534	4.116429e-01	4.362786e-01	2.673669e+00
535	4.873629e-01	5.090424e-01	1.399609e+00
536	4.901140e-01	5.306318e-01	2.604299e+00
537	4.861329e-01	5.227197e-01	1.529555e+00
538	4.824377e-01	5.248996e-01	2.823156e+00
539	4.368442e-01	4.604352e-01	2.826087e+00
540	4.853218e-01	4.869180e-01	2.844651e+00
541	5.478960e-01	5.093607e-01	2.290669e+00
542	5.014882e-01	4.894914e-01	2.570103e+00
543	4.946964e-01	5.310737e-01	2.396190e+00
544	3.971111e-01	5.026745e-01	1.318515e+00
545	4.540794e-01	4.722834e-01	2.605276e+00
546	3.170254e-01	4.051426e-01	2.683439e+00
547	5.227898e-01	5.408209e-01	1.587201e+00
548	4.953964e-01	5.489435e-01	1.375183e+00
549	4.990157e-01	6.086798e-01	2.298486e+00
550	5.385386e-01	6.074233e-01	1.285296e+00
551	4.768775e-01	5.231422e-01	2.983390e+00
552	7.566515e-01	5.949200e-01	1.195408e+00
553	4.703658e-01	5.391938e-01	2.414753e+00
554	5.774900e-01	4.536116e-01	1.843185e+00
555	4.260784e-01	5.154211e-01	2.396190e+00
556	2.267970e-01	5.118663e-01	3.000000e+00
557	4.695589e-01	5.504696e-01	2.728383e+00
558	1.643880e-01	4.484266e-01	1.133854e+00
559	4.904084e-01	5.088778e-01	1.944797e+00
560	4.102820e-01	4.390623e-01	2.883732e+00
561	5.335056e-01	3.808872e-01	2.383488e+00
562	5.509093e-01	5.026012e-01	2.506595e+00
563	4.883348e-01	4.815152e-01	1.786517e+00
564	4.140208e-01	5.130026e-01	2.893503e+00
565	4.864951e-01	5.175884e-01	2.981436e+00
566	4.642538e-01	4.671557e-01	2.663898e+00
567	4.758040e-01	5.501691e-01	2.227162e+00
568	5.012807e-01	5.220537e-01	1.527601e+00
569	5.303975e-01	6.031938e-01	2.610161e+00
570	3.015729e-01	6.422533e-01	1.058622e+00
571	4.745513e-01	5.552012e-01	2.782120e+00
572	3.465298e-01	8.545872e-01	1.518808e+00
573	4.773870e-01	5.391280e-01	2.109917e+00
574	4.790431e-01	5.558915e-01	2.074744e+00
575	4.877169e-01	4.975455e-01	2.319003e+00
576	4.493787e-01	4.660178e-01	1.290181e+00
577	4.875065e-01	5.476152e-01	1.286273e+00
578	4.677646e-01	4.991604e-01	1.881290e+00
579	4.926878e-01	5.082988e-01	1.664387e+00
580	1.782943e-01	9.753295e-01	1.242306e+00
581	5.505755e-01	5.416451e-01	1.927211e+00
582	4.802351e-01	5.202444e-01	2.820225e+00
583	3.831360e-01	3.264330e-01	2.792868e+00
584	4.557833e-01	5.705274e-01	1.201270e+00
585	4.869858e-01	6.023323e-01	1.898876e+00
586	4.857091e-01	5.211184e-01	1.782609e+00
587	4.975041e-01	4.855058e-01	1.561798e+00
588	4.825633e-01	5.272808e-01	2.282853e+00
589	4.932002e-01	4.548485e-01	2.210552e+00
590	4.138382e-01	5.769939e-01	1.020518e+00
591	4.870973e-01	4.901679e-01	1.784563e+00
592	4.817486e-01	5.281593e-01	1.275525e+00
593	5.091683e-01	5.461911e-01	1.212995e+00
594	5.176918e-01	4.403740e-01	2.964827e+00
595	4.844289e-01	5.096271e-01	2.079629e+00
596	4.396790e-01	5.571406e-01	1.187592e+00
597	5.004546e-01	4.774410e-01	1.258915e+00
598	4.868389e-01	4.901233e-01	1.999511e+00
599	4.822917e-01	5.189860e-01	1.264778e+00
600	4.860453e-01	4.996684e-01	1.110405e+00
601	4.730297e-01	5.287380e-01	1.107474e+00
602	5.650505e-01	4.325597e-01	1.070347e+00
603	4.929163e-01	5.291038e-01	2.400098e+00
604	4.396780e-01	4.536359e-01	2.871031e+00
605	4.861469e-01	5.184993e-01	2.739130e+00
606	5.190847e-01	5.316991e-01	2.061065e+00
607	6.295747e-01	6.467640e-01	1.073278e+00
608	4.765721e-01	5.472526e-01	2.799707e+00
609	4.756236e-01	5.834173e-01	2.010259e+00
610	5.213600e-01	6.084258e-01	1.700537e+00
611	4.730774e-01	5.486309e-01	1.339033e+00
612	2.189038e-01	5.186360e-01	2.227162e+00
613	2.004537e-01	4.437154e-01	2.482169e+00
614	5.130022e-01	5.438139e-01	2.958964e+00
615	4.203185e-01	4.453130e-01	1.443576e+00
616	3.833009e-01	5.462867e-01	2.381534e+00
617	3.108480e-01	4.309175e-01	1.971177e+00
618	4.787726e-01	5.335603e-01	2.960918e+00
619	2.141967e-01	2.743901e-02	1.812897e+00
620	5.373014e-01	5.556291e-01	1.170982e+00
621	4.942029e-01	4.639455e-01	1.277479e+00
622	4.438104e-01	5.618280e-01	1.176844e+00
623	3.024858e-01	4.166150e-01	1.636053e+00
624	5.100535e-01	4.355712e-01	2.336590e+00
625	5.548020e-01	4.988896e-01	1.343918e+00
626	4.703190e-01	5.504705e-01	1.905716e+00
627	5.444016e-01	5.703160e-01	1.784563e+00
628	4.802780e-01	5.548243e-01	2.063996e+00
629	4.938982e-01	5.240081e-01	2.497802e+00
630	2.272252e-01	5.148996e-01	2.870054e+00
631	4.995094e-01	4.822746e-01	1.729849e+00
632	4.632802e-01	4.743767e-01	2.290669e+00
633	4.824467e-01	5.235395e-01	2.841720e+00
634	4.826257e-01	5.188507e-01	2.195896e+00
635	4.638882e-01	4.673720e-01	1.601856e+00
636	4.612191e-01	4.242991e-01	2.449927e+00
637	4.972900e-01	5.331394e-01	1.462140e+00
638	4.835438e-01	5.228965e-01	2.041524e+00
639	4.818188e-01	5.265095e-01	2.061065e+00
640	5.139022e-01	6.825041e-01	2.130435e+00
641	3.759220e-01	6.938678e-01	2.205667e+00
642	4.870172e-01	5.146384e-01	2.184172e+00
643	5.544447e-01	5.516624e-01	2.747924e+00
644	4.876148e-01	5.294823e-01	2.909135e+00
645	4.880498e-01	5.133067e-01	2.777235e+00
646	4.787176e-01	4.654461e-01	1.295066e+00
647	5.387841e-01	5.410360e-01	1.050806e+00
648	5.041829e-01	4.716298e-01	1.191500e+00
649	4.957156e-01	5.156174e-01	1.198339e+00
650	5.199642e-01	5.113573e-01	2.656082e+00
651	4.991994e-01	5.116834e-01	1.692721e+00
652	3.653217e-01	7.051977e-01	2.330728e+00
653	4.750360e-01	5.546705e-01	1.906693e+00
654	4.493912e-01	5.434950e-01	2.192965e+00
655	5.129517e-01	4.368256e-01	1.200293e+00
656	4.828233e-01	5.223329e-01	2.361016e+00
657	4.789282e-01	4.988254e-01	2.080606e+00
658	4.961594e-01	5.199109e-01	2.017098e+00
659	4.078315e-01	5.527133e-01	2.191011e+00
660	3.317393e-01	1.685766e-01	1.667318e+00
661	4.794771e-01	4.982499e-01	2.229116e+00
662	4.121198e-01	5.074103e-01	1.188569e+00
663	4.431415e-01	4.619791e-01	2.714704e+00
664	4.953402e-01	4.915994e-01	1.979971e+00
665	5.112488e-01	5.040008e-01	2.954079e+00
666	5.012013e-01	6.374495e-02	1.803127e+00
667	5.030941e-01	4.966497e-01	1.039082e+00
668	6.657803e-02	5.644119e-01	1.893014e+00
669	4.586856e-01	5.064416e-01	1.778701e+00
670	1.741749e-01	9.254625e-01	1.807035e+00
671	4.912247e-01	4.754885e-01	1.102589e+00
672	3.995851e-01	5.138259e-01	1.879336e+00
673	4.520448e-01	5.094452e-01	1.984856e+00
674	4.820221e-01	5.254625e-01	2.238886e+00
675	4.815453e-01	5.786738e-01	2.868100e+00
676	4.801170e-01	5.169073e-01	2.748901e+00
677	4.600824e-01	4.880365e-01	1.578407e+00
678	4.798799e-01	5.840158e-01	1.621397e+00
679	4.778317e-01	5.209148e-01	2.657059e+00
680	4.675423e-01	5.524444e-01	2.404983e+00
681	4.518057e-01	4.728143e-01	2.272106e+00
682	5.047744e-01	4.952828e-01	1.463117e+00
683	4.937046e-01	5.084009e-01	2.316072e+00
684	4.857780e-01	5.163889e-01	2.334636e+00
685	3.936725e-01	5.146386e-01	1.365413e+00
686	4.790739e-01	5.308176e-01	2.105032e+00
687	5.434591e-01	4.680438e-01	1.339033e+00
688	4.892178e-01	5.076837e-01	2.932584e+00
689	4.766879e-01	5.295093e-01	2.378603e+00
690	4.885009e-01	5.216593e-01	1.833415e+00
691	2.302047e-01	5.132235e-01	1.663410e+00
692	4.447165e-01	5.118397e-01	2.251588e+00
693	4.875512e-01	5.220426e-01	1.766976e+00
694	3.360109e-01	3.135720e-01	1.575476e+00
695	3.301964e-01	7.722200e-01	2.771373e+00
696	4.957423e-01	5.301152e-01	2.787005e+00
697	4.872548e-01	5.159897e-01	1.959453e+00
698	4.890757e-01	5.206512e-01	2.187103e+00
699	4.835563e-01	5.189344e-01	2.430386e+00
700	4.695771e-01	5.770116e-01	2.679531e+00
701	4.326240e-01	4.245792e-01	2.191988e+00
702	4.670657e-01	5.762515e-01	2.945286e+00
703	4.616774e-01	5.181198e-01	2.793845e+00
704	4.902659e-01	5.528689e-01	2.132389e+00
705	4.148513e-01	3.659488e-01	1.627259e+00
706	4.836640e-01	5.050977e-01	1.623351e+00
707	4.546522e-01	4.967914e-01	2.772350e+00
708	4.910571e-01	5.077724e-01	1.552027e+00
709	7.086087e-01	4.913287e-01	1.180752e+00
710	4.886745e-01	5.186059e-01	1.632145e+00
711	1.066602e-01	1.406992e-01	1.680997e+00
712	5.380863e-01	6.114356e-01	2.828041e+00
713	7.169127e-01	4.079998e-01	1.703468e+00
714	4.343887e-01	5.597675e-01	1.471910e+00
715	4.620291e-01	5.522045e-01	2.368832e+00
716	4.967636e-01	5.171456e-01	1.961407e+00
717	4.830075e-01	5.183743e-01	1.756229e+00
718	4.615407e-01	5.597818e-01	2.987298e+00
719	4.954423e-01	5.198366e-01	2.332682e+00
720	4.651170e-01	5.186058e-01	1.097704e+00
721	4.803686e-01	5.515284e-01	1.954568e+00
722	4.848982e-01	5.196829e-01	1.704446e+00
723	4.823043e-01	5.267220e-01	1.853933e+00
724	4.656568e-01	5.772982e-01	2.829995e+00
725	4.772897e-01	5.328264e-01	2.232047e+00
726	4.910917e-01	4.921889e-01	2.587689e+00
727	7.396481e-01	5.059601e-01	2.698095e+00
728	4.883363e-01	6.646613e-01	1.896922e+00
729	4.835188e-01	5.885492e-01	1.212995e+00
730	6.102469e-01	5.234016e-01	1.502198e+00
731	4.829090e-01	5.264735e-01	2.614069e+00
732	4.768954e-01	5.121101e-01	2.880801e+00
733	4.654823e-01	5.102462e-01	1.956522e+00
734	4.609648e-01	5.763572e-01	2.745970e+00
735	1.528452e-01	9.443139e-01	1.179775e+00
736	5.767525e-01	5.574745e-01	1.935027e+00
737	4.808346e-01	5.125849e-01	1.975085e+00
738	4.727779e-01	4.961416e-01	1.067416e+00
739	5.631261e-01	5.851199e-01	2.024915e+00
740	3.380395e-01	3.112309e-01	2.810454e+00
741	5.137637e-01	4.347536e-01	2.428432e+00
742	4.542358e-01	4.912097e-01	1.957499e+00
743	4.598366e-01	5.748733e-01	2.306302e+00
744	4.953991e-01	5.205423e-01	2.557401e+00
745	4.961096e-01	4.841341e-01	1.243283e+00
746	4.555231e-01	4.940999e-01	2.429409e+00
747	4.659661e-01	5.284978e-01	2.523205e+00
748	5.098041e-01	7.867889e-01	2.842697e+00
749	4.836539e-01	5.188739e-01	2.247680e+00
750	5.124769e-01	5.024406e-01	2.000489e+00
751	4.634846e-01	5.098860e-01	2.446019e+00
752	4.776145e-01	5.303234e-01	2.360039e+00
753	5.681782e-01	5.749717e-01	2.567171e+00
754	4.698723e-01	5.196517e-01	2.415730e+00
755	4.468987e-01	5.059586e-01	1.989741e+00
756	4.834240e-01	5.232925e-01	2.908158e+00
757	5.435078e-01	3.705855e-01	2.731314e+00
758	4.813769e-01	5.280239e-01	2.544700e+00
759	4.834023e-01	5.231142e-01	2.890572e+00
760	4.776667e-01	5.201582e-01	1.654617e+00
761	4.831770e-01	5.304988e-01	1.008793e+00
762	4.932971e-01	4.895313e-01	1.260870e+00
763	4.396195e-01	4.567674e-01	1.347826e+00
764	4.774149e-01	5.315573e-01	1.325354e+00
765	4.679287e-01	5.062195e-01	1.420127e+00
766	3.863799e-01	6.895189e-01	2.845628e+00
767	5.085399e-01	5.372776e-01	1.853933e+00
768	4.759555e-01	5.356689e-01	1.303859e+00
769	5.522905e-01	5.994873e-01	1.294089e+00
770	1.826398e-01	6.714028e-01	1.675134e+00
771	4.176683e-01	4.642381e-01	2.417684e+00
772	4.907762e-01	4.911167e-01	2.053249e+00
773	4.698642e-01	5.479545e-01	1.276502e+00
774	3.009899e-01	4.208555e-01	2.779189e+00
775	5.866869e-01	6.149899e-01	1.984856e+00
776	5.970716e-01	4.604076e-01	2.295554e+00
777	4.833711e-01	5.177408e-01	1.652662e+00
778	4.819648e-01	5.116098e-01	2.464582e+00
779	4.832163e-01	5.265166e-01	1.763068e+00
780	4.883191e-01	5.995364e-01	2.026869e+00
781	4.401085e-01	4.751498e-01	1.160234e+00
782	7.189442e-01	4.048289e-01	2.302394e+00
783	4.979144e-01	4.895708e-01	1.384954e+00
784	4.354410e-01	4.546724e-01	2.598437e+00
785	5.650046e-01	4.772124e-01	2.130435e+00
786	4.650600e-01	5.204490e-01	1.690767e+00
787	4.643150e-01	5.265462e-01	1.940889e+00
788	4.786342e-01	5.344346e-01	2.099170e+00
