789
0	9.154001e-01	4.416776e-01	1.398632e+00
1	4.727064e-01	5.023130e-01	1.108451e+00
2	4.664218e-01	5.257424e-01	2.925745e+00
3	4.831726e-01	4.545581e-01	2.732291e+00
4	4.941671e-01	3.299168e-01	1.257938e+00
5	4.655762e-01	5.455689e-01	2.424524e+00
6	4.653597e-01	3.908884e-01	1.383000e+00
7	4.328256e-01	5.874008e-01	2.705911e+00
8	5.024766e-01	5.345591e-01	2.442110e+00
9	4.704803e-01	5.197491e-01	2.233024e+00
10	4.702134e-01	5.415524e-01	2.376649e+00
11	4.769557e-01	5.269207e-01	1.556913e+00
12	4.701278e-01	3.641724e-01	2.950171e+00
13	5.295907e-01	6.758824e-01	1.066439e+00
14	4.762360e-01	5.261944e-01	1.626282e+00
15	6.230909e-01	6.119352e-01	1.306790e+00
16	4.749345e-01	5.200168e-01	2.902296e+00
17	5.124651e-01	6.436735e-01	1.195408e+00
18	4.984693e-01	4.585648e-01	1.785540e+00
19	4.676936e-01	4.898300e-01	1.248168e+00
20	5.061751e-01	4.743412e-01	1.863703e+00
21	4.808735e-01	4.379720e-01	2.671715e+00
22	4.781131e-01	5.316473e-01	2.487054e+00
23	4.773083e-01	5.203833e-01	1.946751e+00
24	3.444108e-01	6.801576e-01	1.303859e+00
25	4.870116e-01	5.556552e-01	2.152907e+00
26	4.737800e-01	5.316652e-01	1.388862e+00
27	4.689346e-01	4.814090e-01	1.591109e+00
28	4.521571e-01	4.216679e-01	2.205667e+00
29	4.746980e-01	5.128558e-01	2.181241e+00
30	5.408829e-01	5.914974e-01	1.475818e+00
31	5.099678e-01	4.678336e-01	2.309233e+00
32	4.684710e-01	5.230385e-01	2.073766e+00
33	4.773967e-01	5.571417e-01	2.331705e+00
34	4.647688e-01	4.964631e-01	1.126038e+00
35	3.116685e-01	4.989942e-01	2.235955e+00
36	5.611195e-01	6.172642e-01	2.805569e+00
37	5.493765e-01	6.828362e-01	2.555447e+00
38	4.805480e-01	4.934300e-01	2.559355e+00
39	4.839488e-01	5.387906e-01	1.895945e+00
40	4.723550e-01	4.461237e-01	1.282364e+00
41	4.597651e-01	4.886482e-01	2.750855e+00
42	4.781419e-01	5.143064e-01	2.412799e+00
43	4.556627e-01	5.190678e-01	2.557401e+00
44	4.826766e-01	6.971063e-01	1.648754e+00
45	4.642529e-01	5.234436e-01	1.721055e+00
46	4.766112e-01	5.856051e-01	2.588666e+00
47	4.645662e-01	5.359951e-01	1.525647e+00
48	4.706010e-01	5.250170e-01	2.751832e+00
49	4.427495e-01	3.843310e-01	2.625794e+00
50	4.561168e-01	6.444532e-01	1.663410e+00
51	4.747314e-01	5.183938e-01	2.560332e+00
52	4.712141e-01	5.073084e-01	1.696629e+00
53	4.792291e-01	4.982858e-01	1.506106e+00
54	4.769472e-01	5.140527e-01	2.675623e+00
55	4.563930e-01	4.315398e-01	2.497802e+00
56	4.763918e-01	3.781321e-01	1.031265e+00
57	4.881575e-01	3.511745e-01	2.361993e+00
58	4.675175e-01	4.087138e-01	1.866634e+00
59	6.643312e-01	7.118079e-01	2.930630e+00
60	5.365939e-01	7.505673e-01	1.503175e+00
61	4.588728e-01	4.901460e-01	2.449927e+00
62	4.833189e-01	5.094307e-01	2.831949e+00
63	4.683770e-01	5.027014e-01	2.317049e+00
64	4.594771e-01	4.744092e-01	2.353200e+00
65	4.707045e-01	5.196810e-01	2.575965e+00
66	5.597709e-01	6.042250e-01	2.922814e+00
67	4.649761e-01	5.994586e-01	2.289692e+00
68	5.328398e-01	6.404529e-01	2.766488e+00
69	4.436701e-01	6.294326e-01	1.522716e+00
70	4.817407e-01	5.030157e-01	2.769419e+00
71	4.685460e-01	4.918647e-01	1.110405e+00
72	5.005994e-01	5.611321e-01	1.412311e+00
73	6.114797e-01	4.837006e-01	1.951637e+00
74	5.259247e-01	6.612688e-01	1.449438e+00
75	3.187488e-01	5.176855e-01	2.176356e+00
76	4.556804e-01	6.417139e-01	1.212995e+00
77	4.986311e-01	5.252853e-01	1.872496e+00
78	4.710072e-01	4.829012e-01	1.606742e+00
79	4.743023e-01	6.968451e-01	1.183683e+00
80	4.628584e-01	4.803897e-01	2.736199e+00
81	4.752146e-01	5.189768e-01	1.617489e+00
82	4.746791e-01	5.050272e-01	2.456766e+00
83	5.128725e-01	6.674458e-01	1.406448e+00
84	3.970300e-01	6.141131e-01	2.453835e+00
85	4.696462e-01	5.176016e-01	2.712750e+00
86	4.689000e-01	5.136570e-01	2.877870e+00
87	4.879453e-01	5.865143e-01	1.533464e+00
88	4.167490e-01	3.334723e-01	2.169516e+00
89	5.234575e-01	3.864145e-01	2.483146e+00
90	5.006850e-01	6.121624e-01	1.538349e+00
91	4.933169e-01	5.207363e-01	1.117245e+00
92	4.783578e-01	5.059912e-01	2.709819e+00
93	4.608805e-01	6.060090e-01	2.929653e+00
94	4.642112e-01	4.346801e-01	2.125550e+00
95	5.415198e-01	6.685280e-01	2.148999e+00
96	4.848590e-01	5.103439e-01	1.206155e+00
97	6.420026e-01	4.566378e-01	2.689301e+00
98	4.698142e-01	5.114532e-01	1.997557e+00
99	4.826120e-01	4.663894e-01	1.753298e+00
100	4.811165e-01	5.150147e-01	1.491451e+00
101	4.764037e-01	5.203310e-01	2.381534e+00
102	4.290731e-01	4.190220e-01	1.837323e+00
103	4.964692e-01	6.346918e-01	2.723498e+00
104	4.587077e-01	7.036175e-01	1.216903e+00
105	5.008078e-01	5.662384e-01	1.385931e+00
106	2.468896e-01	4.621475e-01	1.094773e+00
107	4.621937e-01	5.411704e-01	1.887152e+00
108	5.248166e-01	5.112013e-01	1.869565e+00
109	4.676527e-01	5.013030e-01	2.657059e+00
110	5.079774e-01	5.865773e-01	1.905716e+00
111	4.536694e-01	5.001595e-01	2.319980e+00
112	2.375111e-01	3.784184e-01	1.549096e+00
113	6.250122e-01	4.567967e-01	1.155349e+00
114	4.767729e-01	4.795976e-01	1.261847e+00
115	5.001183e-01	4.644410e-01	1.308745e+00
116	9.321133e-02	2.957632e-01	1.148510e+00
117	4.781437e-01	5.702867e-01	1.865657e+00
118	4.791275e-01	4.738271e-01	2.988276e+00
119	5.015894e-01	6.084073e-01	1.479726e+00
120	4.699549e-01	5.524089e-01	2.095261e+00
121	5.026941e-01	6.449009e-01	2.442110e+00
122	5.600018e-01	6.071820e-01	1.070347e+00
123	5.789159e-01	6.240919e-01	1.417196e+00
124	4.705000e-01	5.260934e-01	2.817294e+00
125	5.328736e-01	7.847448e-01	1.164143e+00
126	5.008677e-01	6.409467e-01	2.738153e+00
127	4.047028e-01	4.025951e-01	2.338544e+00
128	6.446465e-01	6.843627e-01	1.282364e+00
129	4.854521e-01	4.955435e-01	2.676600e+00
130	6.439932e-01	6.838044e-01	2.443087e+00
131	8.312222e-01	8.597130e-02	2.375672e+00
132	4.078212e-01	4.584395e-01	1.220811e+00
133	3.225982e-01	5.281656e-01	2.407914e+00
134	4.728914e-01	5.047879e-01	2.277968e+00
135	4.542396e-01	5.156507e-01	2.409868e+00
136	4.592220e-01	5.403414e-01	2.083537e+00
137	5.404279e-01	5.889587e-01	2.286761e+00
138	3.235363e-01	5.104476e-01	1.194431e+00
139	4.650734e-01	5.397545e-01	2.818271e+00
140	4.590618e-01	5.478445e-01	2.827064e+00
141	4.665537e-01	5.477990e-01	1.684905e+00
142	4.839073e-01	5.323592e-01	1.999511e+00
143	4.792210e-01	5.099770e-01	1.956522e+00
144	5.038316e-01	6.139087e-01	2.323889e+00
145	5.063510e-01	5.830940e-01	2.501710e+00
146	5.483020e-01	5.803194e-01	2.395213e+00
147	4.884176e-01	4.568499e-01	2.719590e+00
148	4.756193e-01	5.185164e-01	2.937469e+00
149	4.797600e-01	4.038341e-01	2.803615e+00
150	5.349131e-01	6.776282e-01	1.794333e+00
151	4.615255e-01	5.169426e-01	2.611138e+00
152	4.525653e-01	5.662146e-01	1.724963e+00
153	4.996408e-01	5.162515e-01	1.983879e+00
154	4.783732e-01	5.196180e-01	2.181241e+00
155	4.661996e-01	5.993636e-01	1.295066e+00
156	5.076929e-01	6.959367e-01	1.970200e+00
157	4.768031e-01	5.071917e-01	2.387396e+00
158	6.076500e-01	4.920933e-01	2.386419e+00
159	5.269589e-01	6.596745e-01	2.647289e+00
160	4.755993e-01	4.932196e-01	1.686859e+00
161	4.969962e-01	5.488969e-01	1.553981e+00
162	5.195850e-01	5.953917e-01	1.764045e+00
163	4.802337e-01	5.774061e-01	1.632145e+00
164	4.768931e-01	5.179208e-01	1.235467e+00
165	4.786452e-01	5.241574e-01	2.251588e+00
166	4.953592e-01	5.457609e-01	1.751343e+00
167	6.135383e-01	4.810310e-01	1.715193e+00
168	4.720422e-01	5.216450e-01	2.109917e+00
169	4.975891e-01	5.908930e-01	2.137274e+00
170	5.404104e-01	5.904414e-01	2.099170e+00
171	4.806194e-01	4.778150e-01	2.057157e+00
172	4.501235e-01	4.824974e-01	2.246702e+00
173	5.102309e-01	4.819936e-01	1.894968e+00
174	4.432436e-01	5.479484e-01	2.453835e+00
175	4.717994e-01	5.131892e-01	2.834880e+00
176	3.823242e-01	5.277572e-01	2.215437e+00
177	4.761589e-01	5.081609e-01	2.153884e+00
178	4.735911e-01	5.135005e-01	2.475330e+00
179	4.691025e-01	3.765986e-01	1.274548e+00
180	4.626817e-01	5.053725e-01	2.127504e+00
181	4.914441e-01	5.219254e-01	1.790425e+00
182	6.368580e-01	6.194920e-01	1.736688e+00
183	5.158578e-01	3.221449e-01	1.692721e+00
184	4.518204e-01	4.635983e-01	2.042501e+00
185	5.097432e-01	3.227688e-01	1.468979e+00
186	4.410055e-01	5.063616e-01	1.784563e+00
187	9.194529e-01	8.282690e-01	2.653151e+00
188	4.479076e-01	4.447183e-01	1.839277e+00
189	4.678201e-01	5.296822e-01	1.175867e+00
190	4.465176e-01	5.915528e-01	2.807523e+00
191	5.181171e-01	4.815072e-01	2.811431e+00
192	4.478734e-01	4.682431e-01	1.192477e+00
193	3.058035e-01	5.169810e-01	1.620420e+00
194	3.212306e-01	4.962599e-01	2.624817e+00
195	4.741914e-01	5.247356e-01	2.806546e+00
196	4.900826e-01	6.558418e-01	1.763068e+00
197	3.274133e-01	2.090163e-01	2.060088e+00
198	5.586420e-01	4.249729e-01	2.458720e+00
199	4.657558e-01	4.108465e-01	2.463605e+00
200	3.716600e-01	4.035154e-01	1.141671e+00
201	4.825069e-01	5.185744e-01	1.146556e+00
202	4.640265e-01	4.549623e-01	1.395701e+00
203	4.524265e-01	4.978332e-01	1.755252e+00
204	4.994763e-01	5.530281e-01	2.901319e+00
205	5.033393e-01	3.197847e-01	2.123596e+00
206	3.856972e-01	4.106951e-01	1.652662e+00
207	4.708112e-01	4.742807e-01	1.199316e+00
208	4.711927e-01	4.765654e-01	2.170493e+00
209	4.408506e-01	3.633829e-01	2.733268e+00
210	5.190273e-01	6.611836e-01	1.545188e+00
211	4.578465e-01	4.981680e-01	1.376160e+00
212	4.818696e-01	5.168645e-01	1.621397e+00
213	4.758735e-01	5.261891e-01	1.883244e+00
214	4.671489e-01	5.325299e-01	1.612604e+00
215	4.934713e-01	4.975049e-01	2.909135e+00
216	4.786845e-01	5.104844e-01	1.354665e+00
217	4.925629e-01	5.218792e-01	2.770396e+00
218	5.594642e-01	5.793061e-01	2.148999e+00
219	4.925359e-01	4.696666e-01	2.624817e+00
220	5.174190e-01	5.055578e-01	2.697118e+00
221	4.421841e-01	5.278153e-01	1.938935e+00
222	6.385876e-01	5.058984e-01	1.854910e+00
223	4.340452e-01	3.269881e-01	2.625794e+00
224	4.540994e-01	7.035852e-01	2.984367e+00
225	4.707285e-01	6.372408e-01	2.693210e+00
226	4.775418e-01	5.320411e-01	2.276014e+00
227	4.980097e-01	4.726324e-01	1.245237e+00
228	4.722898e-01	5.098208e-01	1.489497e+00
229	4.730018e-01	5.164350e-01	2.305325e+00
230	4.765902e-01	5.264205e-01	2.689301e+00
231	4.990162e-01	5.559793e-01	1.346849e+00
232	4.413347e-01	4.336996e-01	2.447973e+00
233	4.565605e-01	5.733628e-01	1.591109e+00
234	3.245352e-01	4.895721e-01	1.931119e+00
235	4.653342e-01	5.098019e-01	2.687347e+00
236	4.760464e-01	5.191422e-01	2.787982e+00
237	4.807601e-01	5.360923e-01	1.510015e+00
238	4.856743e-01	5.296971e-01	2.193942e+00
239	4.980979e-01	5.688460e-01	2.918906e+00
240	4.636526e-01	6.033892e-01	1.734734e+00
241	4.985592e-01	4.521940e-01	1.119199e+00
242	4.236598e-01	4.967718e-01	1.631168e+00
243	4.689948e-01	6.048896e-01	1.258915e+00
244	5.009250e-01	5.772194e-01	2.458720e+00
245	4.982422e-01	4.845160e-01	2.134343e+00
246	4.718878e-01	5.272936e-01	2.662921e+00
247	4.621302e-01	4.749753e-01	2.924768e+00
248	5.224318e-01	6.827517e-01	2.983390e+00
249	6.842649e-01	8.494013e-02	2.305325e+00
250	6.439198e-01	2.602178e-01	2.763556e+00
251	6.406421e-01	1.540283e-01	2.374695e+00
252	4.462278e-01	5.053547e-01	1.703468e+00
253	5.373015e-01	6.782169e-01	1.246214e+00
254	4.640461e-01	6.012973e-01	2.925745e+00
255	4.799181e-01	4.952969e-01	1.857841e+00
256	4.799998e-01	5.204398e-01	2.601368e+00
257	4.788804e-01	5.741740e-01	2.413776e+00
258	4.950801e-01	5.198787e-01	2.569126e+00
259	3.444477e-01	4.963033e-01	1.865657e+00
260	4.763928e-01	5.247040e-01	2.574988e+00
261	4.750380e-01	5.487852e-01	1.598925e+00
262	4.129682e-01	5.182475e-01	2.264289e+00
263	3.477578e-01	6.306803e-01	1.176844e+00
264	4.802174e-01	7.251817e-01	1.061553e+00
265	4.689917e-01	4.923413e-01	2.526136e+00
266	4.833476e-01	4.529261e-01	1.928188e+00
267	5.229762e-01	5.843495e-01	2.006351e+00
268	4.848741e-01	5.993922e-01	1.041036e+00
269	6.080837e-01	6.364940e-01	1.793356e+00
270	4.840107e-01	3.804218e-01	1.860772e+00
271	4.416137e-01	5.797082e-01	1.389839e+00
272	4.770086e-01	5.331171e-01	1.052760e+00
273	4.857249e-01	3.798627e-01	1.156326e+00
274	3.846141e-01	3.150140e-01	1.981925e+00
275	6.365818e-01	7.031621e-01	2.256473e+00
276	4.741810e-01	4.897447e-01	2.368832e+00
277	5.022603e-01	5.107087e-01	2.024915e+00
278	6.444819e-01	7.017898e-01	1.266732e+00
279	4.451653e-01	4.782779e-01	1.348803e+00
280	4.104124e-01	3.826893e-01	2.472399e+00
281	3.685106e-01	6.347184e-01	2.288715e+00
282	4.975188e-01	5.930557e-01	2.745970e+00
283	4.742562e-01	4.546694e-01	2.490962e+00
284	3.982935e-01	3.403378e-01	2.515388e+00
285	3.947629e-01	3.874288e-01	1.545188e+00
286	4.766005e-01	5.457583e-01	2.662921e+00
287	4.739733e-01	5.962573e-01	2.264289e+00
288	4.846404e-01	5.501972e-01	2.905227e+00
289	4.581805e-01	3.813080e-01	1.058622e+00
290	5.368952e-01	5.006021e-01	2.152907e+00
291	7.123732e-01	1.168464e-01	2.784074e+00
292	4.760666e-01	5.263489e-01	2.445042e+00
293	2.926013e-01	4.132063e-01	2.852467e+00
294	4.977966e-01	5.930267e-01	2.070835e+00
295	5.257795e-01	5.996818e-01	1.406448e+00
296	4.406390e-01	6.910176e-01	1.751343e+00
297	4.319676e-01	4.507845e-01	2.077675e+00
298	3.524313e-01	4.440489e-01	1.601856e+00
299	4.831952e-01	5.366056e-01	2.048363e+00
300	4.521986e-01	3.881332e-01	2.781143e+00
301	4.749503e-01	5.211164e-01	2.779189e+00
302	4.726229e-01	4.234722e-01	2.617978e+00
303	4.883408e-01	3.191767e-01	1.698583e+00
304	3.475823e-01	4.479815e-01	1.948705e+00
305	4.786718e-01	5.242546e-01	1.416219e+00
306	3.955434e-01	3.691415e-01	1.745481e+00
307	4.738921e-01	5.361220e-01	2.291646e+00
308	7.822403e-02	4.015100e-01	1.868588e+00
309	4.672532e-01	5.218433e-01	2.511480e+00
310	4.708096e-01	5.444671e-01	2.596483e+00
311	4.819511e-01	5.005151e-01	2.855398e+00
312	4.684873e-01	5.324093e-01	1.312653e+00
313	4.894878e-01	3.604697e-01	1.787494e+00
314	4.738213e-01	5.284225e-01	2.252565e+00
315	4.735190e-01	5.948464e-01	1.978017e+00
316	4.751522e-01	5.633272e-01	2.965804e+00
317	4.745040e-01	4.958925e-01	2.221299e+00
318	4.785490e-01	5.003003e-01	1.701514e+00
319	4.852608e-01	4.260267e-01	1.135809e+00
320	4.702317e-01	5.415662e-01	2.997069e+00
321	6.893224e-01	8.252374e-02	2.470445e+00
322	4.143431e-01	3.329884e-01	2.362970e+00
323	4.761694e-01	5.435740e-01	2.553493e+00
324	4.528274e-01	5.839205e-01	1.347826e+00
325	1.928539e-01	8.450611e-02	2.896434e+00
326	4.679802e-01	5.190583e-01	1.857841e+00
327	3.602893e-01	4.659437e-01	1.669272e+00
328	4.867811e-01	4.954829e-01	1.726917e+00
329	4.550688e-01	4.931207e-01	2.604299e+00
330	4.647574e-01	5.296421e-01	2.089399e+00
331	4.373362e-01	5.390201e-01	1.552027e+00
332	4.712798e-01	5.214778e-01	1.769907e+00
333	4.791759e-01	4.555005e-01	1.382022e+00
334	4.913567e-01	3.456954e-01	2.510503e+00
335	4.354549e-01	5.263043e-01	1.640938e+00
336	4.788917e-01	5.408650e-01	2.933561e+00
337	4.836218e-01	6.084271e-01	1.033219e+00
338	4.588803e-01	5.016252e-01	1.408403e+00
339	4.664741e-01	5.033060e-01	2.767465e+00
340	4.784565e-01	5.242745e-01	1.526624e+00
341	4.718551e-01	3.745183e-01	1.456277e+00
342	4.567141e-01	5.011337e-01	1.054714e+00
343	4.563741e-01	6.188849e-01	2.601368e+00
344	3.752079e-01	3.063070e-01	2.193942e+00
345	7.803317e-01	2.025352e-01	2.321935e+00
346	4.649372e-01	4.744200e-01	1.564729e+00
347	4.769103e-01	5.295242e-01	1.679043e+00
348	4.241784e-01	3.896058e-01	2.034685e+00
349	4.624305e-01	4.965904e-01	2.564240e+00
350	4.992166e-01	5.586829e-01	2.311187e+00
351	3.993230e-01	6.582994e-01	1.297997e+00
352	4.675606e-01	4.926524e-01	2.873962e+00
353	3.883920e-01	6.469874e-01	2.202736e+00
354	4.734148e-01	5.161872e-01	2.653151e+00
355	4.025217e-01	3.879103e-01	2.461651e+00
356	4.774445e-01	5.104432e-01	1.679043e+00
357	4.848314e-01	4.885331e-01	2.991207e+00
358	4.505003e-01	3.862593e-01	2.857352e+00
359	4.807883e-01	6.606348e-01	1.913532e+00
360	5.223302e-01	6.258110e-01	1.216903e+00
361	3.554047e-01	6.722532e-01	1.214949e+00
362	5.556584e-01	6.343222e-01	1.005862e+00
363	4.674524e-01	5.258966e-01	2.227162e+00
364	4.929953e-01	5.229333e-01	1.723009e+00
365	4.307748e-01	7.863268e-01	1.491451e+00
366	3.130091e-01	4.751280e-01	1.692721e+00
367	4.568860e-01	5.442677e-01	1.154372e+00
368	4.651696e-01	5.102031e-01	1.851001e+00
369	4.772635e-01	5.232852e-01	2.418661e+00
370	5.344489e-01	5.919704e-01	1.874450e+00
371	4.442743e-01	5.645545e-01	1.591109e+00
372	5.095954e-01	5.281607e-01	2.199805e+00
373	5.527521e-01	6.087793e-01	2.208598e+00
374	4.454026e-01	5.984628e-01	1.322423e+00
375	4.854308e-01	3.152566e-01	2.361016e+00
376	4.589560e-01	5.502781e-01	1.815828e+00
377	4.758132e-01	5.179015e-01	1.328285e+00
378	4.658719e-01	5.051181e-01	1.883244e+00
379	8.162814e-01	9.084419e-01	1.599902e+00
380	4.520812e-01	5.762319e-01	2.343429e+00
381	4.628532e-01	5.059767e-01	1.835369e+00
382	1.689249e-01	8.298391e-01	1.065462e+00
383	6.516526e-01	4.888952e-01	1.698583e+00
384	3.600531e-01	3.676617e-01	2.761602e+00
385	6.260026e-01	4.605042e-01	1.961407e+00
386	3.574910e-01	4.731161e-01	2.449927e+00
387	4.973767e-01	5.585507e-01	2.669761e+00
388	4.712940e-01	4.006120e-01	2.597460e+00
389	4.776515e-01	5.451555e-01	2.960918e+00
390	4.754737e-01	5.472737e-01	1.655594e+00
391	4.832718e-01	4.251852e-01	2.572057e+00
392	4.805775e-01	5.154923e-01	1.234489e+00
393	4.420284e-01	5.279848e-01	1.607719e+00
394	4.655604e-01	5.186718e-01	2.643381e+00
395	3.711522e-01	6.947720e-01	1.233512e+00
396	2.360089e-01	3.869614e-01	2.058134e+00
397	5.763158e-01	5.223504e-01	1.083048e+00
398	3.049796e-01	4.102489e-01	2.453835e+00
399	4.150657e-01	4.673380e-01	2.169516e+00
400	4.999753e-01	5.770582e-01	1.634099e+00
401	3.827492e-01	6.200103e-01	1.314607e+00
402	4.609414e-01	4.911657e-01	2.292623e+00
403	5.243987e-01	6.039971e-01	1.759160e+00
404	5.277779e-01	6.303159e-01	2.942355e+00
405	4.970817e-01	6.338104e-01	1.358574e+00
406	4.926200e-01	5.627682e-01	1.474841e+00
407	3.455814e-01	2.507215e-01	2.850513e+00
408	6.526433e-01	4.655420e-01	2.543723e+00
409	4.812535e-01	5.305158e-01	1.170005e+00
410	4.691219e-01	5.481638e-01	2.011236e+00
411	4.564014e-01	5.001344e-01	2.982413e+00
412	1.794757e-01	4.435896e-01	1.578407e+00
413	4.913396e-01	6.771447e-01	2.904250e+00
414	4.808641e-01	5.218693e-01	2.948217e+00
415	4.787444e-01	5.174513e-01	1.856864e+00
416	4.807284e-01	4.275888e-01	1.780655e+00
417	4.644039e-01	5.177134e-01	1.223742e+00
418	4.888624e-01	4.865856e-01	2.928676e+00
419	4.636336e-01	5.447055e-01	1.055691e+00
420	4.919993e-01	4.997686e-01	2.823156e+00
421	4.757322e-01	5.252287e-01	2.886663e+00
422	4.705237e-01	5.273367e-01	1.391793e+00
423	4.026406e-01	6.142385e-01	1.467025e+00
424	4.737564e-01	4.565883e-01	1.512946e+00
425	3.473547e-01	2.224804e-01	1.960430e+00
426	3.510635e-01	2.193234e-01	2.254519e+00
427	4.269294e-01	3.298881e-01	2.899365e+00
428	5.030331e-01	5.397016e-01	1.247191e+00
429	4.586136e-01	5.121767e-01	1.802149e+00
430	4.784758e-01	5.347330e-01	1.663410e+00
431	4.177949e-01	3.397741e-01	2.556424e+00
432	3.522994e-01	2.334405e-01	2.947240e+00
433	4.462563e-01	5.142661e-01	2.475330e+00
434	4.662260e-01	5.959452e-01	2.923791e+00
435	6.240257e-01	6.157243e-01	2.906204e+00
436	6.791482e-02	8.925823e-01	2.668784e+00
437	4.712283e-01	4.760810e-01	2.476307e+00
438	5.555386e-01	5.951908e-01	2.065950e+00
439	4.761147e-01	5.234492e-01	1.983879e+00
440	4.756129e-01	5.894626e-01	1.637030e+00
441	6.450215e-01	4.879177e-01	1.338056e+00
442	5.001365e-01	4.314255e-01	2.406937e+00
443	3.095602e-01	4.942313e-01	1.422081e+00
444	4.649632e-01	5.422317e-01	2.956033e+00
445	4.719940e-01	5.086835e-01	2.601368e+00
446	4.827379e-01	7.001012e-01	1.846116e+00
447	4.802817e-01	5.419867e-01	1.264778e+00
448	4.748283e-01	6.297330e-01	1.119199e+00
449	4.802317e-01	4.286941e-01	1.956522e+00
450	3.097034e-01	4.214521e-01	2.971666e+00
451	4.797623e-01	5.213399e-01	2.149976e+00
452	4.944486e-01	4.462433e-01	1.574499e+00
453	4.764501e-01	6.192134e-01	1.775769e+00
454	8.978564e-01	6.353448e-01	1.542257e+00
455	4.671120e-01	4.985670e-01	2.984367e+00
456	4.841664e-01	5.732171e-01	1.577430e+00
457	5.795070e-01	5.069552e-01	2.955056e+00
458	4.606161e-01	4.779714e-01	2.865169e+00
459	4.603164e-01	6.531254e-01	1.672203e+00
460	6.462798e-01	6.962142e-01	1.198339e+00
461	3.851700e-01	3.965911e-01	2.513434e+00
462	4.576614e-01	6.241850e-01	1.853933e+00
463	5.018058e-01	4.718500e-01	2.858329e+00
464	3.613890e-01	4.741186e-01	1.574499e+00
465	4.383323e-01	4.486404e-01	1.432829e+00
466	4.632350e-01	5.243685e-01	1.500244e+00
467	4.965679e-01	3.513037e-01	1.323400e+00
468	4.626789e-01	5.309356e-01	2.147044e+00
469	4.938028e-01	4.904137e-01	2.698095e+00
470	4.886804e-01	5.269144e-01	1.364436e+00
471	4.602659e-01	7.055805e-01	2.076698e+00
472	4.726105e-01	5.143097e-01	2.011236e+00
473	5.245942e-01	6.319092e-01	1.215926e+00
474	4.769770e-01	5.150306e-01	2.299463e+00
475	4.708177e-01	5.785319e-01	1.683928e+00
476	4.458384e-01	5.159891e-01	2.081583e+00
477	5.109274e-01	4.849861e-01	2.350269e+00
478	3.065358e-01	2.855265e-01	2.728383e+00
479	4.811520e-01	6.711004e-01	1.194431e+00
480	5.430106e-01	6.461546e-01	2.515388e+00
481	3.620985e-01	6.673134e-01	1.865657e+00
482	4.239316e-01	3.944198e-01	1.802149e+00
483	4.829138e-01	5.240511e-01	1.367367e+00
484	4.654748e-01	5.443327e-01	1.148510e+00
485	5.239025e-01	6.322496e-01	2.427455e+00
486	5.052119e-01	6.469216e-01	2.196873e+00
487	4.548252e-01	5.859906e-01	2.386419e+00
488	4.817558e-01	4.583740e-01	1.294089e+00
489	4.991093e-01	4.973250e-01	1.687836e+00
490	4.343704e-01	4.508096e-01	1.146556e+00
491	5.721836e-01	4.212839e-01	1.597948e+00
492	4.261217e-01	4.589879e-01	2.412799e+00
493	4.818838e-01	3.884731e-01	1.227650e+00
494	5.331651e-01	6.378643e-01	2.522228e+00
495	4.808015e-01	4.773989e-01	1.437714e+00
496	4.562436e-01	4.633683e-01	1.523693e+00
497	5.624222e-01	6.326860e-01	1.221788e+00
498	4.549932e-01	4.540468e-01	1.652662e+00
499	5.525898e-01	6.502606e-01	1.269663e+00
500	4.642783e-01	5.184877e-01	2.967758e+00
501	4.691864e-01	5.234532e-01	2.546654e+00
502	3.569432e-01	5.123033e-01	1.818759e+00
503	4.740502e-01	4.504148e-01	1.919394e+00
504	4.920450e-01	5.230903e-01	2.563263e+00
505	4.993558e-01	6.875012e-01	1.451392e+00
506	3.799097e-01	5.571428e-01	1.718124e+00
507	4.671161e-01	4.953110e-01	1.207132e+00
508	4.792216e-01	5.127567e-01	1.236444e+00
509	5.096034e-01	4.466864e-01	2.622863e+00
510	3.225866e-01	4.696748e-01	2.549585e+00
511	4.657020e-01	5.176737e-01	2.966781e+00
512	6.063524e-01	6.224306e-01	2.395213e+00
513	4.349343e-01	5.755921e-01	1.534441e+00
514	4.774751e-01	3.596960e-01	1.550073e+00
515	4.520556e-01	4.472787e-01	1.610650e+00
516	5.608069e-01	4.114132e-01	1.612604e+00
517	4.708259e-01	5.336151e-01	1.086957e+00
518	5.579070e-01	5.789412e-01	2.282853e+00
519	1.312329e-01	9.554876e-02	1.573522e+00
520	4.647400e-01	5.212927e-01	2.497802e+00
521	4.881553e-01	5.418658e-01	1.752320e+00
522	3.702070e-01	3.153033e-01	1.589155e+00
523	4.771246e-01	5.133260e-01	1.209086e+00
524	4.543229e-01	4.416439e-01	2.755740e+00
525	6.280137e-01	4.870498e-01	1.499267e+00
526	4.773848e-01	5.427920e-01	1.014656e+00
527	5.414627e-01	7.468553e-01	2.891549e+00
528	4.745599e-01	5.402085e-01	2.478261e+00
529	4.823299e-01	5.075856e-01	1.898876e+00
530	4.929237e-01	5.222062e-01	1.188569e+00
531	4.792500e-01	5.245414e-01	2.785051e+00
532	4.745452e-01	5.206942e-01	2.945286e+00
533	4.890074e-01	5.033495e-01	2.458720e+00
534	4.973728e-01	4.829682e-01	2.673669e+00
535	4.498440e-01	5.109228e-01	1.399609e+00
536	4.949595e-01	4.699381e-01	2.604299e+00
537	4.686616e-01	5.230148e-01	1.529555e+00
538	4.770523e-01	5.169306e-01	2.823156e+00
539	4.658049e-01	4.329571e-01	2.826087e+00
540	4.739765e-01	4.800196e-01	2.844651e+00
541	4.072402e-01	5.293434e-01	2.290669e+00
542	4.978188e-01	4.994597e-01	2.570103e+00
543	5.064402e-01	4.774630e-01	2.396190e+00
544	4.146893e-01	4.945613e-01	1.318515e+00
545	4.543117e-01	5.584443e-01	2.605276e+00
546	4.524892e-01	5.206814e-01	2.683439e+00
547	3.377696e-01	4.392064e-01	1.587201e+00
548	5.095914e-01	6.533404e-01	1.375183e+00
549	4.972090e-01	4.744520e-01	2.298486e+00
550	4.396720e-01	3.805235e-01	1.285296e+00
551	4.774903e-01	5.241867e-01	2.983390e+00
552	6.706570e-01	5.734502e-01	1.195408e+00
553	4.855084e-01	5.241438e-01	2.414753e+00
554	3.882091e-01	6.242883e-01	1.843185e+00
555	2.887794e-01	4.830716e-01	2.396190e+00
556	3.334789e-01	5.146904e-01	3.000000e+00
557	4.708197e-01	5.442195e-01	2.728383e+00
558	2.495284e-01	4.570133e-01	1.133854e+00
559	4.742862e-01	5.241334e-01	1.944797e+00
560	4.968940e-01	4.789041e-01	2.883732e+00
561	4.580958e-01	6.255413e-01	2.383488e+00
562	6.130320e-01	4.773420e-01	2.506595e+00
563	4.687120e-01	4.894901e-01	1.786517e+00
564	3.999976e-01	4.931387e-01	2.893503e+00
565	4.838019e-01	5.262222e-01	2.981436e+00
566	4.302381e-01	4.158513e-01	2.663898e+00
567	4.674944e-01	5.296688e-01	2.227162e+00
568	4.588884e-01	5.190293e-01	1.527601e+00
569	5.278315e-01	6.758261e-01	2.610161e+00
570	4.392310e-01	5.588559e-01	1.058622e+00
571	4.726456e-01	5.116657e-01	2.782120e+00
572	3.686314e-01	7.963447e-01	1.518808e+00
573	4.676798e-01	5.314381e-01	2.109917e+00
574	4.736557e-01	4.921763e-01	2.074744e+00
575	4.765920e-01	4.945129e-01	2.319003e+00
576	4.613689e-01	4.363150e-01	1.290181e+00
577	4.905659e-01	4.893306e-01	1.286273e+00
578	4.522122e-01	4.772069e-01	1.881290e+00
579	4.642709e-01	4.955199e-01	1.664387e+00
580	1.926960e-01	9.531366e-01	1.242306e+00
581	4.297776e-01	4.563492e-01	1.927211e+00
582	4.774364e-01	5.213678e-01	2.820225e+00
583	4.710325e-01	4.868483e-01	2.792868e+00
584	4.379862e-01	4.658199e-01	1.201270e+00
585	4.877716e-01	4.233242e-01	1.898876e+00
586	4.779793e-01	5.219721e-01	1.782609e+00
587	4.733360e-01	5.087525e-01	1.561798e+00
588	4.749780e-01	5.182758e-01	2.282853e+00
589	4.830953e-01	5.947059e-01	2.210552e+00
590	4.743665e-01	4.343716e-01	1.020518e+00
591	4.740652e-01	4.849858e-01	1.784563e+00
592	4.742887e-01	5.204357e-01	1.275525e+00
593	4.722934e-01	5.515461e-01	1.212995e+00
594	4.662789e-01	4.004001e-01	2.964827e+00
595	4.734525e-01	4.977041e-01	2.079629e+00
596	5.888238e-01	3.762087e-01	1.187592e+00
597	4.632673e-01	5.370587e-01	1.258915e+00
598	4.813426e-01	5.661886e-01	1.999511e+00
599	4.741418e-01	5.241467e-01	1.264778e+00
600	4.757653e-01	4.702885e-01	1.110405e+00
601	4.166567e-01	3.011331e-01	1.107474e+00
602	4.087306e-01	6.381740e-01	1.070347e+00
603	4.729367e-01	5.113790e-01	2.400098e+00
604	4.765925e-01	5.967001e-01	2.871031e+00
605	4.838350e-01	5.253675e-01	2.739130e+00
606	5.135636e-01	5.294572e-01	2.061065e+00
607	4.599103e-01	5.257841e-01	1.073278e+00
608	4.763215e-01	5.396366e-01	2.799707e+00
609	4.684565e-01	4.669426e-01	2.010259e+00
610	4.541083e-01	5.260505e-01	1.700537e+00
611	4.828059e-01	5.333903e-01	1.339033e+00
612	3.424189e-01	5.016576e-01	2.227162e+00
613	2.914238e-01	4.664590e-01	2.482169e+00
614	4.888818e-01	5.451734e-01	2.958964e+00
615	4.738812e-01	5.755094e-01	1.443576e+00
616	5.225195e-01	5.048526e-01	2.381534e+00
617	4.746217e-01	4.845335e-01	1.971177e+00
618	4.775869e-01	5.105839e-01	2.960918e+00
619	2.269435e-01	5.152196e-02	1.812897e+00
620	3.541518e-01	4.230927e-01	1.170982e+00
621	4.416848e-01	5.666080e-01	1.277479e+00
622	5.699562e-01	3.655005e-01	1.176844e+00
623	4.665089e-01	5.154844e-01	1.636053e+00
624	4.722159e-01	4.250382e-01	2.336590e+00
625	3.923272e-01	5.475102e-01	1.343918e+00
626	4.770368e-01	5.419756e-01	1.905716e+00
627	4.381191e-01	4.449801e-01	1.784563e+00
628	4.767430e-01	5.514041e-01	2.063996e+00
629	4.727458e-01	5.201110e-01	2.497802e+00
630	3.439671e-01	5.112737e-01	2.870054e+00
631	4.883717e-01	5.174996e-01	1.729849e+00
632	5.080054e-01	6.799174e-01	2.290669e+00
633	4.756634e-01	5.187181e-01	2.841720e+00
634	4.739552e-01	5.246998e-01	2.195896e+00
635	4.299835e-01	4.161556e-01	1.601856e+00
636	4.710168e-01	5.967154e-01	2.449927e+00
637	4.683112e-01	5.417132e-01	1.462140e+00
638	4.748286e-01	5.197299e-01	2.041524e+00
639	4.758259e-01	5.189583e-01	2.061065e+00
640	4.710069e-01	4.203212e-01	2.130435e+00
641	4.842054e-01	5.389001e-01	2.205667e+00
642	4.819263e-01	5.304749e-01	2.184172e+00
643	4.284307e-01	4.514317e-01	2.747924e+00
644	5.709363e-01	3.768892e-01	2.909135e+00
645	4.736142e-01	5.331523e-01	2.777235e+00
646	4.916849e-01	5.615556e-01	1.295066e+00
647	4.550226e-01	4.759334e-01	1.050806e+00
648	4.882136e-01	3.438769e-01	1.191500e+00
649	4.690358e-01	4.964611e-01	1.198339e+00
650	4.989618e-01	5.036147e-01	2.656082e+00
651	5.048340e-01	4.752826e-01	1.692721e+00
652	4.825113e-01	5.389427e-01	2.330728e+00
653	4.740226e-01	5.344040e-01	1.906693e+00
654	4.696811e-01	5.411815e-01	2.192965e+00
655	4.591426e-01	5.104215e-01	1.200293e+00
656	4.557437e-01	5.165099e-01	2.361016e+00
657	5.091107e-01	6.702597e-01	2.080606e+00
658	4.659476e-01	5.250051e-01	2.017098e+00
659	5.063081e-01	4.521481e-01	2.191011e+00
660	3.455250e-01	2.473481e-01	1.667318e+00
661	5.081072e-01	6.704753e-01	2.229116e+00
662	6.330979e-01	5.871795e-01	1.188569e+00
663	4.513250e-01	5.786220e-01	2.714704e+00
664	4.528778e-01	4.881671e-01	1.979971e+00
665	5.643787e-01	3.776703e-01	2.954079e+00
666	4.988278e-01	1.028919e-01	1.803127e+00
667	5.054060e-01	4.886150e-01	1.039082e+00
668	1.129345e-01	5.578106e-01	1.893014e+00
669	4.344727e-01	3.254109e-01	1.778701e+00
670	1.923408e-01	9.008387e-01	1.807035e+00
671	4.836729e-01	5.274383e-01	1.102589e+00
672	6.388391e-01	5.653260e-01	1.879336e+00
673	4.715088e-01	5.631768e-01	1.984856e+00
674	4.757518e-01	5.182845e-01	2.238886e+00
675	4.745592e-01	4.940374e-01	2.868100e+00
676	4.675901e-01	5.306090e-01	2.748901e+00
677	5.445800e-01	6.845539e-01	1.578407e+00
678	4.713619e-01	4.696431e-01	1.621397e+00
679	4.699526e-01	5.251578e-01	2.657059e+00
680	4.953153e-01	5.508537e-01	2.404983e+00
681	4.504202e-01	4.154809e-01	2.272106e+00
682	5.000033e-01	5.472712e-01	1.463117e+00
683	4.632995e-01	4.972253e-01	2.316072e+00
684	4.827415e-01	5.272347e-01	2.334636e+00
685	5.002851e-01	5.144307e-01	1.365413e+00
686	5.835818e-01	3.768401e-01	2.105032e+00
687	5.186180e-01	4.056613e-01	1.339033e+00
688	4.522852e-01	5.095353e-01	2.932584e+00
689	4.767209e-01	5.161715e-01	2.378603e+00
690	4.755774e-01	5.246271e-01	1.833415e+00
691	3.293585e-01	5.194050e-01	1.663410e+00
692	4.551153e-01	4.968219e-01	2.251588e+00
693	5.791727e-01	3.864732e-01	1.766976e+00
694	4.055653e-01	4.005210e-01	1.575476e+00
695	3.790034e-01	6.964644e-01	2.771373e+00
696	4.660721e-01	5.112307e-01	2.787005e+00
697	4.732648e-01	5.296395e-01	1.959453e+00
698	4.892139e-01	4.656843e-01	2.187103e+00
699	4.761434e-01	5.251435e-01	2.430386e+00
700	4.863819e-01	6.616570e-01	2.679531e+00
701	4.945922e-01	5.375846e-01	2.191988e+00
702	4.904520e-01	6.649220e-01	2.945286e+00
703	4.923919e-01	5.216283e-01	2.793845e+00
704	4.538119e-01	5.450631e-01	2.132389e+00
705	5.167878e-01	6.034080e-01	1.627259e+00
706	4.688963e-01	5.220710e-01	1.623351e+00
707	4.837209e-01	4.899004e-01	2.772350e+00
708	4.717900e-01	5.177016e-01	1.552027e+00
709	5.930276e-01	5.009157e-01	1.180752e+00
710	4.928666e-01	5.719302e-01	1.632145e+00
711	1.280997e-01	1.621549e-01	1.680997e+00
712	4.438573e-01	3.768352e-01	2.828041e+00
713	6.251392e-01	4.421426e-01	1.703468e+00
714	3.883364e-01	6.714881e-01	1.471910e+00
715	4.771736e-01	5.248028e-01	2.368832e+00
716	4.731817e-01	4.996627e-01	1.961407e+00
717	4.749807e-01	5.234090e-01	1.756229e+00
718	4.352836e-01	4.840160e-01	2.987298e+00
719	4.681228e-01	5.251027e-01	2.332682e+00
720	4.906642e-01	5.264351e-01	1.097704e+00
721	4.861756e-01	3.429544e-01	1.954568e+00
722	4.760640e-01	5.248142e-01	1.704446e+00
723	4.758289e-01	5.195515e-01	1.853933e+00
724	4.916596e-01	6.688324e-01	2.829995e+00
725	4.915672e-01	5.217827e-01	2.232047e+00
726	4.566370e-01	4.893437e-01	2.587689e+00
727	6.359578e-01	4.980933e-01	2.698095e+00
728	4.714012e-01	3.856088e-01	1.896922e+00
729	4.713230e-01	6.442168e-01	1.212995e+00
730	3.464245e-01	5.030417e-01	1.502198e+00
731	4.778252e-01	5.158761e-01	2.614069e+00
732	5.308715e-01	6.409353e-01	2.880801e+00
733	4.871972e-01	5.191167e-01	1.956522e+00
734	4.862237e-01	6.896757e-01	2.745970e+00
735	1.694126e-01	9.223463e-01	1.179775e+00
736	5.401636e-01	5.919097e-01	1.935027e+00
737	4.499785e-01	5.196910e-01	1.975085e+00
738	4.627178e-01	4.727941e-01	1.067416e+00
739	5.348279e-01	5.862725e-01	2.024915e+00
740	4.067255e-01	3.973997e-01	2.810454e+00
741	4.579214e-01	5.080207e-01	2.428432e+00
742	4.596759e-01	5.354558e-01	1.957499e+00
743	4.891890e-01	3.425348e-01	2.306302e+00
744	4.884538e-01	5.122283e-01	2.557401e+00
745	4.797563e-01	5.208969e-01	1.243283e+00
746	4.534746e-01	5.638556e-01	2.429409e+00
747	4.901070e-01	5.235999e-01	2.523205e+00
748	5.029230e-01	6.773533e-01	2.842697e+00
749	4.755510e-01	5.248720e-01	2.247680e+00
750	5.085517e-01	5.462140e-01	2.000489e+00
751	4.805031e-01	5.047426e-01	2.446019e+00
752	4.732734e-01	5.146390e-01	2.360039e+00
753	3.761662e-01	4.170238e-01	2.567171e+00
754	4.803523e-01	5.268305e-01	2.415730e+00
755	4.633896e-01	4.953384e-01	1.989741e+00
756	4.642212e-01	5.207056e-01	2.908158e+00
757	4.581498e-01	6.233549e-01	2.731314e+00
758	4.749430e-01	5.150281e-01	2.544700e+00
759	4.749323e-01	5.207071e-01	2.890572e+00
760	4.707200e-01	5.210008e-01	1.654617e+00
761	4.738828e-01	5.154918e-01	1.008793e+00
762	4.563587e-01	4.850342e-01	1.260870e+00
763	4.678934e-01	4.424625e-01	1.347826e+00
764	4.831312e-01	5.141135e-01	1.325354e+00
765	4.852195e-01	5.082497e-01	1.420127e+00
766	4.851325e-01	5.242534e-01	2.845628e+00
767	4.846909e-01	5.472081e-01	1.853933e+00
768	4.804215e-01	5.169909e-01	1.303859e+00
769	5.749793e-01	6.690758e-01	1.294089e+00
770	2.424505e-01	6.379397e-01	1.675134e+00
771	4.639707e-01	5.657583e-01	2.417684e+00
772	4.798584e-01	4.797412e-01	2.053249e+00
773	4.796336e-01	5.344311e-01	1.276502e+00
774	4.565252e-01	4.944825e-01	2.779189e+00
775	4.116865e-01	4.150050e-01	1.984856e+00
776	3.805413e-01	6.054694e-01	2.295554e+00
777	4.770201e-01	5.259406e-01	1.652662e+00
778	4.740898e-01	5.162287e-01	2.464582e+00
779	4.782698e-01	5.159255e-01	1.763068e+00
780	4.759177e-01	4.192234e-01	2.026869e+00
781	5.339706e-01	6.826704e-01	1.160234e+00
782	6.190864e-01	4.500038e-01	2.302394e+00
783	4.577583e-01	4.929240e-01	1.384954e+00
784	4.660657e-01	6.009388e-01	2.598437e+00
785	5.544527e-01	4.514499e-01	2.130435e+00
786	4.740560e-01	5.292631e-01	1.690767e+00
787	4.868039e-01	5.251145e-01	1.940889e+00
788	4.808481e-01	5.429954e-01	2.099170e+00
