789
0	5.698521e-01	5.016244e-01	1.398632e+00
1	5.682565e-01	4.019326e-01	1.108451e+00
2	4.546381e-01	4.944862e-01	2.925745e+00
3	4.794660e-01	5.397163e-01	2.732291e+00
4	5.550091e-01	5.754940e-01	1.257938e+00
5	5.155350e-01	5.733997e-01	2.424524e+00
6	4.300467e-01	4.112701e-01	1.383000e+00
7	4.905002e-01	5.041665e-01	2.705911e+00
8	4.887786e-01	5.258101e-01	2.442110e+00
9	4.696626e-01	5.029189e-01	2.233024e+00
10	4.412929e-01	4.347324e-01	2.376649e+00
11	4.781235e-01	5.290239e-01	1.556913e+00
12	5.660835e-01	6.472292e-01	2.950171e+00
13	5.214859e-01	3.765650e-01	1.066439e+00
14	4.627530e-01	5.086601e-01	1.626282e+00
15	6.007951e-01	2.923729e-01	1.306790e+00
16	4.634223e-01	5.035698e-01	2.902296e+00
17	4.679384e-01	6.278009e-01	1.195408e+00
18	5.344301e-01	5.548581e-01	1.785540e+00
19	4.758241e-01	5.229572e-01	1.248168e+00
20	4.990347e-01	4.973552e-01	1.863703e+00
21	4.408678e-01	4.179650e-01	2.671715e+00
22	4.559057e-01	4.911836e-01	2.487054e+00
23	5.771814e-01	5.650696e-01	1.946751e+00
24	5.048241e-01	4.505117e-01	1.303859e+00
25	3.069051e-01	1.564590e-01	2.152907e+00
26	4.800579e-01	5.129833e-01	1.388862e+00
27	4.537447e-01	4.846180e-01	1.591109e+00
28	5.014949e-01	5.505366e-01	2.205667e+00
29	4.377371e-01	4.845066e-01	2.181241e+00
30	3.685980e-01	5.072715e-01	1.475818e+00
31	3.952216e-01	4.893256e-01	2.309233e+00
32	4.716153e-01	5.107151e-01	2.073766e+00
33	5.405471e-01	6.888291e-01	2.331705e+00
34	4.917186e-01	5.403059e-01	1.126038e+00
35	5.209028e-01	6.176160e-01	2.235955e+00
36	5.001990e-01	3.062320e-01	2.805569e+00
37	4.756721e-01	3.672546e-01	2.555447e+00
38	4.710390e-01	5.281511e-01	2.559355e+00
39	4.749995e-01	5.244706e-01	1.895945e+00
40	4.912006e-01	5.955283e-01	1.282364e+00
41	4.600151e-01	4.890174e-01	2.750855e+00
42	4.593289e-01	5.038802e-01	2.412799e+00
43	4.859224e-01	5.135243e-01	2.557401e+00
44	3.317353e-01	4.026187e-01	1.648754e+00
45	3.861100e-01	5.055321e-01	1.721055e+00
46	5.004278e-01	5.817560e-01	2.588666e+00
47	4.616391e-01	5.146897e-01	1.525647e+00
48	4.583885e-01	5.037643e-01	2.751832e+00
49	6.160287e-01	6.167015e-01	2.625794e+00
50	5.238149e-01	6.315630e-01	1.663410e+00
51	4.610719e-01	5.030637e-01	2.560332e+00
52	4.673695e-01	5.201005e-01	1.696629e+00
53	4.539731e-01	5.032930e-01	1.506106e+00
54	4.579857e-01	4.978782e-01	2.675623e+00
55	4.755644e-01	4.091198e-01	2.497802e+00
56	4.494661e-01	4.377826e-01	1.031265e+00
57	5.409062e-01	5.768113e-01	2.361993e+00
58	4.825841e-01	4.410954e-01	1.866634e+00
59	4.605769e-01	1.206393e-01	2.930630e+00
60	4.316017e-01	1.510942e-01	1.503175e+00
61	4.593173e-01	5.537359e-01	2.449927e+00
62	4.524972e-01	4.945330e-01	2.831949e+00
63	4.662135e-01	4.921798e-01	2.317049e+00
64	4.380129e-01	4.657725e-01	2.353200e+00
65	4.653430e-01	5.011844e-01	2.575965e+00
66	5.138332e-01	5.142113e-01	2.922814e+00
67	4.496772e-01	4.408323e-01	2.289692e+00
68	4.526389e-01	5.478148e-01	2.766488e+00
69	3.338352e-01	4.715396e-01	1.522716e+00
70	5.173640e-01	5.703155e-01	2.769419e+00
71	4.574496e-01	4.749155e-01	1.110405e+00
72	4.975426e-01	5.750928e-01	1.412311e+00
73	3.903934e-01	5.056203e-01	1.951637e+00
74	5.347748e-01	4.218302e-01	1.449438e+00
75	7.547189e-01	6.370968e-01	2.176356e+00
76	5.243316e-01	6.327888e-01	1.212995e+00
77	4.576232e-01	5.229947e-01	1.872496e+00
78	4.787124e-01	5.185757e-01	1.606742e+00
79	3.524529e-01	4.111711e-01	1.183683e+00
80	4.424141e-01	4.707333e-01	2.736199e+00
81	4.654694e-01	4.999918e-01	1.617489e+00
82	4.450673e-01	4.893329e-01	2.456766e+00
83	4.516258e-01	4.999751e-01	1.406448e+00
84	5.575535e-01	5.486135e-01	2.453835e+00
85	4.618376e-01	4.944996e-01	2.712750e+00
86	4.682601e-01	5.141637e-01	2.877870e+00
87	4.291528e-01	2.512285e-01	1.533464e+00
88	4.896508e-01	7.244508e-01	2.169516e+00
89	5.946197e-01	7.102379e-01	2.483146e+00
90	4.326223e-01	4.109290e-01	1.538349e+00
91	4.747679e-01	4.879451e-01	1.117245e+00
92	4.657351e-01	5.000702e-01	2.709819e+00
93	4.862353e-01	4.770229e-01	2.929653e+00
94	4.612084e-01	3.886983e-01	2.125550e+00
95	5.142288e-01	3.740235e-01	2.148999e+00
96	4.756146e-01	5.168067e-01	1.206155e+00
97	8.351020e-02	6.301751e-01	2.689301e+00
98	4.675630e-01	5.147550e-01	1.997557e+00
99	4.343301e-01	5.062280e-01	1.753298e+00
100	4.763884e-01	5.015362e-01	1.491451e+00
101	4.646989e-01	5.045805e-01	2.381534e+00
102	5.102785e-01	5.919396e-01	1.837323e+00
103	4.632409e-01	6.206192e-01	2.723498e+00
104	2.646368e-01	3.448864e-01	1.216903e+00
105	4.559690e-01	4.717905e-01	1.385931e+00
106	7.402605e-01	7.964002e-01	1.094773e+00
107	4.800530e-01	5.309290e-01	1.887152e+00
108	4.550147e-01	3.892059e-01	1.869565e+00
109	5.374129e-01	4.424187e-01	2.657059e+00
110	5.666165e-01	5.877227e-01	1.905716e+00
111	4.295184e-01	5.291807e-01	2.319980e+00
112	5.389316e-01	8.810650e-01	1.549096e+00
113	2.111048e-01	4.306723e-01	1.155349e+00
114	4.785694e-01	5.155213e-01	1.261847e+00
115	5.353767e-01	5.655042e-01	1.308745e+00
116	4.823535e-01	5.013783e-01	1.148510e+00
117	4.921178e-01	5.701935e-01	1.865657e+00
118	4.791723e-01	5.461736e-01	2.988276e+00
119	3.971757e-01	4.753424e-01	1.479726e+00
120	4.847762e-01	5.411258e-01	2.095261e+00
121	4.674096e-01	6.358969e-01	2.442110e+00
122	5.125216e-01	4.051082e-01	1.070347e+00
123	4.759970e-01	4.771802e-01	1.417196e+00
124	4.618865e-01	4.955535e-01	2.817294e+00
125	3.772633e-01	1.277968e-01	1.164143e+00
126	4.648075e-01	6.214253e-01	2.738153e+00
127	4.921116e-01	5.424862e-01	2.338544e+00
128	5.013980e-01	2.249916e-01	1.282364e+00
129	4.580282e-01	5.138324e-01	2.676600e+00
130	5.016400e-01	2.271857e-01	2.443087e+00
131	6.922345e-01	2.433544e-01	2.375672e+00
132	4.049316e-01	6.746485e-01	1.220811e+00
133	7.294243e-01	6.305680e-01	2.407914e+00
134	4.497041e-01	4.529239e-01	2.277968e+00
135	4.898917e-01	5.152599e-01	2.409868e+00
136	4.768358e-01	5.571725e-01	2.083537e+00
137	3.982862e-01	5.235723e-01	2.286761e+00
138	6.720352e-01	6.190089e-01	1.194431e+00
139	4.866596e-01	4.998330e-01	2.818271e+00
140	4.941493e-01	5.001694e-01	2.827064e+00
141	4.770776e-01	4.749715e-01	1.684905e+00
142	4.599802e-01	5.223704e-01	1.999511e+00
143	4.553181e-01	4.799330e-01	1.956522e+00
144	4.412188e-01	4.869493e-01	2.323889e+00
145	5.588315e-01	5.613860e-01	2.501710e+00
146	3.733222e-01	6.691958e-01	2.395213e+00
147	5.035459e-01	4.363266e-01	2.719590e+00
148	4.651689e-01	5.028323e-01	2.937469e+00
149	4.932465e-01	5.471747e-01	2.803615e+00
150	5.176804e-01	3.752810e-01	1.794333e+00
151	4.766709e-01	4.805717e-01	2.611138e+00
152	4.848711e-01	5.652517e-01	1.724963e+00
153	4.530683e-01	5.149492e-01	1.983879e+00
154	4.612875e-01	4.977816e-01	2.181241e+00
155	5.875605e-01	5.424816e-01	1.295066e+00
156	3.521634e-01	3.575241e-01	1.970200e+00
157	4.703566e-01	5.240238e-01	2.387396e+00
158	4.056190e-01	5.380706e-01	2.386419e+00
159	5.322395e-01	4.104589e-01	2.647289e+00
160	4.785891e-01	5.218722e-01	1.686859e+00
161	4.794422e-01	5.107769e-01	1.553981e+00
162	4.754865e-01	4.176437e-01	1.764045e+00
163	4.704257e-01	5.563544e-01	1.632145e+00
164	4.648944e-01	5.039786e-01	1.235467e+00
165	4.508515e-01	4.841488e-01	2.251588e+00
166	4.857722e-01	5.343886e-01	1.751343e+00
167	4.120998e-01	5.227596e-01	1.715193e+00
168	4.637522e-01	5.017159e-01	2.109917e+00
169	4.731357e-01	5.053981e-01	2.137274e+00
170	3.919314e-01	5.228987e-01	2.099170e+00
171	4.592012e-01	4.412921e-01	2.057157e+00
172	4.196673e-01	4.984698e-01	2.246702e+00
173	4.882001e-01	5.083009e-01	1.894968e+00
174	5.347770e-01	5.223795e-01	2.453835e+00
175	4.853209e-01	5.274410e-01	2.834880e+00
176	5.332211e-01	4.246935e-01	2.215437e+00
177	4.676895e-01	5.057972e-01	2.153884e+00
178	4.649666e-01	4.921837e-01	2.475330e+00
179	6.245338e-01	6.064377e-01	1.274548e+00
180	5.006736e-01	5.187722e-01	2.127504e+00
181	4.796290e-01	5.053404e-01	1.790425e+00
182	5.171538e-01	2.287435e-01	1.736688e+00
183	6.384093e-01	5.307572e-01	1.692721e+00
184	5.213588e-01	5.898721e-01	2.042501e+00
185	6.173757e-01	5.905365e-01	1.468979e+00
186	4.857436e-01	4.804261e-01	1.784563e+00
187	7.330671e-01	7.046662e-01	2.653151e+00
188	5.262666e-01	5.907421e-01	1.839277e+00
189	4.674605e-01	4.884569e-01	1.175867e+00
190	4.047405e-01	5.269989e-01	2.807523e+00
191	4.201060e-01	7.345618e-01	2.811431e+00
192	5.361404e-01	5.746011e-01	1.192477e+00
193	7.786544e-01	6.281137e-01	1.620420e+00
194	4.975846e-01	7.269283e-01	2.624817e+00
195	4.649378e-01	4.965942e-01	2.806546e+00
196	4.126330e-01	3.615021e-01	1.763068e+00
197	4.053883e-01	7.742454e-01	2.060088e+00
198	4.750728e-01	2.208564e-01	2.458720e+00
199	5.048242e-01	5.905745e-01	2.463605e+00
200	4.272476e-01	7.710632e-01	1.141671e+00
201	4.675192e-01	4.919125e-01	1.146556e+00
202	4.866679e-01	5.741819e-01	1.395701e+00
203	4.552811e-01	5.553267e-01	1.755252e+00
204	4.381192e-01	4.689870e-01	2.901319e+00
205	6.093488e-01	6.099993e-01	2.123596e+00
206	4.516148e-01	6.423463e-01	1.652662e+00
207	4.527555e-01	4.799533e-01	1.199316e+00
208	5.027169e-01	5.488992e-01	2.170493e+00
209	5.624048e-01	6.310954e-01	2.733268e+00
210	5.225068e-01	3.778380e-01	1.545188e+00
211	5.016635e-01	4.763583e-01	1.376160e+00
212	4.555958e-01	4.817667e-01	1.621397e+00
213	4.552486e-01	4.959547e-01	1.883244e+00
214	4.516430e-01	4.933444e-01	1.612604e+00
215	4.837195e-01	4.970288e-01	2.909135e+00
216	4.758674e-01	5.293567e-01	1.354665e+00
217	4.760496e-01	4.940685e-01	2.770396e+00
218	4.547718e-01	4.701239e-01	2.148999e+00
219	4.846646e-01	5.293100e-01	2.624817e+00
220	3.830687e-01	4.930288e-01	2.697118e+00
221	4.708939e-01	5.264217e-01	1.938935e+00
222	2.039757e-01	5.441475e-01	1.854910e+00
223	4.861533e-01	6.443837e-01	2.625794e+00
224	2.731942e-01	3.486611e-01	2.984367e+00
225	4.717082e-01	5.168646e-01	2.693210e+00
226	4.575017e-01	4.831549e-01	2.276014e+00
227	4.790217e-01	5.511276e-01	1.245237e+00
228	4.651229e-01	4.923732e-01	1.489497e+00
229	4.567302e-01	5.086021e-01	2.305325e+00
230	4.742960e-01	5.236847e-01	2.689301e+00
231	5.136200e-01	5.497418e-01	1.346849e+00
232	5.033714e-01	5.583233e-01	2.447973e+00
233	4.897386e-01	5.018636e-01	1.591109e+00
234	4.646312e-01	6.517630e-01	1.931119e+00
235	4.473107e-01	4.819191e-01	2.687347e+00
236	4.647025e-01	5.026857e-01	2.787982e+00
237	4.757012e-01	5.254377e-01	1.510015e+00
238	4.600908e-01	4.841245e-01	2.193942e+00
239	4.532669e-01	4.868476e-01	2.918906e+00
240	4.494787e-01	4.310582e-01	1.734734e+00
241	5.119461e-01	5.535746e-01	1.119199e+00
242	3.923138e-01	5.377051e-01	1.631168e+00
243	4.236549e-01	5.021253e-01	1.258915e+00
244	4.352419e-01	4.671343e-01	2.458720e+00
245	4.853844e-01	5.428654e-01	2.134343e+00
246	4.645464e-01	5.056115e-01	2.662921e+00
247	4.629074e-01	4.845187e-01	2.924768e+00
248	3.789407e-01	3.680456e-01	2.983390e+00
249	5.349233e-01	3.876997e-01	2.305325e+00
250	5.430562e-01	7.935742e-01	2.763556e+00
251	4.558458e-01	6.228363e-01	2.374695e+00
252	4.688042e-01	5.389793e-01	1.703468e+00
253	5.100041e-01	3.789391e-01	1.246214e+00
254	5.956062e-01	7.256766e-01	2.925745e+00
255	4.750333e-01	5.069629e-01	1.857841e+00
256	4.765685e-01	5.248985e-01	2.601368e+00
257	4.927886e-01	5.585996e-01	2.413776e+00
258	4.883581e-01	4.966589e-01	2.569126e+00
259	5.026286e-01	4.168686e-01	1.865657e+00
260	4.654360e-01	4.972147e-01	2.574988e+00
261	4.695183e-01	5.384282e-01	1.598925e+00
262	3.255788e-01	4.551379e-01	2.264289e+00
263	3.512228e-01	3.777050e-01	1.176844e+00
264	3.349965e-01	4.059674e-01	1.061553e+00
265	4.730787e-01	5.278435e-01	2.526136e+00
266	4.906807e-01	5.604820e-01	1.928188e+00
267	4.255058e-01	4.920226e-01	2.006351e+00
268	4.901227e-01	5.589887e-01	1.041036e+00
269	5.400100e-01	3.332157e-01	1.793356e+00
270	3.900618e-01	4.055976e-01	1.860772e+00
271	5.474997e-01	5.334163e-01	1.389839e+00
272	4.574141e-01	4.847062e-01	1.052760e+00
273	3.963086e-01	3.996566e-01	1.156326e+00
274	4.767602e-01	4.995545e-01	1.981925e+00
275	4.894191e-01	2.601924e-01	2.256473e+00
276	4.423066e-01	4.655790e-01	2.368832e+00
277	4.923961e-01	5.016707e-01	2.024915e+00
278	4.496577e-01	1.032057e-01	1.266732e+00
279	5.034506e-01	5.476237e-01	1.348803e+00
280	4.635203e-01	6.494315e-01	2.472399e+00
281	3.725854e-01	4.326896e-01	2.288715e+00
282	5.310533e-01	5.590029e-01	2.745970e+00
283	4.853299e-01	5.784323e-01	2.490962e+00
284	4.102234e-01	7.085417e-01	2.515388e+00
285	4.162887e-01	2.041250e-01	1.545188e+00
286	4.646207e-01	5.171352e-01	2.662921e+00
287	4.834107e-01	5.168558e-01	2.264289e+00
288	4.882543e-01	5.562265e-01	2.905227e+00
289	4.741405e-01	4.976457e-01	1.058622e+00
290	3.842654e-01	4.971159e-01	2.152907e+00
291	5.191019e-01	3.426159e-01	2.784074e+00
292	4.615431e-01	4.871273e-01	2.445042e+00
293	7.508212e-01	8.148463e-01	2.852467e+00
294	4.045570e-01	4.681797e-01	2.070835e+00
295	4.983858e-01	4.896152e-01	1.406448e+00
296	2.599117e-01	1.708724e-01	1.751343e+00
297	5.172006e-01	5.333578e-01	2.077675e+00
298	4.014399e-01	6.312877e-01	1.601856e+00
299	4.620012e-01	4.804781e-01	2.048363e+00
300	3.806768e-01	4.155018e-01	2.781143e+00
301	4.639072e-01	5.062443e-01	2.779189e+00
302	4.865173e-01	5.631800e-01	2.617978e+00
303	6.432840e-01	6.116066e-01	1.698583e+00
304	4.810039e-01	3.798109e-01	1.948705e+00
305	4.503430e-01	4.829133e-01	1.416219e+00
306	5.342413e-01	8.635687e-01	1.745481e+00
307	4.825234e-01	5.338446e-01	2.291646e+00
308	5.625773e-01	5.595734e-01	1.868588e+00
309	4.780979e-01	5.090559e-01	2.511480e+00
310	4.929280e-01	5.277891e-01	2.596483e+00
311	4.564052e-01	4.472927e-01	2.855398e+00
312	4.525736e-01	4.296548e-01	1.312653e+00
313	4.799631e-01	5.271536e-01	1.787494e+00
314	4.641975e-01	5.089490e-01	2.252565e+00
315	4.967410e-01	5.940517e-01	1.978017e+00
316	4.482820e-01	4.228660e-01	2.965804e+00
317	4.785027e-01	5.283169e-01	2.221299e+00
318	5.097061e-01	5.019655e-01	1.701514e+00
319	4.531027e-01	4.325035e-01	1.135809e+00
320	4.774445e-01	4.844723e-01	2.997069e+00
321	5.436416e-01	3.818930e-01	2.470445e+00
322	5.040640e-01	7.086998e-01	2.362970e+00
323	4.661169e-01	5.207278e-01	2.553493e+00
324	4.688872e-01	4.892758e-01	1.347826e+00
325	3.521977e-01	2.982116e-01	2.896434e+00
326	4.685839e-01	4.954780e-01	1.857841e+00
327	4.860342e-01	4.216308e-01	1.669272e+00
328	4.593194e-01	5.219700e-01	1.726917e+00
329	4.929589e-01	5.665181e-01	2.604299e+00
330	4.705655e-01	5.825158e-01	2.089399e+00
331	5.102010e-01	4.647539e-01	1.552027e+00
332	5.043862e-01	5.176746e-01	1.769907e+00
333	4.813481e-01	5.334208e-01	1.382022e+00
334	5.469186e-01	5.772012e-01	2.510503e+00
335	5.072702e-01	4.637072e-01	1.640938e+00
336	4.658220e-01	5.212945e-01	2.933561e+00
337	5.739346e-01	5.519725e-01	1.033219e+00
338	4.233490e-01	5.912787e-01	1.408403e+00
339	4.797584e-01	5.302189e-01	2.767465e+00
340	4.500799e-01	4.817963e-01	1.526624e+00
341	6.001806e-01	5.721960e-01	1.456277e+00
342	4.802856e-01	5.078249e-01	1.054714e+00
343	4.657371e-01	5.471496e-01	2.601368e+00
344	4.189750e-01	2.858640e-01	2.193942e+00
345	4.919364e-01	4.471187e-01	2.321935e+00
346	4.467645e-01	4.673132e-01	1.564729e+00
347	4.797054e-01	4.940421e-01	1.679043e+00
348	5.902351e-01	6.409065e-01	2.034685e+00
349	4.933563e-01	5.070690e-01	2.564240e+00
350	4.793543e-01	5.550667e-01	2.311187e+00
351	2.793428e-01	4.106655e-01	1.297997e+00
352	4.720363e-01	5.213157e-01	2.873962e+00
353	3.651769e-01	4.522691e-01	2.202736e+00
354	4.638566e-01	5.062355e-01	2.653151e+00
355	4.440900e-01	6.366097e-01	2.461651e+00
356	4.730835e-01	5.212481e-01	1.679043e+00
357	5.656421e-01	5.657866e-01	2.991207e+00
358	4.995817e-01	5.525397e-01	2.857352e+00
359	4.683320e-01	4.953483e-01	1.913532e+00
360	4.751307e-01	4.015400e-01	1.216903e+00
361	3.227569e-01	2.461695e-01	1.214949e+00
362	4.927318e-01	4.883838e-01	1.005862e+00
363	4.601641e-01	5.128034e-01	2.227162e+00
364	4.701577e-01	5.247818e-01	1.723009e+00
365	2.791766e-01	1.428680e-01	1.491451e+00
366	4.821702e-01	6.787019e-01	1.692721e+00
367	4.803500e-01	4.912882e-01	1.154372e+00
368	4.468066e-01	4.809350e-01	1.851001e+00
369	4.663936e-01	4.972384e-01	2.418661e+00
370	5.008213e-01	4.921279e-01	1.874450e+00
371	4.439161e-01	4.908160e-01	1.591109e+00
372	4.724767e-01	5.378481e-01	2.199805e+00
373	4.511890e-01	6.066472e-01	2.208598e+00
374	4.485844e-01	4.614552e-01	1.322423e+00
375	5.998640e-01	5.974247e-01	2.361016e+00
376	6.019542e-01	5.316681e-01	1.815828e+00
377	4.651928e-01	5.035974e-01	1.328285e+00
378	4.784101e-01	5.228533e-01	1.883244e+00
379	6.508829e-01	7.174851e-01	1.599902e+00
380	6.027685e-01	7.368754e-01	2.343429e+00
381	4.915654e-01	5.165048e-01	1.835369e+00
382	4.507976e-01	5.587762e-01	1.065462e+00
383	3.738835e-01	6.219768e-01	1.698583e+00
384	3.482974e-01	6.145416e-01	2.761602e+00
385	1.841041e-01	3.721444e-01	1.961407e+00
386	5.157394e-01	4.099219e-01	2.449927e+00
387	5.233352e-01	5.521112e-01	2.669761e+00
388	5.769926e-01	4.567288e-01	2.597460e+00
389	4.682292e-01	5.181797e-01	2.960918e+00
390	4.844518e-01	5.249552e-01	1.655594e+00
391	5.014759e-01	5.792876e-01	2.572057e+00
392	4.737958e-01	5.279771e-01	1.234489e+00
393	4.699364e-01	5.363429e-01	1.607719e+00
394	4.571537e-01	4.967270e-01	2.643381e+00
395	4.189637e-01	1.990641e-01	1.233512e+00
396	6.387106e-01	8.563288e-01	2.058134e+00
397	3.018869e-01	4.614705e-01	1.083048e+00
398	7.211890e-01	7.909152e-01	2.453835e+00
399	5.606702e-01	5.431195e-01	2.169516e+00
400	4.473458e-01	4.485215e-01	1.634099e+00
401	5.422723e-01	5.535675e-01	1.314607e+00
402	4.951072e-01	5.323508e-01	2.292623e+00
403	4.856421e-01	4.848689e-01	1.759160e+00
404	4.998759e-01	6.320948e-01	2.942355e+00
405	5.413525e-01	6.221279e-01	1.358574e+00
406	4.756771e-01	5.049826e-01	1.474841e+00
407	4.858453e-01	7.959197e-01	2.850513e+00
408	3.154100e-01	6.438633e-01	2.543723e+00
409	4.569831e-01	5.223563e-01	1.170005e+00
410	4.765572e-01	4.515388e-01	2.011236e+00
411	4.613945e-01	5.236356e-01	2.982413e+00
412	6.113778e-01	7.533484e-01	1.578407e+00
413	4.874883e-01	5.475812e-01	2.904250e+00
414	4.762923e-01	5.269450e-01	2.948217e+00
415	4.606979e-01	5.025372e-01	1.856864e+00
416	5.051685e-01	5.927731e-01	1.780655e+00
417	4.558484e-01	4.878919e-01	1.223742e+00
418	4.555907e-01	5.207474e-01	2.928676e+00
419	4.373069e-01	4.987448e-01	1.055691e+00
420	5.020694e-01	4.960452e-01	2.823156e+00
421	4.659554e-01	4.971354e-01	2.886663e+00
422	4.587788e-01	5.075951e-01	1.391793e+00
423	4.904102e-01	6.737573e-01	1.467025e+00
424	4.755990e-01	5.196438e-01	1.512946e+00
425	4.583895e-01	8.182893e-01	1.960430e+00
426	4.554684e-01	8.174305e-01	2.254519e+00
427	4.833837e-01	6.847920e-01	2.899365e+00
428	4.583989e-01	4.887600e-01	1.247191e+00
429	4.941381e-01	5.128892e-01	1.802149e+00
430	4.579641e-01	5.162266e-01	1.663410e+00
431	4.905802e-01	7.153197e-01	2.556424e+00
432	4.600971e-01	7.866306e-01	2.947240e+00
433	4.853386e-01	5.104497e-01	2.475330e+00
434	4.331874e-01	4.768636e-01	2.923791e+00
435	5.904209e-01	3.535847e-01	2.906204e+00
436	2.199044e-01	7.528778e-01	2.668784e+00
437	4.973825e-01	5.424684e-01	2.476307e+00
438	4.069814e-01	5.965966e-01	2.065950e+00
439	4.655328e-01	4.965974e-01	1.983879e+00
440	4.341841e-01	4.490692e-01	1.637030e+00
441	6.089521e-01	4.661517e-01	1.338056e+00
442	4.443928e-01	4.855661e-01	2.406937e+00
443	5.483589e-01	7.900027e-01	1.422081e+00
444	4.862743e-01	5.476292e-01	2.956033e+00
445	4.609009e-01	5.128613e-01	2.601368e+00
446	3.344430e-01	3.985217e-01	1.846116e+00
447	4.692549e-01	5.168021e-01	1.264778e+00
448	4.467043e-01	4.624098e-01	1.119199e+00
449	4.942011e-01	5.694513e-01	1.956522e+00
450	6.816469e-01	7.667615e-01	2.971666e+00
451	4.669182e-01	5.054743e-01	2.149976e+00
452	5.889314e-01	5.747304e-01	1.574499e+00
453	4.113920e-01	3.636778e-01	1.775769e+00
454	5.115879e-01	5.443167e-01	1.542257e+00
455	4.776161e-01	5.512160e-01	2.984367e+00
456	4.636973e-01	4.790754e-01	1.577430e+00
457	4.656581e-01	5.438682e-01	2.955056e+00
458	4.407646e-01	5.198378e-01	2.865169e+00
459	4.430283e-01	4.866595e-01	1.672203e+00
460	4.593409e-01	1.109067e-01	1.198339e+00
461	5.202834e-01	3.521329e-01	2.513434e+00
462	3.694046e-01	4.273592e-01	1.853933e+00
463	4.578003e-01	5.516699e-01	2.858329e+00
464	4.701944e-01	4.393927e-01	1.574499e+00
465	4.734172e-01	5.369456e-01	1.432829e+00
466	4.659308e-01	4.951716e-01	1.500244e+00
467	6.144084e-01	6.098438e-01	1.323400e+00
468	4.765258e-01	4.869881e-01	2.147044e+00
469	4.445327e-01	4.775817e-01	2.698095e+00
470	4.545589e-01	4.886067e-01	1.364436e+00
471	2.775962e-01	3.395495e-01	2.076698e+00
472	4.631792e-01	4.938414e-01	2.011236e+00
473	5.255722e-01	6.382774e-01	1.215926e+00
474	4.563915e-01	4.962461e-01	2.299463e+00
475	5.569062e-01	5.388392e-01	1.683928e+00
476	4.472548e-01	5.211303e-01	2.081583e+00
477	4.886860e-01	5.343121e-01	2.350269e+00
478	3.965977e-01	7.658360e-01	2.728383e+00
479	4.393967e-01	4.586443e-01	1.194431e+00
480	5.022284e-01	4.644489e-01	2.515388e+00
481	3.430625e-01	2.624401e-01	1.865657e+00
482	4.837802e-01	3.695111e-01	1.802149e+00
483	4.709336e-01	4.922236e-01	1.367367e+00
484	5.192949e-01	5.825017e-01	1.148510e+00
485	5.320992e-01	6.307425e-01	2.427455e+00
486	4.756689e-01	6.342801e-01	2.196873e+00
487	5.138669e-01	5.137918e-01	2.386419e+00
488	5.025458e-01	5.566209e-01	1.294089e+00
489	4.926642e-01	4.021690e-01	1.687836e+00
490	4.750671e-01	4.239200e-01	1.146556e+00
491	4.056065e-01	2.965210e-01	1.597948e+00
492	5.018706e-01	4.949434e-01	2.412799e+00
493	3.998269e-01	4.549711e-01	1.227650e+00
494	4.460969e-01	5.139171e-01	2.522228e+00
495	4.632339e-01	4.585258e-01	1.437714e+00
496	5.212728e-01	5.688211e-01	1.523693e+00
497	4.919137e-01	4.900304e-01	1.221788e+00
498	5.250201e-01	5.619567e-01	1.652662e+00
499	5.693434e-01	3.970323e-01	1.269663e+00
500	4.630996e-01	4.969766e-01	2.967758e+00
501	4.584945e-01	4.991497e-01	2.546654e+00
502	2.111152e-01	3.843346e-01	1.818759e+00
503	5.073126e-01	6.039684e-01	1.919394e+00
504	4.660065e-01	4.912174e-01	2.563263e+00
505	3.519374e-01	3.613077e-01	1.451392e+00
506	5.677417e-01	4.962328e-01	1.718124e+00
507	4.708340e-01	5.210965e-01	1.207132e+00
508	4.764608e-01	5.273560e-01	1.236444e+00
509	4.854999e-01	5.014333e-01	2.622863e+00
510	4.390869e-01	7.044499e-01	2.549585e+00
511	4.555731e-01	4.955342e-01	2.966781e+00
512	5.432177e-01	3.365518e-01	2.395213e+00
513	4.732288e-01	5.345431e-01	1.534441e+00
514	6.208901e-01	6.070525e-01	1.550073e+00
515	4.756269e-01	5.221121e-01	1.610650e+00
516	4.022749e-01	4.887071e-01	1.612604e+00
517	4.654730e-01	4.856162e-01	1.086957e+00
518	4.528748e-01	4.691860e-01	2.282853e+00
519	2.877553e-01	2.737154e-01	1.573522e+00
520	4.692177e-01	4.885987e-01	2.497802e+00
521	4.754292e-01	5.126012e-01	1.752320e+00
522	4.600543e-01	9.013180e-01	1.589155e+00
523	4.658323e-01	4.828120e-01	1.209086e+00
524	4.381880e-01	4.014685e-01	2.755740e+00
525	3.645529e-01	6.745579e-01	1.499267e+00
526	4.686304e-01	4.890398e-01	1.014656e+00
527	4.434632e-01	1.516631e-01	2.891549e+00
528	4.573633e-01	4.942251e-01	2.478261e+00
529	5.485795e-01	4.139769e-01	1.898876e+00
530	4.640519e-01	4.857642e-01	1.188569e+00
531	4.526501e-01	4.815444e-01	2.785051e+00
532	4.644344e-01	5.011022e-01	2.945286e+00
533	4.532327e-01	4.305200e-01	2.458720e+00
534	4.381116e-01	5.150976e-01	2.673669e+00
535	4.508357e-01	5.271441e-01	1.399609e+00
536	4.682225e-01	5.497815e-01	2.604299e+00
537	4.643789e-01	5.061362e-01	1.529555e+00
538	4.589949e-01	5.023676e-01	2.823156e+00
539	4.534329e-01	5.034002e-01	2.826087e+00
540	5.027678e-01	5.632229e-01	2.844651e+00
541	4.750749e-01	5.506473e-01	2.290669e+00
542	4.742303e-01	5.263835e-01	2.570103e+00
543	4.591098e-01	5.497117e-01	2.396190e+00
544	3.988370e-01	5.344121e-01	1.318515e+00
545	4.869559e-01	5.414121e-01	2.605276e+00
546	4.019680e-01	4.801905e-01	2.683439e+00
547	4.390199e-01	7.337312e-01	1.587201e+00
548	5.499026e-01	6.050638e-01	1.375183e+00
549	4.818583e-01	4.751814e-01	2.298486e+00
550	6.159541e-01	6.188024e-01	1.285296e+00
551	4.727907e-01	4.998951e-01	2.983390e+00
552	4.298922e-01	2.841607e-01	1.195408e+00
553	4.576721e-01	5.224449e-01	2.414753e+00
554	5.167484e-01	4.951004e-01	1.843185e+00
555	4.677041e-01	6.298005e-01	2.396190e+00
556	4.452910e-01	4.664335e-01	3.000000e+00
557	4.743385e-01	4.962685e-01	2.728383e+00
558	7.027031e-01	8.280303e-01	1.133854e+00
559	4.640780e-01	4.999785e-01	1.944797e+00
560	4.146591e-01	4.537678e-01	2.883732e+00
561	3.527255e-01	4.252990e-01	2.383488e+00
562	4.456088e-01	5.089425e-01	2.506595e+00
563	4.585180e-01	4.685730e-01	1.786517e+00
564	3.974497e-01	5.387043e-01	2.893503e+00
565	4.480435e-01	4.900321e-01	2.981436e+00
566	5.026257e-01	5.351200e-01	2.663898e+00
567	4.702898e-01	5.227549e-01	2.227162e+00
568	4.789716e-01	4.860862e-01	1.527601e+00
569	4.514851e-01	3.740973e-01	2.610161e+00
570	4.946209e-01	1.229446e-01	1.058622e+00
571	5.036483e-01	5.677897e-01	2.782120e+00
572	3.878915e-01	1.881193e-01	1.518808e+00
573	4.901479e-01	5.041701e-01	2.109917e+00
574	4.757024e-01	5.328249e-01	2.074744e+00
575	4.878428e-01	5.158407e-01	2.319003e+00
576	4.583485e-01	5.092687e-01	1.290181e+00
577	4.603130e-01	5.571944e-01	1.286273e+00
578	4.806644e-01	5.527209e-01	1.881290e+00
579	4.699356e-01	5.235985e-01	1.664387e+00
580	3.259244e-01	7.493209e-01	1.242306e+00
581	5.088307e-01	5.267912e-01	1.927211e+00
582	4.643799e-01	4.955186e-01	2.820225e+00
583	4.541600e-01	7.489566e-01	2.792868e+00
584	5.275471e-01	5.935673e-01	1.201270e+00
585	4.617515e-01	4.607897e-01	1.898876e+00
586	4.631937e-01	5.072528e-01	1.782609e+00
587	4.638364e-01	4.909650e-01	1.561798e+00
588	4.655595e-01	5.001049e-01	2.282853e+00
589	4.987646e-01	5.746666e-01	2.210552e+00
590	4.192489e-01	4.153688e-01	1.020518e+00
591	5.051263e-01	5.650074e-01	1.784563e+00
592	4.639529e-01	5.046224e-01	1.275525e+00
593	4.871506e-01	5.111886e-01	1.212995e+00
594	4.621974e-01	3.970404e-01	2.964827e+00
595	4.774442e-01	5.101671e-01	2.079629e+00
596	4.029366e-01	5.111323e-01	1.187592e+00
597	4.773782e-01	5.440012e-01	1.258915e+00
598	4.843506e-01	5.757402e-01	1.999511e+00
599	4.676977e-01	4.988159e-01	1.264778e+00
600	4.774029e-01	5.123175e-01	1.110405e+00
601	4.668156e-01	5.253613e-01	1.107474e+00
602	4.215230e-01	4.530760e-01	1.070347e+00
603	4.547911e-01	4.995439e-01	2.400098e+00
604	4.423849e-01	4.903267e-01	2.871031e+00
605	4.577188e-01	4.950331e-01	2.739130e+00
606	4.342664e-01	4.882825e-01	2.061065e+00
607	5.048886e-01	3.274650e-01	1.073278e+00
608	5.241478e-01	5.512616e-01	2.799707e+00
609	4.457746e-01	4.663964e-01	2.010259e+00
610	3.874281e-01	4.936689e-01	1.700537e+00
611	4.733341e-01	5.254790e-01	1.339033e+00
612	5.184633e-01	4.111723e-01	2.227162e+00
613	7.680718e-01	7.555805e-01	2.482169e+00
614	4.513294e-01	5.308907e-01	2.958964e+00
615	5.356317e-01	5.742139e-01	1.443576e+00
616	3.805719e-01	5.180071e-01	2.381534e+00
617	4.761834e-01	4.455207e-01	1.971177e+00
618	4.746342e-01	5.248119e-01	2.960918e+00
619	3.512366e-01	2.857823e-01	1.812897e+00
620	4.047008e-01	6.678626e-01	1.170982e+00
621	4.412206e-01	4.146234e-01	1.277479e+00
622	5.290559e-01	6.130237e-01	1.176844e+00
623	4.743166e-01	3.729193e-01	1.636053e+00
624	4.952075e-01	5.916770e-01	2.336590e+00
625	4.148729e-01	5.050260e-01	1.343918e+00
626	4.571051e-01	5.119949e-01	1.905716e+00
627	5.452900e-01	5.430219e-01	1.784563e+00
628	4.661808e-01	4.909293e-01	2.063996e+00
629	4.533676e-01	4.959771e-01	2.497802e+00
630	5.194076e-01	3.982774e-01	2.870054e+00
631	4.717885e-01	4.746381e-01	1.729849e+00
632	3.864101e-01	2.663588e-01	2.290669e+00
633	4.649548e-01	5.015795e-01	2.841720e+00
634	4.654881e-01	4.969093e-01	2.195896e+00
635	5.043573e-01	5.387729e-01	1.601856e+00
636	4.828248e-01	5.529238e-01	2.449927e+00
637	4.405499e-01	4.888200e-01	1.462140e+00
638	4.630837e-01	5.037981e-01	2.041524e+00
639	4.653731e-01	5.033483e-01	2.061065e+00
640	3.929958e-01	3.842977e-01	2.130435e+00
641	3.348662e-01	2.438140e-01	2.205667e+00
642	4.519885e-01	4.834032e-01	2.184172e+00
643	4.739660e-01	5.578363e-01	2.747924e+00
644	6.309040e-01	5.478601e-01	2.909135e+00
645	4.564021e-01	4.875749e-01	2.777235e+00
646	4.988876e-01	5.342313e-01	1.295066e+00
647	5.253364e-01	5.467130e-01	1.050806e+00
648	5.504457e-01	5.742202e-01	1.191500e+00
649	4.845032e-01	5.240408e-01	1.198339e+00
650	4.328249e-01	5.084270e-01	2.656082e+00
651	4.547104e-01	5.291131e-01	1.692721e+00
652	2.715775e-01	1.832706e-01	2.330728e+00
653	4.802904e-01	5.337366e-01	1.906693e+00
654	4.633689e-01	5.351049e-01	2.192965e+00
655	4.383476e-01	4.842471e-01	1.200293e+00
656	4.893102e-01	5.066922e-01	2.361016e+00
657	3.998382e-01	3.123530e-01	2.080606e+00
658	4.731315e-01	4.909108e-01	2.017098e+00
659	5.224165e-01	4.960547e-01	2.191011e+00
660	4.979296e-01	7.868549e-01	1.667318e+00
661	3.990909e-01	3.154597e-01	2.229116e+00
662	4.486389e-01	4.778028e-01	1.188569e+00
663	4.686045e-01	4.844261e-01	2.714704e+00
664	5.192706e-01	5.461857e-01	1.979971e+00
665	5.563014e-01	5.338771e-01	2.954079e+00
666	5.204989e-01	6.247521e-01	1.803127e+00
667	4.753865e-01	5.382547e-01	1.039082e+00
668	6.700244e-01	5.774226e-01	1.893014e+00
669	4.847225e-01	6.568522e-01	1.778701e+00
670	3.761856e-01	6.640814e-01	1.807035e+00
671	4.928914e-01	5.758101e-01	1.102589e+00
672	5.427255e-01	6.055929e-01	1.879336e+00
673	5.163857e-01	5.583236e-01	1.984856e+00
674	4.653080e-01	5.025534e-01	2.238886e+00
675	4.803274e-01	5.474682e-01	2.868100e+00
676	4.704652e-01	4.992710e-01	2.748901e+00
677	5.755189e-01	3.455018e-01	1.578407e+00
678	4.491619e-01	4.805519e-01	1.621397e+00
679	4.588100e-01	5.014916e-01	2.657059e+00
680	4.503173e-01	4.731535e-01	2.404983e+00
681	5.198387e-01	5.790764e-01	2.272106e+00
682	4.378976e-01	4.857123e-01	1.463117e+00
683	4.692542e-01	5.194264e-01	2.316072e+00
684	4.685361e-01	5.070180e-01	2.334636e+00
685	5.261993e-01	4.698420e-01	1.365413e+00
686	5.763135e-01	6.119990e-01	2.105032e+00
687	3.726911e-01	4.990499e-01	1.339033e+00
688	4.727226e-01	5.219365e-01	2.932584e+00
689	4.679438e-01	4.949642e-01	2.378603e+00
690	4.683834e-01	5.052426e-01	1.833415e+00
691	5.040552e-01	5.865765e-01	1.663410e+00
692	4.939196e-01	4.895457e-01	2.251588e+00
693	6.281463e-01	5.321611e-01	1.766976e+00
694	4.871250e-01	5.457850e-01	1.575476e+00
695	3.412119e-01	2.389555e-01	2.771373e+00
696	4.751318e-01	5.041478e-01	2.787005e+00
697	4.578986e-01	5.032369e-01	1.959453e+00
698	4.860662e-01	5.502686e-01	2.187103e+00
699	4.664523e-01	4.971143e-01	2.430386e+00
700	4.891873e-01	6.211453e-01	2.679531e+00
701	5.405046e-01	5.510503e-01	2.191988e+00
702	5.143155e-01	6.274981e-01	2.945286e+00
703	4.704292e-01	5.045828e-01	2.793845e+00
704	4.611152e-01	4.810172e-01	2.132389e+00
705	4.480768e-01	5.551799e-01	1.627259e+00
706	4.574612e-01	5.135875e-01	1.623351e+00
707	4.349278e-01	4.971412e-01	2.772350e+00
708	4.658698e-01	5.088157e-01	1.552027e+00
709	5.353032e-01	5.070321e-01	1.180752e+00
710	4.843136e-01	5.182440e-01	1.632145e+00
711	3.428465e-01	3.617193e-01	1.680997e+00
712	6.029456e-01	6.247182e-01	2.828041e+00
713	1.417532e-01	5.544499e-01	1.703468e+00
714	2.848426e-01	3.890699e-01	1.471910e+00
715	4.746690e-01	4.961867e-01	2.368832e+00
716	4.688528e-01	5.164188e-01	1.961407e+00
717	4.664404e-01	4.964025e-01	1.756229e+00
718	4.433618e-01	4.791026e-01	2.987298e+00
719	4.684415e-01	4.952199e-01	2.332682e+00
720	4.583027e-01	4.888385e-01	1.097704e+00
721	6.134431e-01	5.812641e-01	1.954568e+00
722	4.687470e-01	4.980375e-01	1.704446e+00
723	4.653367e-01	5.023237e-01	1.853933e+00
724	5.172374e-01	6.251388e-01	2.829995e+00
725	4.082328e-01	5.094864e-01	2.232047e+00
726	4.867100e-01	5.545421e-01	2.587689e+00
727	1.730167e-01	6.495730e-01	2.698095e+00
728	4.197733e-01	4.154981e-01	1.896922e+00
729	4.800784e-01	6.270666e-01	1.212995e+00
730	2.528119e-01	4.089568e-01	1.502198e+00
731	4.643056e-01	4.985964e-01	2.614069e+00
732	4.498909e-01	5.418706e-01	2.880801e+00
733	4.795698e-01	5.043575e-01	1.956522e+00
734	3.635871e-01	4.012641e-01	2.745970e+00
735	3.268202e-01	7.217743e-01	1.179775e+00
736	3.715230e-01	5.150031e-01	1.935027e+00
737	4.672822e-01	5.113124e-01	1.975085e+00
738	4.785162e-01	5.442925e-01	1.067416e+00
739	5.268461e-01	4.445406e-01	2.024915e+00
740	4.886069e-01	5.425332e-01	2.810454e+00
741	5.192140e-01	5.408974e-01	2.428432e+00
742	5.022827e-01	5.048359e-01	1.957499e+00
743	6.364568e-01	6.232115e-01	2.306302e+00
744	4.385203e-01	5.046933e-01	2.557401e+00
745	4.820670e-01	5.449632e-01	1.243283e+00
746	4.840209e-01	5.672353e-01	2.429409e+00
747	4.601144e-01	4.826654e-01	2.523205e+00
748	4.257293e-01	2.581855e-01	2.842697e+00
749	4.659000e-01	4.970075e-01	2.247680e+00
750	4.365229e-01	4.730448e-01	2.000489e+00
751	4.739435e-01	5.152355e-01	2.446019e+00
752	4.620827e-01	4.950648e-01	2.360039e+00
753	4.379306e-01	6.165513e-01	2.567171e+00
754	4.460352e-01	4.889123e-01	2.415730e+00
755	4.697185e-01	5.155778e-01	1.989741e+00
756	4.675776e-01	4.947505e-01	2.908158e+00
757	5.861890e-01	6.173101e-01	2.731314e+00
758	4.610898e-01	5.064433e-01	2.544700e+00
759	4.634936e-01	5.028903e-01	2.890572e+00
760	4.671304e-01	5.040150e-01	1.654617e+00
761	4.641275e-01	5.066993e-01	1.008793e+00
762	4.976423e-01	5.545182e-01	1.260870e+00
763	4.261365e-01	4.973807e-01	1.347826e+00
764	4.514928e-01	5.049859e-01	1.325354e+00
765	4.669686e-01	4.850918e-01	1.420127e+00
766	4.857379e-01	5.281584e-01	2.845628e+00
767	5.003954e-01	5.200629e-01	1.853933e+00
768	4.513932e-01	4.911065e-01	1.303859e+00
769	5.145230e-01	4.039604e-01	1.294089e+00
770	7.483891e-01	3.064688e-01	1.675134e+00
771	4.950609e-01	4.231805e-01	2.417684e+00
772	4.966689e-01	5.360624e-01	2.053249e+00
773	4.580158e-01	5.210978e-01	1.276502e+00
774	4.023794e-01	6.636730e-01	2.779189e+00
775	5.279664e-01	3.299249e-01	1.984856e+00
776	5.006955e-01	7.425070e-01	2.295554e+00
777	4.666377e-01	5.105818e-01	1.652662e+00
778	4.784354e-01	5.277657e-01	2.464582e+00
779	4.647147e-01	4.974688e-01	1.763068e+00
780	4.843568e-01	5.545233e-01	2.026869e+00
781	3.999031e-01	3.887888e-01	1.160234e+00
782	2.658147e-01	4.912285e-01	2.302394e+00
783	4.611172e-01	4.875467e-01	1.384954e+00
784	4.101326e-01	4.706361e-01	2.598437e+00
785	3.884148e-01	5.374903e-01	2.130435e+00
786	4.583153e-01	5.148211e-01	1.690767e+00
787	4.888645e-01	4.971715e-01	1.940889e+00
788	4.693268e-01	5.241897e-01	2.099170e+00
