768
0	4.924792e-02	2.074581e-01	1.398632e+00
1	4.751708e-01	5.408991e-01	1.108451e+00
2	4.990989e-01	5.496753e-01	2.925745e+00
3	5.035552e-01	5.508899e-01	2.732291e+00
4	4.269642e-01	4.608203e-01	1.257938e+00
5	5.373800e-01	6.187992e-01	2.424524e+00
6	8.260218e-01	9.825098e-01	1.383000e+00
7	4.804694e-01	5.511339e-01	2.705911e+00
8	4.939980e-01	5.520415e-01	2.442110e+00
9	4.746040e-01	5.086404e-01	2.233024e+00
10	3.601650e-01	4.654601e-01	2.376649e+00
11	4.678558e-01	5.010551e-01	1.556913e+00
12	4.152038e-01	4.436322e-01	2.950171e+00
13	5.103319e-01	3.780144e-01	1.066439e+00
14	4.690735e-01	5.103709e-01	1.626282e+00
15	5.557288e-01	6.440066e-01	1.306790e+00
16	4.719638e-01	5.082062e-01	2.902296e+00
17	6.554541e-01	3.692657e-01	1.195408e+00
18	4.761497e-01	5.572646e-01	1.785540e+00
19	4.951978e-01	5.493702e-01	1.248168e+00
20	4.389339e-01	5.317224e-01	1.863703e+00
21	4.980593e-01	6.380783e-01	2.671715e+00
22	4.776575e-01	5.171083e-01	2.487054e+00
23	4.734187e-01	4.269937e-01	1.946751e+00
24	6.347111e-01	4.956943e-01	1.303859e+00
25	7.740519e-01	7.262569e-01	2.152907e+00
26	4.592121e-01	5.208455e-01	1.388862e+00
27	5.015254e-01	5.322551e-01	1.591109e+00
28	4.386980e-01	4.152554e-01	2.205667e+00
29	4.480061e-01	4.805543e-01	2.181241e+00
30	3.795373e-01	4.665167e-01	1.475818e+00
31	5.485770e-01	5.907791e-01	2.309233e+00
32	4.662290e-01	4.759622e-01	2.073766e+00
33	5.649948e-01	5.964440e-01	2.331705e+00
34	5.073356e-01	5.312183e-01	1.126038e+00
35	4.124235e-01	3.076116e-01	2.235955e+00
36	1.815585e-01	5.063729e-01	2.805569e+00
37	3.550926e-01	4.437874e-01	2.555447e+00
38	4.628176e-01	4.907301e-01	2.559355e+00
39	4.827251e-01	5.214877e-01	1.895945e+00
40	4.988797e-01	6.125195e-01	1.282364e+00
41	4.309275e-01	4.463152e-01	2.750855e+00
42	4.722318e-01	5.066873e-01	2.412799e+00
43	4.896346e-01	5.143671e-01	2.557401e+00
44	4.671510e-01	5.420521e-01	1.648754e+00
45	4.079842e-01	5.552632e-01	1.721055e+00
46	4.218841e-01	4.263284e-01	2.588666e+00
47	4.534590e-01	5.144255e-01	1.525647e+00
48	4.764215e-01	5.116592e-01	2.751832e+00
49	4.828500e-01	7.697323e-01	2.625794e+00
50	4.139011e-01	4.651455e-01	1.663410e+00
51	4.656293e-01	5.044775e-01	2.560332e+00
52	4.828969e-01	5.182510e-01	1.696629e+00
53	4.566989e-01	5.195407e-01	1.506106e+00
54	4.732828e-01	5.022610e-01	2.675623e+00
55	4.846594e-01	4.820400e-01	2.497802e+00
56	5.304856e-01	5.571358e-01	1.031265e+00
57	4.435078e-01	6.575693e-01	2.361993e+00
58	5.153091e-01	5.237699e-01	1.866634e+00
60	6.537567e-01	6.870450e-01	1.503175e+00
61	4.155060e-01	5.248055e-01	2.449927e+00
62	4.700615e-01	5.056888e-01	2.831949e+00
63	4.792414e-01	5.056899e-01	2.317049e+00
64	4.738469e-01	4.863444e-01	2.353200e+00
65	4.718660e-01	5.111576e-01	2.575965e+00
66	4.071339e-01	4.519086e-01	2.922814e+00
67	5.032236e-01	6.435772e-01	2.289692e+00
68	5.609897e-01	5.591828e-01	2.766488e+00
69	3.838757e-01	5.234173e-01	1.522716e+00
70	4.985032e-01	5.821471e-01	2.769419e+00
71	4.842282e-01	5.296577e-01	1.110405e+00
72	4.898640e-01	5.533985e-01	1.412311e+00
73	4.963920e-01	4.061851e-01	1.951637e+00
74	3.443083e-01	7.064670e-01	1.449438e+00
75	5.105220e-01	7.136259e-01	2.176356e+00
76	5.213158e-01	5.887382e-01	1.212995e+00
77	4.917103e-01	5.083512e-01	1.872496e+00
78	4.576078e-01	4.947484e-01	1.606742e+00
79	4.055742e-01	4.733796e-01	1.183683e+00
80	5.259207e-01	5.685023e-01	2.736199e+00
81	4.748196e-01	5.110367e-01	1.617489e+00
82	4.877429e-01	5.496971e-01	2.456766e+00
83	4.553233e-01	3.824466e-01	1.406448e+00
84	5.443928e-01	6.298839e-01	2.453835e+00
85	4.665118e-01	5.109431e-01	2.712750e+00
86	4.668111e-01	4.992718e-01	2.877870e+00
87	4.158298e-01	2.861279e-01	1.533464e+00
88	5.401966e-01	6.613206e-01	2.169516e+00
89	5.050785e-01	5.400399e-01	2.483146e+00
90	4.872643e-01	5.058896e-01	1.538349e+00
91	4.843614e-01	4.931890e-01	1.117245e+00
92	4.863287e-01	5.348425e-01	2.709819e+00
93	4.710741e-01	5.334391e-01	2.929653e+00
94	5.631805e-01	5.679802e-01	2.125550e+00
95	3.376821e-01	5.933994e-01	2.148999e+00
96	4.793301e-01	4.937703e-01	1.206155e+00
98	4.789106e-01	5.177901e-01	1.997557e+00
99	3.885595e-01	5.094107e-01	1.753298e+00
100	4.987015e-01	5.159531e-01	1.491451e+00
101	4.713703e-01	5.128776e-01	2.381534e+00
102	4.172021e-01	4.675528e-01	1.837323e+00
103	4.701888e-01	5.926352e-01	2.723498e+00
104	4.829993e-01	4.400354e-01	1.216903e+00
105	4.662057e-01	5.011354e-01	1.385931e+00
107	4.700819e-01	4.931292e-01	1.887152e+00
108	4.010823e-01	7.444096e-01	1.869565e+00
109	5.555342e-01	5.296231e-01	2.657059e+00
110	4.881567e-01	4.766514e-01	1.905716e+00
111	4.592415e-01	4.817862e-01	2.319980e+00
113	3.870560e-01	6.618527e-01	1.155349e+00
114	4.515648e-01	4.952876e-01	1.261847e+00
115	5.310166e-01	7.106258e-01	1.308745e+00
116	6.145966e-01	2.621381e-01	1.148510e+00
117	4.524048e-01	4.611103e-01	1.865657e+00
118	4.389909e-01	4.686805e-01	2.988276e+00
119	4.819633e-01	4.001125e-01	1.479726e+00
120	4.571590e-01	4.736185e-01	2.095261e+00
121	3.679315e-01	4.896867e-01	2.442110e+00
122	3.925773e-01	5.052108e-01	1.070347e+00
123	5.138876e-01	5.259225e-01	1.417196e+00
124	4.727647e-01	5.134201e-01	2.817294e+00
126	4.905577e-01	5.674052e-01	2.738153e+00
127	4.814123e-01	5.244887e-01	2.338544e+00
128	5.828341e-01	8.289987e-01	1.282364e+00
129	4.804943e-01	5.256977e-01	2.676600e+00
130	5.622760e-01	8.192917e-01	2.443087e+00
132	2.922054e-01	3.464793e-01	1.220811e+00
133	4.371344e-01	5.484434e-01	2.407914e+00
134	4.023244e-01	4.244573e-01	2.277968e+00
135	4.733704e-01	5.037952e-01	2.409868e+00
136	4.730766e-01	4.814511e-01	2.083537e+00
137	4.721882e-01	5.241051e-01	2.286761e+00
138	7.114973e-01	1.771003e-01	1.194431e+00
139	4.716105e-01	5.325660e-01	2.818271e+00
140	4.607141e-01	5.852394e-01	2.827064e+00
141	4.814082e-01	4.808641e-01	1.684905e+00
142	4.772951e-01	4.958130e-01	1.999511e+00
143	4.678299e-01	5.135648e-01	1.956522e+00
144	5.159800e-01	4.591996e-01	2.323889e+00
145	4.705110e-01	4.816340e-01	2.501710e+00
146	2.357645e-01	4.035071e-01	2.395213e+00
147	5.469984e-01	4.628871e-01	2.719590e+00
148	4.717852e-01	5.094000e-01	2.937469e+00
149	4.754189e-01	4.817056e-01	2.803615e+00
150	4.573515e-01	6.943289e-01	1.794333e+00
151	4.981460e-01	5.169815e-01	2.611138e+00
152	4.713790e-01	4.387629e-01	1.724963e+00
153	4.510953e-01	4.971636e-01	1.983879e+00
154	4.733883e-01	5.118853e-01	2.181241e+00
155	3.873717e-01	4.908304e-01	1.295066e+00
156	4.326412e-01	3.838515e-01	1.970200e+00
157	4.748100e-01	5.255041e-01	2.387396e+00
158	5.059260e-01	3.785855e-01	2.386419e+00
159	3.169145e-01	5.661189e-01	2.647289e+00
160	4.901018e-01	5.253224e-01	1.686859e+00
161	4.718991e-01	5.048333e-01	1.553981e+00
162	4.974574e-01	5.764766e-01	1.764045e+00
163	3.950484e-01	4.716369e-01	1.632145e+00
164	4.739035e-01	5.082327e-01	1.235467e+00
165	4.813833e-01	5.211583e-01	2.251588e+00
166	4.857555e-01	5.157762e-01	1.751343e+00
167	5.768049e-01	4.065159e-01	1.715193e+00
168	4.723958e-01	5.108442e-01	2.109917e+00
169	4.725095e-01	5.328093e-01	2.137274e+00
170	4.287215e-01	5.194120e-01	2.099170e+00
171	5.062754e-01	5.651990e-01	2.057157e+00
172	4.750779e-01	5.390211e-01	2.246702e+00
173	4.566277e-01	5.159689e-01	1.894968e+00
174	5.764306e-01	4.996776e-01	2.453835e+00
175	4.648897e-01	4.735575e-01	2.834880e+00
176	4.817743e-01	4.087763e-01	2.215437e+00
177	4.980408e-01	5.348775e-01	2.153884e+00
178	4.748548e-01	5.079592e-01	2.475330e+00
179	4.144231e-01	3.653282e-01	1.274548e+00
180	4.522549e-01	4.656671e-01	2.127504e+00
181	4.877773e-01	5.175433e-01	1.790425e+00
182	3.720287e-01	4.540146e-01	1.736688e+00
183	5.033459e-01	5.804264e-01	1.692721e+00
184	4.548947e-01	4.849192e-01	2.042501e+00
185	4.009989e-01	4.699582e-01	1.468979e+00
186	5.094781e-01	5.045186e-01	1.784563e+00
188	5.111447e-01	5.463095e-01	1.839277e+00
189	4.778755e-01	4.879084e-01	1.175867e+00
190	5.532388e-01	4.474159e-01	2.807523e+00
191	5.172724e-01	3.503227e-01	2.811431e+00
192	4.145644e-01	4.699744e-01	1.192477e+00
193	6.235711e-01	3.858778e-01	1.620420e+00
194	3.435139e-01	5.745515e-01	2.624817e+00
195	4.768625e-01	5.096935e-01	2.806546e+00
196	5.491971e-01	6.810633e-01	1.763068e+00
197	2.474423e-01	4.383824e-01	2.060088e+00
198	5.486441e-01	3.903917e-01	2.458720e+00
199	4.527067e-01	5.076751e-01	2.463605e+00
200	4.779780e-01	5.439852e-01	1.141671e+00
201	4.780374e-01	5.027654e-01	1.146556e+00
202	5.289221e-01	5.688484e-01	1.395701e+00
203	3.997718e-01	4.535116e-01	1.755252e+00
204	5.194152e-01	5.625740e-01	2.901319e+00
205	4.746618e-01	4.879094e-01	2.123596e+00
206	4.614080e-01	2.410431e-01	1.652662e+00
207	4.681173e-01	4.993402e-01	1.199316e+00
208	4.160369e-01	4.582393e-01	2.170493e+00
209	4.365830e-01	4.442493e-01	2.733268e+00
210	4.669355e-01	6.029612e-01	1.545188e+00
211	4.312601e-01	5.222011e-01	1.376160e+00
212	5.012072e-01	5.252432e-01	1.621397e+00
213	4.655611e-01	5.188510e-01	1.883244e+00
214	4.770988e-01	5.370724e-01	1.612604e+00
215	4.467770e-01	5.316609e-01	2.909135e+00
216	4.798809e-01	5.246285e-01	1.354665e+00
217	4.667310e-01	5.259710e-01	2.770396e+00
218	6.375431e-01	5.900263e-01	2.148999e+00
219	4.453294e-01	4.909685e-01	2.624817e+00
220	4.455549e-01	5.304837e-01	2.697118e+00
221	4.491757e-01	4.923980e-01	1.938935e+00
222	3.434854e-01	3.964246e-01	1.854910e+00
223	5.340944e-01	5.172053e-01	2.625794e+00
224	4.549265e-01	6.460792e-01	2.984367e+00
225	4.314506e-01	4.402393e-01	2.693210e+00
226	4.725049e-01	5.116101e-01	2.276014e+00
227	4.808319e-01	5.003742e-01	1.245237e+00
228	4.648370e-01	5.100098e-01	1.489497e+00
229	4.625499e-01	5.069181e-01	2.305325e+00
230	4.564544e-01	4.926248e-01	2.689301e+00
231	4.079733e-01	4.622306e-01	1.346849e+00
232	4.935834e-01	5.453229e-01	2.447973e+00
233	4.585577e-01	4.926681e-01	1.591109e+00
234	3.412112e-01	5.779831e-01	1.931119e+00
235	4.972418e-01	5.601529e-01	2.687347e+00
236	4.731036e-01	5.089563e-01	2.787982e+00
237	4.854548e-01	5.243304e-01	1.510015e+00
238	4.962236e-01	5.346077e-01	2.193942e+00
239	5.331414e-01	5.686782e-01	2.918906e+00
240	4.236907e-01	4.480818e-01	1.734734e+00
241	4.705953e-01	5.229110e-01	1.119199e+00
242	3.288387e-01	5.683152e-01	1.631168e+00
243	4.741208e-01	5.217899e-01	1.258915e+00
244	5.224514e-01	5.307034e-01	2.458720e+00
245	5.574190e-01	6.202656e-01	2.134343e+00
246	4.659397e-01	5.050933e-01	2.662921e+00
247	4.397885e-01	4.883923e-01	2.924768e+00
248	4.842530e-01	5.724118e-01	2.983390e+00
250	8.052979e-01	8.443417e-01	2.763556e+00
251	7.109035e-01	6.929339e-01	2.374695e+00
252	3.656699e-01	5.230022e-01	1.703468e+00
253	4.080588e-01	4.522153e-01	1.246214e+00
254	3.559246e-01	3.586771e-01	2.925745e+00
255	4.683631e-01	4.840351e-01	1.857841e+00
256	4.822232e-01	5.148369e-01	2.601368e+00
257	4.877372e-01	5.293112e-01	2.413776e+00
258	4.417316e-01	5.388753e-01	2.569126e+00
259	5.665263e-01	6.149374e-01	1.865657e+00
260	4.705204e-01	5.105017e-01	2.574988e+00
261	4.867079e-01	5.214655e-01	1.598925e+00
262	3.787095e-01	5.146076e-01	2.264289e+00
263	5.825430e-01	5.116762e-01	1.176844e+00
264	5.835289e-01	6.115958e-01	1.061553e+00
265	4.846906e-01	5.270790e-01	2.526136e+00
266	4.460785e-01	4.358705e-01	1.928188e+00
267	4.256263e-01	5.435303e-01	2.006351e+00
268	4.912396e-01	5.334985e-01	1.041036e+00
269	1.645383e-01	4.574366e-01	1.793356e+00
270	5.162961e-01	6.451486e-01	1.860772e+00
271	5.093984e-01	4.590159e-01	1.389839e+00
272	4.762476e-01	5.170748e-01	1.052760e+00
273	5.256676e-01	6.902272e-01	1.156326e+00
274	4.639661e-01	5.003777e-01	1.981925e+00
275	3.319220e-01	3.954122e-01	2.256473e+00
276	4.497014e-01	4.731967e-01	2.368832e+00
277	5.057618e-01	4.961739e-01	2.024915e+00
279	4.833865e-01	5.856376e-01	1.348803e+00
280	4.848685e-01	3.239261e-01	2.472399e+00
281	3.889699e-01	6.215230e-01	2.288715e+00
282	5.224193e-01	5.601756e-01	2.745970e+00
283	4.728220e-01	5.351948e-01	2.490962e+00
284	5.851377e-01	5.817556e-01	2.515388e+00
285	1.791974e-01	4.100417e-01	1.545188e+00
286	4.706124e-01	5.211162e-01	2.662921e+00
287	4.661896e-01	4.878176e-01	2.264289e+00
288	5.057996e-01	5.366523e-01	2.905227e+00
289	5.217255e-01	5.498775e-01	1.058622e+00
290	4.633346e-01	5.785808e-01	2.152907e+00
291	8.186876e-01	9.730092e-01	2.784074e+00
292	4.653300e-01	5.098705e-01	2.445042e+00
293	5.396652e-01	7.407496e-01	2.852467e+00
294	4.800433e-01	5.574247e-01	2.070835e+00
295	4.385929e-01	5.493145e-01	1.406448e+00
296	5.250436e-01	6.589890e-01	1.751343e+00
297	4.406390e-01	5.884853e-01	2.077675e+00
298	4.346690e-01	4.868700e-01	1.601856e+00
299	4.507160e-01	4.929787e-01	2.048363e+00
300	5.448039e-01	5.701715e-01	2.781143e+00
301	4.762171e-01	5.093767e-01	2.779189e+00
302	4.545453e-01	4.853132e-01	2.617978e+00
303	6.012046e-01	6.063991e-01	1.698583e+00
304	4.236667e-01	3.612370e-01	1.948705e+00
305	4.768253e-01	5.298431e-01	1.416219e+00
306	8.274707e-01	2.320818e-01	1.745481e+00
307	4.804164e-01	5.213936e-01	2.291646e+00
308	5.705612e-01	7.661379e-01	1.868588e+00
309	4.798593e-01	4.943642e-01	2.511480e+00
310	4.459605e-01	4.827219e-01	2.596483e+00
311	5.080028e-01	6.213802e-01	2.855398e+00
312	4.160001e-01	4.534133e-01	1.312653e+00
313	4.963025e-01	5.525836e-01	1.787494e+00
314	4.713953e-01	5.105311e-01	2.252565e+00
315	5.537040e-01	5.927397e-01	1.978017e+00
316	6.407719e-01	4.579223e-01	2.965804e+00
317	4.872599e-01	5.234421e-01	2.221299e+00
318	3.231783e-01	4.107079e-01	1.701514e+00
319	5.185433e-01	6.056667e-01	1.135809e+00
320	4.351778e-01	4.920061e-01	2.997069e+00
322	4.126325e-01	3.794587e-01	2.362970e+00
323	4.996804e-01	5.218010e-01	2.553493e+00
324	5.189335e-01	5.233767e-01	1.347826e+00
325	4.841406e-01	4.960776e-01	2.896434e+00
326	4.740393e-01	5.050097e-01	1.857841e+00
327	4.185453e-01	4.708414e-01	1.669272e+00
328	4.820118e-01	5.311629e-01	1.726917e+00
329	4.264657e-01	4.460514e-01	2.604299e+00
330	4.679975e-01	5.208236e-01	2.089399e+00
331	4.574172e-01	5.623210e-01	1.552027e+00
332	4.554928e-01	5.762598e-01	1.769907e+00
333	4.954125e-01	5.319176e-01	1.382022e+00
334	2.651452e-01	3.287252e-01	2.510503e+00
335	4.351441e-01	4.907991e-01	1.640938e+00
336	4.785961e-01	5.150081e-01	2.933561e+00
337	3.713967e-01	4.238800e-01	1.033219e+00
338	4.155022e-01	4.720798e-01	1.408403e+00
339	4.991251e-01	5.281845e-01	2.767465e+00
340	4.574355e-01	4.901233e-01	1.526624e+00
341	5.180374e-01	6.568959e-01	1.456277e+00
342	4.743425e-01	5.255896e-01	1.054714e+00
343	4.368859e-01	5.690073e-01	2.601368e+00
344	4.599609e-01	4.629071e-01	2.193942e+00
346	4.616250e-01	4.855658e-01	1.564729e+00
347	4.912655e-01	5.023405e-01	1.679043e+00
348	5.369743e-01	3.272101e-01	2.034685e+00
349	4.773416e-01	5.306734e-01	2.564240e+00
350	4.610326e-01	4.637349e-01	2.311187e+00
351	4.790604e-01	2.917062e-01	1.297997e+00
352	4.919053e-01	5.280433e-01	2.873962e+00
353	5.063580e-01	3.859315e-01	2.202736e+00
354	4.723635e-01	5.076238e-01	2.653151e+00
355	3.115764e-01	5.887660e-01	2.461651e+00
356	4.920792e-01	5.251462e-01	1.679043e+00
357	4.446151e-01	4.587881e-01	2.991207e+00
358	3.441214e-01	4.348884e-01	2.857352e+00
359	4.269610e-01	3.932336e-01	1.913532e+00
360	4.268353e-01	6.538167e-01	1.216903e+00
361	4.801085e-01	5.530082e-01	1.214949e+00
362	4.190109e-01	5.199456e-01	1.005862e+00
363	4.660014e-01	5.005676e-01	2.227162e+00
364	4.790656e-01	5.292896e-01	1.723009e+00
366	4.855979e-01	4.242344e-01	1.692721e+00
367	4.604845e-01	5.161931e-01	1.154372e+00
368	4.754900e-01	5.233488e-01	1.851001e+00
369	4.757100e-01	5.041540e-01	2.418661e+00
370	4.649598e-01	4.457169e-01	1.874450e+00
371	3.922615e-01	5.341823e-01	1.591109e+00
372	4.737114e-01	5.539511e-01	2.199805e+00
373	4.984971e-01	6.633201e-01	2.208598e+00
374	3.978421e-01	4.224679e-01	1.322423e+00
375	3.780375e-01	4.330953e-01	2.361016e+00
376	4.731204e-01	6.407596e-01	1.815828e+00
377	4.704314e-01	5.094029e-01	1.328285e+00
378	4.723839e-01	4.861377e-01	1.883244e+00
379	6.107975e-01	7.054395e-01	1.599902e+00
380	4.273014e-01	4.261089e-01	2.343429e+00
381	4.822496e-01	5.493318e-01	1.835369e+00
383	5.996389e-01	3.642061e-01	1.698583e+00
384	4.233486e-01	5.274393e-01	2.761602e+00
385	4.042260e-01	8.710745e-01	1.961407e+00
386	4.394179e-01	4.017848e-01	2.449927e+00
387	4.795743e-01	5.133723e-01	2.669761e+00
388	5.112746e-01	4.324078e-01	2.597460e+00
389	4.755260e-01	5.192932e-01	2.960918e+00
390	4.950002e-01	5.284395e-01	1.655594e+00
391	4.756769e-01	5.020453e-01	2.572057e+00
392	4.781869e-01	5.152614e-01	1.234489e+00
393	4.966675e-01	4.820552e-01	1.607719e+00
394	4.701750e-01	5.153607e-01	2.643381e+00
395	6.492930e-01	3.635978e-01	1.233512e+00
397	6.756453e-01	3.291512e-01	1.083048e+00
398	4.651568e-01	4.556483e-01	2.453835e+00
399	4.922780e-01	6.114346e-01	2.169516e+00
400	5.212883e-01	5.575323e-01	1.634099e+00
401	4.407381e-01	3.082820e-01	1.314607e+00
402	4.477872e-01	5.023633e-01	2.292623e+00
403	4.361936e-01	3.006233e-01	1.759160e+00
404	5.622304e-01	5.457809e-01	2.942355e+00
405	4.220732e-01	4.262225e-01	1.358574e+00
406	4.348374e-01	4.666872e-01	1.474841e+00
407	4.176492e-01	4.397391e-01	2.850513e+00
408	5.875602e-01	3.265304e-01	2.543723e+00
409	4.680755e-01	5.193391e-01	1.170005e+00
410	4.454754e-01	4.559143e-01	2.011236e+00
411	4.044750e-01	5.259979e-01	2.982413e+00
412	7.352647e-01	2.154916e-01	1.578407e+00
413	4.183362e-01	4.107389e-01	2.904250e+00
414	4.801431e-01	5.130918e-01	2.948217e+00
415	4.761005e-01	5.011614e-01	1.856864e+00
416	5.057799e-01	5.590085e-01	1.780655e+00
417	4.490613e-01	4.811284e-01	1.223742e+00
418	4.659275e-01	5.101824e-01	2.928676e+00
419	4.612609e-01	5.124987e-01	1.055691e+00
420	4.473299e-01	5.234591e-01	2.823156e+00
421	4.762578e-01	5.062180e-01	2.886663e+00
422	4.805359e-01	4.985009e-01	1.391793e+00
423	4.480642e-01	6.521516e-01	1.467025e+00
424	4.313669e-01	4.800318e-01	1.512946e+00
425	3.327619e-01	4.371309e-01	1.960430e+00
426	3.153061e-01	4.388085e-01	2.254519e+00
427	5.116814e-01	5.654171e-01	2.899365e+00
428	5.055513e-01	4.991384e-01	1.247191e+00
429	4.808507e-01	5.076791e-01	1.802149e+00
430	4.634806e-01	5.052484e-01	1.663410e+00
431	4.736655e-01	3.723642e-01	2.556424e+00
432	8.086175e-02	2.338541e-01	2.947240e+00
433	4.790189e-01	5.063256e-01	2.475330e+00
434	4.502182e-01	5.153126e-01	2.923791e+00
435	4.267892e-01	6.367231e-01	2.906204e+00
437	4.758637e-01	5.326296e-01	2.476307e+00
438	5.367645e-01	4.205419e-01	2.065950e+00
439	4.710575e-01	5.095136e-01	1.983879e+00
440	4.160278e-01	4.126705e-01	1.637030e+00
441	4.533957e-01	4.468928e-01	1.338056e+00
442	3.936831e-01	4.663404e-01	2.406937e+00
443	5.758025e-01	5.979501e-01	1.422081e+00
444	5.299069e-01	6.384717e-01	2.956033e+00
445	4.704184e-01	4.935823e-01	2.601368e+00
446	2.479645e-01	3.050598e-01	1.846116e+00
447	4.877242e-01	5.213108e-01	1.264778e+00
448	5.075862e-01	5.416269e-01	1.119199e+00
449	4.357185e-01	4.331434e-01	1.956522e+00
450	6.276847e-01	2.657003e-01	2.971666e+00
451	4.741236e-01	5.119826e-01	2.149976e+00
452	5.096845e-01	6.179981e-01	1.574499e+00
453	4.290145e-01	4.263137e-01	1.775769e+00
455	5.016503e-01	5.529367e-01	2.984367e+00
456	4.507622e-01	4.834969e-01	1.577430e+00
457	4.832452e-01	5.596642e-01	2.955056e+00
458	4.487989e-01	5.322046e-01	2.865169e+00
459	4.967473e-01	5.515458e-01	1.672203e+00
461	4.447530e-01	7.925736e-01	2.513434e+00
462	5.125836e-01	5.468497e-01	1.853933e+00
463	4.747162e-01	4.362416e-01	2.858329e+00
464	5.033020e-01	5.298781e-01	1.574499e+00
465	5.107959e-01	4.787752e-01	1.432829e+00
466	4.679717e-01	5.088290e-01	1.500244e+00
467	5.916955e-01	5.971931e-01	1.323400e+00
468	4.624799e-01	5.164849e-01	2.147044e+00
469	4.705286e-01	5.481744e-01	2.698095e+00
470	4.656971e-01	4.852781e-01	1.364436e+00
471	3.810274e-01	3.257995e-01	2.076698e+00
472	4.678391e-01	5.147440e-01	2.011236e+00
473	5.782703e-01	5.939106e-01	1.215926e+00
474	4.581115e-01	5.053171e-01	2.299463e+00
475	4.347772e-01	5.695063e-01	1.683928e+00
476	4.589470e-01	5.244921e-01	2.081583e+00
477	5.087065e-01	5.408859e-01	2.350269e+00
478	5.862447e-01	4.510928e-01	2.728383e+00
479	5.502123e-01	6.826546e-01	1.194431e+00
480	4.928534e-01	3.825670e-01	2.515388e+00
481	3.907221e-01	3.088130e-01	1.865657e+00
482	3.705979e-01	3.765413e-01	1.802149e+00
483	5.232955e-01	5.466769e-01	1.367367e+00
484	4.870589e-01	5.574663e-01	1.148510e+00
485	4.467870e-01	3.959738e-01	2.427455e+00
486	3.937832e-01	6.411521e-01	2.196873e+00
487	4.713986e-01	4.108023e-01	2.386419e+00
488	4.548304e-01	4.758009e-01	1.294089e+00
489	5.490523e-01	5.780771e-01	1.687836e+00
490	4.904226e-01	5.153311e-01	1.146556e+00
491	4.174882e-01	6.899619e-01	1.597948e+00
492	4.847479e-01	4.622716e-01	2.412799e+00
493	4.987023e-01	6.584598e-01	1.227650e+00
494	5.288355e-01	5.520100e-01	2.522228e+00
495	4.227189e-01	4.890809e-01	1.437714e+00
496	4.253148e-01	4.678886e-01	1.523693e+00
497	5.634340e-01	4.340798e-01	1.221788e+00
498	5.134194e-01	5.600000e-01	1.652662e+00
499	3.996983e-01	4.117032e-01	1.269663e+00
500	4.732302e-01	5.112067e-01	2.967758e+00
501	4.630730e-01	5.076993e-01	2.546654e+00
502	5.011548e-01	2.402658e-01	1.818759e+00
503	5.372898e-01	5.658676e-01	1.919394e+00
504	4.771480e-01	5.085910e-01	2.563263e+00
505	4.482681e-01	4.032822e-01	1.451392e+00
506	5.635336e-01	5.822497e-01	1.718124e+00
507	4.885314e-01	5.189646e-01	1.207132e+00
508	4.741739e-01	5.184958e-01	1.236444e+00
509	5.401881e-01	4.548858e-01	2.622863e+00
510	3.511789e-01	6.181317e-01	2.549585e+00
511	4.672913e-01	4.917976e-01	2.966781e+00
512	4.466343e-01	4.799739e-01	2.395213e+00
513	4.226183e-01	4.777860e-01	1.534441e+00
514	3.468785e-01	4.107634e-01	1.550073e+00
515	4.363043e-01	4.776267e-01	1.610650e+00
516	3.802231e-01	8.052446e-01	1.612604e+00
517	4.874393e-01	4.983759e-01	1.086957e+00
518	4.855731e-01	5.784758e-01	2.282853e+00
519	4.717489e-01	7.071054e-01	1.573522e+00
520	4.863664e-01	5.071031e-01	2.497802e+00
521	4.727727e-01	5.228629e-01	1.752320e+00
523	4.511204e-01	5.110222e-01	1.209086e+00
524	4.194316e-01	3.325084e-01	2.755740e+00
525	4.971052e-01	6.561330e-01	1.499267e+00
526	4.654828e-01	5.133883e-01	1.014656e+00
527	6.375066e-01	6.990875e-01	2.891549e+00
528	4.815530e-01	5.217836e-01	2.478261e+00
529	4.465345e-01	3.120698e-01	1.898876e+00
530	4.937483e-01	4.945205e-01	1.188569e+00
531	4.677592e-01	4.637231e-01	2.785051e+00
532	4.679612e-01	5.041013e-01	2.945286e+00
533	5.010269e-01	5.750289e-01	2.458720e+00
534	4.218713e-01	4.496355e-01	2.673669e+00
535	4.593371e-01	5.187990e-01	1.399609e+00
536	4.875627e-01	5.149384e-01	2.604299e+00
537	4.676191e-01	4.996928e-01	1.529555e+00
538	4.701697e-01	5.057327e-01	2.823156e+00
539	4.460531e-01	4.684734e-01	2.826087e+00
540	4.720385e-01	4.903217e-01	2.844651e+00
541	4.230103e-01	5.742844e-01	2.290669e+00
542	4.334135e-01	4.986747e-01	2.570103e+00
543	4.711456e-01	5.460948e-01	2.396190e+00
544	5.392260e-01	4.793768e-01	1.318515e+00
545	4.761906e-01	4.384275e-01	2.605276e+00
546	3.493777e-01	3.110592e-01	2.683439e+00
547	5.834560e-01	6.406762e-01	1.587201e+00
548	4.478879e-01	4.087728e-01	1.375183e+00
549	4.175050e-01	5.111376e-01	2.298486e+00
550	4.982178e-01	7.399178e-01	1.285296e+00
551	4.627894e-01	4.996874e-01	2.983390e+00
552	4.298678e-01	7.353587e-01	1.195408e+00
553	4.679862e-01	5.197171e-01	2.414753e+00
554	4.918065e-01	4.795858e-01	1.843185e+00
555	5.373109e-01	5.524049e-01	2.396190e+00
556	4.368634e-01	6.074730e-01	3.000000e+00
557	4.598822e-01	5.125765e-01	2.728383e+00
559	4.906438e-01	5.342874e-01	1.944797e+00
560	4.123439e-01	6.638010e-01	2.883732e+00
561	6.417474e-01	6.143701e-01	2.383488e+00
562	5.040948e-01	5.636313e-01	2.506595e+00
563	4.482163e-01	4.846268e-01	1.786517e+00
564	4.569499e-01	5.657187e-01	2.893503e+00
565	4.632844e-01	4.934329e-01	2.981436e+00
566	4.852039e-01	5.600203e-01	2.663898e+00
567	4.588591e-01	4.810070e-01	2.227162e+00
568	4.909982e-01	4.953397e-01	1.527601e+00
569	5.620936e-01	7.305820e-01	2.610161e+00
570	6.679199e-01	4.821060e-01	1.058622e+00
571	4.755634e-01	5.178193e-01	2.782120e+00
573	4.715537e-01	5.175235e-01	2.109917e+00
574	4.963301e-01	5.378484e-01	2.074744e+00
575	4.534201e-01	5.009599e-01	2.319003e+00
576	5.014522e-01	5.094751e-01	1.290181e+00
577	5.792052e-01	5.274986e-01	1.286273e+00
578	4.254716e-01	4.757851e-01	1.881290e+00
579	4.874390e-01	5.281679e-01	1.664387e+00
580	2.360565e-01	1.738385e-01	1.242306e+00
581	5.016050e-01	4.770954e-01	1.927211e+00
582	4.751572e-01	5.067384e-01	2.820225e+00
583	4.909996e-01	4.055562e-01	2.792868e+00
584	3.930656e-01	5.565422e-01	1.201270e+00
585	4.527561e-01	4.581705e-01	1.898876e+00
586	4.638538e-01	5.070078e-01	1.782609e+00
587	4.739263e-01	4.944452e-01	1.561798e+00
588	4.714347e-01	5.113033e-01	2.282853e+00
589	5.085652e-01	5.556360e-01	2.210552e+00
590	4.217438e-01	5.486727e-01	1.020518e+00
591	5.103695e-01	5.729644e-01	1.784563e+00
592	4.699394e-01	5.112392e-01	1.275525e+00
593	4.503162e-01	5.177952e-01	1.212995e+00
594	4.854909e-01	5.923510e-01	2.964827e+00
595	4.594249e-01	4.991799e-01	2.079629e+00
596	4.029946e-01	6.652553e-01	1.187592e+00
597	4.783968e-01	4.672557e-01	1.258915e+00
598	4.901567e-01	4.849705e-01	1.999511e+00
599	4.634195e-01	4.979470e-01	1.264778e+00
600	4.778923e-01	5.117426e-01	1.110405e+00
601	3.917849e-01	3.940112e-01	1.107474e+00
602	3.799408e-01	5.664333e-01	1.070347e+00
603	4.641220e-01	5.001671e-01	2.400098e+00
604	4.670605e-01	4.993099e-01	2.871031e+00
605	4.733755e-01	5.163713e-01	2.739130e+00
606	4.839492e-01	4.756815e-01	2.061065e+00
607	2.127850e-01	3.598154e-01	1.073278e+00
608	4.918007e-01	5.543258e-01	2.799707e+00
609	4.696873e-01	4.795451e-01	2.010259e+00
610	4.006672e-01	5.410127e-01	1.700537e+00
611	4.844402e-01	5.212410e-01	1.339033e+00
612	4.144148e-01	5.020130e-01	2.227162e+00
613	4.839601e-01	4.441430e-01	2.482169e+00
614	4.505307e-01	5.108322e-01	2.958964e+00
615	5.096634e-01	4.930812e-01	1.443576e+00
616	5.861565e-01	5.373496e-01	2.381534e+00
617	5.400689e-01	5.884193e-01	1.971177e+00
618	4.862018e-01	5.201430e-01	2.960918e+00
619	5.417214e-01	8.222057e-01	1.812897e+00
620	3.735992e-01	5.083456e-01	1.170982e+00
621	4.974629e-01	5.887558e-01	1.277479e+00
622	4.534476e-01	7.253879e-01	1.176844e+00
623	4.912539e-01	6.082120e-01	1.636053e+00
624	3.894280e-01	4.345189e-01	2.336590e+00
625	5.254494e-01	4.798291e-01	1.343918e+00
626	4.895793e-01	4.994031e-01	1.905716e+00
627	4.587743e-01	4.505811e-01	1.784563e+00
628	4.798200e-01	5.011414e-01	2.063996e+00
629	4.612513e-01	5.021034e-01	2.497802e+00
630	5.037271e-01	4.401975e-01	2.870054e+00
631	5.275025e-01	5.883410e-01	1.729849e+00
632	4.825140e-01	4.909953e-01	2.290669e+00
633	4.701721e-01	5.095134e-01	2.841720e+00
634	4.780939e-01	5.139457e-01	2.195896e+00
635	4.661404e-01	4.746437e-01	1.601856e+00
636	4.495670e-01	4.942465e-01	2.449927e+00
637	4.495730e-01	5.185084e-01	1.462140e+00
638	4.716947e-01	5.082179e-01	2.041524e+00
639	4.735118e-01	5.085953e-01	2.061065e+00
640	5.847347e-01	6.952503e-01	2.130435e+00
641	3.826393e-01	3.011730e-01	2.205667e+00
642	4.799416e-01	5.218203e-01	2.184172e+00
643	4.875528e-01	4.936138e-01	2.747924e+00
644	3.096994e-01	4.481521e-01	2.909135e+00
645	4.633040e-01	5.023478e-01	2.777235e+00
646	4.659935e-01	4.451555e-01	1.295066e+00
647	3.792278e-01	5.371032e-01	1.050806e+00
648	3.307322e-01	4.457617e-01	1.191500e+00
649	4.750045e-01	5.272398e-01	1.198339e+00
650	4.442928e-01	5.253352e-01	2.656082e+00
651	4.647480e-01	5.309091e-01	1.692721e+00
652	8.288752e-01	6.961451e-01	2.330728e+00
653	4.678755e-01	4.969780e-01	1.906693e+00
654	4.703395e-01	5.200050e-01	2.192965e+00
655	4.511897e-01	4.869134e-01	1.200293e+00
656	4.751951e-01	5.026280e-01	2.361016e+00
657	6.046362e-01	6.720974e-01	2.080606e+00
658	4.647864e-01	4.960136e-01	2.017098e+00
659	4.030346e-01	4.859194e-01	2.191011e+00
660	4.238231e-01	4.134798e-01	1.667318e+00
661	5.248055e-01	6.066890e-01	2.229116e+00
662	6.020892e-01	6.775157e-01	1.188569e+00
663	4.810509e-01	5.104268e-01	2.714704e+00
664	4.981179e-01	5.999110e-01	1.979971e+00
665	4.418881e-01	4.998484e-01	2.954079e+00
666	7.717147e-01	6.484866e-01	1.803127e+00
667	4.953382e-01	5.418741e-01	1.039082e+00
668	4.348926e-01	7.343336e-01	1.893014e+00
669	5.501239e-01	5.923844e-01	1.778701e+00
670	2.383981e-01	2.975491e-01	1.807035e+00
671	4.703542e-01	4.910694e-01	1.102589e+00
672	4.152801e-01	7.093906e-01	1.879336e+00
673	4.226502e-01	5.663303e-01	1.984856e+00
674	4.722271e-01	5.095019e-01	2.238886e+00
675	4.980310e-01	5.425819e-01	2.868100e+00
676	4.566944e-01	5.077028e-01	2.748901e+00
677	2.600227e-01	4.790388e-01	1.578407e+00
678	4.532021e-01	4.901249e-01	1.621397e+00
679	4.707156e-01	5.134860e-01	2.657059e+00
680	4.479909e-01	4.952451e-01	2.404983e+00
681	4.926442e-01	5.236612e-01	2.272106e+00
682	5.048013e-01	5.204127e-01	1.463117e+00
683	4.915883e-01	5.285419e-01	2.316072e+00
684	4.617687e-01	4.990709e-01	2.334636e+00
685	5.980360e-01	5.355328e-01	1.365413e+00
686	3.603724e-01	5.038218e-01	2.105032e+00
687	4.025277e-01	5.233853e-01	1.339033e+00
688	4.686673e-01	5.313016e-01	2.932584e+00
689	4.640071e-01	5.058309e-01	2.378603e+00
690	4.764619e-01	5.179124e-01	1.833415e+00
691	5.128214e-01	7.221295e-01	1.663410e+00
692	4.948990e-01	4.958199e-01	2.251588e+00
693	2.937369e-01	4.471067e-01	1.766976e+00
694	5.567016e-01	6.274859e-01	1.575476e+00
695	4.322597e-01	4.162757e-01	2.771373e+00
696	4.700640e-01	5.057917e-01	2.787005e+00
697	4.689454e-01	4.989538e-01	1.959453e+00
698	4.931835e-01	5.404227e-01	2.187103e+00
699	4.726028e-01	5.100471e-01	2.430386e+00
700	4.719315e-01	5.715002e-01	2.679531e+00
701	5.218061e-01	5.627618e-01	2.191988e+00
702	5.268566e-01	6.296802e-01	2.945286e+00
703	4.901772e-01	4.982303e-01	2.793845e+00
704	4.588736e-01	4.997086e-01	2.132389e+00
705	7.415275e-01	6.319998e-01	1.627259e+00
706	4.814226e-01	5.151708e-01	1.623351e+00
707	4.733674e-01	5.189211e-01	2.772350e+00
708	4.724640e-01	5.135070e-01	1.552027e+00
709	4.167210e-01	4.363165e-01	1.180752e+00
710	4.204132e-01	4.553167e-01	1.632145e+00
711	4.879851e-01	7.655503e-01	1.680997e+00
712	4.200075e-01	3.990350e-01	2.828041e+00
713	6.026269e-01	8.058281e-01	1.703468e+00
714	3.115574e-01	6.952672e-01	1.471910e+00
715	4.765372e-01	5.241203e-01	2.368832e+00
716	4.724571e-01	5.096220e-01	1.961407e+00
717	4.781542e-01	5.050081e-01	1.756229e+00
718	4.616154e-01	5.539741e-01	2.987298e+00
719	4.781750e-01	5.052871e-01	2.332682e+00
720	4.669944e-01	4.824107e-01	1.097704e+00
721	5.427762e-01	5.857955e-01	1.954568e+00
722	4.658170e-01	5.066073e-01	1.704446e+00
723	4.719389e-01	5.093242e-01	1.853933e+00
724	5.281726e-01	5.764941e-01	2.829995e+00
725	5.210913e-01	4.630996e-01	2.232047e+00
726	4.456797e-01	4.501316e-01	2.587689e+00
727	7.315225e-01	2.407419e-01	2.698095e+00
729	3.903043e-01	4.450612e-01	1.212995e+00
730	6.065759e-01	5.395717e-01	1.502198e+00
731	4.760568e-01	5.126206e-01	2.614069e+00
732	3.867000e-01	3.678494e-01	2.880801e+00
733	4.896129e-01	5.221224e-01	1.956522e+00
734	4.351649e-01	4.470884e-01	2.745970e+00
735	6.683424e-01	5.013247e-01	1.179775e+00
736	5.217180e-01	5.744667e-01	1.935027e+00
737	4.808447e-01	5.049200e-01	1.975085e+00
738	4.439933e-01	4.578658e-01	1.067416e+00
739	4.343895e-01	5.100250e-01	2.024915e+00
740	6.033773e-01	5.805575e-01	2.810454e+00
741	5.077316e-01	5.355576e-01	2.428432e+00
742	4.845799e-01	5.047215e-01	1.957499e+00
743	3.532905e-01	4.289950e-01	2.306302e+00
744	4.671794e-01	4.852134e-01	2.557401e+00
745	4.397969e-01	4.714572e-01	1.243283e+00
746	4.731456e-01	5.388083e-01	2.429409e+00
747	5.195776e-01	5.294571e-01	2.523205e+00
748	2.479314e-01	3.990490e-01	2.842697e+00
749	4.754566e-01	5.064722e-01	2.247680e+00
750	4.925473e-01	5.564759e-01	2.000489e+00
751	4.798221e-01	5.382668e-01	2.446019e+00
752	4.752838e-01	5.041467e-01	2.360039e+00
753	4.295358e-01	6.630773e-01	2.567171e+00
754	4.716430e-01	5.153968e-01	2.415730e+00
755	4.633683e-01	5.447707e-01	1.989741e+00
756	4.654204e-01	5.108614e-01	2.908158e+00
757	5.706981e-01	3.015094e-01	2.731314e+00
758	4.678044e-01	5.058167e-01	2.544700e+00
759	4.709894e-01	5.083462e-01	2.890572e+00
760	4.748112e-01	5.104831e-01	1.654617e+00
761	4.795300e-01	5.069385e-01	1.008793e+00
762	5.257162e-01	5.696983e-01	1.260870e+00
763	6.225071e-01	5.493453e-01	1.347826e+00
764	4.863377e-01	4.914652e-01	1.325354e+00
765	4.665446e-01	5.140646e-01	1.420127e+00
766	5.760972e-01	6.338294e-01	2.845628e+00
767	4.662431e-01	4.781182e-01	1.853933e+00
768	4.604339e-01	4.996818e-01	1.303859e+00
769	4.023347e-01	3.839900e-01	1.294089e+00
770	8.154425e-01	1.207810e-01	1.675134e+00
771	4.667769e-01	5.652514e-01	2.417684e+00
772	4.444269e-01	4.587161e-01	2.053249e+00
773	4.758835e-01	5.251549e-01	1.276502e+00
774	4.979962e-01	2.433086e-01	2.779189e+00
775	5.129011e-01	5.539841e-01	1.984856e+00
776	5.476048e-01	2.919835e-01	2.295554e+00
777	4.670282e-01	5.033470e-01	1.652662e+00
778	4.763716e-01	5.150680e-01	2.464582e+00
779	4.700696e-01	5.094152e-01	1.763068e+00
780	5.115735e-01	5.322197e-01	2.026869e+00
781	4.859404e-01	5.922307e-01	1.160234e+00
782	3.092990e-01	5.080382e-01	2.302394e+00
783	4.536553e-01	4.877365e-01	1.384954e+00
784	4.895557e-01	5.005194e-01	2.598437e+00
785	4.489648e-01	4.921332e-01	2.130435e+00
786	4.781606e-01	5.160070e-01	1.690767e+00
787	4.731286e-01	5.336508e-01	1.940889e+00
788	4.840223e-01	5.278985e-01	2.099170e+00
