699
0	7.799079e-01	3.904908e-01	1.398632e+00
1	6.097719e-01	1.671137e-01	1.108451e+00
2	7.005049e-01	2.383542e-01	2.925745e+00
3	7.949897e-01	7.426461e-02	2.732291e+00
5	3.520921e-01	3.057663e-01	2.424524e+00
7	4.554370e-01	5.961994e-01	2.705911e+00
8	5.757127e-01	2.515839e-01	2.442110e+00
9	5.846367e-01	1.847662e-01	2.233024e+00
10	5.614582e-01	2.093943e-01	2.376649e+00
11	5.731934e-01	2.296945e-01	1.556913e+00
13	5.123697e-01	8.997589e-01	1.066439e+00
14	1.284054e-01	2.582468e-01	1.626282e+00
15	7.608660e-01	7.984597e-02	1.306790e+00
16	6.185345e-01	6.590634e-02	2.902296e+00
17	5.739291e-01	1.464882e-01	1.195408e+00
18	4.281915e-01	3.226890e-01	1.785540e+00
19	5.872932e-01	4.455110e-02	1.248168e+00
20	6.188205e-01	1.021531e-01	1.863703e+00
21	1.865304e-01	3.572847e-02	2.671715e+00
22	5.937134e-01	1.057336e-01	2.487054e+00
23	6.079304e-01	2.616376e-01	1.946751e+00
24	1.008284e-01	8.758907e-01	1.303859e+00
26	5.858520e-01	1.385894e-01	1.388862e+00
27	5.747796e-01	2.134621e-01	1.591109e+00
28	3.566367e-01	6.094293e-01	2.205667e+00
29	3.056500e-01	2.400427e-01	2.181241e+00
30	8.145051e-01	1.905006e-01	1.475818e+00
31	5.289256e-01	9.880963e-02	2.309233e+00
33	4.374812e-01	7.018984e-01	2.331705e+00
34	5.692820e-01	1.417286e-01	1.126038e+00
37	5.650376e-01	2.489214e-01	2.555447e+00
38	5.847235e-01	2.373812e-01	2.559355e+00
39	4.698859e-01	1.654120e-01	1.895945e+00
40	2.266933e-01	6.691687e-01	1.282364e+00
41	5.724841e-01	1.624825e-01	2.750855e+00
42	5.857425e-01	1.644896e-01	2.412799e+00
43	6.374266e-01	9.480589e-02	2.557401e+00
44	6.023609e-01	2.028306e-01	1.648754e+00
46	5.477232e-01	1.271790e-01	2.588666e+00
47	5.324999e-01	7.061135e-02	1.525647e+00
48	5.620774e-01	1.549692e-01	2.751832e+00
51	5.563646e-01	1.028322e-01	2.560332e+00
52	1.437285e-01	5.789396e-01	1.696629e+00
53	3.016236e-01	4.713845e-01	1.506106e+00
54	5.737811e-01	1.355384e-01	2.675623e+00
55	5.909929e-01	1.488097e-01	2.497802e+00
58	7.642678e-01	1.853384e-01	1.866634e+00
60	5.406120e-01	1.749982e-01	1.503175e+00
61	5.848496e-01	2.428678e-01	2.449927e+00
62	5.548112e-01	1.422228e-01	2.831949e+00
63	6.740587e-01	2.417981e-01	2.317049e+00
64	5.946098e-01	1.530680e-01	2.353200e+00
65	5.811829e-01	1.840534e-01	2.575965e+00
66	7.313822e-01	2.298768e-01	2.922814e+00
67	1.523737e-01	5.317296e-01	2.289692e+00
68	2.276563e-01	1.206799e-01	2.766488e+00
69	4.928658e-01	8.941743e-02	1.522716e+00
70	3.172140e-02	1.134387e-01	2.769419e+00
71	5.521404e-01	1.027906e-01	1.110405e+00
72	2.326390e-01	2.329088e-01	1.412311e+00
73	7.152766e-01	2.667431e-01	1.951637e+00
74	3.902698e-01	7.482260e-01	1.449438e+00
75	7.838111e-01	1.965891e-01	2.176356e+00
76	5.885455e-01	1.831869e-01	1.212995e+00
77	5.832343e-01	1.319117e-01	1.872496e+00
78	5.618232e-01	2.252642e-01	1.606742e+00
80	5.886253e-01	1.479798e-01	2.736199e+00
81	5.468425e-01	1.044679e-01	1.617489e+00
82	3.670944e-01	3.807153e-01	2.456766e+00
83	7.680085e-01	8.664644e-01	1.406448e+00
85	3.879059e-01	1.522727e-01	2.712750e+00
86	5.954591e-01	1.674753e-01	2.877870e+00
88	8.790844e-02	7.974009e-02	2.169516e+00
89	5.055913e-01	2.856511e-01	2.483146e+00
90	5.753570e-01	1.234077e-01	1.538349e+00
91	4.206335e-01	1.116329e-01	1.117245e+00
92	5.860983e-01	1.963664e-01	2.709819e+00
93	5.442155e-01	1.855180e-01	2.929653e+00
94	5.820224e-01	1.638941e-01	2.125550e+00
95	4.826567e-01	1.431307e-01	2.148999e+00
96	5.870976e-01	1.945405e-01	1.206155e+00
97	6.805781e-01	2.141008e-01	2.689301e+00
98	6.263372e-01	6.644845e-02	1.997557e+00
99	4.300378e-01	3.688878e-01	1.753298e+00
100	6.082314e-01	2.352573e-01	1.491451e+00
101	5.749171e-01	9.467841e-02	2.381534e+00
103	6.148612e-01	2.718833e-01	2.723498e+00
104	8.980860e-01	7.219334e-01	1.216903e+00
105	8.721277e-02	2.601445e-01	1.385931e+00
106	7.949126e-01	2.441303e-01	1.094773e+00
107	5.762269e-01	2.149491e-01	1.887152e+00
108	5.669134e-01	2.780574e-01	1.869565e+00
109	6.105748e-01	1.652233e-01	2.657059e+00
110	6.075052e-01	1.230581e-01	1.905716e+00
111	9.949118e-01	1.989738e-01	2.319980e+00
112	6.414806e-01	4.650002e-01	1.549096e+00
113	6.828768e-01	1.966615e-01	1.155349e+00
114	5.145380e-01	9.598644e-02	1.261847e+00
115	4.436659e-01	3.441423e-01	1.308745e+00
116	2.045864e-01	3.239026e-01	1.148510e+00
117	5.999810e-01	1.877403e-01	1.865657e+00
118	4.798046e-01	2.612686e-01	2.988276e+00
119	3.704796e-01	1.426530e-01	1.479726e+00
120	6.716761e-01	2.001396e-01	2.095261e+00
121	5.764219e-01	1.201894e-01	2.442110e+00
123	5.755425e-01	1.271817e-01	1.417196e+00
124	5.652888e-01	1.008713e-01	2.817294e+00
125	4.466558e-01	6.560816e-02	1.164143e+00
126	5.532360e-01	1.325433e-01	2.738153e+00
127	4.768073e-01	6.380196e-01	2.338544e+00
129	5.907478e-01	2.377707e-01	2.676600e+00
131	6.996713e-01	2.346443e-01	2.375672e+00
132	6.825247e-01	1.945679e-01	1.220811e+00
133	7.413461e-01	2.392186e-01	2.407914e+00
134	6.498376e-01	1.459445e-01	2.277968e+00
135	5.193801e-01	4.583240e-02	2.409868e+00
136	7.395929e-01	2.365362e-01	2.083537e+00
137	7.110266e-01	2.313596e-01	2.286761e+00
138	7.564709e-01	2.353457e-01	1.194431e+00
139	5.611854e-01	2.178057e-01	2.818271e+00
140	8.049958e-01	2.755156e-01	2.827064e+00
141	6.014905e-01	1.404278e-01	1.684905e+00
142	6.277129e-01	1.070870e-01	1.999511e+00
143	6.031266e-01	2.109436e-01	1.956522e+00
144	1.376959e-01	1.872995e-01	2.323889e+00
145	6.151575e-01	1.234723e-01	2.501710e+00
146	4.986132e-01	1.949544e-01	2.395213e+00
147	3.662600e-01	2.303902e-01	2.719590e+00
148	5.632990e-01	9.726882e-02	2.937469e+00
150	3.143516e-01	1.475052e-01	1.794333e+00
151	3.305039e-01	3.889292e-01	2.611138e+00
152	5.767321e-01	1.896862e-01	1.724963e+00
153	5.611538e-01	1.485800e-01	1.983879e+00
154	5.669146e-01	1.984752e-01	2.181241e+00
155	7.063080e-01	2.449640e-01	1.295066e+00
156	4.098664e-01	9.664913e-01	1.970200e+00
157	5.363273e-01	2.929484e-01	2.387396e+00
158	2.524065e-01	2.611142e-01	2.386419e+00
159	4.262042e-01	6.672870e-01	2.647289e+00
160	5.671788e-01	2.071532e-01	1.686859e+00
161	4.588806e-02	4.599165e-01	1.553981e+00
162	4.680602e-01	1.192154e-01	1.764045e+00
163	4.182071e-01	6.162614e-01	1.632145e+00
164	5.966045e-01	7.557835e-02	1.235467e+00
165	5.846731e-01	1.856889e-01	2.251588e+00
166	6.980100e-01	2.779952e-02	1.751343e+00
168	5.902901e-01	1.515235e-01	2.109917e+00
169	5.880097e-01	1.232943e-01	2.137274e+00
170	7.119287e-01	2.327023e-01	2.099170e+00
171	5.169014e-01	1.992080e-01	2.057157e+00
172	5.451023e-01	1.362594e-01	2.246702e+00
173	7.462362e-01	1.887173e-01	1.894968e+00
174	9.149913e-01	2.599000e-01	2.453835e+00
175	5.741590e-01	9.348603e-02	2.834880e+00
176	3.873105e-01	5.510098e-01	2.215437e+00
177	5.894288e-01	2.037441e-01	2.153884e+00
178	6.728310e-01	2.075490e-01	2.475330e+00
180	3.043224e-01	3.084730e-01	2.127504e+00
181	5.930487e-01	2.034412e-01	1.790425e+00
184	5.795357e-01	2.175472e-01	2.042501e+00
186	5.324924e-01	1.391986e-01	1.784563e+00
187	8.013587e-01	7.405579e-01	2.653151e+00
188	6.016319e-01	1.553735e-01	1.839277e+00
189	5.983561e-01	1.442351e-01	1.175867e+00
190	3.808856e-01	3.070756e-01	2.807523e+00
191	3.838797e-01	6.957789e-01	2.811431e+00
192	7.293621e-01	2.113237e-01	1.192477e+00
193	7.203861e-01	1.621352e-01	1.620420e+00
194	7.266435e-01	2.762138e-01	2.624817e+00
195	6.046869e-01	1.685332e-01	2.806546e+00
196	3.598709e-01	9.569662e-02	1.763068e+00
197	4.067395e-01	4.942387e-01	2.060088e+00
198	8.683957e-01	4.736789e-02	2.458720e+00
199	6.509536e-01	2.200357e-01	2.463605e+00
200	7.361023e-01	2.622182e-01	1.141671e+00
201	5.633696e-01	2.722655e-01	1.146556e+00
202	6.361460e-01	2.243227e-01	1.395701e+00
203	5.921666e-01	2.487113e-01	1.755252e+00
204	1.382686e-01	2.590314e-01	2.901319e+00
206	7.611707e-01	3.027743e-01	1.652662e+00
207	1.352308e-01	5.666605e-01	1.199316e+00
208	6.264556e-01	1.012816e-01	2.170493e+00
210	4.088839e-01	6.788779e-01	1.545188e+00
211	4.307487e-01	2.712106e-01	1.376160e+00
212	3.141491e-01	4.492337e-01	1.621397e+00
213	5.858403e-01	2.315012e-01	1.883244e+00
214	5.702753e-01	1.820964e-01	1.612604e+00
215	5.811613e-01	1.502845e-01	2.909135e+00
216	5.920381e-01	2.131716e-01	1.354665e+00
217	6.366912e-01	9.239469e-02	2.770396e+00
218	5.037761e-01	1.845075e-01	2.148999e+00
219	5.919762e-01	7.070942e-02	2.624817e+00
220	3.918003e-01	3.082641e-01	2.697118e+00
221	5.500636e-01	1.367418e-01	1.938935e+00
222	1.922568e-02	4.908467e-01	1.854910e+00
223	9.966524e-02	7.136770e-02	2.625794e+00
226	5.838927e-01	2.185657e-01	2.276014e+00
227	5.706372e-01	3.155873e-01	1.245237e+00
228	6.519388e-01	1.224009e-01	1.489497e+00
229	3.304450e-01	4.390398e-01	2.305325e+00
230	1.284036e-01	2.601946e-01	2.689301e+00
231	5.684673e-01	2.409289e-01	1.346849e+00
232	5.507136e-01	1.811145e-01	2.447973e+00
233	7.308979e-01	2.421091e-01	1.591109e+00
234	8.014645e-01	2.484140e-01	1.931119e+00
235	5.981002e-01	9.635615e-02	2.687347e+00
236	5.668689e-01	1.132477e-01	2.787982e+00
237	5.055137e-01	1.392390e-01	1.510015e+00
238	7.222736e-01	2.261680e-01	2.193942e+00
239	5.960804e-01	1.177448e-01	2.918906e+00
240	2.330859e-01	4.188246e-01	1.734734e+00
241	5.335127e-01	2.244217e-01	1.119199e+00
242	6.650745e-01	1.615975e-01	1.631168e+00
243	3.755538e-01	1.512408e-01	1.258915e+00
244	6.027190e-01	1.480593e-01	2.458720e+00
245	3.268832e-01	2.042882e-01	2.134343e+00
246	5.478128e-01	6.858884e-02	2.662921e+00
247	5.905815e-01	1.620356e-01	2.924768e+00
248	5.145877e-01	1.498220e-01	2.983390e+00
249	6.193164e-01	3.079247e-01	2.305325e+00
250	4.615856e-01	4.491253e-01	2.763556e+00
251	5.944009e-01	3.363754e-01	2.374695e+00
252	1.518605e-01	1.558510e-01	1.703468e+00
253	3.310763e-01	1.757796e-01	1.246214e+00
254	5.813116e-01	1.530863e-01	2.925745e+00
255	5.766473e-01	2.294706e-01	1.857841e+00
256	5.739737e-01	2.157344e-01	2.601368e+00
257	4.412236e-01	2.144752e-01	2.413776e+00
258	3.307839e-01	2.896476e-01	2.569126e+00
259	7.684821e-01	2.245675e-01	1.865657e+00
260	6.115682e-01	1.854098e-01	2.574988e+00
261	5.490192e-01	1.715614e-01	1.598925e+00
262	2.405736e-01	8.701480e-01	2.264289e+00
264	5.088770e-01	2.045198e-01	1.061553e+00
265	5.880641e-01	2.057081e-01	2.526136e+00
266	6.812361e-01	1.296588e-01	1.928188e+00
267	5.819554e-01	2.112983e-01	2.006351e+00
268	5.985686e-01	2.499093e-01	1.041036e+00
269	5.802288e-01	2.057873e-01	1.793356e+00
272	5.061730e-01	4.746140e-01	1.052760e+00
276	6.886526e-01	1.992832e-01	2.368832e+00
277	6.047675e-01	2.149377e-01	2.024915e+00
279	1.747894e-01	3.219107e-01	1.348803e+00
280	1.215797e-01	8.466171e-04	2.472399e+00
282	5.814715e-01	1.226998e-01	2.745970e+00
283	2.238248e-01	6.602906e-01	2.490962e+00
286	5.614674e-01	2.171462e-01	2.662921e+00
287	4.144927e-01	1.963645e-01	2.264289e+00
288	4.108786e-01	4.479337e-01	2.905227e+00
290	4.256702e-01	2.838814e-01	2.152907e+00
291	5.891800e-01	2.841026e-01	2.784074e+00
292	5.456368e-01	1.004381e-01	2.445042e+00
293	6.996185e-01	3.988527e-01	2.852467e+00
294	5.844203e-01	1.230576e-01	2.070835e+00
296	5.420770e-01	1.757436e-01	1.751343e+00
297	6.819025e-01	2.368213e-01	2.077675e+00
298	7.147443e-01	2.017108e-01	1.601856e+00
299	1.639804e-01	8.246288e-01	2.048363e+00
300	1.039101e-01	7.453845e-02	2.781143e+00
301	5.541818e-01	9.988257e-02	2.779189e+00
302	6.398311e-01	2.293656e-01	2.617978e+00
304	7.341912e-01	2.031460e-01	1.948705e+00
305	5.843395e-01	1.844535e-01	1.416219e+00
306	5.046285e-01	6.373725e-01	1.745481e+00
307	5.754155e-01	9.408326e-02	2.291646e+00
308	2.347348e-01	4.137771e-01	1.868588e+00
309	5.608388e-01	1.703708e-01	2.511480e+00
310	5.682181e-01	1.365594e-01	2.596483e+00
311	7.808153e-01	1.016610e-01	2.855398e+00
312	5.595546e-01	1.339727e-01	1.312653e+00
314	5.878343e-01	1.588017e-01	2.252565e+00
315	4.044190e-01	2.042902e-01	1.978017e+00
316	5.609736e-01	1.711509e-01	2.965804e+00
317	5.697255e-01	2.356007e-01	2.221299e+00
318	4.094546e-01	6.556480e-01	1.701514e+00
319	6.295705e-01	4.432237e-01	1.135809e+00
320	5.615930e-01	2.077083e-01	2.997069e+00
321	6.551816e-01	3.141295e-01	2.470445e+00
322	8.588421e-02	5.489176e-02	2.362970e+00
323	5.624533e-01	2.078236e-01	2.553493e+00
324	7.379161e-01	2.411830e-01	1.347826e+00
325	2.426830e-01	1.351624e-01	2.896434e+00
326	5.995389e-01	2.002255e-01	1.857841e+00
327	6.340560e-01	1.737223e-01	1.669272e+00
328	6.123084e-01	2.223225e-01	1.726917e+00
329	5.811467e-01	1.717296e-01	2.604299e+00
330	6.986610e-01	2.382916e-01	2.089399e+00
331	2.555816e-01	3.078138e-01	1.552027e+00
332	7.881180e-01	9.677842e-02	1.769907e+00
333	6.005619e-01	1.625792e-01	1.382022e+00
335	6.199403e-01	2.837478e-01	1.640938e+00
336	6.292151e-01	1.508548e-01	2.933561e+00
337	6.680147e-01	2.548716e-01	1.033219e+00
338	4.331943e-01	2.761842e-01	1.408403e+00
339	5.603900e-01	4.219914e-02	2.767465e+00
340	5.863571e-01	1.917660e-01	1.526624e+00
342	6.434793e-01	9.346738e-02	1.054714e+00
343	5.953987e-01	1.679484e-01	2.601368e+00
345	4.718825e-01	2.732564e-01	2.321935e+00
346	3.595027e-01	2.872600e-01	1.564729e+00
347	3.534736e-01	3.944263e-01	1.679043e+00
349	6.080523e-01	9.880709e-02	2.564240e+00
350	4.727603e-01	6.141858e-01	2.311187e+00
351	9.853188e-02	8.707417e-01	1.297997e+00
352	5.529937e-01	2.229010e-01	2.873962e+00
353	3.715135e-03	5.246777e-01	2.202736e+00
354	5.708677e-01	1.959732e-01	2.653151e+00
355	4.988086e-01	6.430971e-01	2.461651e+00
356	5.937927e-01	2.201542e-01	1.679043e+00
357	4.310502e-01	4.311526e-01	2.991207e+00
358	6.975905e-01	9.797898e-02	2.857352e+00
359	6.856905e-01	1.429092e-01	1.913532e+00
360	6.657221e-01	3.070400e-01	1.216903e+00
361	5.882631e-01	3.814362e-01	1.214949e+00
362	5.661450e-01	1.190394e-01	1.005862e+00
363	6.936810e-01	1.954354e-01	2.227162e+00
364	4.811308e-01	1.580114e-02	1.723009e+00
365	4.450753e-01	3.238253e-01	1.491451e+00
366	2.393293e-01	6.434046e-01	1.692721e+00
367	5.794519e-01	1.352745e-01	1.154372e+00
368	6.074009e-01	8.663727e-02	1.851001e+00
369	5.983822e-01	2.042734e-01	2.418661e+00
370	7.200017e-01	2.366361e-01	1.874450e+00
372	5.637771e-01	1.773640e-01	2.199805e+00
374	5.930362e-01	1.461445e-01	1.322423e+00
376	3.941222e-01	2.864366e-01	1.815828e+00
377	5.616669e-01	6.970587e-02	1.328285e+00
378	5.542795e-01	1.946896e-01	1.883244e+00
379	7.356886e-01	7.765296e-01	1.599902e+00
380	6.934281e-01	6.169958e-01	2.343429e+00
381	1.966373e-01	4.060672e-01	1.835369e+00
382	2.253120e-01	7.913480e-01	1.065462e+00
383	5.477667e-01	2.439150e-01	1.698583e+00
384	3.922653e-01	2.588694e-01	2.761602e+00
385	7.169494e-01	2.174020e-01	1.961407e+00
386	5.585620e-01	6.584496e-02	2.449927e+00
387	5.841464e-01	1.615834e-01	2.669761e+00
388	1.444500e-01	5.460848e-02	2.597460e+00
389	4.343306e-01	5.978587e-01	2.960918e+00
390	5.640918e-01	8.246191e-02	1.655594e+00
391	5.269085e-01	3.968004e-01	2.572057e+00
392	5.903452e-01	2.025404e-01	1.234489e+00
393	6.137340e-01	1.894514e-01	1.607719e+00
394	5.754051e-01	1.545051e-01	2.643381e+00
395	5.526539e-01	3.205481e-01	1.233512e+00
396	6.505755e-01	4.673029e-01	2.058134e+00
398	6.441860e-01	4.727465e-01	2.453835e+00
399	5.083554e-01	3.158296e-01	2.169516e+00
400	5.852545e-01	1.174960e-01	1.634099e+00
402	5.920147e-01	1.164010e-01	2.292623e+00
403	6.482690e-01	2.683926e-01	1.759160e+00
405	4.996962e-01	1.426429e-01	1.358574e+00
406	5.816027e-01	2.078576e-01	1.474841e+00
407	3.362863e-01	4.396472e-01	2.850513e+00
408	2.240621e-01	2.553284e-01	2.543723e+00
409	5.972199e-01	1.787982e-01	1.170005e+00
410	6.167133e-01	1.126641e-01	2.011236e+00
411	5.474832e-01	5.645244e-01	2.982413e+00
412	4.861184e-01	4.025010e-01	1.578407e+00
413	5.500735e-01	1.307661e-01	2.904250e+00
414	5.732158e-01	2.157796e-01	2.948217e+00
415	5.817254e-01	1.848949e-01	1.856864e+00
416	4.173306e-01	4.248463e-01	1.780655e+00
417	3.454635e-01	4.033560e-01	1.223742e+00
418	5.708712e-01	1.511895e-01	2.928676e+00
419	6.313598e-01	1.099987e-01	1.055691e+00
420	5.768984e-01	1.530589e-01	2.823156e+00
421	5.723615e-01	1.637690e-01	2.886663e+00
422	5.607112e-01	1.893115e-01	1.391793e+00
423	6.685793e-02	7.101598e-01	1.467025e+00
424	5.659101e-01	9.304664e-02	1.512946e+00
425	3.335636e-01	4.684472e-01	1.960430e+00
426	3.302717e-01	4.633092e-01	2.254519e+00
427	9.839544e-02	7.813707e-02	2.899365e+00
428	6.092368e-01	1.284510e-01	1.247191e+00
429	6.563996e-01	9.496590e-02	1.802149e+00
430	6.608065e-01	2.058249e-01	1.663410e+00
432	3.308175e-01	4.713575e-01	2.947240e+00
433	2.810432e-01	2.241304e-01	2.475330e+00
434	7.062727e-01	2.474813e-01	2.923791e+00
435	5.786642e-01	3.213435e-01	2.906204e+00
436	1.365311e-01	8.465883e-01	2.668784e+00
437	6.220578e-01	9.842253e-02	2.476307e+00
438	4.286901e-01	3.130433e-01	2.065950e+00
439	5.744660e-01	8.007963e-02	1.983879e+00
440	4.155261e-01	4.379987e-01	1.637030e+00
441	3.897253e-01	4.634092e-01	1.338056e+00
442	4.168556e-01	2.642023e-01	2.406937e+00
443	6.757908e-01	2.729807e-01	1.422081e+00
444	5.935257e-01	2.181475e-01	2.956033e+00
445	6.567737e-01	2.039732e-01	2.601368e+00
446	5.738958e-01	2.455448e-01	1.846116e+00
447	5.830612e-01	2.097013e-01	1.264778e+00
448	6.969776e-01	9.769454e-02	1.119199e+00
449	5.200763e-01	3.889956e-01	1.956522e+00
450	6.917093e-01	3.734201e-01	2.971666e+00
451	5.882250e-01	2.078382e-01	2.149976e+00
452	4.865710e-01	4.440891e-01	1.574499e+00
453	5.845207e-01	9.637659e-02	1.775769e+00
454	5.570670e-01	4.806874e-01	1.542257e+00
455	5.896678e-01	1.532723e-01	2.984367e+00
456	5.681656e-01	2.336766e-01	1.577430e+00
457	5.595108e-01	6.145003e-02	2.955056e+00
458	6.916071e-01	5.017348e-01	2.865169e+00
459	1.168007e-01	5.619043e-01	1.672203e+00
462	5.712636e-01	1.142482e-01	1.853933e+00
463	1.160110e-01	1.778065e-01	2.858329e+00
464	4.959857e-01	4.621113e-02	1.574499e+00
465	7.041190e-01	2.174889e-01	1.432829e+00
466	5.851692e-01	1.129464e-01	1.500244e+00
468	5.795252e-01	1.428458e-01	2.147044e+00
469	5.502688e-01	1.676313e-01	2.698095e+00
470	6.187616e-01	9.663012e-02	1.364436e+00
472	5.948658e-01	1.075024e-01	2.011236e+00
474	5.743137e-01	1.784205e-01	2.299463e+00
475	5.583381e-01	2.178244e-01	1.683928e+00
476	5.882400e-01	1.570991e-01	2.081583e+00
478	4.378705e-01	4.271657e-01	2.728383e+00
479	5.590671e-01	1.647754e-01	1.194431e+00
480	4.286276e-01	1.205098e-01	2.515388e+00
481	5.862428e-01	3.671152e-01	1.865657e+00
483	5.525458e-01	1.390979e-01	1.367367e+00
484	3.525055e-01	3.052372e-01	1.148510e+00
486	5.821485e-01	1.209757e-01	2.196873e+00
487	7.614109e-01	3.543457e-01	2.386419e+00
488	8.769495e-01	5.612097e-02	1.294089e+00
489	6.074922e-01	1.681542e-01	1.687836e+00
490	7.013595e-01	2.142494e-01	1.146556e+00
491	5.020028e-01	5.832852e-01	1.597948e+00
492	7.345786e-01	2.178390e-01	2.412799e+00
493	8.880144e-01	5.649826e-02	1.227650e+00
494	2.224362e-01	1.233655e-01	2.522228e+00
495	5.153112e-01	1.997840e-01	1.437714e+00
496	6.043069e-01	1.707114e-01	1.523693e+00
497	5.366411e-01	3.064683e-01	1.221788e+00
498	1.456501e-01	1.543821e-01	1.652662e+00
499	5.507658e-01	1.050297e-01	1.269663e+00
500	5.749360e-01	1.540185e-01	2.967758e+00
501	5.559530e-01	1.563211e-01	2.546654e+00
502	2.821506e-02	8.076601e-01	1.818759e+00
503	5.570571e-01	2.014855e-01	1.919394e+00
504	6.356690e-01	9.241265e-02	2.563263e+00
505	4.042314e-01	9.734335e-01	1.451392e+00
506	1.813674e-01	3.707932e-01	1.718124e+00
507	5.799778e-01	2.071822e-01	1.207132e+00
508	5.909184e-01	2.057305e-01	1.236444e+00
509	5.883958e-01	2.035118e-01	2.622863e+00
510	4.308992e-01	5.693913e-01	2.549585e+00
511	5.818396e-01	1.623413e-01	2.966781e+00
513	1.490810e-01	1.706927e-01	1.534441e+00
515	6.319648e-01	2.638819e-01	1.610650e+00
516	9.318942e-01	6.589697e-03	1.612604e+00
517	5.765771e-01	1.621093e-01	1.086957e+00
518	5.034098e-01	1.839569e-01	2.282853e+00
519	2.339637e-01	1.558174e-01	1.573522e+00
520	5.990048e-01	1.426831e-01	2.497802e+00
521	6.159468e-01	1.240612e-01	1.752320e+00
522	3.963681e-01	5.319269e-01	1.589155e+00
523	6.507689e-01	2.066138e-01	1.209086e+00
524	6.836154e-01	1.332709e-01	2.755740e+00
525	2.547026e-01	2.559068e-01	1.499267e+00
526	5.956022e-01	2.054072e-01	1.014656e+00
527	5.800911e-01	6.116299e-02	2.891549e+00
528	5.875435e-01	2.299360e-01	2.478261e+00
529	6.549733e-01	1.716705e-01	1.898876e+00
530	6.246800e-01	1.007764e-01	1.188569e+00
531	5.934330e-01	1.951418e-01	2.785051e+00
532	5.674004e-01	2.062671e-01	2.945286e+00
533	5.085929e-01	1.228997e-01	2.458720e+00
534	3.368169e-01	2.074879e-01	2.673669e+00
535	5.763904e-01	2.131290e-01	1.399609e+00
536	5.015297e-01	1.683706e-01	2.604299e+00
537	1.278924e-01	3.130693e-01	1.529555e+00
538	5.834574e-01	7.872267e-02	2.823156e+00
540	6.570167e-01	1.896545e-01	2.844651e+00
541	4.285566e-01	5.390797e-01	2.290669e+00
542	6.909575e-02	2.370164e-01	2.570103e+00
543	5.991098e-01	3.228640e-01	2.396190e+00
544	4.795422e-01	5.873231e-01	1.318515e+00
545	7.342076e-01	2.368793e-01	2.605276e+00
546	7.159841e-01	1.565085e-01	2.683439e+00
547	1.924545e-01	1.761378e-01	1.587201e+00
548	6.161125e-01	6.892335e-02	1.375183e+00
549	5.724550e-01	3.054771e-01	2.298486e+00
551	5.714586e-01	1.488852e-01	2.983390e+00
553	5.754942e-01	2.090545e-01	2.414753e+00
555	3.331380e-01	5.862953e-01	2.396190e+00
556	7.702997e-01	2.340996e-01	3.000000e+00
557	6.035847e-01	1.392928e-01	2.728383e+00
558	7.993126e-01	2.540706e-01	1.133854e+00
559	5.923411e-01	9.111672e-02	1.944797e+00
560	3.447334e-01	2.101280e-01	2.883732e+00
561	5.709551e-01	1.056230e-01	2.383488e+00
563	1.486529e-01	3.996739e-01	1.786517e+00
564	4.630398e-01	5.518672e-01	2.893503e+00
565	5.832221e-01	1.535911e-01	2.981436e+00
567	6.711719e-01	1.332634e-01	2.227162e+00
568	3.285538e-01	3.834522e-01	1.527601e+00
570	5.252506e-01	1.582827e-01	1.058622e+00
571	6.042602e-01	3.660255e-01	2.782120e+00
572	4.830129e-01	3.989171e-01	1.518808e+00
573	5.916003e-01	1.463621e-01	2.109917e+00
574	5.259365e-01	2.495835e-02	2.074744e+00
575	6.114407e-01	2.142952e-01	2.319003e+00
576	2.446948e-01	6.739079e-02	1.290181e+00
577	6.064818e-01	2.077314e-01	1.286273e+00
578	7.643867e-01	6.434878e-01	1.881290e+00
579	8.771185e-01	4.998235e-01	1.664387e+00
580	2.077219e-01	8.076602e-01	1.242306e+00
581	7.544656e-01	1.888936e-01	1.927211e+00
582	5.809993e-01	1.523457e-01	2.820225e+00
583	4.740023e-01	6.179844e-01	2.792868e+00
585	8.617729e-01	2.245545e-01	1.898876e+00
586	6.151416e-01	1.010282e-01	1.782609e+00
587	1.220465e-01	2.594732e-01	1.561798e+00
588	5.406066e-01	1.036829e-01	2.282853e+00
589	4.506541e-01	8.811574e-02	2.210552e+00
590	5.847423e-01	2.596536e-01	1.020518e+00
591	6.666170e-01	2.015624e-01	1.784563e+00
592	1.962965e-01	2.841804e-01	1.275525e+00
593	6.031949e-01	2.134586e-01	1.212995e+00
594	6.510107e-01	2.244485e-01	2.964827e+00
595	5.751223e-01	1.994701e-01	2.079629e+00
596	2.272237e-01	2.313226e-01	1.187592e+00
597	4.230432e-01	5.841439e-01	1.258915e+00
598	7.213896e-02	4.176852e-01	1.999511e+00
599	5.913975e-01	1.472930e-01	1.264778e+00
600	5.437212e-01	1.744836e-01	1.110405e+00
601	8.444334e-02	1.007009e-01	1.107474e+00
602	9.280582e-02	8.000509e-01	1.070347e+00
603	5.520753e-01	1.413844e-01	2.400098e+00
604	6.667176e-01	2.566398e-01	2.871031e+00
605	5.697626e-01	1.148828e-01	2.739130e+00
606	6.067571e-01	1.089700e-01	2.061065e+00
607	7.328902e-01	1.842190e-01	1.073278e+00
608	5.504175e-01	1.855471e-01	2.799707e+00
609	1.991421e-01	6.129123e-01	2.010259e+00
610	5.574759e-01	1.996490e-01	1.700537e+00
611	4.934337e-01	1.219733e-01	1.339033e+00
612	7.848815e-01	2.160285e-01	2.227162e+00
613	7.820730e-01	2.406866e-01	2.482169e+00
614	5.713391e-01	1.777014e-01	2.958964e+00
615	5.484197e-01	2.333161e-01	1.443576e+00
616	4.105668e-01	2.968737e-01	2.381534e+00
617	6.510544e-01	1.687008e-01	1.971177e+00
618	5.942971e-01	2.194828e-01	2.960918e+00
619	2.136504e-01	1.629612e-01	1.812897e+00
621	3.494740e-01	3.041939e-01	1.277479e+00
622	5.889597e-01	5.766908e-01	1.176844e+00
623	6.196353e-01	1.958847e-01	1.636053e+00
624	6.406027e-01	2.193886e-01	2.336590e+00
625	5.671769e-01	7.484501e-02	1.343918e+00
626	5.911860e-01	1.571351e-01	1.905716e+00
627	7.091787e-01	2.240655e-01	1.784563e+00
628	5.983146e-01	1.582114e-01	2.063996e+00
629	5.919213e-01	1.148636e-01	2.497802e+00
630	7.531834e-01	2.313333e-01	2.870054e+00
631	1.716308e-01	1.321259e-01	1.729849e+00
632	5.168975e-01	9.676587e-01	2.290669e+00
633	5.712793e-01	8.949805e-02	2.841720e+00
634	6.132643e-01	1.723268e-01	2.195896e+00
636	4.127944e-01	4.294567e-01	2.449927e+00
637	5.340741e-01	7.255495e-02	1.462140e+00
638	5.979649e-01	6.875629e-02	2.041524e+00
639	5.669839e-01	1.133668e-01	2.061065e+00
642	5.778912e-01	1.762998e-01	2.184172e+00
643	7.224239e-01	2.246861e-01	2.747924e+00
644	1.035862e-01	2.549759e-01	2.909135e+00
645	5.879221e-01	2.071508e-01	2.777235e+00
646	5.876372e-01	1.166293e-01	1.295066e+00
647	5.405402e-01	2.703010e-01	1.050806e+00
649	5.371063e-01	2.956651e-01	1.198339e+00
650	2.977605e-01	6.080952e-01	2.656082e+00
651	8.154447e-02	1.213749e-01	1.692721e+00
653	5.671677e-01	9.313245e-02	1.906693e+00
654	4.872078e-02	3.419213e-01	2.192965e+00
655	5.275708e-01	2.594031e-01	1.200293e+00
656	6.331567e-01	9.290587e-02	2.361016e+00
657	2.142565e-01	3.127723e-01	2.080606e+00
658	5.700237e-01	1.772783e-01	2.017098e+00
659	5.709540e-01	1.376212e-01	2.191011e+00
660	3.406929e-01	4.369445e-01	1.667318e+00
661	1.723653e-01	3.151429e-01	2.229116e+00
662	6.291944e-01	1.611584e-01	1.188569e+00
663	2.054365e-01	1.722611e-02	2.714704e+00
664	5.753159e-01	8.361178e-02	1.979971e+00
665	1.189854e-01	5.415523e-01	2.954079e+00
666	5.569260e-01	1.774836e-01	1.803127e+00
667	4.448300e-01	9.566754e-02	1.039082e+00
668	2.869138e-01	4.972250e-01	1.893014e+00
669	1.033605e-01	6.177372e-02	1.778701e+00
670	2.199356e-01	8.582226e-01	1.807035e+00
671	6.113780e-01	1.671401e-01	1.102589e+00
672	6.494057e-01	1.615165e-01	1.879336e+00
673	6.786045e-01	1.772499e-01	1.984856e+00
674	5.830712e-01	7.409789e-02	2.238886e+00
675	4.252317e-01	6.449060e-01	2.868100e+00
676	5.761958e-01	1.871579e-01	2.748901e+00
677	2.135419e-01	3.131704e-01	1.578407e+00
678	5.859522e-01	2.732034e-01	1.621397e+00
679	5.736911e-01	9.324964e-02	2.657059e+00
680	1.057826e-01	3.850936e-01	2.404983e+00
681	2.565883e-01	5.939105e-02	2.272106e+00
682	2.792427e-01	2.844364e-01	1.463117e+00
683	8.042193e-02	1.917053e-01	2.316072e+00
684	5.804927e-01	1.536116e-01	2.334636e+00
685	4.632223e-01	1.510749e-01	1.365413e+00
686	2.119637e-01	2.715355e-01	2.105032e+00
687	6.196233e-01	1.111017e-01	1.339033e+00
688	5.839307e-01	2.091711e-01	2.932584e+00
689	5.574378e-01	1.877330e-01	2.378603e+00
690	5.881180e-01	1.444594e-01	1.833415e+00
691	7.555973e-01	2.322948e-01	1.663410e+00
692	5.326008e-01	3.807156e-01	2.251588e+00
693	1.239505e-01	1.765527e-01	1.766976e+00
694	4.813774e-01	6.519024e-01	1.575476e+00
695	5.178458e-01	3.301418e-01	2.771373e+00
696	3.409717e-01	3.733506e-01	2.787005e+00
697	5.799036e-01	1.841898e-01	1.959453e+00
698	4.083400e-01	7.249697e-02	2.187103e+00
699	6.110382e-01	1.863780e-01	2.430386e+00
700	6.399136e-01	2.228994e-01	2.679531e+00
701	6.378464e-01	2.321699e-01	2.191988e+00
702	6.364876e-01	2.432455e-01	2.945286e+00
703	6.336637e-01	9.335016e-02	2.793845e+00
704	5.962654e-01	1.938479e-01	2.132389e+00
705	4.331636e-01	6.485945e-01	1.627259e+00
706	5.820761e-01	1.830227e-01	1.623351e+00
707	6.214284e-01	2.251574e-01	2.772350e+00
708	6.140078e-01	8.010565e-02	1.552027e+00
710	3.931205e-01	5.316252e-01	1.632145e+00
711	2.219409e-01	1.767715e-01	1.680997e+00
713	6.491236e-01	1.678916e-01	1.703468e+00
714	6.183782e-01	1.971122e-01	1.471910e+00
715	2.287350e-02	4.310548e-01	2.368832e+00
716	6.088703e-01	1.676265e-01	1.961407e+00
717	5.888259e-01	1.491971e-01	1.756229e+00
718	5.832154e-01	3.834994e-02	2.987298e+00
719	5.706381e-01	1.777093e-01	2.332682e+00
720	6.102112e-01	1.978113e-01	1.097704e+00
722	5.896752e-01	1.844642e-01	1.704446e+00
723	5.696731e-01	1.137428e-01	1.853933e+00
724	5.875578e-01	2.062384e-01	2.829995e+00
725	7.089801e-01	2.044183e-01	2.232047e+00
726	2.607154e-01	3.240026e-01	2.587689e+00
727	1.107506e-01	3.023377e-01	2.698095e+00
730	3.980347e-02	8.065263e-01	1.502198e+00
731	5.759801e-01	1.166614e-01	2.614069e+00
732	2.240051e-01	1.252331e-01	2.880801e+00
733	5.660587e-01	1.543817e-01	1.956522e+00
734	6.381405e-01	2.597585e-01	2.745970e+00
735	2.117712e-01	8.579327e-01	1.179775e+00
736	7.022431e-01	2.372199e-01	1.935027e+00
737	5.869132e-01	8.747907e-02	1.975085e+00
738	5.848419e-01	1.385193e-01	1.067416e+00
739	4.173083e-01	2.956032e-01	2.024915e+00
740	4.817344e-01	6.561578e-01	2.810454e+00
741	5.841807e-01	1.735345e-01	2.428432e+00
742	5.904214e-01	1.622786e-01	1.957499e+00
744	5.414291e-01	8.276098e-02	2.557401e+00
745	3.990514e-01	6.678343e-01	1.243283e+00
746	5.674303e-01	2.009550e-01	2.429409e+00
747	6.614612e-01	1.722205e-01	2.523205e+00
748	7.710957e-01	5.406638e-02	2.842697e+00
749	5.924190e-01	1.807262e-01	2.247680e+00
750	5.760708e-01	2.451853e-01	2.000489e+00
751	5.586920e-01	1.152275e-01	2.446019e+00
752	5.470428e-01	2.267230e-01	2.360039e+00
754	5.990238e-01	2.273678e-01	2.415730e+00
755	5.702571e-01	1.355395e-01	1.989741e+00
756	5.581363e-01	2.418197e-01	2.908158e+00
757	5.893375e-01	9.281070e-02	2.731314e+00
758	5.785782e-01	1.322862e-01	2.544700e+00
759	5.668519e-01	1.061927e-01	2.890572e+00
760	5.901768e-01	1.627502e-01	1.654617e+00
761	6.605785e-01	1.198576e-01	1.008793e+00
762	2.493910e-01	3.104915e-01	1.260870e+00
764	4.758941e-01	1.366122e-01	1.325354e+00
765	5.622767e-01	2.124289e-01	1.420127e+00
767	6.322186e-01	1.059742e-01	1.853933e+00
768	5.610269e-01	1.954248e-01	1.303859e+00
770	5.127186e-01	5.158447e-01	1.675134e+00
771	5.936966e-01	2.109529e-01	2.417684e+00
772	5.796952e-01	1.648109e-01	2.053249e+00
773	5.828622e-01	1.780210e-01	1.276502e+00
774	5.923162e-01	1.614903e-01	2.779189e+00
776	4.360524e-02	4.452539e-01	2.295554e+00
777	5.985638e-01	2.037193e-01	1.652662e+00
778	5.326320e-01	2.056109e-01	2.464582e+00
779	5.787247e-01	1.238264e-01	1.763068e+00
780	5.619581e-01	1.429687e-01	2.026869e+00
781	6.049541e-01	2.653626e-01	1.160234e+00
782	6.609922e-01	1.766620e-01	2.302394e+00
783	3.038861e-01	4.589936e-01	1.384954e+00
784	7.098615e-01	2.460621e-01	2.598437e+00
785	6.019614e-01	2.039961e-01	2.130435e+00
786	6.605749e-01	1.099884e-01	1.690767e+00
787	3.263598e-01	2.886822e-01	1.940889e+00
788	5.672306e-01	1.023373e-01	2.099170e+00
