767
0	1.574674e-01	2.264433e-01	1.398632e+00
1	3.895227e-01	4.302945e-01	1.108451e+00
2	5.180886e-01	5.647900e-01	2.925745e+00
3	4.773618e-01	5.401231e-01	2.732291e+00
4	3.378066e-01	3.695739e-01	1.257938e+00
5	3.902390e-01	4.319111e-01	2.424524e+00
6	7.933910e-01	9.318120e-01	1.383000e+00
7	5.027193e-01	5.397699e-01	2.705911e+00
8	4.949303e-01	5.309413e-01	2.442110e+00
9	4.717956e-01	5.098305e-01	2.233024e+00
10	4.851115e-01	6.443287e-01	2.376649e+00
11	4.791892e-01	5.035727e-01	1.556913e+00
12	4.875718e-01	5.866597e-01	2.950171e+00
13	5.562570e-01	5.877785e-01	1.066439e+00
14	4.726921e-01	5.079447e-01	1.626282e+00
15	3.913370e-01	8.036483e-01	1.306790e+00
16	4.728811e-01	5.070990e-01	2.902296e+00
17	4.361043e-01	6.132824e-01	1.195408e+00
18	4.693495e-01	5.111136e-01	1.785540e+00
19	4.733508e-01	5.468693e-01	1.248168e+00
20	4.410062e-01	5.415176e-01	1.863703e+00
21	3.942460e-01	4.361891e-01	2.671715e+00
22	4.715149e-01	5.082674e-01	2.487054e+00
23	4.550785e-01	7.364157e-01	1.946751e+00
24	3.797948e-01	5.817083e-01	1.303859e+00
25	6.634766e-01	6.800760e-01	2.152907e+00
26	4.706709e-01	5.244234e-01	1.388862e+00
27	4.818815e-01	5.355181e-01	1.591109e+00
28	4.636937e-01	4.749952e-01	2.205667e+00
29	4.522452e-01	4.679517e-01	2.181241e+00
30	4.601544e-01	7.315406e-01	1.475818e+00
31	5.190580e-01	4.472710e-01	2.309233e+00
32	4.566137e-01	4.956989e-01	2.073766e+00
33	6.246274e-01	7.378333e-01	2.331705e+00
34	4.756855e-01	5.436997e-01	1.126038e+00
35	6.774217e-01	6.064662e-01	2.235955e+00
36	2.160873e-01	5.763113e-01	2.805569e+00
37	5.413339e-01	6.918868e-01	2.555447e+00
38	4.813581e-01	5.291519e-01	2.559355e+00
39	4.802392e-01	5.266382e-01	1.895945e+00
40	4.932936e-01	5.089699e-01	1.282364e+00
41	4.444026e-01	4.678328e-01	2.750855e+00
42	4.739675e-01	5.040955e-01	2.412799e+00
43	4.810389e-01	5.191276e-01	2.557401e+00
44	4.975848e-01	4.763065e-01	1.648754e+00
45	4.783629e-01	5.861285e-01	1.721055e+00
46	5.008585e-01	6.477215e-01	2.588666e+00
47	4.631269e-01	5.219749e-01	1.525647e+00
48	4.730785e-01	5.031368e-01	2.751832e+00
49	4.856463e-01	5.190207e-01	2.625794e+00
50	4.756151e-01	5.482726e-01	1.663410e+00
51	4.727237e-01	5.186320e-01	2.560332e+00
52	4.735114e-01	5.378251e-01	1.696629e+00
53	4.621756e-01	5.295693e-01	1.506106e+00
54	4.787506e-01	5.144773e-01	2.675623e+00
55	4.327037e-01	4.491233e-01	2.497802e+00
56	4.904242e-01	6.071541e-01	1.031265e+00
57	4.445814e-01	3.973213e-01	2.361993e+00
58	4.822389e-01	5.791876e-01	1.866634e+00
60	7.752974e-01	7.724956e-01	1.503175e+00
61	4.911840e-01	5.184671e-01	2.449927e+00
62	4.668846e-01	4.730219e-01	2.831949e+00
63	4.703326e-01	5.276671e-01	2.317049e+00
64	4.935976e-01	5.186238e-01	2.353200e+00
65	4.741091e-01	5.090448e-01	2.575965e+00
66	4.160644e-01	5.948505e-01	2.922814e+00
67	3.875288e-01	4.425327e-01	2.289692e+00
68	4.590777e-01	5.859658e-01	2.766488e+00
69	4.224743e-01	4.992007e-01	1.522716e+00
70	5.145562e-01	5.494902e-01	2.769419e+00
71	4.779713e-01	5.217441e-01	1.110405e+00
72	4.740118e-01	5.760454e-01	1.412311e+00
73	5.701719e-01	7.193075e-01	1.951637e+00
74	5.351816e-01	6.290672e-01	1.449438e+00
75	3.698981e-01	4.630616e-01	2.176356e+00
76	5.174695e-01	5.899893e-01	1.212995e+00
77	4.832051e-01	4.859194e-01	1.872496e+00
78	4.758862e-01	5.180478e-01	1.606742e+00
79	5.213605e-01	4.745207e-01	1.183683e+00
80	5.005766e-01	5.837122e-01	2.736199e+00
81	4.736202e-01	5.111627e-01	1.617489e+00
82	4.324570e-01	4.568453e-01	2.456766e+00
83	5.996142e-01	6.249705e-01	1.406448e+00
84	2.953337e-01	4.592649e-01	2.453835e+00
85	4.713478e-01	5.139654e-01	2.712750e+00
86	4.741478e-01	5.053500e-01	2.877870e+00
87	4.274053e-01	6.006428e-01	1.533464e+00
88	4.520419e-01	2.734822e-01	2.169516e+00
89	3.291343e-01	4.310743e-01	2.483146e+00
90	5.136590e-01	6.119216e-01	1.538349e+00
91	4.526310e-01	4.954191e-01	1.117245e+00
92	4.585213e-01	5.303344e-01	2.709819e+00
93	4.671911e-01	5.557176e-01	2.929653e+00
94	5.092722e-01	4.164202e-01	2.125550e+00
95	5.153317e-01	3.882075e-01	2.148999e+00
96	4.381903e-01	4.995661e-01	1.206155e+00
98	4.778861e-01	5.230904e-01	1.997557e+00
99	4.356934e-01	4.452401e-01	1.753298e+00
100	4.883948e-01	4.832761e-01	1.491451e+00
101	4.784406e-01	5.098421e-01	2.381534e+00
102	4.649924e-01	4.613294e-01	1.837323e+00
103	4.661543e-01	4.661286e-01	2.723498e+00
104	4.550338e-01	3.171507e-01	1.216903e+00
105	4.744653e-01	5.629697e-01	1.385931e+00
107	4.933192e-01	5.210693e-01	1.887152e+00
108	5.488525e-01	4.417959e-01	1.869565e+00
109	4.926388e-01	5.495859e-01	2.657059e+00
110	4.208479e-01	4.985074e-01	1.905716e+00
111	4.944606e-01	5.575867e-01	2.319980e+00
113	5.606647e-01	2.458290e-01	1.155349e+00
114	4.837251e-01	5.336896e-01	1.261847e+00
115	3.891047e-01	3.550638e-01	1.308745e+00
116	6.183818e-01	2.947107e-01	1.148510e+00
117	4.482445e-01	4.466175e-01	1.865657e+00
118	5.046946e-01	5.602623e-01	2.988276e+00
119	4.574242e-01	6.190556e-01	1.479726e+00
120	4.759004e-01	5.498214e-01	2.095261e+00
121	4.684197e-01	6.081258e-01	2.442110e+00
122	6.313438e-01	6.539666e-01	1.070347e+00
123	4.471869e-01	5.752824e-01	1.417196e+00
124	4.729823e-01	4.895052e-01	2.817294e+00
126	4.455372e-01	4.656661e-01	2.738153e+00
127	4.350197e-01	6.006313e-01	2.338544e+00
128	4.297996e-01	4.526082e-01	1.282364e+00
129	4.558075e-01	4.969487e-01	2.676600e+00
130	4.341473e-01	4.627945e-01	2.443087e+00
132	4.335584e-01	6.283782e-01	1.220811e+00
133	2.789546e-01	6.462001e-01	2.407914e+00
134	4.421212e-01	6.164065e-01	2.277968e+00
135	4.734685e-01	5.215191e-01	2.409868e+00
136	5.196636e-01	5.423344e-01	2.083537e+00
137	4.391892e-01	4.807004e-01	2.286761e+00
138	6.565433e-01	3.518438e-01	1.194431e+00
139	4.703943e-01	5.075679e-01	2.818271e+00
140	4.457303e-01	5.139904e-01	2.827064e+00
141	4.323762e-01	4.939292e-01	1.684905e+00
142	4.785079e-01	5.191212e-01	1.999511e+00
143	4.695813e-01	5.096996e-01	1.956522e+00
144	5.012966e-01	4.574550e-01	2.323889e+00
145	4.237034e-01	5.254157e-01	2.501710e+00
146	5.016467e-01	4.664053e-01	2.395213e+00
147	5.499433e-01	4.773619e-01	2.719590e+00
148	4.737667e-01	5.086453e-01	2.937469e+00
149	4.185303e-01	4.770822e-01	2.803615e+00
150	4.103302e-01	4.039341e-01	1.794333e+00
151	4.851197e-01	4.898794e-01	2.611138e+00
152	4.117016e-01	4.726600e-01	1.724963e+00
153	4.446310e-01	4.839773e-01	1.983879e+00
154	4.773083e-01	5.103978e-01	2.181241e+00
155	4.473774e-01	5.829689e-01	1.295066e+00
156	5.346902e-01	5.904673e-01	1.970200e+00
157	4.534217e-01	5.257594e-01	2.387396e+00
158	6.263013e-01	5.700159e-01	2.386419e+00
159	6.373515e-01	4.231024e-01	2.647289e+00
160	4.794932e-01	4.935364e-01	1.686859e+00
161	4.838564e-01	5.366225e-01	1.553981e+00
162	4.988549e-01	5.878125e-01	1.764045e+00
163	3.521334e-01	2.461867e-01	1.632145e+00
164	4.718344e-01	5.088294e-01	1.235467e+00
165	4.695973e-01	4.898435e-01	2.251588e+00
166	4.705147e-01	5.612483e-01	1.751343e+00
167	4.076092e-01	6.649842e-01	1.715193e+00
168	4.721716e-01	5.034426e-01	2.109917e+00
169	4.606513e-01	4.760636e-01	2.137274e+00
170	4.951141e-01	5.545409e-01	2.099170e+00
171	4.898695e-01	6.089120e-01	2.057157e+00
172	4.132893e-01	5.396061e-01	2.246702e+00
173	4.875238e-01	4.770188e-01	1.894968e+00
174	4.822616e-01	4.658743e-01	2.453835e+00
175	4.571232e-01	5.133196e-01	2.834880e+00
176	4.679858e-01	6.233985e-01	2.215437e+00
177	4.762753e-01	5.086081e-01	2.153884e+00
178	4.663868e-01	5.128549e-01	2.475330e+00
179	4.590621e-01	6.385144e-01	1.274548e+00
180	4.859049e-01	5.694021e-01	2.127504e+00
181	4.805471e-01	5.119120e-01	1.790425e+00
182	2.657451e-01	3.358218e-01	1.736688e+00
183	5.453018e-01	4.705355e-01	1.692721e+00
184	4.899241e-01	5.655105e-01	2.042501e+00
185	5.443891e-01	5.171418e-01	1.468979e+00
186	5.190771e-01	4.759557e-01	1.784563e+00
188	4.740884e-01	4.435473e-01	1.839277e+00
189	4.962496e-01	5.196557e-01	1.175867e+00
190	3.732816e-01	4.983379e-01	2.807523e+00
191	3.763519e-01	4.215635e-01	2.811431e+00
192	5.411350e-01	4.750169e-01	1.192477e+00
193	2.646627e-01	5.747881e-01	1.620420e+00
194	5.580683e-01	5.608873e-01	2.624817e+00
195	4.770024e-01	5.092533e-01	2.806546e+00
196	3.948203e-01	3.957255e-01	1.763068e+00
197	6.760608e-01	6.141225e-01	2.060088e+00
198	4.723538e-01	7.475038e-01	2.458720e+00
199	4.389993e-01	4.631408e-01	2.463605e+00
200	7.671883e-01	7.292377e-01	1.141671e+00
201	4.558880e-01	5.154435e-01	1.146556e+00
202	4.670997e-01	5.583637e-01	1.395701e+00
203	4.199326e-01	5.284724e-01	1.755252e+00
204	4.730520e-01	4.473439e-01	2.901319e+00
205	5.140142e-01	5.582453e-01	2.123596e+00
206	4.542753e-01	6.222898e-01	1.652662e+00
207	4.832112e-01	5.538780e-01	1.199316e+00
208	4.497074e-01	4.420595e-01	2.170493e+00
209	4.163463e-01	7.403257e-01	2.733268e+00
210	4.643447e-01	4.026268e-01	1.545188e+00
211	4.662978e-01	4.826239e-01	1.376160e+00
212	4.810807e-01	5.005633e-01	1.621397e+00
213	4.788887e-01	5.102976e-01	1.883244e+00
214	4.582619e-01	4.908963e-01	1.612604e+00
215	4.262177e-01	5.170950e-01	2.909135e+00
216	4.760609e-01	5.237940e-01	1.354665e+00
217	4.883968e-01	5.134748e-01	2.770396e+00
218	4.786453e-01	4.158740e-01	2.148999e+00
219	4.855602e-01	4.772255e-01	2.624817e+00
220	4.632516e-01	6.059719e-01	2.697118e+00
221	4.879711e-01	4.774342e-01	1.938935e+00
222	3.366773e-01	1.761211e-01	1.854910e+00
223	5.244111e-01	5.665548e-01	2.625794e+00
224	4.371823e-01	2.673385e-01	2.984367e+00
225	4.137562e-01	4.293890e-01	2.693210e+00
226	4.719293e-01	4.964877e-01	2.276014e+00
227	4.632955e-01	4.974129e-01	1.245237e+00
228	4.691839e-01	5.123583e-01	1.489497e+00
229	4.695781e-01	5.153243e-01	2.305325e+00
230	4.865733e-01	5.342187e-01	2.689301e+00
231	4.654371e-01	4.232806e-01	1.346849e+00
232	4.568918e-01	4.528148e-01	2.447973e+00
233	4.925036e-01	5.432589e-01	1.591109e+00
234	5.547539e-01	5.757100e-01	1.931119e+00
235	4.739361e-01	4.592270e-01	2.687347e+00
236	4.744630e-01	5.091618e-01	2.787982e+00
237	4.770395e-01	5.218239e-01	1.510015e+00
238	4.717187e-01	5.014298e-01	2.193942e+00
239	4.605575e-01	5.853258e-01	2.918906e+00
240	4.618755e-01	4.345745e-01	1.734734e+00
241	4.847937e-01	5.078472e-01	1.119199e+00
242	5.357446e-01	6.293553e-01	1.631168e+00
243	4.511008e-01	5.596051e-01	1.258915e+00
244	4.872001e-01	4.131064e-01	2.458720e+00
245	4.377578e-01	3.343919e-01	2.134343e+00
246	4.727123e-01	5.146246e-01	2.662921e+00
247	4.636640e-01	4.726522e-01	2.924768e+00
248	5.357373e-01	5.547234e-01	2.983390e+00
250	7.168223e-01	6.691906e-01	2.763556e+00
251	3.202120e-01	4.951104e-01	2.374695e+00
252	4.374844e-01	5.536931e-01	1.703468e+00
253	4.544607e-01	4.944382e-01	1.246214e+00
254	5.044923e-01	6.388352e-01	2.925745e+00
255	4.725809e-01	4.841940e-01	1.857841e+00
256	4.704166e-01	5.085529e-01	2.601368e+00
257	4.767022e-01	5.574655e-01	2.413776e+00
258	4.983281e-01	5.120862e-01	2.569126e+00
259	4.500618e-01	4.083305e-01	1.865657e+00
260	4.750565e-01	5.070006e-01	2.574988e+00
261	4.744387e-01	5.238566e-01	1.598925e+00
262	5.578680e-01	4.035698e-01	2.264289e+00
263	3.087083e-01	6.392223e-01	1.176844e+00
264	4.795927e-01	3.001808e-01	1.061553e+00
265	4.652698e-01	4.864218e-01	2.526136e+00
266	4.333767e-01	4.392032e-01	1.928188e+00
267	5.050806e-01	5.176185e-01	2.006351e+00
268	4.666947e-01	5.571402e-01	1.041036e+00
269	2.847585e-01	4.767404e-01	1.793356e+00
270	4.175460e-01	3.871791e-01	1.860772e+00
271	4.052502e-01	5.353992e-01	1.389839e+00
272	4.717966e-01	5.188210e-01	1.052760e+00
273	4.340412e-01	4.516512e-01	1.156326e+00
274	6.207122e-01	7.809520e-01	1.981925e+00
275	2.638330e-01	3.583291e-01	2.256473e+00
276	5.066152e-01	5.592950e-01	2.368832e+00
277	5.107351e-01	4.791086e-01	2.024915e+00
279	5.441384e-01	5.532574e-01	1.348803e+00
280	5.149178e-01	7.045794e-01	2.472399e+00
281	5.199492e-01	7.041112e-01	2.288715e+00
282	4.743449e-01	5.685960e-01	2.745970e+00
283	5.690586e-01	5.420781e-01	2.490962e+00
284	6.053401e-01	7.564979e-01	2.515388e+00
285	1.395845e-01	4.342530e-01	1.545188e+00
286	4.660001e-01	5.273674e-01	2.662921e+00
287	4.530039e-01	4.692553e-01	2.264289e+00
288	4.779079e-01	4.559469e-01	2.905227e+00
289	5.075362e-01	4.384315e-01	1.058622e+00
290	5.528123e-01	5.207227e-01	2.152907e+00
291	7.965315e-01	9.340572e-01	2.784074e+00
292	4.858201e-01	5.100607e-01	2.445042e+00
293	5.046092e-01	2.686165e-01	2.852467e+00
294	4.924736e-01	5.205066e-01	2.070835e+00
295	5.388182e-01	5.132310e-01	1.406448e+00
296	6.573271e-01	9.030956e-01	1.751343e+00
297	5.431287e-01	5.144119e-01	2.077675e+00
298	5.264029e-01	3.868762e-01	1.601856e+00
299	5.096664e-01	5.529827e-01	2.048363e+00
300	4.546509e-01	5.735522e-01	2.781143e+00
301	4.728668e-01	5.115302e-01	2.779189e+00
302	4.939162e-01	5.709576e-01	2.617978e+00
303	3.061087e-01	3.215121e-01	1.698583e+00
304	6.049246e-01	6.155883e-01	1.948705e+00
305	4.615979e-01	5.384042e-01	1.416219e+00
306	8.599965e-01	2.370278e-01	1.745481e+00
307	4.797682e-01	5.256268e-01	2.291646e+00
308	4.100859e-01	2.757969e-01	1.868588e+00
309	5.046667e-01	5.991965e-01	2.511480e+00
310	4.695420e-01	4.745460e-01	2.596483e+00
311	4.394210e-01	4.448464e-01	2.855398e+00
312	4.481612e-01	4.340754e-01	1.312653e+00
313	4.160632e-01	4.236058e-01	1.787494e+00
314	4.724491e-01	5.096663e-01	2.252565e+00
315	4.369797e-01	4.313647e-01	1.978017e+00
316	3.520599e-01	4.411383e-01	2.965804e+00
317	4.717092e-01	5.113739e-01	2.221299e+00
318	6.483482e-01	4.945249e-01	1.701514e+00
319	5.279392e-01	5.787888e-01	1.135809e+00
320	4.819167e-01	5.614451e-01	2.997069e+00
322	4.087314e-01	6.209033e-01	2.362970e+00
323	4.831150e-01	4.864971e-01	2.553493e+00
324	4.990443e-01	4.845164e-01	1.347826e+00
325	1.837748e-01	2.556595e-01	2.896434e+00
326	4.734482e-01	5.109162e-01	1.857841e+00
327	4.591173e-01	5.719960e-01	1.669272e+00
328	4.582268e-01	4.854094e-01	1.726917e+00
329	4.518098e-01	4.521301e-01	2.604299e+00
330	5.613597e-01	5.607265e-01	2.089399e+00
331	4.424300e-01	5.000395e-01	1.552027e+00
332	5.379440e-01	5.233825e-01	1.769907e+00
333	4.650022e-01	4.850007e-01	1.382022e+00
334	2.483250e-01	3.412467e-01	2.510503e+00
335	4.901688e-01	5.691282e-01	1.640938e+00
336	4.823779e-01	5.237468e-01	2.933561e+00
337	3.976591e-01	6.062307e-01	1.033219e+00
338	4.673564e-01	4.146637e-01	1.408403e+00
339	4.741653e-01	4.922008e-01	2.767465e+00
340	4.730183e-01	5.215906e-01	1.526624e+00
341	4.398337e-01	3.845605e-01	1.456277e+00
342	4.942506e-01	5.381068e-01	1.054714e+00
343	5.445598e-01	4.959548e-01	2.601368e+00
344	2.502013e-01	3.516879e-01	2.193942e+00
346	4.833809e-01	5.544800e-01	1.564729e+00
347	4.895934e-01	4.995613e-01	1.679043e+00
348	5.421660e-01	5.984964e-01	2.034685e+00
349	4.700727e-01	4.812125e-01	2.564240e+00
350	3.948703e-01	4.525488e-01	2.311187e+00
351	4.603213e-01	6.328912e-01	1.297997e+00
352	4.600942e-01	4.825910e-01	2.873962e+00
353	5.872259e-01	5.302423e-01	2.202736e+00
354	4.714887e-01	5.067994e-01	2.653151e+00
355	4.095275e-01	6.011776e-01	2.461651e+00
356	4.625446e-01	4.969164e-01	1.679043e+00
357	4.195717e-01	4.351157e-01	2.991207e+00
358	4.686109e-01	7.449258e-01	2.857352e+00
359	5.071360e-01	5.632385e-01	1.913532e+00
360	4.319677e-01	4.063153e-01	1.216903e+00
361	4.628879e-01	2.532439e-01	1.214949e+00
362	4.058186e-01	5.904514e-01	1.005862e+00
363	4.671987e-01	5.026056e-01	2.227162e+00
364	4.789442e-01	5.154068e-01	1.723009e+00
366	4.988757e-01	5.108104e-01	1.692721e+00
367	4.666526e-01	5.169276e-01	1.154372e+00
368	4.711043e-01	5.311957e-01	1.851001e+00
369	4.765485e-01	5.069520e-01	2.418661e+00
370	4.007682e-01	5.159230e-01	1.874450e+00
371	4.496842e-01	5.890351e-01	1.591109e+00
372	4.990526e-01	5.230583e-01	2.199805e+00
373	3.764761e-01	3.318996e-01	2.208598e+00
374	4.773156e-01	5.618624e-01	1.322423e+00
375	5.385806e-01	7.880041e-01	2.361016e+00
376	3.624832e-01	5.019778e-01	1.815828e+00
377	4.747685e-01	5.061639e-01	1.328285e+00
378	4.879374e-01	5.267311e-01	1.883244e+00
379	3.498484e-01	4.012734e-01	1.599902e+00
380	5.574655e-01	8.005675e-01	2.343429e+00
381	4.787270e-01	5.441120e-01	1.835369e+00
383	4.727461e-01	3.868652e-01	1.698583e+00
384	7.225131e-01	3.613552e-01	2.761602e+00
385	4.529296e-01	6.730456e-01	1.961407e+00
386	6.405598e-01	5.713705e-01	2.449927e+00
387	4.863022e-01	5.773371e-01	2.669761e+00
388	5.627916e-01	5.104206e-01	2.597460e+00
389	4.758548e-01	5.249047e-01	2.960918e+00
390	4.772830e-01	5.104564e-01	1.655594e+00
391	4.821627e-01	6.127193e-01	2.572057e+00
392	4.545484e-01	4.571233e-01	1.234489e+00
393	5.045977e-01	4.974715e-01	1.607719e+00
394	4.668691e-01	5.087670e-01	2.643381e+00
395	4.594622e-01	6.557537e-01	1.233512e+00
397	5.752549e-01	4.506019e-01	1.083048e+00
398	5.163784e-01	1.609285e-01	2.453835e+00
399	4.370346e-01	5.487962e-01	2.169516e+00
400	4.815232e-01	5.471064e-01	1.634099e+00
401	6.687580e-01	5.710056e-01	1.314607e+00
402	4.672553e-01	5.416861e-01	2.292623e+00
403	5.903567e-01	6.879105e-01	1.759160e+00
404	4.533338e-01	5.965806e-01	2.942355e+00
405	5.009685e-01	6.397892e-01	1.358574e+00
406	4.410658e-01	4.481280e-01	1.474841e+00
407	6.813835e-01	6.242361e-01	2.850513e+00
408	4.728454e-01	6.243867e-01	2.543723e+00
409	4.501028e-01	5.181863e-01	1.170005e+00
410	5.120365e-01	4.451527e-01	2.011236e+00
411	4.899349e-01	4.752199e-01	2.982413e+00
412	7.923157e-01	2.027212e-01	1.578407e+00
413	6.121978e-01	6.451289e-01	2.904250e+00
414	4.734700e-01	5.213355e-01	2.948217e+00
415	4.829949e-01	5.098699e-01	1.856864e+00
416	4.729812e-01	4.496474e-01	1.780655e+00
417	5.148086e-01	5.417896e-01	1.223742e+00
418	4.448692e-01	4.663570e-01	2.928676e+00
419	5.031437e-01	5.525802e-01	1.055691e+00
420	4.851674e-01	4.963554e-01	2.823156e+00
421	4.709153e-01	5.067465e-01	2.886663e+00
422	4.715647e-01	4.948563e-01	1.391793e+00
423	6.346344e-01	3.387427e-01	1.467025e+00
424	4.792281e-01	5.102963e-01	1.512946e+00
425	1.421392e-01	5.172231e-01	1.960430e+00
426	1.585463e-01	4.977663e-01	2.254519e+00
427	4.392732e-01	4.130489e-01	2.899365e+00
428	4.778523e-01	4.766447e-01	1.247191e+00
429	4.623661e-01	5.019262e-01	1.802149e+00
430	4.500680e-01	4.934691e-01	1.663410e+00
431	4.714636e-01	4.439097e-01	2.556424e+00
433	4.946041e-01	5.202540e-01	2.475330e+00
434	4.808562e-01	5.414565e-01	2.923791e+00
435	5.375962e-01	3.431283e-01	2.906204e+00
437	4.596853e-01	5.795457e-01	2.476307e+00
438	5.646126e-01	5.977920e-01	2.065950e+00
439	4.774957e-01	5.080505e-01	1.983879e+00
440	4.484939e-01	6.295284e-01	1.637030e+00
441	5.768153e-01	3.328635e-01	1.338056e+00
442	4.016445e-01	5.654932e-01	2.406937e+00
443	5.036827e-01	2.834310e-01	1.422081e+00
444	4.278163e-01	4.298465e-01	2.956033e+00
445	4.578466e-01	5.076260e-01	2.601368e+00
446	4.247488e-01	5.050580e-01	1.846116e+00
447	4.736860e-01	5.164740e-01	1.264778e+00
448	4.842857e-01	5.639935e-01	1.119199e+00
449	4.515656e-01	4.298933e-01	1.956522e+00
450	4.469029e-01	5.499265e-01	2.971666e+00
451	4.776605e-01	5.084439e-01	2.149976e+00
452	5.649960e-01	4.442743e-01	1.574499e+00
453	4.284939e-01	2.426893e-01	1.775769e+00
455	4.467062e-01	4.499426e-01	2.984367e+00
456	4.910789e-01	5.555897e-01	1.577430e+00
457	5.306846e-01	5.534329e-01	2.955056e+00
458	4.904851e-01	4.799844e-01	2.865169e+00
459	4.244571e-01	3.534554e-01	1.672203e+00
461	3.439552e-01	7.677199e-01	2.513434e+00
462	4.636557e-01	4.858445e-01	1.853933e+00
463	4.545998e-01	4.817326e-01	2.858329e+00
464	4.622517e-01	4.291478e-01	1.574499e+00
465	4.112310e-01	5.065147e-01	1.432829e+00
466	4.797128e-01	5.051918e-01	1.500244e+00
467	3.788352e-01	3.454872e-01	1.323400e+00
468	4.876546e-01	5.047346e-01	2.147044e+00
469	4.694140e-01	5.183360e-01	2.698095e+00
470	4.755795e-01	5.356889e-01	1.364436e+00
471	5.910250e-01	6.820817e-01	2.076698e+00
472	4.696578e-01	5.118183e-01	2.011236e+00
473	4.800687e-01	3.997544e-01	1.215926e+00
474	4.801134e-01	5.167760e-01	2.299463e+00
475	5.277325e-01	5.312513e-01	1.683928e+00
476	4.817414e-01	5.233860e-01	2.081583e+00
477	4.374731e-01	4.627316e-01	2.350269e+00
478	3.994652e-01	6.646463e-01	2.728383e+00
479	3.590979e-01	3.612926e-01	1.194431e+00
480	4.487632e-01	4.601884e-01	2.515388e+00
481	4.195064e-01	2.778923e-01	1.865657e+00
482	4.893270e-01	7.787190e-01	1.802149e+00
483	4.795766e-01	5.051616e-01	1.367367e+00
484	4.334846e-01	4.107258e-01	1.148510e+00
485	5.562141e-01	6.405453e-01	2.427455e+00
486	3.785971e-01	4.585087e-01	2.196873e+00
487	4.508231e-01	5.077666e-01	2.386419e+00
488	4.629515e-01	4.501103e-01	1.294089e+00
489	4.818094e-01	5.858548e-01	1.687836e+00
490	4.052952e-01	6.085334e-01	1.146556e+00
491	5.678933e-01	7.765987e-01	1.597948e+00
492	4.586899e-01	5.605941e-01	2.412799e+00
493	3.922791e-01	3.443432e-01	1.227650e+00
494	4.908281e-01	4.109943e-01	2.522228e+00
495	4.756507e-01	5.663618e-01	1.437714e+00
496	4.735243e-01	4.988209e-01	1.523693e+00
497	5.118606e-01	6.329023e-01	1.221788e+00
498	4.781525e-01	4.883231e-01	1.652662e+00
499	5.188319e-01	6.682639e-01	1.269663e+00
500	4.674794e-01	5.076774e-01	2.967758e+00
501	4.697022e-01	5.154637e-01	2.546654e+00
502	4.479543e-01	1.408753e-01	1.818759e+00
503	4.670316e-01	5.872354e-01	1.919394e+00
504	4.816167e-01	4.924227e-01	2.563263e+00
505	5.159495e-01	6.123229e-01	1.451392e+00
506	4.223636e-01	6.124785e-01	1.718124e+00
507	4.619446e-01	4.994732e-01	1.207132e+00
508	4.755261e-01	5.188833e-01	1.236444e+00
509	4.619197e-01	4.411025e-01	2.622863e+00
510	3.233870e-01	5.971614e-01	2.549585e+00
511	4.634293e-01	5.113278e-01	2.966781e+00
512	5.211890e-01	7.174988e-01	2.395213e+00
513	5.081285e-01	5.074590e-01	1.534441e+00
514	3.405134e-01	3.432403e-01	1.550073e+00
515	4.735238e-01	5.977409e-01	1.610650e+00
516	5.041418e-01	7.524615e-01	1.612604e+00
517	4.984633e-01	5.089624e-01	1.086957e+00
518	4.815562e-01	5.078298e-01	2.282853e+00
519	3.270056e-01	2.444971e-01	1.573522e+00
520	4.886013e-01	4.965999e-01	2.497802e+00
521	4.652978e-01	5.231471e-01	1.752320e+00
523	4.587552e-01	5.269735e-01	1.209086e+00
524	5.215266e-01	6.877595e-01	2.755740e+00
525	3.549566e-01	5.067320e-01	1.499267e+00
526	4.653480e-01	5.120431e-01	1.014656e+00
527	7.361071e-01	7.353523e-01	2.891549e+00
528	4.659431e-01	5.007912e-01	2.478261e+00
529	5.733286e-01	6.163515e-01	1.898876e+00
530	4.920052e-01	5.115338e-01	1.188569e+00
531	4.995794e-01	5.206150e-01	2.785051e+00
532	4.657627e-01	5.124305e-01	2.945286e+00
533	4.300585e-01	4.289116e-01	2.458720e+00
534	5.692860e-01	5.114047e-01	2.673669e+00
535	4.802943e-01	5.172965e-01	1.399609e+00
536	4.761037e-01	5.691663e-01	2.604299e+00
537	4.771157e-01	5.054626e-01	1.529555e+00
538	4.742227e-01	5.095531e-01	2.823156e+00
539	4.560129e-01	4.960454e-01	2.826087e+00
540	4.856493e-01	5.906935e-01	2.844651e+00
541	4.089423e-01	4.783380e-01	2.290669e+00
542	5.052883e-01	4.858915e-01	2.570103e+00
543	4.821795e-01	5.160850e-01	2.396190e+00
544	4.872440e-01	4.589849e-01	1.318515e+00
545	4.116552e-01	4.634552e-01	2.605276e+00
546	4.199565e-01	5.190058e-01	2.683439e+00
547	5.710901e-01	5.277384e-01	1.587201e+00
548	5.016708e-01	6.964610e-01	1.375183e+00
549	4.354605e-01	5.563789e-01	2.298486e+00
550	3.546876e-01	4.501747e-01	1.285296e+00
551	4.689658e-01	5.011995e-01	2.983390e+00
552	4.060116e-01	5.719002e-01	1.195408e+00
553	4.694474e-01	5.285841e-01	2.414753e+00
554	3.731201e-01	7.012036e-01	1.843185e+00
555	4.625026e-01	5.314832e-01	2.396190e+00
556	4.632374e-01	5.213296e-01	3.000000e+00
557	4.912601e-01	5.249422e-01	2.728383e+00
559	4.662991e-01	4.899088e-01	1.944797e+00
560	4.455801e-01	7.100987e-01	2.883732e+00
561	4.701155e-01	3.787129e-01	2.383488e+00
562	3.694590e-01	5.722604e-01	2.506595e+00
563	4.460383e-01	4.829259e-01	1.786517e+00
564	4.546533e-01	5.556670e-01	2.893503e+00
565	4.686245e-01	5.043623e-01	2.981436e+00
566	4.383163e-01	4.734599e-01	2.663898e+00
567	4.703364e-01	5.158592e-01	2.227162e+00
568	4.439400e-01	5.195692e-01	1.527601e+00
569	3.800835e-01	3.994683e-01	2.610161e+00
570	8.262714e-01	3.155554e-01	1.058622e+00
571	4.784236e-01	5.438162e-01	2.782120e+00
573	4.919074e-01	5.133399e-01	2.109917e+00
574	4.904846e-01	5.498417e-01	2.074744e+00
575	4.913978e-01	5.156073e-01	2.319003e+00
576	5.043436e-01	5.028765e-01	1.290181e+00
577	4.262478e-01	3.999556e-01	1.286273e+00
578	4.721792e-01	4.389777e-01	1.881290e+00
579	4.609315e-01	4.832611e-01	1.664387e+00
580	2.791684e-01	3.758127e-01	1.242306e+00
581	4.349281e-01	5.263338e-01	1.927211e+00
582	4.727535e-01	5.123191e-01	2.820225e+00
583	5.204687e-01	6.938491e-01	2.792868e+00
584	4.086047e-01	5.512581e-01	1.201270e+00
585	4.393789e-01	4.381594e-01	1.898876e+00
586	4.733384e-01	5.099803e-01	1.782609e+00
587	4.855132e-01	4.989518e-01	1.561798e+00
588	4.751412e-01	5.054201e-01	2.282853e+00
589	4.971888e-01	5.638078e-01	2.210552e+00
590	4.663530e-01	4.461470e-01	1.020518e+00
591	4.850684e-01	5.630898e-01	1.784563e+00
592	4.766533e-01	5.066264e-01	1.275525e+00
593	4.789757e-01	5.284167e-01	1.212995e+00
594	5.544692e-01	5.170687e-01	2.964827e+00
595	4.712497e-01	5.416031e-01	2.079629e+00
596	3.405795e-01	3.053285e-01	1.187592e+00
597	5.184540e-01	5.318482e-01	1.258915e+00
598	4.244936e-01	4.862175e-01	1.999511e+00
599	4.689642e-01	4.962065e-01	1.264778e+00
600	4.694777e-01	5.027865e-01	1.110405e+00
601	5.505932e-01	8.256784e-01	1.107474e+00
602	4.104733e-01	4.511087e-01	1.070347e+00
603	4.614568e-01	5.003897e-01	2.400098e+00
604	4.534639e-01	5.482175e-01	2.871031e+00
605	4.688504e-01	5.148977e-01	2.739130e+00
606	4.362123e-01	4.962822e-01	2.061065e+00
607	2.929830e-01	4.433180e-01	1.073278e+00
608	4.603871e-01	4.521978e-01	2.799707e+00
609	4.179427e-01	4.155040e-01	2.010259e+00
610	4.259622e-01	5.595148e-01	1.700537e+00
611	4.746147e-01	5.259202e-01	1.339033e+00
612	4.703055e-01	5.460476e-01	2.227162e+00
613	6.771089e-01	2.280573e-01	2.482169e+00
614	4.768379e-01	5.187890e-01	2.958964e+00
615	5.309970e-01	4.572410e-01	1.443576e+00
616	3.503190e-01	5.270257e-01	2.381534e+00
617	4.440939e-01	3.882408e-01	1.971177e+00
618	4.692415e-01	5.209396e-01	2.960918e+00
619	3.748152e-01	3.825606e-01	1.812897e+00
620	4.736652e-01	4.224786e-01	1.170982e+00
621	4.879526e-01	5.789367e-01	1.277479e+00
622	3.713854e-01	4.482861e-01	1.176844e+00
623	3.732628e-01	5.020857e-01	1.636053e+00
624	4.018728e-01	6.085692e-01	2.336590e+00
625	4.552814e-01	5.283061e-01	1.343918e+00
626	4.817085e-01	5.040375e-01	1.905716e+00
627	4.395825e-01	4.447801e-01	1.784563e+00
628	4.675412e-01	5.142624e-01	2.063996e+00
629	4.693974e-01	5.048393e-01	2.497802e+00
630	5.467816e-01	4.613070e-01	2.870054e+00
631	4.873693e-01	5.947443e-01	1.729849e+00
632	4.904271e-01	5.213829e-01	2.290669e+00
633	4.766605e-01	5.071092e-01	2.841720e+00
634	4.728660e-01	5.020607e-01	2.195896e+00
635	4.306632e-01	4.672268e-01	1.601856e+00
636	4.413862e-01	4.516110e-01	2.449927e+00
637	4.774370e-01	5.464486e-01	1.462140e+00
638	4.725752e-01	5.071579e-01	2.041524e+00
639	4.748311e-01	5.098272e-01	2.061065e+00
640	4.573887e-01	4.948154e-01	2.130435e+00
641	4.322921e-01	2.928540e-01	2.205667e+00
642	4.715144e-01	5.121892e-01	2.184172e+00
643	5.059335e-01	5.373529e-01	2.747924e+00
644	3.318736e-01	5.732702e-01	2.909135e+00
645	4.700019e-01	5.045913e-01	2.777235e+00
646	4.518253e-01	5.020382e-01	1.295066e+00
647	4.301929e-01	5.684335e-01	1.050806e+00
648	3.372297e-01	5.239060e-01	1.191500e+00
649	4.866160e-01	5.161740e-01	1.198339e+00
650	4.641156e-01	4.924986e-01	2.656082e+00
651	4.948239e-01	5.208241e-01	1.692721e+00
652	7.938533e-01	7.323760e-01	2.330728e+00
653	4.875359e-01	5.300565e-01	1.906693e+00
654	5.019701e-01	5.133939e-01	2.192965e+00
655	4.496502e-01	4.642413e-01	1.200293e+00
656	4.624828e-01	4.965443e-01	2.361016e+00
657	4.009436e-01	3.847357e-01	2.080606e+00
658	4.615277e-01	5.246360e-01	2.017098e+00
659	4.166662e-01	5.176561e-01	2.191011e+00
660	7.353051e-01	6.498184e-01	1.667318e+00
661	5.823349e-01	5.922408e-01	2.229116e+00
662	2.760257e-01	4.170468e-01	1.188569e+00
663	4.917997e-01	5.191368e-01	2.714704e+00
664	5.297369e-01	5.718556e-01	1.979971e+00
665	4.973770e-01	6.091106e-01	2.954079e+00
666	3.597210e-01	4.588430e-01	1.803127e+00
667	4.886976e-01	4.582056e-01	1.039082e+00
668	5.890663e-01	3.578287e-01	1.893014e+00
669	4.453524e-01	4.031298e-01	1.778701e+00
670	5.890295e-01	5.249681e-01	1.807035e+00
671	5.021720e-01	5.573139e-01	1.102589e+00
672	4.614087e-01	7.809618e-01	1.879336e+00
673	4.358496e-01	4.729102e-01	1.984856e+00
674	4.735615e-01	5.089212e-01	2.238886e+00
675	4.674506e-01	5.417763e-01	2.868100e+00
676	4.785145e-01	5.002920e-01	2.748901e+00
677	5.452479e-01	6.733590e-01	1.578407e+00
678	4.958675e-01	5.627757e-01	1.621397e+00
679	4.684393e-01	5.122176e-01	2.657059e+00
680	4.879347e-01	5.320767e-01	2.404983e+00
681	4.655920e-01	5.371374e-01	2.272106e+00
682	4.737038e-01	4.268685e-01	1.463117e+00
683	4.579703e-01	4.825455e-01	2.316072e+00
684	4.815091e-01	5.346254e-01	2.334636e+00
685	4.144013e-01	4.119418e-01	1.365413e+00
686	4.469442e-01	6.521462e-01	2.105032e+00
687	5.114303e-01	4.549157e-01	1.339033e+00
688	4.591339e-01	4.998532e-01	2.932584e+00
689	4.713821e-01	5.160566e-01	2.378603e+00
690	4.687651e-01	5.185483e-01	1.833415e+00
691	3.104778e-01	4.581925e-01	1.663410e+00
692	5.134694e-01	5.047987e-01	2.251588e+00
693	6.123715e-01	4.309477e-01	1.766976e+00
694	4.868650e-01	5.170808e-01	1.575476e+00
695	5.354196e-01	2.741956e-01	2.771373e+00
696	4.616338e-01	5.044056e-01	2.787005e+00
697	4.604751e-01	5.034814e-01	1.959453e+00
698	4.602192e-01	5.360418e-01	2.187103e+00
699	4.717225e-01	5.075103e-01	2.430386e+00
700	5.439987e-01	5.579622e-01	2.679531e+00
701	5.024279e-01	5.853379e-01	2.191988e+00
702	4.132684e-01	4.754659e-01	2.945286e+00
703	4.980473e-01	5.038295e-01	2.793845e+00
704	4.843498e-01	5.222638e-01	2.132389e+00
705	6.368283e-01	5.840046e-01	1.627259e+00
706	4.791987e-01	5.226808e-01	1.623351e+00
707	4.846757e-01	5.055851e-01	2.772350e+00
708	4.673344e-01	5.088405e-01	1.552027e+00
709	6.150287e-01	5.099371e-01	1.180752e+00
710	4.372151e-01	4.557203e-01	1.632145e+00
711	3.519838e-01	2.818051e-01	1.680997e+00
712	4.634440e-01	5.123818e-01	2.828041e+00
713	4.233699e-01	6.325844e-01	1.703468e+00
714	4.933317e-01	4.416736e-01	1.471910e+00
715	4.775489e-01	4.914194e-01	2.368832e+00
716	4.834785e-01	5.066712e-01	1.961407e+00
717	4.781951e-01	5.057600e-01	1.756229e+00
718	5.045723e-01	5.166455e-01	2.987298e+00
719	4.695076e-01	5.160101e-01	2.332682e+00
720	4.845236e-01	5.035180e-01	1.097704e+00
721	4.738588e-01	5.437782e-01	1.954568e+00
722	4.684755e-01	5.141644e-01	1.704446e+00
723	4.732623e-01	5.089172e-01	1.853933e+00
724	4.786240e-01	5.910026e-01	2.829995e+00
725	4.060565e-01	4.990136e-01	2.232047e+00
726	4.298572e-01	4.252937e-01	2.587689e+00
727	6.437310e-01	2.802452e-01	2.698095e+00
729	4.728371e-01	5.206219e-01	1.212995e+00
730	3.643456e-01	5.484776e-01	1.502198e+00
731	4.743646e-01	5.089949e-01	2.614069e+00
732	5.697573e-01	6.717119e-01	2.880801e+00
733	4.624336e-01	4.982772e-01	1.956522e+00
734	5.071683e-01	6.169657e-01	2.745970e+00
735	7.953611e-01	4.425061e-01	1.179775e+00
736	4.135519e-01	5.625740e-01	1.935027e+00
737	4.634724e-01	5.028867e-01	1.975085e+00
738	4.892614e-01	5.659726e-01	1.067416e+00
739	5.145128e-01	4.898980e-01	2.024915e+00
740	3.287966e-01	4.682582e-01	2.810454e+00
741	4.720499e-01	5.285768e-01	2.428432e+00
742	4.526759e-01	5.159731e-01	1.957499e+00
743	4.607162e-01	6.748803e-01	2.306302e+00
744	4.982051e-01	5.247018e-01	2.557401e+00
745	4.727462e-01	5.121443e-01	1.243283e+00
746	4.397170e-01	4.853113e-01	2.429409e+00
747	4.855676e-01	5.275931e-01	2.523205e+00
748	5.652585e-01	6.086265e-01	2.842697e+00
749	4.702093e-01	5.084625e-01	2.247680e+00
750	4.639002e-01	4.736991e-01	2.000489e+00
751	4.564068e-01	4.831859e-01	2.446019e+00
752	4.756047e-01	5.072056e-01	2.360039e+00
753	5.968281e-01	4.109837e-01	2.567171e+00
754	4.740091e-01	4.902256e-01	2.415730e+00
755	5.024387e-01	4.904723e-01	1.989741e+00
756	4.665213e-01	5.169958e-01	2.908158e+00
757	5.144175e-01	4.207092e-01	2.731314e+00
758	4.692900e-01	5.111753e-01	2.544700e+00
759	4.733313e-01	5.082893e-01	2.890572e+00
760	4.728150e-01	5.113821e-01	1.654617e+00
761	4.775562e-01	5.059851e-01	1.008793e+00
762	4.686134e-01	5.664910e-01	1.260870e+00
763	4.207343e-01	3.986573e-01	1.347826e+00
764	4.793974e-01	5.122998e-01	1.325354e+00
765	4.658338e-01	5.054317e-01	1.420127e+00
766	4.414995e-01	2.911078e-01	2.845628e+00
767	5.018765e-01	5.301620e-01	1.853933e+00
768	4.710928e-01	4.949973e-01	1.303859e+00
769	5.393299e-01	6.315306e-01	1.294089e+00
770	6.997131e-01	2.118621e-01	1.675134e+00
771	4.354747e-01	5.526711e-01	2.417684e+00
772	4.809216e-01	5.632188e-01	2.053249e+00
773	4.691953e-01	5.036098e-01	1.276502e+00
774	6.097781e-01	4.068127e-01	2.779189e+00
775	2.059175e-01	3.487621e-01	1.984856e+00
776	4.642589e-01	5.607056e-01	2.295554e+00
777	4.726307e-01	5.167457e-01	1.652662e+00
778	4.695018e-01	5.051412e-01	2.464582e+00
779	4.708660e-01	5.084179e-01	1.763068e+00
780	4.582273e-01	5.473461e-01	2.026869e+00
781	5.281450e-01	5.580175e-01	1.160234e+00
782	5.132229e-01	6.962983e-01	2.302394e+00
783	4.570602e-01	4.766078e-01	1.384954e+00
784	4.873102e-01	5.695819e-01	2.598437e+00
785	4.022511e-01	5.177078e-01	2.130435e+00
786	5.250501e-01	5.189048e-01	1.690767e+00
787	4.726462e-01	4.860982e-01	1.940889e+00
788	4.754903e-01	5.172163e-01	2.099170e+00
