371
0	6.182205e-01	2.875141e-01	1.398632e+00
5	9.016853e-02	1.696438e-01	2.424524e+00
7	4.812899e-01	5.405817e-01	2.705911e+00
9	6.127910e-01	2.478706e-02	2.233024e+00
11	6.019245e-01	5.503322e-02	1.556913e+00
15	7.215021e-01	9.451834e-02	1.306790e+00
17	5.313511e-01	3.216973e-02	1.195408e+00
18	2.791039e-01	1.787199e-01	1.785540e+00
20	5.816947e-01	1.214505e-01	1.863703e+00
22	6.106389e-01	4.552194e-02	2.487054e+00
24	3.623645e-02	9.523836e-01	1.303859e+00
26	6.013551e-01	1.752908e-02	1.388862e+00
28	2.758899e-01	5.723611e-01	2.205667e+00
29	2.056667e-01	1.408625e-01	2.181241e+00
30	7.269930e-01	2.148838e-01	1.475818e+00
31	5.430119e-01	7.379734e-03	2.309233e+00
33	4.358308e-01	7.231737e-01	2.331705e+00
34	5.734861e-01	1.344658e-02	1.126038e+00
40	1.710761e-01	6.630752e-01	1.282364e+00
42	5.962005e-01	2.873244e-02	2.412799e+00
43	6.218447e-01	1.191851e-01	2.557401e+00
48	5.785677e-01	3.969638e-02	2.751832e+00
51	5.702738e-01	9.158475e-02	2.560332e+00
53	2.153563e-01	3.609261e-01	1.506106e+00
54	5.744424e-01	3.998338e-02	2.675623e+00
55	5.937790e-01	8.206926e-02	2.497802e+00
58	4.846221e-01	7.004467e-02	1.866634e+00
62	5.662031e-01	3.526921e-02	2.831949e+00
65	6.089795e-01	2.794170e-02	2.575965e+00
66	5.100593e-01	1.254630e-01	2.922814e+00
71	5.594201e-01	9.883849e-02	1.110405e+00
72	1.168464e-01	1.353024e-01	1.412311e+00
74	3.992628e-01	7.762869e-01	1.449438e+00
80	5.810292e-01	6.646810e-02	2.736199e+00
81	6.124688e-01	4.316199e-02	1.617489e+00
82	3.578725e-01	3.440707e-01	2.456766e+00
83	8.843601e-01	9.394185e-01	1.406448e+00
86	6.267037e-01	1.683148e-02	2.877870e+00
90	5.429528e-01	5.829190e-02	1.538349e+00
94	5.967303e-01	5.130416e-02	2.125550e+00
95	3.906109e-01	1.043649e-01	2.148999e+00
99	4.123540e-01	3.827196e-01	1.753298e+00
104	9.617750e-01	7.198026e-01	1.216903e+00
110	6.104960e-01	9.757050e-02	1.905716e+00
112	8.258558e-01	4.207698e-01	1.549096e+00
114	6.525022e-01	6.668775e-02	1.261847e+00
115	3.068581e-01	2.005712e-01	1.308745e+00
116	2.909887e-01	3.280978e-01	1.148510e+00
117	6.458006e-01	5.479560e-03	1.865657e+00
118	4.798278e-01	1.459945e-01	2.988276e+00
120	4.477141e-01	4.253480e-03	2.095261e+00
121	5.423616e-01	6.468837e-02	2.442110e+00
123	5.244108e-01	4.309256e-02	1.417196e+00
124	5.812894e-01	7.691083e-02	2.817294e+00
126	5.762790e-01	4.114864e-02	2.738153e+00
127	5.292944e-01	7.708985e-01	2.338544e+00
131	4.578743e-01	2.676376e-01	2.375672e+00
134	3.956777e-01	7.836002e-02	2.277968e+00
137	5.023045e-01	9.798027e-02	2.286761e+00
140	6.675049e-01	1.846876e-01	2.827064e+00
141	6.012479e-01	9.598389e-02	1.684905e+00
142	6.268416e-01	9.894314e-02	1.999511e+00
145	6.013049e-01	1.010839e-01	2.501710e+00
147	4.240038e-01	1.661957e-01	2.719590e+00
148	5.973761e-01	8.783326e-02	2.937469e+00
151	3.029677e-01	3.812540e-01	2.611138e+00
153	5.518966e-01	3.717449e-02	1.983879e+00
158	1.858811e-01	1.323934e-01	2.386419e+00
159	4.051066e-01	6.250355e-01	2.647289e+00
163	4.595538e-01	6.540422e-01	1.632145e+00
164	6.076027e-01	7.909536e-02	1.235467e+00
165	6.074869e-01	3.447515e-02	2.251588e+00
168	6.149324e-01	1.692362e-03	2.109917e+00
169	5.914615e-01	5.949178e-02	2.137274e+00
170	4.998929e-01	9.830512e-02	2.099170e+00
172	5.886830e-01	3.479448e-02	2.246702e+00
174	8.731656e-01	1.350412e-01	2.453835e+00
176	3.548348e-01	4.978113e-01	2.215437e+00
178	5.491709e-01	2.857494e-02	2.475330e+00
180	3.074079e-01	1.968017e-01	2.127504e+00
186	6.082232e-01	4.026108e-02	1.784563e+00
187	7.409214e-01	6.941623e-01	2.653151e+00
189	6.150820e-01	7.049024e-03	1.175867e+00
190	3.880260e-01	2.329920e-01	2.807523e+00
191	3.714828e-01	7.505024e-01	2.811431e+00
192	5.317228e-01	2.051718e-01	1.192477e+00
193	5.023380e-01	8.266805e-03	1.620420e+00
195	6.356579e-01	2.076849e-02	2.806546e+00
197	4.282737e-01	6.031977e-01	2.060088e+00
208	6.236958e-01	8.377369e-02	2.170493e+00
210	3.721540e-01	6.395958e-01	1.545188e+00
211	2.637703e-01	7.735627e-02	1.376160e+00
212	1.762570e-01	3.593691e-01	1.621397e+00
214	6.070042e-01	2.292520e-02	1.612604e+00
215	5.996954e-01	4.032008e-02	2.909135e+00
217	6.190505e-01	1.220959e-01	2.770396e+00
220	3.928412e-01	2.323033e-01	2.697118e+00
221	5.686731e-01	3.067317e-02	1.938935e+00
227	5.966145e-01	7.594203e-02	1.245237e+00
229	1.829844e-01	3.468892e-01	2.305325e+00
236	5.801162e-01	4.279118e-02	2.787982e+00
238	7.231262e-01	1.018824e-01	2.193942e+00
239	5.900436e-01	6.656829e-02	2.918906e+00
240	5.730776e-02	2.967274e-01	1.734734e+00
242	4.902916e-01	9.736387e-03	1.631168e+00
244	6.040020e-01	6.992015e-02	2.458720e+00
245	3.394815e-01	1.839179e-01	2.134343e+00
246	6.203870e-01	1.012692e-01	2.662921e+00
248	6.655472e-01	2.843163e-02	2.983390e+00
249	4.358541e-01	3.060795e-01	2.305325e+00
250	3.388125e-01	4.168071e-01	2.763556e+00
251	4.405256e-01	2.946967e-01	2.374695e+00
252	6.698330e-02	3.697676e-02	1.703468e+00
257	3.212164e-01	1.496708e-01	2.413776e+00
258	3.137666e-01	2.350524e-01	2.569126e+00
262	1.452284e-01	9.456028e-01	2.264289e+00
266	4.164480e-01	7.758484e-02	1.928188e+00
269	5.011805e-01	1.618446e-01	1.793356e+00
272	4.928594e-01	3.644548e-01	1.052760e+00
276	4.417609e-01	1.713052e-01	2.368832e+00
279	1.238868e-01	2.093839e-01	1.348803e+00
282	5.963656e-01	2.551602e-02	2.745970e+00
283	1.802296e-01	6.615171e-01	2.490962e+00
288	4.380802e-01	4.197840e-01	2.905227e+00
290	4.384396e-01	1.352455e-01	2.152907e+00
291	3.759415e-01	2.784098e-01	2.784074e+00
292	6.298202e-01	9.678098e-02	2.445042e+00
293	8.520624e-01	1.899099e-01	2.852467e+00
294	5.985979e-01	2.609402e-02	2.070835e+00
297	5.354891e-01	7.596618e-02	2.077675e+00
299	9.192572e-02	8.997546e-01	2.048363e+00
301	5.671866e-01	8.973444e-02	2.779189e+00
305	6.064073e-01	3.378211e-02	1.416219e+00
306	5.288974e-01	7.568707e-01	1.745481e+00
308	3.337235e-01	4.048589e-01	1.868588e+00
309	4.713383e-01	4.636295e-02	2.511480e+00
310	5.728391e-01	1.849283e-02	2.596483e+00
311	6.960013e-01	7.879702e-02	2.855398e+00
312	5.419101e-01	4.003482e-02	1.312653e+00
314	5.883519e-01	5.589998e-02	2.252565e+00
315	2.456912e-01	8.631833e-03	1.978017e+00
318	3.682938e-01	6.973745e-01	1.701514e+00
319	4.947550e-01	2.815271e-01	1.135809e+00
321	4.977720e-01	3.512329e-01	2.470445e+00
325	2.572420e-01	2.021434e-01	2.896434e+00
327	5.114084e-01	3.293959e-02	1.669272e+00
340	6.281068e-01	2.477955e-02	1.526624e+00
342	5.998721e-01	1.394391e-01	1.054714e+00
343	6.498452e-01	2.174950e-02	2.601368e+00
345	2.840079e-01	1.439291e-01	2.321935e+00
346	4.121751e-01	2.154185e-01	1.564729e+00
347	2.978093e-01	3.743763e-01	1.679043e+00
349	6.170231e-01	6.927285e-02	2.564240e+00
350	5.116018e-01	6.817852e-01	2.311187e+00
351	1.522024e-02	9.378889e-01	1.297997e+00
355	5.217998e-01	7.533936e-01	2.461651e+00
357	4.061665e-01	4.467831e-01	2.991207e+00
358	4.985328e-01	1.394346e-01	2.857352e+00
359	4.445433e-01	4.859411e-02	1.913532e+00
361	6.547630e-01	7.836218e-02	1.214949e+00
362	5.475916e-01	4.803707e-02	1.005862e+00
363	4.808263e-01	9.355392e-02	2.227162e+00
365	4.189432e-01	8.566487e-02	1.491451e+00
366	2.075981e-01	6.438989e-01	1.692721e+00
367	6.134053e-01	5.110101e-02	1.154372e+00
370	4.950494e-01	9.170561e-02	1.874450e+00
372	5.566783e-01	4.188958e-03	2.199805e+00
374	6.103683e-01	5.032777e-03	1.322423e+00
376	3.842608e-01	2.414583e-01	1.815828e+00
377	6.267266e-01	1.195334e-01	1.328285e+00
379	6.964035e-01	7.103588e-01	1.599902e+00
380	7.585047e-01	5.771812e-01	2.343429e+00
381	1.465326e-01	3.423472e-01	1.835369e+00
382	2.420233e-01	7.649259e-01	1.065462e+00
384	3.892593e-01	2.475580e-01	2.761602e+00
386	6.221870e-01	6.215384e-02	2.449927e+00
387	5.923036e-01	6.069649e-02	2.669761e+00
389	3.777214e-01	5.835587e-01	2.960918e+00
390	5.732225e-01	9.917722e-02	1.655594e+00
391	3.817174e-01	1.526258e-01	2.572057e+00
394	6.695497e-01	1.351685e-04	2.643381e+00
396	8.170768e-01	4.099230e-01	2.058134e+00
398	7.963975e-01	3.831504e-01	2.453835e+00
399	5.069554e-01	9.054934e-02	2.169516e+00
400	5.563958e-01	7.783396e-02	1.634099e+00
402	6.045010e-01	2.575281e-02	2.292623e+00
405	6.676587e-01	3.076333e-02	1.358574e+00
407	3.699333e-01	5.328733e-01	2.850513e+00
408	1.100100e-01	1.131015e-01	2.543723e+00
410	6.194198e-01	1.012397e-01	2.011236e+00
411	5.662525e-01	5.255962e-01	2.982413e+00
412	6.359877e-01	3.011736e-01	1.578407e+00
413	6.153039e-01	8.165619e-02	2.904250e+00
416	2.147891e-01	2.750431e-01	1.780655e+00
417	2.855415e-01	3.771282e-01	1.223742e+00
418	5.706891e-01	4.630255e-02	2.928676e+00
419	5.242627e-01	7.091389e-02	1.055691e+00
420	5.911975e-01	4.496638e-02	2.823156e+00
421	5.457170e-01	1.179447e-02	2.886663e+00
425	3.639022e-01	5.356615e-01	1.960430e+00
426	3.656803e-01	5.392735e-01	2.254519e+00
428	6.225231e-01	2.990333e-02	1.247191e+00
429	5.528301e-01	4.705416e-02	1.802149e+00
430	5.510393e-01	1.526260e-02	1.663410e+00
432	3.567832e-01	5.589762e-01	2.947240e+00
435	5.456029e-01	1.487114e-01	2.906204e+00
436	1.768561e-01	8.125938e-01	2.668784e+00
437	6.214959e-01	7.994182e-02	2.476307e+00
438	2.360258e-01	2.091855e-01	2.065950e+00
440	4.359404e-01	4.241386e-01	1.637030e+00
441	2.186305e-01	3.192322e-01	1.338056e+00
442	1.903158e-01	9.744663e-02	2.406937e+00
448	4.425983e-01	9.137100e-02	1.119199e+00
449	3.909420e-01	1.375464e-01	1.956522e+00
450	8.457611e-01	1.569563e-01	2.971666e+00
452	5.143008e-01	3.467270e-01	1.574499e+00
454	3.708194e-01	3.058255e-01	1.542257e+00
458	7.336097e-01	3.386426e-01	2.865169e+00
465	5.016695e-01	1.398768e-01	1.432829e+00
466	5.983855e-01	8.959587e-02	1.500244e+00
469	5.902985e-01	1.148893e-02	2.698095e+00
470	6.216817e-01	8.461941e-02	1.364436e+00
472	6.112646e-01	4.436779e-02	2.011236e+00
474	5.888553e-01	4.743256e-02	2.299463e+00
476	5.915145e-01	1.070150e-02	2.081583e+00
478	4.489958e-01	4.925235e-01	2.728383e+00
481	6.435297e-01	3.441631e-02	1.865657e+00
483	5.887684e-01	3.964867e-02	1.367367e+00
484	9.038113e-02	1.688996e-01	1.148510e+00
486	5.578150e-01	6.815113e-02	2.196873e+00
487	9.812881e-01	1.520227e-01	2.386419e+00
490	5.026767e-01	1.218309e-01	1.146556e+00
491	3.518359e-01	5.430891e-01	1.597948e+00
492	5.200938e-01	1.872553e-01	2.412799e+00
497	5.500406e-01	1.747583e-01	1.221788e+00
498	7.024218e-02	8.473116e-02	1.652662e+00
499	5.857355e-01	7.246780e-02	1.269663e+00
501	5.614960e-01	2.527610e-02	2.546654e+00
504	6.191527e-01	1.227348e-01	2.563263e+00
506	1.765422e-01	3.354401e-01	1.718124e+00
510	4.143582e-01	5.624014e-01	2.549585e+00
511	6.721006e-01	3.048514e-03	2.966781e+00
517	5.850216e-01	1.116559e-02	1.086957e+00
519	2.794454e-01	2.018177e-01	1.573522e+00
520	5.790292e-01	6.261295e-02	2.497802e+00
521	5.481674e-01	6.748045e-02	1.752320e+00
522	4.417219e-01	6.051694e-01	1.589155e+00
523	4.125531e-01	9.705371e-02	1.209086e+00
524	5.061585e-01	2.498258e-02	2.755740e+00
525	1.964453e-01	1.118145e-01	1.499267e+00
527	6.554737e-01	1.030755e-01	2.891549e+00
528	6.041413e-01	2.138066e-02	2.478261e+00
530	6.262759e-01	9.374669e-02	1.188569e+00
531	6.464052e-01	2.728139e-03	2.785051e+00
533	6.737212e-01	6.355663e-02	2.458720e+00
534	3.665423e-01	1.728464e-01	2.673669e+00
536	6.916000e-01	5.876833e-03	2.604299e+00
541	4.293447e-01	5.331830e-01	2.290669e+00
543	5.266402e-01	2.004415e-01	2.396190e+00
544	4.791119e-01	5.732436e-01	1.318515e+00
547	1.413281e-01	7.809867e-02	1.587201e+00
548	4.597028e-01	1.143639e-01	1.375183e+00
549	6.037702e-01	5.726026e-03	2.298486e+00
551	5.607684e-01	4.713752e-02	2.983390e+00
555	3.575009e-01	5.761750e-01	2.396190e+00
557	6.057233e-01	9.479991e-02	2.728383e+00
559	6.547459e-01	7.963367e-02	1.944797e+00
560	3.964506e-01	1.543100e-01	2.883732e+00
563	1.028007e-01	3.163855e-01	1.786517e+00
564	4.656428e-01	5.046541e-01	2.893503e+00
567	4.955308e-01	5.106801e-02	2.227162e+00
568	2.883284e-01	3.858049e-01	1.527601e+00
570	5.739673e-01	5.340982e-02	1.058622e+00
572	5.399340e-01	1.440135e-01	1.518808e+00
573	6.344946e-01	5.001106e-02	2.109917e+00
578	8.598699e-01	6.063229e-01	1.881290e+00
579	8.543849e-01	4.489958e-01	1.664387e+00
580	2.282128e-01	7.501646e-01	1.242306e+00
581	5.197537e-01	1.677735e-01	1.927211e+00
583	4.987059e-01	6.628781e-01	2.792868e+00
585	7.785330e-01	4.627694e-02	1.898876e+00
586	6.219157e-01	5.570716e-02	1.782609e+00
588	6.391786e-01	8.363006e-02	2.282853e+00
592	5.023786e-02	1.334285e-01	1.275525e+00
597	4.211175e-01	5.564708e-01	1.258915e+00
598	5.186681e-03	3.645296e-01	1.999511e+00
599	5.974079e-01	1.521565e-02	1.264778e+00
600	6.417064e-01	2.064613e-02	1.110405e+00
601	2.984355e-02	4.855564e-03	1.107474e+00
605	5.850539e-01	4.014749e-02	2.739130e+00
606	6.183021e-01	6.084424e-02	2.061065e+00
607	5.171918e-01	2.134329e-01	1.073278e+00
609	1.136326e-02	6.091160e-01	2.010259e+00
612	8.723662e-01	5.195516e-03	2.227162e+00
614	5.976447e-01	3.669472e-02	2.958964e+00
616	4.379353e-01	1.904554e-01	2.381534e+00
619	2.374615e-01	2.314651e-01	1.812897e+00
621	3.203714e-01	2.012522e-01	1.277479e+00
622	4.559909e-01	5.188202e-01	1.176844e+00
626	6.152544e-01	7.728722e-04	1.905716e+00
627	5.088150e-01	1.447501e-01	1.784563e+00
629	5.971900e-01	8.108397e-02	2.497802e+00
634	5.611497e-01	3.725204e-03	2.195896e+00
636	4.394463e-01	4.328249e-01	2.449927e+00
639	5.800875e-01	4.320065e-02	2.061065e+00
642	5.865370e-01	1.555167e-02	2.184172e+00
643	5.397675e-01	1.553291e-01	2.747924e+00
646	5.919049e-01	7.644179e-02	1.295066e+00
647	4.280942e-01	1.011873e-01	1.050806e+00
650	2.290403e-01	5.834415e-01	2.656082e+00
656	6.179072e-01	1.105142e-01	2.361016e+00
657	1.419918e-03	1.249324e-01	2.080606e+00
658	5.938844e-01	2.868565e-02	2.017098e+00
660	3.653653e-01	5.345907e-01	1.667318e+00
662	4.254226e-01	5.068336e-02	1.188569e+00
666	7.183081e-01	8.248983e-02	1.803127e+00
668	4.054123e-01	4.527684e-01	1.893014e+00
670	2.369923e-01	8.043321e-01	1.807035e+00
671	6.530605e-01	9.712999e-05	1.102589e+00
672	4.108140e-01	3.893463e-02	1.879336e+00
673	4.426682e-01	1.710820e-02	1.984856e+00
675	4.240357e-01	5.988620e-01	2.868100e+00
676	6.448864e-01	1.716047e-02	2.748901e+00
677	5.257329e-02	1.414538e-01	1.578407e+00
680	3.775992e-02	3.471471e-01	2.404983e+00
682	1.610748e-01	1.592894e-01	1.463117e+00
684	5.926127e-01	7.732115e-03	2.334636e+00
687	4.459912e-01	1.316090e-01	1.339033e+00
692	5.721038e-01	1.006958e-01	2.251588e+00
694	5.228907e-01	7.495311e-01	1.575476e+00
696	2.983552e-01	3.882636e-01	2.787005e+00
703	6.168681e-01	1.259097e-01	2.793845e+00
705	3.956071e-01	6.444201e-01	1.627259e+00
706	6.235363e-01	4.155400e-02	1.623351e+00
708	5.438629e-01	8.490280e-02	1.552027e+00
710	3.823606e-01	5.218950e-01	1.632145e+00
711	2.786779e-01	1.906923e-01	1.680997e+00
717	5.967614e-01	1.389489e-02	1.756229e+00
718	5.956420e-01	9.254233e-02	2.987298e+00
719	5.942622e-01	2.897840e-02	2.332682e+00
722	6.139680e-01	2.237840e-02	1.704446e+00
723	5.829385e-01	3.490152e-02	1.853933e+00
725	4.879754e-01	1.313576e-01	2.232047e+00
726	1.602496e-01	1.658331e-01	2.587689e+00
731	5.931874e-01	2.668839e-02	2.614069e+00
733	5.495505e-01	5.298602e-03	1.956522e+00
735	2.240762e-01	8.213867e-01	1.179775e+00
736	5.091238e-01	9.735406e-02	1.935027e+00
737	5.911545e-01	8.507382e-02	1.975085e+00
739	2.124007e-01	2.010254e-01	2.024915e+00
740	5.225763e-01	7.471535e-01	2.810454e+00
744	6.185402e-01	1.059207e-01	2.557401e+00
745	4.459585e-01	6.328395e-01	1.243283e+00
747	5.373137e-01	5.349478e-02	2.523205e+00
748	7.415982e-01	2.509863e-02	2.842697e+00
751	5.864417e-01	7.996131e-02	2.446019e+00
755	5.716337e-01	1.173890e-02	1.989741e+00
760	6.169225e-01	1.471378e-02	1.654617e+00
761	5.159813e-01	5.400219e-02	1.008793e+00
762	1.412759e-01	1.772887e-01	1.260870e+00
764	5.323644e-01	6.968575e-02	1.325354e+00
767	5.186145e-01	5.440055e-02	1.853933e+00
770	6.564772e-01	4.425936e-01	1.675134e+00
772	5.835346e-01	6.030515e-02	2.053249e+00
773	6.009531e-01	9.658464e-03	1.276502e+00
779	5.946110e-01	1.225006e-02	1.763068e+00
780	3.926595e-01	6.159991e-02	2.026869e+00
783	2.268342e-01	3.806440e-01	1.384954e+00
786	4.702048e-01	1.136006e-01	1.690767e+00
787	2.818244e-01	2.288313e-01	1.940889e+00
788	5.791183e-01	6.325123e-02	2.099170e+00
