772
0	3.104451e-02	2.855162e-01	1.398632e+00
1	3.710447e-01	4.669458e-01	1.108451e+00
2	4.719034e-01	5.104904e-01	2.925745e+00
3	5.123940e-01	5.515510e-01	2.732291e+00
4	4.840815e-01	7.198898e-01	1.257938e+00
5	4.603196e-01	5.056504e-01	2.424524e+00
6	7.852657e-01	9.405391e-01	1.383000e+00
7	4.500847e-01	4.735900e-01	2.705911e+00
8	4.335226e-01	4.731409e-01	2.442110e+00
9	4.765775e-01	5.068960e-01	2.233024e+00
10	4.123524e-01	4.428905e-01	2.376649e+00
11	4.773542e-01	5.175005e-01	1.556913e+00
12	4.013561e-01	3.506642e-01	2.950171e+00
13	3.843851e-01	4.609275e-01	1.066439e+00
14	4.748878e-01	5.039961e-01	1.626282e+00
15	2.324010e-01	5.387605e-01	1.306790e+00
16	4.742041e-01	5.071169e-01	2.902296e+00
17	3.193022e-01	4.258334e-01	1.195408e+00
18	3.785759e-01	4.770395e-01	1.785540e+00
19	4.330313e-01	4.583071e-01	1.248168e+00
20	5.088976e-01	4.895152e-01	1.863703e+00
21	5.254787e-01	6.086866e-01	2.671715e+00
22	4.839534e-01	5.180572e-01	2.487054e+00
23	3.298363e-01	3.971755e-01	1.946751e+00
24	5.452910e-01	3.353026e-01	1.303859e+00
25	5.347967e-01	5.523932e-01	2.152907e+00
26	4.866655e-01	5.016706e-01	1.388862e+00
27	4.776378e-01	5.260596e-01	1.591109e+00
28	4.779964e-01	5.820695e-01	2.205667e+00
29	4.677241e-01	4.929907e-01	2.181241e+00
30	5.534547e-01	4.452655e-01	1.475818e+00
31	4.393273e-01	4.095126e-01	2.309233e+00
32	4.674876e-01	4.635173e-01	2.073766e+00
33	2.361164e-01	2.293468e-01	2.331705e+00
34	4.761100e-01	4.927699e-01	1.126038e+00
35	4.413132e-01	5.717756e-01	2.235955e+00
36	4.789557e-01	7.291908e-01	2.805569e+00
37	4.716789e-01	4.627031e-01	2.555447e+00
38	4.862647e-01	5.214062e-01	2.559355e+00
39	4.635267e-01	4.979840e-01	1.895945e+00
40	4.220472e-01	4.058712e-01	1.282364e+00
41	5.568571e-01	5.972148e-01	2.750855e+00
42	4.833737e-01	5.198583e-01	2.412799e+00
43	4.554193e-01	4.990638e-01	2.557401e+00
44	3.820848e-01	3.793466e-01	1.648754e+00
45	4.883320e-01	4.957000e-01	1.721055e+00
46	4.621102e-01	5.036907e-01	2.588666e+00
47	4.790325e-01	4.907662e-01	1.525647e+00
48	4.692697e-01	5.047780e-01	2.751832e+00
49	3.113528e-01	3.326766e-01	2.625794e+00
50	5.035806e-01	5.630349e-01	1.663410e+00
51	4.775353e-01	5.125273e-01	2.560332e+00
52	4.611659e-01	5.049973e-01	1.696629e+00
53	4.655212e-01	5.182423e-01	1.506106e+00
54	4.668601e-01	5.013249e-01	2.675623e+00
55	4.785496e-01	5.332910e-01	2.497802e+00
56	4.965416e-01	5.512561e-01	1.031265e+00
57	5.915568e-01	6.057089e-01	2.361993e+00
58	4.831006e-01	5.564077e-01	1.866634e+00
60	4.041993e-01	1.444751e-01	1.503175e+00
61	4.961188e-01	4.279353e-01	2.449927e+00
62	4.805589e-01	5.045223e-01	2.831949e+00
63	4.742030e-01	4.951069e-01	2.317049e+00
64	4.509426e-01	4.684111e-01	2.353200e+00
65	4.744414e-01	5.054342e-01	2.575965e+00
66	3.694977e-01	6.029301e-01	2.922814e+00
67	5.543488e-01	6.123272e-01	2.289692e+00
68	4.352805e-01	6.210247e-01	2.766488e+00
69	4.899609e-01	3.825517e-01	1.522716e+00
70	4.226122e-01	4.831083e-01	2.769419e+00
71	4.508984e-01	4.962692e-01	1.110405e+00
72	5.171272e-01	5.668963e-01	1.412311e+00
73	4.400454e-01	4.548469e-01	1.951637e+00
74	6.144301e-01	5.988107e-01	1.449438e+00
75	5.226652e-01	3.199467e-01	2.176356e+00
76	4.517207e-01	4.062387e-01	1.212995e+00
77	4.882830e-01	4.915430e-01	1.872496e+00
78	4.866565e-01	5.321408e-01	1.606742e+00
79	3.745248e-01	3.705240e-01	1.183683e+00
80	4.471849e-01	4.176673e-01	2.736199e+00
81	4.729869e-01	5.053985e-01	1.617489e+00
82	4.469138e-01	4.388847e-01	2.456766e+00
83	5.630588e-01	5.701408e-01	1.406448e+00
84	5.047820e-01	3.365411e-01	2.453835e+00
85	4.708619e-01	5.121191e-01	2.712750e+00
86	4.654871e-01	5.007933e-01	2.877870e+00
87	6.888696e-01	6.846440e-01	1.533464e+00
88	2.983202e-01	3.563713e-01	2.169516e+00
89	3.728595e-01	3.656076e-01	2.483146e+00
90	5.499496e-01	5.865875e-01	1.538349e+00
91	4.752736e-01	4.964532e-01	1.117245e+00
92	4.842675e-01	5.341068e-01	2.709819e+00
93	4.599026e-01	5.137763e-01	2.929653e+00
94	3.745518e-01	3.895139e-01	2.125550e+00
95	6.764022e-01	5.862759e-01	2.148999e+00
96	4.801638e-01	4.932325e-01	1.206155e+00
98	4.881791e-01	5.169842e-01	1.997557e+00
99	4.112586e-01	5.957368e-01	1.753298e+00
100	4.780635e-01	5.053270e-01	1.491451e+00
101	4.736903e-01	5.037599e-01	2.381534e+00
102	4.690360e-01	4.791590e-01	1.837323e+00
103	5.660132e-01	4.915725e-01	2.723498e+00
104	5.706479e-01	7.300287e-01	1.216903e+00
105	4.905759e-01	5.354918e-01	1.385931e+00
107	4.857102e-01	5.237819e-01	1.887152e+00
108	3.017148e-01	4.529676e-01	1.869565e+00
109	3.741333e-01	4.703851e-01	2.657059e+00
110	3.847904e-01	4.609173e-01	1.905716e+00
111	4.957516e-01	5.365714e-01	2.319980e+00
113	3.885521e-01	7.974673e-01	1.155349e+00
114	4.852636e-01	5.301908e-01	1.261847e+00
115	3.613553e-01	3.964440e-01	1.308745e+00
116	4.809905e-01	7.894733e-01	1.148510e+00
117	4.225909e-01	4.434910e-01	1.865657e+00
118	5.170429e-01	5.382910e-01	2.988276e+00
119	5.134166e-01	5.326287e-01	1.479726e+00
120	4.280526e-01	4.439296e-01	2.095261e+00
121	4.600261e-01	3.860948e-01	2.442110e+00
122	3.883972e-01	4.292260e-01	1.070347e+00
123	5.147456e-01	5.330118e-01	1.417196e+00
124	4.573897e-01	4.846548e-01	2.817294e+00
126	4.974598e-01	5.674128e-01	2.738153e+00
127	4.598598e-01	4.439451e-01	2.338544e+00
128	4.692470e-01	7.772831e-01	1.282364e+00
129	4.579529e-01	5.083351e-01	2.676600e+00
130	4.793483e-01	7.683305e-01	2.443087e+00
131	3.578922e-01	9.559994e-01	2.375672e+00
132	6.060700e-01	4.590225e-01	1.220811e+00
133	5.594431e-01	2.537514e-01	2.407914e+00
134	4.851610e-01	5.634415e-01	2.277968e+00
135	4.825005e-01	5.080872e-01	2.409868e+00
136	4.715933e-01	5.385757e-01	2.083537e+00
137	3.677741e-01	5.273607e-01	2.286761e+00
138	6.332999e-01	1.486724e-01	1.194431e+00
139	4.501604e-01	5.085101e-01	2.818271e+00
140	5.979126e-01	5.301157e-01	2.827064e+00
141	4.893218e-01	4.923736e-01	1.684905e+00
142	4.718978e-01	4.928197e-01	1.999511e+00
143	4.729734e-01	5.118992e-01	1.956522e+00
144	3.796126e-01	5.509226e-01	2.323889e+00
145	4.204935e-01	4.721354e-01	2.501710e+00
146	6.557747e-01	4.014657e-01	2.395213e+00
147	5.421681e-01	5.184848e-01	2.719590e+00
148	4.742786e-01	5.068836e-01	2.937469e+00
149	4.691569e-01	5.577954e-01	2.803615e+00
150	3.817762e-01	4.378788e-01	1.794333e+00
151	4.771674e-01	4.943215e-01	2.611138e+00
152	4.536975e-01	4.703125e-01	1.724963e+00
153	5.012448e-01	5.316736e-01	1.983879e+00
154	4.750214e-01	5.109577e-01	2.181241e+00
155	4.886723e-01	3.981550e-01	1.295066e+00
156	3.909333e-01	3.782012e-01	1.970200e+00
157	4.774639e-01	4.886933e-01	2.387396e+00
158	3.341910e-01	5.953802e-01	2.386419e+00
159	6.392621e-01	5.460281e-01	2.647289e+00
160	4.608372e-01	4.853905e-01	1.686859e+00
161	4.727740e-01	5.420285e-01	1.553981e+00
162	5.141158e-01	5.994127e-01	1.764045e+00
163	6.858561e-01	6.150021e-01	1.632145e+00
164	4.758987e-01	5.066879e-01	1.235467e+00
165	4.633632e-01	4.913673e-01	2.251588e+00
166	5.023759e-01	5.194833e-01	1.751343e+00
167	4.814537e-01	4.574398e-01	1.715193e+00
168	4.706445e-01	5.041100e-01	2.109917e+00
169	4.138813e-01	4.460258e-01	2.137274e+00
170	4.090325e-01	5.425908e-01	2.099170e+00
171	4.937507e-01	5.930645e-01	2.057157e+00
172	4.243671e-01	4.266506e-01	2.246702e+00
173	4.970560e-01	5.073178e-01	1.894968e+00
174	4.412231e-01	5.619276e-01	2.453835e+00
175	4.815971e-01	5.215281e-01	2.834880e+00
176	3.951557e-01	4.941635e-01	2.215437e+00
177	4.728421e-01	5.040259e-01	2.153884e+00
178	4.705905e-01	5.091346e-01	2.475330e+00
179	4.397534e-01	4.408731e-01	1.274548e+00
180	4.553346e-01	4.731817e-01	2.127504e+00
181	4.716106e-01	5.073699e-01	1.790425e+00
182	6.011274e-01	7.470481e-01	1.736688e+00
183	4.594851e-01	5.729915e-01	1.692721e+00
184	4.220017e-01	3.974222e-01	2.042501e+00
185	3.741254e-01	6.230005e-01	1.468979e+00
186	4.343288e-01	5.179233e-01	1.784563e+00
188	5.075654e-01	5.501207e-01	1.839277e+00
189	4.609707e-01	5.049833e-01	1.175867e+00
190	3.751030e-01	5.351258e-01	2.807523e+00
191	1.943199e-01	5.040565e-01	2.811431e+00
192	4.960238e-01	5.854093e-01	1.192477e+00
193	5.417211e-01	3.144399e-01	1.620420e+00
194	5.130185e-01	5.439111e-01	2.624817e+00
195	4.678106e-01	5.017914e-01	2.806546e+00
196	5.022855e-01	5.600698e-01	1.763068e+00
197	3.698148e-01	3.909055e-01	2.060088e+00
198	7.630838e-01	4.895592e-01	2.458720e+00
199	4.897423e-01	5.176472e-01	2.463605e+00
200	4.666865e-01	1.764962e-01	1.141671e+00
201	4.727809e-01	5.187062e-01	1.146556e+00
202	4.227553e-01	4.515978e-01	1.395701e+00
203	5.084391e-01	4.423608e-01	1.755252e+00
204	4.833581e-01	5.272049e-01	2.901319e+00
205	5.089281e-01	5.334677e-01	2.123596e+00
206	6.215034e-01	6.031210e-01	1.652662e+00
207	4.583864e-01	4.876111e-01	1.199316e+00
208	4.416457e-01	4.548983e-01	2.170493e+00
209	2.948138e-01	4.719632e-01	2.733268e+00
210	6.112537e-01	5.412185e-01	1.545188e+00
211	4.470019e-01	4.978990e-01	1.376160e+00
212	4.983338e-01	5.141046e-01	1.621397e+00
213	4.742459e-01	5.226308e-01	1.883244e+00
214	4.703644e-01	5.276493e-01	1.612604e+00
215	4.682069e-01	5.261711e-01	2.909135e+00
216	4.699681e-01	5.029247e-01	1.354665e+00
217	4.531478e-01	5.020139e-01	2.770396e+00
218	5.083743e-01	4.700188e-01	2.148999e+00
219	5.081157e-01	5.183848e-01	2.624817e+00
220	4.796690e-01	5.731649e-01	2.697118e+00
221	4.317716e-01	4.872667e-01	1.938935e+00
222	7.552987e-01	4.926924e-01	1.854910e+00
223	4.834264e-01	4.085861e-01	2.625794e+00
224	5.448719e-01	7.694207e-01	2.984367e+00
225	4.248443e-01	4.286969e-01	2.693210e+00
226	4.704490e-01	5.056995e-01	2.276014e+00
227	4.769970e-01	4.941406e-01	1.245237e+00
228	4.752361e-01	5.007633e-01	1.489497e+00
229	4.852274e-01	5.045838e-01	2.305325e+00
230	4.912659e-01	5.207655e-01	2.689301e+00
231	4.483852e-01	4.833205e-01	1.346849e+00
232	4.355201e-01	4.621666e-01	2.447973e+00
233	4.845252e-01	4.915595e-01	1.591109e+00
234	3.672351e-01	4.768463e-01	1.931119e+00
235	4.855204e-01	5.432021e-01	2.687347e+00
236	4.743403e-01	5.066036e-01	2.787982e+00
237	4.608456e-01	4.936103e-01	1.510015e+00
238	4.836531e-01	5.172414e-01	2.193942e+00
239	5.180309e-01	5.647272e-01	2.918906e+00
240	5.416731e-01	5.935299e-01	1.734734e+00
241	4.706935e-01	4.467480e-01	1.119199e+00
242	3.867158e-01	5.053061e-01	1.631168e+00
243	4.189988e-01	4.928195e-01	1.258915e+00
244	4.233571e-01	4.127599e-01	2.458720e+00
245	4.793600e-01	5.839477e-01	2.134343e+00
246	4.700382e-01	5.075806e-01	2.662921e+00
247	4.426915e-01	4.879910e-01	2.924768e+00
248	4.539332e-01	3.907300e-01	2.983390e+00
250	7.700744e-01	9.645599e-01	2.763556e+00
251	7.103954e-01	8.834633e-01	2.374695e+00
252	5.096761e-01	4.399338e-01	1.703468e+00
253	3.819759e-01	4.207620e-01	1.246214e+00
254	5.172855e-01	6.297575e-01	2.925745e+00
255	4.539292e-01	4.931008e-01	1.857841e+00
256	4.586783e-01	4.909288e-01	2.601368e+00
257	4.834741e-01	5.168091e-01	2.413776e+00
258	5.017712e-01	4.831608e-01	2.569126e+00
259	5.309195e-01	6.172296e-01	1.865657e+00
260	4.766548e-01	5.056418e-01	2.574988e+00
261	4.941002e-01	5.193916e-01	1.598925e+00
262	3.900507e-01	6.119016e-01	2.264289e+00
263	5.365853e-01	3.930555e-01	1.176844e+00
264	3.605956e-01	3.851321e-01	1.061553e+00
265	4.551105e-01	4.903888e-01	2.526136e+00
266	4.274501e-01	4.603923e-01	1.928188e+00
267	4.980827e-01	4.541529e-01	2.006351e+00
268	4.976248e-01	5.375409e-01	1.041036e+00
269	5.645008e-01	6.814731e-01	1.793356e+00
270	3.928896e-01	4.214918e-01	1.860772e+00
271	6.273044e-01	4.872211e-01	1.389839e+00
272	4.763239e-01	5.156782e-01	1.052760e+00
273	5.060337e-01	5.662512e-01	1.156326e+00
274	3.406476e-01	3.661772e-01	1.981925e+00
275	5.238988e-01	7.892681e-01	2.256473e+00
276	4.395951e-01	4.754204e-01	2.368832e+00
277	4.912418e-01	5.071253e-01	2.024915e+00
279	4.424921e-01	4.355340e-01	1.348803e+00
280	6.249031e-01	5.691072e-01	2.472399e+00
281	4.113864e-01	5.107673e-01	2.288715e+00
282	4.097464e-01	4.615321e-01	2.745970e+00
283	5.079033e-01	5.556736e-01	2.490962e+00
284	2.351644e-01	3.869741e-01	2.515388e+00
285	4.789806e-01	7.464604e-01	1.545188e+00
286	4.799876e-01	4.858387e-01	2.662921e+00
287	4.287290e-01	4.219436e-01	2.264289e+00
288	4.679949e-01	4.854036e-01	2.905227e+00
289	4.341371e-01	3.618323e-01	1.058622e+00
290	3.767036e-01	5.151441e-01	2.152907e+00
291	7.541569e-01	9.039363e-01	2.784074e+00
292	4.650479e-01	5.118644e-01	2.445042e+00
293	7.366163e-01	9.412617e-01	2.852467e+00
294	3.826137e-01	4.692330e-01	2.070835e+00
295	4.926469e-01	5.131004e-01	1.406448e+00
296	2.660240e-01	1.332701e-01	1.751343e+00
297	5.084074e-01	4.506696e-01	2.077675e+00
298	3.182327e-01	5.515237e-01	1.601856e+00
299	4.417361e-01	4.839777e-01	2.048363e+00
300	5.243683e-01	5.406814e-01	2.781143e+00
301	4.736873e-01	5.061798e-01	2.779189e+00
302	5.099313e-01	5.447453e-01	2.617978e+00
303	4.310961e-01	2.845647e-01	1.698583e+00
304	4.591242e-01	4.848574e-01	1.948705e+00
305	4.808304e-01	5.397816e-01	1.416219e+00
306	4.890183e-01	4.538655e-01	1.745481e+00
307	4.825202e-01	5.117268e-01	2.291646e+00
308	6.929592e-01	8.974125e-01	1.868588e+00
309	5.560301e-01	5.399367e-01	2.511480e+00
310	4.609072e-01	4.744804e-01	2.596483e+00
311	5.085466e-01	6.202359e-01	2.855398e+00
312	4.388136e-01	4.668051e-01	1.312653e+00
313	3.990366e-01	4.006120e-01	1.787494e+00
314	4.706617e-01	5.041535e-01	2.252565e+00
315	4.440082e-01	4.896660e-01	1.978017e+00
316	5.310292e-01	5.097656e-01	2.965804e+00
317	4.635174e-01	4.943026e-01	2.221299e+00
318	4.540644e-01	5.030164e-01	1.701514e+00
319	5.184576e-01	5.748560e-01	1.135809e+00
320	4.902149e-01	4.676782e-01	2.997069e+00
322	5.134565e-01	5.215483e-01	2.362970e+00
323	4.777191e-01	5.135336e-01	2.553493e+00
324	4.465786e-01	5.087443e-01	1.347826e+00
325	5.007908e-01	8.696827e-01	2.896434e+00
326	4.737976e-01	5.038272e-01	1.857841e+00
327	4.601982e-01	6.063515e-01	1.669272e+00
328	4.599394e-01	5.189714e-01	1.726917e+00
329	4.688945e-01	4.936077e-01	2.604299e+00
330	4.680112e-01	4.421133e-01	2.089399e+00
331	4.934995e-01	4.722478e-01	1.552027e+00
332	4.194248e-01	4.201333e-01	1.769907e+00
333	4.677319e-01	4.910112e-01	1.382022e+00
334	5.156913e-01	7.021370e-01	2.510503e+00
335	4.397220e-01	5.224032e-01	1.640938e+00
336	4.758422e-01	4.954654e-01	2.933561e+00
337	4.133514e-01	3.926294e-01	1.033219e+00
338	3.721414e-01	4.706643e-01	1.408403e+00
339	4.940471e-01	5.244773e-01	2.767465e+00
340	4.667776e-01	5.068118e-01	1.526624e+00
341	5.051566e-01	6.045270e-01	1.456277e+00
342	4.458535e-01	4.911925e-01	1.054714e+00
343	4.784905e-01	5.980062e-01	2.601368e+00
344	5.057795e-01	8.819580e-01	2.193942e+00
345	6.127554e-01	9.946339e-01	2.321935e+00
346	4.378371e-01	4.687219e-01	1.564729e+00
347	4.748801e-01	4.807904e-01	1.679043e+00
348	2.676807e-01	6.243187e-01	2.034685e+00
349	4.849698e-01	5.257878e-01	2.564240e+00
350	6.267657e-01	5.838098e-01	2.311187e+00
351	7.203636e-01	6.085502e-01	1.297997e+00
352	4.597914e-01	4.930947e-01	2.873962e+00
353	5.010844e-01	6.157361e-01	2.202736e+00
354	4.738260e-01	5.062172e-01	2.653151e+00
355	6.672298e-01	5.861219e-01	2.461651e+00
356	4.663445e-01	5.037520e-01	1.679043e+00
357	3.641918e-01	4.525447e-01	2.991207e+00
358	5.088227e-01	6.782666e-01	2.857352e+00
359	3.715034e-01	3.803343e-01	1.913532e+00
360	5.982982e-01	5.489763e-01	1.216903e+00
361	6.901999e-01	6.311147e-01	1.214949e+00
362	5.546083e-01	4.956421e-01	1.005862e+00
363	4.648364e-01	4.932083e-01	2.227162e+00
364	4.591929e-01	4.983775e-01	1.723009e+00
366	5.490275e-01	5.772574e-01	1.692721e+00
367	4.544806e-01	5.152174e-01	1.154372e+00
368	4.838252e-01	5.379414e-01	1.851001e+00
369	4.782629e-01	5.031620e-01	2.418661e+00
370	4.555661e-01	4.235244e-01	1.874450e+00
371	5.476520e-01	4.538275e-01	1.591109e+00
372	4.888944e-01	4.602749e-01	2.199805e+00
373	2.934146e-01	3.916132e-01	2.208598e+00
374	4.418169e-01	4.677708e-01	1.322423e+00
375	5.489671e-01	6.560030e-01	2.361016e+00
376	3.926498e-01	6.225977e-01	1.815828e+00
377	4.742289e-01	5.082918e-01	1.328285e+00
378	4.813325e-01	5.179329e-01	1.883244e+00
379	4.252963e-01	2.945229e-01	1.599902e+00
380	2.149596e-01	2.342595e-01	2.343429e+00
381	4.415059e-01	4.707759e-01	1.835369e+00
383	2.733015e-01	4.374634e-01	1.698583e+00
384	6.395180e-01	6.745158e-01	2.761602e+00
385	4.538757e-01	7.250786e-01	1.961407e+00
386	5.167143e-01	5.039711e-01	2.449927e+00
387	4.555123e-01	4.794012e-01	2.669761e+00
388	4.852084e-01	5.239228e-01	2.597460e+00
389	4.723745e-01	5.087038e-01	2.960918e+00
390	4.881542e-01	5.303462e-01	1.655594e+00
391	4.617094e-01	4.944822e-01	2.572057e+00
392	4.462220e-01	4.865549e-01	1.234489e+00
393	4.911461e-01	5.030290e-01	1.607719e+00
394	4.728680e-01	5.112809e-01	2.643381e+00
395	3.951034e-01	5.183215e-01	1.233512e+00
397	4.726827e-01	7.301647e-01	1.083048e+00
398	6.836603e-01	8.651045e-01	2.453835e+00
399	4.573537e-01	3.917373e-01	2.169516e+00
400	4.681778e-01	4.961240e-01	1.634099e+00
401	3.489882e-01	5.675086e-01	1.314607e+00
402	4.806822e-01	4.942597e-01	2.292623e+00
403	6.152191e-01	6.461865e-01	1.759160e+00
404	4.977024e-01	6.144363e-01	2.942355e+00
405	4.634947e-01	4.888934e-01	1.358574e+00
406	4.280861e-01	4.468153e-01	1.474841e+00
407	5.013830e-01	3.516704e-01	2.850513e+00
408	3.263087e-01	4.665927e-01	2.543723e+00
409	4.614624e-01	4.886885e-01	1.170005e+00
410	4.686785e-01	4.075921e-01	2.011236e+00
411	3.912437e-01	5.047706e-01	2.982413e+00
412	4.397977e-01	6.849677e-01	1.578407e+00
413	5.244272e-01	5.537604e-01	2.904250e+00
414	4.911425e-01	5.242293e-01	2.948217e+00
415	4.690368e-01	5.097425e-01	1.856864e+00
416	5.241274e-01	5.631165e-01	1.780655e+00
417	4.882281e-01	4.624295e-01	1.223742e+00
418	4.717100e-01	4.671801e-01	2.928676e+00
419	4.532637e-01	4.806929e-01	1.055691e+00
420	4.929958e-01	5.041169e-01	2.823156e+00
421	4.768042e-01	5.056670e-01	2.886663e+00
422	4.586132e-01	4.810827e-01	1.391793e+00
423	5.019846e-01	5.040717e-01	1.467025e+00
424	4.594650e-01	4.936719e-01	1.512946e+00
425	4.548159e-01	8.906764e-01	1.960430e+00
426	4.685563e-01	8.944594e-01	2.254519e+00
427	5.405700e-01	6.457917e-01	2.899365e+00
428	4.678711e-01	5.003284e-01	1.247191e+00
429	4.664228e-01	5.070371e-01	1.802149e+00
430	4.616970e-01	5.234853e-01	1.663410e+00
431	4.431589e-01	4.886682e-01	2.556424e+00
432	5.002550e-01	5.978810e-01	2.947240e+00
433	4.549958e-01	4.955354e-01	2.475330e+00
434	4.646155e-01	4.571651e-01	2.923791e+00
435	3.087976e-01	4.752106e-01	2.906204e+00
436	5.241960e-01	9.376790e-02	2.668784e+00
437	4.675383e-01	5.086940e-01	2.476307e+00
438	5.288083e-01	4.988780e-01	2.065950e+00
439	4.715694e-01	5.107488e-01	1.983879e+00
440	3.822508e-01	3.547903e-01	1.637030e+00
441	6.332876e-01	5.201297e-01	1.338056e+00
442	4.047055e-01	4.571838e-01	2.406937e+00
443	6.795513e-01	4.054721e-01	1.422081e+00
444	5.289812e-01	6.315024e-01	2.956033e+00
445	4.768901e-01	4.977883e-01	2.601368e+00
446	4.711905e-01	6.141179e-01	1.846116e+00
447	4.778900e-01	5.122253e-01	1.264778e+00
448	4.269468e-01	4.721510e-01	1.119199e+00
449	4.427411e-01	4.431951e-01	1.956522e+00
450	4.405317e-01	5.526696e-01	2.971666e+00
451	4.755343e-01	5.055294e-01	2.149976e+00
452	4.897888e-01	4.201552e-01	1.574499e+00
453	6.484358e-01	6.833106e-01	1.775769e+00
455	5.212841e-01	5.460015e-01	2.984367e+00
456	4.398707e-01	4.749675e-01	1.577430e+00
457	4.621409e-01	4.264506e-01	2.955056e+00
458	4.961648e-01	5.003735e-01	2.865169e+00
459	3.943930e-01	3.515819e-01	1.672203e+00
461	2.375189e-01	5.001197e-01	2.513434e+00
462	5.428975e-01	5.461413e-01	1.853933e+00
463	4.696854e-01	5.495154e-01	2.858329e+00
464	4.897716e-01	5.688869e-01	1.574499e+00
465	4.279100e-01	5.663499e-01	1.432829e+00
466	4.846139e-01	5.042397e-01	1.500244e+00
467	4.295490e-01	3.275680e-01	1.323400e+00
468	4.685667e-01	5.039367e-01	2.147044e+00
469	4.742617e-01	4.715647e-01	2.698095e+00
470	4.823600e-01	5.295397e-01	1.364436e+00
471	5.300290e-01	7.419558e-01	2.076698e+00
472	4.747302e-01	5.096990e-01	2.011236e+00
473	4.833036e-01	6.511390e-01	1.215926e+00
474	4.755542e-01	5.122065e-01	2.299463e+00
475	5.558393e-01	4.568570e-01	1.683928e+00
476	4.478096e-01	5.183502e-01	2.081583e+00
477	5.083690e-01	5.105985e-01	2.350269e+00
478	3.130045e-01	4.271710e-01	2.728383e+00
479	3.760130e-01	3.229728e-01	1.194431e+00
480	3.875665e-01	4.855257e-01	2.515388e+00
481	6.533891e-01	6.906967e-01	1.865657e+00
482	4.931160e-01	5.180261e-01	1.802149e+00
483	5.296935e-01	5.346909e-01	1.367367e+00
484	4.247687e-01	4.344137e-01	1.148510e+00
485	4.726875e-01	4.836142e-01	2.427455e+00
486	4.432774e-01	5.304926e-01	2.196873e+00
487	4.292782e-01	4.993295e-01	2.386419e+00
488	4.264600e-01	4.347786e-01	1.294089e+00
489	4.929896e-01	4.992629e-01	1.687836e+00
490	5.071054e-01	4.197826e-01	1.146556e+00
491	7.484935e-01	4.296885e-01	1.597948e+00
492	4.526742e-01	4.818717e-01	2.412799e+00
493	3.454972e-01	4.060984e-01	1.227650e+00
494	5.069083e-01	6.074755e-01	2.522228e+00
495	5.186863e-01	5.337212e-01	1.437714e+00
496	5.089196e-01	5.597166e-01	1.523693e+00
497	5.750815e-01	5.450921e-01	1.221788e+00
498	4.958071e-01	5.600333e-01	1.652662e+00
499	3.524626e-01	4.263981e-01	1.269663e+00
500	4.766973e-01	5.107316e-01	2.967758e+00
501	4.837963e-01	5.033237e-01	2.546654e+00
502	3.723730e-01	7.536970e-01	1.818759e+00
503	5.254551e-01	5.381722e-01	1.919394e+00
504	4.492285e-01	4.964962e-01	2.563263e+00
505	4.033860e-01	3.764928e-01	1.451392e+00
506	3.445678e-01	5.071657e-01	1.718124e+00
507	4.567926e-01	4.900082e-01	1.207132e+00
508	4.856385e-01	5.185098e-01	1.236444e+00
509	5.530334e-01	5.202197e-01	2.622863e+00
510	4.021403e-01	4.463241e-01	2.549585e+00
511	4.748848e-01	5.065524e-01	2.966781e+00
512	5.376066e-01	6.115530e-01	2.395213e+00
513	4.549692e-01	5.181983e-01	1.534441e+00
514	4.532964e-01	4.413822e-01	1.550073e+00
515	5.354356e-01	5.610888e-01	1.610650e+00
516	6.613932e-01	4.622897e-01	1.612604e+00
517	4.619501e-01	5.178144e-01	1.086957e+00
518	5.045940e-01	4.755857e-01	2.282853e+00
519	4.993005e-01	8.935058e-01	1.573522e+00
520	4.598698e-01	5.039853e-01	2.497802e+00
521	4.789911e-01	4.864057e-01	1.752320e+00
523	4.578550e-01	5.183681e-01	1.209086e+00
524	4.985571e-01	5.424549e-01	2.755740e+00
525	5.170643e-01	5.058587e-01	1.499267e+00
526	4.840433e-01	4.966006e-01	1.014656e+00
527	3.930004e-01	1.415032e-01	2.891549e+00
528	4.719248e-01	5.068600e-01	2.478261e+00
529	4.690005e-01	4.875779e-01	1.898876e+00
530	4.524078e-01	4.928811e-01	1.188569e+00
531	4.810492e-01	5.475679e-01	2.785051e+00
532	4.708498e-01	5.047003e-01	2.945286e+00
533	5.194400e-01	5.658417e-01	2.458720e+00
534	4.343056e-01	6.134801e-01	2.673669e+00
535	4.536156e-01	5.104802e-01	1.399609e+00
536	4.882850e-01	5.136691e-01	2.604299e+00
537	4.746078e-01	5.106628e-01	1.529555e+00
538	4.748928e-01	5.092683e-01	2.823156e+00
539	4.571961e-01	5.073347e-01	2.826087e+00
540	4.353314e-01	4.418218e-01	2.844651e+00
541	4.555955e-01	4.522248e-01	2.290669e+00
542	4.914760e-01	4.684817e-01	2.570103e+00
543	4.769309e-01	5.498656e-01	2.396190e+00
544	4.288707e-01	4.513867e-01	1.318515e+00
545	4.735788e-01	4.520232e-01	2.605276e+00
546	3.784980e-01	6.917624e-01	2.683439e+00
547	5.934814e-01	2.807179e-01	1.587201e+00
548	5.491284e-01	6.283548e-01	1.375183e+00
549	4.517781e-01	5.101806e-01	2.298486e+00
550	3.495703e-01	3.226955e-01	1.285296e+00
551	4.825946e-01	5.088671e-01	2.983390e+00
552	2.524617e-01	4.975455e-01	1.195408e+00
553	4.797606e-01	4.932414e-01	2.414753e+00
554	4.753298e-01	3.665682e-01	1.843185e+00
555	3.717784e-01	4.787712e-01	2.396190e+00
556	5.793170e-01	5.458089e-01	3.000000e+00
557	4.550399e-01	5.063338e-01	2.728383e+00
559	4.887533e-01	5.181919e-01	1.944797e+00
560	3.890660e-01	4.138445e-01	2.883732e+00
561	4.798555e-01	5.087491e-01	2.383488e+00
562	4.058883e-01	6.270958e-01	2.506595e+00
563	4.872101e-01	5.186656e-01	1.786517e+00
564	4.269208e-01	5.356428e-01	2.893503e+00
565	4.715921e-01	4.987664e-01	2.981436e+00
566	4.800240e-01	5.638298e-01	2.663898e+00
567	4.530682e-01	4.718699e-01	2.227162e+00
568	4.854233e-01	4.978242e-01	1.527601e+00
569	3.771469e-01	3.121975e-01	2.610161e+00
570	2.654659e-01	2.246399e-01	1.058622e+00
571	4.364408e-01	4.449173e-01	2.782120e+00
573	4.755471e-01	5.027365e-01	2.109917e+00
574	4.433388e-01	4.687273e-01	2.074744e+00
575	5.066483e-01	5.084734e-01	2.319003e+00
576	4.227126e-01	5.012452e-01	1.290181e+00
577	4.763475e-01	4.193062e-01	1.286273e+00
578	4.281981e-01	4.652379e-01	1.881290e+00
579	4.532201e-01	4.910688e-01	1.664387e+00
580	3.451341e-01	1.205239e-01	1.242306e+00
581	4.574301e-01	5.442757e-01	1.927211e+00
582	4.704985e-01	5.111196e-01	2.820225e+00
583	6.234047e-01	5.533339e-01	2.792868e+00
584	4.717428e-01	5.898128e-01	1.201270e+00
585	4.219836e-01	4.079509e-01	1.898876e+00
586	4.727853e-01	5.046268e-01	1.782609e+00
587	4.636005e-01	4.966043e-01	1.561798e+00
588	4.710854e-01	5.044404e-01	2.282853e+00
589	4.198733e-01	4.664966e-01	2.210552e+00
590	4.454471e-01	5.812712e-01	1.020518e+00
591	4.177912e-01	4.424686e-01	1.784563e+00
592	4.694610e-01	5.093030e-01	1.275525e+00
593	4.440331e-01	5.336427e-01	1.212995e+00
594	4.975581e-01	5.058690e-01	2.964827e+00
595	4.798694e-01	5.399769e-01	2.079629e+00
596	5.261253e-01	4.723093e-01	1.187592e+00
597	4.595298e-01	5.505579e-01	1.258915e+00
598	4.908514e-01	5.004224e-01	1.999511e+00
599	4.825794e-01	5.127117e-01	1.264778e+00
600	4.639960e-01	5.007837e-01	1.110405e+00
601	3.333895e-01	3.849648e-01	1.107474e+00
602	5.145520e-01	4.138888e-01	1.070347e+00
603	4.742106e-01	5.180260e-01	2.400098e+00
604	4.319658e-01	4.616013e-01	2.871031e+00
605	4.736226e-01	5.033170e-01	2.739130e+00
606	4.784190e-01	4.690969e-01	2.061065e+00
607	5.386284e-01	7.476573e-01	1.073278e+00
608	4.629237e-01	5.119993e-01	2.799707e+00
609	4.237813e-01	3.994123e-01	2.010259e+00
610	4.408367e-01	5.851621e-01	1.700537e+00
611	4.557554e-01	4.913320e-01	1.339033e+00
612	4.503150e-01	5.108657e-01	2.227162e+00
613	6.584268e-01	9.006955e-01	2.482169e+00
614	4.802919e-01	4.788066e-01	2.958964e+00
615	3.991924e-01	5.183092e-01	1.443576e+00
616	3.889627e-01	5.957551e-01	2.381534e+00
617	5.448437e-01	6.466953e-01	1.971177e+00
618	4.583407e-01	4.955195e-01	2.960918e+00
619	5.829952e-01	9.143573e-01	1.812897e+00
620	5.816058e-01	4.725307e-01	1.170982e+00
621	5.702752e-01	4.916622e-01	1.277479e+00
622	6.251314e-01	4.577968e-01	1.176844e+00
623	3.699649e-01	4.657820e-01	1.636053e+00
624	4.425992e-01	3.830505e-01	2.336590e+00
625	4.357150e-01	5.304485e-01	1.343918e+00
626	4.764031e-01	4.899339e-01	1.905716e+00
627	4.091477e-01	4.903978e-01	1.784563e+00
628	4.754346e-01	5.046793e-01	2.063996e+00
629	4.715604e-01	5.173309e-01	2.497802e+00
630	4.500710e-01	6.051365e-01	2.870054e+00
631	4.153331e-01	4.492694e-01	1.729849e+00
632	6.031289e-01	6.324314e-01	2.290669e+00
633	4.723630e-01	5.074408e-01	2.841720e+00
634	4.750252e-01	5.045258e-01	2.195896e+00
635	4.711693e-01	5.602320e-01	1.601856e+00
636	4.159127e-01	4.507200e-01	2.449927e+00
637	4.936836e-01	4.945659e-01	1.462140e+00
638	4.739854e-01	5.072808e-01	2.041524e+00
639	4.745393e-01	5.066129e-01	2.061065e+00
640	4.254588e-01	3.336393e-01	2.130435e+00
641	6.687593e-01	7.233235e-01	2.205667e+00
642	4.564356e-01	4.849505e-01	2.184172e+00
643	5.342195e-01	5.069753e-01	2.747924e+00
644	4.092921e-01	7.470566e-01	2.909135e+00
645	4.845961e-01	5.107659e-01	2.777235e+00
646	4.802702e-01	5.870615e-01	1.295066e+00
647	4.413344e-01	4.867836e-01	1.050806e+00
648	4.289623e-01	6.976291e-01	1.191500e+00
649	4.741773e-01	4.923411e-01	1.198339e+00
650	4.400380e-01	5.303543e-01	2.656082e+00
651	4.848232e-01	4.811625e-01	1.692721e+00
652	3.876134e-01	4.725807e-01	2.330728e+00
653	4.894722e-01	5.235996e-01	1.906693e+00
654	4.998306e-01	5.053702e-01	2.192965e+00
655	4.373885e-01	4.712518e-01	1.200293e+00
656	4.504050e-01	5.007920e-01	2.361016e+00
657	4.240176e-01	3.725894e-01	2.080606e+00
658	4.662670e-01	5.098523e-01	2.017098e+00
659	3.963744e-01	4.731594e-01	2.191011e+00
660	4.960815e-01	3.555311e-01	1.667318e+00
661	4.240456e-01	3.989338e-01	2.229116e+00
662	4.839097e-01	4.332001e-01	1.188569e+00
663	4.790082e-01	4.428719e-01	2.714704e+00
664	4.458036e-01	4.374053e-01	1.979971e+00
665	4.810159e-01	5.542822e-01	2.954079e+00
666	8.631905e-01	7.673067e-01	1.803127e+00
667	4.715954e-01	5.661626e-01	1.039082e+00
668	7.310601e-01	8.353248e-01	1.893014e+00
669	5.174280e-01	6.525443e-01	1.778701e+00
670	2.895542e-01	1.350800e-01	1.807035e+00
671	4.364030e-01	4.753782e-01	1.102589e+00
672	5.281133e-01	1.725264e-01	1.879336e+00
673	4.615090e-01	5.869455e-01	1.984856e+00
674	4.739733e-01	5.064973e-01	2.238886e+00
675	4.946867e-01	5.476183e-01	2.868100e+00
676	4.695878e-01	5.151102e-01	2.748901e+00
677	6.038699e-01	6.317978e-01	1.578407e+00
678	4.376075e-01	4.721831e-01	1.621397e+00
679	4.757996e-01	5.131178e-01	2.657059e+00
680	4.592141e-01	4.890679e-01	2.404983e+00
681	5.247590e-01	5.234531e-01	2.272106e+00
682	4.323530e-01	4.601105e-01	1.463117e+00
683	4.541968e-01	4.908972e-01	2.316072e+00
684	4.735364e-01	5.030691e-01	2.334636e+00
685	4.130699e-01	5.430113e-01	1.365413e+00
686	4.206836e-01	6.717139e-01	2.105032e+00
687	4.450439e-01	5.857292e-01	1.339033e+00
688	4.661964e-01	4.860885e-01	2.932584e+00
689	4.728041e-01	5.054863e-01	2.378603e+00
690	4.700975e-01	4.994158e-01	1.833415e+00
691	5.356577e-01	3.430535e-01	1.663410e+00
692	5.072167e-01	5.089519e-01	2.251588e+00
693	3.566796e-01	6.821316e-01	1.766976e+00
694	5.254437e-01	6.036526e-01	1.575476e+00
695	6.940714e-01	5.676460e-01	2.771373e+00
696	4.741892e-01	5.188922e-01	2.787005e+00
697	4.817293e-01	5.041204e-01	1.959453e+00
698	4.892052e-01	5.417104e-01	2.187103e+00
699	4.763065e-01	5.059504e-01	2.430386e+00
700	4.791942e-01	5.531195e-01	2.679531e+00
701	3.836460e-01	4.234638e-01	2.191988e+00
702	5.875425e-01	5.853418e-01	2.945286e+00
703	4.679017e-01	5.178684e-01	2.793845e+00
704	4.717040e-01	4.744197e-01	2.132389e+00
705	4.461059e-01	2.781888e-01	1.627259e+00
706	4.826885e-01	5.198069e-01	1.623351e+00
707	4.469895e-01	5.017097e-01	2.772350e+00
708	4.765349e-01	5.142514e-01	1.552027e+00
709	4.123538e-01	5.810758e-01	1.180752e+00
710	4.467615e-01	4.713695e-01	1.632145e+00
711	5.212742e-01	9.322792e-01	1.680997e+00
712	4.270985e-01	4.420900e-01	2.828041e+00
713	5.684359e-01	5.273527e-01	1.703468e+00
714	6.559216e-01	4.206573e-01	1.471910e+00
715	4.613748e-01	4.971439e-01	2.368832e+00
716	4.636967e-01	5.034656e-01	1.961407e+00
717	4.678335e-01	5.105985e-01	1.756229e+00
718	4.705922e-01	4.388796e-01	2.987298e+00
719	4.727940e-01	5.109889e-01	2.332682e+00
720	4.845572e-01	5.250017e-01	1.097704e+00
721	4.876747e-01	5.669770e-01	1.954568e+00
722	4.684266e-01	5.073218e-01	1.704446e+00
723	4.738680e-01	5.068388e-01	1.853933e+00
724	5.554506e-01	6.013006e-01	2.829995e+00
725	4.421380e-01	5.685245e-01	2.232047e+00
726	4.201869e-01	4.293097e-01	2.587689e+00
727	5.561930e-01	4.390975e-01	2.698095e+00
728	7.615474e-01	9.384476e-01	1.896922e+00
729	4.274741e-01	4.189475e-01	1.212995e+00
730	5.125152e-01	3.919046e-01	1.502198e+00
731	4.710260e-01	5.055042e-01	2.614069e+00
732	5.248188e-01	5.922452e-01	2.880801e+00
733	4.699164e-01	4.930418e-01	1.956522e+00
734	3.762113e-01	3.796414e-01	2.745970e+00
735	3.195808e-01	2.358510e-01	1.179775e+00
736	3.926697e-01	4.770811e-01	1.935027e+00
737	4.804511e-01	4.989173e-01	1.975085e+00
738	5.027116e-01	5.485792e-01	1.067416e+00
739	4.604239e-01	4.527982e-01	2.024915e+00
740	4.557579e-01	5.177191e-01	2.810454e+00
741	5.287354e-01	5.363172e-01	2.428432e+00
742	4.957885e-01	5.002412e-01	1.957499e+00
743	4.557629e-01	4.454315e-01	2.306302e+00
744	4.993961e-01	5.340611e-01	2.557401e+00
745	5.132541e-01	5.431037e-01	1.243283e+00
746	4.805260e-01	5.491123e-01	2.429409e+00
747	4.268610e-01	4.951869e-01	2.523205e+00
748	5.597378e-01	6.839741e-01	2.842697e+00
749	4.771338e-01	5.056391e-01	2.247680e+00
750	4.400436e-01	4.646907e-01	2.000489e+00
751	4.749071e-01	5.346063e-01	2.446019e+00
752	4.677871e-01	5.107503e-01	2.360039e+00
753	3.345925e-01	4.855974e-01	2.567171e+00
754	4.644157e-01	4.892104e-01	2.415730e+00
755	4.371280e-01	5.183300e-01	1.989741e+00
756	4.824697e-01	5.036820e-01	2.908158e+00
757	5.690815e-01	5.924979e-01	2.731314e+00
758	4.742376e-01	5.049307e-01	2.544700e+00
759	4.737845e-01	5.069734e-01	2.890572e+00
760	4.725101e-01	5.078559e-01	1.654617e+00
761	4.695300e-01	5.147075e-01	1.008793e+00
762	4.235502e-01	4.334834e-01	1.260870e+00
763	4.300910e-01	6.175419e-01	1.347826e+00
764	4.595711e-01	5.123060e-01	1.325354e+00
765	4.823815e-01	5.103074e-01	1.420127e+00
766	3.998423e-01	3.180255e-01	2.845628e+00
767	4.585862e-01	4.711756e-01	1.853933e+00
768	4.785416e-01	5.149996e-01	1.303859e+00
769	3.626177e-01	4.250864e-01	1.294089e+00
770	8.829736e-01	1.139137e-01	1.675134e+00
771	4.277701e-01	4.935607e-01	2.417684e+00
772	4.806332e-01	5.548011e-01	2.053249e+00
773	4.511671e-01	4.995772e-01	1.276502e+00
774	6.584692e-01	5.389245e-01	2.779189e+00
775	3.104518e-01	8.409809e-01	1.984856e+00
776	2.305159e-01	5.346109e-01	2.295554e+00
777	4.772314e-01	5.117192e-01	1.652662e+00
778	4.678762e-01	4.950876e-01	2.464582e+00
779	4.766314e-01	5.040936e-01	1.763068e+00
780	4.462001e-01	4.575615e-01	2.026869e+00
781	4.602409e-01	4.762545e-01	1.160234e+00
782	5.670423e-01	3.927282e-01	2.302394e+00
783	4.729798e-01	5.192462e-01	1.384954e+00
784	4.963133e-01	5.356303e-01	2.598437e+00
785	4.332993e-01	5.539697e-01	2.130435e+00
786	4.576751e-01	4.998817e-01	1.690767e+00
787	4.482903e-01	5.285313e-01	1.940889e+00
788	4.538994e-01	4.923900e-01	2.099170e+00
