763
0	8.797240e-01	4.255653e-01	1.398632e+00
1	6.293593e-01	4.211690e-01	1.108451e+00
2	5.936462e-01	4.042029e-01	2.925745e+00
3	8.126002e-01	2.452179e-01	2.732291e+00
4	8.733155e-01	4.771081e-02	1.257938e+00
5	6.276285e-01	4.031297e-01	2.424524e+00
7	4.378455e-01	6.280321e-01	2.705911e+00
8	5.519554e-01	2.215669e-01	2.442110e+00
9	5.895030e-01	3.070447e-01	2.233024e+00
10	5.935561e-01	4.307784e-01	2.376649e+00
11	5.665129e-01	2.396286e-01	1.556913e+00
13	5.044986e-01	7.840260e-01	1.066439e+00
14	3.021926e-01	3.772580e-01	1.626282e+00
15	6.933383e-01	1.435730e-01	1.306790e+00
16	5.429159e-01	4.391453e-01	2.902296e+00
17	6.414884e-01	3.259509e-01	1.195408e+00
18	6.001811e-01	4.118652e-01	1.785540e+00
19	6.048022e-01	4.333055e-01	1.248168e+00
20	5.904615e-01	4.052203e-01	1.863703e+00
21	2.290000e-01	1.676460e-01	2.671715e+00
22	5.889884e-01	4.034044e-01	2.487054e+00
23	6.558370e-01	2.448830e-01	1.946751e+00
24	1.697860e-01	7.928741e-01	1.303859e+00
25	9.338924e-01	4.608963e-02	2.152907e+00
26	6.151395e-01	3.435455e-01	1.388862e+00
27	5.935201e-01	2.730540e-01	1.591109e+00
28	4.556603e-01	6.244915e-01	2.205667e+00
29	4.044170e-01	3.431872e-01	2.181241e+00
30	7.570427e-01	1.710995e-01	1.475818e+00
31	6.043067e-01	4.075415e-01	2.309233e+00
32	4.721836e-01	1.960037e-01	2.073766e+00
33	4.280894e-01	6.352234e-01	2.331705e+00
34	5.830596e-01	3.660274e-01	1.126038e+00
35	7.222777e-02	7.706238e-01	2.235955e+00
37	5.705292e-01	2.181528e-01	2.555447e+00
38	5.636380e-01	2.639531e-01	2.559355e+00
39	6.325794e-01	3.681434e-01	1.895945e+00
40	2.867401e-01	6.423845e-01	1.282364e+00
41	6.058440e-01	4.463816e-01	2.750855e+00
42	6.047506e-01	3.033429e-01	2.412799e+00
43	5.418268e-01	3.958342e-01	2.557401e+00
44	5.473620e-01	3.044894e-01	1.648754e+00
45	5.841272e-01	1.102208e-01	1.721055e+00
46	5.960323e-01	4.118433e-01	2.588666e+00
47	5.186563e-01	4.059243e-01	1.525647e+00
48	6.160486e-01	3.318262e-01	2.751832e+00
50	7.690027e-01	1.642737e-01	1.663410e+00
51	5.973912e-01	3.987569e-01	2.560332e+00
52	2.882422e-01	5.791668e-01	1.696629e+00
53	4.085860e-01	5.442578e-01	1.506106e+00
54	6.000220e-01	3.416275e-01	2.675623e+00
55	5.429953e-01	2.357065e-01	2.497802e+00
57	8.539570e-01	3.297006e-02	2.361993e+00
58	8.371502e-01	2.417606e-01	1.866634e+00
59	5.621456e-01	7.539246e-02	2.930630e+00
60	6.094918e-01	3.443652e-01	1.503175e+00
61	5.720267e-01	2.366332e-01	2.449927e+00
62	5.752080e-01	3.625824e-01	2.831949e+00
63	5.452080e-01	2.875144e-01	2.317049e+00
64	6.225777e-01	3.455711e-01	2.353200e+00
65	5.874493e-01	3.049598e-01	2.575965e+00
66	7.049313e-01	2.125740e-01	2.922814e+00
67	2.983788e-01	5.735645e-01	2.289692e+00
68	4.248347e-01	3.527959e-01	2.766488e+00
69	6.142362e-01	3.201321e-01	1.522716e+00
70	1.533851e-01	2.535626e-01	2.769419e+00
71	5.797082e-01	2.871887e-01	1.110405e+00
72	3.515252e-01	3.428885e-01	1.412311e+00
73	5.285700e-01	4.354171e-01	1.951637e+00
74	3.862126e-01	6.949668e-01	1.449438e+00
75	5.201033e-01	3.943365e-01	2.176356e+00
76	6.012046e-01	3.020388e-01	1.212995e+00
77	5.818332e-01	3.975216e-01	1.872496e+00
78	5.679131e-01	2.829854e-01	1.606742e+00
79	7.994306e-01	9.337981e-01	1.183683e+00
80	6.292315e-01	3.503578e-01	2.736199e+00
81	5.793510e-01	3.890306e-01	1.617489e+00
82	3.648710e-01	3.986744e-01	2.456766e+00
83	6.585636e-01	7.944779e-01	1.406448e+00
84	1.003305e-02	4.571811e-01	2.453835e+00
85	4.693814e-01	3.918767e-01	2.712750e+00
86	6.047322e-01	3.211252e-01	2.877870e+00
87	8.870109e-01	1.158047e-03	1.533464e+00
88	2.065777e-01	1.646091e-01	2.169516e+00
89	6.005759e-01	5.028706e-01	2.483146e+00
90	6.413819e-01	3.516805e-01	1.538349e+00
91	5.034161e-01	4.389775e-01	1.117245e+00
92	5.862545e-01	3.187265e-01	2.709819e+00
93	5.688373e-01	3.135131e-01	2.929653e+00
94	5.917187e-01	2.981842e-01	2.125550e+00
95	6.926248e-01	3.338139e-01	2.148999e+00
96	5.917379e-01	3.219123e-01	1.206155e+00
97	5.513196e-01	4.637652e-01	2.689301e+00
98	5.381399e-01	4.247755e-01	1.997557e+00
99	4.407592e-01	3.377727e-01	1.753298e+00
100	5.866815e-01	2.426302e-01	1.491451e+00
101	5.700216e-01	4.778622e-01	2.381534e+00
102	2.003563e-01	6.485664e-02	1.837323e+00
103	5.656914e-01	2.023922e-01	2.723498e+00
104	8.341590e-01	7.235855e-01	1.216903e+00
105	2.617983e-01	3.927930e-01	1.385931e+00
106	5.166380e-01	4.218320e-01	1.094773e+00
107	5.849389e-01	3.024232e-01	1.887152e+00
108	7.002301e-01	4.053865e-01	1.869565e+00
109	6.290402e-01	4.222493e-01	2.657059e+00
110	6.065411e-01	3.703513e-01	1.905716e+00
111	9.359096e-01	3.040445e-01	2.319980e+00
112	4.714314e-01	4.373511e-01	1.549096e+00
113	5.417306e-01	4.462230e-01	1.155349e+00
114	5.724781e-01	2.726128e-01	1.261847e+00
115	5.996504e-01	4.105160e-01	1.308745e+00
116	1.404067e-01	3.079277e-01	1.148510e+00
117	6.030577e-01	2.905949e-01	1.865657e+00
118	6.493955e-01	2.725343e-01	2.988276e+00
119	4.903961e-01	4.012366e-01	1.479726e+00
120	7.458020e-01	2.398274e-01	2.095261e+00
121	6.376069e-01	3.512558e-01	2.442110e+00
123	4.785426e-01	3.264579e-01	1.417196e+00
124	6.020899e-01	3.994048e-01	2.817294e+00
125	6.226783e-01	3.239184e-01	1.164143e+00
126	6.394008e-01	3.500809e-01	2.738153e+00
127	4.296892e-01	5.085789e-01	2.338544e+00
128	5.437908e-01	6.756512e-02	1.282364e+00
129	5.586120e-01	2.504630e-01	2.676600e+00
130	5.420523e-01	6.525401e-02	2.443087e+00
131	7.995463e-01	1.230444e-01	2.375672e+00
132	6.898863e-01	3.970452e-01	1.220811e+00
133	5.730013e-01	3.624168e-01	2.407914e+00
134	7.688353e-01	2.650265e-01	2.277968e+00
135	5.177981e-01	4.239538e-01	2.409868e+00
136	5.464569e-01	4.207434e-01	2.083537e+00
137	7.319763e-01	2.059145e-01	2.286761e+00
138	5.554226e-01	3.671144e-01	1.194431e+00
139	5.755371e-01	4.159866e-01	2.818271e+00
140	8.218861e-01	2.959024e-01	2.827064e+00
141	6.123005e-01	3.580885e-01	1.684905e+00
142	5.598491e-01	3.822886e-01	1.999511e+00
143	5.765545e-01	2.710921e-01	1.956522e+00
144	4.003743e-01	4.039539e-01	2.323889e+00
145	6.112745e-01	3.730231e-01	2.501710e+00
146	6.412037e-01	4.356758e-01	2.395213e+00
147	3.249826e-01	2.913386e-01	2.719590e+00
148	5.953466e-01	4.078610e-01	2.937469e+00
149	9.541157e-01	3.738108e-02	2.803615e+00
150	5.015835e-01	4.207162e-01	1.794333e+00
151	3.777485e-01	3.789379e-01	2.611138e+00
152	5.883304e-01	4.224442e-01	1.724963e+00
153	6.124906e-01	3.618782e-01	1.983879e+00
154	5.779472e-01	3.018399e-01	2.181241e+00
155	5.889035e-01	3.980988e-01	1.295066e+00
156	4.188144e-01	8.408571e-01	1.970200e+00
157	5.910409e-01	3.929885e-01	2.387396e+00
158	3.262275e-01	3.862276e-01	2.386419e+00
159	4.378034e-01	6.637446e-01	2.647289e+00
160	5.750987e-01	2.811126e-01	1.686859e+00
161	1.395985e-01	4.425708e-01	1.553981e+00
162	6.160808e-01	3.063582e-01	1.764045e+00
163	3.982809e-01	5.731815e-01	1.632145e+00
164	5.863004e-01	4.516936e-01	1.235467e+00
165	5.934259e-01	2.901378e-01	2.251588e+00
166	7.361123e-01	2.921429e-01	1.751343e+00
167	1.359090e-01	5.047335e-01	1.715193e+00
168	6.064151e-01	3.280250e-01	2.109917e+00
169	6.041270e-01	3.674657e-01	2.137274e+00
170	7.327978e-01	2.065678e-01	2.099170e+00
171	6.841289e-01	2.777966e-01	2.057157e+00
172	6.416215e-01	3.514600e-01	2.246702e+00
173	5.343251e-01	4.133405e-01	1.894968e+00
174	8.923559e-01	3.596217e-01	2.453835e+00
175	5.844519e-01	4.928273e-01	2.834880e+00
176	4.401408e-01	5.832628e-01	2.215437e+00
177	5.956186e-01	3.090718e-01	2.153884e+00
178	5.369260e-01	3.048941e-01	2.475330e+00
180	3.299296e-01	4.029749e-01	2.127504e+00
181	6.086423e-01	3.212948e-01	1.790425e+00
182	3.963256e-01	4.482323e-02	1.736688e+00
184	5.784764e-01	4.385681e-01	2.042501e+00
186	6.278742e-01	3.608661e-01	1.784563e+00
187	8.541015e-01	7.810049e-01	2.653151e+00
188	6.255408e-01	3.430905e-01	1.839277e+00
189	6.215341e-01	3.326099e-01	1.175867e+00
190	3.978459e-01	3.455951e-01	2.807523e+00
191	4.243409e-01	6.162107e-01	2.811431e+00
192	7.073508e-01	2.180407e-01	1.192477e+00
193	6.227599e-01	3.636435e-01	1.620420e+00
194	6.807605e-01	3.653315e-01	2.624817e+00
195	6.214071e-01	3.058711e-01	2.806546e+00
196	6.719714e-01	3.507182e-01	1.763068e+00
197	3.860841e-01	3.732537e-01	2.060088e+00
198	8.390435e-01	1.726394e-01	2.458720e+00
199	7.743889e-01	2.568773e-01	2.463605e+00
200	5.537053e-01	4.566262e-01	1.141671e+00
201	7.266280e-01	3.508910e-01	1.146556e+00
202	7.676964e-01	2.386209e-01	1.395701e+00
203	5.803127e-01	2.502898e-01	1.755252e+00
204	2.938271e-01	3.844970e-01	2.901319e+00
205	8.547715e-01	4.738738e-02	2.123596e+00
206	5.433719e-01	4.615070e-01	1.652662e+00
207	3.264431e-01	5.734807e-01	1.199316e+00
208	5.612481e-01	3.995896e-01	2.170493e+00
210	4.601442e-01	6.670861e-01	1.545188e+00
211	6.187907e-01	4.293749e-01	1.376160e+00
212	4.679995e-01	5.161915e-01	1.621397e+00
213	5.980440e-01	2.529448e-01	1.883244e+00
214	5.896702e-01	2.829809e-01	1.612604e+00
215	5.962182e-01	3.194392e-01	2.909135e+00
216	5.952845e-01	3.100959e-01	1.354665e+00
217	5.432371e-01	3.890871e-01	2.770396e+00
218	6.598412e-01	4.160178e-01	2.148999e+00
219	6.246352e-01	4.580050e-01	2.624817e+00
220	3.887516e-01	3.443723e-01	2.697118e+00
221	6.415617e-01	3.514483e-01	1.938935e+00
222	2.245477e-01	5.178935e-01	1.854910e+00
223	1.931102e-01	1.733145e-01	2.625794e+00
224	5.376414e-01	1.591273e-01	2.984367e+00
225	8.118596e-01	1.220736e-01	2.693210e+00
226	5.850696e-01	2.690317e-01	2.276014e+00
227	6.010762e-01	2.435012e-01	1.245237e+00
228	4.857336e-01	3.890675e-01	1.489497e+00
229	4.771607e-01	5.162419e-01	2.305325e+00
230	3.172687e-01	4.075062e-01	2.689301e+00
231	5.619264e-01	2.391024e-01	1.346849e+00
232	5.714710e-01	3.013488e-01	2.447973e+00
233	5.636143e-01	4.056103e-01	1.591109e+00
234	5.109459e-01	3.869437e-01	1.931119e+00
235	5.544555e-01	3.793604e-01	2.687347e+00
236	5.936688e-01	4.004142e-01	2.787982e+00
237	6.493467e-01	3.692611e-01	1.510015e+00
238	5.157514e-01	2.891780e-01	2.193942e+00
239	5.003193e-01	2.198824e-01	2.918906e+00
240	4.117587e-01	5.175722e-01	1.734734e+00
241	6.057467e-01	4.274508e-01	1.119199e+00
242	5.116123e-01	3.361772e-01	1.631168e+00
243	4.864332e-01	4.079091e-01	1.258915e+00
244	6.010339e-01	3.752886e-01	2.458720e+00
245	3.446045e-01	2.494012e-01	2.134343e+00
246	6.165774e-01	3.509981e-01	2.662921e+00
247	6.133216e-01	3.459514e-01	2.924768e+00
248	4.689686e-01	3.240509e-01	2.983390e+00
249	6.987668e-01	1.611118e-01	2.305325e+00
250	5.875739e-01	4.335649e-01	2.763556e+00
251	6.742150e-01	2.023425e-01	2.374695e+00
252	2.347525e-01	2.789257e-01	1.703468e+00
253	4.858432e-01	4.244774e-01	1.246214e+00
254	5.960036e-01	3.672635e-01	2.925745e+00
255	5.675186e-01	2.694497e-01	1.857841e+00
256	5.801026e-01	3.040140e-01	2.601368e+00
257	6.370486e-01	2.911360e-01	2.413776e+00
258	3.686899e-01	3.317400e-01	2.569126e+00
259	5.454369e-01	3.918814e-01	1.865657e+00
260	6.211334e-01	3.114393e-01	2.574988e+00
261	5.708835e-01	3.373504e-01	1.598925e+00
262	3.233845e-01	7.863829e-01	2.264289e+00
263	5.163472e-03	4.681601e-01	1.176844e+00
264	5.796479e-01	2.105713e-01	1.061553e+00
265	6.089447e-01	2.814861e-01	2.526136e+00
266	7.609236e-01	2.529701e-01	1.928188e+00
267	5.858836e-01	2.954294e-01	2.006351e+00
268	6.219918e-01	2.414020e-01	1.041036e+00
269	6.140447e-01	1.685487e-01	1.793356e+00
270	8.777497e-01	1.303663e-02	1.860772e+00
271	3.322935e-01	8.085975e-02	1.389839e+00
272	5.222615e-01	5.364204e-01	1.052760e+00
273	8.783606e-01	1.343699e-02	1.156326e+00
274	1.560823e-01	9.629657e-03	1.981925e+00
275	5.553023e-01	6.366831e-02	2.256473e+00
276	7.737262e-01	1.831884e-01	2.368832e+00
277	6.161253e-01	2.858127e-01	2.024915e+00
278	5.305740e-01	6.100674e-02	1.266732e+00
279	2.380516e-01	4.050682e-01	1.348803e+00
280	2.210409e-01	6.892727e-02	2.472399e+00
281	8.495799e-02	3.995095e-01	2.288715e+00
282	6.084199e-01	3.600333e-01	2.745970e+00
283	2.809291e-01	6.447646e-01	2.490962e+00
284	1.606458e-01	3.097819e-02	2.515388e+00
286	5.805271e-01	2.834520e-01	2.662921e+00
287	5.993935e-01	3.805387e-01	2.264289e+00
288	3.918323e-01	4.299186e-01	2.905227e+00
289	2.193619e-01	9.001986e-02	1.058622e+00
290	4.099785e-01	4.131262e-01	2.152907e+00
291	6.841226e-01	1.375448e-01	2.784074e+00
292	5.942990e-01	3.900569e-01	2.445042e+00
293	5.153258e-01	4.832332e-01	2.852467e+00
294	6.102333e-01	3.581983e-01	2.070835e+00
295	4.895263e-01	2.892242e-01	1.406448e+00
296	6.124923e-01	3.252053e-01	1.751343e+00
297	6.855230e-01	2.162074e-01	2.077675e+00
298	5.816041e-01	4.310887e-01	1.601856e+00
299	2.355660e-01	7.521240e-01	2.048363e+00
300	1.776813e-01	1.790727e-01	2.781143e+00
301	5.978208e-01	3.938942e-01	2.779189e+00
302	7.586851e-01	2.548648e-01	2.617978e+00
304	5.540302e-01	4.434547e-01	1.948705e+00
305	5.930479e-01	2.887377e-01	1.416219e+00
306	4.345937e-01	5.311526e-01	1.745481e+00
307	5.826444e-01	4.903751e-01	2.291646e+00
308	1.574582e-01	4.054216e-01	1.868588e+00
309	7.258301e-01	2.943297e-01	2.511480e+00
310	5.830635e-01	3.693584e-01	2.596483e+00
311	7.336505e-01	1.747696e-01	2.855398e+00
312	6.274006e-01	3.514543e-01	1.312653e+00
313	8.736619e-01	3.405293e-02	1.787494e+00
314	6.214284e-01	3.316466e-01	2.252565e+00
315	6.023915e-01	3.780362e-01	1.978017e+00
316	5.794940e-01	3.364551e-01	2.965804e+00
317	5.738111e-01	2.595002e-01	2.221299e+00
318	4.749880e-01	5.938178e-01	1.701514e+00
319	7.351503e-01	5.137819e-01	1.135809e+00
320	5.925243e-01	4.312568e-01	2.997069e+00
321	7.062339e-01	1.584279e-01	2.470445e+00
322	2.076321e-01	1.679396e-01	2.362970e+00
323	5.818489e-01	2.959755e-01	2.553493e+00
324	5.575769e-01	4.052306e-01	1.347826e+00
325	2.213628e-01	1.012521e-01	2.896434e+00
326	6.047448e-01	3.207902e-01	1.857841e+00
327	5.296692e-01	3.074020e-01	1.669272e+00
328	5.968778e-01	2.556668e-01	1.726917e+00
329	5.847076e-01	4.545589e-01	2.604299e+00
330	5.928633e-01	4.061398e-01	2.089399e+00
331	4.952741e-01	4.771072e-01	1.552027e+00
332	8.222051e-01	2.611705e-01	1.769907e+00
333	6.033445e-01	3.173890e-01	1.382022e+00
334	8.797452e-01	2.940092e-02	2.510503e+00
335	5.737622e-01	3.520606e-01	1.640938e+00
336	5.430035e-01	4.947105e-01	2.933561e+00
337	6.127843e-01	3.876453e-01	1.033219e+00
338	6.078184e-01	5.243940e-01	1.408403e+00
339	6.077851e-01	4.594067e-01	2.767465e+00
340	5.932290e-01	2.819024e-01	1.526624e+00
341	8.833265e-01	1.546093e-02	1.456277e+00
342	5.413369e-01	3.961070e-01	1.054714e+00
343	5.565613e-01	3.191733e-01	2.601368e+00
344	1.199126e-01	8.915857e-03	2.193942e+00
345	6.947005e-01	2.526260e-01	2.321935e+00
346	3.382043e-01	3.612362e-01	1.564729e+00
347	3.879754e-01	3.868094e-01	1.679043e+00
349	5.564207e-01	3.920530e-01	2.564240e+00
350	4.351126e-01	5.532961e-01	2.311187e+00
351	1.856934e-01	8.044909e-01	1.297997e+00
352	5.731619e-01	2.870195e-01	2.873962e+00
353	1.347552e-01	5.381007e-01	2.202736e+00
354	5.863873e-01	2.747319e-01	2.653151e+00
355	4.396363e-01	5.308729e-01	2.461651e+00
356	5.955971e-01	3.151334e-01	1.679043e+00
357	4.430922e-01	3.911827e-01	2.991207e+00
358	6.643447e-01	9.301828e-02	2.857352e+00
359	7.272821e-01	1.993564e-01	1.913532e+00
360	6.625165e-01	5.169671e-01	1.216903e+00
361	5.061872e-01	5.119778e-01	1.214949e+00
362	4.772553e-01	3.354944e-01	1.005862e+00
363	7.321118e-01	2.428542e-01	2.227162e+00
364	4.979043e-01	3.430762e-01	1.723009e+00
365	4.651531e-01	5.177162e-01	1.491451e+00
366	2.692442e-01	6.444710e-01	1.692721e+00
367	5.988611e-01	3.748873e-01	1.154372e+00
368	5.490832e-01	3.922047e-01	1.851001e+00
369	6.066288e-01	3.092762e-01	2.418661e+00
370	7.299345e-01	2.034815e-01	1.874450e+00
372	6.210884e-01	3.260874e-01	2.199805e+00
373	4.899374e-01	2.681508e-02	2.208598e+00
374	6.222828e-01	3.428302e-01	1.322423e+00
376	4.072816e-01	3.295854e-01	1.815828e+00
377	5.939050e-01	4.154736e-01	1.328285e+00
378	5.734145e-01	3.168601e-01	1.883244e+00
379	7.725769e-01	8.345341e-01	1.599902e+00
380	6.280568e-01	6.364026e-01	2.343429e+00
381	2.564491e-01	4.440122e-01	1.835369e+00
382	2.026209e-01	8.167286e-01	1.065462e+00
383	6.152335e-01	3.120652e-01	1.698583e+00
384	4.068575e-01	2.801911e-01	2.761602e+00
385	5.226150e-01	4.339444e-01	1.961407e+00
386	4.996739e-01	3.381742e-01	2.449927e+00
387	6.189956e-01	3.125612e-01	2.669761e+00
388	1.643296e-01	1.640837e-01	2.597460e+00
389	4.964190e-01	5.933879e-01	2.960918e+00
390	6.119239e-01	4.009653e-01	1.655594e+00
391	6.767410e-01	5.120917e-01	2.572057e+00
392	5.950062e-01	3.083609e-01	1.234489e+00
393	6.025225e-01	2.829277e-01	1.607719e+00
394	5.611522e-01	3.382179e-01	2.643381e+00
395	4.675237e-01	4.752800e-01	1.233512e+00
396	4.733950e-01	4.563273e-01	2.058134e+00
397	3.583315e-02	7.697262e-01	1.083048e+00
398	5.027417e-01	4.827690e-01	2.453835e+00
399	6.196076e-01	3.333891e-01	2.169516e+00
400	6.352191e-01	3.558096e-01	1.634099e+00
401	1.245322e-01	4.781062e-01	1.314607e+00
402	6.169071e-01	3.686899e-01	2.292623e+00
403	6.473204e-01	5.044717e-01	1.759160e+00
404	4.276592e-01	1.319958e-01	2.942355e+00
405	5.773788e-01	1.965486e-01	1.358574e+00
406	5.865270e-01	2.847813e-01	1.474841e+00
407	3.200156e-01	3.516165e-01	2.850513e+00
408	3.506343e-01	3.946833e-01	2.543723e+00
409	6.107786e-01	3.254886e-01	1.170005e+00
410	5.574119e-01	3.843843e-01	2.011236e+00
411	5.274083e-01	5.858820e-01	2.982413e+00
412	3.501940e-01	4.348637e-01	1.578407e+00
413	5.869533e-01	1.744517e-01	2.904250e+00
414	5.808313e-01	3.036884e-01	2.948217e+00
415	6.079149e-01	3.095063e-01	1.856864e+00
416	6.062417e-01	5.497129e-01	1.780655e+00
417	4.008466e-01	3.882283e-01	1.223742e+00
418	5.915027e-01	3.143475e-01	2.928676e+00
419	5.324454e-01	4.010140e-01	1.055691e+00
420	5.924508e-01	3.152585e-01	2.823156e+00
421	6.143208e-01	3.331013e-01	2.886663e+00
422	5.795331e-01	2.980173e-01	1.391793e+00
423	1.922444e-01	6.449372e-01	1.467025e+00
424	5.772348e-01	5.010761e-01	1.512946e+00
425	3.172843e-01	3.591104e-01	1.960430e+00
426	3.224927e-01	3.601455e-01	2.254519e+00
427	1.932787e-01	1.686871e-01	2.899365e+00
428	6.316194e-01	3.561072e-01	1.247191e+00
429	5.235305e-01	4.094695e-01	1.802149e+00
430	5.116061e-01	2.910647e-01	1.663410e+00
431	2.555829e-01	9.330051e-02	2.556424e+00
432	3.243675e-01	3.455571e-01	2.947240e+00
433	5.019022e-01	4.631910e-01	2.475330e+00
434	5.868104e-01	3.941675e-01	2.923791e+00
435	5.699866e-01	2.365200e-01	2.906204e+00
436	1.050167e-01	8.715877e-01	2.668784e+00
437	5.614311e-01	3.953630e-01	2.476307e+00
438	6.402850e-01	3.410599e-01	2.065950e+00
439	5.820333e-01	4.596148e-01	1.983879e+00
440	3.956268e-01	4.327390e-01	1.637030e+00
441	5.529136e-01	5.766291e-01	1.338056e+00
442	6.674876e-01	3.911859e-01	2.406937e+00
443	6.811603e-01	3.661058e-01	1.422081e+00
444	5.630644e-01	4.355269e-01	2.956033e+00
445	5.430339e-01	3.052460e-01	2.601368e+00
446	5.763310e-01	2.578246e-01	1.846116e+00
447	5.850996e-01	2.758118e-01	1.264778e+00
448	7.309514e-01	2.211138e-01	1.119199e+00
449	6.754828e-01	5.248555e-01	1.956522e+00
450	5.135718e-01	4.784364e-01	2.971666e+00
451	5.948946e-01	3.187421e-01	2.149976e+00
452	4.584679e-01	5.023203e-01	1.574499e+00
453	6.128793e-01	4.985271e-01	1.775769e+00
454	7.281387e-01	5.813211e-01	1.542257e+00
455	6.135165e-01	3.492167e-01	2.984367e+00
456	6.243291e-01	2.770327e-01	1.577430e+00
457	5.162406e-01	4.067888e-01	2.955056e+00
458	6.288793e-01	6.018637e-01	2.865169e+00
459	3.486274e-01	5.567810e-01	1.672203e+00
460	5.377014e-01	6.669622e-02	1.198339e+00
461	3.797142e-01	1.258697e-02	2.513434e+00
462	5.704537e-01	4.823978e-01	1.853933e+00
463	2.620861e-01	3.233941e-01	2.858329e+00
464	4.964435e-01	3.386031e-01	1.574499e+00
465	7.397812e-01	2.137966e-01	1.432829e+00
466	5.841497e-01	3.925736e-01	1.500244e+00
468	5.936825e-01	3.793193e-01	2.147044e+00
469	5.756325e-01	3.133656e-01	2.698095e+00
470	5.466296e-01	3.899851e-01	1.364436e+00
471	6.865833e-01	1.386288e-01	2.076698e+00
472	5.904533e-01	4.046652e-01	2.011236e+00
474	5.853970e-01	2.851777e-01	2.299463e+00
475	5.645616e-01	2.880656e-01	1.683928e+00
476	6.168081e-01	3.223644e-01	2.081583e+00
477	4.429287e-01	2.017208e-01	2.350269e+00
478	3.970586e-01	3.440427e-01	2.728383e+00
479	6.410602e-01	3.237721e-01	1.194431e+00
480	4.647419e-01	3.605420e-01	2.515388e+00
481	5.019623e-01	5.201505e-01	1.865657e+00
483	6.389516e-01	3.499680e-01	1.367367e+00
484	6.270347e-01	4.034281e-01	1.148510e+00
486	6.350292e-01	3.537452e-01	2.196873e+00
487	5.101157e-01	4.310766e-01	2.386419e+00
488	8.648777e-01	2.133661e-01	1.294089e+00
489	6.077958e-01	3.138027e-01	1.687836e+00
490	7.403065e-01	2.209832e-01	1.146556e+00
491	6.388189e-01	6.081293e-01	1.597948e+00
492	7.093802e-01	2.094254e-01	2.412799e+00
493	8.651543e-01	1.281206e-01	1.227650e+00
494	4.238466e-01	3.712835e-01	2.522228e+00
495	6.839389e-01	2.778793e-01	1.437714e+00
496	6.237302e-01	3.326160e-01	1.523693e+00
497	6.153649e-01	2.270138e-01	1.221788e+00
498	2.232194e-01	2.267921e-01	1.652662e+00
499	4.790060e-01	3.437897e-01	1.269663e+00
500	5.617002e-01	3.372865e-01	2.967758e+00
501	5.823901e-01	3.212672e-01	2.546654e+00
502	1.586370e-01	7.490181e-01	1.818759e+00
503	5.745095e-01	2.867776e-01	1.919394e+00
504	5.419057e-01	3.898602e-01	2.563263e+00
505	4.310538e-01	8.483039e-01	1.451392e+00
506	1.996700e-01	3.963949e-01	1.718124e+00
507	6.120706e-01	2.816502e-01	1.207132e+00
508	5.950851e-01	3.025506e-01	1.236444e+00
509	5.544652e-01	2.968366e-01	2.622863e+00
510	4.542690e-01	5.745146e-01	2.549585e+00
511	5.596456e-01	3.330526e-01	2.966781e+00
512	6.087369e-01	9.491798e-02	2.395213e+00
513	3.520159e-01	3.660127e-01	1.534441e+00
515	7.195257e-01	2.822935e-01	1.610650e+00
516	8.843830e-01	1.429053e-01	1.612604e+00
517	6.075129e-01	3.256962e-01	1.086957e+00
518	6.586204e-01	4.151892e-01	2.282853e+00
519	1.837072e-01	1.223255e-01	1.573522e+00
520	6.097579e-01	4.092546e-01	2.497802e+00
521	6.014524e-01	3.918288e-01	1.752320e+00
522	3.606860e-01	4.398197e-01	1.589155e+00
523	7.517568e-01	1.920738e-01	1.209086e+00
524	5.143962e-01	3.477533e-01	2.755740e+00
525	3.196721e-01	4.002226e-01	1.499267e+00
526	5.972416e-01	2.732712e-01	1.014656e+00
527	6.422172e-01	2.254263e-01	2.891549e+00
528	5.481824e-01	2.400341e-01	2.478261e+00
529	6.154753e-01	4.227962e-01	1.898876e+00
530	5.466883e-01	3.855304e-01	1.188569e+00
531	6.000228e-01	2.812542e-01	2.785051e+00
532	5.846078e-01	2.724376e-01	2.945286e+00
533	6.197444e-01	3.106478e-01	2.458720e+00
534	3.336451e-01	2.587699e-01	2.673669e+00
535	5.788168e-01	2.856087e-01	1.399609e+00
536	6.460848e-01	3.238893e-01	2.604299e+00
537	3.058180e-01	4.404161e-01	1.529555e+00
538	5.855976e-01	4.554717e-01	2.823156e+00
539	2.418384e-01	6.529325e-02	2.826087e+00
540	7.364016e-01	2.584509e-01	2.844651e+00
541	4.276786e-01	5.481016e-01	2.290669e+00
542	2.589375e-01	3.896912e-01	2.570103e+00
543	5.535825e-01	2.377577e-01	2.396190e+00
544	4.555533e-01	5.940334e-01	1.318515e+00
545	5.507667e-01	4.197016e-01	2.605276e+00
546	5.601931e-01	4.216271e-01	2.683439e+00
547	2.463431e-01	2.762380e-01	1.587201e+00
548	7.368384e-01	3.050788e-01	1.375183e+00
549	5.995042e-01	2.475808e-01	2.298486e+00
551	6.177815e-01	3.268552e-01	2.983390e+00
552	5.856578e-02	4.928094e-01	1.195408e+00
553	5.831350e-01	2.878058e-01	2.414753e+00
554	1.229898e-01	4.676492e-01	1.843185e+00
555	3.267814e-01	5.935503e-01	2.396190e+00
556	5.470121e-01	3.811349e-01	3.000000e+00
557	6.142009e-01	3.598264e-01	2.728383e+00
558	5.112876e-01	4.255795e-01	1.133854e+00
559	5.560528e-01	4.059508e-01	1.944797e+00
560	3.177927e-01	2.801560e-01	2.883732e+00
561	5.748604e-01	4.847547e-01	2.383488e+00
562	1.182876e-01	5.452127e-01	2.506595e+00
563	2.060192e-01	4.624592e-01	1.786517e+00
564	4.497020e-01	5.934896e-01	2.893503e+00
565	6.140689e-01	3.613738e-01	2.981436e+00
566	2.101932e-01	5.414602e-02	2.663898e+00
567	5.189791e-01	3.530162e-01	2.227162e+00
568	3.965361e-01	3.776719e-01	1.527601e+00
569	1.832193e-01	2.859578e-01	2.610161e+00
570	6.729059e-01	3.367751e-01	1.058622e+00
571	5.598741e-01	5.411624e-01	2.782120e+00
572	4.606164e-01	5.689639e-01	1.518808e+00
573	5.768939e-01	3.587901e-01	2.109917e+00
574	6.104292e-01	3.548549e-01	2.074744e+00
575	6.018709e-01	2.579184e-01	2.319003e+00
576	2.854401e-01	1.541077e-01	1.290181e+00
577	6.016152e-01	3.008883e-01	1.286273e+00
578	6.667891e-01	6.667140e-01	1.881290e+00
579	8.738285e-01	5.226321e-01	1.664387e+00
580	1.923055e-01	8.576623e-01	1.242306e+00
581	7.575560e-01	2.054801e-01	1.927211e+00
582	6.058492e-01	3.704199e-01	2.820225e+00
583	4.424346e-01	5.628388e-01	2.792868e+00
584	4.688884e-01	1.977227e-01	1.201270e+00
585	8.401336e-01	3.710049e-01	1.898876e+00
586	5.882554e-01	4.055428e-01	1.782609e+00
587	2.765162e-01	3.713608e-01	1.561798e+00
588	5.872386e-01	4.000329e-01	2.282853e+00
589	6.315691e-01	3.241794e-01	2.210552e+00
590	5.535085e-01	2.514363e-01	1.020518e+00
591	7.254301e-01	2.451072e-01	1.784563e+00
592	3.531790e-01	4.249480e-01	1.275525e+00
593	6.047796e-01	3.083611e-01	1.212995e+00
594	7.745014e-01	2.537836e-01	2.964827e+00
595	5.822522e-01	2.708632e-01	2.079629e+00
596	5.029717e-01	4.749798e-01	1.187592e+00
597	4.483629e-01	5.956665e-01	1.258915e+00
598	1.438420e-01	4.626097e-01	1.999511e+00
599	6.177272e-01	3.197215e-01	1.264778e+00
600	6.011404e-01	3.218712e-01	1.110405e+00
601	1.595654e-01	1.775823e-01	1.107474e+00
602	2.196513e-01	7.161277e-01	1.070347e+00
603	6.541921e-01	4.127232e-01	2.400098e+00
604	6.140847e-01	3.866204e-01	2.871031e+00
605	5.979143e-01	3.912994e-01	2.739130e+00
606	5.693731e-01	3.831220e-01	2.061065e+00
607	7.435114e-01	1.876104e-01	1.073278e+00
608	5.717641e-01	3.087772e-01	2.799707e+00
609	3.847971e-01	6.102954e-01	2.010259e+00
610	5.848136e-01	2.854173e-01	1.700537e+00
611	6.513119e-01	3.551235e-01	1.339033e+00
612	5.198979e-01	3.788716e-01	2.227162e+00
613	5.241512e-01	4.218649e-01	2.482169e+00
614	5.870791e-01	2.786112e-01	2.958964e+00
615	5.829992e-01	2.650192e-01	1.443576e+00
616	3.757693e-01	3.745202e-01	2.381534e+00
617	6.318917e-01	4.389241e-01	1.971177e+00
618	5.969266e-01	3.147492e-01	2.960918e+00
619	2.056696e-01	1.065566e-01	1.812897e+00
620	1.886194e-01	1.387759e-01	1.170982e+00
621	3.918720e-01	3.836436e-01	1.277479e+00
622	7.065631e-01	6.037161e-01	1.176844e+00
623	6.359683e-01	4.081973e-01	1.636053e+00
624	7.665296e-01	2.418003e-01	2.336590e+00
625	6.036490e-01	4.648731e-01	1.343918e+00
626	6.093328e-01	3.331743e-01	1.905716e+00
627	7.342833e-01	2.055133e-01	1.784563e+00
628	6.190365e-01	3.367820e-01	2.063996e+00
629	5.875801e-01	3.903836e-01	2.497802e+00
630	5.600436e-01	3.779130e-01	2.870054e+00
631	3.814603e-01	3.544093e-01	1.729849e+00
632	5.052563e-01	8.401349e-01	2.290669e+00
633	5.642526e-01	4.911727e-01	2.841720e+00
634	6.289865e-01	3.110806e-01	2.195896e+00
635	2.102304e-01	5.420613e-02	1.601856e+00
636	3.865680e-01	4.217267e-01	2.449927e+00
637	5.183095e-01	4.052559e-01	1.462140e+00
638	5.549967e-01	4.392777e-01	2.041524e+00
639	5.937387e-01	4.003253e-01	2.061065e+00
641	8.675202e-01	1.098094e-01	2.205667e+00
642	6.056402e-01	3.026884e-01	2.184172e+00
643	6.962504e-01	2.169514e-01	2.747924e+00
644	4.037533e-01	4.560492e-01	2.909135e+00
645	6.029938e-01	3.143624e-01	2.777235e+00
646	6.002171e-01	3.783825e-01	1.295066e+00
647	6.197923e-01	2.028968e-01	1.050806e+00
648	8.787672e-01	3.046983e-02	1.191500e+00
649	5.940037e-01	3.959078e-01	1.198339e+00
650	3.784949e-01	6.167259e-01	2.656082e+00
651	2.944197e-01	3.082198e-01	1.692721e+00
652	9.186373e-01	8.455040e-02	2.330728e+00
653	5.791638e-01	5.020675e-01	1.906693e+00
654	1.785089e-01	4.160277e-01	2.192965e+00
655	5.731433e-01	4.621564e-01	1.200293e+00
656	5.445281e-01	3.957862e-01	2.361016e+00
657	4.292669e-01	4.675461e-01	2.080606e+00
658	5.894898e-01	2.833809e-01	2.017098e+00
659	6.268863e-01	5.247126e-01	2.191011e+00
660	3.181253e-01	3.503694e-01	1.667318e+00
661	4.031629e-01	4.684092e-01	2.229116e+00
662	7.597336e-01	2.993155e-01	1.188569e+00
663	4.160297e-01	3.079983e-01	2.714704e+00
664	5.949080e-01	4.617421e-01	1.979971e+00
665	3.210591e-01	5.673238e-01	2.954079e+00
666	5.117430e-01	1.159424e-01	1.803127e+00
667	5.807264e-01	4.374451e-01	1.039082e+00
668	2.035571e-01	5.251376e-01	1.893014e+00
669	1.885422e-01	1.833589e-01	1.778701e+00
670	2.002166e-01	8.987118e-01	1.807035e+00
671	6.108696e-01	3.210544e-01	1.102589e+00
672	7.535428e-01	2.718668e-01	1.879336e+00
673	7.399092e-01	2.586923e-01	1.984856e+00
674	5.844937e-01	4.476466e-01	2.238886e+00
675	4.340336e-01	6.766013e-01	2.868100e+00
676	5.917847e-01	2.780035e-01	2.748901e+00
677	3.811460e-01	4.518996e-01	1.578407e+00
678	5.552261e-01	2.557702e-01	1.621397e+00
679	5.748830e-01	4.860633e-01	2.657059e+00
680	1.831000e-01	4.137795e-01	2.404983e+00
681	2.895386e-01	1.392495e-01	2.272106e+00
682	3.972011e-01	4.028378e-01	1.463117e+00
683	3.065399e-01	3.691788e-01	2.316072e+00
684	6.083969e-01	3.248804e-01	2.334636e+00
685	5.877646e-01	4.943198e-01	1.365413e+00
686	4.833957e-01	4.876097e-01	2.105032e+00
687	7.280277e-01	3.100466e-01	1.339033e+00
688	5.873881e-01	2.682566e-01	2.932584e+00
689	5.718880e-01	2.872861e-01	2.378603e+00
690	6.140969e-01	3.729580e-01	1.833415e+00
691	5.592285e-01	3.818981e-01	1.663410e+00
692	5.373524e-01	5.379196e-01	2.251588e+00
693	4.061975e-01	4.158617e-01	1.766976e+00
694	4.359026e-01	5.337841e-01	1.575476e+00
695	4.793709e-01	4.787749e-01	2.771373e+00
696	3.882047e-01	3.695341e-01	2.787005e+00
697	6.033728e-01	3.103222e-01	1.959453e+00
698	6.465180e-01	3.387010e-01	2.187103e+00
699	6.219059e-01	3.130024e-01	2.430386e+00
700	5.529237e-01	2.712983e-01	2.679531e+00
701	6.429060e-01	3.846865e-01	2.191988e+00
702	5.666555e-01	2.391440e-01	2.945286e+00
703	5.425818e-01	3.891033e-01	2.793845e+00
704	6.074689e-01	2.964409e-01	2.132389e+00
705	4.569465e-01	6.258986e-01	1.627259e+00
706	5.952850e-01	2.748638e-01	1.623351e+00
707	5.999264e-01	2.580714e-01	2.772350e+00
708	5.440044e-01	4.090689e-01	1.552027e+00
709	1.679879e-01	6.872920e-01	1.180752e+00
710	4.112021e-01	5.290398e-01	1.632145e+00
711	1.696022e-01	1.636929e-01	1.680997e+00
713	5.467102e-01	4.443591e-01	1.703468e+00
714	5.867829e-01	2.765021e-01	1.471910e+00
715	1.221683e-01	4.320772e-01	2.368832e+00
716	5.825372e-01	3.688541e-01	1.961407e+00
717	6.150154e-01	3.194825e-01	1.756229e+00
718	5.572404e-01	2.509339e-01	2.987298e+00
719	5.890808e-01	2.836867e-01	2.332682e+00
720	6.163500e-01	3.080649e-01	1.097704e+00
722	6.053437e-01	2.896746e-01	1.704446e+00
723	5.981947e-01	4.003232e-01	1.853933e+00
724	5.576474e-01	2.921491e-01	2.829995e+00
725	7.328820e-01	2.323230e-01	2.232047e+00
726	3.667265e-01	4.451277e-01	2.587689e+00
727	2.669272e-01	4.163309e-01	2.698095e+00
729	8.062237e-01	1.328893e-01	1.212995e+00
730	1.671234e-01	7.451330e-01	1.502198e+00
731	6.059747e-01	3.805970e-01	2.614069e+00
732	4.202690e-01	3.662332e-01	2.880801e+00
733	5.929333e-01	3.613327e-01	1.956522e+00
734	5.481646e-01	2.688331e-01	2.745970e+00
735	2.086292e-01	8.836312e-01	1.179775e+00
736	7.453616e-01	1.944856e-01	1.935027e+00
737	6.089144e-01	3.919497e-01	1.975085e+00
738	6.124647e-01	3.582848e-01	1.067416e+00
739	6.479960e-01	3.441411e-01	2.024915e+00
740	4.359614e-01	5.287557e-01	2.810454e+00
741	5.762666e-01	4.536811e-01	2.428432e+00
742	5.998822e-01	4.131733e-01	1.957499e+00
743	9.441857e-01	1.847425e-01	2.306302e+00
744	6.018069e-01	3.988478e-01	2.557401e+00
745	3.835052e-01	6.688427e-01	1.243283e+00
746	5.948026e-01	4.239636e-01	2.429409e+00
747	5.082006e-01	3.169432e-01	2.523205e+00
748	7.095576e-01	1.804856e-01	2.842697e+00
749	6.185534e-01	3.165528e-01	2.247680e+00
750	5.586279e-01	2.302982e-01	2.000489e+00
751	5.767516e-01	3.797066e-01	2.446019e+00
752	5.849890e-01	2.704662e-01	2.360039e+00
753	1.621832e-01	4.380405e-02	2.567171e+00
754	5.960829e-01	2.527222e-01	2.415730e+00
755	6.123267e-01	3.648202e-01	1.989741e+00
756	5.894884e-01	2.636427e-01	2.908158e+00
757	5.986948e-01	4.764976e-01	2.731314e+00
758	6.042812e-01	3.782728e-01	2.544700e+00
759	5.598229e-01	4.683391e-01	2.890572e+00
760	6.028448e-01	3.221611e-01	1.654617e+00
761	4.971143e-01	3.778262e-01	1.008793e+00
762	3.702240e-01	4.252861e-01	1.260870e+00
763	2.422243e-01	6.095133e-02	1.347826e+00
764	5.685058e-01	2.350436e-01	1.325354e+00
765	5.825705e-01	3.157546e-01	1.420127e+00
766	8.299188e-01	1.644521e-01	2.845628e+00
767	5.240681e-01	4.037542e-01	1.853933e+00
768	5.727585e-01	2.795742e-01	1.303859e+00
769	2.551467e-01	1.824851e-01	1.294089e+00
770	3.800952e-01	5.670417e-01	1.675134e+00
771	5.580474e-01	2.970689e-01	2.417684e+00
772	6.139177e-01	3.090646e-01	2.053249e+00
773	6.037554e-01	3.146851e-01	1.276502e+00
774	6.270290e-01	4.189912e-01	2.779189e+00
776	1.742375e-01	4.589069e-01	2.295554e+00
777	6.081392e-01	3.106358e-01	1.652662e+00
778	6.156420e-01	4.286302e-01	2.464582e+00
779	6.054810e-01	3.760288e-01	1.763068e+00
780	7.475846e-01	3.348434e-01	2.026869e+00
781	5.914792e-01	2.376654e-01	1.160234e+00
782	5.450840e-01	4.507827e-01	2.302394e+00
783	3.984739e-01	5.038479e-01	1.384954e+00
784	5.874921e-01	3.958644e-01	2.598437e+00
785	6.092434e-01	2.941085e-01	2.130435e+00
786	7.511353e-01	3.213774e-01	1.690767e+00
787	3.939748e-01	3.425131e-01	1.940889e+00
788	5.541505e-01	2.548904e-01	2.099170e+00
