773
0	3.915151e-02	2.972801e-01	1.398632e+00
1	3.581675e-01	4.663125e-01	1.108451e+00
2	4.827259e-01	5.786269e-01	2.925745e+00
3	4.603756e-01	4.919070e-01	2.732291e+00
4	4.741423e-01	6.882314e-01	1.257938e+00
5	4.242749e-01	4.342310e-01	2.424524e+00
6	7.760862e-01	9.292072e-01	1.383000e+00
7	4.824148e-01	5.300090e-01	2.705911e+00
8	4.808306e-01	5.126359e-01	2.442110e+00
9	4.677572e-01	5.016433e-01	2.233024e+00
10	4.520372e-01	5.097229e-01	2.376649e+00
11	4.779078e-01	5.067667e-01	1.556913e+00
12	3.828544e-01	3.301636e-01	2.950171e+00
13	3.475295e-01	4.705469e-01	1.066439e+00
14	4.677152e-01	5.043213e-01	1.626282e+00
15	2.480036e-01	5.503334e-01	1.306790e+00
16	4.701997e-01	4.999147e-01	2.902296e+00
17	3.173858e-01	3.944720e-01	1.195408e+00
18	4.107952e-01	4.710126e-01	1.785540e+00
19	4.454632e-01	4.753886e-01	1.248168e+00
20	4.862437e-01	5.262291e-01	1.863703e+00
21	4.961270e-01	5.834313e-01	2.671715e+00
22	4.593875e-01	4.903210e-01	2.487054e+00
23	3.586750e-01	4.420849e-01	1.946751e+00
24	5.643216e-01	3.494302e-01	1.303859e+00
25	4.355678e-01	4.829059e-01	2.152907e+00
26	4.722922e-01	5.058003e-01	1.388862e+00
27	4.560922e-01	4.631834e-01	1.591109e+00
28	4.864122e-01	5.308830e-01	2.205667e+00
29	4.905861e-01	5.370944e-01	2.181241e+00
30	4.961686e-01	4.752812e-01	1.475818e+00
31	4.098185e-01	4.575993e-01	2.309233e+00
32	4.739936e-01	5.334603e-01	2.073766e+00
33	2.373957e-01	2.259716e-01	2.331705e+00
34	4.872920e-01	5.505885e-01	1.126038e+00
35	4.143280e-01	6.324505e-01	2.235955e+00
36	4.614323e-01	7.505145e-01	2.805569e+00
37	4.315305e-01	4.107981e-01	2.555447e+00
38	4.524828e-01	4.803652e-01	2.559355e+00
39	4.838439e-01	5.149479e-01	1.895945e+00
40	4.382864e-01	4.041751e-01	1.282364e+00
41	5.227924e-01	5.530755e-01	2.750855e+00
42	4.608851e-01	4.901766e-01	2.412799e+00
43	4.907071e-01	5.079504e-01	2.557401e+00
44	4.158521e-01	3.841885e-01	1.648754e+00
45	4.384516e-01	5.627440e-01	1.721055e+00
46	5.180726e-01	5.705563e-01	2.588666e+00
47	4.681325e-01	5.106061e-01	1.525647e+00
48	4.751502e-01	5.012790e-01	2.751832e+00
49	2.997176e-01	3.405261e-01	2.625794e+00
50	5.486824e-01	5.853500e-01	1.663410e+00
51	4.673326e-01	4.955914e-01	2.560332e+00
52	4.656736e-01	4.880106e-01	1.696629e+00
53	4.708469e-01	4.996143e-01	1.506106e+00
54	4.766905e-01	5.041439e-01	2.675623e+00
55	4.765888e-01	5.887378e-01	2.497802e+00
56	5.144771e-01	6.255244e-01	1.031265e+00
57	6.008845e-01	6.212772e-01	2.361993e+00
58	5.294377e-01	5.742137e-01	1.866634e+00
60	4.062966e-01	1.298320e-01	1.503175e+00
61	4.872409e-01	4.432964e-01	2.449927e+00
62	4.579301e-01	4.983083e-01	2.831949e+00
63	4.722585e-01	5.172387e-01	2.317049e+00
64	4.618364e-01	4.567435e-01	2.353200e+00
65	4.699745e-01	5.008194e-01	2.575965e+00
66	3.751255e-01	6.240430e-01	2.922814e+00
67	5.347213e-01	5.846672e-01	2.289692e+00
68	4.372302e-01	6.292962e-01	2.766488e+00
69	4.928483e-01	3.667411e-01	1.522716e+00
70	4.154550e-01	5.492214e-01	2.769419e+00
71	4.980657e-01	5.149331e-01	1.110405e+00
72	4.957046e-01	5.683177e-01	1.412311e+00
73	4.621090e-01	5.563397e-01	1.951637e+00
74	5.832333e-01	6.115004e-01	1.449438e+00
75	5.088800e-01	3.396747e-01	2.176356e+00
76	4.380694e-01	4.069158e-01	1.212995e+00
77	4.474156e-01	5.271198e-01	1.872496e+00
78	4.588994e-01	4.786693e-01	1.606742e+00
79	3.937016e-01	3.569084e-01	1.183683e+00
80	4.252058e-01	4.204188e-01	2.736199e+00
81	4.702727e-01	5.020139e-01	1.617489e+00
82	4.706858e-01	5.178264e-01	2.456766e+00
83	5.048928e-01	5.345161e-01	1.406448e+00
84	5.038221e-01	3.212164e-01	2.453835e+00
85	4.727515e-01	4.961715e-01	2.712750e+00
86	4.790078e-01	5.095529e-01	2.877870e+00
87	6.927547e-01	6.906404e-01	1.533464e+00
88	2.973849e-01	3.433629e-01	2.169516e+00
89	3.416776e-01	3.477069e-01	2.483146e+00
90	5.295804e-01	5.769010e-01	1.538349e+00
91	4.622791e-01	5.120432e-01	1.117245e+00
92	4.676559e-01	4.937841e-01	2.709819e+00
93	4.805550e-01	5.376460e-01	2.929653e+00
94	4.192673e-01	3.911297e-01	2.125550e+00
95	6.527350e-01	5.924358e-01	2.148999e+00
96	4.888098e-01	5.125851e-01	1.206155e+00
98	4.567955e-01	4.912602e-01	1.997557e+00
99	4.153399e-01	6.056305e-01	1.753298e+00
100	4.537825e-01	4.990435e-01	1.491451e+00
101	4.706478e-01	5.044456e-01	2.381534e+00
102	4.904714e-01	5.516066e-01	1.837323e+00
103	5.761524e-01	4.981369e-01	2.723498e+00
104	5.730110e-01	7.037480e-01	1.216903e+00
105	4.567050e-01	4.829263e-01	1.385931e+00
107	4.512205e-01	4.874927e-01	1.887152e+00
108	2.795878e-01	4.718993e-01	1.869565e+00
109	3.966566e-01	4.341855e-01	2.657059e+00
110	4.126029e-01	5.010746e-01	1.905716e+00
111	5.080046e-01	4.849961e-01	2.319980e+00
113	4.027527e-01	7.826600e-01	1.155349e+00
114	4.573840e-01	4.757953e-01	1.261847e+00
115	3.901554e-01	4.256290e-01	1.308745e+00
116	4.951865e-01	8.069731e-01	1.148510e+00
117	4.323714e-01	4.643826e-01	1.865657e+00
118	5.147582e-01	5.435025e-01	2.988276e+00
119	5.025856e-01	5.915522e-01	1.479726e+00
120	4.317991e-01	4.543359e-01	2.095261e+00
121	4.487127e-01	4.057359e-01	2.442110e+00
122	4.709859e-01	4.560741e-01	1.070347e+00
123	5.606766e-01	5.228246e-01	1.417196e+00
124	4.657091e-01	4.945078e-01	2.817294e+00
126	4.645519e-01	5.212680e-01	2.738153e+00
127	4.748177e-01	5.489303e-01	2.338544e+00
128	4.594795e-01	7.404614e-01	1.282364e+00
129	4.824191e-01	4.751665e-01	2.676600e+00
130	4.696973e-01	7.343355e-01	2.443087e+00
131	3.577656e-01	9.224425e-01	2.375672e+00
132	6.371058e-01	4.350074e-01	1.220811e+00
133	5.441910e-01	2.679076e-01	2.407914e+00
134	5.162132e-01	6.010476e-01	2.277968e+00
135	4.564051e-01	5.146118e-01	2.409868e+00
136	4.654448e-01	5.314634e-01	2.083537e+00
137	3.918044e-01	5.406812e-01	2.286761e+00
138	6.188945e-01	1.603516e-01	1.194431e+00
139	4.791574e-01	4.921282e-01	2.818271e+00
140	5.676253e-01	5.360244e-01	2.827064e+00
141	4.740992e-01	5.416779e-01	1.684905e+00
142	4.743545e-01	5.153627e-01	1.999511e+00
143	4.766672e-01	5.033194e-01	1.956522e+00
144	4.076193e-01	5.496241e-01	2.323889e+00
145	4.485154e-01	4.257116e-01	2.501710e+00
146	6.735800e-01	3.839784e-01	2.395213e+00
147	4.558691e-01	4.838350e-01	2.719590e+00
148	4.704309e-01	5.014907e-01	2.937469e+00
149	4.693593e-01	5.653155e-01	2.803615e+00
150	4.414084e-01	4.921735e-01	1.794333e+00
151	4.690829e-01	4.883465e-01	2.611138e+00
152	4.845224e-01	5.414064e-01	1.724963e+00
153	4.675673e-01	4.875364e-01	1.983879e+00
154	4.687809e-01	4.975898e-01	2.181241e+00
155	4.925064e-01	4.368573e-01	1.295066e+00
156	3.956606e-01	3.638309e-01	1.970200e+00
157	4.942758e-01	5.033552e-01	2.387396e+00
158	3.501209e-01	5.822480e-01	2.386419e+00
159	6.292742e-01	5.637108e-01	2.647289e+00
160	4.777536e-01	5.125132e-01	1.686859e+00
161	4.757957e-01	4.968083e-01	1.553981e+00
162	5.087043e-01	5.661800e-01	1.764045e+00
163	6.574930e-01	6.072652e-01	1.632145e+00
164	4.694037e-01	5.015910e-01	1.235467e+00
165	4.631275e-01	4.878977e-01	2.251588e+00
166	4.406277e-01	4.903807e-01	1.751343e+00
167	4.198661e-01	4.185208e-01	1.715193e+00
168	4.734294e-01	5.035169e-01	2.109917e+00
169	4.393639e-01	4.827220e-01	2.137274e+00
170	4.923599e-01	5.197022e-01	2.099170e+00
171	5.109087e-01	6.114276e-01	2.057157e+00
172	4.134885e-01	4.825988e-01	2.246702e+00
173	4.978770e-01	5.069850e-01	1.894968e+00
174	4.795444e-01	4.736461e-01	2.453835e+00
175	4.544545e-01	4.608805e-01	2.834880e+00
176	3.599868e-01	4.670027e-01	2.215437e+00
177	4.848302e-01	5.262240e-01	2.153884e+00
178	4.714003e-01	4.996648e-01	2.475330e+00
179	4.288558e-01	3.785745e-01	1.274548e+00
180	4.876842e-01	5.402524e-01	2.127504e+00
181	4.558893e-01	4.910118e-01	1.790425e+00
182	5.833776e-01	7.360788e-01	1.736688e+00
183	5.007478e-01	4.857317e-01	1.692721e+00
184	4.493440e-01	4.499947e-01	2.042501e+00
185	3.890909e-01	6.033388e-01	1.468979e+00
186	4.582182e-01	4.877982e-01	1.784563e+00
187	3.404264e-01	2.685699e-02	2.653151e+00
188	5.059661e-01	5.700897e-01	1.839277e+00
189	4.812924e-01	5.015709e-01	1.175867e+00
190	4.103168e-01	5.389010e-01	2.807523e+00
191	1.956830e-01	4.832793e-01	2.811431e+00
192	4.596366e-01	5.812384e-01	1.192477e+00
193	5.083422e-01	3.430287e-01	1.620420e+00
194	5.800930e-01	5.151991e-01	2.624817e+00
195	4.741823e-01	5.071868e-01	2.806546e+00
196	5.460381e-01	6.123003e-01	1.763068e+00
197	4.345447e-01	4.213979e-01	2.060088e+00
198	7.489244e-01	5.078170e-01	2.458720e+00
199	5.345264e-01	5.356596e-01	2.463605e+00
200	4.736112e-01	1.843476e-01	1.141671e+00
201	4.727758e-01	4.908224e-01	1.146556e+00
202	4.175448e-01	4.207352e-01	1.395701e+00
203	4.838869e-01	4.379297e-01	1.755252e+00
204	4.432199e-01	4.603949e-01	2.901319e+00
205	5.224917e-01	5.937317e-01	2.123596e+00
206	6.299964e-01	5.976526e-01	1.652662e+00
207	5.009432e-01	5.395192e-01	1.199316e+00
208	4.345103e-01	4.284205e-01	2.170493e+00
209	3.425481e-01	4.839259e-01	2.733268e+00
210	6.326319e-01	5.563490e-01	1.545188e+00
211	4.900814e-01	5.256334e-01	1.376160e+00
212	4.707665e-01	5.067621e-01	1.621397e+00
213	4.706447e-01	4.887810e-01	1.883244e+00
214	4.725003e-01	4.764295e-01	1.612604e+00
215	4.500533e-01	5.162743e-01	2.909135e+00
216	4.828947e-01	5.159725e-01	1.354665e+00
217	4.841142e-01	4.849307e-01	2.770396e+00
218	5.018847e-01	4.098539e-01	2.148999e+00
219	4.342633e-01	4.895343e-01	2.624817e+00
220	4.516683e-01	5.881104e-01	2.697118e+00
221	4.727455e-01	5.166626e-01	1.938935e+00
222	7.474360e-01	4.886413e-01	1.854910e+00
223	4.679655e-01	4.887653e-01	2.625794e+00
224	5.496043e-01	7.444324e-01	2.984367e+00
225	4.680058e-01	4.906200e-01	2.693210e+00
226	4.556243e-01	4.686111e-01	2.276014e+00
227	4.624017e-01	5.415610e-01	1.245237e+00
228	4.703183e-01	5.060495e-01	1.489497e+00
229	4.581539e-01	5.035403e-01	2.305325e+00
230	4.640329e-01	5.017939e-01	2.689301e+00
231	4.442597e-01	4.371523e-01	1.346849e+00
232	4.842997e-01	5.113352e-01	2.447973e+00
233	5.204524e-01	5.146698e-01	1.591109e+00
234	4.119494e-01	5.267969e-01	1.931119e+00
235	4.574683e-01	4.634844e-01	2.687347e+00
236	4.709492e-01	5.010965e-01	2.787982e+00
237	4.848249e-01	5.178874e-01	1.510015e+00
238	4.719706e-01	5.225194e-01	2.193942e+00
239	4.851925e-01	5.433742e-01	2.918906e+00
240	5.290223e-01	5.797693e-01	1.734734e+00
241	4.373200e-01	4.239788e-01	1.119199e+00
242	4.487180e-01	5.415884e-01	1.631168e+00
243	4.489917e-01	4.934705e-01	1.258915e+00
244	4.178122e-01	4.443380e-01	2.458720e+00
245	4.684555e-01	6.146136e-01	2.134343e+00
246	4.720466e-01	5.014528e-01	2.662921e+00
247	5.010139e-01	5.200318e-01	2.924768e+00
248	4.565606e-01	3.748453e-01	2.983390e+00
250	7.606842e-01	9.659764e-01	2.763556e+00
251	6.977348e-01	8.879470e-01	2.374695e+00
252	4.920084e-01	4.295576e-01	1.703468e+00
253	3.585656e-01	4.236267e-01	1.246214e+00
254	5.029461e-01	5.666075e-01	2.925745e+00
255	4.940604e-01	5.182994e-01	1.857841e+00
256	4.883111e-01	5.213476e-01	2.601368e+00
257	5.017095e-01	5.394531e-01	2.413776e+00
258	4.461208e-01	5.263109e-01	2.569126e+00
259	5.399629e-01	5.909116e-01	1.865657e+00
260	4.684892e-01	5.005975e-01	2.574988e+00
261	4.489135e-01	4.891304e-01	1.598925e+00
262	3.890188e-01	6.577952e-01	2.264289e+00
263	5.747425e-01	3.818969e-01	1.176844e+00
264	3.996500e-01	3.927266e-01	1.061553e+00
265	4.884474e-01	5.184311e-01	2.526136e+00
266	4.731097e-01	5.008787e-01	1.928188e+00
267	4.559173e-01	4.612814e-01	2.006351e+00
268	5.037796e-01	5.365062e-01	1.041036e+00
269	5.563223e-01	7.132206e-01	1.793356e+00
270	4.509604e-01	4.663260e-01	1.860772e+00
271	6.430811e-01	4.808847e-01	1.389839e+00
272	4.734067e-01	5.008014e-01	1.052760e+00
273	5.303156e-01	6.229564e-01	1.156326e+00
274	3.834811e-01	3.938327e-01	1.981925e+00
275	5.136729e-01	7.810731e-01	2.256473e+00
276	4.420898e-01	4.846257e-01	2.368832e+00
277	4.418953e-01	5.154758e-01	2.024915e+00
279	4.507780e-01	4.210817e-01	1.348803e+00
280	6.354049e-01	5.689545e-01	2.472399e+00
281	4.239580e-01	4.301921e-01	2.288715e+00
282	3.891877e-01	4.421703e-01	2.745970e+00
283	4.473963e-01	4.979864e-01	2.490962e+00
284	2.549580e-01	3.893910e-01	2.515388e+00
285	4.698024e-01	7.527387e-01	1.545188e+00
286	4.634922e-01	5.141683e-01	2.662921e+00
287	4.313463e-01	4.467759e-01	2.264289e+00
288	5.038407e-01	5.549675e-01	2.905227e+00
289	4.550383e-01	3.917909e-01	1.058622e+00
290	4.217133e-01	4.897788e-01	2.152907e+00
291	7.413198e-01	8.907612e-01	2.784074e+00
292	4.770356e-01	4.941471e-01	2.445042e+00
293	7.455170e-01	9.432345e-01	2.852467e+00
294	4.085416e-01	4.571958e-01	2.070835e+00
295	4.149070e-01	5.264517e-01	1.406448e+00
296	2.579544e-01	1.225344e-01	1.751343e+00
297	4.509747e-01	5.145174e-01	2.077675e+00
298	3.211005e-01	5.573987e-01	1.601856e+00
299	4.990920e-01	5.216681e-01	2.048363e+00
300	4.450899e-01	4.900002e-01	2.781143e+00
301	4.721788e-01	5.004253e-01	2.779189e+00
302	4.463849e-01	4.781180e-01	2.617978e+00
303	4.261183e-01	2.725548e-01	1.698583e+00
304	3.880927e-01	4.661103e-01	1.948705e+00
305	4.745581e-01	4.970546e-01	1.416219e+00
306	4.291614e-01	5.517667e-01	1.745481e+00
307	4.706621e-01	5.077872e-01	2.291646e+00
308	6.976437e-01	8.910773e-01	1.868588e+00
309	5.117721e-01	5.443777e-01	2.511480e+00
310	4.805526e-01	5.290746e-01	2.596483e+00
311	5.111346e-01	6.309396e-01	2.855398e+00
312	4.275077e-01	4.323834e-01	1.312653e+00
313	4.019477e-01	3.992250e-01	1.787494e+00
314	4.724303e-01	5.022406e-01	2.252565e+00
315	4.194551e-01	4.376181e-01	1.978017e+00
316	4.809671e-01	4.465706e-01	2.965804e+00
317	4.842841e-01	5.193457e-01	2.221299e+00
318	5.307828e-01	4.483639e-01	1.701514e+00
319	4.803891e-01	5.043473e-01	1.135809e+00
320	4.743003e-01	4.744723e-01	2.997069e+00
322	4.119406e-01	4.914633e-01	2.362970e+00
323	4.571581e-01	4.870268e-01	2.553493e+00
324	5.154210e-01	5.078902e-01	1.347826e+00
325	4.943971e-01	8.665250e-01	2.896434e+00
326	4.688623e-01	5.057068e-01	1.857841e+00
327	4.636103e-01	6.130591e-01	1.669272e+00
328	4.919699e-01	5.114408e-01	1.726917e+00
329	4.228716e-01	4.493060e-01	2.604299e+00
330	4.765573e-01	4.317296e-01	2.089399e+00
331	5.316024e-01	4.899974e-01	1.552027e+00
332	4.452717e-01	3.988382e-01	1.769907e+00
333	4.946353e-01	5.499444e-01	1.382022e+00
334	5.058542e-01	6.815592e-01	2.510503e+00
335	4.181339e-01	4.910580e-01	1.640938e+00
336	4.721001e-01	5.172462e-01	2.933561e+00
337	4.482952e-01	3.960396e-01	1.033219e+00
338	3.914052e-01	4.926215e-01	1.408403e+00
339	4.584620e-01	4.944151e-01	2.767465e+00
340	4.632161e-01	4.606261e-01	1.526624e+00
341	4.974206e-01	6.402243e-01	1.456277e+00
342	4.596974e-01	5.005704e-01	1.054714e+00
343	4.500285e-01	5.839581e-01	2.601368e+00
344	5.063428e-01	8.796084e-01	2.193942e+00
345	6.009482e-01	9.851168e-01	2.321935e+00
346	4.382063e-01	4.667214e-01	1.564729e+00
347	4.711206e-01	5.073289e-01	1.679043e+00
348	2.704623e-01	6.162597e-01	2.034685e+00
349	4.627584e-01	4.851009e-01	2.564240e+00
350	6.109566e-01	5.706095e-01	2.311187e+00
351	7.288603e-01	6.044398e-01	1.297997e+00
352	4.702322e-01	4.970634e-01	2.873962e+00
353	4.682385e-01	6.151731e-01	2.202736e+00
354	4.694353e-01	5.015478e-01	2.653151e+00
355	6.398774e-01	5.954381e-01	2.461651e+00
356	4.635010e-01	4.885326e-01	1.679043e+00
357	3.803501e-01	4.509204e-01	2.991207e+00
358	4.959275e-01	6.706847e-01	2.857352e+00
359	3.711708e-01	3.559244e-01	1.913532e+00
360	6.191317e-01	5.556538e-01	1.216903e+00
361	6.675465e-01	6.127001e-01	1.214949e+00
362	5.660783e-01	5.252383e-01	1.005862e+00
363	4.421079e-01	4.745544e-01	2.227162e+00
364	4.888918e-01	5.132302e-01	1.723009e+00
366	5.331436e-01	6.044869e-01	1.692721e+00
367	4.802719e-01	4.911788e-01	1.154372e+00
368	4.788132e-01	5.116417e-01	1.851001e+00
369	4.654918e-01	5.044062e-01	2.418661e+00
370	4.935387e-01	4.378909e-01	1.874450e+00
371	5.469073e-01	4.525469e-01	1.591109e+00
372	4.839328e-01	4.834415e-01	2.199805e+00
373	2.913661e-01	3.894877e-01	2.208598e+00
374	4.934675e-01	5.473264e-01	1.322423e+00
375	5.421852e-01	6.600354e-01	2.361016e+00
376	4.092371e-01	6.155817e-01	1.815828e+00
377	4.698044e-01	5.000823e-01	1.328285e+00
378	4.669399e-01	5.107036e-01	1.883244e+00
379	4.149338e-01	2.721309e-01	1.599902e+00
380	2.182312e-01	2.413057e-01	2.343429e+00
381	4.866577e-01	5.232498e-01	1.835369e+00
383	2.999167e-01	4.240244e-01	1.698583e+00
384	6.452732e-01	6.418897e-01	2.761602e+00
385	4.680473e-01	6.800915e-01	1.961407e+00
386	4.217200e-01	4.803147e-01	2.449927e+00
387	5.008793e-01	5.479428e-01	2.669761e+00
388	4.020580e-01	5.028076e-01	2.597460e+00
389	4.787892e-01	5.082768e-01	2.960918e+00
390	4.606999e-01	4.856879e-01	1.655594e+00
391	4.250661e-01	4.424933e-01	2.572057e+00
392	4.946628e-01	5.189700e-01	1.234489e+00
393	5.233362e-01	4.957683e-01	1.607719e+00
394	4.702888e-01	4.974488e-01	2.643381e+00
395	3.370617e-01	4.761245e-01	1.233512e+00
397	4.925111e-01	7.509403e-01	1.083048e+00
398	6.928618e-01	8.711615e-01	2.453835e+00
399	4.147439e-01	4.142544e-01	2.169516e+00
400	5.261501e-01	5.478948e-01	1.634099e+00
401	3.043979e-01	5.655961e-01	1.314607e+00
402	4.787914e-01	5.544212e-01	2.292623e+00
403	6.228488e-01	6.398363e-01	1.759160e+00
404	5.200103e-01	6.019534e-01	2.942355e+00
405	5.139995e-01	5.706764e-01	1.358574e+00
406	4.650908e-01	4.782300e-01	1.474841e+00
407	4.968771e-01	4.083103e-01	2.850513e+00
408	3.225399e-01	4.274023e-01	2.543723e+00
409	4.636593e-01	5.100306e-01	1.170005e+00
410	4.754833e-01	4.617241e-01	2.011236e+00
411	4.316620e-01	5.272923e-01	2.982413e+00
412	4.515964e-01	7.276787e-01	1.578407e+00
413	4.472157e-01	4.788396e-01	2.904250e+00
414	4.588738e-01	4.911296e-01	2.948217e+00
415	4.755336e-01	4.973500e-01	1.856864e+00
416	5.105442e-01	5.507059e-01	1.780655e+00
417	4.635852e-01	5.037067e-01	1.223742e+00
418	4.694331e-01	5.112521e-01	2.928676e+00
419	4.686405e-01	5.104484e-01	1.055691e+00
420	4.824425e-01	4.805862e-01	2.823156e+00
421	4.686906e-01	5.003281e-01	2.886663e+00
422	4.681167e-01	5.098719e-01	1.391793e+00
423	3.965978e-01	4.724607e-01	1.467025e+00
424	4.577890e-01	4.581114e-01	1.512946e+00
425	4.519866e-01	9.051972e-01	1.960430e+00
426	4.640471e-01	9.086437e-01	2.254519e+00
427	5.364564e-01	6.103885e-01	2.899365e+00
428	4.645191e-01	5.305419e-01	1.247191e+00
429	4.890980e-01	5.094537e-01	1.802149e+00
430	4.812853e-01	4.843350e-01	1.663410e+00
431	3.841373e-01	4.357209e-01	2.556424e+00
432	4.957964e-01	6.648813e-01	2.947240e+00
433	4.866309e-01	5.012232e-01	2.475330e+00
434	4.517306e-01	5.033968e-01	2.923791e+00
435	2.810999e-01	4.875427e-01	2.906204e+00
436	5.302483e-01	1.214351e-01	2.668784e+00
437	4.481514e-01	4.435349e-01	2.476307e+00
438	4.302535e-01	5.200384e-01	2.065950e+00
439	4.733093e-01	4.971720e-01	1.983879e+00
440	4.011603e-01	3.527903e-01	1.637030e+00
441	5.918230e-01	5.003406e-01	1.338056e+00
442	4.837381e-01	4.721771e-01	2.406937e+00
443	6.483095e-01	3.985936e-01	1.422081e+00
444	5.251961e-01	6.201738e-01	2.956033e+00
445	4.675823e-01	5.122854e-01	2.601368e+00
446	4.689964e-01	6.621987e-01	1.846116e+00
447	4.553452e-01	4.840710e-01	1.264778e+00
448	5.091151e-01	5.297358e-01	1.119199e+00
449	4.272719e-01	4.406192e-01	1.956522e+00
450	4.590196e-01	6.296954e-01	2.971666e+00
451	4.696366e-01	5.021122e-01	2.149976e+00
452	4.420939e-01	4.152125e-01	1.574499e+00
453	6.278769e-01	6.671284e-01	1.775769e+00
455	5.110652e-01	5.384457e-01	2.984367e+00
456	4.478441e-01	4.629339e-01	1.577430e+00
457	4.771959e-01	4.952318e-01	2.955056e+00
458	4.454877e-01	5.091805e-01	2.865169e+00
459	3.921083e-01	3.325957e-01	1.672203e+00
461	2.214279e-01	5.192278e-01	2.513434e+00
462	5.320026e-01	5.337524e-01	1.853933e+00
463	4.647684e-01	4.658734e-01	2.858329e+00
464	4.700562e-01	4.660183e-01	1.574499e+00
465	4.339481e-01	5.485677e-01	1.432829e+00
466	4.580401e-01	5.020519e-01	1.500244e+00
467	4.254501e-01	3.455107e-01	1.323400e+00
468	4.839962e-01	4.982764e-01	2.147044e+00
469	4.667577e-01	4.986717e-01	2.698095e+00
470	4.576802e-01	4.671201e-01	1.364436e+00
471	5.382582e-01	7.368327e-01	2.076698e+00
472	4.711864e-01	4.971656e-01	2.011236e+00
473	4.826617e-01	6.338000e-01	1.215926e+00
474	4.692552e-01	4.984052e-01	2.299463e+00
475	5.450023e-01	4.906248e-01	1.683928e+00
476	4.936114e-01	4.904151e-01	2.081583e+00
477	4.291604e-01	4.835899e-01	2.350269e+00
478	3.439427e-01	4.159962e-01	2.728383e+00
479	3.717515e-01	3.330823e-01	1.194431e+00
480	3.435424e-01	4.752437e-01	2.515388e+00
481	6.486424e-01	6.784106e-01	1.865657e+00
482	5.427913e-01	5.900900e-01	1.802149e+00
483	5.383702e-01	5.487567e-01	1.367367e+00
484	4.249415e-01	4.065226e-01	1.148510e+00
485	4.985032e-01	5.721246e-01	2.427455e+00
486	3.895506e-01	4.721620e-01	2.196873e+00
487	4.501037e-01	4.262148e-01	2.386419e+00
488	4.417641e-01	4.574326e-01	1.294089e+00
489	4.091640e-01	4.654269e-01	1.687836e+00
490	4.854477e-01	4.509851e-01	1.146556e+00
491	7.511887e-01	4.421356e-01	1.597948e+00
492	5.196044e-01	4.934148e-01	2.412799e+00
493	3.699896e-01	4.173692e-01	1.227650e+00
494	5.157993e-01	5.497556e-01	2.522228e+00
495	5.072091e-01	5.487156e-01	1.437714e+00
496	4.595578e-01	4.907504e-01	1.523693e+00
497	5.278525e-01	5.586910e-01	1.221788e+00
498	4.847717e-01	4.912628e-01	1.652662e+00
499	3.547876e-01	4.280185e-01	1.269663e+00
500	4.648255e-01	4.953662e-01	2.967758e+00
501	4.598470e-01	5.046806e-01	2.546654e+00
502	3.785472e-01	7.534039e-01	1.818759e+00
503	5.223686e-01	5.552659e-01	1.919394e+00
504	4.685493e-01	4.964788e-01	2.563263e+00
505	4.157456e-01	3.742601e-01	1.451392e+00
506	3.368845e-01	4.745612e-01	1.718124e+00
507	4.880730e-01	5.191036e-01	1.207132e+00
508	4.680154e-01	5.007299e-01	1.236444e+00
509	5.208762e-01	4.892812e-01	2.622863e+00
510	4.334736e-01	5.245271e-01	2.549585e+00
511	4.711637e-01	5.027725e-01	2.966781e+00
512	5.485389e-01	6.573243e-01	2.395213e+00
513	4.422557e-01	5.478251e-01	1.534441e+00
514	4.493393e-01	3.740214e-01	1.550073e+00
515	5.636099e-01	5.710382e-01	1.610650e+00
516	6.943259e-01	4.744676e-01	1.612604e+00
517	4.809459e-01	4.909127e-01	1.086957e+00
518	5.028584e-01	4.140959e-01	2.282853e+00
519	5.067923e-01	8.830524e-01	1.573522e+00
520	4.763974e-01	5.008578e-01	2.497802e+00
521	4.644911e-01	5.181530e-01	1.752320e+00
523	4.793067e-01	4.965346e-01	1.209086e+00
524	4.345040e-01	4.528496e-01	2.755740e+00
525	4.158535e-01	5.298657e-01	1.499267e+00
526	4.572944e-01	5.047335e-01	1.014656e+00
527	3.941016e-01	1.232844e-01	2.891549e+00
528	4.646610e-01	4.942110e-01	2.478261e+00
529	3.883980e-01	4.602471e-01	1.898876e+00
530	4.949243e-01	5.061968e-01	1.188569e+00
531	4.652192e-01	4.673230e-01	2.785051e+00
532	4.707504e-01	5.040861e-01	2.945286e+00
533	4.567142e-01	4.890473e-01	2.458720e+00
534	4.600557e-01	5.685698e-01	2.673669e+00
535	4.884715e-01	5.114691e-01	1.399609e+00
536	4.217113e-01	4.752979e-01	2.604299e+00
537	4.684205e-01	4.960469e-01	1.529555e+00
538	4.677845e-01	4.990881e-01	2.823156e+00
539	5.198237e-01	5.357868e-01	2.826087e+00
540	4.298794e-01	4.408270e-01	2.844651e+00
541	4.198428e-01	5.221251e-01	2.290669e+00
542	4.733593e-01	4.736791e-01	2.570103e+00
543	4.665404e-01	5.173287e-01	2.396190e+00
544	4.366000e-01	5.255201e-01	1.318515e+00
545	4.678747e-01	5.277934e-01	2.605276e+00
546	3.849392e-01	6.787798e-01	2.683439e+00
547	5.938570e-01	2.920386e-01	1.587201e+00
548	5.258004e-01	5.996902e-01	1.375183e+00
549	4.934263e-01	5.499552e-01	2.298486e+00
550	3.349021e-01	3.250773e-01	1.285296e+00
551	4.615439e-01	4.989638e-01	2.983390e+00
552	2.514283e-01	5.180965e-01	1.195408e+00
553	4.651582e-01	4.995364e-01	2.414753e+00
554	5.081975e-01	3.543903e-01	1.843185e+00
555	3.721045e-01	4.770026e-01	2.396190e+00
556	5.742878e-01	5.182702e-01	3.000000e+00
557	4.935468e-01	4.961758e-01	2.728383e+00
559	4.514881e-01	4.864441e-01	1.944797e+00
560	4.207478e-01	4.817473e-01	2.883732e+00
561	4.782378e-01	5.969197e-01	2.383488e+00
562	4.211250e-01	6.074694e-01	2.506595e+00
563	5.053871e-01	5.175987e-01	1.786517e+00
564	4.951143e-01	5.532604e-01	2.893503e+00
565	4.698071e-01	5.051521e-01	2.981436e+00
566	4.824341e-01	4.893278e-01	2.663898e+00
567	4.878580e-01	5.321062e-01	2.227162e+00
568	4.708357e-01	5.036649e-01	1.527601e+00
569	3.728364e-01	3.277933e-01	2.610161e+00
570	2.732546e-01	1.996525e-01	1.058622e+00
571	4.490940e-01	4.746919e-01	2.782120e+00
573	4.803249e-01	5.051622e-01	2.109917e+00
574	4.871152e-01	5.180783e-01	2.074744e+00
575	4.852579e-01	5.138545e-01	2.319003e+00
576	4.583906e-01	4.907544e-01	1.290181e+00
577	4.511808e-01	4.316329e-01	1.286273e+00
578	4.276867e-01	4.327447e-01	1.881290e+00
579	4.881863e-01	5.153589e-01	1.664387e+00
580	3.603000e-01	1.314847e-01	1.242306e+00
581	4.128671e-01	5.377888e-01	1.927211e+00
582	4.717826e-01	4.978024e-01	2.820225e+00
583	6.004747e-01	5.453537e-01	2.792868e+00
584	4.526429e-01	5.579623e-01	1.201270e+00
585	4.468333e-01	4.286251e-01	1.898876e+00
586	4.723311e-01	5.015797e-01	1.782609e+00
587	4.768217e-01	5.068398e-01	1.561798e+00
588	4.715867e-01	5.039475e-01	2.282853e+00
589	4.888505e-01	5.110409e-01	2.210552e+00
590	4.929175e-01	5.880372e-01	1.020518e+00
591	4.522744e-01	4.821438e-01	1.784563e+00
592	4.743117e-01	4.981924e-01	1.275525e+00
593	4.815323e-01	4.957650e-01	1.212995e+00
594	5.468788e-01	5.018610e-01	2.964827e+00
595	4.687380e-01	4.853040e-01	2.079629e+00
596	5.930914e-01	4.709525e-01	1.187592e+00
597	4.832787e-01	4.820843e-01	1.258915e+00
598	5.261174e-01	5.390180e-01	1.999511e+00
599	4.619915e-01	4.951148e-01	1.264778e+00
600	4.595441e-01	4.761586e-01	1.110405e+00
601	3.729015e-01	4.247483e-01	1.107474e+00
602	5.520909e-01	3.928388e-01	1.070347e+00
603	4.691419e-01	4.914750e-01	2.400098e+00
604	4.407870e-01	5.002284e-01	2.871031e+00
605	4.715552e-01	5.058453e-01	2.739130e+00
606	4.811290e-01	5.333988e-01	2.061065e+00
607	5.372606e-01	7.688593e-01	1.073278e+00
608	5.177419e-01	5.492691e-01	2.799707e+00
609	4.277719e-01	4.186013e-01	2.010259e+00
610	4.542139e-01	5.905831e-01	1.700537e+00
611	4.803999e-01	5.076605e-01	1.339033e+00
612	5.301590e-01	5.072652e-01	2.227162e+00
613	6.745220e-01	9.073601e-01	2.482169e+00
614	4.572128e-01	5.270618e-01	2.958964e+00
615	3.755352e-01	4.735122e-01	1.443576e+00
616	4.067799e-01	5.759624e-01	2.381534e+00
617	5.655953e-01	6.529317e-01	1.971177e+00
618	4.743478e-01	4.980633e-01	2.960918e+00
619	5.832920e-01	9.032929e-01	1.812897e+00
620	5.795502e-01	4.992743e-01	1.170982e+00
621	5.359119e-01	5.082020e-01	1.277479e+00
622	6.666452e-01	4.689927e-01	1.176844e+00
623	3.624228e-01	4.543232e-01	1.636053e+00
624	4.573235e-01	4.254134e-01	2.336590e+00
625	5.028072e-01	4.746949e-01	1.343918e+00
626	4.630006e-01	5.187671e-01	1.905716e+00
627	4.476604e-01	4.782307e-01	1.784563e+00
628	4.686359e-01	4.966207e-01	2.063996e+00
629	4.739190e-01	4.948447e-01	2.497802e+00
630	4.883261e-01	6.031847e-01	2.870054e+00
631	4.091983e-01	4.346805e-01	1.729849e+00
632	6.124112e-01	6.453338e-01	2.290669e+00
633	4.702153e-01	5.020440e-01	2.841720e+00
634	4.682910e-01	5.047854e-01	2.195896e+00
635	4.887478e-01	5.601255e-01	1.601856e+00
636	4.648025e-01	4.795704e-01	2.449927e+00
637	4.569555e-01	5.432997e-01	1.462140e+00
638	4.701482e-01	5.000603e-01	2.041524e+00
639	4.707982e-01	5.005239e-01	2.061065e+00
640	4.212850e-01	3.739800e-01	2.130435e+00
641	6.674882e-01	7.178254e-01	2.205667e+00
642	4.862126e-01	5.222700e-01	2.184172e+00
643	5.522562e-01	4.866256e-01	2.747924e+00
644	3.928696e-01	7.374063e-01	2.909135e+00
645	4.592715e-01	4.957140e-01	2.777235e+00
646	4.862869e-01	5.507255e-01	1.295066e+00
647	3.855368e-01	5.107097e-01	1.050806e+00
648	4.329486e-01	6.675331e-01	1.191500e+00
649	4.726118e-01	5.237697e-01	1.198339e+00
650	4.920590e-01	4.837808e-01	2.656082e+00
651	4.779541e-01	4.833737e-01	1.692721e+00
652	3.318771e-01	4.267988e-01	2.330728e+00
653	4.521610e-01	4.814660e-01	1.906693e+00
654	4.697476e-01	5.283032e-01	2.192965e+00
655	5.120239e-01	5.265125e-01	1.200293e+00
656	4.979622e-01	5.098205e-01	2.361016e+00
657	4.358827e-01	4.315716e-01	2.080606e+00
658	4.791911e-01	4.991185e-01	2.017098e+00
659	3.897250e-01	5.016932e-01	2.191011e+00
660	4.948869e-01	4.173985e-01	1.667318e+00
661	4.512383e-01	4.839071e-01	2.229116e+00
662	5.125073e-01	3.727683e-01	1.188569e+00
663	4.635985e-01	4.572793e-01	2.714704e+00
664	4.679743e-01	5.065831e-01	1.979971e+00
665	4.700590e-01	6.135932e-01	2.954079e+00
666	8.575706e-01	7.707528e-01	1.803127e+00
667	4.969162e-01	5.448410e-01	1.039082e+00
668	7.448644e-01	8.271801e-01	1.893014e+00
669	5.217163e-01	6.323788e-01	1.778701e+00
670	3.034248e-01	1.378065e-01	1.807035e+00
671	4.140271e-01	4.588888e-01	1.102589e+00
672	5.231950e-01	1.650724e-01	1.879336e+00
673	5.088306e-01	5.770890e-01	1.984856e+00
674	4.704913e-01	5.013805e-01	2.238886e+00
675	4.988156e-01	5.385730e-01	2.868100e+00
676	4.758380e-01	4.977461e-01	2.748901e+00
677	6.042164e-01	6.618960e-01	1.578407e+00
678	4.744735e-01	4.935056e-01	1.621397e+00
679	4.678861e-01	4.955279e-01	2.657059e+00
680	5.035253e-01	5.315465e-01	2.404983e+00
681	5.510337e-01	5.125470e-01	2.272106e+00
682	4.929612e-01	5.334213e-01	1.463117e+00
683	4.809156e-01	5.070272e-01	2.316072e+00
684	4.723958e-01	5.086948e-01	2.334636e+00
685	4.824417e-01	4.851637e-01	1.365413e+00
686	3.970378e-01	6.379630e-01	2.105032e+00
687	4.303841e-01	5.821050e-01	1.339033e+00
688	4.800605e-01	5.141003e-01	2.932584e+00
689	4.717450e-01	5.006350e-01	2.378603e+00
690	4.715857e-01	5.071612e-01	1.833415e+00
691	5.457853e-01	3.080588e-01	1.663410e+00
692	4.570842e-01	4.869475e-01	2.251588e+00
693	3.414348e-01	6.809188e-01	1.766976e+00
694	5.689347e-01	6.197859e-01	1.575476e+00
695	6.680866e-01	5.557411e-01	2.771373e+00
696	4.720188e-01	4.952472e-01	2.787005e+00
697	4.629234e-01	5.056353e-01	1.959453e+00
698	5.052522e-01	5.410619e-01	2.187103e+00
699	4.685016e-01	5.006512e-01	2.430386e+00
700	4.593345e-01	4.588213e-01	2.679531e+00
701	3.824138e-01	4.253356e-01	2.191988e+00
702	5.850475e-01	5.818322e-01	2.945286e+00
703	4.727907e-01	4.966561e-01	2.793845e+00
704	4.636131e-01	5.164459e-01	2.132389e+00
705	4.543784e-01	2.512278e-01	1.627259e+00
706	4.640024e-01	4.901195e-01	1.623351e+00
707	4.985273e-01	5.052333e-01	2.772350e+00
708	4.729695e-01	5.013947e-01	1.552027e+00
709	4.600367e-01	5.294262e-01	1.180752e+00
710	4.977928e-01	5.299082e-01	1.632145e+00
711	5.249115e-01	9.256636e-01	1.680997e+00
712	3.659750e-01	4.269342e-01	2.828041e+00
713	4.850453e-01	4.837826e-01	1.703468e+00
714	6.633348e-01	4.245573e-01	1.471910e+00
715	4.697590e-01	4.789756e-01	2.368832e+00
716	4.791626e-01	4.879999e-01	1.961407e+00
717	4.753748e-01	4.979942e-01	1.756229e+00
718	4.875448e-01	4.530904e-01	2.987298e+00
719	4.707861e-01	4.963210e-01	2.332682e+00
720	4.530190e-01	4.689495e-01	1.097704e+00
721	4.611779e-01	6.110120e-01	1.954568e+00
722	4.755586e-01	5.004200e-01	1.704446e+00
723	4.702728e-01	5.016363e-01	1.853933e+00
724	5.734499e-01	6.069830e-01	2.829995e+00
725	4.365416e-01	5.435170e-01	2.232047e+00
726	4.598254e-01	4.657030e-01	2.587689e+00
727	4.831425e-01	4.982080e-01	2.698095e+00
728	7.581344e-01	9.219904e-01	1.896922e+00
729	4.426191e-01	4.893465e-01	1.212995e+00
730	4.925577e-01	4.506477e-01	1.502198e+00
731	4.726049e-01	5.030152e-01	2.614069e+00
732	5.152342e-01	5.208778e-01	2.880801e+00
733	4.556648e-01	4.967178e-01	1.956522e+00
734	4.064471e-01	3.830768e-01	2.745970e+00
735	3.322113e-01	2.268796e-01	1.179775e+00
736	4.243716e-01	5.260846e-01	1.935027e+00
737	4.851524e-01	4.702333e-01	1.975085e+00
738	4.842964e-01	5.150599e-01	1.067416e+00
739	5.069279e-01	4.301700e-01	2.024915e+00
740	4.998259e-01	5.890864e-01	2.810454e+00
741	5.496637e-01	5.426414e-01	2.428432e+00
742	4.984251e-01	5.090622e-01	1.957499e+00
743	4.343530e-01	3.827207e-01	2.306302e+00
744	4.677878e-01	4.874220e-01	2.557401e+00
745	4.862929e-01	5.248549e-01	1.243283e+00
746	5.247028e-01	5.575158e-01	2.429409e+00
747	4.907610e-01	5.009074e-01	2.523205e+00
748	5.611672e-01	7.071279e-01	2.842697e+00
749	4.684020e-01	5.002360e-01	2.247680e+00
750	4.241286e-01	4.704133e-01	2.000489e+00
751	4.785388e-01	4.870922e-01	2.446019e+00
752	4.758465e-01	4.971779e-01	2.360039e+00
753	2.935304e-01	5.157451e-01	2.567171e+00
754	4.602450e-01	4.783738e-01	2.415730e+00
755	4.934381e-01	4.948550e-01	1.989741e+00
756	4.611230e-01	5.045340e-01	2.908158e+00
757	5.467677e-01	5.385181e-01	2.731314e+00
758	4.682146e-01	5.034111e-01	2.544700e+00
759	4.694734e-01	5.008382e-01	2.890572e+00
760	4.698316e-01	5.003824e-01	1.654617e+00
761	4.732862e-01	4.935891e-01	1.008793e+00
762	4.367372e-01	4.313771e-01	1.260870e+00
763	4.207905e-01	6.213963e-01	1.347826e+00
764	4.821269e-01	4.963086e-01	1.325354e+00
765	4.599459e-01	4.953175e-01	1.420127e+00
766	4.068496e-01	3.195716e-01	2.845628e+00
767	4.915279e-01	4.692422e-01	1.853933e+00
768	4.626679e-01	4.899511e-01	1.303859e+00
769	3.457993e-01	4.159674e-01	1.294089e+00
770	8.824029e-01	1.195238e-01	1.675134e+00
771	4.025732e-01	5.517071e-01	2.417684e+00
772	4.739242e-01	4.922287e-01	2.053249e+00
773	4.824409e-01	5.067324e-01	1.276502e+00
774	6.833555e-01	5.188940e-01	2.779189e+00
775	3.065765e-01	8.370538e-01	1.984856e+00
776	2.190332e-01	5.213996e-01	2.295554e+00
777	4.664501e-01	4.948241e-01	1.652662e+00
778	4.827502e-01	5.238625e-01	2.464582e+00
779	4.670516e-01	5.032851e-01	1.763068e+00
780	4.863123e-01	5.072179e-01	2.026869e+00
781	4.624804e-01	4.077151e-01	1.160234e+00
782	5.354275e-01	4.121925e-01	2.302394e+00
783	5.038284e-01	5.145267e-01	1.384954e+00
784	4.540297e-01	4.635514e-01	2.598437e+00
785	3.935944e-01	5.600872e-01	2.130435e+00
786	4.999187e-01	5.033726e-01	1.690767e+00
787	4.757758e-01	4.863141e-01	1.940889e+00
788	4.846068e-01	5.107396e-01	2.099170e+00
