789
0	9.589359e-01	4.346585e-01	1.398632e+00
1	2.677897e-01	3.993295e-01	1.108451e+00
2	4.745170e-01	5.168278e-01	2.925745e+00
3	4.793829e-01	4.777220e-01	2.732291e+00
4	4.302225e-01	6.297352e-01	1.257938e+00
5	4.721838e-01	5.499418e-01	2.424524e+00
6	4.557072e-01	7.230749e-01	1.383000e+00
7	4.757695e-01	5.081252e-01	2.705911e+00
8	4.497449e-01	5.295603e-01	2.442110e+00
9	4.809145e-01	5.249376e-01	2.233024e+00
10	4.969182e-01	5.452303e-01	2.376649e+00
11	4.731758e-01	5.474834e-01	1.556913e+00
12	4.016728e-01	6.791495e-01	2.950171e+00
13	4.096697e-01	3.689883e-01	1.066439e+00
14	4.837466e-01	5.277593e-01	1.626282e+00
15	4.172258e-01	5.001343e-01	1.306790e+00
16	4.853224e-01	5.255785e-01	2.902296e+00
17	5.231279e-01	4.721700e-01	1.195408e+00
18	4.972490e-01	5.336402e-01	1.785540e+00
19	4.798776e-01	4.926054e-01	1.248168e+00
20	4.593168e-01	5.053413e-01	1.863703e+00
21	5.328835e-01	5.638090e-01	2.671715e+00
22	4.874011e-01	5.194848e-01	2.487054e+00
23	3.918502e-01	7.465820e-01	1.946751e+00
24	5.809361e-01	4.662889e-01	1.303859e+00
25	3.332279e-01	7.209618e-01	2.152907e+00
26	4.714121e-01	4.955515e-01	1.388862e+00
27	4.831261e-01	5.174141e-01	1.591109e+00
28	4.802350e-01	5.120243e-01	2.205667e+00
29	4.542775e-01	5.398611e-01	2.181241e+00
30	4.300619e-01	5.071917e-01	1.475818e+00
31	5.023565e-01	5.328373e-01	2.309233e+00
32	4.645747e-01	5.334645e-01	2.073766e+00
33	4.652326e-01	2.790403e-01	2.331705e+00
34	4.747573e-01	4.939366e-01	1.126038e+00
35	6.387210e-01	5.328838e-01	2.235955e+00
36	6.514831e-01	7.362876e-01	2.805569e+00
37	3.467082e-01	4.420433e-01	2.555447e+00
38	4.852451e-01	5.008374e-01	2.559355e+00
39	4.861449e-01	4.926778e-01	1.895945e+00
40	4.797781e-01	5.112577e-01	1.282364e+00
41	4.588072e-01	5.704668e-01	2.750855e+00
42	4.812766e-01	5.375969e-01	2.412799e+00
43	4.575016e-01	5.087395e-01	2.557401e+00
44	4.781293e-01	3.671474e-01	1.648754e+00
45	4.643369e-01	4.779443e-01	1.721055e+00
46	4.757814e-01	5.409552e-01	2.588666e+00
47	4.565126e-01	5.057292e-01	1.525647e+00
48	4.813076e-01	5.274896e-01	2.751832e+00
49	5.776131e-01	6.629898e-01	2.625794e+00
50	4.640156e-01	4.281659e-01	1.663410e+00
51	4.840885e-01	5.268983e-01	2.560332e+00
52	5.013684e-01	5.021160e-01	1.696629e+00
53	5.052120e-01	5.122838e-01	1.506106e+00
54	4.847676e-01	5.267680e-01	2.675623e+00
55	4.816812e-01	5.152882e-01	2.497802e+00
56	3.891846e-01	6.884789e-01	1.031265e+00
57	4.538567e-01	6.257417e-01	2.361993e+00
58	4.675021e-01	5.963515e-01	1.866634e+00
59	7.468443e-01	7.862921e-01	2.930630e+00
60	5.872214e-01	8.484510e-01	1.503175e+00
61	4.504512e-01	5.311634e-01	2.449927e+00
62	4.660717e-01	5.157876e-01	2.831949e+00
63	4.600696e-01	5.464659e-01	2.317049e+00
64	4.743144e-01	5.279850e-01	2.353200e+00
65	4.808422e-01	5.246046e-01	2.575965e+00
66	4.274115e-01	5.159198e-01	2.922814e+00
67	4.797902e-01	5.137205e-01	2.289692e+00
68	3.929872e-01	4.260201e-01	2.766488e+00
69	5.107526e-01	3.196097e-01	1.522716e+00
70	5.062678e-01	5.167404e-01	2.769419e+00
71	4.950463e-01	5.040300e-01	1.110405e+00
72	4.571524e-01	5.419159e-01	1.412311e+00
73	7.443777e-01	4.538016e-01	1.951637e+00
74	4.494238e-01	3.332492e-01	1.449438e+00
75	2.324761e-01	5.047273e-01	2.176356e+00
76	4.639197e-01	4.325205e-01	1.212995e+00
77	4.532394e-01	5.080601e-01	1.872496e+00
78	4.900891e-01	5.008175e-01	1.606742e+00
79	5.027312e-01	3.732640e-01	1.183683e+00
80	4.983546e-01	4.803081e-01	2.736199e+00
81	4.849284e-01	5.272083e-01	1.617489e+00
82	5.053628e-01	5.831906e-01	2.456766e+00
83	4.330297e-01	3.919842e-01	1.406448e+00
84	5.737921e-01	4.863154e-01	2.453835e+00
85	4.811926e-01	5.293371e-01	2.712750e+00
86	4.928180e-01	5.126253e-01	2.877870e+00
87	5.285523e-01	7.732610e-01	1.533464e+00
88	5.522896e-01	6.225175e-01	2.169516e+00
89	5.812972e-01	2.487316e-01	2.483146e+00
90	5.102503e-01	4.645511e-01	1.538349e+00
91	4.652622e-01	5.252655e-01	1.117245e+00
92	4.909868e-01	4.964619e-01	2.709819e+00
93	5.587090e-01	4.663707e-01	2.929653e+00
94	4.794876e-01	5.174962e-01	2.125550e+00
95	3.692084e-01	3.796859e-01	2.148999e+00
96	4.721578e-01	4.975923e-01	1.206155e+00
97	7.731293e-01	4.269037e-01	2.689301e+00
98	4.935122e-01	5.133960e-01	1.997557e+00
99	5.208794e-01	5.722203e-01	1.753298e+00
100	4.744753e-01	5.110881e-01	1.491451e+00
101	4.827021e-01	5.251566e-01	2.381534e+00
102	5.092337e-01	6.197592e-01	1.837323e+00
103	5.492668e-01	4.499025e-01	2.723498e+00
104	4.619137e-01	3.969532e-01	1.216903e+00
105	4.588440e-01	5.396302e-01	1.385931e+00
106	1.384091e-01	4.346452e-01	1.094773e+00
107	4.731568e-01	4.941498e-01	1.887152e+00
108	2.663202e-01	5.608711e-01	1.869565e+00
109	2.686451e-01	4.056054e-01	2.657059e+00
110	4.845413e-01	5.296172e-01	1.905716e+00
111	4.648582e-01	5.176215e-01	2.319980e+00
112	1.410786e-01	3.512798e-01	1.549096e+00
113	7.361174e-01	3.816854e-01	1.155349e+00
114	4.857711e-01	4.995185e-01	1.261847e+00
115	4.987712e-01	5.329089e-01	1.308745e+00
116	5.135908e-02	2.729825e-01	1.148510e+00
117	4.829363e-01	5.521146e-01	1.865657e+00
118	4.815707e-01	4.752378e-01	2.988276e+00
119	3.997364e-01	4.332244e-01	1.479726e+00
120	4.872506e-01	5.404828e-01	2.095261e+00
121	5.209968e-01	4.612794e-01	2.442110e+00
122	6.860978e-01	7.041898e-01	1.070347e+00
123	3.995522e-01	4.157203e-01	1.417196e+00
124	4.909130e-01	5.140621e-01	2.817294e+00
125	5.399552e-01	8.815228e-01	1.164143e+00
126	5.164464e-01	4.589304e-01	2.738153e+00
127	3.151564e-01	2.677295e-01	2.338544e+00
128	7.025090e-01	7.676928e-01	1.282364e+00
129	4.838085e-01	4.996999e-01	2.676600e+00
130	7.020897e-01	7.672132e-01	2.443087e+00
131	8.513624e-01	6.232248e-02	2.375672e+00
132	2.332255e-01	4.186830e-01	1.220811e+00
133	2.105710e-01	4.942214e-01	2.407914e+00
134	4.792586e-01	4.728503e-01	2.277968e+00
135	4.570774e-01	5.199852e-01	2.409868e+00
136	4.741566e-01	5.194597e-01	2.083537e+00
137	4.305954e-01	5.081352e-01	2.286761e+00
138	2.101183e-01	5.203609e-01	1.194431e+00
139	4.985622e-01	5.414678e-01	2.818271e+00
140	4.778451e-01	5.461627e-01	2.827064e+00
141	4.729032e-01	4.939860e-01	1.684905e+00
142	4.815895e-01	4.936478e-01	1.999511e+00
143	4.793371e-01	5.552798e-01	1.956522e+00
144	4.002958e-01	4.340539e-01	2.323889e+00
145	4.812744e-01	5.346863e-01	2.501710e+00
146	2.963527e-01	4.648872e-01	2.395213e+00
147	5.112413e-01	5.499919e-01	2.719590e+00
148	4.821534e-01	5.263182e-01	2.937469e+00
149	4.872247e-01	6.261763e-01	2.803615e+00
150	3.675622e-01	3.892716e-01	1.794333e+00
151	5.011534e-01	5.237279e-01	2.611138e+00
152	5.106312e-01	5.436952e-01	1.724963e+00
153	5.094910e-01	5.223965e-01	1.983879e+00
154	4.833347e-01	5.240293e-01	2.181241e+00
155	4.843279e-01	5.262651e-01	1.295066e+00
156	4.583734e-01	3.636707e-01	1.970200e+00
157	5.151670e-01	5.217470e-01	2.387396e+00
158	4.015773e-01	5.368163e-01	2.386419e+00
159	4.211460e-01	3.416990e-01	2.647289e+00
160	4.875130e-01	5.015228e-01	1.686859e+00
161	5.093142e-01	5.009868e-01	1.553981e+00
162	5.127125e-01	4.793983e-01	1.764045e+00
163	4.818919e-01	2.906939e-01	1.632145e+00
164	4.812745e-01	5.259121e-01	1.235467e+00
165	4.802137e-01	5.389628e-01	2.251588e+00
166	5.104583e-01	5.057707e-01	1.751343e+00
167	3.920850e-01	5.489225e-01	1.715193e+00
168	4.807967e-01	5.244443e-01	2.109917e+00
169	4.819000e-01	5.310208e-01	2.137274e+00
170	4.302032e-01	5.081405e-01	2.099170e+00
171	4.803258e-01	4.753759e-01	2.057157e+00
172	4.633832e-01	5.192674e-01	2.246702e+00
173	4.669088e-01	5.053489e-01	1.894968e+00
174	4.685680e-01	5.186312e-01	2.453835e+00
175	4.870994e-01	4.925982e-01	2.834880e+00
176	4.874078e-01	5.174624e-01	2.215437e+00
177	4.908977e-01	4.972382e-01	2.153884e+00
178	4.815176e-01	5.319832e-01	2.475330e+00
179	5.857485e-01	6.608364e-01	1.274548e+00
180	5.033761e-01	5.050156e-01	2.127504e+00
181	4.649164e-01	5.220646e-01	1.790425e+00
182	7.472607e-01	6.665109e-01	1.736688e+00
183	4.649847e-01	6.428788e-01	1.692721e+00
184	4.624858e-01	5.745796e-01	2.042501e+00
185	4.567798e-01	6.401786e-01	1.468979e+00
186	4.617112e-01	5.200996e-01	1.784563e+00
187	9.461215e-01	8.466715e-01	2.653151e+00
188	4.754563e-01	5.245130e-01	1.839277e+00
189	4.875798e-01	5.140802e-01	1.175867e+00
190	5.300691e-01	4.984285e-01	2.807523e+00
191	6.754662e-01	3.561703e-01	2.811431e+00
192	4.897825e-01	5.218515e-01	1.192477e+00
193	1.477405e-01	5.170191e-01	1.620420e+00
194	1.665547e-01	5.591758e-01	2.624817e+00
195	4.842025e-01	5.249899e-01	2.806546e+00
196	5.720715e-01	3.702611e-01	1.763068e+00
197	2.778102e-01	1.391327e-01	2.060088e+00
198	3.234310e-01	6.442944e-01	2.458720e+00
199	4.512914e-01	5.930273e-01	2.463605e+00
200	2.651843e-01	3.031425e-01	1.141671e+00
201	4.866498e-01	5.372869e-01	1.146556e+00
202	4.541087e-01	5.799254e-01	1.395701e+00
203	4.516534e-01	5.291785e-01	1.755252e+00
204	4.556281e-01	5.404948e-01	2.901319e+00
205	4.423933e-01	6.373863e-01	2.123596e+00
206	2.802044e-01	3.154254e-01	1.652662e+00
207	4.773699e-01	5.237138e-01	1.199316e+00
208	4.766695e-01	4.928888e-01	2.170493e+00
209	5.937730e-01	6.761750e-01	2.733268e+00
210	3.972587e-01	3.568301e-01	1.545188e+00
211	5.165760e-01	5.201971e-01	1.376160e+00
212	4.700357e-01	5.306889e-01	1.621397e+00
213	4.743699e-01	5.235946e-01	1.883244e+00
214	4.809355e-01	5.159172e-01	1.612604e+00
215	5.080704e-01	5.413425e-01	2.909135e+00
216	4.909415e-01	4.965277e-01	1.354665e+00
217	4.653701e-01	5.213324e-01	2.770396e+00
218	2.994596e-01	4.480372e-01	2.148999e+00
219	4.777582e-01	4.966134e-01	2.624817e+00
220	5.010541e-01	5.147402e-01	2.697118e+00
221	4.607707e-01	5.210237e-01	1.938935e+00
222	7.806249e-01	4.931111e-01	1.854910e+00
223	5.560391e-01	6.178105e-01	2.625794e+00
224	4.625981e-01	4.032235e-01	2.984367e+00
225	4.793439e-01	4.555633e-01	2.693210e+00
226	4.806177e-01	5.400404e-01	2.276014e+00
227	4.674390e-01	4.811364e-01	1.245237e+00
228	4.806938e-01	5.330852e-01	1.489497e+00
229	4.735836e-01	5.277813e-01	2.305325e+00
230	4.632494e-01	5.408009e-01	2.689301e+00
231	4.572066e-01	5.272957e-01	1.346849e+00
232	4.756035e-01	5.197853e-01	2.447973e+00
233	4.768197e-01	5.201968e-01	1.591109e+00
234	2.240337e-01	5.445779e-01	1.931119e+00
235	4.923358e-01	5.112782e-01	2.687347e+00
236	4.829257e-01	5.272919e-01	2.787982e+00
237	4.899311e-01	4.925051e-01	1.510015e+00
238	4.573086e-01	5.437969e-01	2.193942e+00
239	4.622229e-01	5.420322e-01	2.918906e+00
240	4.793976e-01	5.171909e-01	1.734734e+00
241	4.943783e-01	5.331768e-01	1.119199e+00
242	5.662015e-01	5.340369e-01	1.631168e+00
243	3.948684e-01	4.480559e-01	1.258915e+00
244	4.944286e-01	5.081665e-01	2.458720e+00
245	5.060612e-01	5.471283e-01	2.134343e+00
246	4.810573e-01	5.249331e-01	2.662921e+00
247	4.956057e-01	5.011688e-01	2.924768e+00
248	3.602226e-01	4.451296e-01	2.983390e+00
249	6.940875e-01	4.739057e-02	2.305325e+00
250	6.854863e-01	2.030328e-01	2.763556e+00
251	6.575617e-01	1.095212e-01	2.374695e+00
252	5.167961e-01	5.165070e-01	1.703468e+00
253	3.677089e-01	3.890993e-01	1.246214e+00
254	5.884742e-01	3.305152e-01	2.925745e+00
255	4.844521e-01	5.019156e-01	1.857841e+00
256	4.914815e-01	4.947831e-01	2.601368e+00
257	4.822288e-01	5.462712e-01	2.413776e+00
258	5.127630e-01	5.148103e-01	2.569126e+00
259	1.804402e-01	5.374903e-01	1.865657e+00
260	4.819751e-01	5.244222e-01	2.574988e+00
261	4.957178e-01	4.934873e-01	1.598925e+00
262	7.014256e-01	5.328072e-01	2.264289e+00
263	5.809092e-01	4.872367e-01	1.176844e+00
264	5.241594e-01	4.046429e-01	1.061553e+00
265	4.927234e-01	5.041357e-01	2.526136e+00
266	4.786719e-01	4.785978e-01	1.928188e+00
267	4.964010e-01	5.109268e-01	2.006351e+00
268	4.847232e-01	5.148328e-01	1.041036e+00
269	4.213111e-01	4.827916e-01	1.793356e+00
270	4.403523e-01	6.117459e-01	1.860772e+00
271	4.571145e-01	4.764882e-01	1.389839e+00
272	4.898763e-01	5.165561e-01	1.052760e+00
273	4.397755e-01	6.131982e-01	1.156326e+00
274	5.360995e-01	6.416213e-01	1.981925e+00
275	7.295659e-01	7.619020e-01	2.256473e+00
276	4.882437e-01	5.290378e-01	2.368832e+00
277	5.106523e-01	5.155657e-01	2.024915e+00
278	7.010906e-01	7.490689e-01	1.266732e+00
279	5.049034e-01	5.011878e-01	1.348803e+00
280	5.113510e-01	6.305675e-01	2.472399e+00
281	6.185941e-01	4.600084e-01	2.288715e+00
282	4.807485e-01	5.330435e-01	2.745970e+00
283	4.790911e-01	5.131222e-01	2.490962e+00
284	5.287703e-01	6.346024e-01	2.515388e+00
285	5.753145e-01	6.987062e-01	1.545188e+00
286	4.752122e-01	5.428593e-01	2.662921e+00
287	4.779081e-01	5.307448e-01	2.264289e+00
288	4.907510e-01	5.456640e-01	2.905227e+00
289	5.560625e-01	5.965139e-01	1.058622e+00
290	4.996280e-01	5.191645e-01	2.152907e+00
291	7.405886e-01	8.690816e-02	2.784074e+00
292	4.918737e-01	5.163101e-01	2.445042e+00
293	2.163752e-01	3.491725e-01	2.852467e+00
294	4.827866e-01	5.266227e-01	2.070835e+00
295	4.122009e-01	4.257072e-01	1.406448e+00
296	4.139616e-01	8.146732e-01	1.751343e+00
297	4.636071e-01	5.142666e-01	2.077675e+00
298	2.098604e-01	4.091758e-01	1.601856e+00
299	4.680961e-01	5.427222e-01	2.048363e+00
300	5.508570e-01	5.998033e-01	2.781143e+00
301	4.848289e-01	5.251558e-01	2.779189e+00
302	4.502195e-01	5.897122e-01	2.617978e+00
303	4.044310e-01	6.334205e-01	1.698583e+00
304	2.181924e-01	3.898419e-01	1.948705e+00
305	4.799627e-01	5.385746e-01	1.416219e+00
306	3.650929e-01	2.325194e-01	1.745481e+00
307	4.873554e-01	4.920997e-01	2.291646e+00
308	2.788406e-02	3.888751e-01	1.868588e+00
309	4.794941e-01	4.711768e-01	2.511480e+00
310	4.775870e-01	4.933848e-01	2.596483e+00
311	4.736330e-01	4.741142e-01	2.855398e+00
312	4.918448e-01	5.403906e-01	1.312653e+00
313	4.372933e-01	6.199408e-01	1.787494e+00
314	4.834668e-01	5.262262e-01	2.252565e+00
315	4.768692e-01	5.329666e-01	1.978017e+00
316	4.889282e-01	5.305175e-01	2.965804e+00
317	4.910344e-01	4.994574e-01	2.221299e+00
318	6.631449e-01	3.737253e-01	1.701514e+00
319	4.817386e-01	4.848883e-01	1.135809e+00
320	4.968202e-01	5.450046e-01	2.997069e+00
321	7.103712e-01	4.476187e-02	2.470445e+00
322	5.495996e-01	6.243076e-01	2.362970e+00
323	4.765296e-01	5.422538e-01	2.553493e+00
324	4.810409e-01	5.243676e-01	1.347826e+00
325	1.727020e-01	5.361951e-02	2.896434e+00
326	4.766425e-01	5.265746e-01	1.857841e+00
327	5.810626e-01	5.293241e-01	1.669272e+00
328	4.739630e-01	5.050949e-01	1.726917e+00
329	4.534096e-01	5.643206e-01	2.604299e+00
330	4.750499e-01	5.155328e-01	2.089399e+00
331	4.605528e-01	5.178782e-01	1.552027e+00
332	4.811818e-01	4.699019e-01	1.769907e+00
333	4.880690e-01	4.931992e-01	1.382022e+00
334	4.369542e-01	6.245886e-01	2.510503e+00
335	4.511250e-01	5.154695e-01	1.640938e+00
336	4.985245e-01	4.957171e-01	2.933561e+00
337	4.846038e-01	5.244925e-01	1.033219e+00
338	5.445540e-01	5.287187e-01	1.408403e+00
339	4.943346e-01	5.117858e-01	2.767465e+00
340	4.803304e-01	5.383006e-01	1.526624e+00
341	4.483592e-01	6.134969e-01	1.456277e+00
342	4.597175e-01	5.104004e-01	1.054714e+00
343	5.613328e-01	4.688284e-01	2.601368e+00
344	5.329482e-01	6.478694e-01	2.193942e+00
345	8.144986e-01	1.742573e-01	2.321935e+00
346	4.765611e-01	5.259515e-01	1.564729e+00
347	5.049820e-01	5.294948e-01	1.679043e+00
348	5.774001e-01	6.682657e-01	2.034685e+00
349	4.617869e-01	5.097230e-01	2.564240e+00
350	3.821980e-01	3.132966e-01	2.311187e+00
351	5.708642e-01	4.676981e-01	1.297997e+00
352	4.946256e-01	5.057546e-01	2.873962e+00
353	6.076980e-01	4.209085e-01	2.202736e+00
354	4.814017e-01	5.319793e-01	2.653151e+00
355	3.673843e-01	2.531540e-01	2.461651e+00
356	4.911592e-01	4.957179e-01	1.679043e+00
357	5.134370e-01	5.742713e-01	2.991207e+00
358	4.263366e-01	5.803805e-01	2.857352e+00
359	4.834513e-01	4.536223e-01	1.913532e+00
360	3.491749e-01	3.658119e-01	1.216903e+00
361	2.734346e-01	7.649301e-01	1.214949e+00
362	3.965215e-01	4.227740e-01	1.005862e+00
363	4.888055e-01	5.365858e-01	2.227162e+00
364	5.081377e-01	5.063286e-01	1.723009e+00
365	4.175591e-01	8.740739e-01	1.491451e+00
366	6.224626e-01	5.276849e-01	1.692721e+00
367	4.636928e-01	4.969375e-01	1.154372e+00
368	4.918546e-01	5.110843e-01	1.851001e+00
369	4.858253e-01	5.220723e-01	2.418661e+00
370	4.314459e-01	5.097826e-01	1.874450e+00
371	4.606036e-01	4.756092e-01	1.591109e+00
372	4.502183e-01	5.106370e-01	2.199805e+00
373	6.870448e-01	6.917877e-01	2.208598e+00
374	4.779436e-01	5.159067e-01	1.322423e+00
375	4.146409e-01	6.216024e-01	2.361016e+00
376	5.126647e-01	5.124559e-01	1.815828e+00
377	4.833428e-01	5.265687e-01	1.328285e+00
378	4.933403e-01	5.108658e-01	1.883244e+00
379	8.394454e-01	9.348776e-01	1.599902e+00
380	5.930854e-01	3.096060e-01	2.343429e+00
381	5.044749e-01	5.056974e-01	1.835369e+00
382	1.370989e-01	8.624764e-01	1.065462e+00
383	3.410164e-01	5.424344e-01	1.698583e+00
384	5.828492e-01	5.734675e-01	2.761602e+00
385	7.264439e-01	3.673621e-01	1.961407e+00
386	5.803997e-01	5.294894e-01	2.449927e+00
387	4.591498e-01	5.313911e-01	2.669761e+00
388	5.457391e-01	5.630242e-01	2.597460e+00
389	4.914148e-01	4.922056e-01	2.960918e+00
390	4.880794e-01	4.928021e-01	1.655594e+00
391	4.816662e-01	4.899640e-01	2.572057e+00
392	4.902844e-01	4.960714e-01	1.234489e+00
393	4.605694e-01	5.192362e-01	1.607719e+00
394	4.811562e-01	5.257604e-01	2.643381e+00
395	3.316408e-01	8.084996e-01	1.233512e+00
396	1.508333e-01	3.325931e-01	2.058134e+00
397	7.400464e-01	5.513595e-01	1.083048e+00
398	2.025952e-01	3.526847e-01	2.453835e+00
399	4.512986e-01	5.191157e-01	2.169516e+00
400	5.063565e-01	4.697218e-01	1.634099e+00
401	6.311757e-01	4.209951e-01	1.314607e+00
402	4.705267e-01	5.313631e-01	2.292623e+00
403	3.383666e-01	3.596828e-01	1.759160e+00
404	4.418729e-01	4.793981e-01	2.942355e+00
405	5.193252e-01	4.283513e-01	1.358574e+00
406	4.659345e-01	5.394270e-01	1.474841e+00
407	3.315277e-01	1.426767e-01	2.850513e+00
408	3.693530e-01	5.405354e-01	2.543723e+00
409	4.757987e-01	4.942860e-01	1.170005e+00
410	4.752283e-01	5.016532e-01	2.011236e+00
411	5.446816e-01	5.303421e-01	2.982413e+00
412	9.603592e-02	4.336927e-01	1.578407e+00
413	5.209861e-01	4.170572e-01	2.904250e+00
414	4.910153e-01	4.948904e-01	2.948217e+00
415	4.851405e-01	5.273038e-01	1.856864e+00
416	4.821145e-01	4.923912e-01	1.780655e+00
417	5.018768e-01	5.260885e-01	1.223742e+00
418	5.080397e-01	5.428721e-01	2.928676e+00
419	4.585557e-01	5.027753e-01	1.055691e+00
420	5.078680e-01	5.412282e-01	2.823156e+00
421	4.827358e-01	5.249493e-01	2.886663e+00
422	4.788363e-01	5.130230e-01	1.391793e+00
423	6.267401e-01	3.867688e-01	1.467025e+00
424	4.850357e-01	4.920956e-01	1.512946e+00
425	3.316415e-01	1.746353e-01	1.960430e+00
426	3.251288e-01	1.777206e-01	2.254519e+00
427	5.553704e-01	6.192760e-01	2.899365e+00
428	4.478874e-01	5.214506e-01	1.247191e+00
429	4.587198e-01	5.173952e-01	1.802149e+00
430	4.600392e-01	5.330725e-01	1.663410e+00
431	5.443401e-01	6.204740e-01	2.556424e+00
432	3.232952e-01	1.629715e-01	2.947240e+00
433	4.562000e-01	5.176301e-01	2.475330e+00
434	4.831407e-01	5.239183e-01	2.923791e+00
435	3.876799e-01	4.973365e-01	2.906204e+00
436	4.538074e-02	9.135269e-01	2.668784e+00
437	4.768376e-01	4.933311e-01	2.476307e+00
438	4.334576e-01	4.930867e-01	2.065950e+00
439	4.822967e-01	5.251071e-01	1.983879e+00
440	4.864328e-01	5.367163e-01	1.637030e+00
441	3.237830e-01	5.598453e-01	1.338056e+00
442	4.898716e-01	6.018603e-01	2.406937e+00
443	1.765717e-01	5.619189e-01	1.422081e+00
444	4.712375e-01	5.531590e-01	2.956033e+00
445	4.799433e-01	5.347070e-01	2.601368e+00
446	5.316018e-01	3.708532e-01	1.846116e+00
447	4.802075e-01	5.429555e-01	1.264778e+00
448	4.889892e-01	4.291753e-01	1.119199e+00
449	4.818098e-01	4.921013e-01	1.956522e+00
450	1.963820e-01	3.397681e-01	2.971666e+00
451	4.850731e-01	5.233520e-01	2.149976e+00
452	5.096383e-01	5.351577e-01	1.574499e+00
453	5.658985e-01	3.385446e-01	1.775769e+00
454	9.420068e-01	6.470405e-01	1.542257e+00
455	4.937311e-01	5.026019e-01	2.984367e+00
456	4.877514e-01	5.063393e-01	1.577430e+00
457	4.247009e-01	5.378381e-01	2.955056e+00
458	4.529176e-01	5.116582e-01	2.865169e+00
459	4.413583e-01	4.288709e-01	1.672203e+00
460	6.995045e-01	7.542807e-01	1.198339e+00
461	5.561755e-01	6.910508e-01	2.513434e+00
462	5.441881e-01	3.298213e-01	1.853933e+00
463	4.721965e-01	4.973603e-01	2.858329e+00
464	5.806671e-01	5.294707e-01	1.574499e+00
465	4.504401e-01	5.024230e-01	1.432829e+00
466	4.957514e-01	5.253236e-01	1.500244e+00
467	4.260555e-01	6.784450e-01	1.323400e+00
468	4.565887e-01	5.286747e-01	2.147044e+00
469	5.091655e-01	5.404298e-01	2.698095e+00
470	4.681770e-01	5.229470e-01	1.364436e+00
471	4.844281e-01	4.030081e-01	2.076698e+00
472	4.817642e-01	5.253167e-01	2.011236e+00
473	5.902372e-01	7.755050e-01	1.215926e+00
474	4.817811e-01	5.318453e-01	2.299463e+00
475	4.898743e-01	5.331298e-01	1.683928e+00
476	4.546096e-01	5.171524e-01	2.081583e+00
477	4.643059e-01	5.004527e-01	2.350269e+00
478	2.476255e-01	2.213109e-01	2.728383e+00
479	4.483346e-01	4.465547e-01	1.194431e+00
480	3.948006e-01	4.257915e-01	2.515388e+00
481	2.714878e-01	7.427674e-01	1.865657e+00
482	6.224578e-01	6.544139e-01	1.802149e+00
483	4.986595e-01	4.724042e-01	1.367367e+00
484	4.724709e-01	5.489742e-01	1.148510e+00
485	5.891882e-01	7.758647e-01	2.427455e+00
486	5.215604e-01	4.615996e-01	2.196873e+00
487	4.857765e-01	5.288353e-01	2.386419e+00
488	4.831238e-01	5.067597e-01	1.294089e+00
489	5.010165e-01	4.996657e-01	1.687836e+00
490	4.498695e-01	5.018209e-01	1.146556e+00
491	3.178283e-01	6.094039e-01	1.597948e+00
492	4.641508e-01	5.151196e-01	2.412799e+00
493	4.685023e-01	6.103109e-01	1.227650e+00
494	3.900780e-01	4.218015e-01	2.522228e+00
495	4.799999e-01	4.748644e-01	1.437714e+00
496	4.759008e-01	5.265449e-01	1.523693e+00
497	4.160772e-01	4.691098e-01	1.221788e+00
498	5.153066e-01	6.066962e-01	1.652662e+00
499	3.858736e-01	4.170355e-01	1.269663e+00
500	4.807793e-01	5.256343e-01	2.967758e+00
501	4.949180e-01	5.255415e-01	2.546654e+00
502	6.769172e-01	5.225723e-01	1.818759e+00
503	4.814547e-01	5.041693e-01	1.919394e+00
504	4.657782e-01	5.208090e-01	2.563263e+00
505	4.487970e-01	3.712465e-01	1.451392e+00
506	5.489278e-01	5.098253e-01	1.718124e+00
507	4.931503e-01	5.060789e-01	1.207132e+00
508	4.911355e-01	4.957988e-01	1.236444e+00
509	4.809984e-01	5.173036e-01	2.622863e+00
510	5.870882e-01	5.302893e-01	2.549585e+00
511	4.812874e-01	5.249489e-01	2.966781e+00
512	4.041856e-01	4.835253e-01	2.395213e+00
513	4.795164e-01	5.248239e-01	1.534441e+00
514	4.841220e-01	6.853640e-01	1.550073e+00
515	4.456836e-01	5.726061e-01	1.610650e+00
516	3.395964e-01	6.365196e-01	1.612604e+00
517	4.863572e-01	5.181645e-01	1.086957e+00
518	2.988321e-01	4.484595e-01	2.282853e+00
519	1.098708e-01	6.962367e-02	1.573522e+00
520	5.085175e-01	5.445942e-01	2.497802e+00
521	4.688095e-01	5.386834e-01	1.752320e+00
522	3.188518e-01	2.249166e-01	1.589155e+00
523	4.946158e-01	5.535120e-01	1.209086e+00
524	4.860394e-01	5.101836e-01	2.755740e+00
525	3.872752e-01	5.286215e-01	1.499267e+00
526	4.745186e-01	5.446158e-01	1.014656e+00
527	5.595866e-01	8.444814e-01	2.891549e+00
528	4.798627e-01	5.473119e-01	2.478261e+00
529	2.604259e-01	4.010107e-01	1.898876e+00
530	4.663377e-01	5.247049e-01	1.188569e+00
531	4.808805e-01	5.390452e-01	2.785051e+00
532	4.821802e-01	5.307198e-01	2.945286e+00
533	5.019634e-01	4.902889e-01	2.458720e+00
534	5.063515e-01	5.462895e-01	2.673669e+00
535	4.529446e-01	5.274137e-01	1.399609e+00
536	4.726942e-01	4.971066e-01	2.604299e+00
537	4.820352e-01	5.264079e-01	1.529555e+00
538	4.813867e-01	5.252229e-01	2.823156e+00
539	5.440482e-01	5.822827e-01	2.826087e+00
540	4.766141e-01	5.538581e-01	2.844651e+00
541	4.976287e-01	5.152995e-01	2.290669e+00
542	4.734383e-01	5.000264e-01	2.570103e+00
543	4.685802e-01	4.986126e-01	2.396190e+00
544	5.537409e-01	5.401273e-01	1.318515e+00
545	4.738351e-01	5.209617e-01	2.605276e+00
546	2.932366e-01	3.741538e-01	2.683439e+00
547	6.191961e-01	5.710618e-01	1.587201e+00
548	4.322758e-01	4.139268e-01	1.375183e+00
549	4.666057e-01	4.816271e-01	2.298486e+00
550	5.763755e-01	6.617719e-01	1.285296e+00
551	4.826197e-01	5.278027e-01	2.983390e+00
552	7.799287e-01	6.009013e-01	1.195408e+00
553	4.799482e-01	4.946138e-01	2.414753e+00
554	6.343682e-01	4.216283e-01	1.843185e+00
555	5.923340e-01	5.344457e-01	2.396190e+00
556	2.012935e-01	5.122261e-01	3.000000e+00
557	4.735291e-01	4.942600e-01	2.728383e+00
558	1.404908e-01	4.467858e-01	1.133854e+00
559	4.922885e-01	5.156390e-01	1.944797e+00
560	5.067264e-01	5.450768e-01	2.883732e+00
561	5.441498e-01	3.299342e-01	2.383488e+00
562	3.907760e-01	5.457320e-01	2.506595e+00
563	4.695979e-01	5.524239e-01	1.786517e+00
564	5.734653e-01	5.343996e-01	2.893503e+00
565	4.897194e-01	5.234044e-01	2.981436e+00
566	5.084259e-01	6.212892e-01	2.663898e+00
567	4.595273e-01	5.279625e-01	2.227162e+00
568	5.003695e-01	5.261689e-01	1.527601e+00
569	4.398505e-01	4.559111e-01	2.610161e+00
570	2.713584e-01	6.615257e-01	1.058622e+00
571	4.869069e-01	4.922617e-01	2.782120e+00
572	3.404208e-01	8.712331e-01	1.518808e+00
573	4.668672e-01	4.977504e-01	2.109917e+00
574	4.897852e-01	4.921041e-01	2.074744e+00
575	4.856972e-01	5.527721e-01	2.319003e+00
576	5.316838e-01	5.992775e-01	1.290181e+00
577	4.668307e-01	4.980083e-01	1.286273e+00
578	5.004776e-01	5.017239e-01	1.881290e+00
579	4.957386e-01	5.086435e-01	1.664387e+00
580	1.739713e-01	9.819984e-01	1.242306e+00
581	4.886389e-01	5.181340e-01	1.927211e+00
582	4.849302e-01	5.230040e-01	2.820225e+00
583	3.700741e-01	2.924449e-01	2.792868e+00
584	4.671538e-01	5.283144e-01	1.201270e+00
585	4.801126e-01	4.892427e-01	1.898876e+00
586	4.847884e-01	5.238340e-01	1.782609e+00
587	4.611142e-01	5.475741e-01	1.561798e+00
588	4.846509e-01	5.276205e-01	2.282853e+00
589	4.850249e-01	5.086872e-01	2.210552e+00
590	4.805511e-01	5.166559e-01	1.020518e+00
591	4.781228e-01	5.536918e-01	1.784563e+00
592	4.823166e-01	5.310232e-01	1.275525e+00
593	4.550272e-01	5.029779e-01	1.212995e+00
594	4.503009e-01	5.964781e-01	2.964827e+00
595	4.862330e-01	5.038175e-01	2.079629e+00
596	3.602011e-01	6.148301e-01	1.187592e+00
597	4.708880e-01	5.044335e-01	1.258915e+00
598	4.740052e-01	5.524728e-01	1.999511e+00
599	4.844457e-01	5.246245e-01	1.264778e+00
600	4.855522e-01	4.976328e-01	1.110405e+00
601	5.622972e-01	6.329674e-01	1.107474e+00
602	6.074447e-01	3.875666e-01	1.070347e+00
603	4.930295e-01	5.311215e-01	2.400098e+00
604	4.834423e-01	5.234969e-01	2.871031e+00
605	4.896114e-01	5.239196e-01	2.739130e+00
606	4.498699e-01	5.096995e-01	2.061065e+00
607	6.638184e-01	6.677904e-01	1.073278e+00
608	4.600136e-01	5.298454e-01	2.799707e+00
609	4.778628e-01	5.230791e-01	2.010259e+00
610	4.563626e-01	4.823110e-01	1.700537e+00
611	4.881516e-01	4.927931e-01	1.339033e+00
612	1.885511e-01	5.295552e-01	2.227162e+00
613	1.760705e-01	4.380519e-01	2.482169e+00
614	4.542946e-01	5.056051e-01	2.958964e+00
615	4.907632e-01	5.328232e-01	1.443576e+00
616	5.008025e-01	5.169697e-01	2.381534e+00
617	2.714543e-01	4.280699e-01	1.971177e+00
618	4.910209e-01	4.964451e-01	2.960918e+00
619	2.103760e-01	2.015096e-02	1.812897e+00
620	6.176228e-01	5.931943e-01	1.170982e+00
621	4.727036e-01	5.079970e-01	1.277479e+00
622	3.739321e-01	6.304754e-01	1.176844e+00
623	2.736443e-01	3.853463e-01	1.636053e+00
624	4.494588e-01	5.911997e-01	2.336590e+00
625	4.901583e-01	5.165028e-01	1.343918e+00
626	4.767669e-01	4.935817e-01	1.905716e+00
627	4.532768e-01	5.031886e-01	1.784563e+00
628	4.974782e-01	4.935702e-01	2.063996e+00
629	4.940069e-01	5.280451e-01	2.497802e+00
630	1.901663e-01	5.120545e-01	2.870054e+00
631	4.756922e-01	5.006505e-01	1.729849e+00
632	4.319914e-01	3.794187e-01	2.290669e+00
633	4.835299e-01	5.256215e-01	2.841720e+00
634	4.838729e-01	5.252932e-01	2.195896e+00
635	5.091712e-01	6.210003e-01	1.601856e+00
636	4.852619e-01	5.334076e-01	2.449927e+00
637	4.570520e-01	5.046236e-01	1.462140e+00
638	4.850715e-01	5.259111e-01	2.041524e+00
639	4.823802e-01	5.272424e-01	2.061065e+00
640	5.226665e-01	7.310470e-01	2.130435e+00
641	3.540747e-01	7.228608e-01	2.205667e+00
642	4.895511e-01	5.207996e-01	2.184172e+00
643	4.604982e-01	5.139269e-01	2.747924e+00
644	3.679558e-01	5.847766e-01	2.909135e+00
645	4.863549e-01	5.186171e-01	2.777235e+00
646	4.946242e-01	5.068847e-01	1.295066e+00
647	4.997538e-01	5.209957e-01	1.050806e+00
648	4.367663e-01	6.248335e-01	1.191500e+00
649	5.030051e-01	5.127026e-01	1.198339e+00
650	4.472883e-01	5.201261e-01	2.656082e+00
651	4.711478e-01	4.982318e-01	1.692721e+00
652	3.435475e-01	7.404035e-01	2.330728e+00
653	4.870279e-01	4.918886e-01	1.906693e+00
654	5.145287e-01	5.048851e-01	2.192965e+00
655	4.544365e-01	5.580208e-01	1.200293e+00
656	4.577757e-01	5.085903e-01	2.361016e+00
657	3.792239e-01	4.347777e-01	2.080606e+00
658	4.952901e-01	5.250383e-01	2.017098e+00
659	4.805568e-01	5.181267e-01	2.191011e+00
660	3.335578e-01	1.463646e-01	1.667318e+00
661	3.787936e-01	4.349139e-01	2.229116e+00
662	3.297289e-01	5.006472e-01	1.188569e+00
663	4.781731e-01	5.243868e-01	2.714704e+00
664	4.555967e-01	5.396734e-01	1.979971e+00
665	3.881047e-01	5.897422e-01	2.954079e+00
666	5.019784e-01	5.212436e-02	1.803127e+00
667	4.710544e-01	4.998390e-01	1.039082e+00
668	5.298796e-02	5.664051e-01	1.893014e+00
669	5.559025e-01	6.175345e-01	1.778701e+00
670	1.687515e-01	9.328266e-01	1.807035e+00
671	4.847002e-01	5.015256e-01	1.102589e+00
672	3.211646e-01	5.151887e-01	1.879336e+00
673	5.165984e-01	5.314675e-01	1.984856e+00
674	4.827597e-01	5.259759e-01	2.238886e+00
675	4.798991e-01	5.207975e-01	2.868100e+00
676	4.804148e-01	5.226281e-01	2.748901e+00
677	3.635130e-01	4.264027e-01	1.578407e+00
678	4.814143e-01	5.162066e-01	1.621397e+00
679	4.808617e-01	5.267529e-01	2.657059e+00
680	5.078678e-01	4.986667e-01	2.404983e+00
681	5.362278e-01	6.037301e-01	2.272106e+00
682	4.533857e-01	5.371907e-01	1.463117e+00
683	4.963620e-01	5.104299e-01	2.316072e+00
684	4.891901e-01	5.220263e-01	2.334636e+00
685	5.399803e-01	5.284749e-01	1.365413e+00
686	3.712945e-01	5.988435e-01	2.105032e+00
687	4.140415e-01	5.711136e-01	1.339033e+00
688	4.533869e-01	5.309384e-01	2.932584e+00
689	4.820559e-01	5.317603e-01	2.378603e+00
690	4.846399e-01	5.255803e-01	1.833415e+00
691	2.024195e-01	5.016655e-01	1.663410e+00
692	5.180319e-01	5.225870e-01	2.251588e+00
693	3.785689e-01	5.986500e-01	1.766976e+00
694	3.221640e-01	2.891970e-01	1.575476e+00
695	3.165523e-01	7.929565e-01	2.771373e+00
696	4.948545e-01	5.317903e-01	2.787005e+00
697	4.852222e-01	5.209622e-01	1.959453e+00
698	4.788272e-01	4.956854e-01	2.187103e+00
699	4.819768e-01	5.243050e-01	2.430386e+00
700	5.217685e-01	4.224503e-01	2.679531e+00
701	4.967290e-01	5.468328e-01	2.191988e+00
702	5.209503e-01	4.233875e-01	2.945286e+00
703	4.654204e-01	5.212196e-01	2.793845e+00
704	4.610087e-01	4.980248e-01	2.132389e+00
705	4.035835e-01	3.175609e-01	1.627259e+00
706	4.819641e-01	5.109141e-01	1.623351e+00
707	5.137471e-01	5.348222e-01	2.772350e+00
708	4.928722e-01	5.144286e-01	1.552027e+00
709	7.371175e-01	4.880735e-01	1.180752e+00
710	4.672985e-01	5.445989e-01	1.632145e+00
711	1.001976e-01	1.342091e-01	1.680997e+00
712	5.850830e-01	6.698102e-01	2.828041e+00
713	7.395982e-01	4.015559e-01	1.703468e+00
714	5.667379e-01	4.554780e-01	1.471910e+00
715	5.101047e-01	4.996954e-01	2.368832e+00
716	5.044924e-01	5.160368e-01	1.961407e+00
717	4.836796e-01	5.243387e-01	1.756229e+00
718	4.612111e-01	5.254862e-01	2.987298e+00
719	4.949168e-01	5.251088e-01	2.332682e+00
720	4.677222e-01	5.221511e-01	1.097704e+00
721	4.793714e-01	6.663609e-01	1.954568e+00
722	4.853422e-01	5.250024e-01	1.704446e+00
723	4.817965e-01	5.269632e-01	1.853933e+00
724	5.211243e-01	4.198979e-01	2.829995e+00
725	5.095383e-01	5.397467e-01	2.232047e+00
726	4.587402e-01	5.429861e-01	2.587689e+00
727	7.666157e-01	5.088789e-01	2.698095e+00
728	4.889031e-01	7.213545e-01	1.896922e+00
729	4.827679e-01	4.208045e-01	1.212995e+00
730	6.679240e-01	5.186537e-01	1.502198e+00
731	4.842185e-01	5.268387e-01	2.614069e+00
732	3.926712e-01	4.262174e-01	2.880801e+00
733	4.688639e-01	5.149861e-01	1.956522e+00
734	5.192839e-01	4.164456e-01	2.745970e+00
735	1.478790e-01	9.509090e-01	1.179775e+00
736	4.306719e-01	5.077281e-01	1.935027e+00
737	4.540914e-01	5.254877e-01	1.975085e+00
738	4.969568e-01	5.014257e-01	1.067416e+00
739	4.378819e-01	4.906344e-01	2.024915e+00
740	3.200737e-01	2.917181e-01	2.810454e+00
741	4.544753e-01	5.598464e-01	2.428432e+00
742	5.087842e-01	5.449786e-01	1.957499e+00
743	4.226691e-01	6.653038e-01	2.306302e+00
744	5.072177e-01	5.219205e-01	2.557401e+00
745	4.633594e-01	5.494349e-01	1.243283e+00
746	5.103829e-01	5.435755e-01	2.429409e+00
747	4.675718e-01	5.303313e-01	2.523205e+00
748	5.102497e-01	8.138868e-01	2.842697e+00
749	4.820920e-01	5.249603e-01	2.247680e+00
750	4.495888e-01	5.300836e-01	2.000489e+00
751	4.666237e-01	5.140193e-01	2.446019e+00
752	4.809719e-01	5.322803e-01	2.360039e+00
753	6.347032e-01	6.041884e-01	2.567171e+00
754	4.720865e-01	5.234650e-01	2.415730e+00
755	5.170483e-01	5.274572e-01	1.989741e+00
756	4.804388e-01	5.263523e-01	2.908158e+00
757	5.620166e-01	3.197478e-01	2.731314e+00
758	4.836515e-01	5.276889e-01	2.544700e+00
759	4.850710e-01	5.264624e-01	2.890572e+00
760	4.806573e-01	5.242775e-01	1.654617e+00
761	4.813533e-01	5.317867e-01	1.008793e+00
762	4.597921e-01	5.446666e-01	1.260870e+00
763	5.355047e-01	5.862650e-01	1.347826e+00
764	4.833555e-01	5.325556e-01	1.325354e+00
765	4.706689e-01	5.120023e-01	1.420127e+00
766	3.719184e-01	7.243203e-01	2.845628e+00
767	4.537372e-01	5.061280e-01	1.853933e+00
768	4.808247e-01	5.372033e-01	1.303859e+00
769	4.332162e-01	4.719591e-01	1.294089e+00
770	1.657309e-01	6.810272e-01	1.675134e+00
771	4.857953e-01	5.282249e-01	2.417684e+00
772	4.826836e-01	4.988121e-01	2.053249e+00
773	4.756700e-01	4.940186e-01	1.276502e+00
774	2.755456e-01	4.054203e-01	2.779189e+00
775	6.370212e-01	6.435014e-01	1.984856e+00
776	6.544523e-01	4.418292e-01	2.295554e+00
777	4.859217e-01	5.211678e-01	1.652662e+00
778	4.766971e-01	5.495033e-01	2.464582e+00
779	4.838804e-01	5.267486e-01	1.763068e+00
780	4.798290e-01	4.970744e-01	2.026869e+00
781	3.480716e-01	4.528899e-01	1.160234e+00
782	7.464227e-01	3.931431e-01	2.302394e+00
783	4.546752e-01	5.392352e-01	1.384954e+00
784	4.831564e-01	5.252879e-01	2.598437e+00
785	4.219791e-01	5.537723e-01	2.130435e+00
786	4.594817e-01	5.262311e-01	1.690767e+00
787	5.132756e-01	5.152656e-01	1.940889e+00
788	4.798707e-01	5.428617e-01	2.099170e+00
