766
0	4.062765e-01	3.809975e-01	1.398632e+00
1	4.018260e-01	6.379476e-01	1.108451e+00
2	4.500581e-01	5.439265e-01	2.925745e+00
3	4.714354e-01	4.674147e-01	2.732291e+00
4	4.287318e-01	6.874893e-01	1.257938e+00
5	4.263882e-01	5.744877e-01	2.424524e+00
6	7.049640e-01	8.058584e-01	1.383000e+00
7	4.858450e-01	5.400396e-01	2.705911e+00
8	4.635214e-01	5.269636e-01	2.442110e+00
9	4.694333e-01	5.144715e-01	2.233024e+00
10	4.981030e-01	4.681744e-01	2.376649e+00
11	4.804785e-01	5.211623e-01	1.556913e+00
12	4.419716e-01	6.664920e-01	2.950171e+00
13	3.397143e-01	5.519532e-01	1.066439e+00
14	4.689524e-01	5.123852e-01	1.626282e+00
15	3.258232e-01	6.388323e-01	1.306790e+00
16	4.709710e-01	5.162889e-01	2.902296e+00
17	6.751402e-01	6.653147e-01	1.195408e+00
18	4.891569e-01	4.428940e-01	1.785540e+00
19	4.665706e-01	5.429667e-01	1.248168e+00
20	4.574390e-01	5.351448e-01	1.863703e+00
21	5.243177e-01	4.467042e-01	2.671715e+00
22	4.759875e-01	5.131401e-01	2.487054e+00
23	3.958911e-01	3.684678e-01	1.946751e+00
24	6.131926e-01	5.302178e-01	1.303859e+00
25	4.696487e-01	2.694404e-01	2.152907e+00
26	4.703487e-01	5.242589e-01	1.388862e+00
27	4.717583e-01	5.328491e-01	1.591109e+00
28	5.010163e-01	6.274504e-01	2.205667e+00
29	4.724198e-01	5.179416e-01	2.181241e+00
30	5.269632e-01	4.640824e-01	1.475818e+00
31	4.130066e-01	4.563030e-01	2.309233e+00
32	4.435037e-01	4.914591e-01	2.073766e+00
33	4.932113e-01	4.278070e-01	2.331705e+00
34	4.647018e-01	5.338533e-01	1.126038e+00
35	7.681589e-01	6.329449e-01	2.235955e+00
36	5.638263e-01	3.898496e-01	2.805569e+00
37	5.749425e-01	3.680736e-01	2.555447e+00
38	4.772358e-01	5.551536e-01	2.559355e+00
39	4.736927e-01	5.299804e-01	1.895945e+00
40	5.421139e-01	4.421534e-01	1.282364e+00
41	4.642219e-01	5.467695e-01	2.750855e+00
42	4.773448e-01	5.115565e-01	2.412799e+00
43	4.627275e-01	5.155961e-01	2.557401e+00
44	4.944624e-01	4.816714e-01	1.648754e+00
45	5.357992e-01	5.010273e-01	1.721055e+00
46	4.034736e-01	3.845261e-01	2.588666e+00
47	4.888385e-01	5.258496e-01	1.525647e+00
48	4.708480e-01	5.095471e-01	2.751832e+00
49	2.723560e-01	2.590276e-01	2.625794e+00
50	5.078808e-01	5.803136e-01	1.663410e+00
51	4.700458e-01	5.036352e-01	2.560332e+00
52	4.758489e-01	5.192459e-01	1.696629e+00
53	4.925054e-01	5.146459e-01	1.506106e+00
54	4.770854e-01	5.090205e-01	2.675623e+00
55	4.873378e-01	4.737462e-01	2.497802e+00
56	5.172682e-01	4.194391e-01	1.031265e+00
57	6.017505e-01	5.639981e-01	2.361993e+00
58	4.735365e-01	6.038744e-01	1.866634e+00
60	7.519918e-01	7.162397e-01	1.503175e+00
61	4.782869e-01	5.876775e-01	2.449927e+00
62	4.747248e-01	4.890023e-01	2.831949e+00
63	4.837329e-01	5.291112e-01	2.317049e+00
64	4.680766e-01	5.885164e-01	2.353200e+00
65	4.708379e-01	5.120900e-01	2.575965e+00
66	4.198350e-01	4.577047e-01	2.922814e+00
67	4.905331e-01	4.914669e-01	2.289692e+00
68	4.218905e-01	3.969248e-01	2.766488e+00
69	5.449212e-01	4.539606e-01	1.522716e+00
70	3.914798e-01	5.558597e-01	2.769419e+00
71	4.595441e-01	4.837887e-01	1.110405e+00
72	4.890601e-01	5.889284e-01	1.412311e+00
73	3.724477e-01	4.023379e-01	1.951637e+00
74	2.593865e-01	4.466360e-01	1.449438e+00
75	3.377205e-01	4.553093e-01	2.176356e+00
76	4.707736e-01	6.036705e-01	1.212995e+00
77	4.642169e-01	5.150538e-01	1.872496e+00
78	4.672450e-01	4.900285e-01	1.606742e+00
79	3.670024e-01	5.330170e-01	1.183683e+00
80	4.730617e-01	4.761406e-01	2.736199e+00
81	4.737457e-01	5.132994e-01	1.617489e+00
82	4.854586e-01	5.803278e-01	2.456766e+00
83	3.871848e-01	4.221276e-01	1.406448e+00
84	5.601447e-01	6.616741e-01	2.453835e+00
85	4.758482e-01	5.175068e-01	2.712750e+00
86	4.754064e-01	5.243787e-01	2.877870e+00
87	3.234719e-01	7.418582e-01	1.533464e+00
88	4.228794e-01	4.219368e-01	2.169516e+00
89	6.039633e-01	6.611064e-01	2.483146e+00
90	5.048158e-01	4.297219e-01	1.538349e+00
91	4.418608e-01	5.291994e-01	1.117245e+00
92	4.810650e-01	5.230468e-01	2.709819e+00
93	4.813030e-01	4.764089e-01	2.929653e+00
94	4.390888e-01	5.928244e-01	2.125550e+00
95	5.999615e-01	5.544534e-01	2.148999e+00
96	4.893034e-01	5.295212e-01	1.206155e+00
98	4.739498e-01	5.164429e-01	1.997557e+00
99	4.904714e-01	4.678006e-01	1.753298e+00
100	4.897923e-01	5.290826e-01	1.491451e+00
101	4.677972e-01	5.191989e-01	2.381534e+00
102	4.621150e-01	5.751986e-01	1.837323e+00
103	4.306026e-01	4.140189e-01	2.723498e+00
104	5.801011e-01	6.325019e-01	1.216903e+00
105	4.668517e-01	5.599614e-01	1.385931e+00
107	4.655660e-01	5.163181e-01	1.887152e+00
108	6.529245e-01	3.942696e-01	1.869565e+00
109	5.475815e-01	5.527562e-01	2.657059e+00
110	4.478775e-01	5.582333e-01	1.905716e+00
111	4.810316e-01	4.645147e-01	2.319980e+00
113	5.093335e-01	1.419180e-01	1.155349e+00
114	4.700379e-01	5.329106e-01	1.261847e+00
115	5.413660e-01	5.899379e-01	1.308745e+00
116	4.031459e-01	6.874376e-01	1.148510e+00
117	4.843243e-01	5.786890e-01	1.865657e+00
118	4.609320e-01	4.521113e-01	2.988276e+00
119	4.184179e-01	4.706999e-01	1.479726e+00
120	4.919626e-01	5.731072e-01	2.095261e+00
121	4.564155e-01	6.201611e-01	2.442110e+00
122	5.216598e-01	3.886078e-01	1.070347e+00
123	5.233762e-01	5.782944e-01	1.417196e+00
124	4.666263e-01	4.985045e-01	2.817294e+00
126	5.065718e-01	5.657853e-01	2.738153e+00
127	4.617366e-01	5.333488e-01	2.338544e+00
128	1.896577e-01	1.657776e-01	1.282364e+00
129	4.520238e-01	5.401115e-01	2.676600e+00
130	1.654046e-01	1.882110e-01	2.443087e+00
132	5.640431e-01	4.326916e-01	1.220811e+00
133	6.189453e-01	4.518496e-01	2.407914e+00
134	4.745812e-01	5.225146e-01	2.277968e+00
135	4.955612e-01	5.250157e-01	2.409868e+00
136	4.536373e-01	5.452002e-01	2.083537e+00
137	4.876315e-01	4.535878e-01	2.286761e+00
138	2.399870e-01	5.323739e-01	1.194431e+00
139	4.743150e-01	5.114784e-01	2.818271e+00
140	3.810596e-01	5.347537e-01	2.827064e+00
141	4.995473e-01	4.854429e-01	1.684905e+00
142	4.718482e-01	5.288972e-01	1.999511e+00
143	4.673986e-01	5.012273e-01	1.956522e+00
144	5.097559e-01	5.313429e-01	2.323889e+00
145	4.997965e-01	5.125482e-01	2.501710e+00
146	3.392600e-01	7.228758e-01	2.395213e+00
147	3.708309e-01	5.914880e-01	2.719590e+00
148	4.703867e-01	5.144942e-01	2.937469e+00
149	4.530783e-01	5.664406e-01	2.803615e+00
150	5.017420e-01	5.307997e-01	1.794333e+00
151	4.766283e-01	5.372836e-01	2.611138e+00
152	4.491359e-01	5.387983e-01	1.724963e+00
153	4.789358e-01	4.818065e-01	1.983879e+00
154	4.719494e-01	5.169461e-01	2.181241e+00
155	4.973346e-01	6.214336e-01	1.295066e+00
156	4.505790e-01	6.196036e-01	1.970200e+00
157	4.465334e-01	5.234121e-01	2.387396e+00
158	3.361618e-01	6.162684e-01	2.386419e+00
159	4.260560e-01	6.731188e-01	2.647289e+00
160	4.521675e-01	5.014699e-01	1.686859e+00
161	4.500678e-01	4.990213e-01	1.553981e+00
162	4.959776e-01	3.935696e-01	1.764045e+00
163	4.814007e-01	3.907428e-01	1.632145e+00
164	4.696001e-01	5.164398e-01	1.235467e+00
165	4.681093e-01	5.114160e-01	2.251588e+00
166	4.662982e-01	5.549671e-01	1.751343e+00
167	3.758509e-01	4.365191e-01	1.715193e+00
168	4.700097e-01	5.112535e-01	2.109917e+00
169	4.580828e-01	5.627618e-01	2.137274e+00
170	4.799933e-01	5.594337e-01	2.099170e+00
171	4.534243e-01	3.768152e-01	2.057157e+00
172	4.924503e-01	4.798129e-01	2.246702e+00
173	4.677203e-01	4.944495e-01	1.894968e+00
174	5.470349e-01	4.775349e-01	2.453835e+00
175	5.021366e-01	5.623722e-01	2.834880e+00
176	3.929632e-01	4.511612e-01	2.215437e+00
177	4.790739e-01	5.005138e-01	2.153884e+00
178	4.727760e-01	5.148525e-01	2.475330e+00
179	4.186212e-01	4.345610e-01	1.274548e+00
180	5.009447e-01	5.658626e-01	2.127504e+00
181	4.724051e-01	5.244395e-01	1.790425e+00
182	5.114113e-01	5.851901e-01	1.736688e+00
183	5.295583e-01	5.263472e-01	1.692721e+00
184	5.335225e-01	7.154705e-01	2.042501e+00
185	5.234170e-01	5.721371e-01	1.468979e+00
186	4.409998e-01	5.094962e-01	1.784563e+00
188	4.818760e-01	4.540847e-01	1.839277e+00
189	4.810852e-01	4.963902e-01	1.175867e+00
190	4.305944e-01	5.340708e-01	2.807523e+00
191	6.540337e-01	4.945699e-01	2.811431e+00
192	5.013581e-01	4.810858e-01	1.192477e+00
193	3.030073e-01	5.202233e-01	1.620420e+00
194	3.956939e-01	5.295556e-01	2.624817e+00
195	4.687814e-01	5.142473e-01	2.806546e+00
196	3.777797e-01	3.635666e-01	1.763068e+00
197	7.871919e-01	7.390451e-01	2.060088e+00
198	6.587036e-01	7.428805e-01	2.458720e+00
199	4.800566e-01	5.217369e-01	2.463605e+00
200	8.207820e-01	7.828467e-01	1.141671e+00
201	4.878675e-01	5.083566e-01	1.146556e+00
202	4.474295e-01	4.629306e-01	1.395701e+00
203	4.113747e-01	4.603575e-01	1.755252e+00
204	4.783765e-01	4.301748e-01	2.901319e+00
205	5.255138e-01	6.803569e-01	2.123596e+00
206	5.056618e-01	8.023033e-01	1.652662e+00
207	4.636126e-01	5.038638e-01	1.199316e+00
208	4.612281e-01	5.808896e-01	2.170493e+00
209	4.954506e-01	3.779007e-01	2.733268e+00
210	5.368804e-01	5.868549e-01	1.545188e+00
211	5.021691e-01	5.213689e-01	1.376160e+00
212	4.822146e-01	4.910154e-01	1.621397e+00
213	4.805391e-01	5.032147e-01	1.883244e+00
214	4.848621e-01	5.202134e-01	1.612604e+00
215	4.717080e-01	4.876248e-01	2.909135e+00
216	4.737313e-01	5.240707e-01	1.354665e+00
217	4.641555e-01	5.020895e-01	2.770396e+00
218	5.910106e-01	4.280456e-01	2.148999e+00
219	4.731314e-01	5.700525e-01	2.624817e+00
220	5.144089e-01	5.789927e-01	2.697118e+00
221	4.828950e-01	5.366560e-01	1.938935e+00
222	4.313452e-01	1.657551e-01	1.854910e+00
223	5.762069e-01	4.558525e-01	2.625794e+00
224	4.661819e-01	5.214611e-01	2.984367e+00
225	4.482294e-01	5.840085e-01	2.693210e+00
226	4.675161e-01	5.352407e-01	2.276014e+00
227	4.593085e-01	5.041890e-01	1.245237e+00
228	4.717179e-01	5.043711e-01	1.489497e+00
229	4.662554e-01	5.081202e-01	2.305325e+00
230	4.556438e-01	4.887796e-01	2.689301e+00
231	4.641822e-01	4.554808e-01	1.346849e+00
232	4.714489e-01	4.997663e-01	2.447973e+00
233	4.421164e-01	5.488032e-01	1.591109e+00
234	5.855183e-01	4.627228e-01	1.931119e+00
235	4.809512e-01	5.160785e-01	2.687347e+00
236	4.714806e-01	5.140933e-01	2.787982e+00
237	4.762193e-01	5.282289e-01	1.510015e+00
238	4.896180e-01	5.307783e-01	2.193942e+00
239	4.652019e-01	5.083004e-01	2.918906e+00
240	4.638522e-01	5.334945e-01	1.734734e+00
241	4.297978e-01	4.920537e-01	1.119199e+00
242	5.916266e-01	4.747745e-01	1.631168e+00
243	5.098590e-01	5.404320e-01	1.258915e+00
244	4.693651e-01	4.646586e-01	2.458720e+00
245	5.046330e-01	6.893881e-01	2.134343e+00
246	4.626688e-01	5.081365e-01	2.662921e+00
247	4.878120e-01	4.843095e-01	2.924768e+00
248	4.329548e-01	5.947992e-01	2.983390e+00
250	2.437773e-01	5.367619e-01	2.763556e+00
251	1.508533e-01	4.658211e-01	2.374695e+00
252	3.943481e-01	5.675633e-01	1.703468e+00
253	4.792915e-01	5.787108e-01	1.246214e+00
254	4.850650e-01	3.870134e-01	2.925745e+00
255	4.881600e-01	5.478964e-01	1.857841e+00
256	4.730738e-01	5.195631e-01	2.601368e+00
257	4.739512e-01	5.591600e-01	2.413776e+00
258	4.419615e-01	5.044043e-01	2.569126e+00
259	4.520735e-01	4.048627e-01	1.865657e+00
260	4.717898e-01	5.143321e-01	2.574988e+00
261	4.823869e-01	5.257735e-01	1.598925e+00
262	2.979813e-01	5.800600e-01	2.264289e+00
263	4.853603e-01	4.415902e-01	1.176844e+00
264	4.951195e-01	6.187621e-01	1.061553e+00
265	4.708188e-01	4.996072e-01	2.526136e+00
266	4.533459e-01	4.316136e-01	1.928188e+00
267	4.238336e-01	5.036250e-01	2.006351e+00
268	4.877155e-01	5.546434e-01	1.041036e+00
269	6.700512e-01	6.877974e-01	1.793356e+00
270	4.809441e-01	4.524706e-01	1.860772e+00
271	4.571207e-01	5.379128e-01	1.389839e+00
272	4.689336e-01	5.147505e-01	1.052760e+00
273	3.160605e-01	2.845603e-01	1.156326e+00
274	5.180212e-01	7.268349e-01	1.981925e+00
275	5.077953e-01	6.524964e-01	2.256473e+00
276	4.716511e-01	4.905367e-01	2.368832e+00
277	5.273186e-01	5.031908e-01	2.024915e+00
279	4.451490e-01	5.818311e-01	1.348803e+00
280	3.805231e-01	4.049710e-01	2.472399e+00
281	2.879733e-01	4.745104e-01	2.288715e+00
282	4.398785e-01	4.329948e-01	2.745970e+00
283	4.912609e-01	5.164326e-01	2.490962e+00
284	4.729051e-01	4.735980e-01	2.515388e+00
285	3.584181e-01	5.110257e-01	1.545188e+00
286	4.779492e-01	5.203356e-01	2.662921e+00
287	4.653864e-01	4.896848e-01	2.264289e+00
288	4.649955e-01	4.909688e-01	2.905227e+00
289	5.017001e-01	4.999455e-01	1.058622e+00
290	4.145900e-01	6.135451e-01	2.152907e+00
291	7.065615e-01	8.083677e-01	2.784074e+00
292	4.591293e-01	5.101615e-01	2.445042e+00
293	5.059643e-01	1.605540e-01	2.852467e+00
294	4.883059e-01	4.890983e-01	2.070835e+00
295	4.116129e-01	5.090127e-01	1.406448e+00
297	3.882302e-01	5.905701e-01	2.077675e+00
298	4.716189e-01	6.495286e-01	1.601856e+00
299	4.719884e-01	5.559998e-01	2.048363e+00
300	4.388653e-01	4.821649e-01	2.781143e+00
301	4.739606e-01	5.145766e-01	2.779189e+00
302	4.881567e-01	5.958395e-01	2.617978e+00
303	3.785052e-01	3.341331e-01	1.698583e+00
304	4.918032e-01	4.093859e-01	1.948705e+00
305	4.731600e-01	5.116208e-01	1.416219e+00
306	7.939867e-01	3.085204e-01	1.745481e+00
307	4.767935e-01	5.268779e-01	2.291646e+00
308	3.623239e-01	4.734121e-02	1.868588e+00
309	5.034660e-01	5.209307e-01	2.511480e+00
310	4.658620e-01	5.537472e-01	2.596483e+00
311	4.884929e-01	4.271010e-01	2.855398e+00
312	4.634204e-01	5.411739e-01	1.312653e+00
313	4.828615e-01	4.916499e-01	1.787494e+00
314	4.718190e-01	5.060052e-01	2.252565e+00
315	4.846680e-01	4.087994e-01	1.978017e+00
316	5.243522e-01	4.766110e-01	2.965804e+00
317	4.723331e-01	5.200554e-01	2.221299e+00
318	6.018314e-01	4.707523e-01	1.701514e+00
319	5.171288e-01	4.414090e-01	1.135809e+00
320	4.976269e-01	5.343220e-01	2.997069e+00
322	4.268900e-01	4.446274e-01	2.362970e+00
323	4.895080e-01	5.331376e-01	2.553493e+00
324	4.490860e-01	4.860598e-01	1.347826e+00
325	3.682027e-02	2.067262e-01	2.896434e+00
326	4.744823e-01	5.137902e-01	1.857841e+00
327	5.388411e-01	5.729462e-01	1.669272e+00
328	4.819327e-01	4.788383e-01	1.726917e+00
329	4.739868e-01	5.516185e-01	2.604299e+00
330	4.282870e-01	4.875449e-01	2.089399e+00
331	5.262359e-01	4.914686e-01	1.552027e+00
332	4.602595e-01	5.461459e-01	1.769907e+00
333	4.710134e-01	4.204850e-01	1.382022e+00
334	5.434389e-01	6.728823e-01	2.510503e+00
335	4.279287e-01	5.492010e-01	1.640938e+00
336	4.726854e-01	5.323790e-01	2.933561e+00
337	5.956494e-01	5.119257e-01	1.033219e+00
338	4.919608e-01	6.090851e-01	1.408403e+00
339	4.762695e-01	4.864688e-01	2.767465e+00
340	4.602785e-01	5.241439e-01	1.526624e+00
341	4.579752e-01	5.155239e-01	1.456277e+00
342	4.688614e-01	5.577874e-01	1.054714e+00
343	4.340722e-01	4.965032e-01	2.601368e+00
344	4.696565e-01	4.816539e-01	2.193942e+00
346	4.782014e-01	5.424268e-01	1.564729e+00
347	4.901464e-01	5.313404e-01	1.679043e+00
348	5.783733e-01	5.264668e-01	2.034685e+00
349	4.677146e-01	5.248350e-01	2.564240e+00
350	4.825030e-01	4.870623e-01	2.311187e+00
351	4.387089e-01	4.603106e-01	1.297997e+00
352	4.666268e-01	5.354165e-01	2.873962e+00
353	4.678986e-01	6.356515e-01	2.202736e+00
354	4.694423e-01	5.127595e-01	2.653151e+00
355	3.706677e-01	3.244576e-01	2.461651e+00
356	4.752255e-01	4.999874e-01	1.679043e+00
357	4.882304e-01	5.210974e-01	2.991207e+00
358	4.582520e-01	5.498141e-01	2.857352e+00
359	4.522879e-01	6.247944e-01	1.913532e+00
360	6.033532e-01	5.688561e-01	1.216903e+00
361	4.990168e-01	6.183368e-01	1.214949e+00
362	4.826742e-01	5.351110e-01	1.005862e+00
363	4.795998e-01	5.324053e-01	2.227162e+00
364	4.697731e-01	5.030650e-01	1.723009e+00
366	5.419181e-01	6.111593e-01	1.692721e+00
367	4.832390e-01	4.938092e-01	1.154372e+00
368	4.761554e-01	5.358518e-01	1.851001e+00
369	4.696978e-01	5.165339e-01	2.418661e+00
370	4.987883e-01	4.427674e-01	1.874450e+00
371	3.890471e-01	4.797832e-01	1.591109e+00
372	4.729763e-01	4.613501e-01	2.199805e+00
373	5.478325e-01	6.733084e-01	2.208598e+00
374	5.453684e-01	6.265951e-01	1.322423e+00
375	4.998646e-01	7.611421e-01	2.361016e+00
376	5.876865e-01	4.890921e-01	1.815828e+00
377	4.705353e-01	5.137103e-01	1.328285e+00
378	4.547816e-01	5.133140e-01	1.883244e+00
379	4.700062e-01	6.074051e-01	1.599902e+00
380	5.193091e-01	7.244913e-01	2.343429e+00
381	4.834261e-01	5.457021e-01	1.835369e+00
383	6.178502e-01	5.934890e-01	1.698583e+00
384	7.392530e-01	4.114121e-01	2.761602e+00
385	3.148684e-01	2.313217e-01	1.961407e+00
386	3.493610e-01	4.249878e-01	2.449927e+00
387	4.925800e-01	6.002847e-01	2.669761e+00
388	5.226086e-01	5.388620e-01	2.597460e+00
389	4.742452e-01	5.235510e-01	2.960918e+00
390	4.749851e-01	5.243918e-01	1.655594e+00
391	4.981497e-01	5.992876e-01	2.572057e+00
392	4.732759e-01	5.514634e-01	1.234489e+00
393	4.384013e-01	4.886259e-01	1.607719e+00
394	4.768657e-01	5.080760e-01	2.643381e+00
395	5.474921e-01	5.080207e-01	1.233512e+00
397	2.300403e-01	6.051196e-01	1.083048e+00
398	5.149311e-01	1.324978e-01	2.453835e+00
399	4.035977e-01	4.364611e-01	2.169516e+00
400	4.707354e-01	4.749206e-01	1.634099e+00
401	8.853236e-01	5.194229e-01	1.314607e+00
402	4.803008e-01	5.648869e-01	2.292623e+00
403	5.910356e-01	6.735623e-01	1.759160e+00
404	4.549026e-01	5.004867e-01	2.942355e+00
405	4.826594e-01	5.322635e-01	1.358574e+00
406	4.719520e-01	5.825748e-01	1.474841e+00
407	3.852736e-01	4.407926e-01	2.850513e+00
408	7.037928e-01	5.897216e-01	2.543723e+00
409	4.485730e-01	5.216356e-01	1.170005e+00
410	4.623715e-01	5.007049e-01	2.011236e+00
411	4.948730e-01	4.900272e-01	2.982413e+00
412	7.539689e-01	2.825202e-01	1.578407e+00
413	4.733431e-01	3.496846e-01	2.904250e+00
414	4.721067e-01	4.808786e-01	2.948217e+00
415	4.738595e-01	5.089605e-01	1.856864e+00
416	4.701855e-01	5.718189e-01	1.780655e+00
417	4.460898e-01	5.480141e-01	1.223742e+00
418	4.965329e-01	5.501729e-01	2.928676e+00
419	4.860722e-01	5.509887e-01	1.055691e+00
420	4.916950e-01	5.174608e-01	2.823156e+00
421	4.743916e-01	5.109417e-01	2.886663e+00
422	4.731172e-01	5.022975e-01	1.391793e+00
423	5.741540e-01	4.306077e-01	1.467025e+00
424	4.715276e-01	4.866293e-01	1.512946e+00
425	2.257766e-01	5.710021e-01	1.960430e+00
426	2.598059e-01	5.824153e-01	2.254519e+00
427	4.587024e-01	4.128923e-01	2.899365e+00
428	4.534271e-01	5.052447e-01	1.247191e+00
429	4.681978e-01	4.971430e-01	1.802149e+00
430	4.645811e-01	5.457526e-01	1.663410e+00
431	5.299650e-01	6.638630e-01	2.556424e+00
433	4.615181e-01	5.089798e-01	2.475330e+00
434	4.534059e-01	5.327943e-01	2.923791e+00
435	6.059282e-01	6.373260e-01	2.906204e+00
437	5.275079e-01	5.975572e-01	2.476307e+00
438	3.947916e-01	5.898212e-01	2.065950e+00
439	4.675290e-01	5.169451e-01	1.983879e+00
440	4.327228e-01	4.754946e-01	1.637030e+00
441	3.813818e-01	7.001791e-01	1.338056e+00
442	5.717287e-01	5.870571e-01	2.406937e+00
443	6.719094e-01	2.876301e-01	1.422081e+00
444	4.906236e-01	4.156055e-01	2.956033e+00
445	4.698860e-01	5.055260e-01	2.601368e+00
446	7.833733e-01	5.915903e-01	1.846116e+00
447	4.748835e-01	5.291936e-01	1.264778e+00
448	4.580878e-01	4.109508e-01	1.119199e+00
449	4.645701e-01	4.867466e-01	1.956522e+00
450	5.432622e-01	8.667060e-01	2.971666e+00
451	4.814971e-01	5.113662e-01	2.149976e+00
452	4.271187e-01	5.154593e-01	1.574499e+00
453	4.690532e-01	6.366273e-01	1.775769e+00
455	4.747083e-01	5.744625e-01	2.984367e+00
456	4.824502e-01	5.893146e-01	1.577430e+00
457	4.500185e-01	5.724923e-01	2.955056e+00
458	5.032593e-01	5.222419e-01	2.865169e+00
459	4.830789e-01	7.769753e-01	1.672203e+00
461	5.824870e-01	4.574033e-01	2.513434e+00
462	4.772572e-01	4.416647e-01	1.853933e+00
463	4.702318e-01	5.766346e-01	2.858329e+00
464	4.667184e-01	5.060787e-01	1.574499e+00
465	4.686372e-01	5.811903e-01	1.432829e+00
466	4.709254e-01	5.091841e-01	1.500244e+00
467	4.236616e-01	6.867535e-01	1.323400e+00
468	4.508632e-01	5.124521e-01	2.147044e+00
469	4.677853e-01	5.069112e-01	2.698095e+00
470	4.738286e-01	5.154217e-01	1.364436e+00
471	5.965657e-01	7.773244e-01	2.076698e+00
472	4.778719e-01	5.122546e-01	2.011236e+00
473	4.990429e-01	6.074237e-01	1.215926e+00
474	4.649112e-01	5.371463e-01	2.299463e+00
475	5.460005e-01	5.725620e-01	1.683928e+00
476	4.631354e-01	5.255120e-01	2.081583e+00
477	4.706568e-01	5.616827e-01	2.350269e+00
478	3.521543e-01	4.433911e-01	2.728383e+00
479	4.800736e-01	6.800885e-01	1.194431e+00
480	4.294770e-01	4.590895e-01	2.515388e+00
481	4.101715e-01	7.284389e-01	1.865657e+00
482	4.741752e-01	7.143924e-01	1.802149e+00
483	4.820635e-01	4.383281e-01	1.367367e+00
484	4.636758e-01	6.337180e-01	1.148510e+00
485	4.597517e-01	3.598797e-01	2.427455e+00
486	4.977953e-01	4.454567e-01	2.196873e+00
487	5.437948e-01	5.254857e-01	2.386419e+00
488	4.696615e-01	5.057130e-01	1.294089e+00
489	4.461487e-01	4.025604e-01	1.687836e+00
490	4.372858e-01	5.066658e-01	1.146556e+00
491	4.917567e-01	4.820729e-01	1.597948e+00
492	4.673970e-01	4.693954e-01	2.412799e+00
493	5.924118e-01	6.489340e-01	1.227650e+00
494	4.209196e-01	4.384234e-01	2.522228e+00
495	4.732098e-01	5.528486e-01	1.437714e+00
496	4.803935e-01	5.293721e-01	1.523693e+00
497	4.361531e-01	5.346608e-01	1.221788e+00
498	4.547494e-01	5.155128e-01	1.652662e+00
499	4.933954e-01	3.729634e-01	1.269663e+00
500	4.749243e-01	5.122053e-01	2.967758e+00
501	4.672032e-01	5.081336e-01	2.546654e+00
502	3.982453e-01	2.528962e-01	1.818759e+00
503	4.521407e-01	4.900179e-01	1.919394e+00
504	4.566952e-01	5.038389e-01	2.563263e+00
505	4.718678e-01	3.909787e-01	1.451392e+00
506	3.987973e-01	5.309612e-01	1.718124e+00
507	4.782363e-01	4.920896e-01	1.207132e+00
508	4.703072e-01	5.152137e-01	1.236444e+00
509	5.761357e-01	5.627651e-01	2.622863e+00
510	6.726936e-01	4.039488e-01	2.549585e+00
511	4.711796e-01	5.139144e-01	2.966781e+00
512	5.029920e-01	3.412731e-01	2.395213e+00
513	4.970685e-01	5.108425e-01	1.534441e+00
514	4.463024e-01	7.197412e-01	1.550073e+00
515	5.191022e-01	6.247452e-01	1.610650e+00
516	2.482186e-01	3.866086e-01	1.612604e+00
517	4.951410e-01	5.092794e-01	1.086957e+00
518	4.384511e-01	4.131142e-01	2.282853e+00
519	2.068318e-01	1.134813e-01	1.573522e+00
520	4.736410e-01	5.112560e-01	2.497802e+00
521	4.823768e-01	4.938237e-01	1.752320e+00
523	4.492307e-01	5.155493e-01	1.209086e+00
524	4.304793e-01	3.822914e-01	2.755740e+00
525	6.039130e-01	5.047172e-01	1.499267e+00
526	4.518379e-01	5.105484e-01	1.014656e+00
527	6.661596e-01	6.145787e-01	2.891549e+00
528	4.745944e-01	4.952212e-01	2.478261e+00
529	4.447301e-01	4.995713e-01	1.898876e+00
530	5.005481e-01	5.202379e-01	1.188569e+00
531	4.475838e-01	5.897928e-01	2.785051e+00
532	4.674458e-01	5.098555e-01	2.945286e+00
533	4.521751e-01	4.798510e-01	2.458720e+00
534	5.033670e-01	5.122330e-01	2.673669e+00
535	4.680538e-01	5.211336e-01	1.399609e+00
536	4.793425e-01	5.428645e-01	2.604299e+00
537	4.705527e-01	5.135426e-01	1.529555e+00
538	4.712784e-01	5.142882e-01	2.823156e+00
539	4.585016e-01	5.750921e-01	2.826087e+00
540	5.041138e-01	6.099238e-01	2.844651e+00
541	3.952151e-01	4.956877e-01	2.290669e+00
542	5.143764e-01	5.361524e-01	2.570103e+00
543	5.036653e-01	4.967803e-01	2.396190e+00
544	5.092831e-01	5.274149e-01	1.318515e+00
545	4.937974e-01	4.873570e-01	2.605276e+00
546	7.365421e-01	4.571065e-01	2.683439e+00
547	3.240000e-01	5.537924e-01	1.587201e+00
548	4.155535e-01	4.175312e-01	1.375183e+00
549	4.210103e-01	4.935353e-01	2.298486e+00
550	5.874382e-01	5.514871e-01	1.285296e+00
551	4.736090e-01	5.157932e-01	2.983390e+00
552	6.385405e-01	4.298512e-01	1.195408e+00
553	4.682676e-01	5.264001e-01	2.414753e+00
554	3.696435e-01	4.279773e-01	1.843185e+00
555	4.470432e-01	4.675801e-01	2.396190e+00
556	3.681950e-01	4.733425e-01	3.000000e+00
557	4.614557e-01	5.273225e-01	2.728383e+00
559	4.748203e-01	5.302166e-01	1.944797e+00
560	3.547984e-01	4.424038e-01	2.883732e+00
561	4.322458e-01	6.576706e-01	2.383488e+00
562	4.073871e-01	4.636446e-01	2.506595e+00
563	4.597327e-01	5.304488e-01	1.786517e+00
564	5.200187e-01	5.177552e-01	2.893503e+00
565	4.610928e-01	5.059835e-01	2.981436e+00
566	4.674947e-01	4.766078e-01	2.663898e+00
567	4.747452e-01	4.937144e-01	2.227162e+00
568	5.083130e-01	5.127365e-01	1.527601e+00
569	4.863683e-01	5.155297e-01	2.610161e+00
570	8.442122e-01	2.066469e-01	1.058622e+00
571	4.728041e-01	4.909611e-01	2.782120e+00
573	4.514578e-01	5.270489e-01	2.109917e+00
574	4.708522e-01	5.433850e-01	2.074744e+00
575	4.852982e-01	5.399217e-01	2.319003e+00
576	4.257348e-01	5.462269e-01	1.290181e+00
577	4.862434e-01	4.699385e-01	1.286273e+00
578	4.490592e-01	4.922414e-01	1.881290e+00
579	4.719154e-01	5.168692e-01	1.664387e+00
580	6.773226e-01	4.756609e-01	1.242306e+00
581	5.368453e-01	5.219718e-01	1.927211e+00
582	4.750515e-01	5.159928e-01	2.820225e+00
583	3.770094e-01	3.597260e-01	2.792868e+00
584	4.111585e-01	4.262941e-01	1.201270e+00
585	4.696554e-01	5.225321e-01	1.898876e+00
586	4.648185e-01	5.095675e-01	1.782609e+00
587	4.852558e-01	5.281846e-01	1.561798e+00
588	4.710934e-01	5.148472e-01	2.282853e+00
589	4.649469e-01	5.605959e-01	2.210552e+00
590	5.150157e-01	5.071269e-01	1.020518e+00
591	4.637247e-01	4.735467e-01	1.784563e+00
592	4.704737e-01	5.113724e-01	1.275525e+00
593	5.047551e-01	4.971860e-01	1.212995e+00
594	4.487456e-01	5.923592e-01	2.964827e+00
595	4.587520e-01	5.124355e-01	2.079629e+00
596	2.214602e-01	3.309424e-01	1.187592e+00
597	4.555262e-01	5.488543e-01	1.258915e+00
598	4.548054e-01	5.524149e-01	1.999511e+00
599	4.746136e-01	5.117559e-01	1.264778e+00
600	4.743809e-01	5.443913e-01	1.110405e+00
601	5.742771e-01	9.020403e-01	1.107474e+00
602	3.979911e-01	5.652223e-01	1.070347e+00
603	4.681612e-01	5.127519e-01	2.400098e+00
604	5.185907e-01	5.651329e-01	2.871031e+00
605	4.725679e-01	5.105982e-01	2.739130e+00
606	4.966914e-01	4.886859e-01	2.061065e+00
607	7.291596e-01	6.228398e-01	1.073278e+00
608	4.676744e-01	5.170603e-01	2.799707e+00
609	4.578551e-01	5.001381e-01	2.010259e+00
610	5.196196e-01	5.083957e-01	1.700537e+00
611	4.716704e-01	5.295784e-01	1.339033e+00
612	5.130701e-01	5.796709e-01	2.227162e+00
613	7.241827e-01	2.069123e-01	2.482169e+00
614	4.505033e-01	5.240807e-01	2.958964e+00
615	4.958081e-01	5.690562e-01	1.443576e+00
616	5.321366e-01	5.862575e-01	2.381534e+00
617	4.735612e-01	6.650844e-01	1.971177e+00
618	4.763911e-01	4.980538e-01	2.960918e+00
619	2.517405e-01	2.934914e-01	1.812897e+00
620	4.165399e-01	5.123565e-01	1.170982e+00
621	4.450433e-01	4.107678e-01	1.277479e+00
622	3.401164e-01	5.923533e-01	1.176844e+00
623	4.237151e-01	4.469235e-01	1.636053e+00
624	4.572351e-01	4.814893e-01	2.336590e+00
625	5.533755e-01	4.970829e-01	1.343918e+00
626	4.919117e-01	5.003152e-01	1.905716e+00
627	4.721025e-01	5.360970e-01	1.784563e+00
628	4.607020e-01	5.180372e-01	2.063996e+00
629	4.733176e-01	5.017349e-01	2.497802e+00
630	4.443862e-01	4.342859e-01	2.870054e+00
631	4.252627e-01	5.761424e-01	1.729849e+00
632	3.461586e-01	3.983031e-01	2.290669e+00
633	4.704258e-01	5.126365e-01	2.841720e+00
634	4.701355e-01	5.108887e-01	2.195896e+00
635	4.888811e-01	5.495901e-01	1.601856e+00
636	4.671687e-01	5.736558e-01	2.449927e+00
637	4.472837e-01	5.179613e-01	1.462140e+00
638	4.712595e-01	5.159561e-01	2.041524e+00
639	4.702625e-01	5.131186e-01	2.061065e+00
640	2.184101e-01	3.903559e-01	2.130435e+00
641	4.427347e-01	7.310352e-01	2.205667e+00
642	4.713357e-01	5.271582e-01	2.184172e+00
643	5.455366e-01	5.389761e-01	2.747924e+00
644	4.657038e-01	3.609194e-01	2.909135e+00
645	4.748503e-01	5.249681e-01	2.777235e+00
646	4.382858e-01	5.738746e-01	1.295066e+00
647	3.923336e-01	5.029406e-01	1.050806e+00
648	6.258108e-01	3.884157e-01	1.191500e+00
649	4.588308e-01	5.185736e-01	1.198339e+00
650	4.703639e-01	5.152555e-01	2.656082e+00
651	4.626435e-01	5.479982e-01	1.692721e+00
652	5.704945e-01	6.524387e-01	2.330728e+00
653	4.678595e-01	5.127505e-01	1.906693e+00
654	4.963347e-01	5.147772e-01	2.192965e+00
655	4.585226e-01	5.589882e-01	1.200293e+00
656	4.814616e-01	4.980520e-01	2.361016e+00
657	4.490861e-01	3.921749e-01	2.080606e+00
658	4.892945e-01	5.308205e-01	2.017098e+00
659	5.059568e-01	4.586181e-01	2.191011e+00
660	7.401346e-01	6.345894e-01	1.667318e+00
661	3.064138e-01	3.137214e-01	2.229116e+00
662	3.384858e-01	3.982519e-01	1.188569e+00
663	4.842113e-01	4.957095e-01	2.714704e+00
664	4.538618e-01	6.010543e-01	1.979971e+00
665	4.752346e-01	6.007365e-01	2.954079e+00
666	1.703583e-01	2.319936e-01	1.803127e+00
667	4.445384e-01	4.980967e-01	1.039082e+00
668	8.818316e-01	3.614720e-01	1.893014e+00
669	4.690454e-01	4.189443e-01	1.778701e+00
670	8.971612e-01	4.377205e-01	1.807035e+00
671	4.817027e-01	5.531202e-01	1.102589e+00
672	3.727234e-01	3.895981e-01	1.879336e+00
673	5.326486e-01	5.219544e-01	1.984856e+00
674	4.701316e-01	5.144547e-01	2.238886e+00
675	4.723426e-01	4.875996e-01	2.868100e+00
676	4.803945e-01	5.065383e-01	2.748901e+00
677	3.915057e-01	7.167783e-01	1.578407e+00
678	4.717192e-01	5.090624e-01	1.621397e+00
679	4.746834e-01	5.178307e-01	2.657059e+00
680	4.747591e-01	5.696977e-01	2.404983e+00
681	4.706945e-01	4.712659e-01	2.272106e+00
682	4.725863e-01	4.635564e-01	1.463117e+00
683	4.690859e-01	5.461501e-01	2.316072e+00
684	4.746411e-01	5.299912e-01	2.334636e+00
685	5.015343e-01	4.532847e-01	1.365413e+00
686	3.362510e-01	4.555417e-01	2.105032e+00
687	4.915860e-01	5.829548e-01	1.339033e+00
688	4.739862e-01	4.931029e-01	2.932584e+00
689	4.651855e-01	5.040104e-01	2.378603e+00
690	4.634314e-01	5.018813e-01	1.833415e+00
691	5.566755e-01	5.179658e-01	1.663410e+00
692	4.266859e-01	4.720928e-01	2.251588e+00
693	4.575567e-01	4.449324e-01	1.766976e+00
694	3.725019e-01	3.730118e-01	1.575476e+00
695	3.900374e-01	6.419335e-01	2.771373e+00
696	4.680938e-01	5.208242e-01	2.787005e+00
697	4.723800e-01	5.156833e-01	1.959453e+00
698	4.609206e-01	5.089860e-01	2.187103e+00
699	4.695827e-01	5.156806e-01	2.430386e+00
700	4.380328e-01	5.769358e-01	2.679531e+00
701	4.808374e-01	6.012978e-01	2.191988e+00
702	5.406394e-01	4.541725e-01	2.945286e+00
703	4.815055e-01	5.057293e-01	2.793845e+00
704	4.865599e-01	5.563989e-01	2.132389e+00
705	3.435790e-01	2.829968e-01	1.627259e+00
706	4.656062e-01	5.211581e-01	1.623351e+00
707	4.583851e-01	5.149667e-01	2.772350e+00
708	4.687127e-01	5.126113e-01	1.552027e+00
709	2.995650e-01	5.813952e-01	1.180752e+00
710	4.769528e-01	5.339916e-01	1.632145e+00
711	2.032773e-01	9.834838e-02	1.680997e+00
712	6.031035e-01	6.125350e-01	2.828041e+00
713	7.160881e-01	4.317529e-01	1.703468e+00
714	2.308231e-01	2.844221e-01	1.471910e+00
715	4.584074e-01	5.083344e-01	2.368832e+00
716	4.645395e-01	4.924514e-01	1.961407e+00
717	4.672252e-01	5.148772e-01	1.756229e+00
718	4.744735e-01	5.404142e-01	2.987298e+00
719	4.694822e-01	5.068162e-01	2.332682e+00
720	4.947555e-01	5.480664e-01	1.097704e+00
721	4.934046e-01	5.959342e-01	1.954568e+00
722	4.762452e-01	5.159945e-01	1.704446e+00
723	4.701006e-01	5.145633e-01	1.853933e+00
724	4.832558e-01	5.791131e-01	2.829995e+00
725	4.604260e-01	5.636409e-01	2.232047e+00
726	4.495446e-01	4.292537e-01	2.587689e+00
727	5.162550e-01	6.923932e-01	2.698095e+00
729	5.591184e-01	5.887243e-01	1.212995e+00
730	4.398599e-01	5.342613e-01	1.502198e+00
731	4.732856e-01	5.158340e-01	2.614069e+00
732	5.219220e-01	3.339271e-01	2.880801e+00
733	4.686815e-01	5.341279e-01	1.956522e+00
734	4.850777e-01	5.404418e-01	2.745970e+00
735	6.884910e-01	4.296589e-01	1.179775e+00
736	5.252165e-01	5.723532e-01	1.935027e+00
737	4.910688e-01	5.080581e-01	1.975085e+00
738	4.982747e-01	5.926453e-01	1.067416e+00
739	4.374828e-01	5.053885e-01	2.024915e+00
740	4.224564e-01	6.471831e-01	2.810454e+00
741	4.529900e-01	4.087915e-01	2.428432e+00
742	4.435688e-01	4.892447e-01	1.957499e+00
743	4.408476e-01	4.552284e-01	2.306302e+00
744	4.692798e-01	5.065625e-01	2.557401e+00
745	4.665354e-01	5.870587e-01	1.243283e+00
746	4.975470e-01	4.755033e-01	2.429409e+00
747	4.500797e-01	5.077219e-01	2.523205e+00
748	4.858593e-01	6.831985e-01	2.842697e+00
749	4.719774e-01	5.154990e-01	2.247680e+00
750	4.621657e-01	4.651056e-01	2.000489e+00
751	4.715159e-01	5.160864e-01	2.446019e+00
752	4.707527e-01	5.138901e-01	2.360039e+00
753	5.209257e-01	6.073672e-01	2.567171e+00
754	4.743479e-01	5.000133e-01	2.415730e+00
755	4.802299e-01	5.238487e-01	1.989741e+00
756	4.667642e-01	5.086505e-01	2.908158e+00
757	5.231597e-01	7.200653e-01	2.731314e+00
758	4.765069e-01	5.144844e-01	2.544700e+00
759	4.698662e-01	5.137909e-01	2.890572e+00
760	4.694121e-01	5.135422e-01	1.654617e+00
761	4.813537e-01	5.164951e-01	1.008793e+00
762	4.462903e-01	4.688662e-01	1.260870e+00
763	4.380613e-01	5.691843e-01	1.347826e+00
764	4.543620e-01	5.025239e-01	1.325354e+00
765	4.709700e-01	5.139240e-01	1.420127e+00
766	4.748991e-01	5.614630e-01	2.845628e+00
767	4.626631e-01	5.591840e-01	1.853933e+00
768	4.751531e-01	5.074219e-01	1.303859e+00
769	4.762241e-01	4.475597e-01	1.294089e+00
770	4.468763e-01	5.742262e-01	1.675134e+00
771	4.361123e-01	4.661773e-01	2.417684e+00
772	5.031681e-01	5.893452e-01	2.053249e+00
773	4.728165e-01	5.078621e-01	1.276502e+00
774	2.493100e-01	5.358362e-01	2.779189e+00
775	1.049544e-01	4.042973e-01	1.984856e+00
776	7.567880e-01	6.588217e-01	2.295554e+00
777	4.728056e-01	5.140269e-01	1.652662e+00
778	4.721238e-01	5.027214e-01	2.464582e+00
779	4.740084e-01	5.122825e-01	1.763068e+00
780	4.869999e-01	5.324064e-01	2.026869e+00
781	5.252917e-01	3.982291e-01	1.160234e+00
782	4.210718e-01	5.673834e-01	2.302394e+00
783	4.900510e-01	5.178507e-01	1.384954e+00
784	4.702902e-01	5.870660e-01	2.598437e+00
785	5.346108e-01	5.196552e-01	2.130435e+00
786	4.404125e-01	5.438702e-01	1.690767e+00
787	4.952512e-01	5.193262e-01	1.940889e+00
788	4.742661e-01	5.167639e-01	2.099170e+00
