767
0	1.588728e-01	2.269485e-01	1.398632e+00
1	3.893459e-01	4.274515e-01	1.108451e+00
2	5.192581e-01	5.641328e-01	2.925745e+00
3	4.762818e-01	5.349514e-01	2.732291e+00
4	3.391080e-01	3.702588e-01	1.257938e+00
5	3.918232e-01	4.315671e-01	2.424524e+00
6	7.928660e-01	9.310518e-01	1.383000e+00
7	5.027576e-01	5.415164e-01	2.705911e+00
8	4.970341e-01	5.335139e-01	2.442110e+00
9	4.719331e-01	5.096231e-01	2.233024e+00
10	4.834574e-01	6.433705e-01	2.376649e+00
11	4.797613e-01	5.055864e-01	1.556913e+00
12	4.866194e-01	5.920241e-01	2.950171e+00
13	5.591387e-01	5.878766e-01	1.066439e+00
14	4.734735e-01	5.074331e-01	1.626282e+00
15	3.900136e-01	8.034837e-01	1.306790e+00
16	4.730673e-01	5.072365e-01	2.902296e+00
17	4.383976e-01	6.174106e-01	1.195408e+00
18	4.617639e-01	5.108716e-01	1.785540e+00
19	4.727323e-01	5.473514e-01	1.248168e+00
20	4.423532e-01	5.433843e-01	1.863703e+00
21	3.948800e-01	4.367431e-01	2.671715e+00
22	4.716881e-01	5.058781e-01	2.487054e+00
23	4.554826e-01	7.359911e-01	1.946751e+00
24	3.806745e-01	5.852806e-01	1.303859e+00
25	6.614935e-01	6.790264e-01	2.152907e+00
26	4.731578e-01	5.235807e-01	1.388862e+00
27	4.816774e-01	5.316813e-01	1.591109e+00
28	4.593750e-01	4.702512e-01	2.205667e+00
29	4.511297e-01	4.664539e-01	2.181241e+00
30	4.586144e-01	7.319550e-01	1.475818e+00
31	5.171140e-01	4.501830e-01	2.309233e+00
32	4.577545e-01	4.912809e-01	2.073766e+00
33	6.238057e-01	7.378681e-01	2.331705e+00
34	4.765971e-01	5.412660e-01	1.126038e+00
35	6.796603e-01	6.069106e-01	2.235955e+00
36	2.175960e-01	5.767021e-01	2.805569e+00
37	5.400552e-01	6.919630e-01	2.555447e+00
38	4.814489e-01	5.331924e-01	2.559355e+00
39	4.810530e-01	5.273528e-01	1.895945e+00
40	4.994692e-01	5.125115e-01	1.282364e+00
41	4.442794e-01	4.617207e-01	2.750855e+00
42	4.751478e-01	5.049754e-01	2.412799e+00
43	4.787798e-01	5.218514e-01	2.557401e+00
44	4.954065e-01	4.823029e-01	1.648754e+00
45	4.809553e-01	5.841095e-01	1.721055e+00
46	5.014492e-01	6.473086e-01	2.588666e+00
47	4.653274e-01	5.201275e-01	1.525647e+00
48	4.720302e-01	5.039394e-01	2.751832e+00
49	4.823925e-01	5.105797e-01	2.625794e+00
50	4.772244e-01	5.422853e-01	1.663410e+00
51	4.723655e-01	5.186570e-01	2.560332e+00
52	4.746627e-01	5.356012e-01	1.696629e+00
53	4.645761e-01	5.298583e-01	1.506106e+00
54	4.796298e-01	5.156185e-01	2.675623e+00
55	4.324059e-01	4.525209e-01	2.497802e+00
56	4.876488e-01	6.033489e-01	1.031265e+00
57	4.424215e-01	3.958969e-01	2.361993e+00
58	4.838689e-01	5.800749e-01	1.866634e+00
60	7.756949e-01	7.725980e-01	1.503175e+00
61	4.878513e-01	5.242479e-01	2.449927e+00
62	4.668214e-01	4.721105e-01	2.831949e+00
63	4.687001e-01	5.269638e-01	2.317049e+00
64	4.926585e-01	5.246093e-01	2.353200e+00
65	4.733456e-01	5.084216e-01	2.575965e+00
66	4.148495e-01	5.965586e-01	2.922814e+00
67	3.847207e-01	4.405251e-01	2.289692e+00
68	4.574115e-01	5.896295e-01	2.766488e+00
69	4.204269e-01	4.939672e-01	1.522716e+00
70	5.097637e-01	5.508562e-01	2.769419e+00
71	4.755719e-01	5.169006e-01	1.110405e+00
72	4.714851e-01	5.774640e-01	1.412311e+00
73	5.708388e-01	7.189416e-01	1.951637e+00
74	5.370262e-01	6.254790e-01	1.449438e+00
75	3.663495e-01	4.622095e-01	2.176356e+00
76	5.176781e-01	5.908741e-01	1.212995e+00
77	4.858433e-01	4.844091e-01	1.872496e+00
78	4.779312e-01	5.227449e-01	1.606742e+00
79	5.202446e-01	4.798204e-01	1.183683e+00
80	5.004874e-01	5.825054e-01	2.736199e+00
81	4.726338e-01	5.110231e-01	1.617489e+00
82	4.350003e-01	4.587816e-01	2.456766e+00
83	5.993080e-01	6.237563e-01	1.406448e+00
84	2.958529e-01	4.594597e-01	2.453835e+00
85	4.719077e-01	5.133486e-01	2.712750e+00
86	4.745312e-01	5.078009e-01	2.877870e+00
87	4.243586e-01	6.044425e-01	1.533464e+00
88	4.516768e-01	2.724337e-01	2.169516e+00
89	3.305776e-01	4.321402e-01	2.483146e+00
90	5.126992e-01	6.141990e-01	1.538349e+00
91	4.562319e-01	4.946958e-01	1.117245e+00
92	4.590009e-01	5.276412e-01	2.709819e+00
93	4.692529e-01	5.570041e-01	2.929653e+00
94	5.094557e-01	4.196365e-01	2.125550e+00
95	5.141783e-01	3.867500e-01	2.148999e+00
96	4.373166e-01	5.008872e-01	1.206155e+00
98	4.775682e-01	5.235284e-01	1.997557e+00
99	4.371834e-01	4.416049e-01	1.753298e+00
100	4.889432e-01	4.836764e-01	1.491451e+00
101	4.781954e-01	5.094617e-01	2.381534e+00
102	4.644800e-01	4.649646e-01	1.837323e+00
103	4.638681e-01	4.720208e-01	2.723498e+00
104	4.544660e-01	3.186475e-01	1.216903e+00
105	4.749206e-01	5.620857e-01	1.385931e+00
107	4.899947e-01	5.216777e-01	1.887152e+00
108	5.521835e-01	4.394928e-01	1.869565e+00
109	4.973370e-01	5.451767e-01	2.657059e+00
110	4.238304e-01	5.001875e-01	1.905716e+00
111	4.972783e-01	5.574246e-01	2.319980e+00
113	5.606571e-01	2.438985e-01	1.155349e+00
114	4.835967e-01	5.322211e-01	1.261847e+00
115	3.881867e-01	3.538189e-01	1.308745e+00
116	6.177871e-01	2.960726e-01	1.148510e+00
117	4.489961e-01	4.467481e-01	1.865657e+00
118	5.048663e-01	5.608505e-01	2.988276e+00
119	4.590024e-01	6.171406e-01	1.479726e+00
120	4.727139e-01	5.445814e-01	2.095261e+00
121	4.665502e-01	6.047618e-01	2.442110e+00
122	6.302060e-01	6.546114e-01	1.070347e+00
123	4.469722e-01	5.770309e-01	1.417196e+00
124	4.733876e-01	4.891246e-01	2.817294e+00
126	4.474204e-01	4.633084e-01	2.738153e+00
127	4.334467e-01	6.023120e-01	2.338544e+00
128	4.253974e-01	4.475057e-01	1.282364e+00
129	4.530276e-01	4.963398e-01	2.676600e+00
130	4.287718e-01	4.583192e-01	2.443087e+00
132	4.312927e-01	6.299097e-01	1.220811e+00
133	2.793237e-01	6.457107e-01	2.407914e+00
134	4.430429e-01	6.144672e-01	2.277968e+00
135	4.766935e-01	5.192284e-01	2.409868e+00
136	5.192361e-01	5.429953e-01	2.083537e+00
137	4.409347e-01	4.757989e-01	2.286761e+00
138	6.552294e-01	3.541556e-01	1.194431e+00
139	4.746110e-01	5.073681e-01	2.818271e+00
140	4.490796e-01	5.194006e-01	2.827064e+00
141	4.337273e-01	4.934225e-01	1.684905e+00
142	4.750178e-01	5.185650e-01	1.999511e+00
143	4.673569e-01	5.079189e-01	1.956522e+00
144	4.984719e-01	4.590591e-01	2.323889e+00
145	4.278192e-01	5.257810e-01	2.501710e+00
146	5.046234e-01	4.720601e-01	2.395213e+00
147	5.527663e-01	4.760747e-01	2.719590e+00
148	4.735333e-01	5.085666e-01	2.937469e+00
149	4.187793e-01	4.763122e-01	2.803615e+00
150	4.077142e-01	4.021701e-01	1.794333e+00
151	4.835755e-01	4.879425e-01	2.611138e+00
152	4.111264e-01	4.721734e-01	1.724963e+00
153	4.431606e-01	4.840723e-01	1.983879e+00
154	4.765329e-01	5.103316e-01	2.181241e+00
155	4.471383e-01	5.785061e-01	1.295066e+00
156	5.328909e-01	5.882314e-01	1.970200e+00
157	4.555275e-01	5.266608e-01	2.387396e+00
158	6.268719e-01	5.684206e-01	2.386419e+00
159	6.373933e-01	4.226995e-01	2.647289e+00
160	4.782584e-01	4.964247e-01	1.686859e+00
161	4.814963e-01	5.368872e-01	1.553981e+00
162	4.993483e-01	5.922984e-01	1.764045e+00
163	3.528279e-01	2.456679e-01	1.632145e+00
164	4.718687e-01	5.093151e-01	1.235467e+00
165	4.693802e-01	4.880682e-01	2.251588e+00
166	4.714621e-01	5.606888e-01	1.751343e+00
167	4.080800e-01	6.662518e-01	1.715193e+00
168	4.724611e-01	5.031720e-01	2.109917e+00
169	4.567191e-01	4.720250e-01	2.137274e+00
170	4.885334e-01	5.543500e-01	2.099170e+00
171	4.901048e-01	6.118061e-01	2.057157e+00
172	4.145087e-01	5.371223e-01	2.246702e+00
173	4.864198e-01	4.795260e-01	1.894968e+00
174	4.865402e-01	4.693109e-01	2.453835e+00
175	4.547445e-01	5.083094e-01	2.834880e+00
176	4.692600e-01	6.203228e-01	2.215437e+00
177	4.762152e-01	5.035597e-01	2.153884e+00
178	4.678670e-01	5.117893e-01	2.475330e+00
179	4.591978e-01	6.397902e-01	1.274548e+00
180	4.844113e-01	5.716856e-01	2.127504e+00
181	4.801389e-01	5.077450e-01	1.790425e+00
182	2.661752e-01	3.357237e-01	1.736688e+00
183	5.439535e-01	4.738794e-01	1.692721e+00
184	4.921853e-01	5.714162e-01	2.042501e+00
185	5.398349e-01	5.172221e-01	1.468979e+00
186	5.206800e-01	4.749556e-01	1.784563e+00
188	4.736185e-01	4.415220e-01	1.839277e+00
189	4.942530e-01	5.213409e-01	1.175867e+00
190	3.761419e-01	4.971140e-01	2.807523e+00
191	3.769444e-01	4.251795e-01	2.811431e+00
192	5.433265e-01	4.754811e-01	1.192477e+00
193	2.632001e-01	5.746979e-01	1.620420e+00
194	5.582212e-01	5.648083e-01	2.624817e+00
195	4.761638e-01	5.102798e-01	2.806546e+00
196	3.930847e-01	3.927496e-01	1.763068e+00
197	6.782738e-01	6.157766e-01	2.060088e+00
198	4.743869e-01	7.490719e-01	2.458720e+00
199	4.379571e-01	4.640680e-01	2.463605e+00
200	7.683724e-01	7.301217e-01	1.141671e+00
201	4.553649e-01	5.144341e-01	1.146556e+00
202	4.663851e-01	5.537888e-01	1.395701e+00
203	4.231470e-01	5.248244e-01	1.755252e+00
204	4.726726e-01	4.449587e-01	2.901319e+00
205	5.178373e-01	5.624695e-01	2.123596e+00
206	4.538327e-01	6.270299e-01	1.652662e+00
207	4.828151e-01	5.572844e-01	1.199316e+00
208	4.495032e-01	4.438436e-01	2.170493e+00
209	4.158195e-01	7.401393e-01	2.733268e+00
210	4.627544e-01	4.025669e-01	1.545188e+00
211	4.704214e-01	4.820695e-01	1.376160e+00
212	4.792507e-01	4.962915e-01	1.621397e+00
213	4.758894e-01	5.093707e-01	1.883244e+00
214	4.602236e-01	4.894404e-01	1.612604e+00
215	4.268635e-01	5.165592e-01	2.909135e+00
216	4.757491e-01	5.253605e-01	1.354665e+00
217	4.907060e-01	5.148306e-01	2.770396e+00
218	4.818144e-01	4.125814e-01	2.148999e+00
219	4.840410e-01	4.737589e-01	2.624817e+00
220	4.642646e-01	6.070174e-01	2.697118e+00
221	4.894808e-01	4.786219e-01	1.938935e+00
222	3.372130e-01	1.751746e-01	1.854910e+00
223	5.241648e-01	5.707452e-01	2.625794e+00
224	4.364035e-01	2.670088e-01	2.984367e+00
225	4.135112e-01	4.286368e-01	2.693210e+00
226	4.715010e-01	4.935864e-01	2.276014e+00
227	4.675302e-01	4.997900e-01	1.245237e+00
228	4.690514e-01	5.137802e-01	1.489497e+00
229	4.683365e-01	5.157373e-01	2.305325e+00
230	4.866913e-01	5.353849e-01	2.689301e+00
231	4.648663e-01	4.220584e-01	1.346849e+00
232	4.565131e-01	4.503594e-01	2.447973e+00
233	4.967702e-01	5.444271e-01	1.591109e+00
234	5.529901e-01	5.781944e-01	1.931119e+00
235	4.759436e-01	4.565639e-01	2.687347e+00
236	4.744012e-01	5.088748e-01	2.787982e+00
237	4.780851e-01	5.238779e-01	1.510015e+00
238	4.738192e-01	4.977090e-01	2.193942e+00
239	4.591831e-01	5.848822e-01	2.918906e+00
240	4.613507e-01	4.323251e-01	1.734734e+00
241	4.866211e-01	5.008203e-01	1.119199e+00
242	5.337212e-01	6.311904e-01	1.631168e+00
243	4.515011e-01	5.580673e-01	1.258915e+00
244	4.867975e-01	4.136792e-01	2.458720e+00
245	4.379027e-01	3.346354e-01	2.134343e+00
246	4.709926e-01	5.154453e-01	2.662921e+00
247	4.606806e-01	4.720587e-01	2.924768e+00
248	5.369488e-01	5.555843e-01	2.983390e+00
250	7.151826e-01	6.671045e-01	2.763556e+00
251	3.166932e-01	4.948864e-01	2.374695e+00
252	4.372845e-01	5.489034e-01	1.703468e+00
253	4.544064e-01	4.869878e-01	1.246214e+00
254	5.040186e-01	6.414307e-01	2.925745e+00
255	4.746033e-01	4.866613e-01	1.857841e+00
256	4.721135e-01	5.111311e-01	2.601368e+00
257	4.764079e-01	5.585835e-01	2.413776e+00
258	5.014858e-01	5.093559e-01	2.569126e+00
259	4.513821e-01	4.106409e-01	1.865657e+00
260	4.747206e-01	5.065862e-01	2.574988e+00
261	4.759049e-01	5.200469e-01	1.598925e+00
262	5.594227e-01	4.062990e-01	2.264289e+00
263	3.092422e-01	6.404141e-01	1.176844e+00
264	4.800067e-01	2.996012e-01	1.061553e+00
265	4.654260e-01	4.879492e-01	2.526136e+00
266	4.332380e-01	4.379069e-01	1.928188e+00
267	5.024251e-01	5.226642e-01	2.006351e+00
268	4.657992e-01	5.565065e-01	1.041036e+00
269	2.875554e-01	4.770747e-01	1.793356e+00
270	4.183643e-01	3.891451e-01	1.860772e+00
271	4.088270e-01	5.324600e-01	1.389839e+00
272	4.709660e-01	5.164212e-01	1.052760e+00
273	4.303819e-01	4.469657e-01	1.156326e+00
274	6.205562e-01	7.818228e-01	1.981925e+00
275	2.646396e-01	3.587305e-01	2.256473e+00
276	5.067636e-01	5.607432e-01	2.368832e+00
277	5.088897e-01	4.770817e-01	2.024915e+00
279	5.429873e-01	5.531526e-01	1.348803e+00
280	5.160374e-01	7.051030e-01	2.472399e+00
281	5.213418e-01	7.022247e-01	2.288715e+00
282	4.735177e-01	5.730296e-01	2.745970e+00
283	5.696892e-01	5.411508e-01	2.490962e+00
284	6.043173e-01	7.567786e-01	2.515388e+00
285	1.401276e-01	4.346961e-01	1.545188e+00
286	4.674140e-01	5.291586e-01	2.662921e+00
287	4.528847e-01	4.641561e-01	2.264289e+00
288	4.772468e-01	4.568053e-01	2.905227e+00
289	5.080809e-01	4.427701e-01	1.058622e+00
290	5.564840e-01	5.193666e-01	2.152907e+00
291	7.961022e-01	9.334047e-01	2.784074e+00
292	4.860167e-01	5.090303e-01	2.445042e+00
293	5.048446e-01	2.664212e-01	2.852467e+00
294	4.854942e-01	5.191107e-01	2.070835e+00
295	5.381891e-01	5.097923e-01	1.406448e+00
296	6.581322e-01	9.044177e-01	1.751343e+00
297	5.466203e-01	5.135092e-01	2.077675e+00
298	5.256941e-01	3.894848e-01	1.601856e+00
299	5.110162e-01	5.546406e-01	2.048363e+00
300	4.533356e-01	5.718657e-01	2.781143e+00
301	4.719064e-01	5.115483e-01	2.779189e+00
302	4.943418e-01	5.740875e-01	2.617978e+00
303	3.057890e-01	3.201327e-01	1.698583e+00
304	6.045208e-01	6.154016e-01	1.948705e+00
305	4.612102e-01	5.367328e-01	1.416219e+00
306	8.598972e-01	2.373356e-01	1.745481e+00
307	4.791166e-01	5.253356e-01	2.291646e+00
308	4.093335e-01	2.726543e-01	1.868588e+00
309	5.075489e-01	6.001019e-01	2.511480e+00
310	4.685488e-01	4.712870e-01	2.596483e+00
311	4.410319e-01	4.493636e-01	2.855398e+00
312	4.470857e-01	4.338765e-01	1.312653e+00
313	4.166390e-01	4.228858e-01	1.787494e+00
314	4.728467e-01	5.109853e-01	2.252565e+00
315	4.402529e-01	4.338572e-01	1.978017e+00
316	3.516714e-01	4.382498e-01	2.965804e+00
317	4.732891e-01	5.142138e-01	2.221299e+00
318	6.502675e-01	4.937881e-01	1.701514e+00
319	5.287179e-01	5.816350e-01	1.135809e+00
320	4.843797e-01	5.609405e-01	2.997069e+00
322	4.095247e-01	6.195319e-01	2.362970e+00
323	4.833608e-01	4.842976e-01	2.553493e+00
324	4.974337e-01	4.879285e-01	1.347826e+00
325	1.820202e-01	2.548841e-01	2.896434e+00
326	4.718851e-01	5.105833e-01	1.857841e+00
327	4.615304e-01	5.682727e-01	1.669272e+00
328	4.552870e-01	4.843180e-01	1.726917e+00
329	4.527142e-01	4.545361e-01	2.604299e+00
330	5.627822e-01	5.602133e-01	2.089399e+00
331	4.398682e-01	5.045628e-01	1.552027e+00
332	5.364807e-01	5.210303e-01	1.769907e+00
333	4.627495e-01	4.803595e-01	1.382022e+00
334	2.493729e-01	3.422589e-01	2.510503e+00
335	4.931672e-01	5.666650e-01	1.640938e+00
336	4.798438e-01	5.243982e-01	2.933561e+00
337	3.955786e-01	6.063720e-01	1.033219e+00
338	4.689580e-01	4.133758e-01	1.408403e+00
339	4.721567e-01	4.888018e-01	2.767465e+00
340	4.721958e-01	5.260481e-01	1.526624e+00
341	4.394429e-01	3.859875e-01	1.456277e+00
342	4.926250e-01	5.351949e-01	1.054714e+00
343	5.443435e-01	4.949155e-01	2.601368e+00
344	2.499863e-01	3.516316e-01	2.193942e+00
346	4.829807e-01	5.581512e-01	1.564729e+00
347	4.884274e-01	4.968396e-01	1.679043e+00
348	5.460468e-01	5.993567e-01	2.034685e+00
349	4.709700e-01	4.824896e-01	2.564240e+00
350	3.922869e-01	4.499288e-01	2.311187e+00
351	4.607060e-01	6.362790e-01	1.297997e+00
352	4.592329e-01	4.833866e-01	2.873962e+00
353	5.888040e-01	5.285286e-01	2.202736e+00
354	4.719163e-01	5.063963e-01	2.653151e+00
355	4.132572e-01	5.993567e-01	2.461651e+00
356	4.625467e-01	5.000182e-01	1.679043e+00
357	4.211190e-01	4.336264e-01	2.991207e+00
358	4.676635e-01	7.459370e-01	2.857352e+00
359	5.038178e-01	5.593304e-01	1.913532e+00
360	4.291397e-01	4.048471e-01	1.216903e+00
361	4.632587e-01	2.533385e-01	1.214949e+00
362	4.069250e-01	5.912826e-01	1.005862e+00
363	4.667577e-01	4.964836e-01	2.227162e+00
364	4.789219e-01	5.186416e-01	1.723009e+00
366	4.938283e-01	5.058762e-01	1.692721e+00
367	4.705119e-01	5.188917e-01	1.154372e+00
368	4.708786e-01	5.353713e-01	1.851001e+00
369	4.751855e-01	5.059953e-01	2.418661e+00
370	3.990053e-01	5.155299e-01	1.874450e+00
371	4.468619e-01	5.863212e-01	1.591109e+00
372	5.011966e-01	5.262675e-01	2.199805e+00
373	3.764393e-01	3.320292e-01	2.208598e+00
374	4.782850e-01	5.561715e-01	1.322423e+00
375	5.383582e-01	7.892689e-01	2.361016e+00
376	3.606573e-01	5.026650e-01	1.815828e+00
377	4.747414e-01	5.058052e-01	1.328285e+00
378	4.852938e-01	5.282069e-01	1.883244e+00
379	3.489637e-01	3.997164e-01	1.599902e+00
380	5.576083e-01	8.013639e-01	2.343429e+00
381	4.765895e-01	5.426086e-01	1.835369e+00
383	4.705257e-01	3.901377e-01	1.698583e+00
384	7.236618e-01	3.613086e-01	2.761602e+00
385	4.539529e-01	6.692686e-01	1.961407e+00
386	6.400217e-01	5.709576e-01	2.449927e+00
387	4.847091e-01	5.734367e-01	2.669761e+00
388	5.626993e-01	5.085450e-01	2.597460e+00
389	4.744574e-01	5.236151e-01	2.960918e+00
390	4.771621e-01	5.060331e-01	1.655594e+00
391	4.813414e-01	6.116560e-01	2.572057e+00
392	4.547041e-01	4.560618e-01	1.234489e+00
393	5.004676e-01	4.974104e-01	1.607719e+00
394	4.675710e-01	5.091260e-01	2.643381e+00
395	4.616768e-01	6.580315e-01	1.233512e+00
397	5.721056e-01	4.530008e-01	1.083048e+00
398	5.165074e-01	1.598313e-01	2.453835e+00
399	4.343258e-01	5.526192e-01	2.169516e+00
400	4.806414e-01	5.424111e-01	1.634099e+00
401	6.720176e-01	5.706399e-01	1.314607e+00
402	4.681503e-01	5.377312e-01	2.292623e+00
403	5.918746e-01	6.892426e-01	1.759160e+00
404	4.508924e-01	5.984262e-01	2.942355e+00
405	5.009172e-01	6.390314e-01	1.358574e+00
406	4.409751e-01	4.492989e-01	1.474841e+00
407	6.813622e-01	6.241519e-01	2.850513e+00
408	4.768557e-01	6.270119e-01	2.543723e+00
409	4.501889e-01	5.154424e-01	1.170005e+00
410	5.107391e-01	4.461513e-01	2.011236e+00
411	4.941177e-01	4.718420e-01	2.982413e+00
412	7.924230e-01	2.029880e-01	1.578407e+00
413	6.114882e-01	6.446221e-01	2.904250e+00
414	4.736349e-01	5.159181e-01	2.948217e+00
415	4.836394e-01	5.092805e-01	1.856864e+00
416	4.727681e-01	4.481213e-01	1.780655e+00
417	5.151311e-01	5.406611e-01	1.223742e+00
418	4.461205e-01	4.645502e-01	2.928676e+00
419	5.022089e-01	5.526534e-01	1.055691e+00
420	4.810596e-01	4.986909e-01	2.823156e+00
421	4.700726e-01	5.071658e-01	2.886663e+00
422	4.687857e-01	4.942188e-01	1.391793e+00
423	6.354994e-01	3.382388e-01	1.467025e+00
424	4.776392e-01	5.047619e-01	1.512946e+00
425	1.416795e-01	5.178823e-01	1.960430e+00
426	1.583486e-01	4.985739e-01	2.254519e+00
427	4.398378e-01	4.127041e-01	2.899365e+00
428	4.740001e-01	4.785227e-01	1.247191e+00
429	4.640372e-01	5.037841e-01	1.802149e+00
430	4.520304e-01	4.943375e-01	1.663410e+00
431	4.704135e-01	4.497056e-01	2.556424e+00
433	4.932153e-01	5.217268e-01	2.475330e+00
434	4.848271e-01	5.441138e-01	2.923791e+00
435	5.366891e-01	3.434021e-01	2.906204e+00
437	4.584112e-01	5.804854e-01	2.476307e+00
438	5.665639e-01	5.966709e-01	2.065950e+00
439	4.768616e-01	5.071698e-01	1.983879e+00
440	4.489266e-01	6.297322e-01	1.637030e+00
441	5.766470e-01	3.340539e-01	1.338056e+00
442	3.981921e-01	5.657947e-01	2.406937e+00
443	5.057319e-01	2.821057e-01	1.422081e+00
444	4.293336e-01	4.326746e-01	2.956033e+00
445	4.584779e-01	5.058517e-01	2.601368e+00
446	4.311796e-01	5.079722e-01	1.846116e+00
447	4.716215e-01	5.125243e-01	1.264778e+00
448	4.851822e-01	5.685942e-01	1.119199e+00
449	4.516196e-01	4.267747e-01	1.956522e+00
450	4.457587e-01	5.568671e-01	2.971666e+00
451	4.787318e-01	5.079646e-01	2.149976e+00
452	5.639430e-01	4.458862e-01	1.574499e+00
453	4.288965e-01	2.430818e-01	1.775769e+00
455	4.460283e-01	4.490558e-01	2.984367e+00
456	4.920856e-01	5.590021e-01	1.577430e+00
457	5.324373e-01	5.552231e-01	2.955056e+00
458	4.879842e-01	4.801054e-01	2.865169e+00
459	4.255246e-01	3.551945e-01	1.672203e+00
461	3.436106e-01	7.663775e-01	2.513434e+00
462	4.603673e-01	4.809087e-01	1.853933e+00
463	4.594800e-01	4.836938e-01	2.858329e+00
464	4.621510e-01	4.243015e-01	1.574499e+00
465	4.082849e-01	5.079550e-01	1.432829e+00
466	4.785750e-01	5.062703e-01	1.500244e+00
467	3.799229e-01	3.451780e-01	1.323400e+00
468	4.862631e-01	5.034117e-01	2.147044e+00
469	4.645240e-01	5.163326e-01	2.698095e+00
470	4.737187e-01	5.364932e-01	1.364436e+00
471	5.922949e-01	6.843702e-01	2.076698e+00
472	4.706441e-01	5.121371e-01	2.011236e+00
473	4.810032e-01	3.965352e-01	1.215926e+00
474	4.796002e-01	5.137418e-01	2.299463e+00
475	5.310424e-01	5.280057e-01	1.683928e+00
476	4.844935e-01	5.235135e-01	2.081583e+00
477	4.357805e-01	4.614423e-01	2.350269e+00
478	4.007632e-01	6.643776e-01	2.728383e+00
479	3.591399e-01	3.608492e-01	1.194431e+00
480	4.481212e-01	4.664279e-01	2.515388e+00
481	4.205131e-01	2.793291e-01	1.865657e+00
482	4.890865e-01	7.799880e-01	1.802149e+00
483	4.784522e-01	4.982186e-01	1.367367e+00
484	4.344104e-01	4.093481e-01	1.148510e+00
485	5.566584e-01	6.407540e-01	2.427455e+00
486	3.773530e-01	4.603923e-01	2.196873e+00
487	4.440791e-01	5.087780e-01	2.386419e+00
488	4.630511e-01	4.513050e-01	1.294089e+00
489	4.817775e-01	5.896172e-01	1.687836e+00
490	4.059876e-01	6.095497e-01	1.146556e+00
491	5.690506e-01	7.757244e-01	1.597948e+00
492	4.629415e-01	5.601003e-01	2.412799e+00
493	3.919921e-01	3.449779e-01	1.227650e+00
494	4.916627e-01	4.113276e-01	2.522228e+00
495	4.767188e-01	5.657106e-01	1.437714e+00
496	4.733852e-01	5.061326e-01	1.523693e+00
497	5.139874e-01	6.326206e-01	1.221788e+00
498	4.739972e-01	4.832734e-01	1.652662e+00
499	5.185457e-01	6.693807e-01	1.269663e+00
500	4.691988e-01	5.074024e-01	2.967758e+00
501	4.686542e-01	5.159795e-01	2.546654e+00
502	4.474621e-01	1.408946e-01	1.818759e+00
503	4.659289e-01	5.867144e-01	1.919394e+00
504	4.804661e-01	4.913321e-01	2.563263e+00
505	5.176891e-01	6.152090e-01	1.451392e+00
506	4.248044e-01	6.128693e-01	1.718124e+00
507	4.623985e-01	5.022158e-01	1.207132e+00
508	4.744902e-01	5.206674e-01	1.236444e+00
509	4.582285e-01	4.386771e-01	2.622863e+00
510	3.251866e-01	5.957791e-01	2.549585e+00
511	4.636988e-01	5.083733e-01	2.966781e+00
512	5.200374e-01	7.167032e-01	2.395213e+00
513	5.123982e-01	5.107276e-01	1.534441e+00
514	3.418709e-01	3.441969e-01	1.550073e+00
515	4.734706e-01	5.945625e-01	1.610650e+00
516	5.052296e-01	7.503239e-01	1.612604e+00
517	5.001225e-01	5.078610e-01	1.086957e+00
518	4.760029e-01	5.143868e-01	2.282853e+00
519	3.254290e-01	2.425309e-01	1.573522e+00
520	4.877689e-01	5.000488e-01	2.497802e+00
521	4.667499e-01	5.257903e-01	1.752320e+00
523	4.595410e-01	5.299485e-01	1.209086e+00
524	5.222668e-01	6.885588e-01	2.755740e+00
525	3.526161e-01	5.073481e-01	1.499267e+00
526	4.640554e-01	5.163283e-01	1.014656e+00
527	7.363412e-01	7.349133e-01	2.891549e+00
528	4.666366e-01	5.045259e-01	2.478261e+00
529	5.754289e-01	6.178531e-01	1.898876e+00
530	4.934723e-01	5.085651e-01	1.188569e+00
531	5.007106e-01	5.259367e-01	2.785051e+00
532	4.668782e-01	5.135652e-01	2.945286e+00
533	4.322259e-01	4.291633e-01	2.458720e+00
534	5.658669e-01	5.108744e-01	2.673669e+00
535	4.827194e-01	5.150872e-01	1.399609e+00
536	4.773757e-01	5.681436e-01	2.604299e+00
537	4.767415e-01	5.074851e-01	1.529555e+00
538	4.732896e-01	5.084530e-01	2.823156e+00
539	4.601431e-01	5.000654e-01	2.826087e+00
540	4.835715e-01	5.876238e-01	2.844651e+00
541	4.100971e-01	4.744948e-01	2.290669e+00
542	5.073080e-01	4.845581e-01	2.570103e+00
543	4.763189e-01	5.156175e-01	2.396190e+00
544	4.838380e-01	4.611585e-01	1.318515e+00
545	4.108435e-01	4.622877e-01	2.605276e+00
546	4.255192e-01	5.220441e-01	2.683439e+00
547	5.671334e-01	5.260242e-01	1.587201e+00
548	5.020127e-01	6.953689e-01	1.375183e+00
549	4.347992e-01	5.568978e-01	2.298486e+00
550	3.523603e-01	4.500576e-01	1.285296e+00
551	4.697288e-01	5.030616e-01	2.983390e+00
552	4.084029e-01	5.677569e-01	1.195408e+00
553	4.709346e-01	5.302020e-01	2.414753e+00
554	3.743839e-01	7.012796e-01	1.843185e+00
555	4.642320e-01	5.254283e-01	2.396190e+00
556	4.707879e-01	5.238714e-01	3.000000e+00
557	4.922437e-01	5.242452e-01	2.728383e+00
559	4.656676e-01	4.871211e-01	1.944797e+00
560	4.469244e-01	7.085229e-01	2.883732e+00
561	4.716210e-01	3.767543e-01	2.383488e+00
562	3.692139e-01	5.732888e-01	2.506595e+00
563	4.457476e-01	4.842199e-01	1.786517e+00
564	4.584223e-01	5.524740e-01	2.893503e+00
565	4.698794e-01	5.017669e-01	2.981436e+00
566	4.394398e-01	4.739041e-01	2.663898e+00
567	4.705086e-01	5.101833e-01	2.227162e+00
568	4.417198e-01	5.219575e-01	1.527601e+00
569	3.783673e-01	3.973565e-01	2.610161e+00
570	8.269381e-01	3.143415e-01	1.058622e+00
571	4.768291e-01	5.396527e-01	2.782120e+00
573	4.899381e-01	5.136965e-01	2.109917e+00
574	4.913038e-01	5.510256e-01	2.074744e+00
575	4.903483e-01	5.202347e-01	2.319003e+00
576	5.085047e-01	5.048489e-01	1.290181e+00
577	4.284518e-01	4.003306e-01	1.286273e+00
578	4.708883e-01	4.367723e-01	1.881290e+00
579	4.609893e-01	4.838641e-01	1.664387e+00
580	2.803418e-01	3.785750e-01	1.242306e+00
581	4.323097e-01	5.302591e-01	1.927211e+00
582	4.714063e-01	5.124828e-01	2.820225e+00
583	5.210209e-01	6.928730e-01	2.792868e+00
584	4.060283e-01	5.533423e-01	1.201270e+00
585	4.411374e-01	4.384510e-01	1.898876e+00
586	4.717418e-01	5.118644e-01	1.782609e+00
587	4.854149e-01	5.030831e-01	1.561798e+00
588	4.751511e-01	5.057267e-01	2.282853e+00
589	4.960583e-01	5.596013e-01	2.210552e+00
590	4.703130e-01	4.448458e-01	1.020518e+00
591	4.834636e-01	5.593424e-01	1.784563e+00
592	4.772364e-01	5.060897e-01	1.275525e+00
593	4.745936e-01	5.301012e-01	1.212995e+00
594	5.543782e-01	5.173962e-01	2.964827e+00
595	4.705347e-01	5.427407e-01	2.079629e+00
596	3.384734e-01	3.044465e-01	1.187592e+00
597	5.170517e-01	5.303240e-01	1.258915e+00
598	4.259182e-01	4.849799e-01	1.999511e+00
599	4.692758e-01	4.967274e-01	1.264778e+00
600	4.682116e-01	4.993031e-01	1.110405e+00
601	5.510099e-01	8.273836e-01	1.107474e+00
602	4.097741e-01	4.549209e-01	1.070347e+00
603	4.613225e-01	5.007470e-01	2.400098e+00
604	4.517935e-01	5.526529e-01	2.871031e+00
605	4.688994e-01	5.130123e-01	2.739130e+00
606	4.351816e-01	4.965190e-01	2.061065e+00
607	2.954462e-01	4.446585e-01	1.073278e+00
608	4.606207e-01	4.521290e-01	2.799707e+00
609	4.164672e-01	4.146552e-01	2.010259e+00
610	4.286710e-01	5.584210e-01	1.700537e+00
611	4.756180e-01	5.277791e-01	1.339033e+00
612	4.672387e-01	5.503713e-01	2.227162e+00
613	6.779791e-01	2.272404e-01	2.482169e+00
614	4.721993e-01	5.196749e-01	2.958964e+00
615	5.317248e-01	4.532172e-01	1.443576e+00
616	3.503937e-01	5.265884e-01	2.381534e+00
617	4.445915e-01	3.857754e-01	1.971177e+00
618	4.701606e-01	5.239318e-01	2.960918e+00
619	3.721322e-01	3.801432e-01	1.812897e+00
620	4.701040e-01	4.245230e-01	1.170982e+00
621	4.908691e-01	5.830424e-01	1.277479e+00
622	3.677252e-01	4.495477e-01	1.176844e+00
623	3.752719e-01	5.022185e-01	1.636053e+00
624	4.008968e-01	6.084567e-01	2.336590e+00
625	4.605634e-01	5.309369e-01	1.343918e+00
626	4.860702e-01	5.043701e-01	1.905716e+00
627	4.416646e-01	4.434965e-01	1.784563e+00
628	4.700692e-01	5.150041e-01	2.063996e+00
629	4.669503e-01	5.033668e-01	2.497802e+00
630	5.467151e-01	4.610703e-01	2.870054e+00
631	4.852201e-01	5.964188e-01	1.729849e+00
632	4.883257e-01	5.135393e-01	2.290669e+00
633	4.761493e-01	5.064435e-01	2.841720e+00
634	4.725546e-01	5.022198e-01	2.195896e+00
635	4.325607e-01	4.676061e-01	1.601856e+00
636	4.401528e-01	4.513767e-01	2.449927e+00
637	4.812318e-01	5.486848e-01	1.462140e+00
638	4.727988e-01	5.073933e-01	2.041524e+00
639	4.749465e-01	5.095527e-01	2.061065e+00
640	4.496162e-01	4.921207e-01	2.130435e+00
641	4.332657e-01	2.944981e-01	2.205667e+00
642	4.715371e-01	5.152152e-01	2.184172e+00
643	5.107251e-01	5.373421e-01	2.747924e+00
644	3.346009e-01	5.739179e-01	2.909135e+00
645	4.703158e-01	5.066679e-01	2.777235e+00
646	4.561880e-01	5.066802e-01	1.295066e+00
647	4.293277e-01	5.647419e-01	1.050806e+00
648	3.402168e-01	5.246181e-01	1.191500e+00
649	4.857431e-01	5.187218e-01	1.198339e+00
650	4.607210e-01	4.951210e-01	2.656082e+00
651	4.920117e-01	5.172241e-01	1.692721e+00
652	7.928434e-01	7.324034e-01	2.330728e+00
653	4.885577e-01	5.332144e-01	1.906693e+00
654	5.006286e-01	5.116559e-01	2.192965e+00
655	4.540810e-01	4.661695e-01	1.200293e+00
656	4.612892e-01	4.982328e-01	2.361016e+00
657	4.003366e-01	3.817019e-01	2.080606e+00
658	4.612200e-01	5.225675e-01	2.017098e+00
659	4.197406e-01	5.146945e-01	2.191011e+00
660	7.365388e-01	6.500845e-01	1.667318e+00
661	5.801296e-01	5.900850e-01	2.229116e+00
662	2.746499e-01	4.162119e-01	1.188569e+00
663	4.861186e-01	5.166395e-01	2.714704e+00
664	5.293755e-01	5.734696e-01	1.979971e+00
665	4.982916e-01	6.094031e-01	2.954079e+00
666	3.558788e-01	4.559831e-01	1.803127e+00
667	4.866536e-01	4.587323e-01	1.039082e+00
668	5.926919e-01	3.569818e-01	1.893014e+00
669	4.456822e-01	4.034837e-01	1.778701e+00
670	5.939084e-01	5.240851e-01	1.807035e+00
671	5.002755e-01	5.562102e-01	1.102589e+00
672	4.621638e-01	7.799899e-01	1.879336e+00
673	4.390688e-01	4.688580e-01	1.984856e+00
674	4.733334e-01	5.088569e-01	2.238886e+00
675	4.676325e-01	5.401908e-01	2.868100e+00
676	4.767972e-01	4.988829e-01	2.748901e+00
677	5.444747e-01	6.763095e-01	1.578407e+00
678	4.963664e-01	5.644136e-01	1.621397e+00
679	4.676683e-01	5.106025e-01	2.657059e+00
680	4.860516e-01	5.279969e-01	2.404983e+00
681	4.661726e-01	5.415268e-01	2.272106e+00
682	4.730234e-01	4.295156e-01	1.463117e+00
683	4.567658e-01	4.818413e-01	2.316072e+00
684	4.816002e-01	5.347774e-01	2.334636e+00
685	4.170375e-01	4.123174e-01	1.365413e+00
686	4.499959e-01	6.508966e-01	2.105032e+00
687	5.128050e-01	4.569297e-01	1.339033e+00
688	4.617088e-01	5.009522e-01	2.932584e+00
689	4.703887e-01	5.169694e-01	2.378603e+00
690	4.686607e-01	5.167445e-01	1.833415e+00
691	3.087477e-01	4.585340e-01	1.663410e+00
692	5.168066e-01	5.030292e-01	2.251588e+00
693	6.132614e-01	4.289306e-01	1.766976e+00
694	4.787221e-01	5.135294e-01	1.575476e+00
695	5.360220e-01	2.750237e-01	2.771373e+00
696	4.617473e-01	5.037199e-01	2.787005e+00
697	4.602155e-01	5.048739e-01	1.959453e+00
698	4.595311e-01	5.326642e-01	2.187103e+00
699	4.716054e-01	5.072809e-01	2.430386e+00
700	5.430996e-01	5.571035e-01	2.679531e+00
701	5.028831e-01	5.873211e-01	2.191988e+00
702	4.175037e-01	4.764890e-01	2.945286e+00
703	4.976617e-01	5.029254e-01	2.793845e+00
704	4.796785e-01	5.191126e-01	2.132389e+00
705	6.339646e-01	5.831359e-01	1.627259e+00
706	4.803684e-01	5.219573e-01	1.623351e+00
707	4.833600e-01	5.080053e-01	2.772350e+00
708	4.667265e-01	5.065750e-01	1.552027e+00
709	6.132594e-01	5.093582e-01	1.180752e+00
710	4.375973e-01	4.579775e-01	1.632145e+00
711	3.502089e-01	2.793606e-01	1.680997e+00
712	4.715314e-01	5.160434e-01	2.828041e+00
713	4.222343e-01	6.283043e-01	1.703468e+00
714	4.910185e-01	4.362105e-01	1.471910e+00
715	4.784929e-01	4.897447e-01	2.368832e+00
716	4.863720e-01	5.094928e-01	1.961407e+00
717	4.769303e-01	5.051361e-01	1.756229e+00
718	5.059897e-01	5.190792e-01	2.987298e+00
719	4.713161e-01	5.156242e-01	2.332682e+00
720	4.850579e-01	5.081224e-01	1.097704e+00
721	4.749199e-01	5.506971e-01	1.954568e+00
722	4.677951e-01	5.136600e-01	1.704446e+00
723	4.730738e-01	5.088825e-01	1.853933e+00
724	4.762878e-01	5.905044e-01	2.829995e+00
725	4.033295e-01	5.006741e-01	2.232047e+00
726	4.305824e-01	4.245714e-01	2.587689e+00
727	6.422202e-01	2.813108e-01	2.698095e+00
729	4.757965e-01	5.129601e-01	1.212995e+00
730	3.661110e-01	5.480474e-01	1.502198e+00
731	4.737760e-01	5.099014e-01	2.614069e+00
732	5.693161e-01	6.719340e-01	2.880801e+00
733	4.598581e-01	4.959881e-01	1.956522e+00
734	5.080668e-01	6.171321e-01	2.745970e+00
735	7.954700e-01	4.421477e-01	1.179775e+00
736	4.121251e-01	5.635688e-01	1.935027e+00
737	4.670923e-01	5.011113e-01	1.975085e+00
738	4.888453e-01	5.696049e-01	1.067416e+00
739	5.158236e-01	4.855548e-01	2.024915e+00
740	3.294992e-01	4.676532e-01	2.810454e+00
741	4.727715e-01	5.356519e-01	2.428432e+00
742	4.509740e-01	5.203904e-01	1.957499e+00
743	4.600896e-01	6.746884e-01	2.306302e+00
744	4.981530e-01	5.244477e-01	2.557401e+00
745	4.764478e-01	5.178491e-01	1.243283e+00
746	4.404972e-01	4.880690e-01	2.429409e+00
747	4.818867e-01	5.315728e-01	2.523205e+00
748	5.665974e-01	6.118415e-01	2.842697e+00
749	4.702053e-01	5.086946e-01	2.247680e+00
750	4.653574e-01	4.766285e-01	2.000489e+00
751	4.561319e-01	4.815857e-01	2.446019e+00
752	4.737305e-01	5.069633e-01	2.360039e+00
753	5.991619e-01	4.120366e-01	2.567171e+00
754	4.736076e-01	4.902127e-01	2.415730e+00
755	4.998335e-01	4.902921e-01	1.989741e+00
756	4.663365e-01	5.162831e-01	2.908158e+00
757	5.119465e-01	4.245308e-01	2.731314e+00
758	4.690748e-01	5.100522e-01	2.544700e+00
759	4.732159e-01	5.085304e-01	2.890572e+00
760	4.726839e-01	5.112796e-01	1.654617e+00
761	4.786372e-01	5.049902e-01	1.008793e+00
762	4.676354e-01	5.627507e-01	1.260870e+00
763	4.219540e-01	3.953253e-01	1.347826e+00
764	4.842418e-01	5.117184e-01	1.325354e+00
765	4.654267e-01	5.065872e-01	1.420127e+00
766	4.418657e-01	2.904098e-01	2.845628e+00
767	5.056772e-01	5.322004e-01	1.853933e+00
768	4.706664e-01	4.959203e-01	1.303859e+00
769	5.381931e-01	6.300753e-01	1.294089e+00
770	6.982660e-01	2.132032e-01	1.675134e+00
771	4.326427e-01	5.493606e-01	2.417684e+00
772	4.796721e-01	5.670664e-01	2.053249e+00
773	4.731477e-01	5.031707e-01	1.276502e+00
774	6.094357e-01	4.099660e-01	2.779189e+00
775	2.041338e-01	3.488778e-01	1.984856e+00
776	4.696409e-01	5.651314e-01	2.295554e+00
777	4.720282e-01	5.161479e-01	1.652662e+00
778	4.699580e-01	5.082192e-01	2.464582e+00
779	4.717656e-01	5.081655e-01	1.763068e+00
780	4.567914e-01	5.485981e-01	2.026869e+00
781	5.307707e-01	5.606041e-01	1.160234e+00
782	5.116177e-01	6.982230e-01	2.302394e+00
783	4.550065e-01	4.789379e-01	1.384954e+00
784	4.898339e-01	5.719813e-01	2.598437e+00
785	4.031274e-01	5.196105e-01	2.130435e+00
786	5.244743e-01	5.190960e-01	1.690767e+00
787	4.677605e-01	4.872262e-01	1.940889e+00
788	4.761196e-01	5.203173e-01	2.099170e+00
