789
0	9.493556e-01	4.362093e-01	1.398632e+00
1	3.003684e-01	4.216103e-01	1.108451e+00
2	4.574215e-01	4.729212e-01	2.925745e+00
3	4.809160e-01	6.128627e-01	2.732291e+00
4	4.982190e-01	4.896162e-01	1.257938e+00
5	5.113417e-01	4.158769e-01	2.424524e+00
6	4.639513e-01	6.710836e-01	1.383000e+00
7	4.982413e-01	4.522860e-01	2.705911e+00
8	5.114711e-01	5.042832e-01	2.442110e+00
9	4.772804e-01	5.211075e-01	2.233024e+00
10	4.849125e-01	5.490273e-01	2.376649e+00
11	4.794941e-01	5.105568e-01	1.556913e+00
12	4.355740e-01	6.190474e-01	2.950171e+00
13	4.404546e-01	4.365774e-01	1.066439e+00
14	4.847003e-01	5.234532e-01	1.626282e+00
15	5.779815e-01	5.609945e-01	1.306790e+00
16	4.840610e-01	5.224787e-01	2.902296e+00
17	4.367180e-01	6.081562e-01	1.195408e+00
18	5.192771e-01	5.746461e-01	1.785540e+00
19	4.759172e-01	5.499372e-01	1.248168e+00
20	5.036107e-01	5.376620e-01	1.863703e+00
21	4.200887e-01	4.530514e-01	2.671715e+00
22	4.866673e-01	5.131560e-01	2.487054e+00
23	3.992460e-01	7.082725e-01	1.946751e+00
24	4.421720e-01	5.422558e-01	1.303859e+00
25	3.617735e-01	6.981310e-01	2.152907e+00
26	4.748016e-01	5.455133e-01	1.388862e+00
27	4.770886e-01	5.831200e-01	1.591109e+00
28	4.703765e-01	6.004911e-01	2.205667e+00
29	5.019434e-01	4.909462e-01	2.181241e+00
30	5.767090e-01	5.554779e-01	1.475818e+00
31	3.948162e-01	4.683219e-01	2.309233e+00
32	4.683261e-01	5.595907e-01	2.073766e+00
33	4.672081e-01	3.193511e-01	2.331705e+00
34	4.764988e-01	5.475155e-01	1.126038e+00
35	5.574648e-01	5.274512e-01	2.235955e+00
36	6.355500e-01	7.136900e-01	2.805569e+00
37	4.309732e-01	4.741675e-01	2.555447e+00
38	4.790416e-01	5.171393e-01	2.559355e+00
39	4.717456e-01	5.511900e-01	1.895945e+00
40	4.825338e-01	5.938898e-01	1.282364e+00
41	5.127718e-01	4.292432e-01	2.750855e+00
42	4.799381e-01	5.351626e-01	2.412799e+00
43	4.884404e-01	5.247969e-01	2.557401e+00
44	4.748864e-01	4.617489e-01	1.648754e+00
45	5.061990e-01	6.143441e-01	1.721055e+00
46	5.039228e-01	4.211447e-01	2.588666e+00
47	5.000215e-01	5.337016e-01	1.525647e+00
48	4.785734e-01	5.229314e-01	2.751832e+00
49	5.386954e-01	6.098257e-01	2.625794e+00
50	4.946330e-01	5.891827e-01	1.663410e+00
51	4.819561e-01	5.247280e-01	2.560332e+00
52	4.839083e-01	5.331337e-01	1.696629e+00
53	4.897506e-01	5.211591e-01	1.506106e+00
54	4.871191e-01	5.251371e-01	2.675623e+00
55	4.256041e-01	5.912496e-01	2.497802e+00
56	4.209691e-01	6.388590e-01	1.031265e+00
57	5.000355e-01	4.745904e-01	2.361993e+00
58	5.116972e-01	4.409464e-01	1.866634e+00
59	7.299000e-01	7.705772e-01	2.930630e+00
60	5.763162e-01	8.284563e-01	1.503175e+00
61	5.065198e-01	4.997571e-01	2.449927e+00
62	4.646299e-01	5.120099e-01	2.831949e+00
63	4.979392e-01	4.875828e-01	2.317049e+00
64	4.650591e-01	5.797855e-01	2.353200e+00
65	4.773262e-01	5.215840e-01	2.575965e+00
66	5.804956e-01	5.467674e-01	2.922814e+00
67	5.007783e-01	4.443678e-01	2.289692e+00
68	4.709089e-01	5.052127e-01	2.766488e+00
69	5.062518e-01	3.718358e-01	1.522716e+00
70	5.312634e-01	5.286673e-01	2.769419e+00
71	4.880801e-01	5.155971e-01	1.110405e+00
72	5.011928e-01	5.012701e-01	1.412311e+00
73	7.188279e-01	4.594254e-01	1.951637e+00
74	4.531656e-01	3.963629e-01	1.449438e+00
75	2.494508e-01	5.061937e-01	2.176356e+00
76	4.949529e-01	5.949230e-01	1.212995e+00
77	5.143664e-01	5.380502e-01	1.872496e+00
78	4.833903e-01	4.828731e-01	1.606742e+00
79	4.874950e-01	4.734583e-01	1.183683e+00
80	4.623279e-01	6.140624e-01	2.736199e+00
81	4.840516e-01	5.254752e-01	1.617489e+00
82	4.569987e-01	4.356808e-01	2.456766e+00
83	4.694281e-01	4.939393e-01	1.406448e+00
84	4.268378e-01	5.462201e-01	2.453835e+00
85	4.830776e-01	5.277959e-01	2.712750e+00
86	4.917730e-01	5.082533e-01	2.877870e+00
87	5.233691e-01	7.413453e-01	1.533464e+00
88	4.646271e-01	5.072047e-01	2.169516e+00
89	5.715535e-01	2.751542e-01	2.483146e+00
90	4.539705e-01	6.178417e-01	1.538349e+00
91	4.637023e-01	5.213887e-01	1.117245e+00
92	4.791982e-01	5.364085e-01	2.709819e+00
93	4.328033e-01	5.609110e-01	2.929653e+00
94	4.171521e-01	5.773195e-01	2.125550e+00
95	4.090747e-01	4.370860e-01	2.148999e+00
96	4.739280e-01	5.341684e-01	1.206155e+00
97	7.474725e-01	4.327764e-01	2.689301e+00
98	4.919731e-01	5.085097e-01	1.997557e+00
99	4.308782e-01	4.435212e-01	1.753298e+00
100	4.732906e-01	5.053683e-01	1.491451e+00
101	4.832804e-01	5.214530e-01	2.381534e+00
102	4.680527e-01	4.724918e-01	1.837323e+00
103	4.421483e-01	5.700611e-01	2.723498e+00
104	4.863275e-01	5.354302e-01	1.216903e+00
105	4.947792e-01	5.206507e-01	1.385931e+00
106	1.606760e-01	4.406993e-01	1.094773e+00
107	4.740489e-01	5.496414e-01	1.887152e+00
108	3.033124e-01	5.489618e-01	1.869565e+00
109	3.017436e-01	4.183727e-01	2.657059e+00
110	4.921457e-01	4.314421e-01	1.905716e+00
111	4.556712e-01	4.996833e-01	2.319980e+00
112	1.617076e-01	3.561757e-01	1.549096e+00
113	7.144225e-01	3.971929e-01	1.155349e+00
114	4.884056e-01	4.856933e-01	1.261847e+00
115	5.186734e-01	5.728600e-01	1.308745e+00
116	6.058410e-02	2.779980e-01	1.148510e+00
117	4.812329e-01	5.004338e-01	1.865657e+00
118	4.874183e-01	6.166193e-01	2.988276e+00
119	4.762886e-01	5.100805e-01	1.479726e+00
120	4.788407e-01	5.569254e-01	2.095261e+00
121	4.471618e-01	6.104986e-01	2.442110e+00
122	6.632939e-01	6.857320e-01	1.070347e+00
123	4.628643e-01	5.131924e-01	1.417196e+00
124	4.917713e-01	5.093062e-01	2.817294e+00
125	5.387694e-01	8.613337e-01	1.164143e+00
126	4.504358e-01	6.121793e-01	2.738153e+00
127	3.311527e-01	2.942259e-01	2.338544e+00
128	6.914389e-01	7.471587e-01	1.282364e+00
129	4.761119e-01	5.200158e-01	2.676600e+00
130	6.915383e-01	7.472738e-01	2.443087e+00
131	8.469183e-01	6.756044e-02	2.375672e+00
132	2.656514e-01	4.223125e-01	1.220811e+00
133	2.321782e-01	5.087596e-01	2.407914e+00
134	4.943702e-01	6.219152e-01	2.277968e+00
135	4.736244e-01	5.172673e-01	2.409868e+00
136	4.529683e-01	4.748099e-01	2.083537e+00
137	5.741434e-01	5.587820e-01	2.286761e+00
138	2.271506e-01	5.108078e-01	1.194431e+00
139	4.889183e-01	5.216366e-01	2.818271e+00
140	5.037782e-01	4.130514e-01	2.827064e+00
141	4.716217e-01	5.515730e-01	1.684905e+00
142	4.705190e-01	5.463022e-01	1.999511e+00
143	4.861891e-01	4.830725e-01	1.956522e+00
144	4.749080e-01	5.088512e-01	2.323889e+00
145	4.962801e-01	4.262324e-01	2.501710e+00
146	3.462298e-01	4.661142e-01	2.395213e+00
147	4.079127e-01	4.368028e-01	2.719590e+00
148	4.824246e-01	5.248580e-01	2.937469e+00
149	4.792292e-01	4.681643e-01	2.803615e+00
150	4.178432e-01	4.441023e-01	1.794333e+00
151	5.001541e-01	5.197743e-01	2.611138e+00
152	4.565239e-01	4.978837e-01	1.724963e+00
153	4.848443e-01	5.212645e-01	1.983879e+00
154	4.784162e-01	5.201253e-01	2.181241e+00
155	4.305387e-01	4.512852e-01	1.295066e+00
156	4.648805e-01	4.516775e-01	1.970200e+00
157	4.531553e-01	5.177153e-01	2.387396e+00
158	5.614493e-01	5.079631e-01	2.386419e+00
159	4.358097e-01	4.010837e-01	2.647289e+00
160	4.816864e-01	5.164999e-01	1.686859e+00
161	4.630513e-01	5.500187e-01	1.553981e+00
162	4.399307e-01	6.126624e-01	1.764045e+00
163	4.777413e-01	3.319624e-01	1.632145e+00
164	4.822873e-01	5.244216e-01	1.235467e+00
165	4.786032e-01	5.357931e-01	2.251588e+00
166	4.608380e-01	5.433907e-01	1.751343e+00
167	5.464720e-01	5.037572e-01	1.715193e+00
168	4.794135e-01	5.196479e-01	2.109917e+00
169	4.947833e-01	4.296950e-01	2.137274e+00
170	5.749181e-01	5.575135e-01	2.099170e+00
171	4.896588e-01	6.168396e-01	2.057157e+00
172	4.384215e-01	5.445876e-01	2.246702e+00
173	4.938523e-01	5.007897e-01	1.894968e+00
174	4.449121e-01	4.888207e-01	2.453835e+00
175	4.760265e-01	5.522355e-01	2.834880e+00
176	5.609495e-01	5.056013e-01	2.215437e+00
177	4.775923e-01	5.362702e-01	2.153884e+00
178	4.832322e-01	5.313107e-01	2.475330e+00
179	5.343761e-01	6.158676e-01	1.274548e+00
180	4.744540e-01	4.805800e-01	2.127504e+00
181	4.631152e-01	5.175345e-01	1.790425e+00
182	7.249977e-01	6.572372e-01	1.736688e+00
183	4.853729e-01	4.943280e-01	1.692721e+00
184	5.196657e-01	4.283227e-01	2.042501e+00
185	4.890177e-01	4.910056e-01	1.468979e+00
186	4.483868e-01	5.427210e-01	1.784563e+00
187	9.402115e-01	8.425879e-01	2.653151e+00
188	4.612526e-01	5.884270e-01	1.839277e+00
189	4.900590e-01	5.086698e-01	1.175867e+00
190	3.987807e-01	5.782475e-01	2.807523e+00
191	6.490421e-01	3.801506e-01	2.811431e+00
192	5.441596e-01	5.519870e-01	1.192477e+00
193	1.779328e-01	5.174095e-01	1.620420e+00
194	1.956140e-01	5.463464e-01	2.624817e+00
195	4.826601e-01	5.190312e-01	2.806546e+00
196	5.334525e-01	4.188562e-01	1.763068e+00
197	2.880095e-01	1.534929e-01	2.060088e+00
198	3.669790e-01	6.116705e-01	2.458720e+00
199	5.145086e-01	4.434577e-01	2.463605e+00
200	2.855223e-01	3.233126e-01	1.141671e+00
201	4.841050e-01	5.349447e-01	1.146556e+00
202	5.123383e-01	4.323372e-01	1.395701e+00
203	4.996495e-01	5.045380e-01	1.755252e+00
204	5.025939e-01	4.972930e-01	2.901319e+00
205	4.935275e-01	4.922612e-01	2.123596e+00
206	2.995707e-01	3.344097e-01	1.652662e+00
207	4.757262e-01	5.837218e-01	1.199316e+00
208	4.776631e-01	5.475292e-01	2.170493e+00
209	5.452844e-01	6.215715e-01	2.733268e+00
210	4.254783e-01	4.135644e-01	1.545188e+00
211	4.468796e-01	5.172108e-01	1.376160e+00
212	4.685562e-01	5.280863e-01	1.621397e+00
213	4.710917e-01	5.189062e-01	1.883244e+00
214	4.811181e-01	5.072540e-01	1.612604e+00
215	4.632776e-01	4.959981e-01	2.909135e+00
216	4.778235e-01	5.377578e-01	1.354665e+00
217	4.635213e-01	5.179003e-01	2.770396e+00
218	3.441202e-01	4.615810e-01	2.148999e+00
219	4.946777e-01	5.014036e-01	2.624817e+00
220	3.855436e-01	5.559556e-01	2.697118e+00
221	4.559724e-01	5.407145e-01	1.938935e+00
222	7.526669e-01	4.965764e-01	1.854910e+00
223	4.614037e-01	5.125078e-01	2.625794e+00
224	4.896030e-01	5.488758e-01	2.984367e+00
225	4.882260e-01	6.303624e-01	2.693210e+00
226	4.811071e-01	5.360219e-01	2.276014e+00
227	5.004444e-01	6.075323e-01	1.245237e+00
228	4.821090e-01	5.329663e-01	1.489497e+00
229	4.711547e-01	5.253512e-01	2.305325e+00
230	4.779042e-01	5.097607e-01	2.689301e+00
231	4.840781e-01	5.430360e-01	1.346849e+00
232	4.310521e-01	5.811546e-01	2.447973e+00
233	4.468010e-01	4.677833e-01	1.591109e+00
234	2.458155e-01	5.300004e-01	1.931119e+00
235	4.923601e-01	5.081626e-01	2.687347e+00
236	4.815148e-01	5.256236e-01	2.787982e+00
237	4.752201e-01	5.519540e-01	1.510015e+00
238	5.009790e-01	4.895177e-01	2.193942e+00
239	4.918787e-01	5.211956e-01	2.918906e+00
240	5.018544e-01	4.369523e-01	1.734734e+00
241	5.166737e-01	5.816454e-01	1.119199e+00
242	4.123380e-01	5.114997e-01	1.631168e+00
243	4.961512e-01	5.179278e-01	1.258915e+00
244	4.814054e-01	4.580595e-01	2.458720e+00
245	4.130244e-01	4.364899e-01	2.134343e+00
246	4.808947e-01	5.187511e-01	2.662921e+00
247	4.756404e-01	4.889716e-01	2.924768e+00
248	4.532384e-01	4.791150e-01	2.983390e+00
249	6.918840e-01	5.565259e-02	2.305325e+00
250	6.765368e-01	2.152202e-01	2.763556e+00
251	6.539701e-01	1.192144e-01	2.374695e+00
252	4.450432e-01	5.224276e-01	1.703468e+00
253	4.163093e-01	4.453338e-01	1.246214e+00
254	5.571485e-01	3.653505e-01	2.925745e+00
255	4.789808e-01	5.156656e-01	1.857841e+00
256	4.775348e-01	5.408894e-01	2.601368e+00
257	4.791062e-01	5.310950e-01	2.413776e+00
258	4.625027e-01	5.260646e-01	2.569126e+00
259	2.111825e-01	5.261580e-01	1.865657e+00
260	4.832557e-01	5.184802e-01	2.574988e+00
261	4.797092e-01	5.529058e-01	1.598925e+00
262	6.575421e-01	5.284405e-01	2.264289e+00
263	4.297271e-01	5.418930e-01	1.176844e+00
264	4.684273e-01	5.540832e-01	1.061553e+00
265	4.871266e-01	5.138140e-01	2.526136e+00
266	4.789669e-01	6.110855e-01	1.928188e+00
267	4.806384e-01	4.530872e-01	2.006351e+00
268	4.941865e-01	4.440473e-01	1.041036e+00
269	5.627185e-01	5.784625e-01	1.793356e+00
270	5.030622e-01	4.654480e-01	1.860772e+00
271	5.183675e-01	6.149501e-01	1.389839e+00
272	4.889883e-01	5.105409e-01	1.052760e+00
273	5.026176e-01	4.654395e-01	1.156326e+00
274	4.796269e-01	5.156979e-01	1.981925e+00
275	7.085337e-01	7.522580e-01	2.256473e+00
276	4.847461e-01	5.819770e-01	2.368832e+00
277	4.751296e-01	5.245899e-01	2.024915e+00
278	6.869624e-01	7.414187e-01	1.266732e+00
279	4.649662e-01	5.133572e-01	1.348803e+00
280	4.687347e-01	4.809571e-01	2.472399e+00
281	5.385400e-01	4.892774e-01	2.288715e+00
282	4.964085e-01	4.258132e-01	2.745970e+00
283	4.835824e-01	5.914871e-01	2.490962e+00
284	4.732201e-01	5.011211e-01	2.515388e+00
285	5.509688e-01	6.369151e-01	1.545188e+00
286	4.776354e-01	5.268921e-01	2.662921e+00
287	5.040283e-01	4.271610e-01	2.264289e+00
288	4.542921e-01	4.153929e-01	2.905227e+00
289	4.485468e-01	4.898568e-01	1.058622e+00
290	3.849696e-01	5.344207e-01	2.152907e+00
291	7.346455e-01	9.378906e-02	2.784074e+00
292	4.904542e-01	5.098687e-01	2.445042e+00
293	2.295693e-01	3.641507e-01	2.852467e+00
294	4.953674e-01	4.328807e-01	2.070835e+00
295	4.806516e-01	5.277246e-01	1.406448e+00
296	4.184569e-01	7.906297e-01	1.751343e+00
297	5.507203e-01	5.504136e-01	2.077675e+00
298	2.388812e-01	4.151211e-01	1.601856e+00
299	4.753790e-01	5.162896e-01	2.048363e+00
300	4.514765e-01	4.876237e-01	2.781143e+00
301	4.838243e-01	5.204306e-01	2.779189e+00
302	5.089210e-01	4.408282e-01	2.617978e+00
303	4.822904e-01	5.355825e-01	1.698583e+00
304	2.443628e-01	4.009061e-01	1.948705e+00
305	4.785067e-01	5.354668e-01	1.416219e+00
306	3.692825e-01	2.591522e-01	1.745481e+00
307	4.766025e-01	5.520606e-01	2.291646e+00
308	3.893181e-02	3.916060e-01	1.868588e+00
309	4.952856e-01	6.253648e-01	2.511480e+00
310	4.736467e-01	5.505236e-01	2.596483e+00
311	4.869800e-01	6.197628e-01	2.855398e+00
312	4.864726e-01	5.650398e-01	1.312653e+00
313	5.009202e-01	4.740051e-01	1.787494e+00
314	4.832428e-01	5.205016e-01	2.252565e+00
315	5.058609e-01	4.233842e-01	1.978017e+00
316	4.154941e-01	4.579583e-01	2.965804e+00
317	4.818782e-01	5.252987e-01	2.221299e+00
318	6.341051e-01	3.947871e-01	1.701514e+00
319	4.815271e-01	6.055841e-01	1.135809e+00
320	4.846804e-01	5.493145e-01	2.997069e+00
321	7.057644e-01	5.295553e-02	2.470445e+00
322	4.663868e-01	5.056860e-01	2.362970e+00
323	4.787676e-01	5.299152e-01	2.553493e+00
324	4.376372e-01	4.611323e-01	1.347826e+00
325	1.771425e-01	6.046659e-02	2.896434e+00
326	4.747233e-01	5.236655e-01	1.857841e+00
327	4.236036e-01	5.122941e-01	1.669272e+00
328	4.738318e-01	5.092720e-01	1.726917e+00
329	5.161074e-01	4.341222e-01	2.604299e+00
330	4.578113e-01	4.714853e-01	2.089399e+00
331	4.580048e-01	5.328885e-01	1.552027e+00
332	4.881451e-01	6.271109e-01	1.769907e+00
333	4.797559e-01	5.373413e-01	1.382022e+00
334	5.009302e-01	4.771930e-01	2.510503e+00
335	5.112448e-01	5.251835e-01	1.640938e+00
336	4.788620e-01	5.510769e-01	2.933561e+00
337	4.354345e-01	4.488474e-01	1.033219e+00
338	3.943554e-01	5.125900e-01	1.408403e+00
339	4.926298e-01	5.083221e-01	2.767465e+00
340	4.786054e-01	5.351423e-01	1.526624e+00
341	5.083990e-01	4.649667e-01	1.456277e+00
342	4.770803e-01	5.180810e-01	1.054714e+00
343	4.327540e-01	5.597748e-01	2.601368e+00
344	4.865711e-01	5.228031e-01	2.193942e+00
345	8.070274e-01	1.804552e-01	2.321935e+00
346	4.698227e-01	5.825758e-01	1.564729e+00
347	4.946333e-01	5.230734e-01	1.679043e+00
348	5.435510e-01	6.083048e-01	2.034685e+00
349	4.737989e-01	5.153872e-01	2.564240e+00
350	3.975404e-01	3.488038e-01	2.311187e+00
351	4.344503e-01	5.521216e-01	1.297997e+00
352	4.892410e-01	5.129200e-01	2.873962e+00
353	5.521036e-01	4.643397e-01	2.202736e+00
354	4.785713e-01	5.303307e-01	2.653151e+00
355	3.728103e-01	2.787482e-01	2.461651e+00
356	4.772640e-01	5.374821e-01	1.679043e+00
357	4.394163e-01	4.397799e-01	2.991207e+00
358	5.303180e-01	4.548033e-01	2.857352e+00
359	4.907782e-01	6.307930e-01	1.913532e+00
360	3.846193e-01	4.084969e-01	1.216903e+00
361	2.897402e-01	7.457915e-01	1.214949e+00
362	4.653913e-01	5.097986e-01	1.005862e+00
363	4.832643e-01	5.709156e-01	2.227162e+00
364	4.717487e-01	5.370350e-01	1.723009e+00
365	4.202194e-01	8.556851e-01	1.491451e+00
366	5.181810e-01	5.286026e-01	1.692721e+00
367	4.874208e-01	5.527289e-01	1.154372e+00
368	4.918557e-01	5.080434e-01	1.851001e+00
369	4.846371e-01	5.173271e-01	2.418661e+00
370	5.716384e-01	5.578872e-01	1.874450e+00
371	5.122698e-01	6.165025e-01	1.591109e+00
372	5.183011e-01	5.314375e-01	2.199805e+00
373	6.613935e-01	6.769604e-01	2.208598e+00
374	5.004995e-01	4.383897e-01	1.322423e+00
375	5.011188e-01	5.013601e-01	2.361016e+00
376	3.810802e-01	5.581317e-01	1.815828e+00
377	4.818144e-01	5.244520e-01	1.328285e+00
378	4.921691e-01	5.076576e-01	1.883244e+00
379	8.343309e-01	9.290231e-01	1.599902e+00
380	5.674794e-01	3.493308e-01	2.343429e+00
381	4.741004e-01	4.816560e-01	1.835369e+00
382	1.440453e-01	8.553373e-01	1.065462e+00
383	4.375345e-01	5.283240e-01	1.698583e+00
384	4.455877e-01	5.040186e-01	2.761602e+00
385	7.063814e-01	3.864898e-01	1.961407e+00
386	4.235334e-01	5.140341e-01	2.449927e+00
387	4.824907e-01	5.404771e-01	2.669761e+00
388	4.158835e-01	4.656990e-01	2.597460e+00
389	4.783594e-01	5.540417e-01	2.960918e+00
390	4.778851e-01	5.519491e-01	1.655594e+00
391	4.767785e-01	5.996756e-01	2.572057e+00
392	4.752207e-01	5.379599e-01	1.234489e+00
393	4.578314e-01	5.414984e-01	1.607719e+00
394	4.821553e-01	5.221170e-01	2.643381e+00
395	3.385554e-01	7.851153e-01	1.233512e+00
396	1.693044e-01	3.444985e-01	2.058134e+00
397	7.092799e-01	5.450767e-01	1.083048e+00
398	2.252196e-01	3.616568e-01	2.453835e+00
399	5.631883e-01	5.345328e-01	2.169516e+00
400	4.564016e-01	6.193595e-01	1.634099e+00
401	5.810461e-01	4.528878e-01	1.314607e+00
402	4.650566e-01	5.728701e-01	2.292623e+00
403	3.716116e-01	3.972231e-01	1.759160e+00
404	5.481834e-01	6.006771e-01	2.942355e+00
405	4.663677e-01	5.741001e-01	1.358574e+00
406	4.811127e-01	5.420759e-01	1.474841e+00
407	3.337121e-01	1.690437e-01	2.850513e+00
408	5.190066e-01	5.172272e-01	2.543723e+00
409	4.712631e-01	5.482502e-01	1.170005e+00
410	5.001125e-01	4.718624e-01	2.011236e+00
411	3.940118e-01	5.145818e-01	2.982413e+00
412	1.140871e-01	4.355770e-01	1.578407e+00
413	4.648918e-01	5.720078e-01	2.904250e+00
414	4.771551e-01	5.411709e-01	2.948217e+00
415	4.859140e-01	5.261160e-01	1.856864e+00
416	4.816843e-01	5.976637e-01	1.780655e+00
417	5.000619e-01	5.220238e-01	1.223742e+00
418	4.586900e-01	4.936018e-01	2.928676e+00
419	4.993602e-01	5.391389e-01	1.055691e+00
420	4.639782e-01	4.958436e-01	2.823156e+00
421	4.830275e-01	5.190252e-01	2.886663e+00
422	4.784332e-01	5.055699e-01	1.391793e+00
423	5.875420e-01	4.230977e-01	1.467025e+00
424	4.765741e-01	5.455986e-01	1.512946e+00
425	3.307593e-01	1.839654e-01	1.960430e+00
426	3.334663e-01	1.843633e-01	2.254519e+00
427	4.621197e-01	5.099819e-01	2.899365e+00
428	5.174170e-01	5.146171e-01	1.247191e+00
429	4.715435e-01	5.158486e-01	1.802149e+00
430	4.730786e-01	5.174095e-01	1.663410e+00
431	4.666039e-01	5.038284e-01	2.556424e+00
432	3.330362e-01	1.785704e-01	2.947240e+00
433	4.787961e-01	5.168409e-01	2.475330e+00
434	4.360294e-01	4.562069e-01	2.923791e+00
435	5.457233e-01	5.396907e-01	2.906204e+00
436	5.035680e-02	9.088942e-01	2.668784e+00
437	4.778080e-01	5.473433e-01	2.476307e+00
438	5.676999e-01	5.789517e-01	2.065950e+00
439	4.834112e-01	5.206030e-01	1.983879e+00
440	4.619476e-01	4.181043e-01	1.637030e+00
441	3.972705e-01	5.401315e-01	1.338056e+00
442	4.807286e-01	4.411269e-01	2.406937e+00
443	1.987363e-01	5.453529e-01	1.422081e+00
444	5.094312e-01	4.154757e-01	2.956033e+00
445	4.816671e-01	5.346594e-01	2.601368e+00
446	5.001461e-01	4.518041e-01	1.846116e+00
447	4.805702e-01	5.314413e-01	1.264778e+00
448	4.801272e-01	5.944902e-01	1.119199e+00
449	4.818948e-01	5.981420e-01	1.956522e+00
450	2.196873e-01	3.581376e-01	2.971666e+00
451	4.812609e-01	5.189871e-01	2.149976e+00
452	3.908754e-01	4.673002e-01	1.574499e+00
453	5.404719e-01	3.776066e-01	1.775769e+00
454	9.322866e-01	6.444666e-01	1.542257e+00
455	4.798067e-01	4.763054e-01	2.984367e+00
456	4.890124e-01	4.612510e-01	1.577430e+00
457	5.775983e-01	5.047717e-01	2.955056e+00
458	5.102534e-01	5.301922e-01	2.865169e+00
459	5.067227e-01	5.734631e-01	1.672203e+00
460	6.882370e-01	7.422950e-01	1.198339e+00
461	5.412566e-01	6.259117e-01	2.513434e+00
462	5.319072e-01	3.787840e-01	1.853933e+00
463	4.975834e-01	5.133354e-01	2.858329e+00
464	4.229558e-01	5.138522e-01	1.574499e+00
465	5.482271e-01	5.714848e-01	1.432829e+00
466	4.977794e-01	5.202419e-01	1.500244e+00
467	4.476936e-01	6.003632e-01	1.323400e+00
468	4.782931e-01	5.147671e-01	2.147044e+00
469	4.630560e-01	4.934020e-01	2.698095e+00
470	4.659698e-01	5.185904e-01	1.364436e+00
471	4.836947e-01	5.597794e-01	2.076698e+00
472	4.787426e-01	5.239291e-01	2.011236e+00
473	5.766576e-01	7.497521e-01	1.215926e+00
474	4.773209e-01	5.303160e-01	2.299463e+00
475	4.220196e-01	4.464707e-01	1.683928e+00
476	4.861886e-01	5.177984e-01	2.081583e+00
477	4.973073e-01	5.392204e-01	2.350269e+00
478	2.601281e-01	2.350884e-01	2.728383e+00
479	5.161164e-01	6.014972e-01	1.194431e+00
480	4.668849e-01	5.058097e-01	2.515388e+00
481	2.900662e-01	7.277690e-01	1.865657e+00
482	5.747104e-01	6.206847e-01	1.802149e+00
483	4.646746e-01	6.211407e-01	1.367367e+00
484	5.108480e-01	4.175819e-01	1.148510e+00
485	5.790224e-01	7.488904e-01	2.427455e+00
486	4.450915e-01	6.100439e-01	2.196873e+00
487	4.273835e-01	4.524852e-01	2.386419e+00
488	4.796913e-01	5.923164e-01	1.294089e+00
489	4.193592e-01	6.004354e-01	1.687836e+00
490	5.498623e-01	5.716767e-01	1.146556e+00
491	3.718497e-01	5.856558e-01	1.597948e+00
492	5.495895e-01	5.491861e-01	2.412799e+00
493	5.021493e-01	4.522232e-01	1.227650e+00
494	4.722585e-01	5.098278e-01	2.522228e+00
495	4.898868e-01	6.180410e-01	1.437714e+00
496	4.650362e-01	5.828861e-01	1.523693e+00
497	5.417145e-01	5.722709e-01	1.221788e+00
498	4.600647e-01	4.625026e-01	1.652662e+00
499	4.689295e-01	5.069600e-01	1.269663e+00
500	4.817503e-01	5.220120e-01	2.967758e+00
501	4.963378e-01	5.210725e-01	2.546654e+00
502	6.247072e-01	5.231261e-01	1.818759e+00
503	4.819411e-01	5.925099e-01	1.919394e+00
504	4.639694e-01	5.169421e-01	2.563263e+00
505	4.650373e-01	4.620256e-01	1.451392e+00
506	3.920448e-01	5.450978e-01	1.718124e+00
507	4.889409e-01	5.116683e-01	1.207132e+00
508	4.777133e-01	5.386381e-01	1.236444e+00
509	4.051697e-01	5.527306e-01	2.622863e+00
510	4.258803e-01	5.149173e-01	2.549585e+00
511	4.822527e-01	5.215124e-01	2.966781e+00
512	5.520269e-01	5.589702e-01	2.395213e+00
513	4.282663e-01	4.729336e-01	1.534441e+00
514	4.829058e-01	6.032777e-01	1.550073e+00
515	5.214328e-01	4.364980e-01	1.610650e+00
516	3.863847e-01	5.984320e-01	1.612604e+00
517	4.888854e-01	5.108446e-01	1.086957e+00
518	3.444722e-01	4.613529e-01	2.282853e+00
519	1.145998e-01	7.538392e-02	1.573522e+00
520	4.553993e-01	4.933326e-01	2.497802e+00
521	4.716729e-01	5.252041e-01	1.752320e+00
522	3.294275e-01	2.432625e-01	1.589155e+00
523	4.716360e-01	4.841518e-01	1.209086e+00
524	4.321252e-01	6.009791e-01	2.755740e+00
525	5.493730e-01	5.154213e-01	1.499267e+00
526	4.778474e-01	5.220611e-01	1.014656e+00
527	5.562353e-01	8.241691e-01	2.891549e+00
528	4.838322e-01	5.200168e-01	2.478261e+00
529	2.998604e-01	4.188814e-01	1.898876e+00
530	4.644833e-01	5.208729e-01	1.188569e+00
531	4.789206e-01	5.357404e-01	2.785051e+00
532	4.818899e-01	5.285762e-01	2.945286e+00
533	4.406868e-01	6.089358e-01	2.458720e+00
534	4.123246e-01	4.381358e-01	2.673669e+00
535	4.924791e-01	5.083239e-01	1.399609e+00
536	4.928001e-01	5.248583e-01	2.604299e+00
537	4.845865e-01	5.229324e-01	1.529555e+00
538	4.822462e-01	5.238067e-01	2.823156e+00
539	4.382188e-01	4.643631e-01	2.826087e+00
540	4.858373e-01	4.855311e-01	2.844651e+00
541	5.496875e-01	5.086656e-01	2.290669e+00
542	5.015156e-01	4.853157e-01	2.570103e+00
543	4.971358e-01	5.255013e-01	2.396190e+00
544	4.000324e-01	5.034325e-01	1.318515e+00
545	4.519129e-01	4.713771e-01	2.605276e+00
546	3.159023e-01	4.036176e-01	2.683439e+00
547	5.285588e-01	5.428063e-01	1.587201e+00
548	4.919485e-01	5.422644e-01	1.375183e+00
549	5.001952e-01	6.073480e-01	2.298486e+00
550	5.407018e-01	6.102925e-01	1.285296e+00
551	4.782002e-01	5.241305e-01	2.983390e+00
552	7.577424e-01	5.952015e-01	1.195408e+00
553	4.704285e-01	5.424386e-01	2.414753e+00
554	5.804445e-01	4.519353e-01	1.843185e+00
555	4.321162e-01	5.161016e-01	2.396190e+00
556	2.255449e-01	5.118257e-01	3.000000e+00
557	4.717116e-01	5.509635e-01	2.728383e+00
558	1.632714e-01	4.483426e-01	1.133854e+00
559	4.912527e-01	5.094824e-01	1.944797e+00
560	4.109316e-01	4.408727e-01	2.883732e+00
561	5.341554e-01	3.783185e-01	2.383488e+00
562	5.468249e-01	5.040517e-01	2.506595e+00
563	4.891465e-01	4.818653e-01	1.786517e+00
564	4.178170e-01	5.134124e-01	2.893503e+00
565	4.886613e-01	5.174419e-01	2.981436e+00
566	4.663231e-01	4.721577e-01	2.663898e+00
567	4.712542e-01	5.530691e-01	2.227162e+00
568	5.001370e-01	5.219840e-01	1.527601e+00
569	5.289406e-01	5.993476e-01	2.610161e+00
570	3.001330e-01	6.431772e-01	1.058622e+00
571	4.752663e-01	5.522455e-01	2.782120e+00
572	3.462443e-01	8.553629e-01	1.518808e+00
573	4.802216e-01	5.425334e-01	2.109917e+00
574	4.795386e-01	5.526428e-01	2.074744e+00
575	4.876134e-01	4.947111e-01	2.319003e+00
576	4.512677e-01	4.698647e-01	1.290181e+00
577	4.904859e-01	5.436096e-01	1.286273e+00
578	4.692383e-01	4.942354e-01	1.881290e+00
579	4.920430e-01	5.109588e-01	1.664387e+00
580	1.780947e-01	9.756374e-01	1.242306e+00
581	5.521259e-01	5.410954e-01	1.927211e+00
582	4.818046e-01	5.186923e-01	2.820225e+00
583	3.825037e-01	3.248051e-01	2.792868e+00
584	4.529508e-01	5.720344e-01	1.201270e+00
585	4.872376e-01	6.023285e-01	1.898876e+00
586	4.860265e-01	5.188002e-01	1.782609e+00
587	4.983172e-01	4.870506e-01	1.561798e+00
588	4.832329e-01	5.263083e-01	2.282853e+00
589	4.938711e-01	4.529423e-01	2.210552e+00
590	4.129157e-01	5.763757e-01	1.020518e+00
591	4.875772e-01	4.883686e-01	1.784563e+00
592	4.818220e-01	5.289566e-01	1.275525e+00
593	5.103309e-01	5.458758e-01	1.212995e+00
594	5.165441e-01	4.442823e-01	2.964827e+00
595	4.827625e-01	5.123048e-01	2.079629e+00
596	4.347976e-01	5.605215e-01	1.187592e+00
597	4.991615e-01	4.741271e-01	1.258915e+00
598	4.866068e-01	4.945884e-01	1.999511e+00
599	4.826534e-01	5.189241e-01	1.264778e+00
600	4.872886e-01	4.943851e-01	1.110405e+00
601	4.782816e-01	5.362640e-01	1.107474e+00
602	5.673303e-01	4.302428e-01	1.070347e+00
603	4.939006e-01	5.288241e-01	2.400098e+00
604	4.393539e-01	4.529379e-01	2.871031e+00
605	4.883849e-01	5.183209e-01	2.739130e+00
606	5.199251e-01	5.321155e-01	2.061065e+00
607	6.312108e-01	6.478078e-01	1.073278e+00
608	4.720083e-01	5.504391e-01	2.799707e+00
609	4.746678e-01	5.854268e-01	2.010259e+00
610	5.217265e-01	6.064664e-01	1.700537e+00
611	4.727433e-01	5.502517e-01	1.339033e+00
612	2.174089e-01	5.191298e-01	2.227162e+00
613	1.993108e-01	4.434434e-01	2.482169e+00
614	5.128612e-01	5.425428e-01	2.958964e+00
615	4.198933e-01	4.463153e-01	1.443576e+00
616	3.841085e-01	5.455264e-01	2.381534e+00
617	3.090199e-01	4.307667e-01	1.971177e+00
618	4.773810e-01	5.372269e-01	2.960918e+00
619	2.140203e-01	2.710361e-02	1.812897e+00
620	5.418881e-01	5.579266e-01	1.170982e+00
621	4.926124e-01	4.615203e-01	1.277479e+00
622	4.393971e-01	5.658311e-01	1.176844e+00
623	3.010698e-01	4.151240e-01	1.636053e+00
624	5.098614e-01	4.393773e-01	2.336590e+00
625	5.559007e-01	4.983507e-01	1.343918e+00
626	4.719105e-01	5.510906e-01	1.905716e+00
627	5.445823e-01	5.700254e-01	1.784563e+00
628	4.794661e-01	5.545464e-01	2.063996e+00
629	4.950307e-01	5.240855e-01	2.497802e+00
630	2.254997e-01	5.148202e-01	2.870054e+00
631	4.992888e-01	4.784987e-01	1.729849e+00
632	4.613413e-01	4.685146e-01	2.290669e+00
633	4.827412e-01	5.228113e-01	2.841720e+00
634	4.829027e-01	5.190359e-01	2.195896e+00
635	4.659277e-01	4.723786e-01	1.601856e+00
636	4.609036e-01	4.247907e-01	2.449927e+00
637	5.011969e-01	5.352893e-01	1.462140e+00
638	4.842494e-01	5.223404e-01	2.041524e+00
639	4.819490e-01	5.256368e-01	2.061065e+00
640	5.143687e-01	6.849502e-01	2.130435e+00
641	3.748748e-01	6.952758e-01	2.205667e+00
642	4.888565e-01	5.140790e-01	2.184172e+00
643	5.550340e-01	5.511186e-01	2.747924e+00
644	4.800219e-01	5.340814e-01	2.909135e+00
645	4.882474e-01	5.117465e-01	2.777235e+00
646	4.803127e-01	4.629546e-01	1.295066e+00
647	5.411739e-01	5.408908e-01	1.050806e+00
648	5.022936e-01	4.774415e-01	1.191500e+00
649	4.932338e-01	5.180005e-01	1.198339e+00
650	5.202254e-01	5.129095e-01	2.656082e+00
651	5.006452e-01	5.062079e-01	1.692721e+00
652	3.642562e-01	7.068903e-01	2.330728e+00
653	4.757961e-01	5.520532e-01	1.906693e+00
654	4.494484e-01	5.421946e-01	2.192965e+00
655	5.143936e-01	4.389330e-01	1.200293e+00
656	4.880136e-01	5.249080e-01	2.361016e+00
657	4.732102e-01	4.936555e-01	2.080606e+00
658	4.970533e-01	5.200253e-01	2.017098e+00
659	4.069201e-01	5.523186e-01	2.191011e+00
660	3.317423e-01	1.675001e-01	1.667318e+00
661	4.739039e-01	4.929624e-01	2.229116e+00
662	4.073120e-01	5.069389e-01	1.188569e+00
663	4.415997e-01	4.618937e-01	2.714704e+00
664	4.981011e-01	4.915172e-01	1.979971e+00
665	5.059480e-01	5.090462e-01	2.954079e+00
666	5.012353e-01	6.320839e-02	1.803127e+00
667	5.033466e-01	4.921088e-01	1.039082e+00
668	6.594734e-02	5.645035e-01	1.893014e+00
669	4.614829e-01	5.139550e-01	1.778701e+00
670	1.739242e-01	9.258029e-01	1.807035e+00
671	4.920966e-01	4.721377e-01	1.102589e+00
672	3.951317e-01	5.137937e-01	1.879336e+00
673	4.558957e-01	5.125896e-01	1.984856e+00
674	4.821938e-01	5.244715e-01	2.238886e+00
675	4.813573e-01	5.809165e-01	2.868100e+00
676	4.787196e-01	5.149507e-01	2.748901e+00
677	4.543180e-01	4.840547e-01	1.578407e+00
678	4.798200e-01	5.858808e-01	1.621397e+00
679	4.779831e-01	5.218026e-01	2.657059e+00
680	4.658139e-01	5.520026e-01	2.404983e+00
681	4.539128e-01	4.773337e-01	2.272106e+00
682	5.049786e-01	4.989108e-01	1.463117e+00
683	4.933235e-01	5.109031e-01	2.316072e+00
684	4.878163e-01	5.158321e-01	2.334636e+00
685	3.955376e-01	5.148858e-01	1.365413e+00
686	4.716625e-01	5.356864e-01	2.105032e+00
687	5.413346e-01	4.711936e-01	1.339033e+00
688	4.939827e-01	5.066519e-01	2.932584e+00
689	4.776610e-01	5.300066e-01	2.378603e+00
690	4.878689e-01	5.215090e-01	1.833415e+00
691	2.289518e-01	5.127155e-01	1.663410e+00
692	4.446373e-01	5.128058e-01	2.251588e+00
693	4.801202e-01	5.272208e-01	1.766976e+00
694	3.353045e-01	3.124710e-01	1.575476e+00
695	3.295639e-01	7.731884e-01	2.771373e+00
696	4.961850e-01	5.293758e-01	2.787005e+00
697	4.872185e-01	5.139557e-01	1.959453e+00
698	4.908098e-01	5.143076e-01	2.187103e+00
699	4.832674e-01	5.188646e-01	2.430386e+00
700	4.695295e-01	5.715514e-01	2.679531e+00
701	4.333887e-01	4.258035e-01	2.191988e+00
702	4.674796e-01	5.707530e-01	2.945286e+00
703	4.631908e-01	5.175533e-01	2.793845e+00
704	4.929689e-01	5.530623e-01	2.132389e+00
705	4.142403e-01	3.635845e-01	1.627259e+00
706	4.826940e-01	5.054512e-01	1.623351e+00
707	4.534141e-01	4.976312e-01	2.772350e+00
708	4.916764e-01	5.087666e-01	1.552027e+00
709	7.099628e-01	4.911805e-01	1.180752e+00
710	4.867030e-01	5.250215e-01	1.632145e+00
711	1.063626e-01	1.404005e-01	1.680997e+00
712	5.405396e-01	6.145605e-01	2.828041e+00
713	7.179924e-01	4.076931e-01	1.703468e+00
714	4.380707e-01	5.553826e-01	1.471910e+00
715	4.611910e-01	5.498467e-01	2.368832e+00
716	4.938393e-01	5.188248e-01	1.961407e+00
717	4.831696e-01	5.183037e-01	1.756229e+00
718	4.575573e-01	5.613126e-01	2.987298e+00
719	4.963861e-01	5.199555e-01	2.332682e+00
720	4.655689e-01	5.180730e-01	1.097704e+00
721	4.804274e-01	5.589860e-01	1.954568e+00
722	4.853953e-01	5.196535e-01	1.704446e+00
723	4.822991e-01	5.257810e-01	1.853933e+00
724	4.663522e-01	5.716530e-01	2.829995e+00
725	4.826599e-01	5.374800e-01	2.232047e+00
726	4.937038e-01	4.914011e-01	2.587689e+00
727	7.409207e-01	5.060931e-01	2.698095e+00
728	4.883855e-01	6.675810e-01	1.896922e+00
729	4.840449e-01	5.839634e-01	1.212995e+00
730	6.132134e-01	5.232157e-01	1.502198e+00
731	4.835942e-01	5.243194e-01	2.614069e+00
732	4.711159e-01	5.063618e-01	2.880801e+00
733	4.666459e-01	5.104164e-01	1.956522e+00
734	4.627100e-01	5.705875e-01	2.745970e+00
735	1.526158e-01	9.446185e-01	1.179775e+00
736	5.748335e-01	5.561868e-01	1.935027e+00
737	4.862437e-01	5.117637e-01	1.975085e+00
738	4.739130e-01	4.912702e-01	1.067416e+00
739	5.614194e-01	5.834462e-01	2.024915e+00
740	3.372289e-01	3.102784e-01	2.810454e+00
741	5.150301e-01	4.369280e-01	2.428432e+00
742	4.552117e-01	4.932418e-01	1.957499e+00
743	4.573031e-01	5.802298e-01	2.306302e+00
744	4.915086e-01	5.207909e-01	2.557401e+00
745	4.965907e-01	4.860071e-01	1.243283e+00
746	4.571020e-01	4.973443e-01	2.429409e+00
747	4.664401e-01	5.269634e-01	2.523205e+00
748	5.098338e-01	7.880613e-01	2.842697e+00
749	4.834788e-01	5.189559e-01	2.247680e+00
750	5.118062e-01	5.059137e-01	2.000489e+00
751	4.655186e-01	5.105542e-01	2.446019e+00
752	4.778877e-01	5.307740e-01	2.360039e+00
753	5.717964e-01	5.766450e-01	2.567171e+00
754	4.689594e-01	5.188941e-01	2.415730e+00
755	4.467069e-01	5.070225e-01	1.989741e+00
756	4.812778e-01	5.231088e-01	2.908158e+00
757	5.444610e-01	3.680617e-01	2.731314e+00
758	4.818993e-01	5.267998e-01	2.544700e+00
759	4.840710e-01	5.226895e-01	2.890572e+00
760	4.778575e-01	5.196821e-01	1.654617e+00
761	4.826965e-01	5.308368e-01	1.008793e+00
762	4.955049e-01	4.890614e-01	1.260870e+00
763	4.411843e-01	4.602549e-01	1.347826e+00
764	4.790052e-01	5.318182e-01	1.325354e+00
765	4.689196e-01	5.071021e-01	1.420127e+00
766	3.856833e-01	6.911655e-01	2.845628e+00
767	5.112425e-01	5.384269e-01	1.853933e+00
768	4.771697e-01	5.343923e-01	1.303859e+00
769	5.501046e-01	5.962639e-01	1.294089e+00
770	1.818518e-01	6.718502e-01	1.675134e+00
771	4.164798e-01	4.655173e-01	2.417684e+00
772	4.918515e-01	4.865879e-01	2.053249e+00
773	4.713590e-01	5.493068e-01	1.276502e+00
774	2.996880e-01	4.201642e-01	2.779189e+00
775	5.892510e-01	6.165163e-01	1.984856e+00
776	5.999988e-01	4.594182e-01	2.295554e+00
777	4.844093e-01	5.159323e-01	1.652662e+00
778	4.829082e-01	5.072977e-01	2.464582e+00
779	4.838101e-01	5.243462e-01	1.763068e+00
780	4.880553e-01	5.999970e-01	2.026869e+00
781	4.346711e-01	4.734517e-01	1.160234e+00
782	7.202432e-01	4.042733e-01	2.302394e+00
783	5.003783e-01	4.901300e-01	1.384954e+00
784	4.347736e-01	4.543944e-01	2.598437e+00
785	5.626229e-01	4.789063e-01	2.130435e+00
786	4.687302e-01	5.191034e-01	1.690767e+00
787	4.603291e-01	5.273178e-01	1.940889e+00
788	4.801579e-01	5.310446e-01	2.099170e+00
