768
0	1.025419e-01	2.108134e-01	1.398632e+00
1	5.612056e-01	5.486675e-01	1.108451e+00
2	4.789452e-01	4.417424e-01	2.925745e+00
3	4.493303e-01	4.667763e-01	2.732291e+00
4	3.147583e-01	3.669000e-01	1.257938e+00
5	4.757120e-01	5.190511e-01	2.424524e+00
6	8.125484e-01	9.602148e-01	1.383000e+00
7	4.926523e-01	5.432454e-01	2.705911e+00
8	4.871145e-01	5.570188e-01	2.442110e+00
9	4.699116e-01	5.205341e-01	2.233024e+00
10	5.291602e-01	5.761789e-01	2.376649e+00
11	4.588434e-01	5.132675e-01	1.556913e+00
12	3.956067e-01	3.909321e-01	2.950171e+00
13	4.551035e-01	4.222391e-01	1.066439e+00
14	4.747702e-01	5.190328e-01	1.626282e+00
15	4.590112e-01	7.846588e-01	1.306790e+00
16	4.720572e-01	5.216147e-01	2.902296e+00
17	5.136063e-01	4.021219e-01	1.195408e+00
18	4.794077e-01	5.336117e-01	1.785540e+00
19	4.869494e-01	5.466409e-01	1.248168e+00
20	4.626082e-01	5.379797e-01	1.863703e+00
21	4.994622e-01	5.446182e-01	2.671715e+00
22	4.781957e-01	5.278220e-01	2.487054e+00
23	4.464523e-01	7.100922e-01	1.946751e+00
24	4.836542e-01	4.235171e-01	1.303859e+00
25	7.324243e-01	7.119202e-01	2.152907e+00
26	4.629698e-01	5.226093e-01	1.388862e+00
27	4.631248e-01	5.024064e-01	1.591109e+00
28	4.763084e-01	6.183507e-01	2.205667e+00
29	4.616877e-01	4.903053e-01	2.181241e+00
30	5.269962e-01	6.657670e-01	1.475818e+00
31	5.096042e-01	4.219096e-01	2.309233e+00
32	4.326584e-01	4.969835e-01	2.073766e+00
33	6.398687e-01	7.176222e-01	2.331705e+00
34	4.607509e-01	5.234331e-01	1.126038e+00
35	5.152737e-01	5.637963e-01	2.235955e+00
36	1.721950e-01	5.528247e-01	2.805569e+00
37	5.644224e-01	6.332946e-01	2.555447e+00
38	4.902971e-01	5.448984e-01	2.559355e+00
39	4.700724e-01	5.161450e-01	1.895945e+00
40	3.902585e-01	4.756596e-01	1.282364e+00
41	5.689608e-01	6.081383e-01	2.750855e+00
42	4.731665e-01	5.200385e-01	2.412799e+00
43	4.762234e-01	5.115298e-01	2.557401e+00
44	4.883097e-01	3.640288e-01	1.648754e+00
45	4.914167e-01	4.798197e-01	1.721055e+00
46	4.755534e-01	5.308847e-01	2.588666e+00
47	4.664427e-01	5.332262e-01	1.525647e+00
48	4.674160e-01	5.264573e-01	2.751832e+00
49	5.012127e-01	7.115354e-01	2.625794e+00
50	4.689318e-01	5.896663e-01	1.663410e+00
51	4.674272e-01	5.111748e-01	2.560332e+00
52	4.661267e-01	5.448044e-01	1.696629e+00
53	4.547955e-01	5.283221e-01	1.506106e+00
54	4.664231e-01	5.072211e-01	2.675623e+00
55	4.816473e-01	4.928386e-01	2.497802e+00
56	5.721835e-01	6.733926e-01	1.031265e+00
57	4.525902e-01	6.131508e-01	2.361993e+00
58	4.845617e-01	4.537468e-01	1.866634e+00
60	7.454320e-01	7.559730e-01	1.503175e+00
61	4.543894e-01	5.370477e-01	2.449927e+00
62	4.523476e-01	4.881432e-01	2.831949e+00
63	4.866849e-01	5.251736e-01	2.317049e+00
64	4.927885e-01	5.391080e-01	2.353200e+00
65	4.694915e-01	5.178979e-01	2.575965e+00
66	5.153668e-01	4.159813e-01	2.922814e+00
67	5.434553e-01	6.224256e-01	2.289692e+00
68	4.332595e-01	4.129285e-01	2.766488e+00
69	5.873236e-01	5.432598e-01	1.522716e+00
70	5.021222e-01	4.778845e-01	2.769419e+00
71	4.629077e-01	4.833422e-01	1.110405e+00
72	4.118825e-01	4.762478e-01	1.412311e+00
73	5.177355e-01	6.946921e-01	1.951637e+00
74	4.342861e-01	7.197287e-01	1.449438e+00
75	5.580100e-01	6.127795e-01	2.176356e+00
76	4.426247e-01	4.277706e-01	1.212995e+00
77	4.499218e-01	4.975831e-01	1.872496e+00
78	4.804983e-01	5.486577e-01	1.606742e+00
79	4.721508e-01	3.532740e-01	1.183683e+00
80	4.632741e-01	4.350071e-01	2.736199e+00
81	4.673968e-01	5.192598e-01	1.617489e+00
82	4.900860e-01	5.326575e-01	2.456766e+00
83	5.636531e-01	6.378606e-01	1.406448e+00
84	3.292818e-01	4.607609e-01	2.453835e+00
85	4.728673e-01	5.144060e-01	2.712750e+00
86	4.640476e-01	5.095421e-01	2.877870e+00
87	4.923798e-01	3.677807e-01	1.533464e+00
88	4.643730e-01	3.669718e-01	2.169516e+00
89	3.189051e-01	4.116218e-01	2.483146e+00
90	3.956024e-01	4.457140e-01	1.538349e+00
91	4.438661e-01	5.190738e-01	1.117245e+00
92	4.703050e-01	5.374965e-01	2.709819e+00
93	4.582304e-01	5.339027e-01	2.929653e+00
94	4.631279e-01	3.752661e-01	2.125550e+00
95	4.459151e-01	5.588661e-01	2.148999e+00
96	4.548635e-01	4.967024e-01	1.206155e+00
98	4.674039e-01	5.119224e-01	1.997557e+00
99	5.617780e-01	5.421366e-01	1.753298e+00
100	4.567927e-01	4.980638e-01	1.491451e+00
101	4.711233e-01	5.169617e-01	2.381534e+00
102	4.807401e-01	5.700835e-01	1.837323e+00
103	5.169530e-01	3.768828e-01	2.723498e+00
104	4.745068e-01	2.932987e-01	1.216903e+00
105	4.568494e-01	4.831226e-01	1.385931e+00
107	4.989698e-01	5.252647e-01	1.887152e+00
108	3.956239e-01	6.339138e-01	1.869565e+00
109	3.680509e-01	5.622783e-01	2.657059e+00
110	5.072191e-01	5.296720e-01	1.905716e+00
111	4.934237e-01	4.870963e-01	2.319980e+00
113	5.447677e-01	3.652692e-01	1.155349e+00
114	4.735349e-01	5.451980e-01	1.261847e+00
115	4.781228e-01	5.136960e-01	1.308745e+00
116	6.331383e-01	2.535352e-01	1.148510e+00
117	5.142121e-01	5.763415e-01	1.865657e+00
118	4.612336e-01	4.731233e-01	2.988276e+00
119	4.390449e-01	5.828845e-01	1.479726e+00
120	5.123131e-01	5.749816e-01	2.095261e+00
121	5.419886e-01	6.264638e-01	2.442110e+00
122	6.416447e-01	5.998983e-01	1.070347e+00
123	4.693656e-01	4.566828e-01	1.417196e+00
124	4.618478e-01	5.122134e-01	2.817294e+00
126	5.081937e-01	5.226890e-01	2.738153e+00
127	4.589873e-01	4.147821e-01	2.338544e+00
128	5.626962e-01	6.882276e-01	1.282364e+00
129	4.776883e-01	5.003904e-01	2.676600e+00
130	5.580106e-01	6.870598e-01	2.443087e+00
132	4.574023e-01	4.190935e-01	1.220811e+00
133	2.920206e-01	6.474879e-01	2.407914e+00
134	4.601668e-01	5.844991e-01	2.277968e+00
135	4.492329e-01	5.330448e-01	2.409868e+00
136	4.552226e-01	4.821507e-01	2.083537e+00
137	5.363918e-01	5.200495e-01	2.286761e+00
138	6.951544e-01	2.630871e-01	1.194431e+00
139	4.458467e-01	5.160844e-01	2.818271e+00
140	4.893875e-01	4.496386e-01	2.827064e+00
141	4.667256e-01	5.334771e-01	1.684905e+00
142	4.873972e-01	5.271944e-01	1.999511e+00
143	4.777215e-01	5.318676e-01	1.956522e+00
144	4.315052e-01	5.544756e-01	2.323889e+00
145	4.732777e-01	4.867809e-01	2.501710e+00
146	3.395938e-01	3.763989e-01	2.395213e+00
147	3.763589e-01	5.660867e-01	2.719590e+00
148	4.712622e-01	5.202369e-01	2.937469e+00
149	5.176991e-01	5.679574e-01	2.803615e+00
150	4.808657e-01	6.288249e-01	1.794333e+00
151	4.718419e-01	5.072144e-01	2.611138e+00
152	5.148345e-01	5.862015e-01	1.724963e+00
153	4.666795e-01	4.859778e-01	1.983879e+00
154	4.689361e-01	5.179703e-01	2.181241e+00
155	5.092147e-01	6.406961e-01	1.295066e+00
156	5.218346e-01	6.010554e-01	1.970200e+00
157	4.481279e-01	5.231155e-01	2.387396e+00
158	5.375470e-01	6.137349e-01	2.386419e+00
159	5.823008e-01	4.640986e-01	2.647289e+00
160	4.628615e-01	4.980400e-01	1.686859e+00
161	4.967394e-01	5.369275e-01	1.553981e+00
162	4.127250e-01	3.990183e-01	1.764045e+00
163	3.338372e-01	2.951915e-01	1.632145e+00
164	4.705070e-01	5.230877e-01	1.235467e+00
165	4.649638e-01	5.119959e-01	2.251588e+00
166	4.578628e-01	4.949490e-01	1.751343e+00
167	4.536162e-01	5.250570e-01	1.715193e+00
168	4.748011e-01	5.239052e-01	2.109917e+00
169	4.724088e-01	5.730343e-01	2.137274e+00
170	6.079983e-01	4.892322e-01	2.099170e+00
171	4.389250e-01	4.029790e-01	2.057157e+00
172	5.082097e-01	4.915749e-01	2.246702e+00
173	4.940990e-01	5.340774e-01	1.894968e+00
174	3.764866e-01	4.924997e-01	2.453835e+00
175	4.271399e-01	4.905280e-01	2.834880e+00
176	4.354172e-01	6.576711e-01	2.215437e+00
177	4.585975e-01	5.037975e-01	2.153884e+00
178	4.793637e-01	5.158938e-01	2.475330e+00
179	4.772303e-01	4.272931e-01	1.274548e+00
180	4.294748e-01	4.775392e-01	2.127504e+00
181	4.646309e-01	5.328698e-01	1.790425e+00
182	2.647294e-01	3.614614e-01	1.736688e+00
183	4.967770e-01	4.006188e-01	1.692721e+00
184	4.366451e-01	3.653248e-01	2.042501e+00
185	6.169489e-01	5.262229e-01	1.468979e+00
186	4.789254e-01	5.297852e-01	1.784563e+00
188	4.965680e-01	5.694696e-01	1.839277e+00
189	4.902199e-01	5.224958e-01	1.175867e+00
190	3.537141e-01	5.429552e-01	2.807523e+00
191	4.081438e-01	3.175301e-01	2.811431e+00
192	4.284864e-01	5.921717e-01	1.192477e+00
193	3.803117e-01	5.614949e-01	1.620420e+00
194	3.767860e-01	4.835621e-01	2.624817e+00
195	4.666478e-01	5.207389e-01	2.806546e+00
196	5.371516e-01	6.173909e-01	1.763068e+00
197	5.099251e-01	5.243490e-01	2.060088e+00
198	3.951668e-01	6.318860e-01	2.458720e+00
199	4.715492e-01	5.830620e-01	2.463605e+00
200	6.967941e-01	6.816458e-01	1.141671e+00
201	4.854327e-01	5.173543e-01	1.146556e+00
202	4.808660e-01	5.076235e-01	1.395701e+00
203	4.329470e-01	6.041173e-01	1.755252e+00
204	4.951197e-01	5.551510e-01	2.901319e+00
205	4.001225e-01	3.852583e-01	2.123596e+00
206	4.937898e-01	3.573980e-01	1.652662e+00
207	4.749719e-01	5.297811e-01	1.199316e+00
208	4.909929e-01	5.831803e-01	2.170493e+00
209	4.588198e-01	7.074290e-01	2.733268e+00
210	4.503745e-01	5.808341e-01	1.545188e+00
211	4.812712e-01	5.074808e-01	1.376160e+00
212	4.690077e-01	4.941602e-01	1.621397e+00
213	4.721338e-01	5.316812e-01	1.883244e+00
214	4.477521e-01	5.114992e-01	1.612604e+00
215	4.760872e-01	5.260373e-01	2.909135e+00
216	4.677899e-01	5.100490e-01	1.354665e+00
217	4.567477e-01	5.195734e-01	2.770396e+00
218	4.970869e-01	6.270898e-01	2.148999e+00
219	4.863752e-01	4.796648e-01	2.624817e+00
220	4.994717e-01	4.222768e-01	2.697118e+00
221	4.702043e-01	5.034679e-01	1.938935e+00
222	3.201358e-01	2.359287e-01	1.854910e+00
223	3.631854e-01	4.774565e-01	2.625794e+00
224	4.729166e-01	3.271090e-01	2.984367e+00
225	5.112720e-01	5.933800e-01	2.693210e+00
226	4.688204e-01	5.232330e-01	2.276014e+00
227	4.803048e-01	5.475596e-01	1.245237e+00
228	4.688545e-01	5.150634e-01	1.489497e+00
229	4.663916e-01	5.145704e-01	2.305325e+00
230	4.780889e-01	5.403344e-01	2.689301e+00
231	5.011818e-01	6.092078e-01	1.346849e+00
232	4.857797e-01	5.408125e-01	2.447973e+00
233	4.853823e-01	5.095688e-01	1.591109e+00
234	4.528356e-01	4.645568e-01	1.931119e+00
235	5.028284e-01	5.270796e-01	2.687347e+00
236	4.717947e-01	5.197504e-01	2.787982e+00
237	4.684417e-01	5.069683e-01	1.510015e+00
238	4.548890e-01	5.185457e-01	2.193942e+00
239	4.238833e-01	4.534163e-01	2.918906e+00
240	5.062146e-01	5.932247e-01	1.734734e+00
241	4.679799e-01	5.635625e-01	1.119199e+00
242	5.081125e-01	4.864097e-01	1.631168e+00
243	4.463922e-01	4.622474e-01	1.258915e+00
244	4.697650e-01	5.753315e-01	2.458720e+00
245	4.385003e-01	3.831352e-01	2.134343e+00
246	4.638648e-01	5.157271e-01	2.662921e+00
247	4.819901e-01	4.847608e-01	2.924768e+00
248	4.279917e-01	4.439556e-01	2.983390e+00
250	7.717707e-01	7.538302e-01	2.763556e+00
251	5.802593e-01	5.456289e-01	2.374695e+00
252	5.343741e-01	5.876307e-01	1.703468e+00
253	5.559546e-01	6.252805e-01	1.246214e+00
254	4.128536e-01	4.203431e-01	2.925745e+00
255	4.642497e-01	5.142183e-01	1.857841e+00
256	4.684660e-01	5.003930e-01	2.601368e+00
257	4.711905e-01	5.312119e-01	2.413776e+00
258	5.008890e-01	5.255796e-01	2.569126e+00
259	4.221896e-01	4.389267e-01	1.865657e+00
260	4.720688e-01	5.189088e-01	2.574988e+00
261	4.635230e-01	5.386600e-01	1.598925e+00
262	4.497954e-01	3.494613e-01	2.264289e+00
263	3.241645e-01	5.613020e-01	1.176844e+00
264	4.547188e-01	3.734798e-01	1.061553e+00
265	4.615208e-01	4.949296e-01	2.526136e+00
266	5.217775e-01	5.942849e-01	1.928188e+00
267	4.308000e-01	5.296231e-01	2.006351e+00
268	4.534652e-01	5.083527e-01	1.041036e+00
269	1.991672e-01	4.643197e-01	1.793356e+00
270	4.173560e-01	3.844662e-01	1.860772e+00
271	3.649012e-01	6.123730e-01	1.389839e+00
272	4.802788e-01	5.294116e-01	1.052760e+00
273	5.372095e-01	6.652859e-01	1.156326e+00
274	6.137367e-01	7.149851e-01	1.981925e+00
275	2.516998e-01	3.499231e-01	2.256473e+00
276	4.586891e-01	4.777278e-01	2.368832e+00
277	4.573452e-01	4.952676e-01	2.024915e+00
279	4.072087e-01	4.794919e-01	1.348803e+00
280	4.653559e-01	6.134747e-01	2.472399e+00
281	4.520364e-01	7.337723e-01	2.288715e+00
282	4.349816e-01	4.497561e-01	2.745970e+00
283	4.200255e-01	4.636990e-01	2.490962e+00
284	6.366923e-01	7.204329e-01	2.515388e+00
285	1.321105e-01	4.181780e-01	1.545188e+00
286	4.736162e-01	5.155689e-01	2.662921e+00
287	5.177270e-01	5.698036e-01	2.264289e+00
288	4.968375e-01	5.713148e-01	2.905227e+00
289	4.387227e-01	3.640713e-01	1.058622e+00
290	3.873290e-01	4.520965e-01	2.152907e+00
291	8.114040e-01	9.576537e-01	2.784074e+00
292	4.590071e-01	5.203709e-01	2.445042e+00
293	4.803479e-01	4.175218e-01	2.852467e+00
294	4.808861e-01	5.328415e-01	2.070835e+00
295	4.294583e-01	5.100120e-01	1.406448e+00
296	6.157804e-01	8.311368e-01	1.751343e+00
297	3.995841e-01	4.698020e-01	2.077675e+00
298	5.270052e-01	3.365664e-01	1.601856e+00
299	4.704411e-01	4.865825e-01	2.048363e+00
300	4.252847e-01	4.636823e-01	2.781143e+00
301	4.666259e-01	5.199853e-01	2.779189e+00
302	4.460482e-01	4.608272e-01	2.617978e+00
303	3.496984e-01	4.112295e-01	1.698583e+00
304	5.617055e-01	5.889422e-01	1.948705e+00
305	4.792779e-01	5.400540e-01	1.416219e+00
306	8.568809e-01	2.281255e-01	1.745481e+00
307	4.711925e-01	5.209518e-01	2.291646e+00
308	4.623428e-01	4.810439e-01	1.868588e+00
309	5.044411e-01	4.214988e-01	2.511480e+00
310	4.591048e-01	4.797276e-01	2.596483e+00
311	4.225881e-01	3.778560e-01	2.855398e+00
312	4.891492e-01	6.037602e-01	1.312653e+00
313	5.250728e-01	5.814799e-01	1.787494e+00
314	4.702941e-01	5.177890e-01	2.252565e+00
315	3.760814e-01	4.344352e-01	1.978017e+00
316	5.221355e-01	5.444755e-01	2.965804e+00
317	4.673776e-01	4.989686e-01	2.221299e+00
318	4.522700e-01	5.330840e-01	1.701514e+00
319	3.887800e-01	4.409111e-01	1.135809e+00
320	4.895812e-01	4.840220e-01	2.997069e+00
322	4.387423e-01	5.985249e-01	2.362970e+00
323	4.573431e-01	4.967893e-01	2.553493e+00
324	4.906258e-01	5.603160e-01	1.347826e+00
325	2.756912e-01	3.035391e-01	2.896434e+00
326	4.651241e-01	5.193091e-01	1.857841e+00
327	4.577838e-01	5.676677e-01	1.669272e+00
328	4.742728e-01	4.841255e-01	1.726917e+00
329	4.982396e-01	5.705727e-01	2.604299e+00
330	4.339335e-01	4.377069e-01	2.089399e+00
331	4.436774e-01	5.475273e-01	1.552027e+00
332	4.413291e-01	4.800872e-01	1.769907e+00
333	4.608384e-01	4.807737e-01	1.382022e+00
334	2.262978e-01	3.145938e-01	2.510503e+00
335	4.985728e-01	4.778084e-01	1.640938e+00
336	4.807221e-01	5.224573e-01	2.933561e+00
337	5.036079e-01	4.541575e-01	1.033219e+00
338	5.319557e-01	5.662157e-01	1.408403e+00
339	4.671228e-01	4.907860e-01	2.767465e+00
340	4.852916e-01	5.290979e-01	1.526624e+00
341	4.671106e-01	4.403223e-01	1.456277e+00
342	4.715483e-01	4.822128e-01	1.054714e+00
343	4.065897e-01	4.928722e-01	2.601368e+00
344	2.832061e-01	3.645919e-01	2.193942e+00
346	4.719071e-01	5.260227e-01	1.564729e+00
347	4.668292e-01	5.245261e-01	1.679043e+00
348	4.463763e-01	4.053389e-01	2.034685e+00
349	4.512290e-01	4.962005e-01	2.564240e+00
350	5.598203e-01	5.966146e-01	2.311187e+00
351	5.037949e-01	3.855155e-01	1.297997e+00
352	4.673236e-01	4.906713e-01	2.873962e+00
353	4.089856e-01	4.831458e-01	2.202736e+00
354	4.722603e-01	5.201331e-01	2.653151e+00
355	3.108538e-01	6.293709e-01	2.461651e+00
356	4.706938e-01	4.932161e-01	1.679043e+00
357	5.422953e-01	5.519305e-01	2.991207e+00
358	5.110348e-01	6.498184e-01	2.857352e+00
359	5.279159e-01	6.108212e-01	1.913532e+00
360	4.535661e-01	6.205312e-01	1.216903e+00
361	4.426714e-01	2.894514e-01	1.214949e+00
362	5.227478e-01	4.865859e-01	1.005862e+00
363	4.437809e-01	4.772879e-01	2.227162e+00
364	4.615470e-01	5.066087e-01	1.723009e+00
366	4.720393e-01	5.910338e-01	1.692721e+00
367	4.574753e-01	5.179122e-01	1.154372e+00
368	4.862012e-01	5.522427e-01	1.851001e+00
369	4.671882e-01	5.220017e-01	2.418661e+00
370	5.466225e-01	5.165343e-01	1.874450e+00
371	5.477378e-01	5.459347e-01	1.591109e+00
372	5.026051e-01	5.502132e-01	2.199805e+00
373	4.081539e-01	3.743186e-01	2.208598e+00
374	4.668573e-01	6.236227e-01	1.322423e+00
375	5.407009e-01	6.995058e-01	2.361016e+00
376	5.518885e-01	5.546437e-01	1.815828e+00
377	4.726709e-01	5.194332e-01	1.328285e+00
378	4.935079e-01	5.237985e-01	1.883244e+00
379	5.088624e-01	5.441339e-01	1.599902e+00
380	5.392394e-01	7.335232e-01	2.343429e+00
381	4.758282e-01	5.214329e-01	1.835369e+00
383	5.535588e-01	3.203699e-01	1.698583e+00
384	6.482849e-01	3.758196e-01	2.761602e+00
385	4.214077e-01	7.950111e-01	1.961407e+00
386	6.062099e-01	5.809907e-01	2.449927e+00
387	4.947870e-01	5.583033e-01	2.669761e+00
388	4.158232e-01	4.923192e-01	2.597460e+00
389	4.791452e-01	5.289064e-01	2.960918e+00
390	4.654715e-01	5.293596e-01	1.655594e+00
391	4.536019e-01	4.722464e-01	2.572057e+00
392	4.826802e-01	5.377502e-01	1.234489e+00
393	4.405832e-01	4.971496e-01	1.607719e+00
394	4.747323e-01	5.217870e-01	2.643381e+00
395	4.721148e-01	4.498913e-01	1.233512e+00
397	6.590767e-01	3.748715e-01	1.083048e+00
398	5.069748e-01	2.295963e-01	2.453835e+00
399	5.330575e-01	4.407482e-01	2.169516e+00
400	4.544824e-01	4.637147e-01	1.634099e+00
401	4.469755e-01	5.491936e-01	1.314607e+00
402	4.454832e-01	4.668451e-01	2.292623e+00
403	4.781552e-01	5.547867e-01	1.759160e+00
404	4.158939e-01	4.409008e-01	2.942355e+00
405	4.822865e-01	5.390832e-01	1.358574e+00
406	4.898311e-01	5.873469e-01	1.474841e+00
407	6.447993e-01	6.116193e-01	2.850513e+00
408	4.379004e-01	4.105092e-01	2.543723e+00
409	4.616934e-01	5.318313e-01	1.170005e+00
410	4.393255e-01	5.731608e-01	2.011236e+00
411	4.970188e-01	5.769707e-01	2.982413e+00
412	7.798160e-01	1.978907e-01	1.578407e+00
413	6.005888e-01	6.322598e-01	2.904250e+00
414	4.517847e-01	4.838837e-01	2.948217e+00
415	4.634952e-01	5.161964e-01	1.856864e+00
416	4.953927e-01	5.505568e-01	1.780655e+00
417	4.797199e-01	4.742875e-01	1.223742e+00
418	4.814787e-01	5.262634e-01	2.928676e+00
419	4.629943e-01	4.842472e-01	1.055691e+00
420	4.927400e-01	5.036157e-01	2.823156e+00
421	4.676015e-01	5.233449e-01	2.886663e+00
422	4.738779e-01	5.184378e-01	1.391793e+00
423	5.651794e-01	3.884063e-01	1.467025e+00
424	4.631368e-01	4.707735e-01	1.512946e+00
425	1.839994e-01	4.845318e-01	1.960430e+00
426	1.869453e-01	4.645021e-01	2.254519e+00
427	5.223208e-01	5.795980e-01	2.899365e+00
428	4.453289e-01	5.276464e-01	1.247191e+00
429	4.704114e-01	5.006532e-01	1.802149e+00
430	4.523749e-01	4.980016e-01	1.663410e+00
431	4.898260e-01	3.203618e-01	2.556424e+00
432	1.610649e-02	2.142316e-01	2.947240e+00
433	4.789632e-01	5.251403e-01	2.475330e+00
434	4.694183e-01	5.422201e-01	2.923791e+00
435	5.487407e-01	3.822531e-01	2.906204e+00
437	4.306426e-01	4.637676e-01	2.476307e+00
438	4.349745e-01	5.085493e-01	2.065950e+00
439	4.707874e-01	5.176045e-01	1.983879e+00
440	4.869242e-01	4.576090e-01	1.637030e+00
441	5.607079e-01	3.165044e-01	1.338056e+00
442	5.168166e-01	4.211414e-01	2.406937e+00
443	4.087730e-01	3.890312e-01	1.422081e+00
444	4.361404e-01	4.341286e-01	2.956033e+00
445	4.820082e-01	5.214869e-01	2.601368e+00
446	2.852243e-01	3.970133e-01	1.846116e+00
447	4.771083e-01	5.314251e-01	1.264778e+00
448	4.491575e-01	4.524666e-01	1.119199e+00
449	5.340373e-01	5.954135e-01	1.956522e+00
450	5.741156e-01	3.553568e-01	2.971666e+00
451	4.734416e-01	5.176929e-01	2.149976e+00
452	5.261555e-01	4.292388e-01	1.574499e+00
453	4.152233e-01	2.613315e-01	1.775769e+00
455	4.909434e-01	5.731984e-01	2.984367e+00
456	4.675354e-01	5.101225e-01	1.577430e+00
457	4.296432e-01	4.517730e-01	2.955056e+00
458	4.956590e-01	4.972936e-01	2.865169e+00
459	3.947493e-01	3.347096e-01	1.672203e+00
461	3.719762e-01	8.069242e-01	2.513434e+00
462	4.708373e-01	5.252751e-01	1.853933e+00
463	5.104666e-01	5.405567e-01	2.858329e+00
464	5.335286e-01	6.400416e-01	1.574499e+00
465	5.086781e-01	5.706177e-01	1.432829e+00
466	4.623923e-01	5.231851e-01	1.500244e+00
467	3.687695e-01	4.047388e-01	1.323400e+00
468	4.608070e-01	5.303767e-01	2.147044e+00
469	4.737433e-01	5.129135e-01	2.698095e+00
470	4.930109e-01	5.327102e-01	1.364436e+00
471	4.620794e-01	5.097543e-01	2.076698e+00
472	4.748225e-01	5.175359e-01	2.011236e+00
473	5.242228e-01	6.269695e-01	1.215926e+00
474	4.686949e-01	5.381526e-01	2.299463e+00
475	4.079145e-01	4.747945e-01	1.683928e+00
476	4.582758e-01	5.240651e-01	2.081583e+00
477	4.707841e-01	5.486577e-01	2.350269e+00
478	3.836297e-01	6.233213e-01	2.728383e+00
479	4.068293e-01	4.293089e-01	1.194431e+00
480	4.916452e-01	3.316667e-01	2.515388e+00
481	3.893093e-01	2.480396e-01	1.865657e+00
482	4.969829e-01	6.754813e-01	1.802149e+00
483	4.803926e-01	5.119017e-01	1.367367e+00
484	5.379993e-01	5.711717e-01	1.148510e+00
485	4.711509e-01	5.339369e-01	2.427455e+00
486	5.184772e-01	5.168749e-01	2.196873e+00
487	5.514885e-01	5.422058e-01	2.386419e+00
488	5.047792e-01	5.766720e-01	1.294089e+00
489	4.354779e-01	4.184630e-01	1.687836e+00
490	5.185841e-01	4.781865e-01	1.146556e+00
491	5.067083e-01	7.871256e-01	1.597948e+00
492	5.212844e-01	4.940139e-01	2.412799e+00
493	4.288738e-01	3.719123e-01	1.227650e+00
494	4.881210e-01	5.715105e-01	2.522228e+00
495	4.663281e-01	4.727582e-01	1.437714e+00
496	4.608219e-01	5.194436e-01	1.523693e+00
497	4.571334e-01	4.909051e-01	1.221788e+00
498	4.641763e-01	5.437657e-01	1.652662e+00
499	4.781594e-01	5.129330e-01	1.269663e+00
500	4.788715e-01	5.191731e-01	2.967758e+00
501	4.667091e-01	5.145703e-01	2.546654e+00
502	4.707708e-01	1.564256e-01	1.818759e+00
503	4.282269e-01	4.479419e-01	1.919394e+00
504	4.625081e-01	5.196402e-01	2.563263e+00
505	4.531622e-01	3.859042e-01	1.451392e+00
506	4.243845e-01	5.080703e-01	1.718124e+00
507	4.717708e-01	4.964242e-01	1.207132e+00
508	4.633344e-01	5.088643e-01	1.236444e+00
509	4.293731e-01	5.997788e-01	2.622863e+00
510	2.844033e-01	6.360635e-01	2.549585e+00
511	4.836430e-01	5.286487e-01	2.966781e+00
512	5.542952e-01	7.040063e-01	2.395213e+00
513	4.366128e-01	5.173612e-01	1.534441e+00
514	3.052466e-01	3.311592e-01	1.550073e+00
515	4.921527e-01	5.649578e-01	1.610650e+00
516	4.518035e-01	8.123590e-01	1.612604e+00
517	4.664097e-01	5.321104e-01	1.086957e+00
518	5.204463e-01	3.973759e-01	2.282853e+00
519	4.159954e-01	3.632090e-01	1.573522e+00
520	4.716049e-01	5.034449e-01	2.497802e+00
521	4.739568e-01	5.103720e-01	1.752320e+00
523	4.651037e-01	5.267458e-01	1.209086e+00
524	4.753916e-01	5.674257e-01	2.755740e+00
525	5.623244e-01	5.498387e-01	1.499267e+00
526	4.803659e-01	5.058127e-01	1.014656e+00
527	7.134914e-01	7.414710e-01	2.891549e+00
528	4.680019e-01	4.953979e-01	2.478261e+00
529	4.279824e-01	4.278444e-01	1.898876e+00
530	4.589816e-01	5.321091e-01	1.188569e+00
531	4.899310e-01	5.286592e-01	2.785051e+00
532	4.769189e-01	5.113616e-01	2.945286e+00
533	5.044224e-01	5.435430e-01	2.458720e+00
534	6.154218e-01	5.433516e-01	2.673669e+00
535	4.524181e-01	5.288419e-01	1.399609e+00
536	4.744430e-01	4.580649e-01	2.604299e+00
537	4.624250e-01	5.157978e-01	1.529555e+00
538	4.687956e-01	5.172871e-01	2.823156e+00
539	4.897046e-01	5.609166e-01	2.826087e+00
540	5.063024e-01	5.587410e-01	2.844651e+00
541	5.463228e-01	5.293763e-01	2.290669e+00
542	4.972820e-01	4.885966e-01	2.570103e+00
543	4.656244e-01	5.079924e-01	2.396190e+00
544	4.373281e-01	5.494780e-01	1.318515e+00
545	5.207467e-01	5.842393e-01	2.605276e+00
546	3.207699e-01	3.911893e-01	2.683439e+00
547	6.552361e-01	5.947487e-01	1.587201e+00
548	4.877446e-01	6.900375e-01	1.375183e+00
549	4.589185e-01	4.808727e-01	2.298486e+00
550	5.298826e-01	5.811892e-01	1.285296e+00
551	4.693239e-01	5.116810e-01	2.983390e+00
552	3.755838e-01	6.962897e-01	1.195408e+00
553	4.723561e-01	5.180134e-01	2.414753e+00
554	3.445493e-01	6.625441e-01	1.843185e+00
555	4.878106e-01	5.040344e-01	2.396190e+00
556	4.115913e-01	4.185240e-01	3.000000e+00
557	4.625565e-01	5.363350e-01	2.728383e+00
559	4.630225e-01	5.011117e-01	1.944797e+00
560	4.063540e-01	7.416048e-01	2.883732e+00
561	5.113855e-01	5.849824e-01	2.383488e+00
562	5.335927e-01	4.977867e-01	2.506595e+00
563	4.659825e-01	5.010272e-01	1.786517e+00
564	4.644607e-01	5.270833e-01	2.893503e+00
565	4.771359e-01	5.297828e-01	2.981436e+00
566	4.928234e-01	5.684805e-01	2.663898e+00
567	4.471027e-01	4.797959e-01	2.227162e+00
568	4.317452e-01	5.269411e-01	1.527601e+00
569	5.278525e-01	6.098880e-01	2.610161e+00
570	7.843524e-01	3.757737e-01	1.058622e+00
571	4.454045e-01	4.595643e-01	2.782120e+00
573	4.718611e-01	5.270717e-01	2.109917e+00
574	4.752288e-01	5.469528e-01	2.074744e+00
575	5.020185e-01	5.278133e-01	2.319003e+00
576	5.135780e-01	5.155875e-01	1.290181e+00
577	4.134990e-01	4.969997e-01	1.286273e+00
578	4.785008e-01	5.900444e-01	1.881290e+00
579	4.627765e-01	4.926344e-01	1.664387e+00
580	2.434780e-01	2.695278e-01	1.242306e+00
581	5.161830e-01	5.189917e-01	1.927211e+00
582	4.649149e-01	5.198814e-01	2.820225e+00
583	4.820094e-01	6.827318e-01	2.792868e+00
584	5.616195e-01	4.685000e-01	1.201270e+00
585	5.234904e-01	5.634875e-01	1.898876e+00
586	4.637664e-01	5.155334e-01	1.782609e+00
587	4.733833e-01	5.108010e-01	1.561798e+00
588	4.738901e-01	5.227527e-01	2.282853e+00
589	4.734598e-01	5.286419e-01	2.210552e+00
590	5.030223e-01	5.597335e-01	1.020518e+00
591	4.554212e-01	4.777425e-01	1.784563e+00
592	4.746347e-01	5.194265e-01	1.275525e+00
593	4.962717e-01	5.256340e-01	1.212995e+00
594	3.933884e-01	5.064729e-01	2.964827e+00
595	4.894903e-01	5.441084e-01	2.079629e+00
596	4.595677e-01	3.911318e-01	1.187592e+00
597	4.648155e-01	4.634189e-01	1.258915e+00
598	5.307262e-01	5.363458e-01	1.999511e+00
599	4.711661e-01	5.194207e-01	1.264778e+00
600	4.734093e-01	5.260596e-01	1.110405e+00
601	5.271293e-01	7.156976e-01	1.107474e+00
602	5.052494e-01	4.129327e-01	1.070347e+00
603	4.756833e-01	5.195189e-01	2.400098e+00
604	4.721460e-01	4.713398e-01	2.871031e+00
605	4.781476e-01	5.205331e-01	2.739130e+00
606	4.489539e-01	4.943443e-01	2.061065e+00
607	2.222480e-01	3.958326e-01	1.073278e+00
608	5.039331e-01	5.669906e-01	2.799707e+00
609	4.885131e-01	6.091116e-01	2.010259e+00
610	5.054172e-01	4.962438e-01	1.700537e+00
611	4.720503e-01	5.113790e-01	1.339033e+00
612	4.378471e-01	5.040833e-01	2.227162e+00
613	6.275912e-01	2.812515e-01	2.482169e+00
614	4.959958e-01	5.132694e-01	2.958964e+00
615	3.684081e-01	5.580828e-01	1.443576e+00
616	4.943860e-01	5.128113e-01	2.381534e+00
617	5.374167e-01	5.893054e-01	1.971177e+00
618	4.738580e-01	5.057300e-01	2.960918e+00
619	5.122342e-01	6.235884e-01	1.812897e+00
620	5.609330e-01	4.497765e-01	1.170982e+00
621	4.834510e-01	3.946106e-01	1.277479e+00
622	5.525482e-01	5.453053e-01	1.176844e+00
623	4.157831e-01	4.933454e-01	1.636053e+00
624	4.982325e-01	4.666474e-01	2.336590e+00
625	4.973504e-01	5.104711e-01	1.343918e+00
626	4.549503e-01	5.230920e-01	1.905716e+00
627	5.379409e-01	5.426541e-01	1.784563e+00
628	4.726584e-01	5.065901e-01	2.063996e+00
629	4.745498e-01	5.328475e-01	2.497802e+00
630	4.097404e-01	5.687119e-01	2.870054e+00
631	4.013012e-01	4.582868e-01	1.729849e+00
632	4.713493e-01	6.666696e-01	2.290669e+00
633	4.714343e-01	5.185932e-01	2.841720e+00
634	4.722495e-01	5.267082e-01	2.195896e+00
635	5.109236e-01	5.702294e-01	1.601856e+00
636	4.812351e-01	5.862141e-01	2.449927e+00
637	4.673755e-01	5.368470e-01	1.462140e+00
638	4.719887e-01	5.220960e-01	2.041524e+00
639	4.722338e-01	5.199545e-01	2.061065e+00
640	6.066256e-01	6.341267e-01	2.130435e+00
641	3.993513e-01	2.526467e-01	2.205667e+00
642	4.649865e-01	5.016250e-01	2.184172e+00
643	4.864269e-01	4.627804e-01	2.747924e+00
644	2.628522e-01	5.291106e-01	2.909135e+00
645	4.680945e-01	5.134610e-01	2.777235e+00
646	4.831242e-01	5.073260e-01	1.295066e+00
647	5.346713e-01	5.636371e-01	1.050806e+00
648	2.701716e-01	4.858283e-01	1.191500e+00
649	4.629013e-01	5.146566e-01	1.198339e+00
650	4.881081e-01	4.992086e-01	2.656082e+00
651	4.800913e-01	4.825152e-01	1.692721e+00
652	8.255200e-01	7.247302e-01	2.330728e+00
653	4.857788e-01	5.495720e-01	1.906693e+00
654	4.834476e-01	5.350216e-01	2.192965e+00
655	4.369808e-01	4.995488e-01	1.200293e+00
656	4.745173e-01	5.078442e-01	2.361016e+00
657	5.496138e-01	5.929796e-01	2.080606e+00
658	4.860525e-01	5.303312e-01	2.017098e+00
659	4.681770e-01	5.634558e-01	2.191011e+00
660	6.518568e-01	6.275911e-01	1.667318e+00
661	6.221617e-01	6.544825e-01	2.229116e+00
662	3.956155e-01	4.762526e-01	1.188569e+00
663	4.360860e-01	4.768946e-01	2.714704e+00
664	3.947066e-01	4.674542e-01	1.979971e+00
665	4.751607e-01	4.216705e-01	2.954079e+00
666	6.204094e-01	5.662702e-01	1.803127e+00
667	4.483082e-01	5.657145e-01	1.039082e+00
668	4.025009e-01	4.757174e-01	1.893014e+00
669	4.963039e-01	5.696746e-01	1.778701e+00
670	3.322896e-01	4.533729e-01	1.807035e+00
671	4.447601e-01	4.607697e-01	1.102589e+00
672	4.332030e-01	7.914761e-01	1.879336e+00
673	5.341309e-01	5.487580e-01	1.984856e+00
674	4.713217e-01	5.204357e-01	2.238886e+00
675	4.757531e-01	5.434836e-01	2.868100e+00
676	4.638063e-01	5.317043e-01	2.748901e+00
677	4.791139e-01	4.845165e-01	1.578407e+00
678	4.612716e-01	4.879101e-01	1.621397e+00
679	4.751589e-01	5.217935e-01	2.657059e+00
680	4.681089e-01	4.749285e-01	2.404983e+00
681	4.648478e-01	5.625319e-01	2.272106e+00
682	4.628078e-01	4.912068e-01	1.463117e+00
683	4.661131e-01	4.894778e-01	2.316072e+00
684	4.775401e-01	5.379358e-01	2.334636e+00
685	3.999213e-01	4.892533e-01	1.365413e+00
686	3.458881e-01	6.392703e-01	2.105032e+00
687	4.831518e-01	5.632328e-01	1.339033e+00
688	4.579113e-01	5.001100e-01	2.932584e+00
689	4.655439e-01	5.130799e-01	2.378603e+00
690	4.787799e-01	5.206662e-01	1.833415e+00
691	4.882994e-01	4.909279e-01	1.663410e+00
692	5.016475e-01	5.106936e-01	2.251588e+00
693	4.585783e-01	5.477635e-01	1.766976e+00
694	6.193472e-01	6.072159e-01	1.575476e+00
695	4.971332e-01	2.696285e-01	2.771373e+00
696	4.809494e-01	5.241585e-01	2.787005e+00
697	4.770868e-01	5.127616e-01	1.959453e+00
698	4.509635e-01	5.109934e-01	2.187103e+00
699	4.699436e-01	5.201379e-01	2.430386e+00
700	4.239023e-01	4.664402e-01	2.679531e+00
701	4.427694e-01	4.302710e-01	2.191988e+00
702	3.811301e-01	4.719649e-01	2.945286e+00
703	4.710125e-01	5.288948e-01	2.793845e+00
704	4.585523e-01	4.783431e-01	2.132389e+00
705	7.210732e-01	6.134637e-01	1.627259e+00
706	4.694481e-01	5.171837e-01	1.623351e+00
707	4.588674e-01	5.112169e-01	2.772350e+00
708	4.810610e-01	5.289203e-01	1.552027e+00
709	6.197009e-01	5.405453e-01	1.180752e+00
710	4.822735e-01	5.774103e-01	1.632145e+00
711	4.557756e-01	4.422609e-01	1.680997e+00
712	3.489113e-01	3.993543e-01	2.828041e+00
713	4.998314e-01	7.578424e-01	1.703468e+00
714	3.987565e-01	6.537340e-01	1.471910e+00
715	4.576511e-01	5.161477e-01	2.368832e+00
716	4.597267e-01	5.192981e-01	1.961407e+00
717	4.655825e-01	5.232240e-01	1.756229e+00
718	5.070926e-01	5.344762e-01	2.987298e+00
719	4.775183e-01	5.125457e-01	2.332682e+00
720	4.807159e-01	5.220694e-01	1.097704e+00
721	4.589141e-01	3.864848e-01	1.954568e+00
722	4.690115e-01	5.167499e-01	1.704446e+00
723	4.710494e-01	5.203046e-01	1.853933e+00
724	4.139078e-01	4.655781e-01	2.829995e+00
725	5.011030e-01	5.858298e-01	2.232047e+00
726	5.278243e-01	5.772941e-01	2.587689e+00
727	6.970390e-01	2.473829e-01	2.698095e+00
729	4.637608e-01	6.288875e-01	1.212995e+00
730	3.842773e-01	5.350438e-01	1.502198e+00
731	4.696508e-01	5.220403e-01	2.614069e+00
732	5.438170e-01	6.090109e-01	2.880801e+00
733	4.754193e-01	5.101156e-01	1.956522e+00
734	4.716071e-01	4.324981e-01	2.745970e+00
735	7.727630e-01	4.619908e-01	1.179775e+00
736	5.223910e-01	4.443166e-01	1.935027e+00
737	4.474190e-01	5.280805e-01	1.975085e+00
738	4.423852e-01	4.776893e-01	1.067416e+00
739	4.240317e-01	5.194679e-01	2.024915e+00
740	3.842701e-01	5.030607e-01	2.810454e+00
741	4.555279e-01	4.545792e-01	2.428432e+00
742	4.378151e-01	5.414099e-01	1.957499e+00
743	4.985242e-01	5.946944e-01	2.306302e+00
744	4.747160e-01	5.445713e-01	2.557401e+00
745	4.849598e-01	5.552225e-01	1.243283e+00
746	4.665229e-01	5.748191e-01	2.429409e+00
747	4.976722e-01	5.418020e-01	2.523205e+00
748	3.656711e-01	4.552996e-01	2.842697e+00
749	4.694189e-01	5.227339e-01	2.247680e+00
750	5.012258e-01	5.629750e-01	2.000489e+00
751	4.567810e-01	4.903287e-01	2.446019e+00
752	4.645992e-01	5.226086e-01	2.360039e+00
753	4.364595e-01	4.341850e-01	2.567171e+00
754	4.618162e-01	5.128676e-01	2.415730e+00
755	4.978289e-01	5.079452e-01	1.989741e+00
756	4.746494e-01	5.137668e-01	2.908158e+00
757	5.728978e-01	3.193289e-01	2.731314e+00
758	4.713676e-01	5.183404e-01	2.544700e+00
759	4.717777e-01	5.216414e-01	2.890572e+00
760	4.697304e-01	5.199681e-01	1.654617e+00
761	4.725667e-01	5.219982e-01	1.008793e+00
762	4.579735e-01	4.842559e-01	1.260870e+00
763	5.474017e-01	5.665783e-01	1.347826e+00
764	4.584353e-01	5.307317e-01	1.325354e+00
765	4.710049e-01	5.224664e-01	1.420127e+00
766	4.328575e-01	3.679038e-01	2.845628e+00
767	4.892928e-01	5.193423e-01	1.853933e+00
768	4.660104e-01	5.167684e-01	1.303859e+00
769	5.379847e-01	6.227541e-01	1.294089e+00
770	7.564160e-01	1.623120e-01	1.675134e+00
771	5.318588e-01	5.030277e-01	2.417684e+00
772	4.380409e-01	4.866858e-01	2.053249e+00
773	4.463812e-01	5.221905e-01	1.276502e+00
774	5.893220e-01	2.961651e-01	2.779189e+00
775	3.125529e-01	3.556813e-01	1.984856e+00
776	4.604844e-01	3.469384e-01	2.295554e+00
777	4.673120e-01	5.135847e-01	1.652662e+00
778	4.655606e-01	5.015929e-01	2.464582e+00
779	4.750536e-01	5.206331e-01	1.763068e+00
780	4.745793e-01	5.478092e-01	2.026869e+00
781	4.221239e-01	4.350787e-01	1.160234e+00
782	5.388525e-01	5.425099e-01	2.302394e+00
783	4.677063e-01	5.250663e-01	1.384954e+00
784	4.814898e-01	4.574468e-01	2.598437e+00
785	5.265759e-01	5.284541e-01	2.130435e+00
786	4.598754e-01	4.975227e-01	1.690767e+00
787	4.767211e-01	4.948901e-01	1.940889e+00
788	4.654800e-01	5.037711e-01	2.099170e+00
