767
0	3.561666e-01	3.409557e-01	1.398632e+00
1	4.310260e-01	6.091408e-01	1.108451e+00
2	4.624568e-01	5.900760e-01	2.925745e+00
3	4.653492e-01	4.582352e-01	2.732291e+00
4	4.469040e-01	6.797141e-01	1.257938e+00
5	4.068060e-01	6.167223e-01	2.424524e+00
6	7.206673e-01	8.281381e-01	1.383000e+00
7	4.708426e-01	5.346832e-01	2.705911e+00
8	4.803266e-01	4.736641e-01	2.442110e+00
9	4.762985e-01	5.197173e-01	2.233024e+00
10	5.333298e-01	4.240230e-01	2.376649e+00
11	4.676108e-01	5.092737e-01	1.556913e+00
12	4.381762e-01	7.005302e-01	2.950171e+00
13	3.703629e-01	5.329890e-01	1.066439e+00
14	4.737718e-01	5.219207e-01	1.626282e+00
15	3.188771e-01	6.797828e-01	1.306790e+00
16	4.752927e-01	5.173340e-01	2.902296e+00
17	6.595702e-01	6.849882e-01	1.195408e+00
18	4.444155e-01	4.859886e-01	1.785540e+00
19	4.945556e-01	5.504321e-01	1.248168e+00
20	4.338406e-01	5.237479e-01	1.863703e+00
21	4.783938e-01	4.977254e-01	2.671715e+00
22	4.712788e-01	5.193384e-01	2.487054e+00
23	4.178098e-01	3.995610e-01	1.946751e+00
24	6.117886e-01	5.797688e-01	1.303859e+00
25	4.530289e-01	3.201847e-01	2.152907e+00
26	4.786985e-01	5.141761e-01	1.388862e+00
27	4.739326e-01	5.595348e-01	1.591109e+00
28	5.047145e-01	5.640752e-01	2.205667e+00
29	4.853398e-01	5.657393e-01	2.181241e+00
30	4.390538e-01	5.423366e-01	1.475818e+00
31	4.479943e-01	4.564945e-01	2.309233e+00
32	4.993081e-01	5.309732e-01	2.073766e+00
33	4.493680e-01	5.278184e-01	2.331705e+00
34	4.769074e-01	5.584502e-01	1.126038e+00
35	7.725639e-01	6.322130e-01	2.235955e+00
36	5.533964e-01	4.485107e-01	2.805569e+00
37	5.524980e-01	3.894344e-01	2.555447e+00
38	4.773501e-01	5.118536e-01	2.559355e+00
39	4.749872e-01	5.071752e-01	1.895945e+00
40	5.053514e-01	4.458081e-01	1.282364e+00
41	4.856875e-01	4.355827e-01	2.750855e+00
42	4.686369e-01	5.218412e-01	2.412799e+00
43	4.798778e-01	5.096136e-01	2.557401e+00
44	4.608628e-01	5.849807e-01	1.648754e+00
45	5.497259e-01	5.125524e-01	1.721055e+00
46	3.954354e-01	3.717723e-01	2.588666e+00
47	4.635943e-01	5.143551e-01	1.525647e+00
48	4.771592e-01	5.227218e-01	2.751832e+00
49	2.861235e-01	2.669751e-01	2.625794e+00
50	5.332032e-01	5.937592e-01	1.663410e+00
51	4.776181e-01	5.288371e-01	2.560332e+00
52	4.699489e-01	5.005582e-01	1.696629e+00
53	4.543573e-01	5.186728e-01	1.506106e+00
54	4.697033e-01	5.258735e-01	2.675623e+00
55	4.495950e-01	4.358965e-01	2.497802e+00
56	5.319643e-01	3.791090e-01	1.031265e+00
57	5.872828e-01	5.621729e-01	2.361993e+00
58	5.016655e-01	5.960503e-01	1.866634e+00
60	7.635898e-01	7.318352e-01	1.503175e+00
61	4.486940e-01	5.353232e-01	2.449927e+00
62	4.666495e-01	4.844587e-01	2.831949e+00
63	4.662989e-01	5.122396e-01	2.317049e+00
64	4.470947e-01	5.457805e-01	2.353200e+00
65	4.738610e-01	5.221199e-01	2.575965e+00
66	4.247943e-01	4.212630e-01	2.922814e+00
67	4.271165e-01	4.248166e-01	2.289692e+00
68	4.394826e-01	3.978824e-01	2.766488e+00
69	5.502493e-01	4.010057e-01	1.522716e+00
70	4.283358e-01	5.706753e-01	2.769419e+00
71	4.864818e-01	5.487085e-01	1.110405e+00
72	4.595477e-01	5.964259e-01	1.412311e+00
73	4.084902e-01	4.538284e-01	1.951637e+00
74	2.871986e-01	4.282219e-01	1.449438e+00
75	3.039147e-01	4.469744e-01	2.176356e+00
76	4.728484e-01	5.829855e-01	1.212995e+00
77	4.604460e-01	4.870439e-01	1.872496e+00
78	4.746915e-01	4.710875e-01	1.606742e+00
79	3.350139e-01	5.574463e-01	1.183683e+00
80	4.739463e-01	5.689514e-01	2.736199e+00
81	4.720157e-01	5.194051e-01	1.617489e+00
82	4.648468e-01	5.359339e-01	2.456766e+00
83	3.653000e-01	4.229572e-01	1.406448e+00
84	5.670399e-01	6.356805e-01	2.453835e+00
85	4.689169e-01	5.170400e-01	2.712750e+00
86	4.694852e-01	5.104761e-01	2.877870e+00
87	3.206968e-01	7.436695e-01	1.533464e+00
88	4.166636e-01	3.595323e-01	2.169516e+00
89	6.079974e-01	6.491395e-01	2.483146e+00
90	5.222744e-01	4.124283e-01	1.538349e+00
91	5.086011e-01	5.047959e-01	1.117245e+00
92	4.591293e-01	5.002262e-01	2.709819e+00
93	4.412180e-01	4.912214e-01	2.929653e+00
94	3.982480e-01	6.259299e-01	2.125550e+00
95	5.768559e-01	5.672338e-01	2.148999e+00
96	4.735793e-01	4.939727e-01	1.206155e+00
98	4.736061e-01	5.230296e-01	1.997557e+00
99	4.662892e-01	5.588064e-01	1.753298e+00
100	4.722835e-01	5.217480e-01	1.491451e+00
101	4.762567e-01	5.142373e-01	2.381534e+00
102	4.828485e-01	5.828575e-01	1.837323e+00
103	4.308176e-01	4.468638e-01	2.723498e+00
104	5.752515e-01	6.337939e-01	1.216903e+00
105	4.853720e-01	5.111026e-01	1.385931e+00
107	4.913531e-01	5.060446e-01	1.887152e+00
108	6.633344e-01	3.829160e-01	1.869565e+00
109	4.713737e-01	5.634494e-01	2.657059e+00
110	4.971341e-01	5.587198e-01	1.905716e+00
111	4.529692e-01	5.296434e-01	2.319980e+00
113	5.216018e-01	1.443680e-01	1.155349e+00
114	4.771828e-01	4.963345e-01	1.261847e+00
115	4.737784e-01	5.190849e-01	1.308745e+00
116	4.122804e-01	6.328646e-01	1.148510e+00
117	4.706483e-01	4.942765e-01	1.865657e+00
118	4.773661e-01	4.759472e-01	2.988276e+00
119	3.795961e-01	4.392224e-01	1.479726e+00
120	4.909524e-01	6.115620e-01	2.095261e+00
121	4.520700e-01	5.601432e-01	2.442110e+00
122	4.719645e-01	4.228877e-01	1.070347e+00
123	5.306508e-01	5.712627e-01	1.417196e+00
124	4.817156e-01	5.312066e-01	2.817294e+00
126	4.590503e-01	5.114928e-01	2.738153e+00
127	4.533938e-01	4.518730e-01	2.338544e+00
128	2.125388e-01	1.892944e-01	1.282364e+00
129	4.922595e-01	4.994672e-01	2.676600e+00
130	1.875816e-01	2.137800e-01	2.443087e+00
132	5.545886e-01	4.484258e-01	1.220811e+00
133	5.726130e-01	4.742925e-01	2.407914e+00
134	4.167163e-01	4.519620e-01	2.277968e+00
135	4.568808e-01	5.126409e-01	2.409868e+00
136	4.921099e-01	4.868250e-01	2.083537e+00
137	4.877354e-01	5.241332e-01	2.286761e+00
138	2.817827e-01	5.404105e-01	1.194431e+00
139	4.741574e-01	5.159775e-01	2.818271e+00
140	3.723208e-01	5.268164e-01	2.827064e+00
141	4.807208e-01	5.121809e-01	1.684905e+00
142	4.738710e-01	5.143097e-01	1.999511e+00
143	4.768696e-01	5.314035e-01	1.956522e+00
144	4.247047e-01	4.949835e-01	2.323889e+00
145	4.963596e-01	5.807988e-01	2.501710e+00
146	3.517923e-01	7.264497e-01	2.395213e+00
147	3.717216e-01	5.819411e-01	2.719590e+00
148	4.750185e-01	5.193307e-01	2.937469e+00
149	4.820468e-01	4.913659e-01	2.803615e+00
150	4.151993e-01	4.634927e-01	1.794333e+00
151	4.776975e-01	5.038976e-01	2.611138e+00
152	5.076468e-01	4.773179e-01	1.724963e+00
153	4.829022e-01	5.028392e-01	1.983879e+00
154	4.759220e-01	5.154658e-01	2.181241e+00
155	4.689464e-01	5.797821e-01	1.295066e+00
156	4.726878e-01	5.823284e-01	1.970200e+00
157	4.912411e-01	5.094981e-01	2.387396e+00
158	3.508049e-01	5.740819e-01	2.386419e+00
159	4.171234e-01	6.187847e-01	2.647289e+00
160	4.964653e-01	5.351852e-01	1.686859e+00
161	4.901547e-01	5.180976e-01	1.553981e+00
162	4.829353e-01	4.679337e-01	1.764045e+00
163	4.620718e-01	3.338329e-01	1.632145e+00
164	4.742636e-01	5.170602e-01	1.235467e+00
165	4.805019e-01	5.358918e-01	2.251588e+00
166	4.905231e-01	5.157863e-01	1.751343e+00
167	4.162403e-01	4.484346e-01	1.715193e+00
168	4.732402e-01	5.218874e-01	2.109917e+00
169	4.713040e-01	6.164087e-01	2.137274e+00
170	5.178999e-01	4.719205e-01	2.099170e+00
171	4.570363e-01	3.812105e-01	2.057157e+00
172	4.263276e-01	4.662167e-01	2.246702e+00
173	4.454063e-01	4.917447e-01	1.894968e+00
174	5.442778e-01	4.752592e-01	2.453835e+00
175	4.600518e-01	5.040134e-01	2.834880e+00
176	3.687563e-01	4.168764e-01	2.215437e+00
177	4.669999e-01	4.955325e-01	2.153884e+00
178	4.779430e-01	5.176716e-01	2.475330e+00
179	4.073345e-01	4.149105e-01	1.274548e+00
180	4.906147e-01	5.927611e-01	2.127504e+00
181	4.749346e-01	4.873719e-01	1.790425e+00
182	4.699338e-01	4.760792e-01	1.736688e+00
183	4.619536e-01	4.666231e-01	1.692721e+00
184	5.410625e-01	7.310446e-01	2.042501e+00
185	4.810971e-01	4.896958e-01	1.468979e+00
186	4.678400e-01	4.574171e-01	1.784563e+00
188	4.652491e-01	4.528055e-01	1.839277e+00
189	4.789055e-01	5.210572e-01	1.175867e+00
190	4.549158e-01	6.065801e-01	2.807523e+00
191	6.578876e-01	5.057151e-01	2.811431e+00
192	4.311269e-01	4.505983e-01	1.192477e+00
193	2.695400e-01	5.311940e-01	1.620420e+00
194	3.833377e-01	5.910286e-01	2.624817e+00
195	4.792503e-01	5.203188e-01	2.806546e+00
196	3.630822e-01	3.375689e-01	1.763068e+00
197	7.848351e-01	7.283502e-01	2.060088e+00
198	6.423458e-01	7.603980e-01	2.458720e+00
199	4.569559e-01	5.630693e-01	2.463605e+00
200	8.220432e-01	7.809994e-01	1.141671e+00
201	4.572703e-01	5.264608e-01	1.146556e+00
202	4.868392e-01	5.427027e-01	1.395701e+00
203	3.942509e-01	4.861783e-01	1.755252e+00
204	4.601073e-01	4.599934e-01	2.901319e+00
205	5.504832e-01	6.962631e-01	2.123596e+00
206	4.938252e-01	8.047161e-01	1.652662e+00
207	4.968158e-01	5.729816e-01	1.199316e+00
208	4.764257e-01	5.327074e-01	2.170493e+00
209	4.992060e-01	4.439371e-01	2.733268e+00
210	5.664045e-01	6.071818e-01	1.545188e+00
211	5.047903e-01	5.052431e-01	1.376160e+00
212	4.709350e-01	5.044580e-01	1.621397e+00
213	4.660553e-01	5.327865e-01	1.883244e+00
214	4.652662e-01	5.319701e-01	1.612604e+00
215	4.491636e-01	5.461300e-01	2.909135e+00
216	4.732709e-01	5.141128e-01	1.354665e+00
217	4.842059e-01	5.167391e-01	2.770396e+00
218	6.035248e-01	3.956684e-01	2.148999e+00
219	4.920643e-01	5.119926e-01	2.624817e+00
220	4.712476e-01	5.000191e-01	2.697118e+00
221	4.594694e-01	4.904369e-01	1.938935e+00
222	4.155131e-01	1.555561e-01	1.854910e+00
223	5.470691e-01	4.608710e-01	2.625794e+00
224	4.198541e-01	4.271142e-01	2.984367e+00
225	4.430985e-01	6.347718e-01	2.693210e+00
226	4.800101e-01	5.166686e-01	2.276014e+00
227	4.886269e-01	4.757536e-01	1.245237e+00
228	4.774641e-01	5.285544e-01	1.489497e+00
229	4.826824e-01	5.240867e-01	2.305325e+00
230	4.857496e-01	5.315816e-01	2.689301e+00
231	4.744033e-01	5.544397e-01	1.346849e+00
232	4.679362e-01	4.547608e-01	2.447973e+00
233	4.695074e-01	5.842511e-01	1.591109e+00
234	5.507072e-01	4.381269e-01	1.931119e+00
235	4.319689e-01	4.766072e-01	2.687347e+00
236	4.747774e-01	5.202186e-01	2.787982e+00
237	4.716074e-01	5.056735e-01	1.510015e+00
238	4.527545e-01	4.953335e-01	2.193942e+00
239	5.126008e-01	5.683213e-01	2.918906e+00
240	5.031890e-01	6.086800e-01	1.734734e+00
241	5.148993e-01	5.422643e-01	1.119199e+00
242	5.651738e-01	4.626248e-01	1.631168e+00
243	4.497694e-01	5.012793e-01	1.258915e+00
244	4.393983e-01	4.589343e-01	2.458720e+00
245	5.017732e-01	6.735386e-01	2.134343e+00
246	4.832403e-01	5.255190e-01	2.662921e+00
247	4.575369e-01	5.493514e-01	2.924768e+00
248	4.611533e-01	5.678340e-01	2.983390e+00
250	3.048430e-01	5.167419e-01	2.763556e+00
251	1.555669e-01	4.686622e-01	2.374695e+00
252	3.906753e-01	5.678107e-01	1.703468e+00
253	4.664232e-01	4.636030e-01	1.246214e+00
254	4.881967e-01	4.249816e-01	2.925745e+00
255	4.679002e-01	5.106982e-01	1.857841e+00
256	4.734898e-01	5.068230e-01	2.601368e+00
257	4.774247e-01	4.983063e-01	2.413776e+00
258	5.104514e-01	5.163612e-01	2.569126e+00
259	4.690068e-01	4.654359e-01	1.865657e+00
260	4.747859e-01	5.206064e-01	2.574988e+00
261	4.631920e-01	4.938320e-01	1.598925e+00
262	3.285226e-01	6.042523e-01	2.264289e+00
263	5.185104e-01	5.335063e-01	1.176844e+00
264	4.639240e-01	5.178478e-01	1.061553e+00
265	4.776111e-01	5.432346e-01	2.526136e+00
266	4.726300e-01	4.596283e-01	1.928188e+00
267	4.915433e-01	5.483731e-01	2.006351e+00
268	4.823360e-01	5.185625e-01	1.041036e+00
269	6.564158e-01	6.599093e-01	1.793356e+00
270	4.676385e-01	5.588702e-01	1.860772e+00
271	5.529644e-01	5.367954e-01	1.389839e+00
272	4.797760e-01	5.296892e-01	1.052760e+00
273	3.158714e-01	2.844201e-01	1.156326e+00
274	5.423487e-01	7.560518e-01	1.981925e+00
275	5.173839e-01	5.759663e-01	2.256473e+00
276	4.803423e-01	5.744132e-01	2.368832e+00
277	4.565935e-01	5.395325e-01	2.024915e+00
279	4.402204e-01	5.938764e-01	1.348803e+00
280	4.080389e-01	4.453093e-01	2.472399e+00
281	3.152200e-01	4.691003e-01	2.288715e+00
282	4.372969e-01	4.078504e-01	2.745970e+00
283	3.976093e-01	5.288364e-01	2.490962e+00
284	4.518184e-01	5.887910e-01	2.515388e+00
285	2.991551e-01	4.972782e-01	1.545188e+00
286	4.679684e-01	5.070768e-01	2.662921e+00
287	4.888705e-01	5.847149e-01	2.264289e+00
288	4.814792e-01	5.612654e-01	2.905227e+00
289	4.085931e-01	5.501807e-01	1.058622e+00
290	4.120234e-01	5.592876e-01	2.152907e+00
291	7.251139e-01	8.333585e-01	2.784074e+00
292	4.876436e-01	5.229014e-01	2.445042e+00
293	5.074059e-01	1.629504e-01	2.852467e+00
294	4.424248e-01	5.682031e-01	2.070835e+00
295	4.634816e-01	4.767114e-01	1.406448e+00
296	7.189704e-01	9.928593e-01	1.751343e+00
297	3.762364e-01	5.802261e-01	2.077675e+00
298	4.510340e-01	6.737455e-01	1.601856e+00
299	4.637837e-01	5.932703e-01	2.048363e+00
300	4.470866e-01	4.818910e-01	2.781143e+00
301	4.715881e-01	5.180004e-01	2.779189e+00
302	4.719728e-01	5.197879e-01	2.617978e+00
303	3.567535e-01	3.083716e-01	1.698583e+00
304	4.733793e-01	3.912622e-01	1.948705e+00
305	4.653601e-01	5.103286e-01	1.416219e+00
306	8.103303e-01	2.941739e-01	1.745481e+00
307	4.719318e-01	5.157888e-01	2.291646e+00
308	3.666275e-01	6.813841e-02	1.868588e+00
309	4.115676e-01	5.021801e-01	2.511480e+00
310	4.751747e-01	5.605732e-01	2.596483e+00
311	4.795421e-01	4.364692e-01	2.855398e+00
312	4.888345e-01	4.618943e-01	1.312653e+00
313	4.557158e-01	5.920104e-01	1.787494e+00
314	4.738570e-01	5.274601e-01	2.252565e+00
315	4.952631e-01	4.599477e-01	1.978017e+00
316	5.096266e-01	4.061649e-01	2.965804e+00
317	4.740099e-01	5.061075e-01	2.221299e+00
318	6.415499e-01	4.648475e-01	1.701514e+00
319	5.276222e-01	4.207477e-01	1.135809e+00
320	4.621312e-01	4.869942e-01	2.997069e+00
322	4.309272e-01	3.931993e-01	2.362970e+00
323	4.586418e-01	4.947228e-01	2.553493e+00
324	5.040559e-01	5.411428e-01	1.347826e+00
325	5.154328e-02	2.094322e-01	2.896434e+00
326	4.743186e-01	5.181808e-01	1.857841e+00
327	5.466404e-01	5.747624e-01	1.669272e+00
328	4.750656e-01	5.167513e-01	1.726917e+00
329	4.818709e-01	5.807403e-01	2.604299e+00
330	3.745820e-01	4.803917e-01	2.089399e+00
331	5.330140e-01	5.137730e-01	1.552027e+00
332	4.486404e-01	4.796617e-01	1.769907e+00
333	4.755169e-01	4.814492e-01	1.382022e+00
334	5.351408e-01	6.076901e-01	2.510503e+00
335	4.686970e-01	5.030613e-01	1.640938e+00
336	4.748533e-01	5.064242e-01	2.933561e+00
337	5.984336e-01	4.992965e-01	1.033219e+00
338	4.816232e-01	6.480769e-01	1.408403e+00
339	4.744017e-01	5.011825e-01	2.767465e+00
340	4.913123e-01	5.392520e-01	1.526624e+00
341	4.964979e-01	6.040907e-01	1.456277e+00
342	4.775329e-01	4.768234e-01	1.054714e+00
343	4.635723e-01	4.526371e-01	2.601368e+00
344	3.904996e-01	4.307516e-01	2.193942e+00
346	5.001341e-01	5.825865e-01	1.564729e+00
347	4.645442e-01	5.000394e-01	1.679043e+00
348	6.215052e-01	5.449457e-01	2.034685e+00
349	4.845033e-01	5.338188e-01	2.564240e+00
350	4.368693e-01	4.123337e-01	2.311187e+00
351	5.035671e-01	5.605976e-01	1.297997e+00
352	4.770146e-01	5.263928e-01	2.873962e+00
353	4.287684e-01	6.149747e-01	2.202736e+00
354	4.739839e-01	5.221324e-01	2.653151e+00
355	3.975217e-01	3.170448e-01	2.461651e+00
356	4.714455e-01	5.435187e-01	1.679043e+00
357	4.428094e-01	5.984082e-01	2.991207e+00
358	4.344916e-01	6.342934e-01	2.857352e+00
359	4.720945e-01	5.628938e-01	1.913532e+00
360	5.545388e-01	5.533127e-01	1.216903e+00
361	4.651220e-01	5.103606e-01	1.214949e+00
362	4.040218e-01	5.004620e-01	1.005862e+00
363	4.630770e-01	4.630429e-01	2.227162e+00
364	4.730381e-01	5.165598e-01	1.723009e+00
366	5.478606e-01	5.874755e-01	1.692721e+00
367	4.632942e-01	5.397126e-01	1.154372e+00
368	4.711612e-01	4.780845e-01	1.851001e+00
369	4.769323e-01	5.155626e-01	2.418661e+00
370	4.524912e-01	4.690242e-01	1.874450e+00
371	4.031744e-01	5.200431e-01	1.591109e+00
372	4.811587e-01	5.352585e-01	2.199805e+00
373	5.386902e-01	6.398137e-01	2.208598e+00
374	5.271920e-01	5.885483e-01	1.322423e+00
375	5.073049e-01	7.863901e-01	2.361016e+00
376	5.933203e-01	4.904998e-01	1.815828e+00
377	4.772174e-01	5.209443e-01	1.328285e+00
378	4.938207e-01	5.065715e-01	1.883244e+00
379	4.922802e-01	5.059158e-01	1.599902e+00
380	5.305859e-01	7.576135e-01	2.343429e+00
381	4.950554e-01	5.481484e-01	1.835369e+00
383	6.210761e-01	6.102449e-01	1.698583e+00
384	7.512148e-01	3.980213e-01	2.761602e+00
385	3.389654e-01	2.554078e-01	1.961407e+00
386	3.435429e-01	4.405376e-01	2.449927e+00
387	4.958560e-01	6.136885e-01	2.669761e+00
388	4.957064e-01	6.044177e-01	2.597460e+00
389	4.741524e-01	5.201657e-01	2.960918e+00
390	4.714735e-01	4.871697e-01	1.655594e+00
391	4.658900e-01	5.061417e-01	2.572057e+00
392	4.895013e-01	5.635124e-01	1.234489e+00
393	4.954618e-01	5.014224e-01	1.607719e+00
394	4.722839e-01	5.251993e-01	2.643381e+00
395	5.850619e-01	5.619050e-01	1.233512e+00
397	2.411950e-01	6.032509e-01	1.083048e+00
398	5.168581e-01	1.244479e-01	2.453835e+00
399	4.117670e-01	4.256787e-01	2.169516e+00
400	4.693415e-01	4.619555e-01	1.634099e+00
401	8.684199e-01	5.271576e-01	1.314607e+00
402	4.782170e-01	4.973987e-01	2.292623e+00
403	6.091276e-01	6.971869e-01	1.759160e+00
404	5.110291e-01	4.453276e-01	2.942355e+00
405	4.451791e-01	4.421528e-01	1.358574e+00
406	4.739336e-01	5.109923e-01	1.474841e+00
407	4.416779e-01	5.090516e-01	2.850513e+00
408	6.978236e-01	6.102623e-01	2.543723e+00
409	5.081219e-01	5.039114e-01	1.170005e+00
410	4.184062e-01	4.724665e-01	2.011236e+00
411	4.706032e-01	5.722205e-01	2.982413e+00
412	7.659319e-01	2.652753e-01	1.578407e+00
413	4.572371e-01	3.596247e-01	2.904250e+00
414	4.750702e-01	5.440875e-01	2.948217e+00
415	4.755150e-01	5.240679e-01	1.856864e+00
416	4.813580e-01	4.873897e-01	1.780655e+00
417	4.898287e-01	5.252164e-01	1.223742e+00
418	4.868668e-01	5.549467e-01	2.928676e+00
419	4.715745e-01	5.292606e-01	1.055691e+00
420	4.786523e-01	5.263714e-01	2.823156e+00
421	4.728283e-01	5.233495e-01	2.886663e+00
422	4.742050e-01	5.347614e-01	1.391793e+00
423	6.068668e-01	3.959075e-01	1.467025e+00
424	4.749895e-01	5.557403e-01	1.512946e+00
425	1.958418e-01	5.664994e-01	1.960430e+00
426	2.279983e-01	5.744762e-01	2.254519e+00
427	4.702916e-01	4.695416e-01	2.899365e+00
428	4.382499e-01	5.126303e-01	1.247191e+00
429	4.768594e-01	5.259152e-01	1.802149e+00
430	4.759427e-01	5.142874e-01	1.663410e+00
431	5.343429e-01	6.868997e-01	2.556424e+00
433	4.913422e-01	5.101310e-01	2.475330e+00
434	4.653075e-01	5.804553e-01	2.923791e+00
435	5.726728e-01	6.325528e-01	2.906204e+00
437	5.186576e-01	5.932106e-01	2.476307e+00
438	3.740346e-01	5.719684e-01	2.065950e+00
439	4.769314e-01	5.157744e-01	1.983879e+00
440	3.980989e-01	4.381401e-01	1.637030e+00
441	3.875947e-01	6.665794e-01	1.338056e+00
442	5.575453e-01	5.445940e-01	2.406937e+00
443	6.576006e-01	2.721375e-01	1.422081e+00
444	4.862093e-01	4.488662e-01	2.956033e+00
445	4.746694e-01	5.257288e-01	2.601368e+00
446	7.662224e-01	5.845331e-01	1.846116e+00
447	4.688323e-01	4.869450e-01	1.264778e+00
448	4.627580e-01	3.957159e-01	1.119199e+00
449	4.875107e-01	5.855604e-01	1.956522e+00
450	5.284191e-01	8.494361e-01	2.971666e+00
451	4.657747e-01	5.215613e-01	2.149976e+00
452	3.673503e-01	5.317920e-01	1.574499e+00
453	4.748593e-01	5.424295e-01	1.775769e+00
455	4.739683e-01	4.881208e-01	2.984367e+00
456	4.862323e-01	5.959312e-01	1.577430e+00
457	4.940294e-01	4.760548e-01	2.955056e+00
458	4.440740e-01	5.105750e-01	2.865169e+00
459	4.805553e-01	7.556096e-01	1.672203e+00
461	5.006315e-01	4.848138e-01	2.513434e+00
462	4.737234e-01	5.147016e-01	1.853933e+00
463	4.514896e-01	5.637796e-01	2.858329e+00
464	4.530219e-01	4.111863e-01	1.574499e+00
465	4.399591e-01	5.156287e-01	1.432829e+00
466	4.720007e-01	5.244961e-01	1.500244e+00
467	4.368776e-01	6.611702e-01	1.323400e+00
468	4.948872e-01	5.209843e-01	2.147044e+00
469	4.928275e-01	5.028972e-01	2.698095e+00
470	4.684745e-01	5.081061e-01	1.364436e+00
471	6.074647e-01	7.820095e-01	2.076698e+00
472	4.690483e-01	5.220530e-01	2.011236e+00
473	4.596101e-01	5.087737e-01	1.215926e+00
474	4.811165e-01	5.077519e-01	2.299463e+00
475	4.939846e-01	5.935174e-01	1.683928e+00
476	4.827852e-01	5.047807e-01	2.081583e+00
477	4.754859e-01	4.786260e-01	2.350269e+00
478	3.646421e-01	4.309067e-01	2.728383e+00
479	4.929134e-01	6.452781e-01	1.194431e+00
480	4.920069e-01	5.454876e-01	2.515388e+00
481	4.228845e-01	6.874322e-01	1.865657e+00
482	4.733570e-01	7.495582e-01	1.802149e+00
483	4.611952e-01	4.701953e-01	1.367367e+00
484	4.574720e-01	6.609301e-01	1.148510e+00
485	4.475469e-01	3.672026e-01	2.427455e+00
486	5.486232e-01	4.411461e-01	2.196873e+00
487	5.732544e-01	5.175927e-01	2.386419e+00
488	4.786027e-01	5.697003e-01	1.294089e+00
489	4.485938e-01	3.912441e-01	1.687836e+00
490	3.966460e-01	4.678245e-01	1.146556e+00
491	5.658610e-01	5.409888e-01	1.597948e+00
492	5.263746e-01	4.925058e-01	2.412799e+00
493	5.810486e-01	6.314033e-01	1.227650e+00
494	4.704095e-01	4.915646e-01	2.522228e+00
495	4.796080e-01	4.876919e-01	1.437714e+00
496	4.528094e-01	4.489806e-01	1.523693e+00
497	3.831835e-01	5.228520e-01	1.221788e+00
498	4.751218e-01	5.923106e-01	1.652662e+00
499	4.904764e-01	3.992815e-01	1.269663e+00
500	4.752564e-01	5.208034e-01	2.967758e+00
501	4.816885e-01	5.245276e-01	2.546654e+00
502	4.033649e-01	2.227588e-01	1.818759e+00
503	5.044178e-01	5.632223e-01	1.919394e+00
504	4.904298e-01	5.294576e-01	2.563263e+00
505	4.615017e-01	4.660853e-01	1.451392e+00
506	3.717750e-01	4.951021e-01	1.718124e+00
507	4.692967e-01	5.378048e-01	1.207132e+00
508	4.754243e-01	5.211746e-01	1.236444e+00
509	5.821289e-01	5.601060e-01	2.622863e+00
510	6.585836e-01	4.134893e-01	2.549585e+00
511	4.783226e-01	5.300066e-01	2.966781e+00
512	5.036129e-01	3.544855e-01	2.395213e+00
513	5.353106e-01	4.669399e-01	1.534441e+00
514	4.629068e-01	6.979443e-01	1.550073e+00
515	5.154603e-01	6.063536e-01	1.610650e+00
516	3.018058e-01	4.052133e-01	1.612604e+00
517	4.554628e-01	5.285850e-01	1.086957e+00
518	4.870208e-01	4.672301e-01	2.282853e+00
519	2.177333e-01	1.230903e-01	1.573522e+00
520	4.841889e-01	5.350386e-01	2.497802e+00
521	4.648092e-01	5.285232e-01	1.752320e+00
523	5.095691e-01	5.311356e-01	1.209086e+00
524	4.373021e-01	4.218551e-01	2.755740e+00
525	5.708329e-01	5.086279e-01	1.499267e+00
526	4.986023e-01	5.386113e-01	1.014656e+00
527	6.915730e-01	6.412922e-01	2.891549e+00
528	4.733279e-01	5.446636e-01	2.478261e+00
529	5.236933e-01	5.818646e-01	1.898876e+00
530	4.484974e-01	5.138462e-01	1.188569e+00
531	4.503033e-01	5.367788e-01	2.785051e+00
532	4.819994e-01	5.230668e-01	2.945286e+00
533	4.765673e-01	4.463631e-01	2.458720e+00
534	3.999902e-01	5.297120e-01	2.673669e+00
535	4.827373e-01	5.172699e-01	1.399609e+00
536	4.747067e-01	4.808387e-01	2.604299e+00
537	4.730674e-01	5.202789e-01	1.529555e+00
538	4.736515e-01	5.176468e-01	2.823156e+00
539	4.554746e-01	5.745375e-01	2.826087e+00
540	4.911662e-01	6.125558e-01	2.844651e+00
541	3.946551e-01	5.392191e-01	2.290669e+00
542	4.810276e-01	5.491897e-01	2.570103e+00
543	4.579625e-01	5.222277e-01	2.396190e+00
544	5.267356e-01	5.321021e-01	1.318515e+00
545	4.391065e-01	5.744956e-01	2.605276e+00
546	7.294095e-01	4.675813e-01	2.683439e+00
547	3.025814e-01	5.485555e-01	1.587201e+00
548	4.014942e-01	4.045320e-01	1.375183e+00
549	4.839854e-01	5.155776e-01	2.298486e+00
550	5.254871e-01	5.304512e-01	1.285296e+00
551	4.720302e-01	5.094048e-01	2.983390e+00
552	6.454600e-01	4.206281e-01	1.195408e+00
553	4.765972e-01	5.036303e-01	2.414753e+00
554	4.266490e-01	4.370575e-01	1.843185e+00
555	4.356033e-01	4.785915e-01	2.396190e+00
556	3.879470e-01	4.947326e-01	3.000000e+00
557	4.856472e-01	5.012954e-01	2.728383e+00
559	4.688316e-01	4.838340e-01	1.944797e+00
560	3.562098e-01	4.355646e-01	2.883732e+00
561	4.381185e-01	6.109818e-01	2.383488e+00
562	4.338390e-01	4.222798e-01	2.506595e+00
563	4.927456e-01	4.842909e-01	1.786517e+00
564	5.542689e-01	5.388161e-01	2.893503e+00
565	4.862723e-01	5.257832e-01	2.981436e+00
566	4.800061e-01	5.479698e-01	2.663898e+00
567	4.679217e-01	5.178083e-01	2.227162e+00
568	4.654799e-01	5.304857e-01	1.527601e+00
569	4.245471e-01	4.314750e-01	2.610161e+00
570	8.482352e-01	2.172432e-01	1.058622e+00
571	4.583256e-01	4.619151e-01	2.782120e+00
573	4.939816e-01	5.087496e-01	2.109917e+00
574	4.769097e-01	5.363667e-01	2.074744e+00
575	4.584137e-01	4.887542e-01	2.319003e+00
576	4.323477e-01	5.521083e-01	1.290181e+00
577	4.643232e-01	5.737125e-01	1.286273e+00
578	5.009070e-01	5.787240e-01	1.881290e+00
579	4.763615e-01	5.377728e-01	1.664387e+00
580	6.456236e-01	5.017473e-01	1.242306e+00
581	4.706202e-01	5.354132e-01	1.927211e+00
582	4.744252e-01	5.167202e-01	2.820225e+00
583	3.811183e-01	3.759152e-01	2.792868e+00
584	4.477363e-01	4.111061e-01	1.201270e+00
585	4.567109e-01	4.517854e-01	1.898876e+00
586	4.809086e-01	5.234086e-01	1.782609e+00
587	4.780900e-01	5.309549e-01	1.561798e+00
588	4.767648e-01	5.199797e-01	2.282853e+00
589	4.730731e-01	6.066488e-01	2.210552e+00
590	4.203793e-01	5.012917e-01	1.020518e+00
591	4.844260e-01	5.689625e-01	1.784563e+00
592	4.720595e-01	5.223497e-01	1.275525e+00
593	4.532696e-01	5.313942e-01	1.212995e+00
594	5.078115e-01	5.477617e-01	2.964827e+00
595	4.964334e-01	5.530887e-01	2.079629e+00
596	2.230553e-01	3.173091e-01	1.187592e+00
597	4.978712e-01	4.887454e-01	1.258915e+00
598	4.419799e-01	5.450994e-01	1.999511e+00
599	4.712256e-01	5.140552e-01	1.264778e+00
600	4.723763e-01	4.950988e-01	1.110405e+00
601	5.735617e-01	9.031217e-01	1.107474e+00
602	4.383307e-01	5.131132e-01	1.070347e+00
603	4.775995e-01	5.138342e-01	2.400098e+00
604	4.951438e-01	5.368325e-01	2.871031e+00
605	4.765238e-01	5.219655e-01	2.739130e+00
606	4.771070e-01	5.034577e-01	2.061065e+00
607	7.015867e-01	6.047300e-01	1.073278e+00
608	4.848343e-01	5.684177e-01	2.799707e+00
609	4.767328e-01	5.888807e-01	2.010259e+00
610	5.449610e-01	5.367885e-01	1.700537e+00
611	4.757834e-01	5.039816e-01	1.339033e+00
612	4.756947e-01	5.456071e-01	2.227162e+00
613	7.236809e-01	2.018516e-01	2.482169e+00
614	4.998723e-01	5.093379e-01	2.958964e+00
615	4.195118e-01	5.065090e-01	1.443576e+00
616	5.734747e-01	5.832808e-01	2.381534e+00
617	4.699680e-01	6.311724e-01	1.971177e+00
618	4.703561e-01	5.203501e-01	2.960918e+00
619	2.534819e-01	2.924762e-01	1.812897e+00
620	5.128255e-01	4.997313e-01	1.170982e+00
621	4.552693e-01	4.969636e-01	1.277479e+00
622	3.051323e-01	5.819621e-01	1.176844e+00
623	4.433851e-01	5.210756e-01	1.636053e+00
624	5.037207e-01	4.270960e-01	2.336590e+00
625	5.293412e-01	5.103449e-01	1.343918e+00
626	4.558018e-01	5.311656e-01	1.905716e+00
627	4.584375e-01	4.638961e-01	1.784563e+00
628	4.859571e-01	5.161777e-01	2.063996e+00
629	4.713464e-01	5.300735e-01	2.497802e+00
630	4.979416e-01	4.815830e-01	2.870054e+00
631	4.745673e-01	5.095012e-01	1.729849e+00
632	3.337721e-01	3.778024e-01	2.290669e+00
633	4.775568e-01	5.204948e-01	2.841720e+00
634	4.750142e-01	5.213644e-01	2.195896e+00
635	4.640853e-01	5.630757e-01	1.601856e+00
636	4.779345e-01	4.889785e-01	2.449927e+00
637	4.837976e-01	5.727527e-01	1.462140e+00
638	4.754602e-01	5.177047e-01	2.041524e+00
639	4.767464e-01	5.194761e-01	2.061065e+00
640	2.222371e-01	3.947912e-01	2.130435e+00
641	4.460223e-01	7.029958e-01	2.205667e+00
642	4.736737e-01	5.048902e-01	2.184172e+00
643	4.716453e-01	5.093321e-01	2.747924e+00
644	5.027379e-01	3.614402e-01	2.909135e+00
645	4.721800e-01	5.089105e-01	2.777235e+00
646	4.858382e-01	5.358727e-01	1.295066e+00
647	3.880585e-01	5.221784e-01	1.050806e+00
648	6.307901e-01	3.958154e-01	1.191500e+00
649	4.855171e-01	5.064375e-01	1.198339e+00
650	4.973115e-01	5.189013e-01	2.656082e+00
651	4.608406e-01	5.516586e-01	1.692721e+00
652	6.178644e-01	6.799408e-01	2.330728e+00
653	4.847620e-01	5.457462e-01	1.906693e+00
654	4.505140e-01	5.101827e-01	2.192965e+00
655	4.815407e-01	4.715816e-01	1.200293e+00
656	4.661265e-01	5.312409e-01	2.361016e+00
657	4.300576e-01	3.471265e-01	2.080606e+00
658	4.618353e-01	5.101790e-01	2.017098e+00
659	4.631935e-01	4.405337e-01	2.191011e+00
660	7.550142e-01	6.425069e-01	1.667318e+00
661	3.074231e-01	3.314361e-01	2.229116e+00
662	3.028053e-01	3.876783e-01	1.188569e+00
663	5.087594e-01	4.678981e-01	2.714704e+00
664	4.512268e-01	5.684035e-01	1.979971e+00
665	4.903319e-01	5.398339e-01	2.954079e+00
666	1.809060e-01	2.555796e-01	1.803127e+00
667	5.031049e-01	5.440478e-01	1.039082e+00
668	8.524367e-01	3.543858e-01	1.893014e+00
669	4.693102e-01	4.578263e-01	1.778701e+00
670	8.697010e-01	4.480570e-01	1.807035e+00
671	4.660147e-01	4.843683e-01	1.102589e+00
672	4.093761e-01	4.244725e-01	1.879336e+00
673	4.493160e-01	4.995203e-01	1.984856e+00
674	4.748592e-01	5.193738e-01	2.238886e+00
675	4.717352e-01	5.297932e-01	2.868100e+00
676	4.674848e-01	5.250173e-01	2.748901e+00
677	4.079340e-01	7.412269e-01	1.578407e+00
678	4.806350e-01	5.832959e-01	1.621397e+00
679	4.748877e-01	5.147193e-01	2.657059e+00
680	4.728550e-01	5.115000e-01	2.404983e+00
681	4.707405e-01	5.495185e-01	2.272106e+00
682	4.424385e-01	4.397770e-01	1.463117e+00
683	4.781730e-01	4.915370e-01	2.316072e+00
684	4.721626e-01	4.993340e-01	2.334636e+00
685	4.683966e-01	5.445607e-01	1.365413e+00
686	3.605989e-01	4.245400e-01	2.105032e+00
687	5.354536e-01	5.602042e-01	1.339033e+00
688	4.709758e-01	5.378829e-01	2.932584e+00
689	4.826024e-01	5.287929e-01	2.378603e+00
690	4.848731e-01	5.323222e-01	1.833415e+00
691	4.424333e-01	5.230769e-01	1.663410e+00
692	4.744145e-01	4.623488e-01	2.251588e+00
693	5.108146e-01	3.936747e-01	1.766976e+00
694	3.448836e-01	3.687548e-01	1.575476e+00
695	4.249357e-01	5.871347e-01	2.771373e+00
696	4.800426e-01	5.105138e-01	2.787005e+00
697	4.732426e-01	5.126291e-01	1.959453e+00
698	5.110198e-01	5.451014e-01	2.187103e+00
699	4.749396e-01	5.194259e-01	2.430386e+00
700	4.452852e-01	5.947492e-01	2.679531e+00
701	4.761499e-01	5.481375e-01	2.191988e+00
702	4.928985e-01	4.714958e-01	2.945286e+00
703	4.753925e-01	5.247861e-01	2.793845e+00
704	4.679118e-01	5.478774e-01	2.132389e+00
705	3.443468e-01	3.123815e-01	1.627259e+00
706	4.817107e-01	5.186382e-01	1.623351e+00
707	4.843344e-01	5.110287e-01	2.772350e+00
708	4.795781e-01	5.195725e-01	1.552027e+00
709	2.969432e-01	5.770942e-01	1.180752e+00
710	4.615307e-01	5.692764e-01	1.632145e+00
711	2.193407e-01	1.156447e-01	1.680997e+00
712	6.286784e-01	6.179837e-01	2.828041e+00
713	6.931601e-01	4.230943e-01	1.703468e+00
714	2.540685e-01	2.822251e-01	1.471910e+00
715	4.910557e-01	5.320598e-01	2.368832e+00
716	4.809684e-01	5.408886e-01	1.961407e+00
717	4.785870e-01	5.175553e-01	1.756229e+00
718	4.619827e-01	5.256464e-01	2.987298e+00
719	4.806672e-01	5.252522e-01	2.332682e+00
720	4.639438e-01	5.089332e-01	1.097704e+00
721	5.079830e-01	6.520269e-01	1.954568e+00
722	4.732855e-01	5.169718e-01	1.704446e+00
723	4.745075e-01	5.192990e-01	1.853933e+00
724	4.506793e-01	5.955739e-01	2.829995e+00
725	4.412524e-01	4.875886e-01	2.232047e+00
726	4.685088e-01	4.593801e-01	2.587689e+00
727	4.745820e-01	6.296369e-01	2.698095e+00
729	5.474692e-01	5.886144e-01	1.212995e+00
730	5.172066e-01	4.649940e-01	1.502198e+00
731	4.740625e-01	5.187557e-01	2.614069e+00
732	5.055321e-01	3.642533e-01	2.880801e+00
733	4.775090e-01	4.849417e-01	1.956522e+00
734	4.548345e-01	4.470195e-01	2.745970e+00
735	7.199808e-01	4.267101e-01	1.179775e+00
736	4.780847e-01	5.544959e-01	1.935027e+00
737	4.538908e-01	5.261703e-01	1.975085e+00
738	4.701693e-01	5.350475e-01	1.067416e+00
739	5.285370e-01	5.103612e-01	2.024915e+00
740	4.539519e-01	6.550643e-01	2.810454e+00
741	4.526378e-01	4.098978e-01	2.428432e+00
742	4.375161e-01	5.082390e-01	1.957499e+00
743	4.540990e-01	4.098602e-01	2.306302e+00
744	4.826566e-01	5.102379e-01	2.557401e+00
745	4.695888e-01	5.798372e-01	1.243283e+00
746	4.589851e-01	5.281922e-01	2.429409e+00
747	4.684927e-01	4.778010e-01	2.523205e+00
748	5.120115e-01	7.077580e-01	2.842697e+00
749	4.714307e-01	5.192183e-01	2.247680e+00
750	4.684600e-01	4.969325e-01	2.000489e+00
751	4.664247e-01	4.819425e-01	2.446019e+00
752	4.786690e-01	5.182803e-01	2.360039e+00
753	5.833271e-01	5.911808e-01	2.567171e+00
754	4.736636e-01	5.283363e-01	2.415730e+00
755	4.417723e-01	5.060317e-01	1.989741e+00
756	4.826917e-01	5.236325e-01	2.908158e+00
757	5.067273e-01	7.271773e-01	2.731314e+00
758	4.693059e-01	5.179178e-01	2.544700e+00
759	4.747093e-01	5.193800e-01	2.890572e+00
760	4.748149e-01	5.190323e-01	1.654617e+00
761	4.674142e-01	5.156195e-01	1.008793e+00
762	4.943961e-01	5.519751e-01	1.260870e+00
763	5.101637e-01	4.759944e-01	1.347826e+00
764	4.811471e-01	5.305259e-01	1.325354e+00
765	4.784456e-01	5.184890e-01	1.420127e+00
766	4.662263e-01	4.391406e-01	2.845628e+00
767	4.460556e-01	5.828915e-01	1.853933e+00
768	4.705775e-01	5.171024e-01	1.303859e+00
769	4.748695e-01	3.924318e-01	1.294089e+00
770	4.792876e-01	4.549586e-01	1.675134e+00
771	4.084490e-01	5.113806e-01	2.417684e+00
772	4.692094e-01	5.314010e-01	2.053249e+00
773	4.751225e-01	5.191867e-01	1.276502e+00
774	2.818118e-01	5.598660e-01	2.779189e+00
775	1.078348e-01	3.929773e-01	1.984856e+00
776	7.406969e-01	6.597536e-01	2.295554e+00
777	4.752142e-01	5.197832e-01	1.652662e+00
778	4.732069e-01	5.173722e-01	2.464582e+00
779	4.695408e-01	5.216329e-01	1.763068e+00
780	4.899796e-01	5.259732e-01	2.026869e+00
781	5.073376e-01	3.989146e-01	1.160234e+00
782	4.041965e-01	6.333864e-01	2.302394e+00
783	4.649322e-01	4.871403e-01	1.384954e+00
784	4.857698e-01	4.956294e-01	2.598437e+00
785	5.288119e-01	5.559074e-01	2.130435e+00
786	5.005617e-01	5.136389e-01	1.690767e+00
787	4.406113e-01	5.273866e-01	1.940889e+00
788	4.707858e-01	5.072482e-01	2.099170e+00
