728
0	8.340070e-01	4.121147e-01	1.398632e+00
1	6.623018e-01	2.976943e-01	1.108451e+00
2	6.755294e-01	3.470562e-01	2.925745e+00
3	8.166683e-01	1.479607e-01	2.732291e+00
5	4.737832e-01	3.594528e-01	2.424524e+00
7	4.444667e-01	6.160909e-01	2.705911e+00
8	5.884575e-01	2.074185e-01	2.442110e+00
9	5.818854e-01	2.379440e-01	2.233024e+00
10	5.414360e-01	3.524239e-01	2.376649e+00
11	5.896180e-01	1.682858e-01	1.556913e+00
13	5.090561e-01	8.456407e-01	1.066439e+00
14	2.080413e-01	3.113515e-01	1.626282e+00
15	7.360809e-01	9.583053e-02	1.306790e+00
16	6.151233e-01	2.561218e-01	2.902296e+00
17	5.534117e-01	2.666103e-01	1.195408e+00
18	4.970442e-01	3.738612e-01	1.785540e+00
19	5.703720e-01	2.021208e-01	1.248168e+00
20	5.530272e-01	2.464683e-01	1.863703e+00
21	2.074770e-01	9.573974e-02	2.671715e+00
22	5.849119e-01	1.889006e-01	2.487054e+00
23	6.692450e-01	2.600571e-01	1.946751e+00
24	1.315989e-01	8.368934e-01	1.303859e+00
26	5.645434e-01	2.300547e-01	1.388862e+00
27	5.788896e-01	2.855411e-01	1.591109e+00
28	3.992754e-01	6.189339e-01	2.205667e+00
29	3.523219e-01	2.851702e-01	2.181241e+00
30	8.045065e-01	1.747578e-01	1.475818e+00
31	6.133560e-01	2.145339e-01	2.309233e+00
32	4.574342e-01	6.821297e-02	2.073766e+00
33	4.346183e-01	6.769918e-01	2.331705e+00
34	5.994672e-01	2.118833e-01	1.126038e+00
37	5.952523e-01	2.068334e-01	2.555447e+00
38	6.031816e-01	2.608056e-01	2.559355e+00
39	5.210255e-01	2.807230e-01	1.895945e+00
40	2.554306e-01	6.605502e-01	1.282364e+00
41	5.531085e-01	3.340492e-01	2.750855e+00
42	5.764034e-01	2.492865e-01	2.412799e+00
43	6.065955e-01	2.123808e-01	2.557401e+00
44	6.187702e-01	2.188105e-01	1.648754e+00
45	5.956146e-01	3.845909e-02	1.721055e+00
46	6.176688e-01	2.890607e-01	2.588666e+00
47	5.055186e-01	2.272914e-01	1.525647e+00
48	6.053754e-01	2.921146e-01	2.751832e+00
50	7.928738e-01	7.806790e-03	1.663410e+00
51	5.760374e-01	1.858177e-01	2.560332e+00
52	2.082521e-01	5.835728e-01	1.696629e+00
53	3.494832e-01	5.085993e-01	1.506106e+00
54	5.869705e-01	2.507332e-01	2.675623e+00
55	5.681214e-01	1.356304e-01	2.497802e+00
58	8.167098e-01	2.114053e-01	1.866634e+00
60	5.997019e-01	1.974001e-01	1.503175e+00
61	5.766583e-01	1.937409e-01	2.449927e+00
62	6.097134e-01	2.166481e-01	2.831949e+00
63	6.618744e-01	2.674506e-01	2.317049e+00
64	5.640812e-01	2.160591e-01	2.353200e+00
65	5.854753e-01	2.399342e-01	2.575965e+00
66	7.440696e-01	2.219556e-01	2.922814e+00
67	2.196964e-01	5.504790e-01	2.289692e+00
68	3.217900e-01	2.240047e-01	2.766488e+00
69	5.301154e-01	1.708149e-01	1.522716e+00
70	8.683775e-02	1.787979e-01	2.769419e+00
71	5.382914e-01	1.640904e-01	1.110405e+00
72	2.871170e-01	2.813227e-01	1.412311e+00
73	6.254449e-01	3.848827e-01	1.951637e+00
74	3.873818e-01	7.266352e-01	1.449438e+00
75	6.838234e-01	3.026503e-01	2.176356e+00
76	5.731322e-01	2.282358e-01	1.212995e+00
77	5.842648e-01	3.084875e-01	1.872496e+00
78	6.071851e-01	2.504696e-01	1.606742e+00
79	8.515529e-01	9.845710e-01	1.183683e+00
80	5.589723e-01	2.889670e-01	2.736199e+00
81	6.159375e-01	2.236249e-01	1.617489e+00
82	3.676203e-01	3.927791e-01	2.456766e+00
83	7.163219e-01	8.331655e-01	1.406448e+00
85	4.282780e-01	2.626288e-01	2.712750e+00
86	5.678524e-01	2.359492e-01	2.877870e+00
88	1.445799e-01	1.196823e-01	2.169516e+00
89	5.449240e-01	4.115030e-01	2.483146e+00
90	5.722015e-01	2.590273e-01	1.538349e+00
91	4.606678e-01	2.670072e-01	1.117245e+00
92	5.799999e-01	1.942007e-01	2.709819e+00
93	6.235949e-01	2.376790e-01	2.929653e+00
94	5.862384e-01	2.698369e-01	2.125550e+00
95	5.880574e-01	1.782862e-01	2.148999e+00
96	5.772090e-01	2.174012e-01	1.206155e+00
97	6.273297e-01	3.728843e-01	2.689301e+00
98	6.212898e-01	2.352140e-01	1.997557e+00
99	4.386028e-01	3.549127e-01	1.753298e+00
100	5.718685e-01	2.439861e-01	1.491451e+00
101	5.891379e-01	2.993257e-01	2.381534e+00
102	1.456494e-01	1.762237e-02	1.837323e+00
103	5.780549e-01	2.451752e-01	2.723498e+00
104	8.686635e-01	7.224583e-01	1.216903e+00
105	1.650241e-01	3.233262e-01	1.385931e+00
106	6.854028e-01	3.587610e-01	1.094773e+00
107	5.811764e-01	2.091058e-01	1.887152e+00
108	6.440765e-01	3.734451e-01	1.869565e+00
109	6.593096e-01	3.038140e-01	2.657059e+00
110	5.566540e-01	2.620986e-01	1.905716e+00
111	9.723702e-01	2.486075e-01	2.319980e+00
112	5.587334e-01	4.605998e-01	1.549096e+00
113	6.281987e-01	3.493536e-01	1.155349e+00
114	5.217441e-01	1.633872e-01	1.261847e+00
115	5.060359e-01	3.864952e-01	1.308745e+00
116	1.707643e-01	3.164239e-01	1.148510e+00
117	5.646306e-01	2.355160e-01	1.865657e+00
118	5.316197e-01	2.811218e-01	2.988276e+00
119	4.285910e-01	2.616674e-01	1.479726e+00
120	7.271047e-01	2.122995e-01	2.095261e+00
121	5.754033e-01	2.644537e-01	2.442110e+00
123	5.101478e-01	2.139159e-01	1.417196e+00
124	5.733707e-01	1.851114e-01	2.817294e+00
125	5.417188e-01	1.560473e-01	1.164143e+00
126	5.928811e-01	2.662607e-01	2.738153e+00
127	4.549855e-01	5.718415e-01	2.338544e+00
129	5.850968e-01	2.295333e-01	2.676600e+00
131	7.682167e-01	1.681800e-01	2.375672e+00
132	7.180759e-01	2.967632e-01	1.220811e+00
133	7.015143e-01	3.064169e-01	2.407914e+00
134	7.288129e-01	1.837925e-01	2.277968e+00
135	5.024921e-01	2.260603e-01	2.409868e+00
136	6.647642e-01	3.582976e-01	2.083537e+00
137	7.513988e-01	2.211533e-01	2.286761e+00
138	6.961350e-01	3.085752e-01	1.194431e+00
139	5.256985e-01	3.349004e-01	2.818271e+00
140	8.260108e-01	2.886386e-01	2.827064e+00
141	5.587992e-01	2.885046e-01	1.684905e+00
142	5.990077e-01	2.134760e-01	1.999511e+00
143	5.806071e-01	2.424823e-01	1.956522e+00
144	2.601724e-01	2.871391e-01	2.323889e+00
145	5.473770e-01	2.577415e-01	2.501710e+00
146	5.404889e-01	3.374148e-01	2.395213e+00
147	3.477587e-01	2.576593e-01	2.719590e+00
148	5.812472e-01	1.751650e-01	2.937469e+00
150	4.031064e-01	2.745425e-01	1.794333e+00
151	3.514194e-01	3.853072e-01	2.611138e+00
152	5.653241e-01	3.465731e-01	1.724963e+00
153	5.566596e-01	1.865783e-01	1.983879e+00
154	5.982580e-01	2.373013e-01	2.181241e+00
155	6.748845e-01	3.469157e-01	1.295066e+00
156	4.137633e-01	9.073120e-01	1.970200e+00
157	5.368609e-01	3.669059e-01	2.387396e+00
158	2.849477e-01	3.181395e-01	2.386419e+00
159	4.337453e-01	6.712561e-01	2.647289e+00
160	6.060455e-01	2.659548e-01	1.686859e+00
161	8.808639e-02	4.534690e-01	1.553981e+00
162	5.157914e-01	1.833855e-01	1.764045e+00
163	4.028727e-01	5.973094e-01	1.632145e+00
164	5.717730e-01	2.489474e-01	1.235467e+00
165	5.818265e-01	2.580491e-01	2.251588e+00
166	7.265708e-01	1.359730e-01	1.751343e+00
167	1.338791e-02	4.814632e-01	1.715193e+00
168	5.723446e-01	2.351348e-01	2.109917e+00
169	5.720334e-01	2.567546e-01	2.137274e+00
170	7.501837e-01	2.197436e-01	2.099170e+00
171	6.111433e-01	2.517289e-01	2.057157e+00
172	5.829908e-01	2.442240e-01	2.246702e+00
173	6.624293e-01	3.137566e-01	1.894968e+00
174	9.117019e-01	3.087506e-01	2.453835e+00
175	5.926401e-01	3.250371e-01	2.834880e+00
176	4.060947e-01	5.670897e-01	2.215437e+00
177	5.741701e-01	2.203535e-01	2.153884e+00
178	6.477296e-01	2.178078e-01	2.475330e+00
180	3.142694e-01	3.521777e-01	2.127504e+00
181	5.556634e-01	1.933980e-01	1.790425e+00
184	5.721216e-01	3.738344e-01	2.042501e+00
186	6.011823e-01	2.428828e-01	1.784563e+00
187	8.265413e-01	7.599746e-01	2.653151e+00
188	5.568835e-01	2.175571e-01	1.839277e+00
189	5.621358e-01	2.416847e-01	1.175867e+00
190	3.906983e-01	3.234232e-01	2.807523e+00
191	3.976738e-01	6.613356e-01	2.811431e+00
192	7.374175e-01	1.938571e-01	1.192477e+00
193	7.089325e-01	2.606222e-01	1.620420e+00
194	7.339201e-01	3.339552e-01	2.624817e+00
195	5.578322e-01	2.412512e-01	2.806546e+00
196	5.063007e-01	2.062940e-01	1.763068e+00
197	3.974477e-01	4.410463e-01	2.060088e+00
198	8.605305e-01	1.030266e-01	2.458720e+00
199	7.390404e-01	2.468600e-01	2.463605e+00
200	6.667258e-01	3.888457e-01	1.141671e+00
201	6.607375e-01	3.350964e-01	1.146556e+00
202	7.223772e-01	2.381782e-01	1.395701e+00
203	5.856230e-01	2.660855e-01	1.755252e+00
204	2.098986e-01	3.172783e-01	2.901319e+00
205	8.947108e-01	4.015231e-03	2.123596e+00
206	6.714629e-01	4.056444e-01	1.652662e+00
207	2.258839e-01	5.737958e-01	1.199316e+00
208	5.960480e-01	2.043528e-01	2.170493e+00
210	4.354705e-01	6.817065e-01	1.545188e+00
211	5.111965e-01	3.576263e-01	1.376160e+00
212	3.862760e-01	4.830282e-01	1.621397e+00
213	5.766581e-01	2.143179e-01	1.883244e+00
214	6.003486e-01	2.774820e-01	1.612604e+00
215	5.838185e-01	2.531789e-01	2.909135e+00
216	5.714042e-01	2.094096e-01	1.354665e+00
217	6.068905e-01	2.166598e-01	2.770396e+00
218	5.539603e-01	3.238469e-01	2.148999e+00
219	5.636823e-01	2.665632e-01	2.624817e+00
220	3.921976e-01	3.238122e-01	2.697118e+00
221	5.776986e-01	2.420937e-01	1.938935e+00
222	1.148726e-01	5.051814e-01	1.854910e+00
223	1.423064e-01	1.176634e-01	2.625794e+00
224	5.294464e-01	4.700734e-02	2.984367e+00
225	8.423479e-01	2.875727e-02	2.693210e+00
226	5.890476e-01	2.817434e-01	2.276014e+00
227	5.736036e-01	3.205159e-01	1.245237e+00
228	5.604399e-01	2.631691e-01	1.489497e+00
229	4.008134e-01	4.780094e-01	2.305325e+00
230	2.156235e-01	3.313882e-01	2.689301e+00
231	5.931710e-01	2.116515e-01	1.346849e+00
232	6.179944e-01	2.663916e-01	2.447973e+00
233	6.762796e-01	3.551509e-01	1.591109e+00
234	6.811142e-01	3.360001e-01	1.931119e+00
235	6.367799e-01	2.403509e-01	2.687347e+00
236	5.846245e-01	1.849682e-01	2.787982e+00
237	5.343445e-01	2.760649e-01	1.510015e+00
238	6.528464e-01	2.502887e-01	2.193942e+00
239	5.437229e-01	1.377440e-01	2.918906e+00
240	3.146043e-01	4.681441e-01	1.734734e+00
241	5.472694e-01	3.633885e-01	1.119199e+00
242	6.112689e-01	2.108020e-01	1.631168e+00
243	4.303737e-01	2.721873e-01	1.258915e+00
244	5.537973e-01	3.007202e-01	2.458720e+00
245	3.359854e-01	2.186595e-01	2.134343e+00
246	5.526416e-01	1.635233e-01	2.662921e+00
247	5.692939e-01	2.156008e-01	2.924768e+00
248	4.861576e-01	2.301229e-01	2.983390e+00
249	6.796235e-01	2.400648e-01	2.305325e+00
250	5.156686e-01	4.514451e-01	2.763556e+00
251	6.603127e-01	2.866826e-01	2.374695e+00
252	1.890450e-01	2.126809e-01	1.703468e+00
253	4.069367e-01	2.925731e-01	1.246214e+00
254	5.834325e-01	1.781492e-01	2.925745e+00
255	6.057147e-01	2.669363e-01	1.857841e+00
256	5.856933e-01	2.081833e-01	2.601368e+00
257	5.071814e-01	2.461524e-01	2.413776e+00
258	3.460627e-01	3.069858e-01	2.569126e+00
259	6.922118e-01	3.207818e-01	1.865657e+00
260	5.424718e-01	2.182792e-01	2.574988e+00
261	6.228942e-01	2.161987e-01	1.598925e+00
262	2.801210e-01	8.316883e-01	2.264289e+00
264	5.230482e-01	1.917370e-01	1.061553e+00
265	5.609907e-01	2.667185e-01	2.526136e+00
266	7.415992e-01	1.685367e-01	1.928188e+00
267	5.813514e-01	2.245014e-01	2.006351e+00
268	5.414659e-01	2.502400e-01	1.041036e+00
269	6.282087e-01	1.495615e-01	1.793356e+00
272	5.140484e-01	5.044572e-01	1.052760e+00
276	7.504568e-01	1.720690e-01	2.368832e+00
277	5.538411e-01	2.177021e-01	2.024915e+00
279	2.027694e-01	3.629846e-01	1.348803e+00
280	1.685240e-01	3.214419e-02	2.472399e+00
281	1.863324e-02	3.813673e-01	2.288715e+00
282	5.747956e-01	2.193562e-01	2.745970e+00
283	2.485404e-01	6.556337e-01	2.490962e+00
286	6.006238e-01	2.477164e-01	2.662921e+00
287	4.867353e-01	2.904977e-01	2.264289e+00
288	4.030302e-01	4.448337e-01	2.905227e+00
289	1.905690e-01	2.482536e-02	1.058622e+00
290	4.231608e-01	3.450310e-01	2.152907e+00
291	6.669251e-01	2.079380e-01	2.784074e+00
292	5.951341e-01	2.181557e-01	2.445042e+00
293	6.155437e-01	4.579848e-01	2.852467e+00
294	5.722476e-01	2.202424e-01	2.070835e+00
295	4.744084e-01	1.295839e-01	1.406448e+00
296	6.366973e-01	2.076854e-01	1.751343e+00
297	7.003927e-01	2.186952e-01	2.077675e+00
298	6.807443e-01	3.333022e-01	1.601856e+00
299	1.971752e-01	7.902935e-01	2.048363e+00
300	1.327760e-01	1.269604e-01	2.781143e+00
301	5.828459e-01	2.035951e-01	2.779189e+00
302	7.209535e-01	2.532970e-01	2.617978e+00
304	6.686162e-01	3.413626e-01	1.948705e+00
305	5.821001e-01	2.596732e-01	1.416219e+00
306	4.792285e-01	5.834904e-01	1.745481e+00
307	5.912113e-01	3.308375e-01	2.291646e+00
308	1.965514e-01	4.117508e-01	1.868588e+00
309	6.795211e-01	2.214413e-01	2.511480e+00
310	5.986534e-01	2.112530e-01	2.596483e+00
311	7.701378e-01	1.239344e-01	2.855398e+00
312	5.675434e-01	2.323676e-01	1.312653e+00
314	5.639710e-01	2.944392e-01	2.252565e+00
315	4.826084e-01	2.945461e-01	1.978017e+00
316	6.048446e-01	1.744426e-01	2.965804e+00
317	5.911551e-01	1.902882e-01	2.221299e+00
318	4.407039e-01	6.308037e-01	1.701514e+00
319	6.855078e-01	4.867982e-01	1.135809e+00
320	5.422622e-01	3.528613e-01	2.997069e+00
321	6.975366e-01	2.408124e-01	2.470445e+00
322	1.414643e-01	1.023705e-01	2.362970e+00
323	5.991175e-01	2.329132e-01	2.553493e+00
324	6.746986e-01	3.472075e-01	1.347826e+00
325	2.343565e-01	1.168674e-01	2.896434e+00
326	5.601483e-01	2.102902e-01	1.857841e+00
327	5.978843e-01	1.684360e-01	1.669272e+00
328	5.572717e-01	2.222821e-01	1.726917e+00
329	5.530531e-01	3.501117e-01	2.604299e+00
330	6.776344e-01	3.427230e-01	2.089399e+00
331	3.715297e-01	3.899349e-01	1.552027e+00
332	8.190060e-01	1.713626e-01	1.769907e+00
333	5.518472e-01	1.789849e-01	1.382022e+00
335	5.972985e-01	3.563741e-01	1.640938e+00
336	5.991726e-01	3.602488e-01	2.933561e+00
337	6.614878e-01	3.495187e-01	1.033219e+00
338	5.146572e-01	4.031105e-01	1.408403e+00
339	5.808198e-01	2.239139e-01	2.767465e+00
340	5.829006e-01	2.661378e-01	1.526624e+00
342	6.043052e-01	2.126949e-01	1.054714e+00
343	6.319273e-01	2.412017e-01	2.601368e+00
345	5.891825e-01	3.023540e-01	2.321935e+00
346	3.480167e-01	3.207913e-01	1.564729e+00
347	3.731380e-01	3.944894e-01	1.679043e+00
349	6.049699e-01	2.127255e-01	2.564240e+00
350	4.525308e-01	5.840560e-01	2.311187e+00
351	1.396300e-01	8.400386e-01	1.297997e+00
352	6.114493e-01	2.302041e-01	2.873962e+00
353	6.419910e-02	5.323876e-01	2.202736e+00
354	5.936098e-01	3.019718e-01	2.653151e+00
355	4.795491e-01	5.894372e-01	2.461651e+00
356	5.697881e-01	1.979379e-01	1.679043e+00
357	4.408416e-01	4.143905e-01	2.991207e+00
358	6.889572e-01	7.984997e-02	2.857352e+00
359	7.183403e-01	1.481980e-01	1.913532e+00
360	6.747162e-01	4.254660e-01	1.216903e+00
361	5.472513e-01	4.512089e-01	1.214949e+00
362	5.075072e-01	2.153865e-01	1.005862e+00
363	7.300691e-01	2.045297e-01	2.227162e+00
364	4.853183e-01	1.672448e-01	1.723009e+00
365	4.575830e-01	4.174890e-01	1.491451e+00
366	2.518319e-01	6.440273e-01	1.692721e+00
367	5.892060e-01	3.041432e-01	1.154372e+00
368	6.376375e-01	2.350728e-01	1.851001e+00
369	5.621687e-01	2.139842e-01	2.418661e+00
370	7.597900e-01	2.230028e-01	1.874450e+00
372	5.435487e-01	2.009512e-01	2.199805e+00
374	5.543696e-01	2.225510e-01	1.322423e+00
376	4.036154e-01	3.025645e-01	1.815828e+00
377	5.816110e-01	1.714773e-01	1.328285e+00
378	6.094215e-01	2.235578e-01	1.883244e+00
379	7.532680e-01	8.041456e-01	1.599902e+00
380	6.628422e-01	6.274144e-01	2.343429e+00
381	2.233789e-01	4.270192e-01	1.835369e+00
382	2.156120e-01	8.036806e-01	1.065462e+00
383	5.590647e-01	3.238795e-01	1.698583e+00
384	4.001574e-01	2.650841e-01	2.761602e+00
385	6.266787e-01	3.518491e-01	1.961407e+00
386	5.127393e-01	1.837019e-01	2.449927e+00
387	5.721417e-01	2.854240e-01	2.669761e+00
388	1.535215e-01	1.007547e-01	2.597460e+00
389	4.678636e-01	5.983804e-01	2.960918e+00
390	5.666400e-01	1.880910e-01	1.655594e+00
391	6.016784e-01	4.675013e-01	2.572057e+00
392	5.735357e-01	2.216210e-01	1.234489e+00
393	5.579928e-01	2.406441e-01	1.607719e+00
394	6.415004e-01	2.190517e-01	2.643381e+00
395	5.107668e-01	4.025952e-01	1.233512e+00
396	5.663903e-01	4.717550e-01	2.058134e+00
398	5.775622e-01	4.884768e-01	2.453835e+00
399	5.540849e-01	3.604506e-01	2.169516e+00
400	5.701293e-01	2.642757e-01	1.634099e+00
401	5.173648e-02	4.648228e-01	1.314607e+00
402	5.672296e-01	2.117022e-01	2.292623e+00
403	6.582903e-01	4.052098e-01	1.759160e+00
404	3.943113e-01	2.587745e-02	2.942355e+00
405	5.263791e-01	1.530508e-01	1.358574e+00
406	5.851274e-01	2.446236e-01	1.474841e+00
407	3.257454e-01	3.985625e-01	2.850513e+00
408	2.811402e-01	3.200686e-01	2.543723e+00
409	5.503139e-01	1.852217e-01	1.170005e+00
410	5.714777e-01	2.416731e-01	2.011236e+00
411	5.383417e-01	5.747948e-01	2.982413e+00
412	4.248742e-01	4.207899e-01	1.578407e+00
413	5.583064e-01	1.332475e-01	2.904250e+00
414	5.856655e-01	2.079605e-01	2.948217e+00
415	5.756020e-01	2.300801e-01	1.856864e+00
416	5.072019e-01	4.869596e-01	1.780655e+00
417	3.751233e-01	4.007155e-01	1.223742e+00
418	5.958264e-01	2.682594e-01	2.928676e+00
419	5.401024e-01	2.284109e-01	1.055691e+00
420	5.886138e-01	2.556030e-01	2.823156e+00
421	5.459814e-01	1.877027e-01	2.886663e+00
422	6.056327e-01	2.499983e-01	1.391793e+00
423	1.247472e-01	6.799190e-01	1.467025e+00
424	6.011530e-01	3.272939e-01	1.512946e+00
425	3.218686e-01	4.247081e-01	1.960430e+00
426	3.237435e-01	4.207094e-01	2.254519e+00
427	1.408619e-01	1.229174e-01	2.899365e+00
428	5.482643e-01	2.195211e-01	1.247191e+00
429	5.573335e-01	2.162337e-01	1.802149e+00
430	6.064978e-01	2.164501e-01	1.663410e+00
431	2.375327e-01	2.457687e-02	2.556424e+00
432	3.267991e-01	4.156937e-01	2.947240e+00
433	3.877103e-01	3.373843e-01	2.475330e+00
434	6.767015e-01	3.483134e-01	2.923791e+00
435	6.036060e-01	3.112351e-01	2.906204e+00
436	1.207606e-01	8.601411e-01	2.668784e+00
437	5.978753e-01	2.097054e-01	2.476307e+00
438	5.203957e-01	3.428948e-01	2.065950e+00
439	5.838528e-01	2.709246e-01	1.983879e+00
440	4.095347e-01	4.401061e-01	1.637030e+00
441	4.676935e-01	5.174546e-01	1.338056e+00
442	5.277594e-01	3.394116e-01	2.406937e+00
443	7.082436e-01	3.392229e-01	1.422081e+00
444	5.665017e-01	3.695555e-01	2.956033e+00
445	6.488228e-01	2.218210e-01	2.601368e+00
446	5.990819e-01	2.991959e-01	1.846116e+00
447	5.873514e-01	2.743615e-01	1.264778e+00
448	7.248666e-01	1.364385e-01	1.119199e+00
449	5.940140e-01	4.698442e-01	1.956522e+00
450	6.069794e-01	4.409484e-01	2.971666e+00
451	5.749310e-01	2.079293e-01	2.149976e+00
452	4.748841e-01	4.734973e-01	1.574499e+00
453	5.772960e-01	3.318274e-01	1.775769e+00
454	6.397752e-01	5.363566e-01	1.542257e+00
455	5.699360e-01	2.153008e-01	2.984367e+00
456	5.265157e-01	2.610767e-01	1.577430e+00
457	5.170947e-01	2.185458e-01	2.955056e+00
458	6.646732e-01	5.561991e-01	2.865169e+00
459	2.268709e-01	5.604292e-01	1.672203e+00
462	6.066722e-01	3.358987e-01	1.853933e+00
463	1.821106e-01	2.455881e-01	2.858329e+00
464	4.928655e-01	1.816144e-01	1.574499e+00
465	7.485004e-01	2.017285e-01	1.432829e+00
466	5.758258e-01	2.613840e-01	1.500244e+00
468	5.874120e-01	1.958285e-01	2.147044e+00
469	6.155118e-01	2.600843e-01	2.698095e+00
470	6.098551e-01	2.151014e-01	1.364436e+00
471	6.866862e-01	7.598551e-04	2.076698e+00
472	5.838923e-01	1.871484e-01	2.011236e+00
474	5.941710e-01	2.894335e-01	2.299463e+00
475	6.366196e-01	2.438745e-01	1.683928e+00
476	5.703710e-01	2.391574e-01	2.081583e+00
477	4.192569e-01	7.902988e-02	2.350269e+00
478	4.219432e-01	3.883948e-01	2.728383e+00
479	5.752698e-01	2.894776e-01	1.194431e+00
480	4.459268e-01	2.305620e-01	2.515388e+00
481	5.441428e-01	4.463262e-01	1.865657e+00
483	6.003846e-01	2.754937e-01	1.367367e+00
484	4.746308e-01	3.589021e-01	1.148510e+00
486	5.721297e-01	2.600216e-01	2.196873e+00
487	6.423547e-01	4.177349e-01	2.386419e+00
488	8.798004e-01	1.291539e-01	1.294089e+00
489	5.468233e-01	1.950467e-01	1.687836e+00
490	7.463496e-01	2.088387e-01	1.146556e+00
491	5.666458e-01	5.966466e-01	1.597948e+00
492	7.471255e-01	1.958433e-01	2.412799e+00
493	8.845208e-01	8.717726e-02	1.227650e+00
494	3.167411e-01	2.400729e-01	2.522228e+00
495	6.120486e-01	2.514799e-01	1.437714e+00
496	5.557398e-01	2.183988e-01	1.523693e+00
497	5.728294e-01	2.866544e-01	1.221788e+00
498	1.806497e-01	1.874315e-01	1.652662e+00
499	5.032370e-01	2.129451e-01	1.269663e+00
500	6.398630e-01	2.198411e-01	2.967758e+00
501	6.087080e-01	2.626208e-01	2.546654e+00
502	8.751695e-02	7.805187e-01	1.818759e+00
503	6.095049e-01	2.718750e-01	1.919394e+00
504	6.077818e-01	2.163326e-01	2.563263e+00
505	4.173409e-01	9.166376e-01	1.451392e+00
506	1.870374e-01	3.846480e-01	1.718124e+00
507	5.599397e-01	2.681771e-01	1.207132e+00
508	5.723412e-01	2.231690e-01	1.236444e+00
509	6.105833e-01	2.307193e-01	2.622863e+00
510	4.397440e-01	5.706602e-01	2.549585e+00
511	6.432880e-01	2.164221e-01	2.966781e+00
512	6.276356e-01	1.459168e-02	2.395213e+00
513	2.422055e-01	2.599233e-01	1.534441e+00
515	7.001214e-01	2.833727e-01	1.610650e+00
516	9.165531e-01	6.804992e-02	1.612604e+00
517	5.824140e-01	2.332777e-01	1.086957e+00
518	5.551760e-01	3.246248e-01	2.282853e+00
519	2.105521e-01	1.396381e-01	1.573522e+00
520	5.475517e-01	3.031257e-01	2.497802e+00
521	5.363943e-01	2.705737e-01	1.752320e+00
522	3.784757e-01	4.919124e-01	1.589155e+00
523	7.138508e-01	1.773926e-01	1.209086e+00
524	6.222334e-01	2.341976e-01	2.755740e+00
525	2.817311e-01	3.246185e-01	1.499267e+00
526	5.779510e-01	2.739021e-01	1.014656e+00
527	6.177975e-01	1.061897e-01	2.891549e+00
528	5.718063e-01	1.733300e-01	2.478261e+00
529	6.739132e-01	3.000463e-01	1.898876e+00
530	6.082853e-01	2.158602e-01	1.188569e+00
531	5.769284e-01	2.639774e-01	2.785051e+00
532	5.926321e-01	2.999625e-01	2.945286e+00
533	5.226070e-01	2.030081e-01	2.458720e+00
534	3.358168e-01	2.264483e-01	2.673669e+00
535	5.899947e-01	2.393214e-01	1.399609e+00
536	5.397638e-01	2.268498e-01	2.604299e+00
537	2.100536e-01	3.761585e-01	1.529555e+00
538	5.777042e-01	2.605744e-01	2.823156e+00
540	7.119124e-01	2.167242e-01	2.844651e+00
541	4.262762e-01	5.411608e-01	2.290669e+00
542	1.537165e-01	3.080441e-01	2.570103e+00
543	6.211685e-01	2.959252e-01	2.396190e+00
544	4.749985e-01	5.919941e-01	1.318515e+00
545	6.618620e-01	3.587488e-01	2.605276e+00
546	6.717587e-01	2.899375e-01	2.683439e+00
547	2.178556e-01	2.218436e-01	1.587201e+00
548	6.875225e-01	1.566250e-01	1.375183e+00
549	5.762782e-01	3.215494e-01	2.298486e+00
551	5.880834e-01	2.709763e-01	2.983390e+00
553	5.880777e-01	2.342452e-01	2.414753e+00
554	4.942747e-02	4.519409e-01	1.843185e+00
555	3.283223e-01	5.892224e-01	2.396190e+00
556	6.997071e-01	3.202699e-01	3.000000e+00
557	5.561500e-01	2.841443e-01	2.728383e+00
558	6.792474e-01	3.692806e-01	1.133854e+00
559	6.257398e-01	2.120180e-01	1.944797e+00
560	3.301745e-01	2.409308e-01	2.883732e+00
561	6.005729e-01	3.353071e-01	2.383488e+00
563	1.739385e-01	4.318886e-01	1.786517e+00
564	4.598289e-01	5.697562e-01	2.893503e+00
565	5.591754e-01	1.986092e-01	2.981436e+00
566	1.524599e-01	6.373292e-03	2.663898e+00
567	6.280557e-01	2.316792e-01	2.227162e+00
568	3.619340e-01	3.811139e-01	1.527601e+00
569	7.526370e-02	1.983903e-01	2.610161e+00
570	6.424007e-01	2.228290e-01	1.058622e+00
571	5.842264e-01	4.650133e-01	2.782120e+00
572	4.746805e-01	4.807593e-01	1.518808e+00
573	5.790846e-01	2.880210e-01	2.109917e+00
574	5.562004e-01	1.498929e-01	2.074744e+00
575	5.338835e-01	2.335144e-01	2.319003e+00
576	2.648323e-01	1.070507e-01	1.290181e+00
577	5.546499e-01	2.072561e-01	1.286273e+00
578	7.191497e-01	6.550828e-01	1.881290e+00
579	8.792269e-01	5.137267e-01	1.664387e+00
580	2.003794e-01	8.323075e-01	1.242306e+00
581	7.815182e-01	1.883348e-01	1.927211e+00
582	5.792326e-01	1.954436e-01	2.820225e+00
583	4.603745e-01	5.953447e-01	2.792868e+00
584	4.481559e-01	6.564660e-02	1.201270e+00
585	8.617191e-01	2.959038e-01	1.898876e+00
586	5.796931e-01	1.899668e-01	1.782609e+00
587	1.906064e-01	3.103349e-01	1.561798e+00
588	5.976903e-01	1.993464e-01	2.282853e+00
589	5.132553e-01	1.850721e-01	2.210552e+00
590	6.082449e-01	2.640727e-01	1.020518e+00
591	7.099196e-01	2.131066e-01	1.784563e+00
592	2.658506e-01	3.524107e-01	1.275525e+00
593	5.584009e-01	2.052318e-01	1.212995e+00
594	7.382611e-01	2.501837e-01	2.964827e+00
595	6.046065e-01	2.824404e-01	2.079629e+00
596	3.580855e-01	3.459984e-01	1.187592e+00
597	4.284504e-01	5.920341e-01	1.258915e+00
598	1.052325e-01	4.389056e-01	1.999511e+00
599	5.683271e-01	2.463272e-01	1.264778e+00
600	6.270234e-01	2.818212e-01	1.110405e+00
601	1.133404e-01	1.389198e-01	1.107474e+00
602	1.520047e-01	7.603367e-01	1.070347e+00
603	5.644631e-01	3.069840e-01	2.400098e+00
604	6.597189e-01	3.478047e-01	2.871031e+00
605	5.798139e-01	1.916363e-01	2.739130e+00
606	5.981118e-01	2.135753e-01	2.061065e+00
607	7.581736e-01	1.669347e-01	1.073278e+00
608	6.407847e-01	2.386569e-01	2.799707e+00
609	2.847603e-01	6.129469e-01	2.010259e+00
610	6.087851e-01	3.041174e-01	1.700537e+00
611	5.333543e-01	2.577387e-01	1.339033e+00
612	6.806198e-01	3.078313e-01	2.227162e+00
613	6.817478e-01	3.584160e-01	2.482169e+00
614	6.013520e-01	2.860612e-01	2.958964e+00
615	6.153352e-01	2.415341e-01	1.443576e+00
616	3.970304e-01	3.336593e-01	2.381534e+00
617	6.773585e-01	3.138901e-01	1.971177e+00
618	5.679645e-01	1.986168e-01	2.960918e+00
619	2.095304e-01	1.350877e-01	1.812897e+00
620	1.480783e-01	6.027537e-02	1.170982e+00
621	3.694395e-01	3.422092e-01	1.277479e+00
622	6.454463e-01	5.920819e-01	1.176844e+00
623	6.607568e-01	3.191823e-01	1.636053e+00
624	7.260213e-01	2.360270e-01	2.336590e+00
625	5.877098e-01	2.765546e-01	1.343918e+00
626	5.703581e-01	2.293080e-01	1.905716e+00
627	7.447729e-01	2.005411e-01	1.784563e+00
628	5.617558e-01	2.240608e-01	2.063996e+00
629	5.705463e-01	2.580740e-01	2.497802e+00
630	6.993709e-01	3.120484e-01	2.870054e+00
631	2.679878e-01	2.340000e-01	1.729849e+00
632	5.116995e-01	9.083268e-01	2.290669e+00
633	5.944908e-01	3.056398e-01	2.841720e+00
634	5.421080e-01	2.330361e-01	2.195896e+00
635	1.537572e-01	4.918348e-03	1.601856e+00
636	4.012056e-01	4.283320e-01	2.449927e+00
637	5.057525e-01	2.283657e-01	1.462140e+00
638	6.109264e-01	2.520940e-01	2.041524e+00
639	5.846835e-01	1.849961e-01	2.061065e+00
641	9.373037e-01	3.069439e-03	2.205667e+00
642	5.805551e-01	2.414056e-01	2.184172e+00
643	7.260201e-01	2.132062e-01	2.747924e+00
644	2.417674e-01	3.527649e-01	2.909135e+00
645	5.705602e-01	2.080301e-01	2.777235e+00
646	5.725657e-01	2.611785e-01	1.295066e+00
647	6.303985e-01	2.470313e-01	1.050806e+00
649	5.455633e-01	3.776238e-01	1.198339e+00
650	3.342554e-01	6.150870e-01	2.656082e+00
651	1.798205e-01	2.083692e-01	1.692721e+00
653	6.008158e-01	3.326504e-01	1.906693e+00
654	1.067709e-01	3.762938e-01	2.192965e+00
655	5.267630e-01	3.816758e-01	1.200293e+00
656	6.055877e-01	2.124567e-01	2.361016e+00
657	3.138338e-01	3.905940e-01	2.080606e+00
658	5.999852e-01	2.796163e-01	2.017098e+00
659	6.091175e-01	3.674796e-01	2.191011e+00
660	3.285026e-01	3.945494e-01	1.667318e+00
661	2.764961e-01	3.927504e-01	2.229116e+00
662	7.140317e-01	2.261801e-01	1.188569e+00
663	3.054169e-01	1.509774e-01	2.714704e+00
664	5.841494e-01	2.841207e-01	1.979971e+00
665	2.111198e-01	5.531553e-01	2.954079e+00
666	5.241756e-01	1.448469e-01	1.803127e+00
667	4.934011e-01	2.633341e-01	1.039082e+00
668	2.462893e-01	5.109907e-01	1.893014e+00
669	1.430897e-01	1.203849e-01	1.778701e+00
670	2.106625e-01	8.797236e-01	1.807035e+00
671	5.539031e-01	2.262970e-01	1.102589e+00
672	7.168675e-01	2.023609e-01	1.879336e+00
673	7.254699e-01	2.031721e-01	1.984856e+00
674	5.808609e-01	2.430592e-01	2.238886e+00
675	4.275669e-01	6.636697e-01	2.868100e+00
676	5.991957e-01	2.799653e-01	2.748901e+00
677	2.871845e-01	3.821463e-01	1.578407e+00
678	6.301723e-01	2.689500e-01	1.621397e+00
679	5.909994e-01	3.143634e-01	2.657059e+00
680	1.399557e-01	3.994234e-01	2.404983e+00
681	2.738533e-01	9.431553e-02	2.272106e+00
682	3.333072e-01	3.391173e-01	1.463117e+00
683	1.840132e-01	2.736798e-01	2.316072e+00
684	5.793428e-01	2.368053e-01	2.334636e+00
685	5.068856e-01	3.239657e-01	1.365413e+00
686	3.395190e-01	3.751727e-01	2.105032e+00
687	6.934270e-01	1.863275e-01	1.339033e+00
688	5.913982e-01	2.823640e-01	2.932584e+00
689	6.147725e-01	2.785813e-01	2.378603e+00
690	5.661127e-01	1.892226e-01	1.833415e+00
691	6.981633e-01	3.205799e-01	1.663410e+00
692	5.332930e-01	4.580203e-01	2.251588e+00
693	2.543415e-01	2.878568e-01	1.766976e+00
694	4.637388e-01	6.012662e-01	1.575476e+00
695	5.001249e-01	4.042933e-01	2.771373e+00
696	3.643073e-01	3.696019e-01	2.787005e+00
697	5.794331e-01	2.308705e-01	1.959453e+00
698	5.062353e-01	1.862628e-01	2.187103e+00
699	5.425787e-01	2.159858e-01	2.430386e+00
700	6.135491e-01	2.638208e-01	2.679531e+00
701	6.712316e-01	3.225816e-01	2.191988e+00
702	5.815866e-01	2.623557e-01	2.945286e+00
703	6.075628e-01	2.164821e-01	2.793845e+00
704	5.649435e-01	2.302031e-01	2.132389e+00
705	4.486199e-01	6.426382e-01	1.627259e+00
706	5.935591e-01	2.900346e-01	1.623351e+00
707	5.789496e-01	2.939490e-01	2.772350e+00
708	6.288254e-01	2.250241e-01	1.552027e+00
709	4.689799e-02	7.245755e-01	1.180752e+00
710	3.995604e-01	5.304517e-01	1.632145e+00
711	1.971484e-01	1.712447e-01	1.680997e+00
713	6.221055e-01	3.311988e-01	1.703468e+00
714	5.776450e-01	2.665477e-01	1.471910e+00
715	6.697058e-02	4.301665e-01	2.368832e+00
716	5.356111e-01	2.990139e-01	1.961407e+00
717	5.711323e-01	2.444745e-01	1.756229e+00
718	5.658625e-01	1.167633e-01	2.987298e+00
719	5.997759e-01	2.789611e-01	2.332682e+00
720	5.467866e-01	2.175882e-01	1.097704e+00
722	5.745466e-01	2.526642e-01	1.704446e+00
723	5.792127e-01	1.833696e-01	1.853933e+00
724	6.305802e-01	2.585988e-01	2.829995e+00
725	7.508373e-01	2.106073e-01	2.232047e+00
726	3.074832e-01	3.845673e-01	2.587689e+00
727	1.805906e-01	3.577052e-01	2.698095e+00
730	9.984895e-02	7.774649e-01	1.502198e+00
731	5.698189e-01	1.969593e-01	2.614069e+00
732	3.143577e-01	2.363019e-01	2.880801e+00
733	5.837479e-01	2.110514e-01	1.956522e+00
734	6.346016e-01	2.775786e-01	2.745970e+00
735	2.102243e-01	8.707558e-01	1.179775e+00
736	7.528385e-01	2.114585e-01	1.935027e+00
737	5.696356e-01	2.156181e-01	1.975085e+00
738	5.739172e-01	2.138194e-01	1.067416e+00
739	5.202715e-01	3.342524e-01	2.024915e+00
740	4.624635e-01	6.001335e-01	2.810454e+00
741	5.547236e-01	3.553995e-01	2.428432e+00
742	5.570633e-01	3.227064e-01	1.957499e+00
743	9.812978e-01	1.296016e-01	2.306302e+00
744	5.706799e-01	1.703478e-01	2.557401e+00
745	3.868157e-01	6.718199e-01	1.243283e+00
746	5.535613e-01	3.467476e-01	2.429409e+00
747	5.785334e-01	1.958419e-01	2.523205e+00
748	7.505645e-01	9.924839e-02	2.842697e+00
749	5.404805e-01	2.065001e-01	2.247680e+00
750	5.844442e-01	1.895969e-01	2.000489e+00
751	6.059039e-01	2.166100e-01	2.446019e+00
752	6.027887e-01	2.870607e-01	2.360039e+00
754	5.673235e-01	2.201052e-01	2.415730e+00
755	5.582892e-01	1.761883e-01	1.989741e+00
756	5.844676e-01	2.912088e-01	2.908158e+00
757	5.757835e-01	3.070542e-01	2.731314e+00
758	5.752988e-01	1.973225e-01	2.544700e+00
759	6.025951e-01	3.066618e-01	2.890572e+00
760	5.732112e-01	2.370437e-01	1.654617e+00
761	5.821236e-01	2.492882e-01	1.008793e+00
762	3.035827e-01	3.643151e-01	1.260870e+00
764	5.049962e-01	1.707527e-01	1.325354e+00
765	5.996411e-01	1.968197e-01	1.420127e+00
766	8.825546e-01	7.038404e-02	2.845628e+00
767	5.349518e-01	2.236254e-01	1.853933e+00
768	6.109958e-01	2.859491e-01	1.303859e+00
769	1.406051e-01	6.165802e-02	1.294089e+00
770	4.486201e-01	5.385996e-01	1.675134e+00
771	6.446024e-01	2.281144e-01	2.417684e+00
772	5.785042e-01	2.939247e-01	2.053249e+00
773	5.781440e-01	2.331344e-01	1.276502e+00
774	6.528613e-01	2.983275e-01	2.779189e+00
776	1.049743e-01	4.537720e-01	2.295554e+00
777	5.617115e-01	2.131593e-01	1.652662e+00
778	5.530793e-01	3.512466e-01	2.464582e+00
779	5.710408e-01	2.000800e-01	1.763068e+00
780	6.885825e-01	2.265252e-01	2.026869e+00
781	5.771805e-01	2.759578e-01	1.160234e+00
782	6.213740e-01	3.426310e-01	2.302394e+00
783	3.465769e-01	4.830640e-01	1.384954e+00
784	6.732256e-01	3.475976e-01	2.598437e+00
785	5.592222e-01	2.297908e-01	2.130435e+00
786	7.228689e-01	1.994658e-01	1.690767e+00
787	3.573595e-01	3.119374e-01	1.940889e+00
788	5.429248e-01	1.507521e-01	2.099170e+00
