767
0	3.058264e-01	3.062390e-01	1.398632e+00
1	4.945212e-01	5.167553e-01	1.108451e+00
2	4.991062e-01	5.606414e-01	2.925745e+00
3	4.801335e-01	5.489129e-01	2.732291e+00
4	4.728855e-01	6.451097e-01	1.257938e+00
5	4.131805e-01	6.375314e-01	2.424524e+00
6	7.374693e-01	8.521101e-01	1.383000e+00
7	4.798888e-01	4.872843e-01	2.705911e+00
8	4.689624e-01	5.396465e-01	2.442110e+00
9	4.770540e-01	5.177148e-01	2.233024e+00
10	5.428625e-01	4.054627e-01	2.376649e+00
11	4.719817e-01	5.306203e-01	1.556913e+00
12	4.392379e-01	7.209137e-01	2.950171e+00
13	4.602512e-01	5.054972e-01	1.066439e+00
14	4.792259e-01	5.169086e-01	1.626282e+00
15	3.198719e-01	7.200534e-01	1.306790e+00
16	4.755622e-01	5.177271e-01	2.902296e+00
17	6.325296e-01	7.009035e-01	1.195408e+00
18	4.959396e-01	5.631181e-01	1.785540e+00
19	4.511677e-01	4.849784e-01	1.248168e+00
20	5.169561e-01	5.112453e-01	1.863703e+00
21	4.447870e-01	5.917157e-01	2.671715e+00
22	4.708086e-01	5.151305e-01	2.487054e+00
23	4.665024e-01	4.757240e-01	1.946751e+00
24	5.854446e-01	6.302097e-01	1.303859e+00
25	4.346831e-01	4.021731e-01	2.152907e+00
26	4.794111e-01	5.223635e-01	1.388862e+00
27	4.732275e-01	4.815543e-01	1.591109e+00
28	4.360121e-01	4.572998e-01	2.205667e+00
29	4.702657e-01	4.977731e-01	2.181241e+00
30	4.018052e-01	6.252994e-01	1.475818e+00
31	4.996592e-01	5.395300e-01	2.309233e+00
32	4.595458e-01	5.337837e-01	2.073766e+00
33	4.884712e-01	6.338137e-01	2.331705e+00
34	4.672486e-01	4.830778e-01	1.126038e+00
35	7.706174e-01	6.299717e-01	2.235955e+00
36	4.887261e-01	5.412669e-01	2.805569e+00
37	5.064068e-01	4.387611e-01	2.555447e+00
38	4.626806e-01	4.952067e-01	2.559355e+00
39	4.709070e-01	5.329540e-01	1.895945e+00
40	4.390114e-01	5.213294e-01	1.282364e+00
41	4.920337e-01	3.734845e-01	2.750855e+00
42	4.759880e-01	5.218169e-01	2.412799e+00
43	4.637950e-01	5.315840e-01	2.557401e+00
44	4.167693e-01	6.344822e-01	1.648754e+00
45	4.851827e-01	5.321580e-01	1.721055e+00
46	3.995619e-01	3.804497e-01	2.588666e+00
47	4.887534e-01	5.229831e-01	1.525647e+00
48	4.733576e-01	5.202856e-01	2.751832e+00
49	3.066752e-01	2.828784e-01	2.625794e+00
50	5.176269e-01	5.680965e-01	1.663410e+00
51	4.701621e-01	5.089125e-01	2.560332e+00
52	4.845243e-01	5.380713e-01	1.696629e+00
53	4.934874e-01	5.213479e-01	1.506106e+00
54	4.739687e-01	5.175223e-01	2.675623e+00
55	4.249335e-01	4.568788e-01	2.497802e+00
56	5.332785e-01	3.576479e-01	1.031265e+00
57	5.314263e-01	5.499288e-01	2.361993e+00
58	4.849629e-01	5.168531e-01	1.866634e+00
60	7.738758e-01	7.470213e-01	1.503175e+00
61	5.088032e-01	4.636902e-01	2.449927e+00
62	4.868397e-01	5.572562e-01	2.831949e+00
63	4.824280e-01	5.260960e-01	2.317049e+00
64	5.107616e-01	4.699244e-01	2.353200e+00
65	4.753749e-01	5.177257e-01	2.575965e+00
66	4.583018e-01	4.191762e-01	2.922814e+00
67	3.760913e-01	3.948110e-01	2.289692e+00
68	4.703549e-01	4.425690e-01	2.766488e+00
69	5.348319e-01	3.625203e-01	1.522716e+00
70	5.155902e-01	5.261374e-01	2.769419e+00
71	4.696241e-01	5.178601e-01	1.110405e+00
72	4.574687e-01	5.264351e-01	1.412311e+00
73	5.081539e-01	5.486677e-01	1.951637e+00
74	3.354895e-01	4.118572e-01	1.449438e+00
75	2.820555e-01	4.418102e-01	2.176356e+00
76	4.764532e-01	4.719076e-01	1.212995e+00
77	4.818641e-01	5.501795e-01	1.872496e+00
78	4.752363e-01	5.571602e-01	1.606742e+00
79	3.219666e-01	5.797922e-01	1.183683e+00
80	4.845517e-01	5.899900e-01	2.736199e+00
81	4.732093e-01	5.205461e-01	1.617489e+00
82	4.881661e-01	4.584793e-01	2.456766e+00
83	3.660556e-01	4.408902e-01	1.406448e+00
84	5.567241e-01	5.846555e-01	2.453835e+00
85	4.756434e-01	5.183572e-01	2.712750e+00
86	4.798374e-01	5.291973e-01	2.877870e+00
87	3.233628e-01	7.382721e-01	1.533464e+00
88	4.192337e-01	3.101765e-01	2.169516e+00
89	5.986979e-01	6.223780e-01	2.483146e+00
90	5.171720e-01	4.288258e-01	1.538349e+00
91	4.522737e-01	5.220888e-01	1.117245e+00
92	4.826130e-01	5.413776e-01	2.709819e+00
93	5.062822e-01	5.446612e-01	2.929653e+00
94	3.758370e-01	6.382032e-01	2.125550e+00
95	5.093968e-01	5.656824e-01	2.148999e+00
96	4.731180e-01	5.382350e-01	1.206155e+00
98	4.748379e-01	5.191009e-01	1.997557e+00
99	4.323506e-01	5.937835e-01	1.753298e+00
100	4.768290e-01	5.063205e-01	1.491451e+00
101	4.789224e-01	5.207010e-01	2.381534e+00
102	4.720366e-01	4.954148e-01	1.837323e+00
103	4.893987e-01	5.406292e-01	2.723498e+00
104	5.511266e-01	6.160983e-01	1.216903e+00
105	4.510575e-01	4.886780e-01	1.385931e+00
107	4.604083e-01	5.362655e-01	1.887152e+00
108	6.661185e-01	3.771812e-01	1.869565e+00
109	4.022584e-01	4.988339e-01	2.657059e+00
110	4.623176e-01	4.881300e-01	1.905716e+00
111	5.115189e-01	5.649230e-01	2.319980e+00
113	5.343053e-01	1.517754e-01	1.155349e+00
114	4.715722e-01	5.416620e-01	1.261847e+00
115	4.028635e-01	4.333032e-01	1.308745e+00
116	4.540802e-01	5.334150e-01	1.148510e+00
117	4.572362e-01	4.500413e-01	1.865657e+00
118	4.708239e-01	5.711226e-01	2.988276e+00
119	3.677509e-01	4.176943e-01	1.479726e+00
120	4.729198e-01	5.881827e-01	2.095261e+00
121	5.064200e-01	4.511440e-01	2.442110e+00
122	4.269304e-01	5.230166e-01	1.070347e+00
123	4.639537e-01	5.167013e-01	1.417196e+00
124	4.627780e-01	5.075995e-01	2.817294e+00
126	4.735235e-01	4.600244e-01	2.738153e+00
127	4.900398e-01	4.263395e-01	2.338544e+00
128	2.416586e-01	2.208464e-01	1.282364e+00
129	4.590929e-01	5.289348e-01	2.676600e+00
130	2.170444e-01	2.470923e-01	2.443087e+00
132	4.988292e-01	4.947328e-01	1.220811e+00
133	4.626816e-01	5.207154e-01	2.407914e+00
134	4.095425e-01	4.044933e-01	2.277968e+00
135	4.940394e-01	5.242133e-01	2.409868e+00
136	4.689311e-01	5.187957e-01	2.083537e+00
137	4.310647e-01	5.772845e-01	2.286761e+00
138	3.487804e-01	5.485378e-01	1.194431e+00
139	4.834195e-01	5.210588e-01	2.818271e+00
140	4.103028e-01	5.130491e-01	2.827064e+00
141	4.513566e-01	5.513032e-01	1.684905e+00
142	4.682903e-01	5.230331e-01	1.999511e+00
143	4.770121e-01	5.055907e-01	1.956522e+00
144	4.116044e-01	4.758434e-01	2.323889e+00
145	4.443796e-01	5.856881e-01	2.501710e+00
146	3.727667e-01	7.214268e-01	2.395213e+00
147	4.070968e-01	5.515262e-01	2.719590e+00
148	4.762090e-01	5.181781e-01	2.937469e+00
149	5.075815e-01	4.668605e-01	2.803615e+00
150	3.648354e-01	4.244588e-01	1.794333e+00
151	4.733074e-01	5.268779e-01	2.611138e+00
152	4.912329e-01	4.800833e-01	1.724963e+00
153	4.637516e-01	5.575727e-01	1.983879e+00
154	4.740969e-01	5.219095e-01	2.181241e+00
155	4.801284e-01	4.601665e-01	1.295066e+00
156	4.742612e-01	4.629721e-01	1.970200e+00
157	4.609176e-01	5.288983e-01	2.387396e+00
158	3.991292e-01	5.128812e-01	2.386419e+00
159	4.446465e-01	5.196016e-01	2.647289e+00
160	4.535600e-01	5.047481e-01	1.686859e+00
161	4.614736e-01	5.313481e-01	1.553981e+00
162	4.637283e-01	6.005596e-01	1.764045e+00
163	4.375080e-01	2.891400e-01	1.632145e+00
164	4.772739e-01	5.186995e-01	1.235467e+00
165	4.652298e-01	5.012911e-01	2.251588e+00
166	4.454725e-01	4.939240e-01	1.751343e+00
167	5.028262e-01	5.133170e-01	1.715193e+00
168	4.782829e-01	5.208049e-01	2.109917e+00
169	4.911235e-01	6.117577e-01	2.137274e+00
170	4.800585e-01	4.079311e-01	2.099170e+00
171	4.617857e-01	4.251698e-01	2.057157e+00
172	4.086751e-01	4.999147e-01	2.246702e+00
173	5.033246e-01	5.484025e-01	1.894968e+00
174	4.742536e-01	5.048114e-01	2.453835e+00
175	4.717998e-01	4.709112e-01	2.834880e+00
176	3.652973e-01	3.955546e-01	2.215437e+00
177	4.877479e-01	5.488872e-01	2.153884e+00
178	4.643748e-01	5.197654e-01	2.475330e+00
179	4.229747e-01	4.242403e-01	1.274548e+00
180	4.597889e-01	5.403054e-01	2.127504e+00
181	4.807330e-01	5.490103e-01	1.790425e+00
182	3.896417e-01	4.120454e-01	1.736688e+00
183	3.834974e-01	4.707288e-01	1.692721e+00
184	5.439328e-01	7.372252e-01	2.042501e+00
185	3.913399e-01	4.621957e-01	1.468979e+00
186	5.066858e-01	4.861776e-01	1.784563e+00
188	4.758925e-01	5.449849e-01	1.839277e+00
189	4.686452e-01	5.258982e-01	1.175867e+00
190	5.108078e-01	6.317704e-01	2.807523e+00
191	6.455479e-01	5.199566e-01	2.811431e+00
192	3.848892e-01	4.666747e-01	1.192477e+00
193	2.444603e-01	5.439029e-01	1.620420e+00
194	4.010244e-01	6.442736e-01	2.624817e+00
195	4.733522e-01	5.139766e-01	2.806546e+00
196	3.535785e-01	3.200377e-01	1.763068e+00
197	7.773614e-01	7.131625e-01	2.060088e+00
198	6.179706e-01	7.751877e-01	2.458720e+00
199	4.874534e-01	4.973520e-01	2.463605e+00
200	8.203741e-01	7.765181e-01	1.141671e+00
201	4.871492e-01	5.121793e-01	1.146556e+00
202	5.080582e-01	5.875908e-01	1.395701e+00
203	4.383681e-01	5.294911e-01	1.755252e+00
204	4.896745e-01	5.659624e-01	2.901319e+00
205	5.711628e-01	7.000478e-01	2.123596e+00
206	4.804530e-01	7.980519e-01	1.652662e+00
207	4.795077e-01	5.570384e-01	1.199316e+00
208	4.722671e-01	4.567726e-01	2.170493e+00
209	4.541808e-01	5.773887e-01	2.733268e+00
210	5.741329e-01	6.099496e-01	1.545188e+00
211	4.313530e-01	5.330725e-01	1.376160e+00
212	4.835112e-01	5.490955e-01	1.621397e+00
213	4.766054e-01	5.064118e-01	1.883244e+00
214	4.854862e-01	5.027208e-01	1.612604e+00
215	5.101121e-01	5.340149e-01	2.909135e+00
216	4.771205e-01	5.275577e-01	1.354665e+00
217	4.689481e-01	5.256981e-01	2.770396e+00
218	6.048245e-01	3.694787e-01	2.148999e+00
219	4.334393e-01	4.777103e-01	2.624817e+00
220	4.109599e-01	4.533478e-01	2.697118e+00
221	4.840945e-01	5.352379e-01	1.938935e+00
222	3.974220e-01	1.484818e-01	1.854910e+00
223	4.604532e-01	5.049154e-01	2.625794e+00
224	4.085949e-01	3.568701e-01	2.984367e+00
225	4.520956e-01	6.528956e-01	2.693210e+00
226	4.678079e-01	5.147261e-01	2.276014e+00
227	4.607046e-01	5.521850e-01	1.245237e+00
228	4.682808e-01	5.135286e-01	1.489497e+00
229	4.669437e-01	5.133789e-01	2.305325e+00
230	4.677708e-01	5.229901e-01	2.689301e+00
231	5.180203e-01	6.090058e-01	1.346849e+00
232	4.705143e-01	5.127205e-01	2.447973e+00
233	5.055497e-01	5.393559e-01	1.591109e+00
234	4.759926e-01	4.394200e-01	1.931119e+00
235	4.723819e-01	4.967119e-01	2.687347e+00
236	4.745693e-01	5.180530e-01	2.787982e+00
237	4.739594e-01	5.338994e-01	1.510015e+00
238	4.940974e-01	5.396943e-01	2.193942e+00
239	4.835181e-01	5.676160e-01	2.918906e+00
240	5.232554e-01	6.324946e-01	1.734734e+00
241	5.404733e-01	5.616001e-01	1.119199e+00
242	4.896984e-01	4.707344e-01	1.631168e+00
243	4.626628e-01	5.050067e-01	1.258915e+00
244	4.762267e-01	5.237970e-01	2.458720e+00
245	4.924300e-01	6.279172e-01	2.134343e+00
246	4.723705e-01	5.110339e-01	2.662921e+00
247	4.914376e-01	5.300697e-01	2.924768e+00
248	4.877440e-01	4.642448e-01	2.983390e+00
250	4.000687e-01	4.940943e-01	2.763556e+00
251	1.673873e-01	4.726745e-01	2.374695e+00
252	4.328957e-01	5.457960e-01	1.703468e+00
253	4.768320e-01	3.884750e-01	1.246214e+00
254	4.687422e-01	5.432714e-01	2.925745e+00
255	4.769244e-01	5.039574e-01	1.857841e+00
256	4.725093e-01	5.313293e-01	2.601368e+00
257	4.587610e-01	4.978344e-01	2.413776e+00
258	4.521051e-01	5.349071e-01	2.569126e+00
259	4.815983e-01	5.920222e-01	1.865657e+00
260	4.736785e-01	5.166925e-01	2.574988e+00
261	4.912024e-01	5.416637e-01	1.598925e+00
262	3.833733e-01	6.215557e-01	2.264289e+00
263	4.630573e-01	6.239582e-01	1.176844e+00
264	4.757748e-01	4.006239e-01	1.061553e+00
265	4.678129e-01	4.959252e-01	2.526136e+00
266	4.735499e-01	5.727183e-01	1.928188e+00
267	5.455079e-01	5.221759e-01	2.006351e+00
268	4.490575e-01	4.896880e-01	1.041036e+00
269	6.300375e-01	6.194816e-01	1.793356e+00
270	4.808384e-01	6.282773e-01	1.860772e+00
271	6.002868e-01	5.172249e-01	1.389839e+00
272	4.703307e-01	5.080647e-01	1.052760e+00
273	3.204741e-01	2.915950e-01	1.156326e+00
274	5.662500e-01	7.791846e-01	1.981925e+00
275	4.476304e-01	4.622224e-01	2.256473e+00
276	4.675091e-01	5.754394e-01	2.368832e+00
277	4.155848e-01	5.139837e-01	2.024915e+00
279	4.818039e-01	5.397150e-01	1.348803e+00
280	4.946772e-01	5.340529e-01	2.472399e+00
281	3.698874e-01	4.665528e-01	2.288715e+00
282	4.500516e-01	4.231607e-01	2.745970e+00
283	3.613795e-01	5.279211e-01	2.490962e+00
284	4.856334e-01	6.697885e-01	2.515388e+00
285	2.475860e-01	4.823275e-01	1.545188e+00
286	4.867040e-01	5.293250e-01	2.662921e+00
287	4.884339e-01	6.107035e-01	2.264289e+00
288	4.869184e-01	5.305585e-01	2.905227e+00
289	3.685367e-01	5.832395e-01	1.058622e+00
290	4.880850e-01	4.791310e-01	2.152907e+00
291	7.441504e-01	8.592081e-01	2.784074e+00
292	4.572413e-01	5.188128e-01	2.445042e+00
293	5.087627e-01	1.698528e-01	2.852467e+00
294	4.664163e-01	5.981513e-01	2.070835e+00
295	5.279822e-01	5.201688e-01	1.406448e+00
296	7.099573e-01	9.815124e-01	1.751343e+00
297	3.969016e-01	5.488230e-01	2.077675e+00
298	4.312461e-01	6.760844e-01	1.601856e+00
299	4.750204e-01	5.474133e-01	2.048363e+00
300	4.982033e-01	5.557547e-01	2.781143e+00
301	4.735761e-01	5.211619e-01	2.779189e+00
302	4.664190e-01	4.328679e-01	2.617978e+00
303	3.365045e-01	2.895552e-01	1.698583e+00
304	4.461121e-01	4.118991e-01	1.948705e+00
305	4.788738e-01	5.339549e-01	1.416219e+00
306	8.263331e-01	2.792240e-01	1.745481e+00
307	4.751753e-01	5.238997e-01	2.291646e+00
308	3.724713e-01	9.602063e-02	1.868588e+00
309	3.883673e-01	4.929831e-01	2.511480e+00
310	4.702021e-01	4.765773e-01	2.596483e+00
311	4.647109e-01	5.343086e-01	2.855398e+00
312	4.693192e-01	4.685551e-01	1.312653e+00
313	4.492713e-01	6.342745e-01	1.787494e+00
314	4.744015e-01	5.116848e-01	2.252565e+00
315	4.536306e-01	5.766790e-01	1.978017e+00
316	4.705538e-01	3.601097e-01	2.965804e+00
317	4.730483e-01	5.319351e-01	2.221299e+00
318	6.715337e-01	4.627932e-01	1.701514e+00
319	5.106157e-01	4.324491e-01	1.135809e+00
320	4.627928e-01	5.263260e-01	2.997069e+00
322	4.512869e-01	3.716625e-01	2.362970e+00
323	4.924199e-01	5.357877e-01	2.553493e+00
324	4.575336e-01	5.536390e-01	1.347826e+00
325	7.105376e-02	2.140705e-01	2.896434e+00
326	4.708178e-01	5.216070e-01	1.857841e+00
327	5.010354e-01	5.472725e-01	1.669272e+00
328	4.713840e-01	5.532330e-01	1.726917e+00
329	4.734793e-01	5.069644e-01	2.604299e+00
330	3.565514e-01	4.824222e-01	2.089399e+00
331	4.397487e-01	5.314030e-01	1.552027e+00
332	5.098584e-01	4.712812e-01	1.769907e+00
333	4.757167e-01	5.919518e-01	1.382022e+00
334	4.736041e-01	4.963363e-01	2.510503e+00
335	5.317495e-01	5.046572e-01	1.640938e+00
336	4.664203e-01	5.304995e-01	2.933561e+00
337	5.684986e-01	4.898136e-01	1.033219e+00
338	4.654950e-01	6.547846e-01	1.408403e+00
339	4.789684e-01	5.544361e-01	2.767465e+00
340	4.532602e-01	4.950624e-01	1.526624e+00
341	5.243839e-01	6.363289e-01	1.456277e+00
342	4.785680e-01	4.781274e-01	1.054714e+00
343	5.077722e-01	4.878692e-01	2.601368e+00
344	3.316969e-01	3.981949e-01	2.193942e+00
346	4.739213e-01	5.413585e-01	1.564729e+00
347	4.873510e-01	5.319427e-01	1.679043e+00
348	6.476075e-01	5.651520e-01	2.034685e+00
349	4.634077e-01	4.973174e-01	2.564240e+00
350	3.981590e-01	3.755138e-01	2.311187e+00
351	5.142537e-01	6.425195e-01	1.297997e+00
352	4.678736e-01	5.007227e-01	2.873962e+00
353	4.132657e-01	5.494732e-01	2.202736e+00
354	4.780635e-01	5.156463e-01	2.653151e+00
355	4.338876e-01	3.243524e-01	2.461651e+00
356	4.699798e-01	4.955939e-01	1.679043e+00
357	4.203532e-01	6.237101e-01	2.991207e+00
358	4.274951e-01	6.939646e-01	2.857352e+00
359	4.768574e-01	4.384878e-01	1.913532e+00
360	4.359651e-01	5.086653e-01	1.216903e+00
361	4.649342e-01	3.927694e-01	1.214949e+00
362	3.936107e-01	4.607362e-01	1.005862e+00
363	4.606253e-01	4.895269e-01	2.227162e+00
364	4.728690e-01	5.270581e-01	1.723009e+00
366	5.063437e-01	5.298206e-01	1.692721e+00
367	4.808447e-01	5.027093e-01	1.154372e+00
368	4.748488e-01	5.340278e-01	1.851001e+00
369	4.764937e-01	5.235306e-01	2.418661e+00
370	4.772597e-01	5.570388e-01	1.874450e+00
371	4.993964e-01	5.424602e-01	1.591109e+00
372	4.502432e-01	5.765253e-01	2.199805e+00
373	5.076270e-01	5.693435e-01	2.208598e+00
374	4.510750e-01	4.935905e-01	1.322423e+00
375	5.151319e-01	8.064245e-01	2.361016e+00
376	5.660551e-01	4.997553e-01	1.815828e+00
377	4.739593e-01	5.156512e-01	1.328285e+00
378	4.553607e-01	5.335777e-01	1.883244e+00
379	4.352253e-01	4.136394e-01	1.599902e+00
380	5.413726e-01	7.850858e-01	2.343429e+00
381	4.533569e-01	4.798935e-01	1.835369e+00
383	6.071775e-01	6.218714e-01	1.698583e+00
384	7.587934e-01	3.851304e-01	2.761602e+00
385	3.705919e-01	2.922875e-01	1.961407e+00
386	3.638275e-01	4.678611e-01	2.449927e+00
387	4.785217e-01	5.627604e-01	2.669761e+00
388	4.385298e-01	6.208324e-01	2.597460e+00
389	4.763684e-01	5.192376e-01	2.960918e+00
390	4.838417e-01	5.485608e-01	1.655594e+00
391	4.633083e-01	4.167587e-01	2.572057e+00
392	4.618903e-01	4.805860e-01	1.234489e+00
393	4.593969e-01	5.585237e-01	1.607719e+00
394	4.689618e-01	5.165859e-01	2.643381e+00
395	5.939544e-01	6.176395e-01	1.233512e+00
397	2.640701e-01	5.961608e-01	1.083048e+00
398	5.183856e-01	1.202751e-01	2.453835e+00
399	4.559831e-01	4.481048e-01	2.169516e+00
400	4.788261e-01	5.515573e-01	1.634099e+00
401	8.441531e-01	5.362242e-01	1.314607e+00
402	4.454822e-01	4.846039e-01	2.292623e+00
403	6.228637e-01	7.140134e-01	1.759160e+00
404	5.354480e-01	4.419511e-01	2.942355e+00
405	4.302242e-01	4.034204e-01	1.358574e+00
406	4.772112e-01	4.512098e-01	1.474841e+00
407	5.582444e-01	5.675066e-01	2.850513e+00
408	6.809836e-01	6.323358e-01	2.543723e+00
409	4.448034e-01	5.329555e-01	1.170005e+00
410	4.487700e-01	4.804574e-01	2.011236e+00
411	4.257278e-01	5.864983e-01	2.982413e+00
412	7.770608e-01	2.475851e-01	1.578407e+00
413	4.394600e-01	4.031611e-01	2.904250e+00
414	4.776120e-01	5.203958e-01	2.948217e+00
415	4.634354e-01	5.173029e-01	1.856864e+00
416	4.465242e-01	4.607457e-01	1.780655e+00
417	4.599555e-01	4.881813e-01	1.223742e+00
418	4.642931e-01	4.746128e-01	2.928676e+00
419	4.764557e-01	4.835407e-01	1.055691e+00
420	4.663286e-01	5.039213e-01	2.823156e+00
421	4.714812e-01	5.156781e-01	2.886663e+00
422	4.655520e-01	5.053166e-01	1.391793e+00
423	6.317557e-01	3.665701e-01	1.467025e+00
424	4.763973e-01	5.106542e-01	1.512946e+00
425	1.691264e-01	5.597462e-01	1.960430e+00
426	1.995500e-01	5.624059e-01	2.254519e+00
427	4.814660e-01	5.885819e-01	2.899365e+00
428	5.163498e-01	5.279141e-01	1.247191e+00
429	4.755249e-01	5.152769e-01	1.802149e+00
430	4.739193e-01	5.047640e-01	1.663410e+00
431	5.317245e-01	6.971770e-01	2.556424e+00
433	4.593091e-01	5.313770e-01	2.475330e+00
434	5.002181e-01	5.450666e-01	2.923791e+00
435	5.142006e-01	6.062716e-01	2.906204e+00
437	4.631899e-01	5.242128e-01	2.476307e+00
438	3.859730e-01	5.349675e-01	2.065950e+00
439	4.791595e-01	5.217715e-01	1.983879e+00
440	3.965753e-01	4.177706e-01	1.637030e+00
441	4.101909e-01	6.077374e-01	1.338056e+00
442	4.731208e-01	4.927039e-01	2.406937e+00
443	6.366644e-01	2.590415e-01	1.422081e+00
444	4.671335e-01	5.675117e-01	2.956033e+00
445	4.831917e-01	5.106949e-01	2.601368e+00
446	7.387817e-01	5.756525e-01	1.846116e+00
447	4.779952e-01	5.490830e-01	1.264778e+00
448	4.653971e-01	4.219914e-01	1.119199e+00
449	4.965637e-01	6.166662e-01	1.956522e+00
450	5.098663e-01	8.221939e-01	2.971666e+00
451	4.741051e-01	5.189833e-01	2.149976e+00
452	3.415987e-01	5.448172e-01	1.574499e+00
453	4.723631e-01	4.086226e-01	1.775769e+00
455	4.694912e-01	4.542390e-01	2.984367e+00
456	4.727129e-01	5.140035e-01	1.577430e+00
457	4.861212e-01	4.205208e-01	2.955056e+00
458	4.999663e-01	5.237188e-01	2.865169e+00
459	4.787338e-01	7.173599e-01	1.672203e+00
461	3.972808e-01	5.698098e-01	2.513434e+00
462	4.746074e-01	5.964096e-01	1.853933e+00
463	4.985262e-01	4.787705e-01	2.858329e+00
464	4.473468e-01	3.562991e-01	1.574499e+00
465	5.120946e-01	4.602183e-01	1.432829e+00
466	4.817682e-01	5.165409e-01	1.500244e+00
467	4.638228e-01	6.004171e-01	1.323400e+00
468	4.537184e-01	5.197191e-01	2.147044e+00
469	4.551124e-01	5.432373e-01	2.698095e+00
470	4.737425e-01	5.344240e-01	1.364436e+00
471	6.170524e-01	7.802881e-01	2.076698e+00
472	4.722155e-01	5.156219e-01	2.011236e+00
473	4.766933e-01	4.047613e-01	1.215926e+00
474	4.675369e-01	5.266079e-01	2.299463e+00
475	4.212245e-01	5.516247e-01	1.683928e+00
476	4.755105e-01	5.333635e-01	2.081583e+00
477	4.845801e-01	4.686385e-01	2.350269e+00
478	4.059421e-01	4.302709e-01	2.728383e+00
479	4.952985e-01	5.590505e-01	1.194431e+00
480	5.510130e-01	5.988585e-01	2.515388e+00
481	4.487461e-01	6.167972e-01	1.865657e+00
482	4.740252e-01	7.781933e-01	1.802149e+00
483	4.920133e-01	5.676545e-01	1.367367e+00
484	4.535894e-01	6.615517e-01	1.148510e+00
485	4.386299e-01	4.088641e-01	2.427455e+00
486	5.724419e-01	4.642635e-01	2.196873e+00
487	5.592042e-01	5.115097e-01	2.386419e+00
488	4.781309e-01	5.221869e-01	1.294089e+00
489	4.568323e-01	4.199522e-01	1.687836e+00
490	4.047572e-01	4.410788e-01	1.146556e+00
491	6.002670e-01	6.103798e-01	1.597948e+00
492	4.967313e-01	5.546621e-01	2.412799e+00
493	5.472340e-01	5.931467e-01	1.227650e+00
494	4.975873e-01	5.934941e-01	2.522228e+00
495	4.534246e-01	5.067153e-01	1.437714e+00
496	4.466396e-01	4.349788e-01	1.523693e+00
497	3.770258e-01	5.041115e-01	1.221788e+00
498	5.104768e-01	5.994669e-01	1.652662e+00
499	4.733205e-01	4.778123e-01	1.269663e+00
500	4.656774e-01	5.218602e-01	2.967758e+00
501	4.673707e-01	5.125439e-01	2.546654e+00
502	4.107411e-01	1.942057e-01	1.818759e+00
503	4.927021e-01	5.727560e-01	1.919394e+00
504	4.554044e-01	5.120942e-01	2.563263e+00
505	4.943910e-01	5.960634e-01	1.451392e+00
506	3.846994e-01	4.583972e-01	1.718124e+00
507	4.766688e-01	5.035260e-01	1.207132e+00
508	4.784231e-01	5.214371e-01	1.236444e+00
509	5.507461e-01	5.482014e-01	2.622863e+00
510	6.300533e-01	4.304537e-01	2.549585e+00
511	4.762941e-01	5.056714e-01	2.966781e+00
512	4.962962e-01	3.976015e-01	2.395213e+00
513	5.162217e-01	4.515758e-01	1.534441e+00
514	4.822198e-01	6.493936e-01	1.550073e+00
515	4.709470e-01	5.229150e-01	1.610650e+00
516	3.813270e-01	4.353430e-01	1.612604e+00
517	4.961895e-01	5.109722e-01	1.086957e+00
518	4.655745e-01	5.850978e-01	2.282853e+00
519	2.324079e-01	1.371240e-01	1.573522e+00
520	4.694694e-01	4.965441e-01	2.497802e+00
521	4.833885e-01	5.170776e-01	1.752320e+00
523	4.436990e-01	5.109318e-01	1.209086e+00
524	4.764234e-01	5.272354e-01	2.755740e+00
525	4.683825e-01	5.211704e-01	1.499267e+00
526	4.491894e-01	5.036808e-01	1.014656e+00
527	7.132648e-01	6.680066e-01	2.891549e+00
528	4.704149e-01	4.956024e-01	2.478261e+00
529	5.745381e-01	6.226278e-01	1.898876e+00
530	5.000917e-01	5.232310e-01	1.188569e+00
531	5.182729e-01	4.664062e-01	2.785051e+00
532	4.663112e-01	5.198802e-01	2.945286e+00
533	4.854415e-01	5.020934e-01	2.458720e+00
534	3.495056e-01	5.332432e-01	2.673669e+00
535	4.741036e-01	5.190165e-01	1.399609e+00
536	4.590825e-01	5.180530e-01	2.604299e+00
537	4.805429e-01	5.220765e-01	1.529555e+00
538	4.760840e-01	5.233149e-01	2.823156e+00
539	4.882676e-01	4.835883e-01	2.826087e+00
540	4.651092e-01	5.443274e-01	2.844651e+00
541	4.534787e-01	5.707232e-01	2.290669e+00
542	4.591389e-01	4.789266e-01	2.570103e+00
543	4.840321e-01	5.322056e-01	2.396190e+00
544	4.383306e-01	5.121526e-01	1.318515e+00
545	4.315548e-01	6.168698e-01	2.605276e+00
546	7.118893e-01	4.811933e-01	2.683439e+00
547	2.948898e-01	5.396850e-01	1.587201e+00
548	4.095262e-01	4.193046e-01	1.375183e+00
549	5.191035e-01	5.566438e-01	2.298486e+00
550	3.987885e-01	4.999367e-01	1.285296e+00
551	4.747000e-01	5.283811e-01	2.983390e+00
552	6.413978e-01	4.157886e-01	1.195408e+00
553	4.799209e-01	5.332968e-01	2.414753e+00
554	5.137076e-01	5.025077e-01	1.843185e+00
555	5.054094e-01	5.492317e-01	2.396190e+00
556	4.822579e-01	5.265177e-01	3.000000e+00
557	4.709332e-01	5.376262e-01	2.728383e+00
559	4.811518e-01	5.485741e-01	1.944797e+00
560	3.856941e-01	4.378392e-01	2.883732e+00
561	4.847827e-01	4.992624e-01	2.383488e+00
562	4.851650e-01	4.171870e-01	2.506595e+00
563	4.604941e-01	5.451027e-01	1.786517e+00
564	5.300730e-01	5.538018e-01	2.893503e+00
565	4.630207e-01	5.100356e-01	2.981436e+00
566	4.623567e-01	5.454626e-01	2.663898e+00
567	4.831540e-01	5.324957e-01	2.227162e+00
568	4.692204e-01	5.013639e-01	1.527601e+00
569	3.838206e-01	3.825331e-01	2.610161e+00
570	8.506512e-01	2.317069e-01	1.058622e+00
571	4.806250e-01	5.357111e-01	2.782120e+00
573	4.570789e-01	5.298168e-01	2.109917e+00
574	4.683982e-01	4.857564e-01	2.074744e+00
575	4.856265e-01	5.286716e-01	2.319003e+00
576	5.107544e-01	4.952400e-01	1.290181e+00
577	4.372667e-01	6.233083e-01	1.286273e+00
578	5.393911e-01	6.038393e-01	1.881290e+00
579	4.698669e-01	4.963222e-01	1.664387e+00
580	5.888077e-01	5.347982e-01	1.242306e+00
581	4.180331e-01	4.899020e-01	1.927211e+00
582	4.700814e-01	5.197187e-01	2.820225e+00
583	4.020799e-01	4.157650e-01	2.792868e+00
584	4.955045e-01	4.412177e-01	1.201270e+00
585	4.758780e-01	4.573601e-01	1.898876e+00
586	4.756640e-01	5.169923e-01	1.782609e+00
587	4.713113e-01	4.944502e-01	1.561798e+00
588	4.736788e-01	5.151806e-01	2.282853e+00
589	4.848172e-01	5.831186e-01	2.210552e+00
590	3.791140e-01	5.322819e-01	1.020518e+00
591	4.887959e-01	5.996635e-01	1.784563e+00
592	4.805464e-01	5.177333e-01	1.275525e+00
593	4.848436e-01	5.168509e-01	1.212995e+00
594	4.705083e-01	4.608520e-01	2.964827e+00
595	4.557162e-01	4.960350e-01	2.079629e+00
596	2.309092e-01	3.042856e-01	1.187592e+00
597	4.486070e-01	4.960277e-01	1.258915e+00
598	5.110242e-01	4.891422e-01	1.999511e+00
599	4.742119e-01	5.233785e-01	1.264778e+00
600	4.762695e-01	5.346173e-01	1.110405e+00
601	5.716462e-01	8.999989e-01	1.107474e+00
602	5.442869e-01	4.917597e-01	1.070347e+00
603	4.747116e-01	5.216898e-01	2.400098e+00
604	4.304018e-01	4.720407e-01	2.871031e+00
605	4.673325e-01	5.130444e-01	2.739130e+00
606	4.679583e-01	5.560276e-01	2.061065e+00
607	6.582445e-01	5.814010e-01	1.073278e+00
608	4.708853e-01	5.056398e-01	2.799707e+00
609	5.140940e-01	6.103021e-01	2.010259e+00
610	4.971040e-01	5.560437e-01	1.700537e+00
611	4.735194e-01	5.347425e-01	1.339033e+00
612	4.632755e-01	4.525846e-01	2.227162e+00
613	7.206549e-01	1.990479e-01	2.482169e+00
614	4.512427e-01	5.293918e-01	2.958964e+00
615	4.181928e-01	4.238071e-01	1.443576e+00
616	5.892672e-01	5.625036e-01	2.381534e+00
617	4.728868e-01	5.309847e-01	1.971177e+00
618	4.803196e-01	5.232907e-01	2.960918e+00
619	2.610119e-01	2.952580e-01	1.812897e+00
620	5.623958e-01	5.424743e-01	1.170982e+00
621	5.209007e-01	6.000057e-01	1.277479e+00
622	2.805415e-01	5.622139e-01	1.176844e+00
623	5.414789e-01	5.624039e-01	1.636053e+00
624	5.317971e-01	4.171800e-01	2.336590e+00
625	4.217433e-01	5.285575e-01	1.343918e+00
626	4.913722e-01	5.073047e-01	1.905716e+00
627	4.890630e-01	4.713045e-01	1.784563e+00
628	4.674504e-01	5.246477e-01	2.063996e+00
629	4.794789e-01	5.062805e-01	2.497802e+00
630	4.591125e-01	5.781826e-01	2.870054e+00
631	5.377195e-01	4.597275e-01	1.729849e+00
632	3.329007e-01	3.643739e-01	2.290669e+00
633	4.747998e-01	5.187694e-01	2.841720e+00
634	4.763454e-01	5.220677e-01	2.195896e+00
635	4.877722e-01	4.829920e-01	1.601856e+00
636	4.815698e-01	4.545627e-01	2.449927e+00
637	5.143986e-01	5.452960e-01	1.462140e+00
638	4.754499e-01	5.178580e-01	2.041524e+00
639	4.761110e-01	5.198883e-01	2.061065e+00
640	2.347010e-01	4.031068e-01	2.130435e+00
641	4.537697e-01	6.477787e-01	2.205667e+00
642	4.784690e-01	5.319908e-01	2.184172e+00
643	3.919974e-01	5.051237e-01	2.747924e+00
644	5.378602e-01	3.887770e-01	2.909135e+00
645	4.751853e-01	5.302769e-01	2.777235e+00
646	4.716219e-01	4.592360e-01	1.295066e+00
647	4.455512e-01	5.370645e-01	1.050806e+00
648	6.250835e-01	4.138985e-01	1.191500e+00
649	4.603390e-01	5.328354e-01	1.198339e+00
650	4.476132e-01	5.172928e-01	2.656082e+00
651	4.863416e-01	4.787760e-01	1.692721e+00
652	6.645021e-01	7.022209e-01	2.330728e+00
653	4.662098e-01	4.889024e-01	1.906693e+00
654	5.004513e-01	5.267679e-01	2.192965e+00
655	5.104649e-01	4.513115e-01	1.200293e+00
656	4.774523e-01	5.079345e-01	2.361016e+00
657	4.132423e-01	3.179404e-01	2.080606e+00
658	4.853696e-01	5.267316e-01	2.017098e+00
659	4.244936e-01	4.916952e-01	2.191011e+00
660	7.663432e-01	6.495026e-01	1.667318e+00
661	3.174249e-01	3.600680e-01	2.229116e+00
662	2.736284e-01	3.829280e-01	1.188569e+00
663	4.577681e-01	5.235609e-01	2.714704e+00
664	5.000134e-01	4.677214e-01	1.979971e+00
665	4.425058e-01	4.476651e-01	2.954079e+00
666	1.972672e-01	2.859204e-01	1.803127e+00
667	4.756054e-01	5.196410e-01	1.039082e+00
668	8.139032e-01	3.474197e-01	1.893014e+00
669	4.828401e-01	5.766048e-01	1.778701e+00
670	8.330903e-01	4.609841e-01	1.807035e+00
671	4.798331e-01	5.001985e-01	1.102589e+00
672	4.886684e-01	5.113040e-01	1.879336e+00
673	4.014915e-01	5.289739e-01	1.984856e+00
674	4.760687e-01	5.182579e-01	2.238886e+00
675	4.791642e-01	5.236335e-01	2.868100e+00
676	4.722561e-01	5.123838e-01	2.748901e+00
677	4.323364e-01	7.578561e-01	1.578407e+00
678	4.775619e-01	5.697372e-01	1.621397e+00
679	4.691074e-01	5.201370e-01	2.657059e+00
680	4.771062e-01	4.706635e-01	2.404983e+00
681	5.072322e-01	5.633235e-01	2.272106e+00
682	4.438126e-01	4.757167e-01	1.463117e+00
683	4.697249e-01	5.336144e-01	2.316072e+00
684	4.741047e-01	5.389768e-01	2.334636e+00
685	4.227238e-01	6.018446e-01	1.365413e+00
686	4.147090e-01	4.040507e-01	2.105032e+00
687	5.134498e-01	5.044661e-01	1.339033e+00
688	4.810132e-01	5.014377e-01	2.932584e+00
689	4.687518e-01	5.105963e-01	2.378603e+00
690	4.657078e-01	5.071311e-01	1.833415e+00
691	3.527720e-01	5.078671e-01	1.663410e+00
692	4.903628e-01	5.414097e-01	2.251588e+00
693	5.588417e-01	3.688317e-01	1.766976e+00
694	3.250231e-01	3.757888e-01	1.575476e+00
695	5.098606e-01	4.753070e-01	2.771373e+00
696	4.694335e-01	5.247084e-01	2.787005e+00
697	4.820871e-01	5.229887e-01	1.959453e+00
698	4.514838e-01	5.094183e-01	2.187103e+00
699	4.769476e-01	5.159611e-01	2.430386e+00
700	4.911241e-01	5.438923e-01	2.679531e+00
701	4.691366e-01	4.431788e-01	2.191988e+00
702	4.394541e-01	5.646546e-01	2.945286e+00
703	4.787401e-01	5.131144e-01	2.793845e+00
704	4.849289e-01	4.736890e-01	2.132389e+00
705	3.519660e-01	3.577797e-01	1.627259e+00
706	4.655176e-01	5.218088e-01	1.623351e+00
707	4.608887e-01	5.290801e-01	2.772350e+00
708	4.681945e-01	5.141157e-01	1.552027e+00
709	3.102697e-01	5.653378e-01	1.180752e+00
710	4.838428e-01	4.975308e-01	1.632145e+00
711	2.400762e-01	1.387743e-01	1.680997e+00
712	6.425411e-01	6.166069e-01	2.828041e+00
713	6.555853e-01	4.167985e-01	1.703468e+00
714	2.871326e-01	2.847891e-01	1.471910e+00
715	4.590640e-01	5.061583e-01	2.368832e+00
716	4.752570e-01	5.009295e-01	1.961407e+00
717	4.778938e-01	5.204991e-01	1.756229e+00
718	4.900179e-01	4.987647e-01	2.987298e+00
719	4.627104e-01	5.154611e-01	2.332682e+00
720	4.784983e-01	5.020514e-01	1.097704e+00
721	5.141707e-01	6.856475e-01	1.954568e+00
722	4.688752e-01	5.193911e-01	1.704446e+00
723	4.756440e-01	5.181923e-01	1.853933e+00
724	4.510616e-01	5.425992e-01	2.829995e+00
725	5.076747e-01	4.472273e-01	2.232047e+00
726	4.766985e-01	5.736822e-01	2.587689e+00
727	4.471064e-01	5.022288e-01	2.698095e+00
729	4.873198e-01	5.535993e-01	1.212995e+00
730	5.651851e-01	4.457327e-01	1.502198e+00
731	4.724292e-01	5.162442e-01	2.614069e+00
732	4.757098e-01	4.288427e-01	2.880801e+00
733	4.681286e-01	5.466521e-01	1.956522e+00
734	4.278143e-01	4.126957e-01	2.745970e+00
735	7.489386e-01	4.259820e-01	1.179775e+00
736	4.584767e-01	4.603407e-01	1.935027e+00
737	4.925346e-01	5.108863e-01	1.975085e+00
738	4.711111e-01	4.409050e-01	1.067416e+00
739	5.397406e-01	5.488470e-01	2.024915e+00
740	4.956014e-01	6.305742e-01	2.810454e+00
741	4.589872e-01	4.629054e-01	2.428432e+00
742	5.200099e-01	5.336276e-01	1.957499e+00
743	4.744372e-01	4.062950e-01	2.306302e+00
744	4.709321e-01	5.331433e-01	2.557401e+00
745	4.779965e-01	4.782590e-01	1.243283e+00
746	4.850086e-01	5.607216e-01	2.429409e+00
747	4.768959e-01	5.486704e-01	2.523205e+00
748	5.401521e-01	7.203825e-01	2.842697e+00
749	4.766919e-01	5.166012e-01	2.247680e+00
750	4.863849e-01	5.673216e-01	2.000489e+00
751	4.784502e-01	5.535149e-01	2.446019e+00
752	4.728394e-01	5.208966e-01	2.360039e+00
753	6.288043e-01	5.559351e-01	2.567171e+00
754	4.687843e-01	5.103934e-01	2.415730e+00
755	5.057215e-01	5.295673e-01	1.989741e+00
756	4.651784e-01	5.129053e-01	2.908158e+00
757	4.858660e-01	7.209603e-01	2.731314e+00
758	4.741646e-01	5.228303e-01	2.544700e+00
759	4.762793e-01	5.193356e-01	2.890572e+00
760	4.774247e-01	5.205136e-01	1.654617e+00
761	4.708052e-01	5.245531e-01	1.008793e+00
762	5.074724e-01	5.892096e-01	1.260870e+00
763	5.225504e-01	3.987842e-01	1.347826e+00
764	4.710622e-01	5.114969e-01	1.325354e+00
765	4.704352e-01	5.242033e-01	1.420127e+00
766	4.647538e-01	3.590481e-01	2.845628e+00
767	4.830220e-01	5.304411e-01	1.853933e+00
768	4.769754e-01	5.209575e-01	1.303859e+00
769	4.661088e-01	3.713147e-01	1.294089e+00
770	5.421606e-01	3.743396e-01	1.675134e+00
771	4.624256e-01	5.588399e-01	2.417684e+00
772	4.684721e-01	4.411425e-01	2.053249e+00
773	4.823309e-01	5.176913e-01	1.276502e+00
774	3.361345e-01	5.834662e-01	2.779189e+00
775	1.155821e-01	3.807550e-01	1.984856e+00
776	7.152517e-01	6.568110e-01	2.295554e+00
777	4.706837e-01	5.136810e-01	1.652662e+00
778	4.762956e-01	5.241583e-01	2.464582e+00
779	4.780630e-01	5.166750e-01	1.763068e+00
780	4.487939e-01	4.993456e-01	2.026869e+00
781	4.688743e-01	4.384572e-01	1.160234e+00
782	4.085233e-01	6.844612e-01	2.302394e+00
783	4.870366e-01	5.448347e-01	1.384954e+00
784	4.388610e-01	4.360787e-01	2.598437e+00
785	4.512080e-01	5.476380e-01	2.130435e+00
786	4.576442e-01	4.948667e-01	1.690767e+00
787	5.066119e-01	5.099870e-01	1.940889e+00
788	4.768281e-01	5.311778e-01	2.099170e+00
