770
0	2.005025e-02	2.650711e-01	1.398632e+00
1	4.990237e-01	5.110859e-01	1.108451e+00
2	4.389628e-01	4.174076e-01	2.925745e+00
3	4.827937e-01	5.268947e-01	2.732291e+00
4	5.032467e-01	7.572286e-01	1.257938e+00
5	5.496710e-01	5.709936e-01	2.424524e+00
6	8.001882e-01	9.585884e-01	1.383000e+00
7	4.677867e-01	5.332883e-01	2.705911e+00
8	4.826248e-01	5.355179e-01	2.442110e+00
9	4.665876e-01	5.067720e-01	2.233024e+00
10	4.324808e-01	3.871341e-01	2.376649e+00
11	4.734875e-01	5.229937e-01	1.556913e+00
12	4.506147e-01	4.520317e-01	2.950171e+00
13	5.199290e-01	5.271929e-01	1.066439e+00
14	4.638405e-01	5.050002e-01	1.626282e+00
15	2.216444e-01	5.108646e-01	1.306790e+00
16	4.665631e-01	5.035211e-01	2.902296e+00
17	3.713746e-01	4.995338e-01	1.195408e+00
18	4.286623e-01	4.916777e-01	1.785540e+00
19	4.941661e-01	5.535449e-01	1.248168e+00
20	4.358111e-01	5.339862e-01	1.863703e+00
21	5.468899e-01	5.901125e-01	2.671715e+00
22	4.642166e-01	5.026717e-01	2.487054e+00
23	3.098144e-01	3.321969e-01	1.946751e+00
24	4.893484e-01	3.366069e-01	1.303859e+00
25	6.398408e-01	6.156846e-01	2.152907e+00
26	4.876376e-01	5.001114e-01	1.388862e+00
27	4.616001e-01	4.963321e-01	1.591109e+00
28	4.751793e-01	5.254381e-01	2.205667e+00
29	4.801042e-01	5.218244e-01	2.181241e+00
30	5.971415e-01	4.344154e-01	1.475818e+00
31	5.012407e-01	4.148469e-01	2.309233e+00
32	4.748083e-01	5.329710e-01	2.073766e+00
33	2.394396e-01	2.436742e-01	2.331705e+00
34	4.413629e-01	4.915675e-01	1.126038e+00
35	5.089257e-01	4.003337e-01	2.235955e+00
36	5.149168e-01	6.630719e-01	2.805569e+00
37	4.720350e-01	6.143052e-01	2.555447e+00
38	4.503349e-01	4.759112e-01	2.559355e+00
39	4.777888e-01	5.162639e-01	1.895945e+00
40	4.500240e-01	5.053869e-01	1.282364e+00
41	5.689427e-01	6.376417e-01	2.750855e+00
42	4.669126e-01	5.086793e-01	2.412799e+00
43	4.764877e-01	5.093745e-01	2.557401e+00
44	3.498283e-01	4.137004e-01	1.648754e+00
45	4.746737e-01	4.164898e-01	1.721055e+00
46	4.237509e-01	3.952141e-01	2.588666e+00
47	4.794553e-01	4.936659e-01	1.525647e+00
48	4.606609e-01	4.990056e-01	2.751832e+00
49	3.523782e-01	3.403167e-01	2.625794e+00
50	4.409442e-01	4.153447e-01	1.663410e+00
51	4.717142e-01	5.106092e-01	2.560332e+00
52	4.444663e-01	4.981988e-01	1.696629e+00
53	4.486640e-01	5.217982e-01	1.506106e+00
54	4.591793e-01	4.967714e-01	2.675623e+00
55	4.307367e-01	4.223755e-01	2.497802e+00
56	3.955894e-01	4.001494e-01	1.031265e+00
57	5.226993e-01	5.454294e-01	2.361993e+00
58	4.649250e-01	4.240136e-01	1.866634e+00
60	3.990061e-01	1.821584e-01	1.503175e+00
61	4.501470e-01	5.371425e-01	2.449927e+00
62	4.612751e-01	4.887813e-01	2.831949e+00
63	4.815008e-01	5.075182e-01	2.317049e+00
64	5.057565e-01	5.347527e-01	2.353200e+00
65	4.660537e-01	5.023606e-01	2.575965e+00
66	4.094442e-01	5.262165e-01	2.922814e+00
67	5.484568e-01	6.163926e-01	2.289692e+00
68	4.670615e-01	5.186850e-01	2.766488e+00
69	4.514500e-01	5.016233e-01	1.522716e+00
70	5.253407e-01	4.302858e-01	2.769419e+00
71	4.904356e-01	5.256700e-01	1.110405e+00
72	4.284485e-01	4.796000e-01	1.412311e+00
73	4.763193e-01	3.349133e-01	1.951637e+00
74	6.364915e-01	5.561745e-01	1.449438e+00
75	5.366333e-01	3.126338e-01	2.176356e+00
76	4.665236e-01	5.363833e-01	1.212995e+00
77	4.433797e-01	5.329226e-01	1.872496e+00
78	4.417709e-01	4.817034e-01	1.606742e+00
79	3.738439e-01	4.387154e-01	1.183683e+00
80	4.698045e-01	5.527491e-01	2.736199e+00
81	4.639714e-01	5.034780e-01	1.617489e+00
82	4.353373e-01	4.323042e-01	2.456766e+00
83	6.034233e-01	6.040629e-01	1.406448e+00
84	4.913843e-01	4.093471e-01	2.453835e+00
85	4.634352e-01	5.092861e-01	2.712750e+00
86	4.650013e-01	5.073484e-01	2.877870e+00
87	6.649196e-01	6.637711e-01	1.533464e+00
88	3.270218e-01	3.986401e-01	2.169516e+00
89	4.631206e-01	4.584060e-01	2.483146e+00
90	5.186776e-01	5.526021e-01	1.538349e+00
91	4.517977e-01	5.041858e-01	1.117245e+00
92	4.516271e-01	4.997860e-01	2.709819e+00
93	4.618157e-01	5.106264e-01	2.929653e+00
94	3.305503e-01	4.200639e-01	2.125550e+00
95	6.965506e-01	5.674053e-01	2.148999e+00
96	4.922488e-01	5.008235e-01	1.206155e+00
98	4.654665e-01	5.012949e-01	1.997557e+00
99	4.719078e-01	4.995325e-01	1.753298e+00
100	4.429609e-01	4.965890e-01	1.491451e+00
101	4.640226e-01	5.036220e-01	2.381534e+00
102	4.261287e-01	4.799379e-01	1.837323e+00
103	4.264993e-01	5.154636e-01	2.723498e+00
104	5.557306e-01	7.617951e-01	1.216903e+00
105	4.296707e-01	4.861444e-01	1.385931e+00
107	4.309623e-01	5.033689e-01	1.887152e+00
108	3.905045e-01	4.274300e-01	1.869565e+00
109	4.332692e-01	5.389157e-01	2.657059e+00
110	4.290457e-01	4.209049e-01	1.905716e+00
111	4.668572e-01	4.683158e-01	2.319980e+00
113	3.664427e-01	8.129006e-01	1.155349e+00
114	4.357116e-01	4.829183e-01	1.261847e+00
115	3.501703e-01	3.745661e-01	1.308745e+00
116	4.553619e-01	7.371731e-01	1.148510e+00
117	4.844097e-01	5.370154e-01	1.865657e+00
118	4.217475e-01	4.635111e-01	2.988276e+00
119	3.905289e-01	4.691242e-01	1.479726e+00
120	4.923175e-01	5.527317e-01	2.095261e+00
121	4.636498e-01	4.385798e-01	2.442110e+00
122	2.936015e-01	4.269187e-01	1.070347e+00
123	4.208819e-01	4.457569e-01	1.417196e+00
124	4.686684e-01	5.090978e-01	2.817294e+00
126	4.830441e-01	5.034269e-01	2.738153e+00
127	4.465174e-01	3.608157e-01	2.338544e+00
128	4.924035e-01	8.291134e-01	1.282364e+00
129	4.635159e-01	4.868761e-01	2.676600e+00
130	4.985172e-01	8.154679e-01	2.443087e+00
132	4.786087e-01	5.259930e-01	1.220811e+00
133	5.823822e-01	2.422365e-01	2.407914e+00
134	4.490476e-01	4.152675e-01	2.277968e+00
135	4.574197e-01	5.253674e-01	2.409868e+00
136	4.437130e-01	4.898581e-01	2.083537e+00
137	4.100387e-01	4.790387e-01	2.286761e+00
138	6.574376e-01	1.330479e-01	1.194431e+00
139	4.506215e-01	5.080866e-01	2.818271e+00
140	5.966149e-01	5.212458e-01	2.827064e+00
141	4.538221e-01	5.161160e-01	1.684905e+00
142	4.797330e-01	5.015481e-01	1.999511e+00
143	4.725068e-01	5.213082e-01	1.956522e+00
144	4.036050e-01	5.100480e-01	2.323889e+00
145	5.273022e-01	5.240567e-01	2.501710e+00
146	5.980845e-01	4.499460e-01	2.395213e+00
147	5.639662e-01	6.005105e-01	2.719590e+00
148	4.665797e-01	5.051353e-01	2.937469e+00
149	4.488328e-01	4.470008e-01	2.803615e+00
150	3.458820e-01	3.700126e-01	1.794333e+00
151	4.726045e-01	4.839694e-01	2.611138e+00
152	4.601696e-01	4.809598e-01	1.724963e+00
153	4.607577e-01	4.644133e-01	1.983879e+00
154	4.674929e-01	5.087944e-01	2.181241e+00
155	4.472832e-01	4.096989e-01	1.295066e+00
156	4.211202e-01	4.609076e-01	1.970200e+00
157	4.909099e-01	4.995791e-01	2.387396e+00
158	3.374096e-01	5.994073e-01	2.386419e+00
159	6.175818e-01	5.134302e-01	2.647289e+00
160	4.735952e-01	5.038441e-01	1.686859e+00
161	4.489004e-01	4.846204e-01	1.553981e+00
162	4.969173e-01	5.748734e-01	1.764045e+00
163	7.197445e-01	6.195667e-01	1.632145e+00
164	4.672425e-01	5.063662e-01	1.235467e+00
165	4.609205e-01	4.956229e-01	2.251588e+00
166	4.283170e-01	4.918796e-01	1.751343e+00
167	4.614144e-01	6.114883e-01	1.715193e+00
168	4.626941e-01	5.013433e-01	2.109917e+00
169	4.650015e-01	4.715605e-01	2.137274e+00
170	3.511950e-01	5.073610e-01	2.099170e+00
171	4.510165e-01	4.394019e-01	2.057157e+00
172	4.853610e-01	4.184989e-01	2.246702e+00
173	4.693184e-01	4.953396e-01	1.894968e+00
174	4.624304e-01	6.194293e-01	2.453835e+00
175	4.710036e-01	5.019802e-01	2.834880e+00
176	5.548695e-01	5.157500e-01	2.215437e+00
177	4.801359e-01	5.261276e-01	2.153884e+00
178	4.598234e-01	5.084157e-01	2.475330e+00
179	5.324659e-01	5.912556e-01	1.274548e+00
180	4.605558e-01	5.025093e-01	2.127504e+00
181	4.413964e-01	4.949637e-01	1.790425e+00
182	6.259772e-01	7.527165e-01	1.736688e+00
183	3.952992e-01	6.171295e-01	1.692721e+00
184	3.953486e-01	3.774628e-01	2.042501e+00
185	3.796102e-01	6.260649e-01	1.468979e+00
186	4.952307e-01	4.889044e-01	1.784563e+00
188	4.143806e-01	4.611359e-01	1.839277e+00
189	4.553203e-01	5.055755e-01	1.175867e+00
190	3.917729e-01	4.952649e-01	2.807523e+00
191	2.097933e-01	5.434330e-01	2.811431e+00
192	5.006312e-01	4.922682e-01	1.192477e+00
193	5.922633e-01	2.838032e-01	1.620420e+00
194	3.842692e-01	4.687800e-01	2.624817e+00
195	4.584366e-01	5.033660e-01	2.806546e+00
196	4.159509e-01	4.011391e-01	1.763068e+00
197	2.856564e-01	3.677466e-01	2.060088e+00
198	7.754136e-01	4.564442e-01	2.458720e+00
199	4.213910e-01	4.528704e-01	2.463605e+00
200	4.526271e-01	1.725874e-01	1.141671e+00
201	4.662639e-01	5.131310e-01	1.146556e+00
202	5.279636e-01	5.605197e-01	1.395701e+00
203	4.312616e-01	5.489785e-01	1.755252e+00
204	5.035527e-01	5.376922e-01	2.901319e+00
205	3.826340e-01	4.502169e-01	2.123596e+00
206	5.653605e-01	5.906153e-01	1.652662e+00
207	4.673477e-01	5.023298e-01	1.199316e+00
208	5.153785e-01	5.610633e-01	2.170493e+00
209	2.389122e-01	4.506058e-01	2.733268e+00
210	5.048432e-01	5.139857e-01	1.545188e+00
211	4.675681e-01	5.308898e-01	1.376160e+00
212	4.728323e-01	4.991760e-01	1.621397e+00
213	4.632171e-01	5.161913e-01	1.883244e+00
214	4.449735e-01	4.872915e-01	1.612604e+00
215	4.437030e-01	5.083125e-01	2.909135e+00
216	4.820395e-01	5.235976e-01	1.354665e+00
217	4.645050e-01	4.948937e-01	2.770396e+00
218	3.997916e-01	5.823463e-01	2.148999e+00
219	4.507444e-01	5.121606e-01	2.624817e+00
220	4.397486e-01	4.507937e-01	2.697118e+00
221	4.811222e-01	5.339097e-01	1.938935e+00
222	7.568298e-01	5.013671e-01	1.854910e+00
223	4.778339e-01	3.516860e-01	2.625794e+00
224	5.289654e-01	8.006328e-01	2.984367e+00
225	3.996241e-01	4.153056e-01	2.693210e+00
226	4.583052e-01	4.914766e-01	2.276014e+00
227	4.552612e-01	5.314472e-01	1.245237e+00
228	4.686539e-01	4.983015e-01	1.489497e+00
229	4.749590e-01	5.013017e-01	2.305325e+00
230	4.709477e-01	5.081726e-01	2.689301e+00
231	5.253651e-01	5.506057e-01	1.346849e+00
232	4.779077e-01	5.152443e-01	2.447973e+00
233	4.405795e-01	5.181835e-01	1.591109e+00
234	3.649425e-01	3.871951e-01	1.931119e+00
235	4.892402e-01	5.233634e-01	2.687347e+00
236	4.672141e-01	5.050111e-01	2.787982e+00
237	4.775031e-01	5.169989e-01	1.510015e+00
238	4.684906e-01	5.174463e-01	2.193942e+00
239	4.561551e-01	4.962140e-01	2.918906e+00
240	5.073926e-01	5.532165e-01	1.734734e+00
241	4.555880e-01	5.840797e-01	1.119199e+00
242	3.718401e-01	4.142043e-01	1.631168e+00
243	5.116123e-01	5.344190e-01	1.258915e+00
244	4.658021e-01	4.587172e-01	2.458720e+00
245	4.377827e-01	4.311125e-01	2.134343e+00
246	4.606769e-01	5.059654e-01	2.662921e+00
247	4.857142e-01	5.310896e-01	2.924768e+00
248	4.603411e-01	5.306748e-01	2.983390e+00
250	7.856788e-01	9.579608e-01	2.763556e+00
251	7.296011e-01	8.702084e-01	2.374695e+00
252	4.291601e-01	5.535387e-01	1.703468e+00
253	4.849465e-01	4.905827e-01	1.246214e+00
254	5.314658e-01	6.902122e-01	2.925745e+00
255	4.791800e-01	5.323627e-01	1.857841e+00
256	4.873855e-01	5.223967e-01	2.601368e+00
257	4.490504e-01	4.806701e-01	2.413776e+00
258	4.395617e-01	5.373596e-01	2.569126e+00
259	4.882928e-01	6.025260e-01	1.865657e+00
260	4.684140e-01	5.030293e-01	2.574988e+00
261	4.393203e-01	4.938000e-01	1.598925e+00
262	4.593650e-01	4.760678e-01	2.264289e+00
263	4.251818e-01	4.838679e-01	1.176844e+00
264	3.277511e-01	4.019945e-01	1.061553e+00
265	4.786344e-01	5.206969e-01	2.526136e+00
266	4.794963e-01	5.163104e-01	1.928188e+00
267	4.302196e-01	5.461355e-01	2.006351e+00
268	4.456984e-01	4.672352e-01	1.041036e+00
269	5.555358e-01	5.852191e-01	1.793356e+00
270	3.462449e-01	3.897298e-01	1.860772e+00
271	5.493504e-01	5.107912e-01	1.389839e+00
272	4.726255e-01	5.210868e-01	1.052760e+00
273	4.036777e-01	4.142908e-01	1.156326e+00
274	2.879062e-01	3.407050e-01	1.981925e+00
275	5.410338e-01	7.878660e-01	2.256473e+00
276	4.822589e-01	5.487591e-01	2.368832e+00
277	4.372318e-01	5.255283e-01	2.024915e+00
279	5.095789e-01	5.539182e-01	1.348803e+00
280	5.596224e-01	5.583077e-01	2.472399e+00
281	5.123902e-01	5.963422e-01	2.288715e+00
282	5.232794e-01	5.647613e-01	2.745970e+00
283	5.410455e-01	5.392827e-01	2.490962e+00
284	2.150530e-01	3.897527e-01	2.515388e+00
285	4.981964e-01	7.110218e-01	1.545188e+00
286	4.731134e-01	4.954601e-01	2.662921e+00
287	4.653778e-01	5.038240e-01	2.264289e+00
288	4.122607e-01	4.625061e-01	2.905227e+00
289	3.980119e-01	3.648951e-01	1.058622e+00
290	3.840288e-01	5.358552e-01	2.152907e+00
291	7.743063e-01	9.273048e-01	2.784074e+00
292	4.513666e-01	5.073775e-01	2.445042e+00
293	7.176486e-01	9.323504e-01	2.852467e+00
294	4.541111e-01	5.039328e-01	2.070835e+00
295	5.252447e-01	4.524022e-01	1.406448e+00
296	2.857993e-01	1.602113e-01	1.751343e+00
297	5.252227e-01	4.474377e-01	2.077675e+00
298	3.564836e-01	5.249127e-01	1.601856e+00
299	4.836123e-01	5.308299e-01	2.048363e+00
300	5.377594e-01	5.620905e-01	2.781143e+00
301	4.681568e-01	5.027445e-01	2.779189e+00
302	5.118444e-01	5.550790e-01	2.617978e+00
303	4.411945e-01	3.399503e-01	1.698583e+00
304	5.361755e-01	5.969130e-01	1.948705e+00
305	4.513780e-01	4.885041e-01	1.416219e+00
306	5.921502e-01	3.662984e-01	1.745481e+00
307	4.809432e-01	5.172948e-01	2.291646e+00
308	6.815566e-01	9.021205e-01	1.868588e+00
309	5.291539e-01	5.168136e-01	2.511480e+00
310	4.870693e-01	5.375198e-01	2.596483e+00
311	4.798352e-01	5.013636e-01	2.855398e+00
312	5.215337e-01	5.605297e-01	1.312653e+00
313	4.472192e-01	4.745338e-01	1.787494e+00
314	4.597922e-01	4.988053e-01	2.252565e+00
315	5.429094e-01	5.612522e-01	1.978017e+00
316	4.888905e-01	6.242802e-01	2.965804e+00
317	4.832586e-01	5.190735e-01	2.221299e+00
318	4.014900e-01	6.093576e-01	1.701514e+00
319	5.207029e-01	6.070780e-01	1.135809e+00
320	4.535155e-01	5.491502e-01	2.997069e+00
322	6.120016e-01	5.275533e-01	2.362970e+00
323	4.413975e-01	4.951734e-01	2.553493e+00
324	4.875642e-01	5.004999e-01	1.347826e+00
325	5.115414e-01	8.693971e-01	2.896434e+00
326	4.649612e-01	5.060466e-01	1.857841e+00
327	4.754666e-01	4.713204e-01	1.669272e+00
328	4.649558e-01	5.238861e-01	1.726917e+00
329	5.046833e-01	5.711263e-01	2.604299e+00
330	4.927328e-01	5.649811e-01	2.089399e+00
331	4.275928e-01	5.565205e-01	1.552027e+00
332	4.744869e-01	5.312419e-01	1.769907e+00
333	4.455679e-01	4.850293e-01	1.382022e+00
334	5.285528e-01	7.119840e-01	2.510503e+00
335	5.140537e-01	4.810465e-01	1.640938e+00
336	4.848120e-01	5.072046e-01	2.933561e+00
337	3.892497e-01	4.557898e-01	1.033219e+00
338	4.346955e-01	4.503501e-01	1.408403e+00
339	4.570161e-01	4.995004e-01	2.767465e+00
340	4.711998e-01	4.983838e-01	1.526624e+00
341	4.435308e-01	4.608143e-01	1.456277e+00
342	4.646636e-01	5.282875e-01	1.054714e+00
343	5.199063e-01	5.156893e-01	2.601368e+00
344	5.017832e-01	8.765109e-01	2.193942e+00
346	4.961979e-01	5.516649e-01	1.564729e+00
347	4.811576e-01	5.009200e-01	1.679043e+00
348	2.802606e-01	6.289600e-01	2.034685e+00
349	4.673535e-01	4.881564e-01	2.564240e+00
350	6.190351e-01	5.922698e-01	2.311187e+00
351	6.841653e-01	6.097660e-01	1.297997e+00
352	4.565284e-01	4.967416e-01	2.873962e+00
353	5.407637e-01	5.364455e-01	2.202736e+00
354	4.646754e-01	5.046143e-01	2.653151e+00
355	6.958317e-01	5.610472e-01	2.461651e+00
356	4.470427e-01	4.916734e-01	1.679043e+00
357	4.248264e-01	4.816740e-01	2.991207e+00
358	5.306131e-01	6.521857e-01	2.857352e+00
359	4.230943e-01	4.697019e-01	1.913532e+00
360	4.818844e-01	5.258067e-01	1.216903e+00
361	7.149218e-01	6.557946e-01	1.214949e+00
362	4.160480e-01	5.123908e-01	1.005862e+00
363	4.680028e-01	5.159849e-01	2.227162e+00
364	4.731477e-01	5.231579e-01	1.723009e+00
366	4.704327e-01	4.923937e-01	1.692721e+00
367	4.472483e-01	5.108792e-01	1.154372e+00
368	4.526614e-01	4.927478e-01	1.851001e+00
369	4.693314e-01	5.026350e-01	2.418661e+00
370	4.201647e-01	5.108992e-01	1.874450e+00
371	4.398566e-01	5.248235e-01	1.591109e+00
372	4.687329e-01	5.546984e-01	2.199805e+00
373	3.291034e-01	4.090642e-01	2.208598e+00
374	4.453180e-01	3.931406e-01	1.322423e+00
375	5.388731e-01	6.022322e-01	2.361016e+00
376	3.951615e-01	5.932216e-01	1.815828e+00
377	4.670049e-01	5.049243e-01	1.328285e+00
378	4.672324e-01	5.200424e-01	1.883244e+00
379	4.463900e-01	3.713069e-01	1.599902e+00
380	2.176641e-01	2.272155e-01	2.343429e+00
381	4.754076e-01	5.281728e-01	1.835369e+00
383	2.523402e-01	4.711042e-01	1.698583e+00
384	6.140647e-01	7.226582e-01	2.761602e+00
385	4.327088e-01	7.898275e-01	1.961407e+00
386	5.444093e-01	6.081417e-01	2.449927e+00
387	4.371826e-01	4.606275e-01	2.669761e+00
388	5.800633e-01	4.793496e-01	2.597460e+00
389	4.758617e-01	5.222364e-01	2.960918e+00
390	4.474446e-01	4.939955e-01	1.655594e+00
391	5.220900e-01	5.704361e-01	2.572057e+00
392	4.862290e-01	5.374407e-01	1.234489e+00
393	4.466821e-01	4.976901e-01	1.607719e+00
394	4.639413e-01	5.093032e-01	2.643381e+00
395	5.711211e-01	4.986851e-01	1.233512e+00
397	4.383950e-01	6.660635e-01	1.083048e+00
398	6.636106e-01	8.497299e-01	2.453835e+00
399	5.200611e-01	4.327591e-01	2.169516e+00
400	4.000775e-01	4.531453e-01	1.634099e+00
401	4.947945e-01	5.194016e-01	1.314607e+00
402	4.306814e-01	4.874274e-01	2.292623e+00
403	5.729130e-01	6.330954e-01	1.759160e+00
404	4.590486e-01	5.390130e-01	2.942355e+00
405	3.959981e-01	4.053430e-01	1.358574e+00
406	4.684843e-01	5.093161e-01	1.474841e+00
407	4.954399e-01	2.843997e-01	2.850513e+00
408	3.931295e-01	5.415360e-01	2.543723e+00
409	4.523236e-01	5.130348e-01	1.170005e+00
410	4.338462e-01	4.107237e-01	2.011236e+00
411	4.372391e-01	4.475505e-01	2.982413e+00
412	4.307015e-01	5.619812e-01	1.578407e+00
413	5.581824e-01	6.242788e-01	2.904250e+00
414	4.629491e-01	4.991384e-01	2.948217e+00
415	4.603179e-01	5.061374e-01	1.856864e+00
416	4.374000e-01	4.747945e-01	1.780655e+00
417	4.565956e-01	5.515711e-01	1.223742e+00
418	4.854199e-01	5.341311e-01	2.928676e+00
419	4.638765e-01	5.306490e-01	1.055691e+00
420	4.775976e-01	4.877296e-01	2.823156e+00
421	4.693156e-01	5.024154e-01	2.886663e+00
422	4.636424e-01	5.198766e-01	1.391793e+00
423	5.874435e-01	6.157693e-01	1.467025e+00
424	4.886103e-01	5.184324e-01	1.512946e+00
425	4.650588e-01	8.539120e-01	1.960430e+00
426	4.806503e-01	8.576850e-01	2.254519e+00
427	5.269453e-01	6.650828e-01	2.899365e+00
428	4.471067e-01	5.310675e-01	1.247191e+00
429	4.807986e-01	5.243994e-01	1.802149e+00
430	4.517386e-01	5.029450e-01	1.663410e+00
431	5.740121e-01	5.903857e-01	2.556424e+00
432	4.189932e-01	4.180799e-01	2.947240e+00
433	4.717348e-01	5.001837e-01	2.475330e+00
434	4.589469e-01	5.545800e-01	2.923791e+00
435	4.195536e-01	4.556815e-01	2.906204e+00
436	5.114755e-01	4.747431e-02	2.668784e+00
437	5.125799e-01	5.487316e-01	2.476307e+00
438	5.848062e-01	4.607134e-01	2.065950e+00
439	4.652980e-01	5.070308e-01	1.983879e+00
440	3.709541e-01	4.052395e-01	1.637030e+00
441	6.729229e-01	5.641472e-01	1.338056e+00
442	3.487301e-01	4.839971e-01	2.406937e+00
443	7.210292e-01	4.280530e-01	1.422081e+00
444	5.144877e-01	5.899903e-01	2.956033e+00
445	4.757372e-01	5.024812e-01	2.601368e+00
446	4.587786e-01	4.275237e-01	1.846116e+00
447	4.443456e-01	4.861382e-01	1.264778e+00
448	3.973325e-01	4.197912e-01	1.119199e+00
449	4.906392e-01	5.682126e-01	1.956522e+00
450	5.130177e-01	3.884245e-01	2.971666e+00
451	4.702798e-01	5.052496e-01	2.149976e+00
452	4.982588e-01	5.328749e-01	1.574499e+00
453	6.724028e-01	7.011899e-01	1.775769e+00
455	4.259437e-01	4.608777e-01	2.984367e+00
456	5.025604e-01	5.386495e-01	1.577430e+00
457	4.191399e-01	4.343459e-01	2.955056e+00
458	4.472863e-01	5.082115e-01	2.865169e+00
459	4.231963e-01	4.437035e-01	1.672203e+00
461	2.925561e-01	4.620324e-01	2.513434e+00
462	4.384621e-01	4.914054e-01	1.853933e+00
463	5.241095e-01	5.341746e-01	2.858329e+00
464	4.825756e-01	6.467634e-01	1.574499e+00
465	4.927557e-01	4.716319e-01	1.432829e+00
466	4.727696e-01	4.958543e-01	1.500244e+00
467	4.364524e-01	3.332073e-01	1.323400e+00
468	4.794555e-01	4.949461e-01	2.147044e+00
469	4.787506e-01	5.231455e-01	2.698095e+00
470	4.587073e-01	4.767682e-01	1.364436e+00
471	5.096119e-01	7.309807e-01	2.076698e+00
472	4.698210e-01	5.065737e-01	2.011236e+00
473	4.920310e-01	6.283296e-01	1.215926e+00
474	4.696249e-01	5.151265e-01	2.299463e+00
475	4.998300e-01	4.416678e-01	1.683928e+00
476	4.721652e-01	5.070897e-01	2.081583e+00
477	4.835148e-01	5.680530e-01	2.350269e+00
478	2.925845e-01	4.615976e-01	2.728383e+00
479	4.016072e-01	3.368961e-01	1.194431e+00
480	5.509734e-01	5.395032e-01	2.515388e+00
481	6.478180e-01	6.998154e-01	1.865657e+00
482	3.596458e-01	4.082029e-01	1.802149e+00
483	4.045574e-01	4.679717e-01	1.367367e+00
484	5.210645e-01	5.598854e-01	1.148510e+00
485	3.889309e-01	4.235782e-01	2.427455e+00
486	5.866550e-01	5.111751e-01	2.196873e+00
487	5.393030e-01	5.482316e-01	2.386419e+00
488	4.759543e-01	5.229033e-01	1.294089e+00
489	5.187943e-01	6.068221e-01	1.687836e+00
490	4.844164e-01	4.520562e-01	1.146556e+00
491	7.293451e-01	4.109134e-01	1.597948e+00
492	4.452821e-01	5.374867e-01	2.412799e+00
493	3.454464e-01	4.076455e-01	1.227650e+00
494	4.773948e-01	6.405026e-01	2.522228e+00
495	4.122031e-01	4.803228e-01	1.437714e+00
496	5.140881e-01	5.482222e-01	1.523693e+00
497	5.905281e-01	5.083886e-01	1.221788e+00
498	4.622388e-01	5.082272e-01	1.652662e+00
499	4.137477e-01	4.522594e-01	1.269663e+00
500	4.614156e-01	5.008968e-01	2.967758e+00
501	4.732611e-01	4.992656e-01	2.546654e+00
502	3.702469e-01	7.386113e-01	1.818759e+00
503	4.047593e-01	4.738294e-01	1.919394e+00
504	4.577531e-01	5.133614e-01	2.563263e+00
505	4.097910e-01	4.424112e-01	1.451392e+00
506	4.334876e-01	5.467932e-01	1.718124e+00
507	4.849102e-01	5.181306e-01	1.207132e+00
508	4.749703e-01	5.152550e-01	1.236444e+00
509	4.914533e-01	5.688094e-01	2.622863e+00
510	4.294851e-01	3.454054e-01	2.549585e+00
511	4.723398e-01	5.094056e-01	2.966781e+00
512	4.351069e-01	4.667544e-01	2.395213e+00
513	4.955203e-01	4.792318e-01	1.534441e+00
514	5.163500e-01	6.068971e-01	1.550073e+00
515	4.212456e-01	4.445357e-01	1.610650e+00
516	5.661767e-01	4.488885e-01	1.612604e+00
517	4.530576e-01	5.152352e-01	1.086957e+00
518	4.013616e-01	5.814672e-01	2.282853e+00
519	4.864606e-01	9.019694e-01	1.573522e+00
520	4.485704e-01	5.038395e-01	2.497802e+00
521	4.729399e-01	4.996725e-01	1.752320e+00
523	4.486358e-01	5.185156e-01	1.209086e+00
524	5.682083e-01	6.162349e-01	2.755740e+00
525	5.933929e-01	4.337638e-01	1.499267e+00
526	4.711105e-01	4.882732e-01	1.014656e+00
527	3.935336e-01	1.863707e-01	2.891549e+00
528	4.500575e-01	4.934693e-01	2.478261e+00
529	5.420162e-01	6.074023e-01	1.898876e+00
530	4.935266e-01	5.028707e-01	1.188569e+00
531	4.735366e-01	4.971615e-01	2.785051e+00
532	4.595229e-01	5.049468e-01	2.945286e+00
533	5.586788e-01	6.046151e-01	2.458720e+00
534	4.154820e-01	6.350589e-01	2.673669e+00
535	4.593123e-01	5.287664e-01	1.399609e+00
536	5.115735e-01	5.535364e-01	2.604299e+00
537	4.615818e-01	5.038799e-01	1.529555e+00
538	4.666132e-01	5.083076e-01	2.823156e+00
539	4.536309e-01	4.464848e-01	2.826087e+00
540	4.986588e-01	5.624621e-01	2.844651e+00
541	5.343192e-01	4.423587e-01	2.290669e+00
542	4.506977e-01	5.473390e-01	2.570103e+00
543	4.345248e-01	4.725825e-01	2.396190e+00
544	4.859902e-01	3.993127e-01	1.318515e+00
545	4.513652e-01	5.140138e-01	2.605276e+00
546	3.799819e-01	6.938232e-01	2.683439e+00
547	5.818402e-01	2.735056e-01	1.587201e+00
548	5.587709e-01	6.340490e-01	1.375183e+00
549	4.805844e-01	4.558091e-01	2.298486e+00
550	3.979781e-01	3.467381e-01	1.285296e+00
551	4.734798e-01	5.082435e-01	2.983390e+00
552	2.788315e-01	4.569252e-01	1.195408e+00
553	4.732290e-01	4.858533e-01	2.414753e+00
554	4.111886e-01	4.650244e-01	1.843185e+00
555	4.866337e-01	4.991299e-01	2.396190e+00
556	5.123723e-01	5.758677e-01	3.000000e+00
557	4.779170e-01	4.982433e-01	2.728383e+00
559	4.497614e-01	4.836590e-01	1.944797e+00
560	3.849788e-01	3.331422e-01	2.883732e+00
561	4.175892e-01	3.844533e-01	2.383488e+00
562	4.055670e-01	6.173176e-01	2.506595e+00
563	4.670375e-01	4.882539e-01	1.786517e+00
564	4.490277e-01	4.314271e-01	2.893503e+00
565	4.590326e-01	4.937172e-01	2.981436e+00
566	4.707200e-01	5.046965e-01	2.663898e+00
567	4.767274e-01	5.325858e-01	2.227162e+00
568	4.851734e-01	4.931758e-01	1.527601e+00
569	3.996408e-01	3.159996e-01	2.610161e+00
570	2.555635e-01	2.815997e-01	1.058622e+00
571	4.844730e-01	5.405197e-01	2.782120e+00
573	4.870725e-01	5.032907e-01	2.109917e+00
574	4.934322e-01	5.307707e-01	2.074744e+00
575	4.523010e-01	4.968946e-01	2.319003e+00
576	5.135720e-01	5.202927e-01	1.290181e+00
577	4.595274e-01	5.339846e-01	1.286273e+00
578	5.265632e-01	5.498188e-01	1.881290e+00
579	4.741980e-01	5.174628e-01	1.664387e+00
580	3.182686e-01	1.073143e-01	1.242306e+00
581	4.907254e-01	4.467645e-01	1.927211e+00
582	4.613616e-01	5.101235e-01	2.820225e+00
583	6.253708e-01	5.631382e-01	2.792868e+00
584	5.142029e-01	5.255486e-01	1.201270e+00
585	4.208598e-01	4.605775e-01	1.898876e+00
586	4.652091e-01	5.000951e-01	1.782609e+00
587	4.589710e-01	4.995128e-01	1.561798e+00
588	4.614682e-01	5.032994e-01	2.282853e+00
589	4.358429e-01	4.591377e-01	2.210552e+00
590	4.495408e-01	4.712297e-01	1.020518e+00
591	4.497758e-01	4.664409e-01	1.784563e+00
592	4.623848e-01	5.050714e-01	1.275525e+00
593	4.867146e-01	4.827197e-01	1.212995e+00
594	3.985816e-01	4.932742e-01	2.964827e+00
595	4.421764e-01	4.826024e-01	2.079629e+00
596	3.705702e-01	5.638987e-01	1.187592e+00
597	4.759929e-01	4.651747e-01	1.258915e+00
598	4.036455e-01	4.909698e-01	1.999511e+00
599	4.723411e-01	5.097247e-01	1.264778e+00
600	4.538406e-01	4.943949e-01	1.110405e+00
601	2.912343e-01	3.332043e-01	1.107474e+00
602	4.301480e-01	5.525711e-01	1.070347e+00
603	4.642897e-01	5.158354e-01	2.400098e+00
604	4.767638e-01	5.384955e-01	2.871031e+00
605	4.700115e-01	5.060057e-01	2.739130e+00
606	4.509090e-01	5.201191e-01	2.061065e+00
607	5.333260e-01	6.852939e-01	1.073278e+00
608	4.450555e-01	4.304084e-01	2.799707e+00
609	4.464240e-01	4.596216e-01	2.010259e+00
610	4.880912e-01	4.618154e-01	1.700537e+00
611	4.618165e-01	5.044446e-01	1.339033e+00
612	4.357515e-01	4.626394e-01	2.227162e+00
613	6.268928e-01	8.805692e-01	2.482169e+00
614	4.454579e-01	5.310499e-01	2.958964e+00
615	5.373544e-01	4.988926e-01	1.443576e+00
616	4.007777e-01	5.925105e-01	2.381534e+00
617	4.844566e-01	5.799028e-01	1.971177e+00
618	4.542963e-01	4.983383e-01	2.960918e+00
619	5.810051e-01	9.284649e-01	1.812897e+00
620	5.173735e-01	4.514023e-01	1.170982e+00
621	5.504320e-01	4.821220e-01	1.277479e+00
622	4.991628e-01	4.584517e-01	1.176844e+00
623	4.983415e-01	5.136784e-01	1.636053e+00
624	4.154947e-01	3.817623e-01	2.336590e+00
625	4.585361e-01	5.418153e-01	1.343918e+00
626	4.559721e-01	5.098521e-01	1.905716e+00
627	5.158882e-01	5.145984e-01	1.784563e+00
628	4.674826e-01	4.923027e-01	2.063996e+00
629	4.640379e-01	5.192426e-01	2.497802e+00
630	4.224031e-01	5.202574e-01	2.870054e+00
631	5.131356e-01	5.627247e-01	1.729849e+00
632	5.498322e-01	5.778818e-01	2.290669e+00
633	4.632587e-01	5.070479e-01	2.841720e+00
634	4.682651e-01	5.070596e-01	2.195896e+00
635	4.641289e-01	4.436930e-01	1.601856e+00
636	4.442521e-01	4.814373e-01	2.449927e+00
637	4.399582e-01	5.166601e-01	1.462140e+00
638	4.667738e-01	5.033932e-01	2.041524e+00
639	4.670535e-01	5.043426e-01	2.061065e+00
640	4.354971e-01	2.976373e-01	2.130435e+00
641	6.593231e-01	7.204974e-01	2.205667e+00
642	4.823175e-01	5.250338e-01	2.184172e+00
643	3.980135e-01	4.886772e-01	2.747924e+00
644	4.484958e-01	7.471929e-01	2.909135e+00
645	4.691232e-01	5.025919e-01	2.777235e+00
646	4.752902e-01	5.067866e-01	1.295066e+00
647	5.459450e-01	5.469843e-01	1.050806e+00
648	4.313090e-01	7.294051e-01	1.191500e+00
649	4.831325e-01	5.192926e-01	1.198339e+00
650	4.941593e-01	4.739976e-01	2.656082e+00
651	4.748679e-01	5.125085e-01	1.692721e+00
652	5.753598e-01	5.438675e-01	2.330728e+00
653	4.438546e-01	4.811624e-01	1.906693e+00
654	4.586114e-01	5.140273e-01	2.192965e+00
655	3.757182e-01	4.658008e-01	1.200293e+00
656	4.821959e-01	5.257378e-01	2.361016e+00
657	4.124786e-01	3.232897e-01	2.080606e+00
658	4.641921e-01	5.115580e-01	2.017098e+00
659	5.052892e-01	4.868562e-01	2.191011e+00
660	4.863599e-01	2.800829e-01	1.667318e+00
661	3.961022e-01	3.160814e-01	2.229116e+00
662	4.599312e-01	6.174997e-01	1.188569e+00
663	4.620069e-01	5.637946e-01	2.714704e+00
664	4.372770e-01	4.555275e-01	1.979971e+00
665	4.277960e-01	4.135155e-01	2.954079e+00
666	8.688685e-01	7.579379e-01	1.803127e+00
667	4.776104e-01	4.498997e-01	1.039082e+00
668	6.987335e-01	8.475237e-01	1.893014e+00
669	5.047105e-01	6.369833e-01	1.778701e+00
670	2.653668e-01	1.371994e-01	1.807035e+00
671	5.064948e-01	5.650634e-01	1.102589e+00
672	5.348897e-01	1.974910e-01	1.879336e+00
673	4.341849e-01	4.919820e-01	1.984856e+00
674	4.666378e-01	5.053081e-01	2.238886e+00
675	4.437057e-01	4.602941e-01	2.868100e+00
676	4.618195e-01	5.189875e-01	2.748901e+00
677	5.660714e-01	5.476466e-01	1.578407e+00
678	5.044438e-01	5.383082e-01	1.621397e+00
679	4.686276e-01	5.119086e-01	2.657059e+00
680	4.828813e-01	5.115842e-01	2.404983e+00
681	4.150582e-01	4.624749e-01	2.272106e+00
682	4.295830e-01	4.053565e-01	1.463117e+00
683	4.623493e-01	5.057574e-01	2.316072e+00
684	4.740697e-01	5.110296e-01	2.334636e+00
685	4.017162e-01	5.833512e-01	1.365413e+00
686	4.788593e-01	7.045529e-01	2.105032e+00
687	4.848330e-01	4.685784e-01	1.339033e+00
688	4.855838e-01	5.023874e-01	2.932584e+00
689	4.637857e-01	5.000238e-01	2.378603e+00
690	4.580882e-01	4.974387e-01	1.833415e+00
691	4.885812e-01	4.499423e-01	1.663410e+00
692	4.499076e-01	4.781345e-01	2.251588e+00
693	4.038727e-01	6.634302e-01	1.766976e+00
694	4.458903e-01	4.637311e-01	1.575476e+00
695	7.181875e-01	5.885656e-01	2.771373e+00
696	4.670994e-01	5.199121e-01	2.787005e+00
697	4.736898e-01	5.072367e-01	1.959453e+00
698	4.511594e-01	4.642980e-01	2.187103e+00
699	4.675047e-01	5.037522e-01	2.430386e+00
700	5.408515e-01	5.779117e-01	2.679531e+00
701	4.630186e-01	4.823561e-01	2.191988e+00
702	5.356359e-01	5.655978e-01	2.945286e+00
703	4.535960e-01	5.207043e-01	2.793845e+00
704	4.643595e-01	5.255319e-01	2.132389e+00
705	4.275933e-01	3.613072e-01	1.627259e+00
706	4.713646e-01	5.013288e-01	1.623351e+00
707	4.862810e-01	5.156826e-01	2.772350e+00
708	4.732910e-01	5.204794e-01	1.552027e+00
709	3.813568e-01	6.156269e-01	1.180752e+00
710	4.533237e-01	4.951227e-01	1.632145e+00
711	5.141451e-01	9.368814e-01	1.680997e+00
712	5.021545e-01	5.902942e-01	2.828041e+00
713	6.378829e-01	6.129741e-01	1.703468e+00
714	6.166816e-01	4.245892e-01	1.471910e+00
715	4.603161e-01	4.936831e-01	2.368832e+00
716	4.619941e-01	4.889328e-01	1.961407e+00
717	4.586717e-01	5.085591e-01	1.756229e+00
718	4.769026e-01	5.460680e-01	2.987298e+00
719	4.609878e-01	5.085575e-01	2.332682e+00
720	4.580573e-01	4.785050e-01	1.097704e+00
721	4.223499e-01	4.334359e-01	1.954568e+00
722	4.600760e-01	5.034559e-01	1.704446e+00
723	4.667468e-01	5.050920e-01	1.853933e+00
724	4.656743e-01	5.165279e-01	2.829995e+00
725	4.853626e-01	4.708833e-01	2.232047e+00
726	4.164249e-01	4.554276e-01	2.587689e+00
727	6.321752e-01	3.712140e-01	2.698095e+00
728	7.653158e-01	9.660326e-01	1.896922e+00
729	4.380858e-01	3.836258e-01	1.212995e+00
730	5.146081e-01	3.362131e-01	1.502198e+00
731	4.633815e-01	5.035607e-01	2.614069e+00
732	4.992986e-01	6.598857e-01	2.880801e+00
733	4.571397e-01	4.919433e-01	1.956522e+00
734	3.549213e-01	4.138653e-01	2.745970e+00
735	3.018240e-01	2.656923e-01	1.179775e+00
736	4.399698e-01	4.092026e-01	1.935027e+00
737	4.798529e-01	4.892386e-01	1.975085e+00
738	4.396744e-01	4.598220e-01	1.067416e+00
739	4.748419e-01	5.670481e-01	2.024915e+00
740	4.674115e-01	3.749712e-01	2.810454e+00
741	4.109739e-01	4.555312e-01	2.428432e+00
742	4.694046e-01	5.013740e-01	1.957499e+00
743	5.066221e-01	6.135553e-01	2.306302e+00
744	4.602307e-01	4.644734e-01	2.557401e+00
745	4.272838e-01	4.673023e-01	1.243283e+00
746	4.669932e-01	4.373706e-01	2.429409e+00
747	5.089788e-01	5.249289e-01	2.523205e+00
748	5.389157e-01	6.014810e-01	2.842697e+00
749	4.694533e-01	5.022219e-01	2.247680e+00
750	4.825919e-01	5.608676e-01	2.000489e+00
751	4.682165e-01	4.930157e-01	2.446019e+00
752	4.593088e-01	5.075310e-01	2.360039e+00
753	4.836762e-01	4.451492e-01	2.567171e+00
754	4.693632e-01	5.013170e-01	2.415730e+00
755	4.974334e-01	5.079139e-01	1.989741e+00
756	4.734176e-01	5.032780e-01	2.908158e+00
757	5.592851e-01	6.588297e-01	2.731314e+00
758	4.637272e-01	5.048963e-01	2.544700e+00
759	4.654834e-01	5.041098e-01	2.890572e+00
760	4.638278e-01	5.045727e-01	1.654617e+00
761	4.598374e-01	5.127309e-01	1.008793e+00
762	4.981211e-01	5.397894e-01	1.260870e+00
763	4.806497e-01	5.248114e-01	1.347826e+00
764	4.506704e-01	5.133763e-01	1.325354e+00
765	4.701947e-01	4.975225e-01	1.420127e+00
766	3.964497e-01	3.519630e-01	2.845628e+00
767	5.060172e-01	5.210293e-01	1.853933e+00
768	4.579337e-01	4.972453e-01	1.303859e+00
769	4.710795e-01	4.911134e-01	1.294089e+00
770	8.813360e-01	1.056840e-01	1.675134e+00
771	5.489560e-01	4.613242e-01	2.417684e+00
772	4.487333e-01	4.638076e-01	2.053249e+00
773	4.552755e-01	5.201224e-01	1.276502e+00
774	5.711895e-01	5.764575e-01	2.779189e+00
775	3.227108e-01	8.407003e-01	1.984856e+00
776	2.730334e-01	5.539544e-01	2.295554e+00
777	4.646300e-01	5.045884e-01	1.652662e+00
778	4.838149e-01	5.258663e-01	2.464582e+00
779	4.669150e-01	5.035364e-01	1.763068e+00
780	4.749852e-01	5.174006e-01	2.026869e+00
781	5.176331e-01	5.983849e-01	1.160234e+00
782	5.963958e-01	3.868636e-01	2.302394e+00
783	4.755203e-01	5.012469e-01	1.384954e+00
784	4.637374e-01	5.591998e-01	2.598437e+00
785	5.110378e-01	4.356174e-01	2.130435e+00
786	4.980632e-01	5.001619e-01	1.690767e+00
787	4.626597e-01	4.873577e-01	1.940889e+00
788	4.651016e-01	5.103650e-01	2.099170e+00
