767
0	1.374344e-01	2.197870e-01	1.398632e+00
1	4.090654e-01	4.812038e-01	1.108451e+00
2	4.762936e-01	5.482029e-01	2.925745e+00
3	4.875529e-01	5.749760e-01	2.732291e+00
4	3.228800e-01	3.629161e-01	1.257938e+00
5	3.811182e-01	4.454256e-01	2.424524e+00
6	8.007296e-01	9.425200e-01	1.383000e+00
7	4.569117e-01	4.937080e-01	2.705911e+00
8	4.489310e-01	4.838187e-01	2.442110e+00
9	4.779272e-01	5.123420e-01	2.233024e+00
10	5.086632e-01	6.457505e-01	2.376649e+00
11	4.689752e-01	5.134136e-01	1.556913e+00
12	4.772840e-01	4.776847e-01	2.950171e+00
13	4.980126e-01	5.737976e-01	1.066439e+00
14	4.791551e-01	5.132253e-01	1.626282e+00
15	4.121672e-01	8.032928e-01	1.306790e+00
16	4.776763e-01	5.149801e-01	2.902296e+00
17	4.161251e-01	5.368487e-01	1.195408e+00
18	5.399515e-01	5.166340e-01	1.785540e+00
19	4.778440e-01	4.935607e-01	1.248168e+00
20	4.733832e-01	4.943155e-01	1.863703e+00
21	3.999100e-01	4.373344e-01	2.671715e+00
22	4.796487e-01	5.177685e-01	2.487054e+00
23	4.505319e-01	7.376092e-01	1.946751e+00
24	3.799203e-01	5.221572e-01	1.303859e+00
25	6.904776e-01	6.936162e-01	2.152907e+00
26	4.761584e-01	5.020241e-01	1.388862e+00
27	4.750620e-01	5.414973e-01	1.591109e+00
28	5.004045e-01	5.677674e-01	2.205667e+00
29	4.863463e-01	5.310472e-01	2.181241e+00
30	4.837765e-01	7.206855e-01	1.475818e+00
31	5.343325e-01	4.183882e-01	2.309233e+00
32	4.891924e-01	5.449835e-01	2.073766e+00
33	6.344790e-01	7.350388e-01	2.331705e+00
34	4.724938e-01	5.286116e-01	1.126038e+00
35	6.389226e-01	5.983541e-01	2.235955e+00
36	1.964282e-01	5.696866e-01	2.805569e+00
37	5.566874e-01	6.848308e-01	2.555447e+00
38	4.632934e-01	4.787367e-01	2.559355e+00
39	4.701589e-01	4.945214e-01	1.895945e+00
40	4.083968e-01	4.831700e-01	1.282364e+00
41	4.910868e-01	5.614219e-01	2.750855e+00
42	4.766855e-01	5.160527e-01	2.412799e+00
43	4.696322e-01	4.961229e-01	2.557401e+00
44	5.082702e-01	4.131132e-01	1.648754e+00
45	4.454183e-01	5.898682e-01	1.721055e+00
46	4.901636e-01	6.413951e-01	2.588666e+00
47	4.810903e-01	5.096956e-01	1.525647e+00
48	4.744005e-01	5.190450e-01	2.751832e+00
49	5.040564e-01	6.134706e-01	2.625794e+00
50	4.597415e-01	6.025368e-01	1.663410e+00
51	4.758062e-01	5.038950e-01	2.560332e+00
52	4.741794e-01	5.154317e-01	1.696629e+00
53	4.805061e-01	4.964923e-01	1.506106e+00
54	4.707187e-01	5.049464e-01	2.675623e+00
55	4.484585e-01	4.187396e-01	2.497802e+00
56	5.264288e-01	6.475944e-01	1.031265e+00
57	4.763186e-01	4.382732e-01	2.361993e+00
58	4.635563e-01	5.292521e-01	1.866634e+00
60	7.680205e-01	7.696541e-01	1.503175e+00
61	4.860206e-01	4.579464e-01	2.449927e+00
62	4.782833e-01	5.329181e-01	2.831949e+00
63	4.797979e-01	5.007762e-01	2.317049e+00
64	4.600377e-01	4.640393e-01	2.353200e+00
65	4.745674e-01	5.126708e-01	2.575965e+00
66	4.505675e-01	5.544444e-01	2.922814e+00
67	4.494425e-01	4.831253e-01	2.289692e+00
68	4.882419e-01	4.952351e-01	2.766488e+00
69	4.960304e-01	5.577448e-01	1.522716e+00
70	5.556406e-01	5.195274e-01	2.769419e+00
71	4.887510e-01	5.468873e-01	1.110405e+00
72	4.986654e-01	5.186391e-01	1.412311e+00
73	5.574741e-01	7.201007e-01	1.951637e+00
74	5.023299e-01	6.732363e-01	1.449438e+00
75	4.429500e-01	4.815464e-01	2.176356e+00
76	4.958379e-01	5.558632e-01	1.212995e+00
77	4.602828e-01	5.371305e-01	1.872496e+00
78	4.624206e-01	4.771493e-01	1.606742e+00
79	5.187366e-01	4.116379e-01	1.183683e+00
80	4.884132e-01	5.761664e-01	2.736199e+00
81	4.740326e-01	5.114717e-01	1.617489e+00
82	4.146551e-01	4.437998e-01	2.456766e+00
83	5.983438e-01	6.388234e-01	1.406448e+00
84	2.940913e-01	4.575308e-01	2.453835e+00
85	4.794841e-01	5.080674e-01	2.712750e+00
86	4.733417e-01	5.112619e-01	2.877870e+00
87	4.889647e-01	5.191570e-01	1.533464e+00
88	4.566607e-01	2.937158e-01	2.169516e+00
89	3.145429e-01	4.186796e-01	2.483146e+00
90	5.142521e-01	5.605999e-01	1.538349e+00
91	4.632142e-01	5.166764e-01	1.117245e+00
92	4.866079e-01	5.193275e-01	2.709819e+00
93	4.712746e-01	4.960235e-01	2.929653e+00
94	4.994457e-01	3.820635e-01	2.125550e+00
95	5.261585e-01	4.213695e-01	2.148999e+00
96	4.956671e-01	5.064548e-01	1.206155e+00
98	4.710375e-01	4.994417e-01	1.997557e+00
99	4.412920e-01	5.172599e-01	1.753298e+00
100	4.618937e-01	5.268493e-01	1.491451e+00
101	4.723695e-01	5.117416e-01	2.381534e+00
102	4.694911e-01	4.405755e-01	1.837323e+00
103	4.936519e-01	4.087290e-01	2.723498e+00
104	4.629286e-01	2.994525e-01	1.216903e+00
105	4.745562e-01	5.355745e-01	1.385931e+00
107	4.733110e-01	5.059688e-01	1.887152e+00
108	4.785123e-01	4.943196e-01	1.869565e+00
109	4.244523e-01	5.823392e-01	2.657059e+00
110	4.083522e-01	4.768467e-01	1.905716e+00
111	4.536152e-01	5.174013e-01	2.319980e+00
113	5.591963e-01	2.779248e-01	1.155349e+00
114	4.706178e-01	5.046646e-01	1.261847e+00
115	4.067713e-01	3.812573e-01	1.308745e+00
116	6.257519e-01	2.767137e-01	1.148510e+00
117	4.485484e-01	4.725027e-01	1.865657e+00
118	4.726589e-01	5.167325e-01	2.988276e+00
119	4.390640e-01	6.319947e-01	1.479726e+00
120	5.135924e-01	5.942331e-01	2.095261e+00
121	4.974537e-01	6.397646e-01	2.442110e+00
122	6.438175e-01	6.411239e-01	1.070347e+00
123	4.761839e-01	5.178635e-01	1.417196e+00
124	4.767552e-01	5.298451e-01	2.817294e+00
126	4.569990e-01	5.217565e-01	2.738153e+00
127	4.729376e-01	5.542491e-01	2.338544e+00
128	5.086138e-01	5.526854e-01	1.282364e+00
129	4.968384e-01	5.280370e-01	2.676600e+00
130	5.171823e-01	5.555824e-01	2.443087e+00
132	4.747659e-01	5.888703e-01	1.220811e+00
133	2.768628e-01	6.512499e-01	2.407914e+00
134	4.358531e-01	6.312768e-01	2.277968e+00
135	4.676668e-01	5.125979e-01	2.409868e+00
136	4.816028e-01	5.165415e-01	2.083537e+00
137	4.646100e-01	5.520558e-01	2.286761e+00
138	6.734687e-01	3.192198e-01	1.194431e+00
139	4.663894e-01	5.121832e-01	2.818271e+00
140	4.433064e-01	4.445741e-01	2.827064e+00
141	4.632708e-01	5.080946e-01	1.684905e+00
142	4.778565e-01	5.089650e-01	1.999511e+00
143	4.813634e-01	5.171754e-01	1.956522e+00
144	5.234000e-01	4.559276e-01	2.323889e+00
145	3.914883e-01	5.121827e-01	2.501710e+00
146	4.425880e-01	4.090368e-01	2.395213e+00
147	4.747905e-01	5.106680e-01	2.719590e+00
148	4.758868e-01	5.134378e-01	2.937469e+00
149	4.501451e-01	4.988065e-01	2.803615e+00
150	4.573220e-01	4.480899e-01	1.794333e+00
151	4.664052e-01	5.360497e-01	2.611138e+00
152	4.517310e-01	4.914147e-01	1.724963e+00
153	4.935874e-01	5.211937e-01	1.983879e+00
154	4.717724e-01	5.121825e-01	2.181241e+00
155	4.620056e-01	6.299130e-01	1.295066e+00
156	5.497404e-01	6.124964e-01	1.970200e+00
157	4.843527e-01	4.966933e-01	2.387396e+00
158	6.109891e-01	5.921212e-01	2.386419e+00
159	6.309954e-01	4.315726e-01	2.647289e+00
160	4.710387e-01	5.104328e-01	1.686859e+00
161	4.739381e-01	4.985756e-01	1.553981e+00
162	4.701163e-01	4.889295e-01	1.764045e+00
163	3.429581e-01	2.569463e-01	1.632145e+00
164	4.774669e-01	5.141943e-01	1.235467e+00
165	4.809779e-01	5.348645e-01	2.251588e+00
166	4.720690e-01	5.282057e-01	1.751343e+00
167	4.054656e-01	6.383655e-01	1.715193e+00
168	4.787003e-01	5.180547e-01	2.109917e+00
169	4.987919e-01	5.606611e-01	2.137274e+00
170	5.655475e-01	5.381333e-01	2.099170e+00
171	4.803873e-01	5.379954e-01	2.057157e+00
172	4.184743e-01	5.657613e-01	2.246702e+00
173	4.755686e-01	4.901276e-01	1.894968e+00
174	4.168479e-01	4.484372e-01	2.453835e+00
175	5.074705e-01	5.462795e-01	2.834880e+00
176	4.512893e-01	6.541903e-01	2.215437e+00
177	4.751784e-01	5.439527e-01	2.153884e+00
178	4.836427e-01	5.097457e-01	2.475330e+00
179	4.606607e-01	6.032061e-01	1.274548e+00
180	4.823026e-01	4.990786e-01	2.127504e+00
181	4.715987e-01	5.326518e-01	1.790425e+00
182	2.612937e-01	3.400418e-01	1.736688e+00
183	5.493091e-01	4.299276e-01	1.692721e+00
184	4.573754e-01	4.553092e-01	2.042501e+00
185	5.919814e-01	5.179607e-01	1.468979e+00
186	4.569982e-01	5.207534e-01	1.784563e+00
188	4.724876e-01	5.161520e-01	1.839277e+00
189	4.618147e-01	5.021453e-01	1.175867e+00
190	3.449214e-01	5.160673e-01	2.807523e+00
191	3.769431e-01	3.751199e-01	2.811431e+00
192	4.802168e-01	4.867161e-01	1.192477e+00
193	2.913375e-01	5.747362e-01	1.620420e+00
194	5.334064e-01	4.986767e-01	2.624817e+00
195	4.716113e-01	5.134166e-01	2.806546e+00
196	4.314151e-01	4.535901e-01	1.763068e+00
197	6.382608e-01	5.875765e-01	2.060088e+00
198	4.425205e-01	7.188269e-01	2.458720e+00
199	4.733667e-01	4.811532e-01	2.463605e+00
200	7.475704e-01	7.151277e-01	1.141671e+00
201	4.929792e-01	5.084953e-01	1.146556e+00
202	4.852012e-01	5.937848e-01	1.395701e+00
203	3.966555e-01	5.731627e-01	1.755252e+00
204	4.725391e-01	5.260112e-01	2.901319e+00
205	4.399605e-01	4.732158e-01	2.123596e+00
206	4.715170e-01	5.266320e-01	1.652662e+00
207	4.680560e-01	4.766021e-01	1.199316e+00
208	4.565427e-01	4.418890e-01	2.170493e+00
209	4.266340e-01	7.385622e-01	2.733268e+00
210	4.848529e-01	4.223006e-01	1.545188e+00
211	4.499074e-01	5.222317e-01	1.376160e+00
212	4.740183e-01	5.454008e-01	1.621397e+00
213	4.732950e-01	5.159198e-01	1.883244e+00
214	4.829533e-01	5.271901e-01	1.612604e+00
215	4.647729e-01	5.138764e-01	2.909135e+00
216	4.716597e-01	4.957177e-01	1.354665e+00
217	4.553753e-01	5.036660e-01	2.770396e+00
218	4.323400e-01	4.909868e-01	2.148999e+00
219	4.681594e-01	5.508629e-01	2.624817e+00
220	4.569296e-01	5.669329e-01	2.697118e+00
221	4.573072e-01	5.154702e-01	1.938935e+00
222	3.294237e-01	1.922424e-01	1.854910e+00
223	4.902250e-01	4.921593e-01	2.625794e+00
224	4.489929e-01	2.771439e-01	2.984367e+00
225	4.326755e-01	4.553470e-01	2.693210e+00
226	4.796007e-01	5.345593e-01	2.276014e+00
227	4.491017e-01	4.937655e-01	1.245237e+00
228	4.789234e-01	5.089307e-01	1.489497e+00
229	4.773898e-01	5.068543e-01	2.305325e+00
230	4.638794e-01	4.906026e-01	2.689301e+00
231	4.698678e-01	4.694207e-01	1.346849e+00
232	4.773115e-01	5.286232e-01	2.447973e+00
233	4.456349e-01	4.867900e-01	1.591109e+00
234	5.635351e-01	5.311087e-01	1.931119e+00
235	4.625160e-01	5.373202e-01	2.687347e+00
236	4.761522e-01	5.125609e-01	2.787982e+00
237	4.710742e-01	4.942077e-01	1.510015e+00
238	4.746792e-01	5.372644e-01	2.193942e+00
239	4.879252e-01	5.625827e-01	2.918906e+00
240	4.700065e-01	5.054656e-01	1.734734e+00
241	4.525704e-01	5.789623e-01	1.119199e+00
242	5.575254e-01	5.920905e-01	1.631168e+00
243	4.701976e-01	5.518642e-01	1.258915e+00
244	4.860573e-01	4.225638e-01	2.458720e+00
245	4.362251e-01	3.372592e-01	2.134343e+00
246	4.741896e-01	5.076067e-01	2.662921e+00
247	4.873903e-01	5.314622e-01	2.924768e+00
248	4.849268e-01	5.257460e-01	2.983390e+00
250	7.390687e-01	6.991295e-01	2.763556e+00
251	3.843364e-01	4.983546e-01	2.374695e+00
252	4.622645e-01	6.034319e-01	1.703468e+00
253	4.958510e-01	5.837016e-01	1.246214e+00
254	5.048891e-01	5.842651e-01	2.925745e+00
255	4.594016e-01	5.030375e-01	1.857841e+00
256	4.759205e-01	5.047657e-01	2.601368e+00
257	4.766472e-01	4.960642e-01	2.413776e+00
258	4.407591e-01	5.247282e-01	2.569126e+00
259	4.317227e-01	3.921195e-01	1.865657e+00
260	4.749486e-01	5.144778e-01	2.574988e+00
261	4.724593e-01	5.259397e-01	1.598925e+00
262	5.283585e-01	3.701724e-01	2.264289e+00
263	3.047213e-01	6.183101e-01	1.176844e+00
264	4.723519e-01	3.133298e-01	1.061553e+00
265	4.782224e-01	5.187747e-01	2.526136e+00
266	4.520306e-01	4.818212e-01	1.928188e+00
267	4.899579e-01	4.613467e-01	2.006351e+00
268	4.859132e-01	5.216622e-01	1.041036e+00
269	2.486229e-01	4.718730e-01	1.793356e+00
270	4.097196e-01	3.696595e-01	1.860772e+00
271	3.707464e-01	5.722012e-01	1.389839e+00
272	4.793295e-01	5.112639e-01	1.052760e+00
273	5.020858e-01	5.485854e-01	1.156326e+00
274	6.212851e-01	7.649252e-01	1.981925e+00
275	2.542285e-01	3.534257e-01	2.256473e+00
276	4.698298e-01	5.059815e-01	2.368832e+00
277	4.892683e-01	5.284254e-01	2.024915e+00
279	5.387272e-01	5.462059e-01	1.348803e+00
280	4.978983e-01	6.900223e-01	2.472399e+00
281	4.979496e-01	7.255043e-01	2.288715e+00
282	4.772729e-01	4.719527e-01	2.745970e+00
283	5.401661e-01	5.509035e-01	2.490962e+00
284	6.191157e-01	7.495196e-01	2.515388e+00
285	1.334318e-01	4.280566e-01	1.545188e+00
286	4.819078e-01	4.907288e-01	2.662921e+00
287	4.908063e-01	5.565605e-01	2.264289e+00
288	4.743899e-01	4.839413e-01	2.905227e+00
289	4.891439e-01	3.905302e-01	1.058622e+00
290	4.637040e-01	5.322406e-01	2.152907e+00
291	8.024408e-01	9.431571e-01	2.784074e+00
292	4.646074e-01	5.124822e-01	2.445042e+00
293	4.999930e-01	3.057915e-01	2.852467e+00
294	5.462578e-01	5.320042e-01	2.070835e+00
295	5.189406e-01	5.612976e-01	1.406448e+00
296	6.446814e-01	8.819501e-01	1.751343e+00
297	4.516344e-01	5.216229e-01	2.077675e+00
298	5.325241e-01	3.566973e-01	1.601856e+00
299	4.582429e-01	4.974596e-01	2.048363e+00
300	4.869940e-01	5.692641e-01	2.781143e+00
301	4.745380e-01	5.113738e-01	2.779189e+00
302	4.678473e-01	4.887555e-01	2.617978e+00
303	3.137294e-01	3.452303e-01	1.698583e+00
304	6.043143e-01	6.147334e-01	1.948705e+00
305	4.868958e-01	5.108705e-01	1.416219e+00
306	8.605998e-01	2.329882e-01	1.745481e+00
307	4.703281e-01	4.999262e-01	2.291646e+00
308	4.236069e-01	3.271242e-01	1.868588e+00
309	4.562298e-01	5.595760e-01	2.511480e+00
310	4.798723e-01	5.509911e-01	2.596483e+00
311	4.242629e-01	3.977560e-01	2.855398e+00
312	4.671368e-01	4.656370e-01	1.312653e+00
313	4.215889e-01	4.493183e-01	1.787494e+00
314	4.768027e-01	5.116053e-01	2.252565e+00
315	3.980122e-01	4.120665e-01	1.978017e+00
316	3.701158e-01	4.883406e-01	2.965804e+00
317	4.744286e-01	5.009960e-01	2.221299e+00
318	6.121987e-01	5.067650e-01	1.701514e+00
319	4.878840e-01	5.157753e-01	1.135809e+00
320	4.572072e-01	5.288420e-01	2.997069e+00
322	4.050701e-01	6.314402e-01	2.362970e+00
323	4.661853e-01	5.397284e-01	2.553493e+00
324	4.869286e-01	4.713722e-01	1.347826e+00
325	2.114200e-01	2.684642e-01	2.896434e+00
326	4.734849e-01	5.119246e-01	1.857841e+00
327	4.380988e-01	6.039730e-01	1.669272e+00
328	4.925133e-01	5.369900e-01	1.726917e+00
329	4.454601e-01	4.431754e-01	2.604299e+00
330	5.207887e-01	5.588276e-01	2.089399e+00
331	5.054617e-01	4.731741e-01	1.552027e+00
332	5.319736e-01	5.540558e-01	1.769907e+00
333	4.917288e-01	5.592630e-01	1.382022e+00
334	2.355799e-01	3.284553e-01	2.510503e+00
335	4.458923e-01	5.744683e-01	1.640938e+00
336	4.698530e-01	5.013682e-01	2.933561e+00
337	4.402403e-01	5.932681e-01	1.033219e+00
338	4.425689e-01	4.574922e-01	1.408403e+00
339	4.784994e-01	5.445622e-01	2.767465e+00
340	4.749950e-01	4.807974e-01	1.526624e+00
341	4.472372e-01	3.774063e-01	1.456277e+00
342	4.836048e-01	5.433697e-01	1.054714e+00
343	5.189810e-01	5.184757e-01	2.601368e+00
344	2.564677e-01	3.538543e-01	2.193942e+00
346	4.676987e-01	4.749390e-01	1.564729e+00
347	4.632739e-01	5.324304e-01	1.679043e+00
348	4.707611e-01	5.681766e-01	2.034685e+00
349	4.716479e-01	5.182678e-01	2.564240e+00
350	4.597696e-01	5.024360e-01	2.311187e+00
351	4.605420e-01	5.621303e-01	1.297997e+00
352	4.828994e-01	5.234833e-01	2.873962e+00
353	5.463787e-01	5.533009e-01	2.202736e+00
354	4.791894e-01	5.144231e-01	2.653151e+00
355	3.641067e-01	6.200034e-01	2.461651e+00
356	4.805457e-01	5.059989e-01	1.679043e+00
357	4.148094e-01	4.705945e-01	2.991207e+00
358	4.828588e-01	7.246856e-01	2.857352e+00
359	5.367027e-01	6.022559e-01	1.913532e+00
360	4.763795e-01	4.493955e-01	1.216903e+00
361	4.565538e-01	2.564549e-01	1.214949e+00
362	4.033521e-01	5.683310e-01	1.005862e+00
363	4.887479e-01	5.626939e-01	2.227162e+00
364	4.668703e-01	4.976290e-01	1.723009e+00
366	5.241199e-01	5.739368e-01	1.692721e+00
367	4.680198e-01	4.927399e-01	1.154372e+00
368	4.769849e-01	4.743035e-01	1.851001e+00
369	4.721330e-01	5.156372e-01	2.418661e+00
370	4.627878e-01	5.146430e-01	1.874450e+00
371	4.992133e-01	6.066041e-01	1.591109e+00
372	4.418271e-01	4.881010e-01	2.199805e+00
373	3.799456e-01	3.353239e-01	2.208598e+00
374	4.660172e-01	6.166266e-01	1.322423e+00
375	5.414576e-01	7.657858e-01	2.361016e+00
376	4.069162e-01	4.916095e-01	1.815828e+00
377	4.760142e-01	5.151640e-01	1.328285e+00
378	4.685056e-01	4.971376e-01	1.883244e+00
379	3.718171e-01	4.303847e-01	1.599902e+00
380	5.541754e-01	7.852384e-01	2.343429e+00
381	4.874394e-01	5.193240e-01	1.835369e+00
383	5.035787e-01	3.500491e-01	1.698583e+00
384	7.028885e-01	3.633223e-01	2.761602e+00
385	4.396703e-01	7.226820e-01	1.961407e+00
386	6.422730e-01	5.768243e-01	2.449927e+00
387	5.020279e-01	6.098131e-01	2.669761e+00
388	5.425452e-01	5.400720e-01	2.597460e+00
389	4.747608e-01	5.042460e-01	2.960918e+00
390	4.742248e-01	5.347372e-01	1.655594e+00
391	4.925096e-01	6.081635e-01	2.572057e+00
392	4.699469e-01	5.119026e-01	1.234489e+00
393	5.129015e-01	5.149105e-01	1.607719e+00
394	4.825536e-01	5.133406e-01	2.643381e+00
395	4.301234e-01	6.088063e-01	1.233512e+00
397	6.134984e-01	4.193054e-01	1.083048e+00
398	5.140540e-01	1.794175e-01	2.453835e+00
399	5.072133e-01	4.771472e-01	2.169516e+00
400	4.857183e-01	5.786608e-01	1.634099e+00
401	6.136928e-01	5.760462e-01	1.314607e+00
402	4.734577e-01	5.563896e-01	2.292623e+00
403	5.633283e-01	6.626787e-01	1.759160e+00
404	4.954748e-01	5.403153e-01	2.942355e+00
405	4.986776e-01	6.381172e-01	1.358574e+00
406	4.536234e-01	4.557672e-01	1.474841e+00
407	6.774279e-01	6.234811e-01	2.850513e+00
408	4.200874e-01	5.663266e-01	2.543723e+00
409	4.944748e-01	5.198401e-01	1.170005e+00
410	5.157524e-01	4.488753e-01	2.011236e+00
411	4.426356e-01	5.535943e-01	2.982413e+00
412	7.898380e-01	1.995574e-01	1.578407e+00
413	6.178477e-01	6.488095e-01	2.904250e+00
414	4.780963e-01	5.499522e-01	2.948217e+00
415	4.676848e-01	5.115176e-01	1.856864e+00
416	4.710750e-01	5.166137e-01	1.780655e+00
417	4.718319e-01	5.311614e-01	1.223742e+00
418	4.643787e-01	5.182163e-01	2.928676e+00
419	4.801210e-01	5.200120e-01	1.055691e+00
420	4.889211e-01	5.043013e-01	2.823156e+00
421	4.762801e-01	5.161311e-01	2.886663e+00
422	4.793152e-01	5.299375e-01	1.391793e+00
423	6.187871e-01	3.491326e-01	1.467025e+00
424	4.790705e-01	5.539565e-01	1.512946e+00
425	1.514100e-01	5.069535e-01	1.960430e+00
426	1.636518e-01	4.859272e-01	2.254519e+00
427	4.355940e-01	4.385190e-01	2.899365e+00
428	5.032810e-01	4.953978e-01	1.247191e+00
429	4.810120e-01	5.097637e-01	1.802149e+00
430	4.767743e-01	5.085108e-01	1.663410e+00
431	4.813289e-01	3.802313e-01	2.556424e+00
433	4.591549e-01	5.024668e-01	2.475330e+00
434	4.548736e-01	4.743558e-01	2.923791e+00
435	5.483912e-01	3.449920e-01	2.906204e+00
437	4.873637e-01	5.305708e-01	2.476307e+00
438	5.246744e-01	6.056361e-01	2.065950e+00
439	4.726276e-01	5.133532e-01	1.983879e+00
440	4.480492e-01	6.111536e-01	1.637030e+00
441	5.765119e-01	3.192882e-01	1.338056e+00
442	4.759929e-01	5.444272e-01	2.406937e+00
443	4.718877e-01	3.074185e-01	1.422081e+00
444	4.154236e-01	4.052037e-01	2.956033e+00
445	4.908695e-01	5.166301e-01	2.601368e+00
446	3.560791e-01	4.629941e-01	1.846116e+00
447	4.843682e-01	5.294917e-01	1.264778e+00
448	4.668188e-01	4.679308e-01	1.119199e+00
449	4.615406e-01	5.083127e-01	1.956522e+00
450	4.999380e-01	4.465877e-01	2.971666e+00
451	4.742659e-01	5.128221e-01	2.149976e+00
452	5.704109e-01	4.269394e-01	1.574499e+00
453	4.231880e-01	2.412096e-01	1.775769e+00
455	4.702789e-01	4.978064e-01	2.984367e+00
456	4.616694e-01	4.762755e-01	1.577430e+00
457	4.667839e-01	5.086739e-01	2.955056e+00
458	4.774037e-01	5.209126e-01	2.865169e+00
459	4.103092e-01	3.349172e-01	1.672203e+00
461	3.507176e-01	7.853569e-01	2.513434e+00
462	4.983982e-01	5.640369e-01	1.853933e+00
463	4.151751e-01	4.765614e-01	2.858329e+00
464	4.717920e-01	5.359895e-01	1.574499e+00
465	4.952792e-01	4.961189e-01	1.432829e+00
466	4.691990e-01	5.167516e-01	1.500244e+00
467	3.662595e-01	3.555689e-01	1.323400e+00
468	4.640652e-01	5.207070e-01	2.147044e+00
469	5.045736e-01	5.199587e-01	2.698095e+00
470	4.752931e-01	4.924392e-01	1.364436e+00
471	5.672258e-01	6.431225e-01	2.076698e+00
472	4.808173e-01	5.100212e-01	2.011236e+00
473	4.615877e-01	4.700330e-01	1.215926e+00
474	4.724514e-01	5.182552e-01	2.299463e+00
475	4.491843e-01	5.551487e-01	1.683928e+00
476	4.639950e-01	4.971183e-01	2.081583e+00
477	4.865854e-01	5.174190e-01	2.350269e+00
478	3.849395e-01	6.621263e-01	2.728383e+00
479	3.633104e-01	3.730413e-01	1.194431e+00
480	4.633209e-01	3.917919e-01	2.515388e+00
481	4.063524e-01	2.607081e-01	1.865657e+00
482	4.926962e-01	7.550856e-01	1.802149e+00
483	4.772519e-01	5.776453e-01	1.367367e+00
484	4.273796e-01	4.503521e-01	1.148510e+00
485	5.431624e-01	6.298256e-01	2.427455e+00
486	4.136421e-01	4.369280e-01	2.196873e+00
487	5.405808e-01	5.093376e-01	2.386419e+00
488	4.612566e-01	4.659211e-01	1.294089e+00
489	4.754387e-01	4.921177e-01	1.687836e+00
490	4.063649e-01	5.834723e-01	1.146556e+00
491	5.490355e-01	7.868319e-01	1.597948e+00
492	4.217632e-01	5.434514e-01	2.412799e+00
493	3.992445e-01	3.411259e-01	1.227650e+00
494	4.717808e-01	4.243861e-01	2.522228e+00
495	4.688501e-01	5.373061e-01	1.437714e+00
496	4.690102e-01	4.400233e-01	1.523693e+00
497	4.760193e-01	6.225648e-01	1.221788e+00
498	4.935388e-01	5.686825e-01	1.652662e+00
499	5.198248e-01	6.434041e-01	1.269663e+00
500	4.829481e-01	5.134828e-01	2.967758e+00
501	4.775516e-01	5.067584e-01	2.546654e+00
502	4.554406e-01	1.424648e-01	1.818759e+00
503	4.868416e-01	5.654532e-01	1.919394e+00
504	4.679053e-01	5.309128e-01	2.563263e+00
505	4.778690e-01	5.475264e-01	1.451392e+00
506	3.958364e-01	5.953132e-01	1.718124e+00
507	4.813607e-01	5.078676e-01	1.207132e+00
508	4.714874e-01	5.007443e-01	1.236444e+00
509	4.990491e-01	5.156996e-01	2.622863e+00
510	3.019156e-01	6.147275e-01	2.549585e+00
511	4.873444e-01	5.199881e-01	2.966781e+00
512	5.364346e-01	7.227500e-01	2.395213e+00
513	4.227603e-01	4.938882e-01	1.534441e+00
514	3.235334e-01	3.326670e-01	1.550073e+00
515	4.763104e-01	6.232858e-01	1.610650e+00
516	4.870978e-01	7.799300e-01	1.612604e+00
517	4.492423e-01	5.155619e-01	1.086957e+00
518	5.233204e-01	4.418569e-01	2.282853e+00
519	3.524195e-01	2.766452e-01	1.573522e+00
520	4.640927e-01	5.023241e-01	2.497802e+00
521	4.814747e-01	4.899704e-01	1.752320e+00
523	4.877258e-01	4.857817e-01	1.209086e+00
524	5.085560e-01	6.696339e-01	2.755740e+00
525	4.060537e-01	4.963394e-01	1.499267e+00
526	4.859000e-01	4.907224e-01	1.014656e+00
527	7.311869e-01	7.405049e-01	2.891549e+00
528	4.764789e-01	4.998374e-01	2.478261e+00
529	5.317946e-01	5.857826e-01	1.898876e+00
530	4.551031e-01	5.243347e-01	1.188569e+00
531	4.428566e-01	4.729699e-01	2.785051e+00
532	4.829356e-01	5.076110e-01	2.945286e+00
533	4.105060e-01	4.417197e-01	2.458720e+00
534	6.049000e-01	5.214231e-01	2.673669e+00
535	4.655838e-01	5.124573e-01	1.399609e+00
536	4.655646e-01	5.483754e-01	2.604299e+00
537	4.710773e-01	5.135649e-01	1.529555e+00
538	4.745339e-01	5.122285e-01	2.823156e+00
539	4.348417e-01	4.638899e-01	2.826087e+00
540	5.097552e-01	6.136015e-01	2.844651e+00
541	4.212689e-01	5.363462e-01	2.290669e+00
542	4.464348e-01	5.328516e-01	2.570103e+00
543	5.075873e-01	5.159375e-01	2.396190e+00
544	5.192233e-01	4.544543e-01	1.318515e+00
545	4.532500e-01	4.942071e-01	2.605276e+00
546	3.629497e-01	4.712570e-01	2.683439e+00
547	6.156527e-01	5.521158e-01	1.587201e+00
548	4.973784e-01	7.063594e-01	1.375183e+00
549	4.794722e-01	5.197116e-01	2.298486e+00
550	4.035260e-01	4.569157e-01	1.285296e+00
551	4.785637e-01	5.152109e-01	2.983390e+00
552	3.833022e-01	6.253105e-01	1.195408e+00
553	4.789709e-01	4.898720e-01	2.414753e+00
554	3.573192e-01	6.959271e-01	1.843185e+00
555	4.655914e-01	5.824004e-01	2.396190e+00
556	4.020785e-01	4.737253e-01	3.000000e+00
557	4.603602e-01	5.016331e-01	2.728383e+00
559	4.853848e-01	5.392826e-01	1.944797e+00
560	4.276702e-01	7.288503e-01	2.883732e+00
561	4.464221e-01	4.245065e-01	2.383488e+00
562	3.856802e-01	5.509829e-01	2.506595e+00
563	4.830870e-01	5.050617e-01	1.786517e+00
564	4.224259e-01	5.801330e-01	2.893503e+00
565	4.817616e-01	5.240936e-01	2.981436e+00
566	4.554656e-01	4.906635e-01	2.663898e+00
567	4.814533e-01	5.517245e-01	2.227162e+00
568	5.072803e-01	4.948024e-01	1.527601e+00
569	4.168510e-01	4.415581e-01	2.610161e+00
570	8.149895e-01	3.343933e-01	1.058622e+00
571	4.915817e-01	5.641977e-01	2.782120e+00
573	4.623589e-01	5.108770e-01	2.109917e+00
574	4.651706e-01	4.910191e-01	2.074744e+00
575	4.602002e-01	4.838971e-01	2.319003e+00
576	4.282633e-01	5.067216e-01	1.290181e+00
577	4.002364e-01	4.100504e-01	1.286273e+00
578	4.787365e-01	5.122331e-01	1.881290e+00
579	4.819685e-01	5.233548e-01	1.664387e+00
580	2.640055e-01	3.359140e-01	1.242306e+00
581	5.110866e-01	4.801011e-01	1.927211e+00
582	4.740147e-01	5.107152e-01	2.820225e+00
583	5.104116e-01	7.021317e-01	2.792868e+00
584	4.825641e-01	5.043155e-01	1.201270e+00
585	4.257389e-01	4.541671e-01	1.898876e+00
586	4.740408e-01	5.106559e-01	1.782609e+00
587	4.619875e-01	4.965520e-01	1.561798e+00
588	4.756934e-01	5.169449e-01	2.282853e+00
589	4.974520e-01	6.002296e-01	2.210552e+00
590	4.190338e-01	4.930733e-01	1.020518e+00
591	4.980627e-01	5.887560e-01	1.784563e+00
592	4.753455e-01	5.147722e-01	1.275525e+00
593	4.886759e-01	4.915494e-01	1.212995e+00
594	5.311812e-01	5.150469e-01	2.964827e+00
595	4.780334e-01	4.878841e-01	2.079629e+00
596	3.748295e-01	3.224083e-01	1.187592e+00
597	4.978937e-01	5.404296e-01	1.258915e+00
598	4.433134e-01	5.096204e-01	1.999511e+00
599	4.800730e-01	5.229794e-01	1.264778e+00
600	4.841939e-01	5.332017e-01	1.110405e+00
601	5.438343e-01	7.966201e-01	1.107474e+00
602	4.362898e-01	4.079111e-01	1.070347e+00
603	4.859597e-01	5.202962e-01	2.400098e+00
604	4.976471e-01	4.673706e-01	2.871031e+00
605	4.810784e-01	5.098561e-01	2.739130e+00
606	4.971649e-01	5.134294e-01	2.061065e+00
607	2.617002e-01	4.250846e-01	1.073278e+00
608	4.626504e-01	4.912365e-01	2.799707e+00
609	4.492087e-01	4.463720e-01	2.010259e+00
610	4.067092e-01	5.624608e-01	1.700537e+00
611	4.740043e-01	4.912128e-01	1.339033e+00
612	4.889022e-01	4.652515e-01	2.227162e+00
613	6.629405e-01	2.419391e-01	2.482169e+00
614	4.886646e-01	5.024575e-01	2.958964e+00
615	4.859213e-01	5.320548e-01	1.443576e+00
616	3.612263e-01	5.307374e-01	2.381534e+00
617	4.391163e-01	4.438380e-01	1.971177e+00
618	4.780219e-01	4.910948e-01	2.960918e+00
619	4.233072e-01	4.292643e-01	1.812897e+00
620	5.196343e-01	4.105146e-01	1.170982e+00
621	4.584958e-01	4.816103e-01	1.277479e+00
622	4.414367e-01	4.380785e-01	1.176844e+00
623	3.581348e-01	4.995896e-01	1.636053e+00
624	4.272366e-01	5.994110e-01	2.336590e+00
625	4.329260e-01	4.756227e-01	1.343918e+00
626	4.508467e-01	5.145277e-01	1.905716e+00
627	4.279497e-01	4.842336e-01	1.784563e+00
628	4.794653e-01	5.042689e-01	2.063996e+00
629	4.814693e-01	5.225989e-01	2.497802e+00
630	5.289115e-01	4.755987e-01	2.870054e+00
631	5.054629e-01	5.429687e-01	1.729849e+00
632	4.908025e-01	6.058712e-01	2.290669e+00
633	4.734576e-01	5.143509e-01	2.841720e+00
634	4.763162e-01	5.200397e-01	2.195896e+00
635	4.306579e-01	4.775404e-01	1.601856e+00
636	4.731913e-01	4.878492e-01	2.449927e+00
637	4.586735e-01	4.789991e-01	1.462140e+00
638	4.778403e-01	5.152565e-01	2.041524e+00
639	4.763920e-01	5.120568e-01	2.061065e+00
640	5.481174e-01	5.508300e-01	2.130435e+00
641	4.190366e-01	2.722328e-01	2.205667e+00
642	4.751413e-01	5.020979e-01	2.184172e+00
643	4.323653e-01	4.996090e-01	2.747924e+00
644	2.980149e-01	5.611367e-01	2.909135e+00
645	4.775200e-01	5.133565e-01	2.777235e+00
646	4.308065e-01	4.526678e-01	1.295066e+00
647	4.604169e-01	6.049720e-01	1.050806e+00
648	3.018965e-01	5.118494e-01	1.191500e+00
649	4.616929e-01	5.009049e-01	1.198339e+00
650	4.941584e-01	5.091619e-01	2.656082e+00
651	4.843059e-01	5.440117e-01	1.692721e+00
652	8.073082e-01	7.311911e-01	2.330728e+00
653	4.570929e-01	4.827554e-01	1.906693e+00
654	4.617977e-01	5.215244e-01	2.192965e+00
655	4.040691e-01	4.561939e-01	1.200293e+00
656	4.836889e-01	5.187954e-01	2.361016e+00
657	4.186483e-01	4.434784e-01	2.080606e+00
658	4.878395e-01	5.088917e-01	2.017098e+00
659	3.973884e-01	5.545529e-01	2.191011e+00
660	7.139066e-01	6.451010e-01	1.667318e+00
661	6.069242e-01	6.203309e-01	2.229116e+00
662	3.017421e-01	4.316871e-01	1.188569e+00
663	5.230110e-01	5.413049e-01	2.714704e+00
664	5.096209e-01	5.309950e-01	1.979971e+00
665	4.784175e-01	5.822963e-01	2.954079e+00
666	4.365456e-01	5.047335e-01	1.803127e+00
667	4.955002e-01	4.853007e-01	1.039082e+00
668	5.304492e-01	3.757369e-01	1.893014e+00
669	4.423157e-01	4.168784e-01	1.778701e+00
670	4.934069e-01	5.359171e-01	1.807035e+00
671	5.013128e-01	5.466573e-01	1.102589e+00
672	4.508683e-01	7.913394e-01	1.879336e+00
673	4.259209e-01	5.392768e-01	1.984856e+00
674	4.758401e-01	5.134827e-01	2.238886e+00
675	4.811442e-01	5.116216e-01	2.868100e+00
676	4.711277e-01	5.254908e-01	2.748901e+00
677	5.520359e-01	6.224585e-01	1.578407e+00
678	4.678331e-01	4.991118e-01	1.621397e+00
679	4.806987e-01	5.117203e-01	2.657059e+00
680	4.846942e-01	5.498667e-01	2.404983e+00
681	4.822914e-01	4.688066e-01	2.272106e+00
682	4.783364e-01	4.085206e-01	1.463117e+00
683	4.872723e-01	5.327962e-01	2.316072e+00
684	4.702046e-01	4.936506e-01	2.334636e+00
685	3.859484e-01	4.195499e-01	1.365413e+00
686	4.052559e-01	6.608503e-01	2.105032e+00
687	4.737557e-01	4.497690e-01	1.339033e+00
688	4.777396e-01	5.100902e-01	2.932584e+00
689	4.759089e-01	5.059678e-01	2.378603e+00
690	4.808500e-01	5.073775e-01	1.833415e+00
691	3.444192e-01	4.552312e-01	1.663410e+00
692	4.332293e-01	5.232723e-01	2.251588e+00
693	5.916009e-01	4.642247e-01	1.766976e+00
694	5.631831e-01	5.575256e-01	1.575476e+00
695	5.247686e-01	2.654386e-01	2.771373e+00
696	4.876052e-01	5.175605e-01	2.787005e+00
697	4.861947e-01	5.149028e-01	1.959453e+00
698	4.903073e-01	5.356734e-01	2.187103e+00
699	4.773731e-01	5.142539e-01	2.430386e+00
700	5.366074e-01	5.601777e-01	2.679531e+00
701	4.771671e-01	5.239890e-01	2.191988e+00
702	3.727522e-01	4.662840e-01	2.945286e+00
703	4.552963e-01	5.200370e-01	2.793845e+00
704	5.047013e-01	5.389890e-01	2.132389e+00
705	6.739625e-01	5.954273e-01	1.627259e+00
706	4.721345e-01	5.011217e-01	1.623351e+00
707	4.652894e-01	5.100087e-01	2.772350e+00
708	4.834400e-01	5.175741e-01	1.552027e+00
709	6.325434e-01	5.193649e-01	1.180752e+00
710	4.465181e-01	4.441015e-01	1.632145e+00
711	3.806338e-01	3.223461e-01	1.680997e+00
712	3.908665e-01	4.619540e-01	2.828041e+00
713	4.454409e-01	6.865865e-01	1.703468e+00
714	4.919265e-01	5.483553e-01	1.471910e+00
715	4.724381e-01	5.339379e-01	2.368832e+00
716	4.537114e-01	5.015714e-01	1.961407e+00
717	4.706438e-01	5.167221e-01	1.756229e+00
718	4.432959e-01	4.991025e-01	2.987298e+00
719	4.809232e-01	5.061316e-01	2.332682e+00
720	4.584740e-01	4.908903e-01	1.097704e+00
721	4.694123e-01	4.404417e-01	1.954568e+00
722	4.791116e-01	5.084036e-01	1.704446e+00
723	4.759939e-01	5.136110e-01	1.853933e+00
724	5.068964e-01	5.719304e-01	2.829995e+00
725	4.825504e-01	4.866436e-01	2.232047e+00
726	4.302672e-01	4.546666e-01	2.587689e+00
727	6.646527e-01	2.662362e-01	2.698095e+00
729	4.503125e-01	5.952964e-01	1.212995e+00
730	3.496093e-01	5.510030e-01	1.502198e+00
731	4.742856e-01	5.140111e-01	2.614069e+00
732	5.720050e-01	6.631614e-01	2.880801e+00
733	4.923902e-01	5.332467e-01	1.956522e+00
734	4.867890e-01	5.959596e-01	2.745970e+00
735	7.917239e-01	4.482762e-01	1.179775e+00
736	4.617067e-01	5.309320e-01	1.935027e+00
737	4.732883e-01	5.229295e-01	1.975085e+00
738	4.690599e-01	4.813156e-01	1.067416e+00
739	4.484008e-01	5.485901e-01	2.024915e+00
740	3.273197e-01	4.785796e-01	2.810454e+00
741	4.702161e-01	4.424587e-01	2.428432e+00
742	5.010976e-01	4.818077e-01	1.957499e+00
743	4.713417e-01	6.688913e-01	2.306302e+00
744	4.569655e-01	5.032548e-01	2.557401e+00
745	4.461423e-01	4.595099e-01	1.243283e+00
746	4.615544e-01	4.708127e-01	2.429409e+00
747	4.819123e-01	4.764026e-01	2.523205e+00
748	5.324287e-01	5.515184e-01	2.842697e+00
749	4.784829e-01	5.143352e-01	2.247680e+00
750	4.532824e-01	4.722049e-01	2.000489e+00
751	4.903494e-01	5.338272e-01	2.446019e+00
752	4.719279e-01	5.157040e-01	2.360039e+00
753	5.556626e-01	4.003331e-01	2.567171e+00
754	4.749271e-01	5.292154e-01	2.415730e+00
755	4.814851e-01	5.186081e-01	1.989741e+00
756	4.819504e-01	5.057598e-01	2.908158e+00
757	5.433053e-01	3.747756e-01	2.731314e+00
758	4.797113e-01	5.109813e-01	2.544700e+00
759	4.763704e-01	5.145728e-01	2.890572e+00
760	4.764903e-01	5.111122e-01	1.654617e+00
761	4.739885e-01	5.160467e-01	1.008793e+00
762	4.876710e-01	5.908346e-01	1.260870e+00
763	4.135025e-01	4.638714e-01	1.347826e+00
764	4.500692e-01	5.092431e-01	1.325354e+00
765	4.814426e-01	5.159002e-01	1.420127e+00
766	4.362511e-01	3.055616e-01	2.845628e+00
767	4.366933e-01	4.845866e-01	1.853933e+00
768	4.767564e-01	5.236718e-01	1.303859e+00
769	5.501034e-01	6.446721e-01	1.294089e+00
770	7.202588e-01	1.931536e-01	1.675134e+00
771	4.985283e-01	5.748997e-01	2.417684e+00
772	4.745026e-01	4.767568e-01	2.053249e+00
773	4.683543e-01	5.167907e-01	1.276502e+00
774	6.098683e-01	3.634432e-01	2.779189e+00
775	2.357384e-01	3.481483e-01	1.984856e+00
776	4.222311e-01	4.706102e-01	2.295554e+00
777	4.757201e-01	5.060787e-01	1.652662e+00
778	4.764182e-01	5.071806e-01	2.464582e+00
779	4.804878e-01	5.131965e-01	1.763068e+00
780	4.899586e-01	4.891611e-01	2.026869e+00
781	4.552947e-01	4.982737e-01	1.160234e+00
782	5.353973e-01	6.610874e-01	2.302394e+00
783	4.887374e-01	4.938726e-01	1.384954e+00
784	4.608764e-01	4.931793e-01	2.598437e+00
785	4.166797e-01	4.865229e-01	2.130435e+00
786	4.844073e-01	5.158443e-01	1.690767e+00
787	5.027144e-01	5.172406e-01	1.940889e+00
788	4.707910e-01	4.954147e-01	2.099170e+00
