769
0	8.994092e-01	4.297250e-01	1.398632e+00
1	5.595590e-01	4.545937e-01	1.108451e+00
2	5.306392e-01	3.983738e-01	2.925745e+00
3	7.933904e-01	3.073512e-01	2.732291e+00
4	8.449772e-01	8.546812e-02	1.257938e+00
5	6.889967e-01	3.943585e-01	2.424524e+00
7	4.343478e-01	6.274986e-01	2.705911e+00
8	5.566413e-01	2.933966e-01	2.442110e+00
9	6.011627e-01	3.686786e-01	2.233024e+00
10	6.247795e-01	4.236158e-01	2.376649e+00
11	5.721773e-01	3.490467e-01	1.556913e+00
13	5.010601e-01	7.460121e-01	1.066439e+00
14	3.632385e-01	4.180103e-01	1.626282e+00
15	6.643926e-01	1.904971e-01	1.306790e+00
16	5.380120e-01	5.033876e-01	2.902296e+00
17	6.036498e-01	3.647114e-01	1.195408e+00
18	6.557411e-01	3.913824e-01	1.785540e+00
19	6.125263e-01	5.069195e-01	1.248168e+00
20	6.351907e-01	4.475393e-01	1.863703e+00
21	2.383805e-01	2.107105e-01	2.671715e+00
22	6.239919e-01	4.875959e-01	2.487054e+00
23	6.183394e-01	2.621377e-01	1.946751e+00
24	1.943291e-01	7.658830e-01	1.303859e+00
25	8.805914e-01	1.324866e-01	2.152907e+00
26	6.033393e-01	3.880227e-01	1.388862e+00
27	5.557254e-01	3.257168e-01	1.591109e+00
28	4.857231e-01	6.213958e-01	2.205667e+00
29	4.327645e-01	3.841125e-01	2.181241e+00
30	7.130455e-01	1.866730e-01	1.475818e+00
31	5.519433e-01	4.729108e-01	2.309233e+00
32	4.873109e-01	2.782062e-01	2.073766e+00
33	4.283297e-01	6.029929e-01	2.331705e+00
34	6.241246e-01	4.547375e-01	1.126038e+00
35	1.196655e-01	7.463638e-01	2.235955e+00
36	5.374253e-01	1.784084e-02	2.805569e+00
37	5.544851e-01	2.929501e-01	2.555447e+00
38	5.959100e-01	3.320153e-01	2.559355e+00
39	6.487855e-01	3.779157e-01	1.895945e+00
40	3.046258e-01	6.291065e-01	1.282364e+00
41	6.130655e-01	4.550536e-01	2.750855e+00
42	6.030555e-01	3.555682e-01	2.412799e+00
43	5.717882e-01	4.806430e-01	2.557401e+00
44	5.851365e-01	3.731977e-01	1.648754e+00
45	5.788748e-01	1.655660e-01	1.721055e+00
46	5.707588e-01	4.366049e-01	2.588666e+00
47	5.782585e-01	4.939670e-01	1.525647e+00
48	5.711131e-01	3.388287e-01	2.751832e+00
50	7.438973e-01	2.703709e-01	1.663410e+00
51	5.876115e-01	4.837186e-01	2.560332e+00
52	3.429039e-01	5.742875e-01	1.696629e+00
53	4.513108e-01	5.631416e-01	1.506106e+00
54	6.128109e-01	3.609990e-01	2.675623e+00
55	5.734816e-01	3.418436e-01	2.497802e+00
57	8.228495e-01	6.359607e-02	2.361993e+00
58	8.329922e-01	2.612387e-01	1.866634e+00
59	5.579322e-01	1.810542e-01	2.930630e+00
60	5.697887e-01	4.404224e-01	1.503175e+00
61	5.798206e-01	3.382491e-01	2.449927e+00
62	5.837527e-01	4.462458e-01	2.831949e+00
63	5.101772e-01	3.198608e-01	2.317049e+00
64	6.318570e-01	4.008204e-01	2.353200e+00
65	6.015873e-01	3.665508e-01	2.575965e+00
66	6.794034e-01	2.204206e-01	2.922814e+00
67	3.510670e-01	5.871427e-01	2.289692e+00
68	4.830535e-01	4.354298e-01	2.766488e+00
69	6.451950e-01	4.424368e-01	1.522716e+00
70	1.955261e-01	2.983535e-01	2.769419e+00
71	6.487778e-01	4.122131e-01	1.110405e+00
72	3.938097e-01	3.848074e-01	1.412311e+00
73	5.155751e-01	4.272276e-01	1.951637e+00
74	3.875210e-01	6.708161e-01	1.449438e+00
75	4.621635e-01	4.281067e-01	2.176356e+00
76	6.545490e-01	3.702148e-01	1.212995e+00
77	6.113461e-01	4.151137e-01	1.872496e+00
78	5.859058e-01	3.659257e-01	1.606742e+00
79	7.682235e-01	9.031058e-01	1.183683e+00
80	6.080715e-01	3.578519e-01	2.736199e+00
81	5.586024e-01	4.561630e-01	1.617489e+00
82	3.665230e-01	3.985245e-01	2.456766e+00
83	6.240084e-01	7.706254e-01	1.406448e+00
84	4.974555e-02	4.619734e-01	2.453835e+00
85	5.029371e-01	4.656963e-01	2.712750e+00
86	6.013242e-01	3.729099e-01	2.877870e+00
87	8.342661e-01	8.604113e-02	1.533464e+00
88	2.409044e-01	1.931909e-01	2.169516e+00
89	6.216704e-01	5.158586e-01	2.483146e+00
90	5.980000e-01	3.804379e-01	1.538349e+00
91	5.574414e-01	5.184348e-01	1.117245e+00
92	6.574417e-01	3.990210e-01	2.709819e+00
93	5.556989e-01	3.558208e-01	2.929653e+00
94	5.703756e-01	3.224961e-01	2.125550e+00
95	7.060219e-01	4.372043e-01	2.148999e+00
96	6.050394e-01	3.902466e-01	1.206155e+00
97	5.240338e-01	4.637827e-01	2.689301e+00
98	5.324521e-01	4.929976e-01	1.997557e+00
99	4.385761e-01	3.304233e-01	1.753298e+00
100	5.979875e-01	3.289282e-01	1.491451e+00
101	5.697581e-01	5.379485e-01	2.381534e+00
102	2.356514e-01	9.430951e-02	1.837323e+00
103	5.762001e-01	2.332818e-01	2.723498e+00
104	8.130968e-01	7.244182e-01	1.216903e+00
105	3.242713e-01	4.338347e-01	1.385931e+00
106	4.493614e-01	4.319919e-01	1.094773e+00
107	6.419903e-01	4.047257e-01	1.887152e+00
108	6.970102e-01	4.034077e-01	1.869565e+00
109	5.619794e-01	4.489764e-01	2.657059e+00
110	6.394419e-01	4.008393e-01	1.905716e+00
111	9.071510e-01	3.367745e-01	2.319980e+00
112	4.194976e-01	4.213959e-01	1.549096e+00
113	5.215141e-01	4.592215e-01	1.155349e+00
114	6.437109e-01	3.898901e-01	1.261847e+00
115	6.492587e-01	3.822435e-01	1.308745e+00
116	1.250456e-01	3.030186e-01	1.148510e+00
117	6.479822e-01	3.742985e-01	1.865657e+00
118	6.641563e-01	2.969475e-01	2.988276e+00
119	5.568271e-01	4.790806e-01	1.479726e+00
120	7.391987e-01	2.609094e-01	2.095261e+00
121	5.969252e-01	3.751827e-01	2.442110e+00
122	5.133443e-01	6.908654e-02	1.070347e+00
123	4.923091e-01	4.021267e-01	1.417196e+00
124	5.941551e-01	4.804453e-01	2.817294e+00
125	6.026364e-01	4.641249e-01	1.164143e+00
126	5.877525e-01	3.797919e-01	2.738153e+00
127	4.161261e-01	4.759282e-01	2.338544e+00
128	5.442912e-01	1.826158e-01	1.282364e+00
129	5.949488e-01	3.295330e-01	2.676600e+00
130	5.424835e-01	1.777579e-01	2.443087e+00
131	8.107401e-01	1.063799e-01	2.375672e+00
132	6.319923e-01	4.383827e-01	1.220811e+00
133	4.950725e-01	3.871029e-01	2.407914e+00
134	7.656728e-01	3.112340e-01	2.277968e+00
135	5.719655e-01	5.125258e-01	2.409868e+00
136	4.983613e-01	4.233766e-01	2.083537e+00
137	7.053179e-01	2.113157e-01	2.286761e+00
138	4.887623e-01	3.945011e-01	1.194431e+00
139	6.407120e-01	4.253687e-01	2.818271e+00
140	8.044079e-01	2.968614e-01	2.827064e+00
141	6.279612e-01	3.679969e-01	1.684905e+00
142	6.050572e-01	4.788340e-01	1.999511e+00
143	6.322941e-01	3.461082e-01	1.956522e+00
144	4.846791e-01	4.725170e-01	2.323889e+00
145	6.402655e-01	4.028173e-01	2.501710e+00
146	6.623161e-01	4.468105e-01	2.395213e+00
147	3.129744e-01	3.143749e-01	2.719590e+00
148	6.030919e-01	4.957525e-01	2.937469e+00
149	9.107282e-01	7.050516e-02	2.803615e+00
150	5.877485e-01	4.896602e-01	1.794333e+00
151	3.964371e-01	3.742110e-01	2.611138e+00
152	6.148071e-01	4.209051e-01	1.724963e+00
153	5.985643e-01	4.672500e-01	1.983879e+00
154	6.010043e-01	3.704126e-01	2.181241e+00
155	5.300307e-01	3.946603e-01	1.295066e+00
156	4.227716e-01	8.003618e-01	1.970200e+00
157	6.435512e-01	3.789220e-01	2.387396e+00
158	3.559211e-01	4.265308e-01	2.386419e+00
159	4.391869e-01	6.516793e-01	2.647289e+00
160	5.982485e-01	3.366873e-01	1.686859e+00
161	1.722582e-01	4.362086e-01	1.553981e+00
162	6.492248e-01	4.364914e-01	1.764045e+00
163	4.026349e-01	5.555862e-01	1.632145e+00
164	6.046727e-01	5.245044e-01	1.235467e+00
165	5.933642e-01	3.531656e-01	2.251588e+00
166	7.250112e-01	3.866212e-01	1.751343e+00
167	2.108068e-01	5.181593e-01	1.715193e+00
168	6.101150e-01	3.642590e-01	2.109917e+00
169	6.297534e-01	3.982781e-01	2.137274e+00
170	7.056979e-01	2.132169e-01	2.099170e+00
171	6.873585e-01	3.067297e-01	2.057157e+00
172	5.897327e-01	3.990002e-01	2.246702e+00
173	4.950791e-01	4.454116e-01	1.894968e+00
174	8.723439e-01	3.878443e-01	2.453835e+00
175	5.655256e-01	5.404425e-01	2.834880e+00
176	4.655016e-01	5.891295e-01	2.215437e+00
177	6.201806e-01	4.023200e-01	2.153884e+00
178	5.338493e-01	3.860945e-01	2.475330e+00
180	3.430879e-01	4.292886e-01	2.127504e+00
181	6.036029e-01	4.352449e-01	1.790425e+00
182	4.268091e-01	1.434701e-01	1.736688e+00
184	6.003688e-01	4.223425e-01	2.042501e+00
185	9.452443e-01	3.657063e-02	1.468979e+00
186	5.782979e-01	4.048240e-01	1.784563e+00
187	8.699407e-01	7.929546e-01	2.653151e+00
188	6.238727e-01	4.023910e-01	1.839277e+00
189	6.378049e-01	3.710951e-01	1.175867e+00
190	3.993220e-01	3.631362e-01	2.807523e+00
191	4.472879e-01	5.851299e-01	2.811431e+00
192	6.863728e-01	2.455593e-01	1.192477e+00
193	5.315740e-01	4.057228e-01	1.620420e+00
194	5.985169e-01	3.748061e-01	2.624817e+00
195	6.227090e-01	3.764287e-01	2.806546e+00
196	7.067078e-01	4.417587e-01	1.763068e+00
197	3.790636e-01	3.320244e-01	2.060088e+00
198	8.159082e-01	2.169136e-01	2.458720e+00
199	7.663042e-01	2.572339e-01	2.463605e+00
200	4.933297e-01	4.487843e-01	1.141671e+00
201	7.349807e-01	3.528299e-01	1.146556e+00
202	7.682576e-01	2.448230e-01	1.395701e+00
203	5.829488e-01	3.316753e-01	1.755252e+00
204	3.492372e-01	4.239642e-01	2.901319e+00
205	8.323755e-01	7.397221e-02	2.123596e+00
206	4.841115e-01	4.471894e-01	1.652662e+00
207	3.871144e-01	5.710085e-01	1.199316e+00
208	6.029286e-01	4.828161e-01	2.170493e+00
210	4.681300e-01	6.503141e-01	1.545188e+00
211	6.532509e-01	4.214435e-01	1.376160e+00
212	5.153904e-01	5.361591e-01	1.621397e+00
213	5.802445e-01	3.609774e-01	1.883244e+00
214	6.012925e-01	3.078469e-01	1.612604e+00
215	5.855109e-01	3.406844e-01	2.909135e+00
216	6.236769e-01	4.184377e-01	1.354665e+00
217	5.730218e-01	4.809944e-01	2.770396e+00
218	6.755390e-01	4.335018e-01	2.148999e+00
219	6.300599e-01	5.240140e-01	2.624817e+00
220	3.882806e-01	3.613236e-01	2.697118e+00
221	5.920671e-01	4.002502e-01	1.938935e+00
222	2.915010e-01	5.246460e-01	1.854910e+00
223	2.243051e-01	2.053961e-01	2.625794e+00
224	5.502521e-01	2.423055e-01	2.984367e+00
225	7.873102e-01	1.857350e-01	2.693210e+00
226	5.823909e-01	3.369652e-01	2.276014e+00
227	5.949505e-01	2.573549e-01	1.245237e+00
228	4.893686e-01	4.544605e-01	1.489497e+00
229	5.220580e-01	5.375060e-01	2.305325e+00
230	3.823235e-01	4.475732e-01	2.689301e+00
231	5.657296e-01	3.278889e-01	1.346849e+00
232	5.609395e-01	3.176617e-01	2.447973e+00
233	5.086660e-01	4.008757e-01	1.591109e+00
234	4.536694e-01	4.018450e-01	1.931119e+00
235	5.358266e-01	4.451266e-01	2.687347e+00
236	6.078324e-01	4.875590e-01	2.787982e+00
237	6.533245e-01	3.854166e-01	1.510015e+00
238	4.919769e-01	3.303900e-01	2.193942e+00
239	4.993367e-01	2.897600e-01	2.918906e+00
240	4.725356e-01	5.460841e-01	1.734734e+00
241	6.162897e-01	4.097926e-01	1.119199e+00
242	5.153965e-01	4.207812e-01	1.631168e+00
243	5.461543e-01	4.801496e-01	1.258915e+00
244	6.368853e-01	3.875970e-01	2.458720e+00
245	3.492219e-01	2.730391e-01	2.134343e+00
246	6.468150e-01	4.534557e-01	2.662921e+00
247	6.264249e-01	4.056850e-01	2.924768e+00
248	4.794993e-01	3.870294e-01	2.983390e+00
249	7.061210e-01	1.330764e-01	2.305325e+00
250	6.359248e-01	3.747321e-01	2.763556e+00
251	6.703866e-01	1.724708e-01	2.374695e+00
252	2.644792e-01	3.193792e-01	1.703468e+00
253	5.521505e-01	4.909914e-01	1.246214e+00
254	6.396361e-01	4.755513e-01	2.925745e+00
255	5.945389e-01	3.356521e-01	1.857841e+00
256	6.419167e-01	4.007911e-01	2.601368e+00
257	6.874212e-01	3.562574e-01	2.413776e+00
258	3.864535e-01	3.529631e-01	2.569126e+00
259	4.847966e-01	4.118229e-01	1.865657e+00
260	6.171380e-01	4.120493e-01	2.574988e+00
261	5.505399e-01	4.035660e-01	1.598925e+00
262	3.491963e-01	7.578316e-01	2.264289e+00
263	4.216269e-02	4.726586e-01	1.176844e+00
264	6.233383e-01	2.747558e-01	1.061553e+00
265	5.723906e-01	3.539126e-01	2.526136e+00
266	7.473774e-01	3.087860e-01	1.928188e+00
267	6.220578e-01	4.036871e-01	2.006351e+00
268	6.565834e-01	3.039300e-01	1.041036e+00
269	6.008872e-01	2.076059e-01	1.793356e+00
270	8.509605e-01	5.270609e-02	1.860772e+00
271	3.779746e-01	1.603904e-01	1.389839e+00
272	5.293490e-01	5.536703e-01	1.052760e+00
273	8.529672e-01	5.208635e-02	1.156326e+00
274	1.835275e-01	5.389960e-02	1.981925e+00
275	5.614405e-01	1.702796e-01	2.256473e+00
276	7.686490e-01	2.041825e-01	2.368832e+00
277	5.995467e-01	4.119349e-01	2.024915e+00
278	5.363128e-01	1.851483e-01	1.266732e+00
279	2.628813e-01	4.289341e-01	1.348803e+00
280	2.520845e-01	9.200746e-02	2.472399e+00
281	1.268659e-01	4.108056e-01	2.288715e+00
282	6.235920e-01	4.071217e-01	2.745970e+00
283	3.021713e-01	6.350380e-01	2.490962e+00
284	1.876032e-01	7.524942e-02	2.515388e+00
286	5.590868e-01	3.734177e-01	2.662921e+00
287	6.769059e-01	4.063206e-01	2.264289e+00
288	3.835736e-01	4.154308e-01	2.905227e+00
289	2.366003e-01	1.283567e-01	1.058622e+00
290	3.975386e-01	4.503520e-01	2.152907e+00
291	6.912481e-01	1.166127e-01	2.784074e+00
292	5.692287e-01	4.577924e-01	2.445042e+00
293	4.660646e-01	4.723320e-01	2.852467e+00
294	6.215981e-01	4.046087e-01	2.070835e+00
295	5.288850e-01	3.954964e-01	1.406448e+00
296	5.512213e-01	4.045370e-01	1.751343e+00
297	6.739561e-01	2.310482e-01	2.077675e+00
298	5.131153e-01	4.374903e-01	1.601856e+00
299	2.583652e-01	7.282057e-01	2.048363e+00
300	2.103725e-01	2.071820e-01	2.781143e+00
301	5.794477e-01	4.664853e-01	2.779189e+00
302	7.597660e-01	2.509966e-01	2.617978e+00
304	4.934000e-01	4.574059e-01	1.948705e+00
305	5.926069e-01	3.522938e-01	1.416219e+00
306	4.061387e-01	5.026934e-01	1.745481e+00
307	5.688638e-01	5.326326e-01	2.291646e+00
308	1.369358e-01	4.023714e-01	1.868588e+00
309	7.335396e-01	3.359412e-01	2.511480e+00
310	6.194635e-01	4.564178e-01	2.596483e+00
311	7.017086e-01	2.278740e-01	2.855398e+00
312	5.931446e-01	4.021169e-01	1.312653e+00
313	8.465436e-01	6.722358e-02	1.787494e+00
314	5.977558e-01	3.382728e-01	2.252565e+00
315	6.787819e-01	4.009362e-01	1.978017e+00
316	5.812039e-01	4.454088e-01	2.965804e+00
317	5.828267e-01	3.725479e-01	2.221299e+00
318	4.894195e-01	5.667971e-01	1.701514e+00
319	7.535123e-01	5.198384e-01	1.135809e+00
320	6.261957e-01	4.226839e-01	2.997069e+00
321	7.053823e-01	1.296886e-01	2.470445e+00
322	2.448149e-01	2.089534e-01	2.362970e+00
323	5.614340e-01	3.868168e-01	2.553493e+00
324	5.071133e-01	4.081454e-01	1.347826e+00
325	2.129054e-01	9.277390e-02	2.896434e+00
326	6.022566e-01	4.121486e-01	1.857841e+00
327	5.569814e-01	4.168531e-01	1.669272e+00
328	6.095490e-01	3.634519e-01	1.726917e+00
329	6.110312e-01	4.584187e-01	2.604299e+00
330	5.282198e-01	4.025703e-01	2.089399e+00
331	5.733608e-01	5.173409e-01	1.552027e+00
332	8.071606e-01	3.141251e-01	1.769907e+00
333	6.576251e-01	4.210320e-01	1.382022e+00
334	8.514180e-01	6.922749e-02	2.510503e+00
335	6.050702e-01	3.331514e-01	1.640938e+00
336	5.303961e-01	5.293615e-01	2.933561e+00
337	5.509756e-01	3.831715e-01	1.033219e+00
338	6.581620e-01	5.644990e-01	1.408403e+00
339	5.966592e-01	5.476123e-01	2.767465e+00
340	5.914142e-01	3.498486e-01	1.526624e+00
341	8.421723e-01	5.789440e-02	1.456277e+00
342	5.745445e-01	4.816912e-01	1.054714e+00
343	5.783726e-01	3.518583e-01	2.601368e+00
344	1.527867e-01	5.273411e-02	2.193942e+00
345	7.244336e-01	2.277280e-01	2.321935e+00
346	3.342537e-01	3.887611e-01	1.564729e+00
347	3.955767e-01	3.787763e-01	1.679043e+00
349	5.820883e-01	4.751067e-01	2.564240e+00
350	4.274590e-01	5.331356e-01	2.311187e+00
351	2.132853e-01	7.819854e-01	1.297997e+00
352	5.676157e-01	3.876176e-01	2.873962e+00
353	1.780638e-01	5.401579e-01	2.202736e+00
354	5.546914e-01	2.948338e-01	2.653151e+00
355	4.101213e-01	4.974610e-01	2.461651e+00
356	6.240139e-01	4.258400e-01	1.679043e+00
357	4.415538e-01	3.761618e-01	2.991207e+00
358	6.481059e-01	1.147136e-01	2.857352e+00
359	7.241703e-01	2.494720e-01	1.913532e+00
360	6.405183e-01	5.522079e-01	1.216903e+00
361	4.820997e-01	5.467059e-01	1.214949e+00
362	4.910456e-01	4.125741e-01	1.005862e+00
363	7.233523e-01	2.698247e-01	2.227162e+00
364	5.421952e-01	4.501650e-01	1.723009e+00
365	4.673199e-01	5.743752e-01	1.491451e+00
366	2.843032e-01	6.428988e-01	1.692721e+00
367	6.011707e-01	3.852037e-01	1.154372e+00
368	5.293233e-01	4.570522e-01	1.851001e+00
369	6.278594e-01	4.133245e-01	2.418661e+00
370	6.963968e-01	2.092412e-01	1.874450e+00
371	5.711528e-01	8.144289e-02	1.591109e+00
372	6.032741e-01	4.306181e-01	2.199805e+00
373	4.952477e-01	1.170806e-01	2.208598e+00
374	6.079771e-01	4.005348e-01	1.322423e+00
376	4.051074e-01	3.540247e-01	1.815828e+00
377	6.019887e-01	5.029329e-01	1.328285e+00
378	5.946890e-01	3.712271e-01	1.883244e+00
379	7.838559e-01	8.520318e-01	1.599902e+00
380	6.071475e-01	6.379859e-01	2.343429e+00
381	2.788478e-01	4.508515e-01	1.835369e+00
382	1.942960e-01	8.229783e-01	1.065462e+00
383	6.042353e-01	3.070318e-01	1.698583e+00
384	4.097898e-01	2.945228e-01	2.761602e+00
385	5.100043e-01	4.501278e-01	1.961407e+00
386	5.377817e-01	4.360995e-01	2.449927e+00
387	5.743557e-01	3.348606e-01	2.669761e+00
388	1.770834e-01	2.051696e-01	2.597460e+00
389	5.085646e-01	5.865398e-01	2.960918e+00
390	5.926242e-01	4.750097e-01	1.655594e+00
391	7.077416e-01	5.213047e-01	2.572057e+00
392	6.190228e-01	4.032472e-01	1.234489e+00
393	6.476109e-01	3.716535e-01	1.607719e+00
394	5.315786e-01	4.008755e-01	2.643381e+00
395	4.415209e-01	5.158286e-01	1.233512e+00
396	4.174124e-01	4.438662e-01	2.058134e+00
397	1.229745e-01	7.310753e-01	1.083048e+00
398	4.579557e-01	4.762210e-01	2.453835e+00
399	6.115774e-01	3.065922e-01	2.169516e+00
400	6.019198e-01	3.720917e-01	1.634099e+00
401	1.705664e-01	4.840453e-01	1.314607e+00
402	6.236204e-01	4.180806e-01	2.292623e+00
403	6.234000e-01	5.405366e-01	1.759160e+00
404	4.476785e-01	1.960919e-01	2.942355e+00
405	6.145469e-01	2.658048e-01	1.358574e+00
406	6.167073e-01	3.804185e-01	1.474841e+00
407	3.204666e-01	3.263019e-01	2.850513e+00
408	3.942805e-01	4.373735e-01	2.543723e+00
409	6.327100e-01	4.326883e-01	1.170005e+00
410	6.166683e-01	4.582144e-01	2.011236e+00
411	5.201424e-01	5.893848e-01	2.982413e+00
412	3.087927e-01	4.380381e-01	1.578407e+00
413	6.053943e-01	2.310714e-01	2.904250e+00
414	6.412941e-01	4.011232e-01	2.948217e+00
415	6.274194e-01	3.800736e-01	1.856864e+00
416	6.612065e-01	5.672503e-01	1.780655e+00
417	4.109667e-01	3.772297e-01	1.223742e+00
418	5.853240e-01	3.212802e-01	2.928676e+00
419	5.863307e-01	4.836819e-01	1.055691e+00
420	5.866551e-01	3.359746e-01	2.823156e+00
421	6.177790e-01	4.376555e-01	2.886663e+00
422	6.115108e-01	3.405890e-01	1.391793e+00
423	2.343052e-01	6.234587e-01	1.467025e+00
424	5.587959e-01	5.496252e-01	1.512946e+00
425	3.202603e-01	3.179896e-01	1.960430e+00
426	3.241551e-01	3.218222e-01	2.254519e+00
427	2.262329e-01	1.969994e-01	2.899365e+00
428	6.517685e-01	4.042014e-01	1.247191e+00
429	5.640197e-01	5.000516e-01	1.802149e+00
430	5.202895e-01	3.603039e-01	1.663410e+00
431	2.638360e-01	1.347082e-01	2.556424e+00
432	3.244309e-01	3.072393e-01	2.947240e+00
433	5.783350e-01	5.241991e-01	2.475330e+00
434	5.283631e-01	3.947394e-01	2.923791e+00
435	5.421639e-01	2.620058e-01	2.906204e+00
436	9.673967e-02	8.772627e-01	2.668784e+00
437	6.000772e-01	4.769465e-01	2.476307e+00
438	6.501284e-01	3.250066e-01	2.065950e+00
439	5.825502e-01	5.229291e-01	1.983879e+00
440	3.839941e-01	4.222775e-01	1.637030e+00
441	6.024333e-01	6.096191e-01	1.338056e+00
442	7.068734e-01	3.977900e-01	2.406937e+00
443	6.123041e-01	3.724054e-01	1.422081e+00
444	6.002570e-01	4.290284e-01	2.956033e+00
445	5.369987e-01	3.817858e-01	2.601368e+00
446	5.644497e-01	3.059333e-01	1.846116e+00
447	5.839894e-01	3.447702e-01	1.264778e+00
448	7.247789e-01	2.852421e-01	1.119199e+00
449	7.127704e-01	5.380269e-01	1.956522e+00
450	4.740119e-01	4.759643e-01	2.971666e+00
451	6.249741e-01	4.028658e-01	2.149976e+00
452	4.470113e-01	5.173280e-01	1.574499e+00
453	6.114256e-01	5.539178e-01	1.775769e+00
454	7.739969e-01	6.001339e-01	1.542257e+00
455	6.262295e-01	4.035893e-01	2.984367e+00
456	6.697929e-01	3.435664e-01	1.577430e+00
457	5.706574e-01	5.027531e-01	2.955056e+00
458	6.060996e-01	6.245904e-01	2.865169e+00
459	4.223007e-01	5.559699e-01	1.672203e+00
460	5.423050e-01	1.909307e-01	1.198339e+00
461	3.989695e-01	7.009289e-02	2.513434e+00
462	5.503353e-01	5.193990e-01	1.853933e+00
463	3.136357e-01	3.705155e-01	2.858329e+00
464	5.351332e-01	4.364158e-01	1.574499e+00
465	7.127882e-01	2.340503e-01	1.432829e+00
466	6.263770e-01	4.335069e-01	1.500244e+00
468	6.308728e-01	4.777944e-01	2.147044e+00
469	5.851567e-01	3.220796e-01	2.698095e+00
470	5.675848e-01	4.790860e-01	1.364436e+00
471	6.844647e-01	2.375854e-01	2.076698e+00
472	6.228542e-01	4.889276e-01	2.011236e+00
473	7.014244e-01	9.370665e-02	1.215926e+00
474	5.546359e-01	3.021447e-01	2.299463e+00
475	5.365557e-01	3.675411e-01	1.683928e+00
476	6.411293e-01	3.690943e-01	2.081583e+00
477	4.579160e-01	2.763908e-01	2.350269e+00
478	3.791113e-01	3.207203e-01	2.728383e+00
479	5.888492e-01	3.522017e-01	1.194431e+00
480	4.899604e-01	4.386048e-01	2.515388e+00
481	4.779041e-01	5.622290e-01	1.865657e+00
483	5.855608e-01	3.735500e-01	1.367367e+00
484	6.892877e-01	3.940619e-01	1.148510e+00
485	7.007364e-01	9.575963e-02	2.427455e+00
486	6.002605e-01	3.754370e-01	2.196873e+00
487	4.742834e-01	4.077162e-01	2.386419e+00
488	8.446535e-01	2.654131e-01	1.294089e+00
489	6.636822e-01	4.021145e-01	1.687836e+00
490	7.151586e-01	2.371187e-01	1.146556e+00
491	6.797731e-01	6.108828e-01	1.597948e+00
492	6.825613e-01	2.358459e-01	2.412799e+00
493	8.464871e-01	1.565535e-01	1.227650e+00
494	4.839122e-01	4.493415e-01	2.522228e+00
495	6.865813e-01	3.061457e-01	1.437714e+00
496	6.218190e-01	4.019099e-01	1.523693e+00
497	6.016433e-01	2.510444e-01	1.221788e+00
498	2.492042e-01	2.499616e-01	1.652662e+00
499	4.965339e-01	4.245075e-01	1.269663e+00
500	5.313561e-01	3.999474e-01	2.967758e+00
501	5.936684e-01	3.252135e-01	2.546654e+00
502	2.035302e-01	7.294896e-01	1.818759e+00
503	5.478793e-01	3.311944e-01	1.919394e+00
504	5.740012e-01	4.803754e-01	2.563263e+00
505	4.379435e-01	8.051258e-01	1.451392e+00
506	2.094497e-01	4.043459e-01	1.718124e+00
507	5.680376e-01	3.481169e-01	1.207132e+00
508	6.175633e-01	4.099229e-01	1.236444e+00
509	6.070562e-01	3.552818e-01	2.622863e+00
510	4.588996e-01	5.755543e-01	2.549585e+00
511	5.322397e-01	4.010991e-01	2.966781e+00
512	5.963298e-01	1.558753e-01	2.395213e+00
513	4.196472e-01	4.323346e-01	1.534441e+00
515	7.118699e-01	2.784986e-01	1.610650e+00
516	8.567549e-01	1.895359e-01	1.612604e+00
517	6.311358e-01	3.696337e-01	1.086957e+00
518	6.746715e-01	4.327553e-01	2.282853e+00
519	1.691894e-01	1.142342e-01	1.573522e+00
520	6.194986e-01	4.226330e-01	2.497802e+00
521	6.416169e-01	4.205885e-01	1.752320e+00
522	3.535891e-01	4.032333e-01	1.589155e+00
523	7.575231e-01	2.213449e-01	1.209086e+00
524	5.135249e-01	4.165101e-01	2.755740e+00
525	3.486252e-01	4.412698e-01	1.499267e+00
526	5.887831e-01	3.470731e-01	1.014656e+00
527	6.392203e-01	3.297142e-01	2.891549e+00
528	5.812837e-01	3.337385e-01	2.478261e+00
529	5.444520e-01	4.504904e-01	1.898876e+00
530	5.733366e-01	4.829124e-01	1.188569e+00
531	5.969045e-01	3.589716e-01	2.785051e+00
532	5.514775e-01	3.028542e-01	2.945286e+00
533	6.691842e-01	3.991714e-01	2.458720e+00
534	3.332249e-01	2.828355e-01	2.673669e+00
535	6.162814e-01	3.815421e-01	1.399609e+00
536	6.136023e-01	4.091353e-01	2.604299e+00
537	3.659207e-01	4.739116e-01	1.529555e+00
538	5.923159e-01	5.228162e-01	2.823156e+00
539	2.624525e-01	1.067549e-01	2.826087e+00
540	7.402606e-01	2.807477e-01	2.844651e+00
541	4.339025e-01	5.518053e-01	2.290669e+00
542	3.271900e-01	4.388863e-01	2.570103e+00
543	5.251007e-01	2.702064e-01	2.396190e+00
544	4.376080e-01	5.902791e-01	1.318515e+00
545	5.021192e-01	4.211376e-01	2.605276e+00
546	5.040146e-01	4.616124e-01	2.683439e+00
547	2.642980e-01	3.104721e-01	1.587201e+00
548	7.483515e-01	3.918894e-01	1.375183e+00
549	5.921797e-01	2.588373e-01	2.298486e+00
551	5.723290e-01	3.524623e-01	2.983390e+00
552	1.617765e-01	5.105162e-01	1.195408e+00
553	6.321967e-01	3.783688e-01	2.414753e+00
554	1.701786e-01	4.759184e-01	1.843185e+00
555	3.286218e-01	5.923990e-01	2.396190e+00
556	4.799615e-01	4.025754e-01	3.000000e+00
557	6.260688e-01	3.700664e-01	2.728383e+00
558	4.455940e-01	4.299042e-01	1.133854e+00
559	5.406265e-01	4.766390e-01	1.944797e+00
560	3.138420e-01	3.073639e-01	2.883732e+00
561	5.575164e-01	5.224774e-01	2.383488e+00
562	1.946205e-01	5.549308e-01	2.506595e+00
563	2.261435e-01	4.785501e-01	1.786517e+00
564	4.408099e-01	6.020629e-01	2.893503e+00
565	6.042404e-01	4.488004e-01	2.981436e+00
566	2.451328e-01	8.453121e-02	2.663898e+00
567	5.139695e-01	4.249010e-01	2.227162e+00
568	4.133300e-01	3.743977e-01	1.527601e+00
569	2.495120e-01	3.374790e-01	2.610161e+00
570	6.228953e-01	4.064126e-01	1.058622e+00
571	5.473008e-01	5.619350e-01	2.782120e+00
572	4.453914e-01	6.206336e-01	1.518808e+00
573	6.362864e-01	3.884855e-01	2.109917e+00
574	6.339500e-01	4.771152e-01	2.074744e+00
575	6.422980e-01	3.505310e-01	2.319003e+00
576	2.966071e-01	1.823336e-01	1.290181e+00
577	6.526616e-01	4.074821e-01	1.286273e+00
578	6.343359e-01	6.715461e-01	1.881290e+00
579	8.653825e-01	5.243567e-01	1.664387e+00
580	1.881665e-01	8.720739e-01	1.242306e+00
581	7.170690e-01	2.273816e-01	1.927211e+00
582	6.284030e-01	4.608577e-01	2.820225e+00
583	4.293845e-01	5.387844e-01	2.792868e+00
584	4.867294e-01	2.812311e-01	1.201270e+00
585	8.168859e-01	4.119827e-01	1.898876e+00
586	6.314150e-01	4.889860e-01	1.782609e+00
587	3.332501e-01	4.098317e-01	1.561798e+00
588	5.666194e-01	4.745289e-01	2.282853e+00
589	6.629588e-01	4.273397e-01	2.210552e+00
590	5.676428e-01	3.115993e-01	1.020518e+00
591	7.280855e-01	2.670475e-01	1.784563e+00
592	4.105924e-01	4.624049e-01	1.275525e+00
593	6.318670e-01	4.248489e-01	1.212995e+00
594	7.674833e-01	2.540814e-01	2.964827e+00
595	6.001238e-01	3.135647e-01	2.079629e+00
596	5.926356e-01	5.398039e-01	1.187592e+00
597	4.606289e-01	5.909832e-01	1.258915e+00
598	1.681302e-01	4.755083e-01	1.999511e+00
599	6.235205e-01	3.617518e-01	1.264778e+00
600	5.517999e-01	3.349287e-01	1.110405e+00
601	1.941130e-01	1.992594e-01	1.107474e+00
602	2.607802e-01	6.894132e-01	1.070347e+00
603	6.589140e-01	4.413755e-01	2.400098e+00
604	5.515872e-01	3.847000e-01	2.871031e+00
605	6.037799e-01	4.781106e-01	2.739130e+00
606	6.131324e-01	4.739533e-01	2.061065e+00
607	7.186977e-01	2.219312e-01	1.073278e+00
608	5.281499e-01	3.570213e-01	2.799707e+00
609	4.493888e-01	6.052080e-01	2.010259e+00
610	5.406106e-01	2.932879e-01	1.700537e+00
611	6.494466e-01	3.809389e-01	1.339033e+00
612	4.678084e-01	4.067801e-01	2.227162e+00
613	4.607946e-01	4.296311e-01	2.482169e+00
614	5.949179e-01	2.995551e-01	2.958964e+00
615	5.497031e-01	3.580144e-01	1.443576e+00
616	3.655687e-01	4.003481e-01	2.381534e+00
617	5.623174e-01	4.623309e-01	1.971177e+00
618	6.226431e-01	4.263070e-01	2.960918e+00
619	2.044946e-01	9.082507e-02	1.812897e+00
620	2.154985e-01	1.902134e-01	1.170982e+00
621	4.030307e-01	4.073064e-01	1.277479e+00
622	7.381108e-01	6.019145e-01	1.176844e+00
623	5.666751e-01	4.310522e-01	1.636053e+00
624	7.641040e-01	2.486779e-01	2.336590e+00
625	5.845343e-01	5.249118e-01	1.343918e+00
626	6.166852e-01	3.774536e-01	1.905716e+00
627	7.115576e-01	2.273015e-01	1.784563e+00
628	6.188733e-01	3.930409e-01	2.063996e+00
629	6.301967e-01	4.344129e-01	2.497802e+00
630	4.881766e-01	4.048311e-01	2.870054e+00
631	4.516292e-01	4.295467e-01	1.729849e+00
632	5.008272e-01	7.979922e-01	2.290669e+00
633	5.608888e-01	5.501484e-01	2.841720e+00
634	6.170051e-01	3.936939e-01	2.195896e+00
635	2.443247e-01	8.548728e-02	1.601856e+00
636	3.771921e-01	4.137935e-01	2.449927e+00
637	5.787538e-01	4.940581e-01	1.462140e+00
638	5.481304e-01	5.040065e-01	2.041524e+00
639	6.077170e-01	4.876479e-01	2.061065e+00
641	8.202198e-01	1.774248e-01	2.205667e+00
642	6.232790e-01	3.659515e-01	2.184172e+00
643	6.771273e-01	2.326363e-01	2.747924e+00
644	5.018080e-01	5.131174e-01	2.909135e+00
645	6.347813e-01	4.049615e-01	2.777235e+00
646	6.240143e-01	4.100010e-01	1.295066e+00
647	5.925051e-01	2.167578e-01	1.050806e+00
648	8.493484e-01	6.962172e-02	1.191500e+00
649	6.353112e-01	3.732351e-01	1.198339e+00
650	4.090702e-01	6.128157e-01	2.656082e+00
651	3.641860e-01	3.700208e-01	1.692721e+00
652	8.661703e-01	1.621074e-01	2.330728e+00
653	5.597353e-01	5.473833e-01	1.906693e+00
654	2.241591e-01	4.398812e-01	2.192965e+00
655	6.205707e-01	4.580374e-01	1.200293e+00
656	5.706762e-01	4.779852e-01	2.361016e+00
657	4.959354e-01	5.086994e-01	2.080606e+00
658	5.976331e-01	3.024674e-01	2.017098e+00
659	6.248731e-01	5.877582e-01	2.191011e+00
660	3.169073e-01	3.284262e-01	1.667318e+00
661	4.805178e-01	5.077981e-01	2.229116e+00
662	7.633552e-01	3.331909e-01	1.188569e+00
663	4.820216e-01	4.071787e-01	2.714704e+00
664	5.820539e-01	5.164919e-01	1.979971e+00
665	3.894101e-01	5.768802e-01	2.954079e+00
666	5.088954e-01	1.052180e-01	1.803127e+00
667	6.556070e-01	4.960863e-01	1.039082e+00
668	1.797074e-01	5.323823e-01	1.893014e+00
669	2.175208e-01	2.157493e-01	1.778701e+00
670	1.944604e-01	9.072903e-01	1.807035e+00
671	6.681070e-01	3.748613e-01	1.102589e+00
672	7.568170e-01	3.053670e-01	1.879336e+00
673	7.347559e-01	2.894002e-01	1.984856e+00
674	5.945841e-01	5.211069e-01	2.238886e+00
675	4.393015e-01	6.749437e-01	2.868100e+00
676	6.084644e-01	3.091526e-01	2.748901e+00
677	4.404906e-01	4.873218e-01	1.578407e+00
678	5.308515e-01	3.172247e-01	1.621397e+00
679	5.659250e-01	5.371630e-01	2.657059e+00
680	2.106770e-01	4.221797e-01	2.404983e+00
681	2.973298e-01	1.676931e-01	2.272106e+00
682	4.340306e-01	4.378966e-01	1.463117e+00
683	3.840018e-01	4.289769e-01	2.316072e+00
684	6.240491e-01	3.629893e-01	2.334636e+00
685	6.453824e-01	5.510613e-01	1.365413e+00
686	5.711575e-01	5.488746e-01	2.105032e+00
687	7.288963e-01	3.802201e-01	1.339033e+00
688	5.875562e-01	3.298945e-01	2.932584e+00
689	5.676660e-01	3.085250e-01	2.378603e+00
690	6.155682e-01	4.624186e-01	1.833415e+00
691	4.898278e-01	4.014105e-01	1.663410e+00
692	5.411484e-01	5.825988e-01	2.251588e+00
693	4.964081e-01	4.894560e-01	1.766976e+00
694	4.182077e-01	4.921953e-01	1.575476e+00
695	4.648166e-01	5.191676e-01	2.771373e+00
696	4.023199e-01	3.705793e-01	2.787005e+00
697	6.260487e-01	3.767281e-01	1.959453e+00
698	6.721502e-01	4.389545e-01	2.187103e+00
699	6.174584e-01	4.104994e-01	2.430386e+00
700	6.010998e-01	3.073608e-01	2.679531e+00
701	5.718289e-01	3.953077e-01	2.191988e+00
702	6.079765e-01	2.849192e-01	2.945286e+00
703	5.720236e-01	4.820471e-01	2.793845e+00
704	6.294773e-01	3.985628e-01	2.132389e+00
705	4.544110e-01	6.074061e-01	1.627259e+00
706	6.018625e-01	3.007065e-01	1.623351e+00
707	6.324648e-01	2.937488e-01	2.772350e+00
708	5.317581e-01	4.782819e-01	1.552027e+00
709	2.419370e-01	6.646730e-01	1.180752e+00
710	4.240599e-01	5.287107e-01	1.632145e+00
711	1.561099e-01	1.585870e-01	1.680997e+00
713	5.289983e-01	4.699072e-01	1.703468e+00
714	6.468207e-01	3.203069e-01	1.471910e+00
715	1.583606e-01	4.343163e-01	2.368832e+00
716	6.565830e-01	3.964152e-01	1.961407e+00
717	6.193818e-01	3.620593e-01	1.756229e+00
718	5.943551e-01	3.776964e-01	2.987298e+00
719	5.980241e-01	3.012429e-01	2.332682e+00
720	6.088154e-01	4.198575e-01	1.097704e+00
722	6.094090e-01	3.679724e-01	1.704446e+00
723	6.026430e-01	4.876573e-01	1.853933e+00
724	5.832493e-01	3.243224e-01	2.829995e+00
725	7.058519e-01	2.501962e-01	2.232047e+00
726	4.058319e-01	4.750495e-01	2.587689e+00
727	3.217492e-01	4.480769e-01	2.698095e+00
729	7.796478e-01	2.272514e-01	1.212995e+00
730	2.072874e-01	7.260746e-01	1.502198e+00
731	5.987148e-01	4.606739e-01	2.614069e+00
732	4.815148e-01	4.460088e-01	2.880801e+00
733	5.927943e-01	4.462465e-01	1.956522e+00
734	5.586593e-01	3.038144e-01	2.745970e+00
735	2.066697e-01	8.903507e-01	1.179775e+00
736	7.189548e-01	2.037302e-01	1.935027e+00
737	6.076450e-01	4.441721e-01	1.975085e+00
738	6.289477e-01	4.137111e-01	1.067416e+00
739	6.568243e-01	3.322371e-01	2.024915e+00
740	4.197988e-01	4.884266e-01	2.810454e+00
741	6.110747e-01	4.564645e-01	2.428432e+00
742	6.164530e-01	4.192602e-01	1.957499e+00
743	9.158060e-01	2.187837e-01	2.306302e+00
744	5.879867e-01	5.021049e-01	2.557401e+00
745	3.854322e-01	6.625120e-01	1.243283e+00
746	6.179942e-01	4.200643e-01	2.429409e+00
747	5.295423e-01	4.039406e-01	2.523205e+00
748	6.814660e-01	2.494339e-01	2.842697e+00
749	6.186128e-01	4.231523e-01	2.247680e+00
750	5.678715e-01	3.227177e-01	2.000489e+00
751	5.880636e-01	4.598419e-01	2.446019e+00
752	5.355671e-01	3.228157e-01	2.360039e+00
753	1.946744e-01	1.088902e-01	2.567171e+00
754	5.919346e-01	3.612155e-01	2.415730e+00
755	6.090704e-01	4.724371e-01	1.989741e+00
756	5.509960e-01	3.215131e-01	2.908158e+00
757	5.890550e-01	5.282221e-01	2.731314e+00
758	6.091395e-01	4.641984e-01	2.544700e+00
759	5.530519e-01	5.203470e-01	2.890572e+00
760	6.070414e-01	3.673910e-01	1.654617e+00
761	5.032860e-01	4.491847e-01	1.008793e+00
762	4.124497e-01	4.573912e-01	1.260870e+00
763	2.603732e-01	1.060655e-01	1.347826e+00
764	6.264362e-01	3.314465e-01	1.325354e+00
765	5.764913e-01	4.159905e-01	1.420127e+00
766	7.899406e-01	2.259051e-01	2.845628e+00
767	5.740035e-01	4.941487e-01	1.853933e+00
768	5.658688e-01	3.087985e-01	1.303859e+00
769	3.216060e-01	2.554834e-01	1.294089e+00
770	3.453990e-01	5.832735e-01	1.675134e+00
771	5.359289e-01	3.822176e-01	2.417684e+00
772	5.700427e-01	3.243713e-01	2.053249e+00
773	6.196974e-01	3.729117e-01	1.276502e+00
774	5.635478e-01	4.521298e-01	2.779189e+00
776	2.161817e-01	4.600917e-01	2.295554e+00
777	6.268396e-01	4.104096e-01	1.652662e+00
778	6.129302e-01	4.189603e-01	2.464582e+00
779	6.031400e-01	4.582158e-01	1.763068e+00
780	7.580443e-01	3.900485e-01	2.026869e+00
781	5.942846e-01	3.001380e-01	1.160234e+00
782	5.285637e-01	4.677030e-01	2.302394e+00
783	4.331251e-01	5.153185e-01	1.384954e+00
784	5.327261e-01	3.939386e-01	2.598437e+00
785	5.900798e-01	4.071887e-01	2.130435e+00
786	7.440210e-01	3.850396e-01	1.690767e+00
787	4.163581e-01	3.666000e-01	1.940889e+00
788	6.107516e-01	3.612095e-01	2.099170e+00
