787
0	9.268913e-01	4.335560e-01	1.398632e+00
1	4.679825e-01	4.686326e-01	1.108451e+00
2	4.774420e-01	3.963040e-01	2.925745e+00
3	7.087899e-01	4.399667e-01	2.732291e+00
4	7.728350e-01	1.571775e-01	1.257938e+00
5	7.207812e-01	3.757205e-01	2.424524e+00
6	9.324083e-01	8.724213e-02	1.383000e+00
7	4.367618e-01	5.951073e-01	2.705911e+00
8	6.301308e-01	5.299630e-01	2.442110e+00
9	6.298285e-01	5.140495e-01	2.233024e+00
10	6.139375e-01	3.934832e-01	2.376649e+00
11	6.714409e-01	5.696499e-01	1.556913e+00
12	9.941862e-01	2.592988e-01	2.950171e+00
13	4.908029e-01	6.541446e-01	1.066439e+00
14	5.009696e-01	5.027561e-01	1.626282e+00
15	6.170126e-01	3.334242e-01	1.306790e+00
16	5.725572e-01	5.610760e-01	2.902296e+00
17	5.451442e-01	4.843484e-01	1.195408e+00
18	6.326322e-01	3.681905e-01	1.785540e+00
19	5.795397e-01	5.489590e-01	1.248168e+00
20	6.041434e-01	4.368254e-01	1.863703e+00
21	2.595556e-01	2.977706e-01	2.671715e+00
22	6.149144e-01	5.576815e-01	2.487054e+00
23	5.277978e-01	3.652430e-01	1.946751e+00
24	2.539376e-01	7.018997e-01	1.303859e+00
25	7.448918e-01	3.314917e-01	2.152907e+00
26	6.279428e-01	4.825877e-01	1.388862e+00
27	5.815006e-01	4.845313e-01	1.591109e+00
28	5.383886e-01	5.890109e-01	2.205667e+00
29	5.006456e-01	4.804529e-01	2.181241e+00
30	6.093661e-01	2.725329e-01	1.475818e+00
31	4.976041e-01	5.314599e-01	2.309233e+00
32	5.766586e-01	4.946551e-01	2.073766e+00
33	4.494914e-01	5.211134e-01	2.331705e+00
34	6.452421e-01	5.596085e-01	1.126038e+00
35	2.285041e-01	6.902228e-01	2.235955e+00
36	5.461950e-01	2.717274e-01	2.805569e+00
37	5.932729e-01	5.277745e-01	2.555447e+00
38	6.354052e-01	5.636181e-01	2.559355e+00
39	5.665792e-01	4.705600e-01	1.895945e+00
40	3.482850e-01	5.966355e-01	1.282364e+00
41	6.207704e-01	3.967269e-01	2.750855e+00
42	6.230784e-01	5.224080e-01	2.412799e+00
43	6.594710e-01	5.632669e-01	2.557401e+00
44	6.815516e-01	5.101835e-01	1.648754e+00
45	5.746984e-01	3.206147e-01	1.721055e+00
46	5.991477e-01	4.504703e-01	2.588666e+00
47	6.588113e-01	5.579002e-01	1.525647e+00
48	5.619547e-01	4.147873e-01	2.751832e+00
49	5.451703e-01	9.577748e-02	2.625794e+00
50	6.454866e-01	5.100595e-01	1.663410e+00
51	5.875684e-01	5.577204e-01	2.560332e+00
52	4.809563e-01	5.638300e-01	1.696629e+00
53	5.311723e-01	6.017308e-01	1.506106e+00
54	6.098615e-01	4.937184e-01	2.675623e+00
55	6.839892e-01	5.803108e-01	2.497802e+00
57	7.701304e-01	1.482510e-01	2.361993e+00
58	7.938506e-01	3.083794e-01	1.866634e+00
59	5.660673e-01	4.537212e-01	2.930630e+00
60	5.419703e-01	6.092636e-01	1.503175e+00
61	6.600221e-01	5.761275e-01	2.449927e+00
62	6.499962e-01	5.678279e-01	2.831949e+00
63	5.185256e-01	4.342245e-01	2.317049e+00
64	5.988664e-01	4.737087e-01	2.353200e+00
65	6.289543e-01	5.156841e-01	2.575965e+00
66	6.393534e-01	2.851138e-01	2.922814e+00
67	4.808356e-01	6.069912e-01	2.289692e+00
68	6.508008e-01	5.685270e-01	2.766488e+00
69	6.035928e-01	5.863328e-01	1.522716e+00
70	2.956124e-01	3.963841e-01	2.769419e+00
71	6.453562e-01	6.216932e-01	1.110405e+00
72	4.922225e-01	4.798787e-01	1.412311e+00
73	5.738943e-01	3.942405e-01	1.951637e+00
74	3.991959e-01	6.028660e-01	1.449438e+00
75	3.586868e-01	4.916647e-01	2.176356e+00
76	6.068436e-01	5.535405e-01	1.212995e+00
77	6.448089e-01	4.343355e-01	1.872496e+00
78	6.610389e-01	5.236732e-01	1.606742e+00
79	6.993250e-01	8.319383e-01	1.183683e+00
80	5.517369e-01	4.493907e-01	2.736199e+00
81	5.771075e-01	5.481637e-01	1.617489e+00
82	3.850933e-01	4.101518e-01	2.456766e+00
83	5.476203e-01	7.069947e-01	1.406448e+00
84	1.402477e-01	4.726447e-01	2.453835e+00
85	6.293014e-01	5.551540e-01	2.712750e+00
86	6.299064e-01	5.036079e-01	2.877870e+00
87	7.134185e-01	2.785522e-01	1.533464e+00
88	3.084720e-01	2.669470e-01	2.169516e+00
89	6.044143e-01	4.378083e-01	2.483146e+00
90	5.640104e-01	4.370019e-01	1.538349e+00
91	6.705594e-01	5.475419e-01	1.117245e+00
92	6.537400e-01	5.639661e-01	2.709819e+00
93	6.361985e-01	4.704251e-01	2.929653e+00
94	5.984783e-01	4.620639e-01	2.125550e+00
95	6.282460e-01	6.076071e-01	2.148999e+00
96	6.400585e-01	4.991244e-01	1.206155e+00
97	5.529658e-01	4.217000e-01	2.689301e+00
98	5.743477e-01	5.609823e-01	1.997557e+00
99	4.315773e-01	3.330844e-01	1.753298e+00
100	6.292408e-01	5.746185e-01	1.491451e+00
101	5.844199e-01	5.704359e-01	2.381534e+00
102	3.181486e-01	1.638689e-01	1.837323e+00
103	6.114109e-01	3.594967e-01	2.723498e+00
104	7.625744e-01	7.216777e-01	1.216903e+00
105	4.799096e-01	5.118821e-01	1.385931e+00
106	3.236216e-01	4.482145e-01	1.094773e+00
107	6.377717e-01	5.754722e-01	1.887152e+00
108	5.829809e-01	4.124957e-01	1.869565e+00
109	4.709959e-01	4.677842e-01	2.657059e+00
110	5.828884e-01	4.671609e-01	1.905716e+00
111	8.257767e-01	4.079099e-01	2.319980e+00
112	3.135535e-01	3.888926e-01	1.549096e+00
113	5.654485e-01	4.424020e-01	1.155349e+00
114	6.502282e-01	6.305911e-01	1.261847e+00
115	6.264167e-01	3.614253e-01	1.308745e+00
116	9.679408e-02	2.927860e-01	1.148510e+00
117	6.028771e-01	5.778785e-01	1.865657e+00
118	6.444147e-01	4.055676e-01	2.988276e+00
119	7.109221e-01	5.667923e-01	1.479726e+00
120	7.002326e-01	3.237308e-01	2.095261e+00
121	5.687735e-01	4.391780e-01	2.442110e+00
122	5.223675e-01	2.920822e-01	1.070347e+00
123	6.007756e-01	5.525974e-01	1.417196e+00
124	5.838297e-01	5.448776e-01	2.817294e+00
125	5.611158e-01	6.739323e-01	1.164143e+00
126	5.677895e-01	4.350694e-01	2.738153e+00
127	3.934358e-01	4.045224e-01	2.338544e+00
128	5.729238e-01	4.706818e-01	1.282364e+00
129	6.405915e-01	5.764493e-01	2.676600e+00
130	5.731894e-01	4.671338e-01	2.443087e+00
131	8.305952e-01	8.184865e-02	2.375672e+00
132	4.940348e-01	4.450067e-01	1.220811e+00
133	3.892847e-01	4.701343e-01	2.407914e+00
134	7.144237e-01	4.109506e-01	2.277968e+00
135	6.608292e-01	5.511127e-01	2.409868e+00
136	4.681853e-01	4.143622e-01	2.083537e+00
137	6.320732e-01	2.787905e-01	2.286761e+00
138	4.018859e-01	4.734678e-01	1.194431e+00
139	6.443518e-01	4.024798e-01	2.818271e+00
140	7.280736e-01	2.991709e-01	2.827064e+00
141	5.925436e-01	4.827438e-01	1.684905e+00
142	6.385262e-01	5.661949e-01	1.999511e+00
143	6.214973e-01	5.725480e-01	1.956522e+00
144	6.791360e-01	5.651058e-01	2.323889e+00
145	5.825823e-01	4.635817e-01	2.501710e+00
146	5.725680e-01	4.140984e-01	2.395213e+00
147	2.992137e-01	3.676013e-01	2.719590e+00
148	5.996172e-01	5.619790e-01	2.937469e+00
149	8.010423e-01	1.494734e-01	2.803615e+00
150	7.204022e-01	5.432778e-01	1.794333e+00
151	4.407779e-01	3.771440e-01	2.611138e+00
152	6.343210e-01	4.039852e-01	1.724963e+00
153	5.770522e-01	6.160977e-01	1.983879e+00
154	6.344818e-01	5.156522e-01	2.181241e+00
155	4.863159e-01	4.042742e-01	1.295066e+00
156	4.344582e-01	7.053373e-01	1.970200e+00
157	6.347698e-01	4.011644e-01	2.387396e+00
158	4.371255e-01	5.032076e-01	2.386419e+00
159	4.430908e-01	5.978833e-01	2.647289e+00
160	6.296486e-01	5.463455e-01	1.686859e+00
161	2.496959e-01	4.233457e-01	1.553981e+00
162	5.962560e-01	6.021393e-01	1.764045e+00
163	4.363255e-01	5.082624e-01	1.632145e+00
164	6.039783e-01	5.729260e-01	1.235467e+00
165	6.351138e-01	5.283626e-01	2.251588e+00
166	6.244859e-01	5.732675e-01	1.751343e+00
167	3.773359e-01	5.476543e-01	1.715193e+00
168	6.189869e-01	5.109343e-01	2.109917e+00
169	5.930900e-01	4.711758e-01	2.137274e+00
170	6.317879e-01	2.771915e-01	2.099170e+00
171	6.381409e-01	4.022226e-01	2.057157e+00
172	5.693222e-01	4.604273e-01	2.246702e+00
173	4.827643e-01	4.803974e-01	1.894968e+00
174	8.082169e-01	4.448332e-01	2.453835e+00
175	5.493755e-01	5.527683e-01	2.834880e+00
176	4.960713e-01	5.864503e-01	2.215437e+00
177	6.497893e-01	5.476457e-01	2.153884e+00
178	6.141777e-01	5.447748e-01	2.475330e+00
179	6.350504e-01	8.486657e-02	1.274548e+00
180	3.962735e-01	4.766545e-01	2.127504e+00
181	6.320805e-01	5.791287e-01	1.790425e+00
182	4.977044e-01	3.675948e-01	1.736688e+00
183	8.910097e-01	1.343858e-01	1.692721e+00
184	6.618189e-01	3.876975e-01	2.042501e+00
185	8.547129e-01	1.380998e-01	1.468979e+00
186	5.699687e-01	4.599755e-01	1.784563e+00
187	9.015474e-01	8.166096e-01	2.653151e+00
188	6.080035e-01	4.734137e-01	1.839277e+00
189	5.894270e-01	5.101280e-01	1.175867e+00
190	4.067839e-01	4.175705e-01	2.807523e+00
191	4.948605e-01	5.166192e-01	2.811431e+00
192	6.398541e-01	3.152790e-01	1.192477e+00
193	3.923316e-01	4.790219e-01	1.620420e+00
194	4.522614e-01	4.119294e-01	2.624817e+00
195	6.022122e-01	5.280546e-01	2.806546e+00
196	6.829884e-01	6.021401e-01	1.763068e+00
197	3.650773e-01	2.563373e-01	2.060088e+00
198	7.298104e-01	3.227471e-01	2.458720e+00
199	7.200856e-01	2.668246e-01	2.463605e+00
200	4.193706e-01	4.005930e-01	1.141671e+00
201	7.057166e-01	3.619138e-01	1.146556e+00
202	7.292871e-01	2.818338e-01	1.395701e+00
203	6.475472e-01	5.623287e-01	1.755252e+00
204	4.820352e-01	5.021894e-01	2.901319e+00
205	7.862115e-01	1.411001e-01	2.123596e+00
206	4.117954e-01	3.916375e-01	1.652662e+00
207	5.313955e-01	5.666336e-01	1.199316e+00
208	6.465078e-01	5.565865e-01	2.170493e+00
209	5.946113e-01	1.162516e-01	2.733268e+00
210	4.677816e-01	5.903043e-01	1.545188e+00
211	5.805028e-01	4.020328e-01	1.376160e+00
212	6.352479e-01	5.551471e-01	1.621397e+00
213	6.209957e-01	5.724249e-01	1.883244e+00
214	5.932019e-01	4.732584e-01	1.612604e+00
215	6.047499e-01	4.549036e-01	2.909135e+00
216	6.527642e-01	5.529360e-01	1.354665e+00
217	6.596435e-01	5.655293e-01	2.770396e+00
218	5.668139e-01	4.327616e-01	2.148999e+00
219	5.813673e-01	5.736064e-01	2.624817e+00
220	4.023070e-01	4.165172e-01	2.697118e+00
221	5.694740e-01	4.598875e-01	1.938935e+00
222	4.486676e-01	5.343055e-01	1.854910e+00
223	2.964983e-01	2.755192e-01	2.625794e+00
224	6.092456e-01	4.894624e-01	2.984367e+00
225	7.108616e-01	3.478182e-01	2.693210e+00
226	6.420570e-01	5.423709e-01	2.276014e+00
227	5.802889e-01	3.603679e-01	1.245237e+00
228	5.688655e-01	5.404590e-01	1.489497e+00
229	6.435865e-01	5.481879e-01	2.305325e+00
230	5.280115e-01	5.189020e-01	2.689301e+00
231	6.676687e-01	5.657684e-01	1.346849e+00
232	6.239669e-01	4.456050e-01	2.447973e+00
233	4.728111e-01	4.061469e-01	1.591109e+00
234	3.532646e-01	4.449940e-01	1.931119e+00
235	5.571233e-01	5.362107e-01	2.687347e+00
236	6.038960e-01	5.584812e-01	2.787982e+00
237	5.560426e-01	4.710441e-01	1.510015e+00
238	5.129377e-01	4.509838e-01	2.193942e+00
239	5.620144e-01	4.822915e-01	2.918906e+00
240	5.967908e-01	6.019935e-01	1.734734e+00
241	6.154704e-01	3.935475e-01	1.119199e+00
242	5.884530e-01	5.657051e-01	1.631168e+00
243	7.002641e-01	5.567570e-01	1.258915e+00
244	5.903666e-01	4.648243e-01	2.458720e+00
245	3.544283e-01	3.370488e-01	2.134343e+00
246	6.086455e-01	5.716364e-01	2.662921e+00
247	6.012327e-01	4.657987e-01	2.924768e+00
248	5.777946e-01	5.349102e-01	2.983390e+00
249	7.108939e-01	9.002818e-02	2.305325e+00
250	6.621923e-01	2.862948e-01	2.763556e+00
251	6.642161e-01	1.392267e-01	2.374695e+00
252	3.399102e-01	4.075259e-01	1.703468e+00
253	7.086269e-01	5.475909e-01	1.246214e+00
254	6.041097e-01	5.693398e-01	2.925745e+00
255	6.371869e-01	5.565564e-01	1.857841e+00
256	6.413186e-01	5.796404e-01	2.601368e+00
257	7.033358e-01	5.197352e-01	2.413776e+00
258	4.359051e-01	4.203903e-01	2.569126e+00
259	4.105752e-01	4.526964e-01	1.865657e+00
260	6.140062e-01	5.386618e-01	2.574988e+00
261	5.754079e-01	5.126232e-01	1.598925e+00
262	4.075499e-01	6.889600e-01	2.264289e+00
263	1.290824e-01	4.793982e-01	1.176844e+00
264	6.706188e-01	4.861044e-01	1.061553e+00
265	5.947107e-01	5.208071e-01	2.526136e+00
266	6.793214e-01	4.321810e-01	1.928188e+00
267	6.512718e-01	5.773805e-01	2.006351e+00
268	6.604776e-01	4.900399e-01	1.041036e+00
269	5.744692e-01	3.422934e-01	1.793356e+00
270	7.770847e-01	1.622212e-01	1.860772e+00
271	4.783494e-01	3.415410e-01	1.389839e+00
272	5.593364e-01	5.708761e-01	1.052760e+00
273	7.768530e-01	1.612969e-01	1.156326e+00
274	2.444056e-01	1.533444e-01	1.981925e+00
275	5.850881e-01	4.519628e-01	2.256473e+00
276	7.345140e-01	2.861300e-01	2.368832e+00
277	6.224213e-01	6.141113e-01	2.024915e+00
278	5.838792e-01	4.913857e-01	1.266732e+00
279	3.255595e-01	4.797648e-01	1.348803e+00
280	3.139013e-01	1.524049e-01	2.472399e+00
281	2.278648e-01	4.363688e-01	2.288715e+00
282	5.990272e-01	4.651470e-01	2.745970e+00
283	3.529609e-01	6.039261e-01	2.490962e+00
284	2.505905e-01	1.737919e-01	2.515388e+00
285	4.211791e-01	7.280738e-02	1.545188e+00
286	6.196882e-01	5.411290e-01	2.662921e+00
287	7.188624e-01	4.332620e-01	2.264289e+00
288	3.709597e-01	3.900124e-01	2.905227e+00
289	2.794365e-01	2.111514e-01	1.058622e+00
290	3.829339e-01	5.140182e-01	2.152907e+00
291	7.085316e-01	9.759130e-02	2.784074e+00
292	5.748860e-01	5.492618e-01	2.445042e+00
293	3.574087e-01	4.364500e-01	2.852467e+00
294	6.013357e-01	4.676028e-01	2.070835e+00
295	6.762412e-01	5.838225e-01	1.406448e+00
296	4.927244e-01	5.424815e-01	1.751343e+00
297	6.580333e-01	2.981899e-01	2.077675e+00
298	4.211093e-01	4.244320e-01	1.601856e+00
299	3.078212e-01	6.698418e-01	2.048363e+00
300	2.964305e-01	2.696559e-01	2.781143e+00
301	5.871916e-01	5.488153e-01	2.779189e+00
302	7.351556e-01	2.667820e-01	2.617978e+00
303	7.520654e-01	9.706484e-02	1.698583e+00
304	4.143048e-01	4.456312e-01	1.948705e+00
305	6.357366e-01	5.283092e-01	1.416219e+00
306	3.654300e-01	4.231596e-01	1.745481e+00
307	5.530606e-01	5.485417e-01	2.291646e+00
308	9.834773e-02	3.985813e-01	1.868588e+00
309	7.034270e-01	4.286070e-01	2.511480e+00
310	6.466794e-01	5.594847e-01	2.596483e+00
311	6.198692e-01	3.759456e-01	2.855398e+00
312	6.271919e-01	4.663432e-01	1.312653e+00
313	7.770377e-01	1.511369e-01	1.787494e+00
314	5.459385e-01	4.456272e-01	2.252565e+00
315	7.184986e-01	4.343967e-01	1.978017e+00
316	6.416005e-01	6.044807e-01	2.965804e+00
317	6.720306e-01	5.631937e-01	2.221299e+00
318	5.108928e-01	5.034718e-01	1.701514e+00
319	7.455942e-01	5.168178e-01	1.135809e+00
320	6.119395e-01	3.952897e-01	2.997069e+00
321	6.966226e-01	8.946960e-02	2.470445e+00
322	3.173476e-01	2.962904e-01	2.362970e+00
323	6.095740e-01	5.363490e-01	2.553493e+00
324	4.786896e-01	4.151639e-01	1.347826e+00
325	1.971004e-01	7.782062e-02	2.896434e+00
326	6.566249e-01	5.215310e-01	1.857841e+00
327	6.654488e-01	5.866879e-01	1.669272e+00
328	6.233870e-01	5.904877e-01	1.726917e+00
329	6.261632e-01	3.860951e-01	2.604299e+00
330	4.760074e-01	3.947826e-01	2.089399e+00
331	7.122606e-01	5.141779e-01	1.552027e+00
332	7.306784e-01	4.248905e-01	1.769907e+00
333	6.301010e-01	5.662969e-01	1.382022e+00
334	7.708171e-01	1.585381e-01	2.510503e+00
335	6.497330e-01	3.707177e-01	1.640938e+00
336	5.474791e-01	5.485240e-01	2.933561e+00
337	5.004235e-01	3.981641e-01	1.033219e+00
338	7.197434e-01	5.942267e-01	1.408403e+00
339	5.569653e-01	6.239020e-01	2.767465e+00
340	6.375139e-01	5.307325e-01	1.526624e+00
341	7.548056e-01	1.675983e-01	1.456277e+00
342	6.577780e-01	5.627414e-01	1.054714e+00
343	6.680946e-01	4.762996e-01	2.601368e+00
344	2.283227e-01	1.502611e-01	2.193942e+00
345	7.675509e-01	2.013901e-01	2.321935e+00
346	3.466807e-01	4.522408e-01	1.564729e+00
347	4.211175e-01	3.712348e-01	1.679043e+00
348	5.098899e-01	1.278392e-01	2.034685e+00
349	6.531155e-01	5.637487e-01	2.564240e+00
350	4.210423e-01	4.865016e-01	2.311187e+00
351	2.735490e-01	7.256103e-01	1.297997e+00
352	6.464655e-01	5.400744e-01	2.873962e+00
353	2.830413e-01	5.398582e-01	2.202736e+00
354	5.580771e-01	4.478843e-01	2.653151e+00
355	3.641236e-01	4.114471e-01	2.461651e+00
356	6.514568e-01	5.510131e-01	1.679043e+00
357	4.335635e-01	3.633405e-01	2.991207e+00
358	6.168366e-01	1.858589e-01	2.857352e+00
359	6.922461e-01	3.733211e-01	1.913532e+00
360	5.537044e-01	5.441540e-01	1.216903e+00
361	4.177422e-01	6.210936e-01	1.214949e+00
362	5.999096e-01	5.522156e-01	1.005862e+00
363	6.874689e-01	3.378206e-01	2.227162e+00
364	6.812517e-01	5.945755e-01	1.723009e+00
365	4.576465e-01	6.793267e-01	1.491451e+00
366	3.295130e-01	6.302040e-01	1.692721e+00
367	6.352034e-01	4.461153e-01	1.154372e+00
368	5.547613e-01	5.387257e-01	1.851001e+00
369	6.201096e-01	5.407640e-01	2.418661e+00
370	6.273018e-01	2.793631e-01	1.874450e+00
371	5.777420e-01	2.889629e-01	1.591109e+00
372	6.106192e-01	5.679216e-01	2.199805e+00
373	5.135431e-01	3.245974e-01	2.208598e+00
374	6.247787e-01	4.737386e-01	1.322423e+00
375	7.520317e-01	9.579372e-02	2.361016e+00
376	3.987904e-01	4.291516e-01	1.815828e+00
377	5.977103e-01	5.656685e-01	1.328285e+00
378	6.445081e-01	5.061303e-01	1.883244e+00
379	8.064743e-01	8.871501e-01	1.599902e+00
380	5.623736e-01	6.020844e-01	2.343429e+00
381	3.373825e-01	4.590611e-01	1.835369e+00
382	1.776392e-01	8.337117e-01	1.065462e+00
383	5.490023e-01	4.205439e-01	1.698583e+00
384	4.152752e-01	3.407985e-01	2.761602e+00
385	5.738448e-01	4.502790e-01	1.961407e+00
386	6.682903e-01	5.815885e-01	2.449927e+00
387	5.514531e-01	4.491905e-01	2.669761e+00
388	2.175358e-01	2.951297e-01	2.597460e+00
389	5.266181e-01	5.623431e-01	2.960918e+00
390	5.603344e-01	5.324514e-01	1.655594e+00
391	7.140887e-01	5.173789e-01	2.572057e+00
392	6.531729e-01	5.476591e-01	1.234489e+00
393	6.069542e-01	5.857566e-01	1.607719e+00
394	5.497589e-01	5.248860e-01	2.643381e+00
395	3.952598e-01	6.004276e-01	1.233512e+00
396	3.056127e-01	4.134678e-01	2.058134e+00
397	3.194285e-01	6.483038e-01	1.083048e+00
398	3.618048e-01	4.465199e-01	2.453835e+00
399	5.459455e-01	3.507624e-01	2.169516e+00
400	5.629584e-01	4.396146e-01	1.634099e+00
401	2.785760e-01	4.908207e-01	1.314607e+00
402	6.063049e-01	4.496476e-01	2.292623e+00
403	5.375353e-01	5.282673e-01	1.759160e+00
404	4.978523e-01	3.476528e-01	2.942355e+00
405	6.636399e-01	4.913815e-01	1.358574e+00
406	6.451498e-01	5.745226e-01	1.474841e+00
407	3.263617e-01	2.703530e-01	2.850513e+00
408	4.896868e-01	5.198338e-01	2.543723e+00
409	6.099959e-01	5.311201e-01	1.170005e+00
410	6.876987e-01	5.386295e-01	2.011236e+00
411	4.937149e-01	5.824432e-01	2.982413e+00
412	2.307200e-01	4.400016e-01	1.578407e+00
413	6.401847e-01	4.136194e-01	2.904250e+00
414	6.416685e-01	5.790831e-01	2.948217e+00
415	6.037298e-01	5.229880e-01	1.856864e+00
416	7.249879e-01	5.552081e-01	1.780655e+00
417	4.271154e-01	3.664885e-01	1.223742e+00
418	5.979444e-01	4.491885e-01	2.928676e+00
419	6.591665e-01	5.597709e-01	1.055691e+00
420	6.031655e-01	4.589407e-01	2.823156e+00
421	6.120025e-01	5.444204e-01	2.886663e+00
422	6.136141e-01	5.370665e-01	1.391793e+00
423	3.367754e-01	5.731630e-01	1.467025e+00
424	5.498224e-01	5.603214e-01	1.512946e+00
425	3.314891e-01	2.382132e-01	1.960430e+00
426	3.276754e-01	2.427567e-01	2.254519e+00
427	3.003949e-01	2.696591e-01	2.899365e+00
428	5.712406e-01	4.680028e-01	1.247191e+00
429	6.649473e-01	5.585006e-01	1.802149e+00
430	6.442559e-01	5.242657e-01	1.663410e+00
431	2.799119e-01	2.247118e-01	2.556424e+00
432	3.257899e-01	2.402886e-01	2.947240e+00
433	6.693695e-01	5.389223e-01	2.475330e+00
434	4.906243e-01	4.077192e-01	2.923791e+00
435	5.256657e-01	3.875602e-01	2.906204e+00
436	8.083473e-02	8.880354e-01	2.668784e+00
437	6.491718e-01	5.585812e-01	2.476307e+00
438	6.028106e-01	3.667086e-01	2.065950e+00
439	5.916548e-01	5.624509e-01	1.983879e+00
440	3.659948e-01	3.972391e-01	1.637030e+00
441	6.948760e-01	6.441005e-01	1.338056e+00
442	7.043305e-01	4.068518e-01	2.406937e+00
443	4.561343e-01	4.189315e-01	1.422081e+00
444	6.744866e-01	3.917207e-01	2.956033e+00
445	6.141583e-01	5.408906e-01	2.601368e+00
446	6.069829e-01	5.014232e-01	1.846116e+00
447	6.448165e-01	5.380636e-01	1.264778e+00
448	6.830598e-01	4.326648e-01	1.119199e+00
449	7.410181e-01	5.336985e-01	1.956522e+00
450	3.814850e-01	4.514307e-01	2.971666e+00
451	6.352027e-01	5.301187e-01	2.149976e+00
452	4.187805e-01	5.482456e-01	1.574499e+00
453	5.812630e-01	5.592179e-01	1.775769e+00
454	8.538926e-01	6.258734e-01	1.542257e+00
455	6.014601e-01	4.690080e-01	2.984367e+00
456	6.625261e-01	5.281599e-01	1.577430e+00
457	6.633254e-01	5.571343e-01	2.955056e+00
458	5.589465e-01	6.405035e-01	2.865169e+00
459	5.824846e-01	5.545511e-01	1.672203e+00
460	5.826258e-01	4.939188e-01	1.198339e+00
461	4.414697e-01	1.982236e-01	2.513434e+00
462	5.512606e-01	5.319509e-01	1.853933e+00
463	4.432351e-01	4.748963e-01	2.858329e+00
464	6.698807e-01	5.816838e-01	1.574499e+00
465	6.291154e-01	3.002860e-01	1.432829e+00
466	6.172821e-01	4.410389e-01	1.500244e+00
467	9.564765e-01	2.999283e-01	1.323400e+00
468	6.114158e-01	5.647861e-01	2.147044e+00
469	6.215494e-01	4.436290e-01	2.698095e+00
470	6.616604e-01	5.673565e-01	1.364436e+00
471	6.572391e-01	4.831409e-01	2.076698e+00
472	6.129325e-01	5.544423e-01	2.011236e+00
473	6.514042e-01	3.440443e-01	1.215926e+00
474	5.671359e-01	4.396215e-01	2.299463e+00
475	5.800187e-01	5.547128e-01	1.683928e+00
476	5.836845e-01	5.139245e-01	2.081583e+00
477	5.216760e-01	4.638632e-01	2.350269e+00
478	3.391865e-01	2.843147e-01	2.728383e+00
479	5.229904e-01	4.583333e-01	1.194431e+00
480	6.129911e-01	5.591222e-01	2.515388e+00
481	4.173449e-01	6.404110e-01	1.865657e+00
482	4.383394e-01	7.723754e-02	1.802149e+00
483	5.618410e-01	4.320681e-01	1.367367e+00
484	7.202472e-01	3.757190e-01	1.148510e+00
485	6.422353e-01	3.483478e-01	2.427455e+00
486	5.697398e-01	4.394310e-01	2.196873e+00
487	4.646133e-01	3.726261e-01	2.386419e+00
488	7.704523e-01	3.808181e-01	1.294089e+00
489	6.219387e-01	5.653840e-01	1.687836e+00
490	6.299621e-01	2.941901e-01	1.146556e+00
491	7.354706e-01	5.785917e-01	1.597948e+00
492	6.342065e-01	3.144448e-01	2.412799e+00
493	7.919727e-01	2.308357e-01	1.227650e+00
494	6.481299e-01	5.638637e-01	2.522228e+00
495	6.388193e-01	4.029451e-01	1.437714e+00
496	6.090952e-01	4.846276e-01	1.523693e+00
497	5.689425e-01	3.701665e-01	1.221788e+00
498	3.085057e-01	2.962049e-01	1.652662e+00
499	6.071318e-01	5.618062e-01	1.269663e+00
500	5.501683e-01	5.261367e-01	2.967758e+00
501	6.086885e-01	4.392332e-01	2.546654e+00
502	3.068664e-01	6.818506e-01	1.818759e+00
503	6.108361e-01	4.674977e-01	1.919394e+00
504	6.588341e-01	5.665073e-01	2.563263e+00
505	4.500080e-01	7.018066e-01	1.451392e+00
506	2.375373e-01	4.275980e-01	1.718124e+00
507	5.742067e-01	5.116945e-01	1.207132e+00
508	6.555725e-01	5.647773e-01	1.236444e+00
509	6.503910e-01	5.358190e-01	2.622863e+00
510	4.567948e-01	5.756795e-01	2.549585e+00
511	5.515251e-01	5.289358e-01	2.966781e+00
512	5.718790e-01	3.234611e-01	2.395213e+00
513	5.660135e-01	5.666937e-01	1.534441e+00
514	8.478762e-01	7.774539e-02	1.550073e+00
515	6.738519e-01	2.815743e-01	1.610650e+00
516	7.735480e-01	2.971181e-01	1.612604e+00
517	5.959819e-01	5.124503e-01	1.086957e+00
518	5.670450e-01	4.328667e-01	2.282853e+00
519	1.457615e-01	9.757271e-02	1.573522e+00
520	6.100832e-01	4.231924e-01	2.497802e+00
521	5.826287e-01	4.413657e-01	1.752320e+00
522	3.526485e-01	3.298696e-01	1.589155e+00
523	7.406192e-01	3.141538e-01	1.209086e+00
524	5.868174e-01	5.330523e-01	2.755740e+00
525	4.312964e-01	5.109353e-01	1.499267e+00
526	6.302164e-01	5.376075e-01	1.014656e+00
527	5.801507e-01	5.875755e-01	2.891549e+00
528	6.649822e-01	5.816207e-01	2.478261e+00
529	4.661027e-01	4.677707e-01	1.898876e+00
530	6.586799e-01	5.657657e-01	1.188569e+00
531	6.323333e-01	5.304509e-01	2.785051e+00
532	5.717486e-01	4.631723e-01	2.945286e+00
533	6.158216e-01	5.693683e-01	2.458720e+00
534	3.318181e-01	3.458552e-01	2.673669e+00
535	6.499633e-01	5.777246e-01	1.399609e+00
536	5.656811e-01	5.235484e-01	2.604299e+00
537	5.082231e-01	5.278847e-01	1.529555e+00
538	5.929230e-01	5.632276e-01	2.823156e+00
539	2.992903e-01	1.992075e-01	2.826087e+00
540	7.148028e-01	3.303492e-01	2.844651e+00
541	4.540319e-01	5.581432e-01	2.290669e+00
542	4.917906e-01	5.293367e-01	2.570103e+00
543	5.220523e-01	4.008129e-01	2.396190e+00
544	4.176813e-01	5.756644e-01	1.318515e+00
545	4.695190e-01	4.129402e-01	2.605276e+00
546	4.370822e-01	5.007708e-01	2.683439e+00
547	3.147064e-01	3.885820e-01	1.587201e+00
548	7.132423e-01	5.658780e-01	1.375183e+00
549	5.813523e-01	3.581209e-01	2.298486e+00
550	5.199379e-01	7.870290e-02	1.285296e+00
551	5.744416e-01	4.401542e-01	2.983390e+00
552	3.958483e-01	5.474235e-01	1.195408e+00
553	6.316803e-01	5.831445e-01	2.414753e+00
554	2.802230e-01	4.909397e-01	1.843185e+00
555	3.439734e-01	5.835267e-01	2.396190e+00
556	3.935778e-01	4.622919e-01	3.000000e+00
557	5.935362e-01	4.784048e-01	2.728383e+00
558	3.216754e-01	4.356599e-01	1.133854e+00
559	5.666408e-01	5.553369e-01	1.944797e+00
560	3.147103e-01	3.731035e-01	2.883732e+00
561	5.537130e-01	5.341620e-01	2.383488e+00
562	3.678889e-01	5.677084e-01	2.506595e+00
563	2.746918e-01	5.085308e-01	1.786517e+00
564	4.321873e-01	6.001319e-01	2.893503e+00
565	5.988455e-01	5.543900e-01	2.981436e+00
566	3.192878e-01	1.638806e-01	2.663898e+00
567	5.774676e-01	5.322903e-01	2.227162e+00
568	4.395608e-01	3.796525e-01	1.527601e+00
569	4.058778e-01	4.489892e-01	2.610161e+00
570	5.043829e-01	5.082010e-01	1.058622e+00
571	5.420262e-01	5.586727e-01	2.782120e+00
572	4.107436e-01	7.072168e-01	1.518808e+00
573	6.610883e-01	4.719959e-01	2.109917e+00
574	5.833901e-01	5.910443e-01	2.074744e+00
575	6.050042e-01	5.877832e-01	2.319003e+00
576	3.165817e-01	2.474985e-01	1.290181e+00
577	6.186446e-01	5.767736e-01	1.286273e+00
578	5.595680e-01	6.550756e-01	1.881290e+00
579	8.267628e-01	5.208020e-01	1.664387e+00
580	1.823494e-01	9.047817e-01	1.242306e+00
581	6.077826e-01	3.059000e-01	1.927211e+00
582	6.060054e-01	5.453045e-01	2.820225e+00
583	4.126374e-01	4.782881e-01	2.792868e+00
584	5.818600e-01	4.951015e-01	1.201270e+00
585	7.357348e-01	4.908462e-01	1.898876e+00
586	6.248852e-01	5.569520e-01	1.782609e+00
587	4.760952e-01	4.949970e-01	1.561798e+00
588	5.787510e-01	5.536516e-01	2.282853e+00
589	6.049060e-01	5.587419e-01	2.210552e+00
590	6.496492e-01	5.382878e-01	1.020518e+00
591	7.116328e-01	3.262164e-01	1.784563e+00
592	5.294839e-01	5.277228e-01	1.275525e+00
593	6.223852e-01	5.651904e-01	1.212995e+00
594	7.189041e-01	2.699822e-01	2.964827e+00
595	6.113716e-01	5.124927e-01	2.079629e+00
596	7.345929e-01	5.788165e-01	1.187592e+00
597	4.674707e-01	5.653614e-01	1.258915e+00
598	2.301472e-01	5.001450e-01	1.999511e+00
599	6.042292e-01	5.189005e-01	1.264778e+00
600	5.640499e-01	4.123749e-01	1.110405e+00
601	2.860358e-01	2.528341e-01	1.107474e+00
602	3.547746e-01	6.224390e-01	1.070347e+00
603	5.650952e-01	4.272649e-01	2.400098e+00
604	4.980228e-01	3.981233e-01	2.871031e+00
605	6.015507e-01	5.616252e-01	2.739130e+00
606	6.343275e-01	5.639704e-01	2.061065e+00
607	6.305508e-01	3.288484e-01	1.073278e+00
608	5.404957e-01	4.814295e-01	2.799707e+00
609	5.840302e-01	5.730725e-01	2.010259e+00
610	5.240093e-01	3.873121e-01	1.700537e+00
611	5.602278e-01	4.868492e-01	1.339033e+00
612	3.914308e-01	4.703292e-01	2.227162e+00
613	3.453605e-01	4.410463e-01	2.482169e+00
614	5.996577e-01	4.764677e-01	2.958964e+00
615	5.876289e-01	5.662954e-01	1.443576e+00
616	3.637954e-01	4.590413e-01	2.381534e+00
617	4.651340e-01	4.484369e-01	1.971177e+00
618	6.530825e-01	5.517817e-01	2.960918e+00
619	2.063983e-01	6.155894e-02	1.812897e+00
620	2.861382e-01	3.091435e-01	1.170982e+00
621	4.258810e-01	4.620782e-01	1.277479e+00
622	7.816595e-01	5.760890e-01	1.176844e+00
623	4.717614e-01	4.641692e-01	1.636053e+00
624	7.268197e-01	2.815382e-01	2.336590e+00
625	5.457833e-01	5.649569e-01	1.343918e+00
626	6.121486e-01	4.999994e-01	1.905716e+00
627	6.336543e-01	3.056184e-01	1.784563e+00
628	6.125818e-01	4.830064e-01	2.063996e+00
629	6.071658e-01	4.423312e-01	2.497802e+00
630	3.913077e-01	4.673432e-01	2.870054e+00
631	6.323216e-01	5.582289e-01	1.729849e+00
632	4.899468e-01	6.955996e-01	2.290669e+00
633	5.777134e-01	5.793006e-01	2.841720e+00
634	5.999898e-01	5.325489e-01	2.195896e+00
635	3.197780e-01	1.634077e-01	1.601856e+00
636	3.691820e-01	4.007124e-01	2.449927e+00
637	6.586471e-01	5.573045e-01	1.462140e+00
638	5.757908e-01	5.611549e-01	2.041524e+00
639	6.042909e-01	5.581569e-01	2.061065e+00
640	8.104195e-01	3.779649e-02	2.130435e+00
641	6.934194e-01	3.439172e-01	2.205667e+00
642	6.062270e-01	5.276594e-01	2.184172e+00
643	6.483598e-01	2.971049e-01	2.747924e+00
644	7.035494e-01	5.622755e-01	2.909135e+00
645	6.109886e-01	5.314494e-01	2.777235e+00
646	5.996942e-01	4.543044e-01	1.295066e+00
647	5.409529e-01	2.955581e-01	1.050806e+00
648	7.726573e-01	1.578241e-01	1.191500e+00
649	6.351513e-01	3.914822e-01	1.198339e+00
650	4.907005e-01	5.837381e-01	2.656082e+00
651	5.242478e-01	5.080351e-01	1.692721e+00
652	7.310258e-01	3.388254e-01	2.330728e+00
653	5.471701e-01	5.568059e-01	1.906693e+00
654	3.287791e-01	4.887692e-01	2.192965e+00
655	6.303830e-01	3.739407e-01	1.200293e+00
656	6.602669e-01	5.638284e-01	2.361016e+00
657	6.456408e-01	5.645490e-01	2.080606e+00
658	5.965875e-01	4.725464e-01	2.017098e+00
659	6.009523e-01	6.639108e-01	2.191011e+00
660	3.249757e-01	2.764994e-01	1.667318e+00
661	6.524298e-01	5.650135e-01	2.229116e+00
662	7.240484e-01	4.006977e-01	1.188569e+00
663	6.685069e-01	5.867972e-01	2.714704e+00
664	5.614178e-01	5.524339e-01	1.979971e+00
665	5.468787e-01	5.904159e-01	2.954079e+00
666	5.046859e-01	8.526505e-02	1.803127e+00
667	7.170883e-01	5.533781e-01	1.039082e+00
668	1.350388e-01	5.459343e-01	1.893014e+00
669	2.915081e-01	2.772572e-01	1.778701e+00
670	1.835999e-01	9.191687e-01	1.807035e+00
671	6.364123e-01	5.187157e-01	1.102589e+00
672	7.221249e-01	3.799214e-01	1.879336e+00
673	6.951314e-01	3.541281e-01	1.984856e+00
674	5.951953e-01	5.731552e-01	2.238886e+00
675	4.497948e-01	6.470257e-01	2.868100e+00
676	5.923118e-01	4.811079e-01	2.748901e+00
677	5.664420e-01	5.546377e-01	1.578407e+00
678	5.943308e-01	4.889773e-01	1.621397e+00
679	5.721227e-01	5.582754e-01	2.657059e+00
680	2.772732e-01	4.423978e-01	2.404983e+00
681	3.099792e-01	2.360586e-01	2.272106e+00
682	5.101344e-01	5.039013e-01	1.463117e+00
683	5.505834e-01	5.533019e-01	2.316072e+00
684	6.047110e-01	5.195638e-01	2.334636e+00
685	7.183819e-01	6.054509e-01	1.365413e+00
686	7.300756e-01	5.716415e-01	2.105032e+00
687	6.637209e-01	5.205599e-01	1.339033e+00
688	6.287646e-01	5.434915e-01	2.932584e+00
689	6.161379e-01	4.661034e-01	2.378603e+00
690	5.765422e-01	5.532081e-01	1.833415e+00
691	3.965459e-01	4.595004e-01	1.663410e+00
692	5.543751e-01	6.447280e-01	2.251588e+00
693	6.964348e-01	5.735332e-01	1.766976e+00
694	3.887381e-01	3.929958e-01	1.575476e+00
695	4.243758e-01	6.078107e-01	2.771373e+00
696	4.315147e-01	3.863601e-01	2.787005e+00
697	6.042721e-01	5.213495e-01	1.959453e+00
698	6.107294e-01	5.707437e-01	2.187103e+00
699	6.124387e-01	5.378471e-01	2.430386e+00
700	6.633213e-01	4.893109e-01	2.679531e+00
701	4.955963e-01	3.990714e-01	2.191988e+00
702	6.610250e-01	4.838621e-01	2.945286e+00
703	6.590195e-01	5.660087e-01	2.793845e+00
704	6.127782e-01	5.773407e-01	2.132389e+00
705	4.406386e-01	5.437557e-01	1.627259e+00
706	5.898134e-01	4.775278e-01	1.623351e+00
707	6.426888e-01	4.554491e-01	2.772350e+00
708	5.670499e-01	5.565774e-01	1.552027e+00
709	4.101787e-01	6.075309e-01	1.180752e+00
710	4.595206e-01	5.271843e-01	1.632145e+00
711	1.339651e-01	1.495439e-01	1.680997e+00
712	5.700770e-01	1.108299e-01	2.828041e+00
713	5.648539e-01	4.484309e-01	1.703468e+00
714	6.897996e-01	4.798258e-01	1.471910e+00
715	2.463637e-01	4.382649e-01	2.368832e+00
716	6.799390e-01	4.508863e-01	1.961407e+00
717	6.096242e-01	5.183041e-01	1.756229e+00
718	6.906115e-01	6.052340e-01	2.987298e+00
719	5.957752e-01	4.735623e-01	2.332682e+00
720	6.301702e-01	5.711275e-01	1.097704e+00
722	6.223182e-01	5.299952e-01	1.704446e+00
723	5.986395e-01	5.580021e-01	1.853933e+00
724	6.526860e-01	4.855211e-01	2.829995e+00
725	6.314547e-01	2.981959e-01	2.232047e+00
726	4.928619e-01	5.220631e-01	2.587689e+00
727	4.623338e-01	4.999654e-01	2.698095e+00
728	9.004936e-01	7.996754e-02	1.896922e+00
729	6.858861e-01	4.462282e-01	1.212995e+00
730	2.992237e-01	6.837823e-01	1.502198e+00
731	5.991653e-01	5.507162e-01	2.614069e+00
732	6.508582e-01	5.676332e-01	2.880801e+00
733	6.374749e-01	5.642248e-01	1.956522e+00
734	6.386060e-01	4.790293e-01	2.745970e+00
735	1.984820e-01	9.035436e-01	1.179775e+00
736	6.331551e-01	2.772176e-01	1.935027e+00
737	6.170658e-01	4.561550e-01	1.975085e+00
738	5.981573e-01	4.561997e-01	1.067416e+00
739	6.002623e-01	3.743194e-01	2.024915e+00
740	3.898550e-01	3.955787e-01	2.810454e+00
741	6.309148e-01	3.855966e-01	2.428432e+00
742	6.194880e-01	4.212235e-01	1.957499e+00
743	8.373104e-01	2.965662e-01	2.306302e+00
744	5.658265e-01	6.128064e-01	2.557401e+00
745	3.997646e-01	6.336520e-01	1.243283e+00
746	6.242519e-01	4.046271e-01	2.429409e+00
747	6.503756e-01	5.465101e-01	2.523205e+00
748	6.125564e-01	4.346264e-01	2.842697e+00
749	6.125518e-01	5.411269e-01	2.247680e+00
750	6.663749e-01	5.753664e-01	2.000489e+00
751	6.458139e-01	5.647212e-01	2.446019e+00
752	5.430784e-01	4.770596e-01	2.360039e+00
753	2.736594e-01	2.520390e-01	2.567171e+00
754	6.289618e-01	5.746701e-01	2.415730e+00
755	5.742943e-01	6.123937e-01	1.989741e+00
756	5.803807e-01	4.928783e-01	2.908158e+00
757	5.630505e-01	5.421539e-01	2.731314e+00
758	5.997112e-01	5.507729e-01	2.544700e+00
759	5.779963e-01	5.671459e-01	2.890572e+00
760	6.233082e-01	5.121033e-01	1.654617e+00
761	5.850062e-01	5.437272e-01	1.008793e+00
762	4.985383e-01	5.123546e-01	1.260870e+00
763	2.959256e-01	2.066302e-01	1.347826e+00
764	6.334620e-01	6.004742e-01	1.325354e+00
765	6.420178e-01	5.622458e-01	1.420127e+00
766	6.690865e-01	3.722507e-01	2.845628e+00
767	6.606398e-01	5.592713e-01	1.853933e+00
768	6.152876e-01	4.737333e-01	1.303859e+00
769	4.676038e-01	4.265512e-01	1.294089e+00
770	2.820121e-01	6.150772e-01	1.675134e+00
771	5.756992e-01	5.618725e-01	2.417684e+00
772	5.498460e-01	4.427253e-01	2.053249e+00
773	6.096087e-01	5.100469e-01	1.276502e+00
774	4.760025e-01	4.716810e-01	2.779189e+00
775	3.448044e-01	1.480962e-01	1.984856e+00
776	3.148145e-01	4.584380e-01	2.295554e+00
777	6.192798e-01	5.402331e-01	1.652662e+00
778	6.133902e-01	3.932777e-01	2.464582e+00
779	6.039518e-01	5.514332e-01	1.763068e+00
780	7.270994e-01	4.976399e-01	2.026869e+00
781	6.096083e-01	5.377012e-01	1.160234e+00
782	5.683514e-01	4.404601e-01	2.302394e+00
783	5.052815e-01	5.381024e-01	1.384954e+00
784	4.913609e-01	4.054109e-01	2.598437e+00
785	6.318705e-01	5.833851e-01	2.130435e+00
786	6.648447e-01	5.087444e-01	1.690767e+00
787	4.550051e-01	4.338610e-01	1.940889e+00
788	6.584474e-01	6.069307e-01	2.099170e+00
