789
0	8.515019e-01	4.520534e-01	1.398632e+00
1	5.195567e-01	6.549921e-01	1.108451e+00
2	4.836279e-01	5.708140e-01	2.925745e+00
3	5.051215e-01	5.749312e-01	2.732291e+00
4	4.304915e-01	3.747292e-01	1.257938e+00
5	4.906663e-01	5.522766e-01	2.424524e+00
6	4.161177e-01	2.588728e-01	1.383000e+00
7	4.273926e-01	4.651744e-01	2.705911e+00
8	4.857158e-01	5.521016e-01	2.442110e+00
9	4.741057e-01	5.190577e-01	2.233024e+00
10	4.550548e-01	4.503925e-01	2.376649e+00
11	4.869497e-01	5.434477e-01	1.556913e+00
12	4.032844e-01	3.062133e-01	2.950171e+00
13	4.881137e-01	7.072947e-01	1.066439e+00
14	4.715510e-01	5.128396e-01	1.626282e+00
15	4.706923e-01	5.851301e-01	1.306790e+00
16	4.754639e-01	5.193125e-01	2.902296e+00
17	4.158620e-01	4.702771e-01	1.195408e+00
18	4.649297e-01	5.681534e-01	1.785540e+00
19	4.432798e-01	4.645170e-01	1.248168e+00
20	4.982877e-01	4.962302e-01	1.863703e+00
21	4.074391e-01	6.285758e-01	2.671715e+00
22	4.701224e-01	5.118800e-01	2.487054e+00
23	5.010107e-01	3.425199e-01	1.946751e+00
24	3.634041e-01	7.234206e-01	1.303859e+00
25	3.925776e-01	2.954507e-01	2.152907e+00
26	4.703953e-01	5.042004e-01	1.388862e+00
27	4.632352e-01	4.865520e-01	1.591109e+00
28	4.863298e-01	6.046288e-01	2.205667e+00
29	4.642833e-01	5.111567e-01	2.181241e+00
30	4.966973e-01	4.251536e-01	1.475818e+00
31	3.903197e-01	5.753545e-01	2.309233e+00
32	4.653805e-01	4.530590e-01	2.073766e+00
33	5.114645e-01	7.487087e-01	2.331705e+00
34	4.398089e-01	4.735090e-01	1.126038e+00
35	2.673109e-01	4.547230e-01	2.235955e+00
36	4.249875e-01	3.638622e-01	2.805569e+00
37	4.690184e-01	7.283955e-01	2.555447e+00
38	4.540353e-01	4.995132e-01	2.559355e+00
39	4.640823e-01	5.023930e-01	1.895945e+00
40	4.957483e-01	5.841912e-01	1.282364e+00
41	5.101174e-01	5.919278e-01	2.750855e+00
42	4.824128e-01	5.251181e-01	2.412799e+00
43	4.908077e-01	4.924104e-01	2.557401e+00
44	5.046960e-01	6.687005e-01	1.648754e+00
45	4.559720e-01	4.864056e-01	1.721055e+00
46	5.011707e-01	5.633281e-01	2.588666e+00
47	4.813329e-01	5.043936e-01	1.525647e+00
48	4.698919e-01	5.179730e-01	2.751832e+00
49	4.811874e-01	3.252195e-01	2.625794e+00
50	4.259774e-01	4.151038e-01	1.663410e+00
51	4.768086e-01	5.176145e-01	2.560332e+00
52	4.675740e-01	4.953155e-01	1.696629e+00
53	4.497547e-01	4.999045e-01	1.506106e+00
54	4.807843e-01	5.168759e-01	2.675623e+00
55	4.948696e-01	5.353555e-01	2.497802e+00
56	3.874199e-01	2.796342e-01	1.031265e+00
57	4.004874e-01	4.080552e-01	2.361993e+00
58	5.563397e-01	5.678542e-01	1.866634e+00
59	4.818814e-01	5.581640e-01	2.930630e+00
60	4.676983e-01	4.862911e-01	1.503175e+00
61	4.325792e-01	5.024859e-01	2.449927e+00
62	4.619057e-01	5.371618e-01	2.831949e+00
63	4.687707e-01	4.873871e-01	2.317049e+00
64	4.745462e-01	5.166982e-01	2.353200e+00
65	4.745227e-01	5.183720e-01	2.575965e+00
66	4.134990e-01	4.629970e-01	2.922814e+00
67	4.326968e-01	4.720875e-01	2.289692e+00
68	4.692803e-01	4.860519e-01	2.766488e+00
69	4.866779e-01	6.942124e-01	1.522716e+00
70	4.881710e-01	4.700319e-01	2.769419e+00
71	4.602594e-01	4.874036e-01	1.110405e+00
72	4.808645e-01	5.534753e-01	1.412311e+00
73	3.398962e-01	5.192510e-01	1.951637e+00
74	5.054350e-01	7.502078e-01	1.449438e+00
75	5.995232e-01	5.120406e-01	2.176356e+00
76	4.271114e-01	4.112549e-01	1.212995e+00
77	4.696886e-01	5.264311e-01	1.872496e+00
78	4.791794e-01	5.234301e-01	1.606742e+00
79	5.328929e-01	6.726685e-01	1.183683e+00
80	4.846114e-01	5.686311e-01	2.736199e+00
81	4.734969e-01	5.185023e-01	1.617489e+00
82	4.777416e-01	5.360769e-01	2.456766e+00
83	4.735037e-01	5.208242e-01	1.406448e+00
84	4.949357e-01	4.429106e-01	2.453835e+00
85	4.725809e-01	5.144346e-01	2.712750e+00
86	4.814549e-01	5.325513e-01	2.877870e+00
87	4.512692e-01	3.096394e-01	1.533464e+00
88	4.612206e-01	3.384682e-01	2.169516e+00
89	4.755917e-01	6.678428e-01	2.483146e+00
90	4.203760e-01	4.556185e-01	1.538349e+00
91	4.616835e-01	5.134815e-01	1.117245e+00
92	4.633689e-01	5.029104e-01	2.709819e+00
93	4.054515e-01	4.836590e-01	2.929653e+00
94	5.203173e-01	5.445388e-01	2.125550e+00
95	4.827653e-01	7.495832e-01	2.148999e+00
96	4.549848e-01	5.046777e-01	1.206155e+00
97	3.441043e-01	5.524990e-01	2.689301e+00
98	4.832455e-01	5.351405e-01	1.997557e+00
99	4.277127e-01	6.086733e-01	1.753298e+00
100	4.854859e-01	5.299140e-01	1.491451e+00
101	4.755930e-01	5.199870e-01	2.381534e+00
102	4.841831e-01	6.106995e-01	1.837323e+00
103	4.174488e-01	4.756758e-01	2.723498e+00
104	4.729183e-01	6.326285e-01	1.216903e+00
105	4.751238e-01	5.212354e-01	1.385931e+00
106	4.988989e-01	5.123538e-01	1.094773e+00
107	5.028226e-01	5.349732e-01	1.887152e+00
108	6.457404e-01	5.419283e-01	1.869565e+00
109	5.409918e-01	6.671427e-01	2.657059e+00
110	4.768141e-01	4.367425e-01	1.905716e+00
111	4.415844e-01	5.131557e-01	2.319980e+00
112	4.043121e-01	4.517027e-01	1.549096e+00
113	3.502723e-01	5.149968e-01	1.155349e+00
114	4.770950e-01	5.221405e-01	1.261847e+00
115	4.793704e-01	5.479947e-01	1.308745e+00
116	1.556765e-01	3.294785e-01	1.148510e+00
117	4.859237e-01	5.469004e-01	1.865657e+00
118	4.947774e-01	5.724783e-01	2.988276e+00
119	4.889061e-01	4.384109e-01	1.479726e+00
120	4.473864e-01	4.752105e-01	2.095261e+00
121	4.035379e-01	4.488508e-01	2.442110e+00
122	4.484512e-01	3.689182e-01	1.070347e+00
123	4.520395e-01	5.486103e-01	1.417196e+00
124	4.707152e-01	5.160164e-01	2.817294e+00
125	4.889587e-01	5.755364e-01	1.164143e+00
126	4.054721e-01	4.504098e-01	2.738153e+00
127	4.845349e-01	6.602149e-01	2.338544e+00
128	4.738121e-01	5.505328e-01	1.282364e+00
129	4.486059e-01	5.009800e-01	2.676600e+00
130	4.742026e-01	5.509456e-01	2.443087e+00
131	8.019712e-01	1.199634e-01	2.375672e+00
132	5.253383e-01	6.800615e-01	1.220811e+00
133	6.087998e-01	5.153069e-01	2.407914e+00
134	4.605729e-01	5.310866e-01	2.277968e+00
135	4.923654e-01	5.267978e-01	2.409868e+00
136	4.624885e-01	5.589510e-01	2.083537e+00
137	5.033428e-01	4.298734e-01	2.286761e+00
138	6.085511e-01	5.175702e-01	1.194431e+00
139	4.893817e-01	5.152661e-01	2.818271e+00
140	5.228109e-01	5.724465e-01	2.827064e+00
141	4.991271e-01	5.251139e-01	1.684905e+00
142	4.570609e-01	5.057752e-01	1.999511e+00
143	4.667860e-01	5.032502e-01	1.956522e+00
144	4.920002e-01	4.179740e-01	2.323889e+00
145	4.655390e-01	5.463115e-01	2.501710e+00
146	4.836597e-01	7.321310e-01	2.395213e+00
147	4.017695e-01	6.197630e-01	2.719590e+00
148	4.760194e-01	5.185384e-01	2.937469e+00
149	5.065309e-01	6.175024e-01	2.803615e+00
150	4.872698e-01	7.339447e-01	1.794333e+00
151	4.943221e-01	5.183584e-01	2.611138e+00
152	4.502169e-01	5.215576e-01	1.724963e+00
153	4.484962e-01	5.230167e-01	1.983879e+00
154	4.809688e-01	5.237799e-01	2.181241e+00
155	5.002962e-01	4.270171e-01	1.295066e+00
156	5.002550e-01	6.740401e-01	1.970200e+00
157	4.896156e-01	5.210581e-01	2.387396e+00
158	3.889303e-01	5.337039e-01	2.386419e+00
159	4.996049e-01	7.530468e-01	2.647289e+00
160	4.630247e-01	5.013011e-01	1.686859e+00
161	4.849453e-01	5.564984e-01	1.553981e+00
162	3.931278e-01	4.858967e-01	1.764045e+00
163	5.121546e-01	7.316512e-01	1.632145e+00
164	4.747666e-01	5.183077e-01	1.235467e+00
165	4.718667e-01	5.133062e-01	2.251588e+00
166	4.965143e-01	5.412011e-01	1.751343e+00
167	4.169061e-01	5.296511e-01	1.715193e+00
168	4.783499e-01	5.183674e-01	2.109917e+00
169	4.653723e-01	4.311446e-01	2.137274e+00
170	5.020526e-01	4.287258e-01	2.099170e+00
171	4.891047e-01	5.638930e-01	2.057157e+00
172	5.185137e-01	5.182314e-01	2.246702e+00
173	4.993490e-01	5.039449e-01	1.894968e+00
174	4.383376e-01	5.427319e-01	2.453835e+00
175	4.550019e-01	4.843510e-01	2.834880e+00
176	5.548680e-01	5.269204e-01	2.215437e+00
177	4.646031e-01	5.001733e-01	2.153884e+00
178	4.777383e-01	5.151087e-01	2.475330e+00
179	4.665924e-01	3.248171e-01	1.274548e+00
180	4.675958e-01	5.512650e-01	2.127504e+00
181	4.637519e-01	5.229046e-01	1.790425e+00
182	4.137392e-01	4.576469e-01	1.736688e+00
183	4.348070e-01	3.433153e-01	1.692721e+00
184	5.427910e-01	6.089575e-01	2.042501e+00
185	4.185458e-01	3.443949e-01	1.468979e+00
186	4.425964e-01	5.018311e-01	1.784563e+00
187	8.809023e-01	8.018857e-01	2.653151e+00
188	4.837685e-01	5.783798e-01	1.839277e+00
189	4.687472e-01	5.149165e-01	1.175867e+00
190	4.162427e-01	4.478084e-01	2.807523e+00
191	3.486296e-01	6.638099e-01	2.811431e+00
192	4.385106e-01	5.740743e-01	1.192477e+00
193	6.243819e-01	5.236837e-01	1.620420e+00
194	5.816361e-01	5.903207e-01	2.624817e+00
195	4.787450e-01	5.204874e-01	2.806546e+00
196	5.468264e-01	7.062742e-01	1.763068e+00
197	4.178436e-01	3.471129e-01	2.060088e+00
198	5.821876e-01	2.757613e-01	2.458720e+00
199	5.390303e-01	5.821213e-01	2.463605e+00
200	5.114398e-01	6.596355e-01	1.141671e+00
201	4.697711e-01	5.213698e-01	1.146556e+00
202	5.324914e-01	6.240804e-01	1.395701e+00
203	4.334399e-01	5.012078e-01	1.755252e+00
204	4.814910e-01	5.679224e-01	2.901319e+00
205	4.139728e-01	3.444353e-01	2.123596e+00
206	4.882234e-01	6.572676e-01	1.652662e+00
207	4.766123e-01	5.055449e-01	1.199316e+00
208	4.508661e-01	4.881069e-01	2.170493e+00
209	4.629362e-01	2.822595e-01	2.733268e+00
210	4.937832e-01	7.262510e-01	1.545188e+00
211	4.996894e-01	4.837149e-01	1.376160e+00
212	4.859704e-01	5.174081e-01	1.621397e+00
213	4.810180e-01	5.170219e-01	1.883244e+00
214	4.769286e-01	5.096320e-01	1.612604e+00
215	4.592075e-01	5.140560e-01	2.909135e+00
216	4.608272e-01	4.937439e-01	1.354665e+00
217	4.619309e-01	5.168716e-01	2.770396e+00
218	5.564126e-01	7.040546e-01	2.148999e+00
219	4.742831e-01	5.100258e-01	2.624817e+00
220	4.291295e-01	4.917479e-01	2.697118e+00
221	4.131353e-01	4.993123e-01	1.938935e+00
222	3.384153e-01	5.180266e-01	1.854910e+00
223	4.449027e-01	3.466441e-01	2.625794e+00
224	4.826996e-01	6.267768e-01	2.984367e+00
225	4.311534e-01	4.121424e-01	2.693210e+00
226	4.634894e-01	5.062931e-01	2.276014e+00
227	4.761312e-01	5.811664e-01	1.245237e+00
228	4.800519e-01	5.242784e-01	1.489497e+00
229	4.881409e-01	5.211148e-01	2.305325e+00
230	4.793339e-01	5.461169e-01	2.689301e+00
231	4.766134e-01	4.753623e-01	1.346849e+00
232	5.231381e-01	5.791266e-01	2.447973e+00
233	4.647166e-01	4.849435e-01	1.591109e+00
234	5.725240e-01	5.741490e-01	1.931119e+00
235	4.874510e-01	5.367960e-01	2.687347e+00
236	4.754681e-01	5.187939e-01	2.787982e+00
237	4.628691e-01	4.991864e-01	1.510015e+00
238	4.755720e-01	5.610597e-01	2.193942e+00
239	4.732016e-01	4.987540e-01	2.918906e+00
240	4.189330e-01	4.472757e-01	1.734734e+00
241	4.763452e-01	5.818552e-01	1.119199e+00
242	5.001543e-01	5.950984e-01	1.631168e+00
243	4.922486e-01	4.484994e-01	1.258915e+00
244	4.718823e-01	4.666939e-01	2.458720e+00
245	4.369368e-01	5.739490e-01	2.134343e+00
246	4.707950e-01	5.181982e-01	2.662921e+00
247	4.751387e-01	4.941324e-01	2.924768e+00
248	4.698856e-01	6.692939e-01	2.983390e+00
249	6.707495e-01	1.417999e-01	2.305325e+00
250	5.662463e-01	3.588751e-01	2.763556e+00
251	6.121007e-01	2.221198e-01	2.374695e+00
252	4.856124e-01	4.769627e-01	1.703468e+00
253	4.853361e-01	7.343850e-01	1.246214e+00
254	5.727847e-01	7.561233e-01	2.925745e+00
255	4.636782e-01	5.090371e-01	1.857841e+00
256	4.598156e-01	4.959968e-01	2.601368e+00
257	4.544131e-01	4.774493e-01	2.413776e+00
258	4.857181e-01	5.097421e-01	2.569126e+00
259	5.712416e-01	5.758397e-01	1.865657e+00
260	4.780590e-01	5.222655e-01	2.574988e+00
261	4.864219e-01	5.510938e-01	1.598925e+00
262	2.587279e-01	4.984306e-01	2.264289e+00
263	4.441267e-01	6.213364e-01	1.176844e+00
264	5.273919e-01	6.624429e-01	1.061553e+00
265	4.662017e-01	4.984437e-01	2.526136e+00
266	5.083890e-01	5.773633e-01	1.928188e+00
267	4.820419e-01	4.509383e-01	2.006351e+00
268	4.568710e-01	4.779655e-01	1.041036e+00
269	4.714664e-01	5.648829e-01	1.793356e+00
270	5.238107e-01	6.009764e-01	1.860772e+00
271	5.398867e-01	4.200194e-01	1.389839e+00
272	4.689811e-01	5.066290e-01	1.052760e+00
273	5.247989e-01	5.992952e-01	1.156326e+00
274	3.775440e-01	2.589947e-01	1.981925e+00
275	4.690118e-01	5.403546e-01	2.256473e+00
276	4.532400e-01	4.882698e-01	2.368832e+00
277	4.509152e-01	5.171844e-01	2.024915e+00
278	5.004951e-01	5.689002e-01	1.266732e+00
279	4.722322e-01	4.930077e-01	1.348803e+00
280	4.890800e-01	5.898095e-01	2.472399e+00
281	4.157412e-01	6.749949e-01	2.288715e+00
282	4.685541e-01	4.700246e-01	2.745970e+00
283	4.941147e-01	5.653507e-01	2.490962e+00
284	4.614236e-01	3.335460e-01	2.515388e+00
285	3.601427e-01	2.435650e-01	1.545188e+00
286	4.823917e-01	5.182518e-01	2.662921e+00
287	4.510794e-01	4.751208e-01	2.264289e+00
288	4.861339e-01	5.380222e-01	2.905227e+00
289	4.691097e-01	6.210331e-01	1.058622e+00
290	4.299075e-01	5.271466e-01	2.152907e+00
291	6.677013e-01	1.561029e-01	2.784074e+00
292	4.740090e-01	5.109949e-01	2.445042e+00
293	5.417802e-01	5.507442e-01	2.852467e+00
294	4.649586e-01	4.268582e-01	2.070835e+00
295	5.045059e-01	4.278700e-01	1.406448e+00
296	4.374369e-01	3.958166e-01	1.751343e+00
297	4.290034e-01	5.743320e-01	2.077675e+00
298	5.373901e-01	6.300709e-01	1.601856e+00
299	4.804273e-01	5.431187e-01	2.048363e+00
300	4.753170e-01	6.247008e-01	2.781143e+00
301	4.765742e-01	5.198157e-01	2.779189e+00
302	5.313161e-01	6.116568e-01	2.617978e+00
303	4.142925e-01	3.199420e-01	1.698583e+00
304	5.739290e-01	5.962599e-01	1.948705e+00
305	4.720115e-01	5.129721e-01	1.416219e+00
306	5.445066e-01	6.522999e-01	1.745481e+00
307	4.891233e-01	5.435862e-01	2.291646e+00
308	1.542485e-01	4.205384e-01	1.868588e+00
309	4.655254e-01	4.502087e-01	2.511480e+00
310	4.958886e-01	5.415610e-01	2.596483e+00
311	4.762211e-01	5.412926e-01	2.855398e+00
312	4.377802e-01	4.624846e-01	1.312653e+00
313	4.572162e-01	5.212751e-01	1.787494e+00
314	4.693621e-01	5.144918e-01	2.252565e+00
315	4.964834e-01	5.457009e-01	1.978017e+00
316	4.453429e-01	5.092435e-01	2.965804e+00
317	4.598452e-01	4.955657e-01	2.221299e+00
318	4.107501e-01	6.778640e-01	1.701514e+00
319	5.085134e-01	5.800711e-01	1.135809e+00
320	4.539025e-01	4.529546e-01	2.997069e+00
321	6.606943e-01	1.452245e-01	2.470445e+00
322	4.645775e-01	3.399802e-01	2.362970e+00
323	4.730704e-01	5.059992e-01	2.553493e+00
324	4.674878e-01	4.739792e-01	1.347826e+00
325	2.225259e-01	1.294578e-01	2.896434e+00
326	4.809802e-01	5.252280e-01	1.857841e+00
327	5.357665e-01	5.790426e-01	1.669272e+00
328	4.575455e-01	5.176909e-01	1.726917e+00
329	4.960588e-01	5.830750e-01	2.604299e+00
330	4.729089e-01	5.696660e-01	2.089399e+00
331	4.196323e-01	5.058800e-01	1.552027e+00
332	4.600454e-01	4.455185e-01	1.769907e+00
333	4.888017e-01	5.359580e-01	1.382022e+00
334	4.202421e-01	4.271847e-01	2.510503e+00
335	4.168024e-01	5.280343e-01	1.640938e+00
336	4.725345e-01	5.019209e-01	2.933561e+00
337	4.870760e-01	4.274881e-01	1.033219e+00
338	4.688033e-01	5.774300e-01	1.408403e+00
339	4.831940e-01	5.366901e-01	2.767465e+00
340	4.718249e-01	5.128740e-01	1.526624e+00
341	4.768270e-01	5.493565e-01	1.456277e+00
342	4.916304e-01	4.896307e-01	1.054714e+00
343	3.963745e-01	4.589315e-01	2.601368e+00
344	3.568880e-01	2.188567e-01	2.193942e+00
345	7.291492e-01	2.448971e-01	2.321935e+00
346	4.754917e-01	5.068456e-01	1.564729e+00
347	4.771313e-01	4.993125e-01	1.679043e+00
348	4.771845e-01	3.237514e-01	2.034685e+00
349	4.842311e-01	4.957898e-01	2.564240e+00
350	4.810477e-01	7.263379e-01	2.311187e+00
351	5.061192e-01	5.648723e-01	1.297997e+00
352	4.671125e-01	5.019687e-01	2.873962e+00
353	4.059179e-01	6.949717e-01	2.202736e+00
354	4.721643e-01	5.162245e-01	2.653151e+00
355	5.294568e-01	6.509009e-01	2.461651e+00
356	4.614532e-01	4.950466e-01	1.679043e+00
357	4.659116e-01	5.564215e-01	2.991207e+00
358	5.382093e-01	5.612072e-01	2.857352e+00
359	4.344302e-01	4.032926e-01	1.913532e+00
360	4.749864e-01	7.335031e-01	1.216903e+00
361	5.122935e-01	4.409631e-01	1.214949e+00
362	4.289850e-01	5.291776e-01	1.005862e+00
363	4.336340e-01	4.626276e-01	2.227162e+00
364	4.528359e-01	5.030139e-01	1.723009e+00
365	4.759602e-01	6.066974e-01	1.491451e+00
366	3.133603e-01	4.520009e-01	1.692721e+00
367	4.944008e-01	5.169618e-01	1.154372e+00
368	4.868684e-01	5.368229e-01	1.851001e+00
369	4.794127e-01	5.247243e-01	2.418661e+00
370	5.145057e-01	4.377901e-01	1.874450e+00
371	5.208993e-01	4.224752e-01	1.591109e+00
372	4.705001e-01	5.495131e-01	2.199805e+00
373	4.717075e-01	3.801400e-01	2.208598e+00
374	4.132658e-01	4.561623e-01	1.322423e+00
375	4.294730e-01	3.485761e-01	2.361016e+00
376	4.872664e-01	3.799897e-01	1.815828e+00
377	4.755337e-01	5.185406e-01	1.328285e+00
378	4.856594e-01	5.370074e-01	1.883244e+00
379	7.823523e-01	8.700935e-01	1.599902e+00
380	5.639275e-01	7.402005e-01	2.343429e+00
381	4.674249e-01	5.513719e-01	1.835369e+00
382	2.169487e-01	7.810811e-01	1.065462e+00
383	6.755904e-01	4.607402e-01	1.698583e+00
384	4.225099e-01	3.296823e-01	2.761602e+00
385	3.562287e-01	5.095697e-01	1.961407e+00
386	5.361164e-01	5.793599e-01	2.449927e+00
387	4.740945e-01	4.748692e-01	2.669761e+00
388	4.068172e-01	5.880758e-01	2.597460e+00
389	4.699843e-01	5.075018e-01	2.960918e+00
390	4.905440e-01	5.446190e-01	1.655594e+00
391	5.236704e-01	5.808650e-01	2.572057e+00
392	4.620922e-01	4.915155e-01	1.234489e+00
393	4.148082e-01	5.047777e-01	1.607719e+00
394	4.704359e-01	5.245088e-01	2.643381e+00
395	5.134786e-01	4.409120e-01	1.233512e+00
396	3.954306e-01	4.704434e-01	2.058134e+00
397	3.056610e-01	4.901816e-01	1.083048e+00
398	5.566383e-01	5.615738e-01	2.453835e+00
399	5.141714e-01	5.097270e-01	2.169516e+00
400	4.067836e-01	4.239594e-01	1.634099e+00
401	3.769999e-01	7.208012e-01	1.314607e+00
402	4.702005e-01	4.751536e-01	2.292623e+00
403	4.735793e-01	7.530972e-01	1.759160e+00
404	5.020819e-01	4.076774e-01	2.942355e+00
405	4.290971e-01	4.227485e-01	1.358574e+00
406	4.710036e-01	4.530156e-01	1.474841e+00
407	4.091476e-01	3.848135e-01	2.850513e+00
408	6.232887e-01	4.614255e-01	2.543723e+00
409	4.569329e-01	5.087689e-01	1.170005e+00
410	4.446629e-01	5.002378e-01	2.011236e+00
411	4.836857e-01	5.907060e-01	2.982413e+00
412	3.199418e-01	4.666060e-01	1.578407e+00
413	4.547558e-01	4.835703e-01	2.904250e+00
414	4.602584e-01	4.948860e-01	2.948217e+00
415	4.771049e-01	5.166546e-01	1.856864e+00
416	5.205967e-01	5.910087e-01	1.780655e+00
417	4.845959e-01	5.177503e-01	1.223742e+00
418	4.799061e-01	4.790478e-01	2.928676e+00
419	4.763007e-01	5.208697e-01	1.055691e+00
420	4.569053e-01	5.272067e-01	2.823156e+00
421	4.784695e-01	5.219055e-01	2.886663e+00
422	4.877126e-01	5.148382e-01	1.391793e+00
423	3.788218e-01	7.437940e-01	1.467025e+00
424	4.836879e-01	5.371640e-01	1.512946e+00
425	4.012064e-01	3.421600e-01	1.960430e+00
426	3.943355e-01	3.441436e-01	2.254519e+00
427	4.517314e-01	3.420573e-01	2.899365e+00
428	5.191037e-01	5.319497e-01	1.247191e+00
429	4.850552e-01	5.305062e-01	1.802149e+00
430	4.735445e-01	5.283410e-01	1.663410e+00
431	4.616013e-01	3.339745e-01	2.556424e+00
432	3.978878e-01	3.558489e-01	2.947240e+00
433	4.904868e-01	5.094295e-01	2.475330e+00
434	4.793821e-01	4.437153e-01	2.923791e+00
435	5.107806e-01	6.276604e-01	2.906204e+00
436	1.004720e-01	8.624913e-01	2.668784e+00
437	4.509430e-01	4.886624e-01	2.476307e+00
438	4.716347e-01	4.029516e-01	2.065950e+00
439	4.770570e-01	5.215017e-01	1.983879e+00
440	4.966574e-01	5.776192e-01	1.637030e+00
441	7.208448e-01	4.574207e-01	1.338056e+00
442	4.942542e-01	6.398503e-01	2.406937e+00
443	5.806059e-01	5.835447e-01	1.422081e+00
444	5.108041e-01	5.784159e-01	2.956033e+00
445	4.796636e-01	5.315635e-01	2.601368e+00
446	5.418394e-01	7.042815e-01	1.846116e+00
447	4.685582e-01	5.051159e-01	1.264778e+00
448	4.220461e-01	4.249172e-01	1.119199e+00
449	5.186906e-01	5.882417e-01	1.956522e+00
450	5.705060e-01	5.658506e-01	2.971666e+00
451	4.808012e-01	5.242539e-01	2.149976e+00
452	4.031234e-01	6.067080e-01	1.574499e+00
453	5.438194e-01	7.102589e-01	1.775769e+00
454	8.326404e-01	6.183955e-01	1.542257e+00
455	4.809069e-01	5.422291e-01	2.984367e+00
456	4.647684e-01	4.839740e-01	1.577430e+00
457	3.656971e-01	4.973858e-01	2.955056e+00
458	4.799988e-01	5.006062e-01	2.865169e+00
459	4.812174e-01	4.248835e-01	1.672203e+00
460	4.940607e-01	5.675447e-01	1.198339e+00
461	3.616787e-01	2.876722e-01	2.513434e+00
462	5.394168e-01	6.907490e-01	1.853933e+00
463	4.834882e-01	5.077315e-01	2.858329e+00
464	5.313061e-01	5.792392e-01	1.574499e+00
465	4.478233e-01	5.742920e-01	1.432829e+00
466	4.695161e-01	5.213654e-01	1.500244e+00
467	4.028687e-01	3.055225e-01	1.323400e+00
468	4.938770e-01	5.224246e-01	2.147044e+00
469	4.692459e-01	4.882716e-01	2.698095e+00
470	4.794428e-01	5.041014e-01	1.364436e+00
471	5.055225e-01	6.047061e-01	2.076698e+00
472	4.780651e-01	5.233193e-01	2.011236e+00
473	4.557933e-01	3.781922e-01	1.215926e+00
474	4.838936e-01	5.161590e-01	2.299463e+00
475	4.946802e-01	4.958002e-01	1.683928e+00
476	4.609146e-01	5.003609e-01	2.081583e+00
477	4.916486e-01	4.855530e-01	2.350269e+00
478	4.253310e-01	3.931025e-01	2.728383e+00
479	4.734559e-01	4.290913e-01	1.194431e+00
480	4.351555e-01	5.385000e-01	2.515388e+00
481	5.093505e-01	4.456143e-01	1.865657e+00
482	4.587234e-01	2.548660e-01	1.802149e+00
483	4.487470e-01	4.287832e-01	1.367367e+00
484	4.924640e-01	5.547263e-01	1.148510e+00
485	4.587780e-01	3.787084e-01	2.427455e+00
486	4.026457e-01	4.532305e-01	2.196873e+00
487	5.115719e-01	4.386627e-01	2.386419e+00
488	5.033986e-01	5.610438e-01	1.294089e+00
489	4.316228e-01	4.959475e-01	1.687836e+00
490	4.568469e-01	5.642475e-01	1.146556e+00
491	5.716491e-01	2.912563e-01	1.597948e+00
492	4.338765e-01	5.646235e-01	2.412799e+00
493	5.376426e-01	5.774434e-01	1.227650e+00
494	4.652842e-01	4.952426e-01	2.522228e+00
495	4.896611e-01	5.635642e-01	1.437714e+00
496	4.803403e-01	5.633196e-01	1.523693e+00
497	4.536608e-01	4.561727e-01	1.221788e+00
498	4.674177e-01	6.202804e-01	1.652662e+00
499	4.296849e-01	5.489109e-01	1.269663e+00
500	4.703139e-01	5.284863e-01	2.967758e+00
501	4.646468e-01	5.184293e-01	2.546654e+00
502	2.186797e-01	4.635348e-01	1.818759e+00
503	4.989242e-01	5.735573e-01	1.919394e+00
504	4.654507e-01	5.132418e-01	2.563263e+00
505	4.950473e-01	6.424437e-01	1.451392e+00
506	5.375085e-01	4.422228e-01	1.718124e+00
507	4.748106e-01	5.133163e-01	1.207132e+00
508	4.589061e-01	4.932606e-01	1.236444e+00
509	5.222037e-01	5.516818e-01	2.622863e+00
510	4.443668e-01	4.846478e-01	2.549585e+00
511	4.712832e-01	5.260161e-01	2.966781e+00
512	4.667901e-01	5.689734e-01	2.395213e+00
513	5.148947e-01	4.825812e-01	1.534441e+00
514	4.440074e-01	3.489639e-01	1.550073e+00
515	5.346667e-01	6.222834e-01	1.610650e+00
516	5.515801e-01	3.096042e-01	1.612604e+00
517	4.628598e-01	5.116528e-01	1.086957e+00
518	5.556398e-01	7.027863e-01	2.282853e+00
519	1.622816e-01	1.329043e-01	1.573522e+00
520	4.922124e-01	5.051633e-01	2.497802e+00
521	4.759229e-01	5.221422e-01	1.752320e+00
522	4.895598e-01	5.493914e-01	1.589155e+00
523	4.719070e-01	5.033657e-01	1.209086e+00
524	4.872860e-01	5.281767e-01	2.755740e+00
525	4.545811e-01	5.102012e-01	1.499267e+00
526	4.858123e-01	5.340530e-01	1.014656e+00
527	4.658317e-01	4.954045e-01	2.891549e+00
528	4.871931e-01	5.359255e-01	2.478261e+00
529	4.935646e-01	6.426260e-01	1.898876e+00
530	4.693176e-01	5.074455e-01	1.188569e+00
531	4.708998e-01	5.116945e-01	2.785051e+00
532	4.726590e-01	5.151681e-01	2.945286e+00
533	4.767256e-01	5.072570e-01	2.458720e+00
534	4.338354e-01	5.783654e-01	2.673669e+00
535	4.753222e-01	5.133983e-01	1.399609e+00
536	4.751145e-01	5.076040e-01	2.604299e+00
537	4.677718e-01	5.167621e-01	1.529555e+00
538	4.761660e-01	5.159478e-01	2.823156e+00
539	4.490187e-01	6.377941e-01	2.826087e+00
540	4.496593e-01	4.753605e-01	2.844651e+00
541	5.208549e-01	5.053715e-01	2.290669e+00
542	5.140074e-01	5.376615e-01	2.570103e+00
543	4.862802e-01	5.007149e-01	2.396190e+00
544	5.177035e-01	6.007011e-01	1.318515e+00
545	4.525876e-01	5.329233e-01	2.605276e+00
546	6.514767e-01	5.548844e-01	2.683439e+00
547	3.587981e-01	4.257418e-01	1.587201e+00
548	4.701592e-01	4.500312e-01	1.375183e+00
549	4.746901e-01	5.784952e-01	2.298486e+00
550	4.808135e-01	3.152591e-01	1.285296e+00
551	4.802663e-01	5.161681e-01	2.983390e+00
552	4.104445e-01	4.925133e-01	1.195408e+00
553	4.528957e-01	5.062145e-01	2.414753e+00
554	3.866368e-01	7.187065e-01	1.843185e+00
555	3.135042e-01	4.685553e-01	2.396190e+00
556	5.957616e-01	5.309799e-01	3.000000e+00
557	4.853438e-01	5.166772e-01	2.728383e+00
558	4.960221e-01	5.083237e-01	1.133854e+00
559	4.750554e-01	5.159612e-01	1.944797e+00
560	4.288962e-01	5.896766e-01	2.883732e+00
561	5.404551e-01	6.992274e-01	2.383488e+00
562	4.165886e-01	5.276008e-01	2.506595e+00
563	4.637996e-01	4.855144e-01	1.786517e+00
564	5.136040e-01	5.977861e-01	2.893503e+00
565	4.755398e-01	5.089321e-01	2.981436e+00
566	4.783296e-01	6.189679e-01	2.663898e+00
567	4.540416e-01	4.633180e-01	2.227162e+00
568	4.957569e-01	5.170702e-01	1.527601e+00
569	4.768343e-01	4.602521e-01	2.610161e+00
570	5.649514e-01	3.227311e-01	1.058622e+00
571	4.503188e-01	4.782919e-01	2.782120e+00
572	4.250639e-01	6.610374e-01	1.518808e+00
573	4.799534e-01	5.005741e-01	2.109917e+00
574	4.409006e-01	4.661444e-01	2.074744e+00
575	4.458891e-01	4.924129e-01	2.319003e+00
576	4.437717e-01	6.340671e-01	1.290181e+00
577	4.453717e-01	4.850567e-01	1.286273e+00
578	4.778227e-01	4.927498e-01	1.881290e+00
579	4.732952e-01	5.115095e-01	1.664387e+00
580	2.201068e-01	9.111680e-01	1.242306e+00
581	4.294920e-01	5.624283e-01	1.927211e+00
582	4.784300e-01	5.262512e-01	2.820225e+00
583	4.815163e-01	7.364099e-01	2.792868e+00
584	4.901209e-01	5.710844e-01	1.201270e+00
585	5.139516e-01	5.874789e-01	1.898876e+00
586	4.812481e-01	5.210346e-01	1.782609e+00
587	4.694974e-01	4.983367e-01	1.561798e+00
588	4.738900e-01	5.181485e-01	2.282853e+00
589	4.620751e-01	4.923981e-01	2.210552e+00
590	4.568394e-01	5.259055e-01	1.020518e+00
591	4.471118e-01	4.775143e-01	1.784563e+00
592	4.720599e-01	5.141219e-01	1.275525e+00
593	4.456585e-01	5.442689e-01	1.212995e+00
594	5.566773e-01	5.869109e-01	2.964827e+00
595	4.799754e-01	5.194566e-01	2.079629e+00
596	5.664180e-01	2.986178e-01	1.187592e+00
597	4.492359e-01	5.311624e-01	1.258915e+00
598	4.845204e-01	5.578303e-01	1.999511e+00
599	4.784340e-01	5.202980e-01	1.264778e+00
600	4.674911e-01	5.050178e-01	1.110405e+00
601	4.099785e-01	2.391249e-01	1.107474e+00
602	4.127575e-01	7.267436e-01	1.070347e+00
603	4.712635e-01	5.265388e-01	2.400098e+00
604	4.854466e-01	4.455320e-01	2.871031e+00
605	4.766856e-01	5.098636e-01	2.739130e+00
606	4.800897e-01	5.569044e-01	2.061065e+00
607	4.541444e-01	3.112985e-01	1.073278e+00
608	4.656955e-01	4.758902e-01	2.799707e+00
609	4.866936e-01	5.471466e-01	2.010259e+00
610	4.938831e-01	4.609929e-01	1.700537e+00
611	4.630160e-01	4.978137e-01	1.339033e+00
612	5.807973e-01	5.537870e-01	2.227162e+00
613	5.782921e-01	5.471479e-01	2.482169e+00
614	4.491010e-01	5.401266e-01	2.958964e+00
615	4.608194e-01	5.293493e-01	1.443576e+00
616	4.270466e-01	5.046027e-01	2.381534e+00
617	4.612622e-01	6.860260e-01	1.971177e+00
618	4.611706e-01	4.945756e-01	2.960918e+00
619	2.513276e-01	9.711898e-02	1.812897e+00
620	3.763581e-01	3.980010e-01	1.170982e+00
621	4.398748e-01	4.745481e-01	1.277479e+00
622	5.545775e-01	3.103412e-01	1.176844e+00
623	6.064513e-01	6.050333e-01	1.636053e+00
624	5.298202e-01	6.105658e-01	2.336590e+00
625	5.343841e-01	4.595850e-01	1.343918e+00
626	4.700417e-01	5.134719e-01	1.905716e+00
627	4.399147e-01	5.797237e-01	1.784563e+00
628	4.843031e-01	5.278914e-01	2.063996e+00
629	4.702986e-01	5.148509e-01	2.497802e+00
630	5.822079e-01	5.447534e-01	2.870054e+00
631	5.163336e-01	5.522918e-01	1.729849e+00
632	4.823322e-01	6.169160e-01	2.290669e+00
633	4.754669e-01	5.172432e-01	2.841720e+00
634	4.787319e-01	5.199788e-01	2.195896e+00
635	4.786572e-01	6.196929e-01	1.601856e+00
636	4.685379e-01	4.702169e-01	2.449927e+00
637	4.685028e-01	5.192816e-01	1.462140e+00
638	4.752241e-01	5.191480e-01	2.041524e+00
639	4.755899e-01	5.184179e-01	2.061065e+00
640	4.534706e-01	2.727282e-01	2.130435e+00
641	4.189857e-01	3.026148e-01	2.205667e+00
642	4.716822e-01	5.064121e-01	2.184172e+00
643	4.386499e-01	5.687017e-01	2.747924e+00
644	5.110231e-01	3.558268e-01	2.909135e+00
645	4.642215e-01	5.107769e-01	2.777235e+00
646	4.729449e-01	5.152222e-01	1.295066e+00
647	4.392307e-01	5.568474e-01	1.050806e+00
648	4.210817e-01	4.247230e-01	1.191500e+00
649	4.630447e-01	4.975643e-01	1.198339e+00
650	4.529257e-01	5.104132e-01	2.656082e+00
651	4.881249e-01	5.074581e-01	1.692721e+00
652	4.326570e-01	2.829603e-01	2.330728e+00
653	4.852292e-01	5.387104e-01	1.906693e+00
654	5.082958e-01	5.287182e-01	2.192965e+00
655	4.615718e-01	5.257309e-01	1.200293e+00
656	4.901489e-01	4.937391e-01	2.361016e+00
657	4.739629e-01	5.670483e-01	2.080606e+00
658	4.646019e-01	5.204198e-01	2.017098e+00
659	5.333212e-01	5.368108e-01	2.191011e+00
660	4.100728e-01	3.904447e-01	1.667318e+00
661	4.736193e-01	5.659276e-01	2.229116e+00
662	6.682514e-01	6.531138e-01	1.188569e+00
663	4.626961e-01	4.738767e-01	2.714704e+00
664	4.556956e-01	4.755695e-01	1.979971e+00
665	4.898833e-01	3.967944e-01	2.954079e+00
666	4.932656e-01	1.816360e-01	1.803127e+00
667	5.087385e-01	5.271301e-01	1.039082e+00
668	2.065991e-01	5.445297e-01	1.893014e+00
669	4.459566e-01	3.470661e-01	1.778701e+00
670	2.273802e-01	8.537053e-01	1.807035e+00
671	4.946318e-01	5.665909e-01	1.102589e+00
672	7.049904e-01	6.172358e-01	1.879336e+00
673	5.286744e-01	4.854884e-01	1.984856e+00
674	4.758089e-01	5.189791e-01	2.238886e+00
675	4.505901e-01	4.695661e-01	2.868100e+00
676	4.714665e-01	5.180317e-01	2.748901e+00
677	4.612681e-01	6.820570e-01	1.578407e+00
678	4.818182e-01	5.299687e-01	1.621397e+00
679	4.699591e-01	5.202558e-01	2.657059e+00
680	4.800475e-01	5.596760e-01	2.404983e+00
681	4.649140e-01	6.059018e-01	2.272106e+00
682	4.801790e-01	5.659329e-01	1.463117e+00
683	4.751467e-01	5.186428e-01	2.316072e+00
684	4.764617e-01	5.127843e-01	2.334636e+00
685	4.457114e-01	4.894567e-01	1.365413e+00
686	5.240558e-01	3.460989e-01	2.105032e+00
687	5.157620e-01	5.935615e-01	1.339033e+00
688	4.814194e-01	5.143268e-01	2.932584e+00
689	4.818487e-01	5.163239e-01	2.378603e+00
690	4.748715e-01	5.133981e-01	1.833415e+00
691	6.002346e-01	5.384332e-01	1.663410e+00
692	4.991271e-01	4.878780e-01	2.251588e+00
693	5.069204e-01	3.616897e-01	1.766976e+00
694	4.741081e-01	6.553620e-01	1.575476e+00
695	5.014430e-01	4.433107e-01	2.771373e+00
696	4.670393e-01	5.329597e-01	2.787005e+00
697	4.674542e-01	5.167940e-01	1.959453e+00
698	4.741271e-01	5.101423e-01	2.187103e+00
699	4.783418e-01	5.217421e-01	2.430386e+00
700	4.453705e-01	4.654408e-01	2.679531e+00
701	4.779003e-01	5.309181e-01	2.191988e+00
702	4.463376e-01	4.672635e-01	2.945286e+00
703	4.600908e-01	5.228105e-01	2.793845e+00
704	4.948146e-01	5.247809e-01	2.132389e+00
705	4.945762e-01	7.536078e-01	1.627259e+00
706	4.907483e-01	5.227301e-01	1.623351e+00
707	5.043015e-01	4.901159e-01	2.772350e+00
708	4.787061e-01	5.257034e-01	1.552027e+00
709	3.295335e-01	5.200797e-01	1.180752e+00
710	4.674197e-01	4.663523e-01	1.632145e+00
711	1.691883e-01	2.029267e-01	1.680997e+00
712	4.752301e-01	3.195283e-01	2.828041e+00
713	3.487533e-01	5.458207e-01	1.703468e+00
714	4.634376e-01	6.248135e-01	1.471910e+00
715	4.770560e-01	5.111516e-01	2.368832e+00
716	4.623929e-01	5.087968e-01	1.961407e+00
717	4.778223e-01	5.203993e-01	1.756229e+00
718	4.565708e-01	5.179548e-01	2.987298e+00
719	4.633136e-01	5.192355e-01	2.332682e+00
720	4.764104e-01	5.039391e-01	1.097704e+00
721	4.478231e-01	3.537362e-01	1.954568e+00
722	4.766222e-01	5.229925e-01	1.704446e+00
723	4.759793e-01	5.186700e-01	1.853933e+00
724	4.448814e-01	4.670417e-01	2.829995e+00
725	5.107388e-01	4.720694e-01	2.232047e+00
726	4.656504e-01	4.724500e-01	2.587689e+00
727	3.486050e-01	5.494972e-01	2.698095e+00
728	4.348374e-01	2.618564e-01	1.896922e+00
729	4.145615e-01	4.326752e-01	1.212995e+00
730	2.290153e-01	4.470671e-01	1.502198e+00
731	4.829765e-01	5.234411e-01	2.614069e+00
732	4.688200e-01	4.859713e-01	2.880801e+00
733	4.713957e-01	5.258393e-01	1.956522e+00
734	5.177384e-01	5.447427e-01	2.745970e+00
735	2.010180e-01	8.807132e-01	1.179775e+00
736	5.020122e-01	4.250662e-01	1.935027e+00
737	5.004650e-01	5.206133e-01	1.975085e+00
738	4.755467e-01	4.929660e-01	1.067416e+00
739	5.010742e-01	4.497641e-01	2.024915e+00
740	4.791067e-01	6.570049e-01	2.810454e+00
741	4.707402e-01	5.483507e-01	2.428432e+00
742	4.831232e-01	5.486811e-01	1.957499e+00
743	4.114070e-01	3.214055e-01	2.306302e+00
744	4.577490e-01	5.268627e-01	2.557401e+00
745	4.764422e-01	5.417973e-01	1.243283e+00
746	4.549282e-01	5.447161e-01	2.429409e+00
747	4.705509e-01	5.072884e-01	2.523205e+00
748	4.204100e-01	3.759227e-01	2.842697e+00
749	4.784662e-01	5.215000e-01	2.247680e+00
750	5.042072e-01	5.575565e-01	2.000489e+00
751	4.621697e-01	5.393624e-01	2.446019e+00
752	4.741395e-01	5.169484e-01	2.360039e+00
753	3.997517e-01	3.314297e-01	2.567171e+00
754	4.837714e-01	5.097712e-01	2.415730e+00
755	5.041269e-01	4.932946e-01	1.989741e+00
756	4.695368e-01	5.219998e-01	2.908158e+00
757	5.492894e-01	7.468327e-01	2.731314e+00
758	4.743753e-01	5.154113e-01	2.544700e+00
759	4.757826e-01	5.195117e-01	2.890572e+00
760	4.760906e-01	5.191663e-01	1.654617e+00
761	4.762543e-01	5.130351e-01	1.008793e+00
762	4.628621e-01	4.717791e-01	1.260870e+00
763	4.418890e-01	6.268417e-01	1.347826e+00
764	4.872341e-01	5.175345e-01	1.325354e+00
765	4.710777e-01	5.369273e-01	1.420127e+00
766	4.347759e-01	3.383932e-01	2.845628e+00
767	4.483481e-01	5.421431e-01	1.853933e+00
768	4.814569e-01	5.214190e-01	1.303859e+00
769	4.501966e-01	5.477915e-01	1.294089e+00
770	3.894623e-01	5.623761e-01	1.675134e+00
771	5.268677e-01	4.919155e-01	2.417684e+00
772	4.799828e-01	5.292042e-01	2.053249e+00
773	4.607414e-01	5.093875e-01	1.276502e+00
774	5.696882e-01	6.887528e-01	2.779189e+00
775	4.389866e-01	2.614494e-01	1.984856e+00
776	3.543242e-01	7.381851e-01	2.295554e+00
777	4.773162e-01	5.226956e-01	1.652662e+00
778	4.822379e-01	5.326209e-01	2.464582e+00
779	4.832897e-01	5.239016e-01	1.763068e+00
780	5.017861e-01	5.987874e-01	2.026869e+00
781	4.708245e-01	7.163873e-01	1.160234e+00
782	3.508608e-01	5.329754e-01	2.302394e+00
783	4.558227e-01	4.858686e-01	1.384954e+00
784	4.863518e-01	4.249079e-01	2.598437e+00
785	4.417047e-01	6.118161e-01	2.130435e+00
786	4.701223e-01	5.204008e-01	1.690767e+00
787	4.943899e-01	5.047187e-01	1.940889e+00
788	4.705185e-01	5.068754e-01	2.099170e+00
