789
0	7.906876e-01	4.621569e-01	1.398632e+00
1	4.516393e-01	6.121965e-01	1.108451e+00
2	4.396375e-01	4.981956e-01	2.925745e+00
3	5.145110e-01	5.809388e-01	2.732291e+00
4	4.298405e-01	4.881268e-01	1.257938e+00
5	4.397477e-01	4.316147e-01	2.424524e+00
6	4.022814e-01	2.560928e-01	1.383000e+00
7	5.310194e-01	5.426345e-01	2.705911e+00
8	4.792291e-01	4.887833e-01	2.442110e+00
9	4.676473e-01	5.175129e-01	2.233024e+00
10	4.773784e-01	5.349700e-01	2.376649e+00
11	4.562542e-01	5.033872e-01	1.556913e+00
12	4.080436e-01	3.543820e-01	2.950171e+00
13	4.491098e-01	6.444473e-01	1.066439e+00
14	4.651436e-01	5.196204e-01	1.626282e+00
15	4.731624e-01	3.998994e-01	1.306790e+00
16	4.654297e-01	5.194055e-01	2.902296e+00
17	3.640997e-01	4.279392e-01	1.195408e+00
18	4.354621e-01	4.366973e-01	1.785540e+00
19	4.891077e-01	5.744162e-01	1.248168e+00
20	4.477518e-01	5.339303e-01	1.863703e+00
21	4.309094e-01	5.968668e-01	2.671715e+00
22	4.654297e-01	5.142651e-01	2.487054e+00
23	4.440899e-01	3.510475e-01	1.946751e+00
24	4.198477e-01	7.036668e-01	1.303859e+00
25	3.459052e-01	2.217553e-01	2.152907e+00
26	4.733431e-01	5.220535e-01	1.388862e+00
27	4.707883e-01	5.210312e-01	1.591109e+00
28	5.032178e-01	5.538944e-01	2.205667e+00
29	4.606582e-01	5.534709e-01	2.181241e+00
30	5.777649e-01	4.353881e-01	1.475818e+00
31	4.997935e-01	4.999011e-01	2.309233e+00
32	4.640856e-01	5.841484e-01	2.073766e+00
33	5.331531e-01	7.768868e-01	2.331705e+00
34	4.885419e-01	5.829856e-01	1.126038e+00
35	3.051382e-01	4.393373e-01	2.235955e+00
36	4.548647e-01	2.868193e-01	2.805569e+00
37	4.447505e-01	6.654542e-01	2.555447e+00
38	4.530404e-01	5.082275e-01	2.559355e+00
39	4.681758e-01	5.257673e-01	1.895945e+00
40	4.143211e-01	4.495564e-01	1.282364e+00
41	4.325739e-01	4.235683e-01	2.750855e+00
42	4.732457e-01	5.264310e-01	2.412799e+00
43	4.787823e-01	5.082411e-01	2.557401e+00
44	4.870438e-01	5.092596e-01	1.648754e+00
45	5.342774e-01	5.872761e-01	1.721055e+00
46	4.038991e-01	4.195666e-01	2.588666e+00
47	4.572508e-01	5.334380e-01	1.525647e+00
48	4.643168e-01	5.229212e-01	2.751832e+00
49	4.608411e-01	3.802076e-01	2.625794e+00
50	3.785237e-01	3.939091e-01	1.663410e+00
51	4.643613e-01	5.231641e-01	2.560332e+00
52	4.568084e-01	4.994837e-01	1.696629e+00
53	4.532106e-01	5.209444e-01	1.506106e+00
54	4.692029e-01	5.165063e-01	2.675623e+00
55	5.416992e-01	6.132576e-01	2.497802e+00
56	3.688613e-01	2.876914e-01	1.031265e+00
57	4.933086e-01	5.443007e-01	2.361993e+00
58	5.399652e-01	5.615905e-01	1.866634e+00
59	4.250360e-01	3.418011e-01	2.930630e+00
60	4.679955e-01	3.041773e-01	1.503175e+00
61	4.953748e-01	5.567085e-01	2.449927e+00
62	4.560184e-01	5.354906e-01	2.831949e+00
63	4.760059e-01	5.336548e-01	2.317049e+00
64	4.521374e-01	4.811295e-01	2.353200e+00
65	4.669927e-01	5.195287e-01	2.575965e+00
66	5.171611e-01	3.897454e-01	2.922814e+00
67	5.188858e-01	5.949816e-01	2.289692e+00
68	5.331915e-01	3.959838e-01	2.766488e+00
69	5.361465e-01	6.332597e-01	1.522716e+00
70	4.598364e-01	5.375688e-01	2.769419e+00
71	4.681692e-01	5.218763e-01	1.110405e+00
72	4.811142e-01	5.222512e-01	1.412311e+00
73	2.889711e-01	5.156311e-01	1.951637e+00
74	4.510998e-01	7.161070e-01	1.449438e+00
75	6.958101e-01	5.490076e-01	2.176356e+00
76	3.873909e-01	4.021693e-01	1.212995e+00
77	4.979079e-01	4.924389e-01	1.872496e+00
78	4.812067e-01	5.454597e-01	1.606742e+00
79	5.110506e-01	5.466831e-01	1.183683e+00
80	4.950004e-01	6.090919e-01	2.736199e+00
81	4.676937e-01	5.202109e-01	1.617489e+00
82	4.427920e-01	4.548795e-01	2.456766e+00
83	4.554572e-01	3.787805e-01	1.406448e+00
84	3.920948e-01	4.020324e-01	2.453835e+00
85	4.658561e-01	5.128405e-01	2.712750e+00
86	4.713030e-01	5.358300e-01	2.877870e+00
87	4.421959e-01	2.435354e-01	1.533464e+00
88	4.832008e-01	4.300925e-01	2.169516e+00
89	5.354966e-01	7.310835e-01	2.483146e+00
90	5.005868e-01	5.915367e-01	1.538349e+00
91	4.626429e-01	5.130977e-01	1.117245e+00
92	4.582744e-01	4.980542e-01	2.709819e+00
93	5.360040e-01	5.347529e-01	2.929653e+00
94	5.784327e-01	5.881152e-01	2.125550e+00
95	4.446737e-01	7.000279e-01	2.148999e+00
96	4.500579e-01	5.137009e-01	1.206155e+00
97	2.248682e-01	5.896271e-01	2.689301e+00
98	4.735247e-01	5.363937e-01	1.997557e+00
99	4.956629e-01	4.643686e-01	1.753298e+00
100	4.824381e-01	5.261531e-01	1.491451e+00
101	4.655224e-01	5.182601e-01	2.381534e+00
102	4.712935e-01	4.947802e-01	1.837323e+00
103	3.635394e-01	4.478378e-01	2.723498e+00
104	4.453303e-01	4.371521e-01	1.216903e+00
105	4.669646e-01	4.955276e-01	1.385931e+00
106	6.390173e-01	6.211257e-01	1.094773e+00
107	4.715001e-01	5.043246e-01	1.887152e+00
108	6.143513e-01	5.595703e-01	1.869565e+00
109	4.800161e-01	6.723315e-01	2.657059e+00
110	4.844745e-01	4.306351e-01	1.905716e+00
111	4.708898e-01	5.484222e-01	2.319980e+00
112	5.371297e-01	6.371057e-01	1.549096e+00
113	2.584099e-01	4.831483e-01	1.155349e+00
114	4.781667e-01	5.469805e-01	1.261847e+00
115	4.243152e-01	4.578476e-01	1.308745e+00
116	2.163721e-01	3.619737e-01	1.148510e+00
117	4.733627e-01	5.275608e-01	1.865657e+00
118	5.174546e-01	5.750545e-01	2.988276e+00
119	4.698055e-01	5.847061e-01	1.479726e+00
120	5.027430e-01	5.858957e-01	2.095261e+00
121	3.785411e-01	4.222051e-01	2.442110e+00
122	4.943450e-01	3.099178e-01	1.070347e+00
123	5.118217e-01	4.002751e-01	1.417196e+00
124	4.642717e-01	5.196990e-01	2.817294e+00
125	4.206572e-01	3.453514e-01	1.164143e+00
126	3.927508e-01	4.284513e-01	2.738153e+00
127	4.573157e-01	6.982562e-01	2.338544e+00
128	4.423296e-01	3.636753e-01	1.282364e+00
129	4.519180e-01	5.177495e-01	2.676600e+00
130	4.411454e-01	3.615066e-01	2.443087e+00
131	7.748024e-01	1.509108e-01	2.375672e+00
132	4.794976e-01	7.414519e-01	1.220811e+00
133	6.924645e-01	5.564963e-01	2.407914e+00
134	5.421393e-01	5.912153e-01	2.277968e+00
135	4.834317e-01	4.922095e-01	2.409868e+00
136	5.246732e-01	5.543050e-01	2.083537e+00
137	5.532260e-01	4.557240e-01	2.286761e+00
138	6.770650e-01	5.505596e-01	1.194431e+00
139	4.840229e-01	5.246688e-01	2.818271e+00
140	3.874073e-01	4.588821e-01	2.827064e+00
141	4.919229e-01	5.286027e-01	1.684905e+00
142	4.621713e-01	5.310785e-01	1.999511e+00
143	4.794153e-01	5.502596e-01	1.956522e+00
144	4.605487e-01	4.940905e-01	2.323889e+00
145	4.764014e-01	4.161521e-01	2.501710e+00
146	4.208828e-01	7.568012e-01	2.395213e+00
147	4.349520e-01	5.576541e-01	2.719590e+00
148	4.656552e-01	5.213013e-01	2.937469e+00
149	5.067077e-01	5.447497e-01	2.803615e+00
150	4.508788e-01	6.792833e-01	1.794333e+00
151	4.798124e-01	5.169612e-01	2.611138e+00
152	5.086108e-01	5.310766e-01	1.724963e+00
153	4.425575e-01	5.247969e-01	1.983879e+00
154	4.636020e-01	5.286871e-01	2.181241e+00
155	4.545432e-01	4.364245e-01	1.295066e+00
156	4.771390e-01	5.123585e-01	1.970200e+00
157	4.930269e-01	4.926187e-01	2.387396e+00
158	3.166647e-01	5.684942e-01	2.386419e+00
159	4.542469e-01	7.145956e-01	2.647289e+00
160	4.573297e-01	4.959702e-01	1.686859e+00
161	4.678978e-01	4.774841e-01	1.553981e+00
162	5.293524e-01	5.479552e-01	1.764045e+00
163	5.187176e-01	7.439680e-01	1.632145e+00
164	4.669812e-01	5.215935e-01	1.235467e+00
165	4.667583e-01	5.120234e-01	2.251588e+00
166	4.816069e-01	5.042068e-01	1.751343e+00
167	3.264741e-01	5.556981e-01	1.715193e+00
168	4.657766e-01	5.226721e-01	2.109917e+00
169	4.652874e-01	4.557600e-01	2.137274e+00
170	5.555732e-01	4.569333e-01	2.099170e+00
171	5.342618e-01	5.946026e-01	2.057157e+00
172	4.056247e-01	5.190434e-01	2.246702e+00
173	4.746296e-01	5.442491e-01	1.894968e+00
174	4.885394e-01	5.174172e-01	2.453835e+00
175	4.842630e-01	5.524872e-01	2.834880e+00
176	5.344859e-01	5.981963e-01	2.215437e+00
177	4.566624e-01	4.983145e-01	2.153884e+00
178	4.623839e-01	5.162874e-01	2.475330e+00
179	4.340030e-01	3.936161e-01	1.274548e+00
180	4.645435e-01	4.981793e-01	2.127504e+00
181	4.600838e-01	5.288740e-01	1.790425e+00
182	4.347511e-01	3.180029e-01	1.736688e+00
183	3.898609e-01	4.512148e-01	1.692721e+00
184	4.510913e-01	4.938587e-01	2.042501e+00
185	3.978334e-01	4.480481e-01	1.468979e+00
186	4.743795e-01	5.207967e-01	1.784563e+00
187	8.454141e-01	7.777529e-01	2.653151e+00
188	4.409015e-01	4.364431e-01	1.839277e+00
189	4.576744e-01	5.184156e-01	1.175867e+00
190	4.601875e-01	5.428320e-01	2.807523e+00
191	3.433494e-01	7.197216e-01	2.811431e+00
192	5.144342e-01	4.462244e-01	1.192477e+00
193	7.197418e-01	5.612899e-01	1.620420e+00
194	5.905201e-01	6.855364e-01	2.624817e+00
195	4.688618e-01	5.271891e-01	2.806546e+00
196	5.243700e-01	6.586515e-01	1.763068e+00
197	4.900590e-01	5.402604e-01	2.060088e+00
198	5.603339e-01	2.271148e-01	2.458720e+00
199	4.522194e-01	5.178024e-01	2.463605e+00
200	4.838521e-01	7.524130e-01	1.141671e+00
201	4.709625e-01	5.185511e-01	1.146556e+00
202	4.590618e-01	5.061165e-01	1.395701e+00
203	4.874544e-01	5.632550e-01	1.755252e+00
204	4.601802e-01	4.773002e-01	2.901319e+00
205	4.075334e-01	4.494838e-01	2.123596e+00
206	4.475282e-01	7.214451e-01	1.652662e+00
207	4.585174e-01	4.990821e-01	1.199316e+00
208	4.793771e-01	5.517543e-01	2.170493e+00
209	4.597041e-01	3.252445e-01	2.733268e+00
210	4.625513e-01	6.842696e-01	1.545188e+00
211	4.372498e-01	5.365280e-01	1.376160e+00
212	4.767896e-01	5.154441e-01	1.621397e+00
213	4.637779e-01	5.210920e-01	1.883244e+00
214	4.587543e-01	5.177662e-01	1.612604e+00
215	4.620414e-01	4.959047e-01	2.909135e+00
216	4.602091e-01	5.045415e-01	1.354665e+00
217	4.609681e-01	5.202237e-01	2.770396e+00
218	4.911439e-01	7.046694e-01	2.148999e+00
219	4.942864e-01	5.435241e-01	2.624817e+00
220	5.504104e-01	5.771561e-01	2.697118e+00
221	5.230037e-01	5.275174e-01	1.938935e+00
222	2.487957e-01	5.310923e-01	1.854910e+00
223	4.778348e-01	4.479048e-01	2.625794e+00
224	4.327873e-01	4.383528e-01	2.984367e+00
225	4.321963e-01	4.598793e-01	2.693210e+00
226	4.597809e-01	5.052163e-01	2.276014e+00
227	5.281180e-01	5.537534e-01	1.245237e+00
228	4.699085e-01	5.234615e-01	1.489497e+00
229	4.702529e-01	5.290586e-01	2.305325e+00
230	4.641872e-01	5.221799e-01	2.689301e+00
231	4.693481e-01	5.673088e-01	1.346849e+00
232	4.815810e-01	5.641229e-01	2.447973e+00
233	5.240640e-01	5.749936e-01	1.591109e+00
234	5.893001e-01	6.596459e-01	1.931119e+00
235	4.693449e-01	5.267084e-01	2.687347e+00
236	4.661710e-01	5.208307e-01	2.787982e+00
237	4.639373e-01	5.188529e-01	1.510015e+00
238	4.555424e-01	4.763067e-01	2.193942e+00
239	4.792013e-01	5.200662e-01	2.918906e+00
240	4.886903e-01	5.337053e-01	1.734734e+00
241	4.201792e-01	4.551981e-01	1.119199e+00
242	4.713865e-01	4.715168e-01	1.631168e+00
243	4.868338e-01	5.890635e-01	1.258915e+00
244	4.908607e-01	6.077847e-01	2.458720e+00
245	5.007076e-01	4.265475e-01	2.134343e+00
246	4.719126e-01	5.209195e-01	2.662921e+00
247	4.909753e-01	5.513098e-01	2.924768e+00
248	4.786611e-01	5.048420e-01	2.983390e+00
249	6.478048e-01	1.998462e-01	2.305325e+00
250	4.469801e-01	4.996992e-01	2.763556e+00
251	5.775699e-01	2.912214e-01	2.374695e+00
252	4.389051e-01	5.511322e-01	1.703468e+00
253	4.523519e-01	6.771323e-01	1.246214e+00
254	5.974340e-01	7.827156e-01	2.925745e+00
255	4.532458e-01	4.975065e-01	1.857841e+00
256	4.600768e-01	5.100012e-01	2.601368e+00
257	5.023242e-01	5.773917e-01	2.413776e+00
258	4.916509e-01	5.038636e-01	2.569126e+00
259	5.120975e-01	6.052603e-01	1.865657e+00
260	4.694987e-01	5.262946e-01	2.574988e+00
261	4.446163e-01	4.995015e-01	1.598925e+00
262	2.348359e-01	4.804637e-01	2.264289e+00
263	5.330198e-01	4.741831e-01	1.176844e+00
264	4.736436e-01	5.012640e-01	1.061553e+00
265	4.575589e-01	4.955249e-01	2.526136e+00
266	5.016542e-01	5.685561e-01	1.928188e+00
267	4.438950e-01	5.911807e-01	2.006351e+00
268	5.017197e-01	5.790599e-01	1.041036e+00
269	4.835372e-01	3.835598e-01	1.793356e+00
270	5.742775e-01	6.281585e-01	1.860772e+00
271	4.534582e-01	4.943724e-01	1.389839e+00
272	4.608073e-01	5.088804e-01	1.052760e+00
273	5.729994e-01	6.250229e-01	1.156326e+00
274	3.977215e-01	2.784407e-01	1.981925e+00
275	4.428523e-01	3.588772e-01	2.256473e+00
276	4.820492e-01	5.208624e-01	2.368832e+00
277	4.637772e-01	5.051633e-01	2.024915e+00
278	4.167393e-01	3.526812e-01	1.266732e+00
279	4.641613e-01	5.525580e-01	1.348803e+00
280	4.942522e-01	6.899967e-01	2.472399e+00
281	5.061885e-01	6.185020e-01	2.288715e+00
282	4.568734e-01	4.365848e-01	2.745970e+00
283	4.186953e-01	4.502462e-01	2.490962e+00
284	5.004385e-01	4.270861e-01	2.515388e+00
285	3.714005e-01	1.972108e-01	1.545188e+00
286	4.831644e-01	5.333356e-01	2.662921e+00
287	4.322742e-01	4.515952e-01	2.264289e+00
288	4.259722e-01	4.483020e-01	2.905227e+00
289	4.996121e-01	6.806527e-01	1.058622e+00
290	4.671124e-01	6.206955e-01	2.152907e+00
291	6.279439e-01	1.909626e-01	2.784074e+00
292	4.630009e-01	5.137253e-01	2.445042e+00
293	6.521673e-01	6.688510e-01	2.852467e+00
294	4.656000e-01	5.217267e-01	2.070835e+00
295	4.738729e-01	5.031338e-01	1.406448e+00
296	3.470530e-01	2.924001e-01	1.751343e+00
297	5.016176e-01	4.865986e-01	2.077675e+00
298	4.900006e-01	7.021166e-01	1.601856e+00
299	4.744433e-01	5.334952e-01	2.048363e+00
300	5.018335e-01	6.549073e-01	2.781143e+00
301	4.643234e-01	5.183793e-01	2.779189e+00
302	4.638361e-01	5.171507e-01	2.617978e+00
303	4.041149e-01	4.310790e-01	1.698583e+00
304	5.585857e-01	6.349799e-01	1.948705e+00
305	4.663949e-01	5.117645e-01	1.416219e+00
306	5.593579e-01	7.610094e-01	1.745481e+00
307	4.542649e-01	4.857506e-01	2.291646e+00
308	2.307499e-01	4.400449e-01	1.868588e+00
309	5.277027e-01	6.134447e-01	2.511480e+00
310	4.740497e-01	5.139981e-01	2.596483e+00
311	5.313393e-01	5.945895e-01	2.855398e+00
312	4.892223e-01	5.330914e-01	1.312653e+00
313	5.746036e-01	6.238515e-01	1.787494e+00
314	4.675179e-01	5.187247e-01	2.252565e+00
315	4.172645e-01	4.342554e-01	1.978017e+00
316	5.753024e-01	5.214054e-01	2.965804e+00
317	4.568651e-01	5.019791e-01	2.221299e+00
318	4.664447e-01	6.968192e-01	1.701514e+00
319	5.366046e-01	5.984646e-01	1.135809e+00
320	4.901714e-01	5.400211e-01	2.997069e+00
321	6.394124e-01	2.048717e-01	2.470445e+00
322	4.778837e-01	4.328790e-01	2.362970e+00
323	4.681597e-01	5.238390e-01	2.553493e+00
324	5.276184e-01	5.758040e-01	1.347826e+00
325	2.505695e-01	1.711241e-01	2.896434e+00
326	4.616931e-01	5.296736e-01	1.857841e+00
327	4.873961e-01	6.232956e-01	1.669272e+00
328	4.388108e-01	5.092956e-01	1.726917e+00
329	4.562935e-01	4.156019e-01	2.604299e+00
330	5.077547e-01	5.430864e-01	2.089399e+00
331	5.277225e-01	5.099741e-01	1.552027e+00
332	5.270534e-01	6.160521e-01	1.769907e+00
333	4.650672e-01	4.963316e-01	1.382022e+00
334	5.333924e-01	5.707727e-01	2.510503e+00
335	5.221840e-01	5.008756e-01	1.640938e+00
336	4.760752e-01	5.313084e-01	2.933561e+00
337	4.605894e-01	4.025484e-01	1.033219e+00
338	5.029687e-01	4.437023e-01	1.408403e+00
339	4.604407e-01	4.981685e-01	2.767465e+00
340	4.663900e-01	5.113009e-01	1.526624e+00
341	6.160027e-01	5.728029e-01	1.456277e+00
342	4.811678e-01	5.071988e-01	1.054714e+00
343	4.176814e-01	5.065731e-01	2.601368e+00
344	3.658272e-01	2.070052e-01	2.193942e+00
345	6.797733e-01	2.857768e-01	2.321935e+00
346	4.540164e-01	4.919943e-01	1.564729e+00
347	4.713615e-01	5.060910e-01	1.679043e+00
348	4.778118e-01	3.732211e-01	2.034685e+00
349	4.780246e-01	4.968849e-01	2.564240e+00
350	4.801410e-01	7.458942e-01	2.311187e+00
351	4.081729e-01	4.091646e-01	1.297997e+00
352	4.548282e-01	4.947661e-01	2.873962e+00
353	4.673017e-01	6.535853e-01	2.202736e+00
354	4.638993e-01	5.171075e-01	2.653151e+00
355	5.189874e-01	7.125719e-01	2.461651e+00
356	4.587398e-01	5.031210e-01	1.679043e+00
357	4.521665e-01	4.217559e-01	2.991207e+00
358	6.258152e-01	5.776525e-01	2.857352e+00
359	3.930530e-01	3.482644e-01	1.913532e+00
360	4.666600e-01	7.145013e-01	1.216903e+00
361	4.530562e-01	3.164585e-01	1.214949e+00
362	5.393315e-01	4.194262e-01	1.005862e+00
363	4.927135e-01	5.433081e-01	2.227162e+00
364	4.563080e-01	5.213689e-01	1.723009e+00
365	4.288932e-01	3.774314e-01	1.491451e+00
366	4.094481e-01	4.690994e-01	1.692721e+00
367	4.926953e-01	5.282964e-01	1.154372e+00
368	4.692789e-01	5.268599e-01	1.851001e+00
369	4.709917e-01	5.288695e-01	2.418661e+00
370	4.991958e-01	4.970090e-01	1.874450e+00
371	4.456823e-01	5.532291e-01	1.591109e+00
372	4.827718e-01	5.070725e-01	2.199805e+00
373	5.132728e-01	3.515870e-01	2.208598e+00
374	4.314925e-01	5.061792e-01	1.322423e+00
375	4.239889e-01	4.668883e-01	2.361016e+00
376	4.148368e-01	4.062494e-01	1.815828e+00
377	4.663383e-01	5.214576e-01	1.328285e+00
378	4.650154e-01	5.046905e-01	1.883244e+00
379	7.508152e-01	8.344993e-01	1.599902e+00
380	5.999042e-01	7.707888e-01	2.343429e+00
381	4.706273e-01	4.955039e-01	1.835369e+00
382	2.639201e-01	7.348270e-01	1.065462e+00
383	6.290940e-01	4.585800e-01	1.698583e+00
384	4.999669e-01	3.905561e-01	2.761602e+00
385	2.585470e-01	4.520478e-01	1.961407e+00
386	4.896734e-01	6.364263e-01	2.449927e+00
387	4.669817e-01	5.716043e-01	2.669761e+00
388	3.878283e-01	5.859746e-01	2.597460e+00
389	4.743869e-01	5.381982e-01	2.960918e+00
390	4.727725e-01	5.238178e-01	1.655594e+00
391	4.727916e-01	5.438502e-01	2.572057e+00
392	4.638223e-01	5.102774e-01	1.234489e+00
393	5.285211e-01	5.264972e-01	1.607719e+00
394	4.686989e-01	5.202174e-01	2.643381e+00
395	5.140392e-01	3.067784e-01	1.233512e+00
396	5.740190e-01	6.185587e-01	2.058134e+00
397	2.580419e-01	4.739799e-01	1.083048e+00
398	6.528272e-01	6.639269e-01	2.453835e+00
399	3.853459e-01	5.625015e-01	2.169516e+00
400	4.881142e-01	5.455370e-01	1.634099e+00
401	4.206935e-01	7.336144e-01	1.314607e+00
402	4.655885e-01	5.417263e-01	2.292623e+00
403	4.568636e-01	7.496175e-01	1.759160e+00
404	5.287168e-01	3.857805e-01	2.942355e+00
405	4.289816e-01	4.062545e-01	1.358574e+00
406	4.805294e-01	5.922360e-01	1.474841e+00
407	4.888158e-01	5.902190e-01	2.850513e+00
408	5.063521e-01	4.959337e-01	2.543723e+00
409	4.560529e-01	5.220813e-01	1.170005e+00
410	5.383529e-01	5.766861e-01	2.011236e+00
411	4.864579e-01	4.518777e-01	2.982413e+00
412	5.201337e-01	5.290302e-01	1.578407e+00
413	3.693892e-01	3.979314e-01	2.904250e+00
414	4.626159e-01	5.146566e-01	2.948217e+00
415	4.608948e-01	5.232467e-01	1.856864e+00
416	4.619138e-01	5.194787e-01	1.780655e+00
417	4.592263e-01	5.172619e-01	1.223742e+00
418	5.034913e-01	5.424026e-01	2.928676e+00
419	4.559750e-01	5.457745e-01	1.055691e+00
420	4.473295e-01	4.983123e-01	2.823156e+00
421	4.694213e-01	5.260700e-01	2.886663e+00
422	4.792660e-01	5.192734e-01	1.391793e+00
423	3.960472e-01	7.659436e-01	1.467025e+00
424	4.614661e-01	4.903413e-01	1.512946e+00
425	4.853284e-01	5.185103e-01	1.960430e+00
426	4.865675e-01	5.215777e-01	2.254519e+00
427	4.792222e-01	4.385071e-01	2.899365e+00
428	4.444688e-01	4.783038e-01	1.247191e+00
429	4.802976e-01	4.945732e-01	1.802149e+00
430	4.632325e-01	5.401543e-01	1.663410e+00
431	4.785812e-01	4.321364e-01	2.556424e+00
432	4.864473e-01	5.283983e-01	2.947240e+00
433	4.785694e-01	4.907652e-01	2.475330e+00
434	4.980372e-01	5.782817e-01	2.923791e+00
435	4.300322e-01	4.743967e-01	2.906204e+00
436	1.302550e-01	8.350708e-01	2.668784e+00
437	4.792524e-01	5.444791e-01	2.476307e+00
438	5.420305e-01	3.829666e-01	2.065950e+00
439	4.696008e-01	5.251184e-01	1.983879e+00
440	3.965608e-01	4.258385e-01	1.637030e+00
441	7.210455e-01	4.483076e-01	1.338056e+00
442	5.244461e-01	5.714658e-01	2.406937e+00
443	6.052680e-01	6.955401e-01	1.422081e+00
444	4.075286e-01	4.283749e-01	2.956033e+00
445	4.770214e-01	5.296768e-01	2.601368e+00
446	5.377449e-01	6.150365e-01	1.846116e+00
447	4.660463e-01	5.187775e-01	1.264778e+00
448	4.588607e-01	4.918299e-01	1.119199e+00
449	4.532338e-01	5.048605e-01	1.956522e+00
450	6.484219e-01	6.532117e-01	2.971666e+00
451	4.657219e-01	5.309894e-01	2.149976e+00
452	3.807167e-01	5.626427e-01	1.574499e+00
453	5.369291e-01	6.839847e-01	1.775769e+00
454	7.695670e-01	6.023771e-01	1.542257e+00
455	4.676677e-01	5.283187e-01	2.984367e+00
456	5.079044e-01	5.969262e-01	1.577430e+00
457	4.222814e-01	4.834303e-01	2.955056e+00
458	4.584047e-01	5.188453e-01	2.865169e+00
459	4.539968e-01	3.481085e-01	1.672203e+00
460	4.270351e-01	3.528060e-01	1.198339e+00
461	4.011217e-01	2.623653e-01	2.513434e+00
462	5.589960e-01	6.535641e-01	1.853933e+00
463	4.952580e-01	5.299982e-01	2.858329e+00
464	4.778390e-01	6.124670e-01	1.574499e+00
465	4.472401e-01	5.765343e-01	1.432829e+00
466	4.560824e-01	5.259114e-01	1.500244e+00
467	3.782518e-01	3.701721e-01	1.323400e+00
468	4.843375e-01	5.292470e-01	2.147044e+00
469	4.950146e-01	5.221871e-01	2.698095e+00
470	4.770267e-01	5.065434e-01	1.364436e+00
471	3.972105e-01	4.312777e-01	2.076698e+00
472	4.664676e-01	5.207521e-01	2.011236e+00
473	4.726316e-01	3.681291e-01	1.215926e+00
474	4.641564e-01	5.216108e-01	2.299463e+00
475	5.110777e-01	4.293488e-01	1.683928e+00
476	4.478629e-01	5.142497e-01	2.081583e+00
477	4.926259e-01	5.402254e-01	2.350269e+00
478	4.902355e-01	5.816880e-01	2.728383e+00
479	4.522796e-01	3.441155e-01	1.194431e+00
480	5.510497e-01	4.222802e-01	2.515388e+00
481	4.368831e-01	3.258527e-01	1.865657e+00
482	4.802992e-01	2.470854e-01	1.802149e+00
483	4.863180e-01	6.115838e-01	1.367367e+00
484	4.365602e-01	4.262428e-01	1.148510e+00
485	4.703290e-01	3.697941e-01	2.427455e+00
486	3.607840e-01	4.166809e-01	2.196873e+00
487	4.463945e-01	4.751679e-01	2.386419e+00
488	4.399189e-01	4.422166e-01	1.294089e+00
489	5.513857e-01	5.898702e-01	1.687836e+00
490	4.148842e-01	6.052517e-01	1.146556e+00
491	5.305621e-01	2.526332e-01	1.597948e+00
492	5.189322e-01	4.729831e-01	2.412799e+00
493	6.064786e-01	5.872188e-01	1.227650e+00
494	5.387281e-01	3.893390e-01	2.522228e+00
495	5.307022e-01	5.919225e-01	1.437714e+00
496	4.432530e-01	4.322539e-01	1.523693e+00
497	5.511806e-01	3.830810e-01	1.221788e+00
498	4.661264e-01	4.707875e-01	1.652662e+00
499	5.377176e-01	4.093191e-01	1.269663e+00
500	4.630885e-01	5.276470e-01	2.967758e+00
501	4.649082e-01	5.155813e-01	2.546654e+00
502	1.851870e-01	4.311141e-01	1.818759e+00
503	4.250508e-01	4.417292e-01	1.919394e+00
504	4.674707e-01	5.153034e-01	2.563263e+00
505	4.464725e-01	4.511601e-01	1.451392e+00
506	4.330249e-01	4.822150e-01	1.718124e+00
507	4.582386e-01	4.905198e-01	1.207132e+00
508	4.610592e-01	5.096081e-01	1.236444e+00
509	5.450727e-01	5.151177e-01	2.622863e+00
510	5.438400e-01	6.340174e-01	2.549585e+00
511	4.686423e-01	5.224740e-01	2.966781e+00
512	4.922777e-01	3.885922e-01	2.395213e+00
513	4.302035e-01	5.724214e-01	1.534441e+00
514	4.238793e-01	4.206362e-01	1.550073e+00
515	4.652281e-01	5.145088e-01	1.610650e+00
516	5.086088e-01	3.005714e-01	1.612604e+00
517	4.567745e-01	5.124009e-01	1.086957e+00
518	4.928471e-01	7.067383e-01	2.282853e+00
519	1.910568e-01	1.672889e-01	1.573522e+00
520	4.907129e-01	5.343489e-01	2.497802e+00
521	4.791792e-01	5.382126e-01	1.752320e+00
522	4.852165e-01	7.284694e-01	1.589155e+00
523	4.860743e-01	5.418524e-01	1.209086e+00
524	5.273358e-01	6.290396e-01	2.755740e+00
525	3.489811e-01	6.098192e-01	1.499267e+00
526	4.842012e-01	5.346128e-01	1.014656e+00
527	4.549077e-01	3.111283e-01	2.891549e+00
528	4.780687e-01	5.389342e-01	2.478261e+00
529	4.465086e-01	5.371340e-01	1.898876e+00
530	4.715842e-01	5.081409e-01	1.188569e+00
531	4.645401e-01	5.084913e-01	2.785051e+00
532	4.667913e-01	5.218303e-01	2.945286e+00
533	5.078091e-01	6.132733e-01	2.458720e+00
534	5.045643e-01	4.272919e-01	2.673669e+00
535	4.424379e-01	5.018721e-01	1.399609e+00
536	4.907208e-01	5.303716e-01	2.604299e+00
537	4.690594e-01	5.158394e-01	1.529555e+00
538	4.628403e-01	5.234551e-01	2.823156e+00
539	4.919981e-01	5.741201e-01	2.826087e+00
540	4.931306e-01	5.682451e-01	2.844651e+00
541	3.982007e-01	5.345414e-01	2.290669e+00
542	4.304625e-01	5.078565e-01	2.570103e+00
543	4.948004e-01	5.272231e-01	2.396190e+00
544	4.473671e-01	4.937604e-01	1.318515e+00
545	5.262087e-01	5.565595e-01	2.605276e+00
546	6.565271e-01	5.545494e-01	2.683439e+00
547	4.957833e-01	5.026068e-01	1.587201e+00
548	4.544811e-01	3.834548e-01	1.375183e+00
549	5.372122e-01	5.638718e-01	2.298486e+00
550	4.643615e-01	3.815122e-01	1.285296e+00
551	4.603755e-01	5.253275e-01	2.983390e+00
552	3.490511e-01	3.755402e-01	1.195408e+00
553	4.521226e-01	5.189535e-01	2.414753e+00
554	4.282820e-01	7.218069e-01	1.843185e+00
555	4.320687e-01	4.778664e-01	2.396190e+00
556	6.201951e-01	5.782311e-01	3.000000e+00
557	4.872772e-01	5.328188e-01	2.728383e+00
558	6.188579e-01	6.453310e-01	1.133854e+00
559	4.682147e-01	5.216423e-01	1.944797e+00
560	5.013067e-01	4.340942e-01	2.883732e+00
561	5.619494e-01	6.628240e-01	2.383488e+00
562	3.272875e-01	5.392261e-01	2.506595e+00
563	4.828825e-01	5.456918e-01	1.786517e+00
564	4.473630e-01	5.016288e-01	2.893503e+00
565	4.697106e-01	5.117739e-01	2.981436e+00
566	4.925755e-01	5.430730e-01	2.663898e+00
567	4.645532e-01	5.909647e-01	2.227162e+00
568	4.856943e-01	5.189534e-01	1.527601e+00
569	5.041604e-01	3.487412e-01	2.610161e+00
570	5.527880e-01	2.279158e-01	1.058622e+00
571	4.978164e-01	5.739468e-01	2.782120e+00
572	4.909050e-01	4.514180e-01	1.518808e+00
573	4.830134e-01	5.190035e-01	2.109917e+00
574	4.979802e-01	5.716719e-01	2.074744e+00
575	4.772703e-01	5.522626e-01	2.319003e+00
576	4.866156e-01	5.719485e-01	1.290181e+00
577	5.168203e-01	5.316425e-01	1.286273e+00
578	4.793794e-01	5.559101e-01	1.881290e+00
579	4.554156e-01	4.910585e-01	1.664387e+00
580	2.455851e-01	8.723625e-01	1.242306e+00
581	5.221515e-01	4.762996e-01	1.927211e+00
582	4.697908e-01	5.279850e-01	2.820225e+00
583	4.690375e-01	7.902714e-01	2.792868e+00
584	4.780403e-01	4.327588e-01	1.201270e+00
585	5.270554e-01	5.835955e-01	1.898876e+00
586	4.734491e-01	5.265788e-01	1.782609e+00
587	4.752995e-01	5.456796e-01	1.561798e+00
588	4.677144e-01	5.217404e-01	2.282853e+00
589	4.957354e-01	5.709544e-01	2.210552e+00
590	5.804337e-01	5.439485e-01	1.020518e+00
591	4.938382e-01	5.744103e-01	1.784563e+00
592	4.657700e-01	5.200891e-01	1.275525e+00
593	4.618067e-01	4.956971e-01	1.212995e+00
594	5.604925e-01	5.825502e-01	2.964827e+00
595	4.623910e-01	4.936586e-01	2.079629e+00
596	5.143948e-01	3.026552e-01	1.187592e+00
597	5.314664e-01	5.431186e-01	1.258915e+00
598	4.772683e-01	5.269745e-01	1.999511e+00
599	4.695527e-01	5.276843e-01	1.264778e+00
600	4.826877e-01	5.552200e-01	1.110405e+00
601	4.168493e-01	2.640558e-01	1.107474e+00
602	4.480884e-01	7.099521e-01	1.070347e+00
603	4.735410e-01	5.235033e-01	2.400098e+00
604	4.919910e-01	5.795137e-01	2.871031e+00
605	4.674278e-01	5.148398e-01	2.739130e+00
606	4.944795e-01	4.750094e-01	2.061065e+00
607	4.915624e-01	2.700277e-01	1.073278e+00
608	4.647853e-01	5.751834e-01	2.799707e+00
609	4.361850e-01	4.598467e-01	2.010259e+00
610	4.779701e-01	6.127082e-01	1.700537e+00
611	4.637298e-01	5.136831e-01	1.339033e+00
612	5.376765e-01	5.951117e-01	2.227162e+00
613	6.835755e-01	6.296618e-01	2.482169e+00
614	5.018429e-01	4.936567e-01	2.958964e+00
615	5.300298e-01	4.359785e-01	1.443576e+00
616	5.445005e-01	5.735047e-01	2.381534e+00
617	4.240112e-01	6.922596e-01	1.971177e+00
618	4.586447e-01	5.030857e-01	2.960918e+00
619	2.739477e-01	1.398520e-01	1.812897e+00
620	4.883398e-01	4.762506e-01	1.170982e+00
621	5.486819e-01	5.760271e-01	1.277479e+00
622	5.091194e-01	3.366070e-01	1.176844e+00
623	5.471584e-01	6.019889e-01	1.636053e+00
624	4.592202e-01	5.112202e-01	2.336590e+00
625	4.339354e-01	5.344247e-01	1.343918e+00
626	4.736827e-01	5.381277e-01	1.905716e+00
627	4.859110e-01	5.020503e-01	1.784563e+00
628	4.856178e-01	5.394255e-01	2.063996e+00
629	4.711710e-01	5.126846e-01	2.497802e+00
630	5.506173e-01	5.957987e-01	2.870054e+00
631	4.255654e-01	4.962252e-01	1.729849e+00
632	4.488073e-01	4.090345e-01	2.290669e+00
633	4.659951e-01	5.223249e-01	2.841720e+00
634	4.685913e-01	5.270808e-01	2.195896e+00
635	4.921292e-01	5.421599e-01	1.601856e+00
636	4.131944e-01	4.581680e-01	2.449927e+00
637	4.448998e-01	5.437352e-01	1.462140e+00
638	4.658282e-01	5.196664e-01	2.041524e+00
639	4.659318e-01	5.214423e-01	2.061065e+00
640	4.186535e-01	2.589893e-01	2.130435e+00
641	3.706404e-01	2.519260e-01	2.205667e+00
642	4.649394e-01	5.083824e-01	2.184172e+00
643	4.796253e-01	5.076700e-01	2.747924e+00
644	4.268775e-01	4.376854e-01	2.909135e+00
645	4.629367e-01	5.099251e-01	2.777235e+00
646	5.002021e-01	5.831695e-01	1.295066e+00
647	5.224477e-01	4.585034e-01	1.050806e+00
648	5.327263e-01	5.746270e-01	1.191500e+00
649	4.607535e-01	5.000276e-01	1.198339e+00
650	4.993625e-01	5.082802e-01	2.656082e+00
651	4.988602e-01	5.264573e-01	1.692721e+00
652	3.675666e-01	2.205107e-01	2.330728e+00
653	4.498731e-01	4.847467e-01	1.906693e+00
654	4.549215e-01	4.831387e-01	2.192965e+00
655	4.769161e-01	4.562432e-01	1.200293e+00
656	4.813483e-01	5.014710e-01	2.361016e+00
657	4.483363e-01	3.753741e-01	2.080606e+00
658	4.545146e-01	5.211162e-01	2.017098e+00
659	4.134600e-01	5.227187e-01	2.191011e+00
660	4.928940e-01	5.976969e-01	1.667318e+00
661	4.500992e-01	3.778838e-01	2.229116e+00
662	6.372761e-01	6.668124e-01	1.188569e+00
663	5.306190e-01	5.780328e-01	2.714704e+00
664	4.631007e-01	5.715168e-01	1.979971e+00
665	4.615931e-01	5.611183e-01	2.954079e+00
666	4.844133e-01	2.654327e-01	1.803127e+00
667	4.558613e-01	5.224597e-01	1.039082e+00
668	3.079432e-01	5.294816e-01	1.893014e+00
669	4.782714e-01	4.449465e-01	1.778701e+00
670	2.606088e-01	8.093274e-01	1.807035e+00
671	4.969427e-01	5.659295e-01	1.102589e+00
672	6.971695e-01	6.356373e-01	1.879336e+00
673	4.035067e-01	5.436644e-01	1.984856e+00
674	4.654539e-01	5.209329e-01	2.238886e+00
675	4.963964e-01	5.568587e-01	2.868100e+00
676	4.569949e-01	5.238236e-01	2.748901e+00
677	4.437240e-01	5.652244e-01	1.578407e+00
678	4.545036e-01	4.815778e-01	1.621397e+00
679	4.667083e-01	5.230830e-01	2.657059e+00
680	4.539501e-01	4.715417e-01	2.404983e+00
681	4.728431e-01	4.889366e-01	2.272106e+00
682	4.609303e-01	4.602980e-01	1.463117e+00
683	4.549475e-01	4.918967e-01	2.316072e+00
684	4.667662e-01	5.198956e-01	2.334636e+00
685	5.167957e-01	4.771532e-01	1.365413e+00
686	4.288141e-01	4.136072e-01	2.105032e+00
687	5.986662e-01	5.828262e-01	1.339033e+00
688	4.524192e-01	4.939328e-01	2.932584e+00
689	4.607113e-01	5.225663e-01	2.378603e+00
690	4.693250e-01	5.183940e-01	1.833415e+00
691	6.442868e-01	5.910562e-01	1.663410e+00
692	4.278636e-01	5.312190e-01	2.251588e+00
693	4.177228e-01	4.350233e-01	1.766976e+00
694	4.596355e-01	7.012885e-01	1.575476e+00
695	4.559327e-01	3.093277e-01	2.771373e+00
696	4.603449e-01	5.332890e-01	2.787005e+00
697	4.697670e-01	5.170105e-01	1.959453e+00
698	4.873860e-01	5.349884e-01	2.187103e+00
699	4.690866e-01	5.264430e-01	2.430386e+00
700	3.961649e-01	4.218650e-01	2.679531e+00
701	4.417551e-01	4.389890e-01	2.191988e+00
702	3.900980e-01	4.054878e-01	2.945286e+00
703	4.538732e-01	5.294794e-01	2.793845e+00
704	4.847790e-01	5.298655e-01	2.132389e+00
705	4.507372e-01	7.556231e-01	1.627259e+00
706	4.825109e-01	5.267621e-01	1.623351e+00
707	4.640275e-01	5.356623e-01	2.772350e+00
708	4.717130e-01	5.297414e-01	1.552027e+00
709	3.036350e-01	5.183644e-01	1.180752e+00
710	4.982458e-01	5.889586e-01	1.632145e+00
711	2.082615e-01	2.404778e-01	1.680997e+00
712	4.626334e-01	3.879090e-01	2.828041e+00
713	2.417149e-01	5.579118e-01	1.703468e+00
714	4.802291e-01	4.464804e-01	1.471910e+00
715	4.681421e-01	4.918944e-01	2.368832e+00
716	4.493911e-01	5.015305e-01	1.961407e+00
717	4.684078e-01	5.256105e-01	1.756229e+00
718	4.811691e-01	4.746991e-01	2.987298e+00
719	4.592224e-01	5.174225e-01	2.332682e+00
720	4.759662e-01	5.064155e-01	1.097704e+00
721	4.106670e-01	4.401666e-01	1.954568e+00
722	4.703705e-01	5.235092e-01	1.704446e+00
723	4.652944e-01	5.211821e-01	1.853933e+00
724	3.913323e-01	4.016371e-01	2.829995e+00
725	4.482012e-01	4.982403e-01	2.232047e+00
726	4.868729e-01	5.669101e-01	2.587689e+00
727	2.575917e-01	5.999661e-01	2.698095e+00
728	4.085912e-01	2.660583e-01	1.896922e+00
729	3.821789e-01	4.220149e-01	1.212995e+00
730	2.073735e-01	4.232601e-01	1.502198e+00
731	4.675390e-01	5.265431e-01	2.614069e+00
732	5.318770e-01	3.874675e-01	2.880801e+00
733	4.730260e-01	5.291429e-01	1.956522e+00
734	3.575893e-01	4.441804e-01	2.745970e+00
735	2.305233e-01	8.420555e-01	1.179775e+00
736	5.651282e-01	4.448268e-01	1.935027e+00
737	4.654921e-01	5.015600e-01	1.975085e+00
738	4.914804e-01	5.531113e-01	1.067416e+00
739	4.235402e-01	5.756958e-01	2.024915e+00
740	4.609253e-01	7.014004e-01	2.810454e+00
741	4.749710e-01	4.369319e-01	2.428432e+00
742	4.380203e-01	5.176938e-01	1.957499e+00
743	4.035565e-01	4.083515e-01	2.306302e+00
744	4.429628e-01	5.284126e-01	2.557401e+00
745	4.676073e-01	5.354271e-01	1.243283e+00
746	4.897672e-01	5.176734e-01	2.429409e+00
747	4.707281e-01	5.040961e-01	2.523205e+00
748	3.954692e-01	2.903702e-01	2.842697e+00
749	4.693737e-01	5.265132e-01	2.247680e+00
750	4.681227e-01	4.919562e-01	2.000489e+00
751	4.529313e-01	5.133363e-01	2.446019e+00
752	4.603774e-01	5.170266e-01	2.360039e+00
753	4.770589e-01	3.463559e-01	2.567171e+00
754	4.720244e-01	5.118470e-01	2.415730e+00
755	4.390085e-01	5.251347e-01	1.989741e+00
756	4.588520e-01	5.213248e-01	2.908158e+00
757	5.903910e-01	7.420286e-01	2.731314e+00
758	4.621667e-01	5.182654e-01	2.544700e+00
759	4.650666e-01	5.187848e-01	2.890572e+00
760	4.661585e-01	5.187461e-01	1.654617e+00
761	4.610144e-01	5.174837e-01	1.008793e+00
762	4.772571e-01	5.687302e-01	1.260870e+00
763	4.928974e-01	5.230943e-01	1.347826e+00
764	4.783966e-01	5.177046e-01	1.325354e+00
765	4.676206e-01	5.313117e-01	1.420127e+00
766	3.845368e-01	3.306973e-01	2.845628e+00
767	4.594224e-01	5.179556e-01	1.853933e+00
768	4.705767e-01	5.213604e-01	1.303859e+00
769	5.185072e-01	3.866594e-01	1.294089e+00
770	5.867618e-01	4.502553e-01	1.675134e+00
771	5.601744e-01	5.470103e-01	2.417684e+00
772	4.754105e-01	5.384944e-01	2.053249e+00
773	4.630515e-01	5.265778e-01	1.276502e+00
774	5.253737e-01	7.415280e-01	2.779189e+00
775	4.809728e-01	2.367262e-01	1.984856e+00
776	3.853127e-01	7.786439e-01	2.295554e+00
777	4.721368e-01	5.273799e-01	1.652662e+00
778	4.493863e-01	4.898369e-01	2.464582e+00
779	4.681276e-01	5.272280e-01	1.763068e+00
780	5.121255e-01	5.582764e-01	2.026869e+00
781	4.637305e-01	6.458619e-01	1.160234e+00
782	2.715206e-01	5.250410e-01	2.302394e+00
783	4.603156e-01	5.589992e-01	1.384954e+00
784	4.512752e-01	5.112848e-01	2.598437e+00
785	5.384983e-01	5.811778e-01	2.130435e+00
786	4.639737e-01	5.271970e-01	1.690767e+00
787	4.930191e-01	5.058480e-01	1.940889e+00
788	4.708544e-01	5.265083e-01	2.099170e+00
