789
0	5.481766e-01	5.060286e-01	1.398632e+00
1	5.680573e-01	4.019886e-01	1.108451e+00
2	4.581156e-01	4.704935e-01	2.925745e+00
3	4.856202e-01	5.585684e-01	2.732291e+00
4	5.442420e-01	5.694768e-01	1.257938e+00
5	5.083104e-01	5.619772e-01	2.424524e+00
6	4.356485e-01	4.304977e-01	1.383000e+00
7	4.866193e-01	5.244378e-01	2.705911e+00
8	4.981631e-01	5.227175e-01	2.442110e+00
9	4.676472e-01	5.045891e-01	2.233024e+00
10	4.477500e-01	4.306990e-01	2.376649e+00
11	4.760685e-01	5.122808e-01	1.556913e+00
12	5.725077e-01	6.524124e-01	2.950171e+00
13	5.192811e-01	3.747461e-01	1.066439e+00
14	4.641670e-01	5.081017e-01	1.626282e+00
15	6.043160e-01	2.918749e-01	1.306790e+00
16	4.638018e-01	5.036346e-01	2.902296e+00
17	4.632607e-01	6.399747e-01	1.195408e+00
18	5.416635e-01	5.659162e-01	1.785540e+00
19	4.858511e-01	5.398260e-01	1.248168e+00
20	5.071573e-01	4.905040e-01	1.863703e+00
21	4.359956e-01	4.294219e-01	2.671715e+00
22	4.576216e-01	4.998993e-01	2.487054e+00
23	5.933368e-01	5.641825e-01	1.946751e+00
24	4.879790e-01	4.362485e-01	1.303859e+00
25	3.055799e-01	1.557061e-01	2.152907e+00
26	4.673458e-01	5.229316e-01	1.388862e+00
27	4.661664e-01	5.047098e-01	1.591109e+00
28	4.984406e-01	5.644650e-01	2.205667e+00
29	4.386022e-01	4.856388e-01	2.181241e+00
30	3.609029e-01	4.966919e-01	1.475818e+00
31	3.956088e-01	4.792084e-01	2.309233e+00
32	4.909498e-01	5.228527e-01	2.073766e+00
33	5.385173e-01	6.779376e-01	2.331705e+00
34	5.014526e-01	5.464423e-01	1.126038e+00
35	5.165949e-01	6.351926e-01	2.235955e+00
36	5.014481e-01	3.131431e-01	2.805569e+00
37	4.717066e-01	3.637556e-01	2.555447e+00
38	4.778272e-01	5.284259e-01	2.559355e+00
39	4.740440e-01	5.280321e-01	1.895945e+00
40	4.913865e-01	6.074775e-01	1.282364e+00
41	4.729410e-01	5.197642e-01	2.750855e+00
42	4.655481e-01	5.107993e-01	2.412799e+00
43	4.902950e-01	5.074701e-01	2.557401e+00
44	3.341198e-01	4.025928e-01	1.648754e+00
45	3.916578e-01	5.039492e-01	1.721055e+00
46	5.038123e-01	5.962081e-01	2.588666e+00
47	4.757357e-01	5.132354e-01	1.525647e+00
48	4.568528e-01	5.024637e-01	2.751832e+00
49	6.250148e-01	6.164759e-01	2.625794e+00
50	5.237934e-01	6.382760e-01	1.663410e+00
51	4.644200e-01	5.045509e-01	2.560332e+00
52	4.660720e-01	5.067834e-01	1.696629e+00
53	4.537974e-01	5.191470e-01	1.506106e+00
54	4.666181e-01	4.979042e-01	2.675623e+00
55	4.745827e-01	4.111572e-01	2.497802e+00
56	4.601780e-01	4.609814e-01	1.031265e+00
57	5.272714e-01	5.678757e-01	2.361993e+00
58	4.849098e-01	4.558314e-01	1.866634e+00
59	4.624715e-01	1.122406e-01	2.930630e+00
60	4.297563e-01	1.464524e-01	1.503175e+00
61	4.682268e-01	5.410486e-01	2.449927e+00
62	4.649418e-01	4.960426e-01	2.831949e+00
63	4.723791e-01	5.074966e-01	2.317049e+00
64	4.487305e-01	4.726703e-01	2.353200e+00
65	4.622716e-01	5.014256e-01	2.575965e+00
66	4.904329e-01	5.291853e-01	2.922814e+00
67	4.482808e-01	4.510751e-01	2.289692e+00
68	4.624319e-01	5.658611e-01	2.766488e+00
69	3.295520e-01	4.726519e-01	1.522716e+00
70	5.043458e-01	5.750680e-01	2.769419e+00
71	4.581575e-01	4.887077e-01	1.110405e+00
72	4.911572e-01	5.698831e-01	1.412311e+00
73	4.111932e-01	5.046570e-01	1.951637e+00
74	5.436401e-01	4.095908e-01	1.449438e+00
75	7.542920e-01	6.412186e-01	2.176356e+00
76	5.231865e-01	6.353622e-01	1.212995e+00
77	4.760710e-01	5.220176e-01	1.872496e+00
78	4.679682e-01	4.985246e-01	1.606742e+00
79	3.566019e-01	4.104969e-01	1.183683e+00
80	4.603188e-01	4.885852e-01	2.736199e+00
81	4.632546e-01	5.000160e-01	1.617489e+00
82	4.374043e-01	4.690002e-01	2.456766e+00
83	4.700406e-01	5.268115e-01	1.406448e+00
84	5.705791e-01	5.556229e-01	2.453835e+00
85	4.655928e-01	5.009741e-01	2.712750e+00
86	4.664028e-01	5.094238e-01	2.877870e+00
87	4.286714e-01	2.564012e-01	1.533464e+00
88	4.921273e-01	7.289681e-01	2.169516e+00
89	5.953329e-01	7.049930e-01	2.483146e+00
90	4.283874e-01	4.069403e-01	1.538349e+00
91	4.674454e-01	4.909314e-01	1.117245e+00
92	4.572120e-01	4.885481e-01	2.709819e+00
93	4.841218e-01	4.966872e-01	2.929653e+00
94	4.642637e-01	3.813651e-01	2.125550e+00
95	5.150692e-01	3.612407e-01	2.148999e+00
96	4.590996e-01	5.173637e-01	1.206155e+00
97	7.787186e-02	6.317452e-01	2.689301e+00
98	4.684528e-01	5.165307e-01	1.997557e+00
99	4.512508e-01	5.266688e-01	1.753298e+00
100	4.679257e-01	5.112506e-01	1.491451e+00
101	4.640792e-01	5.042706e-01	2.381534e+00
102	5.081587e-01	5.964654e-01	1.837323e+00
103	4.570581e-01	6.279515e-01	2.723498e+00
104	2.597571e-01	3.446375e-01	1.216903e+00
105	4.645369e-01	4.804005e-01	1.385931e+00
106	7.432144e-01	8.048801e-01	1.094773e+00
107	4.827003e-01	5.143317e-01	1.887152e+00
108	4.635814e-01	3.810729e-01	1.869565e+00
109	5.468027e-01	4.367245e-01	2.657059e+00
110	5.676603e-01	5.789201e-01	1.905716e+00
111	4.368618e-01	5.133439e-01	2.319980e+00
112	5.379751e-01	8.906329e-01	1.549096e+00
113	2.126758e-01	4.282379e-01	1.155349e+00
114	4.634477e-01	4.975776e-01	1.261847e+00
115	5.242565e-01	5.631405e-01	1.308745e+00
116	5.056905e-01	5.252881e-01	1.148510e+00
117	4.910053e-01	5.586588e-01	1.865657e+00
118	4.808932e-01	5.626820e-01	2.988276e+00
119	4.011523e-01	4.765082e-01	1.479726e+00
120	4.947209e-01	5.521676e-01	2.095261e+00
121	4.655889e-01	6.387713e-01	2.442110e+00
122	5.093508e-01	4.204481e-01	1.070347e+00
123	4.598687e-01	5.054903e-01	1.417196e+00
124	4.567260e-01	4.897782e-01	2.817294e+00
125	3.763245e-01	1.192969e-01	1.164143e+00
126	4.650794e-01	6.186630e-01	2.738153e+00
127	4.946898e-01	5.126281e-01	2.338544e+00
128	5.040957e-01	2.221831e-01	1.282364e+00
129	4.570844e-01	5.272109e-01	2.676600e+00
130	5.040276e-01	2.245375e-01	2.443087e+00
131	6.862920e-01	2.499763e-01	2.375672e+00
132	4.041555e-01	6.640613e-01	1.220811e+00
133	7.280092e-01	6.337170e-01	2.407914e+00
134	4.638585e-01	4.639318e-01	2.277968e+00
135	4.877932e-01	5.018827e-01	2.409868e+00
136	4.694025e-01	5.654341e-01	2.083537e+00
137	4.088156e-01	5.148250e-01	2.286761e+00
138	6.664051e-01	6.213722e-01	1.194431e+00
139	4.808977e-01	5.021482e-01	2.818271e+00
140	4.942148e-01	5.284213e-01	2.827064e+00
141	4.744458e-01	4.666401e-01	1.684905e+00
142	4.647809e-01	5.260315e-01	1.999511e+00
143	4.565391e-01	4.920934e-01	1.956522e+00
144	4.194167e-01	4.831708e-01	2.323889e+00
145	5.612590e-01	5.576923e-01	2.501710e+00
146	3.748034e-01	6.594215e-01	2.395213e+00
147	4.923093e-01	4.452890e-01	2.719590e+00
148	4.656480e-01	5.034814e-01	2.937469e+00
149	4.881268e-01	5.649318e-01	2.803615e+00
150	5.168250e-01	3.678191e-01	1.794333e+00
151	4.792861e-01	4.825993e-01	2.611138e+00
152	4.727204e-01	5.587849e-01	1.724963e+00
153	4.448773e-01	5.076658e-01	1.983879e+00
154	4.588094e-01	4.983302e-01	2.181241e+00
155	5.848758e-01	5.382997e-01	1.295066e+00
156	3.515902e-01	3.584974e-01	1.970200e+00
157	4.836124e-01	5.118665e-01	2.387396e+00
158	4.253290e-01	5.287428e-01	2.386419e+00
159	5.385502e-01	3.981320e-01	2.647289e+00
160	4.719080e-01	5.121432e-01	1.686859e+00
161	4.917342e-01	5.204859e-01	1.553981e+00
162	4.774323e-01	4.103310e-01	1.764045e+00
163	4.701069e-01	5.242243e-01	1.632145e+00
164	4.648354e-01	5.050342e-01	1.235467e+00
165	4.495127e-01	4.877124e-01	2.251588e+00
166	4.916758e-01	5.212583e-01	1.751343e+00
167	4.350103e-01	5.148578e-01	1.715193e+00
168	4.617566e-01	5.035353e-01	2.109917e+00
169	4.477948e-01	4.894889e-01	2.137274e+00
170	4.015044e-01	5.151000e-01	2.099170e+00
171	4.669366e-01	4.551609e-01	2.057157e+00
172	4.148010e-01	4.809963e-01	2.246702e+00
173	4.631851e-01	5.081828e-01	1.894968e+00
174	5.298267e-01	5.170512e-01	2.453835e+00
175	4.765896e-01	5.058237e-01	2.834880e+00
176	5.362699e-01	4.248728e-01	2.215437e+00
177	4.612856e-01	4.918277e-01	2.153884e+00
178	4.654525e-01	4.985852e-01	2.475330e+00
179	6.304833e-01	6.065829e-01	1.274548e+00
180	5.007424e-01	5.194471e-01	2.127504e+00
181	4.757558e-01	4.993258e-01	1.790425e+00
182	5.199102e-01	2.285161e-01	1.736688e+00
183	6.420677e-01	5.288790e-01	1.692721e+00
184	5.265131e-01	5.921186e-01	2.042501e+00
185	6.166273e-01	5.921794e-01	1.468979e+00
186	4.907535e-01	4.976719e-01	1.784563e+00
187	7.245893e-01	6.995130e-01	2.653151e+00
188	5.235442e-01	5.894876e-01	1.839277e+00
189	4.633749e-01	4.884120e-01	1.175867e+00
190	3.933507e-01	5.282774e-01	2.807523e+00
191	4.274996e-01	7.307779e-01	2.811431e+00
192	5.465283e-01	5.696993e-01	1.192477e+00
193	7.781856e-01	6.312826e-01	1.620420e+00
194	4.901288e-01	7.234955e-01	2.624817e+00
195	4.627820e-01	4.945263e-01	2.806546e+00
196	4.095378e-01	3.581627e-01	1.763068e+00
197	4.042002e-01	7.799679e-01	2.060088e+00
198	4.694307e-01	2.245507e-01	2.458720e+00
199	5.114113e-01	5.901382e-01	2.463605e+00
200	4.257720e-01	7.667533e-01	1.141671e+00
201	4.593709e-01	5.029551e-01	1.146556e+00
202	4.894905e-01	5.852389e-01	1.395701e+00
203	4.642410e-01	5.431282e-01	1.755252e+00
204	4.396528e-01	4.613672e-01	2.901319e+00
205	6.083026e-01	6.099983e-01	2.123596e+00
206	4.565280e-01	6.289280e-01	1.652662e+00
207	4.619965e-01	5.002813e-01	1.199316e+00
208	5.023852e-01	5.462528e-01	2.170493e+00
209	5.743383e-01	6.373170e-01	2.733268e+00
210	5.235105e-01	3.676362e-01	1.545188e+00
211	4.981444e-01	4.725702e-01	1.376160e+00
212	4.465898e-01	4.880617e-01	1.621397e+00
213	4.648157e-01	5.000649e-01	1.883244e+00
214	4.581987e-01	4.878073e-01	1.612604e+00
215	4.968537e-01	4.952327e-01	2.909135e+00
216	4.740728e-01	5.260076e-01	1.354665e+00
217	4.699047e-01	4.895571e-01	2.770396e+00
218	4.779280e-01	4.564208e-01	2.148999e+00
219	4.837294e-01	5.086082e-01	2.624817e+00
220	3.772527e-01	4.883259e-01	2.697118e+00
221	4.578766e-01	5.408709e-01	1.938935e+00
222	2.052745e-01	5.443402e-01	1.854910e+00
223	4.895211e-01	6.385526e-01	2.625794e+00
224	2.697560e-01	3.475625e-01	2.984367e+00
225	4.570652e-01	4.898000e-01	2.693210e+00
226	4.511424e-01	4.815453e-01	2.276014e+00
227	4.707486e-01	5.627163e-01	1.245237e+00
228	4.672140e-01	4.917055e-01	1.489497e+00
229	4.652562e-01	5.038311e-01	2.305325e+00
230	4.646147e-01	5.054052e-01	2.689301e+00
231	5.047448e-01	5.454974e-01	1.346849e+00
232	5.112012e-01	5.654426e-01	2.447973e+00
233	5.067110e-01	5.083333e-01	1.591109e+00
234	4.551459e-01	6.413861e-01	1.931119e+00
235	4.398416e-01	4.768043e-01	2.687347e+00
236	4.655307e-01	5.041054e-01	2.787982e+00
237	4.751614e-01	5.245220e-01	1.510015e+00
238	4.745351e-01	4.999302e-01	2.193942e+00
239	4.510910e-01	4.675219e-01	2.918906e+00
240	4.456692e-01	4.242391e-01	1.734734e+00
241	5.134400e-01	5.707708e-01	1.119199e+00
242	3.889595e-01	5.304776e-01	1.631168e+00
243	4.425835e-01	5.008333e-01	1.258915e+00
244	4.515931e-01	4.793088e-01	2.458720e+00
245	5.083343e-01	5.477463e-01	2.134343e+00
246	4.686660e-01	5.019909e-01	2.662921e+00
247	4.586732e-01	4.684902e-01	2.924768e+00
248	3.780338e-01	3.718320e-01	2.983390e+00
249	5.241265e-01	4.036754e-01	2.305325e+00
250	5.491783e-01	8.023226e-01	2.763556e+00
251	4.616132e-01	6.416936e-01	2.374695e+00
252	4.831858e-01	5.188368e-01	1.703468e+00
253	5.085954e-01	3.729653e-01	1.246214e+00
254	5.935044e-01	7.184386e-01	2.925745e+00
255	4.699420e-01	4.928687e-01	1.857841e+00
256	4.732712e-01	5.192835e-01	2.601368e+00
257	4.964442e-01	5.636323e-01	2.413776e+00
258	4.885572e-01	4.867136e-01	2.569126e+00
259	5.008074e-01	4.244408e-01	1.865657e+00
260	4.640914e-01	4.974646e-01	2.574988e+00
261	4.701317e-01	5.276876e-01	1.598925e+00
262	3.376629e-01	4.549724e-01	2.264289e+00
263	3.441146e-01	3.822675e-01	1.176844e+00
264	3.389645e-01	4.047444e-01	1.061553e+00
265	4.701202e-01	5.193448e-01	2.526136e+00
266	4.967312e-01	5.696137e-01	1.928188e+00
267	4.335158e-01	5.079700e-01	2.006351e+00
268	4.923837e-01	5.654281e-01	1.041036e+00
269	5.400620e-01	3.376917e-01	1.793356e+00
270	3.870623e-01	3.949913e-01	1.860772e+00
271	5.389099e-01	5.202008e-01	1.389839e+00
272	4.557681e-01	4.866195e-01	1.052760e+00
273	3.946879e-01	3.898648e-01	1.156326e+00
274	4.706327e-01	5.342861e-01	1.981925e+00
275	4.919311e-01	2.595428e-01	2.256473e+00
276	4.437543e-01	4.820237e-01	2.368832e+00
277	4.952141e-01	4.886682e-01	2.024915e+00
278	4.526721e-01	9.363411e-02	1.266732e+00
279	4.947741e-01	5.472704e-01	1.348803e+00
280	4.629234e-01	6.368886e-01	2.472399e+00
281	3.627898e-01	4.396293e-01	2.288715e+00
282	5.205970e-01	5.471171e-01	2.745970e+00
283	4.843569e-01	5.642572e-01	2.490962e+00
284	4.107471e-01	7.143444e-01	2.515388e+00
285	4.196174e-01	2.080564e-01	1.545188e+00
286	4.598506e-01	5.229622e-01	2.662921e+00
287	4.678979e-01	4.916415e-01	2.264289e+00
288	4.763992e-01	5.370981e-01	2.905227e+00
289	4.558669e-01	4.714735e-01	1.058622e+00
290	3.772768e-01	5.042717e-01	2.152907e+00
291	5.106596e-01	3.567820e-01	2.784074e+00
292	4.620190e-01	4.866943e-01	2.445042e+00
293	7.538212e-01	8.205379e-01	2.852467e+00
294	4.031843e-01	4.701100e-01	2.070835e+00
295	4.797674e-01	4.748594e-01	1.406448e+00
296	2.573970e-01	1.661287e-01	1.751343e+00
297	5.143010e-01	5.180459e-01	2.077675e+00
298	4.019923e-01	6.197724e-01	1.601856e+00
299	4.572081e-01	4.688785e-01	2.048363e+00
300	3.755661e-01	4.113684e-01	2.781143e+00
301	4.648768e-01	5.065207e-01	2.779189e+00
302	4.917182e-01	5.772003e-01	2.617978e+00
303	6.463815e-01	6.129459e-01	1.698583e+00
304	4.822984e-01	3.742527e-01	1.948705e+00
305	4.479103e-01	4.858662e-01	1.416219e+00
306	5.321740e-01	8.659184e-01	1.745481e+00
307	4.787035e-01	5.264777e-01	2.291646e+00
308	5.755952e-01	5.748975e-01	1.868588e+00
309	4.465315e-01	4.984597e-01	2.511480e+00
310	4.834613e-01	5.161124e-01	2.596483e+00
311	4.615536e-01	4.633317e-01	2.855398e+00
312	4.532113e-01	4.313629e-01	1.312653e+00
313	4.552931e-01	5.031424e-01	1.787494e+00
314	4.671230e-01	5.095863e-01	2.252565e+00
315	4.966532e-01	5.849929e-01	1.978017e+00
316	4.589357e-01	4.116839e-01	2.965804e+00
317	4.762915e-01	5.237020e-01	2.221299e+00
318	4.875018e-01	4.846086e-01	1.701514e+00
319	4.601983e-01	4.446453e-01	1.135809e+00
320	4.783950e-01	5.069101e-01	2.997069e+00
321	5.333928e-01	3.968709e-01	2.470445e+00
322	5.050852e-01	7.117270e-01	2.362970e+00
323	4.685208e-01	5.124562e-01	2.553493e+00
324	4.895258e-01	5.008212e-01	1.347826e+00
325	3.605889e-01	3.074568e-01	2.896434e+00
326	4.633124e-01	4.955989e-01	1.857841e+00
327	4.805863e-01	4.285165e-01	1.669272e+00
328	4.520101e-01	5.105450e-01	1.726917e+00
329	5.062221e-01	5.774612e-01	2.604299e+00
330	4.657520e-01	5.846528e-01	2.089399e+00
331	5.032988e-01	4.572238e-01	1.552027e+00
332	4.764891e-01	5.052372e-01	1.769907e+00
333	4.896526e-01	5.372673e-01	1.382022e+00
334	5.323128e-01	5.689277e-01	2.510503e+00
335	5.005230e-01	4.566765e-01	1.640938e+00
336	4.653785e-01	5.277958e-01	2.933561e+00
337	5.737406e-01	5.485325e-01	1.033219e+00
338	4.227317e-01	5.954261e-01	1.408403e+00
339	4.705548e-01	5.169877e-01	2.767465e+00
340	4.465214e-01	4.834658e-01	1.526624e+00
341	5.885035e-01	5.704389e-01	1.456277e+00
342	4.920283e-01	5.093226e-01	1.054714e+00
343	4.494080e-01	5.288199e-01	2.601368e+00
344	4.231971e-01	2.947396e-01	2.193942e+00
345	4.723185e-01	4.672727e-01	2.321935e+00
346	4.567498e-01	4.807251e-01	1.564729e+00
347	4.793312e-01	4.859477e-01	1.679043e+00
348	5.996305e-01	6.413283e-01	2.034685e+00
349	4.948264e-01	5.109666e-01	2.564240e+00
350	4.823599e-01	5.229492e-01	2.311187e+00
351	2.790284e-01	4.136334e-01	1.297997e+00
352	4.685324e-01	5.081863e-01	2.873962e+00
353	3.563283e-01	4.566204e-01	2.202736e+00
354	4.662049e-01	5.059316e-01	2.653151e+00
355	4.429606e-01	6.225679e-01	2.461651e+00
356	4.692045e-01	5.112872e-01	1.679043e+00
357	5.709509e-01	5.691722e-01	2.991207e+00
358	4.728708e-01	5.421276e-01	2.857352e+00
359	4.773703e-01	5.286538e-01	1.913532e+00
360	4.717098e-01	3.865122e-01	1.216903e+00
361	3.182448e-01	2.458623e-01	1.214949e+00
362	4.669941e-01	5.075181e-01	1.005862e+00
363	4.692948e-01	5.315175e-01	2.227162e+00
364	4.778137e-01	5.228736e-01	1.723009e+00
365	2.727900e-01	1.327653e-01	1.491451e+00
366	4.756243e-01	6.794737e-01	1.692721e+00
367	4.774840e-01	5.030069e-01	1.154372e+00
368	4.419033e-01	4.785778e-01	1.851001e+00
369	4.653475e-01	4.926223e-01	2.418661e+00
370	5.057147e-01	4.714232e-01	1.874450e+00
371	4.200528e-01	4.950657e-01	1.591109e+00
372	4.854773e-01	5.257729e-01	2.199805e+00
373	4.524990e-01	6.215209e-01	2.208598e+00
374	4.548003e-01	4.482115e-01	1.322423e+00
375	5.969515e-01	5.949966e-01	2.361016e+00
376	6.063723e-01	5.299176e-01	1.815828e+00
377	4.650449e-01	5.040264e-01	1.328285e+00
378	4.651956e-01	5.087762e-01	1.883244e+00
379	6.433317e-01	7.086040e-01	1.599902e+00
380	6.001606e-01	7.309360e-01	2.343429e+00
381	5.018962e-01	5.173876e-01	1.835369e+00
382	4.729228e-01	5.356150e-01	1.065462e+00
383	3.697962e-01	6.316073e-01	1.698583e+00
384	3.388347e-01	6.143494e-01	2.761602e+00
385	1.833660e-01	3.690527e-01	1.961407e+00
386	5.130595e-01	4.089649e-01	2.449927e+00
387	5.200688e-01	5.506108e-01	2.669761e+00
388	5.743142e-01	4.572212e-01	2.597460e+00
389	4.711433e-01	5.259775e-01	2.960918e+00
390	4.731971e-01	5.093129e-01	1.655594e+00
391	5.090896e-01	5.844365e-01	2.572057e+00
392	4.737107e-01	5.323108e-01	1.234489e+00
393	4.558791e-01	5.472559e-01	1.607719e+00
394	4.609871e-01	4.989929e-01	2.643381e+00
395	4.129944e-01	1.970808e-01	1.233512e+00
396	6.400319e-01	8.664396e-01	2.058134e+00
397	3.108980e-01	4.616607e-01	1.083048e+00
398	7.228661e-01	7.960147e-01	2.453835e+00
399	5.602659e-01	5.555646e-01	2.169516e+00
400	4.363740e-01	4.388160e-01	1.634099e+00
401	5.387469e-01	5.310568e-01	1.314607e+00
402	4.933065e-01	5.399346e-01	2.292623e+00
403	4.779384e-01	4.573410e-01	1.759160e+00
404	5.096555e-01	6.375203e-01	2.942355e+00
405	5.420283e-01	6.183810e-01	1.358574e+00
406	4.904077e-01	5.228652e-01	1.474841e+00
407	4.841899e-01	8.001616e-01	2.850513e+00
408	3.146310e-01	6.471667e-01	2.543723e+00
409	4.526549e-01	5.189446e-01	1.170005e+00
410	4.735851e-01	4.670471e-01	2.011236e+00
411	4.369225e-01	5.344154e-01	2.982413e+00
412	6.109032e-01	7.609069e-01	1.578407e+00
413	4.870624e-01	5.724376e-01	2.904250e+00
414	4.771174e-01	5.293701e-01	2.948217e+00
415	4.575737e-01	5.044172e-01	1.856864e+00
416	5.089419e-01	5.956796e-01	1.780655e+00
417	4.647895e-01	4.759298e-01	1.223742e+00
418	4.514615e-01	4.981622e-01	2.928676e+00
419	4.446167e-01	4.988919e-01	1.055691e+00
420	4.961420e-01	4.951516e-01	2.823156e+00
421	4.641057e-01	4.976299e-01	2.886663e+00
422	4.485558e-01	5.054798e-01	1.391793e+00
423	4.969167e-01	6.606441e-01	1.467025e+00
424	4.864005e-01	5.316416e-01	1.512946e+00
425	4.578839e-01	8.266145e-01	1.960430e+00
426	4.541219e-01	8.256126e-01	2.254519e+00
427	4.862655e-01	6.848725e-01	2.899365e+00
428	4.510927e-01	5.097073e-01	1.247191e+00
429	4.851196e-01	5.033347e-01	1.802149e+00
430	4.661304e-01	5.158110e-01	1.663410e+00
431	4.921864e-01	7.188297e-01	2.556424e+00
432	4.593245e-01	7.934212e-01	2.947240e+00
433	4.828079e-01	4.974640e-01	2.475330e+00
434	4.526563e-01	4.814680e-01	2.923791e+00
435	5.941509e-01	3.550204e-01	2.906204e+00
436	2.263690e-01	7.469782e-01	2.668784e+00
437	4.997459e-01	5.415903e-01	2.476307e+00
438	4.005571e-01	6.048735e-01	2.065950e+00
439	4.630636e-01	4.958934e-01	1.983879e+00
440	4.513720e-01	4.653894e-01	1.637030e+00
441	5.958075e-01	4.695935e-01	1.338056e+00
442	4.726535e-01	4.952356e-01	2.406937e+00
443	5.434133e-01	7.910095e-01	1.422081e+00
444	4.901609e-01	5.701619e-01	2.956033e+00
445	4.630003e-01	5.120945e-01	2.601368e+00
446	3.326709e-01	3.952420e-01	1.846116e+00
447	4.669476e-01	5.069785e-01	1.264778e+00
448	4.344834e-01	4.505709e-01	1.119199e+00
449	4.940313e-01	5.557567e-01	1.956522e+00
450	6.812747e-01	7.710926e-01	2.971666e+00
451	4.623694e-01	5.003701e-01	2.149976e+00
452	5.852567e-01	5.829870e-01	1.574499e+00
453	4.063672e-01	3.532148e-01	1.775769e+00
454	4.797252e-01	5.374300e-01	1.542257e+00
455	4.764306e-01	5.436920e-01	2.984367e+00
456	4.761246e-01	5.033188e-01	1.577430e+00
457	4.691934e-01	5.158525e-01	2.955056e+00
458	4.590223e-01	5.245079e-01	2.865169e+00
459	4.599567e-01	5.150590e-01	1.672203e+00
460	4.608155e-01	1.016336e-01	1.198339e+00
461	5.262385e-01	3.637454e-01	2.513434e+00
462	3.677119e-01	4.225486e-01	1.853933e+00
463	4.619680e-01	5.428885e-01	2.858329e+00
464	4.634692e-01	4.534315e-01	1.574499e+00
465	4.958598e-01	5.407966e-01	1.432829e+00
466	4.725406e-01	4.900149e-01	1.500244e+00
467	6.241464e-01	6.158399e-01	1.323400e+00
468	4.625980e-01	4.973444e-01	2.147044e+00
469	4.511065e-01	4.646116e-01	2.698095e+00
470	4.445227e-01	4.901938e-01	1.364436e+00
471	2.765271e-01	3.384214e-01	2.076698e+00
472	4.636732e-01	4.988103e-01	2.011236e+00
473	5.324975e-01	6.409842e-01	1.215926e+00
474	4.651508e-01	4.928837e-01	2.299463e+00
475	5.613774e-01	5.306267e-01	1.683928e+00
476	4.479435e-01	5.244986e-01	2.081583e+00
477	4.687551e-01	5.307077e-01	2.350269e+00
478	3.951561e-01	7.693722e-01	2.728383e+00
479	4.464383e-01	4.857548e-01	1.194431e+00
480	4.830262e-01	4.800426e-01	2.515388e+00
481	3.404980e-01	2.621982e-01	1.865657e+00
482	4.822566e-01	3.840481e-01	1.802149e+00
483	4.517896e-01	4.699362e-01	1.367367e+00
484	5.147361e-01	5.739625e-01	1.148510e+00
485	5.386937e-01	6.323337e-01	2.427455e+00
486	4.718782e-01	6.452735e-01	2.196873e+00
487	4.898648e-01	5.094845e-01	2.386419e+00
488	4.935526e-01	5.403263e-01	1.294089e+00
489	4.957848e-01	3.945999e-01	1.687836e+00
490	4.655632e-01	4.294287e-01	1.146556e+00
491	3.985761e-01	3.039244e-01	1.597948e+00
492	4.893494e-01	4.792230e-01	2.412799e+00
493	3.947693e-01	4.415163e-01	1.227650e+00
494	4.491569e-01	5.407568e-01	2.522228e+00
495	4.700461e-01	4.789556e-01	1.437714e+00
496	5.121077e-01	5.614893e-01	1.523693e+00
497	4.670062e-01	5.118148e-01	1.221788e+00
498	5.306628e-01	5.723035e-01	1.652662e+00
499	5.629197e-01	4.023512e-01	1.269663e+00
500	4.554562e-01	4.966747e-01	2.967758e+00
501	4.558721e-01	5.057825e-01	2.546654e+00
502	2.159675e-01	3.827464e-01	1.818759e+00
503	5.069251e-01	6.016246e-01	1.919394e+00
504	4.555580e-01	4.917569e-01	2.563263e+00
505	3.529619e-01	3.640213e-01	1.451392e+00
506	5.614300e-01	4.887973e-01	1.718124e+00
507	4.635059e-01	5.067997e-01	1.207132e+00
508	4.764714e-01	5.297054e-01	1.236444e+00
509	5.074409e-01	4.923488e-01	2.622863e+00
510	4.322677e-01	7.004328e-01	2.549585e+00
511	4.569632e-01	4.958496e-01	2.966781e+00
512	5.420911e-01	3.407401e-01	2.395213e+00
513	4.947441e-01	5.334992e-01	1.534441e+00
514	6.237181e-01	6.060293e-01	1.550073e+00
515	4.865095e-01	5.465342e-01	1.610650e+00
516	4.100155e-01	5.113965e-01	1.612604e+00
517	4.602302e-01	4.914734e-01	1.086957e+00
518	4.761278e-01	4.555159e-01	2.282853e+00
519	2.953932e-01	2.815507e-01	1.573522e+00
520	4.798155e-01	4.952989e-01	2.497802e+00
521	4.714100e-01	5.217086e-01	1.752320e+00
522	4.587303e-01	9.075495e-01	1.589155e+00
523	4.587377e-01	4.982355e-01	1.209086e+00
524	4.364698e-01	4.007700e-01	2.755740e+00
525	3.707951e-01	6.737353e-01	1.499267e+00
526	4.622904e-01	5.030060e-01	1.014656e+00
527	4.423244e-01	1.461408e-01	2.891549e+00
528	4.599423e-01	5.066298e-01	2.478261e+00
529	5.436089e-01	4.192022e-01	1.898876e+00
530	4.537838e-01	4.897816e-01	1.188569e+00
531	4.450096e-01	4.778090e-01	2.785051e+00
532	4.650412e-01	4.977255e-01	2.945286e+00
533	4.500708e-01	4.408148e-01	2.458720e+00
534	4.591805e-01	5.327765e-01	2.673669e+00
535	4.568477e-01	5.195864e-01	1.399609e+00
536	4.751053e-01	5.484750e-01	2.604299e+00
537	4.689151e-01	5.065823e-01	1.529555e+00
538	4.582968e-01	5.023546e-01	2.823156e+00
539	4.833534e-01	5.113801e-01	2.826087e+00
540	5.040642e-01	5.612867e-01	2.844651e+00
541	4.538740e-01	5.438157e-01	2.290669e+00
542	4.647203e-01	5.378312e-01	2.570103e+00
543	4.552753e-01	5.393658e-01	2.396190e+00
544	3.892351e-01	5.257883e-01	1.318515e+00
545	4.784091e-01	5.573421e-01	2.605276e+00
546	3.931233e-01	4.615634e-01	2.683439e+00
547	4.343660e-01	7.367641e-01	1.587201e+00
548	5.588993e-01	6.092690e-01	1.375183e+00
549	4.882143e-01	4.989420e-01	2.298486e+00
550	6.246455e-01	6.175521e-01	1.285296e+00
551	4.695500e-01	4.980780e-01	2.983390e+00
552	4.369853e-01	2.839299e-01	1.195408e+00
553	4.632664e-01	5.139156e-01	2.414753e+00
554	5.008337e-01	4.748881e-01	1.843185e+00
555	4.616717e-01	6.220076e-01	2.396190e+00
556	4.548346e-01	4.451644e-01	3.000000e+00
557	4.613441e-01	5.093617e-01	2.728383e+00
558	7.058138e-01	8.353363e-01	1.133854e+00
559	4.638286e-01	4.904555e-01	1.944797e+00
560	4.177869e-01	4.735485e-01	2.883732e+00
561	3.464969e-01	4.184637e-01	2.383488e+00
562	4.790195e-01	5.008039e-01	2.506595e+00
563	4.563604e-01	4.753707e-01	1.786517e+00
564	3.872175e-01	5.320187e-01	2.893503e+00
565	4.510764e-01	4.923918e-01	2.981436e+00
566	5.109505e-01	5.521119e-01	2.663898e+00
567	4.912294e-01	5.308918e-01	2.227162e+00
568	4.666258e-01	4.942677e-01	1.527601e+00
569	4.483915e-01	3.856471e-01	2.610161e+00
570	4.904590e-01	1.198775e-01	1.058622e+00
571	5.062455e-01	5.668533e-01	2.782120e+00
572	3.826521e-01	1.786881e-01	1.518808e+00
573	4.833446e-01	5.146300e-01	2.109917e+00
574	4.867919e-01	5.449747e-01	2.074744e+00
575	4.800411e-01	4.939725e-01	2.319003e+00
576	4.879645e-01	5.148842e-01	1.290181e+00
577	4.533860e-01	5.570309e-01	1.286273e+00
578	4.726626e-01	5.425509e-01	1.881290e+00
579	4.655431e-01	5.095005e-01	1.664387e+00
580	3.321419e-01	7.399051e-01	1.242306e+00
581	5.088782e-01	5.068556e-01	1.927211e+00
582	4.656779e-01	4.953481e-01	2.820225e+00
583	4.542883e-01	7.413184e-01	2.792868e+00
584	5.325776e-01	5.882104e-01	1.201270e+00
585	4.672934e-01	4.841474e-01	1.898876e+00
586	4.692798e-01	5.018112e-01	1.782609e+00
587	4.711154e-01	5.045532e-01	1.561798e+00
588	4.640613e-01	5.009787e-01	2.282853e+00
589	4.985862e-01	5.736114e-01	2.210552e+00
590	4.257785e-01	4.061627e-01	1.020518e+00
591	5.077833e-01	5.654843e-01	1.784563e+00
592	4.650681e-01	5.014985e-01	1.275525e+00
593	5.008031e-01	5.033215e-01	1.212995e+00
594	4.681464e-01	4.010747e-01	2.964827e+00
595	4.658925e-01	4.961014e-01	2.079629e+00
596	4.136719e-01	5.319057e-01	1.187592e+00
597	4.662148e-01	5.571236e-01	1.258915e+00
598	4.847375e-01	5.664625e-01	1.999511e+00
599	4.642452e-01	4.941950e-01	1.264778e+00
600	4.627921e-01	4.935193e-01	1.110405e+00
601	4.804376e-01	5.539348e-01	1.107474e+00
602	4.025317e-01	4.511002e-01	1.070347e+00
603	4.530425e-01	4.973671e-01	2.400098e+00
604	4.672735e-01	4.931727e-01	2.871031e+00
605	4.649473e-01	5.009070e-01	2.739130e+00
606	4.376927e-01	5.019913e-01	2.061065e+00
607	5.035661e-01	3.367281e-01	1.073278e+00
608	5.255413e-01	5.493671e-01	2.799707e+00
609	4.396615e-01	4.542344e-01	2.010259e+00
610	3.790784e-01	4.972118e-01	1.700537e+00
611	4.714375e-01	5.196481e-01	1.339033e+00
612	5.207452e-01	4.144741e-01	2.227162e+00
613	7.701547e-01	7.612863e-01	2.482169e+00
614	4.656830e-01	5.284840e-01	2.958964e+00
615	5.473953e-01	5.678487e-01	1.443576e+00
616	3.781579e-01	5.167851e-01	2.381534e+00
617	4.625420e-01	4.280661e-01	1.971177e+00
618	4.713688e-01	5.165156e-01	2.960918e+00
619	3.577964e-01	2.968680e-01	1.812897e+00
620	4.028447e-01	6.667560e-01	1.170982e+00
621	4.472194e-01	4.118549e-01	1.277479e+00
622	5.466080e-01	6.178466e-01	1.176844e+00
623	4.771129e-01	3.747072e-01	1.636053e+00
624	4.988384e-01	5.982658e-01	2.336590e+00
625	4.079336e-01	5.148588e-01	1.343918e+00
626	4.540655e-01	5.220537e-01	1.905716e+00
627	5.471012e-01	5.390131e-01	1.784563e+00
628	4.611901e-01	5.059337e-01	2.063996e+00
629	4.590196e-01	4.989910e-01	2.497802e+00
630	5.270373e-01	3.974042e-01	2.870054e+00
631	4.707874e-01	4.570777e-01	1.729849e+00
632	3.854331e-01	2.640346e-01	2.290669e+00
633	4.665023e-01	5.035898e-01	2.841720e+00
634	4.630680e-01	4.937793e-01	2.195896e+00
635	5.106263e-01	5.547048e-01	1.601856e+00
636	4.739906e-01	5.297209e-01	2.449927e+00
637	4.337644e-01	4.957122e-01	1.462140e+00
638	4.635228e-01	5.036296e-01	2.041524e+00
639	4.660277e-01	5.038069e-01	2.061065e+00
640	3.958601e-01	3.985050e-01	2.130435e+00
641	3.350682e-01	2.469321e-01	2.205667e+00
642	4.520873e-01	4.839924e-01	2.184172e+00
643	4.870706e-01	5.416006e-01	2.747924e+00
644	6.376343e-01	5.422307e-01	2.909135e+00
645	4.533430e-01	4.943918e-01	2.777235e+00
646	5.002855e-01	5.507269e-01	1.295066e+00
647	5.239702e-01	5.312711e-01	1.050806e+00
648	5.361650e-01	5.654021e-01	1.191500e+00
649	4.824765e-01	5.198061e-01	1.198339e+00
650	4.444163e-01	4.988188e-01	2.656082e+00
651	4.607646e-01	5.082108e-01	1.692721e+00
652	2.677609e-01	1.834520e-01	2.330728e+00
653	4.795057e-01	5.292935e-01	1.906693e+00
654	4.725381e-01	5.322982e-01	2.192965e+00
655	4.206928e-01	4.785901e-01	1.200293e+00
656	4.808971e-01	5.020440e-01	2.361016e+00
657	3.989174e-01	3.152267e-01	2.080606e+00
658	4.710029e-01	4.933755e-01	2.017098e+00
659	5.055979e-01	4.999804e-01	2.191011e+00
660	4.960390e-01	7.906527e-01	1.667318e+00
661	3.981452e-01	3.178480e-01	2.229116e+00
662	4.513087e-01	4.491614e-01	1.188569e+00
663	4.861206e-01	5.004733e-01	2.714704e+00
664	5.192930e-01	5.441650e-01	1.979971e+00
665	5.418525e-01	5.294890e-01	2.954079e+00
666	5.351897e-01	6.381021e-01	1.803127e+00
667	4.616956e-01	5.342399e-01	1.039082e+00
668	6.799607e-01	5.845780e-01	1.893014e+00
669	4.878851e-01	6.528501e-01	1.778701e+00
670	3.863874e-01	6.522600e-01	1.807035e+00
671	4.927431e-01	5.819035e-01	1.102589e+00
672	5.255335e-01	5.962075e-01	1.879336e+00
673	4.985478e-01	5.610692e-01	1.984856e+00
674	4.663382e-01	5.033488e-01	2.238886e+00
675	4.862362e-01	5.515192e-01	2.868100e+00
676	4.746416e-01	5.045235e-01	2.748901e+00
677	5.761412e-01	3.430495e-01	1.578407e+00
678	4.600912e-01	4.987811e-01	1.621397e+00
679	4.621406e-01	5.011531e-01	2.657059e+00
680	4.619238e-01	4.851291e-01	2.404983e+00
681	5.126976e-01	5.811315e-01	2.272106e+00
682	4.282017e-01	4.710984e-01	1.463117e+00
683	4.638426e-01	5.033994e-01	2.316072e+00
684	4.703589e-01	5.107869e-01	2.334636e+00
685	5.266210e-01	4.646456e-01	1.365413e+00
686	5.894372e-01	6.067004e-01	2.105032e+00
687	3.647045e-01	4.954820e-01	1.339033e+00
688	4.780421e-01	5.072512e-01	2.932584e+00
689	4.723803e-01	4.971933e-01	2.378603e+00
690	4.724143e-01	5.061902e-01	1.833415e+00
691	4.857091e-01	5.721949e-01	1.663410e+00
692	4.974180e-01	5.030492e-01	2.251588e+00
693	6.350283e-01	5.267251e-01	1.766976e+00
694	4.893638e-01	5.146532e-01	1.575476e+00
695	3.361397e-01	2.394229e-01	2.771373e+00
696	4.754686e-01	5.084994e-01	2.787005e+00
697	4.592913e-01	5.105784e-01	1.959453e+00
698	4.906668e-01	5.427805e-01	2.187103e+00
699	4.643631e-01	4.974007e-01	2.430386e+00
700	4.880009e-01	6.201711e-01	2.679531e+00
701	5.292151e-01	5.482020e-01	2.191988e+00
702	5.158433e-01	6.350980e-01	2.945286e+00
703	4.766426e-01	4.953068e-01	2.793845e+00
704	4.715566e-01	4.817505e-01	2.132389e+00
705	4.606650e-01	5.276910e-01	1.627259e+00
706	4.524003e-01	5.140628e-01	1.623351e+00
707	4.406296e-01	5.027369e-01	2.772350e+00
708	4.648054e-01	4.989409e-01	1.552027e+00
709	5.521219e-01	5.097971e-01	1.180752e+00
710	4.894567e-01	5.393930e-01	1.632145e+00
711	3.540169e-01	3.719558e-01	1.680997e+00
712	6.100400e-01	6.227516e-01	2.828041e+00
713	1.392530e-01	5.537876e-01	1.703468e+00
714	2.800408e-01	3.914799e-01	1.471910e+00
715	4.830637e-01	5.106081e-01	2.368832e+00
716	4.751692e-01	5.013954e-01	1.961407e+00
717	4.650303e-01	4.960400e-01	1.756229e+00
718	4.412471e-01	4.978046e-01	2.987298e+00
719	4.602013e-01	5.022914e-01	2.332682e+00
720	4.470868e-01	4.896201e-01	1.097704e+00
721	6.130793e-01	5.818422e-01	1.954568e+00
722	4.662115e-01	4.985583e-01	1.704446e+00
723	4.664599e-01	5.036532e-01	1.853933e+00
724	5.182362e-01	6.321063e-01	2.829995e+00
725	4.071200e-01	5.112033e-01	2.232047e+00
726	4.791525e-01	5.431461e-01	2.587689e+00
727	1.709899e-01	6.510767e-01	2.698095e+00
728	4.261843e-01	4.335052e-01	1.896922e+00
729	4.773738e-01	6.262160e-01	1.212995e+00
730	2.592329e-01	4.094071e-01	1.502198e+00
731	4.626806e-01	5.010981e-01	2.614069e+00
732	4.555027e-01	5.630395e-01	2.880801e+00
733	4.689871e-01	5.042916e-01	1.956522e+00
734	3.721735e-01	4.039249e-01	2.745970e+00
735	3.344372e-01	7.127757e-01	1.179775e+00
736	3.743485e-01	5.075330e-01	1.935027e+00
737	4.753026e-01	4.918783e-01	1.975085e+00
738	4.761046e-01	5.275829e-01	1.067416e+00
739	5.202559e-01	4.432596e-01	2.024915e+00
740	4.916439e-01	5.116572e-01	2.810454e+00
741	5.062795e-01	5.285575e-01	2.428432e+00
742	4.880805e-01	5.063067e-01	1.957499e+00
743	6.416463e-01	6.246358e-01	2.306302e+00
744	4.394575e-01	5.019757e-01	2.557401e+00
745	4.749570e-01	5.335722e-01	1.243283e+00
746	4.721878e-01	5.584110e-01	2.429409e+00
747	4.492637e-01	4.833618e-01	2.523205e+00
748	4.284710e-01	2.611155e-01	2.842697e+00
749	4.638275e-01	4.971894e-01	2.247680e+00
750	4.282607e-01	4.728200e-01	2.000489e+00
751	4.539302e-01	5.063300e-01	2.446019e+00
752	4.597066e-01	5.023287e-01	2.360039e+00
753	4.225670e-01	6.247133e-01	2.567171e+00
754	4.388483e-01	4.895838e-01	2.415730e+00
755	4.494443e-01	5.150055e-01	1.989741e+00
756	4.602897e-01	5.003572e-01	2.908158e+00
757	5.802776e-01	6.040232e-01	2.731314e+00
758	4.625914e-01	5.065903e-01	2.544700e+00
759	4.637909e-01	5.031291e-01	2.890572e+00
760	4.640688e-01	5.056222e-01	1.654617e+00
761	4.617100e-01	5.093950e-01	1.008793e+00
762	4.886490e-01	5.475900e-01	1.260870e+00
763	4.508369e-01	5.084025e-01	1.347826e+00
764	4.495297e-01	5.069302e-01	1.325354e+00
765	4.721921e-01	4.922259e-01	1.420127e+00
766	5.093425e-01	5.447431e-01	2.845628e+00
767	5.002300e-01	5.081054e-01	1.853933e+00
768	4.558397e-01	4.982281e-01	1.303859e+00
769	5.079539e-01	4.155722e-01	1.294089e+00
770	7.542139e-01	3.003621e-01	1.675134e+00
771	5.065506e-01	4.236510e-01	2.417684e+00
772	4.871557e-01	5.259039e-01	2.053249e+00
773	4.524198e-01	5.235580e-01	1.276502e+00
774	3.982465e-01	6.521088e-01	2.779189e+00
775	5.279540e-01	3.414973e-01	1.984856e+00
776	5.074409e-01	7.350825e-01	2.295554e+00
777	4.685666e-01	5.085761e-01	1.652662e+00
778	4.765157e-01	5.145055e-01	2.464582e+00
779	4.626984e-01	5.001567e-01	1.763068e+00
780	4.799207e-01	5.680632e-01	2.026869e+00
781	3.952358e-01	3.912683e-01	1.160234e+00
782	2.710781e-01	4.890876e-01	2.302394e+00
783	4.420564e-01	4.799572e-01	1.384954e+00
784	4.088535e-01	4.658724e-01	2.598437e+00
785	3.946712e-01	5.426653e-01	2.130435e+00
786	4.481769e-01	5.135506e-01	1.690767e+00
787	4.891970e-01	4.896586e-01	1.940889e+00
788	4.691962e-01	5.216227e-01	2.099170e+00
