789
0	8.343166e-01	4.548708e-01	1.398632e+00
1	4.980754e-01	6.546113e-01	1.108451e+00
2	5.069890e-01	5.645149e-01	2.925745e+00
3	5.250112e-01	5.942577e-01	2.732291e+00
4	4.189839e-01	3.992606e-01	1.257938e+00
5	4.575688e-01	4.859058e-01	2.424524e+00
6	4.107232e-01	2.527220e-01	1.383000e+00
7	4.258663e-01	5.021156e-01	2.705911e+00
8	4.579063e-01	5.195043e-01	2.442110e+00
9	4.745791e-01	5.164135e-01	2.233024e+00
10	4.303376e-01	4.573180e-01	2.376649e+00
11	4.872219e-01	5.298210e-01	1.556913e+00
12	4.006246e-01	3.141623e-01	2.950171e+00
13	4.738679e-01	6.946958e-01	1.066439e+00
14	4.774751e-01	5.255697e-01	1.626282e+00
15	4.326331e-01	5.282239e-01	1.306790e+00
16	4.728541e-01	5.172974e-01	2.902296e+00
17	3.830724e-01	4.513778e-01	1.195408e+00
18	4.967354e-01	5.133585e-01	1.785540e+00
19	4.493958e-01	4.717204e-01	1.248168e+00
20	4.829113e-01	4.688119e-01	1.863703e+00
21	4.059737e-01	6.294305e-01	2.671715e+00
22	4.809605e-01	5.290471e-01	2.487054e+00
23	4.862794e-01	3.342265e-01	1.946751e+00
24	3.773010e-01	7.211473e-01	1.303859e+00
25	3.746640e-01	2.682598e-01	2.152907e+00
26	4.532414e-01	5.161344e-01	1.388862e+00
27	4.491009e-01	4.595155e-01	1.591109e+00
28	4.947095e-01	6.129818e-01	2.205667e+00
29	4.778816e-01	4.838832e-01	2.181241e+00
30	5.344816e-01	4.180771e-01	1.475818e+00
31	3.964972e-01	5.599574e-01	2.309233e+00
32	4.769719e-01	4.724367e-01	2.073766e+00
33	5.199945e-01	7.634755e-01	2.331705e+00
34	4.635336e-01	4.936581e-01	1.126038e+00
35	2.736973e-01	4.479763e-01	2.235955e+00
36	4.326805e-01	3.310013e-01	2.805569e+00
37	4.574454e-01	7.148581e-01	2.555447e+00
38	4.928310e-01	5.331169e-01	2.559355e+00
39	4.705720e-01	5.036720e-01	1.895945e+00
40	4.947092e-01	5.409269e-01	1.282364e+00
41	4.862713e-01	5.494866e-01	2.750855e+00
42	4.758681e-01	5.239029e-01	2.412799e+00
43	4.754402e-01	5.240737e-01	2.557401e+00
44	5.096794e-01	6.368908e-01	1.648754e+00
45	4.566407e-01	5.552764e-01	1.721055e+00
46	4.655712e-01	4.945998e-01	2.588666e+00
47	4.929780e-01	5.004846e-01	1.525647e+00
48	4.770493e-01	5.214462e-01	2.751832e+00
49	4.772535e-01	3.312776e-01	2.625794e+00
50	4.001170e-01	3.986423e-01	1.663410e+00
51	4.716908e-01	5.203206e-01	2.560332e+00
52	4.796960e-01	5.389467e-01	1.696629e+00
53	4.934156e-01	5.250264e-01	1.506106e+00
54	4.702272e-01	5.163264e-01	2.675623e+00
55	5.339736e-01	5.706416e-01	2.497802e+00
56	3.781888e-01	2.786365e-01	1.031265e+00
57	4.026744e-01	4.411328e-01	2.361993e+00
58	5.679739e-01	5.679793e-01	1.866634e+00
59	4.348970e-01	4.773473e-01	2.930630e+00
60	4.692400e-01	4.125419e-01	1.503175e+00
61	4.481103e-01	5.020592e-01	2.449927e+00
62	4.812095e-01	5.131788e-01	2.831949e+00
63	4.738014e-01	5.049826e-01	2.317049e+00
64	4.687279e-01	4.637424e-01	2.353200e+00
65	4.741813e-01	5.178585e-01	2.575965e+00
66	4.441568e-01	4.233744e-01	2.922814e+00
67	4.668466e-01	5.106156e-01	2.289692e+00
68	5.029438e-01	4.397346e-01	2.766488e+00
69	5.047023e-01	6.839083e-01	1.522716e+00
70	5.159193e-01	4.723611e-01	2.769419e+00
71	4.814899e-01	5.346524e-01	1.110405e+00
72	4.786021e-01	5.824519e-01	1.412311e+00
73	3.161885e-01	5.181939e-01	1.951637e+00
74	4.895068e-01	7.462181e-01	1.449438e+00
75	6.370757e-01	5.215472e-01	2.176356e+00
76	4.042854e-01	3.981619e-01	1.212995e+00
77	4.408655e-01	5.452815e-01	1.872496e+00
78	4.580673e-01	4.847622e-01	1.606742e+00
79	5.365295e-01	6.465946e-01	1.183683e+00
80	4.864999e-01	6.052345e-01	2.736199e+00
81	4.749366e-01	5.183436e-01	1.617489e+00
82	4.711498e-01	4.703080e-01	2.456766e+00
83	4.722457e-01	4.471641e-01	1.406448e+00
84	4.588583e-01	4.136772e-01	2.453835e+00
85	4.742451e-01	5.158893e-01	2.712750e+00
86	4.680154e-01	5.073044e-01	2.877870e+00
87	4.484147e-01	2.832022e-01	1.533464e+00
88	4.723964e-01	3.561657e-01	2.169516e+00
89	4.956132e-01	6.955929e-01	2.483146e+00
90	4.459366e-01	4.772598e-01	1.538349e+00
91	4.878448e-01	5.134463e-01	1.117245e+00
92	4.880696e-01	5.361948e-01	2.709819e+00
93	4.199632e-01	5.067388e-01	2.929653e+00
94	5.568357e-01	5.613925e-01	2.125550e+00
95	4.682342e-01	7.407626e-01	2.148999e+00
96	4.741946e-01	5.324030e-01	1.206155e+00
97	3.000029e-01	5.667714e-01	2.689301e+00
98	4.690658e-01	5.096865e-01	1.997557e+00
99	4.376192e-01	5.861698e-01	1.753298e+00
100	4.776483e-01	5.079296e-01	1.491451e+00
101	4.726557e-01	5.164816e-01	2.381534e+00
102	4.825659e-01	6.035516e-01	1.837323e+00
103	3.830214e-01	4.626860e-01	2.723498e+00
104	4.888537e-01	5.834689e-01	1.216903e+00
105	4.754248e-01	5.640917e-01	1.385931e+00
106	5.620492e-01	5.472943e-01	1.094773e+00
107	4.761484e-01	5.242151e-01	1.887152e+00
108	6.439652e-01	5.477345e-01	1.869565e+00
109	5.243529e-01	6.766000e-01	2.657059e+00
110	4.869645e-01	4.175841e-01	1.905716e+00
111	5.000488e-01	5.038428e-01	2.319980e+00
112	4.702759e-01	4.885308e-01	1.549096e+00
113	3.136665e-01	5.042653e-01	1.155349e+00
114	4.545390e-01	4.856363e-01	1.261847e+00
115	4.950308e-01	4.883158e-01	1.308745e+00
116	1.726719e-01	3.385863e-01	1.148510e+00
117	5.003863e-01	5.730685e-01	1.865657e+00
118	5.168372e-01	5.919985e-01	2.988276e+00
119	4.800233e-01	4.614200e-01	1.479726e+00
120	4.785696e-01	5.249021e-01	2.095261e+00
121	3.808408e-01	4.327109e-01	2.442110e+00
122	4.640044e-01	3.399484e-01	1.070347e+00
123	4.594486e-01	4.745529e-01	1.417196e+00
124	4.700116e-01	5.080644e-01	2.817294e+00
125	4.650737e-01	4.803247e-01	1.164143e+00
126	3.863709e-01	4.358830e-01	2.738153e+00
127	4.752204e-01	6.799821e-01	2.338544e+00
128	4.345680e-01	4.767170e-01	1.282364e+00
129	4.905846e-01	5.288824e-01	2.676600e+00
130	4.340382e-01	4.765526e-01	2.443087e+00
131	7.941939e-01	1.288788e-01	2.375672e+00
132	5.122573e-01	7.068840e-01	1.220811e+00
133	6.427861e-01	5.272392e-01	2.407914e+00
134	4.937688e-01	5.792108e-01	2.277968e+00
135	4.645782e-01	5.443038e-01	2.409868e+00
136	4.949014e-01	5.809819e-01	2.083537e+00
137	5.332260e-01	4.284405e-01	2.286761e+00
138	6.372242e-01	5.265785e-01	1.194431e+00
139	4.755692e-01	5.024139e-01	2.818271e+00
140	4.964004e-01	5.246097e-01	2.827064e+00
141	4.531881e-01	5.097792e-01	1.684905e+00
142	4.651035e-01	5.081022e-01	1.999511e+00
143	4.596611e-01	4.906732e-01	1.956522e+00
144	4.919635e-01	4.207592e-01	2.323889e+00
145	4.752092e-01	4.718245e-01	2.501710e+00
146	4.607351e-01	7.461640e-01	2.395213e+00
147	3.999830e-01	6.116090e-01	2.719590e+00
148	4.726262e-01	5.190865e-01	2.937469e+00
149	5.194255e-01	6.139527e-01	2.803615e+00
150	4.746078e-01	7.230758e-01	1.794333e+00
151	4.826058e-01	5.156639e-01	2.611138e+00
152	4.715863e-01	5.641627e-01	1.724963e+00
153	4.863114e-01	5.148077e-01	1.983879e+00
154	4.685162e-01	5.186135e-01	2.181241e+00
155	4.931250e-01	4.131011e-01	1.295066e+00
156	4.952137e-01	6.444515e-01	1.970200e+00
157	4.538505e-01	5.480091e-01	2.387396e+00
158	3.549568e-01	5.484489e-01	2.386419e+00
159	4.857242e-01	7.480934e-01	2.647289e+00
160	4.911581e-01	5.396957e-01	1.686859e+00
161	4.682039e-01	5.330904e-01	1.553981e+00
162	4.124317e-01	4.958194e-01	1.764045e+00
163	5.163039e-01	7.419326e-01	1.632145e+00
164	4.739186e-01	5.193374e-01	1.235467e+00
165	4.822702e-01	5.314894e-01	2.251588e+00
166	4.556020e-01	5.187178e-01	1.751343e+00
167	3.737963e-01	5.421514e-01	1.715193e+00
168	4.716881e-01	5.195153e-01	2.109917e+00
169	4.666169e-01	4.185141e-01	2.137274e+00
170	5.332961e-01	4.278257e-01	2.099170e+00
171	5.188969e-01	5.926369e-01	2.057157e+00
172	4.511376e-01	5.077375e-01	2.246702e+00
173	4.731013e-01	4.824612e-01	1.894968e+00
174	4.248069e-01	5.620229e-01	2.453835e+00
175	4.841259e-01	5.369237e-01	2.834880e+00
176	5.664009e-01	5.506979e-01	2.215437e+00
177	4.848624e-01	5.373802e-01	2.153884e+00
178	4.686687e-01	5.151878e-01	2.475330e+00
179	4.533730e-01	3.353465e-01	1.274548e+00
180	4.730212e-01	4.982920e-01	2.127504e+00
181	4.826979e-01	5.019690e-01	1.790425e+00
182	4.122179e-01	4.026159e-01	1.736688e+00
183	4.124180e-01	3.682556e-01	1.692721e+00
184	5.242706e-01	5.967806e-01	2.042501e+00
185	4.020883e-01	3.683006e-01	1.468979e+00
186	4.095301e-01	5.108627e-01	1.784563e+00
187	8.707366e-01	7.949569e-01	2.653151e+00
188	4.782641e-01	5.294126e-01	1.839277e+00
189	4.686388e-01	5.138316e-01	1.175867e+00
190	3.993824e-01	4.762551e-01	2.807523e+00
191	3.431716e-01	6.848820e-01	2.811431e+00
192	4.572134e-01	5.351669e-01	1.192477e+00
193	6.618039e-01	5.353279e-01	1.620420e+00
194	5.921078e-01	6.276656e-01	2.624817e+00
195	4.729288e-01	5.205763e-01	2.806546e+00
196	5.436116e-01	6.981386e-01	1.763068e+00
197	4.466763e-01	3.907251e-01	2.060088e+00
198	5.770789e-01	2.570104e-01	2.458720e+00
199	5.306804e-01	5.804541e-01	2.463605e+00
200	5.042257e-01	6.966454e-01	1.141671e+00
201	4.877062e-01	5.212586e-01	1.146556e+00
202	5.253581e-01	6.082003e-01	1.395701e+00
203	4.809127e-01	5.132106e-01	1.755252e+00
204	4.782129e-01	5.743663e-01	2.901319e+00
205	4.024265e-01	3.686199e-01	2.123596e+00
206	4.739920e-01	6.858477e-01	1.652662e+00
207	4.516899e-01	4.652655e-01	1.199316e+00
208	4.453642e-01	4.705745e-01	2.170493e+00
209	4.627836e-01	2.884917e-01	2.733268e+00
210	4.847865e-01	7.193653e-01	1.545188e+00
211	4.880129e-01	5.213361e-01	1.376160e+00
212	4.764418e-01	5.289328e-01	1.621397e+00
213	4.680043e-01	5.307682e-01	1.883244e+00
214	4.630795e-01	5.197442e-01	1.612604e+00
215	4.663910e-01	5.503816e-01	2.909135e+00
216	4.832565e-01	5.320872e-01	1.354665e+00
217	4.844052e-01	5.064455e-01	2.770396e+00
218	5.380300e-01	7.117083e-01	2.148999e+00
219	4.400597e-01	4.951909e-01	2.624817e+00
220	4.455136e-01	5.500407e-01	2.697118e+00
221	4.141252e-01	5.089025e-01	1.938935e+00
222	3.023756e-01	5.226049e-01	1.854910e+00
223	4.542681e-01	3.675233e-01	2.625794e+00
224	4.968867e-01	5.750500e-01	2.984367e+00
225	4.211579e-01	4.134718e-01	2.693210e+00
226	4.837071e-01	5.287591e-01	2.276014e+00
227	5.088925e-01	5.885938e-01	1.245237e+00
228	4.685104e-01	5.101349e-01	1.489497e+00
229	4.636576e-01	5.209986e-01	2.305325e+00
230	4.746485e-01	5.189979e-01	2.689301e+00
231	4.789842e-01	5.371044e-01	1.346849e+00
232	5.200257e-01	5.968701e-01	2.447973e+00
233	4.573670e-01	5.517065e-01	1.591109e+00
234	5.872710e-01	6.078292e-01	1.931119e+00
235	4.690938e-01	5.219852e-01	2.687347e+00
236	4.731213e-01	5.185611e-01	2.787982e+00
237	4.718539e-01	5.120932e-01	1.510015e+00
238	4.739787e-01	5.173927e-01	2.193942e+00
239	4.757032e-01	5.578073e-01	2.918906e+00
240	4.145671e-01	4.552741e-01	1.734734e+00
241	5.017600e-01	5.379659e-01	1.119199e+00
242	4.607694e-01	5.803796e-01	1.631168e+00
243	4.672421e-01	4.848162e-01	1.258915e+00
244	4.746690e-01	5.410997e-01	2.458720e+00
245	4.734937e-01	5.305751e-01	2.134343e+00
246	4.805061e-01	5.216025e-01	2.662921e+00
247	4.608950e-01	4.837624e-01	2.924768e+00
248	4.675333e-01	6.394020e-01	2.983390e+00
249	6.652854e-01	1.581804e-01	2.305325e+00
250	5.387970e-01	3.895610e-01	2.763556e+00
251	6.033900e-01	2.411768e-01	2.374695e+00
252	4.925212e-01	5.121509e-01	1.703468e+00
253	4.733325e-01	7.223837e-01	1.246214e+00
254	5.830311e-01	7.689576e-01	2.925745e+00
255	4.959913e-01	5.366098e-01	1.857841e+00
256	4.793989e-01	5.236117e-01	2.601368e+00
257	4.816226e-01	5.366253e-01	2.413776e+00
258	4.462627e-01	5.312511e-01	2.569126e+00
259	5.661429e-01	5.958617e-01	1.865657e+00
260	4.735302e-01	5.190903e-01	2.574988e+00
261	4.893362e-01	5.273208e-01	1.598925e+00
262	2.463205e-01	4.925526e-01	2.264289e+00
263	4.870577e-01	5.910013e-01	1.176844e+00
264	5.294984e-01	6.258636e-01	1.061553e+00
265	4.859800e-01	5.437337e-01	2.526136e+00
266	5.233638e-01	5.914692e-01	1.928188e+00
267	4.884124e-01	4.898798e-01	2.006351e+00
268	4.836240e-01	5.419796e-01	1.041036e+00
269	4.453698e-01	4.921117e-01	1.793356e+00
270	5.504471e-01	6.215775e-01	1.860772e+00
271	5.282121e-01	4.272795e-01	1.389839e+00
272	4.753231e-01	5.215759e-01	1.052760e+00
273	5.513328e-01	6.189353e-01	1.156326e+00
274	3.815594e-01	2.607512e-01	1.981925e+00
275	4.396851e-01	4.613577e-01	2.256473e+00
276	4.313440e-01	4.703204e-01	2.368832e+00
277	4.637229e-01	5.358422e-01	2.024915e+00
278	4.418822e-01	4.956862e-01	1.266732e+00
279	4.789223e-01	4.680674e-01	1.348803e+00
280	4.920732e-01	6.356432e-01	2.472399e+00
281	4.395530e-01	6.669341e-01	2.288715e+00
282	4.640203e-01	4.348872e-01	2.745970e+00
283	4.783134e-01	5.061377e-01	2.490962e+00
284	4.801422e-01	3.519515e-01	2.515388e+00
285	3.621556e-01	2.255957e-01	1.545188e+00
286	4.625504e-01	4.989228e-01	2.662921e+00
287	4.266279e-01	4.489951e-01	2.264289e+00
288	4.637326e-01	4.719160e-01	2.905227e+00
289	4.772868e-01	6.514275e-01	1.058622e+00
290	4.224909e-01	5.747462e-01	2.152907e+00
291	6.556780e-01	1.657005e-01	2.784074e+00
292	4.699339e-01	5.132867e-01	2.445042e+00
293	5.867605e-01	5.923369e-01	2.852467e+00
294	4.682537e-01	4.293144e-01	2.070835e+00
295	5.129234e-01	4.338177e-01	1.406448e+00
296	4.026249e-01	3.569975e-01	1.751343e+00
297	4.253942e-01	5.676177e-01	2.077675e+00
298	5.266231e-01	6.612711e-01	1.601856e+00
299	4.752581e-01	5.057487e-01	2.048363e+00
300	4.831937e-01	6.472973e-01	2.781143e+00
301	4.715699e-01	5.164941e-01	2.779189e+00
302	5.277533e-01	6.023951e-01	2.617978e+00
303	4.039747e-01	3.460457e-01	1.698583e+00
304	5.783115e-01	6.174036e-01	1.948705e+00
305	4.821959e-01	5.320508e-01	1.416219e+00
306	5.544111e-01	6.920516e-01	1.745481e+00
307	4.867631e-01	5.413981e-01	2.291646e+00
308	1.752736e-01	4.257814e-01	1.868588e+00
309	4.582633e-01	5.183194e-01	2.511480e+00
310	4.660643e-01	5.188979e-01	2.596483e+00
311	5.129564e-01	5.778849e-01	2.855398e+00
312	4.190436e-01	4.682757e-01	1.312653e+00
313	5.107223e-01	5.754784e-01	1.787494e+00
314	4.803040e-01	5.243597e-01	2.252565e+00
315	4.514748e-01	4.835390e-01	1.978017e+00
316	5.173043e-01	4.938808e-01	2.965804e+00
317	4.869765e-01	5.371817e-01	2.221299e+00
318	4.233857e-01	6.902382e-01	1.701514e+00
319	5.333542e-01	6.018077e-01	1.135809e+00
320	4.305880e-01	4.629379e-01	2.997069e+00
321	6.547072e-01	1.624646e-01	2.470445e+00
322	4.726026e-01	3.586760e-01	2.362970e+00
323	4.629673e-01	5.070994e-01	2.553493e+00
324	4.525572e-01	5.357538e-01	1.347826e+00
325	2.304641e-01	1.414129e-01	2.896434e+00
326	4.655544e-01	5.168984e-01	1.857841e+00
327	5.305444e-01	6.108665e-01	1.669272e+00
328	4.941991e-01	5.371294e-01	1.726917e+00
329	4.686702e-01	5.311713e-01	2.604299e+00
330	5.008239e-01	5.821988e-01	2.089399e+00
331	4.322097e-01	5.291657e-01	1.552027e+00
332	4.601117e-01	5.105025e-01	1.769907e+00
333	4.530356e-01	4.872803e-01	1.382022e+00
334	4.232750e-01	4.747935e-01	2.510503e+00
335	4.232103e-01	5.334807e-01	1.640938e+00
336	4.628030e-01	5.011863e-01	2.933561e+00
337	4.832367e-01	4.048453e-01	1.033219e+00
338	4.409288e-01	5.355016e-01	1.408403e+00
339	4.802504e-01	5.389539e-01	2.767465e+00
340	4.823664e-01	5.321419e-01	1.526624e+00
341	5.410613e-01	5.632294e-01	1.456277e+00
342	4.653010e-01	5.332803e-01	1.054714e+00
343	3.822749e-01	4.705658e-01	2.601368e+00
344	3.581273e-01	2.117122e-01	2.193942e+00
345	7.152452e-01	2.564160e-01	2.321935e+00
346	4.601106e-01	4.618112e-01	1.564729e+00
347	4.882832e-01	5.216789e-01	1.679043e+00
348	4.820156e-01	3.280882e-01	2.034685e+00
349	4.608832e-01	5.429154e-01	2.564240e+00
350	4.813757e-01	7.387806e-01	2.311187e+00
351	5.076022e-01	4.947537e-01	1.297997e+00
352	4.861627e-01	5.447614e-01	2.873962e+00
353	4.200494e-01	6.881762e-01	2.202736e+00
354	4.739523e-01	5.184317e-01	2.653151e+00
355	5.297150e-01	6.773168e-01	2.461651e+00
356	4.831083e-01	5.328838e-01	1.679043e+00
357	4.882437e-01	4.864298e-01	2.991207e+00
358	5.793066e-01	5.683071e-01	2.857352e+00
359	4.154680e-01	3.769575e-01	1.913532e+00
360	4.709628e-01	7.337035e-01	1.216903e+00
361	5.013797e-01	3.898964e-01	1.214949e+00
362	4.584738e-01	4.673283e-01	1.005862e+00
363	4.246739e-01	4.652045e-01	2.227162e+00
364	4.817040e-01	5.124660e-01	1.723009e+00
365	4.940234e-01	5.288438e-01	1.491451e+00
366	3.316337e-01	4.542133e-01	1.692721e+00
367	4.605208e-01	5.006231e-01	1.154372e+00
368	4.695085e-01	5.218477e-01	1.851001e+00
369	4.731359e-01	5.187979e-01	2.418661e+00
370	5.298518e-01	4.443864e-01	1.874450e+00
371	4.993478e-01	4.391728e-01	1.591109e+00
372	4.556254e-01	5.175072e-01	2.199805e+00
373	4.915397e-01	3.611344e-01	2.208598e+00
374	3.951823e-01	4.655458e-01	1.322423e+00
375	4.201417e-01	3.752390e-01	2.361016e+00
376	4.615791e-01	3.771525e-01	1.815828e+00
377	4.731392e-01	5.192285e-01	1.328285e+00
378	4.763704e-01	5.350623e-01	1.883244e+00
379	7.733373e-01	8.599332e-01	1.599902e+00
380	5.781205e-01	7.537748e-01	2.343429e+00
381	4.693686e-01	5.000806e-01	1.835369e+00
382	2.300897e-01	7.679667e-01	1.065462e+00
383	6.664284e-01	4.581272e-01	1.698583e+00
384	4.463367e-01	3.376165e-01	2.761602e+00
385	3.177048e-01	4.901640e-01	1.961407e+00
386	5.311765e-01	6.146331e-01	2.449927e+00
387	4.816546e-01	5.362521e-01	2.669761e+00
388	3.889235e-01	5.960362e-01	2.597460e+00
389	4.614650e-01	4.981907e-01	2.960918e+00
390	4.695675e-01	5.122191e-01	1.655594e+00
391	5.291203e-01	5.844744e-01	2.572057e+00
392	4.794041e-01	5.264908e-01	1.234489e+00
393	4.267566e-01	5.148282e-01	1.607719e+00
394	4.775085e-01	5.114665e-01	2.643381e+00
395	5.222572e-01	3.885153e-01	1.233512e+00
396	4.665712e-01	5.016271e-01	2.058134e+00
397	2.843069e-01	4.841943e-01	1.083048e+00
398	5.969297e-01	5.983615e-01	2.453835e+00
399	4.650753e-01	5.609018e-01	2.169516e+00
400	4.214605e-01	4.376188e-01	1.634099e+00
401	3.875672e-01	7.293741e-01	1.314607e+00
402	4.705844e-01	4.558467e-01	2.292623e+00
403	4.662108e-01	7.592390e-01	1.759160e+00
404	5.195261e-01	3.898843e-01	2.942355e+00
405	4.216990e-01	4.046231e-01	1.358574e+00
406	4.741359e-01	4.917465e-01	1.474841e+00
407	4.379199e-01	4.273363e-01	2.850513e+00
408	5.992998e-01	4.674123e-01	2.543723e+00
409	4.648570e-01	5.186117e-01	1.170005e+00
410	4.990996e-01	5.494404e-01	2.011236e+00
411	4.468587e-01	5.632125e-01	2.982413e+00
412	3.653498e-01	4.759875e-01	1.578407e+00
413	4.110317e-01	4.444181e-01	2.904250e+00
414	4.764846e-01	5.191419e-01	2.948217e+00
415	4.699475e-01	5.208547e-01	1.856864e+00
416	5.227016e-01	5.872866e-01	1.780655e+00
417	4.960600e-01	5.148116e-01	1.223742e+00
418	4.560480e-01	5.222929e-01	2.928676e+00
419	4.944667e-01	4.938825e-01	1.055691e+00
420	4.772995e-01	5.463794e-01	2.823156e+00
421	4.731891e-01	5.192371e-01	2.886663e+00
422	4.619302e-01	5.112287e-01	1.391793e+00
423	3.821867e-01	7.550972e-01	1.467025e+00
424	4.567953e-01	4.827905e-01	1.512946e+00
425	4.247581e-01	3.813009e-01	1.960430e+00
426	4.185021e-01	3.837143e-01	2.254519e+00
427	4.610315e-01	3.611264e-01	2.899365e+00
428	4.900679e-01	5.357317e-01	1.247191e+00
429	4.610640e-01	5.433242e-01	1.802149e+00
430	4.609731e-01	5.035733e-01	1.663410e+00
431	4.692385e-01	3.529326e-01	2.556424e+00
432	4.222510e-01	3.927815e-01	2.947240e+00
433	4.781194e-01	5.458179e-01	2.475330e+00
434	4.606372e-01	4.709410e-01	2.923791e+00
435	4.649918e-01	6.007638e-01	2.906204e+00
436	1.090338e-01	8.546010e-01	2.668784e+00
437	4.435459e-01	4.682592e-01	2.476307e+00
438	5.013668e-01	3.854471e-01	2.065950e+00
439	4.740091e-01	5.190103e-01	1.983879e+00
440	4.886155e-01	5.076297e-01	1.637030e+00
441	7.243911e-01	4.535804e-01	1.338056e+00
442	5.101648e-01	6.364753e-01	2.406937e+00
443	5.965543e-01	6.256164e-01	1.422081e+00
444	4.815879e-01	5.222042e-01	2.956033e+00
445	4.757196e-01	5.154568e-01	2.601368e+00
446	5.456292e-01	6.834874e-01	1.846116e+00
447	4.695534e-01	5.081858e-01	1.264778e+00
448	4.180990e-01	4.290432e-01	1.119199e+00
449	5.183396e-01	5.828623e-01	1.956522e+00
450	6.052603e-01	5.970552e-01	2.971666e+00
451	4.702566e-01	5.211455e-01	2.149976e+00
452	3.842729e-01	6.005747e-01	1.574499e+00
453	5.454939e-01	7.091161e-01	1.775769e+00
454	8.149661e-01	6.138603e-01	1.542257e+00
455	4.709018e-01	4.905593e-01	2.984367e+00
456	4.842456e-01	5.577910e-01	1.577430e+00
457	3.655058e-01	4.919432e-01	2.955056e+00
458	5.102062e-01	4.770062e-01	2.865169e+00
459	4.731521e-01	3.885521e-01	1.672203e+00
460	4.397990e-01	4.933020e-01	1.198339e+00
461	3.706486e-01	2.761195e-01	2.513434e+00
462	5.510978e-01	6.849469e-01	1.853933e+00
463	4.355038e-01	4.960795e-01	2.858329e+00
464	5.212212e-01	6.098107e-01	1.574499e+00
465	4.328109e-01	5.947881e-01	1.432829e+00
466	4.648549e-01	5.143039e-01	1.500244e+00
467	3.890276e-01	3.197228e-01	1.323400e+00
468	4.528579e-01	5.181527e-01	2.147044e+00
469	4.575863e-01	5.375982e-01	2.698095e+00
470	4.769528e-01	5.245500e-01	1.364436e+00
471	5.066610e-01	5.419785e-01	2.076698e+00
472	4.698300e-01	5.120825e-01	2.011236e+00
473	4.603116e-01	3.644603e-01	1.215926e+00
474	4.625744e-01	5.189422e-01	2.299463e+00
475	5.217897e-01	4.597829e-01	1.683928e+00
476	5.016724e-01	5.238484e-01	2.081583e+00
477	4.521920e-01	4.832543e-01	2.350269e+00
478	4.644507e-01	4.314787e-01	2.728383e+00
479	4.647941e-01	3.898734e-01	1.194431e+00
480	4.718737e-01	4.737395e-01	2.515388e+00
481	4.910696e-01	3.957340e-01	1.865657e+00
482	4.667098e-01	2.474234e-01	1.802149e+00
483	4.652966e-01	4.704407e-01	1.367367e+00
484	4.580702e-01	4.878103e-01	1.148510e+00
485	4.621386e-01	3.657319e-01	2.427455e+00
486	3.748085e-01	4.349220e-01	2.196873e+00
487	5.019877e-01	4.301560e-01	2.386419e+00
488	4.662239e-01	5.113445e-01	1.294089e+00
489	5.022907e-01	5.319029e-01	1.687836e+00
490	4.297581e-01	5.944799e-01	1.146556e+00
491	5.605489e-01	2.752219e-01	1.597948e+00
492	4.429489e-01	5.405447e-01	2.412799e+00
493	5.725277e-01	5.855872e-01	1.227650e+00
494	5.025522e-01	4.430513e-01	2.522228e+00
495	5.180666e-01	5.912093e-01	1.437714e+00
496	4.724641e-01	4.946855e-01	1.523693e+00
497	4.920707e-01	4.180053e-01	1.221788e+00
498	4.727588e-01	5.983958e-01	1.652662e+00
499	4.497561e-01	4.819317e-01	1.269663e+00
500	4.756994e-01	5.110031e-01	2.967758e+00
501	4.809306e-01	5.150328e-01	2.546654e+00
502	2.046638e-01	4.530030e-01	1.818759e+00
503	4.807171e-01	5.235802e-01	1.919394e+00
504	4.837944e-01	5.086286e-01	2.563263e+00
505	4.910030e-01	6.010672e-01	1.451392e+00
506	5.178534e-01	4.369588e-01	1.718124e+00
507	4.845205e-01	5.477278e-01	1.207132e+00
508	4.822016e-01	5.279912e-01	1.236444e+00
509	5.522222e-01	5.399345e-01	2.622863e+00
510	5.156812e-01	5.277732e-01	2.549585e+00
511	4.767609e-01	5.103612e-01	2.966781e+00
512	4.444517e-01	4.986984e-01	2.395213e+00
513	4.677676e-01	5.172229e-01	1.534441e+00
514	4.332252e-01	3.604837e-01	1.550073e+00
515	5.217859e-01	6.135500e-01	1.610650e+00
516	5.405461e-01	3.016853e-01	1.612604e+00
517	4.791319e-01	5.208080e-01	1.086957e+00
518	5.386216e-01	7.114116e-01	2.282853e+00
519	1.705052e-01	1.427534e-01	1.573522e+00
520	4.667543e-01	4.941438e-01	2.497802e+00
521	4.722441e-01	4.943257e-01	1.752320e+00
522	4.892136e-01	6.220563e-01	1.589155e+00
523	4.515162e-01	4.980372e-01	1.209086e+00
524	5.200304e-01	5.785620e-01	2.755740e+00
525	3.994413e-01	5.495508e-01	1.499267e+00
526	4.684297e-01	5.005050e-01	1.014656e+00
527	4.590637e-01	4.194961e-01	2.891549e+00
528	4.639429e-01	5.040393e-01	2.478261e+00
529	4.697093e-01	6.293233e-01	1.898876e+00
530	4.860657e-01	5.188949e-01	1.188569e+00
531	4.831192e-01	5.333244e-01	2.785051e+00
532	4.761266e-01	5.226938e-01	2.945286e+00
533	5.176037e-01	5.578891e-01	2.458720e+00
534	4.663450e-01	5.381521e-01	2.673669e+00
535	5.075608e-01	5.311576e-01	1.399609e+00
536	4.340792e-01	4.893218e-01	2.604299e+00
537	4.800885e-01	5.186920e-01	1.529555e+00
538	4.716883e-01	5.217066e-01	2.823156e+00
539	4.557272e-01	6.352202e-01	2.826087e+00
540	4.554659e-01	4.916492e-01	2.844651e+00
541	4.514245e-01	5.248883e-01	2.290669e+00
542	4.846612e-01	5.136060e-01	2.570103e+00
543	4.364311e-01	4.966270e-01	2.396190e+00
544	4.787302e-01	5.951479e-01	1.318515e+00
545	4.811182e-01	5.732802e-01	2.605276e+00
546	6.603819e-01	5.559907e-01	2.683439e+00
547	3.864237e-01	4.355872e-01	1.587201e+00
548	4.643346e-01	4.127098e-01	1.375183e+00
549	5.088505e-01	5.910737e-01	2.298486e+00
550	4.785775e-01	3.244047e-01	1.285296e+00
551	4.664071e-01	5.238869e-01	2.983390e+00
552	3.758340e-01	4.499371e-01	1.195408e+00
553	4.752286e-01	5.187706e-01	2.414753e+00
554	3.965824e-01	7.244420e-01	1.843185e+00
555	3.371464e-01	4.687148e-01	2.396190e+00
556	6.131915e-01	5.454663e-01	3.000000e+00
557	4.479151e-01	5.091495e-01	2.728383e+00
558	5.546856e-01	5.546154e-01	1.133854e+00
559	4.680776e-01	5.065053e-01	1.944797e+00
560	4.535820e-01	5.581505e-01	2.883732e+00
561	5.525683e-01	6.940397e-01	2.383488e+00
562	3.732875e-01	5.341068e-01	2.506595e+00
563	4.651697e-01	5.023196e-01	1.786517e+00
564	4.766886e-01	5.962878e-01	2.893503e+00
565	4.762856e-01	5.286582e-01	2.981436e+00
566	4.806703e-01	6.190738e-01	2.663898e+00
567	4.819774e-01	4.946917e-01	2.227162e+00
568	4.667694e-01	5.226704e-01	1.527601e+00
569	4.933600e-01	4.109942e-01	2.610161e+00
570	5.636354e-01	2.894506e-01	1.058622e+00
571	4.781827e-01	5.270249e-01	2.782120e+00
572	4.463608e-01	6.149072e-01	1.518808e+00
573	4.523649e-01	5.145488e-01	2.109917e+00
574	4.437423e-01	4.777379e-01	2.074744e+00
575	4.881812e-01	5.300800e-01	2.319003e+00
576	4.488077e-01	6.316684e-01	1.290181e+00
577	4.269789e-01	5.024847e-01	1.286273e+00
578	4.718089e-01	4.739383e-01	1.881290e+00
579	4.836856e-01	5.490826e-01	1.664387e+00
580	2.273889e-01	9.000593e-01	1.242306e+00
581	4.388837e-01	5.416087e-01	1.927211e+00
582	4.727663e-01	5.168823e-01	2.820225e+00
583	4.772647e-01	7.605236e-01	2.792868e+00
584	4.574876e-01	5.260236e-01	1.201270e+00
585	5.356917e-01	6.007256e-01	1.898876e+00
586	4.733129e-01	5.208388e-01	1.782609e+00
587	4.732140e-01	4.905032e-01	1.561798e+00
588	4.748050e-01	5.194716e-01	2.282853e+00
589	4.916017e-01	5.549380e-01	2.210552e+00
590	5.277484e-01	5.400642e-01	1.020518e+00
591	4.692247e-01	5.097656e-01	1.784563e+00
592	4.763820e-01	5.231537e-01	1.275525e+00
593	4.805911e-01	5.223931e-01	1.212995e+00
594	5.715468e-01	5.922253e-01	2.964827e+00
595	4.903820e-01	5.401781e-01	2.079629e+00
596	5.529039e-01	2.953551e-01	1.187592e+00
597	4.976327e-01	5.613252e-01	1.258915e+00
598	4.985070e-01	5.782419e-01	1.999511e+00
599	4.734105e-01	5.209171e-01	1.264778e+00
600	4.524467e-01	4.842118e-01	1.110405e+00
601	4.114177e-01	2.414404e-01	1.107474e+00
602	4.204852e-01	7.274526e-01	1.070347e+00
603	4.796940e-01	5.083723e-01	2.400098e+00
604	4.656263e-01	4.720911e-01	2.871031e+00
605	4.745518e-01	5.286242e-01	2.739130e+00
606	4.538163e-01	5.495362e-01	2.061065e+00
607	4.673147e-01	2.917282e-01	1.073278e+00
608	4.882079e-01	5.303395e-01	2.799707e+00
609	4.640226e-01	4.835960e-01	2.010259e+00
610	4.523236e-01	5.166784e-01	1.700537e+00
611	4.749882e-01	5.161731e-01	1.339033e+00
612	5.820374e-01	5.704369e-01	2.227162e+00
613	6.207462e-01	5.751750e-01	2.482169e+00
614	4.438981e-01	5.370316e-01	2.958964e+00
615	5.137416e-01	4.803257e-01	1.443576e+00
616	4.440931e-01	5.579303e-01	2.381534e+00
617	4.446549e-01	6.948757e-01	1.971177e+00
618	4.832426e-01	5.330531e-01	2.960918e+00
619	2.578372e-01	1.092209e-01	1.812897e+00
620	4.023088e-01	4.078863e-01	1.170982e+00
621	4.576904e-01	5.343426e-01	1.277479e+00
622	5.438967e-01	3.134194e-01	1.176844e+00
623	5.987136e-01	6.108679e-01	1.636053e+00
624	5.258158e-01	5.991399e-01	2.336590e+00
625	5.166281e-01	4.582395e-01	1.343918e+00
626	4.527825e-01	5.058039e-01	1.905716e+00
627	4.343343e-01	5.838317e-01	1.784563e+00
628	4.630173e-01	4.949171e-01	2.063996e+00
629	4.789136e-01	5.157192e-01	2.497802e+00
630	5.869060e-01	5.623516e-01	2.870054e+00
631	5.215852e-01	5.464396e-01	1.729849e+00
632	4.779806e-01	5.629975e-01	2.290669e+00
633	4.731004e-01	5.201844e-01	2.841720e+00
634	4.727814e-01	5.208023e-01	2.195896e+00
635	4.808512e-01	6.193608e-01	1.601856e+00
636	4.350339e-01	4.462152e-01	2.449927e+00
637	4.980752e-01	4.952899e-01	1.462140e+00
638	4.731955e-01	5.176128e-01	2.041524e+00
639	4.730127e-01	5.191224e-01	2.061065e+00
640	4.426625e-01	2.632398e-01	2.130435e+00
641	4.017524e-01	2.822683e-01	2.205667e+00
642	4.774316e-01	5.290879e-01	2.184172e+00
643	4.213313e-01	5.705022e-01	2.747924e+00
644	4.871313e-01	3.704942e-01	2.909135e+00
645	4.825082e-01	5.241275e-01	2.777235e+00
646	4.763931e-01	5.762130e-01	1.295066e+00
647	4.758076e-01	5.077495e-01	1.050806e+00
648	4.252155e-01	4.724965e-01	1.191500e+00
649	4.922353e-01	5.358278e-01	1.198339e+00
650	4.419860e-01	5.272585e-01	2.656082e+00
651	4.381016e-01	5.013675e-01	1.692721e+00
652	4.108987e-01	2.583034e-01	2.330728e+00
653	4.927551e-01	5.475803e-01	1.906693e+00
654	4.923661e-01	5.380345e-01	2.192965e+00
655	4.667008e-01	4.660683e-01	1.200293e+00
656	4.690285e-01	5.301830e-01	2.361016e+00
657	4.777850e-01	4.802080e-01	2.080606e+00
658	4.732061e-01	5.142951e-01	2.017098e+00
659	5.294636e-01	5.196534e-01	2.191011e+00
660	4.385507e-01	4.346150e-01	1.667318e+00
661	4.773162e-01	4.796150e-01	2.229116e+00
662	6.629357e-01	6.605078e-01	1.188569e+00
663	4.557594e-01	5.388114e-01	2.714704e+00
664	4.745915e-01	4.818795e-01	1.979971e+00
665	4.626645e-01	4.288057e-01	2.954079e+00
666	4.913468e-01	2.041628e-01	1.803127e+00
667	4.658300e-01	5.011103e-01	1.039082e+00
668	2.334535e-01	5.406332e-01	1.893014e+00
669	4.558913e-01	3.667115e-01	1.778701e+00
670	2.368143e-01	8.410735e-01	1.807035e+00
671	5.020835e-01	5.926859e-01	1.102589e+00
672	7.065112e-01	6.245375e-01	1.879336e+00
673	5.061853e-01	5.064658e-01	1.984856e+00
674	4.727294e-01	5.186267e-01	2.238886e+00
675	4.397284e-01	4.708277e-01	2.868100e+00
676	4.714367e-01	5.280616e-01	2.748901e+00
677	4.483887e-01	6.580032e-01	1.578407e+00
678	4.549061e-01	4.750969e-01	1.621397e+00
679	4.775685e-01	5.196755e-01	2.657059e+00
680	4.766764e-01	5.435423e-01	2.404983e+00
681	4.776173e-01	5.949413e-01	2.272106e+00
682	4.731882e-01	5.516604e-01	1.463117e+00
683	4.827650e-01	5.480368e-01	2.316072e+00
684	4.752225e-01	5.289869e-01	2.334636e+00
685	4.823943e-01	4.568705e-01	1.365413e+00
686	4.987891e-01	3.564170e-01	2.105032e+00
687	5.559847e-01	5.987431e-01	1.339033e+00
688	5.024528e-01	5.381391e-01	2.932584e+00
689	4.640871e-01	5.199855e-01	2.378603e+00
690	4.762981e-01	5.251839e-01	1.833415e+00
691	6.232691e-01	5.563069e-01	1.663410e+00
692	5.023714e-01	5.115863e-01	2.251588e+00
693	4.789132e-01	3.737985e-01	1.766976e+00
694	4.666214e-01	6.776173e-01	1.575476e+00
695	4.932195e-01	3.885761e-01	2.771373e+00
696	4.772986e-01	5.175552e-01	2.787005e+00
697	4.842552e-01	5.230765e-01	1.959453e+00
698	4.391240e-01	4.854041e-01	2.187103e+00
699	4.731521e-01	5.194282e-01	2.430386e+00
700	4.148639e-01	4.389905e-01	2.679531e+00
701	4.829106e-01	4.657252e-01	2.191988e+00
702	4.150228e-01	4.343339e-01	2.945286e+00
703	4.810391e-01	5.030607e-01	2.793845e+00
704	4.728519e-01	4.990500e-01	2.132389e+00
705	4.807098e-01	7.617221e-01	1.627259e+00
706	4.604727e-01	5.112649e-01	1.623351e+00
707	4.753023e-01	5.136653e-01	2.772350e+00
708	4.671918e-01	5.047022e-01	1.552027e+00
709	3.136007e-01	5.199945e-01	1.180752e+00
710	4.729763e-01	5.264521e-01	1.632145e+00
711	1.802272e-01	2.137248e-01	1.680997e+00
712	4.722474e-01	3.296322e-01	2.828041e+00
713	3.081943e-01	5.516477e-01	1.703468e+00
714	4.949611e-01	5.812255e-01	1.471910e+00
715	4.717809e-01	5.583799e-01	2.368832e+00
716	5.001956e-01	5.308861e-01	1.961407e+00
717	4.731333e-01	5.198287e-01	1.756229e+00
718	4.392123e-01	4.744402e-01	2.987298e+00
719	4.795616e-01	5.154068e-01	2.332682e+00
720	4.800146e-01	5.208470e-01	1.097704e+00
721	4.308241e-01	3.702551e-01	1.954568e+00
722	4.744994e-01	5.174743e-01	1.704446e+00
723	4.724609e-01	5.187507e-01	1.853933e+00
724	4.148007e-01	4.321342e-01	2.829995e+00
725	5.118088e-01	4.568223e-01	2.232047e+00
726	4.739509e-01	5.145840e-01	2.587689e+00
727	3.138604e-01	5.686157e-01	2.698095e+00
728	4.260885e-01	2.581972e-01	1.896922e+00
729	3.908274e-01	4.197711e-01	1.212995e+00
730	2.190740e-01	4.383819e-01	1.502198e+00
731	4.685101e-01	5.169949e-01	2.614069e+00
732	5.006903e-01	4.364088e-01	2.880801e+00
733	4.832415e-01	5.029556e-01	1.956522e+00
734	4.558552e-01	4.901905e-01	2.745970e+00
735	2.094368e-01	8.696656e-01	1.179775e+00
736	5.350356e-01	4.212043e-01	1.935027e+00
737	4.890576e-01	5.279257e-01	1.975085e+00
738	4.593779e-01	4.789662e-01	1.067416e+00
739	5.029446e-01	4.815812e-01	2.024915e+00
740	4.718577e-01	6.790216e-01	2.810454e+00
741	4.628428e-01	4.810344e-01	2.428432e+00
742	4.920509e-01	5.060406e-01	1.957499e+00
743	4.022875e-01	3.401770e-01	2.306302e+00
744	4.976575e-01	5.148619e-01	2.557401e+00
745	4.710957e-01	4.904893e-01	1.243283e+00
746	4.844493e-01	5.689620e-01	2.429409e+00
747	4.860911e-01	5.281945e-01	2.523205e+00
748	4.080011e-01	3.419811e-01	2.842697e+00
749	4.731508e-01	5.196386e-01	2.247680e+00
750	4.859155e-01	5.766311e-01	2.000489e+00
751	4.751920e-01	5.303653e-01	2.446019e+00
752	4.696208e-01	5.157314e-01	2.360039e+00
753	4.213185e-01	3.269046e-01	2.567171e+00
754	4.688952e-01	5.322618e-01	2.415730e+00
755	4.933498e-01	5.161401e-01	1.989741e+00
756	4.730441e-01	5.142977e-01	2.908158e+00
757	5.645564e-01	7.497743e-01	2.731314e+00
758	4.721200e-01	5.191624e-01	2.544700e+00
759	4.724248e-01	5.168871e-01	2.890572e+00
760	4.729119e-01	5.167951e-01	1.654617e+00
761	4.706960e-01	5.201101e-01	1.008793e+00
762	4.712711e-01	4.859576e-01	1.260870e+00
763	4.494193e-01	6.172407e-01	1.347826e+00
764	4.685736e-01	5.166686e-01	1.325354e+00
765	4.861286e-01	5.116496e-01	1.420127e+00
766	4.156121e-01	3.281079e-01	2.845628e+00
767	4.828130e-01	5.084431e-01	1.853933e+00
768	4.764886e-01	5.287313e-01	1.303859e+00
769	4.646324e-01	4.690103e-01	1.294089e+00
770	4.518057e-01	5.321298e-01	1.675134e+00
771	5.581215e-01	5.050614e-01	2.417684e+00
772	4.540331e-01	4.877432e-01	2.053249e+00
773	4.588894e-01	5.144650e-01	1.276502e+00
774	5.603817e-01	7.116062e-01	2.779189e+00
775	4.526357e-01	2.483031e-01	1.984856e+00
776	3.614376e-01	7.545836e-01	2.295554e+00
777	4.770381e-01	5.230469e-01	1.652662e+00
778	4.957262e-01	5.429561e-01	2.464582e+00
779	4.684616e-01	5.168494e-01	1.763068e+00
780	5.170674e-01	6.061644e-01	2.026869e+00
781	4.660432e-01	7.011213e-01	1.160234e+00
782	3.184056e-01	5.318733e-01	2.302394e+00
783	4.785027e-01	4.910938e-01	1.384954e+00
784	4.739282e-01	4.268946e-01	2.598437e+00
785	4.699393e-01	6.219432e-01	2.130435e+00
786	4.560097e-01	5.190092e-01	1.690767e+00
787	4.495086e-01	5.260446e-01	1.940889e+00
788	4.669555e-01	5.028556e-01	2.099170e+00
