222
0	4.869150e-01	1.792171e-01	1.398632e+00
7	4.932255e-01	4.866736e-01	2.705911e+00
15	5.936152e-01	7.116772e-02	1.306790e+00
17	4.163383e-01	1.903796e-02	1.195408e+00
18	1.822630e-01	7.671269e-02	1.785540e+00
20	6.523443e-01	7.285198e-02	1.863703e+00
28	2.285823e-01	5.375653e-01	2.205667e+00
29	1.310353e-01	6.788475e-02	2.181241e+00
30	6.276699e-01	2.037687e-01	1.475818e+00
33	4.334768e-01	7.254110e-01	2.331705e+00
40	1.496086e-01	6.486773e-01	1.282364e+00
43	6.773077e-01	2.935740e-02	2.557401e+00
48	4.750376e-01	6.807791e-02	2.751832e+00
53	1.582638e-01	2.676432e-01	1.506106e+00
65	6.626979e-01	3.741298e-03	2.575965e+00
72	4.039156e-02	6.611947e-02	1.412311e+00
74	4.029751e-01	7.806075e-01	1.449438e+00
80	6.341722e-01	5.873681e-02	2.736199e+00
81	7.076668e-01	5.181660e-02	1.617489e+00
82	3.508577e-01	3.059191e-01	2.456766e+00
83	9.686999e-01	9.917948e-01	1.406448e+00
90	5.160575e-01	2.558038e-02	1.538349e+00
94	5.934938e-01	1.647994e-02	2.125550e+00
95	3.556002e-01	7.721422e-02	2.148999e+00
99	4.023065e-01	3.841038e-01	1.753298e+00
110	6.404211e-01	3.277809e-02	1.905716e+00
112	9.465168e-01	3.650378e-01	1.549096e+00
114	6.561270e-01	6.210595e-02	1.261847e+00
115	2.169375e-01	8.037980e-02	1.308745e+00
116	3.615935e-01	3.278824e-01	1.148510e+00
118	5.119456e-01	2.180898e-02	2.988276e+00
121	5.122714e-01	2.605991e-02	2.442110e+00
126	4.242337e-01	3.038907e-03	2.738153e+00
127	5.589994e-01	8.334893e-01	2.338544e+00
131	2.771749e-01	2.340657e-01	2.375672e+00
134	2.881554e-01	1.915898e-02	2.277968e+00
140	5.354619e-01	4.997627e-02	2.827064e+00
141	6.394568e-01	5.179588e-02	1.684905e+00
142	6.566500e-01	2.501326e-02	1.999511e+00
145	6.817426e-01	4.309598e-02	2.501710e+00
147	4.703278e-01	1.027899e-01	2.719590e+00
151	2.784542e-01	3.711417e-01	2.611138e+00
158	1.490448e-01	4.641520e-02	2.386419e+00
159	3.909439e-01	5.671875e-01	2.647289e+00
163	4.781074e-01	6.678217e-01	1.632145e+00
164	6.240532e-01	1.007196e-01	1.235467e+00
165	5.831005e-01	3.929370e-02	2.251588e+00
174	8.185559e-01	4.127986e-02	2.453835e+00
176	3.396513e-01	4.578848e-01	2.215437e+00
180	3.205928e-01	1.178082e-01	2.127504e+00
187	6.913474e-01	6.569008e-01	2.653151e+00
190	4.102671e-01	1.555071e-01	2.807523e+00
191	3.696831e-01	7.795541e-01	2.811431e+00
192	3.453327e-01	9.949274e-02	1.192477e+00
197	4.388686e-01	6.696210e-01	2.060088e+00
210	3.724877e-01	5.879869e-01	1.545188e+00
212	9.412651e-02	2.747466e-01	1.621397e+00
214	5.585294e-01	1.837331e-02	1.612604e+00
217	6.825660e-01	2.606890e-02	2.770396e+00
220	3.915789e-01	1.553008e-01	2.697118e+00
229	8.651388e-02	2.785671e-01	2.305325e+00
244	6.080990e-01	6.492737e-02	2.458720e+00
245	3.633820e-01	1.690878e-01	2.134343e+00
246	5.835350e-01	8.370848e-02	2.662921e+00
249	3.043046e-01	2.582286e-01	2.305325e+00
250	2.539339e-01	3.684668e-01	2.763556e+00
251	3.318277e-01	2.250198e-01	2.374695e+00
257	2.441530e-01	1.234147e-01	2.413776e+00
258	3.053177e-01	1.714207e-01	2.569126e+00
262	7.495730e-02	9.950462e-01	2.264289e+00
266	2.784828e-01	2.404332e-02	1.928188e+00
269	4.944761e-01	4.549585e-02	1.793356e+00
272	4.816956e-01	2.546792e-01	1.052760e+00
276	2.887426e-01	7.855082e-02	2.368832e+00
279	1.006641e-01	1.133734e-01	1.348803e+00
283	1.561330e-01	6.552017e-01	2.490962e+00
288	4.506398e-01	3.948509e-01	2.905227e+00
290	4.658683e-01	1.600404e-02	2.152907e+00
291	2.322046e-01	2.359541e-01	2.784074e+00
292	5.858357e-01	6.900427e-02	2.445042e+00
293	9.400796e-01	8.449731e-03	2.852467e+00
299	4.278704e-02	9.522847e-01	2.048363e+00
305	5.875611e-01	3.551999e-02	1.416219e+00
306	5.315662e-01	8.329982e-01	1.745481e+00
308	4.075775e-01	3.790487e-01	1.868588e+00
311	5.394077e-01	5.294736e-02	2.855398e+00
314	6.168977e-01	7.840978e-02	2.252565e+00
318	3.483604e-01	7.139990e-01	1.701514e+00
319	3.904134e-01	1.254758e-01	1.135809e+00
321	3.755834e-01	3.455337e-01	2.470445e+00
325	2.837613e-01	2.598288e-01	2.896434e+00
340	6.317896e-01	2.969484e-02	1.526624e+00
342	6.933209e-01	9.030163e-02	1.054714e+00
345	1.611267e-01	5.990647e-02	2.321935e+00
346	4.483324e-01	1.561691e-01	1.564729e+00
347	2.589813e-01	3.655043e-01	1.679043e+00
350	5.299777e-01	7.226634e-01	2.311187e+00
355	5.415230e-01	8.302018e-01	2.461651e+00
357	3.998215e-01	4.356676e-01	2.991207e+00
358	3.120646e-01	6.531363e-02	2.857352e+00
366	1.811116e-01	6.444977e-01	1.692721e+00
367	5.495747e-01	9.296006e-02	1.154372e+00
376	3.950587e-01	1.817571e-01	1.815828e+00
377	6.114519e-01	5.639389e-02	1.328285e+00
379	6.699256e-01	6.569870e-01	1.599902e+00
380	8.029949e-01	5.400071e-01	2.343429e+00
381	1.264922e-01	2.863038e-01	1.835369e+00
382	2.511175e-01	7.438907e-01	1.065462e+00
384	3.921950e-01	2.165899e-01	2.761602e+00
386	5.028120e-01	9.749942e-02	2.449927e+00
387	6.143629e-01	6.942735e-02	2.669761e+00
389	3.603436e-01	5.466756e-01	2.960918e+00
396	9.264537e-01	3.543248e-01	2.058134e+00
398	9.061900e-01	3.085124e-01	2.453835e+00
400	6.099171e-01	1.476506e-03	1.634099e+00
407	3.950101e-01	6.059443e-01	2.850513e+00
408	3.636376e-02	1.706832e-02	2.543723e+00
410	6.390778e-01	2.579783e-02	2.011236e+00
411	5.764490e-01	4.846992e-01	2.982413e+00
412	7.397004e-01	1.909387e-01	1.578407e+00
416	7.605219e-02	1.621270e-01	1.780655e+00
417	2.679046e-01	3.533871e-01	1.223742e+00
418	5.870890e-01	1.046941e-02	2.928676e+00
419	4.687237e-01	7.681773e-02	1.055691e+00
425	4.027277e-01	5.915216e-01	1.960430e+00
426	4.027559e-01	5.904210e-01	2.254519e+00
429	3.606267e-01	5.705401e-02	1.802149e+00
432	4.040500e-01	5.881102e-01	2.947240e+00
436	2.133950e-01	7.845026e-01	2.668784e+00
438	1.084745e-01	1.181433e-01	2.065950e+00
440	4.497071e-01	4.122113e-01	1.637030e+00
441	1.021243e-01	2.076553e-01	1.338056e+00
448	2.674152e-01	7.821842e-02	1.119199e+00
452	5.298623e-01	2.496968e-01	1.574499e+00
454	2.395207e-01	1.573643e-01	1.542257e+00
458	7.566870e-01	2.039799e-01	2.865169e+00
474	5.816731e-01	7.871434e-02	2.299463e+00
478	4.477668e-01	5.192025e-01	2.728383e+00
483	4.339810e-01	1.949242e-02	1.367367e+00
486	5.984825e-01	8.296355e-03	2.196873e+00
491	2.589447e-01	5.089974e-01	1.597948e+00
492	3.357898e-01	6.526997e-02	2.412799e+00
498	1.969314e-02	3.651364e-02	1.652662e+00
504	6.814679e-01	2.664717e-02	2.563263e+00
506	1.784219e-01	3.107817e-01	1.718124e+00
510	3.924498e-01	5.550192e-01	2.549585e+00
519	3.125799e-01	2.346888e-01	1.573522e+00
520	6.249725e-01	7.847262e-02	2.497802e+00
521	5.321329e-01	1.053767e-01	1.752320e+00
522	4.598986e-01	6.440466e-01	1.589155e+00
524	2.879593e-01	3.299272e-05	2.755740e+00
525	1.585467e-01	2.790572e-02	1.499267e+00
527	6.977188e-01	2.801065e-02	2.891549e+00
530	6.410526e-01	9.341969e-03	1.188569e+00
533	6.992530e-01	4.968482e-02	2.458720e+00
534	4.062042e-01	1.460192e-01	2.673669e+00
541	4.214454e-01	5.296540e-01	2.290669e+00
543	4.749534e-01	2.865426e-02	2.396190e+00
544	4.696372e-01	5.514964e-01	1.318515e+00
547	1.084289e-01	1.677132e-02	1.587201e+00
548	4.170055e-01	1.549635e-01	1.375183e+00
551	5.485076e-01	4.773099e-02	2.983390e+00
555	4.024391e-01	5.523329e-01	2.396190e+00
557	6.411839e-01	5.405818e-02	2.728383e+00
560	4.530774e-01	1.185755e-01	2.883732e+00
563	8.027700e-02	2.513377e-01	1.786517e+00
564	4.589374e-01	4.567117e-01	2.893503e+00
567	3.851469e-01	4.824455e-02	2.227162e+00
568	2.875431e-01	3.758867e-01	1.527601e+00
573	6.433570e-01	4.438007e-02	2.109917e+00
578	9.249239e-01	5.729894e-01	1.881290e+00
579	8.288330e-01	3.989251e-01	1.664387e+00
580	2.490590e-01	7.094083e-01	1.242306e+00
581	3.060146e-01	6.404291e-02	1.927211e+00
583	5.112137e-01	6.938469e-01	2.792868e+00
588	5.922966e-01	4.712665e-02	2.282853e+00
597	4.076596e-01	5.312898e-01	1.258915e+00
600	5.976557e-01	2.468406e-03	1.110405e+00
607	3.309171e-01	1.438943e-01	1.073278e+00
614	5.196345e-01	3.727186e-02	2.958964e+00
616	4.545198e-01	7.685601e-02	2.381534e+00
619	2.739264e-01	2.673611e-01	1.812897e+00
621	3.013466e-01	1.205889e-01	1.277479e+00
622	3.587593e-01	4.614634e-01	1.176844e+00
636	4.436796e-01	4.190790e-01	2.449927e+00
643	3.507298e-01	6.100461e-03	2.747924e+00
650	1.906990e-01	5.612944e-01	2.656082e+00
656	6.817039e-01	2.564116e-02	2.361016e+00
658	5.331548e-01	2.792016e-02	2.017098e+00
660	3.985219e-01	6.048667e-01	1.667318e+00
668	5.010640e-01	4.023070e-01	1.893014e+00
670	2.453999e-01	7.606073e-01	1.807035e+00
675	4.074799e-01	5.558801e-01	2.868100e+00
682	8.372295e-02	6.884973e-02	1.463117e+00
687	4.010967e-01	1.429842e-01	1.339033e+00
694	5.561354e-01	8.257254e-01	1.575476e+00
696	2.756428e-01	3.825576e-01	2.787005e+00
703	6.839544e-01	2.051706e-02	2.793845e+00
705	3.769111e-01	6.112296e-01	1.627259e+00
706	5.189078e-01	5.094462e-02	1.623351e+00
708	6.572255e-01	5.826801e-02	1.552027e+00
710	3.696842e-01	5.208944e-01	1.632145e+00
711	3.262720e-01	2.095089e-01	1.680997e+00
718	5.860233e-01	9.813513e-02	2.987298e+00
719	5.320311e-01	2.692797e-02	2.332682e+00
726	9.352824e-02	4.129550e-02	2.587689e+00
735	2.356516e-01	7.817783e-01	1.179775e+00
739	8.592468e-02	1.293628e-01	2.024915e+00
740	5.547145e-01	8.229605e-01	2.810454e+00
744	5.890758e-01	4.327834e-02	2.557401e+00
745	4.642718e-01	5.859100e-01	1.243283e+00
748	6.779386e-01	2.920626e-02	2.842697e+00
761	3.624055e-01	1.177604e-01	1.008793e+00
762	8.152109e-02	6.634048e-02	1.260870e+00
764	6.677763e-01	3.700612e-03	1.325354e+00
767	3.648741e-01	4.410971e-02	1.853933e+00
770	7.586857e-01	3.732483e-01	1.675134e+00
772	6.137693e-01	7.655323e-02	2.053249e+00
780	3.216821e-01	2.539703e-02	2.026869e+00
783	1.767622e-01	3.027865e-01	1.384954e+00
786	4.156208e-01	1.389079e-01	1.690767e+00
787	2.704185e-01	1.676966e-01	1.940889e+00
