768
0	3.115345e-02	2.127281e-01	1.398632e+00
1	4.415079e-01	4.078987e-01	1.108451e+00
2	3.974065e-01	4.735426e-01	2.925745e+00
3	4.323817e-01	4.494943e-01	2.732291e+00
4	5.378624e-01	6.300461e-01	1.257938e+00
5	4.546527e-01	4.909532e-01	2.424524e+00
6	8.273456e-01	9.866183e-01	1.383000e+00
7	4.495630e-01	4.923286e-01	2.705911e+00
8	4.245680e-01	4.882333e-01	2.442110e+00
9	4.622726e-01	5.099323e-01	2.233024e+00
10	4.713282e-01	4.928809e-01	2.376649e+00
11	4.677914e-01	5.111021e-01	1.556913e+00
12	5.290940e-01	6.050147e-01	2.950171e+00
13	4.653254e-01	5.032603e-01	1.066439e+00
14	4.673504e-01	5.068055e-01	1.626282e+00
15	5.280352e-01	4.851980e-01	1.306790e+00
16	4.646268e-01	5.103427e-01	2.902296e+00
17	6.775891e-01	3.878459e-01	1.195408e+00
18	4.529177e-01	5.391881e-01	1.785540e+00
19	4.370382e-01	4.677678e-01	1.248168e+00
20	5.009312e-01	5.069578e-01	1.863703e+00
21	4.714479e-01	4.879314e-01	2.671715e+00
22	4.670546e-01	5.186378e-01	2.487054e+00
23	4.088376e-01	3.181569e-01	1.946751e+00
24	6.102989e-01	5.669421e-01	1.303859e+00
25	7.748380e-01	7.201160e-01	2.152907e+00
26	4.523408e-01	5.232154e-01	1.388862e+00
27	4.440104e-01	4.783697e-01	1.591109e+00
28	4.617501e-01	5.263138e-01	2.205667e+00
29	4.930723e-01	5.449622e-01	2.181241e+00
30	3.187646e-01	4.919453e-01	1.475818e+00
31	5.467205e-01	5.152241e-01	2.309233e+00
32	4.638899e-01	5.290626e-01	2.073766e+00
33	3.962936e-01	4.508523e-01	2.331705e+00
34	4.402712e-01	4.724605e-01	1.126038e+00
35	4.421056e-01	2.559341e-01	2.235955e+00
36	2.219090e-01	4.781595e-01	2.805569e+00
37	3.470781e-01	4.166600e-01	2.555447e+00
38	4.801375e-01	5.395870e-01	2.559355e+00
39	4.695403e-01	5.104253e-01	1.895945e+00
40	4.641548e-01	4.833664e-01	1.282364e+00
41	4.228620e-01	3.626739e-01	2.750855e+00
42	4.616754e-01	5.110972e-01	2.412799e+00
43	4.730862e-01	5.075833e-01	2.557401e+00
44	6.012033e-01	5.665779e-01	1.648754e+00
45	4.145628e-01	5.250090e-01	1.721055e+00
46	5.207988e-01	5.676817e-01	2.588666e+00
47	4.445896e-01	5.154941e-01	1.525647e+00
48	4.729127e-01	5.107795e-01	2.751832e+00
49	4.741941e-01	7.441763e-01	2.625794e+00
50	5.419049e-01	5.610694e-01	1.663410e+00
51	4.619919e-01	5.049335e-01	2.560332e+00
52	4.837903e-01	5.271589e-01	1.696629e+00
53	4.595090e-01	5.155133e-01	1.506106e+00
54	4.656024e-01	5.086116e-01	2.675623e+00
55	4.025835e-01	4.595747e-01	2.497802e+00
56	3.698499e-01	4.266774e-01	1.031265e+00
57	4.785170e-01	5.486052e-01	2.361993e+00
58	3.911905e-01	4.918534e-01	1.866634e+00
60	5.610004e-01	6.194539e-01	1.503175e+00
61	5.290887e-01	4.962978e-01	2.449927e+00
62	4.477450e-01	4.890179e-01	2.831949e+00
63	4.656722e-01	5.003233e-01	2.317049e+00
64	4.609429e-01	5.281907e-01	2.353200e+00
65	4.659064e-01	5.119062e-01	2.575965e+00
66	5.104518e-01	5.629289e-01	2.922814e+00
67	4.623635e-01	4.779934e-01	2.289692e+00
68	5.529966e-01	5.638596e-01	2.766488e+00
69	3.606394e-01	5.097680e-01	1.522716e+00
70	4.905467e-01	4.506572e-01	2.769419e+00
71	4.360754e-01	4.886140e-01	1.110405e+00
72	4.604997e-01	4.333075e-01	1.412311e+00
73	5.200190e-01	3.127171e-01	1.951637e+00
74	3.334294e-01	6.526663e-01	1.449438e+00
75	4.681917e-01	6.808491e-01	2.176356e+00
76	4.937094e-01	5.217524e-01	1.212995e+00
77	4.351591e-01	5.109219e-01	1.872496e+00
78	4.815549e-01	5.395351e-01	1.606742e+00
79	5.692591e-01	5.422006e-01	1.183683e+00
80	5.373245e-01	5.507040e-01	2.736199e+00
81	4.642360e-01	5.132824e-01	1.617489e+00
82	4.102897e-01	4.263040e-01	2.456766e+00
83	4.499753e-01	3.543495e-01	1.406448e+00
84	5.262753e-01	7.020122e-01	2.453835e+00
85	4.665616e-01	5.090185e-01	2.712750e+00
86	4.611011e-01	5.046379e-01	2.877870e+00
87	3.899157e-01	3.219463e-01	1.533464e+00
88	5.845719e-01	6.806495e-01	2.169516e+00
89	4.979692e-01	6.680514e-01	2.483146e+00
90	5.037632e-01	6.197820e-01	1.538349e+00
91	4.698449e-01	4.885114e-01	1.117245e+00
92	4.700678e-01	5.105810e-01	2.709819e+00
93	4.467936e-01	5.064780e-01	2.929653e+00
94	6.299183e-01	5.531235e-01	2.125550e+00
95	3.834041e-01	5.424268e-01	2.148999e+00
96	4.804446e-01	4.883437e-01	1.206155e+00
98	4.742737e-01	5.191668e-01	1.997557e+00
99	5.149824e-01	5.114178e-01	1.753298e+00
100	4.734357e-01	4.993871e-01	1.491451e+00
101	4.659271e-01	5.126205e-01	2.381534e+00
102	4.932675e-01	5.517457e-01	1.837323e+00
103	5.461899e-01	6.197505e-01	2.723498e+00
104	4.587906e-01	6.403124e-01	1.216903e+00
105	4.500529e-01	4.986492e-01	1.385931e+00
107	4.563573e-01	5.383175e-01	1.887152e+00
108	4.363423e-01	7.474157e-01	1.869565e+00
109	5.013410e-01	6.088433e-01	2.657059e+00
110	5.141843e-01	4.398942e-01	1.905716e+00
111	5.053032e-01	5.107266e-01	2.319980e+00
113	3.547087e-01	7.365686e-01	1.155349e+00
114	4.661020e-01	5.225978e-01	1.261847e+00
115	5.393296e-01	7.054094e-01	1.308745e+00
116	5.861805e-01	3.006405e-01	1.148510e+00
117	5.146980e-01	5.762287e-01	1.865657e+00
118	5.105679e-01	5.488204e-01	2.988276e+00
119	4.427785e-01	5.264660e-01	1.479726e+00
120	5.091626e-01	5.963437e-01	2.095261e+00
121	3.899156e-01	4.918104e-01	2.442110e+00
122	2.835858e-01	4.903736e-01	1.070347e+00
123	4.075799e-01	4.599019e-01	1.417196e+00
124	4.764022e-01	5.305458e-01	2.817294e+00
126	4.699055e-01	4.521107e-01	2.738153e+00
127	5.798433e-01	5.728182e-01	2.338544e+00
128	5.737939e-01	8.642036e-01	1.282364e+00
129	4.675134e-01	5.286954e-01	2.676600e+00
130	5.535621e-01	8.506231e-01	2.443087e+00
132	2.544314e-01	3.618869e-01	1.220811e+00
133	5.602597e-01	3.989989e-01	2.407914e+00
134	4.927303e-01	5.314524e-01	2.277968e+00
135	4.775213e-01	5.007634e-01	2.409868e+00
136	4.840116e-01	5.062906e-01	2.083537e+00
137	5.245434e-01	4.436505e-01	2.286761e+00
138	7.101833e-01	1.499273e-01	1.194431e+00
139	4.614163e-01	5.203967e-01	2.818271e+00
140	4.508563e-01	4.246832e-01	2.827064e+00
141	4.638818e-01	5.458137e-01	1.684905e+00
142	4.647341e-01	4.954212e-01	1.999511e+00
143	4.575986e-01	5.107793e-01	1.956522e+00
144	4.886978e-01	4.149365e-01	2.323889e+00
145	5.228179e-01	4.610829e-01	2.501710e+00
146	2.312783e-01	4.371740e-01	2.395213e+00
147	5.600242e-01	4.166208e-01	2.719590e+00
148	4.642936e-01	5.083789e-01	2.937469e+00
149	4.858789e-01	5.624168e-01	2.803615e+00
150	4.621819e-01	6.310814e-01	1.794333e+00
151	4.769194e-01	5.147388e-01	2.611138e+00
152	4.895549e-01	5.773352e-01	1.724963e+00
153	4.572152e-01	5.048351e-01	1.983879e+00
154	4.639623e-01	5.153128e-01	2.181241e+00
155	3.909992e-01	5.124738e-01	1.295066e+00
156	4.420176e-01	4.585706e-01	1.970200e+00
157	4.802886e-01	5.127593e-01	2.387396e+00
158	5.469891e-01	3.560162e-01	2.386419e+00
159	2.821670e-01	5.687728e-01	2.647289e+00
160	4.702515e-01	5.151576e-01	1.686859e+00
161	4.726327e-01	5.410483e-01	1.553981e+00
162	5.306344e-01	6.241721e-01	1.764045e+00
163	5.875963e-01	5.538615e-01	1.632145e+00
164	4.615527e-01	5.086985e-01	1.235467e+00
165	4.791007e-01	5.317833e-01	2.251588e+00
166	4.373330e-01	4.922958e-01	1.751343e+00
167	5.279796e-01	4.431757e-01	1.715193e+00
168	4.636255e-01	5.072987e-01	2.109917e+00
169	5.313955e-01	5.453578e-01	2.137274e+00
170	4.128436e-01	6.218149e-01	2.099170e+00
171	5.612862e-01	6.086402e-01	2.057157e+00
172	5.620821e-01	4.919849e-01	2.246702e+00
173	4.761778e-01	5.360518e-01	1.894968e+00
174	4.696088e-01	5.163754e-01	2.453835e+00
175	4.650569e-01	5.432655e-01	2.834880e+00
176	4.312432e-01	3.824866e-01	2.215437e+00
177	4.556438e-01	4.842316e-01	2.153884e+00
178	4.587847e-01	5.135747e-01	2.475330e+00
179	4.306116e-01	4.783624e-01	1.274548e+00
180	4.594916e-01	5.066320e-01	2.127504e+00
181	4.856626e-01	5.236791e-01	1.790425e+00
182	5.538579e-01	5.657329e-01	1.736688e+00
183	5.972690e-01	5.236297e-01	1.692721e+00
184	5.507493e-01	6.161543e-01	2.042501e+00
185	4.189028e-01	3.686797e-01	1.468979e+00
186	4.459156e-01	5.210424e-01	1.784563e+00
188	4.636249e-01	5.204633e-01	1.839277e+00
189	4.717072e-01	4.950015e-01	1.175867e+00
190	4.868836e-01	4.519081e-01	2.807523e+00
191	5.410577e-01	4.664448e-01	2.811431e+00
192	4.267199e-01	5.215680e-01	1.192477e+00
193	6.539163e-01	3.287230e-01	1.620420e+00
194	4.457002e-01	5.715942e-01	2.624817e+00
195	4.667904e-01	5.146886e-01	2.806546e+00
196	5.057418e-01	6.170218e-01	1.763068e+00
197	2.054413e-01	4.059554e-01	2.060088e+00
198	6.476680e-01	3.772889e-01	2.458720e+00
199	5.190320e-01	5.427776e-01	2.463605e+00
200	4.148260e-01	3.559085e-01	1.141671e+00
201	4.701852e-01	5.015346e-01	1.146556e+00
202	4.862332e-01	5.609508e-01	1.395701e+00
203	4.152994e-01	5.230810e-01	1.755252e+00
204	4.463449e-01	4.824000e-01	2.901319e+00
205	4.891845e-01	6.347949e-01	2.123596e+00
206	4.449757e-01	2.386324e-01	1.652662e+00
207	4.600443e-01	4.996444e-01	1.199316e+00
208	4.888856e-01	5.372820e-01	2.170493e+00
209	3.068977e-01	4.124203e-01	2.733268e+00
210	4.524789e-01	4.305613e-01	1.545188e+00
211	5.054062e-01	5.189911e-01	1.376160e+00
212	4.510363e-01	4.941474e-01	1.621397e+00
213	4.578146e-01	5.176109e-01	1.883244e+00
214	4.633871e-01	5.223708e-01	1.612604e+00
215	4.873284e-01	5.071269e-01	2.909135e+00
216	4.725395e-01	5.218698e-01	1.354665e+00
217	4.545137e-01	5.142885e-01	2.770396e+00
218	6.144746e-01	5.323344e-01	2.148999e+00
219	5.069301e-01	5.234105e-01	2.624817e+00
220	5.750082e-01	5.448507e-01	2.697118e+00
221	4.524040e-01	5.357428e-01	1.938935e+00
222	4.529069e-01	5.328699e-01	1.854910e+00
223	5.952705e-01	5.397559e-01	2.625794e+00
224	4.552438e-01	7.432042e-01	2.984367e+00
225	4.207847e-01	4.477916e-01	2.693210e+00
226	4.768691e-01	5.326884e-01	2.276014e+00
227	4.769638e-01	5.348397e-01	1.245237e+00
228	4.655677e-01	5.081729e-01	1.489497e+00
229	4.615596e-01	5.035356e-01	2.305325e+00
230	4.532150e-01	5.012373e-01	2.689301e+00
231	4.926282e-01	5.369088e-01	1.346849e+00
232	4.364986e-01	4.775203e-01	2.447973e+00
233	4.908196e-01	4.999462e-01	1.591109e+00
234	4.097651e-01	5.915947e-01	1.931119e+00
235	4.589690e-01	4.438156e-01	2.687347e+00
236	4.631317e-01	5.086707e-01	2.787982e+00
237	4.706193e-01	5.132639e-01	1.510015e+00
238	4.674766e-01	4.924109e-01	2.193942e+00
239	4.477626e-01	4.817382e-01	2.918906e+00
240	4.983454e-01	5.834363e-01	1.734734e+00
241	5.394024e-01	5.443273e-01	1.119199e+00
242	3.720368e-01	5.978788e-01	1.631168e+00
243	4.564239e-01	4.644352e-01	1.258915e+00
244	3.726048e-01	4.701539e-01	2.458720e+00
245	5.653364e-01	5.951288e-01	2.134343e+00
246	4.656715e-01	5.033741e-01	2.662921e+00
247	5.024499e-01	5.211566e-01	2.924768e+00
248	4.145727e-01	4.388617e-01	2.983390e+00
250	8.111504e-01	8.807407e-01	2.763556e+00
251	7.351873e-01	7.502910e-01	2.374695e+00
252	4.407352e-01	5.299866e-01	1.703468e+00
253	4.033794e-01	3.996052e-01	1.246214e+00
254	3.946728e-01	4.055486e-01	2.925745e+00
255	4.630267e-01	4.952915e-01	1.857841e+00
256	4.784582e-01	5.213708e-01	2.601368e+00
257	4.496820e-01	4.861936e-01	2.413776e+00
258	4.995093e-01	4.997902e-01	2.569126e+00
259	5.024001e-01	5.622886e-01	1.865657e+00
260	4.661814e-01	5.090472e-01	2.574988e+00
261	4.820367e-01	5.233443e-01	1.598925e+00
262	5.277703e-01	5.674567e-01	2.264289e+00
263	6.160079e-01	5.990831e-01	1.176844e+00
264	6.277083e-01	6.072693e-01	1.061553e+00
265	4.768008e-01	5.228275e-01	2.526136e+00
266	4.996296e-01	5.629576e-01	1.928188e+00
267	4.980779e-01	4.953952e-01	2.006351e+00
268	4.488548e-01	4.737987e-01	1.041036e+00
269	1.812660e-01	4.572897e-01	1.793356e+00
270	5.372772e-01	6.641229e-01	1.860772e+00
271	4.340390e-01	3.654169e-01	1.389839e+00
272	4.637967e-01	5.138781e-01	1.052760e+00
273	4.990000e-01	6.020404e-01	1.156326e+00
274	3.258621e-01	4.166454e-01	1.981925e+00
275	4.597870e-01	4.891170e-01	2.256473e+00
276	5.051527e-01	5.381432e-01	2.368832e+00
277	4.560600e-01	4.927173e-01	2.024915e+00
279	4.691173e-01	5.687879e-01	1.348803e+00
280	4.661572e-01	2.894715e-01	2.472399e+00
281	4.605271e-01	4.771581e-01	2.288715e+00
282	4.232903e-01	4.257261e-01	2.745970e+00
283	4.481633e-01	6.071597e-01	2.490962e+00
284	4.004332e-01	4.838806e-01	2.515388e+00
285	2.380197e-01	4.154087e-01	1.545188e+00
286	4.494910e-01	5.115949e-01	2.662921e+00
287	5.046220e-01	5.743258e-01	2.264289e+00
288	4.731076e-01	5.423790e-01	2.905227e+00
289	6.165225e-01	5.718286e-01	1.058622e+00
290	4.113906e-01	5.925245e-01	2.152907e+00
291	8.165474e-01	9.731901e-01	2.784074e+00
292	4.632739e-01	5.116921e-01	2.445042e+00
293	5.932235e-01	8.099823e-01	2.852467e+00
294	4.533142e-01	5.641513e-01	2.070835e+00
295	3.931105e-01	4.918460e-01	1.406448e+00
296	4.458022e-01	4.473013e-01	1.751343e+00
297	4.943562e-01	4.677044e-01	2.077675e+00
298	5.432908e-01	6.044213e-01	1.601856e+00
299	4.764263e-01	5.122581e-01	2.048363e+00
300	5.114449e-01	5.954327e-01	2.781143e+00
301	4.647927e-01	5.138366e-01	2.779189e+00
302	4.432741e-01	4.745903e-01	2.617978e+00
303	6.241828e-01	6.494077e-01	1.698583e+00
304	4.485118e-01	3.482227e-01	1.948705e+00
305	4.689662e-01	5.302317e-01	1.416219e+00
306	7.994789e-01	2.425938e-01	1.745481e+00
307	4.734639e-01	5.180647e-01	2.291646e+00
308	6.078561e-01	8.269282e-01	1.868588e+00
309	4.271189e-01	6.044488e-01	2.511480e+00
310	4.776043e-01	5.480065e-01	2.596483e+00
311	5.354593e-01	6.355799e-01	2.855398e+00
312	5.037019e-01	5.591564e-01	1.312653e+00
313	4.057759e-01	4.187563e-01	1.787494e+00
314	4.676861e-01	5.120925e-01	2.252565e+00
315	4.809516e-01	5.595199e-01	1.978017e+00
316	6.024941e-01	4.403947e-01	2.965804e+00
317	4.770334e-01	5.190407e-01	2.221299e+00
318	3.713641e-01	3.917201e-01	1.701514e+00
319	5.076505e-01	5.999935e-01	1.135809e+00
320	5.104812e-01	5.114004e-01	2.997069e+00
322	3.725038e-01	4.248608e-01	2.362970e+00
323	4.738915e-01	5.039789e-01	2.553493e+00
324	4.345439e-01	4.897494e-01	1.347826e+00
325	5.073668e-01	6.863635e-01	2.896434e+00
326	4.653180e-01	5.111311e-01	1.857841e+00
327	5.501670e-01	5.376657e-01	1.669272e+00
328	4.360902e-01	5.022375e-01	1.726917e+00
329	4.648474e-01	5.044465e-01	2.604299e+00
330	4.980224e-01	6.081043e-01	2.089399e+00
331	4.957788e-01	4.651468e-01	1.552027e+00
332	4.889219e-01	5.651609e-01	1.769907e+00
333	4.462424e-01	4.801759e-01	1.382022e+00
334	3.180283e-01	3.651916e-01	2.510503e+00
335	4.944049e-01	5.630314e-01	1.640938e+00
336	4.628301e-01	5.113575e-01	2.933561e+00
337	4.450326e-01	5.201891e-01	1.033219e+00
338	4.319621e-01	4.019590e-01	1.408403e+00
339	4.549555e-01	4.924972e-01	2.767465e+00
340	4.586106e-01	5.030926e-01	1.526624e+00
341	5.286791e-01	5.912939e-01	1.456277e+00
342	4.322343e-01	4.989534e-01	1.054714e+00
343	5.156115e-01	4.565749e-01	2.601368e+00
344	5.055955e-01	6.586270e-01	2.193942e+00
346	4.749808e-01	5.221481e-01	1.564729e+00
347	4.880778e-01	5.179507e-01	1.679043e+00
348	5.497216e-01	3.651770e-01	2.034685e+00
349	4.470582e-01	4.947086e-01	2.564240e+00
350	4.640421e-01	3.667070e-01	2.311187e+00
351	4.495652e-01	3.191355e-01	1.297997e+00
352	4.711080e-01	5.137137e-01	2.873962e+00
353	5.139009e-01	4.930155e-01	2.202736e+00
354	4.646586e-01	5.111684e-01	2.653151e+00
355	3.980884e-01	5.300082e-01	2.461651e+00
356	4.671586e-01	5.061777e-01	1.679043e+00
357	4.695528e-01	3.917464e-01	2.991207e+00
358	3.002788e-01	4.325853e-01	2.857352e+00
359	4.413241e-01	4.551377e-01	1.913532e+00
360	4.685815e-01	5.492039e-01	1.216903e+00
361	6.099438e-01	6.359411e-01	1.214949e+00
362	4.112664e-01	4.215970e-01	1.005862e+00
363	4.598368e-01	5.118350e-01	2.227162e+00
364	4.678348e-01	5.189443e-01	1.723009e+00
366	4.736357e-01	5.754697e-01	1.692721e+00
367	4.520515e-01	5.010520e-01	1.154372e+00
368	4.730426e-01	5.323145e-01	1.851001e+00
369	4.619983e-01	5.081769e-01	2.418661e+00
370	4.576982e-01	5.765426e-01	1.874450e+00
371	5.384359e-01	4.783790e-01	1.591109e+00
372	4.671736e-01	4.915856e-01	2.199805e+00
373	5.142574e-01	7.026424e-01	2.208598e+00
374	4.418673e-01	4.970784e-01	1.322423e+00
375	3.125733e-01	3.995842e-01	2.361016e+00
376	4.482945e-01	5.162666e-01	1.815828e+00
377	4.663271e-01	5.097576e-01	1.328285e+00
378	4.684779e-01	4.983838e-01	1.883244e+00
379	6.049190e-01	7.247565e-01	1.599902e+00
380	3.407426e-01	3.265714e-01	2.343429e+00
381	4.374754e-01	4.764079e-01	1.835369e+00
383	5.733520e-01	4.361112e-01	1.698583e+00
384	4.236446e-01	6.670199e-01	2.761602e+00
385	4.016155e-01	8.822116e-01	1.961407e+00
386	4.767674e-01	3.670453e-01	2.449927e+00
387	5.048603e-01	5.761215e-01	2.669761e+00
388	4.197169e-01	5.714312e-01	2.597460e+00
389	4.638231e-01	5.138188e-01	2.960918e+00
390	4.741090e-01	5.115140e-01	1.655594e+00
391	5.168850e-01	6.096840e-01	2.572057e+00
392	4.701460e-01	5.220576e-01	1.234489e+00
393	4.633761e-01	5.130507e-01	1.607719e+00
394	4.692574e-01	5.110276e-01	2.643381e+00
395	6.870897e-01	3.640407e-01	1.233512e+00
397	6.504665e-01	3.304365e-01	1.083048e+00
398	5.082250e-01	6.595105e-01	2.453835e+00
399	5.370727e-01	5.264376e-01	2.169516e+00
400	4.257067e-01	4.462492e-01	1.634099e+00
401	4.897144e-01	2.755596e-01	1.314607e+00
402	4.706279e-01	4.889792e-01	2.292623e+00
403	4.370540e-01	2.844872e-01	1.759160e+00
404	5.454050e-01	5.681083e-01	2.942355e+00
405	5.094770e-01	5.802677e-01	1.358574e+00
406	5.132091e-01	5.719692e-01	1.474841e+00
407	4.243121e-01	3.173991e-01	2.850513e+00
408	6.250597e-01	3.429618e-01	2.543723e+00
409	4.779132e-01	5.274040e-01	1.170005e+00
410	3.798979e-01	4.799687e-01	2.011236e+00
411	5.388102e-01	4.768834e-01	2.982413e+00
412	6.983436e-01	2.412774e-01	1.578407e+00
413	4.241714e-01	3.546555e-01	2.904250e+00
414	4.505952e-01	4.829376e-01	2.948217e+00
415	4.700234e-01	5.039777e-01	1.856864e+00
416	4.321713e-01	4.506686e-01	1.780655e+00
417	5.061927e-01	5.172793e-01	1.223742e+00
418	4.564261e-01	5.284489e-01	2.928676e+00
419	4.441856e-01	4.963712e-01	1.055691e+00
420	4.632240e-01	4.930771e-01	2.823156e+00
421	4.627774e-01	5.096390e-01	2.886663e+00
422	4.855686e-01	5.122202e-01	1.391793e+00
423	5.029810e-01	7.271369e-01	1.467025e+00
424	4.908678e-01	5.576023e-01	1.512946e+00
425	4.981354e-01	4.757311e-01	1.960430e+00
426	4.794607e-01	4.722549e-01	2.254519e+00
427	4.071757e-01	4.121333e-01	2.899365e+00
428	4.441229e-01	5.006708e-01	1.247191e+00
429	4.796921e-01	5.152473e-01	1.802149e+00
430	4.518199e-01	4.929965e-01	1.663410e+00
431	4.629043e-01	5.596396e-01	2.556424e+00
432	1.258502e-01	2.516750e-01	2.947240e+00
433	4.650342e-01	4.990804e-01	2.475330e+00
434	4.778385e-01	5.063115e-01	2.923791e+00
435	4.398918e-01	6.950308e-01	2.906204e+00
437	4.575058e-01	4.517012e-01	2.476307e+00
438	4.406723e-01	5.410538e-01	2.065950e+00
439	4.620252e-01	5.130451e-01	1.983879e+00
440	5.051740e-01	5.461122e-01	1.637030e+00
441	5.052560e-01	6.193558e-01	1.338056e+00
442	5.339784e-01	5.325797e-01	2.406937e+00
443	6.778664e-01	5.660345e-01	1.422081e+00
444	5.089089e-01	5.610364e-01	2.956033e+00
445	4.684523e-01	4.982853e-01	2.601368e+00
446	2.607729e-01	2.836601e-01	1.846116e+00
447	4.828206e-01	5.260514e-01	1.264778e+00
448	4.104187e-01	4.470645e-01	1.119199e+00
449	4.840983e-01	5.596827e-01	1.956522e+00
450	6.279302e-01	2.507883e-01	2.971666e+00
451	4.615194e-01	5.165343e-01	2.149976e+00
452	5.660674e-01	5.489404e-01	1.574499e+00
453	5.471621e-01	6.063539e-01	1.775769e+00
455	4.681790e-01	5.137398e-01	2.984367e+00
456	4.868297e-01	5.387025e-01	1.577430e+00
457	4.155327e-01	4.391138e-01	2.955056e+00
458	4.538908e-01	5.055460e-01	2.865169e+00
459	5.855220e-01	6.417106e-01	1.672203e+00
461	4.925778e-01	7.426711e-01	2.513434e+00
462	4.105807e-01	4.674675e-01	1.853933e+00
463	4.517830e-01	5.068570e-01	2.858329e+00
464	3.734224e-01	4.368556e-01	1.574499e+00
465	4.055767e-01	5.456619e-01	1.432829e+00
466	4.682056e-01	5.057127e-01	1.500244e+00
467	6.102719e-01	6.311870e-01	1.323400e+00
468	4.542576e-01	5.181847e-01	2.147044e+00
469	4.543566e-01	4.850697e-01	2.698095e+00
470	4.666025e-01	5.065581e-01	1.364436e+00
471	4.002296e-01	3.250750e-01	2.076698e+00
472	4.671660e-01	5.127094e-01	2.011236e+00
473	4.361228e-01	4.950428e-01	1.215926e+00
474	4.517148e-01	5.031642e-01	2.299463e+00
475	3.936488e-01	5.066277e-01	1.683928e+00
476	4.504871e-01	5.181417e-01	2.081583e+00
477	4.131714e-01	4.837151e-01	2.350269e+00
478	6.140339e-01	4.486952e-01	2.728383e+00
479	5.531877e-01	7.058540e-01	1.194431e+00
480	4.555194e-01	5.643225e-01	2.515388e+00
481	4.180966e-01	4.057051e-01	1.865657e+00
482	3.128538e-01	3.336546e-01	1.802149e+00
483	4.279161e-01	4.545936e-01	1.367367e+00
484	4.427198e-01	4.055533e-01	1.148510e+00
485	4.773708e-01	5.572598e-01	2.427455e+00
486	3.927807e-01	5.809934e-01	2.196873e+00
487	5.020013e-01	4.918001e-01	2.386419e+00
488	5.017465e-01	5.804662e-01	1.294089e+00
489	4.585351e-01	5.129880e-01	1.687836e+00
490	3.663736e-01	5.107979e-01	1.146556e+00
491	4.051037e-01	5.619569e-01	1.597948e+00
492	4.407872e-01	5.487517e-01	2.412799e+00
493	5.257637e-01	6.918992e-01	1.227650e+00
494	4.019240e-01	4.217768e-01	2.522228e+00
495	5.060046e-01	5.474723e-01	1.437714e+00
496	4.593869e-01	4.757912e-01	1.523693e+00
497	4.564798e-01	5.252554e-01	1.221788e+00
498	4.480050e-01	5.027255e-01	1.652662e+00
499	4.878502e-01	5.537753e-01	1.269663e+00
500	4.609465e-01	5.164264e-01	2.967758e+00
501	4.626054e-01	5.039026e-01	2.546654e+00
502	5.090465e-01	3.279676e-01	1.818759e+00
503	4.453914e-01	4.876374e-01	1.919394e+00
504	4.831128e-01	5.218000e-01	2.563263e+00
505	5.023775e-01	5.820832e-01	1.451392e+00
506	4.478942e-01	5.800935e-01	1.718124e+00
507	4.793657e-01	5.206741e-01	1.207132e+00
508	4.714931e-01	5.224548e-01	1.236444e+00
509	4.383082e-01	5.304878e-01	2.622863e+00
510	4.702320e-01	5.337863e-01	2.549585e+00
511	4.647092e-01	4.971983e-01	2.966781e+00
512	3.334451e-01	4.148036e-01	2.395213e+00
513	4.888703e-01	5.029599e-01	1.534441e+00
514	4.814709e-01	5.204695e-01	1.550073e+00
515	5.266128e-01	5.979351e-01	1.610650e+00
516	3.551395e-01	7.678117e-01	1.612604e+00
517	4.792644e-01	4.957564e-01	1.086957e+00
518	5.868970e-01	5.442739e-01	2.282853e+00
519	4.663430e-01	7.946091e-01	1.573522e+00
520	4.622908e-01	4.908848e-01	2.497802e+00
521	4.509045e-01	5.119297e-01	1.752320e+00
523	4.471660e-01	5.090591e-01	1.209086e+00
524	4.027505e-01	3.450846e-01	2.755740e+00
525	4.311173e-01	5.721421e-01	1.499267e+00
526	4.403997e-01	5.034459e-01	1.014656e+00
527	5.597230e-01	6.376722e-01	2.891549e+00
528	4.483399e-01	4.935910e-01	2.478261e+00
529	4.653981e-01	3.469154e-01	1.898876e+00
530	4.746812e-01	5.102811e-01	1.188569e+00
531	4.739219e-01	5.637003e-01	2.785051e+00
532	4.549888e-01	5.112251e-01	2.945286e+00
533	4.390527e-01	4.044825e-01	2.458720e+00
534	4.720589e-01	3.604748e-01	2.673669e+00
535	4.579715e-01	5.221552e-01	1.399609e+00
536	4.282248e-01	4.709471e-01	2.604299e+00
537	4.640985e-01	5.008569e-01	1.529555e+00
538	4.629085e-01	5.106155e-01	2.823156e+00
539	5.207117e-01	5.465065e-01	2.826087e+00
540	4.943090e-01	5.937087e-01	2.844651e+00
541	5.097812e-01	5.415766e-01	2.290669e+00
542	5.137741e-01	5.067246e-01	2.570103e+00
543	4.722721e-01	4.706562e-01	2.396190e+00
544	5.346865e-01	4.701860e-01	1.318515e+00
545	4.797733e-01	5.814553e-01	2.605276e+00
546	4.067288e-01	3.276222e-01	2.683439e+00
547	4.630988e-01	5.815307e-01	1.587201e+00
548	3.901268e-01	3.512700e-01	1.375183e+00
549	5.187858e-01	5.064248e-01	2.298486e+00
550	4.773488e-01	7.407410e-01	1.285296e+00
551	4.561135e-01	5.040637e-01	2.983390e+00
552	4.808013e-01	6.935983e-01	1.195408e+00
553	4.446310e-01	5.092715e-01	2.414753e+00
554	6.160922e-01	4.912952e-01	1.843185e+00
555	4.519495e-01	5.244085e-01	2.396190e+00
556	4.307308e-01	5.830416e-01	3.000000e+00
557	4.483261e-01	5.093742e-01	2.728383e+00
559	4.688285e-01	5.158909e-01	1.944797e+00
560	4.722524e-01	5.199783e-01	2.883732e+00
561	6.121246e-01	5.908428e-01	2.383488e+00
562	4.319859e-01	4.285709e-01	2.506595e+00
563	4.887767e-01	5.203651e-01	1.786517e+00
564	5.285490e-01	5.299532e-01	2.893503e+00
565	4.635436e-01	4.998866e-01	2.981436e+00
566	4.663680e-01	4.984038e-01	2.663898e+00
567	4.700401e-01	5.216739e-01	2.227162e+00
568	4.634797e-01	4.888282e-01	1.527601e+00
569	5.457006e-01	7.217789e-01	2.610161e+00
570	5.373331e-01	5.526948e-01	1.058622e+00
571	4.499289e-01	4.807050e-01	2.782120e+00
573	4.585500e-01	5.163091e-01	2.109917e+00
574	4.464252e-01	4.958834e-01	2.074744e+00
575	4.547769e-01	5.449115e-01	2.319003e+00
576	4.529796e-01	5.079252e-01	1.290181e+00
577	4.277615e-01	5.112972e-01	1.286273e+00
578	5.217753e-01	5.813689e-01	1.881290e+00
579	4.758885e-01	5.193920e-01	1.664387e+00
580	2.442897e-01	1.409869e-01	1.242306e+00
581	4.323912e-01	5.754392e-01	1.927211e+00
582	4.699645e-01	5.099394e-01	2.820225e+00
583	4.739779e-01	3.474836e-01	2.792868e+00
584	4.983101e-01	4.921357e-01	1.201270e+00
585	4.394908e-01	3.963497e-01	1.898876e+00
586	4.649266e-01	5.042618e-01	1.782609e+00
587	4.632245e-01	4.887039e-01	1.561798e+00
588	4.635453e-01	5.078136e-01	2.282853e+00
589	5.024961e-01	5.416133e-01	2.210552e+00
590	5.079720e-01	5.186147e-01	1.020518e+00
591	5.015079e-01	5.488556e-01	1.784563e+00
592	4.622161e-01	5.091572e-01	1.275525e+00
593	4.981015e-01	5.150869e-01	1.212995e+00
594	4.652848e-01	4.933961e-01	2.964827e+00
595	4.686374e-01	5.435427e-01	2.079629e+00
596	3.456560e-01	6.952443e-01	1.187592e+00
597	4.573588e-01	5.246288e-01	1.258915e+00
598	4.442220e-01	5.595002e-01	1.999511e+00
599	4.561656e-01	5.014266e-01	1.264778e+00
600	4.837945e-01	5.315178e-01	1.110405e+00
601	3.238391e-01	3.286222e-01	1.107474e+00
602	3.938647e-01	5.065287e-01	1.070347e+00
603	4.526875e-01	5.064903e-01	2.400098e+00
604	4.368793e-01	4.984603e-01	2.871031e+00
605	4.635374e-01	5.161553e-01	2.739130e+00
606	4.860780e-01	5.212750e-01	2.061065e+00
607	2.441311e-01	3.589142e-01	1.073278e+00
608	4.874363e-01	5.261964e-01	2.799707e+00
609	3.840538e-01	4.213535e-01	2.010259e+00
610	4.308931e-01	5.015864e-01	1.700537e+00
611	4.651907e-01	5.061413e-01	1.339033e+00
612	5.132415e-01	5.388835e-01	2.227162e+00
613	4.564171e-01	6.454435e-01	2.482169e+00
614	4.430792e-01	5.199048e-01	2.958964e+00
615	5.261813e-01	5.989085e-01	1.443576e+00
616	4.355558e-01	5.297025e-01	2.381534e+00
617	4.264839e-01	4.331780e-01	1.971177e+00
618	4.645997e-01	5.032329e-01	2.960918e+00
619	5.536742e-01	8.776925e-01	1.812897e+00
620	4.439656e-01	4.430527e-01	1.170982e+00
621	5.578158e-01	5.717926e-01	1.277479e+00
622	4.012642e-01	7.331668e-01	1.176844e+00
623	4.703846e-01	4.572417e-01	1.636053e+00
624	5.170967e-01	5.354704e-01	2.336590e+00
625	4.119219e-01	5.335743e-01	1.343918e+00
626	4.746793e-01	4.895887e-01	1.905716e+00
627	4.549471e-01	5.872095e-01	1.784563e+00
628	4.743951e-01	5.055105e-01	2.063996e+00
629	4.503072e-01	5.063171e-01	2.497802e+00
630	4.309450e-01	4.433772e-01	2.870054e+00
631	4.646353e-01	5.130960e-01	1.729849e+00
632	4.139781e-01	3.662562e-01	2.290669e+00
633	4.634280e-01	5.120069e-01	2.841720e+00
634	4.674988e-01	5.161138e-01	2.195896e+00
635	5.053898e-01	5.571741e-01	1.601856e+00
636	5.201787e-01	5.619003e-01	2.449927e+00
637	4.769068e-01	4.955966e-01	1.462140e+00
638	4.647031e-01	5.104709e-01	2.041524e+00
639	4.628218e-01	5.090238e-01	2.061065e+00
640	5.273424e-01	6.591562e-01	2.130435e+00
641	4.025059e-01	3.920366e-01	2.205667e+00
642	4.739714e-01	5.263410e-01	2.184172e+00
643	5.105490e-01	4.624725e-01	2.747924e+00
644	4.308242e-01	4.238238e-01	2.909135e+00
645	4.592475e-01	5.030097e-01	2.777235e+00
646	4.241297e-01	4.826858e-01	1.295066e+00
647	5.078666e-01	4.987540e-01	1.050806e+00
648	4.686140e-01	4.665030e-01	1.191500e+00
649	4.626802e-01	5.245400e-01	1.198339e+00
650	4.632465e-01	5.213832e-01	2.656082e+00
651	4.325463e-01	5.033469e-01	1.692721e+00
652	8.109912e-01	6.731976e-01	2.330728e+00
653	4.874470e-01	5.365733e-01	1.906693e+00
654	4.475667e-01	5.328076e-01	2.192965e+00
655	4.675240e-01	4.164028e-01	1.200293e+00
656	4.750549e-01	5.144490e-01	2.361016e+00
657	5.669240e-01	6.501461e-01	2.080606e+00
658	4.628510e-01	4.976010e-01	2.017098e+00
659	5.265594e-01	5.177387e-01	2.191011e+00
660	4.325907e-01	2.974398e-01	1.667318e+00
661	4.355074e-01	4.172641e-01	2.229116e+00
662	6.033569e-01	7.295485e-01	1.188569e+00
663	4.314411e-01	4.874964e-01	2.714704e+00
664	4.652072e-01	4.903200e-01	1.979971e+00
665	5.680494e-01	5.639035e-01	2.954079e+00
666	8.153064e-01	6.823008e-01	1.803127e+00
667	4.794845e-01	5.089525e-01	1.039082e+00
668	5.001271e-01	7.999707e-01	1.893014e+00
669	4.128472e-01	4.667471e-01	1.778701e+00
670	2.262095e-01	2.399553e-01	1.807035e+00
671	4.394445e-01	4.871547e-01	1.102589e+00
672	4.343268e-01	5.972602e-01	1.879336e+00
673	5.107878e-01	4.833002e-01	1.984856e+00
674	4.639355e-01	5.082836e-01	2.238886e+00
675	4.517753e-01	4.745522e-01	2.868100e+00
676	4.487198e-01	5.107644e-01	2.748901e+00
677	2.367441e-01	4.878055e-01	1.578407e+00
678	4.699353e-01	5.209807e-01	1.621397e+00
679	4.664817e-01	5.094925e-01	2.657059e+00
680	4.619646e-01	5.198863e-01	2.404983e+00
681	4.607826e-01	5.246812e-01	2.272106e+00
682	3.895558e-01	4.747180e-01	1.463117e+00
683	4.729207e-01	5.144544e-01	2.316072e+00
684	4.544119e-01	4.957043e-01	2.334636e+00
685	5.068567e-01	5.395275e-01	1.365413e+00
686	5.205192e-01	4.656105e-01	2.105032e+00
687	4.285382e-01	5.205019e-01	1.339033e+00
688	4.604001e-01	5.271933e-01	2.932584e+00
689	4.633966e-01	5.035801e-01	2.378603e+00
690	4.641401e-01	5.206190e-01	1.833415e+00
691	4.802422e-01	7.552664e-01	1.663410e+00
692	4.722811e-01	4.961498e-01	2.251588e+00
693	3.154734e-01	3.948067e-01	1.766976e+00
694	4.467725e-01	4.995171e-01	1.575476e+00
695	5.236504e-01	5.858309e-01	2.771373e+00
696	4.569510e-01	5.091792e-01	2.787005e+00
697	4.567121e-01	5.069958e-01	1.959453e+00
698	4.543472e-01	4.675304e-01	2.187103e+00
699	4.645026e-01	5.108765e-01	2.430386e+00
700	4.772349e-01	5.994973e-01	2.679531e+00
701	4.049053e-01	4.493960e-01	2.191988e+00
702	4.798125e-01	5.872558e-01	2.945286e+00
703	4.809818e-01	4.979936e-01	2.793845e+00
704	4.551996e-01	4.956718e-01	2.132389e+00
705	7.176378e-01	6.317255e-01	1.627259e+00
706	4.775841e-01	5.114639e-01	1.623351e+00
707	4.659807e-01	5.269877e-01	2.772350e+00
708	4.613006e-01	5.119253e-01	1.552027e+00
709	4.732685e-01	3.638312e-01	1.180752e+00
710	4.967795e-01	5.365298e-01	1.632145e+00
711	4.919541e-01	8.392204e-01	1.680997e+00
712	4.777698e-01	5.749854e-01	2.828041e+00
713	6.398030e-01	7.953833e-01	1.703468e+00
714	3.063140e-01	6.770842e-01	1.471910e+00
715	4.716043e-01	5.341835e-01	2.368832e+00
716	4.559844e-01	4.946643e-01	1.961407e+00
717	4.679239e-01	5.060122e-01	1.756229e+00
718	4.595332e-01	4.665106e-01	2.987298e+00
719	4.624119e-01	5.120303e-01	2.332682e+00
720	4.658331e-01	5.004019e-01	1.097704e+00
721	5.943939e-01	5.803493e-01	1.954568e+00
722	4.649107e-01	5.034405e-01	1.704446e+00
723	4.639628e-01	5.086044e-01	1.853933e+00
724	5.146157e-01	6.161157e-01	2.829995e+00
725	4.088109e-01	5.501851e-01	2.232047e+00
726	4.253304e-01	3.999926e-01	2.587689e+00
727	7.337269e-01	2.497686e-01	2.698095e+00
729	4.296942e-01	4.894890e-01	1.212995e+00
730	5.491966e-01	5.726478e-01	1.502198e+00
731	4.644784e-01	5.139160e-01	2.614069e+00
732	4.025676e-01	3.544176e-01	2.880801e+00
733	4.823076e-01	5.221266e-01	1.956522e+00
734	5.460897e-01	5.739376e-01	2.745970e+00
735	5.410067e-01	5.309900e-01	1.179775e+00
736	5.395290e-01	4.998723e-01	1.935027e+00
737	4.915721e-01	5.068545e-01	1.975085e+00
738	4.804925e-01	5.449913e-01	1.067416e+00
739	5.041767e-01	4.538097e-01	2.024915e+00
740	5.440604e-01	5.922859e-01	2.810454e+00
741	4.102454e-01	4.518100e-01	2.428432e+00
742	4.393118e-01	5.353278e-01	1.957499e+00
743	3.899742e-01	4.632346e-01	2.306302e+00
744	4.790666e-01	5.104707e-01	2.557401e+00
745	5.114503e-01	5.555861e-01	1.243283e+00
746	5.100768e-01	5.233018e-01	2.429409e+00
747	4.467575e-01	4.654017e-01	2.523205e+00
748	2.393085e-01	3.922645e-01	2.842697e+00
749	4.630750e-01	5.095836e-01	2.247680e+00
750	4.515597e-01	4.917415e-01	2.000489e+00
751	4.458571e-01	5.046315e-01	2.446019e+00
752	4.700564e-01	5.046264e-01	2.360039e+00
753	5.154292e-01	6.935584e-01	2.567171e+00
754	4.721299e-01	5.324602e-01	2.415730e+00
755	4.797304e-01	4.908774e-01	1.989741e+00
756	4.577654e-01	5.107719e-01	2.908158e+00
757	5.406328e-01	3.430508e-01	2.731314e+00
758	4.645215e-01	5.042293e-01	2.544700e+00
759	4.652006e-01	5.097267e-01	2.890572e+00
760	4.629956e-01	5.097371e-01	1.654617e+00
761	4.645952e-01	5.114383e-01	1.008793e+00
762	5.049233e-01	5.826932e-01	1.260870e+00
763	5.235038e-01	5.321551e-01	1.347826e+00
764	4.782783e-01	4.909997e-01	1.325354e+00
765	4.654381e-01	5.121598e-01	1.420127e+00
766	6.182220e-01	6.482044e-01	2.845628e+00
767	5.014241e-01	5.250324e-01	1.853933e+00
768	4.603889e-01	5.063474e-01	1.303859e+00
769	4.205652e-01	3.850024e-01	1.294089e+00
770	8.382794e-01	1.085625e-01	1.675134e+00
771	5.004054e-01	4.339272e-01	2.417684e+00
772	4.718920e-01	5.569672e-01	2.053249e+00
773	4.729189e-01	5.239927e-01	1.276502e+00
774	4.392532e-01	2.628337e-01	2.779189e+00
775	4.464740e-01	6.966418e-01	1.984856e+00
776	5.707917e-01	3.268056e-01	2.295554e+00
777	4.616216e-01	5.030600e-01	1.652662e+00
778	4.726952e-01	5.249151e-01	2.464582e+00
779	4.662062e-01	5.061411e-01	1.763068e+00
780	4.479951e-01	4.743475e-01	2.026869e+00
781	4.331910e-01	4.436183e-01	1.160234e+00
782	3.100502e-01	5.341557e-01	2.302394e+00
783	5.032640e-01	5.183346e-01	1.384954e+00
784	4.069544e-01	4.937134e-01	2.598437e+00
785	5.651453e-01	4.843998e-01	2.130435e+00
786	4.839830e-01	4.800831e-01	1.690767e+00
787	4.945366e-01	4.923848e-01	1.940889e+00
788	4.672049e-01	5.138529e-01	2.099170e+00
