789
0	5.846260e-01	4.986996e-01	1.398632e+00
1	5.676495e-01	4.023756e-01	1.108451e+00
2	4.557256e-01	5.150799e-01	2.925745e+00
3	4.741088e-01	5.216628e-01	2.732291e+00
4	5.615700e-01	5.791624e-01	1.257938e+00
5	5.191817e-01	5.800314e-01	2.424524e+00
6	4.266415e-01	3.983071e-01	1.383000e+00
7	4.875438e-01	4.898871e-01	2.705911e+00
8	4.773804e-01	5.261041e-01	2.442110e+00
9	4.694681e-01	5.022718e-01	2.233024e+00
10	4.374116e-01	4.400102e-01	2.376649e+00
11	4.778495e-01	5.379433e-01	1.556913e+00
12	5.608120e-01	6.426056e-01	2.950171e+00
13	5.227063e-01	3.787662e-01	1.066439e+00
14	4.638524e-01	5.071394e-01	1.626282e+00
15	5.979501e-01	2.930191e-01	1.306790e+00
16	4.648231e-01	5.033877e-01	2.902296e+00
17	4.717296e-01	6.175577e-01	1.195408e+00
18	5.267750e-01	5.458876e-01	1.785540e+00
19	4.665793e-01	5.071343e-01	1.248168e+00
20	4.873826e-01	5.045724e-01	1.863703e+00
21	4.452036e-01	4.110939e-01	2.671715e+00
22	4.581038e-01	4.879502e-01	2.487054e+00
23	5.637380e-01	5.654254e-01	1.946751e+00
24	5.158700e-01	4.631343e-01	1.303859e+00
25	3.079393e-01	1.571700e-01	2.152907e+00
26	4.861778e-01	5.041539e-01	1.388862e+00
27	4.473182e-01	4.737382e-01	1.591109e+00
28	5.011187e-01	5.378613e-01	2.205667e+00
29	4.424763e-01	4.862299e-01	2.181241e+00
30	3.760809e-01	5.151227e-01	1.475818e+00
31	3.972494e-01	4.973715e-01	2.309233e+00
32	4.554583e-01	5.001598e-01	2.073766e+00
33	5.418174e-01	6.964269e-01	2.331705e+00
34	4.814826e-01	5.330186e-01	1.126038e+00
35	5.235421e-01	6.032144e-01	2.235955e+00
36	4.991989e-01	3.015752e-01	2.805569e+00
37	4.786229e-01	3.709336e-01	2.555447e+00
38	4.663325e-01	5.234573e-01	2.559355e+00
39	4.745640e-01	5.181838e-01	1.895945e+00
40	4.911459e-01	5.843330e-01	1.282364e+00
41	4.514976e-01	4.691382e-01	2.750855e+00
42	4.579906e-01	4.980325e-01	2.412799e+00
43	4.775186e-01	5.174253e-01	2.557401e+00
44	3.305866e-01	4.029473e-01	1.648754e+00
45	3.840409e-01	5.066367e-01	1.721055e+00
46	4.971907e-01	5.683533e-01	2.588666e+00
47	4.533183e-01	5.128066e-01	1.525647e+00
48	4.635531e-01	5.043437e-01	2.751832e+00
49	6.086548e-01	6.164622e-01	2.625794e+00
50	5.233309e-01	6.253446e-01	1.663410e+00
51	4.612789e-01	5.018872e-01	2.560332e+00
52	4.694783e-01	5.266454e-01	1.696629e+00
53	4.590773e-01	4.907658e-01	1.506106e+00
54	4.546979e-01	4.996461e-01	2.675623e+00
55	4.760590e-01	4.091041e-01	2.497802e+00
56	4.420200e-01	4.232034e-01	1.031265e+00
57	5.495147e-01	5.823481e-01	2.361993e+00
58	4.797834e-01	4.325560e-01	1.866634e+00
59	4.591260e-01	1.270964e-01	2.930630e+00
60	4.330506e-01	1.547450e-01	1.503175e+00
61	4.550587e-01	5.591146e-01	2.449927e+00
62	4.475923e-01	4.957097e-01	2.831949e+00
63	4.606346e-01	4.844447e-01	2.317049e+00
64	4.329639e-01	4.643563e-01	2.353200e+00
65	4.680843e-01	5.020419e-01	2.575965e+00
66	5.268323e-01	5.030501e-01	2.922814e+00
67	4.514442e-01	4.359974e-01	2.289692e+00
68	4.484394e-01	5.304053e-01	2.766488e+00
69	3.379171e-01	4.708023e-01	1.522716e+00
70	5.252885e-01	5.648914e-01	2.769419e+00
71	4.581303e-01	4.703169e-01	1.110405e+00
72	5.015760e-01	5.761154e-01	1.412311e+00
73	3.770637e-01	5.062423e-01	1.951637e+00
74	5.271234e-01	4.317532e-01	1.449438e+00
75	7.548124e-01	6.339248e-01	2.176356e+00
76	5.246830e-01	6.296673e-01	1.212995e+00
77	4.472127e-01	5.194550e-01	1.872496e+00
78	4.838202e-01	5.318373e-01	1.606742e+00
79	3.500322e-01	4.120929e-01	1.183683e+00
80	4.321109e-01	4.616180e-01	2.736199e+00
81	4.673522e-01	5.015199e-01	1.617489e+00
82	4.559591e-01	5.069887e-01	2.456766e+00
83	4.425243e-01	4.795542e-01	1.406448e+00
84	5.460251e-01	5.432125e-01	2.453835e+00
85	4.605578e-01	4.928244e-01	2.712750e+00
86	4.698779e-01	5.152630e-01	2.877870e+00
87	4.295192e-01	2.477122e-01	1.533464e+00
88	4.878132e-01	7.205609e-01	2.169516e+00
89	5.938698e-01	7.139039e-01	2.483146e+00
90	4.365170e-01	4.153598e-01	1.538349e+00
91	4.771396e-01	4.907622e-01	1.117245e+00
92	4.724324e-01	5.105942e-01	2.709819e+00
93	4.837378e-01	4.669091e-01	2.929653e+00
94	4.590034e-01	3.954496e-01	2.125550e+00
95	5.133200e-01	3.845003e-01	2.148999e+00
96	4.864168e-01	5.140135e-01	1.206155e+00
97	8.785812e-02	6.289604e-01	2.689301e+00
98	4.674322e-01	5.106662e-01	1.997557e+00
99	4.276618e-01	4.894676e-01	1.753298e+00
100	4.791805e-01	4.954778e-01	1.491451e+00
101	4.661141e-01	5.042866e-01	2.381534e+00
102	5.109990e-01	5.864969e-01	1.837323e+00
103	4.683515e-01	6.140538e-01	2.723498e+00
104	2.686191e-01	3.452550e-01	1.216903e+00
105	4.506185e-01	4.710514e-01	1.385931e+00
106	7.379208e-01	7.899474e-01	1.094773e+00
107	4.758312e-01	5.398091e-01	1.887152e+00
108	4.488098e-01	3.965607e-01	1.869565e+00
109	5.290956e-01	4.474749e-01	2.657059e+00
110	5.647244e-01	5.936092e-01	1.905716e+00
111	4.281259e-01	5.387953e-01	2.319980e+00
112	5.396113e-01	8.736923e-01	1.549096e+00
113	2.102017e-01	4.325358e-01	1.155349e+00
114	4.869346e-01	5.277039e-01	1.261847e+00
115	5.417302e-01	5.662351e-01	1.308745e+00
116	4.600783e-01	4.851329e-01	1.148510e+00
117	4.923844e-01	5.756865e-01	1.865657e+00
118	4.777350e-01	5.297119e-01	2.988276e+00
119	3.964565e-01	4.753294e-01	1.479726e+00
120	4.755731e-01	5.294090e-01	2.095261e+00
121	4.690518e-01	6.325941e-01	2.442110e+00
122	5.143729e-01	3.946358e-01	1.070347e+00
123	4.858519e-01	4.611800e-01	1.417196e+00
124	4.676221e-01	5.030184e-01	2.817294e+00
125	3.780167e-01	1.343328e-01	1.164143e+00
126	4.649968e-01	6.224169e-01	2.738153e+00
127	4.870353e-01	5.622936e-01	2.338544e+00
128	4.992989e-01	2.274079e-01	1.282364e+00
129	4.627098e-01	5.007061e-01	2.676600e+00
130	4.997673e-01	2.294284e-01	2.443087e+00
131	6.965776e-01	2.385139e-01	2.375672e+00
132	4.057902e-01	6.820411e-01	1.220811e+00
133	7.302661e-01	6.281314e-01	2.407914e+00
134	4.399600e-01	4.485260e-01	2.277968e+00
135	4.858848e-01	5.247806e-01	2.409868e+00
136	4.831625e-01	5.468796e-01	2.083537e+00
137	3.926319e-01	5.293830e-01	2.286761e+00
138	6.757908e-01	6.170614e-01	1.194431e+00
139	4.853725e-01	5.003374e-01	2.818271e+00
140	4.881977e-01	4.805166e-01	2.827064e+00
141	4.762415e-01	4.868050e-01	1.684905e+00
142	4.597354e-01	5.152843e-01	1.999511e+00
143	4.566195e-01	4.760804e-01	1.956522e+00
144	4.626078e-01	4.922160e-01	2.323889e+00
145	5.554124e-01	5.636885e-01	2.501710e+00
146	3.726230e-01	6.761025e-01	2.395213e+00
147	5.108345e-01	4.312343e-01	2.719590e+00
148	4.652358e-01	5.026630e-01	2.937469e+00
149	4.947896e-01	5.309675e-01	2.803615e+00
150	5.179669e-01	3.817394e-01	1.794333e+00
151	4.714557e-01	4.846698e-01	2.611138e+00
152	4.940627e-01	5.664638e-01	1.724963e+00
153	4.645049e-01	5.174933e-01	1.983879e+00
154	4.655887e-01	4.994358e-01	2.181241e+00
155	5.883064e-01	5.456778e-01	1.295066e+00
156	3.529695e-01	3.572769e-01	1.970200e+00
157	4.602152e-01	5.294766e-01	2.387396e+00
158	3.930011e-01	5.437095e-01	2.386419e+00
159	5.266485e-01	4.204973e-01	2.647289e+00
160	4.809391e-01	5.265047e-01	1.686859e+00
161	4.662110e-01	5.027459e-01	1.553981e+00
162	4.736991e-01	4.248033e-01	1.764045e+00
163	4.720319e-01	5.761708e-01	1.632145e+00
164	4.656841e-01	5.028702e-01	1.235467e+00
165	4.556923e-01	4.856190e-01	2.251588e+00
166	4.784101e-01	5.411677e-01	1.751343e+00
167	3.980360e-01	5.274908e-01	1.715193e+00
168	4.667650e-01	5.010485e-01	2.109917e+00
169	4.907726e-01	5.181169e-01	2.137274e+00
170	3.868546e-01	5.281223e-01	2.099170e+00
171	4.533414e-01	4.339185e-01	2.057157e+00
172	4.275247e-01	5.116568e-01	2.246702e+00
173	5.019481e-01	5.086142e-01	1.894968e+00
174	5.357063e-01	5.266838e-01	2.453835e+00
175	4.882000e-01	5.412270e-01	2.834880e+00
176	5.299088e-01	4.253172e-01	2.215437e+00
177	4.721829e-01	5.163924e-01	2.153884e+00
178	4.645394e-01	4.916236e-01	2.475330e+00
179	6.193291e-01	6.061233e-01	1.274548e+00
180	4.951819e-01	5.179124e-01	2.127504e+00
181	4.781691e-01	5.107572e-01	1.790425e+00
182	5.149333e-01	2.291704e-01	1.736688e+00
183	6.349510e-01	5.322572e-01	1.692721e+00
184	5.162822e-01	5.864613e-01	2.042501e+00
185	6.171765e-01	5.891952e-01	1.468979e+00
186	4.775326e-01	4.720620e-01	1.784563e+00
187	7.392502e-01	7.084255e-01	2.653151e+00
188	5.270231e-01	5.901082e-01	1.839277e+00
189	4.694615e-01	4.936657e-01	1.175867e+00
190	4.155675e-01	5.250290e-01	2.807523e+00
191	4.147434e-01	7.370223e-01	2.811431e+00
192	5.266492e-01	5.770732e-01	1.192477e+00
193	7.787724e-01	6.256998e-01	1.620420e+00
194	5.030850e-01	7.290113e-01	2.624817e+00
195	4.669950e-01	5.012015e-01	2.806546e+00
196	4.151805e-01	3.647549e-01	1.763068e+00
197	4.064151e-01	7.696186e-01	2.060088e+00
198	4.793221e-01	2.183668e-01	2.458720e+00
199	4.991921e-01	5.886950e-01	2.463605e+00
200	4.284464e-01	7.739497e-01	1.141671e+00
201	4.729871e-01	4.876885e-01	1.146556e+00
202	4.846596e-01	5.626366e-01	1.395701e+00
203	4.511794e-01	5.606149e-01	1.755252e+00
204	4.402883e-01	4.783078e-01	2.901319e+00
205	6.095378e-01	6.096645e-01	2.123596e+00
206	4.484549e-01	6.513698e-01	1.652662e+00
207	4.485520e-01	4.695324e-01	1.199316e+00
208	4.999670e-01	5.488451e-01	2.170493e+00
209	5.528789e-01	6.256774e-01	2.733268e+00
210	5.212817e-01	3.863118e-01	1.545188e+00
211	5.007648e-01	4.821579e-01	1.376160e+00
212	4.648141e-01	4.820451e-01	1.621397e+00
213	4.520522e-01	4.948734e-01	1.883244e+00
214	4.513057e-01	5.000482e-01	1.612604e+00
215	4.686608e-01	5.011676e-01	2.909135e+00
216	4.762923e-01	5.276327e-01	1.354665e+00
217	4.769332e-01	5.013218e-01	2.770396e+00
218	4.385261e-01	4.855064e-01	2.148999e+00
219	4.819140e-01	5.420848e-01	2.624817e+00
220	3.894319e-01	4.968573e-01	2.697118e+00
221	4.812127e-01	5.115284e-01	1.938935e+00
222	2.032541e-01	5.439647e-01	1.854910e+00
223	4.835398e-01	6.476070e-01	2.625794e+00
224	2.760438e-01	3.496441e-01	2.984367e+00
225	4.823496e-01	5.353566e-01	2.693210e+00
226	4.642031e-01	4.895303e-01	2.276014e+00
227	4.854286e-01	5.383553e-01	1.245237e+00
228	4.634088e-01	4.972539e-01	1.489497e+00
229	4.545564e-01	5.103982e-01	2.305325e+00
230	4.807004e-01	5.340638e-01	2.689301e+00
231	5.172317e-01	5.516114e-01	1.346849e+00
232	4.952581e-01	5.507054e-01	2.447973e+00
233	4.712403e-01	4.987159e-01	1.591109e+00
234	4.720323e-01	6.584303e-01	1.931119e+00
235	4.570548e-01	4.897936e-01	2.687347e+00
236	4.648713e-01	5.019589e-01	2.787982e+00
237	4.747349e-01	5.224395e-01	1.510015e+00
238	4.498611e-01	4.774256e-01	2.193942e+00
239	4.582308e-01	5.053232e-01	2.918906e+00
240	4.528619e-01	4.384035e-01	1.734734e+00
241	5.080663e-01	5.391267e-01	1.119199e+00
242	3.966699e-01	5.421683e-01	1.631168e+00
243	4.145386e-01	5.027582e-01	1.258915e+00
244	4.262909e-01	4.615137e-01	2.458720e+00
245	4.665099e-01	5.358942e-01	2.134343e+00
246	4.622181e-01	5.076246e-01	2.662921e+00
247	4.663429e-01	5.018626e-01	2.924768e+00
248	3.799872e-01	3.658088e-01	2.983390e+00
249	5.423616e-01	3.765011e-01	2.305325e+00
250	5.383819e-01	7.867357e-01	2.763556e+00
251	4.521098e-01	6.076223e-01	2.374695e+00
252	4.589061e-01	5.495928e-01	1.703468e+00
253	5.108014e-01	3.843289e-01	1.246214e+00
254	5.970126e-01	7.308015e-01	2.925745e+00
255	4.758607e-01	5.179892e-01	1.857841e+00
256	4.772925e-01	5.256500e-01	2.601368e+00
257	4.886528e-01	5.517098e-01	2.413776e+00
258	4.825706e-01	5.070688e-01	2.569126e+00
259	5.033466e-01	4.124565e-01	1.865657e+00
260	4.665476e-01	4.996840e-01	2.574988e+00
261	4.703661e-01	5.417371e-01	1.598925e+00
262	3.172790e-01	4.554325e-01	2.264289e+00
263	3.570344e-01	3.747237e-01	1.176844e+00
264	3.326556e-01	4.071797e-01	1.061553e+00
265	4.751885e-01	5.299039e-01	2.526136e+00
266	4.851535e-01	5.503269e-01	1.928188e+00
267	4.246136e-01	4.805962e-01	2.006351e+00
268	4.874019e-01	5.508267e-01	1.041036e+00
269	5.396400e-01	3.304572e-01	1.793356e+00
270	3.929264e-01	4.142839e-01	1.860772e+00
271	5.517960e-01	5.435262e-01	1.389839e+00
272	4.607374e-01	4.882025e-01	1.052760e+00
273	3.980730e-01	4.077889e-01	1.156326e+00
274	4.780886e-01	4.746376e-01	1.981925e+00
275	4.874860e-01	2.609650e-01	2.256473e+00
276	4.440665e-01	4.573088e-01	2.368832e+00
277	4.842918e-01	5.133266e-01	2.024915e+00
278	4.474316e-01	1.105956e-01	1.266732e+00
279	5.068893e-01	5.459128e-01	1.348803e+00
280	4.642732e-01	6.577428e-01	2.472399e+00
281	3.808227e-01	4.279711e-01	2.288715e+00
282	5.366068e-01	5.669919e-01	2.745970e+00
283	4.863341e-01	5.858701e-01	2.490962e+00
284	4.100883e-01	7.037861e-01	2.515388e+00
285	4.138279e-01	2.013914e-01	1.545188e+00
286	4.701583e-01	5.093319e-01	2.662921e+00
287	4.909288e-01	5.349664e-01	2.264289e+00
288	4.961589e-01	5.670013e-01	2.905227e+00
289	4.852319e-01	5.204502e-01	1.058622e+00
290	3.915397e-01	4.918911e-01	2.152907e+00
291	5.252589e-01	3.326890e-01	2.784074e+00
292	4.621031e-01	4.924857e-01	2.445042e+00
293	7.484445e-01	8.104433e-01	2.852467e+00
294	4.079329e-01	4.679416e-01	2.070835e+00
295	5.074795e-01	5.038932e-01	1.406448e+00
296	2.619270e-01	1.745605e-01	1.751343e+00
297	5.156102e-01	5.444956e-01	2.077675e+00
298	4.015881e-01	6.393220e-01	1.601856e+00
299	4.659122e-01	4.949273e-01	2.048363e+00
300	3.852121e-01	4.192296e-01	2.781143e+00
301	4.646357e-01	5.048345e-01	2.779189e+00
302	4.823355e-01	5.491277e-01	2.617978e+00
303	6.402907e-01	6.103962e-01	1.698583e+00
304	4.798935e-01	3.850507e-01	1.948705e+00
305	4.559676e-01	4.850127e-01	1.416219e+00
306	5.357605e-01	8.616304e-01	1.745481e+00
307	4.831593e-01	5.357362e-01	2.291646e+00
308	5.512370e-01	5.477097e-01	1.868588e+00
309	4.995960e-01	5.167565e-01	2.511480e+00
310	4.954943e-01	5.347249e-01	2.596483e+00
311	4.527581e-01	4.387921e-01	2.855398e+00
312	4.524243e-01	4.306318e-01	1.312653e+00
313	4.969160e-01	5.420716e-01	1.787494e+00
314	4.633936e-01	5.065486e-01	2.252565e+00
315	4.966273e-01	5.985197e-01	1.978017e+00
316	4.407315e-01	4.331732e-01	2.965804e+00
317	4.781997e-01	5.280352e-01	2.221299e+00
318	5.215153e-01	5.165537e-01	1.701514e+00
319	4.480864e-01	4.258353e-01	1.135809e+00
320	4.729578e-01	4.724010e-01	2.997069e+00
321	5.506465e-01	3.713767e-01	2.470445e+00
322	5.031222e-01	7.059519e-01	2.362970e+00
323	4.658339e-01	5.231846e-01	2.553493e+00
324	4.513665e-01	4.851020e-01	1.347826e+00
325	3.461131e-01	2.915264e-01	2.896434e+00
326	4.710092e-01	4.988907e-01	1.857841e+00
327	4.895686e-01	4.181362e-01	1.669272e+00
328	4.686431e-01	5.265392e-01	1.726917e+00
329	4.821658e-01	5.551845e-01	2.604299e+00
330	4.752052e-01	5.781430e-01	2.089399e+00
331	5.129936e-01	4.724542e-01	1.552027e+00
332	5.200282e-01	5.269465e-01	1.769907e+00
333	4.731176e-01	5.268853e-01	1.382022e+00
334	5.562952e-01	5.823640e-01	2.510503e+00
335	5.099927e-01	4.712017e-01	1.640938e+00
336	4.679085e-01	5.123672e-01	2.933561e+00
337	5.725796e-01	5.544515e-01	1.033219e+00
338	4.248491e-01	5.870371e-01	1.408403e+00
339	4.847736e-01	5.364482e-01	2.767465e+00
340	4.564428e-01	4.850222e-01	1.526624e+00
341	6.079841e-01	5.733538e-01	1.456277e+00
342	4.670488e-01	5.067978e-01	1.054714e+00
343	4.803325e-01	5.564258e-01	2.601368e+00
344	4.158483e-01	2.795596e-01	2.193942e+00
345	5.051977e-01	4.346553e-01	2.321935e+00
346	4.415779e-01	4.619986e-01	1.564729e+00
347	4.754528e-01	5.038335e-01	1.679043e+00
348	5.826925e-01	6.399502e-01	2.034685e+00
349	4.860595e-01	5.049234e-01	2.564240e+00
350	4.769616e-01	5.751861e-01	2.311187e+00
351	2.799730e-01	4.085572e-01	1.297997e+00
352	4.741993e-01	5.279892e-01	2.873962e+00
353	3.729034e-01	4.493861e-01	2.202736e+00
354	4.635155e-01	5.053004e-01	2.653151e+00
355	4.455935e-01	6.461826e-01	2.461651e+00
356	4.751394e-01	5.256079e-01	1.679043e+00
357	5.601889e-01	5.627465e-01	2.991207e+00
358	5.174389e-01	5.576817e-01	2.857352e+00
359	4.600500e-01	4.725186e-01	1.913532e+00
360	4.775186e-01	4.141641e-01	1.216903e+00
361	3.263681e-01	2.466139e-01	1.214949e+00
362	5.072144e-01	4.772015e-01	1.005862e+00
363	4.564565e-01	4.959121e-01	2.227162e+00
364	4.647414e-01	5.220969e-01	1.723009e+00
365	2.840462e-01	1.506060e-01	1.491451e+00
366	4.871141e-01	6.773765e-01	1.692721e+00
367	4.778934e-01	4.863783e-01	1.154372e+00
368	4.546179e-01	4.868686e-01	1.851001e+00
369	4.665588e-01	5.035934e-01	2.418661e+00
370	4.922359e-01	5.100965e-01	1.874450e+00
371	4.669256e-01	4.896113e-01	1.591109e+00
372	4.629434e-01	5.424821e-01	2.199805e+00
373	4.509766e-01	5.943118e-01	2.208598e+00
374	4.454490e-01	4.757209e-01	1.322423e+00
375	6.013641e-01	5.989742e-01	2.361016e+00
376	5.976710e-01	5.330940e-01	1.815828e+00
377	4.658099e-01	5.031792e-01	1.328285e+00
378	4.860757e-01	5.305716e-01	1.883244e+00
379	6.563180e-01	7.239448e-01	1.599902e+00
380	6.045294e-01	7.410015e-01	2.343429e+00
381	4.783709e-01	5.151105e-01	1.835369e+00
382	4.365830e-01	5.726330e-01	1.065462e+00
383	3.775082e-01	6.143006e-01	1.698583e+00
384	3.559458e-01	6.143528e-01	2.761602e+00
385	1.848830e-01	3.745506e-01	1.961407e+00
386	5.171119e-01	4.116188e-01	2.449927e+00
387	5.231324e-01	5.523017e-01	2.669761e+00
388	5.780210e-01	4.568015e-01	2.597460e+00
389	4.666270e-01	5.089563e-01	2.960918e+00
390	4.892296e-01	5.343042e-01	1.655594e+00
391	4.948713e-01	5.728576e-01	2.572057e+00
392	4.734970e-01	5.204576e-01	1.234489e+00
393	4.817201e-01	5.236263e-01	1.607719e+00
394	4.579260e-01	4.970098e-01	2.643381e+00
395	4.234591e-01	2.007840e-01	1.233512e+00
396	6.376584e-01	8.485953e-01	2.058134e+00
397	2.957611e-01	4.614158e-01	1.083048e+00
398	7.198414e-01	7.869823e-01	2.453835e+00
399	5.592257e-01	5.337830e-01	2.169516e+00
400	4.566301e-01	4.590095e-01	1.634099e+00
401	5.428202e-01	5.700156e-01	1.314607e+00
402	4.923680e-01	5.247298e-01	2.292623e+00
403	4.870874e-01	5.097901e-01	1.759160e+00
404	4.923687e-01	6.267771e-01	2.942355e+00
405	5.400716e-01	6.239700e-01	1.358574e+00
406	4.611804e-01	4.919988e-01	1.474841e+00
407	4.870350e-01	7.924309e-01	2.850513e+00
408	3.163746e-01	6.411356e-01	2.543723e+00
409	4.645202e-01	5.207415e-01	1.170005e+00
410	4.775489e-01	4.434755e-01	2.011236e+00
411	4.825504e-01	5.116064e-01	2.982413e+00
412	6.115542e-01	7.473723e-01	1.578407e+00
413	4.862471e-01	5.255238e-01	2.904250e+00
414	4.742845e-01	5.212848e-01	2.948217e+00
415	4.661111e-01	5.012640e-01	1.856864e+00
416	5.017073e-01	5.884128e-01	1.780655e+00
417	4.516950e-01	5.011099e-01	1.223742e+00
418	4.634219e-01	5.342348e-01	2.928676e+00
419	4.381810e-01	4.987975e-01	1.055691e+00
420	5.011526e-01	4.988068e-01	2.823156e+00
421	4.670646e-01	4.994736e-01	2.886663e+00
422	4.703193e-01	5.076549e-01	1.391793e+00
423	4.854171e-01	6.827740e-01	1.467025e+00
424	4.654136e-01	5.079395e-01	1.512946e+00
425	4.587899e-01	8.117198e-01	1.960430e+00
426	4.565629e-01	8.109862e-01	2.254519e+00
427	4.812388e-01	6.840265e-01	2.899365e+00
428	4.666011e-01	4.766006e-01	1.247191e+00
429	4.949566e-01	5.201329e-01	1.802149e+00
430	4.556345e-01	5.131046e-01	1.663410e+00
431	4.893705e-01	7.122211e-01	2.556424e+00
432	4.607380e-01	7.812577e-01	2.947240e+00
433	4.820568e-01	5.203812e-01	2.475330e+00
434	4.229177e-01	4.763958e-01	2.923791e+00
435	5.872110e-01	3.528587e-01	2.906204e+00
436	2.151833e-01	7.571895e-01	2.668784e+00
437	4.923028e-01	5.408796e-01	2.476307e+00
438	4.127028e-01	5.895453e-01	2.065950e+00
439	4.674292e-01	5.001876e-01	1.983879e+00
440	4.231385e-01	4.397177e-01	1.637030e+00
441	6.180337e-01	4.638346e-01	1.338056e+00
442	4.273368e-01	4.817175e-01	2.406937e+00
443	5.519494e-01	7.890031e-01	1.422081e+00
444	4.819964e-01	5.272267e-01	2.956033e+00
445	4.623305e-01	5.106186e-01	2.601368e+00
446	3.363696e-01	4.013480e-01	1.846116e+00
447	4.710462e-01	5.214558e-01	1.264778e+00
448	4.577304e-01	4.755554e-01	1.119199e+00
449	4.934638e-01	5.766950e-01	1.956522e+00
450	6.818038e-01	7.633660e-01	2.971666e+00
451	4.703067e-01	5.089378e-01	2.149976e+00
452	5.906626e-01	5.682370e-01	1.574499e+00
453	4.154235e-01	3.722578e-01	1.775769e+00
454	5.322763e-01	5.480496e-01	1.542257e+00
455	4.789040e-01	5.526721e-01	2.984367e+00
456	4.536556e-01	4.665261e-01	1.577430e+00
457	4.649789e-01	5.602952e-01	2.955056e+00
458	4.326490e-01	5.131227e-01	2.865169e+00
459	4.355509e-01	4.674010e-01	1.672203e+00
460	4.582173e-01	1.180671e-01	1.198339e+00
461	5.155528e-01	3.441208e-01	2.513434e+00
462	3.715063e-01	4.314547e-01	1.853933e+00
463	4.574257e-01	5.541407e-01	2.858329e+00
464	4.747363e-01	4.316472e-01	1.574499e+00
465	4.566651e-01	5.298112e-01	1.432829e+00
466	4.605167e-01	5.026595e-01	1.500244e+00
467	6.064644e-01	6.050529e-01	1.323400e+00
468	4.837260e-01	4.841309e-01	2.147044e+00
469	4.433643e-01	4.915128e-01	2.698095e+00
470	4.656208e-01	4.911077e-01	1.364436e+00
471	2.786274e-01	3.406337e-01	2.076698e+00
472	4.638420e-01	4.937792e-01	2.011236e+00
473	5.198981e-01	6.350702e-01	1.215926e+00
474	4.533652e-01	5.011416e-01	2.299463e+00
475	5.517059e-01	5.450934e-01	1.683928e+00
476	4.523281e-01	5.149613e-01	2.081583e+00
477	5.008050e-01	5.339523e-01	2.350269e+00
478	3.978773e-01	7.628953e-01	2.728383e+00
479	4.366344e-01	4.419193e-01	1.194431e+00
480	5.139883e-01	4.555999e-01	2.515388e+00
481	3.451298e-01	2.628322e-01	1.865657e+00
482	4.847872e-01	3.596330e-01	1.802149e+00
483	4.834445e-01	5.131497e-01	1.367367e+00
484	5.212468e-01	5.870438e-01	1.148510e+00
485	5.265152e-01	6.284693e-01	2.427455e+00
486	4.785955e-01	6.248696e-01	2.196873e+00
487	5.271257e-01	5.174242e-01	2.386419e+00
488	5.068957e-01	5.664882e-01	1.294089e+00
489	4.899800e-01	4.090685e-01	1.687836e+00
490	4.818116e-01	4.217055e-01	1.146556e+00
491	4.109918e-01	2.913473e-01	1.597948e+00
492	5.061412e-01	5.091529e-01	2.412799e+00
493	4.053386e-01	4.662124e-01	1.227650e+00
494	4.495245e-01	4.911575e-01	2.522228e+00
495	4.576016e-01	4.480419e-01	1.437714e+00
496	5.260836e-01	5.727386e-01	1.523693e+00
497	5.057288e-01	4.765429e-01	1.221788e+00
498	5.185741e-01	5.529504e-01	1.652662e+00
499	5.734343e-01	3.935495e-01	1.269663e+00
500	4.704327e-01	4.997733e-01	2.967758e+00
501	4.641198e-01	4.952686e-01	2.546654e+00
502	2.077042e-01	3.856084e-01	1.818759e+00
503	5.071359e-01	6.039390e-01	1.919394e+00
504	4.737182e-01	4.953319e-01	2.563263e+00
505	3.515614e-01	3.597135e-01	1.451392e+00
506	5.710529e-01	5.022331e-01	1.718124e+00
507	4.765039e-01	5.285240e-01	1.207132e+00
508	4.750648e-01	5.216613e-01	1.236444e+00
509	4.639569e-01	5.099108e-01	2.622863e+00
510	4.443444e-01	7.070106e-01	2.549585e+00
511	4.586211e-01	4.975593e-01	2.966781e+00
512	5.436752e-01	3.339590e-01	2.395213e+00
513	4.569638e-01	5.310747e-01	1.534441e+00
514	6.180678e-01	6.075935e-01	1.550073e+00
515	4.658033e-01	5.008011e-01	1.610650e+00
516	3.991770e-01	4.721197e-01	1.612604e+00
517	4.690415e-01	4.866909e-01	1.086957e+00
518	4.368218e-01	4.843997e-01	2.282853e+00
519	2.822269e-01	2.680157e-01	1.573522e+00
520	4.592509e-01	4.884858e-01	2.497802e+00
521	4.760182e-01	5.041640e-01	1.752320e+00
522	4.610651e-01	8.964903e-01	1.589155e+00
523	4.708244e-01	4.768361e-01	1.209086e+00
524	4.399818e-01	4.033820e-01	2.755740e+00
525	3.602790e-01	6.747631e-01	1.499267e+00
526	4.720766e-01	4.832431e-01	1.014656e+00
527	4.443123e-01	1.559562e-01	2.891549e+00
528	4.588215e-01	4.872984e-01	2.478261e+00
529	5.513510e-01	4.106781e-01	1.898876e+00
530	4.720285e-01	4.880234e-01	1.188569e+00
531	4.614024e-01	4.891629e-01	2.785051e+00
532	4.647724e-01	5.048100e-01	2.945286e+00
533	4.559344e-01	4.251267e-01	2.458720e+00
534	4.280282e-01	4.991883e-01	2.673669e+00
535	4.511814e-01	5.285620e-01	1.399609e+00
536	4.647209e-01	5.463314e-01	2.604299e+00
537	4.619622e-01	5.047420e-01	1.529555e+00
538	4.632050e-01	5.025374e-01	2.823156e+00
539	4.345581e-01	4.967997e-01	2.826087e+00
540	4.999496e-01	5.622267e-01	2.844651e+00
541	4.919370e-01	5.515288e-01	2.290669e+00
542	4.808620e-01	5.138630e-01	2.570103e+00
543	4.648218e-01	5.532594e-01	2.396190e+00
544	4.080014e-01	5.398813e-01	1.318515e+00
545	4.914077e-01	5.262026e-01	2.605276e+00
546	4.110753e-01	4.949723e-01	2.683439e+00
547	4.426120e-01	7.310612e-01	1.587201e+00
548	5.421977e-01	6.009904e-01	1.375183e+00
549	4.734307e-01	4.623225e-01	2.298486e+00
550	6.088140e-01	6.192605e-01	1.285296e+00
551	4.722855e-01	5.033278e-01	2.983390e+00
552	4.245472e-01	2.846740e-01	1.195408e+00
553	4.573765e-01	5.246786e-01	2.414753e+00
554	5.248279e-01	5.118143e-01	1.843185e+00
555	4.725232e-01	6.345427e-01	2.396190e+00
556	4.404736e-01	4.865276e-01	3.000000e+00
557	4.812215e-01	4.889862e-01	2.728383e+00
558	7.003017e-01	8.223971e-01	1.133854e+00
559	4.652263e-01	5.089329e-01	1.944797e+00
560	4.145024e-01	4.406596e-01	2.883732e+00
561	3.581997e-01	4.307615e-01	2.383488e+00
562	4.253942e-01	5.136456e-01	2.506595e+00
563	4.607518e-01	4.691658e-01	1.786517e+00
564	4.069733e-01	5.426246e-01	2.893503e+00
565	4.508285e-01	4.909460e-01	2.981436e+00
566	4.922706e-01	5.210619e-01	2.663898e+00
567	4.544994e-01	5.130358e-01	2.227162e+00
568	4.844270e-01	4.849179e-01	1.527601e+00
569	4.540516e-01	3.665407e-01	2.610161e+00
570	4.976574e-01	1.253958e-01	1.058622e+00
571	5.000798e-01	5.659714e-01	2.782120e+00
572	3.919027e-01	1.954060e-01	1.518808e+00
573	4.893419e-01	4.974241e-01	2.109917e+00
574	4.668474e-01	5.195398e-01	2.074744e+00
575	4.885372e-01	5.317761e-01	2.319003e+00
576	4.385129e-01	5.032179e-01	1.290181e+00
577	4.678118e-01	5.533877e-01	1.286273e+00
578	4.867022e-01	5.562627e-01	1.881290e+00
579	4.738693e-01	5.303009e-01	1.664387e+00
580	3.214401e-01	7.561507e-01	1.242306e+00
581	5.041577e-01	5.413369e-01	1.927211e+00
582	4.638733e-01	4.990980e-01	2.820225e+00
583	4.541135e-01	7.542986e-01	2.792868e+00
584	5.225376e-01	5.960776e-01	1.201270e+00
585	4.573140e-01	4.483380e-01	1.898876e+00
586	4.601392e-01	5.100705e-01	1.782609e+00
587	4.583574e-01	4.848864e-01	1.561798e+00
588	4.668132e-01	5.009307e-01	2.282853e+00
589	4.979862e-01	5.726641e-01	2.210552e+00
590	4.152472e-01	4.235183e-01	1.020518e+00
591	5.012317e-01	5.622990e-01	1.784563e+00
592	4.644226e-01	5.065917e-01	1.275525e+00
593	4.715998e-01	5.170147e-01	1.212995e+00
594	4.577810e-01	3.953524e-01	2.964827e+00
595	4.828735e-01	5.204679e-01	2.079629e+00
596	3.974843e-01	4.950306e-01	1.187592e+00
597	4.858490e-01	5.300207e-01	1.258915e+00
598	4.843906e-01	5.794241e-01	1.999511e+00
599	4.691589e-01	5.045602e-01	1.264778e+00
600	4.854209e-01	5.258251e-01	1.110405e+00
601	4.581792e-01	4.998374e-01	1.107474e+00
602	4.378574e-01	4.565962e-01	1.070347e+00
603	4.608940e-01	5.020410e-01	2.400098e+00
604	4.288708e-01	4.905090e-01	2.871031e+00
605	4.553655e-01	4.931796e-01	2.739130e+00
606	4.374344e-01	4.795192e-01	2.061065e+00
607	5.058323e-01	3.211609e-01	1.073278e+00
608	5.204285e-01	5.518678e-01	2.799707e+00
609	4.526730e-01	4.798757e-01	2.010259e+00
610	3.957623e-01	4.912927e-01	1.700537e+00
611	4.743001e-01	5.258992e-01	1.339033e+00
612	5.160162e-01	4.096235e-01	2.227162e+00
613	7.663643e-01	7.512216e-01	2.482169e+00
614	4.448793e-01	5.282679e-01	2.958964e+00
615	5.251108e-01	5.778065e-01	1.443576e+00
616	3.842877e-01	5.185267e-01	2.381534e+00
617	4.855394e-01	4.614923e-01	1.971177e+00
618	4.760745e-01	5.273748e-01	2.960918e+00
619	3.465026e-01	2.777378e-01	1.812897e+00
620	4.063824e-01	6.681573e-01	1.170982e+00
621	4.373039e-01	4.183447e-01	1.277479e+00
622	5.150842e-01	6.082536e-01	1.176844e+00
623	4.721980e-01	3.726437e-01	1.636053e+00
624	4.923577e-01	5.843464e-01	2.336590e+00
625	4.236551e-01	4.972695e-01	1.343918e+00
626	4.636896e-01	5.017560e-01	1.905716e+00
627	5.418331e-01	5.459499e-01	1.784563e+00
628	4.697064e-01	4.837675e-01	2.063996e+00
629	4.538310e-01	4.954713e-01	2.497802e+00
630	5.131191e-01	3.998726e-01	2.870054e+00
631	4.706110e-01	4.934549e-01	1.729849e+00
632	3.872592e-01	2.684266e-01	2.290669e+00
633	4.642751e-01	5.009909e-01	2.841720e+00
634	4.673603e-01	5.022341e-01	2.195896e+00
635	4.958133e-01	5.254019e-01	1.601856e+00
636	4.890183e-01	5.663780e-01	2.449927e+00
637	4.513442e-01	4.857199e-01	1.462140e+00
638	4.646824e-01	5.036635e-01	2.041524e+00
639	4.651683e-01	5.030625e-01	2.061065e+00
640	3.912957e-01	3.743692e-01	2.130435e+00
641	3.348750e-01	2.417085e-01	2.205667e+00
642	4.552881e-01	4.874501e-01	2.184172e+00
643	4.649125e-01	5.659317e-01	2.747924e+00
644	6.251184e-01	5.520555e-01	2.909135e+00
645	4.615933e-01	4.866351e-01	2.777235e+00
646	4.937686e-01	5.202263e-01	1.295066e+00
647	5.235061e-01	5.577379e-01	1.050806e+00
648	5.595464e-01	5.799551e-01	1.191500e+00
649	4.820970e-01	5.247957e-01	1.198339e+00
650	4.301261e-01	5.144624e-01	2.656082e+00
651	4.543729e-01	5.404732e-01	1.692721e+00
652	2.745330e-01	1.832330e-01	2.330728e+00
653	4.791700e-01	5.331617e-01	1.906693e+00
654	4.589253e-01	5.323688e-01	2.192965e+00
655	4.565645e-01	4.910485e-01	1.200293e+00
656	4.897885e-01	5.110890e-01	2.361016e+00
657	4.006784e-01	3.105981e-01	2.080606e+00
658	4.717119e-01	4.936092e-01	2.017098e+00
659	5.313677e-01	4.942705e-01	2.191011e+00
660	4.992643e-01	7.837200e-01	1.667318e+00
661	3.999685e-01	3.140273e-01	2.229116e+00
662	4.497696e-01	5.034931e-01	1.188569e+00
663	4.534625e-01	4.776799e-01	2.714704e+00
664	5.162200e-01	5.468959e-01	1.979971e+00
665	5.652149e-01	5.373673e-01	2.954079e+00
666	5.089479e-01	6.135567e-01	1.803127e+00
667	4.859007e-01	5.368015e-01	1.039082e+00
668	6.620621e-01	5.719986e-01	1.893014e+00
669	4.822880e-01	6.588045e-01	1.778701e+00
670	3.689427e-01	6.725567e-01	1.807035e+00
671	4.926538e-01	5.682138e-01	1.102589e+00
672	5.546095e-01	6.115326e-01	1.879336e+00
673	5.273351e-01	5.546888e-01	1.984856e+00
674	4.647968e-01	5.024464e-01	2.238886e+00
675	4.754836e-01	5.404453e-01	2.868100e+00
676	4.649725e-01	4.973333e-01	2.748901e+00
677	5.746769e-01	3.477657e-01	1.578407e+00
678	4.445683e-01	4.712188e-01	1.621397e+00
679	4.598649e-01	5.022532e-01	2.657059e+00
680	4.439043e-01	4.693942e-01	2.404983e+00
681	5.236344e-01	5.756901e-01	2.272106e+00
682	4.504040e-01	4.989634e-01	1.463117e+00
683	4.738128e-01	5.283651e-01	2.316072e+00
684	4.662939e-01	5.032093e-01	2.334636e+00
685	5.236978e-01	4.750143e-01	1.365413e+00
686	5.658173e-01	6.154065e-01	2.105032e+00
687	3.804741e-01	5.018217e-01	1.339033e+00
688	4.677281e-01	5.298554e-01	2.932584e+00
689	4.631293e-01	4.968897e-01	2.378603e+00
690	4.642595e-01	5.042138e-01	1.833415e+00
691	5.171720e-01	5.949311e-01	1.663410e+00
692	4.858894e-01	4.825935e-01	2.251588e+00
693	6.222538e-01	5.363330e-01	1.766976e+00
694	4.833062e-01	5.658863e-01	1.575476e+00
695	3.451099e-01	2.388891e-01	2.771373e+00
696	4.714778e-01	5.015010e-01	2.787005e+00
697	4.608820e-01	4.973279e-01	1.959453e+00
698	4.813253e-01	5.523510e-01	2.187103e+00
699	4.673680e-01	4.996644e-01	2.430386e+00
700	4.900680e-01	6.205543e-01	2.679531e+00
701	5.467782e-01	5.527663e-01	2.191988e+00
702	5.128366e-01	6.205291e-01	2.945286e+00
703	4.637775e-01	5.120236e-01	2.793845e+00
704	4.536206e-01	4.862148e-01	2.132389e+00
705	4.415278e-01	5.723360e-01	1.627259e+00
706	4.655227e-01	5.103165e-01	1.623351e+00
707	4.369327e-01	4.932276e-01	2.772350e+00
708	4.672794e-01	5.148813e-01	1.552027e+00
709	5.200184e-01	5.055531e-01	1.180752e+00
710	4.762597e-01	5.007598e-01	1.632145e+00
711	3.349116e-01	3.544533e-01	1.680997e+00
712	5.970928e-01	6.256375e-01	2.828041e+00
713	1.438077e-01	5.549248e-01	1.703468e+00
714	2.888030e-01	3.874393e-01	1.471910e+00
715	4.647184e-01	4.882141e-01	2.368832e+00
716	4.638891e-01	5.252868e-01	1.961407e+00
717	4.668300e-01	4.998654e-01	1.756229e+00
718	4.494747e-01	4.686615e-01	2.987298e+00
719	4.734894e-01	4.930657e-01	2.332682e+00
720	4.691961e-01	4.923717e-01	1.097704e+00
721	6.129160e-01	5.807482e-01	1.954568e+00
722	4.689717e-01	5.001086e-01	1.704446e+00
723	4.647084e-01	5.019300e-01	1.853933e+00
724	5.160442e-01	6.186925e-01	2.829995e+00
725	4.120289e-01	5.077472e-01	2.232047e+00
726	4.914668e-01	5.594235e-01	2.587689e+00
727	1.746993e-01	6.483715e-01	2.698095e+00
728	4.159074e-01	4.032843e-01	1.896922e+00
729	4.821620e-01	6.265295e-01	1.212995e+00
730	2.483458e-01	4.087117e-01	1.502198e+00
731	4.664830e-01	4.986340e-01	2.614069e+00
732	4.493518e-01	5.221416e-01	2.880801e+00
733	4.832809e-01	5.053508e-01	1.956522e+00
734	3.577508e-01	3.998103e-01	2.745970e+00
735	3.213274e-01	7.282978e-01	1.179775e+00
736	3.711818e-01	5.203462e-01	1.935027e+00
737	4.610415e-01	5.246918e-01	1.975085e+00
738	4.800195e-01	5.526555e-01	1.067416e+00
739	5.304197e-01	4.465428e-01	2.024915e+00
740	4.836286e-01	5.627719e-01	2.810454e+00
741	5.255177e-01	5.495469e-01	2.428432e+00
742	5.071959e-01	5.048685e-01	1.957499e+00
743	6.319346e-01	6.217767e-01	2.306302e+00
744	4.442501e-01	5.058441e-01	2.557401e+00
745	4.865492e-01	5.496166e-01	1.243283e+00
746	4.931536e-01	5.702220e-01	2.429409e+00
747	4.694642e-01	4.875445e-01	2.523205e+00
748	4.237018e-01	2.563264e-01	2.842697e+00
749	4.672227e-01	4.997042e-01	2.247680e+00
750	4.465973e-01	4.764835e-01	2.000489e+00
751	4.879634e-01	5.198537e-01	2.446019e+00
752	4.656952e-01	4.924923e-01	2.360039e+00
753	4.502462e-01	6.094627e-01	2.567171e+00
754	4.566155e-01	4.910491e-01	2.415730e+00
755	4.854018e-01	5.134348e-01	1.989741e+00
756	4.723120e-01	4.940109e-01	2.908158e+00
757	5.900440e-01	6.267278e-01	2.731314e+00
758	4.628773e-01	5.050053e-01	2.544700e+00
759	4.648991e-01	5.029459e-01	2.890572e+00
760	4.690297e-01	5.026721e-01	1.654617e+00
761	4.674162e-01	5.032801e-01	1.008793e+00
762	5.022649e-01	5.569640e-01	1.260870e+00
763	4.130073e-01	4.890627e-01	1.347826e+00
764	4.586475e-01	5.025711e-01	1.325354e+00
765	4.618391e-01	4.853275e-01	1.420127e+00
766	4.647878e-01	5.132964e-01	2.845628e+00
767	4.951115e-01	5.286550e-01	1.853933e+00
768	4.526528e-01	4.885363e-01	1.303859e+00
769	5.188969e-01	3.962711e-01	1.294089e+00
770	7.438824e-01	3.111406e-01	1.675134e+00
771	4.857476e-01	4.242805e-01	2.417684e+00
772	4.998676e-01	5.416054e-01	2.053249e+00
773	4.662093e-01	5.151823e-01	1.276502e+00
774	4.058172e-01	6.718444e-01	2.779189e+00
775	5.277445e-01	3.218867e-01	1.984856e+00
776	4.955285e-01	7.475837e-01	2.295554e+00
777	4.655872e-01	5.101254e-01	1.652662e+00
778	4.777975e-01	5.342010e-01	2.464582e+00
779	4.668752e-01	4.978803e-01	1.763068e+00
780	4.871905e-01	5.405976e-01	2.026869e+00
781	4.038441e-01	3.877196e-01	1.160234e+00
782	2.623086e-01	4.928309e-01	2.302394e+00
783	4.766747e-01	4.978225e-01	1.384954e+00
784	4.137618e-01	4.755686e-01	2.598437e+00
785	3.855054e-01	5.326762e-01	2.130435e+00
786	4.699531e-01	5.126946e-01	1.690767e+00
787	4.828529e-01	5.056224e-01	1.940889e+00
788	4.702452e-01	5.219688e-01	2.099170e+00
