771
0	9.031404e-01	4.303684e-01	1.398632e+00
1	5.458428e-01	4.590193e-01	1.108451e+00
2	5.202101e-01	3.963597e-01	2.925745e+00
3	7.873755e-01	3.215006e-01	2.732291e+00
4	8.380114e-01	9.368767e-02	1.257938e+00
5	6.964948e-01	3.913907e-01	2.424524e+00
7	4.339614e-01	6.258605e-01	2.705911e+00
8	5.606765e-01	3.150309e-01	2.442110e+00
9	6.063682e-01	3.838536e-01	2.233024e+00
10	6.285048e-01	4.164326e-01	2.376649e+00
11	5.793932e-01	3.766660e-01	1.556913e+00
13	5.001894e-01	7.370849e-01	1.066439e+00
14	3.777162e-01	4.273766e-01	1.626282e+00
15	6.580278e-01	2.030075e-01	1.306790e+00
16	5.398446e-01	5.132568e-01	2.902296e+00
17	5.916758e-01	3.775449e-01	1.195408e+00
18	6.596832e-01	3.850062e-01	1.785540e+00
19	6.107890e-01	5.179754e-01	1.248168e+00
20	6.399610e-01	4.517153e-01	1.863703e+00
21	2.401192e-01	2.203515e-01	2.671715e+00
22	6.277368e-01	5.003475e-01	2.487054e+00
23	6.083695e-01	2.694399e-01	1.946751e+00
24	2.001265e-01	7.595728e-01	1.303859e+00
25	8.678151e-01	1.524241e-01	2.152907e+00
26	6.044672e-01	3.971566e-01	1.388862e+00
27	5.522461e-01	3.412794e-01	1.591109e+00
28	4.917549e-01	6.195497e-01	2.205667e+00
29	4.388495e-01	3.937953e-01	2.181241e+00
30	7.021239e-01	1.925083e-01	1.475818e+00
31	5.437605e-01	4.838445e-01	2.309233e+00
32	4.926080e-01	2.984556e-01	2.073766e+00
33	4.293720e-01	5.946727e-01	2.331705e+00
34	6.315482e-01	4.714357e-01	1.126038e+00
35	1.305972e-01	7.407023e-01	2.235955e+00
36	5.380930e-01	4.362268e-02	2.805569e+00
37	5.533337e-01	3.154973e-01	2.555447e+00
38	6.030225e-01	3.530407e-01	2.559355e+00
39	6.431464e-01	3.818944e-01	1.895945e+00
40	3.087945e-01	6.259631e-01	1.282364e+00
41	6.115217e-01	4.513372e-01	2.750855e+00
42	6.006596e-01	3.720081e-01	2.412799e+00
43	5.824676e-01	4.959794e-01	2.557401e+00
44	5.997397e-01	3.879311e-01	1.648754e+00
45	5.776490e-01	1.795158e-01	1.721055e+00
46	5.689909e-01	4.410555e-01	2.588666e+00
47	5.941800e-01	5.088824e-01	1.525647e+00
48	5.654745e-01	3.418420e-01	2.751832e+00
50	7.364881e-01	2.952809e-01	1.663410e+00
51	5.862916e-01	4.969937e-01	2.560332e+00
52	3.561361e-01	5.733445e-01	1.696629e+00
53	4.611998e-01	5.671211e-01	1.506106e+00
54	6.152899e-01	3.682855e-01	2.675623e+00
55	5.865600e-01	3.690006e-01	2.497802e+00
57	8.164044e-01	7.128600e-02	2.361993e+00
58	8.307203e-01	2.659167e-01	1.866634e+00
59	5.571970e-01	2.062305e-01	2.930630e+00
60	5.650866e-01	4.616583e-01	1.503175e+00
61	5.845947e-01	3.664430e-01	2.449927e+00
62	5.897641e-01	4.647997e-01	2.831949e+00
63	5.070646e-01	3.290294e-01	2.317049e+00
64	6.268448e-01	4.122402e-01	2.353200e+00
65	6.069592e-01	3.822898e-01	2.575965e+00
66	6.741376e-01	2.242825e-01	2.922814e+00
67	3.635801e-01	5.899497e-01	2.289692e+00
68	4.979448e-01	4.538918e-01	2.766488e+00
69	6.449324e-01	4.658112e-01	1.522716e+00
70	2.053661e-01	3.085393e-01	2.769419e+00
71	6.577413e-01	4.408684e-01	1.110405e+00
72	4.039708e-01	3.944884e-01	1.412311e+00
73	5.167133e-01	4.236829e-01	1.951637e+00
74	3.881368e-01	6.645811e-01	1.449438e+00
75	4.513001e-01	4.353514e-01	2.176356e+00
76	6.587468e-01	3.906452e-01	1.212995e+00
77	6.216550e-01	4.169634e-01	1.872496e+00
78	5.955885e-01	3.849152e-01	1.606742e+00
79	7.611073e-01	8.960296e-01	1.183683e+00
80	5.995655e-01	3.636294e-01	2.736199e+00
81	5.583348e-01	4.705411e-01	1.617489e+00
82	3.673398e-01	3.987893e-01	2.456766e+00
83	6.160908e-01	7.650178e-01	1.406448e+00
84	5.890921e-02	4.630775e-01	2.453835e+00
85	5.139014e-01	4.801324e-01	2.712750e+00
86	6.032090e-01	3.854270e-01	2.877870e+00
87	8.220985e-01	1.055049e-01	1.533464e+00
88	2.483986e-01	2.001452e-01	2.169516e+00
89	6.234442e-01	5.147077e-01	2.483146e+00
90	5.885997e-01	3.864693e-01	1.538349e+00
91	5.729300e-01	5.325924e-01	1.117245e+00
92	6.659954e-01	4.180757e-01	2.709819e+00
93	5.594248e-01	3.659169e-01	2.929653e+00
94	5.695531e-01	3.321469e-01	2.125550e+00
95	7.048091e-01	4.594239e-01	2.148999e+00
96	6.132612e-01	4.048758e-01	1.206155e+00
97	5.217921e-01	4.603328e-01	2.689301e+00
98	5.349386e-01	5.042974e-01	1.997557e+00
99	4.378380e-01	3.294778e-01	1.753298e+00
100	5.980108e-01	3.551676e-01	1.491451e+00
101	5.702216e-01	5.472653e-01	2.381534e+00
102	2.439016e-01	1.012404e-01	1.837323e+00
103	5.794400e-01	2.431966e-01	2.723498e+00
104	8.082303e-01	7.245542e-01	1.216903e+00
105	3.393343e-01	4.430788e-01	1.385931e+00
106	4.354026e-01	4.335593e-01	1.094773e+00
107	6.492870e-01	4.284522e-01	1.887152e+00
108	6.915351e-01	4.019812e-01	1.869565e+00
109	5.486297e-01	4.526929e-01	2.657059e+00
110	6.399058e-01	4.054933e-01	1.905716e+00
111	8.998307e-01	3.441948e-01	2.319980e+00
112	4.078495e-01	4.176095e-01	1.549096e+00
113	5.212735e-01	4.594691e-01	1.155349e+00
114	6.538431e-01	4.206787e-01	1.261847e+00
115	6.521631e-01	3.753271e-01	1.308745e+00
116	1.217936e-01	3.019151e-01	1.148510e+00
117	6.503237e-01	3.985732e-01	1.865657e+00
118	6.649290e-01	3.050914e-01	2.988276e+00
119	5.766404e-01	4.940722e-01	1.479726e+00
120	7.363183e-01	2.662755e-01	2.095261e+00
121	5.886436e-01	3.808965e-01	2.442110e+00
122	5.138436e-01	9.158180e-02	1.070347e+00
123	4.992701e-01	4.206063e-01	1.417196e+00
124	5.919251e-01	4.930104e-01	2.817294e+00
125	5.973442e-01	4.926353e-01	1.164143e+00
126	5.792791e-01	3.854308e-01	2.738153e+00
127	4.133421e-01	4.683606e-01	2.338544e+00
128	5.451706e-01	2.098680e-01	1.282364e+00
129	6.032565e-01	3.539575e-01	2.676600e+00
130	5.434797e-01	2.047736e-01	2.443087e+00
131	8.130702e-01	1.031256e-01	2.375672e+00
132	6.133864e-01	4.431130e-01	1.220811e+00
133	4.819985e-01	3.942303e-01	2.407914e+00
134	7.629988e-01	3.213698e-01	2.277968e+00
135	5.862432e-01	5.279669e-01	2.409868e+00
136	4.916781e-01	4.228273e-01	2.083537e+00
137	6.984041e-01	2.150120e-01	2.286761e+00
138	4.779658e-01	4.021606e-01	1.194431e+00
139	6.505972e-01	4.226712e-01	2.818271e+00
140	7.987350e-01	2.970278e-01	2.827064e+00
141	6.260546e-01	3.738706e-01	1.684905e+00
142	6.156887e-01	4.965773e-01	1.999511e+00
143	6.400455e-01	3.690785e-01	1.956522e+00
144	5.040981e-01	4.872426e-01	2.323889e+00
145	6.391452e-01	4.067947e-01	2.501710e+00
146	6.617443e-01	4.448271e-01	2.395213e+00
147	3.106808e-01	3.200177e-01	2.719590e+00
148	6.029519e-01	5.087677e-01	2.937469e+00
149	9.003043e-01	7.835065e-02	2.803615e+00
150	6.090673e-01	4.998746e-01	1.794333e+00
151	4.010101e-01	3.732600e-01	2.611138e+00
152	6.222089e-01	4.166882e-01	1.724963e+00
153	5.952172e-01	4.878979e-01	1.983879e+00
154	6.097747e-01	3.864867e-01	2.181241e+00
155	5.208005e-01	3.939284e-01	1.295066e+00
156	4.238191e-01	7.909328e-01	1.970200e+00
157	6.492605e-01	3.765093e-01	2.387396e+00
158	3.632396e-01	4.354073e-01	2.386419e+00
159	4.396561e-01	6.478967e-01	2.647289e+00
160	6.023671e-01	3.541312e-01	1.686859e+00
161	1.798760e-01	4.347823e-01	1.553981e+00
162	6.484876e-01	4.628401e-01	1.764045e+00
163	4.045674e-01	5.512787e-01	1.632145e+00
164	6.064813e-01	5.364871e-01	1.235467e+00
165	5.939441e-01	3.705019e-01	2.251588e+00
166	7.198634e-01	4.080245e-01	1.751343e+00
167	2.278986e-01	5.212855e-01	1.715193e+00
168	6.099244e-01	3.756975e-01	2.109917e+00
169	6.322004e-01	4.036886e-01	2.137274e+00
170	6.985403e-01	2.168410e-01	2.099170e+00
171	6.856074e-01	3.145162e-01	2.057157e+00
172	5.810801e-01	4.075812e-01	2.246702e+00
173	4.902628e-01	4.510695e-01	1.894968e+00
174	8.669153e-01	3.940791e-01	2.453835e+00
175	5.616120e-01	5.463448e-01	2.834880e+00
176	4.706886e-01	5.899231e-01	2.215437e+00
177	6.273379e-01	4.233847e-01	2.153884e+00
178	5.385070e-01	4.058093e-01	2.475330e+00
180	3.467760e-01	4.348497e-01	2.127504e+00
181	6.059760e-01	4.579888e-01	1.790425e+00
182	4.337684e-01	1.659905e-01	1.736688e+00
183	9.937809e-01	4.759984e-02	1.692721e+00
184	6.091449e-01	4.156424e-01	2.042501e+00
185	9.363769e-01	4.672240e-02	1.468979e+00
186	5.715319e-01	4.127004e-01	1.784563e+00
187	8.734620e-01	7.956116e-01	2.653151e+00
188	6.188377e-01	4.146872e-01	1.839277e+00
189	6.332697e-01	3.842455e-01	1.175867e+00
190	3.995911e-01	3.678741e-01	2.807523e+00
191	4.530809e-01	5.776826e-01	2.811431e+00
192	6.814587e-01	2.521374e-01	1.192477e+00
193	5.144810e-01	4.141403e-01	1.620420e+00
194	5.776136e-01	3.776449e-01	2.624817e+00
195	6.174682e-01	3.974570e-01	2.806546e+00
196	7.101946e-01	4.606628e-01	1.763068e+00
197	3.778782e-01	3.234149e-01	2.060088e+00
198	8.093227e-01	2.274636e-01	2.458720e+00
199	7.623214e-01	2.573411e-01	2.463605e+00
200	4.834599e-01	4.443251e-01	1.141671e+00
201	7.345211e-01	3.532893e-01	1.146556e+00
202	7.663127e-01	2.474329e-01	1.395701e+00
203	5.849814e-01	3.562086e-01	1.755252e+00
204	3.626231e-01	4.328519e-01	2.901319e+00
205	8.275534e-01	8.013530e-02	2.123596e+00
206	4.745083e-01	4.415331e-01	1.652662e+00
207	4.014563e-01	5.704249e-01	1.199316e+00
208	6.126019e-01	4.956941e-01	2.170493e+00
210	4.693554e-01	6.454662e-01	1.545188e+00
211	6.535251e-01	4.152851e-01	1.376160e+00
212	5.269047e-01	5.406074e-01	1.621397e+00
213	5.789469e-01	3.879367e-01	1.883244e+00
214	6.011653e-01	3.197602e-01	1.612604e+00
215	5.857651e-01	3.477299e-01	2.909135e+00
216	6.308316e-01	4.399751e-01	1.354665e+00
217	5.832274e-01	4.986780e-01	2.770396e+00
218	6.733827e-01	4.342218e-01	2.148999e+00
219	6.279329e-01	5.354029e-01	2.624817e+00
220	3.886381e-01	3.658754e-01	2.697118e+00
221	5.834265e-01	4.089403e-01	1.938935e+00
222	3.070396e-01	5.260770e-01	1.854910e+00
223	2.315815e-01	2.126065e-01	2.625794e+00
224	5.544321e-01	2.636322e-01	2.984367e+00
225	7.809825e-01	2.012546e-01	2.693210e+00
226	5.837885e-01	3.567460e-01	2.276014e+00
227	5.932290e-01	2.647772e-01	1.245237e+00
228	4.938053e-01	4.675948e-01	1.489497e+00
229	5.332721e-01	5.421881e-01	2.305325e+00
230	3.975985e-01	4.558881e-01	2.689301e+00
231	5.718536e-01	3.526294e-01	1.346849e+00
232	5.648351e-01	3.243808e-01	2.447973e+00
233	5.006508e-01	4.000279e-01	1.591109e+00
234	4.426515e-01	4.056941e-01	1.931119e+00
235	5.355097e-01	4.592303e-01	2.687347e+00
236	6.086355e-01	5.008380e-01	2.787982e+00
237	6.451145e-01	3.898843e-01	1.510015e+00
238	4.901384e-01	3.412837e-01	2.193942e+00
239	5.017510e-01	3.073709e-01	2.918906e+00
240	4.860306e-01	5.523071e-01	1.734734e+00
241	6.177885e-01	4.023352e-01	1.119199e+00
242	5.203202e-01	4.398385e-01	1.631168e+00
243	5.643557e-01	4.935739e-01	1.258915e+00
244	6.393406e-01	3.903725e-01	2.458720e+00
245	3.501546e-01	2.789688e-01	2.134343e+00
246	6.469733e-01	4.719262e-01	2.662921e+00
247	6.257765e-01	4.167314e-01	2.924768e+00
248	4.851501e-01	4.029181e-01	2.983390e+00
249	7.073438e-01	1.277439e-01	2.305325e+00
250	6.424119e-01	3.613641e-01	2.763556e+00
251	6.696765e-01	1.675479e-01	2.374695e+00
252	2.715540e-01	3.286549e-01	1.703468e+00
253	5.715739e-01	5.021324e-01	1.246214e+00
254	6.437877e-01	4.953218e-01	2.925745e+00
255	6.009751e-01	3.554729e-01	1.857841e+00
256	6.512341e-01	4.238934e-01	2.601368e+00
257	6.939480e-01	3.731081e-01	2.413776e+00
258	3.910576e-01	3.587029e-01	2.569126e+00
259	4.753348e-01	4.162062e-01	1.865657e+00
260	6.150791e-01	4.335033e-01	2.574988e+00
261	5.494844e-01	4.177086e-01	1.598925e+00
262	3.551064e-01	7.511100e-01	2.264289e+00
263	5.079331e-02	4.735449e-01	1.176844e+00
264	6.320144e-01	2.933827e-01	1.061553e+00
265	5.677487e-01	3.723427e-01	2.526136e+00
266	7.426437e-01	3.211842e-01	1.928188e+00
267	6.316743e-01	4.285629e-01	2.006351e+00
268	6.618604e-01	3.213923e-01	1.041036e+00
269	5.978306e-01	2.187672e-01	1.793356e+00
270	8.443371e-01	6.297734e-02	1.860772e+00
271	3.883435e-01	1.786583e-01	1.389839e+00
272	5.320558e-01	5.568345e-01	1.052760e+00
273	8.464016e-01	6.212487e-02	1.156326e+00
274	1.897909e-01	6.403232e-02	1.981925e+00
275	5.630050e-01	1.961826e-01	2.256473e+00
276	7.663966e-01	2.103002e-01	2.368832e+00
277	5.993332e-01	4.406397e-01	2.024915e+00
278	5.388654e-01	2.144615e-01	1.266732e+00
279	2.688980e-01	4.343468e-01	1.348803e+00
280	2.588929e-01	9.755505e-02	2.472399e+00
281	1.367456e-01	4.134080e-01	2.288715e+00
282	6.257024e-01	4.147263e-01	2.745970e+00
283	3.072369e-01	6.324403e-01	2.490962e+00
284	1.938820e-01	8.547063e-02	2.515388e+00
286	5.601944e-01	3.941690e-01	2.662921e+00
287	6.869738e-01	4.099421e-01	2.264289e+00
288	3.815747e-01	4.119420e-01	2.905227e+00
289	2.406306e-01	1.368484e-01	1.058622e+00
290	3.947347e-01	4.583532e-01	2.152907e+00
291	6.928747e-01	1.132022e-01	2.784074e+00
292	5.674451e-01	4.719980e-01	2.445042e+00
293	4.549349e-01	4.693103e-01	2.852467e+00
294	6.237141e-01	4.127987e-01	2.070835e+00
295	5.428210e-01	4.208452e-01	1.406448e+00
296	5.412151e-01	4.211468e-01	1.751343e+00
297	6.721682e-01	2.359626e-01	2.077675e+00
298	5.009097e-01	4.368547e-01	1.601856e+00
299	2.635739e-01	7.225039e-01	2.048363e+00
300	2.183772e-01	2.134364e-01	2.781143e+00
301	5.778477e-01	4.801519e-01	2.779189e+00
302	7.584148e-01	2.507741e-01	2.617978e+00
304	4.835564e-01	4.577914e-01	1.948705e+00
305	5.932773e-01	3.699744e-01	1.416219e+00
306	4.003793e-01	4.957739e-01	1.745481e+00
307	5.659390e-01	5.380296e-01	2.291646e+00
308	1.325011e-01	4.018668e-01	1.868588e+00
309	7.333656e-01	3.455423e-01	2.511480e+00
310	6.266082e-01	4.729792e-01	2.596483e+00
311	6.937788e-01	2.419368e-01	2.855398e+00
312	5.898644e-01	4.112278e-01	1.312653e+00
313	8.400301e-01	7.517280e-02	1.787494e+00
314	5.890971e-01	3.446881e-01	2.252565e+00
315	6.884455e-01	4.046402e-01	1.978017e+00
316	5.859923e-01	4.695770e-01	2.965804e+00
317	5.904308e-01	3.984876e-01	2.221299e+00
318	4.927575e-01	5.603358e-01	1.701514e+00
319	7.562449e-01	5.203189e-01	1.135809e+00
320	6.299947e-01	4.154453e-01	2.997069e+00
321	7.046298e-01	1.244547e-01	2.470445e+00
322	2.528711e-01	2.182262e-01	2.362970e+00
323	5.619649e-01	4.067564e-01	2.553493e+00
324	5.001959e-01	4.084618e-01	1.347826e+00
325	2.111855e-01	9.086227e-02	2.896434e+00
326	6.073021e-01	4.306287e-01	1.857841e+00
327	5.668730e-01	4.409494e-01	1.669272e+00
328	6.088647e-01	3.930344e-01	1.726917e+00
329	6.154833e-01	4.533257e-01	2.604299e+00
330	5.177609e-01	4.005859e-01	2.089399e+00
331	5.930302e-01	5.228015e-01	1.552027e+00
332	8.019569e-01	3.258892e-01	1.769907e+00
333	6.614520e-01	4.423584e-01	1.382022e+00
334	8.440060e-01	7.861747e-02	2.510503e+00
335	6.120827e-01	3.316814e-01	1.640938e+00
336	5.306310e-01	5.341976e-01	2.933561e+00
337	5.409608e-01	3.821383e-01	1.033219e+00
338	6.680554e-01	5.712453e-01	1.408403e+00
339	5.920798e-01	5.629579e-01	2.767465e+00
340	5.912505e-01	3.690806e-01	1.526624e+00
341	8.325470e-01	6.860852e-02	1.456277e+00
342	5.849284e-01	4.966765e-01	1.054714e+00
343	5.894578e-01	3.594112e-01	2.601368e+00
344	1.602761e-01	6.272306e-02	2.193942e+00
345	7.299220e-01	2.229298e-01	2.321935e+00
346	3.339751e-01	3.953457e-01	1.564729e+00
347	3.974764e-01	3.768372e-01	1.679043e+00
349	5.906405e-01	4.905773e-01	2.564240e+00
350	4.260974e-01	5.284419e-01	2.311187e+00
351	2.195267e-01	7.766576e-01	1.297997e+00
352	5.717581e-01	4.097105e-01	2.873962e+00
353	1.883862e-01	5.404504e-01	2.202736e+00
354	5.505671e-01	3.055384e-01	2.653151e+00
355	4.038999e-01	4.894780e-01	2.461651e+00
356	6.306921e-01	4.467582e-01	1.679043e+00
357	4.410644e-01	3.732728e-01	2.991207e+00
358	6.445194e-01	1.208198e-01	2.857352e+00
359	7.220901e-01	2.616133e-01	1.913532e+00
360	6.335782e-01	5.577309e-01	1.216903e+00
361	4.764652e-01	5.544035e-01	1.214949e+00
362	4.980851e-01	4.307206e-01	1.005862e+00
363	7.205004e-01	2.761390e-01	2.227162e+00
364	5.562715e-01	4.732339e-01	1.723009e+00
365	4.676194e-01	5.868813e-01	1.491451e+00
366	2.882669e-01	6.421688e-01	1.692721e+00
367	6.067071e-01	3.864066e-01	1.154372e+00
368	5.290978e-01	4.705262e-01	1.851001e+00
369	6.291207e-01	4.351146e-01	2.418661e+00
370	6.885908e-01	2.131615e-01	1.874450e+00
371	5.714316e-01	1.017845e-01	1.591109e+00
372	6.017366e-01	4.511801e-01	2.199805e+00
373	4.964922e-01	1.377018e-01	2.208598e+00
374	6.071045e-01	4.119896e-01	1.322423e+00
375	8.170867e-01	6.195731e-03	2.361016e+00
376	4.042576e-01	3.606861e-01	1.815828e+00
377	6.019678e-01	5.162201e-01	1.328285e+00
378	6.045406e-01	3.829138e-01	1.883244e+00
379	7.863834e-01	8.559444e-01	1.599902e+00
380	6.022666e-01	6.375798e-01	2.343429e+00
381	2.843637e-01	4.520746e-01	1.835369e+00
382	1.924528e-01	8.242057e-01	1.065462e+00
383	5.975358e-01	3.119232e-01	1.698583e+00
384	4.104114e-01	2.983512e-01	2.761602e+00
385	5.112959e-01	4.516487e-01	1.961407e+00
386	5.502625e-01	4.573456e-01	2.449927e+00
387	5.660440e-01	3.435292e-01	2.669761e+00
388	1.805884e-01	2.145241e-01	2.597460e+00
389	5.115549e-01	5.842626e-01	2.960918e+00
390	5.872051e-01	4.865025e-01	1.655594e+00
391	7.130332e-01	5.220543e-01	2.572057e+00
392	6.268456e-01	4.243123e-01	1.234489e+00
393	6.503306e-01	3.972943e-01	1.607719e+00
394	5.292796e-01	4.147979e-01	2.643381e+00
395	4.355924e-01	5.247755e-01	1.233512e+00
396	4.046820e-01	4.407850e-01	2.058134e+00
397	1.430399e-01	7.223681e-01	1.083048e+00
398	4.479077e-01	4.743889e-01	2.453835e+00
399	6.048417e-01	3.060443e-01	2.169516e+00
400	5.936333e-01	3.767535e-01	1.634099e+00
401	1.813216e-01	4.851217e-01	1.314607e+00
402	6.214974e-01	4.247449e-01	2.292623e+00
403	6.156146e-01	5.455351e-01	1.759160e+00
404	4.522817e-01	2.107833e-01	2.942355e+00
405	6.224159e-01	2.852825e-01	1.358574e+00
406	6.228792e-01	4.052584e-01	1.474841e+00
407	3.208403e-01	3.204775e-01	2.850513e+00
408	4.043751e-01	4.466518e-01	2.543723e+00
409	6.323464e-01	4.520868e-01	1.170005e+00
410	6.302229e-01	4.721021e-01	2.011236e+00
411	5.184817e-01	5.892142e-01	2.982413e+00
412	3.000772e-01	4.382053e-01	1.578407e+00
413	6.095005e-01	2.465910e-01	2.904250e+00
414	6.505861e-01	4.243283e-01	2.948217e+00
415	6.266376e-01	4.004205e-01	1.856864e+00
416	6.722451e-01	5.688636e-01	1.780655e+00
417	4.129507e-01	3.746702e-01	1.223742e+00
418	5.851558e-01	3.277689e-01	2.928676e+00
419	6.005171e-01	4.975071e-01	1.055691e+00
420	5.873117e-01	3.437372e-01	2.823156e+00
421	6.172424e-01	4.568606e-01	2.886663e+00
422	6.157105e-01	3.554444e-01	1.391793e+00
423	2.441673e-01	6.184803e-01	1.467025e+00
424	5.555963e-01	5.558457e-01	1.512946e+00
425	3.213072e-01	3.088572e-01	1.960430e+00
426	3.245184e-01	3.131228e-01	2.254519e+00
427	2.338587e-01	2.038046e-01	2.899365e+00
428	6.468337e-01	4.133972e-01	1.247191e+00
429	5.764856e-01	5.158637e-01	1.802149e+00
430	5.274816e-01	3.778510e-01	1.663410e+00
431	2.654935e-01	1.440269e-01	2.556424e+00
432	3.244584e-01	2.991035e-01	2.947240e+00
433	5.969396e-01	5.340227e-01	2.475330e+00
434	5.197552e-01	3.951460e-01	2.923791e+00
435	5.379487e-01	2.717535e-01	2.906204e+00
436	9.496304e-02	8.784629e-01	2.668784e+00
437	6.098875e-01	4.908340e-01	2.476307e+00
438	6.467957e-01	3.248708e-01	2.065950e+00
439	5.823694e-01	5.330946e-01	1.983879e+00
440	3.812573e-01	4.194282e-01	1.637030e+00
441	6.135987e-01	6.165060e-01	1.338056e+00
442	7.111198e-01	3.986952e-01	2.406937e+00
443	5.913259e-01	3.759784e-01	1.422081e+00
444	6.124369e-01	4.245098e-01	2.956033e+00
445	5.408799e-01	4.005846e-01	2.601368e+00
446	5.647384e-01	3.234437e-01	1.846116e+00
447	5.863902e-01	3.636619e-01	1.264778e+00
448	7.223807e-01	2.998467e-01	1.119199e+00
449	7.196818e-01	5.394339e-01	1.956522e+00
450	4.649850e-01	4.745972e-01	2.971666e+00
451	6.319929e-01	4.213930e-01	2.149976e+00
452	4.442178e-01	5.204169e-01	1.574499e+00
453	6.095083e-01	5.625343e-01	1.775769e+00
454	7.836536e-01	6.037163e-01	1.542257e+00
455	6.256179e-01	4.138929e-01	2.984367e+00
456	6.751937e-01	3.618036e-01	1.577430e+00
457	5.857838e-01	5.197531e-01	2.955056e+00
458	6.007413e-01	6.292695e-01	2.865169e+00
459	4.398523e-01	5.555635e-01	1.672203e+00
460	5.443264e-01	2.200152e-01	1.198339e+00
461	4.033701e-01	8.323777e-02	2.513434e+00
462	5.486079e-01	5.244548e-01	1.853933e+00
463	3.260181e-01	3.812173e-01	2.858329e+00
464	5.480299e-01	4.576085e-01	1.574499e+00
465	7.052699e-01	2.395883e-01	1.432829e+00
466	6.341688e-01	4.384848e-01	1.500244e+00
468	6.342349e-01	4.949133e-01	2.147044e+00
469	5.901508e-01	3.281451e-01	2.698095e+00
470	5.767408e-01	4.966272e-01	1.364436e+00
471	6.842086e-01	2.618021e-01	2.076698e+00
472	6.260785e-01	5.014110e-01	2.011236e+00
473	6.970301e-01	1.177845e-01	1.215926e+00
474	5.518696e-01	3.109493e-01	2.299463e+00
475	5.362541e-01	3.873266e-01	1.683928e+00
476	6.385371e-01	3.847000e-01	2.081583e+00
477	4.618239e-01	2.939505e-01	2.350269e+00
478	3.751575e-01	3.163888e-01	2.728383e+00
479	5.755630e-01	3.623075e-01	1.194431e+00
480	4.993055e-01	4.555368e-01	2.515388e+00
481	4.725857e-01	5.714778e-01	1.865657e+00
483	5.767186e-01	3.784371e-01	1.367367e+00
484	6.969775e-01	3.911228e-01	1.148510e+00
485	6.949556e-01	1.202316e-01	2.427455e+00
486	5.927342e-01	3.805017e-01	2.196873e+00
487	4.701379e-01	4.020977e-01	2.386419e+00
488	8.387426e-01	2.774343e-01	1.294089e+00
489	6.670832e-01	4.230625e-01	1.687836e+00
490	7.079809e-01	2.414726e-01	1.146556e+00
491	6.882981e-01	6.102397e-01	1.597948e+00
492	6.766106e-01	2.429021e-01	2.412799e+00
493	8.416314e-01	1.635206e-01	1.227650e+00
494	4.985187e-01	4.662528e-01	2.522228e+00
495	6.849048e-01	3.139459e-01	1.437714e+00
496	6.177479e-01	4.173825e-01	1.523693e+00
497	5.979647e-01	2.601184e-01	1.221788e+00
498	2.551739e-01	2.551299e-01	1.652662e+00
499	5.044792e-01	4.427819e-01	1.269663e+00
500	5.289637e-01	4.144372e-01	2.967758e+00
501	5.966505e-01	3.301528e-01	2.546654e+00
502	2.140288e-01	7.249112e-01	1.818759e+00
503	5.490169e-01	3.430967e-01	1.919394e+00
504	5.844996e-01	4.978654e-01	2.563263e+00
505	4.393789e-01	7.949782e-01	1.451392e+00
506	2.118975e-01	4.063908e-01	1.718124e+00
507	5.618697e-01	3.657342e-01	1.207132e+00
508	6.254320e-01	4.329438e-01	1.236444e+00
509	6.202999e-01	3.711999e-01	2.622863e+00
510	4.596318e-01	5.757057e-01	2.549585e+00
511	5.302539e-01	4.166600e-01	2.966781e+00
512	5.934040e-01	1.711706e-01	2.395213e+00
513	4.350575e-01	4.472795e-01	1.534441e+00
515	7.092216e-01	2.777846e-01	1.610650e+00
516	8.495896e-01	2.002962e-01	1.612604e+00
517	6.302042e-01	3.845454e-01	1.086957e+00
518	6.727331e-01	4.336788e-01	2.282853e+00
519	1.662839e-01	1.124050e-01	1.573522e+00
520	6.188207e-01	4.210286e-01	2.497802e+00
521	6.437689e-01	4.225977e-01	1.752320e+00
522	3.525863e-01	3.948563e-01	1.589155e+00
523	7.573317e-01	2.295656e-01	1.209086e+00
524	5.176233e-01	4.321043e-01	2.755740e+00
525	3.557977e-01	4.498538e-01	1.499267e+00
526	5.865906e-01	3.680204e-01	1.014656e+00
527	6.349127e-01	3.573493e-01	2.891549e+00
528	5.928258e-01	3.599060e-01	2.478261e+00
529	5.318805e-01	4.543664e-01	1.898876e+00
530	5.824288e-01	5.013081e-01	1.188569e+00
531	5.954344e-01	3.802519e-01	2.785051e+00
532	5.484273e-01	3.150700e-01	2.945286e+00
533	6.714259e-01	4.206924e-01	2.458720e+00
534	3.331119e-01	2.889018e-01	2.673669e+00
535	6.253162e-01	4.056659e-01	1.399609e+00
536	6.035028e-01	4.272925e-01	2.604299e+00
537	3.801232e-01	4.808161e-01	1.529555e+00
538	5.923832e-01	5.336670e-01	2.823156e+00
539	2.666569e-01	1.162595e-01	2.826087e+00
540	7.397026e-01	2.857294e-01	2.844651e+00
541	4.356581e-01	5.521505e-01	2.290669e+00
542	3.434865e-01	4.497651e-01	2.570103e+00
543	5.217859e-01	2.807527e-01	2.396190e+00
544	4.339868e-01	5.892035e-01	1.318515e+00
545	4.951991e-01	4.204268e-01	2.605276e+00
546	4.950523e-01	4.681312e-01	2.683439e+00
547	2.686622e-01	3.184895e-01	1.587201e+00
548	7.484845e-01	4.111458e-01	1.375183e+00
549	5.904193e-01	2.657621e-01	2.298486e+00
551	5.668626e-01	3.585771e-01	2.983390e+00
552	1.856324e-01	5.143932e-01	1.195408e+00
553	6.388250e-01	4.037563e-01	2.414753e+00
554	1.811958e-01	4.776173e-01	1.843185e+00
555	3.297202e-01	5.915938e-01	2.396190e+00
556	4.690816e-01	4.081843e-01	3.000000e+00
557	6.237486e-01	3.753320e-01	2.728383e+00
558	4.318546e-01	4.302375e-01	1.133854e+00
559	5.412282e-01	4.896522e-01	1.944797e+00
560	3.133818e-01	3.141668e-01	2.883732e+00
561	5.555101e-01	5.274913e-01	2.383488e+00
562	2.121886e-01	5.566604e-01	2.506595e+00
563	2.308077e-01	4.819558e-01	1.786517e+00
564	4.391423e-01	6.031590e-01	2.893503e+00
565	6.022521e-01	4.658436e-01	2.981436e+00
566	2.530175e-01	9.199860e-02	2.663898e+00
567	5.169511e-01	4.403175e-01	2.227162e+00
568	4.167446e-01	3.738070e-01	1.527601e+00
569	2.649566e-01	3.491358e-01	2.610161e+00
570	6.055570e-01	4.209059e-01	1.058622e+00
571	5.450133e-01	5.646602e-01	2.782120e+00
572	4.415648e-01	6.311628e-01	1.518808e+00
573	6.481684e-01	3.958015e-01	2.109917e+00
574	6.331670e-01	4.999652e-01	2.074744e+00
575	6.457638e-01	3.769480e-01	2.319003e+00
576	2.990102e-01	1.887919e-01	1.290181e+00
577	6.550952e-01	4.324700e-01	1.286273e+00
578	6.267257e-01	6.721954e-01	1.881290e+00
579	8.628407e-01	5.244088e-01	1.664387e+00
580	1.873484e-01	8.753573e-01	1.242306e+00
581	7.060056e-01	2.338134e-01	1.927211e+00
582	6.281011e-01	4.767138e-01	2.820225e+00
583	4.265255e-01	5.329879e-01	2.792868e+00
584	4.927011e-01	3.016544e-01	1.201270e+00
585	8.104266e-01	4.209053e-01	1.898876e+00
586	6.362973e-01	5.016603e-01	1.782609e+00
587	3.470525e-01	4.188593e-01	1.561798e+00
588	5.654806e-01	4.878667e-01	2.282853e+00
589	6.618116e-01	4.484682e-01	2.210552e+00
590	5.751208e-01	3.309780e-01	1.020518e+00
591	7.276902e-01	2.723527e-01	1.784563e+00
592	4.238720e-01	4.703607e-01	1.275525e+00
593	6.333985e-01	4.477293e-01	1.212995e+00
594	7.636168e-01	2.546192e-01	2.964827e+00
595	6.020886e-01	3.297860e-01	2.079629e+00
596	6.129637e-01	5.501106e-01	1.187592e+00
597	4.628171e-01	5.891221e-01	1.258915e+00
598	1.738856e-01	4.783005e-01	1.999511e+00
599	6.186147e-01	3.773775e-01	1.264778e+00
600	5.473635e-01	3.387757e-01	1.110405e+00
601	2.025965e-01	2.042481e-01	1.107474e+00
602	2.702446e-01	6.831599e-01	1.070347e+00
603	6.542369e-01	4.437424e-01	2.400098e+00
604	5.411795e-01	3.839673e-01	2.871031e+00
605	6.035044e-01	4.925196e-01	2.739130e+00
606	6.223078e-01	4.902920e-01	2.061065e+00
607	7.113878e-01	2.317379e-01	1.073278e+00
608	5.243095e-01	3.695228e-01	2.799707e+00
609	4.646673e-01	6.030683e-01	2.010259e+00
610	5.355680e-01	2.994440e-01	1.700537e+00
611	6.398737e-01	3.888637e-01	1.339033e+00
612	4.596257e-01	4.135558e-01	2.227162e+00
613	4.481270e-01	4.305670e-01	2.482169e+00
614	5.956596e-01	3.116194e-01	2.958964e+00
615	5.487189e-01	3.807658e-01	1.443576e+00
616	3.637500e-01	4.065836e-01	2.381534e+00
617	5.480323e-01	4.631569e-01	1.971177e+00
618	6.291377e-01	4.474345e-01	2.960918e+00
619	2.045734e-01	8.732669e-02	1.812897e+00
620	2.219687e-01	2.025184e-01	1.170982e+00
621	4.053728e-01	4.125856e-01	1.277479e+00
622	7.446355e-01	6.006024e-01	1.176844e+00
623	5.528627e-01	4.348116e-01	1.636053e+00
624	7.616750e-01	2.512582e-01	2.336590e+00
625	5.788758e-01	5.340798e-01	1.343918e+00
626	6.173849e-01	3.897717e-01	1.905716e+00
627	7.050678e-01	2.337065e-01	1.784563e+00
628	6.170939e-01	4.063898e-01	2.063996e+00
629	6.364006e-01	4.398622e-01	2.497802e+00
630	4.761555e-01	4.115245e-01	2.870054e+00
631	4.678532e-01	4.464300e-01	1.729849e+00
632	4.997358e-01	7.881325e-01	2.290669e+00
633	5.613026e-01	5.589402e-01	2.841720e+00
634	6.109641e-01	4.149410e-01	2.195896e+00
635	2.521288e-01	9.301742e-02	1.601856e+00
636	3.752004e-01	4.118801e-01	2.449927e+00
637	5.947142e-01	5.092389e-01	1.462140e+00
638	5.492099e-01	5.138929e-01	2.041524e+00
639	6.086106e-01	5.006879e-01	2.061065e+00
641	8.087789e-01	1.934022e-01	2.205667e+00
642	6.222019e-01	3.862826e-01	2.184172e+00
643	6.733519e-01	2.374533e-01	2.747924e+00
644	5.239034e-01	5.254924e-01	2.909135e+00
645	6.362100e-01	4.254092e-01	2.777235e+00
646	6.282895e-01	4.138747e-01	1.295066e+00
647	5.862765e-01	2.224825e-01	1.050806e+00
648	8.420046e-01	7.874656e-02	1.191500e+00
649	6.404583e-01	3.696092e-01	1.198339e+00
650	4.170168e-01	6.111645e-01	2.656082e+00
651	3.804542e-01	3.843892e-01	1.692721e+00
652	8.535271e-01	1.799973e-01	2.330728e+00
653	5.560359e-01	5.531102e-01	1.906693e+00
654	2.346609e-01	4.452246e-01	2.192965e+00
655	6.285987e-01	4.508765e-01	1.200293e+00
656	5.805193e-01	4.935323e-01	2.361016e+00
657	5.106885e-01	5.175433e-01	2.080606e+00
658	5.976096e-01	3.134667e-01	2.017098e+00
659	6.235879e-01	5.996483e-01	2.191011e+00
660	3.172302e-01	3.232833e-01	1.667318e+00
661	4.980024e-01	5.164450e-01	2.229116e+00
662	7.621259e-01	3.404439e-01	1.188569e+00
663	4.993133e-01	4.303986e-01	2.714704e+00
664	5.785687e-01	5.247633e-01	1.979971e+00
665	4.055238e-01	5.788001e-01	2.954079e+00
666	5.083881e-01	1.030024e-01	1.803127e+00
667	6.685553e-01	5.048435e-01	1.039082e+00
668	1.744501e-01	5.339867e-01	1.893014e+00
669	2.244654e-01	2.226100e-01	1.778701e+00
670	1.932207e-01	9.089538e-01	1.807035e+00
671	6.729381e-01	3.901629e-01	1.102589e+00
672	7.557377e-01	3.126456e-01	1.879336e+00
673	7.322932e-01	2.960229e-01	1.984856e+00
674	5.952867e-01	5.333928e-01	2.238886e+00
675	4.405942e-01	6.734625e-01	2.868100e+00
676	6.084043e-01	3.223381e-01	2.748901e+00
677	4.540588e-01	4.951426e-01	1.578407e+00
678	5.313676e-01	3.339357e-01	1.621397e+00
679	5.648977e-01	5.443838e-01	2.657059e+00
680	2.171994e-01	4.241719e-01	2.404983e+00
681	2.989396e-01	1.743432e-01	2.272106e+00
682	4.424998e-01	4.455559e-01	1.463117e+00
683	4.019221e-01	4.424601e-01	2.316072e+00
684	6.225382e-01	3.770290e-01	2.334636e+00
685	6.565330e-01	5.609067e-01	1.365413e+00
686	5.921493e-01	5.591035e-01	2.105032e+00
687	7.265302e-01	3.961829e-01	1.339033e+00
688	5.873051e-01	3.497954e-01	2.932584e+00
689	5.708603e-01	3.184024e-01	2.378603e+00
690	6.115418e-01	4.781542e-01	1.833415e+00
691	4.783061e-01	4.066527e-01	1.663410e+00
692	5.421664e-01	5.915544e-01	2.251588e+00
693	5.170790e-01	5.052963e-01	1.766976e+00
694	4.144671e-01	4.823640e-01	1.575476e+00
695	4.611542e-01	5.278583e-01	2.771373e+00
696	4.054709e-01	3.711091e-01	2.787005e+00
697	6.269595e-01	3.963100e-01	1.959453e+00
698	6.713374e-01	4.589815e-01	2.187103e+00
699	6.147852e-01	4.316751e-01	2.430386e+00
700	6.122297e-01	3.220351e-01	2.679531e+00
701	5.589560e-01	3.954838e-01	2.191988e+00
702	6.166499e-01	3.011327e-01	2.945286e+00
703	5.826612e-01	4.994679e-01	2.793845e+00
704	6.291704e-01	4.246688e-01	2.132389e+00
705	4.531655e-01	6.018092e-01	1.627259e+00
706	6.005498e-01	3.134636e-01	1.623351e+00
707	6.367758e-01	3.065177e-01	2.772350e+00
708	5.331943e-01	4.911010e-01	1.552027e+00
709	2.590375e-01	6.593862e-01	1.180752e+00
710	4.277946e-01	5.285644e-01	1.632145e+00
711	1.534338e-01	1.575897e-01	1.680997e+00
713	5.287716e-01	4.721551e-01	1.703468e+00
714	6.563081e-01	3.347725e-01	1.471910e+00
715	1.669300e-01	4.348228e-01	2.368832e+00
716	6.666378e-01	4.015042e-01	1.961407e+00
717	6.153618e-01	3.774867e-01	1.756229e+00
718	6.078792e-01	4.068757e-01	2.987298e+00
719	5.981859e-01	3.121862e-01	2.332682e+00
720	6.095387e-01	4.429983e-01	1.097704e+00
722	6.077550e-01	3.902126e-01	1.704446e+00
723	6.018580e-01	5.007702e-01	1.853933e+00
724	5.931543e-01	3.358359e-01	2.829995e+00
725	6.989364e-01	2.544743e-01	2.232047e+00
726	4.152084e-01	4.813167e-01	2.587689e+00
727	3.348898e-01	4.547276e-01	2.698095e+00
729	7.723964e-01	2.496803e-01	1.212995e+00
730	2.164801e-01	7.217534e-01	1.502198e+00
731	5.974331e-01	4.758974e-01	2.614069e+00
732	4.965886e-01	4.635912e-01	2.880801e+00
733	5.963427e-01	4.644678e-01	1.956522e+00
734	5.662234e-01	3.164196e-01	2.745970e+00
735	2.060797e-01	8.917852e-01	1.179775e+00
736	7.115012e-01	2.082494e-01	1.935027e+00
737	6.063317e-01	4.524709e-01	1.975085e+00
738	6.279412e-01	4.221163e-01	1.067416e+00
739	6.530077e-01	3.324445e-01	2.024915e+00
740	4.163429e-01	4.790410e-01	2.810454e+00
741	6.182408e-01	4.515374e-01	2.428432e+00
742	6.198862e-01	4.169374e-01	1.957499e+00
743	9.086699e-01	2.266583e-01	2.306302e+00
744	5.844126e-01	5.191275e-01	2.557401e+00
745	3.863055e-01	6.605034e-01	1.243283e+00
746	6.226173e-01	4.149095e-01	2.429409e+00
747	5.394073e-01	4.240793e-01	2.523205e+00
748	6.752056e-01	2.660076e-01	2.842697e+00
749	6.171322e-01	4.438419e-01	2.247680e+00
750	5.742493e-01	3.491678e-01	2.000489e+00
751	5.937137e-01	4.768713e-01	2.446019e+00
752	5.306700e-01	3.373943e-01	2.360039e+00
753	2.023691e-01	1.236833e-01	2.567171e+00
754	5.911751e-01	3.893043e-01	2.415730e+00
755	6.051688e-01	4.924233e-01	1.989741e+00
756	5.475661e-01	3.387456e-01	2.908158e+00
757	5.851776e-01	5.353065e-01	2.731314e+00
758	6.082046e-01	4.796836e-01	2.544700e+00
759	5.542189e-01	5.287921e-01	2.890572e+00
760	6.084378e-01	3.801063e-01	1.654617e+00
761	5.083540e-01	4.637831e-01	1.008793e+00
762	4.220975e-01	4.642092e-01	1.260870e+00
763	2.641465e-01	1.165321e-01	1.347826e+00
764	6.355724e-01	3.593180e-01	1.325354e+00
765	5.802500e-01	4.371921e-01	1.420127e+00
766	7.794760e-01	2.405480e-01	2.845628e+00
767	5.881370e-01	5.099227e-01	1.853933e+00
768	5.685300e-01	3.207425e-01	1.303859e+00
769	3.367536e-01	2.724062e-01	1.294089e+00
770	3.379469e-01	5.867213e-01	1.675134e+00
771	5.363230e-01	4.029544e-01	2.417684e+00
772	5.624136e-01	3.322883e-01	2.053249e+00
773	6.206152e-01	3.902492e-01	1.276502e+00
774	5.509438e-01	4.569884e-01	2.779189e+00
776	2.259043e-01	4.601445e-01	2.295554e+00
777	6.276086e-01	4.321234e-01	1.652662e+00
778	6.110611e-01	4.123473e-01	2.464582e+00
779	6.024769e-01	4.740860e-01	1.763068e+00
780	7.578987e-01	4.019957e-01	2.026869e+00
781	5.941404e-01	3.212864e-01	1.160234e+00
782	5.287541e-01	4.680916e-01	2.302394e+00
783	4.413686e-01	5.177326e-01	1.384954e+00
784	5.240654e-01	3.937523e-01	2.598437e+00
785	5.910089e-01	4.321471e-01	2.130435e+00
786	7.398659e-01	3.992004e-01	1.690767e+00
787	4.209074e-01	3.727958e-01	1.940889e+00
788	6.232151e-01	3.895836e-01	2.099170e+00
