775
0	5.429271e-02	3.160430e-01	1.398632e+00
1	3.924614e-01	4.693259e-01	1.108451e+00
2	5.041350e-01	5.860241e-01	2.925745e+00
3	4.265153e-01	4.288545e-01	2.732291e+00
4	4.644022e-01	6.153762e-01	1.257938e+00
5	4.254377e-01	3.975062e-01	2.424524e+00
6	7.606780e-01	9.099144e-01	1.383000e+00
7	4.941971e-01	5.049825e-01	2.705911e+00
8	4.993192e-01	5.232002e-01	2.442110e+00
9	4.645231e-01	5.020947e-01	2.233024e+00
10	5.557036e-01	5.366491e-01	2.376649e+00
11	4.647740e-01	4.940862e-01	1.556913e+00
12	3.656495e-01	3.236100e-01	2.950171e+00
13	3.384123e-01	4.859038e-01	1.066439e+00
14	4.688511e-01	5.058014e-01	1.626282e+00
15	2.845794e-01	5.613329e-01	1.306790e+00
16	4.686178e-01	5.014663e-01	2.902296e+00
17	3.345324e-01	3.631121e-01	1.195408e+00
18	5.183625e-01	5.245552e-01	1.785540e+00
19	5.118062e-01	5.463253e-01	1.248168e+00
20	4.527192e-01	4.722340e-01	1.863703e+00
21	4.591125e-01	4.555864e-01	2.671715e+00
22	4.771287e-01	5.115172e-01	2.487054e+00
23	4.613745e-01	5.158016e-01	1.946751e+00
24	5.784177e-01	3.873551e-01	1.303859e+00
25	3.706706e-01	3.795433e-01	2.152907e+00
26	4.815376e-01	4.915245e-01	1.388862e+00
27	4.776899e-01	5.271365e-01	1.591109e+00
28	4.319249e-01	4.372512e-01	2.205667e+00
29	4.546919e-01	4.691416e-01	2.181241e+00
30	3.995231e-01	5.637503e-01	1.475818e+00
31	4.585420e-01	5.444167e-01	2.309233e+00
32	4.822241e-01	5.093894e-01	2.073766e+00
33	2.427796e-01	2.264676e-01	2.331705e+00
34	4.683880e-01	4.868805e-01	1.126038e+00
35	3.921040e-01	6.923418e-01	2.235955e+00
36	4.390150e-01	7.676286e-01	2.805569e+00
37	3.903333e-01	4.035355e-01	2.555447e+00
38	4.898550e-01	5.193337e-01	2.559355e+00
39	4.664636e-01	4.837751e-01	1.895945e+00
40	4.660681e-01	4.838413e-01	1.282364e+00
41	4.184834e-01	4.461732e-01	2.750855e+00
42	4.800037e-01	5.133911e-01	2.412799e+00
43	4.609747e-01	4.846538e-01	2.557401e+00
44	4.756980e-01	4.446760e-01	1.648754e+00
45	4.176980e-01	5.750443e-01	1.721055e+00
46	5.532723e-01	5.948274e-01	2.588666e+00
47	4.823343e-01	4.857623e-01	1.525647e+00
48	4.625966e-01	5.008424e-01	2.751832e+00
49	2.954890e-01	3.629768e-01	2.625794e+00
50	5.705113e-01	5.844266e-01	1.663410e+00
51	4.714740e-01	5.079176e-01	2.560332e+00
52	4.666668e-01	5.148401e-01	1.696629e+00
53	4.572814e-01	5.107577e-01	1.506106e+00
54	4.607742e-01	5.001317e-01	2.675623e+00
55	4.832687e-01	5.953612e-01	2.497802e+00
56	5.287945e-01	6.907580e-01	1.031265e+00
57	5.949083e-01	6.283512e-01	2.361993e+00
58	5.415478e-01	5.477197e-01	1.866634e+00
60	4.083431e-01	1.131103e-01	1.503175e+00
61	4.572293e-01	5.558172e-01	2.449927e+00
62	4.690415e-01	5.033188e-01	2.831949e+00
63	4.726231e-01	4.878260e-01	2.317049e+00
64	4.799520e-01	5.481643e-01	2.353200e+00
65	4.692019e-01	5.057002e-01	2.575965e+00
66	4.055923e-01	6.348276e-01	2.922814e+00
67	4.546872e-01	4.830275e-01	2.289692e+00
68	4.566213e-01	6.013942e-01	2.766488e+00
69	4.852010e-01	3.796348e-01	1.522716e+00
70	4.693163e-01	5.919598e-01	2.769419e+00
71	4.493581e-01	4.811590e-01	1.110405e+00
72	4.594153e-01	4.618611e-01	1.412311e+00
73	5.509639e-01	6.194670e-01	1.951637e+00
74	5.123546e-01	6.068514e-01	1.449438e+00
75	4.782239e-01	3.965125e-01	2.176356e+00
76	4.368180e-01	4.811976e-01	1.212995e+00
77	4.924718e-01	4.734581e-01	1.872496e+00
78	4.793554e-01	5.219228e-01	1.606742e+00
79	4.354101e-01	3.663314e-01	1.183683e+00
80	4.408864e-01	4.891798e-01	2.736199e+00
81	4.692950e-01	5.049648e-01	1.617489e+00
82	5.221390e-01	5.609421e-01	2.456766e+00
83	4.114070e-01	4.313651e-01	1.406448e+00
84	4.972739e-01	3.214540e-01	2.453835e+00
85	4.710401e-01	4.975362e-01	2.712750e+00
86	4.694365e-01	4.948438e-01	2.877870e+00
87	6.890655e-01	6.936771e-01	1.533464e+00
88	3.092047e-01	3.353376e-01	2.169516e+00
89	3.106879e-01	3.371457e-01	2.483146e+00
90	4.554989e-01	4.897754e-01	1.538349e+00
91	4.615411e-01	4.969836e-01	1.117245e+00
92	4.644955e-01	4.991138e-01	2.709819e+00
93	4.501580e-01	4.718871e-01	2.929653e+00
94	4.922538e-01	4.499765e-01	2.125550e+00
95	5.968094e-01	5.939321e-01	2.148999e+00
96	4.623148e-01	4.806283e-01	1.206155e+00
98	4.767413e-01	5.166960e-01	1.997557e+00
99	4.496627e-01	5.827705e-01	1.753298e+00
100	4.729214e-01	5.101634e-01	1.491451e+00
101	4.666284e-01	5.023800e-01	2.381534e+00
102	4.783982e-01	5.403850e-01	1.837323e+00
103	5.302168e-01	5.195879e-01	2.723498e+00
104	5.663035e-01	6.499942e-01	1.216903e+00
105	4.717996e-01	5.072610e-01	1.385931e+00
107	4.761335e-01	5.188727e-01	1.887152e+00
108	2.676976e-01	5.025453e-01	1.869565e+00
109	4.756493e-01	4.313848e-01	2.657059e+00
110	5.398315e-01	5.083515e-01	1.905716e+00
111	4.226460e-01	5.064773e-01	2.319980e+00
113	4.273294e-01	7.501899e-01	1.155349e+00
114	4.768308e-01	5.262235e-01	1.261847e+00
115	4.910239e-01	5.152860e-01	1.308745e+00
116	5.159767e-01	8.229669e-01	1.148510e+00
117	5.166591e-01	5.431547e-01	1.865657e+00
118	4.420944e-01	4.675070e-01	2.988276e+00
119	4.708129e-01	6.148596e-01	1.479726e+00
120	5.047187e-01	5.399162e-01	2.095261e+00
121	4.496149e-01	5.103212e-01	2.442110e+00
122	5.152512e-01	5.859390e-01	1.070347e+00
123	5.556263e-01	5.046416e-01	1.417196e+00
124	4.756888e-01	5.108905e-01	2.817294e+00
126	4.664849e-01	4.222798e-01	2.738153e+00
127	5.275092e-01	6.167021e-01	2.338544e+00
128	4.501857e-01	6.707405e-01	1.282364e+00
129	4.579895e-01	5.262649e-01	2.676600e+00
130	4.571812e-01	6.688173e-01	2.443087e+00
131	3.590395e-01	8.688770e-01	2.375672e+00
132	6.655023e-01	4.084779e-01	1.220811e+00
133	5.173244e-01	3.013822e-01	2.407914e+00
134	5.388059e-01	6.023920e-01	2.277968e+00
135	4.772337e-01	4.912045e-01	2.409868e+00
136	4.673208e-01	4.538114e-01	2.083537e+00
137	4.978493e-01	5.080785e-01	2.286761e+00
138	5.951118e-01	1.824394e-01	1.194431e+00
139	4.541152e-01	5.081464e-01	2.818271e+00
140	4.534674e-01	5.181745e-01	2.827064e+00
141	4.747643e-01	4.679174e-01	1.684905e+00
142	4.768918e-01	4.840331e-01	1.999511e+00
143	4.748268e-01	5.016398e-01	1.956522e+00
144	5.084267e-01	4.799283e-01	2.323889e+00
145	4.881985e-01	4.418501e-01	2.501710e+00
146	6.886382e-01	3.658954e-01	2.395213e+00
147	3.627206e-01	4.976249e-01	2.719590e+00
148	4.679192e-01	5.018434e-01	2.937469e+00
149	4.731826e-01	4.644651e-01	2.803615e+00
150	5.664455e-01	5.509149e-01	1.794333e+00
151	4.821879e-01	5.062744e-01	2.611138e+00
152	5.152580e-01	5.238979e-01	1.724963e+00
153	4.515798e-01	4.939799e-01	1.983879e+00
154	4.669595e-01	4.981794e-01	2.181241e+00
155	4.453851e-01	5.630042e-01	1.295066e+00
156	4.185202e-01	3.732705e-01	1.970200e+00
157	4.505194e-01	4.930847e-01	2.387396e+00
158	4.033739e-01	5.450489e-01	2.386419e+00
159	5.901671e-01	5.854474e-01	2.647289e+00
160	4.664003e-01	4.815080e-01	1.686859e+00
161	4.490717e-01	4.806509e-01	1.553981e+00
162	4.373313e-01	4.551791e-01	1.764045e+00
163	5.960642e-01	5.867308e-01	1.632145e+00
164	4.658028e-01	5.015347e-01	1.235467e+00
165	4.793379e-01	5.138272e-01	2.251588e+00
166	4.870085e-01	4.975712e-01	1.751343e+00
167	3.609674e-01	4.224535e-01	1.715193e+00
168	4.696419e-01	5.020910e-01	2.109917e+00
169	5.336365e-01	5.441394e-01	2.137274e+00
170	5.429450e-01	4.336145e-01	2.099170e+00
171	5.223067e-01	5.857144e-01	2.057157e+00
172	5.110410e-01	5.351752e-01	2.246702e+00
173	4.391038e-01	4.833452e-01	1.894968e+00
174	5.219596e-01	4.201189e-01	2.453835e+00
175	4.798416e-01	5.180784e-01	2.834880e+00
176	3.595853e-01	4.325082e-01	2.215437e+00
177	4.540955e-01	4.740453e-01	2.153884e+00
178	4.741911e-01	4.950449e-01	2.475330e+00
179	4.203802e-01	3.361776e-01	1.274548e+00
180	4.989087e-01	5.149436e-01	2.127504e+00
181	4.723723e-01	5.171949e-01	1.790425e+00
182	5.481782e-01	7.068019e-01	1.736688e+00
183	4.455280e-01	3.965037e-01	1.692721e+00
184	5.086198e-01	5.803126e-01	2.042501e+00
185	4.455331e-01	5.442790e-01	1.468979e+00
186	4.914667e-01	5.232901e-01	1.784563e+00
187	3.463903e-01	8.273241e-02	2.653151e+00
188	4.684824e-01	4.972996e-01	1.839277e+00
189	4.709272e-01	4.910655e-01	1.175867e+00
190	5.204137e-01	4.770026e-01	2.807523e+00
191	2.090388e-01	4.541563e-01	2.811431e+00
192	4.496245e-01	4.942462e-01	1.192477e+00
193	4.497815e-01	4.152498e-01	1.620420e+00
194	6.264467e-01	4.738266e-01	2.624817e+00
195	4.720591e-01	4.972094e-01	2.806546e+00
196	5.828581e-01	6.535670e-01	1.763068e+00
197	5.027724e-01	5.537839e-01	2.060088e+00
198	7.171420e-01	5.338182e-01	2.458720e+00
199	4.886365e-01	5.282314e-01	2.463605e+00
200	4.833042e-01	2.034564e-01	1.141671e+00
201	4.822472e-01	5.037312e-01	1.146556e+00
202	4.509080e-01	4.444167e-01	1.395701e+00
203	4.515282e-01	5.336746e-01	1.755252e+00
204	4.629717e-01	4.758538e-01	2.901319e+00
205	5.104553e-01	6.291311e-01	2.123596e+00
206	6.221796e-01	5.795419e-01	1.652662e+00
207	4.674821e-01	5.017908e-01	1.199316e+00
208	4.535608e-01	4.766744e-01	2.170493e+00
209	4.720062e-01	4.959990e-01	2.733268e+00
210	6.378489e-01	5.778917e-01	1.545188e+00
211	4.526535e-01	4.877001e-01	1.376160e+00
212	4.700040e-01	4.827942e-01	1.621397e+00
213	4.757459e-01	5.145178e-01	1.883244e+00
214	4.705999e-01	5.238590e-01	1.612604e+00
215	4.950084e-01	4.774029e-01	2.909135e+00
216	4.635180e-01	4.848671e-01	1.354665e+00
217	4.578122e-01	5.134299e-01	2.770396e+00
218	4.595391e-01	3.781189e-01	2.148999e+00
219	4.671400e-01	4.745703e-01	2.624817e+00
220	4.422374e-01	5.444476e-01	2.697118e+00
221	5.020786e-01	4.944749e-01	1.938935e+00
222	7.251882e-01	4.848722e-01	1.854910e+00
223	4.735086e-01	6.027973e-01	2.625794e+00
224	5.516830e-01	6.935647e-01	2.984367e+00
225	5.134032e-01	5.808734e-01	2.693210e+00
226	4.878977e-01	5.320838e-01	2.276014e+00
227	4.733179e-01	4.641324e-01	1.245237e+00
228	4.624803e-01	5.067309e-01	1.489497e+00
229	4.754265e-01	4.978218e-01	2.305325e+00
230	4.729179e-01	4.969842e-01	2.689301e+00
231	4.588556e-01	4.762861e-01	1.346849e+00
232	4.905031e-01	5.456843e-01	2.447973e+00
233	4.428661e-01	5.093860e-01	1.591109e+00
234	5.435167e-01	5.293491e-01	1.931119e+00
235	4.500507e-01	4.744193e-01	2.687347e+00
236	4.684492e-01	5.014394e-01	2.787982e+00
237	4.610196e-01	4.810884e-01	1.510015e+00
238	4.625908e-01	4.705037e-01	2.193942e+00
239	4.535974e-01	4.362524e-01	2.918906e+00
240	4.601623e-01	4.908088e-01	1.734734e+00
241	4.152314e-01	4.654292e-01	1.119199e+00
242	5.551710e-01	4.988226e-01	1.631168e+00
243	5.153181e-01	5.263047e-01	1.258915e+00
244	5.032602e-01	5.291511e-01	2.458720e+00
245	4.619519e-01	6.075837e-01	2.134343e+00
246	4.742084e-01	5.020802e-01	2.662921e+00
247	4.548740e-01	4.979177e-01	2.924768e+00
248	4.542528e-01	4.028264e-01	2.983390e+00
249	4.741647e-01	9.939396e-01	2.305325e+00
250	7.453249e-01	9.655145e-01	2.763556e+00
251	6.777798e-01	8.912521e-01	2.374695e+00
252	4.424548e-01	5.129283e-01	1.703468e+00
253	3.627945e-01	4.494272e-01	1.246214e+00
254	4.292503e-01	4.328562e-01	2.925745e+00
255	4.475689e-01	4.818170e-01	1.857841e+00
256	4.598362e-01	4.758054e-01	2.601368e+00
257	4.474004e-01	4.675007e-01	2.413776e+00
258	4.769913e-01	4.888013e-01	2.569126e+00
259	4.982098e-01	5.097262e-01	1.865657e+00
260	4.659814e-01	5.055683e-01	2.574988e+00
261	4.820019e-01	5.179790e-01	1.598925e+00
262	4.010718e-01	7.045515e-01	2.264289e+00
263	6.122297e-01	3.834501e-01	1.176844e+00
264	4.786965e-01	4.556067e-01	1.061553e+00
265	4.563699e-01	4.790494e-01	2.526136e+00
266	5.042812e-01	5.462584e-01	1.928188e+00
267	4.839549e-01	5.398598e-01	2.006351e+00
268	4.397786e-01	4.637094e-01	1.041036e+00
269	5.389158e-01	7.440847e-01	1.793356e+00
270	5.217311e-01	5.877367e-01	1.860772e+00
271	6.449204e-01	4.767950e-01	1.389839e+00
272	4.742700e-01	5.066716e-01	1.052760e+00
273	5.463012e-01	6.664245e-01	1.156326e+00
274	4.778433e-01	4.843362e-01	1.981925e+00
275	4.974240e-01	7.570356e-01	2.256473e+00
276	5.114312e-01	5.319039e-01	2.368832e+00
277	5.005884e-01	4.880098e-01	2.024915e+00
279	4.618091e-01	5.001147e-01	1.348803e+00
280	6.263243e-01	5.644773e-01	2.472399e+00
281	4.813917e-01	3.669249e-01	2.288715e+00
282	4.214653e-01	4.462389e-01	2.745970e+00
283	4.605392e-01	4.061986e-01	2.490962e+00
284	2.991880e-01	3.988457e-01	2.515388e+00
285	4.566976e-01	7.473375e-01	1.545188e+00
286	4.732552e-01	4.825889e-01	2.662921e+00
287	5.074223e-01	5.410565e-01	2.264289e+00
288	4.910887e-01	5.646970e-01	2.905227e+00
289	4.699798e-01	5.154235e-01	1.058622e+00
290	5.414395e-01	5.094711e-01	2.152907e+00
291	7.187466e-01	8.697166e-01	2.784074e+00
292	4.662333e-01	4.968746e-01	2.445042e+00
293	7.567978e-01	9.433055e-01	2.852467e+00
294	5.027522e-01	5.109398e-01	2.070835e+00
295	4.007269e-01	4.871313e-01	1.406448e+00
296	2.481945e-01	1.105628e-01	1.751343e+00
297	4.470173e-01	5.778321e-01	2.077675e+00
298	3.500316e-01	5.559705e-01	1.601856e+00
299	4.644140e-01	5.050500e-01	2.048363e+00
300	4.148005e-01	4.165108e-01	2.781143e+00
301	4.680688e-01	5.016622e-01	2.779189e+00
302	4.306970e-01	4.314110e-01	2.617978e+00
303	4.196942e-01	2.698657e-01	1.698583e+00
304	3.570542e-01	4.523838e-01	1.948705e+00
305	4.509331e-01	4.815712e-01	1.416219e+00
306	4.153327e-01	6.530992e-01	1.745481e+00
307	4.722813e-01	4.967904e-01	2.291646e+00
308	7.021712e-01	8.775978e-01	1.868588e+00
309	4.358430e-01	4.598463e-01	2.511480e+00
310	4.634559e-01	4.840954e-01	2.596483e+00
311	5.064972e-01	6.008785e-01	2.855398e+00
312	4.530949e-01	4.615724e-01	1.312653e+00
313	4.410128e-01	4.478930e-01	1.787494e+00
314	4.630538e-01	4.948440e-01	2.252565e+00
315	4.421613e-01	4.256340e-01	1.978017e+00
316	3.765010e-01	4.496616e-01	2.965804e+00
317	4.629947e-01	4.796508e-01	2.221299e+00
318	5.830058e-01	4.261380e-01	1.701514e+00
319	3.991110e-01	4.199796e-01	1.135809e+00
320	4.740024e-01	5.410766e-01	2.997069e+00
322	3.627345e-01	4.249940e-01	2.362970e+00
323	4.712870e-01	5.192157e-01	2.553493e+00
324	4.483136e-01	5.025730e-01	1.347826e+00
325	4.861128e-01	8.572982e-01	2.896434e+00
326	4.744326e-01	5.032189e-01	1.857841e+00
327	4.814734e-01	5.680555e-01	1.669272e+00
328	4.411039e-01	4.933094e-01	1.726917e+00
329	4.306249e-01	4.514487e-01	2.604299e+00
330	4.619168e-01	5.315269e-01	2.089399e+00
331	4.692773e-01	5.400019e-01	1.552027e+00
332	4.794290e-01	4.357774e-01	1.769907e+00
333	4.754954e-01	5.020856e-01	1.382022e+00
334	4.859933e-01	6.237573e-01	2.510503e+00
335	5.008943e-01	4.843096e-01	1.640938e+00
336	4.758248e-01	4.860599e-01	2.933561e+00
337	4.871051e-01	4.733008e-01	1.033219e+00
338	5.132945e-01	5.038625e-01	1.408403e+00
339	4.752153e-01	5.052160e-01	2.767465e+00
340	4.803450e-01	5.368433e-01	1.526624e+00
341	4.827647e-01	6.540888e-01	1.456277e+00
342	4.838960e-01	5.117528e-01	1.054714e+00
343	4.595820e-01	4.881909e-01	2.601368e+00
344	5.058286e-01	8.699057e-01	2.193942e+00
345	5.827964e-01	9.676455e-01	2.321935e+00
346	5.020136e-01	5.403577e-01	1.564729e+00
347	4.775075e-01	4.873777e-01	1.679043e+00
348	2.867819e-01	5.971343e-01	2.034685e+00
349	4.882605e-01	5.096555e-01	2.564240e+00
350	5.577147e-01	5.420738e-01	2.311187e+00
351	7.302633e-01	5.952219e-01	1.297997e+00
352	4.666132e-01	5.005184e-01	2.873962e+00
353	4.337602e-01	5.617682e-01	2.202736e+00
354	4.678108e-01	5.035194e-01	2.653151e+00
355	5.803888e-01	5.988993e-01	2.461651e+00
356	4.705983e-01	5.122667e-01	1.679043e+00
357	4.701325e-01	4.776652e-01	2.991207e+00
358	4.754717e-01	6.305049e-01	2.857352e+00
359	3.880236e-01	3.407118e-01	1.913532e+00
360	6.235353e-01	5.632441e-01	1.216903e+00
361	6.141513e-01	5.777439e-01	1.214949e+00
362	5.147470e-01	5.583105e-01	1.005862e+00
363	4.981532e-01	5.304465e-01	2.227162e+00
364	4.565012e-01	4.867537e-01	1.723009e+00
366	4.833519e-01	5.993224e-01	1.692721e+00
367	4.514855e-01	5.083146e-01	1.154372e+00
368	4.456377e-01	4.675774e-01	1.851001e+00
369	4.673490e-01	5.074607e-01	2.418661e+00
370	4.646013e-01	5.410042e-01	1.874450e+00
371	4.782417e-01	4.962471e-01	1.591109e+00
372	4.494803e-01	5.394431e-01	2.199805e+00
373	3.059311e-01	3.956707e-01	2.208598e+00
374	5.560126e-01	5.616411e-01	1.322423e+00
375	5.208660e-01	6.382239e-01	2.361016e+00
376	4.590952e-01	5.693037e-01	1.815828e+00
377	4.672833e-01	5.003829e-01	1.328285e+00
378	4.651123e-01	4.926673e-01	1.883244e+00
379	4.028010e-01	2.542531e-01	1.599902e+00
380	2.286716e-01	2.552203e-01	2.343429e+00
381	4.972484e-01	5.188546e-01	1.835369e+00
383	3.645359e-01	4.131761e-01	1.698583e+00
384	6.361833e-01	5.836880e-01	2.761602e+00
385	4.929690e-01	5.858238e-01	1.961407e+00
386	3.588916e-01	4.941738e-01	2.449927e+00
387	5.031411e-01	5.441203e-01	2.669761e+00
388	3.779843e-01	4.429471e-01	2.597460e+00
389	4.685300e-01	4.961033e-01	2.960918e+00
390	4.737368e-01	5.173795e-01	1.655594e+00
391	4.334941e-01	4.390427e-01	2.572057e+00
392	4.514191e-01	4.882379e-01	1.234489e+00
393	4.294621e-01	5.053704e-01	1.607719e+00
394	4.688851e-01	4.964366e-01	2.643381e+00
395	2.921932e-01	4.126718e-01	1.233512e+00
397	5.195331e-01	7.684015e-01	1.083048e+00
398	7.049407e-01	8.794919e-01	2.453835e+00
399	3.978996e-01	4.949445e-01	2.169516e+00
400	5.127081e-01	5.712542e-01	1.634099e+00
401	2.583273e-01	5.538768e-01	1.314607e+00
402	4.724088e-01	4.896090e-01	2.292623e+00
403	6.172256e-01	6.178748e-01	1.759160e+00
404	5.201681e-01	5.311549e-01	2.942355e+00
405	5.384309e-01	6.185620e-01	1.358574e+00
406	4.948034e-01	5.633700e-01	1.474841e+00
407	4.504470e-01	5.566688e-01	2.850513e+00
408	3.452665e-01	3.812449e-01	2.543723e+00
409	4.658022e-01	4.978860e-01	1.170005e+00
410	4.662979e-01	5.865424e-01	2.011236e+00
411	5.338585e-01	4.787234e-01	2.982413e+00
412	4.731662e-01	7.761997e-01	1.578407e+00
413	3.792173e-01	4.152154e-01	2.904250e+00
414	4.809028e-01	5.129185e-01	2.948217e+00
415	4.652431e-01	5.025554e-01	1.856864e+00
416	4.392338e-01	4.558109e-01	1.780655e+00
417	4.838991e-01	5.181230e-01	1.223742e+00
418	4.790705e-01	4.993649e-01	2.928676e+00
419	4.701404e-01	5.009205e-01	1.055691e+00
420	4.618551e-01	5.239543e-01	2.823156e+00
421	4.662145e-01	5.054346e-01	2.886663e+00
422	4.663534e-01	4.983679e-01	1.391793e+00
423	3.156059e-01	4.510717e-01	1.467025e+00
424	4.818116e-01	5.397457e-01	1.512946e+00
425	4.491276e-01	9.212595e-01	1.960430e+00
426	4.587644e-01	9.240988e-01	2.254519e+00
427	4.908050e-01	5.104663e-01	2.899365e+00
428	4.643223e-01	4.721073e-01	1.247191e+00
429	4.608246e-01	4.870106e-01	1.802149e+00
430	4.619415e-01	5.143141e-01	1.663410e+00
431	3.510320e-01	3.883530e-01	2.556424e+00
432	4.871915e-01	7.326687e-01	2.947240e+00
433	4.634043e-01	4.906168e-01	2.475330e+00
434	5.127028e-01	5.182628e-01	2.923791e+00
435	2.612397e-01	5.051936e-01	2.906204e+00
436	5.376568e-01	1.678488e-01	2.668784e+00
437	4.488623e-01	4.661273e-01	2.476307e+00
438	3.562026e-01	4.849984e-01	2.065950e+00
439	4.697115e-01	4.977470e-01	1.983879e+00
440	4.388163e-01	3.814606e-01	1.637030e+00
441	4.712896e-01	4.904166e-01	1.338056e+00
442	4.993993e-01	5.779791e-01	2.406937e+00
443	5.888132e-01	3.979806e-01	1.422081e+00
444	4.997921e-01	5.545816e-01	2.956033e+00
445	4.746042e-01	4.965560e-01	2.601368e+00
446	4.723232e-01	7.019980e-01	1.846116e+00
447	4.782276e-01	5.201204e-01	1.264778e+00
448	5.447255e-01	5.703962e-01	1.119199e+00
449	4.778637e-01	5.119258e-01	1.956522e+00
450	4.990449e-01	7.013855e-01	2.971666e+00
451	4.696928e-01	5.096041e-01	2.149976e+00
452	3.924356e-01	4.736857e-01	1.574499e+00
453	5.850192e-01	6.288808e-01	1.775769e+00
454	3.008862e-01	2.858744e-02	1.542257e+00
455	4.370321e-01	4.603732e-01	2.984367e+00
456	4.888499e-01	5.449251e-01	1.577430e+00
457	4.686566e-01	5.818622e-01	2.955056e+00
458	4.950304e-01	4.972893e-01	2.865169e+00
459	3.959263e-01	3.296502e-01	1.672203e+00
461	2.102700e-01	5.453573e-01	2.513434e+00
462	4.263555e-01	4.764581e-01	1.853933e+00
463	4.796369e-01	4.542902e-01	2.858329e+00
464	3.977854e-01	4.089380e-01	1.574499e+00
465	5.041098e-01	4.550359e-01	1.432829e+00
466	4.755570e-01	4.965222e-01	1.500244e+00
467	4.232429e-01	4.072326e-01	1.323400e+00
468	4.714277e-01	4.941184e-01	2.147044e+00
469	4.834319e-01	5.085966e-01	2.698095e+00
470	4.834634e-01	5.200283e-01	1.364436e+00
471	5.486570e-01	7.149801e-01	2.076698e+00
472	4.671578e-01	5.065375e-01	2.011236e+00
473	4.843576e-01	5.601787e-01	1.215926e+00
474	4.814770e-01	5.028426e-01	2.299463e+00
475	4.413139e-01	5.377947e-01	1.683928e+00
476	4.442963e-01	5.108909e-01	2.081583e+00
477	4.216191e-01	4.915424e-01	2.350269e+00
478	4.226195e-01	4.243488e-01	2.728383e+00
479	3.797729e-01	3.680067e-01	1.194431e+00
480	3.228111e-01	4.589931e-01	2.515388e+00
481	6.293444e-01	6.493217e-01	1.865657e+00
482	5.717714e-01	6.573548e-01	1.802149e+00
483	4.660007e-01	5.183005e-01	1.367367e+00
484	4.486774e-01	4.345626e-01	1.148510e+00
485	5.022981e-01	6.210524e-01	2.427455e+00
486	3.829134e-01	3.948954e-01	2.196873e+00
487	4.880640e-01	3.953978e-01	2.386419e+00
488	5.078438e-01	5.537613e-01	1.294089e+00
489	3.639600e-01	4.580300e-01	1.687836e+00
490	4.543098e-01	5.684690e-01	1.146556e+00
491	7.457039e-01	4.636678e-01	1.597948e+00
492	4.799667e-01	5.499112e-01	2.412799e+00
493	4.513346e-01	4.694163e-01	1.227650e+00
494	4.260110e-01	4.584103e-01	2.522228e+00
495	4.505031e-01	4.656308e-01	1.437714e+00
496	4.331931e-01	4.143692e-01	1.523693e+00
497	4.279227e-01	4.967598e-01	1.221788e+00
498	4.057034e-01	4.574903e-01	1.652662e+00
499	3.993937e-01	4.504981e-01	1.269663e+00
500	4.697188e-01	4.983318e-01	2.967758e+00
501	4.673201e-01	5.004280e-01	2.546654e+00
502	3.939778e-01	7.416574e-01	1.818759e+00
503	4.535832e-01	4.940789e-01	1.919394e+00
504	4.657999e-01	5.120021e-01	2.563263e+00
505	4.461970e-01	4.177302e-01	1.451392e+00
506	3.674050e-01	4.287824e-01	1.718124e+00
507	4.609028e-01	4.766636e-01	1.207132e+00
508	4.760430e-01	5.023245e-01	1.236444e+00
509	4.044437e-01	5.108860e-01	2.622863e+00
510	5.524043e-01	5.531983e-01	2.549585e+00
511	4.702698e-01	5.099429e-01	2.966781e+00
512	5.513684e-01	6.999036e-01	2.395213e+00
513	4.909900e-01	4.719247e-01	1.534441e+00
514	4.390599e-01	3.234673e-01	1.550073e+00
515	5.550780e-01	5.621032e-01	1.610650e+00
516	7.284201e-01	4.957493e-01	1.612604e+00
517	4.662727e-01	5.089554e-01	1.086957e+00
518	4.631804e-01	3.810623e-01	2.282853e+00
519	5.157365e-01	8.607203e-01	1.573522e+00
520	4.517403e-01	5.019872e-01	2.497802e+00
521	4.691535e-01	4.820646e-01	1.752320e+00
523	4.535766e-01	5.132570e-01	1.209086e+00
524	4.050713e-01	3.885084e-01	2.755740e+00
525	3.366329e-01	5.005296e-01	1.499267e+00
526	4.761734e-01	4.930600e-01	1.014656e+00
527	3.967607e-01	1.023199e-01	2.891549e+00
528	4.636543e-01	5.051606e-01	2.478261e+00
529	3.395467e-01	4.418773e-01	1.898876e+00
530	4.545969e-01	4.888376e-01	1.188569e+00
531	4.441995e-01	4.771738e-01	2.785051e+00
532	4.738551e-01	4.970141e-01	2.945286e+00
533	4.143161e-01	3.947238e-01	2.458720e+00
534	4.809131e-01	4.346690e-01	2.673669e+00
535	4.431842e-01	4.974851e-01	1.399609e+00
536	4.530959e-01	4.602583e-01	2.604299e+00
537	4.667574e-01	4.966143e-01	1.529555e+00
538	4.711182e-01	5.047357e-01	2.823156e+00
539	4.939540e-01	5.186870e-01	2.826087e+00
540	4.866719e-01	5.229818e-01	2.844651e+00
541	4.664698e-01	5.859869e-01	2.290669e+00
542	4.754438e-01	5.419954e-01	2.570103e+00
543	4.662687e-01	4.501934e-01	2.396190e+00
544	5.356842e-01	5.417376e-01	1.318515e+00
545	4.892625e-01	5.404256e-01	2.605276e+00
546	4.060157e-01	6.416848e-01	2.683439e+00
547	5.866792e-01	3.190658e-01	1.587201e+00
548	4.628738e-01	4.902716e-01	1.375183e+00
549	5.041259e-01	4.997104e-01	2.298486e+00
550	3.246912e-01	3.444424e-01	1.285296e+00
551	4.689928e-01	5.076438e-01	2.983390e+00
552	2.646147e-01	5.460202e-01	1.195408e+00
553	4.804337e-01	4.921290e-01	2.414753e+00
554	5.442508e-01	3.634282e-01	1.843185e+00
555	4.409035e-01	4.760216e-01	2.396190e+00
556	5.015654e-01	4.854787e-01	3.000000e+00
557	4.541173e-01	4.970380e-01	2.728383e+00
559	4.831446e-01	5.193102e-01	1.944797e+00
560	5.558169e-01	5.450697e-01	2.883732e+00
561	4.790907e-01	6.566624e-01	2.383488e+00
562	4.717048e-01	5.307470e-01	2.506595e+00
563	4.363331e-01	4.758142e-01	1.786517e+00
564	5.530377e-01	4.985581e-01	2.893503e+00
565	4.677059e-01	4.892707e-01	2.981436e+00
566	4.163438e-01	4.452225e-01	2.663898e+00
567	4.789872e-01	5.053009e-01	2.227162e+00
568	4.840041e-01	4.917377e-01	1.527601e+00
569	3.795142e-01	3.721562e-01	2.610161e+00
570	2.876788e-01	1.684019e-01	1.058622e+00
571	5.148355e-01	5.503208e-01	2.782120e+00
573	4.756248e-01	4.900744e-01	2.109917e+00
574	4.786645e-01	5.244988e-01	2.074744e+00
575	4.510878e-01	4.711407e-01	2.319003e+00
576	5.024630e-01	5.296412e-01	1.290181e+00
577	4.624898e-01	5.271872e-01	1.286273e+00
578	4.649813e-01	4.677518e-01	1.881290e+00
579	4.567931e-01	4.805492e-01	1.664387e+00
580	3.847666e-01	1.523711e-01	1.242306e+00
581	4.421567e-01	4.791329e-01	1.927211e+00
582	4.757467e-01	5.001375e-01	2.820225e+00
583	5.235686e-01	5.279860e-01	2.792868e+00
584	4.907432e-01	4.432395e-01	1.201270e+00
585	4.824407e-01	5.525907e-01	1.898876e+00
586	4.618617e-01	5.065689e-01	1.782609e+00
587	4.705083e-01	4.863248e-01	1.561798e+00
588	4.697371e-01	5.036393e-01	2.282853e+00
589	5.155564e-01	5.557457e-01	2.210552e+00
590	5.428827e-01	5.314625e-01	1.020518e+00
591	5.217323e-01	5.587624e-01	1.784563e+00
592	4.722910e-01	4.998090e-01	1.275525e+00
593	4.622404e-01	4.875760e-01	1.212995e+00
594	5.231881e-01	5.132383e-01	2.964827e+00
595	4.644617e-01	5.063588e-01	2.079629e+00
596	6.549973e-01	4.840619e-01	1.187592e+00
597	4.433304e-01	4.715560e-01	1.258915e+00
598	4.746294e-01	5.416689e-01	1.999511e+00
599	4.706320e-01	5.085302e-01	1.264778e+00
600	4.813871e-01	5.297682e-01	1.110405e+00
601	4.906892e-01	5.140716e-01	1.107474e+00
602	5.848390e-01	3.864751e-01	1.070347e+00
603	4.779642e-01	5.063154e-01	2.400098e+00
604	5.288381e-01	5.153068e-01	2.871031e+00
605	4.701199e-01	5.073748e-01	2.739130e+00
606	4.560955e-01	5.077993e-01	2.061065e+00
607	5.318619e-01	7.874080e-01	1.073278e+00
608	5.082175e-01	5.263364e-01	2.799707e+00
609	4.803284e-01	5.237030e-01	2.010259e+00
610	4.964212e-01	5.243769e-01	1.700537e+00
611	4.606115e-01	4.864658e-01	1.339033e+00
612	5.228368e-01	5.063221e-01	2.227162e+00
613	6.985832e-01	9.113413e-01	2.482169e+00
614	4.786105e-01	4.765985e-01	2.958964e+00
615	4.009757e-01	4.147678e-01	1.443576e+00
616	4.870379e-01	4.900125e-01	2.381534e+00
617	5.800160e-01	6.394488e-01	1.971177e+00
618	4.645586e-01	4.961871e-01	2.960918e+00
619	5.825792e-01	8.823462e-01	1.812897e+00
620	5.161459e-01	5.441175e-01	1.170982e+00
621	4.111657e-01	4.994151e-01	1.277479e+00
622	7.115550e-01	4.905247e-01	1.176844e+00
623	4.044032e-01	4.510806e-01	1.636053e+00
624	4.828347e-01	5.646973e-01	2.336590e+00
625	5.068190e-01	4.849559e-01	1.343918e+00
626	4.630043e-01	4.876136e-01	1.905716e+00
627	5.082413e-01	5.453789e-01	1.784563e+00
628	4.786088e-01	4.930085e-01	2.063996e+00
629	4.740785e-01	5.113782e-01	2.497802e+00
630	5.332373e-01	5.384636e-01	2.870054e+00
631	4.628491e-01	4.732570e-01	1.729849e+00
632	6.112016e-01	6.495214e-01	2.290669e+00
633	4.683877e-01	4.999939e-01	2.841720e+00
634	4.729841e-01	5.064441e-01	2.195896e+00
635	4.591914e-01	4.670356e-01	1.601856e+00
636	5.004640e-01	5.672146e-01	2.449927e+00
637	4.794788e-01	4.751241e-01	1.462140e+00
638	4.683796e-01	5.016442e-01	2.041524e+00
639	4.684579e-01	5.010668e-01	2.061065e+00
640	4.357104e-01	4.842213e-01	2.130435e+00
641	6.581804e-01	7.016363e-01	2.205667e+00
642	4.539990e-01	4.782813e-01	2.184172e+00
643	4.981619e-01	4.888800e-01	2.747924e+00
644	3.746980e-01	7.118876e-01	2.909135e+00
645	4.685095e-01	5.095567e-01	2.777235e+00
646	4.419064e-01	4.445674e-01	1.295066e+00
647	3.788812e-01	5.285130e-01	1.050806e+00
648	4.503466e-01	5.949223e-01	1.191500e+00
649	4.640385e-01	4.811272e-01	1.198339e+00
650	4.548359e-01	5.111559e-01	2.656082e+00
651	4.696652e-01	5.244860e-01	1.692721e+00
652	2.815512e-01	3.713141e-01	2.330728e+00
653	4.839713e-01	5.233276e-01	1.906693e+00
654	4.768218e-01	4.644403e-01	2.192965e+00
655	5.071797e-01	5.884664e-01	1.200293e+00
656	4.468782e-01	4.867191e-01	2.361016e+00
657	5.093058e-01	5.634059e-01	2.080606e+00
658	4.779600e-01	4.975913e-01	2.017098e+00
659	4.724342e-01	5.173816e-01	2.191011e+00
660	4.470538e-01	5.677849e-01	1.667318e+00
661	5.418565e-01	5.897443e-01	2.229116e+00
662	5.367633e-01	3.164400e-01	1.188569e+00
663	4.888782e-01	5.505625e-01	2.714704e+00
664	5.144245e-01	5.585755e-01	1.979971e+00
665	4.621095e-01	6.481367e-01	2.954079e+00
666	8.459750e-01	7.740215e-01	1.803127e+00
667	4.388092e-01	4.665070e-01	1.039082e+00
668	7.614543e-01	8.128912e-01	1.893014e+00
669	5.112671e-01	5.566630e-01	1.778701e+00
670	3.257133e-01	1.464081e-01	1.807035e+00
671	4.769996e-01	4.902876e-01	1.102589e+00
672	5.147656e-01	1.599340e-01	1.879336e+00
673	5.296394e-01	5.014022e-01	1.984856e+00
674	4.680008e-01	5.018418e-01	2.238886e+00
675	4.370796e-01	4.619713e-01	2.868100e+00
676	4.692672e-01	5.113327e-01	2.748901e+00
677	5.927954e-01	6.895083e-01	1.578407e+00
678	4.796600e-01	5.334558e-01	1.621397e+00
679	4.732913e-01	5.055104e-01	2.657059e+00
680	4.575238e-01	4.946371e-01	2.404983e+00
681	4.980943e-01	5.048110e-01	2.272106e+00
682	5.497276e-01	5.585159e-01	1.463117e+00
683	4.598386e-01	4.876885e-01	2.316072e+00
684	4.723322e-01	5.017365e-01	2.334636e+00
685	5.529583e-01	4.616177e-01	1.365413e+00
686	3.826601e-01	5.637338e-01	2.105032e+00
687	4.578590e-01	5.146584e-01	1.339033e+00
688	4.729029e-01	4.804199e-01	2.932584e+00
689	4.596089e-01	5.019768e-01	2.378603e+00
690	4.663841e-01	4.924881e-01	1.833415e+00
691	5.522432e-01	2.715805e-01	1.663410e+00
692	4.762235e-01	5.094543e-01	2.251588e+00
693	3.304489e-01	6.675608e-01	1.766976e+00
694	6.085778e-01	6.194027e-01	1.575476e+00
695	6.081671e-01	5.379112e-01	2.771373e+00
696	4.704095e-01	5.141822e-01	2.787005e+00
697	4.651592e-01	5.084597e-01	1.959453e+00
698	4.365982e-01	4.689360e-01	2.187103e+00
699	4.661369e-01	5.045713e-01	2.430386e+00
700	4.619524e-01	4.175840e-01	2.679531e+00
701	4.316813e-01	4.635414e-01	2.191988e+00
702	5.453750e-01	5.595437e-01	2.945286e+00
703	4.578685e-01	5.141942e-01	2.793845e+00
704	4.745254e-01	4.889476e-01	2.132389e+00
705	4.655871e-01	2.243911e-01	1.627259e+00
706	4.877905e-01	5.049322e-01	1.623351e+00
707	4.458843e-01	4.906226e-01	2.772350e+00
708	4.757380e-01	5.059018e-01	1.552027e+00
709	5.119898e-01	4.146133e-01	1.180752e+00
710	4.794437e-01	5.429690e-01	1.632145e+00
711	5.300409e-01	9.104990e-01	1.680997e+00
712	3.171849e-01	4.289956e-01	2.828041e+00
713	3.458356e-01	4.925540e-01	1.703468e+00
714	6.594176e-01	4.365901e-01	1.471910e+00
715	4.746331e-01	5.225285e-01	2.368832e+00
716	4.703586e-01	5.039769e-01	1.961407e+00
717	4.727164e-01	4.972860e-01	1.756229e+00
718	4.483207e-01	5.545209e-01	2.987298e+00
719	4.588482e-01	5.062938e-01	2.332682e+00
720	4.887560e-01	5.208838e-01	1.097704e+00
721	4.369902e-01	6.241693e-01	1.954568e+00
722	4.685706e-01	4.971296e-01	1.704446e+00
723	4.676949e-01	5.021106e-01	1.853933e+00
724	5.708311e-01	5.928987e-01	2.829995e+00
725	5.077258e-01	4.560062e-01	2.232047e+00
726	4.974591e-01	5.768038e-01	2.587689e+00
727	3.647997e-01	5.692175e-01	2.698095e+00
728	7.507899e-01	8.952597e-01	1.896922e+00
729	5.442666e-01	5.560272e-01	1.212995e+00
730	4.364419e-01	5.853023e-01	1.502198e+00
731	4.693339e-01	5.011382e-01	2.614069e+00
732	3.988997e-01	4.564017e-01	2.880801e+00
733	4.781728e-01	5.077220e-01	1.956522e+00
734	4.684818e-01	4.366948e-01	2.745970e+00
735	3.543459e-01	2.215687e-01	1.179775e+00
736	5.394034e-01	5.139657e-01	1.935027e+00
737	4.622881e-01	5.354896e-01	1.975085e+00
738	4.323839e-01	4.507637e-01	1.067416e+00
739	5.248585e-01	4.641886e-01	2.024915e+00
740	5.568431e-01	6.217422e-01	2.810454e+00
741	4.931426e-01	5.265069e-01	2.428432e+00
742	4.415494e-01	4.822728e-01	1.957499e+00
743	4.071717e-01	3.417718e-01	2.306302e+00
744	4.505567e-01	4.920000e-01	2.557401e+00
745	4.427120e-01	4.461391e-01	1.243283e+00
746	5.062189e-01	5.125387e-01	2.429409e+00
747	4.768012e-01	5.257535e-01	2.523205e+00
748	5.552854e-01	7.269141e-01	2.842697e+00
749	4.656928e-01	5.057367e-01	2.247680e+00
750	5.102885e-01	5.226397e-01	2.000489e+00
751	4.641139e-01	5.069397e-01	2.446019e+00
752	4.724269e-01	4.982649e-01	2.360039e+00
753	2.539887e-01	5.549292e-01	2.567171e+00
754	4.882401e-01	5.270639e-01	2.415730e+00
755	4.491447e-01	5.077946e-01	1.989741e+00
756	4.688182e-01	5.024681e-01	2.908158e+00
757	4.192709e-01	4.750248e-01	2.731314e+00
758	4.701906e-01	5.063287e-01	2.544700e+00
759	4.676550e-01	5.024318e-01	2.890572e+00
760	4.708884e-01	5.031354e-01	1.654617e+00
761	4.746139e-01	4.992558e-01	1.008793e+00
762	4.805682e-01	5.287233e-01	1.260870e+00
763	4.290466e-01	5.906861e-01	1.347826e+00
764	4.595870e-01	5.090391e-01	1.325354e+00
765	4.806645e-01	4.995416e-01	1.420127e+00
766	4.201003e-01	3.477511e-01	2.845628e+00
767	4.438794e-01	5.408295e-01	1.853933e+00
768	4.736848e-01	5.056369e-01	1.303859e+00
769	3.531055e-01	4.227869e-01	1.294089e+00
770	8.797555e-01	1.294457e-01	1.675134e+00
771	4.286211e-01	5.956588e-01	2.417684e+00
772	4.386572e-01	4.555935e-01	2.053249e+00
773	4.471121e-01	5.021327e-01	1.276502e+00
774	7.039111e-01	4.904365e-01	2.779189e+00
775	3.040562e-01	8.263000e-01	1.984856e+00
776	2.151964e-01	5.004050e-01	2.295554e+00
777	4.665161e-01	4.998755e-01	1.652662e+00
778	4.570466e-01	4.786367e-01	2.464582e+00
779	4.675927e-01	5.075520e-01	1.763068e+00
780	4.701756e-01	5.483680e-01	2.026869e+00
781	4.532293e-01	3.803954e-01	1.160234e+00
782	4.497110e-01	4.962571e-01	2.302394e+00
783	4.348548e-01	4.836795e-01	1.384954e+00
784	4.187984e-01	4.724143e-01	2.598437e+00
785	3.873754e-01	5.344259e-01	2.130435e+00
786	4.475086e-01	4.907934e-01	1.690767e+00
787	4.592170e-01	5.153455e-01	1.940889e+00
788	4.560007e-01	4.852268e-01	2.099170e+00
