772
0	2.827600e-02	2.810394e-01	1.398632e+00
1	3.852018e-01	4.687239e-01	1.108451e+00
2	4.697665e-01	4.690033e-01	2.925745e+00
3	5.180884e-01	5.594010e-01	2.732291e+00
4	4.880450e-01	7.301341e-01	1.257938e+00
5	4.928514e-01	5.347177e-01	2.424524e+00
6	7.886516e-01	9.446807e-01	1.383000e+00
7	4.571719e-01	4.602968e-01	2.705911e+00
8	4.374046e-01	4.656763e-01	2.442110e+00
9	4.741676e-01	5.088221e-01	2.233024e+00
10	4.111700e-01	4.225658e-01	2.376649e+00
11	4.658946e-01	4.982959e-01	1.556913e+00
12	4.099367e-01	3.633814e-01	2.950171e+00
13	4.085392e-01	4.596132e-01	1.066439e+00
14	4.697462e-01	5.071147e-01	1.626282e+00
15	2.280821e-01	5.333468e-01	1.306790e+00
16	4.745455e-01	5.058709e-01	2.902296e+00
17	3.240009e-01	4.401350e-01	1.195408e+00
18	3.763029e-01	4.801104e-01	1.785540e+00
19	4.404608e-01	4.639373e-01	1.248168e+00
20	4.889083e-01	4.834197e-01	1.863703e+00
21	5.339345e-01	6.115081e-01	2.671715e+00
22	4.812885e-01	5.183479e-01	2.487054e+00
23	3.226258e-01	3.814920e-01	1.946751e+00
24	5.355979e-01	3.322837e-01	1.303859e+00
25	5.632082e-01	5.686344e-01	2.152907e+00
26	4.620342e-01	5.093873e-01	1.388862e+00
27	4.918508e-01	5.424493e-01	1.591109e+00
28	4.751529e-01	5.869739e-01	2.205667e+00
29	4.518503e-01	4.783967e-01	2.181241e+00
30	5.676958e-01	4.395440e-01	1.475818e+00
31	4.547074e-01	4.007703e-01	2.309233e+00
32	4.607660e-01	4.578469e-01	2.073766e+00
33	2.361627e-01	2.314775e-01	2.331705e+00
34	4.561280e-01	4.723976e-01	1.126038e+00
35	4.588452e-01	5.378102e-01	2.235955e+00
36	4.861833e-01	7.185587e-01	2.805569e+00
37	4.828092e-01	5.045323e-01	2.555447e+00
38	4.883790e-01	5.332679e-01	2.559355e+00
39	4.546806e-01	4.976310e-01	1.895945e+00
40	4.188630e-01	4.160908e-01	1.282364e+00
41	5.639196e-01	6.100682e-01	2.750855e+00
42	4.780823e-01	5.163889e-01	2.412799e+00
43	4.504491e-01	5.051776e-01	2.557401e+00
44	3.713316e-01	3.822220e-01	1.648754e+00
45	4.982646e-01	4.636923e-01	1.721055e+00
46	4.463037e-01	4.650308e-01	2.588666e+00
47	4.641684e-01	5.064798e-01	1.525647e+00
48	4.802998e-01	5.055184e-01	2.751832e+00
49	3.178394e-01	3.315274e-01	2.625794e+00
50	4.780587e-01	5.411070e-01	1.663410e+00
51	4.736289e-01	5.047056e-01	2.560332e+00
52	4.840639e-01	5.145366e-01	1.696629e+00
53	4.828939e-01	5.010792e-01	1.506106e+00
54	4.780322e-01	5.040076e-01	2.675623e+00
55	4.772209e-01	4.895202e-01	2.497802e+00
56	4.815054e-01	5.062117e-01	1.031265e+00
57	5.841082e-01	5.967906e-01	2.361993e+00
58	4.623182e-01	5.311382e-01	1.866634e+00
60	4.032281e-01	1.511684e-01	1.503175e+00
61	4.928230e-01	4.333244e-01	2.449927e+00
62	4.857860e-01	5.162480e-01	2.831949e+00
63	4.617678e-01	4.959803e-01	2.317049e+00
64	4.537495e-01	4.942637e-01	2.353200e+00
65	4.734939e-01	5.040396e-01	2.575965e+00
66	3.712456e-01	5.914605e-01	2.922814e+00
67	5.571193e-01	6.183713e-01	2.289692e+00
68	4.369685e-01	6.112379e-01	2.766488e+00
69	4.864471e-01	3.951304e-01	1.522716e+00
70	4.436566e-01	4.561736e-01	2.769419e+00
71	4.434066e-01	4.947931e-01	1.110405e+00
72	5.178122e-01	5.544082e-01	1.412311e+00
73	4.480434e-01	4.195245e-01	1.951637e+00
74	6.232893e-01	5.916033e-01	1.449438e+00
75	5.270139e-01	3.153569e-01	2.176356e+00
76	4.565078e-01	4.164233e-01	1.212995e+00
77	4.958907e-01	4.816798e-01	1.872496e+00
78	4.899607e-01	5.329673e-01	1.606742e+00
79	3.698277e-01	3.803648e-01	1.183683e+00
80	4.567226e-01	4.283100e-01	2.736199e+00
81	4.730493e-01	5.063814e-01	1.617489e+00
82	4.426997e-01	4.245637e-01	2.456766e+00
83	5.772633e-01	5.801194e-01	1.406448e+00
84	5.041939e-01	3.464620e-01	2.453835e+00
85	4.752972e-01	5.093355e-01	2.712750e+00
86	4.634061e-01	5.005313e-01	2.877870e+00
87	6.857432e-01	6.813128e-01	1.533464e+00
88	3.009520e-01	3.631614e-01	2.169516e+00
89	3.884069e-01	3.767501e-01	2.483146e+00
90	5.514442e-01	5.855296e-01	1.538349e+00
91	4.886473e-01	4.967919e-01	1.117245e+00
92	4.834216e-01	5.198640e-01	2.709819e+00
93	4.703263e-01	4.834704e-01	2.929653e+00
94	3.604859e-01	3.931605e-01	2.125550e+00
95	6.831433e-01	5.829976e-01	2.148999e+00
96	4.525742e-01	5.027524e-01	1.206155e+00
98	4.852438e-01	5.151975e-01	1.997557e+00
99	4.143445e-01	5.865690e-01	1.753298e+00
100	4.952370e-01	5.073055e-01	1.491451e+00
101	4.751027e-01	5.096797e-01	2.381534e+00
102	4.477495e-01	4.632743e-01	1.837323e+00
103	5.531255e-01	4.912701e-01	2.723498e+00
104	5.685724e-01	7.385144e-01	1.216903e+00
105	4.992695e-01	5.313836e-01	1.385931e+00
107	5.010895e-01	5.164360e-01	1.887152e+00
108	3.145025e-01	4.461627e-01	1.869565e+00
109	3.745150e-01	4.871954e-01	2.657059e+00
110	3.845839e-01	4.468436e-01	1.905716e+00
111	4.699429e-01	5.444233e-01	2.319980e+00
113	3.834036e-01	8.019807e-01	1.155349e+00
114	4.946763e-01	5.334629e-01	1.261847e+00
115	3.548208e-01	3.882273e-01	1.308745e+00
116	4.754119e-01	7.806288e-01	1.148510e+00
117	4.290412e-01	4.451236e-01	1.865657e+00
118	5.004005e-01	5.275615e-01	2.988276e+00
119	5.011963e-01	4.999636e-01	1.479726e+00
120	4.352944e-01	4.510615e-01	2.095261e+00
121	4.631460e-01	3.869999e-01	2.442110e+00
122	3.628370e-01	4.265298e-01	1.070347e+00
123	4.785984e-01	5.304287e-01	1.417196e+00
124	4.707642e-01	5.049127e-01	2.817294e+00
126	5.075377e-01	5.668561e-01	2.738153e+00
127	4.588522e-01	4.160906e-01	2.338544e+00
128	4.737167e-01	7.898556e-01	1.282364e+00
129	4.634691e-01	5.292031e-01	2.676600e+00
130	4.832807e-01	7.798236e-01	2.443087e+00
131	3.581230e-01	9.688327e-01	2.375672e+00
132	5.897324e-01	4.704060e-01	1.220811e+00
133	5.648860e-01	2.497146e-01	2.407914e+00
134	4.712981e-01	5.321161e-01	2.277968e+00
135	4.881435e-01	4.905241e-01	2.409868e+00
136	4.812411e-01	5.123863e-01	2.083537e+00
137	3.663188e-01	5.188837e-01	2.286761e+00
138	6.386850e-01	1.447136e-01	1.194431e+00
139	4.707989e-01	5.115214e-01	2.818271e+00
140	6.036753e-01	5.276852e-01	2.827064e+00
141	4.680288e-01	4.776009e-01	1.684905e+00
142	4.587649e-01	5.016932e-01	1.999511e+00
143	4.628138e-01	4.998111e-01	1.956522e+00
144	3.757778e-01	5.467444e-01	2.323889e+00
145	4.228599e-01	4.981674e-01	2.501710e+00
146	6.467514e-01	4.098464e-01	2.395213e+00
147	5.568957e-01	5.374710e-01	2.719590e+00
148	4.752600e-01	5.081683e-01	2.937469e+00
149	4.748732e-01	5.357474e-01	2.803615e+00
150	3.687906e-01	4.204712e-01	1.794333e+00
151	4.676389e-01	5.214952e-01	2.611138e+00
152	4.569212e-01	4.507030e-01	1.724963e+00
153	4.869204e-01	5.397614e-01	1.983879e+00
154	4.756832e-01	5.106063e-01	2.181241e+00
155	4.831086e-01	3.916910e-01	1.295066e+00
156	3.914044e-01	3.888349e-01	1.970200e+00
157	4.514953e-01	5.059376e-01	2.387396e+00
158	3.313339e-01	5.984626e-01	2.386419e+00
159	6.393012e-01	5.388077e-01	2.647289e+00
160	4.597002e-01	5.002972e-01	1.686859e+00
161	4.756109e-01	5.286610e-01	1.553981e+00
162	5.124616e-01	6.041747e-01	1.764045e+00
163	6.949207e-01	6.169550e-01	1.632145e+00
164	4.756393e-01	5.087996e-01	1.235467e+00
165	4.756478e-01	5.157770e-01	2.251588e+00
166	5.117404e-01	5.193710e-01	1.751343e+00
167	4.993838e-01	4.912668e-01	1.715193e+00
168	4.755337e-01	5.077483e-01	2.109917e+00
169	4.166331e-01	4.389822e-01	2.137274e+00
170	3.882048e-01	5.390968e-01	2.099170e+00
171	4.856616e-01	5.756436e-01	2.057157e+00
172	4.372481e-01	4.135893e-01	2.246702e+00
173	4.642258e-01	5.092983e-01	1.894968e+00
174	4.411268e-01	5.836091e-01	2.453835e+00
175	4.831291e-01	5.465764e-01	2.834880e+00
176	4.208482e-01	5.037162e-01	2.215437e+00
177	4.600983e-01	4.853006e-01	2.153884e+00
178	4.690346e-01	5.139500e-01	2.475330e+00
179	4.477649e-01	4.786888e-01	1.274548e+00
180	4.551765e-01	4.554150e-01	2.127504e+00
181	4.932811e-01	5.123369e-01	1.790425e+00
182	6.072011e-01	7.498004e-01	1.736688e+00
183	4.417242e-01	5.904174e-01	1.692721e+00
184	4.138177e-01	3.863406e-01	2.042501e+00
185	3.717344e-01	6.273588e-01	1.468979e+00
186	4.535117e-01	5.203921e-01	1.784563e+00
188	4.967346e-01	5.281852e-01	1.839277e+00
189	4.647743e-01	5.120039e-01	1.175867e+00
190	3.693862e-01	5.294353e-01	2.807523e+00
191	1.955722e-01	5.123962e-01	2.811431e+00
192	5.094091e-01	5.752427e-01	1.192477e+00
193	5.535520e-01	3.059408e-01	1.620420e+00
194	4.725673e-01	5.471394e-01	2.624817e+00
195	4.675482e-01	5.075413e-01	2.806546e+00
196	4.776237e-01	5.255981e-01	1.763068e+00
197	3.486036e-01	3.833671e-01	2.060088e+00
198	7.671745e-01	4.823693e-01	2.458720e+00
199	4.516941e-01	5.001917e-01	2.463605e+00
200	4.638577e-01	1.744720e-01	1.141671e+00
201	4.638921e-01	5.154927e-01	1.146556e+00
202	4.356506e-01	4.734358e-01	1.395701e+00
203	5.091629e-01	4.554057e-01	1.755252e+00
204	5.043561e-01	5.429270e-01	2.901319e+00
205	4.861666e-01	4.995166e-01	2.123596e+00
206	6.147037e-01	6.033664e-01	1.652662e+00
207	4.414157e-01	4.736811e-01	1.199316e+00
208	4.506755e-01	4.802572e-01	2.170493e+00
209	2.800438e-01	4.672265e-01	2.733268e+00
210	5.981083e-01	5.350871e-01	1.545188e+00
211	4.578228e-01	4.774337e-01	1.376160e+00
212	4.751691e-01	5.104719e-01	1.621397e+00
213	4.756500e-01	5.113936e-01	1.883244e+00
214	4.784872e-01	5.324291e-01	1.612604e+00
215	4.892827e-01	5.026936e-01	2.909135e+00
216	4.570322e-01	4.929317e-01	1.354665e+00
217	4.602800e-01	5.205124e-01	2.770396e+00
218	4.955436e-01	5.068080e-01	2.148999e+00
219	5.197344e-01	5.254801e-01	2.624817e+00
220	4.928537e-01	5.529151e-01	2.697118e+00
221	4.436255e-01	4.742598e-01	1.938935e+00
222	7.570957e-01	4.944954e-01	1.854910e+00
223	4.849999e-01	3.896127e-01	2.625794e+00
224	5.422263e-01	7.775596e-01	2.984367e+00
225	4.133320e-01	4.175572e-01	2.693210e+00
226	4.833984e-01	5.307549e-01	2.276014e+00
227	4.826882e-01	4.731467e-01	1.245237e+00
228	4.789928e-01	5.014170e-01	1.489497e+00
229	4.757961e-01	5.128389e-01	2.305325e+00
230	4.791152e-01	5.077500e-01	2.689301e+00
231	4.662457e-01	5.167495e-01	1.346849e+00
232	4.270588e-01	4.600003e-01	2.447973e+00
233	4.473342e-01	4.985781e-01	1.591109e+00
234	3.595981e-01	4.558183e-01	1.931119e+00
235	4.937389e-01	5.588860e-01	2.687347e+00
236	4.759234e-01	5.076849e-01	2.787982e+00
237	4.558650e-01	4.933643e-01	1.510015e+00
238	4.739748e-01	4.928070e-01	2.193942e+00
239	5.220361e-01	5.603854e-01	2.918906e+00
240	5.409001e-01	5.933208e-01	1.734734e+00
241	4.803275e-01	4.728949e-01	1.119199e+00
242	3.740186e-01	4.856948e-01	1.631168e+00
243	4.296549e-01	4.917747e-01	1.258915e+00
244	4.311314e-01	4.100479e-01	2.458720e+00
245	4.848135e-01	5.594195e-01	2.134343e+00
246	4.697801e-01	5.075971e-01	2.662921e+00
247	4.383511e-01	4.786021e-01	2.924768e+00
248	4.519861e-01	4.056905e-01	2.983390e+00
250	7.735810e-01	9.636084e-01	2.763556e+00
251	7.149233e-01	8.812192e-01	2.374695e+00
252	5.080142e-01	4.547127e-01	1.703468e+00
253	3.976608e-01	4.239418e-01	1.246214e+00
254	5.210976e-01	6.475663e-01	2.925745e+00
255	4.520561e-01	4.858458e-01	1.857841e+00
256	4.498635e-01	4.909452e-01	2.601368e+00
257	4.588118e-01	4.920155e-01	2.413776e+00
258	5.020891e-01	4.755925e-01	2.569126e+00
259	5.234388e-01	6.216628e-01	1.865657e+00
260	4.745211e-01	5.043731e-01	2.574988e+00
261	5.000701e-01	5.167758e-01	1.598925e+00
262	3.938318e-01	5.896083e-01	2.264289e+00
263	5.178015e-01	4.017255e-01	1.176844e+00
264	3.492964e-01	3.856956e-01	1.061553e+00
265	4.532496e-01	4.913356e-01	2.526136e+00
266	4.247344e-01	4.566378e-01	1.928188e+00
267	5.046933e-01	4.683459e-01	2.006351e+00
268	4.784195e-01	5.199558e-01	1.041036e+00
269	5.660809e-01	6.659174e-01	1.793356e+00
270	3.779699e-01	4.111574e-01	1.860772e+00
271	6.171783e-01	4.906521e-01	1.389839e+00
272	4.679675e-01	5.002156e-01	1.052760e+00
273	4.896521e-01	5.313073e-01	1.156326e+00
274	3.270750e-01	3.582605e-01	1.981925e+00
275	5.277607e-01	7.907543e-01	2.256473e+00
276	4.584775e-01	4.833063e-01	2.368832e+00
277	5.013102e-01	4.919181e-01	2.024915e+00
279	4.406301e-01	4.550928e-01	1.348803e+00
280	6.168770e-01	5.680440e-01	2.472399e+00
281	4.222184e-01	5.413905e-01	2.288715e+00
282	4.309166e-01	4.742088e-01	2.745970e+00
283	5.275143e-01	5.582251e-01	2.490962e+00
284	2.291360e-01	3.867983e-01	2.515388e+00
285	4.827353e-01	7.417088e-01	1.545188e+00
286	4.741671e-01	5.018177e-01	2.662921e+00
287	4.323772e-01	4.233715e-01	2.264289e+00
288	4.412831e-01	4.676771e-01	2.905227e+00
289	4.258545e-01	3.566836e-01	1.058622e+00
290	3.694779e-01	5.225202e-01	2.152907e+00
291	7.588086e-01	9.090049e-01	2.784074e+00
292	4.773568e-01	5.135238e-01	2.445042e+00
293	7.327838e-01	9.400167e-01	2.852467e+00
294	3.826621e-01	4.763624e-01	2.070835e+00
295	5.182932e-01	4.926431e-01	1.406448e+00
296	2.696286e-01	1.381891e-01	1.751343e+00
297	5.206579e-01	4.418668e-01	2.077675e+00
298	3.209526e-01	5.477704e-01	1.601856e+00
299	4.386193e-01	4.740096e-01	2.048363e+00
300	5.397664e-01	5.494345e-01	2.781143e+00
301	4.780358e-01	5.061473e-01	2.779189e+00
302	5.221965e-01	5.567809e-01	2.617978e+00
303	4.332251e-01	2.920835e-01	1.698583e+00
304	4.988456e-01	5.070227e-01	1.948705e+00
305	4.779092e-01	5.264355e-01	1.416219e+00
306	5.159636e-01	4.291331e-01	1.745481e+00
307	4.659747e-01	4.996274e-01	2.291646e+00
308	6.908342e-01	8.991663e-01	1.868588e+00
309	5.618702e-01	5.349703e-01	2.511480e+00
310	4.583443e-01	4.726969e-01	2.596483e+00
311	5.064379e-01	6.084237e-01	2.855398e+00
312	4.554888e-01	4.939561e-01	1.312653e+00
313	4.023210e-01	4.072462e-01	1.787494e+00
314	4.789431e-01	5.113583e-01	2.252565e+00
315	4.757649e-01	5.176215e-01	1.978017e+00
316	5.324615e-01	5.414846e-01	2.965804e+00
317	4.539957e-01	4.929052e-01	2.221299e+00
318	4.292634e-01	5.356013e-01	1.701514e+00
319	5.228999e-01	5.904439e-01	1.135809e+00
320	4.810247e-01	4.883430e-01	2.997069e+00
322	5.453945e-01	5.221949e-01	2.362970e+00
323	4.940004e-01	5.159904e-01	2.553493e+00
324	4.310434e-01	4.972586e-01	1.347826e+00
325	5.033210e-01	8.703475e-01	2.896434e+00
326	4.656529e-01	5.071104e-01	1.857841e+00
327	4.611576e-01	5.946223e-01	1.669272e+00
328	4.601692e-01	4.948430e-01	1.726917e+00
329	4.916568e-01	5.276486e-01	2.604299e+00
330	4.607612e-01	4.627265e-01	2.089399e+00
331	4.603633e-01	4.833317e-01	1.552027e+00
332	4.137263e-01	4.386384e-01	1.769907e+00
333	4.516962e-01	4.693175e-01	1.382022e+00
334	5.190873e-01	7.072066e-01	2.510503e+00
335	4.725509e-01	5.219065e-01	1.640938e+00
336	4.601563e-01	4.971245e-01	2.933561e+00
337	4.019804e-01	3.994345e-01	1.033219e+00
338	3.742651e-01	4.625357e-01	1.408403e+00
339	4.889039e-01	5.148794e-01	2.767465e+00
340	4.773945e-01	5.346498e-01	1.526624e+00
341	5.068838e-01	5.821558e-01	1.456277e+00
342	4.706027e-01	4.944179e-01	1.054714e+00
343	4.918820e-01	5.930699e-01	2.601368e+00
344	5.052429e-01	8.819708e-01	2.193942e+00
345	6.173459e-01	9.979239e-01	2.321935e+00
346	4.527953e-01	4.823621e-01	1.564729e+00
347	4.641210e-01	5.017680e-01	1.679043e+00
348	2.683535e-01	6.264771e-01	2.034685e+00
349	4.740549e-01	5.289210e-01	2.564240e+00
350	6.294373e-01	5.874929e-01	2.311187e+00
351	7.150473e-01	6.096338e-01	1.297997e+00
352	4.745330e-01	5.106209e-01	2.873962e+00
353	5.141838e-01	6.076452e-01	2.202736e+00
354	4.733659e-01	5.074363e-01	2.653151e+00
355	6.755616e-01	5.814101e-01	2.461651e+00
356	4.848746e-01	5.172584e-01	1.679043e+00
357	3.659038e-01	4.560940e-01	2.991207e+00
358	5.137699e-01	6.774248e-01	2.857352e+00
359	3.752996e-01	3.938532e-01	1.913532e+00
360	5.850049e-01	5.454039e-01	1.216903e+00
361	6.971612e-01	6.373226e-01	1.214949e+00
362	5.393108e-01	4.860065e-01	1.005862e+00
363	4.863900e-01	5.181640e-01	2.227162e+00
364	4.574063e-01	4.917356e-01	1.723009e+00
366	5.484246e-01	5.613607e-01	1.692721e+00
367	4.737614e-01	5.127625e-01	1.154372e+00
368	4.777298e-01	5.191806e-01	1.851001e+00
369	4.709334e-01	5.043117e-01	2.418661e+00
370	4.381361e-01	4.310183e-01	1.874450e+00
371	5.400289e-01	4.594966e-01	1.591109e+00
372	4.763586e-01	4.721094e-01	2.199805e+00
373	2.970442e-01	3.938809e-01	2.208598e+00
374	4.398708e-01	4.387755e-01	1.322423e+00
375	5.495131e-01	6.500990e-01	2.361016e+00
376	3.892665e-01	6.211024e-01	1.815828e+00
377	4.748180e-01	5.075472e-01	1.328285e+00
378	4.792628e-01	4.957191e-01	1.883244e+00
379	4.297701e-01	3.062883e-01	1.599902e+00
380	2.145450e-01	2.320365e-01	2.343429e+00
381	4.431087e-01	4.600031e-01	1.835369e+00
383	2.658803e-01	4.437099e-01	1.698583e+00
384	6.354758e-01	6.861455e-01	2.761602e+00
385	4.489420e-01	7.406534e-01	1.961407e+00
386	5.359652e-01	5.285024e-01	2.449927e+00
387	4.411529e-01	4.593843e-01	2.669761e+00
388	5.224176e-01	5.130152e-01	2.597460e+00
389	4.624632e-01	4.955731e-01	2.960918e+00
390	4.894701e-01	5.232100e-01	1.655594e+00
391	4.889862e-01	5.272174e-01	2.572057e+00
392	4.456267e-01	4.825676e-01	1.234489e+00
393	4.527694e-01	5.120925e-01	1.607719e+00
394	4.750320e-01	5.124419e-01	2.643381e+00
395	4.289397e-01	5.315911e-01	1.233512e+00
397	4.648423e-01	7.197139e-01	1.083048e+00
398	6.798050e-01	8.624373e-01	2.453835e+00
399	4.743663e-01	3.918665e-01	2.169516e+00
400	4.339101e-01	4.798749e-01	1.634099e+00
401	3.710829e-01	5.661473e-01	1.314607e+00
402	4.644241e-01	4.699794e-01	2.292623e+00
403	6.097367e-01	6.465713e-01	1.759160e+00
404	4.880073e-01	6.111926e-01	2.942355e+00
405	4.401559e-01	4.576094e-01	1.358574e+00
406	4.214202e-01	4.479776e-01	1.474841e+00
407	5.011587e-01	3.340072e-01	2.850513e+00
408	3.327094e-01	4.830482e-01	2.543723e+00
409	4.822100e-01	4.941214e-01	1.170005e+00
410	4.628072e-01	3.980009e-01	2.011236e+00
411	3.876405e-01	4.916761e-01	2.982413e+00
412	4.359224e-01	6.650176e-01	1.578407e+00
413	5.385822e-01	5.750651e-01	2.904250e+00
414	4.831115e-01	5.190380e-01	2.948217e+00
415	4.796879e-01	5.043399e-01	1.856864e+00
416	5.187833e-01	5.581977e-01	1.780655e+00
417	4.850602e-01	4.705810e-01	1.223742e+00
418	4.661650e-01	4.791303e-01	2.928676e+00
419	4.700580e-01	4.854977e-01	1.055691e+00
420	4.668383e-01	5.233988e-01	2.823156e+00
421	4.749581e-01	5.037307e-01	2.886663e+00
422	4.734586e-01	4.909017e-01	1.391793e+00
423	5.334895e-01	5.294278e-01	1.467025e+00
424	4.740711e-01	5.247436e-01	1.512946e+00
425	4.563395e-01	8.840343e-01	1.960430e+00
426	4.706615e-01	8.878836e-01	2.254519e+00
427	5.395644e-01	6.547416e-01	2.899365e+00
428	4.844429e-01	4.813505e-01	1.247191e+00
429	4.525099e-01	4.978810e-01	1.802149e+00
430	4.701309e-01	5.224453e-01	1.663410e+00
431	4.864036e-01	5.159157e-01	2.556424e+00
432	5.008315e-01	5.622745e-01	2.947240e+00
433	4.542324e-01	5.105065e-01	2.475330e+00
434	4.739395e-01	4.611465e-01	2.923791e+00
435	3.241185e-01	4.701639e-01	2.906204e+00
436	5.216572e-01	8.346051e-02	2.668784e+00
437	4.858395e-01	5.397179e-01	2.476307e+00
438	5.500776e-01	4.874404e-01	2.065950e+00
439	4.775899e-01	5.086185e-01	1.983879e+00
440	3.767373e-01	3.601237e-01	1.637030e+00
441	6.454350e-01	5.288243e-01	1.338056e+00
442	3.833492e-01	4.608364e-01	2.406937e+00
443	6.900030e-01	4.092785e-01	1.422081e+00
444	5.281262e-01	6.298767e-01	2.956033e+00
445	4.651270e-01	5.011732e-01	2.601368e+00
446	4.735588e-01	5.868566e-01	1.846116e+00
447	4.919826e-01	5.226292e-01	1.264778e+00
448	4.089096e-01	4.548695e-01	1.119199e+00
449	4.529133e-01	4.584863e-01	1.956522e+00
450	4.431657e-01	5.097604e-01	2.971666e+00
451	4.716792e-01	5.003385e-01	2.149976e+00
452	5.045202e-01	4.332229e-01	1.574499e+00
453	6.551072e-01	6.881997e-01	1.775769e+00
455	5.099059e-01	5.399875e-01	2.984367e+00
456	4.533065e-01	4.938193e-01	1.577430e+00
457	4.523262e-01	4.159988e-01	2.955056e+00
458	4.969518e-01	4.987480e-01	2.865169e+00
459	3.967698e-01	3.635984e-01	1.672203e+00
461	2.460713e-01	4.924901e-01	2.513434e+00
462	5.342158e-01	5.470130e-01	1.853933e+00
463	4.869964e-01	5.631275e-01	2.858329e+00
464	4.877041e-01	5.950218e-01	1.574499e+00
465	4.346652e-01	5.638289e-01	1.432829e+00
466	4.772542e-01	5.159163e-01	1.500244e+00
467	4.310632e-01	3.245881e-01	1.323400e+00
468	4.546124e-01	5.167408e-01	2.147044e+00
469	4.696707e-01	4.921286e-01	2.698095e+00
470	4.828590e-01	5.463792e-01	1.364436e+00
471	5.263127e-01	7.421232e-01	2.076698e+00
472	4.776254e-01	5.020776e-01	2.011236e+00
473	4.842242e-01	6.523176e-01	1.215926e+00
474	4.638987e-01	5.086711e-01	2.299463e+00
475	5.518405e-01	4.477181e-01	1.683928e+00
476	4.522900e-01	5.159398e-01	2.081583e+00
477	5.192053e-01	5.325372e-01	2.350269e+00
478	3.048254e-01	4.332813e-01	2.728383e+00
479	3.795285e-01	3.221739e-01	1.194431e+00
480	4.156439e-01	4.889934e-01	2.515388e+00
481	6.537073e-01	6.940189e-01	1.865657e+00
482	4.546396e-01	4.822323e-01	1.802149e+00
483	5.101202e-01	5.247855e-01	1.367367e+00
484	4.313719e-01	4.563808e-01	1.148510e+00
485	4.485532e-01	4.554697e-01	2.427455e+00
486	4.839522e-01	5.402466e-01	2.196873e+00
487	4.414487e-01	5.311468e-01	2.386419e+00
488	4.270501e-01	4.374534e-01	1.294089e+00
489	5.149544e-01	5.298744e-01	1.687836e+00
490	5.089849e-01	4.171784e-01	1.146556e+00
491	7.460471e-01	4.252112e-01	1.597948e+00
492	4.267078e-01	4.995757e-01	2.412799e+00
493	3.404146e-01	4.043409e-01	1.227650e+00
494	5.002190e-01	6.218536e-01	2.522228e+00
495	5.049340e-01	5.199940e-01	1.437714e+00
496	5.193581e-01	5.684067e-01	1.523693e+00
497	5.854630e-01	5.372846e-01	1.221788e+00
498	4.871793e-01	5.705966e-01	1.652662e+00
499	3.572369e-01	4.282717e-01	1.269663e+00
500	4.761865e-01	5.190837e-01	2.967758e+00
501	4.793769e-01	5.108360e-01	2.546654e+00
502	3.709125e-01	7.522548e-01	1.818759e+00
503	5.104317e-01	5.248399e-01	1.919394e+00
504	4.732487e-01	5.026208e-01	2.563263e+00
505	4.001885e-01	3.832098e-01	1.451392e+00
506	3.540148e-01	5.190338e-01	1.718124e+00
507	4.499630e-01	4.935591e-01	1.207132e+00
508	4.699319e-01	5.067711e-01	1.236444e+00
509	5.525017e-01	5.337479e-01	2.622863e+00
510	4.030891e-01	4.183126e-01	2.549585e+00
511	4.721449e-01	4.976784e-01	2.966781e+00
512	5.294027e-01	5.878199e-01	2.395213e+00
513	4.815655e-01	4.897410e-01	1.534441e+00
514	4.548684e-01	4.828903e-01	1.550073e+00
515	5.138871e-01	5.509288e-01	1.610650e+00
516	6.455576e-01	4.581324e-01	1.612604e+00
517	4.707015e-01	5.102924e-01	1.086957e+00
518	4.875040e-01	5.139933e-01	2.282853e+00
519	4.963545e-01	8.965236e-01	1.573522e+00
520	4.801523e-01	5.030289e-01	2.497802e+00
521	4.748405e-01	4.969421e-01	1.752320e+00
523	4.747700e-01	5.041005e-01	1.209086e+00
524	5.208693e-01	5.667518e-01	2.755740e+00
525	5.429106e-01	4.866652e-01	1.499267e+00
526	4.807222e-01	5.137273e-01	1.014656e+00
527	3.927878e-01	1.497077e-01	2.891549e+00
528	4.874284e-01	5.131213e-01	2.478261e+00
529	5.060056e-01	5.151035e-01	1.898876e+00
530	4.436308e-01	5.052367e-01	1.188569e+00
531	4.826247e-01	5.609496e-01	2.785051e+00
532	4.684168e-01	5.123162e-01	2.945286e+00
533	5.342884e-01	5.809932e-01	2.458720e+00
534	4.278664e-01	6.239699e-01	2.673669e+00
535	4.637345e-01	4.908366e-01	1.399609e+00
536	5.148786e-01	5.268359e-01	2.604299e+00
537	4.789203e-01	5.154994e-01	1.529555e+00
538	4.700930e-01	5.052547e-01	2.823156e+00
539	4.399086e-01	4.808440e-01	2.826087e+00
540	4.433863e-01	4.551997e-01	2.844651e+00
541	4.794205e-01	4.373440e-01	2.290669e+00
542	4.823918e-01	4.894070e-01	2.570103e+00
543	4.855000e-01	5.362901e-01	2.396190e+00
544	4.407792e-01	4.283130e-01	1.318515e+00
545	4.710454e-01	4.435159e-01	2.605276e+00
546	3.773335e-01	6.946175e-01	2.683439e+00
547	5.922397e-01	2.776751e-01	1.587201e+00
548	5.545208e-01	6.345325e-01	1.375183e+00
549	4.574863e-01	4.765332e-01	2.298486e+00
550	3.573685e-01	3.243446e-01	1.285296e+00
551	4.756337e-01	5.082742e-01	2.983390e+00
552	2.551032e-01	4.892130e-01	1.195408e+00
553	4.695950e-01	5.164684e-01	2.414753e+00
554	4.609451e-01	3.772417e-01	1.843185e+00
555	3.811731e-01	4.793629e-01	2.396190e+00
556	5.740075e-01	5.556932e-01	3.000000e+00
557	4.498854e-01	5.161374e-01	2.728383e+00
559	4.926645e-01	5.244557e-01	1.944797e+00
560	3.845666e-01	3.921971e-01	2.883732e+00
561	4.720585e-01	4.630892e-01	2.383488e+00
562	4.028248e-01	6.300911e-01	2.506595e+00
563	4.571946e-01	5.050347e-01	1.786517e+00
564	4.134122e-01	5.140748e-01	2.893503e+00
565	4.715417e-01	5.145737e-01	2.981436e+00
566	4.743070e-01	5.725401e-01	2.663898e+00
567	4.503246e-01	4.620151e-01	2.227162e+00
568	4.631934e-01	5.120386e-01	1.527601e+00
569	3.803951e-01	3.092755e-01	2.610161e+00
570	2.627856e-01	2.355307e-01	1.058622e+00
571	4.382464e-01	4.473073e-01	2.782120e+00
573	4.547609e-01	5.101179e-01	2.109917e+00
574	4.353808e-01	4.690257e-01	2.074744e+00
575	4.818207e-01	5.068478e-01	2.319003e+00
576	4.337396e-01	5.029800e-01	1.290181e+00
577	4.829684e-01	4.264677e-01	1.286273e+00
578	4.422342e-01	4.878615e-01	1.881290e+00
579	4.543407e-01	4.943130e-01	1.664387e+00
580	3.393481e-01	1.169460e-01	1.242306e+00
581	4.878154e-01	5.273475e-01	1.927211e+00
582	4.688118e-01	5.076117e-01	2.820225e+00
583	6.283531e-01	5.560031e-01	2.792868e+00
584	4.829107e-01	5.905349e-01	1.201270e+00
585	4.153886e-01	4.097628e-01	1.898876e+00
586	4.811855e-01	5.030333e-01	1.782609e+00
587	4.648455e-01	5.098864e-01	1.561798e+00
588	4.729347e-01	5.079027e-01	2.282853e+00
589	4.094498e-01	4.577461e-01	2.210552e+00
590	4.311537e-01	5.680137e-01	1.020518e+00
591	4.153100e-01	4.366158e-01	1.784563e+00
592	4.751184e-01	5.063261e-01	1.275525e+00
593	4.514048e-01	5.263039e-01	1.212995e+00
594	4.533416e-01	5.100933e-01	2.964827e+00
595	4.832028e-01	5.324885e-01	2.079629e+00
596	4.869447e-01	4.802066e-01	1.187592e+00
597	4.573109e-01	5.541487e-01	1.258915e+00
598	4.510089e-01	4.913792e-01	1.999511e+00
599	4.779801e-01	5.102806e-01	1.264778e+00
600	4.816198e-01	5.229493e-01	1.110405e+00
601	3.216416e-01	3.719134e-01	1.107474e+00
602	4.944869e-01	4.288393e-01	1.070347e+00
603	4.716687e-01	5.107757e-01	2.400098e+00
604	4.451348e-01	4.550888e-01	2.871031e+00
605	4.693420e-01	4.987374e-01	2.739130e+00
606	4.571101e-01	4.646148e-01	2.061065e+00
607	5.386012e-01	7.373053e-01	1.073278e+00
608	4.468088e-01	4.786909e-01	2.799707e+00
609	4.254993e-01	4.010485e-01	2.010259e+00
610	4.410771e-01	5.738337e-01	1.700537e+00
611	4.641965e-01	5.026314e-01	1.339033e+00
612	4.236504e-01	5.013103e-01	2.227162e+00
613	6.520111e-01	8.973049e-01	2.482169e+00
614	4.892342e-01	4.796521e-01	2.958964e+00
615	4.204771e-01	5.324801e-01	1.443576e+00
616	3.866342e-01	5.996523e-01	2.381534e+00
617	5.338912e-01	6.397969e-01	1.971177e+00
618	4.723337e-01	5.105974e-01	2.960918e+00
619	5.827297e-01	9.180717e-01	1.812897e+00
620	5.756450e-01	4.641769e-01	1.170982e+00
621	5.744454e-01	4.872023e-01	1.277479e+00
622	6.051695e-01	4.546142e-01	1.176844e+00
623	3.819297e-01	4.722790e-01	1.636053e+00
624	4.363639e-01	3.751606e-01	2.336590e+00
625	4.268569e-01	5.462977e-01	1.343918e+00
626	4.857565e-01	4.915065e-01	1.905716e+00
627	4.119239e-01	4.957914e-01	1.784563e+00
628	4.665076e-01	5.202858e-01	2.063996e+00
629	4.730435e-01	5.024574e-01	2.497802e+00
630	4.372988e-01	5.971340e-01	2.870054e+00
631	4.293695e-01	4.630411e-01	1.729849e+00
632	5.968101e-01	6.247844e-01	2.290669e+00
633	4.737018e-01	5.105249e-01	2.841720e+00
634	4.660148e-01	5.044135e-01	2.195896e+00
635	4.678632e-01	5.412846e-01	1.601856e+00
636	4.080514e-01	4.495060e-01	2.449927e+00
637	4.852696e-01	4.732386e-01	1.462140e+00
638	4.746162e-01	5.059939e-01	2.041524e+00
639	4.756800e-01	5.069227e-01	2.061065e+00
640	4.273033e-01	3.221034e-01	2.130435e+00
641	6.681282e-01	7.242435e-01	2.205667e+00
642	4.549810e-01	4.854584e-01	2.184172e+00
643	5.108819e-01	5.181932e-01	2.747924e+00
644	4.165806e-01	7.491136e-01	2.909135e+00
645	4.843786e-01	5.108731e-01	2.777235e+00
646	4.782221e-01	5.880638e-01	1.295066e+00
647	4.830963e-01	4.834602e-01	1.050806e+00
648	4.284356e-01	7.067412e-01	1.191500e+00
649	4.666247e-01	4.860131e-01	1.198339e+00
650	4.415561e-01	5.352568e-01	2.656082e+00
651	4.679947e-01	5.079246e-01	1.692721e+00
652	4.196729e-01	4.925738e-01	2.330728e+00
653	4.942340e-01	5.286887e-01	1.906693e+00
654	4.799873e-01	4.921018e-01	2.192965e+00
655	4.104229e-01	4.663682e-01	1.200293e+00
656	4.463916e-01	4.967473e-01	2.361016e+00
657	4.209586e-01	3.569397e-01	2.080606e+00
658	4.602542e-01	5.103670e-01	2.017098e+00
659	4.109566e-01	4.624788e-01	2.191011e+00
660	4.946577e-01	3.360836e-01	1.667318e+00
661	4.168454e-01	3.757352e-01	2.229116e+00
662	4.669598e-01	4.693300e-01	1.188569e+00
663	4.792137e-01	4.543274e-01	2.714704e+00
664	4.408186e-01	4.275622e-01	1.979971e+00
665	4.848331e-01	5.125305e-01	2.954079e+00
666	8.649257e-01	7.656586e-01	1.803127e+00
667	4.635104e-01	5.567243e-01	1.039082e+00
668	7.249747e-01	8.382219e-01	1.893014e+00
669	5.149139e-01	6.549530e-01	1.778701e+00
670	2.842319e-01	1.346813e-01	1.807035e+00
671	4.634215e-01	4.916057e-01	1.102589e+00
672	5.298198e-01	1.765028e-01	1.879336e+00
673	4.447847e-01	5.792503e-01	1.984856e+00
674	4.753436e-01	5.080435e-01	2.238886e+00
675	4.827093e-01	5.314106e-01	2.868100e+00
676	4.744891e-01	4.994654e-01	2.748901e+00
677	6.011940e-01	6.171480e-01	1.578407e+00
678	4.391856e-01	4.803698e-01	1.621397e+00
679	4.723048e-01	5.058271e-01	2.657059e+00
680	4.369005e-01	4.841844e-01	2.404983e+00
681	4.955437e-01	5.260181e-01	2.272106e+00
682	4.252810e-01	4.375011e-01	1.463117e+00
683	4.638125e-01	5.020239e-01	2.316072e+00
684	4.637652e-01	4.994979e-01	2.334636e+00
685	4.026557e-01	5.576866e-01	1.365413e+00
686	4.317368e-01	6.817446e-01	2.105032e+00
687	4.565007e-01	5.780187e-01	1.339033e+00
688	4.542912e-01	5.003853e-01	2.932584e+00
689	4.824877e-01	5.057336e-01	2.378603e+00
690	4.721402e-01	5.112263e-01	1.833415e+00
691	5.296595e-01	3.599028e-01	1.663410e+00
692	4.955227e-01	5.276577e-01	2.251588e+00
693	3.645852e-01	6.806979e-01	1.766976e+00
694	5.038760e-01	5.911638e-01	1.575476e+00
695	7.017329e-01	5.722274e-01	2.771373e+00
696	4.756966e-01	5.020318e-01	2.787005e+00
697	4.800779e-01	4.970620e-01	1.959453e+00
698	4.727442e-01	5.200124e-01	2.187103e+00
699	4.741011e-01	5.052046e-01	2.430386e+00
700	4.962650e-01	5.722715e-01	2.679531e+00
701	3.908977e-01	4.274638e-01	2.191988e+00
702	5.836186e-01	5.844806e-01	2.945286e+00
703	4.815308e-01	5.018065e-01	2.793845e+00
704	4.772311e-01	4.856979e-01	2.132389e+00
705	4.425471e-01	2.915054e-01	1.627259e+00
706	4.697539e-01	5.220919e-01	1.623351e+00
707	4.441349e-01	5.041879e-01	2.772350e+00
708	4.662554e-01	5.007937e-01	1.552027e+00
709	4.011949e-01	5.932576e-01	1.180752e+00
710	4.281935e-01	4.670687e-01	1.632145e+00
711	5.197996e-01	9.341092e-01	1.680997e+00
712	4.596096e-01	4.578969e-01	2.828041e+00
713	5.887398e-01	5.462527e-01	1.703468e+00
714	6.507475e-01	4.200611e-01	1.471910e+00
715	4.710906e-01	5.224515e-01	2.368832e+00
716	4.637933e-01	5.234989e-01	1.961407e+00
717	4.742860e-01	5.099317e-01	1.756229e+00
718	4.585195e-01	4.495193e-01	2.987298e+00
719	4.837936e-01	5.038554e-01	2.332682e+00
720	4.862399e-01	5.438143e-01	1.097704e+00
721	4.970041e-01	5.343728e-01	1.954568e+00
722	4.774425e-01	5.086202e-01	1.704446e+00
723	4.751808e-01	5.082732e-01	1.853933e+00
724	5.430877e-01	5.947146e-01	2.829995e+00
725	4.532170e-01	5.667115e-01	2.232047e+00
726	4.104045e-01	4.266117e-01	2.587689e+00
727	5.757231e-01	4.221361e-01	2.698095e+00
728	7.626223e-01	9.446025e-01	1.896922e+00
729	4.279454e-01	4.020321e-01	1.212995e+00
730	5.157236e-01	3.757618e-01	1.502198e+00
731	4.755284e-01	5.088908e-01	2.614069e+00
732	5.210320e-01	6.130514e-01	2.880801e+00
733	4.854141e-01	5.117795e-01	1.956522e+00
734	3.674840e-01	3.826916e-01	2.745970e+00
735	3.151421e-01	2.406551e-01	1.179775e+00
736	3.927316e-01	4.566832e-01	1.935027e+00
737	4.603747e-01	5.266679e-01	1.975085e+00
738	4.954516e-01	5.441255e-01	1.067416e+00
739	4.397018e-01	4.791619e-01	2.024915e+00
740	4.546772e-01	4.712235e-01	2.810454e+00
741	5.044662e-01	5.293186e-01	2.428432e+00
742	4.627016e-01	5.058832e-01	1.957499e+00
743	4.642153e-01	4.861317e-01	2.306302e+00
744	4.860941e-01	5.404034e-01	2.557401e+00
745	5.067669e-01	5.374174e-01	1.243283e+00
746	4.603765e-01	5.247980e-01	2.429409e+00
747	4.269780e-01	4.950757e-01	2.523205e+00
748	5.577747e-01	6.718053e-01	2.842697e+00
749	4.749025e-01	5.033883e-01	2.247680e+00
750	4.596431e-01	4.753082e-01	2.000489e+00
751	4.655401e-01	5.269598e-01	2.446019e+00
752	4.750607e-01	5.079949e-01	2.360039e+00
753	3.562556e-01	4.728705e-01	2.567171e+00
754	4.742613e-01	5.182488e-01	2.415730e+00
755	4.407760e-01	5.131897e-01	1.989741e+00
756	4.745240e-01	5.090054e-01	2.908158e+00
757	5.713513e-01	6.106951e-01	2.731314e+00
758	4.690774e-01	5.060809e-01	2.544700e+00
759	4.735936e-01	5.067777e-01	2.890572e+00
760	4.714028e-01	5.059840e-01	1.654617e+00
761	4.718571e-01	5.110818e-01	1.008793e+00
762	4.249132e-01	4.454302e-01	1.260870e+00
763	4.368985e-01	6.099552e-01	1.347826e+00
764	4.726152e-01	5.032467e-01	1.325354e+00
765	4.735436e-01	5.206011e-01	1.420127e+00
766	3.977327e-01	3.211206e-01	2.845628e+00
767	4.462757e-01	4.967833e-01	1.853933e+00
768	4.808552e-01	5.213791e-01	1.303859e+00
769	3.751572e-01	4.317588e-01	1.294089e+00
770	8.829287e-01	1.119288e-01	1.675134e+00
771	4.575040e-01	4.687349e-01	2.417684e+00
772	4.817152e-01	5.543989e-01	2.053249e+00
773	4.694845e-01	4.936231e-01	1.276502e+00
774	6.452345e-01	5.471359e-01	2.779189e+00
775	3.124734e-01	8.417820e-01	1.984856e+00
776	2.371028e-01	5.393457e-01	2.295554e+00
777	4.808005e-01	5.142473e-01	1.652662e+00
778	4.594285e-01	4.853436e-01	2.464582e+00
779	4.706700e-01	5.045130e-01	1.763068e+00
780	4.318362e-01	4.601186e-01	2.026869e+00
781	4.639632e-01	5.229476e-01	1.160234e+00
782	5.760714e-01	3.884617e-01	2.302394e+00
783	4.514568e-01	5.000260e-01	1.384954e+00
784	4.914613e-01	5.601489e-01	2.598437e+00
785	4.598598e-01	5.410673e-01	2.130435e+00
786	4.419737e-01	5.096719e-01	1.690767e+00
787	4.658964e-01	5.266986e-01	1.940889e+00
788	4.619166e-01	4.979014e-01	2.099170e+00
