461
0	6.461612e-01	3.082998e-01	1.398632e+00
5	1.303966e-01	1.921125e-01	2.424524e+00
7	4.776248e-01	5.508498e-01	2.705911e+00
9	5.986150e-01	3.376831e-02	2.233024e+00
11	5.944885e-01	1.147405e-01	1.556913e+00
15	7.390346e-01	9.274420e-02	1.306790e+00
17	5.581299e-01	3.579337e-02	1.195408e+00
18	3.017359e-01	2.020845e-01	1.785540e+00
20	5.700292e-01	1.130190e-01	1.863703e+00
22	6.134340e-01	9.080234e-02	2.487054e+00
23	5.061524e-01	2.655025e-02	1.946751e+00
24	4.662916e-02	9.409461e-01	1.303859e+00
26	5.801033e-01	5.227125e-02	1.388862e+00
28	2.872786e-01	5.795731e-01	2.205667e+00
29	2.215946e-01	1.564731e-01	2.181241e+00
30	7.466718e-01	2.146789e-01	1.475818e+00
31	5.312366e-01	1.712600e-02	2.309233e+00
33	4.362718e-01	7.215832e-01	2.331705e+00
34	5.920059e-01	5.478561e-02	1.126038e+00
40	1.782562e-01	6.657649e-01	1.282364e+00
42	5.938294e-01	4.969155e-02	2.412799e+00
43	5.970354e-01	1.231253e-01	2.557401e+00
44	5.564585e-01	3.178696e-03	1.648754e+00
48	6.040603e-01	3.391921e-02	2.751832e+00
51	5.879881e-01	1.230537e-01	2.560332e+00
52	2.198279e-02	5.584621e-01	1.696629e+00
53	2.277856e-01	3.807161e-01	1.506106e+00
54	5.681954e-01	6.749324e-02	2.675623e+00
55	5.827293e-01	1.266597e-01	2.497802e+00
58	5.299854e-01	1.089531e-01	1.866634e+00
60	6.223293e-01	2.923471e-02	1.503175e+00
62	5.922205e-01	7.033442e-02	2.831949e+00
63	5.538043e-01	3.314527e-02	2.317049e+00
64	6.082683e-01	2.177577e-02	2.353200e+00
65	5.944599e-01	3.578515e-02	2.575965e+00
66	5.530802e-01	1.594273e-01	2.922814e+00
67	2.257085e-02	4.981566e-01	2.289692e+00
71	5.835677e-01	1.241134e-01	1.110405e+00
72	1.346491e-01	1.502962e-01	1.412311e+00
74	3.979144e-01	7.736158e-01	1.449438e+00
75	8.585587e-01	1.643903e-02	2.176356e+00
76	6.202906e-01	1.205991e-02	1.212995e+00
80	5.752180e-01	5.740865e-02	2.736199e+00
81	5.759248e-01	4.351456e-02	1.617489e+00
82	3.592549e-01	3.512813e-01	2.456766e+00
83	8.658573e-01	9.278997e-01	1.406448e+00
86	6.095213e-01	4.122742e-02	2.877870e+00
90	5.539206e-01	6.500925e-02	1.538349e+00
93	6.376574e-01	1.019904e-02	2.929653e+00
94	5.919470e-01	5.633234e-02	2.125550e+00
95	4.001657e-01	1.105519e-01	2.148999e+00
96	5.656303e-01	5.466159e-03	1.206155e+00
99	4.148195e-01	3.819886e-01	1.753298e+00
103	5.918939e-01	4.022639e-02	2.723498e+00
104	9.518157e-01	7.202546e-01	1.216903e+00
110	5.980318e-01	1.020020e-01	1.905716e+00
112	7.979854e-01	4.317214e-01	1.549096e+00
114	6.350480e-01	6.650290e-02	1.261847e+00
115	3.276946e-01	2.272691e-01	1.308745e+00
116	2.763388e-01	3.279951e-01	1.148510e+00
117	6.316814e-01	2.433893e-02	1.865657e+00
118	4.741123e-01	1.690452e-01	2.988276e+00
120	4.738143e-01	5.156546e-02	2.095261e+00
121	5.547485e-01	7.148694e-02	2.442110e+00
123	5.454001e-01	6.651003e-02	1.417196e+00
124	5.911519e-01	1.149288e-01	2.817294e+00
126	6.119441e-01	5.059689e-02	2.738153e+00
127	5.206642e-01	7.529244e-01	2.338544e+00
131	4.970275e-01	2.730042e-01	2.375672e+00
132	4.596866e-01	1.610434e-02	1.220811e+00
133	6.791501e-01	3.523681e-02	2.407914e+00
134	4.231502e-01	9.330536e-02	2.277968e+00
137	5.338916e-01	1.378996e-01	2.286761e+00
138	7.286618e-01	3.175796e-02	1.194431e+00
140	6.947133e-01	2.048965e-01	2.827064e+00
141	5.929762e-01	9.013340e-02	1.684905e+00
142	6.054712e-01	1.087726e-01	1.999511e+00
145	5.813906e-01	9.766222e-02	2.501710e+00
147	4.124293e-01	1.775750e-01	2.719590e+00
148	6.106394e-01	1.224916e-01	2.937469e+00
151	3.071329e-01	3.839743e-01	2.611138e+00
153	5.764325e-01	7.827802e-02	1.983879e+00
158	1.948565e-01	1.522889e-01	2.386419e+00
159	4.081819e-01	6.341805e-01	2.647289e+00
162	4.299022e-01	1.754690e-02	1.764045e+00
163	4.547777e-01	6.495000e-01	1.632145e+00
164	5.985757e-01	5.942370e-02	1.235467e+00
165	6.081561e-01	3.525378e-02	2.251588e+00
168	6.025549e-01	3.749861e-02	2.109917e+00
169	5.921633e-01	8.423285e-02	2.137274e+00
170	5.318198e-01	1.377197e-01	2.099170e+00
171	6.666340e-01	1.065734e-02	2.057157e+00
172	6.239945e-01	5.407288e-02	2.246702e+00
174	8.834340e-01	1.560588e-01	2.453835e+00
176	3.595938e-01	5.071722e-01	2.215437e+00
177	5.961775e-01	1.083629e-05	2.153884e+00
178	5.602381e-01	8.575173e-02	2.475330e+00
180	3.048264e-01	2.148804e-01	2.127504e+00
181	5.883220e-01	4.463904e-02	1.790425e+00
186	6.342416e-01	6.113769e-02	1.784563e+00
187	7.510072e-01	7.019706e-01	2.653151e+00
188	6.175757e-01	2.329753e-02	1.839277e+00
189	6.130490e-01	4.628690e-02	1.175867e+00
190	3.831034e-01	2.489788e-01	2.807523e+00
191	3.726410e-01	7.431699e-01	2.811431e+00
192	5.711473e-01	2.213711e-01	1.192477e+00
193	5.549205e-01	2.767078e-02	1.620420e+00
194	5.592919e-01	2.747673e-02	2.624817e+00
195	6.248329e-01	4.410821e-02	2.806546e+00
197	4.251032e-01	5.864789e-01	2.060088e+00
206	8.671621e-01	4.240040e-02	1.652662e+00
208	5.996312e-01	1.003274e-01	2.170493e+00
210	3.753282e-01	6.476854e-01	1.545188e+00
211	2.890757e-01	1.068534e-01	1.376160e+00
212	1.957283e-01	3.752128e-01	1.621397e+00
214	6.173855e-01	2.702696e-02	1.612604e+00
215	5.847846e-01	6.122390e-02	2.909135e+00
217	5.962545e-01	1.265960e-01	2.770396e+00
220	3.932138e-01	2.489867e-01	2.697118e+00
221	6.042296e-01	5.255151e-02	1.938935e+00
227	5.927455e-01	1.376372e-01	1.245237e+00
229	2.051896e-01	3.614549e-01	2.305325e+00
232	6.189757e-01	8.925607e-03	2.447973e+00
234	9.271497e-01	3.934388e-02	1.931119e+00
235	4.611947e-01	2.745550e-03	2.687347e+00
236	5.961753e-01	8.715045e-02	2.787982e+00
238	7.327194e-01	1.281340e-01	2.193942e+00
239	5.731826e-01	1.083755e-01	2.918906e+00
240	8.432624e-02	3.164805e-01	1.734734e+00
242	5.150036e-01	5.081849e-02	1.631168e+00
244	5.958491e-01	6.228763e-02	2.458720e+00
245	3.351047e-01	1.869139e-01	2.134343e+00
246	6.252779e-01	8.724417e-02	2.662921e+00
247	6.024120e-01	2.402046e-02	2.924768e+00
248	6.717778e-01	4.866260e-02	2.983390e+00
249	4.648234e-01	3.129225e-01	2.305325e+00
250	3.569870e-01	4.241877e-01	2.763556e+00
251	4.632767e-01	3.071639e-01	2.374695e+00
252	8.048929e-02	5.530424e-02	1.703468e+00
254	6.018829e-01	1.924858e-02	2.925745e+00
257	3.390505e-01	1.575001e-01	2.413776e+00
258	3.152673e-01	2.471731e-01	2.569126e+00
259	7.714810e-01	2.729875e-02	1.865657e+00
260	5.482259e-01	1.808850e-02	2.574988e+00
261	6.263787e-01	2.003301e-02	1.598925e+00
262	1.605207e-01	9.343226e-01	2.264289e+00
264	6.632821e-01	4.655530e-02	1.061553e+00
266	4.476769e-01	9.077757e-02	1.928188e+00
269	5.027961e-01	1.813459e-01	1.793356e+00
272	4.947903e-01	3.861725e-01	1.052760e+00
276	4.769669e-01	1.899849e-01	2.368832e+00
277	5.376991e-01	3.099384e-03	2.024915e+00
279	1.306628e-01	2.291912e-01	1.348803e+00
282	5.908731e-01	6.735816e-02	2.745970e+00
283	1.863031e-01	6.619861e-01	2.490962e+00
287	2.842854e-01	2.784616e-02	2.264289e+00
288	4.340500e-01	4.263073e-01	2.905227e+00
290	4.337266e-01	1.608545e-01	2.152907e+00
291	4.081588e-01	2.853686e-01	2.784074e+00
292	6.301124e-01	8.863443e-02	2.445042e+00
293	8.309352e-01	2.274939e-01	2.852467e+00
294	5.943452e-01	6.748290e-02	2.070835e+00
296	6.452007e-01	1.589531e-02	1.751343e+00
297	5.588707e-01	1.264074e-01	2.077675e+00
299	1.029761e-01	8.882364e-01	2.048363e+00
301	5.868681e-01	1.087462e-01	2.779189e+00
305	6.067996e-01	3.581941e-02	1.416219e+00
306	5.283070e-01	7.377353e-01	1.745481e+00
308	3.171245e-01	4.094261e-01	1.868588e+00
309	4.725964e-01	6.777943e-02	2.511480e+00
310	5.906019e-01	6.044963e-02	2.596483e+00
311	7.202483e-01	8.380011e-02	2.855398e+00
312	5.619646e-01	6.411790e-02	1.312653e+00
314	5.856347e-01	4.245789e-02	2.252565e+00
315	2.696807e-01	3.887075e-02	1.978017e+00
316	6.014541e-01	2.490354e-02	2.965804e+00
318	3.733992e-01	6.926853e-01	1.701514e+00
319	5.161190e-01	3.123936e-01	1.135809e+00
321	5.241308e-01	3.510638e-01	2.470445e+00
325	2.541356e-01	1.890738e-01	2.896434e+00
326	5.511952e-01	1.079937e-03	1.857841e+00
327	5.170838e-01	7.670676e-02	1.669272e+00
331	3.654038e-02	1.481792e-01	1.552027e+00
333	5.999895e-01	1.177871e-02	1.382022e+00
338	2.849441e-01	3.567231e-02	1.408403e+00
340	6.220516e-01	2.643778e-02	1.526624e+00
342	5.781321e-01	1.327073e-01	1.054714e+00
343	6.165686e-01	4.536586e-02	2.601368e+00
345	3.118500e-01	1.644426e-01	2.321935e+00
346	4.016309e-01	2.268201e-01	1.564729e+00
347	3.081997e-01	3.781127e-01	1.679043e+00
349	6.124770e-01	9.764056e-02	2.564240e+00
350	5.062642e-01	6.718853e-01	2.311187e+00
351	2.772230e-02	9.271724e-01	1.297997e+00
355	5.192478e-01	7.356798e-01	2.461651e+00
357	4.090467e-01	4.475869e-01	2.991207e+00
358	5.429051e-01	1.526236e-01	2.857352e+00
359	4.760216e-01	8.241565e-02	1.913532e+00
361	6.534897e-01	1.422411e-01	1.214949e+00
362	5.776584e-01	6.837999e-02	1.005862e+00
363	5.073351e-01	1.266531e-01	2.227162e+00
365	4.203397e-01	1.250697e-01	1.491451e+00
366	2.129335e-01	6.438042e-01	1.692721e+00
367	6.185619e-01	3.504778e-02	1.154372e+00
368	4.658702e-01	5.097652e-03	1.851001e+00
370	5.263649e-01	1.321011e-01	1.874450e+00
372	5.991638e-01	4.604692e-02	2.199805e+00
374	5.864533e-01	4.153081e-02	1.322423e+00
376	3.835841e-01	2.519896e-01	1.815828e+00
377	6.221142e-01	1.135829e-01	1.328285e+00
379	7.025881e-01	7.214065e-01	1.599902e+00
380	7.485025e-01	5.848224e-01	2.343429e+00
381	1.532844e-01	3.540035e-01	1.835369e+00
382	2.397954e-01	7.693338e-01	1.065462e+00
384	3.882676e-01	2.508500e-01	2.761602e+00
386	6.410906e-01	4.448892e-02	2.449927e+00
387	5.862791e-01	5.033255e-02	2.669761e+00
389	3.847206e-01	5.883227e-01	2.960918e+00
390	5.828489e-01	1.121137e-01	1.655594e+00
391	4.027362e-01	1.960836e-01	2.572057e+00
392	5.986316e-01	1.717812e-03	1.234489e+00
393	6.135546e-01	1.816500e-02	1.607719e+00
394	6.455166e-01	4.066550e-02	2.643381e+00
396	7.926955e-01	4.215071e-01	2.058134e+00
398	7.721698e-01	3.994172e-01	2.453835e+00
399	4.985312e-01	1.336542e-01	2.169516e+00
400	5.584574e-01	8.391879e-02	1.634099e+00
402	6.032680e-01	7.015197e-02	2.292623e+00
405	6.368145e-01	7.378729e-02	1.358574e+00
407	3.639066e-01	5.171455e-01	2.850513e+00
408	1.268627e-01	1.349174e-01	2.543723e+00
409	5.707734e-01	8.944719e-03	1.170005e+00
410	6.053027e-01	1.093438e-01	2.011236e+00
411	5.635699e-01	5.336263e-01	2.982413e+00
412	6.124078e-01	3.227480e-01	1.578407e+00
413	6.349991e-01	1.129710e-01	2.904250e+00
415	5.967189e-01	1.495069e-02	1.856864e+00
416	2.463637e-01	2.991530e-01	1.780655e+00
417	2.930589e-01	3.839056e-01	1.223742e+00
418	5.711719e-01	5.527436e-02	2.928676e+00
419	5.379395e-01	6.887907e-02	1.055691e+00
420	5.785990e-01	6.131020e-02	2.823156e+00
421	5.665875e-01	5.723498e-02	2.886663e+00
422	6.043405e-01	2.753493e-03	1.391793e+00
425	3.577420e-01	5.268784e-01	1.960430e+00
426	3.571750e-01	5.291284e-01	2.254519e+00
428	5.994945e-01	6.330400e-02	1.247191e+00
429	5.967158e-01	4.543868e-02	1.802149e+00
430	5.660207e-01	7.394311e-02	1.663410e+00
432	3.495648e-01	5.485940e-01	2.947240e+00
433	8.009210e-02	1.564356e-02	2.475330e+00
435	5.479274e-01	1.892613e-01	2.906204e+00
436	1.699011e-01	8.181484e-01	2.668784e+00
437	6.011030e-01	1.005615e-01	2.476307e+00
438	2.648688e-01	2.285425e-01	2.065950e+00
440	4.323735e-01	4.260850e-01	1.637030e+00
441	2.445238e-01	3.436297e-01	1.338056e+00
442	2.257536e-01	1.223011e-01	2.406937e+00
445	5.502815e-01	5.956432e-04	2.601368e+00
448	4.814323e-01	9.453954e-02	1.119199e+00
449	4.094266e-01	1.805480e-01	1.956522e+00
450	8.247386e-01	1.941476e-01	2.971666e+00
452	5.095926e-01	3.660042e-01	1.574499e+00
454	4.005324e-01	3.362956e-01	1.542257e+00
455	6.012535e-01	2.221189e-02	2.984367e+00
458	7.276721e-01	3.667443e-01	2.865169e+00
463	4.331886e-04	4.706960e-02	2.858329e+00
465	5.323103e-01	1.718003e-01	1.432829e+00
466	6.042894e-01	9.915870e-02	1.500244e+00
468	6.002367e-01	3.147318e-02	2.147044e+00
469	6.140328e-01	2.980422e-02	2.698095e+00
470	6.088831e-01	1.053386e-01	1.364436e+00
472	6.141761e-01	8.846957e-02	2.011236e+00
474	5.964225e-01	3.609039e-02	2.299463e+00
476	5.966435e-01	4.273865e-02	2.081583e+00
478	4.489879e-01	4.853676e-01	2.728383e+00
479	6.022349e-01	7.327846e-04	1.194431e+00
481	6.493854e-01	1.044760e-01	1.865657e+00
483	6.232636e-01	4.527373e-02	1.367367e+00
484	1.307294e-01	1.913906e-01	1.148510e+00
486	5.585465e-01	7.665726e-02	2.196873e+00
487	9.490673e-01	1.861448e-01	2.386419e+00
489	6.044793e-01	8.302896e-03	1.687836e+00
490	5.304922e-01	1.556002e-01	1.146556e+00
491	3.757107e-01	5.507853e-01	1.597948e+00
492	5.605121e-01	2.084645e-01	2.412799e+00
493	8.654956e-01	6.297588e-03	1.227650e+00
495	6.698374e-01	1.052155e-02	1.437714e+00
496	6.177180e-01	1.689890e-02	1.523693e+00
497	5.425799e-01	2.071348e-01	1.221788e+00
498	8.198555e-02	9.574083e-02	1.652662e+00
499	6.225096e-01	8.156937e-02	1.269663e+00
500	6.431996e-01	3.872000e-02	2.967758e+00
501	5.834592e-01	4.415060e-02	2.546654e+00
504	5.952980e-01	1.270042e-01	2.563263e+00
506	1.766191e-01	3.408302e-01	1.718124e+00
508	6.051026e-01	7.198680e-03	1.236444e+00
509	6.433010e-01	8.298083e-03	2.622863e+00
510	4.170015e-01	5.644630e-01	2.549585e+00
511	6.387481e-01	4.114025e-02	2.966781e+00
515	5.075508e-01	2.104000e-03	1.610650e+00
517	5.810844e-01	3.773322e-02	1.086957e+00
519	2.730671e-01	1.936229e-01	1.573522e+00
520	5.797931e-01	4.477073e-02	2.497802e+00
521	5.605130e-01	5.269012e-02	1.752320e+00
522	4.351771e-01	5.956122e-01	1.589155e+00
523	4.431965e-01	1.271957e-01	1.209086e+00
524	5.539820e-01	3.166558e-02	2.755740e+00
525	2.044633e-01	1.326120e-01	1.499267e+00
527	6.299815e-01	1.122220e-01	2.891549e+00
528	5.778181e-01	8.178701e-02	2.478261e+00
529	4.739848e-01	4.647240e-03	1.898876e+00
530	6.090872e-01	1.085078e-01	1.188569e+00
531	6.310957e-01	9.678592e-03	2.785051e+00
533	6.540421e-01	6.613336e-02	2.458720e+00
534	3.594856e-01	1.783229e-01	2.673669e+00
536	6.652312e-01	3.696251e-02	2.604299e+00
540	4.612798e-01	3.619087e-02	2.844651e+00
541	4.299431e-01	5.340214e-01	2.290669e+00
543	5.370668e-01	2.314565e-01	2.396190e+00
544	4.796334e-01	5.768801e-01	1.318515e+00
547	1.490224e-01	9.265520e-02	1.587201e+00
548	4.699249e-01	1.042856e-01	1.375183e+00
549	5.966555e-01	8.101247e-02	2.298486e+00
551	5.678492e-01	4.695081e-02	2.983390e+00
555	3.518484e-01	5.796987e-01	2.396190e+00
556	7.631126e-01	2.465431e-02	3.000000e+00
557	5.942686e-01	8.960486e-02	2.728383e+00
559	6.287419e-01	9.750083e-02	1.944797e+00
560	3.858845e-01	1.614727e-01	2.883732e+00
563	1.090881e-01	3.304718e-01	1.786517e+00
564	4.657179e-01	5.138205e-01	2.893503e+00
565	5.732614e-01	2.777126e-02	2.981436e+00
567	5.186296e-01	5.312947e-02	2.227162e+00
568	2.908227e-01	3.863359e-01	1.527601e+00
570	5.418175e-01	7.560962e-02	1.058622e+00
571	6.024522e-01	5.191511e-02	2.782120e+00
572	5.261273e-01	1.933921e-01	1.518808e+00
573	6.140086e-01	5.246139e-02	2.109917e+00
575	5.429061e-01	8.598688e-03	2.319003e+00
576	2.086738e-01	4.626525e-04	1.290181e+00
578	8.452575e-01	6.131995e-01	1.881290e+00
579	8.592739e-01	4.585047e-01	1.664387e+00
580	2.242665e-01	7.593451e-01	1.242306e+00
581	5.677920e-01	1.849886e-01	1.927211e+00
582	5.886514e-01	1.814964e-02	2.820225e+00
583	4.952925e-01	6.563753e-01	2.792868e+00
585	7.981441e-01	7.680607e-02	1.898876e+00
586	5.984292e-01	8.922665e-02	1.782609e+00
587	4.017067e-03	1.590779e-01	1.561798e+00
588	6.344703e-01	8.943280e-02	2.282853e+00
591	4.905484e-01	4.036077e-02	1.784563e+00
592	7.294786e-02	1.568470e-01	1.275525e+00
595	6.533605e-01	2.936259e-03	2.079629e+00
597	4.222792e-01	5.624096e-01	1.258915e+00
598	1.467157e-02	3.737525e-01	1.999511e+00
599	5.999631e-01	5.104261e-02	1.264778e+00
600	6.492779e-01	2.699360e-02	1.110405e+00
601	3.838363e-02	2.047150e-02	1.107474e+00
603	6.963320e-01	3.958303e-03	2.400098e+00
605	5.909800e-01	8.422826e-02	2.739130e+00
606	6.157078e-01	8.929598e-02	2.061065e+00
607	5.581050e-01	2.229380e-01	1.073278e+00
608	6.576827e-01	2.847877e-02	2.799707e+00
609	4.089093e-02	6.102581e-01	2.010259e+00
612	8.630322e-01	3.953082e-02	2.227162e+00
614	6.147772e-01	3.791403e-02	2.958964e+00
616	4.332362e-01	2.108943e-01	2.381534e+00
619	2.319145e-01	2.211870e-01	1.812897e+00
621	3.244640e-01	2.186538e-01	1.277479e+00
622	4.775772e-01	5.300293e-01	1.176844e+00
626	6.036573e-01	3.327622e-02	1.905716e+00
627	5.429391e-01	1.770122e-01	1.784563e+00
628	6.136709e-01	2.750008e-02	2.063996e+00
629	6.016003e-01	9.777575e-02	2.497802e+00
630	7.180975e-01	3.184032e-02	2.870054e+00
634	5.532465e-01	3.469785e-02	2.195896e+00
636	4.371932e-01	4.333336e-01	2.449927e+00
639	5.961667e-01	8.741472e-02	2.061065e+00
642	5.893057e-01	3.059175e-02	2.184172e+00
643	5.796472e-01	1.821885e-01	2.747924e+00
646	5.908307e-01	9.509977e-02	1.295066e+00
647	4.393478e-01	1.324327e-01	1.050806e+00
650	2.387790e-01	5.879306e-01	2.656082e+00
656	5.926613e-01	1.176606e-01	2.361016e+00
657	3.422574e-02	1.556961e-01	2.080606e+00
658	6.084921e-01	3.126532e-02	2.017098e+00
660	3.607224e-01	5.186112e-01	1.667318e+00
662	4.421489e-01	6.761964e-02	1.188569e+00
666	7.098919e-01	1.106914e-01	1.803127e+00
668	3.840291e-01	4.608532e-01	1.893014e+00
670	2.348081e-01	8.133088e-01	1.807035e+00
671	6.237616e-01	2.923867e-02	1.102589e+00
672	4.355371e-01	6.301313e-02	1.879336e+00
673	4.709326e-01	5.793503e-02	1.984856e+00
674	5.769540e-01	1.133989e-03	2.238886e+00
675	4.248096e-01	6.073564e-01	2.868100e+00
676	6.396980e-01	2.332047e-02	2.748901e+00
677	7.789541e-02	1.702396e-01	1.578407e+00
678	5.662784e-01	9.065839e-03	1.621397e+00
680	4.782699e-02	3.536367e-01	2.404983e+00
681	2.180764e-01	5.429754e-03	2.272106e+00
682	1.793466e-01	1.791398e-01	1.463117e+00
684	5.867243e-01	4.098524e-02	2.334636e+00
687	4.580817e-01	1.278109e-01	1.339033e+00
689	6.217015e-01	7.641124e-03	2.378603e+00
690	5.994041e-01	1.987991e-02	1.833415e+00
691	7.229634e-01	2.043180e-02	1.663410e+00
692	5.612189e-01	1.589307e-01	2.251588e+00
694	5.142195e-01	7.333433e-01	1.575476e+00
695	6.133168e-01	6.615749e-02	2.771373e+00
696	3.043881e-01	3.861892e-01	2.787005e+00
697	5.920471e-01	1.818660e-02	1.959453e+00
699	5.455669e-01	1.445495e-02	2.430386e+00
703	5.931957e-01	1.288314e-01	2.793845e+00
704	6.263038e-01	1.511223e-02	2.132389e+00
705	4.005509e-01	6.474690e-01	1.627259e+00
706	6.323973e-01	3.869279e-02	1.623351e+00
708	5.311272e-01	7.664016e-02	1.552027e+00
710	3.850327e-01	5.246292e-01	1.632145e+00
711	2.695545e-01	1.875848e-01	1.680997e+00
717	5.964429e-01	4.880045e-02	1.756229e+00
718	6.042150e-01	7.229107e-02	2.987298e+00
719	6.094422e-01	3.192146e-02	2.332682e+00
720	5.443705e-01	1.043051e-02	1.097704e+00
722	6.162713e-01	3.089596e-02	1.704446e+00
723	5.934543e-01	8.033528e-02	1.853933e+00
725	5.183798e-01	1.600337e-01	2.232047e+00
726	1.756709e-01	1.930512e-01	2.587689e+00
731	5.844094e-01	7.191396e-02	2.614069e+00
733	5.586626e-01	4.579624e-02	1.956522e+00
735	2.216484e-01	8.283666e-01	1.179775e+00
736	5.359499e-01	1.403752e-01	1.935027e+00
737	5.871909e-01	1.115150e-01	1.975085e+00
738	5.962609e-01	3.531707e-02	1.067416e+00
739	2.421779e-01	2.162757e-01	2.024915e+00
740	5.150327e-01	7.334509e-01	2.810454e+00
744	6.230092e-01	1.034543e-01	2.557401e+00
745	4.394446e-01	6.415443e-01	1.243283e+00
747	5.647080e-01	1.010920e-01	2.523205e+00
748	7.508194e-01	2.640682e-02	2.842697e+00
749	5.524892e-01	4.194767e-02	2.247680e+00
750	6.070900e-01	2.418661e-03	2.000489e+00
751	6.072719e-01	1.066994e-01	2.446019e+00
755	5.758131e-01	6.279922e-02	1.989741e+00
758	5.878247e-01	4.030067e-02	2.544700e+00
760	6.035555e-01	4.214202e-02	1.654617e+00
761	5.473726e-01	3.999675e-02	1.008793e+00
762	1.565743e-01	2.002596e-01	1.260870e+00
764	5.083919e-01	8.235826e-02	1.325354e+00
767	5.505793e-01	5.791900e-02	1.853933e+00
770	6.338523e-01	4.567388e-01	1.675134e+00
772	5.868146e-01	4.494315e-02	2.053249e+00
773	5.946043e-01	2.791872e-02	1.276502e+00
779	5.857574e-01	5.811511e-02	1.763068e+00
780	4.102153e-01	7.280775e-02	2.026869e+00
783	2.381604e-01	3.957696e-01	1.384954e+00
785	5.620466e-01	1.118839e-02	2.130435e+00
786	4.824651e-01	1.077717e-01	1.690767e+00
787	2.862856e-01	2.406535e-01	1.940889e+00
788	5.828573e-01	1.057737e-01	2.099170e+00
