767
0	2.892895e-01	2.954037e-01	1.398632e+00
1	4.972401e-01	4.695621e-01	1.108451e+00
2	4.954329e-01	5.234985e-01	2.925745e+00
3	4.895750e-01	5.738773e-01	2.732291e+00
4	4.829854e-01	6.224673e-01	1.257938e+00
5	4.211384e-01	6.373813e-01	2.424524e+00
6	7.432427e-01	8.603527e-01	1.383000e+00
7	4.788325e-01	5.103081e-01	2.705911e+00
8	4.627970e-01	5.616943e-01	2.442110e+00
9	4.717253e-01	5.205604e-01	2.233024e+00
10	5.394188e-01	4.056065e-01	2.376649e+00
11	4.621907e-01	5.186669e-01	1.556913e+00
12	4.407346e-01	7.237537e-01	2.950171e+00
13	5.138310e-01	5.088809e-01	1.066439e+00
14	4.697683e-01	5.219188e-01	1.626282e+00
15	3.222588e-01	7.329432e-01	1.306790e+00
16	4.717509e-01	5.179668e-01	2.902296e+00
17	6.205028e-01	7.047294e-01	1.195408e+00
18	5.208076e-01	5.616116e-01	1.785540e+00
19	4.514595e-01	4.855539e-01	1.248168e+00
20	5.196295e-01	5.208126e-01	1.863703e+00
21	4.516982e-01	6.066897e-01	2.671715e+00
22	4.644927e-01	5.117961e-01	2.487054e+00
23	4.885645e-01	5.282949e-01	1.946751e+00
24	5.706689e-01	6.445384e-01	1.303859e+00
25	4.310364e-01	4.424863e-01	2.152907e+00
26	4.908011e-01	5.267478e-01	1.388862e+00
27	4.666528e-01	4.754411e-01	1.591109e+00
28	4.160165e-01	4.370873e-01	2.205667e+00
29	4.716428e-01	4.768948e-01	2.181241e+00
30	3.978116e-01	6.480030e-01	1.475818e+00
31	4.823088e-01	5.747565e-01	2.309233e+00
32	4.598882e-01	5.016512e-01	2.073766e+00
33	5.061772e-01	6.564644e-01	2.331705e+00
34	4.568090e-01	4.792741e-01	1.126038e+00
35	7.680461e-01	6.288543e-01	2.235955e+00
36	4.388755e-01	5.633458e-01	2.805569e+00
37	4.800461e-01	4.696204e-01	2.555447e+00
38	4.777687e-01	5.261287e-01	2.559355e+00
39	4.713615e-01	5.341159e-01	1.895945e+00
40	4.459587e-01	5.608417e-01	1.282364e+00
41	4.908996e-01	3.605309e-01	2.750855e+00
42	4.658048e-01	5.273963e-01	2.412799e+00
43	4.590822e-01	5.132776e-01	2.557401e+00
44	4.067744e-01	6.425495e-01	1.648754e+00
45	4.364256e-01	5.267304e-01	1.721055e+00
46	4.050081e-01	3.908081e-01	2.588666e+00
47	4.866761e-01	5.359850e-01	1.525647e+00
48	4.752720e-01	5.247179e-01	2.751832e+00
49	3.155768e-01	2.908290e-01	2.625794e+00
50	4.928201e-01	5.431312e-01	1.663410e+00
51	4.708070e-01	5.180858e-01	2.560332e+00
52	4.777072e-01	5.187449e-01	1.696629e+00
53	4.716561e-01	5.252372e-01	1.506106e+00
54	4.664596e-01	5.306110e-01	2.675623e+00
55	4.287982e-01	4.770059e-01	2.497802e+00
56	5.307401e-01	3.561612e-01	1.031265e+00
57	4.899306e-01	5.387251e-01	2.361993e+00
58	4.496910e-01	4.844456e-01	1.866634e+00
60	7.766738e-01	7.516367e-01	1.503175e+00
61	5.205636e-01	4.611759e-01	2.449927e+00
62	4.863120e-01	5.518502e-01	2.831949e+00
63	4.739230e-01	5.397150e-01	2.317049e+00
64	5.214303e-01	4.636369e-01	2.353200e+00
65	4.707882e-01	5.223129e-01	2.575965e+00
66	4.743799e-01	4.320032e-01	2.922814e+00
67	3.634076e-01	3.899283e-01	2.289692e+00
68	4.822386e-01	4.763912e-01	2.766488e+00
69	5.254674e-01	3.545318e-01	1.522716e+00
70	5.216207e-01	4.939565e-01	2.769419e+00
71	4.672198e-01	4.894033e-01	1.110405e+00
72	4.863429e-01	4.877117e-01	1.412311e+00
73	5.340381e-01	5.802224e-01	1.951637e+00
74	3.584896e-01	4.080159e-01	1.449438e+00
75	2.780544e-01	4.409498e-01	2.176356e+00
76	4.738173e-01	4.457997e-01	1.212995e+00
77	4.637881e-01	5.532023e-01	1.872496e+00
78	4.783664e-01	5.689051e-01	1.606742e+00
79	3.226632e-01	5.857453e-01	1.183683e+00
80	4.855432e-01	5.733763e-01	2.736199e+00
81	4.699391e-01	5.199220e-01	1.617489e+00
82	4.898122e-01	4.582120e-01	2.456766e+00
83	3.748804e-01	4.512247e-01	1.406448e+00
84	5.435139e-01	5.598201e-01	2.453835e+00
85	4.653295e-01	5.167417e-01	2.712750e+00
86	4.708998e-01	5.237603e-01	2.877870e+00
87	3.259286e-01	7.341673e-01	1.533464e+00
88	4.214496e-01	2.967988e-01	2.169516e+00
89	5.907608e-01	6.087704e-01	2.483146e+00
90	5.066591e-01	4.461680e-01	1.538349e+00
91	4.444077e-01	5.411266e-01	1.117245e+00
92	4.630068e-01	5.345841e-01	2.709819e+00
93	5.184736e-01	5.431917e-01	2.929653e+00
94	3.733168e-01	6.374717e-01	2.125550e+00
95	4.665502e-01	5.483896e-01	2.148999e+00
96	5.004200e-01	5.360063e-01	1.206155e+00
98	4.724193e-01	5.350059e-01	1.997557e+00
99	4.324093e-01	5.912110e-01	1.753298e+00
100	4.903144e-01	5.293389e-01	1.491451e+00
101	4.725245e-01	5.162189e-01	2.381534e+00
102	4.537104e-01	4.705790e-01	1.837323e+00
103	5.120841e-01	5.724228e-01	2.723498e+00
104	5.356761e-01	6.023876e-01	1.216903e+00
105	4.630098e-01	5.134880e-01	1.385931e+00
107	4.856144e-01	5.219241e-01	1.887152e+00
108	6.645662e-01	3.769345e-01	1.869565e+00
109	3.990363e-01	4.722532e-01	2.657059e+00
110	4.349346e-01	4.866444e-01	1.905716e+00
111	5.157350e-01	5.512102e-01	2.319980e+00
113	5.383449e-01	1.557464e-01	1.155349e+00
114	4.742015e-01	5.322802e-01	1.261847e+00
115	3.915352e-01	4.115358e-01	1.308745e+00
116	4.934513e-01	4.853944e-01	1.148510e+00
117	4.611445e-01	4.571149e-01	1.865657e+00
118	4.705031e-01	5.769744e-01	2.988276e+00
119	3.707856e-01	4.139892e-01	1.479726e+00
120	4.676443e-01	5.562092e-01	2.095261e+00
121	5.174395e-01	4.314331e-01	2.442110e+00
122	4.382521e-01	5.653460e-01	1.070347e+00
123	4.355917e-01	4.884795e-01	1.417196e+00
124	4.629664e-01	5.075362e-01	2.817294e+00
126	4.854462e-01	4.685345e-01	2.738153e+00
127	4.984609e-01	4.338387e-01	2.338544e+00
128	2.530671e-01	2.336730e-01	1.282364e+00
129	4.619859e-01	5.462711e-01	2.676600e+00
130	2.289253e-01	2.603503e-01	2.443087e+00
132	4.534439e-01	5.290501e-01	1.220811e+00
133	4.172886e-01	5.447854e-01	2.407914e+00
134	4.135977e-01	3.950963e-01	2.277968e+00
135	4.912175e-01	5.329002e-01	2.409868e+00
136	4.530522e-01	5.483709e-01	2.083537e+00
137	4.279150e-01	5.765645e-01	2.286761e+00
138	3.807438e-01	5.497781e-01	1.194431e+00
139	4.842142e-01	5.090339e-01	2.818271e+00
140	4.449164e-01	5.080583e-01	2.827064e+00
141	4.758575e-01	5.357943e-01	1.684905e+00
142	4.581164e-01	5.366022e-01	1.999511e+00
143	4.741228e-01	5.131432e-01	1.956522e+00
144	4.249027e-01	4.764626e-01	2.323889e+00
145	4.345676e-01	5.675190e-01	2.501710e+00
146	3.822871e-01	7.166679e-01	2.395213e+00
147	4.359633e-01	5.327392e-01	2.719590e+00
148	4.709602e-01	5.200108e-01	2.937469e+00
149	4.953453e-01	4.776252e-01	2.803615e+00
150	3.547269e-01	4.142140e-01	1.794333e+00
151	4.960406e-01	5.338568e-01	2.611138e+00
152	4.635218e-01	5.073172e-01	1.724963e+00
153	4.783231e-01	5.390545e-01	1.983879e+00
154	4.734841e-01	5.171850e-01	2.181241e+00
155	4.953183e-01	4.338166e-01	1.295066e+00
156	4.610875e-01	4.358745e-01	1.970200e+00
157	4.433248e-01	5.235700e-01	2.387396e+00
158	4.329495e-01	4.893136e-01	2.386419e+00
159	4.863555e-01	4.817699e-01	2.647289e+00
160	4.609537e-01	5.056264e-01	1.686859e+00
161	4.653551e-01	5.039781e-01	1.553981e+00
162	4.675535e-01	6.278669e-01	1.764045e+00
163	4.283191e-01	2.771188e-01	1.632145e+00
164	4.697407e-01	5.180843e-01	1.235467e+00
165	4.708149e-01	5.221009e-01	2.251588e+00
166	4.602596e-01	5.142692e-01	1.751343e+00
167	5.112971e-01	5.585252e-01	1.715193e+00
168	4.704388e-01	5.254294e-01	2.109917e+00
169	4.957884e-01	5.937437e-01	2.137274e+00
170	4.600430e-01	3.986977e-01	2.099170e+00
171	4.650955e-01	4.557201e-01	2.057157e+00
172	4.224688e-01	5.174209e-01	2.246702e+00
173	4.955382e-01	5.536108e-01	1.894968e+00
174	4.372007e-01	5.369356e-01	2.453835e+00
175	4.833001e-01	4.901055e-01	2.834880e+00
176	3.699406e-01	3.925994e-01	2.215437e+00
177	4.830819e-01	5.308295e-01	2.153884e+00
178	4.692881e-01	5.165034e-01	2.475330e+00
179	4.359741e-01	4.365464e-01	1.274548e+00
180	4.697525e-01	4.934807e-01	2.127504e+00
181	4.873397e-01	5.431814e-01	1.790425e+00
182	3.683222e-01	3.971016e-01	1.736688e+00
183	3.683497e-01	4.789598e-01	1.692721e+00
184	5.437042e-01	7.360649e-01	2.042501e+00
185	3.729879e-01	4.617440e-01	1.468979e+00
186	4.950158e-01	5.185793e-01	1.784563e+00
188	4.970403e-01	5.706197e-01	1.839277e+00
189	4.931419e-01	5.077095e-01	1.175867e+00
190	5.280074e-01	6.281412e-01	2.807523e+00
191	6.360916e-01	5.255715e-01	2.811431e+00
192	3.799415e-01	4.780770e-01	1.192477e+00
193	2.384943e-01	5.482465e-01	1.620420e+00
194	4.134131e-01	6.574296e-01	2.624817e+00
195	4.749231e-01	5.175717e-01	2.806546e+00
196	3.517989e-01	3.166474e-01	1.763068e+00
197	7.733283e-01	7.069333e-01	2.060088e+00
198	6.077164e-01	7.789794e-01	2.458720e+00
199	4.832845e-01	4.765790e-01	2.463605e+00
200	8.188719e-01	7.742461e-01	1.141671e+00
201	4.619267e-01	5.213472e-01	1.146556e+00
202	5.001125e-01	5.843702e-01	1.395701e+00
203	4.869397e-01	5.372238e-01	1.755252e+00
204	5.065417e-01	5.837875e-01	2.901319e+00
205	5.763465e-01	6.980469e-01	2.123596e+00
206	4.759246e-01	7.930997e-01	1.652662e+00
207	4.660754e-01	5.164674e-01	1.199316e+00
208	4.647199e-01	4.577731e-01	2.170493e+00
209	4.399629e-01	6.113752e-01	2.733268e+00
210	5.703064e-01	6.060269e-01	1.545188e+00
211	4.419747e-01	5.399360e-01	1.376160e+00
212	4.847343e-01	5.238246e-01	1.621397e+00
213	4.629050e-01	5.219540e-01	1.883244e+00
214	4.726261e-01	5.256064e-01	1.612604e+00
215	4.993469e-01	5.098712e-01	2.909135e+00
216	4.749068e-01	5.338564e-01	1.354665e+00
217	4.839649e-01	5.046750e-01	2.770396e+00
218	6.023904e-01	3.629089e-01	2.148999e+00
219	4.325696e-01	4.876317e-01	2.624817e+00
220	4.048400e-01	4.478042e-01	2.697118e+00
221	4.654351e-01	5.525578e-01	1.938935e+00
222	3.909775e-01	1.472180e-01	1.854910e+00
223	4.335206e-01	5.441342e-01	2.625794e+00
224	4.077030e-01	3.383986e-01	2.984367e+00
225	4.579634e-01	6.503278e-01	2.693210e+00
226	4.774101e-01	5.387476e-01	2.276014e+00
227	4.580238e-01	5.634689e-01	1.245237e+00
228	4.723647e-01	5.238041e-01	1.489497e+00
229	4.750493e-01	5.177944e-01	2.305325e+00
230	4.672202e-01	4.958041e-01	2.689301e+00
231	5.243830e-01	6.135926e-01	1.346849e+00
232	4.791929e-01	5.559608e-01	2.447973e+00
233	4.862082e-01	5.046992e-01	1.591109e+00
234	4.431805e-01	4.559433e-01	1.931119e+00
235	4.956502e-01	5.336067e-01	2.687347e+00
236	4.721871e-01	5.203736e-01	2.787982e+00
237	4.707826e-01	5.260086e-01	1.510015e+00
238	4.880868e-01	5.475142e-01	2.193942e+00
239	4.627467e-01	5.374940e-01	2.918906e+00
240	5.243291e-01	6.304191e-01	1.734734e+00
241	5.302848e-01	5.605347e-01	1.119199e+00
242	4.481275e-01	4.938748e-01	1.631168e+00
243	4.956917e-01	5.278808e-01	1.258915e+00
244	5.028603e-01	5.556828e-01	2.458720e+00
245	4.864796e-01	5.992490e-01	2.134343e+00
246	4.774990e-01	5.198344e-01	2.662921e+00
247	4.782423e-01	4.976724e-01	2.924768e+00
248	4.740036e-01	4.430403e-01	2.983390e+00
250	4.500463e-01	4.891401e-01	2.763556e+00
251	1.735403e-01	4.743402e-01	2.374695e+00
252	4.743306e-01	5.238625e-01	1.703468e+00
253	4.784696e-01	3.741258e-01	1.246214e+00
254	4.646251e-01	5.871590e-01	2.925745e+00
255	4.800782e-01	5.368174e-01	1.857841e+00
256	4.694077e-01	5.109893e-01	2.601368e+00
257	4.773837e-01	5.301166e-01	2.413776e+00
258	4.420947e-01	5.128180e-01	2.569126e+00
259	4.810838e-01	6.150944e-01	1.865657e+00
260	4.719410e-01	5.202272e-01	2.574988e+00
261	4.890483e-01	5.356029e-01	1.598925e+00
262	4.100074e-01	6.234307e-01	2.264289e+00
263	4.395434e-01	6.410315e-01	1.176844e+00
264	4.801616e-01	3.753084e-01	1.061553e+00
265	4.657365e-01	5.071025e-01	2.526136e+00
266	4.692262e-01	5.939569e-01	1.928188e+00
267	5.416333e-01	5.105720e-01	2.006351e+00
268	4.705286e-01	5.071253e-01	1.041036e+00
269	6.163754e-01	6.022579e-01	1.793356e+00
270	4.866833e-01	6.375430e-01	1.860772e+00
271	6.079625e-01	5.103790e-01	1.389839e+00
272	4.765125e-01	5.297245e-01	1.052760e+00
273	3.234536e-01	2.963437e-01	1.156326e+00
274	5.738859e-01	7.853068e-01	1.981925e+00
275	4.137324e-01	4.408841e-01	2.256473e+00
276	4.693388e-01	5.466379e-01	2.368832e+00
277	4.286341e-01	5.016212e-01	2.024915e+00
279	4.917122e-01	4.930174e-01	1.348803e+00
280	5.196366e-01	5.727841e-01	2.472399e+00
281	3.994887e-01	4.680921e-01	2.288715e+00
282	4.598957e-01	4.419390e-01	2.745970e+00
283	3.594366e-01	5.260282e-01	2.490962e+00
284	4.983476e-01	6.895075e-01	2.515388e+00
285	2.321093e-01	4.771420e-01	1.545188e+00
286	4.765063e-01	5.158267e-01	2.662921e+00
287	4.846415e-01	6.026873e-01	2.264289e+00
288	4.594223e-01	4.983717e-01	2.905227e+00
289	3.630997e-01	5.902774e-01	1.058622e+00
290	5.264975e-01	4.704163e-01	2.152907e+00
291	7.504168e-01	8.677958e-01	2.784074e+00
292	4.648482e-01	5.223291e-01	2.445042e+00
293	5.091515e-01	1.736305e-01	2.852467e+00
294	4.825787e-01	5.891272e-01	2.070835e+00
295	5.198511e-01	5.454652e-01	1.406448e+00
296	7.063365e-01	9.767299e-01	1.751343e+00
297	4.188333e-01	5.312667e-01	2.077675e+00
298	4.260646e-01	6.702636e-01	1.601856e+00
299	4.804060e-01	4.987398e-01	2.048363e+00
300	4.859064e-01	5.701786e-01	2.781143e+00
301	4.694101e-01	5.188955e-01	2.779189e+00
302	4.671156e-01	4.237442e-01	2.617978e+00
303	3.302047e-01	2.852786e-01	1.698583e+00
304	4.384613e-01	4.320168e-01	1.948705e+00
305	4.569542e-01	5.165977e-01	1.416219e+00
306	8.313641e-01	2.742465e-01	1.745481e+00
307	4.716483e-01	5.389476e-01	2.291646e+00
308	3.748447e-01	1.072869e-01	1.868588e+00
309	3.954466e-01	4.925011e-01	2.511480e+00
310	4.620537e-01	4.708820e-01	2.596483e+00
311	4.802150e-01	5.739637e-01	2.855398e+00
312	4.614313e-01	5.003531e-01	1.312653e+00
313	4.510137e-01	6.375897e-01	1.787494e+00
314	4.699895e-01	5.222787e-01	2.252565e+00
315	4.456281e-01	6.002587e-01	1.978017e+00
316	4.544545e-01	3.519954e-01	2.965804e+00
317	4.701215e-01	5.109790e-01	2.221299e+00
318	6.789261e-01	4.629611e-01	1.701514e+00
319	4.952129e-01	4.490600e-01	1.135809e+00
320	4.988043e-01	5.379420e-01	2.997069e+00
322	4.606116e-01	3.731569e-01	2.362970e+00
323	4.988694e-01	5.411229e-01	2.553493e+00
324	4.537040e-01	5.217125e-01	1.347826e+00
325	7.882405e-02	2.161967e-01	2.896434e+00
326	4.722811e-01	5.192961e-01	1.857841e+00
327	4.586716e-01	5.183705e-01	1.669272e+00
328	4.832800e-01	5.247689e-01	1.726917e+00
329	4.676602e-01	4.749413e-01	2.604299e+00
330	3.601560e-01	4.848687e-01	2.089399e+00
331	4.186115e-01	5.198401e-01	1.552027e+00
332	5.159227e-01	4.899850e-01	1.769907e+00
333	4.788845e-01	6.051259e-01	1.382022e+00
334	4.293129e-01	4.678600e-01	2.510503e+00
335	5.246364e-01	5.154926e-01	1.640938e+00
336	4.582873e-01	5.350932e-01	2.933561e+00
337	5.460960e-01	4.893977e-01	1.033219e+00
338	4.598007e-01	6.475116e-01	1.408403e+00
339	4.821734e-01	5.312963e-01	2.767465e+00
340	4.618332e-01	5.089420e-01	1.526624e+00
341	5.286764e-01	6.371882e-01	1.456277e+00
342	4.697057e-01	5.125372e-01	1.054714e+00
343	4.984056e-01	5.220706e-01	2.601368e+00
344	3.155856e-01	3.894462e-01	2.193942e+00
346	4.623229e-01	4.953380e-01	1.564729e+00
347	5.012404e-01	5.319936e-01	1.679043e+00
348	6.520398e-01	5.718496e-01	2.034685e+00
349	4.755696e-01	5.200049e-01	2.564240e+00
350	3.876254e-01	3.697577e-01	2.311187e+00
351	5.115669e-01	6.608296e-01	1.297997e+00
352	4.653002e-01	5.294480e-01	2.873962e+00
353	4.254995e-01	5.159194e-01	2.202736e+00
354	4.697688e-01	5.216595e-01	2.653151e+00
355	4.479764e-01	3.320627e-01	2.461651e+00
356	4.589228e-01	5.047887e-01	1.679043e+00
357	4.191977e-01	6.233118e-01	2.991207e+00
358	4.273733e-01	7.098668e-01	2.857352e+00
359	4.689624e-01	4.143025e-01	1.913532e+00
360	4.053003e-01	4.871913e-01	1.216903e+00
361	4.667740e-01	3.657484e-01	1.214949e+00
362	4.026232e-01	4.511840e-01	1.005862e+00
363	4.770699e-01	5.306704e-01	2.227162e+00
364	4.610041e-01	5.051553e-01	1.723009e+00
366	4.581338e-01	5.041109e-01	1.692721e+00
367	4.592148e-01	4.993681e-01	1.154372e+00
368	4.921739e-01	5.540742e-01	1.851001e+00
369	4.743101e-01	5.192149e-01	2.418661e+00
370	5.097892e-01	5.649906e-01	1.874450e+00
371	5.316367e-01	5.255173e-01	1.591109e+00
372	4.543159e-01	5.652919e-01	2.199805e+00
373	4.794472e-01	5.252098e-01	2.208598e+00
374	4.300539e-01	4.623870e-01	1.322423e+00
375	5.177049e-01	8.115579e-01	2.361016e+00
376	5.437999e-01	5.058705e-01	1.815828e+00
377	4.734653e-01	5.202114e-01	1.328285e+00
378	4.724869e-01	5.151347e-01	1.883244e+00
379	4.173984e-01	3.964240e-01	1.599902e+00
380	5.447215e-01	7.927272e-01	2.343429e+00
381	4.618632e-01	4.774733e-01	1.835369e+00
383	5.971929e-01	6.231254e-01	1.698583e+00
384	7.599794e-01	3.811546e-01	2.761602e+00
385	3.831956e-01	3.088246e-01	1.961407e+00
386	3.808157e-01	4.804570e-01	2.449927e+00
387	4.690366e-01	5.129989e-01	2.669761e+00
388	4.214526e-01	6.139033e-01	2.597460e+00
389	4.754259e-01	5.378777e-01	2.960918e+00
390	4.882308e-01	5.439663e-01	1.655594e+00
391	4.659253e-01	4.027793e-01	2.572057e+00
392	4.598366e-01	4.694350e-01	1.234489e+00
393	4.449660e-01	5.445020e-01	1.607719e+00
394	4.678715e-01	5.238656e-01	2.643381e+00
395	5.911640e-01	6.346505e-01	1.233512e+00
397	2.754795e-01	5.922168e-01	1.083048e+00
398	5.187818e-01	1.201040e-01	2.453835e+00
399	4.806562e-01	4.725249e-01	2.169516e+00
400	4.867153e-01	5.732758e-01	1.634099e+00
401	8.339606e-01	5.395187e-01	1.314607e+00
402	4.610740e-01	5.069116e-01	2.292623e+00
403	6.262009e-01	7.177845e-01	1.759160e+00
404	5.328031e-01	4.503669e-01	2.942355e+00
405	4.301130e-01	4.004242e-01	1.358574e+00
406	4.727816e-01	4.562925e-01	1.474841e+00
407	5.836881e-01	5.780082e-01	2.850513e+00
408	6.720701e-01	6.394141e-01	2.543723e+00
409	4.468951e-01	5.343430e-01	1.170005e+00
410	4.814889e-01	5.050873e-01	2.011236e+00
411	4.225790e-01	5.772353e-01	2.982413e+00
412	7.803808e-01	2.417867e-01	1.578407e+00
413	4.356543e-01	4.305033e-01	2.904250e+00
414	4.621591e-01	4.936485e-01	2.948217e+00
415	4.612155e-01	5.224086e-01	1.856864e+00
416	4.461357e-01	4.743652e-01	1.780655e+00
417	4.508055e-01	5.123339e-01	1.223742e+00
418	4.764257e-01	4.669341e-01	2.928676e+00
419	4.775432e-01	5.072521e-01	1.055691e+00
420	4.933720e-01	5.167468e-01	2.823156e+00
421	4.696960e-01	5.212542e-01	2.886663e+00
422	4.574800e-01	5.181891e-01	1.391793e+00
423	6.380836e-01	3.584063e-01	1.467025e+00
424	4.718593e-01	4.856991e-01	1.512946e+00
425	1.614205e-01	5.569373e-01	1.960430e+00
426	1.911705e-01	5.574432e-01	2.254519e+00
427	4.827595e-01	6.072243e-01	2.899365e+00
428	5.079117e-01	5.317641e-01	1.247191e+00
429	4.736939e-01	4.991952e-01	1.802149e+00
430	4.595773e-01	5.350727e-01	1.663410e+00
431	5.289171e-01	6.966627e-01	2.556424e+00
433	4.829022e-01	5.134101e-01	2.475330e+00
434	4.858800e-01	5.078435e-01	2.923791e+00
435	4.848274e-01	5.851373e-01	2.906204e+00
437	4.528716e-01	4.796601e-01	2.476307e+00
438	4.037747e-01	5.174589e-01	2.065950e+00
439	4.741217e-01	5.189747e-01	1.983879e+00
440	4.036852e-01	4.165805e-01	1.637030e+00
441	4.262661e-01	5.788223e-01	1.338056e+00
442	4.253970e-01	4.968735e-01	2.406937e+00
443	6.279293e-01	2.557319e-01	1.422081e+00
444	4.745611e-01	5.972811e-01	2.956033e+00
445	4.807933e-01	5.128955e-01	2.601368e+00
446	7.264997e-01	5.721660e-01	1.846116e+00
447	4.750684e-01	5.478434e-01	1.264778e+00
448	4.662987e-01	4.461810e-01	1.119199e+00
449	4.947715e-01	6.120367e-01	1.956522e+00
450	5.028676e-01	8.098228e-01	2.971666e+00
451	4.615111e-01	5.223527e-01	2.149976e+00
452	3.408438e-01	5.477437e-01	1.574499e+00
453	4.682734e-01	3.789069e-01	1.775769e+00
455	4.682461e-01	4.677741e-01	2.984367e+00
456	4.668922e-01	4.731616e-01	1.577430e+00
457	4.754415e-01	4.168597e-01	2.955056e+00
458	5.062088e-01	5.319416e-01	2.865169e+00
459	4.782892e-01	6.990303e-01	1.672203e+00
461	3.802231e-01	5.970926e-01	2.513434e+00
462	4.783452e-01	5.992957e-01	1.853933e+00
463	5.046208e-01	4.641339e-01	2.858329e+00
464	4.462897e-01	3.450585e-01	1.574499e+00
465	5.291954e-01	4.625064e-01	1.432829e+00
466	4.710750e-01	5.249883e-01	1.500244e+00
467	4.780226e-01	5.616047e-01	1.323400e+00
468	4.659394e-01	5.210466e-01	2.147044e+00
469	4.771612e-01	5.269954e-01	2.698095e+00
470	4.595823e-01	5.149052e-01	1.364436e+00
471	6.195618e-01	7.776091e-01	2.076698e+00
472	4.647834e-01	5.197200e-01	2.011236e+00
473	4.833580e-01	3.842222e-01	1.215926e+00
474	4.756695e-01	5.423139e-01	2.299463e+00
475	4.132595e-01	5.207014e-01	1.683928e+00
476	4.862293e-01	5.227181e-01	2.081583e+00
477	4.758738e-01	4.941414e-01	2.350269e+00
478	4.292736e-01	4.360984e-01	2.728383e+00
479	4.784979e-01	5.043326e-01	1.194431e+00
480	5.602367e-01	6.089772e-01	2.515388e+00
481	4.628082e-01	5.793484e-01	1.865657e+00
482	4.746344e-01	7.859124e-01	1.802149e+00
483	5.063631e-01	5.772320e-01	1.367367e+00
484	4.535786e-01	6.530975e-01	1.148510e+00
485	4.391450e-01	4.352380e-01	2.427455e+00
486	5.713762e-01	4.774459e-01	2.196873e+00
487	5.392392e-01	5.110285e-01	2.386419e+00
488	4.646110e-01	4.867195e-01	1.294089e+00
489	4.626297e-01	4.442800e-01	1.687836e+00
490	4.181954e-01	4.376566e-01	1.146556e+00
491	6.059993e-01	6.331391e-01	1.597948e+00
492	4.581663e-01	5.598400e-01	2.412799e+00
493	5.256466e-01	5.718473e-01	1.227650e+00
494	4.888407e-01	6.101066e-01	2.522228e+00
495	4.788628e-01	5.357337e-01	1.437714e+00
496	4.521850e-01	4.449343e-01	1.523693e+00
497	3.883146e-01	4.977631e-01	1.221788e+00
498	5.146717e-01	5.857228e-01	1.652662e+00
499	4.657185e-01	5.334578e-01	1.269663e+00
500	4.675851e-01	5.249891e-01	2.967758e+00
501	4.741294e-01	5.176453e-01	2.546654e+00
502	4.137160e-01	1.853817e-01	1.818759e+00
503	4.736008e-01	5.498865e-01	1.919394e+00
504	4.624887e-01	5.168883e-01	2.563263e+00
505	5.084335e-01	6.208330e-01	1.451392e+00
506	4.004147e-01	4.488490e-01	1.718124e+00
507	4.643999e-01	4.988079e-01	1.207132e+00
508	4.762063e-01	5.320428e-01	1.236444e+00
509	5.230408e-01	5.405214e-01	2.622863e+00
510	6.158362e-01	4.383308e-01	2.549585e+00
511	4.798714e-01	5.271638e-01	2.966781e+00
512	4.894944e-01	4.238416e-01	2.395213e+00
513	4.945033e-01	4.585679e-01	1.534441e+00
514	4.885933e-01	6.219077e-01	1.550073e+00
515	4.516000e-01	4.766433e-01	1.610650e+00
516	4.186129e-01	4.506567e-01	1.612604e+00
517	4.881836e-01	5.222572e-01	1.086957e+00
518	4.449981e-01	6.058573e-01	2.282853e+00
519	2.383584e-01	1.430859e-01	1.573522e+00
520	4.869576e-01	5.096004e-01	2.497802e+00
521	4.627614e-01	5.015636e-01	1.752320e+00
523	4.426429e-01	5.112153e-01	1.209086e+00
524	4.984483e-01	5.737751e-01	2.755740e+00
525	4.189338e-01	5.263496e-01	1.499267e+00
526	4.510813e-01	5.089369e-01	1.014656e+00
527	7.193749e-01	6.765048e-01	2.891549e+00
528	4.621471e-01	5.002533e-01	2.478261e+00
529	5.866759e-01	6.313045e-01	1.898876e+00
530	4.962093e-01	5.299612e-01	1.188569e+00
531	5.230137e-01	4.598109e-01	2.785051e+00
532	4.764263e-01	5.253150e-01	2.945286e+00
533	4.667739e-01	5.477985e-01	2.458720e+00
534	3.413965e-01	5.327923e-01	2.673669e+00
535	4.922007e-01	5.248624e-01	1.399609e+00
536	4.882120e-01	5.432898e-01	2.604299e+00
537	4.726698e-01	5.272264e-01	1.529555e+00
538	4.712671e-01	5.207511e-01	2.823156e+00
539	4.831638e-01	4.592229e-01	2.826087e+00
540	4.687377e-01	4.907665e-01	2.844651e+00
541	4.921879e-01	5.625612e-01	2.290669e+00
542	4.819247e-01	4.713270e-01	2.570103e+00
543	4.975613e-01	5.076430e-01	2.396190e+00
544	4.250605e-01	5.018052e-01	1.318515e+00
545	4.371312e-01	6.211048e-01	2.605276e+00
546	7.027327e-01	4.865805e-01	2.683439e+00
547	2.969832e-01	5.360269e-01	1.587201e+00
548	4.192930e-01	4.324702e-01	1.375183e+00
549	5.005906e-01	5.587190e-01	2.298486e+00
550	3.721767e-01	4.917094e-01	1.285296e+00
551	4.677194e-01	5.084058e-01	2.983390e+00
552	6.364484e-01	4.159801e-01	1.195408e+00
553	4.792577e-01	5.193495e-01	2.414753e+00
554	5.225520e-01	5.454535e-01	1.843185e+00
555	5.123734e-01	5.669758e-01	2.396190e+00
556	5.274635e-01	5.325485e-01	3.000000e+00
557	4.851263e-01	5.265619e-01	2.728383e+00
559	4.818854e-01	5.533892e-01	1.944797e+00
560	4.053079e-01	4.430923e-01	2.883732e+00
561	5.029186e-01	4.584445e-01	2.383488e+00
562	5.011503e-01	4.296221e-01	2.506595e+00
563	4.690589e-01	5.560928e-01	1.786517e+00
564	4.992666e-01	5.516375e-01	2.893503e+00
565	4.721244e-01	5.118692e-01	2.981436e+00
566	4.768013e-01	5.081347e-01	2.663898e+00
567	4.634257e-01	5.065898e-01	2.227162e+00
568	4.982187e-01	5.119887e-01	1.527601e+00
569	3.740419e-01	3.713382e-01	2.610161e+00
570	8.508499e-01	2.375727e-01	1.058622e+00
571	4.879647e-01	5.668380e-01	2.782120e+00
573	4.725599e-01	5.341145e-01	2.109917e+00
574	4.676068e-01	5.083482e-01	2.074744e+00
575	4.693675e-01	5.540580e-01	2.319003e+00
576	5.128926e-01	4.742236e-01	1.290181e+00
577	4.336377e-01	6.284691e-01	1.286273e+00
578	5.431614e-01	6.025465e-01	1.881290e+00
579	4.695285e-01	5.195996e-01	1.664387e+00
580	5.592097e-01	5.468541e-01	1.242306e+00
581	4.272655e-01	4.772709e-01	1.927211e+00
582	4.716218e-01	5.162779e-01	2.820225e+00
583	4.164133e-01	4.376339e-01	2.792868e+00
584	5.056940e-01	4.688571e-01	1.201270e+00
585	4.814094e-01	4.837827e-01	1.898876e+00
586	4.786726e-01	5.252633e-01	1.782609e+00
587	4.851670e-01	5.171806e-01	1.561798e+00
588	4.730254e-01	5.189030e-01	2.282853e+00
589	4.856298e-01	5.495885e-01	2.210552e+00
590	3.787112e-01	5.418143e-01	1.020518e+00
591	4.851256e-01	5.902901e-01	1.784563e+00
592	4.694431e-01	5.228519e-01	1.275525e+00
593	5.040600e-01	5.057807e-01	1.212995e+00
594	4.411180e-01	4.513196e-01	2.964827e+00
595	4.498642e-01	4.883009e-01	2.079629e+00
596	2.354111e-01	3.003644e-01	1.187592e+00
597	4.530822e-01	5.278244e-01	1.258915e+00
598	5.104031e-01	4.824136e-01	1.999511e+00
599	4.649835e-01	5.068675e-01	1.264778e+00
600	4.783121e-01	5.493384e-01	1.110405e+00
601	5.706706e-01	8.976385e-01	1.107474e+00
602	5.624506e-01	4.976308e-01	1.070347e+00
603	4.744212e-01	5.061242e-01	2.400098e+00
604	4.327195e-01	4.627808e-01	2.871031e+00
605	4.687574e-01	5.130142e-01	2.739130e+00
606	4.880420e-01	5.386665e-01	2.061065e+00
607	6.384013e-01	5.719829e-01	1.073278e+00
608	4.617271e-01	4.801667e-01	2.799707e+00
609	5.200191e-01	6.034415e-01	2.010259e+00
610	4.572074e-01	5.416716e-01	1.700537e+00
611	4.743914e-01	5.252480e-01	1.339033e+00
612	4.744354e-01	4.409951e-01	2.227162e+00
613	7.188851e-01	1.988896e-01	2.482169e+00
614	4.718324e-01	5.313023e-01	2.958964e+00
615	4.286094e-01	4.020408e-01	1.443576e+00
616	5.862054e-01	5.522504e-01	2.381534e+00
617	4.773922e-01	4.743425e-01	1.971177e+00
618	4.682498e-01	5.016608e-01	2.960918e+00
619	2.654260e-01	2.975216e-01	1.812897e+00
620	5.630606e-01	5.580536e-01	1.170982e+00
621	5.343319e-01	6.183291e-01	1.277479e+00
622	2.758284e-01	5.535997e-01	1.176844e+00
623	5.599129e-01	5.612839e-01	1.636053e+00
624	5.346018e-01	4.228198e-01	2.336590e+00
625	4.043109e-01	5.277051e-01	1.343918e+00
626	4.737060e-01	5.026083e-01	1.905716e+00
627	4.885251e-01	5.021639e-01	1.784563e+00
628	4.811295e-01	5.254005e-01	2.063996e+00
629	4.711378e-01	5.122429e-01	2.497802e+00
630	4.361832e-01	5.878105e-01	2.870054e+00
631	5.412016e-01	4.532982e-01	1.729849e+00
632	3.358382e-01	3.624417e-01	2.290669e+00
633	4.746829e-01	5.205865e-01	2.841720e+00
634	4.727907e-01	5.252687e-01	2.195896e+00
635	4.968517e-01	4.717349e-01	1.601856e+00
636	4.740738e-01	4.677104e-01	2.449927e+00
637	4.948513e-01	5.197257e-01	1.462140e+00
638	4.721582e-01	5.181729e-01	2.041524e+00
639	4.735073e-01	5.200241e-01	2.061065e+00
640	2.416611e-01	4.070258e-01	2.130435e+00
641	4.584131e-01	6.185284e-01	2.205667e+00
642	4.737874e-01	5.192325e-01	2.184172e+00
643	3.846512e-01	5.061759e-01	2.747924e+00
644	5.465957e-01	4.058522e-01	2.909135e+00
645	4.715308e-01	5.222311e-01	2.777235e+00
646	4.536397e-01	4.577583e-01	1.295066e+00
647	4.956556e-01	5.272167e-01	1.050806e+00
648	6.196201e-01	4.230007e-01	1.191500e+00
649	4.651541e-01	5.145373e-01	1.198339e+00
650	4.782598e-01	5.159924e-01	2.656082e+00
651	4.727755e-01	4.767995e-01	1.692721e+00
652	6.796014e-01	7.085685e-01	2.330728e+00
653	4.714311e-01	4.995702e-01	1.906693e+00
654	4.940723e-01	5.196141e-01	2.192965e+00
655	5.061649e-01	4.615688e-01	1.200293e+00
656	4.595499e-01	5.051734e-01	2.361016e+00
657	4.084035e-01	3.118734e-01	2.080606e+00
658	4.740297e-01	5.416614e-01	2.017098e+00
659	4.331455e-01	5.229935e-01	2.191011e+00
660	7.687771e-01	6.512920e-01	1.667318e+00
661	3.242918e-01	3.731325e-01	2.229116e+00
662	2.658756e-01	3.827197e-01	1.188569e+00
663	4.533494e-01	5.581953e-01	2.714704e+00
664	5.050463e-01	4.475184e-01	1.979971e+00
665	4.322624e-01	4.359534e-01	2.954079e+00
666	2.045914e-01	2.978375e-01	1.803127e+00
667	4.415450e-01	5.051119e-01	1.039082e+00
668	7.986160e-01	3.453348e-01	1.893014e+00
669	4.901293e-01	5.985402e-01	1.778701e+00
670	8.183512e-01	4.659453e-01	1.807035e+00
671	4.724672e-01	5.402651e-01	1.102589e+00
672	5.055914e-01	5.640581e-01	1.879336e+00
673	4.062217e-01	5.377725e-01	1.984856e+00
674	4.708905e-01	5.198347e-01	2.238886e+00
675	4.577547e-01	5.011283e-01	2.868100e+00
676	4.584962e-01	5.146943e-01	2.748901e+00
677	4.423117e-01	7.607072e-01	1.578407e+00
678	4.754013e-01	5.330859e-01	1.621397e+00
679	4.706435e-01	5.128693e-01	2.657059e+00
680	4.720529e-01	4.893704e-01	2.404983e+00
681	4.982740e-01	5.434173e-01	2.272106e+00
682	4.645121e-01	5.095573e-01	1.463117e+00
683	4.700935e-01	5.520480e-01	2.316072e+00
684	4.715491e-01	5.260091e-01	2.334636e+00
685	4.186132e-01	6.096117e-01	1.365413e+00
686	4.403238e-01	4.044224e-01	2.105032e+00
687	4.727895e-01	4.917404e-01	1.339033e+00
688	4.754243e-01	5.010724e-01	2.932584e+00
689	4.754785e-01	5.213002e-01	2.378603e+00
690	4.747722e-01	5.194526e-01	1.833415e+00
691	3.329488e-01	5.022431e-01	1.663410e+00
692	4.593175e-01	5.648857e-01	2.251588e+00
693	5.723274e-01	3.653244e-01	1.766976e+00
694	3.213355e-01	3.809281e-01	1.575476e+00
695	5.263029e-01	4.393133e-01	2.771373e+00
696	4.753894e-01	5.120707e-01	2.787005e+00
697	4.752427e-01	5.097060e-01	1.959453e+00
698	4.525131e-01	4.889819e-01	2.187103e+00
699	4.704172e-01	5.197249e-01	2.430386e+00
700	4.914022e-01	4.982778e-01	2.679531e+00
701	4.680842e-01	4.289469e-01	2.191988e+00
702	4.510095e-01	5.905264e-01	2.945286e+00
703	4.965119e-01	5.147124e-01	2.793845e+00
704	4.860768e-01	4.766443e-01	2.132389e+00
705	3.573025e-01	3.780513e-01	1.627259e+00
706	4.745384e-01	5.344966e-01	1.623351e+00
707	4.607997e-01	5.120256e-01	2.772350e+00
708	4.717869e-01	5.097829e-01	1.552027e+00
709	3.203056e-01	5.593156e-01	1.180752e+00
710	4.805602e-01	4.739339e-01	1.632145e+00
711	2.481353e-01	1.480727e-01	1.680997e+00
712	6.434722e-01	6.142807e-01	2.828041e+00
713	6.382298e-01	4.159852e-01	1.703468e+00
714	3.009420e-01	2.874397e-01	1.471910e+00
715	4.755903e-01	5.184057e-01	2.368832e+00
716	4.820744e-01	4.965106e-01	1.961407e+00
717	4.757270e-01	5.194451e-01	1.756229e+00
718	4.653194e-01	5.220575e-01	2.987298e+00
719	4.694034e-01	5.198256e-01	2.332682e+00
720	4.837526e-01	5.351043e-01	1.097704e+00
721	5.146073e-01	6.920089e-01	1.954568e+00
722	4.696407e-01	5.156007e-01	1.704446e+00
723	4.710406e-01	5.198406e-01	1.853933e+00
724	4.800033e-01	5.015681e-01	2.829995e+00
725	5.240965e-01	4.532238e-01	2.232047e+00
726	4.712745e-01	5.955944e-01	2.587689e+00
727	4.700599e-01	4.542363e-01	2.698095e+00
729	4.516476e-01	5.144173e-01	1.212995e+00
730	5.725077e-01	4.449446e-01	1.502198e+00
731	4.709368e-01	5.171947e-01	2.614069e+00
732	4.618594e-01	4.671990e-01	2.880801e+00
733	4.664245e-01	5.527976e-01	1.956522e+00
734	4.241467e-01	4.113520e-01	2.745970e+00
735	7.576536e-01	4.262612e-01	1.179775e+00
736	4.753737e-01	4.432571e-01	1.935027e+00
737	4.678237e-01	5.164193e-01	1.975085e+00
738	4.761284e-01	4.306393e-01	1.067416e+00
739	5.219121e-01	5.594200e-01	2.024915e+00
740	5.089443e-01	6.096392e-01	2.810454e+00
741	4.693488e-01	5.047545e-01	2.428432e+00
742	5.173195e-01	5.351591e-01	1.957499e+00
743	4.802002e-01	4.184735e-01	2.306302e+00
744	4.859228e-01	5.096804e-01	2.557401e+00
745	4.729695e-01	4.541339e-01	1.243283e+00
746	4.942552e-01	5.353718e-01	2.429409e+00
747	4.564135e-01	5.598380e-01	2.523205e+00
748	5.492534e-01	7.211894e-01	2.842697e+00
749	4.677145e-01	5.192970e-01	2.247680e+00
750	4.805133e-01	5.573050e-01	2.000489e+00
751	4.735657e-01	5.561321e-01	2.446019e+00
752	4.760854e-01	5.192514e-01	2.360039e+00
753	6.393963e-01	5.416597e-01	2.567171e+00
754	4.598172e-01	5.070946e-01	2.415730e+00
755	4.901248e-01	5.449190e-01	1.989741e+00
756	4.735239e-01	5.157069e-01	2.908158e+00
757	4.778986e-01	7.143506e-01	2.731314e+00
758	4.669759e-01	5.205063e-01	2.544700e+00
759	4.708481e-01	5.196836e-01	2.890572e+00
760	4.708610e-01	5.201594e-01	1.654617e+00
761	4.609596e-01	5.195311e-01	1.008793e+00
762	4.975942e-01	5.840204e-01	1.260870e+00
763	5.198638e-01	3.800313e-01	1.347826e+00
764	4.438329e-01	5.168346e-01	1.325354e+00
765	4.757368e-01	5.245541e-01	1.420127e+00
766	4.635284e-01	3.394818e-01	2.845628e+00
767	4.894248e-01	4.881951e-01	1.853933e+00
768	4.649428e-01	5.056819e-01	1.303859e+00
769	4.620393e-01	3.732355e-01	1.294089e+00
770	5.605912e-01	3.528039e-01	1.675134e+00
771	5.030856e-01	5.516140e-01	2.417684e+00
772	4.753629e-01	4.317931e-01	2.053249e+00
773	4.844289e-01	5.073281e-01	1.276502e+00
774	3.615490e-01	5.895883e-01	2.779189e+00
775	1.196289e-01	3.766096e-01	1.984856e+00
776	7.038228e-01	6.548232e-01	2.295554e+00
777	4.697996e-01	5.136610e-01	1.652662e+00
778	4.677844e-01	5.024571e-01	2.464582e+00
779	4.665128e-01	5.212814e-01	1.763068e+00
780	4.761190e-01	5.101306e-01	2.026869e+00
781	4.535715e-01	4.694464e-01	1.160234e+00
782	4.136270e-01	6.977553e-01	2.302394e+00
783	5.034341e-01	5.426411e-01	1.384954e+00
784	4.289802e-01	4.324136e-01	2.598437e+00
785	4.371684e-01	5.140283e-01	2.130435e+00
786	4.472534e-01	5.228666e-01	1.690767e+00
787	5.064566e-01	5.209589e-01	1.940889e+00
788	4.676210e-01	5.097354e-01	2.099170e+00
