767
0	1.465549e-01	2.226960e-01	1.398632e+00
1	3.954227e-01	4.556142e-01	1.108451e+00
2	5.011591e-01	5.634085e-01	2.925745e+00
3	4.845407e-01	5.675164e-01	2.732291e+00
4	3.288355e-01	3.652408e-01	1.257938e+00
5	3.818533e-01	4.372645e-01	2.424524e+00
6	7.974284e-01	9.376834e-01	1.383000e+00
7	4.870951e-01	5.172084e-01	2.705911e+00
8	4.655423e-01	5.018945e-01	2.442110e+00
9	4.749185e-01	5.112897e-01	2.233024e+00
10	4.980996e-01	6.479618e-01	2.376649e+00
11	4.692408e-01	5.004652e-01	1.556913e+00
12	4.913055e-01	5.338975e-01	2.950171e+00
13	5.290973e-01	5.839148e-01	1.066439e+00
14	4.717217e-01	5.132802e-01	1.626282e+00
15	4.022206e-01	8.041292e-01	1.306790e+00
16	4.737368e-01	5.110829e-01	2.902296e+00
17	4.212238e-01	5.758333e-01	1.195408e+00
18	5.194130e-01	5.131565e-01	1.785540e+00
19	4.793704e-01	5.271396e-01	1.248168e+00
20	4.438963e-01	5.193563e-01	1.863703e+00
21	3.935822e-01	4.344949e-01	2.671715e+00
22	4.747015e-01	5.230866e-01	2.487054e+00
23	4.523470e-01	7.383175e-01	1.946751e+00
24	3.765217e-01	5.512003e-01	1.303859e+00
25	6.784786e-01	6.877774e-01	2.152907e+00
26	4.616594e-01	5.179127e-01	1.388862e+00
27	4.793897e-01	5.508798e-01	1.591109e+00
28	4.942040e-01	5.271718e-01	2.205667e+00
29	4.673920e-01	4.924728e-01	2.181241e+00
30	4.726794e-01	7.268719e-01	1.475818e+00
31	5.300517e-01	4.288069e-01	2.309233e+00
32	4.656388e-01	5.325259e-01	2.073766e+00
33	6.304523e-01	7.368550e-01	2.331705e+00
34	4.704734e-01	5.482069e-01	1.126038e+00
35	6.581084e-01	6.026090e-01	2.235955e+00
36	2.049280e-01	5.729483e-01	2.805569e+00
37	5.503478e-01	6.895276e-01	2.555447e+00
38	4.730087e-01	4.912133e-01	2.559355e+00
39	4.707155e-01	5.086712e-01	1.895945e+00
40	4.387870e-01	4.898908e-01	1.282364e+00
41	4.582561e-01	5.234917e-01	2.750855e+00
42	4.681596e-01	5.069700e-01	2.412799e+00
43	4.850589e-01	4.969305e-01	2.557401e+00
44	5.067469e-01	4.376756e-01	1.648754e+00
45	4.587508e-01	5.939529e-01	1.721055e+00
46	4.954600e-01	6.472737e-01	2.588666e+00
47	4.614831e-01	5.247218e-01	1.525647e+00
48	4.782104e-01	5.080663e-01	2.751832e+00
49	5.001839e-01	5.760820e-01	2.625794e+00
50	4.650186e-01	5.841632e-01	1.663410e+00
51	4.765493e-01	5.097307e-01	2.560332e+00
52	4.684149e-01	5.391437e-01	1.696629e+00
53	4.591096e-01	5.147285e-01	1.506106e+00
54	4.686766e-01	5.045349e-01	2.675623e+00
55	4.395831e-01	4.280722e-01	2.497802e+00
56	5.109754e-01	6.319281e-01	1.031265e+00
57	4.619638e-01	4.143039e-01	2.361993e+00
58	4.692367e-01	5.621869e-01	1.866634e+00
60	7.717270e-01	7.712836e-01	1.503175e+00
61	4.985559e-01	4.767990e-01	2.449927e+00
62	4.691073e-01	4.970739e-01	2.831949e+00
63	4.840403e-01	5.184075e-01	2.317049e+00
64	4.825544e-01	4.768243e-01	2.353200e+00
65	4.769698e-01	5.137965e-01	2.575965e+00
66	4.300131e-01	5.773903e-01	2.922814e+00
67	4.150828e-01	4.609981e-01	2.289692e+00
68	4.761597e-01	5.474529e-01	2.766488e+00
69	4.526247e-01	5.388545e-01	1.522716e+00
70	5.431163e-01	5.346736e-01	2.769419e+00
71	4.901250e-01	5.464757e-01	1.110405e+00
72	4.934723e-01	5.543441e-01	1.412311e+00
73	5.640370e-01	7.208266e-01	1.951637e+00
74	5.185671e-01	6.547729e-01	1.449438e+00
75	4.032176e-01	4.709800e-01	2.176356e+00
76	5.107216e-01	5.771381e-01	1.212995e+00
77	4.597599e-01	5.137960e-01	1.872496e+00
78	4.629855e-01	4.838853e-01	1.606742e+00
79	5.233845e-01	4.373761e-01	1.183683e+00
80	4.969360e-01	5.857871e-01	2.736199e+00
81	4.780595e-01	5.109517e-01	1.617489e+00
82	4.186770e-01	4.464329e-01	2.456766e+00
83	6.002395e-01	6.333728e-01	1.406448e+00
84	2.931821e-01	4.580699e-01	2.453835e+00
85	4.730686e-01	5.127637e-01	2.712750e+00
86	4.710753e-01	4.982639e-01	2.877870e+00
87	4.562252e-01	5.651454e-01	1.533464e+00
88	4.546749e-01	2.832049e-01	2.169516e+00
89	3.198318e-01	4.236677e-01	2.483146e+00
90	5.178642e-01	5.888014e-01	1.538349e+00
91	4.422880e-01	5.064945e-01	1.117245e+00
92	4.683017e-01	5.374711e-01	2.709819e+00
93	4.583128e-01	5.327834e-01	2.929653e+00
94	5.053571e-01	3.950250e-01	2.125550e+00
95	5.227851e-01	4.032589e-01	2.148999e+00
96	4.624942e-01	4.936927e-01	1.206155e+00
98	4.757005e-01	5.091743e-01	1.997557e+00
99	4.301639e-01	4.803688e-01	1.753298e+00
100	4.735019e-01	4.974530e-01	1.491451e+00
101	4.732727e-01	5.126346e-01	2.381534e+00
102	4.683494e-01	4.429983e-01	1.837323e+00
103	4.827170e-01	4.298981e-01	2.723498e+00
104	4.593860e-01	3.066512e-01	1.216903e+00
105	4.726726e-01	5.588177e-01	1.385931e+00
107	4.993671e-01	5.122001e-01	1.887152e+00
108	5.176283e-01	4.639536e-01	1.869565e+00
109	4.528302e-01	5.736401e-01	2.657059e+00
110	4.072943e-01	4.859650e-01	1.905716e+00
111	4.677850e-01	5.474499e-01	2.319980e+00
113	5.602802e-01	2.621964e-01	1.155349e+00
114	4.780395e-01	5.296674e-01	1.261847e+00
115	3.975499e-01	3.671540e-01	1.308745e+00
116	6.226677e-01	2.845542e-01	1.148510e+00
117	4.452419e-01	4.537116e-01	1.865657e+00
118	4.948338e-01	5.469008e-01	2.988276e+00
119	4.464079e-01	6.293917e-01	1.479726e+00
120	4.994392e-01	5.799039e-01	2.095261e+00
121	4.839125e-01	6.289804e-01	2.442110e+00
122	6.390712e-01	6.478479e-01	1.070347e+00
123	4.556271e-01	5.536140e-01	1.417196e+00
124	4.705853e-01	5.090478e-01	2.817294e+00
126	4.394547e-01	4.921654e-01	2.738153e+00
127	4.515558e-01	5.819171e-01	2.338544e+00
128	4.728358e-01	5.018001e-01	1.282364e+00
129	4.875326e-01	5.116958e-01	2.676600e+00
130	4.848091e-01	5.086209e-01	2.443087e+00
132	4.539148e-01	6.117542e-01	1.220811e+00
133	2.770445e-01	6.494321e-01	2.407914e+00
134	4.371452e-01	6.274921e-01	2.277968e+00
135	4.569527e-01	5.263654e-01	2.409868e+00
136	5.114437e-01	5.329788e-01	2.083537e+00
137	4.398706e-01	5.230362e-01	2.286761e+00
138	6.661722e-01	3.339766e-01	1.194431e+00
139	4.517206e-01	5.111021e-01	2.818271e+00
140	4.367624e-01	4.719798e-01	2.827064e+00
141	4.356704e-01	5.000177e-01	1.684905e+00
142	4.933745e-01	5.160413e-01	1.999511e+00
143	4.861845e-01	5.198222e-01	1.956522e+00
144	5.176135e-01	4.519608e-01	2.323889e+00
145	4.004656e-01	5.197906e-01	2.501710e+00
146	4.717882e-01	4.300623e-01	2.395213e+00
147	5.202363e-01	4.906360e-01	2.719590e+00
148	4.749323e-01	5.116181e-01	2.937469e+00
149	4.261696e-01	4.860301e-01	2.803615e+00
150	4.338777e-01	4.227981e-01	1.794333e+00
151	4.827018e-01	5.180818e-01	2.611138e+00
152	4.249439e-01	4.793341e-01	1.724963e+00
153	4.689658e-01	4.936655e-01	1.983879e+00
154	4.756543e-01	5.112602e-01	2.181241e+00
155	4.533797e-01	6.123970e-01	1.295066e+00
156	5.452458e-01	6.046754e-01	1.970200e+00
157	4.564786e-01	5.100203e-01	2.387396e+00
158	6.196956e-01	5.822941e-01	2.386419e+00
159	6.352914e-01	4.270409e-01	2.647289e+00
160	4.807261e-01	4.883285e-01	1.686859e+00
161	4.916107e-01	5.207312e-01	1.553981e+00
162	4.899824e-01	5.431031e-01	1.764045e+00
163	3.469277e-01	2.512224e-01	1.632145e+00
164	4.749344e-01	5.088284e-01	1.235467e+00
165	4.744380e-01	5.177144e-01	2.251588e+00
166	4.669333e-01	5.543955e-01	1.751343e+00
167	4.052388e-01	6.525917e-01	1.715193e+00
168	4.734444e-01	5.133651e-01	2.109917e+00
169	4.912298e-01	5.230493e-01	2.137274e+00
170	5.388836e-01	5.486941e-01	2.099170e+00
171	4.864850e-01	5.786743e-01	2.057157e+00
172	4.110096e-01	5.561938e-01	2.246702e+00
173	4.874324e-01	4.714399e-01	1.894968e+00
174	4.454720e-01	4.500373e-01	2.453835e+00
175	4.878976e-01	5.422879e-01	2.834880e+00
176	4.584797e-01	6.430011e-01	2.215437e+00
177	4.744206e-01	5.407498e-01	2.153884e+00
178	4.688187e-01	5.158416e-01	2.475330e+00
179	4.589445e-01	6.236839e-01	1.274548e+00
180	4.932598e-01	5.403633e-01	2.127504e+00
181	4.760897e-01	5.362767e-01	1.790425e+00
182	2.629124e-01	3.374396e-01	1.736688e+00
183	5.507978e-01	4.467115e-01	1.692721e+00
184	4.687469e-01	5.057723e-01	2.042501e+00
185	5.740042e-01	5.170781e-01	1.468979e+00
186	4.951972e-01	4.914508e-01	1.784563e+00
188	4.748054e-01	4.701173e-01	1.839277e+00
189	4.907413e-01	5.049657e-01	1.175867e+00
190	3.549536e-01	5.080717e-01	2.807523e+00
191	3.747524e-01	3.950142e-01	2.811431e+00
192	5.165102e-01	4.751468e-01	1.192477e+00
193	2.777050e-01	5.751120e-01	1.620420e+00
194	5.508781e-01	5.278153e-01	2.624817e+00
195	4.759875e-01	5.064528e-01	2.806546e+00
196	4.114870e-01	4.230912e-01	1.763068e+00
197	6.570772e-01	6.003792e-01	2.060088e+00
198	4.562302e-01	7.333891e-01	2.458720e+00
199	4.538140e-01	4.634839e-01	2.463605e+00
200	7.571920e-01	7.219187e-01	1.141671e+00
201	4.771921e-01	5.164640e-01	1.146556e+00
202	4.760527e-01	5.844130e-01	1.395701e+00
203	4.027105e-01	5.545240e-01	1.755252e+00
204	4.732804e-01	4.776076e-01	2.901319e+00
205	4.729613e-01	5.157840e-01	2.123596e+00
206	4.600548e-01	5.785760e-01	1.652662e+00
207	4.810819e-01	5.129489e-01	1.199316e+00
208	4.527593e-01	4.359413e-01	2.170493e+00
209	4.212468e-01	7.404905e-01	2.733268e+00
210	4.762080e-01	4.087109e-01	1.545188e+00
211	4.432284e-01	5.005701e-01	1.376160e+00
212	4.829079e-01	5.357408e-01	1.621397e+00
213	4.887125e-01	5.168247e-01	1.883244e+00
214	4.584816e-01	5.118198e-01	1.612604e+00
215	4.339011e-01	5.185993e-01	2.909135e+00
216	4.756386e-01	5.027535e-01	1.354665e+00
217	4.609446e-01	5.045132e-01	2.770396e+00
218	4.519055e-01	4.493843e-01	2.148999e+00
219	4.849101e-01	5.195339e-01	2.624817e+00
220	4.572925e-01	5.910208e-01	2.697118e+00
221	4.684911e-01	4.846836e-01	1.938935e+00
222	3.326203e-01	1.842675e-01	1.854910e+00
223	5.177784e-01	5.282549e-01	2.625794e+00
224	4.434729e-01	2.714275e-01	2.984367e+00
225	4.203054e-01	4.396423e-01	2.693210e+00
226	4.763127e-01	5.262318e-01	2.276014e+00
227	4.435577e-01	4.890705e-01	1.245237e+00
228	4.765862e-01	5.031770e-01	1.489497e+00
229	4.810723e-01	5.075861e-01	2.305325e+00
230	4.757724e-01	5.114638e-01	2.689301e+00
231	4.687934e-01	4.406895e-01	1.346849e+00
232	4.622074e-01	4.835184e-01	2.447973e+00
233	4.556065e-01	5.192946e-01	1.591109e+00
234	5.638784e-01	5.533769e-01	1.931119e+00
235	4.578927e-01	4.943502e-01	2.687347e+00
236	4.741023e-01	5.120389e-01	2.787982e+00
237	4.692439e-01	4.995419e-01	1.510015e+00
238	4.641792e-01	5.316849e-01	2.193942e+00
239	4.744208e-01	5.805734e-01	2.918906e+00
240	4.653629e-01	4.617424e-01	1.734734e+00
241	4.639005e-01	5.556897e-01	1.119199e+00
242	5.496049e-01	6.116835e-01	1.631168e+00
243	4.556458e-01	5.631827e-01	1.258915e+00
244	4.882663e-01	4.139651e-01	2.458720e+00
245	4.367984e-01	3.344391e-01	2.134343e+00
246	4.817193e-01	5.059565e-01	2.662921e+00
247	4.861900e-01	4.942780e-01	2.924768e+00
248	5.177702e-01	5.441962e-01	2.983390e+00
250	7.292147e-01	6.854388e-01	2.763556e+00
251	3.513383e-01	4.968428e-01	2.374695e+00
252	4.468016e-01	5.853973e-01	1.703468e+00
253	4.718746e-01	5.519979e-01	1.246214e+00
254	5.067416e-01	6.138279e-01	2.925745e+00
255	4.582048e-01	4.820894e-01	1.857841e+00
256	4.662090e-01	4.961534e-01	2.601368e+00
257	4.790667e-01	5.351857e-01	2.413776e+00
258	4.596705e-01	5.283022e-01	2.569126e+00
259	4.397644e-01	3.955862e-01	1.865657e+00
260	4.746705e-01	5.137756e-01	2.574988e+00
261	4.670153e-01	5.385400e-01	1.598925e+00
262	5.434487e-01	3.839677e-01	2.264289e+00
263	3.056104e-01	6.287886e-01	1.176844e+00
264	4.759573e-01	3.061492e-01	1.061553e+00
265	4.689824e-01	4.914151e-01	2.526136e+00
266	4.390547e-01	4.559476e-01	1.928188e+00
267	5.074320e-01	4.805060e-01	2.006351e+00
268	4.777220e-01	5.500336e-01	1.041036e+00
269	2.642410e-01	4.740867e-01	1.793356e+00
270	4.124329e-01	3.752992e-01	1.860772e+00
271	3.831494e-01	5.566191e-01	1.389839e+00
272	4.798059e-01	5.251470e-01	1.052760e+00
273	4.702136e-01	4.980179e-01	1.156326e+00
274	6.214242e-01	7.731081e-01	1.981925e+00
275	2.581413e-01	3.554863e-01	2.256473e+00
276	4.960076e-01	5.395358e-01	2.368832e+00
277	5.129692e-01	5.024148e-01	2.024915e+00
279	5.465976e-01	5.516795e-01	1.348803e+00
280	5.058956e-01	6.983306e-01	2.472399e+00
281	5.084219e-01	7.170613e-01	2.288715e+00
282	4.812329e-01	5.204117e-01	2.745970e+00
283	5.584990e-01	5.482511e-01	2.490962e+00
284	6.130515e-01	7.534087e-01	2.515388e+00
285	1.358411e-01	4.308418e-01	1.545188e+00
286	4.679600e-01	5.028571e-01	2.662921e+00
287	4.646689e-01	5.203573e-01	2.264289e+00
288	4.790103e-01	4.600924e-01	2.905227e+00
289	4.995375e-01	4.091928e-01	1.058622e+00
290	5.150397e-01	5.312620e-01	2.152907e+00
291	7.998057e-01	9.390690e-01	2.784074e+00
292	4.715112e-01	5.167167e-01	2.445042e+00
293	5.024478e-01	2.874232e-01	2.852467e+00
294	5.305278e-01	5.277374e-01	2.070835e+00
295	5.350284e-01	5.408411e-01	1.406448e+00
296	6.507182e-01	8.921321e-01	1.751343e+00
297	5.046789e-01	5.220985e-01	2.077675e+00
298	5.305441e-01	3.688192e-01	1.601856e+00
299	4.879269e-01	5.316003e-01	2.048363e+00
300	4.700405e-01	5.786357e-01	2.781143e+00
301	4.784565e-01	5.101862e-01	2.779189e+00
302	4.848984e-01	5.353875e-01	2.617978e+00
303	3.094830e-01	3.334486e-01	1.698583e+00
304	6.061074e-01	6.159969e-01	1.948705e+00
305	4.740320e-01	5.363742e-01	1.416219e+00
306	8.605245e-01	2.347389e-01	1.745481e+00
307	4.781791e-01	5.152323e-01	2.291646e+00
308	4.168251e-01	3.021382e-01	1.868588e+00
309	4.786929e-01	5.849942e-01	2.511480e+00
310	4.764982e-01	5.172394e-01	2.596483e+00
311	4.297467e-01	4.152908e-01	2.855398e+00
312	4.578366e-01	4.437467e-01	1.312653e+00
313	4.155752e-01	4.338842e-01	1.787494e+00
314	4.728227e-01	5.043451e-01	2.252565e+00
315	4.137133e-01	4.173434e-01	1.978017e+00
316	3.585849e-01	4.654891e-01	2.965804e+00
317	4.668024e-01	4.946921e-01	2.221299e+00
318	6.309254e-01	5.007447e-01	1.701514e+00
319	5.151786e-01	5.506090e-01	1.135809e+00
320	4.631121e-01	5.540706e-01	2.997069e+00
322	4.050028e-01	6.287206e-01	2.362970e+00
323	4.723240e-01	5.187222e-01	2.553493e+00
324	4.999041e-01	4.684191e-01	1.347826e+00
325	1.981957e-01	2.621963e-01	2.896434e+00
326	4.806137e-01	5.120713e-01	1.857841e+00
327	4.447598e-01	5.939735e-01	1.669272e+00
328	4.861816e-01	5.095007e-01	1.726917e+00
329	4.468766e-01	4.413437e-01	2.604299e+00
330	5.444676e-01	5.625152e-01	2.089399e+00
331	4.768571e-01	4.732929e-01	1.552027e+00
332	5.410935e-01	5.414383e-01	1.769907e+00
333	4.844007e-01	5.323527e-01	1.382022e+00
334	2.408434e-01	3.338515e-01	2.510503e+00
335	4.645042e-01	5.789970e-01	1.640938e+00
336	4.884954e-01	5.103077e-01	2.933561e+00
337	4.177121e-01	6.022148e-01	1.033219e+00
338	4.537873e-01	4.317933e-01	1.408403e+00
339	4.829873e-01	5.285446e-01	2.767465e+00
340	4.779483e-01	4.863191e-01	1.526624e+00
341	4.434850e-01	3.775876e-01	1.456277e+00
342	4.959373e-01	5.504346e-01	1.054714e+00
343	5.385461e-01	5.064049e-01	2.601368e+00
344	2.528560e-01	3.525403e-01	2.193942e+00
346	4.810777e-01	5.115860e-01	1.564729e+00
347	4.810295e-01	5.257633e-01	1.679043e+00
348	5.071848e-01	5.875118e-01	2.034685e+00
349	4.647377e-01	4.889361e-01	2.564240e+00
350	4.217390e-01	4.759633e-01	2.311187e+00
351	4.584961e-01	6.005776e-01	1.297997e+00
352	4.730535e-01	4.928458e-01	2.873962e+00
353	5.698540e-01	5.434289e-01	2.202736e+00
354	4.737008e-01	5.132375e-01	2.653151e+00
355	3.830902e-01	6.129614e-01	2.461651e+00
356	4.712050e-01	4.872425e-01	1.679043e+00
357	4.123680e-01	4.511782e-01	2.991207e+00
358	4.762315e-01	7.353706e-01	2.857352e+00
359	5.268507e-01	5.878653e-01	1.913532e+00
360	4.556957e-01	4.239507e-01	1.216903e+00
361	4.596722e-01	2.538650e-01	1.214949e+00
362	4.010971e-01	5.809673e-01	1.005862e+00
363	4.784105e-01	5.465231e-01	2.227162e+00
364	4.720555e-01	4.938262e-01	1.723009e+00
366	5.208714e-01	5.484750e-01	1.692721e+00
367	4.530578e-01	4.985549e-01	1.154372e+00
368	4.761354e-01	4.900040e-01	1.851001e+00
369	4.786196e-01	5.165316e-01	2.418661e+00
370	4.235008e-01	5.175782e-01	1.874450e+00
371	4.754474e-01	6.039385e-01	1.591109e+00
372	4.650761e-01	4.967337e-01	2.199805e+00
373	3.776456e-01	3.325199e-01	2.208598e+00
374	4.703543e-01	5.972839e-01	1.322423e+00
375	5.402445e-01	7.769097e-01	2.361016e+00
376	3.816697e-01	4.964662e-01	1.815828e+00
377	4.736923e-01	5.137465e-01	1.328285e+00
378	4.916506e-01	5.075462e-01	1.883244e+00
379	3.593625e-01	4.153919e-01	1.599902e+00
380	5.559941e-01	7.931993e-01	2.343429e+00
381	4.914417e-01	5.417570e-01	1.835369e+00
383	4.896716e-01	3.647735e-01	1.698583e+00
384	7.126178e-01	3.621020e-01	2.761602e+00
385	4.454085e-01	7.008575e-01	1.961407e+00
386	6.429432e-01	5.744194e-01	2.449927e+00
387	4.965904e-01	6.000909e-01	2.669761e+00
388	5.574297e-01	5.261774e-01	2.597460e+00
389	4.826115e-01	5.211240e-01	2.960918e+00
390	4.746319e-01	5.368452e-01	1.655594e+00
391	4.881849e-01	6.150805e-01	2.572057e+00
392	4.567093e-01	4.759046e-01	1.234489e+00
393	5.209157e-01	5.039653e-01	1.607719e+00
394	4.731253e-01	5.085258e-01	2.643381e+00
395	4.425959e-01	6.338166e-01	1.233512e+00
397	5.974556e-01	4.329322e-01	1.083048e+00
398	5.152312e-01	1.703062e-01	2.453835e+00
399	4.721276e-01	5.095297e-01	2.169516e+00
400	4.856395e-01	5.721619e-01	1.634099e+00
401	6.408681e-01	5.738359e-01	1.314607e+00
402	4.665812e-01	5.594030e-01	2.292623e+00
403	5.769754e-01	6.757610e-01	1.759160e+00
404	4.758809e-01	5.744601e-01	2.942355e+00
405	5.004521e-01	6.418817e-01	1.358574e+00
406	4.455936e-01	4.460723e-01	1.474841e+00
407	6.802869e-01	6.242928e-01	2.850513e+00
408	4.419776e-01	5.977767e-01	2.543723e+00
409	4.683623e-01	5.305864e-01	1.170005e+00
410	5.176434e-01	4.428513e-01	2.011236e+00
411	4.533798e-01	5.174760e-01	2.982413e+00
412	7.911975e-01	2.008380e-01	1.578407e+00
413	6.163625e-01	6.480157e-01	2.904250e+00
414	4.743942e-01	5.492699e-01	2.948217e+00
415	4.689497e-01	5.137901e-01	1.856864e+00
416	4.720837e-01	4.729576e-01	1.780655e+00
417	5.004550e-01	5.447953e-01	1.223742e+00
418	4.435581e-01	4.888077e-01	2.928676e+00
419	5.005741e-01	5.436948e-01	1.055691e+00
420	5.017092e-01	4.912888e-01	2.823156e+00
421	4.784714e-01	5.100623e-01	2.886663e+00
422	4.873752e-01	5.135196e-01	1.391793e+00
423	6.268862e-01	3.435915e-01	1.467025e+00
424	4.829510e-01	5.457208e-01	1.512946e+00
425	1.465258e-01	5.118328e-01	1.960430e+00
426	1.607650e-01	4.913815e-01	2.254519e+00
427	4.360186e-01	4.218624e-01	2.899365e+00
428	5.008329e-01	4.769545e-01	1.247191e+00
429	4.636249e-01	4.968422e-01	1.802149e+00
430	4.512420e-01	4.945273e-01	1.663410e+00
431	4.777178e-01	4.054986e-01	2.556424e+00
433	4.853282e-01	5.061335e-01	2.475330e+00
434	4.540398e-01	5.055754e-01	2.923791e+00
435	5.440315e-01	3.426935e-01	2.906204e+00
437	4.737409e-01	5.630574e-01	2.476307e+00
438	5.458235e-01	6.043638e-01	2.065950e+00
439	4.751106e-01	5.154843e-01	1.983879e+00
440	4.467999e-01	6.233437e-01	1.637030e+00
441	5.773132e-01	3.246407e-01	1.338056e+00
442	4.351775e-01	5.596073e-01	2.406937e+00
443	4.869790e-01	2.951942e-01	1.422081e+00
444	4.191234e-01	4.126942e-01	2.956033e+00
445	4.711469e-01	5.193359e-01	2.601368e+00
446	3.832160e-01	4.819576e-01	1.846116e+00
447	4.863863e-01	5.356689e-01	1.264778e+00
448	4.746956e-01	5.141421e-01	1.119199e+00
449	4.523863e-01	4.631590e-01	1.956522e+00
450	4.709030e-01	4.869566e-01	2.971666e+00
451	4.681931e-01	5.131491e-01	2.149976e+00
452	5.701563e-01	4.335403e-01	1.574499e+00
453	4.255012e-01	2.408937e-01	1.775769e+00
455	4.556091e-01	4.656671e-01	2.984367e+00
456	4.762030e-01	5.154779e-01	1.577430e+00
457	5.073024e-01	5.350611e-01	2.955056e+00
458	4.972945e-01	4.931182e-01	2.865169e+00
459	4.164699e-01	3.419606e-01	1.672203e+00
461	3.472017e-01	7.777047e-01	2.513434e+00
462	4.898254e-01	5.346555e-01	1.853933e+00
463	4.260871e-01	4.750243e-01	2.858329e+00
464	4.627387e-01	4.773073e-01	1.574499e+00
465	4.463303e-01	4.950990e-01	1.432829e+00
466	4.776409e-01	5.061304e-01	1.500244e+00
467	3.712163e-01	3.496451e-01	1.323400e+00
468	4.811631e-01	5.188024e-01	2.147044e+00
469	5.026573e-01	5.242129e-01	2.698095e+00
470	4.857075e-01	5.141145e-01	1.364436e+00
471	5.795191e-01	6.624418e-01	2.076698e+00
472	4.715628e-01	5.082946e-01	2.011236e+00
473	4.711490e-01	4.311670e-01	1.215926e+00
474	4.770900e-01	5.299269e-01	2.299463e+00
475	4.898672e-01	5.528261e-01	1.683928e+00
476	4.603763e-01	5.111900e-01	2.081583e+00
477	4.586719e-01	4.812659e-01	2.350269e+00
478	3.905704e-01	6.647922e-01	2.728383e+00
479	3.601946e-01	3.663644e-01	1.194431e+00
480	4.563247e-01	4.185251e-01	2.515388e+00
481	4.120437e-01	2.677181e-01	1.865657e+00
482	4.911705e-01	7.671931e-01	1.802149e+00
483	4.802767e-01	5.545045e-01	1.367367e+00
484	4.280503e-01	4.274716e-01	1.148510e+00
485	5.507593e-01	6.366301e-01	2.427455e+00
486	3.932840e-01	4.450065e-01	2.196873e+00
487	5.101538e-01	5.046013e-01	2.386419e+00
488	4.617471e-01	4.503366e-01	1.294089e+00
489	4.809614e-01	5.457039e-01	1.687836e+00
490	4.030729e-01	5.974720e-01	1.146556e+00
491	5.581722e-01	7.827385e-01	1.597948e+00
492	4.324447e-01	5.560936e-01	2.412799e+00
493	3.953730e-01	3.411991e-01	1.227650e+00
494	4.820191e-01	4.137575e-01	2.522228e+00
495	4.689756e-01	5.607257e-01	1.437714e+00
496	4.726391e-01	4.570509e-01	1.523693e+00
497	4.933060e-01	6.310150e-01	1.221788e+00
498	4.975833e-01	5.373937e-01	1.652662e+00
499	5.202344e-01	6.570392e-01	1.269663e+00
500	4.675789e-01	5.116700e-01	2.967758e+00
501	4.802983e-01	5.070731e-01	2.546654e+00
502	4.519241e-01	1.412841e-01	1.818759e+00
503	4.775136e-01	5.829216e-01	1.919394e+00
504	4.791589e-01	5.147566e-01	2.563263e+00
505	4.986608e-01	5.839776e-01	1.451392e+00
506	4.057775e-01	6.057730e-01	1.718124e+00
507	4.694911e-01	4.907143e-01	1.207132e+00
508	4.781133e-01	5.012234e-01	1.236444e+00
509	4.892059e-01	4.706741e-01	2.622863e+00
510	3.107407e-01	6.072114e-01	2.549585e+00
511	4.748308e-01	5.271132e-01	2.966781e+00
512	5.298253e-01	7.217319e-01	2.395213e+00
513	4.578691e-01	4.909174e-01	1.534441e+00
514	3.307209e-01	3.367552e-01	1.550073e+00
515	4.745687e-01	6.161508e-01	1.610650e+00
516	4.951720e-01	7.681735e-01	1.612604e+00
517	4.675246e-01	5.177774e-01	1.086957e+00
518	5.111890e-01	4.658520e-01	2.282853e+00
519	3.401453e-01	2.610089e-01	1.573522e+00
520	4.809915e-01	4.848569e-01	2.497802e+00
521	4.680761e-01	4.965210e-01	1.752320e+00
523	4.695590e-01	4.964685e-01	1.209086e+00
524	5.150198e-01	6.796904e-01	2.755740e+00
525	3.779304e-01	5.014981e-01	1.499267e+00
526	4.818607e-01	4.864838e-01	1.014656e+00
527	7.338139e-01	7.384493e-01	2.891549e+00
528	4.684690e-01	4.855326e-01	2.478261e+00
529	5.538218e-01	6.021581e-01	1.898876e+00
530	4.671816e-01	5.294237e-01	1.188569e+00
531	4.717947e-01	4.826767e-01	2.785051e+00
532	4.708408e-01	5.039382e-01	2.945286e+00
533	4.164055e-01	4.321834e-01	2.458720e+00
534	5.915175e-01	5.163916e-01	2.673669e+00
535	4.614336e-01	5.239437e-01	1.399609e+00
536	4.676150e-01	5.668801e-01	2.604299e+00
537	4.740087e-01	5.010321e-01	1.529555e+00
538	4.778315e-01	5.157831e-01	2.823156e+00
539	4.371637e-01	4.729670e-01	2.826087e+00
540	5.003537e-01	6.077643e-01	2.844651e+00
541	4.083879e-01	5.101430e-01	2.290669e+00
542	4.734480e-01	5.080901e-01	2.570103e+00
543	5.111070e-01	5.166131e-01	2.396190e+00
544	5.086176e-01	4.509134e-01	1.318515e+00
545	4.260758e-01	4.760702e-01	2.605276e+00
546	3.845826e-01	4.935222e-01	2.683439e+00
547	5.978323e-01	5.410929e-01	1.587201e+00
548	4.992662e-01	7.032385e-01	1.375183e+00
549	4.500228e-01	5.454115e-01	2.298486e+00
550	3.770524e-01	4.523452e-01	1.285296e+00
551	4.698906e-01	4.996122e-01	2.983390e+00
552	3.913204e-01	6.022624e-01	1.195408e+00
553	4.677470e-01	5.039447e-01	2.414753e+00
554	3.639554e-01	6.993388e-01	1.843185e+00
555	4.591495e-01	5.666037e-01	2.396190e+00
556	4.206839e-01	4.958626e-01	3.000000e+00
557	4.710201e-01	5.193022e-01	2.728383e+00
559	4.770764e-01	5.230041e-01	1.944797e+00
560	4.354744e-01	7.211852e-01	2.883732e+00
561	4.575452e-01	3.989069e-01	2.383488e+00
562	3.749954e-01	5.623461e-01	2.506595e+00
563	4.597176e-01	4.826241e-01	1.786517e+00
564	4.324546e-01	5.731354e-01	2.893503e+00
565	4.696765e-01	5.247108e-01	2.981436e+00
566	4.391917e-01	4.763211e-01	2.663898e+00
567	4.744577e-01	5.476720e-01	2.227162e+00
568	4.803729e-01	4.986649e-01	1.527601e+00
569	3.967056e-01	4.191591e-01	2.610161e+00
570	8.205597e-01	3.254539e-01	1.058622e+00
571	4.886208e-01	5.636517e-01	2.782120e+00
573	4.872699e-01	5.109382e-01	2.109917e+00
574	4.770818e-01	5.269668e-01	2.074744e+00
575	4.816277e-01	4.850437e-01	2.319003e+00
576	4.563248e-01	4.978156e-01	1.290181e+00
577	4.105212e-01	4.018127e-01	1.286273e+00
578	4.795649e-01	4.664154e-01	1.881290e+00
579	4.680923e-01	4.944532e-01	1.664387e+00
580	2.706061e-01	3.541498e-01	1.242306e+00
581	4.735751e-01	4.926502e-01	1.927211e+00
582	4.800185e-01	5.093437e-01	2.820225e+00
583	5.155019e-01	6.997662e-01	2.792868e+00
584	4.371877e-01	5.308192e-01	1.201270e+00
585	4.288897e-01	4.423779e-01	1.898876e+00
586	4.808883e-01	5.016482e-01	1.782609e+00
587	4.748741e-01	4.822827e-01	1.561798e+00
588	4.731253e-01	5.109282e-01	2.282853e+00
589	5.005154e-01	5.889883e-01	2.210552e+00
590	4.358462e-01	4.658186e-01	1.020518e+00
591	4.946114e-01	5.832529e-01	1.784563e+00
592	4.705714e-01	5.142473e-01	1.275525e+00
593	5.005871e-01	5.057333e-01	1.212995e+00
594	5.483751e-01	5.151239e-01	2.964827e+00
595	4.791486e-01	5.161488e-01	2.079629e+00
596	3.581923e-01	3.134762e-01	1.187592e+00
597	5.171987e-01	5.407717e-01	1.258915e+00
598	4.243435e-01	4.980885e-01	1.999511e+00
599	4.718343e-01	5.062527e-01	1.264778e+00
600	4.817323e-01	5.300111e-01	1.110405e+00
601	5.471035e-01	8.110324e-01	1.107474e+00
602	4.216156e-01	4.242892e-01	1.070347e+00
603	4.750230e-01	5.068988e-01	2.400098e+00
604	4.783945e-01	5.009674e-01	2.871031e+00
605	4.758573e-01	5.203951e-01	2.739130e+00
606	4.613694e-01	4.986612e-01	2.061065e+00
607	2.750694e-01	4.331959e-01	1.073278e+00
608	4.592113e-01	4.629408e-01	2.799707e+00
609	4.327340e-01	4.274031e-01	2.010259e+00
610	4.110579e-01	5.638995e-01	1.700537e+00
611	4.702662e-01	5.012706e-01	1.339033e+00
612	4.915203e-01	4.983100e-01	2.227162e+00
613	6.698334e-01	2.350456e-01	2.482169e+00
614	5.000793e-01	5.073223e-01	2.958964e+00
615	5.180448e-01	4.940893e-01	1.443576e+00
616	3.532635e-01	5.297039e-01	2.381534e+00
617	4.406528e-01	4.131821e-01	1.971177e+00
618	4.712579e-01	4.940577e-01	2.960918e+00
619	3.984689e-01	4.045242e-01	1.812897e+00
620	5.000122e-01	4.123261e-01	1.170982e+00
621	4.642237e-01	5.351266e-01	1.277479e+00
622	4.050786e-01	4.401162e-01	1.176844e+00
623	3.617704e-01	5.008669e-01	1.636053e+00
624	4.129191e-01	6.063837e-01	2.336590e+00
625	4.314260e-01	5.000978e-01	1.343918e+00
626	4.497634e-01	5.090413e-01	1.905716e+00
627	4.279300e-01	4.614923e-01	1.784563e+00
628	4.626473e-01	5.057547e-01	2.063996e+00
629	4.864257e-01	5.195593e-01	2.497802e+00
630	5.420342e-01	4.662964e-01	2.870054e+00
631	5.017342e-01	5.734824e-01	1.729849e+00
632	4.947876e-01	5.736570e-01	2.290669e+00
633	4.748402e-01	5.148788e-01	2.841720e+00
634	4.751107e-01	5.114580e-01	2.195896e+00
635	4.241020e-01	4.689446e-01	1.601856e+00
636	4.556362e-01	4.614395e-01	2.449927e+00
637	4.537176e-01	5.133981e-01	1.462140e+00
638	4.738013e-01	5.106519e-01	2.041524e+00
639	4.733750e-01	5.116262e-01	2.061065e+00
640	5.168772e-01	5.249013e-01	2.130435e+00
641	4.248764e-01	2.808578e-01	2.205667e+00
642	4.742606e-01	4.944547e-01	2.184172e+00
643	4.578745e-01	5.258354e-01	2.747924e+00
644	3.122717e-01	5.673011e-01	2.909135e+00
645	4.726388e-01	4.997321e-01	2.777235e+00
646	4.331701e-01	4.707135e-01	1.295066e+00
647	4.429883e-01	5.925588e-01	1.050806e+00
648	3.163344e-01	5.177172e-01	1.191500e+00
649	4.777286e-01	4.983303e-01	1.198339e+00
650	4.910352e-01	4.889532e-01	2.656082e+00
651	4.996631e-01	5.418188e-01	1.692721e+00
652	8.014112e-01	7.319230e-01	2.330728e+00
653	4.692251e-01	4.971727e-01	1.906693e+00
654	4.915029e-01	5.251431e-01	2.192965e+00
655	4.203533e-01	4.561946e-01	1.200293e+00
656	4.788249e-01	4.980145e-01	2.361016e+00
657	4.079386e-01	4.126433e-01	2.080606e+00
658	4.760822e-01	5.269701e-01	2.017098e+00
659	4.010405e-01	5.391635e-01	2.191011e+00
660	7.245628e-01	6.474929e-01	1.667318e+00
661	5.971372e-01	6.081605e-01	2.229116e+00
662	2.885061e-01	4.243278e-01	1.188569e+00
663	5.191807e-01	5.341771e-01	2.714704e+00
664	5.258924e-01	5.541356e-01	1.979971e+00
665	4.881144e-01	6.004944e-01	2.954079e+00
666	3.949598e-01	4.826074e-01	1.803127e+00
667	4.987200e-01	4.640369e-01	1.039082e+00
668	5.588872e-01	3.659886e-01	1.893014e+00
669	4.432092e-01	4.059349e-01	1.778701e+00
670	5.448116e-01	5.319582e-01	1.807035e+00
671	5.088687e-01	5.581014e-01	1.102589e+00
672	4.556226e-01	7.874355e-01	1.879336e+00
673	4.212800e-01	5.089683e-01	1.984856e+00
674	4.751187e-01	5.113481e-01	2.238886e+00
675	4.722495e-01	5.387754e-01	2.868100e+00
676	4.809268e-01	5.192043e-01	2.748901e+00
677	5.501335e-01	6.478837e-01	1.578407e+00
678	4.851561e-01	5.391633e-01	1.621397e+00
679	4.799047e-01	5.183455e-01	2.657059e+00
680	4.924540e-01	5.516903e-01	2.404983e+00
681	4.717262e-01	4.916992e-01	2.272106e+00
682	4.772648e-01	4.125205e-01	1.463117e+00
683	4.754720e-01	5.035772e-01	2.316072e+00
684	4.758426e-01	5.177838e-01	2.334636e+00
685	3.965185e-01	4.131267e-01	1.365413e+00
686	4.237498e-01	6.589043e-01	2.105032e+00
687	4.947407e-01	4.457582e-01	1.339033e+00
688	4.557461e-01	4.991614e-01	2.932584e+00
689	4.792461e-01	5.052064e-01	2.378603e+00
690	4.764578e-01	5.208676e-01	1.833415e+00
691	3.266036e-01	4.560085e-01	1.663410e+00
692	4.682517e-01	5.203009e-01	2.251588e+00
693	6.031699e-01	4.479354e-01	1.766976e+00
694	5.354996e-01	5.409840e-01	1.575476e+00
695	5.300758e-01	2.686475e-01	2.771373e+00
696	4.753179e-01	5.132738e-01	2.787005e+00
697	4.756896e-01	5.012559e-01	1.959453e+00
698	4.751412e-01	5.482527e-01	2.187103e+00
699	4.757140e-01	5.123935e-01	2.430386e+00
700	5.448679e-01	5.618736e-01	2.679531e+00
701	4.936914e-01	5.614770e-01	2.191988e+00
702	3.870044e-01	4.692674e-01	2.945286e+00
703	4.803609e-01	5.158017e-01	2.793845e+00
704	5.068914e-01	5.377388e-01	2.132389e+00
705	6.579760e-01	5.903802e-01	1.627259e+00
706	4.687840e-01	5.159800e-01	1.623351e+00
707	4.802186e-01	4.971101e-01	2.772350e+00
708	4.795734e-01	5.222627e-01	1.552027e+00
709	6.263968e-01	5.148344e-01	1.180752e+00
710	4.394609e-01	4.441665e-01	1.632145e+00
711	3.667525e-01	3.024305e-01	1.680997e+00
712	4.161865e-01	4.837929e-01	2.828041e+00
713	4.342691e-01	6.635172e-01	1.703468e+00
714	5.050317e-01	4.941212e-01	1.471910e+00
715	4.685263e-01	5.181772e-01	2.368832e+00
716	4.568234e-01	4.951920e-01	1.961407e+00
717	4.778764e-01	5.151872e-01	1.756229e+00
718	4.728473e-01	4.998324e-01	2.987298e+00
719	4.668639e-01	5.120261e-01	2.332682e+00
720	4.701037e-01	4.818741e-01	1.097704e+00
721	4.696483e-01	4.794479e-01	1.954568e+00
722	4.793494e-01	5.122677e-01	1.704446e+00
723	4.752451e-01	5.112421e-01	1.853933e+00
724	4.963009e-01	5.868358e-01	2.829995e+00
725	4.378600e-01	4.867498e-01	2.232047e+00
726	4.272615e-01	4.367391e-01	2.587689e+00
727	6.552784e-01	2.723483e-01	2.698095e+00
729	4.557958e-01	5.681484e-01	1.212995e+00
730	3.538109e-01	5.507429e-01	1.502198e+00
731	4.757556e-01	5.072003e-01	2.614069e+00
732	5.720017e-01	6.684018e-01	2.880801e+00
733	4.877575e-01	5.225417e-01	1.956522e+00
734	4.977126e-01	6.104811e-01	2.745970e+00
735	7.938910e-01	4.454924e-01	1.179775e+00
736	4.316676e-01	5.506295e-01	1.935027e+00
737	4.528442e-01	5.189785e-01	1.975085e+00
738	4.865719e-01	5.255275e-01	1.067416e+00
739	4.866562e-01	5.286827e-01	2.024915e+00
740	3.258588e-01	4.734708e-01	2.810454e+00
741	4.705527e-01	4.712966e-01	2.428432e+00
742	4.816516e-01	4.849654e-01	1.957499e+00
743	4.660923e-01	6.737371e-01	2.306302e+00
744	4.802105e-01	5.187527e-01	2.557401e+00
745	4.516705e-01	4.745393e-01	1.243283e+00
746	4.450251e-01	4.699296e-01	2.429409e+00
747	4.975756e-01	4.919217e-01	2.523205e+00
748	5.513339e-01	5.805519e-01	2.842697e+00
749	4.759518e-01	5.099392e-01	2.247680e+00
750	4.550893e-01	4.634009e-01	2.000489e+00
751	4.701971e-01	5.090063e-01	2.446019e+00
752	4.813099e-01	5.132589e-01	2.360039e+00
753	5.764094e-01	4.039978e-01	2.567171e+00
754	4.745874e-01	5.073485e-01	2.415730e+00
755	5.067008e-01	5.007580e-01	1.989741e+00
756	4.774026e-01	5.137673e-01	2.908158e+00
757	5.313923e-01	3.939806e-01	2.731314e+00
758	4.772825e-01	5.156794e-01	2.544700e+00
759	4.746749e-01	5.104325e-01	2.890572e+00
760	4.753904e-01	5.104179e-01	1.654617e+00
761	4.681723e-01	5.163883e-01	1.008793e+00
762	4.786611e-01	5.864708e-01	1.260870e+00
763	4.135763e-01	4.300432e-01	1.347826e+00
764	4.475257e-01	5.133330e-01	1.325354e+00
765	4.775070e-01	5.047240e-01	1.420127e+00
766	4.385810e-01	2.978513e-01	2.845628e+00
767	4.589539e-01	5.055778e-01	1.853933e+00
768	4.749463e-01	5.037188e-01	1.303859e+00
769	5.464264e-01	6.404360e-01	1.294089e+00
770	7.109176e-01	2.015752e-01	1.675134e+00
771	4.663172e-01	5.718423e-01	2.417684e+00
772	4.868420e-01	5.198652e-01	2.053249e+00
773	4.524861e-01	5.121748e-01	1.276502e+00
774	6.109153e-01	3.828164e-01	2.779189e+00
775	2.210477e-01	3.481749e-01	1.984856e+00
776	4.311197e-01	5.155158e-01	2.295554e+00
777	4.775917e-01	5.129501e-01	1.652662e+00
778	4.715937e-01	4.933233e-01	2.464582e+00
779	4.718207e-01	5.118393e-01	1.763068e+00
780	4.783847e-01	5.229668e-01	2.026869e+00
781	4.976124e-01	5.321924e-01	1.160234e+00
782	5.257275e-01	6.790712e-01	2.302394e+00
783	4.769281e-01	4.723105e-01	1.384954e+00
784	4.662363e-01	5.388312e-01	2.598437e+00
785	4.033061e-01	5.014352e-01	2.130435e+00
786	5.166439e-01	5.175115e-01	1.690767e+00
787	5.028679e-01	4.943747e-01	1.940889e+00
788	4.704364e-01	4.938525e-01	2.099170e+00
