789
0	8.310150e-01	4.554147e-01	1.398632e+00
1	4.938701e-01	6.533513e-01	1.108451e+00
2	5.090170e-01	5.604618e-01	2.925745e+00
3	5.269568e-01	5.961176e-01	2.732291e+00
4	4.174891e-01	4.046431e-01	1.257938e+00
5	4.535041e-01	4.763716e-01	2.424524e+00
6	4.098856e-01	2.521573e-01	1.383000e+00
7	4.299379e-01	5.097435e-01	2.705911e+00
8	4.576984e-01	5.091325e-01	2.442110e+00
9	4.730781e-01	5.177154e-01	2.233024e+00
10	4.275035e-01	4.611617e-01	2.376649e+00
11	4.816736e-01	5.227696e-01	1.556913e+00
12	4.005548e-01	3.163094e-01	2.950171e+00
13	4.713550e-01	6.916519e-01	1.066439e+00
14	4.779463e-01	5.248452e-01	1.626282e+00
15	4.301641e-01	5.150924e-01	1.306790e+00
16	4.723550e-01	5.176469e-01	2.902296e+00
17	3.790432e-01	4.486553e-01	1.195408e+00
18	4.969131e-01	5.009542e-01	1.785540e+00
19	4.526633e-01	4.767070e-01	1.248168e+00
20	4.770513e-01	4.681935e-01	1.863703e+00
21	4.065279e-01	6.286130e-01	2.671715e+00
22	4.803695e-01	5.284542e-01	2.487054e+00
23	4.830333e-01	3.336480e-01	1.946751e+00
24	3.801793e-01	7.203738e-01	1.303859e+00
25	3.717274e-01	2.637629e-01	2.152907e+00
26	4.576019e-01	5.193323e-01	1.388862e+00
27	4.480509e-01	4.586271e-01	1.591109e+00
28	4.960655e-01	6.123152e-01	2.205667e+00
29	4.791839e-01	4.853820e-01	2.181241e+00
30	5.400997e-01	4.181085e-01	1.475818e+00
31	3.994676e-01	5.562392e-01	2.309233e+00
32	4.779792e-01	4.804638e-01	2.073766e+00
33	5.213227e-01	7.655283e-01	2.331705e+00
34	4.708498e-01	5.022377e-01	1.126038e+00
35	2.753783e-01	4.469143e-01	2.235955e+00
36	4.343137e-01	3.259376e-01	2.805569e+00
37	4.556947e-01	7.118167e-01	2.555447e+00
38	4.959274e-01	5.379136e-01	2.559355e+00
39	4.735662e-01	5.098288e-01	1.895945e+00
40	4.906594e-01	5.289430e-01	1.282364e+00
41	4.797943e-01	5.373050e-01	2.750855e+00
42	4.711924e-01	5.197647e-01	2.412799e+00
43	4.680381e-01	5.313862e-01	2.557401e+00
44	5.101793e-01	6.297370e-01	1.648754e+00
45	4.624619e-01	5.641850e-01	1.721055e+00
46	4.567746e-01	4.839056e-01	2.588666e+00
47	4.884406e-01	5.048805e-01	1.525647e+00
48	4.790339e-01	5.193719e-01	2.751832e+00
49	4.761896e-01	3.333595e-01	2.625794e+00
50	3.964646e-01	3.966523e-01	1.663410e+00
51	4.726145e-01	5.186551e-01	2.560332e+00
52	4.813936e-01	5.432128e-01	1.696629e+00
53	4.974839e-01	5.308990e-01	1.506106e+00
54	4.673606e-01	5.184156e-01	2.675623e+00
55	5.379346e-01	5.758159e-01	2.497802e+00
56	3.768129e-01	2.788641e-01	1.031265e+00
57	4.045761e-01	4.482755e-01	2.361993e+00
58	5.685342e-01	5.676602e-01	1.866634e+00
59	4.318149e-01	4.630856e-01	2.930630e+00
60	4.694099e-01	4.016186e-01	1.503175e+00
61	4.572817e-01	5.036262e-01	2.449927e+00
62	4.841220e-01	5.071360e-01	2.831949e+00
63	4.739787e-01	5.146561e-01	2.317049e+00
64	4.669843e-01	4.595672e-01	2.353200e+00
65	4.726446e-01	5.187312e-01	2.575965e+00
66	4.506953e-01	4.180840e-01	2.922814e+00
67	4.775904e-01	5.210954e-01	2.289692e+00
68	5.074531e-01	4.340045e-01	2.766488e+00
69	5.078268e-01	6.811724e-01	1.522716e+00
70	5.180078e-01	4.752144e-01	2.769419e+00
71	4.848540e-01	5.421822e-01	1.110405e+00
72	4.785463e-01	5.839586e-01	1.412311e+00
73	3.127631e-01	5.179715e-01	1.951637e+00
74	4.863681e-01	7.448387e-01	1.449438e+00
75	6.430686e-01	5.235303e-01	2.176356e+00
76	4.010822e-01	3.968049e-01	1.212995e+00
77	4.409101e-01	5.447773e-01	1.872496e+00
78	4.562207e-01	4.832919e-01	1.606742e+00
79	5.365195e-01	6.409168e-01	1.183683e+00
80	4.869477e-01	6.092624e-01	2.736199e+00
81	4.745129e-01	5.184688e-01	1.617489e+00
82	4.684079e-01	4.637358e-01	2.456766e+00
83	4.712071e-01	4.381730e-01	1.406448e+00
84	4.522723e-01	4.103247e-01	2.453835e+00
85	4.740332e-01	5.191023e-01	2.712750e+00
86	4.671050e-01	5.037633e-01	2.877870e+00
87	4.479212e-01	2.790431e-01	1.533464e+00
88	4.742046e-01	3.602912e-01	2.169516e+00
89	4.991929e-01	6.997435e-01	2.483146e+00
90	4.534352e-01	4.840487e-01	1.538349e+00
91	4.880838e-01	5.168523e-01	1.117245e+00
92	4.885286e-01	5.390805e-01	2.709819e+00
93	4.265298e-01	5.111671e-01	2.929653e+00
94	5.612306e-01	5.640082e-01	2.125550e+00
95	4.657920e-01	7.384889e-01	2.148999e+00
96	4.821984e-01	5.334926e-01	1.206155e+00
97	2.927937e-01	5.690411e-01	2.689301e+00
98	4.668469e-01	5.049234e-01	1.997557e+00
99	4.408753e-01	5.801113e-01	1.753298e+00
100	4.706478e-01	5.064647e-01	1.491451e+00
101	4.730574e-01	5.165726e-01	2.381534e+00
102	4.825555e-01	5.999522e-01	1.837323e+00
103	3.788295e-01	4.608575e-01	2.723498e+00
104	4.918802e-01	5.719911e-01	1.216903e+00
105	4.760665e-01	5.658565e-01	1.385931e+00
106	5.706062e-01	5.536867e-01	1.094773e+00
107	4.664314e-01	5.189301e-01	1.887152e+00
108	6.428179e-01	5.487061e-01	1.869565e+00
109	5.209770e-01	6.775623e-01	2.657059e+00
110	4.882768e-01	4.159740e-01	1.905716e+00
111	5.072578e-01	5.066544e-01	2.319980e+00
112	4.837984e-01	4.996470e-01	1.549096e+00
113	3.079360e-01	5.023749e-01	1.155349e+00
114	4.540152e-01	4.838543e-01	1.261847e+00
115	4.912489e-01	4.800820e-01	1.308745e+00
116	1.759486e-01	3.403411e-01	1.148510e+00
117	5.010714e-01	5.745205e-01	1.865657e+00
118	5.195010e-01	5.935128e-01	2.988276e+00
119	4.770981e-01	4.689287e-01	1.479726e+00
120	4.856418e-01	5.359577e-01	2.095261e+00
121	3.783023e-01	4.307197e-01	2.442110e+00
122	4.668208e-01	3.356293e-01	1.070347e+00
123	4.653481e-01	4.640344e-01	1.417196e+00
124	4.725154e-01	5.106337e-01	2.817294e+00
125	4.605180e-01	4.649581e-01	1.164143e+00
126	3.845083e-01	4.341749e-01	2.738153e+00
127	4.735989e-01	6.826190e-01	2.338544e+00
128	4.330026e-01	4.642025e-01	1.282364e+00
129	4.963684e-01	5.330081e-01	2.676600e+00
130	4.323428e-01	4.638670e-01	2.443087e+00
131	7.927075e-01	1.305771e-01	2.375672e+00
132	5.097512e-01	7.109722e-01	1.220811e+00
133	6.480793e-01	5.295694e-01	2.407914e+00
134	4.998096e-01	5.837425e-01	2.277968e+00
135	4.602823e-01	5.405999e-01	2.409868e+00
136	5.007153e-01	5.815372e-01	2.083537e+00
137	5.371906e-01	4.293462e-01	2.286761e+00
138	6.415963e-01	5.283681e-01	1.194431e+00
139	4.684425e-01	5.055813e-01	2.818271e+00
140	4.853383e-01	5.142176e-01	2.827064e+00
141	4.473866e-01	5.085412e-01	1.684905e+00
142	4.721881e-01	5.118879e-01	1.999511e+00
143	4.615971e-01	4.940643e-01	1.956522e+00
144	4.911837e-01	4.229753e-01	2.323889e+00
145	4.773979e-01	4.627528e-01	2.501710e+00
146	4.568861e-01	7.480771e-01	2.395213e+00
147	4.006469e-01	6.091576e-01	2.719590e+00
148	4.733251e-01	5.177434e-01	2.937469e+00
149	5.209941e-01	6.113116e-01	2.803615e+00
150	4.723387e-01	7.205788e-01	1.794333e+00
151	4.730852e-01	5.167742e-01	2.611138e+00
152	4.783391e-01	5.665544e-01	1.724963e+00
153	4.931111e-01	5.136870e-01	1.983879e+00
154	4.688551e-01	5.149446e-01	2.181241e+00
155	4.909807e-01	4.122214e-01	1.295066e+00
156	4.940757e-01	6.377768e-01	1.970200e+00
157	4.504542e-01	5.467610e-01	2.387396e+00
158	3.501705e-01	5.507208e-01	2.386419e+00
159	4.830632e-01	7.464847e-01	2.647289e+00
160	4.914619e-01	5.433822e-01	1.686859e+00
161	4.667933e-01	5.222715e-01	1.553981e+00
162	4.191700e-01	4.979708e-01	1.764045e+00
163	5.167997e-01	7.432068e-01	1.632145e+00
164	4.745261e-01	5.180092e-01	1.235467e+00
165	4.803303e-01	5.304866e-01	2.251588e+00
166	4.521066e-01	5.106264e-01	1.751343e+00
167	3.679494e-01	5.438781e-01	1.715193e+00
168	4.697480e-01	5.192716e-01	2.109917e+00
169	4.669480e-01	4.182132e-01	2.137274e+00
170	5.375499e-01	4.289024e-01	2.099170e+00
171	5.228341e-01	5.958166e-01	2.057157e+00
172	4.393528e-01	5.088369e-01	2.246702e+00
173	4.651086e-01	4.843105e-01	1.894968e+00
174	4.254520e-01	5.634575e-01	2.453835e+00
175	4.892641e-01	5.448171e-01	2.834880e+00
176	5.666300e-01	5.550782e-01	2.215437e+00
177	4.860407e-01	5.405178e-01	2.153884e+00
178	4.689515e-01	5.177899e-01	2.475330e+00
179	4.510259e-01	3.383362e-01	1.274548e+00
180	4.762100e-01	4.898009e-01	2.127504e+00
181	4.839561e-01	5.031518e-01	1.790425e+00
182	4.130972e-01	3.938629e-01	1.736688e+00
183	4.088754e-01	3.736209e-01	1.692721e+00
184	5.193953e-01	5.930311e-01	2.042501e+00
185	3.999221e-01	3.734009e-01	1.468979e+00
186	4.077500e-01	5.125079e-01	1.784563e+00
187	8.687953e-01	7.936348e-01	2.653151e+00
188	4.760190e-01	5.148914e-01	1.839277e+00
189	4.734146e-01	5.154088e-01	1.175867e+00
190	3.986602e-01	4.821754e-01	2.807523e+00
191	3.425974e-01	6.883462e-01	2.811431e+00
192	4.652815e-01	5.237655e-01	1.192477e+00
193	6.677678e-01	5.375052e-01	1.620420e+00
194	5.930450e-01	6.336452e-01	2.624817e+00
195	4.701483e-01	5.183615e-01	2.806546e+00
196	5.426826e-01	6.959913e-01	1.763068e+00
197	4.521873e-01	3.995019e-01	2.060088e+00
198	5.759498e-01	2.539409e-01	2.458720e+00
199	5.270451e-01	5.792239e-01	2.463605e+00
200	5.027103e-01	7.024993e-01	1.141671e+00
201	4.845198e-01	5.198725e-01	1.146556e+00
202	5.229269e-01	6.035266e-01	1.395701e+00
203	4.917165e-01	5.183783e-01	1.755252e+00
204	4.779878e-01	5.716001e-01	2.901319e+00
205	4.012004e-01	3.737405e-01	2.123596e+00
206	4.714749e-01	6.900712e-01	1.652662e+00
207	4.484841e-01	4.628853e-01	1.199316e+00
208	4.472361e-01	4.709567e-01	2.170493e+00
209	4.626343e-01	2.902801e-01	2.733268e+00
210	4.830251e-01	7.175773e-01	1.545188e+00
211	4.786733e-01	5.303037e-01	1.376160e+00
212	4.704228e-01	5.272146e-01	1.621397e+00
213	4.677362e-01	5.276469e-01	1.883244e+00
214	4.659740e-01	5.219358e-01	1.612604e+00
215	4.721022e-01	5.508958e-01	2.909135e+00
216	4.852823e-01	5.385052e-01	1.354665e+00
217	4.856832e-01	5.093673e-01	2.770396e+00
218	5.344107e-01	7.123189e-01	2.148999e+00
219	4.396912e-01	4.951825e-01	2.624817e+00
220	4.536847e-01	5.582267e-01	2.697118e+00
221	4.181220e-01	5.106468e-01	1.938935e+00
222	2.967561e-01	5.233853e-01	1.854910e+00
223	4.561451e-01	3.721306e-01	2.625794e+00
224	4.988336e-01	5.630486e-01	2.984367e+00
225	4.200857e-01	4.150560e-01	2.693210e+00
226	4.850334e-01	5.310117e-01	2.276014e+00
227	5.140637e-01	5.875438e-01	1.245237e+00
228	4.668008e-01	5.103537e-01	1.489497e+00
229	4.613722e-01	5.180215e-01	2.305325e+00
230	4.730892e-01	5.096429e-01	2.689301e+00
231	4.758311e-01	5.479578e-01	1.346849e+00
232	5.179548e-01	5.984219e-01	2.447973e+00
233	4.618344e-01	5.603383e-01	1.591109e+00
234	5.887823e-01	6.132556e-01	1.931119e+00
235	4.663867e-01	5.143723e-01	2.687347e+00
236	4.739446e-01	5.177832e-01	2.787982e+00
237	4.758855e-01	5.190660e-01	1.510015e+00
238	4.742039e-01	5.052507e-01	2.193942e+00
239	4.767886e-01	5.626517e-01	2.918906e+00
240	4.158110e-01	4.581490e-01	1.734734e+00
241	5.023414e-01	5.261364e-01	1.119199e+00
242	4.545797e-01	5.746524e-01	1.631168e+00
243	4.619267e-01	4.964788e-01	1.258915e+00
244	4.749225e-01	5.538292e-01	2.458720e+00
245	4.826915e-01	5.174459e-01	2.134343e+00
246	4.782663e-01	5.208537e-01	2.662921e+00
247	4.592973e-01	4.878212e-01	2.924768e+00
248	4.675270e-01	6.326574e-01	2.983390e+00
249	6.641382e-01	1.613519e-01	2.305325e+00
250	5.330269e-01	3.959136e-01	2.763556e+00
251	6.016343e-01	2.448966e-01	2.374695e+00
252	4.871531e-01	5.227064e-01	1.703468e+00
253	4.712640e-01	7.196936e-01	1.246214e+00
254	5.846144e-01	7.708278e-01	2.925745e+00
255	4.957168e-01	5.385060e-01	1.857841e+00
256	4.828899e-01	5.303134e-01	2.601368e+00
257	4.873542e-01	5.463426e-01	2.413776e+00
258	4.457727e-01	5.324771e-01	2.569126e+00
259	5.639118e-01	5.987757e-01	1.865657e+00
260	4.709630e-01	5.166097e-01	2.574988e+00
261	4.840252e-01	5.189193e-01	1.598925e+00
262	2.445559e-01	4.914964e-01	2.264289e+00
263	4.954347e-01	5.831414e-01	1.176844e+00
264	5.290831e-01	6.178154e-01	1.061553e+00
265	4.866616e-01	5.475164e-01	2.526136e+00
266	5.243794e-01	5.924637e-01	1.928188e+00
267	4.861477e-01	5.017365e-01	2.006351e+00
268	4.881579e-01	5.514954e-01	1.041036e+00
269	4.470312e-01	4.784913e-01	1.793356e+00
270	5.540089e-01	6.238906e-01	1.860772e+00
271	5.246633e-01	4.297364e-01	1.389839e+00
272	4.771683e-01	5.253903e-01	1.052760e+00
273	5.548060e-01	6.211391e-01	1.156326e+00
274	3.825373e-01	2.615513e-01	1.981925e+00
275	4.385248e-01	4.496000e-01	2.256473e+00
276	4.307683e-01	4.696447e-01	2.368832e+00
277	4.723117e-01	5.344700e-01	2.024915e+00
278	4.364137e-01	4.808556e-01	1.266732e+00
279	4.784245e-01	4.686481e-01	1.348803e+00
280	4.924546e-01	6.420570e-01	2.472399e+00
281	4.444197e-01	6.646820e-01	2.288715e+00
282	4.632338e-01	4.313358e-01	2.745970e+00
283	4.705611e-01	4.951011e-01	2.490962e+00
284	4.831399e-01	3.562794e-01	2.515388e+00
285	3.627104e-01	2.226595e-01	1.545188e+00
286	4.601530e-01	5.009770e-01	2.662921e+00
287	4.240552e-01	4.465815e-01	2.264289e+00
288	4.583449e-01	4.651774e-01	2.905227e+00
289	4.790704e-01	6.555151e-01	1.058622e+00
290	4.238965e-01	5.815712e-01	2.152907e+00
291	6.534124e-01	1.675219e-01	2.784074e+00
292	4.709022e-01	5.174713e-01	2.445042e+00
293	5.935446e-01	5.994510e-01	2.852467e+00
294	4.688788e-01	4.318604e-01	2.070835e+00
295	5.130942e-01	4.364141e-01	1.406448e+00
296	3.969715e-01	3.506809e-01	1.751343e+00
297	4.270804e-01	5.643979e-01	2.077675e+00
298	5.240554e-01	6.659676e-01	1.601856e+00
299	4.710449e-01	4.997426e-01	2.048363e+00
300	4.847460e-01	6.498955e-01	2.781143e+00
301	4.719123e-01	5.167275e-01	2.779189e+00
302	5.257308e-01	5.990068e-01	2.617978e+00
303	4.027043e-01	3.515485e-01	1.698583e+00
304	5.781010e-01	6.203416e-01	1.948705e+00
305	4.802926e-01	5.310091e-01	1.416219e+00
306	5.555551e-01	6.987378e-01	1.745481e+00
307	4.823325e-01	5.351754e-01	2.291646e+00
308	1.793611e-01	4.268060e-01	1.868588e+00
309	4.615050e-01	5.336784e-01	2.511480e+00
310	4.610386e-01	5.108218e-01	2.596483e+00
311	5.175487e-01	5.817558e-01	2.855398e+00
312	4.183742e-01	4.709553e-01	1.312653e+00
313	5.190120e-01	5.816044e-01	1.787494e+00
314	4.800576e-01	5.237020e-01	2.252565e+00
315	4.444623e-01	4.758705e-01	1.978017e+00
316	5.263656e-01	4.949611e-01	2.965804e+00
317	4.892505e-01	5.421959e-01	2.221299e+00
318	4.261383e-01	6.918341e-01	1.701514e+00
319	5.362494e-01	6.041986e-01	1.135809e+00
320	4.283369e-01	4.673577e-01	2.997069e+00
321	6.535933e-01	1.657768e-01	2.470445e+00
322	4.737839e-01	3.629007e-01	2.362970e+00
323	4.650170e-01	5.118245e-01	2.553493e+00
324	4.566143e-01	5.463641e-01	1.347826e+00
325	2.319861e-01	1.436973e-01	2.896434e+00
326	4.669331e-01	5.132253e-01	1.857841e+00
327	5.280370e-01	6.151502e-01	1.669272e+00
328	4.976921e-01	5.352750e-01	1.726917e+00
329	4.646991e-01	5.159977e-01	2.604299e+00
330	5.052501e-01	5.815390e-01	2.089399e+00
331	4.396517e-01	5.323715e-01	1.552027e+00
332	4.638438e-01	5.263364e-01	1.769907e+00
333	4.490536e-01	4.823756e-01	1.382022e+00
334	4.263843e-01	4.850482e-01	2.510503e+00
335	4.284812e-01	5.333123e-01	1.640938e+00
336	4.638570e-01	5.068355e-01	2.933561e+00
337	4.821069e-01	4.024328e-01	1.033219e+00
338	4.403181e-01	5.242610e-01	1.408403e+00
339	4.774109e-01	5.326249e-01	2.767465e+00
340	4.804154e-01	5.312028e-01	1.526624e+00
341	5.498883e-01	5.642679e-01	1.456277e+00
342	4.603996e-01	5.402613e-01	1.054714e+00
343	3.816641e-01	4.731149e-01	2.601368e+00
344	3.585036e-01	2.107439e-01	2.193942e+00
345	7.125695e-01	2.586323e-01	2.321935e+00
346	4.576397e-01	4.587604e-01	1.564729e+00
347	4.830792e-01	5.278596e-01	1.679043e+00
348	4.824811e-01	3.299024e-01	2.034685e+00
349	4.600521e-01	5.474665e-01	2.564240e+00
350	4.814170e-01	7.404860e-01	2.311187e+00
351	5.018609e-01	4.830109e-01	1.297997e+00
352	4.870396e-01	5.472590e-01	2.873962e+00
353	4.230944e-01	6.863079e-01	2.202736e+00
354	4.760696e-01	5.191263e-01	2.653151e+00
355	5.293382e-01	6.813676e-01	2.461651e+00
356	4.852262e-01	5.384709e-01	1.679043e+00
357	4.880845e-01	4.761186e-01	2.991207e+00
358	5.852179e-01	5.693414e-01	2.857352e+00
359	4.125940e-01	3.730522e-01	1.913532e+00
360	4.704512e-01	7.331915e-01	1.216903e+00
361	4.984567e-01	3.819845e-01	1.214949e+00
362	4.672688e-01	4.593800e-01	1.005862e+00
363	4.256149e-01	4.675613e-01	2.227162e+00
364	4.868255e-01	5.184688e-01	1.723009e+00
365	4.935151e-01	5.108852e-01	1.491451e+00
366	3.358529e-01	4.549559e-01	1.692721e+00
367	4.541981e-01	5.028880e-01	1.154372e+00
368	4.669050e-01	5.142535e-01	1.851001e+00
369	4.707382e-01	5.151252e-01	2.418661e+00
370	5.308782e-01	4.467610e-01	1.874450e+00
371	4.941101e-01	4.438672e-01	1.591109e+00
372	4.595650e-01	5.083124e-01	2.199805e+00
373	4.946002e-01	3.586096e-01	2.208598e+00
374	3.940389e-01	4.680009e-01	1.322423e+00
375	4.189054e-01	3.808943e-01	2.361016e+00
376	4.568009e-01	3.775316e-01	1.815828e+00
377	4.740483e-01	5.176352e-01	1.328285e+00
378	4.730401e-01	5.280609e-01	1.883244e+00
379	7.716150e-01	8.579899e-01	1.599902e+00
380	5.803868e-01	7.558176e-01	2.343429e+00
381	4.734501e-01	4.913060e-01	1.835369e+00
382	2.326263e-01	7.654530e-01	1.065462e+00
383	6.642514e-01	4.578262e-01	1.698583e+00
384	4.508568e-01	3.401026e-01	2.761602e+00
385	3.116650e-01	4.867563e-01	1.961407e+00
386	5.287803e-01	6.194594e-01	2.449927e+00
387	4.787556e-01	5.474719e-01	2.669761e+00
388	3.869344e-01	5.965745e-01	2.597460e+00
389	4.636667e-01	5.019154e-01	2.960918e+00
390	4.645443e-01	5.046713e-01	1.655594e+00
391	5.280580e-01	5.840009e-01	2.572057e+00
392	4.815505e-01	5.343149e-01	1.234489e+00
393	4.336690e-01	5.164055e-01	1.607719e+00
394	4.776974e-01	5.112434e-01	2.643381e+00
395	5.227505e-01	3.802266e-01	1.233512e+00
396	4.831918e-01	5.106263e-01	2.058134e+00
397	2.811281e-01	4.831902e-01	1.083048e+00
398	6.029708e-01	6.045671e-01	2.453835e+00
399	4.544437e-01	5.650358e-01	2.169516e+00
400	4.254249e-01	4.416528e-01	1.634099e+00
401	3.897833e-01	7.305100e-01	1.314607e+00
402	4.701707e-01	4.564084e-01	2.292623e+00
403	4.651314e-01	7.595797e-01	1.759160e+00
404	5.218093e-01	3.878966e-01	2.942355e+00
405	4.210719e-01	4.026181e-01	1.358574e+00
406	4.735153e-01	5.045177e-01	1.474841e+00
407	4.438665e-01	4.366059e-01	2.850513e+00
408	5.940462e-01	4.688610e-01	2.543723e+00
409	4.732309e-01	5.203127e-01	1.170005e+00
410	5.079018e-01	5.535127e-01	2.011236e+00
411	4.422328e-01	5.546394e-01	2.982413e+00
412	3.748897e-01	4.779397e-01	1.578407e+00
413	4.051671e-01	4.390669e-01	2.904250e+00
414	4.802870e-01	5.267457e-01	2.948217e+00
415	4.720816e-01	5.197575e-01	1.856864e+00
416	5.213287e-01	5.851626e-01	1.780655e+00
417	4.895829e-01	5.159239e-01	1.223742e+00
418	4.567268e-01	5.324833e-01	2.928676e+00
419	4.912445e-01	4.936672e-01	1.055691e+00
420	4.831354e-01	5.428620e-01	2.823156e+00
421	4.711815e-01	5.166981e-01	2.886663e+00
422	4.587742e-01	5.140045e-01	1.391793e+00
423	3.830001e-01	7.566958e-01	1.467025e+00
424	4.541534e-01	4.772738e-01	1.512946e+00
425	4.296225e-01	3.892000e-01	1.960430e+00
426	4.236944e-01	3.916525e-01	2.254519e+00
427	4.627395e-01	3.655063e-01	2.899365e+00
428	4.785335e-01	5.333452e-01	1.247191e+00
429	4.595089e-01	5.387858e-01	1.802149e+00
430	4.644759e-01	5.008062e-01	1.663410e+00
431	4.705036e-01	3.573849e-01	2.556424e+00
432	4.273976e-01	4.002710e-01	2.947240e+00
433	4.721169e-01	5.469476e-01	2.475330e+00
434	4.574685e-01	4.801199e-01	2.923791e+00
435	4.571618e-01	5.936958e-01	2.906204e+00
436	1.106665e-01	8.530970e-01	2.668784e+00
437	4.450493e-01	4.680262e-01	2.476307e+00
438	5.062061e-01	3.835492e-01	2.065950e+00
439	4.719521e-01	5.171046e-01	1.983879e+00
440	4.807602e-01	4.944034e-01	1.637030e+00
441	7.246841e-01	4.529749e-01	1.338056e+00
442	5.126188e-01	6.343237e-01	2.406937e+00
443	5.984102e-01	6.325393e-01	1.422081e+00
444	4.715913e-01	5.088765e-01	2.956033e+00
445	4.714241e-01	5.113644e-01	2.601368e+00
446	5.459174e-01	6.791324e-01	1.846116e+00
447	4.718187e-01	5.138778e-01	1.264778e+00
448	4.184829e-01	4.313345e-01	1.119199e+00
449	5.165134e-01	5.804023e-01	1.956522e+00
450	6.102791e-01	6.023045e-01	2.971666e+00
451	4.696876e-01	5.165542e-01	2.149976e+00
452	3.819873e-01	5.986077e-01	1.574499e+00
453	5.454627e-01	7.081449e-01	1.775769e+00
454	8.115599e-01	6.129900e-01	1.542257e+00
455	4.670611e-01	4.854696e-01	2.984367e+00
456	4.871264e-01	5.668348e-01	1.577430e+00
457	3.669973e-01	4.910173e-01	2.955056e+00
458	5.116594e-01	4.760501e-01	2.865169e+00
459	4.715325e-01	3.834067e-01	1.672203e+00
460	4.356110e-01	4.785657e-01	1.198339e+00
461	3.726760e-01	2.743780e-01	2.513434e+00
462	5.527017e-01	6.833693e-01	1.853933e+00
463	4.320175e-01	4.968548e-01	2.858329e+00
464	5.181254e-01	6.136388e-01	1.574499e+00
465	4.315964e-01	5.964022e-01	1.432829e+00
466	4.701730e-01	5.129515e-01	1.500244e+00
467	3.870750e-01	3.229201e-01	1.323400e+00
468	4.502143e-01	5.154453e-01	2.147044e+00
469	4.620028e-01	5.444110e-01	2.698095e+00
470	4.720960e-01	5.287405e-01	1.364436e+00
471	5.030772e-01	5.280608e-01	2.076698e+00
472	4.694130e-01	5.121309e-01	2.011236e+00
473	4.611768e-01	3.627759e-01	1.215926e+00
474	4.626058e-01	5.193654e-01	2.299463e+00
475	5.237755e-01	4.552690e-01	1.683928e+00
476	5.016943e-01	5.298958e-01	2.081583e+00
477	4.460618e-01	4.881337e-01	2.350269e+00
478	4.718306e-01	4.402879e-01	2.728383e+00
479	4.632949e-01	3.842288e-01	1.194431e+00
480	4.815222e-01	4.659428e-01	2.515388e+00
481	4.869416e-01	3.881254e-01	1.865657e+00
482	4.680215e-01	2.466163e-01	1.802149e+00
483	4.686882e-01	4.820238e-01	1.367367e+00
484	4.535103e-01	4.777456e-01	1.148510e+00
485	4.627041e-01	3.641665e-01	2.427455e+00
486	3.713842e-01	4.323873e-01	2.196873e+00
487	4.989914e-01	4.302283e-01	2.386419e+00
488	4.590762e-01	4.999767e-01	1.294089e+00
489	5.124931e-01	5.376891e-01	1.687836e+00
490	4.264583e-01	5.977711e-01	1.146556e+00
491	5.583107e-01	2.727042e-01	1.597948e+00
492	4.490395e-01	5.330969e-01	2.412799e+00
493	5.774273e-01	5.864574e-01	1.227650e+00
494	5.076799e-01	4.365403e-01	2.522228e+00
495	5.217271e-01	5.942486e-01	1.437714e+00
496	4.700734e-01	4.832041e-01	1.523693e+00
497	4.985914e-01	4.131185e-01	1.221788e+00
498	4.745691e-01	5.921905e-01	1.652662e+00
499	4.585177e-01	4.714641e-01	1.269663e+00
500	4.777159e-01	5.086101e-01	2.967758e+00
501	4.825084e-01	5.163836e-01	2.546654e+00
502	2.024711e-01	4.511269e-01	1.818759e+00
503	4.734750e-01	5.104632e-01	1.919394e+00
504	4.833446e-01	5.126407e-01	2.563263e+00
505	4.900926e-01	5.913733e-01	1.451392e+00
506	5.126497e-01	4.372485e-01	1.718124e+00
507	4.833960e-01	5.476584e-01	1.207132e+00
508	4.851292e-01	5.350743e-01	1.236444e+00
509	5.550938e-01	5.375678e-01	2.622863e+00
510	5.228311e-01	5.379451e-01	2.549585e+00
511	4.769397e-01	5.096323e-01	2.966781e+00
512	4.469562e-01	4.848538e-01	2.395213e+00
513	4.568282e-01	5.268844e-01	1.534441e+00
514	4.315163e-01	3.634666e-01	1.550073e+00
515	5.184496e-01	6.101159e-01	1.610650e+00
516	5.383005e-01	3.007115e-01	1.612604e+00
517	4.829245e-01	5.224872e-01	1.086957e+00
518	5.352159e-01	7.122607e-01	2.282853e+00
519	1.720772e-01	1.446343e-01	1.573522e+00
520	4.603403e-01	4.987009e-01	2.497802e+00
521	4.701163e-01	4.955420e-01	1.752320e+00
522	4.889284e-01	6.328085e-01	1.589155e+00
523	4.530578e-01	5.013832e-01	1.209086e+00
524	5.229448e-01	5.857183e-01	2.755740e+00
525	3.929225e-01	5.556976e-01	1.499267e+00
526	4.632014e-01	4.981476e-01	1.014656e+00
527	4.582106e-01	4.084556e-01	2.891549e+00
528	4.606913e-01	5.000083e-01	2.478261e+00
529	4.656661e-01	6.252917e-01	1.898876e+00
530	4.831233e-01	5.234463e-01	1.188569e+00
531	4.817153e-01	5.325871e-01	2.785051e+00
532	4.763672e-01	5.218674e-01	2.945286e+00
533	5.198995e-01	5.653079e-01	2.458720e+00
534	4.756225e-01	5.257137e-01	2.673669e+00
535	5.056391e-01	5.335150e-01	1.399609e+00
536	4.318060e-01	4.887887e-01	2.604299e+00
537	4.799274e-01	5.198719e-01	1.529555e+00
538	4.733830e-01	5.205463e-01	2.823156e+00
539	4.576820e-01	6.333989e-01	2.826087e+00
540	4.602534e-01	4.990163e-01	2.844651e+00
541	4.396376e-01	5.279309e-01	2.290669e+00
542	4.720025e-01	5.099930e-01	2.570103e+00
543	4.319477e-01	4.993717e-01	2.396190e+00
544	4.715217e-01	5.916695e-01	1.318515e+00
545	4.876899e-01	5.759092e-01	2.605276e+00
546	6.612396e-01	5.560501e-01	2.683439e+00
547	3.928650e-01	4.381895e-01	1.587201e+00
548	4.633865e-01	4.079915e-01	1.375183e+00
549	5.143863e-01	5.908961e-01	2.298486e+00
550	4.778399e-01	3.271372e-01	1.285296e+00
551	4.676004e-01	5.218884e-01	2.983390e+00
552	3.714742e-01	4.427168e-01	1.195408e+00
553	4.831434e-01	5.219244e-01	2.414753e+00
554	3.986654e-01	7.250365e-01	1.843185e+00
555	3.424225e-01	4.689856e-01	2.396190e+00
556	6.153229e-01	5.481737e-01	3.000000e+00
557	4.475551e-01	5.093710e-01	2.728383e+00
558	5.621955e-01	5.628904e-01	1.133854e+00
559	4.685182e-01	5.095267e-01	1.944797e+00
560	4.606284e-01	5.488856e-01	2.883732e+00
561	5.542789e-01	6.924912e-01	2.383488e+00
562	3.674603e-01	5.348932e-01	2.506595e+00
563	4.680690e-01	5.111556e-01	1.786517e+00
564	4.700447e-01	5.935255e-01	2.893503e+00
565	4.735481e-01	5.297982e-01	2.981436e+00
566	4.814051e-01	6.171812e-01	2.663898e+00
567	4.851709e-01	5.063893e-01	2.227162e+00
568	4.596871e-01	5.219929e-01	1.527601e+00
569	4.955737e-01	4.039367e-01	2.610161e+00
570	5.630722e-01	2.837630e-01	1.058622e+00
571	4.850959e-01	5.370138e-01	2.782120e+00
572	4.511495e-01	6.051834e-01	1.518808e+00
573	4.534560e-01	5.194834e-01	2.109917e+00
574	4.473210e-01	4.829616e-01	2.074744e+00
575	4.952049e-01	5.365910e-01	2.319003e+00
576	4.505702e-01	6.299209e-01	1.290181e+00
577	4.287109e-01	5.066768e-01	1.286273e+00
578	4.693376e-01	4.761178e-01	1.881290e+00
579	4.834665e-01	5.494354e-01	1.664387e+00
580	2.287812e-01	8.979367e-01	1.242306e+00
581	4.448809e-01	5.351705e-01	1.927211e+00
582	4.717169e-01	5.132266e-01	2.820225e+00
583	4.765624e-01	7.641487e-01	2.792868e+00
584	4.555587e-01	5.126257e-01	1.201270e+00
585	5.379756e-01	6.016684e-01	1.898876e+00
586	4.688256e-01	5.188475e-01	1.782609e+00
587	4.729933e-01	4.958925e-01	1.561798e+00
588	4.742996e-01	5.189188e-01	2.282853e+00
589	4.945793e-01	5.618120e-01	2.210552e+00
590	5.359944e-01	5.404319e-01	1.020518e+00
591	4.766513e-01	5.202024e-01	1.784563e+00
592	4.769451e-01	5.228206e-01	1.275525e+00
593	4.884796e-01	5.140293e-01	1.212995e+00
594	5.729457e-01	5.924454e-01	2.964827e+00
595	4.864265e-01	5.390878e-01	2.079629e+00
596	5.501791e-01	2.951724e-01	1.187592e+00
597	5.059148e-01	5.615987e-01	1.258915e+00
598	4.998269e-01	5.788147e-01	1.999511e+00
599	4.704255e-01	5.185812e-01	1.264778e+00
600	4.534152e-01	4.852689e-01	1.110405e+00
601	4.117968e-01	2.424156e-01	1.107474e+00
602	4.221543e-01	7.270201e-01	1.070347e+00
603	4.775660e-01	5.078970e-01	2.400098e+00
604	4.615702e-01	4.812470e-01	2.871031e+00
605	4.723516e-01	5.290035e-01	2.739130e+00
606	4.522260e-01	5.428043e-01	2.061065e+00
607	4.696058e-01	2.889130e-01	1.073278e+00
608	4.869328e-01	5.421009e-01	2.799707e+00
609	4.589554e-01	4.763170e-01	2.010259e+00
610	4.483432e-01	5.303786e-01	1.700537e+00
611	4.780220e-01	5.235508e-01	1.339033e+00
612	5.808423e-01	5.732827e-01	2.227162e+00
613	6.272811e-01	5.800712e-01	2.482169e+00
614	4.486005e-01	5.331618e-01	2.958964e+00
615	5.187359e-01	4.745083e-01	1.443576e+00
616	4.515086e-01	5.649662e-01	2.381534e+00
617	4.420389e-01	6.957003e-01	1.971177e+00
618	4.854802e-01	5.388011e-01	2.960918e+00
619	2.590839e-01	1.115363e-01	1.812897e+00
620	4.081712e-01	4.106133e-01	1.170982e+00
621	4.678353e-01	5.436795e-01	1.277479e+00
622	5.416430e-01	3.144062e-01	1.176844e+00
623	5.962448e-01	6.113231e-01	1.636053e+00
624	5.237310e-01	5.953970e-01	2.336590e+00
625	5.111932e-01	4.594791e-01	1.343918e+00
626	4.566931e-01	5.066724e-01	1.905716e+00
627	4.350665e-01	5.823777e-01	1.784563e+00
628	4.594332e-01	4.941468e-01	2.063996e+00
629	4.773020e-01	5.187577e-01	2.497802e+00
630	5.863575e-01	5.655510e-01	2.870054e+00
631	5.185798e-01	5.441337e-01	1.729849e+00
632	4.775139e-01	5.493331e-01	2.290669e+00
633	4.739642e-01	5.191778e-01	2.841720e+00
634	4.702518e-01	5.187754e-01	2.195896e+00
635	4.815082e-01	6.173326e-01	1.601856e+00
636	4.300961e-01	4.447365e-01	2.449927e+00
637	4.972888e-01	4.955972e-01	1.462140e+00
638	4.726205e-01	5.177765e-01	2.041524e+00
639	4.737020e-01	5.180253e-01	2.061065e+00
640	4.406692e-01	2.620612e-01	2.130435e+00
641	3.988048e-01	2.791111e-01	2.205667e+00
642	4.765453e-01	5.311366e-01	2.184172e+00
643	4.204950e-01	5.688330e-01	2.747924e+00
644	4.821615e-01	3.740684e-01	2.909135e+00
645	4.836937e-01	5.258675e-01	2.777235e+00
646	4.778235e-01	5.822265e-01	1.295066e+00
647	4.860167e-01	4.984013e-01	1.050806e+00
648	4.283619e-01	4.829496e-01	1.191500e+00
649	4.916398e-01	5.414631e-01	1.198339e+00
650	4.472923e-01	5.287009e-01	2.656082e+00
651	4.342215e-01	5.031723e-01	1.692721e+00
652	4.070756e-01	2.543307e-01	2.330728e+00
653	4.899358e-01	5.439030e-01	1.906693e+00
654	4.829975e-01	5.363627e-01	2.192965e+00
655	4.692875e-01	4.602357e-01	1.200293e+00
656	4.633001e-01	5.361799e-01	2.361016e+00
657	4.762378e-01	4.669887e-01	2.080606e+00
658	4.785321e-01	5.140297e-01	2.017098e+00
659	5.248634e-01	5.167113e-01	2.191011e+00
660	4.445274e-01	4.442915e-01	1.667318e+00
661	4.760631e-01	4.666667e-01	2.229116e+00
662	6.615606e-01	6.615958e-01	1.188569e+00
663	4.611858e-01	5.492188e-01	2.714704e+00
664	4.776578e-01	4.886948e-01	1.979971e+00
665	4.576919e-01	4.365615e-01	2.954079e+00
666	4.909443e-01	2.085787e-01	1.803127e+00
667	4.546935e-01	5.006372e-01	1.039082e+00
668	2.387376e-01	5.398543e-01	1.893014e+00
669	4.577910e-01	3.711111e-01	1.778701e+00
670	2.386249e-01	8.386513e-01	1.807035e+00
671	5.025101e-01	5.949251e-01	1.102589e+00
672	7.064077e-01	6.257256e-01	1.879336e+00
673	4.965221e-01	5.123466e-01	1.984856e+00
674	4.732105e-01	5.175087e-01	2.238886e+00
675	4.403748e-01	4.742487e-01	2.868100e+00
676	4.748201e-01	5.248699e-01	2.748901e+00
677	4.465762e-01	6.526521e-01	1.578407e+00
678	4.515944e-01	4.703191e-01	1.621397e+00
679	4.788451e-01	5.173635e-01	2.657059e+00
680	4.759391e-01	5.339928e-01	2.404983e+00
681	4.807002e-01	5.905447e-01	2.272106e+00
682	4.726413e-01	5.430888e-01	1.463117e+00
683	4.822897e-01	5.465447e-01	2.316072e+00
684	4.734141e-01	5.277406e-01	2.334636e+00
685	4.887927e-01	4.550701e-01	1.365413e+00
686	4.934912e-01	3.591747e-01	2.105032e+00
687	5.616883e-01	5.985496e-01	1.339033e+00
688	4.988963e-01	5.401491e-01	2.932584e+00
689	4.651454e-01	5.197230e-01	2.378603e+00
690	4.736476e-01	5.253632e-01	1.833415e+00
691	6.264258e-01	5.594570e-01	1.663410e+00
692	4.959475e-01	5.186056e-01	2.251588e+00
693	4.733573e-01	3.768861e-01	1.766976e+00
694	4.655869e-01	6.807113e-01	1.575476e+00
695	4.910025e-01	3.800837e-01	2.771373e+00
696	4.797317e-01	5.116183e-01	2.787005e+00
697	4.827543e-01	5.226390e-01	1.959453e+00
698	4.375339e-01	4.843017e-01	2.187103e+00
699	4.709002e-01	5.170576e-01	2.430386e+00
700	4.109365e-01	4.359481e-01	2.679531e+00
701	4.806016e-01	4.587567e-01	2.191988e+00
702	4.108129e-01	4.301731e-01	2.945286e+00
703	4.845147e-01	5.039509e-01	2.793845e+00
704	4.643922e-01	4.994050e-01	2.132389e+00
705	4.781399e-01	7.623794e-01	1.627259e+00
706	4.565739e-01	5.112677e-01	1.623351e+00
707	4.653910e-01	5.220665e-01	2.772350e+00
708	4.666705e-01	5.045827e-01	1.552027e+00
709	3.116222e-01	5.199281e-01	1.180752e+00
710	4.748099e-01	5.397893e-01	1.632145e+00
711	1.823485e-01	2.157811e-01	1.680997e+00
712	4.715329e-01	3.325257e-01	2.828041e+00
713	3.016489e-01	5.524511e-01	1.703468e+00
714	5.006375e-01	5.707766e-01	1.471910e+00
715	4.717996e-01	5.605008e-01	2.368832e+00
716	4.998540e-01	5.338185e-01	1.961407e+00
717	4.715333e-01	5.178386e-01	1.756229e+00
718	4.406894e-01	4.692311e-01	2.987298e+00
719	4.828621e-01	5.159326e-01	2.332682e+00
720	4.755246e-01	5.260372e-01	1.097704e+00
721	4.279795e-01	3.740657e-01	1.954568e+00
722	4.719941e-01	5.159134e-01	1.704446e+00
723	4.731122e-01	5.180285e-01	1.853933e+00
724	4.108202e-01	4.276558e-01	2.829995e+00
725	5.096532e-01	4.560059e-01	2.232047e+00
726	4.752492e-01	5.273423e-01	2.587689e+00
727	3.083035e-01	5.717164e-01	2.698095e+00
728	4.245624e-01	2.580751e-01	1.896922e+00
729	3.878793e-01	4.185557e-01	1.212995e+00
730	2.176036e-01	4.369210e-01	1.502198e+00
731	4.664067e-01	5.150283e-01	2.614069e+00
732	5.050882e-01	4.301175e-01	2.880801e+00
733	4.804211e-01	5.031129e-01	1.956522e+00
734	4.428121e-01	4.841658e-01	2.745970e+00
735	2.110477e-01	8.675531e-01	1.179775e+00
736	5.396876e-01	4.217646e-01	1.935027e+00
737	4.792726e-01	5.275089e-01	1.975085e+00
738	4.573640e-01	4.821051e-01	1.067416e+00
739	5.000509e-01	4.902896e-01	2.024915e+00
740	4.707436e-01	6.820749e-01	2.810454e+00
741	4.649177e-01	4.719726e-01	2.428432e+00
742	4.861601e-01	4.988603e-01	1.957499e+00
743	4.012671e-01	3.443749e-01	2.306302e+00
744	4.987196e-01	5.123210e-01	2.557401e+00
745	4.698738e-01	4.852528e-01	1.243283e+00
746	4.905103e-01	5.686181e-01	2.429409e+00
747	4.827663e-01	5.312070e-01	2.523205e+00
748	4.063493e-01	3.365510e-01	2.842697e+00
749	4.710627e-01	5.169681e-01	2.247680e+00
750	4.814969e-01	5.767316e-01	2.000489e+00
751	4.796898e-01	5.223876e-01	2.446019e+00
752	4.725880e-01	5.167286e-01	2.360039e+00
753	4.256205e-01	3.269558e-01	2.567171e+00
754	4.659669e-01	5.318045e-01	2.415730e+00
755	4.837753e-01	5.226784e-01	1.989741e+00
756	4.768344e-01	5.135078e-01	2.908158e+00
757	5.671223e-01	7.498084e-01	2.731314e+00
758	4.741561e-01	5.199448e-01	2.544700e+00
759	4.721716e-01	5.174355e-01	2.890572e+00
760	4.711505e-01	5.178052e-01	1.654617e+00
761	4.717922e-01	5.218980e-01	1.008793e+00
762	4.725655e-01	4.944284e-01	1.260870e+00
763	4.517633e-01	6.140030e-01	1.347826e+00
764	4.635384e-01	5.181356e-01	1.325354e+00
765	4.831384e-01	5.065319e-01	1.420127e+00
766	4.124274e-01	3.271457e-01	2.845628e+00
767	4.902101e-01	5.023096e-01	1.853933e+00
768	4.725855e-01	5.250596e-01	1.303859e+00
769	4.708692e-01	4.582255e-01	1.294089e+00
770	4.680615e-01	5.241009e-01	1.675134e+00
771	5.613994e-01	5.080931e-01	2.417684e+00
772	4.535448e-01	4.841397e-01	2.053249e+00
773	4.660011e-01	5.162509e-01	1.276502e+00
774	5.580818e-01	7.151705e-01	2.779189e+00
775	4.550699e-01	2.464909e-01	1.984856e+00
776	3.630163e-01	7.571926e-01	2.295554e+00
777	4.738556e-01	5.194218e-01	1.652662e+00
778	4.927438e-01	5.400217e-01	2.464582e+00
779	4.662603e-01	5.145939e-01	1.763068e+00
780	5.189839e-01	6.054323e-01	2.026869e+00
781	4.654216e-01	6.976787e-01	1.160234e+00
782	3.133784e-01	5.315027e-01	2.302394e+00
783	4.817326e-01	4.984728e-01	1.384954e+00
784	4.713104e-01	4.292491e-01	2.598437e+00
785	4.758857e-01	6.220965e-01	2.130435e+00
786	4.610967e-01	5.170938e-01	1.690767e+00
787	4.463830e-01	5.294489e-01	1.940889e+00
788	4.684555e-01	5.078330e-01	2.099170e+00
