766
0	4.464608e-01	4.202358e-01	1.398632e+00
1	3.911303e-01	6.464196e-01	1.108451e+00
2	4.857453e-01	4.825648e-01	2.925745e+00
3	4.729119e-01	5.287713e-01	2.732291e+00
4	4.195067e-01	6.832650e-01	1.257938e+00
5	4.692452e-01	5.217591e-01	2.424524e+00
6	6.930734e-01	7.892418e-01	1.383000e+00
7	4.609170e-01	4.937047e-01	2.705911e+00
8	4.826160e-01	5.546996e-01	2.442110e+00
9	4.725108e-01	5.122180e-01	2.233024e+00
10	4.510965e-01	5.352814e-01	2.376649e+00
11	4.714808e-01	5.141379e-01	1.556913e+00
12	4.478672e-01	6.313966e-01	2.950171e+00
13	3.310574e-01	5.622207e-01	1.066439e+00
14	4.714798e-01	5.149511e-01	1.626282e+00
15	3.364664e-01	6.061852e-01	1.306790e+00
16	4.708305e-01	5.100599e-01	2.902296e+00
17	6.819560e-01	6.492559e-01	1.195408e+00
18	5.122076e-01	4.473830e-01	1.785540e+00
19	4.632838e-01	4.880974e-01	1.248168e+00
20	5.054232e-01	5.055607e-01	1.863703e+00
21	5.322344e-01	4.353556e-01	2.671715e+00
22	4.680950e-01	5.208003e-01	2.487054e+00
23	3.857661e-01	3.579932e-01	1.946751e+00
24	6.016045e-01	4.953853e-01	1.303859e+00
25	4.809540e-01	2.398960e-01	2.152907e+00
26	4.591013e-01	5.029971e-01	1.388862e+00
27	4.717080e-01	4.790132e-01	1.591109e+00
28	4.889406e-01	6.483633e-01	2.205667e+00
29	4.582305e-01	4.711784e-01	2.181241e+00
30	5.640625e-01	4.356502e-01	1.475818e+00
31	4.134826e-01	4.734090e-01	2.309233e+00
32	4.529863e-01	5.073267e-01	2.073766e+00
33	5.204200e-01	3.902159e-01	2.331705e+00
34	4.788851e-01	4.807883e-01	1.126038e+00
35	7.618355e-01	6.328147e-01	2.235955e+00
36	5.632759e-01	3.581546e-01	2.805569e+00
37	5.847705e-01	3.607401e-01	2.555447e+00
38	4.618615e-01	5.247154e-01	2.559355e+00
39	4.710287e-01	5.018294e-01	1.895945e+00
40	5.507122e-01	4.548051e-01	1.282364e+00
41	4.641536e-01	6.091232e-01	2.750855e+00
42	4.622401e-01	5.093527e-01	2.412799e+00
43	4.897459e-01	5.214059e-01	2.557401e+00
44	4.706723e-01	4.280708e-01	1.648754e+00
45	4.863972e-01	5.031754e-01	1.721055e+00
46	4.155938e-01	4.047690e-01	2.588666e+00
47	4.531968e-01	5.060228e-01	1.525647e+00
48	4.713090e-01	5.145908e-01	2.751832e+00
49	2.646584e-01	2.560500e-01	2.625794e+00
50	4.681634e-01	5.437360e-01	1.663410e+00
51	4.724024e-01	5.218514e-01	2.560332e+00
52	4.615157e-01	5.335288e-01	1.696629e+00
53	4.624700e-01	5.121442e-01	1.506106e+00
54	4.648828e-01	5.069816e-01	2.675623e+00
55	4.808682e-01	5.422194e-01	2.497802e+00
56	4.937433e-01	4.649920e-01	1.031265e+00
57	5.985448e-01	5.616891e-01	2.361993e+00
58	4.545273e-01	5.762545e-01	1.866634e+00
60	7.421350e-01	7.040851e-01	1.503175e+00
61	5.028469e-01	5.851395e-01	2.449927e+00
62	4.695519e-01	5.440128e-01	2.831949e+00
63	4.592083e-01	5.014015e-01	2.317049e+00
64	4.938340e-01	5.801432e-01	2.353200e+00
65	4.705744e-01	5.152763e-01	2.575965e+00
66	4.419698e-01	5.018190e-01	2.922814e+00
67	4.959082e-01	5.686017e-01	2.289692e+00
68	4.175074e-01	4.120321e-01	2.766488e+00
69	5.225597e-01	5.033471e-01	1.522716e+00
70	3.897555e-01	5.364085e-01	2.769419e+00
71	4.644641e-01	4.902916e-01	1.110405e+00
72	4.974856e-01	5.489399e-01	1.412311e+00
73	3.584226e-01	3.757643e-01	1.951637e+00
74	2.457976e-01	4.608510e-01	1.449438e+00
75	3.726163e-01	4.632740e-01	2.176356e+00
76	4.720669e-01	5.827106e-01	1.212995e+00
77	4.982175e-01	5.370847e-01	1.872496e+00
78	4.738201e-01	5.484322e-01	1.606742e+00
79	4.076672e-01	5.136442e-01	1.183683e+00
80	4.734640e-01	4.497927e-01	2.736199e+00
81	4.672416e-01	5.127677e-01	1.617489e+00
82	4.908912e-01	5.686818e-01	2.456766e+00
83	4.145588e-01	4.319148e-01	1.406448e+00
84	5.492099e-01	6.717424e-01	2.453835e+00
85	4.649302e-01	5.114994e-01	2.712750e+00
86	4.657022e-01	5.051543e-01	2.877870e+00
87	3.281885e-01	7.370242e-01	1.533464e+00
88	4.398267e-01	4.827692e-01	2.169516e+00
89	5.947811e-01	6.636589e-01	2.483146e+00
90	4.781155e-01	4.647754e-01	1.538349e+00
91	4.416881e-01	5.212418e-01	1.117245e+00
92	4.865486e-01	5.250202e-01	2.709819e+00
93	4.925033e-01	5.220645e-01	2.929653e+00
94	4.845937e-01	5.430094e-01	2.125550e+00
95	6.021401e-01	5.430889e-01	2.148999e+00
96	4.458877e-01	5.318837e-01	1.206155e+00
98	4.654309e-01	4.990563e-01	1.997557e+00
99	4.676121e-01	4.395152e-01	1.753298e+00
100	4.497744e-01	5.009721e-01	1.491451e+00
101	4.732939e-01	5.082903e-01	2.381534e+00
102	4.617802e-01	5.250778e-01	1.837323e+00
103	4.410930e-01	4.101309e-01	2.723498e+00
104	5.758361e-01	6.252410e-01	1.216903e+00
105	4.565485e-01	5.380070e-01	1.385931e+00
107	4.499913e-01	5.281802e-01	1.887152e+00
108	6.412858e-01	4.057082e-01	1.869565e+00
109	5.710771e-01	5.313553e-01	2.657059e+00
110	4.480380e-01	5.153156e-01	1.905716e+00
111	5.025574e-01	4.708922e-01	2.319980e+00
113	5.006515e-01	1.424205e-01	1.155349e+00
114	4.752759e-01	5.209546e-01	1.261847e+00
115	5.615279e-01	6.210250e-01	1.308745e+00
116	4.023916e-01	7.166742e-01	1.148510e+00
117	4.774506e-01	5.958787e-01	1.865657e+00
118	4.568535e-01	4.786143e-01	2.988276e+00
119	4.777195e-01	5.118183e-01	1.479726e+00
120	4.698690e-01	5.072439e-01	2.095261e+00
121	4.690045e-01	6.347892e-01	2.442110e+00
122	5.480335e-01	3.796393e-01	1.070347e+00
123	4.927175e-01	5.639574e-01	1.417196e+00
124	4.784091e-01	5.218151e-01	2.817294e+00
126	5.089844e-01	5.672929e-01	2.738153e+00
127	5.075351e-01	5.683873e-01	2.338544e+00
128	1.748085e-01	1.508473e-01	1.282364e+00
129	4.737085e-01	5.216412e-01	2.676600e+00
130	1.512654e-01	1.717298e-01	2.443087e+00
132	5.584653e-01	4.322806e-01	1.220811e+00
133	6.404621e-01	4.404239e-01	2.407914e+00
134	5.244136e-01	5.647452e-01	2.277968e+00
135	4.561268e-01	5.125749e-01	2.409868e+00
136	4.713610e-01	5.516910e-01	2.083537e+00
137	4.614773e-01	4.462319e-01	2.286761e+00
138	2.171630e-01	5.269850e-01	1.194431e+00
139	4.556487e-01	5.248429e-01	2.818271e+00
140	4.097445e-01	5.361920e-01	2.827064e+00
141	4.569771e-01	5.149554e-01	1.684905e+00
142	4.790170e-01	4.984057e-01	1.999511e+00
143	4.721226e-01	5.219782e-01	1.956522e+00
144	5.339614e-01	5.451521e-01	2.323889e+00
145	4.438121e-01	4.748776e-01	2.501710e+00
146	3.335715e-01	7.166892e-01	2.395213e+00
147	3.836679e-01	5.903496e-01	2.719590e+00
148	4.713393e-01	5.120288e-01	2.937469e+00
149	4.721403e-01	5.815697e-01	2.803615e+00
150	5.285883e-01	5.808803e-01	1.794333e+00
151	4.525640e-01	5.125495e-01	2.611138e+00
152	4.405963e-01	5.649546e-01	1.724963e+00
153	4.589653e-01	5.307289e-01	1.983879e+00
154	4.701391e-01	5.081411e-01	2.181241e+00
155	5.105220e-01	6.236279e-01	1.295066e+00
156	4.437462e-01	6.189046e-01	1.970200e+00
157	4.888164e-01	5.154738e-01	2.387396e+00
158	3.341365e-01	6.401192e-01	2.386419e+00
159	4.375647e-01	6.996977e-01	2.647289e+00
160	4.736296e-01	4.988356e-01	1.686859e+00
161	4.814172e-01	5.263190e-01	1.553981e+00
162	4.960371e-01	3.615722e-01	1.764045e+00
163	4.909451e-01	4.471335e-01	1.632145e+00
164	4.719262e-01	5.096006e-01	1.235467e+00
165	4.749408e-01	4.928392e-01	2.251588e+00
166	4.522529e-01	5.253184e-01	1.751343e+00
167	3.621363e-01	4.361157e-01	1.715193e+00
168	4.689742e-01	5.125752e-01	2.109917e+00
169	4.741967e-01	4.854138e-01	2.137274e+00
170	4.253118e-01	5.893519e-01	2.099170e+00
171	4.526366e-01	3.893537e-01	2.057157e+00
172	5.087477e-01	5.318865e-01	2.246702e+00
173	4.917016e-01	5.401101e-01	1.894968e+00
174	5.239267e-01	4.896837e-01	2.453835e+00
175	4.983020e-01	5.651048e-01	2.834880e+00
176	4.288808e-01	4.844890e-01	2.215437e+00
177	4.633699e-01	5.431044e-01	2.153884e+00
178	4.756296e-01	5.119721e-01	2.475330e+00
179	4.423429e-01	4.661515e-01	1.274548e+00
180	4.741391e-01	5.113082e-01	2.127504e+00
181	4.615837e-01	5.428817e-01	1.790425e+00
182	5.044651e-01	6.427618e-01	1.736688e+00
183	5.313462e-01	5.749099e-01	1.692721e+00
184	5.247522e-01	6.979501e-01	2.042501e+00
185	5.136524e-01	6.151615e-01	1.468979e+00
186	4.863660e-01	5.485126e-01	1.784563e+00
188	4.795183e-01	4.997399e-01	1.839277e+00
189	4.498011e-01	5.277360e-01	1.175867e+00
190	4.674969e-01	4.733857e-01	2.807523e+00
191	6.438134e-01	4.874850e-01	2.811431e+00
192	5.142835e-01	5.372159e-01	1.192477e+00
193	3.339846e-01	5.125158e-01	1.620420e+00
194	4.326550e-01	4.837230e-01	2.624817e+00
195	4.750379e-01	5.143247e-01	2.806546e+00
196	3.932430e-01	3.895504e-01	1.763068e+00
197	7.869197e-01	7.451778e-01	2.060088e+00
198	6.677262e-01	7.281623e-01	2.458720e+00
199	4.753414e-01	4.735688e-01	2.463605e+00
200	8.185086e-01	7.830591e-01	1.141671e+00
201	4.695116e-01	5.078671e-01	1.146556e+00
202	4.508688e-01	4.485044e-01	1.395701e+00
203	4.482224e-01	4.565903e-01	1.755252e+00
204	4.867565e-01	4.403823e-01	2.901319e+00
205	5.047421e-01	6.604798e-01	2.123596e+00
206	5.134047e-01	7.963202e-01	1.652662e+00
207	4.540122e-01	4.599421e-01	1.199316e+00
208	4.661473e-01	5.704644e-01	2.170493e+00
209	4.863245e-01	3.485060e-01	2.733268e+00
210	4.958547e-01	5.578858e-01	1.545188e+00
211	4.409643e-01	5.210298e-01	1.376160e+00
212	4.599282e-01	5.369673e-01	1.621397e+00
213	4.676607e-01	5.076793e-01	1.883244e+00
214	4.584594e-01	4.935986e-01	1.612604e+00
215	5.092010e-01	4.930520e-01	2.909135e+00
216	4.668715e-01	4.992761e-01	1.354665e+00
217	4.683625e-01	5.338441e-01	2.770396e+00
218	5.729886e-01	4.573446e-01	2.148999e+00
219	4.465681e-01	5.651109e-01	2.624817e+00
220	5.080728e-01	6.101134e-01	2.697118e+00
221	4.906975e-01	5.293349e-01	1.938935e+00
222	4.425489e-01	1.751068e-01	1.854910e+00
223	5.823124e-01	4.599081e-01	2.625794e+00
224	5.205632e-01	5.796317e-01	2.984367e+00
225	4.723811e-01	5.144110e-01	2.693210e+00
226	4.734205e-01	4.948332e-01	2.276014e+00
227	4.735142e-01	5.508899e-01	1.245237e+00
228	4.718816e-01	5.172017e-01	1.489497e+00
229	4.783503e-01	5.180465e-01	2.305325e+00
230	4.764298e-01	5.197748e-01	2.689301e+00
231	4.796248e-01	4.270192e-01	1.346849e+00
232	4.726538e-01	5.597376e-01	2.447973e+00
233	4.747306e-01	4.934035e-01	1.591109e+00
234	5.958779e-01	4.856790e-01	1.931119e+00
235	5.037983e-01	5.537481e-01	2.687347e+00
236	4.702454e-01	5.129253e-01	2.787982e+00
237	4.683571e-01	5.062710e-01	1.510015e+00
238	4.716371e-01	5.343474e-01	2.193942e+00
239	4.329312e-01	4.685417e-01	2.918906e+00
240	4.600321e-01	4.558668e-01	1.734734e+00
241	4.162056e-01	4.667794e-01	1.119199e+00
242	5.958352e-01	4.869534e-01	1.631168e+00
243	4.953473e-01	5.487804e-01	1.258915e+00
244	4.886364e-01	5.196415e-01	2.458720e+00
245	5.053870e-01	6.909107e-01	2.134343e+00
246	4.784696e-01	5.172219e-01	2.662921e+00
247	4.883355e-01	4.859381e-01	2.924768e+00
248	4.353679e-01	5.875316e-01	2.983390e+00
250	2.073774e-01	5.503788e-01	2.763556e+00
251	1.503027e-01	4.641491e-01	2.374695e+00
252	4.181744e-01	5.574606e-01	1.703468e+00
253	4.936973e-01	6.247892e-01	1.246214e+00
254	4.784912e-01	3.785640e-01	2.925745e+00
255	4.648352e-01	5.159837e-01	1.857841e+00
256	4.749831e-01	5.251430e-01	2.601368e+00
257	4.582994e-01	5.500329e-01	2.413776e+00
258	4.414210e-01	5.252082e-01	2.569126e+00
259	4.441627e-01	3.869983e-01	1.865657e+00
260	4.700084e-01	5.132856e-01	2.574988e+00
261	4.591877e-01	5.360683e-01	1.598925e+00
262	2.839581e-01	5.606532e-01	2.264289e+00
263	4.415666e-01	4.076698e-01	1.176844e+00
264	5.121639e-01	6.569199e-01	1.061553e+00
265	4.737677e-01	4.957652e-01	2.526136e+00
266	4.462066e-01	4.411138e-01	1.928188e+00
267	4.355742e-01	4.682701e-01	2.006351e+00
268	4.568374e-01	5.273671e-01	1.041036e+00
269	6.760382e-01	7.041424e-01	1.793356e+00
270	4.851565e-01	4.195720e-01	1.860772e+00
271	4.022955e-01	5.017843e-01	1.389839e+00
272	4.699525e-01	4.945683e-01	1.052760e+00
273	3.183826e-01	2.879924e-01	1.156326e+00
274	5.000076e-01	6.990369e-01	1.981925e+00
275	4.950539e-01	6.899294e-01	2.256473e+00
276	4.516865e-01	4.574220e-01	2.368832e+00
277	5.248323e-01	4.801932e-01	2.024915e+00
279	4.725451e-01	5.402678e-01	1.348803e+00
280	3.718007e-01	3.870277e-01	2.472399e+00
281	2.766527e-01	4.793301e-01	2.288715e+00
282	4.535433e-01	4.746307e-01	2.745970e+00
283	5.451175e-01	4.981859e-01	2.490962e+00
284	5.124489e-01	4.247079e-01	2.515388e+00
285	4.160884e-01	5.204144e-01	1.545188e+00
286	4.578375e-01	5.233963e-01	2.662921e+00
287	4.567208e-01	4.422162e-01	2.264289e+00
288	4.838285e-01	4.704502e-01	2.905227e+00
289	5.462681e-01	4.764076e-01	1.058622e+00
290	4.313136e-01	6.360604e-01	2.152907e+00
291	6.923201e-01	7.891972e-01	2.784074e+00
292	4.868435e-01	5.106449e-01	2.445042e+00
293	5.048043e-01	1.605084e-01	2.852467e+00
294	5.102361e-01	4.592637e-01	2.070835e+00
295	4.208662e-01	5.362345e-01	1.406448e+00
297	4.121674e-01	5.873437e-01	2.077675e+00
298	4.863097e-01	6.169453e-01	1.601856e+00
299	4.745692e-01	4.846088e-01	2.048363e+00
300	4.816879e-01	5.189778e-01	2.781143e+00
301	4.668235e-01	5.110415e-01	2.779189e+00
302	4.891847e-01	6.092903e-01	2.617978e+00
303	3.965807e-01	3.590200e-01	1.698583e+00
304	4.968992e-01	4.429124e-01	1.948705e+00
305	4.869053e-01	5.287580e-01	1.416219e+00
306	7.810389e-01	3.193785e-01	1.745481e+00
307	4.648043e-01	4.969463e-01	2.291646e+00
308	3.596621e-01	3.433479e-02	1.868588e+00
309	5.414908e-01	5.320717e-01	2.511480e+00
310	4.743403e-01	4.950662e-01	2.596483e+00
311	4.846844e-01	4.478441e-01	2.855398e+00
312	4.550011e-01	5.762551e-01	1.312653e+00
313	4.801885e-01	4.348502e-01	1.787494e+00
314	4.693967e-01	5.202565e-01	2.252565e+00
315	4.691218e-01	3.961376e-01	1.978017e+00
316	5.007540e-01	5.413262e-01	2.965804e+00
317	4.754911e-01	5.249501e-01	2.221299e+00
318	5.625654e-01	4.781411e-01	1.701514e+00
319	4.903789e-01	4.774677e-01	1.135809e+00
320	4.590131e-01	5.501245e-01	2.997069e+00
322	4.437376e-01	5.015074e-01	2.362970e+00
323	4.596568e-01	5.338316e-01	2.553493e+00
324	4.278545e-01	4.928823e-01	1.347826e+00
325	2.756351e-02	2.054604e-01	2.896434e+00
326	4.678351e-01	5.115070e-01	1.857841e+00
327	5.087453e-01	5.591190e-01	1.669272e+00
328	4.610849e-01	5.204512e-01	1.726917e+00
329	4.673498e-01	4.841523e-01	2.604299e+00
330	5.010953e-01	5.166047e-01	2.089399e+00
331	4.781380e-01	4.944179e-01	1.552027e+00
332	5.088278e-01	5.551919e-01	1.769907e+00
333	4.641885e-01	4.068484e-01	1.382022e+00
334	5.434700e-01	7.086207e-01	2.510503e+00
335	4.531508e-01	5.610833e-01	1.640938e+00
336	4.791044e-01	5.042845e-01	2.933561e+00
337	5.790275e-01	5.213439e-01	1.033219e+00
338	4.912084e-01	5.550921e-01	1.408403e+00
339	4.648493e-01	5.376628e-01	2.767465e+00
340	4.730237e-01	4.851943e-01	1.526624e+00
341	4.662980e-01	4.441090e-01	1.456277e+00
342	4.777055e-01	5.751484e-01	1.054714e+00
343	4.727897e-01	5.418450e-01	2.601368e+00
344	5.149638e-01	5.547461e-01	2.193942e+00
346	4.557148e-01	4.765019e-01	1.564729e+00
347	4.518880e-01	5.253832e-01	1.679043e+00
348	5.299559e-01	5.135318e-01	2.034685e+00
349	4.676859e-01	4.869309e-01	2.564240e+00
350	4.849180e-01	5.706279e-01	2.311187e+00
351	4.073095e-01	4.229465e-01	1.297997e+00
352	4.782250e-01	4.915351e-01	2.873962e+00
353	4.974487e-01	6.299130e-01	2.202736e+00
354	4.715534e-01	5.152255e-01	2.653151e+00
355	3.551453e-01	3.361103e-01	2.461651e+00
356	4.792206e-01	4.956325e-01	1.679043e+00
357	4.837338e-01	4.518216e-01	2.991207e+00
358	4.913867e-01	4.643315e-01	2.857352e+00
359	4.461379e-01	6.413931e-01	1.913532e+00
360	6.238107e-01	5.754554e-01	1.216903e+00
361	5.148642e-01	6.618051e-01	1.214949e+00
362	5.392403e-01	5.255305e-01	1.005862e+00
363	4.658257e-01	5.694343e-01	2.227162e+00
364	4.789477e-01	5.328269e-01	1.723009e+00
366	5.236176e-01	6.136111e-01	1.692721e+00
367	4.777312e-01	5.092226e-01	1.154372e+00
368	4.567457e-01	5.512672e-01	1.851001e+00
369	4.725149e-01	5.076740e-01	2.418661e+00
370	5.147523e-01	4.555241e-01	1.874450e+00
371	4.040094e-01	4.570088e-01	1.591109e+00
372	4.523799e-01	4.636546e-01	2.199805e+00
373	5.485678e-01	6.877048e-01	2.208598e+00
374	5.468084e-01	6.401908e-01	1.322423e+00
375	4.943442e-01	7.381839e-01	2.361016e+00
376	5.689244e-01	4.907796e-01	1.815828e+00
377	4.721509e-01	5.144058e-01	1.328285e+00
378	4.734148e-01	5.330130e-01	1.883244e+00
379	4.468632e-01	6.429094e-01	1.599902e+00
380	5.103042e-01	6.943785e-01	2.343429e+00
381	4.536568e-01	4.946658e-01	1.835369e+00
383	6.063731e-01	5.784972e-01	1.698583e+00
384	7.275819e-01	4.222409e-01	2.761602e+00
385	2.995201e-01	2.176175e-01	1.961407e+00
386	3.645410e-01	4.202210e-01	2.449927e+00
387	4.800730e-01	5.607229e-01	2.669761e+00
388	4.983402e-01	4.807754e-01	2.597460e+00
389	4.648138e-01	4.956263e-01	2.960918e+00
390	4.607737e-01	5.434533e-01	1.655594e+00
391	5.075789e-01	6.284381e-01	2.572057e+00
392	4.638015e-01	4.910420e-01	1.234489e+00
393	4.494388e-01	5.202070e-01	1.607719e+00
394	4.672129e-01	5.165732e-01	2.643381e+00
395	4.911147e-01	4.767366e-01	1.233512e+00
397	2.265136e-01	6.042742e-01	1.083048e+00
398	5.130346e-01	1.406649e-01	2.453835e+00
399	4.145702e-01	4.575567e-01	2.169516e+00
400	4.712970e-01	5.384392e-01	1.634099e+00
401	8.952234e-01	5.140722e-01	1.314607e+00
402	4.563558e-01	5.682602e-01	2.292623e+00
403	5.733813e-01	6.507867e-01	1.759160e+00
404	4.532688e-01	5.656990e-01	2.942355e+00
405	4.900209e-01	5.899530e-01	1.358574e+00
406	4.759213e-01	5.864828e-01	1.474841e+00
407	3.659472e-01	4.029994e-01	2.850513e+00
408	7.034392e-01	5.748564e-01	2.543723e+00
409	4.465157e-01	5.296057e-01	1.170005e+00
410	5.088124e-01	5.452431e-01	2.011236e+00
411	4.555222e-01	4.547368e-01	2.982413e+00
412	7.442170e-01	2.957468e-01	1.578407e+00
413	4.839045e-01	3.555019e-01	2.904250e+00
414	4.742749e-01	5.018529e-01	2.948217e+00
415	4.779347e-01	5.141987e-01	1.856864e+00
416	4.524423e-01	5.895028e-01	1.780655e+00
417	4.661791e-01	5.154289e-01	1.223742e+00
418	4.596549e-01	5.030813e-01	2.928676e+00
419	4.665775e-01	5.071362e-01	1.055691e+00
420	4.423845e-01	5.070528e-01	2.823156e+00
421	4.671990e-01	5.170797e-01	2.886663e+00
422	4.821535e-01	5.069309e-01	1.391793e+00
423	5.412217e-01	4.629363e-01	1.467025e+00
424	4.649490e-01	4.819173e-01	1.512946e+00
425	2.509850e-01	5.729091e-01	1.960430e+00
426	2.866903e-01	5.858893e-01	2.254519e+00
427	4.527402e-01	3.993373e-01	2.899365e+00
428	5.063792e-01	5.201145e-01	1.247191e+00
429	4.724277e-01	5.308254e-01	1.802149e+00
430	4.817118e-01	5.058788e-01	1.663410e+00
431	5.223431e-01	6.385467e-01	2.556424e+00
433	4.610489e-01	5.341660e-01	2.475330e+00
434	4.900992e-01	4.785656e-01	2.923791e+00
435	6.213455e-01	6.356890e-01	2.906204e+00
437	5.149199e-01	5.815889e-01	2.476307e+00
438	4.255156e-01	5.909514e-01	2.065950e+00
439	4.739689e-01	5.081586e-01	1.983879e+00
440	4.906221e-01	5.282752e-01	1.637030e+00
441	3.816518e-01	7.172951e-01	1.338056e+00
442	5.664874e-01	6.088793e-01	2.406937e+00
443	6.798144e-01	3.005941e-01	1.422081e+00
444	4.838293e-01	4.165540e-01	2.956033e+00
445	4.647656e-01	5.229448e-01	2.601368e+00
446	7.922204e-01	5.962402e-01	1.846116e+00
447	4.751365e-01	5.405621e-01	1.264778e+00
448	4.568371e-01	4.435448e-01	1.119199e+00
449	4.642703e-01	4.383298e-01	1.956522e+00
450	5.530698e-01	8.761224e-01	2.971666e+00
451	4.626042e-01	5.133880e-01	2.149976e+00
452	5.097872e-01	5.072579e-01	1.574499e+00
453	4.666830e-01	6.758195e-01	1.775769e+00
455	4.741383e-01	5.907251e-01	2.984367e+00
456	4.723574e-01	5.471839e-01	1.577430e+00
457	4.351432e-01	6.061544e-01	2.955056e+00
458	4.809864e-01	5.238878e-01	2.865169e+00
459	4.854032e-01	7.865327e-01	1.672203e+00
461	6.227021e-01	4.466833e-01	2.513434e+00
462	4.724008e-01	4.319059e-01	1.853933e+00
463	4.887828e-01	5.430647e-01	2.858329e+00
464	4.897061e-01	5.853436e-01	1.574499e+00
465	5.053630e-01	5.893756e-01	1.432829e+00
466	4.657664e-01	5.155276e-01	1.500244e+00
467	4.187472e-01	6.947270e-01	1.323400e+00
468	4.836340e-01	5.086406e-01	2.147044e+00
469	4.526903e-01	5.388300e-01	2.698095e+00
470	4.832244e-01	5.272567e-01	1.364436e+00
471	5.874046e-01	7.707524e-01	2.076698e+00
472	4.638540e-01	5.162064e-01	2.011236e+00
473	5.200709e-01	6.419099e-01	1.215926e+00
474	4.762984e-01	5.010690e-01	2.299463e+00
475	5.596231e-01	5.445105e-01	1.683928e+00
476	4.660299e-01	5.149216e-01	2.081583e+00
477	4.824475e-01	5.786713e-01	2.350269e+00
478	3.559250e-01	4.565199e-01	2.728383e+00
479	4.714308e-01	6.925520e-01	1.194431e+00
480	4.221961e-01	4.218338e-01	2.515388e+00
481	4.042798e-01	7.500006e-01	1.865657e+00
482	4.754118e-01	6.820321e-01	1.802149e+00
483	4.888665e-01	4.502210e-01	1.367367e+00
484	4.707815e-01	5.949746e-01	1.148510e+00
485	4.694818e-01	3.683732e-01	2.427455e+00
486	4.485150e-01	4.777985e-01	2.196873e+00
487	4.882458e-01	5.276016e-01	2.386419e+00
488	4.730228e-01	4.659509e-01	1.294089e+00
489	4.487748e-01	4.297937e-01	1.687836e+00
490	5.103609e-01	5.328582e-01	1.146556e+00
491	4.143517e-01	4.782654e-01	1.597948e+00
492	4.260217e-01	5.012024e-01	2.412799e+00
493	5.935342e-01	6.551106e-01	1.227650e+00
494	4.066325e-01	4.239824e-01	2.522228e+00
495	4.490735e-01	5.539604e-01	1.437714e+00
496	4.811068e-01	5.814211e-01	1.523693e+00
497	5.100460e-01	5.171627e-01	1.221788e+00
498	4.874836e-01	4.592077e-01	1.652662e+00
499	4.907087e-01	3.692127e-01	1.269663e+00
500	4.730088e-01	5.095792e-01	2.967758e+00
501	4.771022e-01	5.187624e-01	2.546654e+00
502	3.955776e-01	2.775071e-01	1.818759e+00
503	4.425753e-01	4.598170e-01	1.919394e+00
504	4.842469e-01	5.089417e-01	2.563263e+00
505	4.784542e-01	3.608546e-01	1.451392e+00
506	4.479237e-01	5.493368e-01	1.718124e+00
507	4.675622e-01	5.183276e-01	1.207132e+00
508	4.672624e-01	5.025018e-01	1.236444e+00
509	5.557894e-01	5.593686e-01	2.622863e+00
510	6.776699e-01	4.000394e-01	2.549585e+00
511	4.592919e-01	4.971808e-01	2.966781e+00
512	4.996038e-01	3.422988e-01	2.395213e+00
513	4.295404e-01	5.407466e-01	1.534441e+00
514	4.360905e-01	7.271933e-01	1.550073e+00
515	5.107896e-01	6.190666e-01	1.610650e+00
516	2.151954e-01	3.758936e-01	1.612604e+00
517	4.582056e-01	5.049829e-01	1.086957e+00
518	4.108763e-01	3.992533e-01	2.282853e+00
519	2.000705e-01	1.079707e-01	1.573522e+00
520	4.458136e-01	4.999071e-01	2.497802e+00
521	4.664091e-01	5.267346e-01	1.752320e+00
523	4.478689e-01	4.901153e-01	1.209086e+00
524	4.310480e-01	3.711979e-01	2.755740e+00
525	6.125763e-01	5.032527e-01	1.499267e+00
526	4.723444e-01	4.871957e-01	1.014656e+00
527	6.435320e-01	5.940047e-01	2.891549e+00
528	4.737049e-01	4.990649e-01	2.478261e+00
529	4.276520e-01	4.375689e-01	1.898876e+00
530	4.686637e-01	5.173919e-01	1.188569e+00
531	4.704980e-01	5.950324e-01	2.785051e+00
532	4.782270e-01	5.104589e-01	2.945286e+00
533	4.729556e-01	5.428819e-01	2.458720e+00
534	5.540828e-01	4.960972e-01	2.673669e+00
535	4.571658e-01	5.029692e-01	1.399609e+00
536	4.489404e-01	5.517744e-01	2.604299e+00
537	4.665297e-01	5.083438e-01	1.529555e+00
538	4.694475e-01	5.096805e-01	2.823156e+00
539	4.787158e-01	5.329486e-01	2.826087e+00
540	5.011977e-01	5.826778e-01	2.844651e+00
541	4.243213e-01	4.691177e-01	2.290669e+00
542	4.764352e-01	5.060112e-01	2.570103e+00
543	4.654058e-01	5.165003e-01	2.396190e+00
544	4.435236e-01	5.094236e-01	1.318515e+00
545	5.041239e-01	4.431479e-01	2.605276e+00
546	7.374786e-01	4.502479e-01	2.683439e+00
547	3.481198e-01	5.553862e-01	1.587201e+00
548	4.373711e-01	4.424867e-01	1.375183e+00
549	4.331910e-01	4.941992e-01	2.298486e+00
550	6.126477e-01	5.628509e-01	1.285296e+00
551	4.724427e-01	5.290303e-01	2.983390e+00
552	6.272813e-01	4.394220e-01	1.195408e+00
553	4.678825e-01	5.174124e-01	2.414753e+00
554	3.431082e-01	4.301869e-01	1.843185e+00
555	4.825171e-01	5.032273e-01	2.396190e+00
556	3.722579e-01	4.617288e-01	3.000000e+00
557	4.659437e-01	5.195179e-01	2.728383e+00
559	4.697986e-01	5.444856e-01	1.944797e+00
560	3.658255e-01	4.516223e-01	2.883732e+00
561	4.337873e-01	6.771351e-01	2.383488e+00
562	4.142269e-01	5.050402e-01	2.506595e+00
563	4.617006e-01	5.475111e-01	1.786517e+00
564	4.465579e-01	5.067404e-01	2.893503e+00
565	4.823740e-01	5.190208e-01	2.981436e+00
566	4.510331e-01	4.846755e-01	2.663898e+00
567	4.723880e-01	5.347832e-01	2.227162e+00
568	4.605610e-01	5.049741e-01	1.527601e+00
569	5.008097e-01	5.881983e-01	2.610161e+00
570	8.404436e-01	2.001858e-01	1.058622e+00
571	4.753061e-01	5.523910e-01	2.782120e+00
573	4.770348e-01	5.081172e-01	2.109917e+00
574	4.716166e-01	4.913183e-01	2.074744e+00
575	4.898935e-01	5.339233e-01	2.319003e+00
576	4.696188e-01	5.201913e-01	1.290181e+00
577	4.678523e-01	4.286125e-01	1.286273e+00
578	4.612256e-01	4.408771e-01	1.881290e+00
579	4.699224e-01	4.873496e-01	1.664387e+00
580	6.927770e-01	4.588584e-01	1.242306e+00
581	5.364575e-01	5.063171e-01	1.927211e+00
582	4.681681e-01	5.109396e-01	2.820225e+00
583	3.795949e-01	3.568931e-01	2.792868e+00
584	3.994523e-01	4.528302e-01	1.201270e+00
585	4.954036e-01	5.685757e-01	1.898876e+00
586	4.754993e-01	5.131869e-01	1.782609e+00
587	4.501102e-01	4.943598e-01	1.561798e+00
588	4.715624e-01	5.132078e-01	2.282853e+00
589	4.735531e-01	4.849058e-01	2.210552e+00
590	5.416093e-01	5.377605e-01	1.020518e+00
591	4.620842e-01	4.449644e-01	1.784563e+00
592	4.676532e-01	5.151074e-01	1.275525e+00
593	4.713401e-01	5.016608e-01	1.212995e+00
594	4.166021e-01	5.885340e-01	2.964827e+00
595	4.671354e-01	4.757280e-01	2.079629e+00
596	2.230231e-01	3.418184e-01	1.187592e+00
597	4.348023e-01	5.496970e-01	1.258915e+00
598	4.935263e-01	5.116507e-01	1.999511e+00
599	4.707847e-01	5.293713e-01	1.264778e+00
600	4.692224e-01	5.212471e-01	1.110405e+00
601	5.741879e-01	8.992358e-01	1.107474e+00
602	3.968890e-01	5.908754e-01	1.070347e+00
603	4.747964e-01	5.275436e-01	2.400098e+00
604	4.973249e-01	5.623203e-01	2.871031e+00
605	4.729586e-01	5.209145e-01	2.739130e+00
606	4.555586e-01	5.259247e-01	2.061065e+00
607	7.447550e-01	6.343258e-01	1.073278e+00
608	4.689875e-01	4.686077e-01	2.799707e+00
609	4.886986e-01	4.496219e-01	2.010259e+00
610	4.511072e-01	5.030476e-01	1.700537e+00
611	4.723015e-01	5.079763e-01	1.339033e+00
612	5.114653e-01	5.743784e-01	2.227162e+00
613	7.234075e-01	2.118401e-01	2.482169e+00
614	4.596325e-01	5.112040e-01	2.958964e+00
615	5.471247e-01	5.777024e-01	1.443576e+00
616	4.833695e-01	5.722367e-01	2.381534e+00
617	4.764983e-01	6.747419e-01	1.971177e+00
618	4.649793e-01	5.336658e-01	2.960918e+00
619	2.527065e-01	2.959267e-01	1.812897e+00
620	3.942311e-01	5.358919e-01	1.170982e+00
621	4.487351e-01	3.744714e-01	1.277479e+00
622	3.734229e-01	5.950725e-01	1.176844e+00
623	4.360616e-01	4.146371e-01	1.636053e+00
624	4.565307e-01	5.552446e-01	2.336590e+00
625	5.413265e-01	4.946027e-01	1.343918e+00
626	4.651535e-01	5.159322e-01	1.905716e+00
627	5.021054e-01	5.617396e-01	1.784563e+00
628	4.807698e-01	5.054240e-01	2.063996e+00
629	4.661995e-01	5.231561e-01	2.497802e+00
630	4.127096e-01	4.299761e-01	2.870054e+00
631	4.281475e-01	5.992596e-01	1.729849e+00
632	3.631437e-01	4.184662e-01	2.290669e+00
633	4.718873e-01	5.139794e-01	2.841720e+00
634	4.705363e-01	5.123882e-01	2.195896e+00
635	4.703819e-01	4.940771e-01	1.601856e+00
636	4.741666e-01	5.889516e-01	2.449927e+00
637	4.838546e-01	4.733091e-01	1.462140e+00
638	4.705126e-01	5.104675e-01	2.041524e+00
639	4.717392e-01	5.130382e-01	2.061065e+00
640	2.192510e-01	3.885922e-01	2.130435e+00
641	4.419304e-01	7.429346e-01	2.205667e+00
642	4.699706e-01	5.123253e-01	2.184172e+00
643	5.566741e-01	5.546827e-01	2.747924e+00
644	4.399752e-01	3.736861e-01	2.909135e+00
645	4.679690e-01	5.051665e-01	2.777235e+00
646	4.359047e-01	5.660610e-01	1.295066e+00
647	4.241512e-01	4.916161e-01	1.050806e+00
648	6.174869e-01	3.878745e-01	1.191500e+00
649	4.874907e-01	5.234952e-01	1.198339e+00
650	4.389572e-01	5.122712e-01	2.656082e+00
651	4.841721e-01	4.947875e-01	1.692721e+00
652	5.314548e-01	6.263049e-01	2.330728e+00
653	4.650150e-01	4.832095e-01	1.906693e+00
654	4.647075e-01	5.288865e-01	2.192965e+00
655	4.810806e-01	5.893458e-01	1.200293e+00
656	4.667920e-01	5.229056e-01	2.361016e+00
657	4.652177e-01	4.408776e-01	2.080606e+00
658	4.600097e-01	5.050056e-01	2.017098e+00
659	5.079947e-01	5.023825e-01	2.191011e+00
660	7.272899e-01	6.281046e-01	1.667318e+00
661	3.087549e-01	3.044825e-01	2.229116e+00
662	3.713948e-01	4.110729e-01	1.188569e+00
663	4.436725e-01	5.463677e-01	2.714704e+00
664	4.703103e-01	5.912669e-01	1.979971e+00
665	4.599230e-01	6.052984e-01	2.954079e+00
666	1.644741e-01	2.166939e-01	1.803127e+00
667	4.637182e-01	4.781643e-01	1.039082e+00
668	9.005816e-01	3.669166e-01	1.893014e+00
669	4.675542e-01	4.195008e-01	1.778701e+00
670	9.144648e-01	4.308419e-01	1.807035e+00
671	4.837763e-01	5.554601e-01	1.102589e+00
672	3.565208e-01	3.748878e-01	1.879336e+00
673	5.435217e-01	5.466353e-01	1.984856e+00
674	4.715576e-01	5.120360e-01	2.238886e+00
675	4.768505e-01	5.249298e-01	2.868100e+00
676	4.670146e-01	5.219284e-01	2.748901e+00
677	3.835114e-01	6.940147e-01	1.578407e+00
678	4.628922e-01	4.562303e-01	1.621397e+00
679	4.710189e-01	5.127159e-01	2.657059e+00
680	4.778006e-01	5.589353e-01	2.404983e+00
681	4.900320e-01	4.681873e-01	2.272106e+00
682	4.851022e-01	5.287541e-01	1.463117e+00
683	4.760436e-01	5.302002e-01	2.316072e+00
684	4.725191e-01	5.183319e-01	2.334636e+00
685	4.896989e-01	4.217855e-01	1.365413e+00
686	3.315088e-01	4.794930e-01	2.105032e+00
687	4.457378e-01	5.673034e-01	1.339033e+00
688	4.641675e-01	5.161971e-01	2.932584e+00
689	4.764157e-01	5.177026e-01	2.378603e+00
690	4.763512e-01	5.113288e-01	1.833415e+00
691	6.013513e-01	5.121179e-01	1.663410e+00
692	4.273461e-01	5.040884e-01	2.251588e+00
693	4.316029e-01	5.110455e-01	1.766976e+00
694	3.980624e-01	3.835131e-01	1.575476e+00
695	3.758270e-01	6.695385e-01	2.771373e+00
696	4.781023e-01	5.154282e-01	2.787005e+00
697	4.620591e-01	5.236541e-01	1.959453e+00
698	4.337761e-01	4.869220e-01	2.187103e+00
699	4.720377e-01	5.116572e-01	2.430386e+00
700	4.627188e-01	5.343613e-01	2.679531e+00
701	4.796974e-01	6.005282e-01	2.191988e+00
702	5.522373e-01	4.583103e-01	2.945286e+00
703	4.465812e-01	5.191466e-01	2.793845e+00
704	4.728768e-01	5.083435e-01	2.132389e+00
705	3.449483e-01	2.667882e-01	1.627259e+00
706	4.796987e-01	4.983674e-01	1.623351e+00
707	4.900983e-01	5.207250e-01	2.772350e+00
708	4.777850e-01	5.197913e-01	1.552027e+00
709	3.082762e-01	5.816764e-01	1.180752e+00
710	4.727813e-01	4.764679e-01	1.632145e+00
711	1.929138e-01	8.749864e-02	1.680997e+00
712	5.768354e-01	6.042311e-01	2.828041e+00
713	7.280761e-01	4.390333e-01	1.703468e+00
714	2.173100e-01	2.878393e-01	1.471910e+00
715	4.734716e-01	4.972815e-01	2.368832e+00
716	4.617910e-01	5.100264e-01	1.961407e+00
717	4.749438e-01	5.104423e-01	1.756229e+00
718	4.821968e-01	4.961274e-01	2.987298e+00
719	4.775155e-01	5.168906e-01	2.332682e+00
720	4.690130e-01	5.249547e-01	1.097704e+00
721	4.715184e-01	5.265147e-01	1.954568e+00
722	4.676630e-01	5.119243e-01	1.704446e+00
723	4.716864e-01	5.119101e-01	1.853933e+00
724	4.940927e-01	5.284177e-01	2.829995e+00
725	5.060433e-01	5.813854e-01	2.232047e+00
726	4.447290e-01	4.359805e-01	2.587689e+00
727	5.426062e-01	7.257788e-01	2.698095e+00
729	5.504583e-01	5.786581e-01	1.212995e+00
730	4.317227e-01	5.841669e-01	1.502198e+00
731	4.688735e-01	5.121406e-01	2.614069e+00
732	5.294949e-01	3.216312e-01	2.880801e+00
733	4.816580e-01	5.399744e-01	1.956522e+00
734	4.744349e-01	5.934469e-01	2.745970e+00
735	6.623761e-01	4.331947e-01	1.179775e+00
736	5.279204e-01	5.621862e-01	1.935027e+00
737	4.698307e-01	5.112322e-01	1.975085e+00
738	5.010779e-01	5.968521e-01	1.067416e+00
739	4.073073e-01	5.283329e-01	2.024915e+00
740	4.074470e-01	6.298122e-01	2.810454e+00
741	4.565935e-01	4.294740e-01	2.428432e+00
742	4.947849e-01	5.144333e-01	1.957499e+00
743	4.564785e-01	5.174330e-01	2.306302e+00
744	4.598601e-01	5.356796e-01	2.557401e+00
745	4.715056e-01	5.512485e-01	1.243283e+00
746	4.857234e-01	4.916047e-01	2.429409e+00
747	4.943026e-01	5.391370e-01	2.523205e+00
748	4.678454e-01	6.560490e-01	2.842697e+00
749	4.680732e-01	5.120832e-01	2.247680e+00
750	4.724251e-01	5.007148e-01	2.000489e+00
751	4.811254e-01	5.490761e-01	2.446019e+00
752	4.724879e-01	5.114840e-01	2.360039e+00
753	4.647517e-01	5.994851e-01	2.567171e+00
754	4.722221e-01	5.257738e-01	2.415730e+00
755	5.066668e-01	5.146013e-01	1.989741e+00
756	4.785351e-01	5.180738e-01	2.908158e+00
757	5.325861e-01	7.078545e-01	2.731314e+00
758	4.637369e-01	5.106414e-01	2.544700e+00
759	4.718260e-01	5.125752e-01	2.890572e+00
760	4.720429e-01	5.121240e-01	1.654617e+00
761	4.668267e-01	5.103427e-01	1.008793e+00
762	4.447886e-01	4.469105e-01	1.260870e+00
763	4.026273e-01	6.057088e-01	1.347826e+00
764	4.936857e-01	5.094518e-01	1.325354e+00
765	4.734285e-01	5.078934e-01	1.420127e+00
766	4.863374e-01	6.220509e-01	2.845628e+00
767	4.857782e-01	4.965802e-01	1.853933e+00
768	4.673401e-01	5.308357e-01	1.303859e+00
769	4.710313e-01	5.258690e-01	1.294089e+00
770	4.655752e-01	6.359149e-01	1.675134e+00
771	4.840288e-01	4.615707e-01	2.417684e+00
772	5.064095e-01	5.951201e-01	2.053249e+00
773	4.584598e-01	5.271360e-01	1.276502e+00
774	2.320363e-01	5.186905e-01	2.779189e+00
775	1.049277e-01	4.125912e-01	1.984856e+00
776	7.651788e-01	6.563440e-01	2.295554e+00
777	4.711850e-01	5.179288e-01	1.652662e+00
778	4.707186e-01	5.342263e-01	2.464582e+00
779	4.649583e-01	5.152761e-01	1.763068e+00
780	4.450670e-01	5.003565e-01	2.026869e+00
781	5.283212e-01	4.115991e-01	1.160234e+00
782	4.665465e-01	5.033556e-01	2.302394e+00
783	4.526641e-01	5.433819e-01	1.384954e+00
784	4.501764e-01	6.099947e-01	2.598437e+00
785	4.961254e-01	4.942407e-01	2.130435e+00
786	4.454864e-01	5.241392e-01	1.690767e+00
787	4.928080e-01	4.940918e-01	1.940889e+00
788	4.710359e-01	5.301693e-01	2.099170e+00
