739
0	8.543000e-01	4.185610e-01	1.398632e+00
1	6.615345e-01	3.514991e-01	1.108451e+00
2	6.523718e-01	3.813833e-01	2.925745e+00
3	8.187753e-01	1.859642e-01	2.732291e+00
4	8.980871e-01	8.232190e-03	1.257938e+00
5	5.289495e-01	3.826165e-01	2.424524e+00
7	4.418600e-01	6.222873e-01	2.705911e+00
8	5.709095e-01	1.937510e-01	2.442110e+00
9	5.942767e-01	2.544248e-01	2.233024e+00
10	5.541847e-01	3.920567e-01	2.376649e+00
11	5.813753e-01	1.797976e-01	1.556913e+00
13	5.073535e-01	8.208735e-01	1.066439e+00
14	2.454377e-01	3.373766e-01	1.626282e+00
15	7.199733e-01	1.110969e-01	1.306790e+00
16	5.792174e-01	3.419018e-01	2.902296e+00
17	6.014669e-01	3.026910e-01	1.195408e+00
18	5.285311e-01	3.953471e-01	1.785540e+00
19	5.763592e-01	3.103335e-01	1.248168e+00
20	5.507815e-01	3.216706e-01	1.863703e+00
21	2.168413e-01	1.246213e-01	2.671715e+00
22	5.685544e-01	2.788011e-01	2.487054e+00
23	6.735881e-01	2.499674e-01	1.946751e+00
24	1.466740e-01	8.191418e-01	1.303859e+00
26	6.007240e-01	2.831574e-01	1.388862e+00
27	6.030914e-01	2.764654e-01	1.591109e+00
28	4.212296e-01	6.220311e-01	2.205667e+00
29	3.737699e-01	3.072821e-01	2.181241e+00
30	7.896533e-01	1.704028e-01	1.475818e+00
31	6.317217e-01	2.997158e-01	2.309233e+00
32	4.633834e-01	1.196036e-01	2.073766e+00
33	4.318020e-01	6.612246e-01	2.331705e+00
34	5.825557e-01	2.752574e-01	1.126038e+00
35	2.547324e-02	7.944612e-01	2.235955e+00
37	5.907764e-01	1.921251e-01	2.555447e+00
38	5.775551e-01	2.463728e-01	2.559355e+00
39	5.596726e-01	3.282550e-01	1.895945e+00
40	2.683963e-01	6.541090e-01	1.282364e+00
41	5.733821e-01	3.892630e-01	2.750855e+00
42	5.827919e-01	2.746700e-01	2.412799e+00
43	5.605456e-01	2.947242e-01	2.557401e+00
44	5.803120e-01	2.393389e-01	1.648754e+00
45	5.905604e-01	6.451429e-02	1.721055e+00
46	6.175202e-01	3.492806e-01	2.588666e+00
47	4.994820e-01	3.015485e-01	1.525647e+00
48	6.293951e-01	3.184070e-01	2.751832e+00
50	7.843718e-01	6.888731e-02	1.663410e+00
51	5.961724e-01	2.741698e-01	2.560332e+00
52	2.392282e-01	5.829750e-01	1.696629e+00
53	3.721935e-01	5.233790e-01	1.506106e+00
54	5.975909e-01	3.039380e-01	2.675623e+00
55	5.524518e-01	1.653557e-01	2.497802e+00
57	8.883695e-01	6.525949e-03	2.361993e+00
58	8.289617e-01	2.238387e-01	1.866634e+00
60	6.281491e-01	2.456004e-01	1.503175e+00
61	5.734912e-01	1.910959e-01	2.449927e+00
62	6.052355e-01	2.780930e-01	2.831949e+00
63	6.302939e-01	2.717755e-01	2.317049e+00
64	5.733193e-01	2.717891e-01	2.353200e+00
65	5.952696e-01	2.552742e-01	2.575965e+00
66	7.303395e-01	2.157791e-01	2.922814e+00
67	2.503142e-01	5.598233e-01	2.289692e+00
68	3.642211e-01	2.742062e-01	2.766488e+00
69	5.520470e-01	2.129561e-01	1.522716e+00
70	1.130318e-01	2.089094e-01	2.769419e+00
71	5.407130e-01	2.004324e-01	1.110405e+00
72	3.122921e-01	3.050539e-01	1.412311e+00
73	5.803853e-01	4.172746e-01	1.951637e+00
74	3.865617e-01	7.148773e-01	1.449438e+00
75	6.182039e-01	3.481005e-01	2.176356e+00
76	5.544083e-01	2.575040e-01	1.212995e+00
77	5.786928e-01	3.550978e-01	1.872496e+00
78	5.995493e-01	2.413022e-01	1.606742e+00
79	8.304712e-01	9.640748e-01	1.183683e+00
80	5.938160e-01	3.287306e-01	2.736199e+00
81	6.172727e-01	3.022067e-01	1.617489e+00
82	3.661741e-01	3.965444e-01	2.456766e+00
83	6.929143e-01	8.176431e-01	1.406448e+00
85	4.452168e-01	3.144176e-01	2.712750e+00
86	5.932334e-01	2.679577e-01	2.877870e+00
88	1.704142e-01	1.377294e-01	2.169516e+00
89	5.677541e-01	4.568441e-01	2.483146e+00
90	6.178064e-01	3.081707e-01	1.538349e+00
91	4.771983e-01	3.382015e-01	1.117245e+00
92	5.587927e-01	2.324209e-01	2.709819e+00
93	6.218847e-01	2.627371e-01	2.929653e+00
94	6.048380e-01	2.887725e-01	2.125550e+00
95	6.437397e-01	2.320044e-01	2.148999e+00
96	5.975068e-01	2.443078e-01	1.206155e+00
97	5.971714e-01	4.232219e-01	2.689301e+00
98	5.813697e-01	3.248941e-01	1.997557e+00
99	4.404961e-01	3.479467e-01	1.753298e+00
100	5.692717e-01	2.224433e-01	1.491451e+00
101	5.783888e-01	3.815913e-01	2.381534e+00
102	1.671080e-01	3.653769e-02	1.837323e+00
103	5.649544e-01	2.097955e-01	2.723498e+00
104	8.548487e-01	7.228070e-01	1.216903e+00
105	2.030204e-01	3.515263e-01	1.385931e+00
106	6.177238e-01	3.934951e-01	1.094773e+00
107	5.654852e-01	2.260964e-01	1.887152e+00
108	6.749334e-01	3.936116e-01	1.869565e+00
109	6.585748e-01	3.578516e-01	2.657059e+00
110	5.629115e-01	3.177778e-01	1.905716e+00
111	9.590901e-01	2.711132e-01	2.319980e+00
112	5.227759e-01	4.521017e-01	1.549096e+00
113	5.921710e-01	3.993176e-01	1.155349e+00
114	5.294599e-01	1.978442e-01	1.261847e+00
115	5.345035e-01	4.033579e-01	1.308745e+00
116	1.574593e-01	3.127678e-01	1.148510e+00
117	5.515401e-01	2.526864e-01	1.865657e+00
118	5.866935e-01	2.765871e-01	2.988276e+00
119	4.537223e-01	3.180131e-01	1.479726e+00
120	7.394178e-01	2.230776e-01	2.095261e+00
121	6.172233e-01	3.130531e-01	2.442110e+00
123	4.918847e-01	2.581516e-01	1.417196e+00
124	5.891426e-01	2.762141e-01	2.817294e+00
125	5.853430e-01	2.023018e-01	1.164143e+00
126	6.338104e-01	3.084052e-01	2.738153e+00
127	4.446595e-01	5.438280e-01	2.338544e+00
129	5.593585e-01	2.194915e-01	2.676600e+00
131	7.840305e-01	1.469603e-01	2.375672e+00
132	7.144841e-01	3.398884e-01	1.220811e+00
133	6.630457e-01	3.331398e-01	2.407914e+00
134	7.521158e-01	2.151386e-01	2.277968e+00
135	4.981585e-01	3.098049e-01	2.409868e+00
136	6.205522e-01	3.937115e-01	2.083537e+00
137	7.491781e-01	2.128440e-01	2.286761e+00
138	6.485494e-01	3.378476e-01	1.194431e+00
139	5.334932e-01	3.726720e-01	2.818271e+00
140	8.275480e-01	2.922560e-01	2.827064e+00
141	5.756805e-01	3.305565e-01	1.684905e+00
142	5.609924e-01	2.839507e-01	1.999511e+00
143	5.516844e-01	2.447133e-01	1.956522e+00
144	3.163699e-01	3.334498e-01	2.323889e+00
145	5.586252e-01	3.158795e-01	2.501710e+00
146	5.844317e-01	3.873166e-01	2.395213e+00
147	3.382065e-01	2.705342e-01	2.719590e+00
148	5.854840e-01	2.683495e-01	2.937469e+00
149	9.928609e-01	6.631269e-03	2.803615e+00
150	4.428665e-01	3.342131e-01	1.794333e+00
151	3.616440e-01	3.830638e-01	2.611138e+00
152	5.697398e-01	3.851740e-01	1.724963e+00
153	5.935824e-01	2.433401e-01	1.983879e+00
154	5.988139e-01	2.470940e-01	2.181241e+00
155	6.490967e-01	3.776807e-01	1.295066e+00
156	4.156326e-01	8.804741e-01	1.970200e+00
157	5.479116e-01	3.837849e-01	2.387396e+00
158	3.000503e-01	3.450398e-01	2.386419e+00
159	4.360853e-01	6.699674e-01	2.647289e+00
160	5.928711e-01	2.640958e-01	1.686859e+00
161	1.083358e-01	4.492211e-01	1.553981e+00
162	5.422909e-01	2.158913e-01	1.764045e+00
163	3.991049e-01	5.882050e-01	1.632145e+00
164	5.673788e-01	3.418850e-01	1.235467e+00
165	5.873462e-01	2.640745e-01	2.251588e+00
166	7.329592e-01	1.960599e-01	1.751343e+00
167	6.233185e-02	4.912392e-01	1.715193e+00
168	5.907333e-01	2.818754e-01	2.109917e+00
169	5.765014e-01	3.163498e-01	2.137274e+00
170	7.485895e-01	2.113818e-01	2.099170e+00
171	6.559983e-01	2.590307e-01	2.057157e+00
172	6.314018e-01	2.903102e-01	2.246702e+00
173	6.106811e-01	3.618999e-01	1.894968e+00
174	9.057804e-01	3.298530e-01	2.453835e+00
175	5.939575e-01	4.053105e-01	2.834880e+00
176	4.173732e-01	5.744149e-01	2.215437e+00
177	5.825037e-01	2.359146e-01	2.153884e+00
178	6.020522e-01	2.362905e-01	2.475330e+00
180	3.196561e-01	3.728258e-01	2.127504e+00
181	5.880785e-01	2.201738e-01	1.790425e+00
184	5.710612e-01	4.129774e-01	2.042501e+00
186	6.366036e-01	2.951940e-01	1.784563e+00
187	8.378169e-01	7.686452e-01	2.653151e+00
188	5.755512e-01	2.698853e-01	1.839277e+00
189	5.677423e-01	2.907825e-01	1.175867e+00
190	3.946472e-01	3.317141e-01	2.807523e+00
191	4.067985e-01	6.438647e-01	2.811431e+00
192	7.263487e-01	1.982196e-01	1.192477e+00
193	6.868298e-01	3.049732e-01	1.620420e+00
194	7.201416e-01	3.492475e-01	2.624817e+00
195	5.660236e-01	2.679042e-01	2.806546e+00
196	5.788373e-01	2.584569e-01	1.763068e+00
197	3.932841e-01	4.145984e-01	2.060088e+00
198	8.536661e-01	1.306459e-01	2.458720e+00
199	7.610835e-01	2.534235e-01	2.463605e+00
200	6.262950e-01	4.271461e-01	1.141671e+00
201	6.963873e-01	3.438008e-01	1.146556e+00
202	7.471547e-01	2.398395e-01	1.395701e+00
203	5.830812e-01	2.385906e-01	1.755252e+00
204	2.429643e-01	3.445163e-01	2.901319e+00
205	8.786767e-01	2.101840e-02	2.123596e+00
206	6.225107e-01	4.391475e-01	1.652662e+00
207	2.667293e-01	5.747495e-01	1.199316e+00
208	5.608715e-01	2.886853e-01	2.170493e+00
210	4.470757e-01	6.779326e-01	1.545188e+00
211	5.494540e-01	3.951440e-01	1.376160e+00
212	4.193060e-01	4.964265e-01	1.621397e+00
213	5.942742e-01	2.065174e-01	1.883244e+00
214	5.883096e-01	2.894776e-01	1.612604e+00
215	6.060427e-01	2.888495e-01	2.909135e+00
216	5.810207e-01	2.244140e-01	1.354665e+00
217	5.615475e-01	2.935322e-01	2.770396e+00
218	6.035298e-01	3.705286e-01	2.148999e+00
219	5.908460e-01	3.558658e-01	2.624817e+00
220	3.909705e-01	3.314291e-01	2.697118e+00
221	6.276077e-01	2.889569e-01	1.938935e+00
222	1.588852e-01	5.107470e-01	1.854910e+00
223	1.625036e-01	1.401534e-01	2.625794e+00
224	5.322253e-01	9.085645e-02	2.984367e+00
225	8.311810e-01	6.507853e-02	2.693210e+00
226	5.913561e-01	2.658640e-01	2.276014e+00
227	5.837803e-01	2.895902e-01	1.245237e+00
228	5.161581e-01	3.185123e-01	1.489497e+00
229	4.320986e-01	4.938940e-01	2.305325e+00
230	2.558680e-01	3.630423e-01	2.689301e+00
231	5.827731e-01	2.012192e-01	1.346849e+00
232	6.206962e-01	2.840075e-01	2.447973e+00
233	6.368812e-01	3.865532e-01	1.591109e+00
234	6.092972e-01	3.643523e-01	1.931119e+00
235	6.110982e-01	3.096965e-01	2.687347e+00
236	5.843339e-01	2.734450e-01	2.787982e+00
237	5.830357e-01	3.272937e-01	1.510015e+00
238	5.912949e-01	2.596278e-01	2.193942e+00
239	5.207615e-01	1.654566e-01	2.918906e+00
240	3.531010e-01	4.887757e-01	1.734734e+00
241	5.693149e-01	4.006234e-01	1.119199e+00
242	5.519141e-01	2.562942e-01	1.631168e+00
243	4.534691e-01	3.274965e-01	1.258915e+00
244	5.624378e-01	3.419976e-01	2.458720e+00
245	3.395016e-01	2.292852e-01	2.134343e+00
246	5.657346e-01	2.281776e-01	2.662921e+00
247	5.823138e-01	2.671916e-01	2.924768e+00
248	4.781464e-01	2.675386e-01	2.983390e+00
249	6.893960e-01	2.030331e-01	2.305325e+00
250	5.401253e-01	4.518370e-01	2.763556e+00
251	6.742594e-01	2.490622e-01	2.374695e+00
252	2.067900e-01	2.391402e-01	1.703468e+00
253	4.396728e-01	3.465216e-01	1.246214e+00
254	5.716890e-01	2.458151e-01	2.925745e+00
255	5.859808e-01	2.530675e-01	1.857841e+00
256	5.698452e-01	2.258660e-01	2.601368e+00
257	5.427158e-01	2.602632e-01	2.413776e+00
258	3.542523e-01	3.160800e-01	2.569126e+00
259	6.376099e-01	3.571288e-01	1.865657e+00
260	5.670475e-01	2.417932e-01	2.574988e+00
261	6.207577e-01	2.589853e-01	1.598925e+00
262	2.976857e-01	8.136446e-01	2.264289e+00
264	5.383594e-01	1.877503e-01	1.061553e+00
265	5.936344e-01	2.627471e-01	2.526136e+00
266	7.563964e-01	1.990316e-01	1.928188e+00
267	5.798221e-01	2.277812e-01	2.006351e+00
268	5.642324e-01	2.275136e-01	1.041036e+00
269	6.243763e-01	1.497622e-01	1.793356e+00
271	2.864279e-01	1.922984e-03	1.389839e+00
272	5.173385e-01	5.175516e-01	1.052760e+00
276	7.645595e-01	1.724420e-01	2.368832e+00
277	5.857887e-01	2.190614e-01	2.024915e+00
279	2.163099e-01	3.804566e-01	1.348803e+00
280	1.897297e-01	4.697182e-02	2.472399e+00
281	4.488417e-02	3.886175e-01	2.288715e+00
282	5.862544e-01	2.896587e-01	2.745970e+00
283	2.611469e-01	6.520568e-01	2.490962e+00
286	6.127792e-01	2.410963e-01	2.662921e+00
287	5.195352e-01	3.329439e-01	2.264289e+00
288	3.988140e-01	4.408078e-01	2.905227e+00
289	2.023817e-01	5.119984e-02	1.058622e+00
290	4.191868e-01	3.729418e-01	2.152907e+00
291	6.761815e-01	1.733350e-01	2.784074e+00
292	6.127538e-01	2.988994e-01	2.445042e+00
293	5.738987e-01	4.754602e-01	2.852467e+00
294	5.867546e-01	2.892309e-01	2.070835e+00
295	4.786639e-01	1.930344e-01	1.406448e+00
296	6.471653e-01	2.469156e-01	1.751343e+00
297	6.962203e-01	2.136571e-01	2.077675e+00
298	6.496986e-01	3.843275e-01	1.601856e+00
299	2.127508e-01	7.749018e-01	2.048363e+00
300	1.489612e-01	1.490061e-01	2.781143e+00
301	6.032005e-01	2.900676e-01	2.779189e+00
302	7.418306e-01	2.571706e-01	2.617978e+00
304	6.282060e-01	3.938836e-01	1.948705e+00
305	5.875898e-01	2.652986e-01	1.416219e+00
306	4.632460e-01	5.601719e-01	1.745481e+00
307	5.900005e-01	4.091087e-01	2.291646e+00
308	1.800789e-01	4.095193e-01	1.868588e+00
309	7.033624e-01	2.513990e-01	2.511480e+00
310	5.850650e-01	2.786752e-01	2.596483e+00
311	7.580443e-01	1.401784e-01	2.855398e+00
312	6.153116e-01	2.840594e-01	1.312653e+00
313	8.985769e-01	2.584928e-03	1.787494e+00
314	5.941763e-01	3.245962e-01	2.252565e+00
315	5.186753e-01	3.346055e-01	1.978017e+00
316	6.070570e-01	2.225879e-01	2.965804e+00
317	5.876442e-01	1.962726e-01	2.221299e+00
318	4.560631e-01	6.176755e-01	1.701514e+00
319	7.078004e-01	5.002370e-01	1.135809e+00
320	5.538301e-01	3.934435e-01	2.997069e+00
321	7.026205e-01	2.025104e-01	2.470445e+00
322	1.683951e-01	1.276414e-01	2.362970e+00
323	6.127288e-01	2.370099e-01	2.553493e+00
324	6.317619e-01	3.803387e-01	1.347826e+00
325	2.297617e-01	1.098609e-01	2.896434e+00
326	5.910702e-01	2.349345e-01	1.857841e+00
327	5.559220e-01	2.082945e-01	1.669272e+00
328	5.636669e-01	2.132968e-01	1.726917e+00
329	5.593195e-01	4.038628e-01	2.604299e+00
330	6.541891e-01	3.783939e-01	2.089399e+00
331	4.227825e-01	4.263817e-01	1.552027e+00
332	8.241637e-01	2.075254e-01	1.769907e+00
333	5.529278e-01	2.202916e-01	1.382022e+00
335	5.834590e-01	3.634078e-01	1.640938e+00
336	5.728183e-01	4.271645e-01	2.933561e+00
337	6.522472e-01	3.726526e-01	1.033219e+00
338	5.514968e-01	4.590844e-01	1.408403e+00
339	5.952142e-01	3.325616e-01	2.767465e+00
340	5.853659e-01	2.649293e-01	1.526624e+00
342	5.567272e-01	2.938079e-01	1.054714e+00
343	6.017578e-01	2.739229e-01	2.601368e+00
345	6.485815e-01	2.844607e-01	2.321935e+00
346	3.435368e-01	3.363212e-01	1.564729e+00
347	3.797560e-01	3.923682e-01	1.679043e+00
349	5.733719e-01	2.948297e-01	2.564240e+00
350	4.441697e-01	5.715433e-01	2.311187e+00
351	1.582641e-01	8.259377e-01	1.297997e+00
352	6.100782e-01	2.283577e-01	2.873962e+00
353	9.252798e-02	5.351380e-01	2.202736e+00
354	6.064749e-01	2.999339e-01	2.653151e+00
355	4.663435e-01	5.644644e-01	2.461651e+00
356	5.815827e-01	2.184494e-01	1.679043e+00
357	4.428954e-01	4.056657e-01	2.991207e+00
358	6.796606e-01	8.191657e-02	2.857352e+00
359	7.235127e-01	1.632592e-01	1.913532e+00
360	6.730665e-01	4.668920e-01	1.216903e+00
361	5.302126e-01	4.763754e-01	1.214949e+00
362	4.906915e-01	2.632915e-01	1.005862e+00
363	7.336329e-01	2.182547e-01	2.227162e+00
364	4.871160e-01	2.371143e-01	1.723009e+00
365	4.610653e-01	4.588795e-01	1.491451e+00
366	2.579898e-01	6.443249e-01	1.692721e+00
367	5.992677e-01	3.454031e-01	1.154372e+00
368	6.075069e-01	3.125544e-01	1.851001e+00
369	5.676889e-01	2.337866e-01	2.418661e+00
370	7.549851e-01	2.126467e-01	1.874450e+00
372	5.858545e-01	2.312412e-01	2.199805e+00
374	5.914590e-01	2.724471e-01	1.322423e+00
376	4.061924e-01	3.119289e-01	1.815828e+00
377	5.852060e-01	2.724659e-01	1.328285e+00
378	6.049972e-01	2.498548e-01	1.883244e+00
379	7.611572e-01	8.165989e-01	1.599902e+00
380	6.487981e-01	6.316238e-01	2.343429e+00
381	2.361797e-01	4.347872e-01	1.835369e+00
382	2.104994e-01	8.092510e-01	1.065462e+00
383	5.821737e-01	3.319645e-01	1.698583e+00
384	4.032475e-01	2.697408e-01	2.761602e+00
385	5.773984e-01	3.938795e-01	1.961407e+00
386	4.970947e-01	2.438081e-01	2.449927e+00
387	6.064600e-01	3.094007e-01	2.669761e+00
388	1.564641e-01	1.247636e-01	2.597460e+00
389	4.820867e-01	5.976354e-01	2.960918e+00
390	5.892768e-01	2.831164e-01	1.655594e+00
391	6.343672e-01	4.901903e-01	2.572057e+00
392	5.833311e-01	2.356394e-01	1.234489e+00
393	5.481008e-01	2.499534e-01	1.607719e+00
394	6.270373e-01	2.644202e-01	2.643381e+00
395	4.935837e-01	4.324882e-01	1.233512e+00
396	5.283712e-01	4.666920e-01	2.058134e+00
398	5.467743e-01	4.876961e-01	2.453835e+00
399	5.828204e-01	3.598117e-01	2.169516e+00
400	6.086112e-01	3.171186e-01	1.634099e+00
401	8.056804e-02	4.707352e-01	1.314607e+00
402	5.767256e-01	2.877428e-01	2.292623e+00
403	6.575752e-01	4.508165e-01	1.759160e+00
404	4.077537e-01	6.858455e-02	2.942355e+00
405	5.434105e-01	1.609483e-01	1.358574e+00
406	5.762372e-01	2.413610e-01	1.474841e+00
407	3.224508e-01	3.791057e-01	2.850513e+00
408	3.085143e-01	3.499598e-01	2.543723e+00
409	5.665193e-01	2.213110e-01	1.170005e+00
410	5.436581e-01	3.064757e-01	2.011236e+00
411	5.342932e-01	5.796161e-01	2.982413e+00
412	3.948253e-01	4.278034e-01	1.578407e+00
413	5.695186e-01	1.416365e-01	2.904250e+00
414	5.691863e-01	2.260616e-01	2.948217e+00
415	5.707571e-01	2.580938e-01	1.856864e+00
416	5.474214e-01	5.143122e-01	1.780655e+00
417	3.866987e-01	3.967032e-01	1.223742e+00
418	6.072273e-01	3.011524e-01	2.928676e+00
419	5.210879e-01	3.014524e-01	1.055691e+00
420	6.054617e-01	2.884556e-01	2.823156e+00
421	5.767810e-01	2.267431e-01	2.886663e+00
422	5.915811e-01	2.672378e-01	1.391793e+00
423	1.517235e-01	6.659091e-01	1.467025e+00
424	5.951072e-01	4.112565e-01	1.512946e+00
425	3.183480e-01	4.000579e-01	1.960430e+00
426	3.223886e-01	3.978265e-01	2.254519e+00
427	1.612565e-01	1.416681e-01	2.899365e+00
428	5.628721e-01	2.833657e-01	1.247191e+00
429	5.248631e-01	2.980656e-01	1.802149e+00
430	5.499895e-01	2.357197e-01	1.663410e+00
431	2.453513e-01	5.209754e-02	2.556424e+00
432	3.254308e-01	3.875995e-01	2.947240e+00
433	4.351481e-01	3.888112e-01	2.475330e+00
434	6.497263e-01	3.757153e-01	2.923791e+00
435	6.033280e-01	2.710562e-01	2.906204e+00
436	1.140716e-01	8.651355e-01	2.668784e+00
437	5.646449e-01	2.928010e-01	2.476307e+00
438	5.681147e-01	3.520323e-01	2.065950e+00
439	5.809781e-01	3.583873e-01	1.983879e+00
440	4.050213e-01	4.389671e-01	1.637030e+00
441	5.025612e-01	5.414261e-01	1.338056e+00
442	5.875672e-01	3.678856e-01	2.406937e+00
443	7.056496e-01	3.534105e-01	1.422081e+00
444	5.554227e-01	4.068532e-01	2.956033e+00
445	6.098341e-01	2.399321e-01	2.601368e+00
446	6.001221e-01	2.769576e-01	1.846116e+00
447	5.925164e-01	2.630666e-01	1.264778e+00
448	7.293243e-01	1.652323e-01	1.119199e+00
449	6.286405e-01	4.971040e-01	1.956522e+00
450	5.666257e-01	4.630091e-01	2.971666e+00
451	5.846490e-01	2.336303e-01	2.149976e+00
452	4.685733e-01	4.859255e-01	1.574499e+00
453	5.967889e-01	4.119081e-01	1.775769e+00
454	6.768965e-01	5.563929e-01	1.542257e+00
455	5.824505e-01	2.725469e-01	2.984367e+00
456	5.462162e-01	2.607760e-01	1.577430e+00
457	5.046865e-01	2.958192e-01	2.955056e+00
458	6.506989e-01	5.766577e-01	2.865169e+00
459	2.767193e-01	5.588396e-01	1.672203e+00
462	5.958457e-01	4.079530e-01	1.853933e+00
463	2.136873e-01	2.769244e-01	2.858329e+00
464	4.911508e-01	2.440986e-01	1.574499e+00
465	7.511952e-01	2.022934e-01	1.432829e+00
466	5.661629e-01	3.274407e-01	1.500244e+00
468	5.721408e-01	2.664298e-01	2.147044e+00
469	6.107667e-01	2.918227e-01	2.698095e+00
470	5.714942e-01	2.945824e-01	1.364436e+00
471	6.875886e-01	5.352616e-02	2.076698e+00
472	5.683873e-01	2.770780e-01	2.011236e+00
474	6.107678e-01	2.962167e-01	2.299463e+00
475	6.270667e-01	2.450872e-01	1.683928e+00
476	5.653373e-01	2.804843e-01	2.081583e+00
477	4.285980e-01	1.284158e-01	2.350269e+00
478	4.131449e-01	3.706658e-01	2.728383e+00
479	6.202508e-01	3.141389e-01	1.194431e+00
480	4.533721e-01	2.824990e-01	2.515388e+00
481	5.267315e-01	4.765869e-01	1.865657e+00
483	6.369368e-01	3.144220e-01	1.367367e+00
484	5.292028e-01	3.826273e-01	1.148510e+00
486	6.118076e-01	3.124965e-01	2.196873e+00
487	5.838761e-01	4.337637e-01	2.386419e+00
488	8.761459e-01	1.629209e-01	1.294089e+00
489	5.465901e-01	2.361523e-01	1.687836e+00
490	7.504698e-01	2.111267e-01	1.146556e+00
491	5.958235e-01	6.016307e-01	1.597948e+00
492	7.340423e-01	1.954551e-01	2.412799e+00
493	8.785019e-01	1.027652e-01	1.227650e+00
494	3.604599e-01	2.927517e-01	2.522228e+00
495	6.568399e-01	2.592392e-01	1.437714e+00
496	5.732616e-01	2.608019e-01	1.523693e+00
497	6.054981e-01	2.478414e-01	1.221788e+00
498	1.976260e-01	2.033495e-01	1.652662e+00
499	4.895954e-01	2.655943e-01	1.269663e+00
500	6.265717e-01	2.650032e-01	2.967758e+00
501	6.064905e-01	3.007706e-01	2.546654e+00
502	1.157492e-01	7.679045e-01	1.818759e+00
503	6.207897e-01	2.717475e-01	1.919394e+00
504	5.612114e-01	2.936015e-01	2.563263e+00
505	4.231657e-01	8.895280e-01	1.451392e+00
506	1.912135e-01	3.895592e-01	1.718124e+00
507	5.985228e-01	2.665577e-01	1.207132e+00
508	5.810751e-01	2.307596e-01	1.236444e+00
509	5.731887e-01	2.470144e-01	2.622863e+00
510	4.453605e-01	5.724415e-01	2.549585e+00
511	6.262431e-01	2.576375e-01	2.966781e+00
512	6.201767e-01	4.433826e-02	2.395213e+00
513	2.856248e-01	3.017966e-01	1.534441e+00
515	7.142422e-01	2.848671e-01	1.610650e+00
516	9.053712e-01	9.774571e-02	1.612604e+00
517	5.787143e-01	2.769180e-01	1.086957e+00
518	6.035348e-01	3.707940e-01	2.282853e+00
519	1.998690e-01	1.323330e-01	1.573522e+00
520	5.667946e-01	3.558500e-01	2.497802e+00
521	5.480477e-01	3.301844e-01	1.752320e+00
522	3.707385e-01	4.719652e-01	1.589155e+00
523	7.316852e-01	1.772717e-01	1.209086e+00
524	5.605258e-01	2.833805e-01	2.755740e+00
525	2.950928e-01	3.555558e-01	1.499267e+00
526	5.813988e-01	2.638073e-01	1.014656e+00
527	6.302113e-01	1.472204e-01	2.891549e+00
528	5.541226e-01	1.856323e-01	2.478261e+00
529	6.626145e-01	3.548024e-01	1.898876e+00
530	5.666921e-01	2.887505e-01	1.188569e+00
531	5.781919e-01	2.613615e-01	2.785051e+00
532	6.086560e-01	2.931884e-01	2.945286e+00
533	5.388809e-01	2.425369e-01	2.458720e+00
534	3.345644e-01	2.380008e-01	2.673669e+00
535	5.793901e-01	2.357450e-01	1.399609e+00
536	5.977935e-01	2.548661e-01	2.604299e+00
537	2.481870e-01	4.031349e-01	1.529555e+00
538	5.758012e-01	3.505883e-01	2.823156e+00
539	2.194688e-01	2.496836e-02	2.826087e+00
540	7.243446e-01	2.345911e-01	2.844651e+00
541	4.255082e-01	5.426754e-01	2.290669e+00
542	1.949283e-01	3.407968e-01	2.570103e+00
543	6.068334e-01	2.562218e-01	2.396190e+00
544	4.695854e-01	5.945140e-01	1.318515e+00
545	6.213826e-01	3.936048e-01	2.605276e+00
546	6.328498e-01	3.500590e-01	2.683439e+00
547	2.293522e-01	2.433034e-01	1.587201e+00
548	7.096840e-01	2.148281e-01	1.375183e+00
549	5.845763e-01	2.950034e-01	2.298486e+00
551	6.234409e-01	3.016410e-01	2.983390e+00
553	5.669645e-01	2.403848e-01	2.414753e+00
554	7.826034e-02	4.585233e-01	1.843185e+00
555	3.271085e-01	5.910303e-01	2.396190e+00
556	6.445630e-01	3.516006e-01	3.000000e+00
557	5.749910e-01	3.284457e-01	2.728383e+00
558	6.106014e-01	4.022111e-01	1.133854e+00
559	6.029311e-01	3.026470e-01	1.944797e+00
560	3.240036e-01	2.557629e-01	2.883732e+00
561	5.930264e-01	4.092761e-01	2.383488e+00
562	4.430074e-02	5.336926e-01	2.506595e+00
563	1.865098e-01	4.449771e-01	1.786517e+00
564	4.572834e-01	5.803378e-01	2.893503e+00
565	5.916428e-01	2.557802e-01	2.981436e+00
566	1.756136e-01	2.536659e-02	2.663898e+00
567	5.701546e-01	2.838539e-01	2.227162e+00
568	3.766380e-01	3.800440e-01	1.527601e+00
569	1.184266e-01	2.342240e-01	2.610161e+00
570	6.690479e-01	2.680098e-01	1.058622e+00
571	5.743989e-01	5.016212e-01	2.782120e+00
572	4.702656e-01	5.164182e-01	1.518808e+00
573	5.626400e-01	3.267752e-01	2.109917e+00
574	5.727516e-01	2.171279e-01	2.074744e+00
575	5.442077e-01	2.278127e-01	2.319003e+00
576	2.735052e-01	1.260337e-01	1.290181e+00
577	5.488825e-01	2.309284e-01	1.286273e+00
578	6.981813e-01	6.601180e-01	1.881290e+00
579	8.780969e-01	5.181491e-01	1.664387e+00
580	1.970533e-01	8.428390e-01	1.242306e+00
581	7.784836e-01	1.927691e-01	1.927211e+00
582	5.782766e-01	2.612559e-01	2.820225e+00
583	4.535976e-01	5.838927e-01	2.792868e+00
584	4.564207e-01	1.187701e-01	1.201270e+00
585	8.553622e-01	3.271716e-01	1.898876e+00
586	5.595498e-01	2.797392e-01	1.782609e+00
587	2.242132e-01	3.345439e-01	1.561798e+00
588	6.121307e-01	2.872546e-01	2.282853e+00
589	5.455226e-01	2.319023e-01	2.210552e+00
590	5.848087e-01	2.392349e-01	1.020518e+00
591	7.176548e-01	2.250110e-01	1.784563e+00
592	2.991207e-01	3.828792e-01	1.275525e+00
593	5.648664e-01	2.234820e-01	1.212995e+00
594	7.601067e-01	2.540653e-01	2.964827e+00
595	5.875572e-01	2.801781e-01	2.079629e+00
596	4.175946e-01	3.988018e-01	1.187592e+00
597	4.350140e-01	5.953595e-01	1.258915e+00
598	1.205224e-01	4.487023e-01	1.999511e+00
599	5.734429e-01	2.883091e-01	1.264778e+00
600	6.400927e-01	3.025646e-01	1.110405e+00
601	1.299840e-01	1.550159e-01	1.107474e+00
602	1.792408e-01	7.424072e-01	1.070347e+00
603	6.085396e-01	3.586859e-01	2.400098e+00
604	6.516144e-01	3.702031e-01	2.871031e+00
605	5.866679e-01	2.760739e-01	2.739130e+00
606	5.686825e-01	2.870026e-01	2.061065e+00
607	7.560559e-01	1.701423e-01	1.073278e+00
608	6.369551e-01	2.615798e-01	2.799707e+00
609	3.244319e-01	6.126318e-01	2.010259e+00
610	6.220643e-01	3.042548e-01	1.700537e+00
611	5.831462e-01	3.122215e-01	1.339033e+00
612	6.148901e-01	3.450904e-01	2.227162e+00
613	6.197704e-01	3.937659e-01	2.482169e+00
614	5.919782e-01	2.948609e-01	2.958964e+00
615	6.199055e-01	2.301286e-01	1.443576e+00
616	3.887280e-01	3.499464e-01	2.381534e+00
617	6.704700e-01	3.724553e-01	1.971177e+00
618	5.800875e-01	2.189853e-01	2.960918e+00
619	2.081006e-01	1.230665e-01	1.812897e+00
620	1.637212e-01	9.082958e-02	1.170982e+00
621	3.788235e-01	3.588054e-01	1.277479e+00
622	6.711161e-01	5.984323e-01	1.176844e+00
623	6.630765e-01	3.606309e-01	1.636053e+00
624	7.494821e-01	2.401169e-01	2.336590e+00
625	6.006512e-01	3.647988e-01	1.343918e+00
626	5.878218e-01	2.765489e-01	1.905716e+00
627	7.448056e-01	1.969321e-01	1.784563e+00
628	5.809511e-01	2.715449e-01	2.063996e+00
629	5.627358e-01	3.238702e-01	2.497802e+00
630	6.531364e-01	3.440177e-01	2.870054e+00
631	3.127361e-01	2.817381e-01	1.729849e+00
632	5.091673e-01	8.809338e-01	2.290669e+00
633	5.797770e-01	3.926618e-01	2.841720e+00
634	5.683385e-01	2.588631e-01	2.195896e+00
635	1.765310e-01	2.439270e-02	1.601856e+00
636	3.956090e-01	4.269313e-01	2.449927e+00
637	4.992465e-01	3.020524e-01	1.462140e+00
638	5.848279e-01	3.398508e-01	2.041524e+00
639	5.844430e-01	2.736514e-01	2.061065e+00
641	9.103259e-01	4.570933e-02	2.205667e+00
642	5.728178e-01	2.666414e-01	2.184172e+00
643	7.148805e-01	2.110165e-01	2.747924e+00
644	3.057094e-01	3.959711e-01	2.909135e+00
645	5.700362e-01	2.356914e-01	2.777235e+00
646	5.762691e-01	3.232957e-01	1.295066e+00
647	6.371319e-01	2.171969e-01	1.050806e+00
649	5.571870e-01	3.932782e-01	1.198339e+00
650	3.518404e-01	6.166488e-01	2.656082e+00
651	2.259951e-01	2.483629e-01	1.692721e+00
652	9.667703e-01	8.125843e-03	2.330728e+00
653	5.956211e-01	4.153904e-01	1.906693e+00
654	1.347676e-01	3.921079e-01	2.192965e+00
655	5.376799e-01	4.231336e-01	1.200293e+00
656	5.636278e-01	2.966420e-01	2.361016e+00
657	3.606059e-01	4.238127e-01	2.080606e+00
658	5.903302e-01	2.933034e-01	2.017098e+00
659	6.198509e-01	4.398743e-01	2.191011e+00
660	3.235760e-01	3.754710e-01	1.667318e+00
661	3.266559e-01	4.257795e-01	2.229116e+00
662	7.378301e-01	2.592385e-01	1.188569e+00
663	3.503505e-01	2.131733e-01	2.714704e+00
664	5.923731e-01	3.670689e-01	1.979971e+00
665	2.551545e-01	5.587163e-01	2.954079e+00
666	5.188444e-01	1.325005e-01	1.803127e+00
667	5.167798e-01	3.394137e-01	1.039082e+00
668	2.284916e-01	5.169103e-01	1.893014e+00
669	1.609506e-01	1.472730e-01	1.778701e+00
670	2.063663e-01	8.880981e-01	1.807035e+00
671	5.473468e-01	2.675409e-01	1.102589e+00
672	7.357377e-01	2.318469e-01	1.879336e+00
673	7.347213e-01	2.257021e-01	1.984856e+00
674	5.758709e-01	3.375044e-01	2.238886e+00
675	4.296300e-01	6.709246e-01	2.868100e+00
676	5.816434e-01	2.877310e-01	2.748901e+00
677	3.237599e-01	4.123878e-01	1.578407e+00
678	6.145308e-01	2.440233e-01	1.621397e+00
679	5.855225e-01	3.960357e-01	2.657059e+00
680	1.567221e-01	4.054248e-01	2.404983e+00
681	2.806880e-01	1.119584e-01	2.272106e+00
682	3.589042e-01	3.648055e-01	1.463117e+00
683	2.327809e-01	3.114412e-01	2.316072e+00
684	5.816057e-01	2.836228e-01	2.334636e+00
685	5.307678e-01	4.012930e-01	1.365413e+00
686	3.980779e-01	4.220338e-01	2.105032e+00
687	7.108510e-01	2.362704e-01	1.339033e+00
688	5.879976e-01	2.708149e-01	2.932584e+00
689	6.143837e-01	2.853225e-01	2.378603e+00
690	5.804104e-01	2.572906e-01	1.833415e+00
691	6.509753e-01	3.518077e-01	1.663410e+00
692	5.347657e-01	4.907514e-01	2.251588e+00
693	3.152202e-01	3.392616e-01	1.766976e+00
694	4.532247e-01	5.741463e-01	1.575476e+00
695	4.921529e-01	4.352118e-01	2.771373e+00
696	3.740884e-01	3.691848e-01	2.787005e+00
697	5.759129e-01	2.583055e-01	1.959453e+00
698	5.552770e-01	2.405285e-01	2.187103e+00
699	5.665241e-01	2.420953e-01	2.430386e+00
700	5.673930e-01	2.662819e-01	2.679531e+00
701	6.727030e-01	3.510325e-01	2.191988e+00
702	5.510403e-01	2.438869e-01	2.945286e+00
703	5.635357e-01	2.928374e-01	2.793845e+00
704	5.617480e-01	2.442066e-01	2.132389e+00
705	4.536736e-01	6.374277e-01	1.627259e+00
706	5.827403e-01	2.945578e-01	1.623351e+00
707	5.635717e-01	2.802138e-01	2.772350e+00
708	5.944379e-01	3.128599e-01	1.552027e+00
709	9.556633e-02	7.094990e-01	1.180752e+00
710	4.030986e-01	5.292523e-01	1.632145e+00
711	1.859934e-01	1.689697e-01	1.680997e+00
713	5.903602e-01	3.853366e-01	1.703468e+00
714	5.508598e-01	2.729068e-01	1.471910e+00
715	8.842361e-02	4.304960e-01	2.368832e+00
716	5.382635e-01	3.346235e-01	1.961407e+00
717	5.771079e-01	2.868807e-01	1.756229e+00
718	5.584175e-01	1.596895e-01	2.987298e+00
719	5.908621e-01	2.935804e-01	2.332682e+00
720	5.761072e-01	2.327398e-01	1.097704e+00
722	5.727229e-01	2.613965e-01	1.704446e+00
723	5.850949e-01	2.712763e-01	1.853933e+00
724	6.029356e-01	2.699903e-01	2.829995e+00
725	7.499239e-01	2.184805e-01	2.232047e+00
726	3.306959e-01	4.108582e-01	2.587689e+00
727	2.147295e-01	3.820505e-01	2.698095e+00
729	8.279663e-01	4.485033e-02	1.212995e+00
730	1.271301e-01	7.643100e-01	1.502198e+00
731	5.909868e-01	2.754143e-01	2.614069e+00
732	3.570199e-01	2.878368e-01	2.880801e+00
733	6.054468e-01	2.699408e-01	1.956522e+00
734	6.014184e-01	2.663237e-01	2.745970e+00
735	2.097505e-01	8.761852e-01	1.179775e+00
736	7.567149e-01	2.003519e-01	1.935027e+00
737	5.788908e-01	3.041480e-01	1.975085e+00
738	5.799011e-01	2.791575e-01	1.067416e+00
739	5.738620e-01	3.483034e-01	2.024915e+00
740	4.520968e-01	5.703596e-01	2.810454e+00
741	5.547797e-01	4.067038e-01	2.428432e+00
742	5.689385e-01	3.674258e-01	1.957499e+00
743	9.675891e-01	1.516668e-01	2.306302e+00
744	5.932289e-01	2.560048e-01	2.557401e+00
745	3.844175e-01	6.717170e-01	1.243283e+00
746	5.643472e-01	3.858468e-01	2.429409e+00
747	5.298544e-01	2.378448e-01	2.523205e+00
748	7.355344e-01	1.277125e-01	2.842697e+00
749	5.684160e-01	2.320585e-01	2.247680e+00
750	5.720612e-01	1.871749e-01	2.000489e+00
751	5.989137e-01	2.930536e-01	2.446019e+00
752	6.231889e-01	2.730404e-01	2.360039e+00
754	5.798694e-01	2.087847e-01	2.415730e+00
755	5.854780e-01	2.387963e-01	1.989741e+00
756	6.077346e-01	2.716017e-01	2.908158e+00
757	5.890228e-01	3.865969e-01	2.731314e+00
758	5.867951e-01	2.707532e-01	2.544700e+00
759	5.834497e-01	3.812854e-01	2.890572e+00
760	5.922486e-01	2.734571e-01	1.654617e+00
761	5.298689e-01	3.051903e-01	1.008793e+00
762	3.300782e-01	3.895114e-01	1.260870e+00
763	2.225336e-01	1.759869e-02	1.347826e+00
764	5.214079e-01	1.883908e-01	1.325354e+00
765	6.091006e-01	2.231891e-01	1.420127e+00
766	8.628474e-01	1.072309e-01	2.845628e+00
767	5.158842e-01	2.988182e-01	1.853933e+00
768	6.118752e-01	2.846916e-01	1.303859e+00
769	1.873254e-01	1.096804e-01	1.294089e+00
770	4.191051e-01	5.495965e-01	1.675134e+00
771	6.250093e-01	2.380083e-01	2.417684e+00
772	6.089405e-01	3.137877e-01	2.053249e+00
773	5.811938e-01	2.638325e-01	1.276502e+00
774	6.536102e-01	3.516486e-01	2.779189e+00
776	1.329751e-01	4.564372e-01	2.295554e+00
777	5.675191e-01	2.362360e-01	1.652662e+00
778	5.807946e-01	3.935492e-01	2.464582e+00
779	5.907010e-01	2.740533e-01	1.763068e+00
780	7.183851e-01	2.727709e-01	2.026869e+00
781	5.783518e-01	2.420239e-01	1.160234e+00
782	5.885769e-01	3.969896e-01	2.302394e+00
783	3.670913e-01	4.920491e-01	1.384954e+00
784	6.463206e-01	3.767700e-01	2.598437e+00
785	5.906527e-01	2.318005e-01	2.130435e+00
786	7.394533e-01	2.516229e-01	1.690767e+00
787	3.717012e-01	3.234648e-01	1.940889e+00
788	5.377251e-01	1.830149e-01	2.099170e+00
