768
0	1.134407e-01	2.132085e-01	1.398632e+00
1	5.219608e-01	5.411875e-01	1.108451e+00
2	4.667445e-01	4.524757e-01	2.925745e+00
3	4.738188e-01	5.051044e-01	2.732291e+00
4	3.144326e-01	3.628944e-01	1.257938e+00
5	4.178805e-01	4.865106e-01	2.424524e+00
6	8.090172e-01	9.548488e-01	1.383000e+00
7	4.679889e-01	5.015196e-01	2.705911e+00
8	4.843606e-01	5.215298e-01	2.442110e+00
9	4.733699e-01	5.167911e-01	2.233024e+00
10	5.294125e-01	6.117255e-01	2.376649e+00
11	4.707685e-01	5.139254e-01	1.556913e+00
12	4.162330e-01	4.053003e-01	2.950171e+00
13	4.399317e-01	4.690790e-01	1.066439e+00
14	4.701969e-01	5.185858e-01	1.626282e+00
15	4.428755e-01	7.937437e-01	1.306790e+00
16	4.715330e-01	5.172676e-01	2.902296e+00
17	4.732932e-01	4.286668e-01	1.195408e+00
18	5.295005e-01	5.295199e-01	1.785540e+00
19	4.632119e-01	5.150935e-01	1.248168e+00
20	5.096218e-01	5.119054e-01	1.863703e+00
21	4.596650e-01	4.829148e-01	2.671715e+00
22	4.694672e-01	5.199796e-01	2.487054e+00
23	4.466715e-01	7.235904e-01	1.946751e+00
24	4.354495e-01	4.420020e-01	1.303859e+00
25	7.200640e-01	7.068032e-01	2.152907e+00
26	4.617762e-01	5.309133e-01	1.388862e+00
27	4.717645e-01	4.766674e-01	1.591109e+00
28	4.852595e-01	6.192940e-01	2.205667e+00
29	4.775540e-01	5.407609e-01	2.181241e+00
30	5.143319e-01	6.897971e-01	1.475818e+00
31	5.252562e-01	4.120476e-01	2.309233e+00
32	4.603650e-01	4.984569e-01	2.073766e+00
33	6.403328e-01	7.252346e-01	2.331705e+00
34	4.717140e-01	4.822724e-01	1.126038e+00
35	5.679047e-01	5.796896e-01	2.235955e+00
36	1.781611e-01	5.589233e-01	2.805569e+00
37	5.662404e-01	6.566670e-01	2.555447e+00
38	4.857538e-01	5.425017e-01	2.559355e+00
39	4.742480e-01	5.375069e-01	1.895945e+00
40	3.801608e-01	4.747566e-01	1.282364e+00
41	5.550710e-01	6.018494e-01	2.750855e+00
42	4.646522e-01	5.129790e-01	2.412799e+00
43	4.884625e-01	5.289858e-01	2.557401e+00
44	4.984315e-01	3.719831e-01	1.648754e+00
45	4.453582e-01	5.268724e-01	1.721055e+00
46	4.767082e-01	5.901820e-01	2.588666e+00
47	4.597219e-01	5.254873e-01	1.525647e+00
48	4.739698e-01	5.113706e-01	2.751832e+00
49	5.036807e-01	6.862280e-01	2.625794e+00
50	4.599330e-01	6.105008e-01	1.663410e+00
51	4.761797e-01	5.228158e-01	2.560332e+00
52	4.681292e-01	5.055595e-01	1.696629e+00
53	4.592964e-01	5.337988e-01	1.506106e+00
54	4.705372e-01	5.226840e-01	2.675623e+00
55	4.767320e-01	4.442480e-01	2.497802e+00
56	5.604571e-01	6.713584e-01	1.031265e+00
57	4.697656e-01	5.699388e-01	2.361993e+00
58	4.895563e-01	4.496645e-01	1.866634e+00
60	7.541905e-01	7.618934e-01	1.503175e+00
61	4.354534e-01	4.932422e-01	2.449927e+00
62	4.748299e-01	5.132173e-01	2.831949e+00
63	4.771477e-01	5.280529e-01	2.317049e+00
64	4.428964e-01	5.094855e-01	2.353200e+00
65	4.726898e-01	5.203980e-01	2.575965e+00
66	5.145246e-01	4.478283e-01	2.922814e+00
67	5.345865e-01	5.867907e-01	2.289692e+00
68	4.540229e-01	4.184565e-01	2.766488e+00
69	5.731410e-01	5.531594e-01	1.522716e+00
70	5.396336e-01	4.836671e-01	2.769419e+00
71	4.613716e-01	4.771953e-01	1.110405e+00
72	4.260737e-01	4.672133e-01	1.412311e+00
73	5.328104e-01	7.076039e-01	1.951637e+00
74	4.556501e-01	7.089686e-01	1.449438e+00
75	5.451451e-01	5.711249e-01	2.176356e+00
76	4.463163e-01	4.498218e-01	1.212995e+00
77	4.868271e-01	4.960229e-01	1.872496e+00
78	4.827982e-01	5.506511e-01	1.606742e+00
79	4.906618e-01	3.645921e-01	1.183683e+00
80	4.672150e-01	4.685401e-01	2.736199e+00
81	4.738638e-01	5.175257e-01	1.617489e+00
82	4.478182e-01	4.783755e-01	2.456766e+00
83	5.806021e-01	6.432861e-01	1.406448e+00
84	3.114728e-01	4.586488e-01	2.453835e+00
85	4.721309e-01	5.201695e-01	2.712750e+00
86	4.703659e-01	5.131883e-01	2.877870e+00
87	5.022159e-01	4.034475e-01	1.533464e+00
88	4.618423e-01	3.361254e-01	2.169516e+00
89	3.124762e-01	4.115859e-01	2.483146e+00
90	4.281736e-01	4.654434e-01	1.538349e+00
91	4.939628e-01	5.184682e-01	1.117245e+00
92	4.546506e-01	5.059243e-01	2.709819e+00
93	4.895479e-01	4.865625e-01	2.929653e+00
94	4.765070e-01	3.693296e-01	2.125550e+00
95	5.009622e-01	5.063366e-01	2.148999e+00
96	4.566145e-01	5.334707e-01	1.206155e+00
98	4.780370e-01	5.304049e-01	1.997557e+00
99	5.410115e-01	5.505241e-01	1.753298e+00
100	4.873512e-01	5.061813e-01	1.491451e+00
101	4.689173e-01	5.193044e-01	2.381534e+00
102	4.660737e-01	5.161357e-01	1.837323e+00
103	5.133521e-01	3.791110e-01	2.723498e+00
104	4.711815e-01	2.906096e-01	1.216903e+00
105	4.690283e-01	4.642592e-01	1.385931e+00
107	4.779196e-01	5.178759e-01	1.887152e+00
108	4.072620e-01	5.993380e-01	1.869565e+00
109	3.763804e-01	5.758573e-01	2.657059e+00
110	4.769152e-01	4.822361e-01	1.905716e+00
111	4.952975e-01	4.660059e-01	2.319980e+00
113	5.517606e-01	3.318489e-01	1.155349e+00
114	4.735494e-01	5.218531e-01	1.261847e+00
115	4.472717e-01	4.482635e-01	1.308745e+00
116	6.316361e-01	2.593149e-01	1.148510e+00
117	5.069038e-01	5.628274e-01	1.865657e+00
118	4.521106e-01	4.578818e-01	2.988276e+00
119	4.315716e-01	6.109081e-01	1.479726e+00
120	5.238948e-01	5.959441e-01	2.095261e+00
121	5.304857e-01	6.411267e-01	2.442110e+00
122	6.466101e-01	6.155631e-01	1.070347e+00
123	4.895897e-01	4.495137e-01	1.417196e+00
124	4.650312e-01	4.997462e-01	2.817294e+00
126	5.258191e-01	5.322357e-01	2.738153e+00
127	4.824975e-01	4.386780e-01	2.338544e+00
128	5.512001e-01	6.517755e-01	1.282364e+00
129	4.586291e-01	4.974184e-01	2.676600e+00
130	5.510030e-01	6.515273e-01	2.443087e+00
132	4.928919e-01	4.647457e-01	1.220811e+00
133	2.840088e-01	6.509707e-01	2.407914e+00
134	4.455597e-01	6.134147e-01	2.277968e+00
135	4.714777e-01	5.205481e-01	2.409868e+00
136	4.311122e-01	4.781520e-01	2.083537e+00
137	5.373097e-01	5.422214e-01	2.286761e+00
138	6.894954e-01	2.807702e-01	1.194431e+00
139	4.724030e-01	5.222683e-01	2.818271e+00
140	4.773636e-01	4.272903e-01	2.827064e+00
141	5.084910e-01	5.376769e-01	1.684905e+00
142	4.807368e-01	5.187075e-01	1.999511e+00
143	4.761795e-01	5.152672e-01	1.956522e+00
144	4.791866e-01	5.130192e-01	2.323889e+00
145	4.200236e-01	4.875936e-01	2.501710e+00
146	3.689401e-01	3.810560e-01	2.395213e+00
147	3.893018e-01	5.562412e-01	2.719590e+00
148	4.713827e-01	5.176505e-01	2.937469e+00
149	5.269363e-01	5.535767e-01	2.803615e+00
150	4.888989e-01	5.840064e-01	1.794333e+00
151	4.871836e-01	4.930071e-01	2.611138e+00
152	5.226231e-01	5.661391e-01	1.724963e+00
153	4.617538e-01	5.248030e-01	1.983879e+00
154	4.704187e-01	5.186043e-01	2.181241e+00
155	4.933988e-01	6.477660e-01	1.295066e+00
156	5.395878e-01	6.146495e-01	1.970200e+00
157	4.575484e-01	5.331147e-01	2.387396e+00
158	5.698653e-01	6.121036e-01	2.386419e+00
159	6.048364e-01	4.504749e-01	2.647289e+00
160	4.832991e-01	5.183525e-01	1.686859e+00
161	4.729264e-01	5.203472e-01	1.553981e+00
162	4.235367e-01	4.124889e-01	1.764045e+00
163	3.353920e-01	2.799638e-01	1.632145e+00
164	4.723903e-01	5.148038e-01	1.235467e+00
165	4.641805e-01	4.946077e-01	2.251588e+00
166	4.747359e-01	4.679986e-01	1.751343e+00
167	4.228462e-01	5.764786e-01	1.715193e+00
168	4.700673e-01	5.171830e-01	2.109917e+00
169	4.809659e-01	5.933836e-01	2.137274e+00
170	6.034443e-01	5.042360e-01	2.099170e+00
171	4.510793e-01	4.235238e-01	2.057157e+00
172	4.851783e-01	5.443196e-01	2.246702e+00
173	4.802657e-01	5.592191e-01	1.894968e+00
174	3.753172e-01	4.733233e-01	2.453835e+00
175	4.532616e-01	5.030026e-01	2.834880e+00
176	4.379268e-01	6.638755e-01	2.215437e+00
177	4.683364e-01	4.826826e-01	2.153884e+00
178	4.649190e-01	5.229200e-01	2.475330e+00
179	4.821667e-01	4.809761e-01	1.274548e+00
180	4.271869e-01	4.630483e-01	2.127504e+00
181	4.742342e-01	4.950791e-01	1.790425e+00
182	2.612368e-01	3.526833e-01	1.736688e+00
183	5.210194e-01	4.018846e-01	1.692721e+00
184	4.412783e-01	3.829867e-01	2.042501e+00
185	6.167934e-01	5.226725e-01	1.468979e+00
186	4.437755e-01	5.560062e-01	1.784563e+00
188	4.883467e-01	5.831350e-01	1.839277e+00
189	4.913781e-01	5.214669e-01	1.175867e+00
190	3.418438e-01	5.355235e-01	2.807523e+00
191	3.946108e-01	3.315637e-01	2.811431e+00
192	4.210083e-01	5.699029e-01	1.192477e+00
193	3.436545e-01	5.687604e-01	1.620420e+00
194	4.209757e-01	4.679741e-01	2.624817e+00
195	4.710967e-01	5.141417e-01	2.806546e+00
196	5.163970e-01	5.767704e-01	1.763068e+00
197	5.669573e-01	5.470855e-01	2.060088e+00
198	4.079380e-01	6.662811e-01	2.458720e+00
199	4.783574e-01	5.776835e-01	2.463605e+00
200	7.154866e-01	6.935438e-01	1.141671e+00
201	4.585203e-01	5.240536e-01	1.146556e+00
202	5.017868e-01	5.592844e-01	1.395701e+00
203	4.112229e-01	6.033510e-01	1.755252e+00
204	4.906373e-01	5.768984e-01	2.901319e+00
205	4.042096e-01	4.040266e-01	2.123596e+00
206	4.942873e-01	3.967275e-01	1.652662e+00
207	4.496337e-01	4.831284e-01	1.199316e+00
208	4.772881e-01	5.399985e-01	2.170493e+00
209	4.466814e-01	7.218379e-01	2.733268e+00
210	4.772730e-01	5.232316e-01	1.545188e+00
211	5.136876e-01	5.134909e-01	1.376160e+00
212	4.786636e-01	4.821277e-01	1.621397e+00
213	4.825257e-01	5.164949e-01	1.883244e+00
214	4.577208e-01	5.083491e-01	1.612604e+00
215	5.173204e-01	5.126972e-01	2.909135e+00
216	4.803809e-01	5.324188e-01	1.354665e+00
217	4.891364e-01	5.313346e-01	2.770396e+00
218	4.617749e-01	6.007870e-01	2.148999e+00
219	4.705566e-01	5.237991e-01	2.624817e+00
220	4.958861e-01	4.510616e-01	2.697118e+00
221	5.011913e-01	5.286149e-01	1.938935e+00
222	3.223498e-01	2.195648e-01	1.854910e+00
223	3.867674e-01	4.718188e-01	2.625794e+00
224	4.648979e-01	3.052934e-01	2.984367e+00
225	5.004015e-01	5.561023e-01	2.693210e+00
226	4.657029e-01	4.954234e-01	2.276014e+00
227	5.033540e-01	5.467742e-01	1.245237e+00
228	4.751696e-01	5.132290e-01	1.489497e+00
229	4.793682e-01	5.180002e-01	2.305325e+00
230	4.817897e-01	5.370052e-01	2.689301e+00
231	4.886206e-01	5.896160e-01	1.346849e+00
232	4.997417e-01	5.666463e-01	2.447973e+00
233	4.839076e-01	4.682409e-01	1.591109e+00
234	5.112497e-01	4.724182e-01	1.931119e+00
235	5.134690e-01	5.536183e-01	2.687347e+00
236	4.711819e-01	5.174626e-01	2.787982e+00
237	4.754038e-01	5.359069e-01	1.510015e+00
238	4.635081e-01	4.928163e-01	2.193942e+00
239	4.553789e-01	4.650751e-01	2.918906e+00
240	5.001525e-01	5.923774e-01	1.734734e+00
241	4.514901e-01	5.887934e-01	1.119199e+00
242	5.456657e-01	5.204785e-01	1.631168e+00
243	4.748916e-01	4.647199e-01	1.258915e+00
244	4.621648e-01	5.113035e-01	2.458720e+00
245	4.364478e-01	3.606081e-01	2.134343e+00
246	4.795761e-01	5.168240e-01	2.662921e+00
247	4.637119e-01	5.251394e-01	2.924768e+00
248	4.216036e-01	4.564777e-01	2.983390e+00
250	7.625019e-01	7.363480e-01	2.763556e+00
251	5.303416e-01	5.185070e-01	2.374695e+00
252	5.148313e-01	6.091678e-01	1.703468e+00
253	5.433987e-01	6.221417e-01	1.246214e+00
254	4.455584e-01	4.575060e-01	2.925745e+00
255	4.987376e-01	5.378718e-01	1.857841e+00
256	4.696456e-01	5.213061e-01	2.601368e+00
257	4.554115e-01	4.848368e-01	2.413776e+00
258	5.040359e-01	5.033061e-01	2.569126e+00
259	4.183217e-01	4.122421e-01	1.865657e+00
260	4.703052e-01	5.200921e-01	2.574988e+00
261	4.686756e-01	4.997805e-01	1.598925e+00
262	4.775185e-01	3.491026e-01	2.264289e+00
263	3.127184e-01	5.823431e-01	1.176844e+00
264	4.606297e-01	3.466431e-01	1.061553e+00
265	4.708060e-01	5.119921e-01	2.526136e+00
266	5.164430e-01	5.775142e-01	1.928188e+00
267	4.242962e-01	4.925223e-01	2.006351e+00
268	4.491761e-01	4.784467e-01	1.041036e+00
269	2.130686e-01	4.664680e-01	1.793356e+00
270	4.106522e-01	3.725299e-01	1.860772e+00
271	3.599031e-01	6.034343e-01	1.389839e+00
272	4.738851e-01	5.237926e-01	1.052760e+00
273	5.320609e-01	6.376541e-01	1.156326e+00
274	6.174543e-01	7.343179e-01	1.981925e+00
275	2.497271e-01	3.498452e-01	2.256473e+00
276	4.431401e-01	4.612447e-01	2.368832e+00
277	4.268552e-01	5.186042e-01	2.024915e+00
279	4.392319e-01	5.036614e-01	1.348803e+00
280	4.749410e-01	6.487563e-01	2.472399e+00
281	4.671420e-01	7.359121e-01	2.288715e+00
282	4.441740e-01	4.340166e-01	2.745970e+00
283	4.358463e-01	5.074403e-01	2.490962e+00
284	6.325431e-01	7.324880e-01	2.515388e+00
285	1.309295e-01	4.210876e-01	1.545188e+00
286	4.627136e-01	5.393576e-01	2.662921e+00
287	5.258385e-01	5.814853e-01	2.264289e+00
288	4.832828e-01	5.750072e-01	2.905227e+00
289	4.552823e-01	3.644198e-01	1.058622e+00
290	3.902497e-01	4.771181e-01	2.152907e+00
291	8.088267e-01	9.533548e-01	2.784074e+00
292	4.748169e-01	5.238305e-01	2.445042e+00
293	4.890800e-01	3.723482e-01	2.852467e+00
294	5.307812e-01	5.372220e-01	2.070835e+00
295	4.400071e-01	5.542860e-01	1.406448e+00
296	6.260116e-01	8.494904e-01	1.751343e+00
297	3.937752e-01	4.858967e-01	2.077675e+00
298	5.311069e-01	3.380098e-01	1.601856e+00
299	4.528450e-01	4.612113e-01	2.048363e+00
300	4.682284e-01	4.789022e-01	2.781143e+00
301	4.748298e-01	5.168003e-01	2.779189e+00
302	4.427737e-01	4.447410e-01	2.617978e+00
303	3.337499e-01	3.859549e-01	1.698583e+00
304	5.839883e-01	6.017621e-01	1.948705e+00
305	4.558046e-01	5.098716e-01	1.416219e+00
306	8.588477e-01	2.292719e-01	1.745481e+00
307	4.791777e-01	5.319780e-01	2.291646e+00
308	4.467793e-01	4.154571e-01	1.868588e+00
309	4.790160e-01	4.465986e-01	2.511480e+00
310	4.793084e-01	5.230515e-01	2.596483e+00
311	4.194514e-01	3.762228e-01	2.855398e+00
312	4.846690e-01	5.827899e-01	1.312653e+00
313	4.956481e-01	5.406606e-01	1.787494e+00
314	4.708271e-01	5.125322e-01	2.252565e+00
315	3.753066e-01	4.206255e-01	1.978017e+00
316	4.515591e-01	5.487140e-01	2.965804e+00
317	4.719878e-01	5.266635e-01	2.221299e+00
318	5.296538e-01	5.274703e-01	1.701514e+00
319	4.020455e-01	4.512940e-01	1.135809e+00
320	4.992817e-01	4.690186e-01	2.997069e+00
322	4.207249e-01	6.190002e-01	2.362970e+00
323	4.790440e-01	4.894992e-01	2.553493e+00
324	4.620576e-01	5.570217e-01	1.347826e+00
325	2.528325e-01	2.900948e-01	2.896434e+00
326	4.768042e-01	5.188880e-01	1.857841e+00
327	4.410917e-01	5.953117e-01	1.669272e+00
328	4.654013e-01	4.993661e-01	1.726917e+00
329	4.735778e-01	5.214778e-01	2.604299e+00
330	4.342441e-01	4.794791e-01	2.089399e+00
331	4.972800e-01	5.328106e-01	1.552027e+00
332	4.508622e-01	5.345851e-01	1.769907e+00
333	4.768694e-01	5.362391e-01	1.382022e+00
334	2.271579e-01	3.178790e-01	2.510503e+00
335	4.501680e-01	5.057965e-01	1.640938e+00
336	4.871786e-01	5.243723e-01	2.933561e+00
337	5.115294e-01	5.068449e-01	1.033219e+00
338	4.879956e-01	5.561232e-01	1.408403e+00
339	4.742416e-01	4.843607e-01	2.767465e+00
340	4.803624e-01	5.483708e-01	1.526624e+00
341	4.604280e-01	4.055098e-01	1.456277e+00
342	4.664082e-01	4.710617e-01	1.054714e+00
343	4.140359e-01	5.127436e-01	2.601368e+00
344	2.720056e-01	3.598910e-01	2.193942e+00
346	4.478844e-01	4.800553e-01	1.564729e+00
347	4.889209e-01	4.972281e-01	1.679043e+00
348	4.300793e-01	4.512245e-01	2.034685e+00
349	4.779729e-01	5.195782e-01	2.564240e+00
350	5.497255e-01	5.750859e-01	2.311187e+00
351	4.971608e-01	4.248944e-01	1.297997e+00
352	4.707517e-01	5.091791e-01	2.873962e+00
353	4.340107e-01	5.316513e-01	2.202736e+00
354	4.725427e-01	5.187256e-01	2.653151e+00
355	3.244335e-01	6.291915e-01	2.461651e+00
356	4.718712e-01	5.235127e-01	1.679043e+00
357	5.032738e-01	5.370134e-01	2.991207e+00
358	5.022588e-01	6.806712e-01	2.857352e+00
359	5.386705e-01	6.181082e-01	1.913532e+00
360	4.733192e-01	5.812079e-01	1.216903e+00
361	4.470702e-01	2.744463e-01	1.214949e+00
362	4.664960e-01	5.048398e-01	1.005862e+00
363	4.745417e-01	5.099787e-01	2.227162e+00
364	4.832672e-01	5.310790e-01	1.723009e+00
366	4.940201e-01	6.043267e-01	1.692721e+00
367	4.729310e-01	5.436310e-01	1.154372e+00
368	4.723977e-01	5.462888e-01	1.851001e+00
369	4.734829e-01	5.218153e-01	2.418661e+00
370	5.474224e-01	5.096586e-01	1.874450e+00
371	5.466061e-01	5.749809e-01	1.591109e+00
372	4.866320e-01	5.196096e-01	2.199805e+00
373	3.947957e-01	3.558175e-01	2.208598e+00
374	4.631278e-01	6.337814e-01	1.322423e+00
375	5.423846e-01	7.256350e-01	2.361016e+00
376	5.261913e-01	5.163870e-01	1.815828e+00
377	4.704702e-01	5.200000e-01	1.328285e+00
378	4.861345e-01	5.260732e-01	1.883244e+00
379	4.426832e-01	4.941653e-01	1.599902e+00
380	5.455161e-01	7.544216e-01	2.343429e+00
381	4.481689e-01	4.904965e-01	1.835369e+00
383	5.387472e-01	3.250785e-01	1.698583e+00
384	6.690496e-01	3.701248e-01	2.761602e+00
385	4.264231e-01	7.742605e-01	1.961407e+00
386	6.245715e-01	5.811186e-01	2.449927e+00
387	5.038688e-01	5.948977e-01	2.669761e+00
388	4.405572e-01	5.367749e-01	2.597460e+00
389	4.792903e-01	5.275130e-01	2.960918e+00
390	4.697242e-01	4.928679e-01	1.655594e+00
391	4.893486e-01	5.310877e-01	2.572057e+00
392	5.002487e-01	5.601664e-01	1.234489e+00
393	4.272335e-01	5.138772e-01	1.607719e+00
394	4.714866e-01	5.132701e-01	2.643381e+00
395	4.298475e-01	5.027266e-01	1.233512e+00
397	6.472527e-01	3.877499e-01	1.083048e+00
398	5.097310e-01	2.106235e-01	2.453835e+00
399	5.379467e-01	4.423918e-01	2.169516e+00
400	4.747208e-01	5.069470e-01	1.634099e+00
401	5.133867e-01	5.737615e-01	1.314607e+00
402	4.687464e-01	4.714902e-01	2.292623e+00
403	5.122730e-01	6.062899e-01	1.759160e+00
404	4.487535e-01	4.462329e-01	2.942355e+00
405	4.893296e-01	5.933433e-01	1.358574e+00
406	4.855340e-01	5.589899e-01	1.474841e+00
407	6.596564e-01	6.171095e-01	2.850513e+00
408	4.121645e-01	4.555148e-01	2.543723e+00
409	4.487031e-01	5.120412e-01	1.170005e+00
410	4.589055e-01	5.269293e-01	2.011236e+00
411	4.704246e-01	5.922754e-01	2.982413e+00
412	7.839344e-01	1.977734e-01	1.578407e+00
413	6.108667e-01	6.414479e-01	2.904250e+00
414	4.644449e-01	4.769788e-01	2.948217e+00
415	4.692727e-01	5.222715e-01	1.856864e+00
416	4.931569e-01	5.718576e-01	1.780655e+00
417	4.641260e-01	4.639045e-01	1.223742e+00
418	5.147525e-01	5.394625e-01	2.928676e+00
419	4.461989e-01	4.689828e-01	1.055691e+00
420	4.566306e-01	5.307839e-01	2.823156e+00
421	4.748777e-01	5.163734e-01	2.886663e+00
422	4.789986e-01	4.973437e-01	1.391793e+00
423	5.871217e-01	3.722524e-01	1.467025e+00
424	4.718335e-01	4.778090e-01	1.512946e+00
425	1.709406e-01	4.922675e-01	1.960430e+00
426	1.770518e-01	4.712417e-01	2.254519e+00
427	4.844685e-01	5.418963e-01	2.899365e+00
428	4.357675e-01	5.453132e-01	1.247191e+00
429	4.647542e-01	5.167897e-01	1.802149e+00
430	4.709162e-01	5.313595e-01	1.663410e+00
431	4.884542e-01	3.332077e-01	2.556424e+00
432	8.035753e-03	2.125477e-01	2.947240e+00
433	4.935906e-01	5.230138e-01	2.475330e+00
434	4.833407e-01	4.850865e-01	2.923791e+00
435	5.522842e-01	3.650999e-01	2.906204e+00
437	4.491154e-01	4.552341e-01	2.476307e+00
438	4.498271e-01	5.654983e-01	2.065950e+00
439	4.699615e-01	5.219438e-01	1.983879e+00
440	4.752882e-01	5.230367e-01	1.637030e+00
441	5.681178e-01	3.135441e-01	1.338056e+00
442	5.268254e-01	4.519148e-01	2.406937e+00
443	4.281003e-01	3.550922e-01	1.422081e+00
444	4.221289e-01	4.130808e-01	2.956033e+00
445	4.559773e-01	5.177084e-01	2.601368e+00
446	3.031580e-01	4.169715e-01	1.846116e+00
447	4.643592e-01	4.956579e-01	1.264778e+00
448	4.515528e-01	4.338675e-01	1.119199e+00
449	5.237868e-01	5.886158e-01	1.956522e+00
450	5.550595e-01	3.792531e-01	2.971666e+00
451	4.652228e-01	5.192619e-01	2.149976e+00
452	5.495185e-01	4.221052e-01	1.574499e+00
453	4.176444e-01	2.513840e-01	1.775769e+00
455	4.958641e-01	5.783111e-01	2.984367e+00
456	4.542917e-01	4.670380e-01	1.577430e+00
457	4.184737e-01	4.558428e-01	2.955056e+00
458	4.668140e-01	5.190377e-01	2.865169e+00
459	3.976419e-01	3.291996e-01	1.672203e+00
461	3.638430e-01	8.017513e-01	2.513434e+00
462	4.834914e-01	5.699743e-01	1.853933e+00
463	4.619539e-01	5.038426e-01	2.858329e+00
464	5.174555e-01	6.227513e-01	1.574499e+00
465	5.333166e-01	5.500503e-01	1.432829e+00
466	4.744751e-01	5.113214e-01	1.500244e+00
467	3.631174e-01	3.837123e-01	1.323400e+00
468	4.848146e-01	5.132779e-01	2.147044e+00
469	4.400024e-01	5.067728e-01	2.698095e+00
470	4.780953e-01	5.314007e-01	1.364436e+00
471	5.125401e-01	5.704203e-01	2.076698e+00
472	4.706040e-01	5.150628e-01	2.011236e+00
473	4.967577e-01	5.998212e-01	1.215926e+00
474	4.725042e-01	5.168897e-01	2.299463e+00
475	3.980735e-01	5.056708e-01	1.683928e+00
476	4.742751e-01	5.374671e-01	2.081583e+00
477	4.849125e-01	5.710720e-01	2.350269e+00
478	3.797120e-01	6.410940e-01	2.728383e+00
479	3.855113e-01	4.043026e-01	1.194431e+00
480	4.830733e-01	3.442754e-01	2.515388e+00
481	3.936902e-01	2.492599e-01	1.865657e+00
482	4.959879e-01	7.077645e-01	1.802149e+00
483	4.785580e-01	5.662040e-01	1.367367e+00
484	4.956224e-01	5.472961e-01	1.148510e+00
485	5.031896e-01	5.855070e-01	2.427455e+00
486	4.965082e-01	4.658642e-01	2.196873e+00
487	5.656784e-01	5.308483e-01	2.386419e+00
488	4.929598e-01	5.657534e-01	1.294089e+00
489	4.454308e-01	4.209670e-01	1.687836e+00
490	4.636770e-01	5.104261e-01	1.146556e+00
491	5.212720e-01	7.901593e-01	1.597948e+00
492	4.779395e-01	4.878364e-01	2.412799e+00
493	4.162440e-01	3.550601e-01	1.227650e+00
494	4.521736e-01	5.207554e-01	2.522228e+00
495	4.805900e-01	4.608473e-01	1.437714e+00
496	4.544915e-01	4.641340e-01	1.523693e+00
497	4.396244e-01	5.548221e-01	1.221788e+00
498	4.651313e-01	5.798107e-01	1.652662e+00
499	5.052530e-01	5.753963e-01	1.269663e+00
500	4.634821e-01	5.161331e-01	2.967758e+00
501	4.788260e-01	5.174807e-01	2.546654e+00
502	4.656401e-01	1.501370e-01	1.818759e+00
503	4.560658e-01	4.632039e-01	1.919394e+00
504	4.808289e-01	4.974317e-01	2.563263e+00
505	4.546877e-01	4.186999e-01	1.451392e+00
506	3.974760e-01	5.442529e-01	1.718124e+00
507	4.700346e-01	5.189715e-01	1.207132e+00
508	4.811132e-01	5.247416e-01	1.236444e+00
509	4.454695e-01	5.949092e-01	2.622863e+00
510	2.867715e-01	6.306595e-01	2.549585e+00
511	4.598175e-01	5.147664e-01	2.966781e+00
512	5.505732e-01	7.143677e-01	2.395213e+00
513	4.050350e-01	5.112791e-01	1.534441e+00
514	3.092481e-01	3.288819e-01	1.550073e+00
515	4.862618e-01	6.038739e-01	1.610650e+00
516	4.637577e-01	8.045155e-01	1.612604e+00
517	4.980415e-01	5.168010e-01	1.086957e+00
518	5.286276e-01	4.038332e-01	2.282853e+00
519	3.921427e-01	3.295229e-01	1.573522e+00
520	4.927953e-01	5.291003e-01	2.497802e+00
521	4.638479e-01	5.400879e-01	1.752320e+00
523	4.563664e-01	5.433839e-01	1.209086e+00
524	4.862273e-01	6.172038e-01	2.755740e+00
525	5.322471e-01	5.163119e-01	1.499267e+00
526	4.670128e-01	5.416513e-01	1.014656e+00
527	7.205247e-01	7.425655e-01	2.891549e+00
528	4.743930e-01	5.332661e-01	2.478261e+00
529	4.423527e-01	4.823049e-01	1.898876e+00
530	4.936884e-01	5.056635e-01	1.188569e+00
531	4.370861e-01	5.002200e-01	2.785051e+00
532	4.688963e-01	5.154659e-01	2.945286e+00
533	4.441050e-01	5.030853e-01	2.458720e+00
534	6.197544e-01	5.362098e-01	2.673669e+00
535	4.722270e-01	5.229908e-01	1.399609e+00
536	4.856603e-01	4.594900e-01	2.604299e+00
537	4.716314e-01	5.120911e-01	1.529555e+00
538	4.739824e-01	5.222101e-01	2.823156e+00
539	4.802792e-01	5.060265e-01	2.826087e+00
540	5.177241e-01	5.928867e-01	2.844651e+00
541	5.163610e-01	5.538735e-01	2.290669e+00
542	4.831689e-01	5.209559e-01	2.570103e+00
543	4.348478e-01	5.096358e-01	2.396190e+00
544	4.917365e-01	5.103215e-01	1.318515e+00
545	5.262047e-01	5.675625e-01	2.605276e+00
546	3.286508e-01	4.150115e-01	2.683439e+00
547	6.478365e-01	5.813388e-01	1.587201e+00
548	4.908788e-01	7.013106e-01	1.375183e+00
549	4.906177e-01	4.649364e-01	2.298486e+00
550	5.130868e-01	5.224540e-01	1.285296e+00
551	4.682613e-01	5.087520e-01	2.983390e+00
552	3.747798e-01	6.771861e-01	1.195408e+00
553	4.651419e-01	5.409230e-01	2.414753e+00
554	3.457704e-01	6.771599e-01	1.843185e+00
555	4.973644e-01	5.557414e-01	2.396190e+00
556	3.968530e-01	4.281415e-01	3.000000e+00
557	4.802651e-01	5.310898e-01	2.728383e+00
559	4.617731e-01	4.902542e-01	1.944797e+00
560	4.114718e-01	7.407701e-01	2.883732e+00
561	4.597090e-01	5.470758e-01	2.383488e+00
562	4.736900e-01	5.031157e-01	2.506595e+00
563	4.697404e-01	5.467335e-01	1.786517e+00
564	4.303917e-01	5.636259e-01	2.893503e+00
565	4.607257e-01	5.114321e-01	2.981436e+00
566	5.065620e-01	5.630407e-01	2.663898e+00
567	4.610802e-01	4.795057e-01	2.227162e+00
568	4.477235e-01	5.313397e-01	1.527601e+00
569	5.066417e-01	5.573206e-01	2.610161e+00
570	7.958696e-01	3.614159e-01	1.058622e+00
571	4.601279e-01	4.806553e-01	2.782120e+00
573	4.908822e-01	5.186588e-01	2.109917e+00
574	4.691275e-01	4.943681e-01	2.074744e+00
575	4.922847e-01	5.379410e-01	2.319003e+00
576	4.610250e-01	5.228535e-01	1.290181e+00
577	3.949599e-01	4.599806e-01	1.286273e+00
578	4.705220e-01	5.925802e-01	1.881290e+00
579	4.679247e-01	5.095084e-01	1.664387e+00
580	2.488214e-01	2.897757e-01	1.242306e+00
581	5.384802e-01	4.965351e-01	1.927211e+00
582	4.766448e-01	5.162731e-01	2.820225e+00
583	4.917752e-01	6.948520e-01	2.792868e+00
584	5.542486e-01	4.709045e-01	1.201270e+00
585	4.851503e-01	5.311403e-01	1.898876e+00
586	4.781855e-01	5.122846e-01	1.782609e+00
587	4.957118e-01	5.361855e-01	1.561798e+00
588	4.687150e-01	5.169470e-01	2.282853e+00
589	4.791869e-01	5.795929e-01	2.210552e+00
590	4.528745e-01	5.617821e-01	1.020518e+00
591	4.830395e-01	5.378451e-01	1.784563e+00
592	4.670686e-01	5.200320e-01	1.275525e+00
593	4.568561e-01	5.346571e-01	1.212995e+00
594	4.153308e-01	5.138754e-01	2.964827e+00
595	4.706398e-01	5.334945e-01	2.079629e+00
596	4.292527e-01	3.613036e-01	1.187592e+00
597	4.462805e-01	4.740408e-01	1.258915e+00
598	5.335730e-01	5.289579e-01	1.999511e+00
599	4.661853e-01	5.049082e-01	1.264778e+00
600	4.648699e-01	4.952892e-01	1.110405e+00
601	5.333227e-01	7.465519e-01	1.107474e+00
602	4.843873e-01	3.988490e-01	1.070347e+00
603	4.681215e-01	5.053754e-01	2.400098e+00
604	4.957654e-01	4.480941e-01	2.871031e+00
605	4.730873e-01	5.249382e-01	2.739130e+00
606	4.596142e-01	5.297842e-01	2.061065e+00
607	2.325651e-01	4.047465e-01	1.073278e+00
608	5.040791e-01	5.705257e-01	2.799707e+00
609	4.885829e-01	5.684957e-01	2.010259e+00
610	4.454193e-01	5.292779e-01	1.700537e+00
611	4.733190e-01	5.390932e-01	1.339033e+00
612	4.429967e-01	4.652591e-01	2.227162e+00
613	6.405763e-01	2.664160e-01	2.482169e+00
614	4.630771e-01	5.262181e-01	2.958964e+00
615	3.911325e-01	5.619145e-01	1.443576e+00
616	4.215058e-01	5.248185e-01	2.381534e+00
617	4.961088e-01	5.630167e-01	1.971177e+00
618	4.715273e-01	5.386177e-01	2.960918e+00
619	5.022618e-01	5.613782e-01	1.812897e+00
620	5.559177e-01	4.300824e-01	1.170982e+00
621	4.781596e-01	4.057476e-01	1.277479e+00
622	5.360917e-01	4.947401e-01	1.176844e+00
623	3.808518e-01	4.955593e-01	1.636053e+00
624	4.934331e-01	5.281255e-01	2.336590e+00
625	4.879710e-01	4.682148e-01	1.343918e+00
626	5.001989e-01	5.172012e-01	1.905716e+00
627	5.154837e-01	5.406035e-01	1.784563e+00
628	4.621222e-01	5.236032e-01	2.063996e+00
629	4.751122e-01	5.077043e-01	2.497802e+00
630	4.313205e-01	5.447594e-01	2.870054e+00
631	4.267429e-01	4.638888e-01	1.729849e+00
632	4.767114e-01	6.565734e-01	2.290669e+00
633	4.697707e-01	5.212427e-01	2.841720e+00
634	4.703349e-01	5.137646e-01	2.195896e+00
635	5.074671e-01	5.447953e-01	1.601856e+00
636	4.845565e-01	5.832676e-01	2.449927e+00
637	4.900244e-01	4.838943e-01	1.462140e+00
638	4.716036e-01	5.170048e-01	2.041524e+00
639	4.709142e-01	5.168998e-01	2.061065e+00
640	5.951702e-01	6.102852e-01	2.130435e+00
641	4.050813e-01	2.562717e-01	2.205667e+00
642	4.768212e-01	5.225357e-01	2.184172e+00
643	4.576535e-01	4.505447e-01	2.747924e+00
644	2.702823e-01	5.405672e-01	2.909135e+00
645	4.709000e-01	5.097334e-01	2.777235e+00
646	4.623813e-01	4.593641e-01	1.295066e+00
647	5.180358e-01	5.941290e-01	1.050806e+00
648	2.760117e-01	4.944171e-01	1.191500e+00
649	4.904747e-01	5.255369e-01	1.198339e+00
650	4.554029e-01	5.230337e-01	2.656082e+00
651	4.697812e-01	4.757718e-01	1.692721e+00
652	8.206965e-01	7.274496e-01	2.330728e+00
653	4.870857e-01	5.397933e-01	1.906693e+00
654	4.869194e-01	5.008670e-01	2.192965e+00
655	4.048200e-01	4.785435e-01	1.200293e+00
656	4.735505e-01	5.052592e-01	2.361016e+00
657	5.088458e-01	5.580942e-01	2.080606e+00
658	4.616680e-01	5.239371e-01	2.017098e+00
659	4.288419e-01	5.756878e-01	2.191011e+00
660	6.759625e-01	6.351443e-01	1.667318e+00
661	6.216879e-01	6.463638e-01	2.229116e+00
662	3.549234e-01	4.583017e-01	1.188569e+00
663	4.480963e-01	5.102047e-01	2.714704e+00
664	4.105133e-01	4.763173e-01	1.979971e+00
665	4.747528e-01	4.598606e-01	2.954079e+00
666	5.782542e-01	5.503232e-01	1.803127e+00
667	4.438295e-01	5.666204e-01	1.039082e+00
668	4.407022e-01	4.276030e-01	1.893014e+00
669	4.618109e-01	5.067450e-01	1.778701e+00
670	3.660646e-01	4.837417e-01	1.807035e+00
671	4.425437e-01	4.704179e-01	1.102589e+00
672	4.385452e-01	7.943317e-01	1.879336e+00
673	5.013200e-01	5.703794e-01	1.984856e+00
674	4.713191e-01	5.175928e-01	2.238886e+00
675	4.608292e-01	5.054564e-01	2.868100e+00
676	4.785438e-01	5.076325e-01	2.748901e+00
677	5.292975e-01	5.310227e-01	1.578407e+00
678	4.544086e-01	4.601399e-01	1.621397e+00
679	4.767115e-01	5.216312e-01	2.657059e+00
680	4.678826e-01	4.722343e-01	2.404983e+00
681	4.664373e-01	5.224012e-01	2.272106e+00
682	4.723366e-01	4.408475e-01	1.463117e+00
683	4.666323e-01	5.009195e-01	2.316072e+00
684	4.764283e-01	5.359448e-01	2.334636e+00
685	3.824726e-01	4.596157e-01	1.365413e+00
686	3.617657e-01	6.508614e-01	2.105032e+00
687	4.416816e-01	5.335353e-01	1.339033e+00
688	4.641205e-01	5.220999e-01	2.932584e+00
689	4.777522e-01	5.173805e-01	2.378603e+00
690	4.735880e-01	5.267303e-01	1.833415e+00
691	4.245169e-01	4.648992e-01	1.663410e+00
692	4.459834e-01	5.045943e-01	2.251588e+00
693	5.278621e-01	5.209768e-01	1.766976e+00
694	6.083955e-01	5.932072e-01	1.575476e+00
695	5.071486e-01	2.648956e-01	2.771373e+00
696	4.660055e-01	5.115690e-01	2.787005e+00
697	4.702106e-01	5.081526e-01	1.959453e+00
698	4.479685e-01	4.879694e-01	2.187103e+00
699	4.732463e-01	5.185905e-01	2.430386e+00
700	4.487285e-01	5.077432e-01	2.679531e+00
701	4.458471e-01	4.357159e-01	2.191988e+00
702	3.658952e-01	4.666203e-01	2.945286e+00
703	4.952963e-01	5.107521e-01	2.793845e+00
704	4.456188e-01	4.847092e-01	2.132389e+00
705	7.086859e-01	6.080899e-01	1.627259e+00
706	4.684803e-01	5.324394e-01	1.623351e+00
707	4.857621e-01	5.145774e-01	2.772350e+00
708	4.708962e-01	5.172374e-01	1.552027e+00
709	6.311816e-01	5.333027e-01	1.180752e+00
710	4.800075e-01	5.241837e-01	1.632145e+00
711	4.271505e-01	3.929202e-01	1.680997e+00
712	3.553105e-01	4.155340e-01	2.828041e+00
713	4.814430e-01	7.386700e-01	1.703468e+00
714	4.241440e-01	6.316718e-01	1.471910e+00
715	4.672891e-01	4.965766e-01	2.368832e+00
716	4.960904e-01	5.327220e-01	1.961407e+00
717	4.731180e-01	5.200017e-01	1.756229e+00
718	4.938987e-01	5.216430e-01	2.987298e+00
719	4.635314e-01	5.225283e-01	2.332682e+00
720	4.983802e-01	5.404111e-01	1.097704e+00
721	4.631912e-01	3.910921e-01	1.954568e+00
722	4.779210e-01	5.193187e-01	1.704446e+00
723	4.715199e-01	5.177220e-01	1.853933e+00
724	4.558571e-01	4.838853e-01	2.829995e+00
725	5.247291e-01	5.596428e-01	2.232047e+00
726	4.998779e-01	5.476384e-01	2.587689e+00
727	6.875833e-01	2.522650e-01	2.698095e+00
729	4.545942e-01	6.304911e-01	1.212995e+00
730	3.623445e-01	5.433273e-01	1.502198e+00
731	4.708042e-01	5.140653e-01	2.614069e+00
732	5.593909e-01	6.339145e-01	2.880801e+00
733	4.623321e-01	4.924880e-01	1.956522e+00
734	4.694574e-01	4.814625e-01	2.745970e+00
735	7.808787e-01	4.570945e-01	1.179775e+00
736	5.259465e-01	4.586359e-01	1.935027e+00
737	4.648243e-01	5.099149e-01	1.975085e+00
738	4.348590e-01	4.552244e-01	1.067416e+00
739	4.083648e-01	5.401458e-01	2.024915e+00
740	3.543433e-01	4.950422e-01	2.810454e+00
741	4.611488e-01	4.289377e-01	2.428432e+00
742	4.486978e-01	5.417711e-01	1.957499e+00
743	4.896028e-01	6.321898e-01	2.306302e+00
744	4.878073e-01	5.240696e-01	2.557401e+00
745	4.692797e-01	4.965263e-01	1.243283e+00
746	4.804222e-01	5.610035e-01	2.429409e+00
747	4.553982e-01	5.354881e-01	2.523205e+00
748	4.103610e-01	4.730853e-01	2.842697e+00
749	4.740829e-01	5.158606e-01	2.247680e+00
750	4.970953e-01	5.549728e-01	2.000489e+00
751	4.598751e-01	5.026793e-01	2.446019e+00
752	4.767996e-01	5.193361e-01	2.360039e+00
753	4.801385e-01	4.100769e-01	2.567171e+00
754	4.700376e-01	4.984769e-01	2.415730e+00
755	4.520121e-01	5.145688e-01	1.989741e+00
756	4.754797e-01	5.232183e-01	2.908158e+00
757	5.662447e-01	3.338027e-01	2.731314e+00
758	4.759005e-01	5.207057e-01	2.544700e+00
759	4.711213e-01	5.170255e-01	2.890572e+00
760	4.726117e-01	5.161581e-01	1.654617e+00
761	4.651602e-01	5.207698e-01	1.008793e+00
762	4.950411e-01	5.366766e-01	1.260870e+00
763	4.920531e-01	5.582119e-01	1.347826e+00
764	5.003860e-01	5.263458e-01	1.325354e+00
765	4.749476e-01	5.094500e-01	1.420127e+00
766	4.325170e-01	3.403827e-01	2.845628e+00
767	4.625241e-01	4.761026e-01	1.853933e+00
768	4.703646e-01	5.027839e-01	1.303859e+00
769	5.472135e-01	6.383590e-01	1.294089e+00
770	7.449903e-01	1.716985e-01	1.675134e+00
771	5.444894e-01	5.309786e-01	2.417684e+00
772	4.333988e-01	4.600360e-01	2.053249e+00
773	4.692198e-01	5.167361e-01	1.276502e+00
774	5.987845e-01	3.157201e-01	2.779189e+00
775	2.848175e-01	3.512704e-01	1.984856e+00
776	4.439686e-01	3.770637e-01	2.295554e+00
777	4.765016e-01	5.228324e-01	1.652662e+00
778	4.734814e-01	5.170689e-01	2.464582e+00
779	4.705579e-01	5.168412e-01	1.763068e+00
780	4.535446e-01	5.093841e-01	2.026869e+00
781	4.150756e-01	4.409014e-01	1.160234e+00
782	5.495391e-01	5.898095e-01	2.302394e+00
783	4.574568e-01	5.567748e-01	1.384954e+00
784	4.835830e-01	4.423302e-01	2.598437e+00
785	5.086455e-01	4.889230e-01	2.130435e+00
786	4.264648e-01	4.985150e-01	1.690767e+00
787	4.420375e-01	5.184233e-01	1.940889e+00
788	4.786914e-01	5.335618e-01	2.099170e+00
