766
0	4.919845e-01	5.980257e-01	1.398632e+00
1	3.910367e-01	6.383812e-01	1.108451e+00
2	4.993427e-01	4.593633e-01	2.925745e+00
3	4.692824e-01	5.712963e-01	2.732291e+00
4	4.147265e-01	6.432531e-01	1.257938e+00
5	5.259755e-01	4.067493e-01	2.424524e+00
6	6.568451e-01	7.403904e-01	1.383000e+00
7	4.825406e-01	5.396758e-01	2.705911e+00
8	4.485302e-01	4.841396e-01	2.442110e+00
9	4.725789e-01	5.163579e-01	2.233024e+00
10	4.459170e-01	6.338102e-01	2.376649e+00
11	4.802327e-01	5.284170e-01	1.556913e+00
12	4.811805e-01	4.615790e-01	2.950171e+00
13	3.438930e-01	5.777913e-01	1.066439e+00
14	4.748098e-01	5.193822e-01	1.626282e+00
15	4.008657e-01	5.105425e-01	1.306790e+00
16	4.721639e-01	5.143761e-01	2.902296e+00
17	6.850049e-01	6.025411e-01	1.195408e+00
18	4.569318e-01	5.377057e-01	1.785540e+00
19	4.709236e-01	5.222832e-01	1.248168e+00
20	4.400474e-01	5.070415e-01	1.863703e+00
21	4.902250e-01	4.698614e-01	2.671715e+00
22	4.683415e-01	5.252481e-01	2.487054e+00
23	3.744710e-01	3.632005e-01	1.946751e+00
24	5.254205e-01	4.266260e-01	1.303859e+00
25	5.076508e-01	1.787513e-01	2.152907e+00
26	4.573602e-01	5.295793e-01	1.388862e+00
27	4.725423e-01	5.451579e-01	1.591109e+00
28	4.601842e-01	6.440284e-01	2.205667e+00
29	4.753029e-01	5.439899e-01	2.181241e+00
30	6.180137e-01	3.960506e-01	1.475818e+00
31	5.241422e-01	5.539180e-01	2.309233e+00
32	4.692067e-01	5.275289e-01	2.073766e+00
33	5.644075e-01	3.366873e-01	2.331705e+00
34	4.643205e-01	5.433174e-01	1.126038e+00
35	7.362244e-01	6.305365e-01	2.235955e+00
36	5.474753e-01	3.032509e-01	2.805569e+00
37	5.913361e-01	3.624795e-01	2.555447e+00
38	4.775307e-01	4.956395e-01	2.559355e+00
39	4.769591e-01	5.341964e-01	1.895945e+00
40	4.951635e-01	5.242175e-01	1.282364e+00
41	4.851770e-01	6.816739e-01	2.750855e+00
42	4.630652e-01	5.125848e-01	2.412799e+00
43	4.767141e-01	5.182213e-01	2.557401e+00
44	4.121472e-01	3.869178e-01	1.648754e+00
45	3.925303e-01	5.551240e-01	1.721055e+00
46	4.859402e-01	5.315490e-01	2.588666e+00
47	4.777279e-01	5.378639e-01	1.525647e+00
48	4.719974e-01	5.164195e-01	2.751832e+00
49	2.517437e-01	2.563048e-01	2.625794e+00
50	4.697103e-01	4.230676e-01	1.663410e+00
51	4.728396e-01	5.156734e-01	2.560332e+00
52	4.664111e-01	5.201993e-01	1.696629e+00
53	4.896510e-01	5.200848e-01	1.506106e+00
54	4.659314e-01	5.084858e-01	2.675623e+00
55	4.270895e-01	5.907331e-01	2.497802e+00
56	4.359741e-01	6.223306e-01	1.031265e+00
57	5.410879e-01	5.431285e-01	2.361993e+00
58	5.011743e-01	4.492460e-01	1.866634e+00
60	7.096106e-01	6.685981e-01	1.503175e+00
61	4.547763e-01	4.932423e-01	2.449927e+00
62	4.742390e-01	4.891689e-01	2.831949e+00
63	4.727023e-01	5.389093e-01	2.317049e+00
64	4.451200e-01	4.833085e-01	2.353200e+00
65	4.736867e-01	5.199408e-01	2.575965e+00
66	5.448950e-01	5.781157e-01	2.922814e+00
67	4.449801e-01	6.679520e-01	2.289692e+00
68	4.670008e-01	5.127744e-01	2.766488e+00
69	3.788372e-01	5.713189e-01	1.522716e+00
70	5.040331e-01	4.974763e-01	2.769419e+00
71	4.669420e-01	5.391224e-01	1.110405e+00
72	4.181769e-01	4.523420e-01	1.412311e+00
73	3.466982e-01	3.340093e-01	1.951637e+00
74	2.286184e-01	4.994881e-01	1.449438e+00
75	5.189632e-01	5.333365e-01	2.176356e+00
76	4.586972e-01	4.473122e-01	1.212995e+00
77	4.500547e-01	4.922791e-01	1.872496e+00
78	4.661128e-01	5.007701e-01	1.606742e+00
79	5.698933e-01	5.202559e-01	1.183683e+00
80	4.686373e-01	5.390208e-01	2.736199e+00
81	4.697135e-01	5.175167e-01	1.617489e+00
82	4.447744e-01	4.643928e-01	2.456766e+00
83	5.025129e-01	5.441199e-01	1.406448e+00
84	5.015176e-01	6.669846e-01	2.453835e+00
85	4.661079e-01	5.189840e-01	2.712750e+00
86	4.670072e-01	5.262777e-01	2.877870e+00
87	3.501391e-01	7.109584e-01	1.533464e+00
88	5.501062e-01	6.184882e-01	2.169516e+00
89	5.497854e-01	6.473894e-01	2.483146e+00
90	4.738136e-01	6.093571e-01	1.538349e+00
91	4.858139e-01	5.166233e-01	1.117245e+00
92	4.842610e-01	5.194221e-01	2.709819e+00
93	4.384671e-01	5.379771e-01	2.929653e+00
94	4.727964e-01	3.940323e-01	2.125550e+00
95	5.575224e-01	5.102338e-01	2.148999e+00
96	4.971078e-01	5.155660e-01	1.206155e+00
98	4.683122e-01	5.156682e-01	1.997557e+00
99	4.388799e-01	4.844988e-01	1.753298e+00
100	4.839030e-01	5.433398e-01	1.491451e+00
101	4.749229e-01	5.157754e-01	2.381534e+00
102	4.910323e-01	4.392525e-01	1.837323e+00
103	4.828128e-01	4.856984e-01	2.723498e+00
104	5.245988e-01	5.782891e-01	1.216903e+00
105	4.842909e-01	4.818869e-01	1.385931e+00
107	4.602682e-01	5.145884e-01	1.887152e+00
108	5.923676e-01	4.489290e-01	1.869565e+00
109	5.620307e-01	4.774623e-01	2.657059e+00
110	5.182845e-01	4.823232e-01	1.905716e+00
111	4.318201e-01	5.542932e-01	2.319980e+00
113	4.808590e-01	1.530975e-01	1.155349e+00
114	4.764578e-01	5.338706e-01	1.261847e+00
115	5.766231e-01	6.679353e-01	1.308745e+00
116	4.106258e-01	7.679057e-01	1.148510e+00
117	4.695626e-01	5.020797e-01	1.865657e+00
118	4.942987e-01	5.796246e-01	2.988276e+00
119	5.421990e-01	6.181141e-01	1.479726e+00
120	4.388914e-01	4.139537e-01	2.095261e+00
121	5.018931e-01	6.043730e-01	2.442110e+00
122	5.912563e-01	3.845503e-01	1.070347e+00
123	4.607434e-01	4.473979e-01	1.417196e+00
124	4.794939e-01	5.032574e-01	2.817294e+00
126	4.480230e-01	4.726725e-01	2.738153e+00
127	5.279438e-01	5.665312e-01	2.338544e+00
128	1.412952e-01	1.176938e-01	1.282364e+00
129	4.562755e-01	5.216743e-01	2.676600e+00
130	1.197126e-01	1.345569e-01	2.443087e+00
132	4.911675e-01	4.778525e-01	1.220811e+00
133	6.704908e-01	4.223117e-01	2.407914e+00
134	5.468861e-01	6.095519e-01	2.277968e+00
135	4.896067e-01	5.342845e-01	2.409868e+00
136	4.478847e-01	4.876944e-01	2.083537e+00
137	4.798234e-01	5.423853e-01	2.286761e+00
138	1.756969e-01	5.132254e-01	1.194431e+00
139	4.594162e-01	5.190457e-01	2.818271e+00
140	5.424922e-01	4.877696e-01	2.827064e+00
141	4.895697e-01	5.258459e-01	1.684905e+00
142	4.851574e-01	5.346136e-01	1.999511e+00
143	4.688328e-01	5.096614e-01	1.956522e+00
144	4.640928e-01	5.339687e-01	2.323889e+00
145	3.985683e-01	4.890048e-01	2.501710e+00
146	3.321793e-01	6.888842e-01	2.395213e+00
147	4.807900e-01	5.380453e-01	2.719590e+00
148	4.737434e-01	5.162442e-01	2.937469e+00
149	4.708356e-01	4.943323e-01	2.803615e+00
150	5.208927e-01	6.476562e-01	1.794333e+00
151	4.669340e-01	5.342918e-01	2.611138e+00
152	4.851551e-01	4.880705e-01	1.724963e+00
153	4.752604e-01	5.049995e-01	1.983879e+00
154	4.706960e-01	5.123654e-01	2.181241e+00
155	5.020673e-01	5.600965e-01	1.295066e+00
156	4.714909e-01	5.287167e-01	1.970200e+00
157	4.467120e-01	5.304045e-01	2.387396e+00
158	3.496508e-01	6.833288e-01	2.386419e+00
159	4.734901e-01	7.356903e-01	2.647289e+00
160	4.566827e-01	5.187016e-01	1.686859e+00
161	4.478119e-01	5.032344e-01	1.553981e+00
162	4.833899e-01	3.205796e-01	1.764045e+00
163	4.295554e-01	6.204787e-01	1.632145e+00
164	4.749648e-01	5.139862e-01	1.235467e+00
165	4.727008e-01	5.233228e-01	2.251588e+00
166	4.900729e-01	4.950373e-01	1.751343e+00
167	3.734677e-01	4.560054e-01	1.715193e+00
168	4.708923e-01	5.148292e-01	2.109917e+00
169	4.998326e-01	4.059574e-01	2.137274e+00
170	3.502526e-01	6.053713e-01	2.099170e+00
171	4.647783e-01	4.981348e-01	2.057157e+00
172	4.247487e-01	5.803103e-01	2.246702e+00
173	4.670828e-01	4.957329e-01	1.894968e+00
174	4.018777e-01	5.566682e-01	2.453835e+00
175	4.586248e-01	4.654329e-01	2.834880e+00
176	5.507206e-01	5.936614e-01	2.215437e+00
177	4.770419e-01	4.885854e-01	2.153884e+00
178	4.785988e-01	5.168037e-01	2.475330e+00
179	5.026426e-01	6.055154e-01	1.274548e+00
180	4.265572e-01	4.379055e-01	2.127504e+00
181	4.679755e-01	5.033758e-01	1.790425e+00
182	4.727860e-01	7.339791e-01	1.736688e+00
183	4.655771e-01	6.364268e-01	1.692721e+00
184	4.899019e-01	6.207670e-01	2.042501e+00
185	4.586779e-01	6.592164e-01	1.468979e+00
186	5.052202e-01	5.271907e-01	1.784563e+00
188	4.515220e-01	5.883403e-01	1.839277e+00
189	4.711750e-01	4.965079e-01	1.175867e+00
190	5.614335e-01	4.474107e-01	2.807523e+00
191	5.857476e-01	4.757198e-01	2.811431e+00
192	4.299691e-01	6.040841e-01	1.192477e+00
193	4.767608e-01	4.992377e-01	1.620420e+00
194	5.711335e-01	4.671232e-01	2.624817e+00
195	4.751641e-01	5.198124e-01	2.806546e+00
196	4.733936e-01	5.063113e-01	1.763068e+00
197	7.804678e-01	7.561782e-01	2.060088e+00
198	6.815720e-01	6.835853e-01	2.458720e+00
199	4.782212e-01	5.420708e-01	2.463605e+00
200	8.079395e-01	7.796867e-01	1.141671e+00
201	4.858310e-01	5.083865e-01	1.146556e+00
202	4.745149e-01	5.491369e-01	1.395701e+00
203	5.017501e-01	5.584551e-01	1.755252e+00
204	4.530765e-01	5.723528e-01	2.901319e+00
205	4.495143e-01	5.525330e-01	2.123596e+00
206	5.296903e-01	7.663369e-01	1.652662e+00
207	4.772928e-01	5.106685e-01	1.199316e+00
208	4.595086e-01	4.587250e-01	2.170493e+00
209	4.600770e-01	3.145993e-01	2.733268e+00
210	4.303814e-01	4.265480e-01	1.545188e+00
211	4.969952e-01	5.124120e-01	1.376160e+00
212	4.762685e-01	4.888555e-01	1.621397e+00
213	4.726098e-01	5.043162e-01	1.883244e+00
214	4.854929e-01	5.330041e-01	1.612604e+00
215	4.283280e-01	5.309753e-01	2.909135e+00
216	4.692108e-01	5.246650e-01	1.354665e+00
217	4.562987e-01	5.046679e-01	2.770396e+00
218	4.461319e-01	5.441628e-01	2.148999e+00
219	5.063263e-01	4.757394e-01	2.624817e+00
220	4.606701e-01	6.138672e-01	2.697118e+00
221	4.705357e-01	5.111473e-01	1.938935e+00
222	4.715130e-01	2.067724e-01	1.854910e+00
223	5.463751e-01	4.938285e-01	2.625794e+00
224	5.801503e-01	6.582537e-01	2.984367e+00
225	4.947797e-01	3.879344e-01	2.693210e+00
226	4.678932e-01	5.456512e-01	2.276014e+00
227	4.530190e-01	4.929714e-01	1.245237e+00
228	4.729171e-01	5.118004e-01	1.489497e+00
229	4.794266e-01	5.169764e-01	2.305325e+00
230	4.613958e-01	4.995433e-01	2.689301e+00
231	4.866341e-01	4.564617e-01	1.346849e+00
232	4.722998e-01	5.187005e-01	2.447973e+00
233	5.180023e-01	4.661675e-01	1.591109e+00
234	5.711031e-01	5.475993e-01	1.931119e+00
235	4.534100e-01	5.102068e-01	2.687347e+00
236	4.725718e-01	5.171389e-01	2.787982e+00
237	4.725813e-01	5.336679e-01	1.510015e+00
238	4.834592e-01	5.148535e-01	2.193942e+00
239	4.716035e-01	4.779929e-01	2.918906e+00
240	4.849861e-01	3.838308e-01	1.734734e+00
241	4.840987e-01	4.828256e-01	1.119199e+00
242	5.547032e-01	5.243752e-01	1.631168e+00
243	4.666828e-01	4.731656e-01	1.258915e+00
244	4.382134e-01	5.858180e-01	2.458720e+00
245	4.998688e-01	6.578078e-01	2.134343e+00
246	4.774369e-01	5.146279e-01	2.662921e+00
247	4.661263e-01	5.550492e-01	2.924768e+00
248	4.898617e-01	4.701262e-01	2.983390e+00
250	1.308754e-01	5.811103e-01	2.763556e+00
251	1.581774e-01	4.611481e-01	2.374695e+00
252	5.224665e-01	4.637704e-01	1.703468e+00
253	5.110826e-01	6.715597e-01	1.246214e+00
254	4.549127e-01	4.138675e-01	2.925745e+00
255	4.785086e-01	5.129769e-01	1.857841e+00
256	4.758909e-01	5.285932e-01	2.601368e+00
257	4.849563e-01	4.797138e-01	2.413776e+00
258	4.825322e-01	5.042974e-01	2.569126e+00
259	4.388561e-01	4.026798e-01	1.865657e+00
260	4.718536e-01	5.175332e-01	2.574988e+00
261	4.751100e-01	5.160302e-01	1.598925e+00
262	2.710649e-01	5.100000e-01	2.264289e+00
263	3.563955e-01	3.813722e-01	1.176844e+00
264	5.371300e-01	7.095065e-01	1.061553e+00
265	4.738504e-01	5.153018e-01	2.526136e+00
266	4.895266e-01	5.659652e-01	1.928188e+00
267	5.139143e-01	4.985516e-01	2.006351e+00
268	4.897909e-01	4.856480e-01	1.041036e+00
269	6.806688e-01	7.367616e-01	1.793356e+00
270	4.677140e-01	4.277713e-01	1.860772e+00
271	3.756057e-01	4.213910e-01	1.389839e+00
272	4.701105e-01	5.211775e-01	1.052760e+00
273	3.314248e-01	3.085327e-01	1.156326e+00
274	4.569683e-01	5.873882e-01	1.981925e+00
275	4.618475e-01	7.474145e-01	2.256473e+00
276	4.780418e-01	5.235775e-01	2.368832e+00
277	4.303158e-01	5.216726e-01	2.024915e+00
279	4.631612e-01	4.228047e-01	1.348803e+00
280	3.743198e-01	3.678775e-01	2.472399e+00
281	2.696416e-01	4.941050e-01	2.288715e+00
282	5.002674e-01	6.104771e-01	2.745970e+00
283	5.854551e-01	4.729576e-01	2.490962e+00
284	5.694596e-01	3.648271e-01	2.515388e+00
285	5.919864e-01	5.120996e-01	1.545188e+00
286	4.616652e-01	5.265060e-01	2.662921e+00
287	4.644179e-01	4.410253e-01	2.264289e+00
288	4.525704e-01	5.584582e-01	2.905227e+00
289	5.809115e-01	4.561443e-01	1.058622e+00
290	4.979526e-01	6.377596e-01	2.152907e+00
291	6.520812e-01	7.345919e-01	2.784074e+00
292	4.763067e-01	5.117220e-01	2.445042e+00
293	5.012258e-01	1.665455e-01	2.852467e+00
294	4.646742e-01	4.929591e-01	2.070835e+00
295	5.213519e-01	4.990362e-01	1.406448e+00
297	5.082790e-01	4.907753e-01	2.077675e+00
298	4.544668e-01	4.631273e-01	1.601856e+00
299	4.526455e-01	4.447138e-01	2.048363e+00
300	4.799669e-01	5.677716e-01	2.781143e+00
301	4.689970e-01	5.154400e-01	2.779189e+00
302	4.707353e-01	5.339042e-01	2.617978e+00
303	4.629589e-01	4.661608e-01	1.698583e+00
304	4.359161e-01	5.879799e-01	1.948705e+00
305	4.817825e-01	5.109872e-01	1.416219e+00
306	7.420987e-01	3.499519e-01	1.745481e+00
307	4.713464e-01	5.327841e-01	2.291646e+00
308	3.540651e-01	6.492243e-03	1.868588e+00
309	5.231613e-01	5.462369e-01	2.511480e+00
310	4.625161e-01	4.837138e-01	2.596483e+00
311	4.641915e-01	5.863631e-01	2.855398e+00
312	4.814445e-01	5.113029e-01	1.312653e+00
313	4.496974e-01	3.987465e-01	1.787494e+00
314	4.708095e-01	5.186148e-01	2.252565e+00
315	4.340583e-01	4.352711e-01	1.978017e+00
316	3.815485e-01	6.077145e-01	2.965804e+00
317	4.766730e-01	5.286957e-01	2.221299e+00
318	4.044462e-01	5.453916e-01	1.701514e+00
319	4.396077e-01	6.085277e-01	1.135809e+00
320	5.012570e-01	4.914714e-01	2.997069e+00
322	5.509049e-01	5.974196e-01	2.362970e+00
323	4.838366e-01	5.164021e-01	2.553493e+00
324	5.165285e-01	5.381823e-01	1.347826e+00
325	7.706981e-03	2.042662e-01	2.896434e+00
326	4.684993e-01	5.160384e-01	1.857841e+00
327	4.325744e-01	4.501773e-01	1.669272e+00
328	4.784166e-01	5.123324e-01	1.726917e+00
329	4.682467e-01	4.671277e-01	2.604299e+00
330	5.458026e-01	6.069309e-01	2.089399e+00
331	4.280115e-01	5.734327e-01	1.552027e+00
332	4.884748e-01	5.125487e-01	1.769907e+00
333	4.527940e-01	4.554118e-01	1.382022e+00
334	5.327678e-01	7.729722e-01	2.510503e+00
335	4.747889e-01	4.764191e-01	1.640938e+00
336	4.862901e-01	5.355885e-01	2.933561e+00
337	4.506320e-01	5.301968e-01	1.033219e+00
338	4.205508e-01	4.165902e-01	1.408403e+00
339	4.695870e-01	4.907884e-01	2.767465e+00
340	4.531162e-01	5.467644e-01	1.526624e+00
341	4.918063e-01	3.813327e-01	1.456277e+00
342	4.573853e-01	4.812484e-01	1.054714e+00
343	5.272331e-01	5.368119e-01	2.601368e+00
344	5.146243e-01	6.877709e-01	2.193942e+00
346	4.745623e-01	4.574917e-01	1.564729e+00
347	4.842007e-01	5.257753e-01	1.679043e+00
348	3.605352e-01	5.210076e-01	2.034685e+00
349	4.611308e-01	5.451479e-01	2.564240e+00
350	4.487068e-01	6.738770e-01	2.311187e+00
351	3.736470e-01	3.728214e-01	1.297997e+00
352	4.746587e-01	5.479102e-01	2.873962e+00
353	5.361492e-01	5.508667e-01	2.202736e+00
354	4.746137e-01	5.198317e-01	2.653151e+00
355	3.346840e-01	3.850757e-01	2.461651e+00
356	4.783202e-01	5.194460e-01	1.679043e+00
357	4.298553e-01	3.974909e-01	2.991207e+00
358	5.051733e-01	3.550381e-01	2.857352e+00
359	4.559010e-01	6.250532e-01	1.913532e+00
360	6.420321e-01	5.823573e-01	1.216903e+00
361	5.378526e-01	7.292882e-01	1.214949e+00
362	5.722269e-01	4.932769e-01	1.005862e+00
363	4.780188e-01	4.892688e-01	2.227162e+00
364	4.785895e-01	5.056967e-01	1.723009e+00
366	4.442482e-01	5.399677e-01	1.692721e+00
367	4.857625e-01	5.052693e-01	1.154372e+00
368	4.828520e-01	4.872233e-01	1.851001e+00
369	4.735662e-01	5.114382e-01	2.418661e+00
370	4.347393e-01	5.518034e-01	1.874450e+00
371	5.049388e-01	4.701229e-01	1.591109e+00
372	5.011983e-01	5.611861e-01	2.199805e+00
373	5.315739e-01	6.961593e-01	2.208598e+00
374	5.195505e-01	6.372453e-01	1.322423e+00
375	4.797945e-01	6.514674e-01	2.361016e+00
376	4.340493e-01	5.242908e-01	1.815828e+00
377	4.719861e-01	5.193731e-01	1.328285e+00
378	4.524543e-01	5.140019e-01	1.883244e+00
379	4.110118e-01	6.806205e-01	1.599902e+00
380	4.775582e-01	5.787457e-01	2.343429e+00
381	4.828996e-01	5.039222e-01	1.835369e+00
383	5.320792e-01	5.272198e-01	1.698583e+00
384	6.860396e-01	4.548509e-01	2.761602e+00
385	2.656301e-01	1.918938e-01	1.961407e+00
386	4.452762e-01	4.404994e-01	2.449927e+00
387	4.558939e-01	4.250508e-01	2.669761e+00
388	3.822257e-01	4.471875e-01	2.597460e+00
389	4.681638e-01	5.291397e-01	2.960918e+00
390	4.711397e-01	5.022038e-01	1.655594e+00
391	5.026746e-01	6.407299e-01	2.572057e+00
392	4.769199e-01	4.865132e-01	1.234489e+00
393	4.929931e-01	5.212326e-01	1.607719e+00
394	4.682143e-01	5.169249e-01	2.643381e+00
395	3.552867e-01	5.060872e-01	1.233512e+00
397	2.311913e-01	5.965213e-01	1.083048e+00
398	5.054092e-01	1.699257e-01	2.453835e+00
399	5.167362e-01	5.691989e-01	2.169516e+00
400	4.741162e-01	5.486625e-01	1.634099e+00
401	9.140382e-01	5.008752e-01	1.314607e+00
402	4.974268e-01	4.721570e-01	2.292623e+00
403	4.964008e-01	5.596088e-01	1.759160e+00
404	5.169430e-01	5.980190e-01	2.942355e+00
405	4.778438e-01	6.329764e-01	1.358574e+00
406	4.601974e-01	4.734054e-01	1.474841e+00
407	3.460026e-01	3.321251e-01	2.850513e+00
408	6.858882e-01	5.359772e-01	2.543723e+00
409	4.666407e-01	5.070806e-01	1.170005e+00
410	4.753881e-01	5.695212e-01	2.011236e+00
411	4.178477e-01	4.786511e-01	2.982413e+00
412	7.139258e-01	3.338845e-01	1.578407e+00
413	4.982503e-01	4.150360e-01	2.904250e+00
414	4.733000e-01	5.188498e-01	2.948217e+00
415	4.831886e-01	5.145280e-01	1.856864e+00
416	4.773491e-01	5.097003e-01	1.780655e+00
417	4.706302e-01	4.997756e-01	1.223742e+00
418	4.689314e-01	4.741607e-01	2.928676e+00
419	4.748165e-01	5.050993e-01	1.055691e+00
420	4.980013e-01	5.315379e-01	2.823156e+00
421	4.683803e-01	5.216222e-01	2.886663e+00
422	4.844297e-01	5.081261e-01	1.391793e+00
423	3.975740e-01	5.715801e-01	1.467025e+00
424	4.775198e-01	5.490553e-01	1.512946e+00
425	3.329914e-01	5.713893e-01	1.960430e+00
426	3.775361e-01	5.831617e-01	2.254519e+00
427	4.512626e-01	4.366306e-01	2.899365e+00
428	4.386598e-01	5.108344e-01	1.247191e+00
429	4.665155e-01	5.012750e-01	1.802149e+00
430	4.660102e-01	5.250182e-01	1.663410e+00
431	4.610931e-01	5.021478e-01	2.556424e+00
433	4.533309e-01	5.082667e-01	2.475330e+00
434	4.763679e-01	4.916103e-01	2.923791e+00
435	6.365425e-01	6.181805e-01	2.906204e+00
437	4.411903e-01	4.569231e-01	2.476307e+00
438	5.194605e-01	4.996593e-01	2.065950e+00
439	4.762853e-01	5.127893e-01	1.983879e+00
440	5.306105e-01	6.168509e-01	1.637030e+00
441	3.939561e-01	7.406801e-01	1.338056e+00
442	5.136259e-01	6.295573e-01	2.406937e+00
443	6.917246e-01	3.403520e-01	1.422081e+00
444	4.589842e-01	5.288297e-01	2.956033e+00
445	4.616255e-01	5.162723e-01	2.601368e+00
446	8.044912e-01	6.066476e-01	1.846116e+00
447	4.724336e-01	5.081401e-01	1.264778e+00
448	4.883075e-01	5.939740e-01	1.119199e+00
449	4.691744e-01	4.331792e-01	1.956522e+00
450	5.760044e-01	8.920100e-01	2.971666e+00
451	4.657048e-01	5.157032e-01	2.149976e+00
452	6.009144e-01	5.176073e-01	1.574499e+00
453	4.675995e-01	7.344875e-01	1.775769e+00
455	4.690985e-01	4.915629e-01	2.984367e+00
456	4.653095e-01	4.283629e-01	1.577430e+00
457	4.480112e-01	6.182059e-01	2.955056e+00
458	4.863186e-01	5.120396e-01	2.865169e+00
459	4.917625e-01	7.940948e-01	1.672203e+00
461	6.964660e-01	4.304236e-01	2.513434e+00
462	4.680578e-01	5.359584e-01	1.853933e+00
463	4.310856e-01	4.590319e-01	2.858329e+00
464	5.148359e-01	6.827306e-01	1.574499e+00
465	5.180652e-01	5.286887e-01	1.432829e+00
466	4.651113e-01	5.167758e-01	1.500244e+00
467	4.210963e-01	6.868662e-01	1.323400e+00
468	4.558911e-01	5.127553e-01	2.147044e+00
469	4.616204e-01	4.953511e-01	2.698095e+00
470	4.823799e-01	5.192579e-01	1.364436e+00
471	5.574972e-01	7.409085e-01	2.076698e+00
472	4.646457e-01	5.207257e-01	2.011236e+00
473	5.445369e-01	6.826478e-01	1.215926e+00
474	4.716487e-01	5.442032e-01	2.299463e+00
475	5.085270e-01	4.727048e-01	1.683928e+00
476	4.578884e-01	5.313058e-01	2.081583e+00
477	4.574140e-01	4.857320e-01	2.350269e+00
478	4.263069e-01	5.028340e-01	2.728383e+00
479	4.569602e-01	6.871513e-01	1.194431e+00
480	4.432429e-01	3.883862e-01	2.515388e+00
481	3.969071e-01	7.845543e-01	1.865657e+00
482	4.805742e-01	5.481206e-01	1.802149e+00
483	4.521012e-01	5.758672e-01	1.367367e+00
484	4.553411e-01	4.303631e-01	1.148510e+00
485	4.851257e-01	4.461657e-01	2.427455e+00
486	4.738946e-01	6.026393e-01	2.196873e+00
487	3.788932e-01	4.825068e-01	2.386419e+00
488	4.691801e-01	5.516311e-01	1.294089e+00
489	4.861704e-01	5.841556e-01	1.687836e+00
490	5.650649e-01	5.535858e-01	1.146556e+00
491	3.103435e-01	5.155506e-01	1.597948e+00
492	5.005068e-01	5.593177e-01	2.412799e+00
493	5.722386e-01	6.501664e-01	1.227650e+00
494	4.217954e-01	4.351885e-01	2.522228e+00
495	4.972688e-01	4.835836e-01	1.437714e+00
496	4.677027e-01	5.825943e-01	1.523693e+00
497	5.591590e-01	4.557108e-01	1.221788e+00
498	5.108391e-01	4.507585e-01	1.652662e+00
499	4.707631e-01	4.072370e-01	1.269663e+00
500	4.751448e-01	5.110534e-01	2.967758e+00
501	4.776618e-01	5.186163e-01	2.546654e+00
502	3.944401e-01	3.567717e-01	1.818759e+00
503	4.836827e-01	5.257080e-01	1.919394e+00
504	4.699875e-01	5.064502e-01	2.563263e+00
505	4.906829e-01	3.274863e-01	1.451392e+00
506	5.559148e-01	4.912420e-01	1.718124e+00
507	4.720072e-01	4.976555e-01	1.207132e+00
508	4.690626e-01	5.111869e-01	1.236444e+00
509	4.253923e-01	4.983745e-01	2.622863e+00
510	6.748484e-01	4.005620e-01	2.549585e+00
511	4.635253e-01	5.232005e-01	2.966781e+00
512	4.803831e-01	3.833056e-01	2.395213e+00
513	4.014042e-01	5.409338e-01	1.534441e+00
514	4.182867e-01	7.220213e-01	1.550073e+00
515	4.584018e-01	5.122106e-01	1.610650e+00
516	1.441173e-01	3.544096e-01	1.612604e+00
517	4.931972e-01	5.132499e-01	1.086957e+00
518	3.758364e-01	4.082469e-01	2.282853e+00
519	1.859050e-01	9.799886e-02	1.573522e+00
520	4.756753e-01	5.331487e-01	2.497802e+00
521	4.808114e-01	4.976338e-01	1.752320e+00
523	4.657435e-01	5.479307e-01	1.209086e+00
524	4.468981e-01	3.967450e-01	2.755740e+00
525	5.897629e-01	5.023045e-01	1.499267e+00
526	4.484850e-01	5.378348e-01	1.014656e+00
527	5.555457e-01	5.330107e-01	2.891549e+00
528	4.755670e-01	5.107886e-01	2.478261e+00
529	4.377548e-01	3.520725e-01	1.898876e+00
530	4.963109e-01	5.235492e-01	1.188569e+00
531	4.860633e-01	4.967929e-01	2.785051e+00
532	4.806466e-01	5.108872e-01	2.945286e+00
533	5.100644e-01	5.660059e-01	2.458720e+00
534	5.987429e-01	4.739274e-01	2.673669e+00
535	4.563841e-01	5.273211e-01	1.399609e+00
536	5.000703e-01	4.881535e-01	2.604299e+00
537	4.678418e-01	5.107166e-01	1.529555e+00
538	4.720065e-01	5.129235e-01	2.823156e+00
539	4.470567e-01	4.423803e-01	2.826087e+00
540	4.353353e-01	4.502291e-01	2.844651e+00
541	5.388635e-01	5.004355e-01	2.290669e+00
542	4.243337e-01	5.072571e-01	2.570103e+00
543	4.941422e-01	5.106853e-01	2.396190e+00
544	4.492598e-01	4.881222e-01	1.318515e+00
545	4.668627e-01	4.274212e-01	2.605276e+00
546	7.249999e-01	4.350350e-01	2.683439e+00
547	4.724697e-01	5.357782e-01	1.587201e+00
548	4.868678e-01	5.884277e-01	1.375183e+00
549	5.074150e-01	5.576753e-01	2.298486e+00
550	6.387349e-01	5.826678e-01	1.285296e+00
551	4.729876e-01	5.252329e-01	2.983390e+00
552	5.707592e-01	4.778712e-01	1.195408e+00
553	4.658430e-01	5.336606e-01	2.414753e+00
554	3.138165e-01	4.502154e-01	1.843185e+00
555	4.546913e-01	5.831843e-01	2.396190e+00
556	4.443506e-01	4.586653e-01	3.000000e+00
557	4.586035e-01	5.322699e-01	2.728383e+00
559	4.705125e-01	5.016085e-01	1.944797e+00
560	4.604871e-01	4.994755e-01	2.883732e+00
561	4.516890e-01	6.920754e-01	2.383488e+00
562	5.458955e-01	5.414946e-01	2.506595e+00
563	4.581027e-01	4.928352e-01	1.786517e+00
564	3.879001e-01	5.175534e-01	2.893503e+00
565	4.788011e-01	5.105014e-01	2.981436e+00
566	4.952658e-01	5.513654e-01	2.663898e+00
567	4.799423e-01	4.928916e-01	2.227162e+00
568	4.934945e-01	5.238524e-01	1.527601e+00
569	4.840175e-01	6.831479e-01	2.610161e+00
570	8.278658e-01	1.871695e-01	1.058622e+00
571	4.704124e-01	5.160882e-01	2.782120e+00
573	4.505001e-01	5.340093e-01	2.109917e+00
574	4.704669e-01	5.392692e-01	2.074744e+00
575	4.675677e-01	5.033002e-01	2.319003e+00
576	5.079820e-01	4.632355e-01	1.290181e+00
577	4.319165e-01	4.230096e-01	1.286273e+00
578	4.968383e-01	4.241613e-01	1.881290e+00
579	4.730683e-01	5.372210e-01	1.664387e+00
580	7.152744e-01	4.209966e-01	1.242306e+00
581	4.218344e-01	5.241295e-01	1.927211e+00
582	4.680581e-01	5.159119e-01	2.820225e+00
583	4.015153e-01	3.803301e-01	2.792868e+00
584	4.735132e-01	5.434610e-01	1.201270e+00
585	4.792152e-01	5.509710e-01	1.898876e+00
586	4.765565e-01	5.118741e-01	1.782609e+00
587	4.808727e-01	5.468981e-01	1.561798e+00
588	4.715044e-01	5.179339e-01	2.282853e+00
589	4.777721e-01	4.185894e-01	2.210552e+00
590	5.015884e-01	5.857142e-01	1.020518e+00
591	4.715818e-01	5.185443e-01	1.784563e+00
592	4.691187e-01	5.190124e-01	1.275525e+00
593	4.890807e-01	5.283331e-01	1.212995e+00
594	4.153468e-01	5.278854e-01	2.964827e+00
595	4.548954e-01	5.533103e-01	2.079629e+00
596	2.360513e-01	3.747691e-01	1.187592e+00
597	5.073819e-01	4.865676e-01	1.258915e+00
598	4.385411e-01	4.720292e-01	1.999511e+00
599	4.717187e-01	5.226220e-01	1.264778e+00
600	4.705110e-01	5.265168e-01	1.110405e+00
601	5.711216e-01	8.844402e-01	1.107474e+00
602	4.504293e-01	6.084017e-01	1.070347e+00
603	4.747674e-01	5.236809e-01	2.400098e+00
604	4.625760e-01	4.591208e-01	2.871031e+00
605	4.727828e-01	5.232953e-01	2.739130e+00
606	4.902754e-01	5.048384e-01	2.061065e+00
607	7.741978e-01	6.586616e-01	1.073278e+00
608	4.680116e-01	5.441540e-01	2.799707e+00
609	5.113376e-01	4.417573e-01	2.010259e+00
610	4.040155e-01	5.472752e-01	1.700537e+00
611	4.756100e-01	5.350116e-01	1.339033e+00
612	4.446230e-01	4.687645e-01	2.227162e+00
613	7.173737e-01	2.290782e-01	2.482169e+00
614	4.488263e-01	5.255927e-01	2.958964e+00
615	6.066352e-01	5.641373e-01	1.443576e+00
616	4.464949e-01	4.420956e-01	2.381534e+00
617	4.878884e-01	6.550460e-01	1.971177e+00
618	4.690139e-01	5.001218e-01	2.960918e+00
619	2.628690e-01	3.082668e-01	1.812897e+00
620	4.395306e-01	5.632176e-01	1.170982e+00
621	4.653025e-01	3.341838e-01	1.277479e+00
622	5.041414e-01	5.507759e-01	1.176844e+00
623	4.873148e-01	4.058966e-01	1.636053e+00
624	5.275220e-01	6.136950e-01	2.336590e+00
625	4.159156e-01	5.371880e-01	1.343918e+00
626	4.888257e-01	5.038768e-01	1.905716e+00
627	4.532019e-01	5.024852e-01	1.784563e+00
628	4.749752e-01	5.170433e-01	2.063996e+00
629	4.647946e-01	5.113559e-01	2.497802e+00
630	3.906510e-01	4.643108e-01	2.870054e+00
631	4.860811e-01	5.785712e-01	1.729849e+00
632	4.611265e-01	5.003580e-01	2.290669e+00
633	4.713442e-01	5.184550e-01	2.841720e+00
634	4.725229e-01	5.141423e-01	2.195896e+00
635	4.544369e-01	4.869852e-01	1.601856e+00
636	4.672652e-01	4.920371e-01	2.449927e+00
637	4.866545e-01	5.112439e-01	1.462140e+00
638	4.719939e-01	5.146140e-01	2.041524e+00
639	4.717999e-01	5.177898e-01	2.061065e+00
640	2.321197e-01	3.880527e-01	2.130435e+00
641	4.439457e-01	7.490294e-01	2.205667e+00
642	4.703653e-01	5.336816e-01	2.184172e+00
643	4.987610e-01	5.634689e-01	2.747924e+00
644	4.003805e-01	4.564764e-01	2.909135e+00
645	4.703458e-01	5.262892e-01	2.777235e+00
646	4.986252e-01	4.643156e-01	1.295066e+00
647	5.373606e-01	5.535202e-01	1.050806e+00
648	5.779169e-01	4.040534e-01	1.191500e+00
649	4.686435e-01	5.217719e-01	1.198339e+00
650	4.845376e-01	5.276997e-01	2.656082e+00
651	4.526949e-01	4.993055e-01	1.692721e+00
652	4.339672e-01	4.837392e-01	2.330728e+00
653	4.655094e-01	5.459386e-01	1.906693e+00
654	4.943350e-01	5.166748e-01	2.192965e+00
655	5.068390e-01	5.518356e-01	1.200293e+00
656	4.776102e-01	5.039550e-01	2.361016e+00
657	4.643017e-01	6.205084e-01	2.080606e+00
658	4.830795e-01	5.401504e-01	2.017098e+00
659	4.025656e-01	5.632784e-01	2.191011e+00
660	6.846215e-01	6.081457e-01	1.667318e+00
661	3.239072e-01	2.923732e-01	2.229116e+00
662	4.935696e-01	4.918249e-01	1.188569e+00
663	4.878924e-01	5.267632e-01	2.714704e+00
664	4.574561e-01	4.693016e-01	1.979971e+00
665	4.747043e-01	5.014136e-01	2.954079e+00
666	1.538303e-01	1.822642e-01	1.803127e+00
667	4.508737e-01	5.515195e-01	1.039082e+00
668	9.421580e-01	3.820799e-01	1.893014e+00
669	4.696006e-01	5.370840e-01	1.778701e+00
670	9.521668e-01	4.145530e-01	1.807035e+00
671	4.618886e-01	4.755201e-01	1.102589e+00
672	3.421294e-01	3.594531e-01	1.879336e+00
673	4.694577e-01	5.642623e-01	1.984856e+00
674	4.734291e-01	5.162192e-01	2.238886e+00
675	4.818724e-01	4.952812e-01	2.868100e+00
676	4.731936e-01	5.180196e-01	2.748901e+00
677	3.814324e-01	6.159677e-01	1.578407e+00
678	4.650234e-01	4.788934e-01	1.621397e+00
679	4.724382e-01	5.217447e-01	2.657059e+00
680	4.554707e-01	4.665888e-01	2.404983e+00
681	4.453033e-01	5.603453e-01	2.272106e+00
682	4.400296e-01	6.003180e-01	1.463117e+00
683	4.663492e-01	5.106255e-01	2.316072e+00
684	4.753462e-01	5.353668e-01	2.334636e+00
685	4.366915e-01	4.330544e-01	1.365413e+00
686	3.628407e-01	5.404496e-01	2.105032e+00
687	4.751071e-01	4.611000e-01	1.339033e+00
688	4.629304e-01	5.007657e-01	2.932584e+00
689	4.765784e-01	5.091129e-01	2.378603e+00
690	4.759958e-01	5.030699e-01	1.833415e+00
691	6.683760e-01	4.982628e-01	1.663410e+00
692	5.328318e-01	5.339178e-01	2.251588e+00
693	5.133527e-01	6.296101e-01	1.766976e+00
694	4.848485e-01	4.605988e-01	1.575476e+00
695	3.586107e-01	7.167422e-01	2.771373e+00
696	4.810713e-01	5.261072e-01	2.787005e+00
697	4.625734e-01	5.259029e-01	1.959453e+00
698	4.946362e-01	5.496078e-01	2.187103e+00
699	4.737881e-01	5.155467e-01	2.430386e+00
700	4.941880e-01	4.259825e-01	2.679531e+00
701	4.653254e-01	4.758619e-01	2.191988e+00
702	5.092938e-01	5.065886e-01	2.945286e+00
703	4.716305e-01	5.092653e-01	2.793845e+00
704	4.597790e-01	4.803730e-01	2.132389e+00
705	3.531868e-01	2.392171e-01	1.627259e+00
706	4.765474e-01	5.244211e-01	1.623351e+00
707	4.694706e-01	5.186471e-01	2.772350e+00
708	4.784749e-01	5.235275e-01	1.552027e+00
709	3.565696e-01	5.719403e-01	1.180752e+00
710	4.704769e-01	5.248766e-01	1.632145e+00
711	1.696394e-01	6.411102e-02	1.680997e+00
712	4.593599e-01	5.395025e-01	2.828041e+00
713	7.438579e-01	4.592656e-01	1.703468e+00
714	1.918033e-01	3.016194e-01	1.471910e+00
715	4.627660e-01	5.180446e-01	2.368832e+00
716	4.590761e-01	5.058579e-01	1.961407e+00
717	4.762368e-01	5.144768e-01	1.756229e+00
718	4.787645e-01	5.363333e-01	2.987298e+00
719	4.795559e-01	5.143049e-01	2.332682e+00
720	4.794789e-01	4.951133e-01	1.097704e+00
721	4.454193e-01	3.801299e-01	1.954568e+00
722	4.679516e-01	5.180103e-01	1.704446e+00
723	4.738442e-01	5.165041e-01	1.853933e+00
724	4.169735e-01	4.467069e-01	2.829995e+00
725	5.404053e-01	5.466979e-01	2.232047e+00
726	4.857098e-01	5.598262e-01	2.587689e+00
727	5.978354e-01	7.860381e-01	2.698095e+00
729	4.399397e-01	4.997453e-01	1.212995e+00
730	4.779741e-01	6.305415e-01	1.502198e+00
731	4.699772e-01	5.168320e-01	2.614069e+00
732	5.392697e-01	3.156895e-01	2.880801e+00
733	4.646437e-01	5.057299e-01	1.956522e+00
734	4.551108e-01	6.206499e-01	2.745970e+00
735	5.749224e-01	4.522851e-01	1.179775e+00
736	4.264831e-01	4.873405e-01	1.935027e+00
737	4.911516e-01	5.102168e-01	1.975085e+00
738	4.583274e-01	4.896058e-01	1.067416e+00
739	4.758020e-01	5.419250e-01	2.024915e+00
740	4.168215e-01	5.430518e-01	2.810454e+00
741	4.766664e-01	5.795215e-01	2.428432e+00
742	4.511767e-01	5.531640e-01	1.957499e+00
743	5.396662e-01	6.004444e-01	2.306302e+00
744	4.585743e-01	5.052555e-01	2.557401e+00
745	4.574069e-01	4.361931e-01	1.243283e+00
746	4.634408e-01	5.598811e-01	2.429409e+00
747	4.420178e-01	5.033155e-01	2.523205e+00
748	4.512708e-01	5.215035e-01	2.842697e+00
749	4.709787e-01	5.170178e-01	2.247680e+00
750	4.669897e-01	5.643903e-01	2.000489e+00
751	4.673288e-01	4.849433e-01	2.446019e+00
752	4.715308e-01	5.153641e-01	2.360039e+00
753	3.786320e-01	5.026009e-01	2.567171e+00
754	4.770874e-01	5.092167e-01	2.415730e+00
755	4.400055e-01	5.264325e-01	1.989741e+00
756	4.793330e-01	5.176767e-01	2.908158e+00
757	5.409307e-01	6.480721e-01	2.731314e+00
758	4.649129e-01	5.151266e-01	2.544700e+00
759	4.739954e-01	5.170415e-01	2.890572e+00
760	4.742771e-01	5.167898e-01	1.654617e+00
761	4.738309e-01	5.174841e-01	1.008793e+00
762	4.816919e-01	5.235764e-01	1.260870e+00
763	3.606365e-01	6.562654e-01	1.347826e+00
764	4.559842e-01	5.090100e-01	1.325354e+00
765	4.737233e-01	5.100057e-01	1.420127e+00
766	5.055279e-01	7.007227e-01	2.845628e+00
767	4.438992e-01	4.440362e-01	1.853933e+00
768	4.694689e-01	5.178183e-01	1.303859e+00
769	4.646201e-01	6.516101e-01	1.294089e+00
770	5.218312e-01	7.287928e-01	1.675134e+00
771	4.975669e-01	5.495700e-01	2.417684e+00
772	4.571860e-01	4.948889e-01	2.053249e+00
773	4.593665e-01	5.152879e-01	1.276502e+00
774	2.040066e-01	4.773367e-01	2.779189e+00
775	1.118945e-01	4.345851e-01	1.984856e+00
776	7.756910e-01	6.449553e-01	2.295554e+00
777	4.712080e-01	5.243470e-01	1.652662e+00
778	4.708050e-01	5.082725e-01	2.464582e+00
779	4.664219e-01	5.202764e-01	1.763068e+00
780	4.853405e-01	5.392336e-01	2.026869e+00
781	4.796294e-01	5.072657e-01	1.160234e+00
782	5.758643e-01	4.173908e-01	2.302394e+00
783	4.996115e-01	4.978083e-01	1.384954e+00
784	4.433878e-01	5.834773e-01	2.598437e+00
785	3.923381e-01	5.376602e-01	2.130435e+00
786	4.964392e-01	5.034736e-01	1.690767e+00
787	4.729630e-01	5.435861e-01	1.940889e+00
788	4.719689e-01	5.254108e-01	2.099170e+00
