788
0	9.330150e-01	4.341120e-01	1.398632e+00
1	4.452376e-01	4.641638e-01	1.108451e+00
2	4.706199e-01	4.045727e-01	2.925745e+00
3	6.667625e-01	4.797760e-01	2.732291e+00
4	7.480004e-01	1.796606e-01	1.257938e+00
5	7.178488e-01	3.719721e-01	2.424524e+00
6	8.688561e-01	1.624879e-01	1.383000e+00
7	4.394114e-01	5.793905e-01	2.705911e+00
8	6.543521e-01	5.985014e-01	2.442110e+00
9	6.228173e-01	5.455219e-01	2.233024e+00
10	6.040121e-01	4.050039e-01	2.376649e+00
11	6.618427e-01	6.158967e-01	1.556913e+00
12	9.310426e-01	2.981067e-01	2.950171e+00
13	4.858111e-01	6.208022e-01	1.066439e+00
14	5.450126e-01	5.272940e-01	1.626282e+00
15	6.075658e-01	3.913070e-01	1.306790e+00
16	5.893267e-01	5.699422e-01	2.902296e+00
17	5.516868e-01	5.077407e-01	1.195408e+00
18	6.120992e-01	3.793727e-01	1.785540e+00
19	5.713194e-01	5.481494e-01	1.248168e+00
20	5.693119e-01	4.348199e-01	1.863703e+00
21	2.719022e-01	3.249463e-01	2.671715e+00
22	6.065485e-01	5.664865e-01	2.487054e+00
23	5.025390e-01	4.128211e-01	1.946751e+00
24	2.755411e-01	6.789392e-01	1.303859e+00
25	6.893690e-01	4.004322e-01	2.152907e+00
26	6.189327e-01	5.040498e-01	1.388862e+00
27	6.095196e-01	5.184544e-01	1.591109e+00
28	5.567054e-01	5.746370e-01	2.205667e+00
29	5.275555e-01	5.091143e-01	2.181241e+00
30	5.806744e-01	3.147232e-01	1.475818e+00
31	4.828021e-01	5.420557e-01	2.309233e+00
32	6.244827e-01	5.541926e-01	2.073766e+00
33	4.576007e-01	4.899642e-01	2.331705e+00
34	6.212856e-01	5.793001e-01	1.126038e+00
35	2.670184e-01	6.707784e-01	2.235955e+00
36	5.522830e-01	3.623666e-01	2.805569e+00
37	6.205481e-01	5.902104e-01	2.555447e+00
38	6.335092e-01	6.145489e-01	2.559355e+00
39	5.558466e-01	4.963695e-01	1.895945e+00
40	3.655020e-01	5.836691e-01	1.282364e+00
41	6.233905e-01	3.866137e-01	2.750855e+00
42	6.373374e-01	5.615178e-01	2.412799e+00
43	6.376636e-01	5.640121e-01	2.557401e+00
44	6.856008e-01	5.495682e-01	1.648754e+00
45	5.786915e-01	3.826156e-01	1.721055e+00
46	6.184556e-01	4.495103e-01	2.588666e+00
47	6.209373e-01	5.621892e-01	1.525647e+00
48	5.753945e-01	4.639021e-01	2.751832e+00
49	5.382499e-01	1.644334e-01	2.625794e+00
50	5.983428e-01	5.802564e-01	1.663410e+00
51	5.920067e-01	5.683625e-01	2.560332e+00
52	5.300299e-01	5.590178e-01	1.696629e+00
53	5.562932e-01	6.130469e-01	1.506106e+00
54	5.975213e-01	5.292506e-01	2.675623e+00
55	6.725959e-01	6.350245e-01	2.497802e+00
57	7.552339e-01	1.819572e-01	2.361993e+00
58	7.730098e-01	3.248490e-01	1.866634e+00
59	5.832227e-01	5.523941e-01	2.930630e+00
60	5.361727e-01	6.573367e-01	1.503175e+00
61	6.594711e-01	6.140570e-01	2.449927e+00
62	6.445948e-01	5.717794e-01	2.831949e+00
63	5.381274e-01	4.793008e-01	2.317049e+00
64	5.940235e-01	4.736491e-01	2.353200e+00
65	6.220656e-01	5.466245e-01	2.575965e+00
66	6.275259e-01	3.189917e-01	2.922814e+00
67	5.261616e-01	6.101290e-01	2.289692e+00
68	6.841832e-01	5.805683e-01	2.766488e+00
69	5.954251e-01	5.670416e-01	1.522716e+00
70	3.343528e-01	4.290832e-01	2.769419e+00
71	6.148003e-01	6.389401e-01	1.110405e+00
72	5.262707e-01	5.096415e-01	1.412311e+00
73	6.106845e-01	3.960014e-01	1.951637e+00
74	4.066254e-01	5.774311e-01	1.449438e+00
75	3.287596e-01	5.046681e-01	2.176356e+00
76	5.752485e-01	5.991718e-01	1.212995e+00
77	6.261261e-01	4.423848e-01	1.872496e+00
78	6.549878e-01	5.695064e-01	1.606742e+00
79	6.755517e-01	8.050281e-01	1.183683e+00
80	5.595753e-01	4.828545e-01	2.736199e+00
81	5.897811e-01	5.648141e-01	1.617489e+00
82	3.954231e-01	4.181264e-01	2.456766e+00
83	5.252967e-01	6.757016e-01	1.406448e+00
84	1.721559e-01	4.761124e-01	2.453835e+00
85	6.640747e-01	5.719308e-01	2.712750e+00
86	6.281974e-01	5.339527e-01	2.877870e+00
87	6.714486e-01	3.494979e-01	1.533464e+00
88	3.298717e-01	2.941694e-01	2.169516e+00
89	5.915685e-01	3.982707e-01	2.483146e+00
90	5.764709e-01	4.629264e-01	1.538349e+00
91	6.435029e-01	5.407430e-01	1.117245e+00
92	6.103546e-01	5.990637e-01	2.709819e+00
93	6.537440e-01	5.070776e-01	2.929653e+00
94	6.134408e-01	5.150257e-01	2.125550e+00
95	5.808585e-01	6.052258e-01	2.148999e+00
96	6.265027e-01	5.140328e-01	1.206155e+00
97	5.877607e-01	4.150424e-01	2.689301e+00
98	5.935601e-01	5.728473e-01	1.997557e+00
99	4.294683e-01	3.425424e-01	1.753298e+00
100	6.435940e-01	6.098768e-01	1.491451e+00
101	5.930788e-01	5.680481e-01	2.381534e+00
102	3.464622e-01	1.896813e-01	1.837323e+00
103	6.246470e-01	4.166216e-01	2.723498e+00
104	7.418534e-01	7.160495e-01	1.216903e+00
105	5.325396e-01	5.313652e-01	1.385931e+00
106	2.900780e-01	4.515344e-01	1.094773e+00
107	6.114512e-01	5.868905e-01	1.887152e+00
108	5.364515e-01	4.347749e-01	1.869565e+00
109	4.467493e-01	4.673148e-01	2.657059e+00
110	5.660251e-01	4.822944e-01	1.905716e+00
111	7.932574e-01	4.314167e-01	2.319980e+00
112	2.837432e-01	3.802199e-01	1.549096e+00
113	6.015150e-01	4.352435e-01	1.155349e+00
114	6.230143e-01	6.651169e-01	1.261847e+00
115	6.111724e-01	3.741814e-01	1.308745e+00
116	8.894697e-02	2.896397e-01	1.148510e+00
117	5.897662e-01	6.016821e-01	1.865657e+00
118	6.209080e-01	4.512223e-01	2.988276e+00
119	7.142792e-01	5.784080e-01	1.479726e+00
120	6.841960e-01	3.515875e-01	2.095261e+00
121	5.785419e-01	4.687411e-01	2.442110e+00
122	5.292103e-01	3.728140e-01	1.070347e+00
123	6.447752e-01	5.843853e-01	1.417196e+00
124	5.856100e-01	5.511725e-01	2.817294e+00
125	5.538782e-01	7.170809e-01	1.164143e+00
126	5.818038e-01	4.642092e-01	2.738153e+00
127	3.862514e-01	3.839170e-01	2.338544e+00
128	5.962823e-01	5.677771e-01	1.282364e+00
129	6.361976e-01	6.176422e-01	2.676600e+00
130	5.968921e-01	5.671721e-01	2.443087e+00
131	8.350374e-01	7.741147e-02	2.375672e+00
132	4.613025e-01	4.389268e-01	1.220811e+00
133	3.575147e-01	4.943252e-01	2.407914e+00
134	6.848878e-01	4.451334e-01	2.277968e+00
135	6.323706e-01	5.463212e-01	2.409868e+00
136	4.667836e-01	4.090338e-01	2.083537e+00
137	6.072717e-01	3.158668e-01	2.286761e+00
138	3.712954e-01	4.935179e-01	1.194431e+00
139	6.177083e-01	3.994881e-01	2.818271e+00
140	6.946330e-01	3.012417e-01	2.827064e+00
141	5.866147e-01	5.093966e-01	1.684905e+00
142	6.220783e-01	5.517482e-01	1.999511e+00
143	6.036701e-01	6.097626e-01	1.956522e+00
144	6.991605e-01	5.757372e-01	2.323889e+00
145	5.689233e-01	4.808254e-01	2.501710e+00
146	5.326348e-01	4.185037e-01	2.395213e+00
147	2.998679e-01	3.874868e-01	2.719590e+00
148	6.004770e-01	5.701283e-01	2.937469e+00
149	7.579213e-01	1.779440e-01	2.803615e+00
150	7.197636e-01	5.572946e-01	1.794333e+00
151	4.558867e-01	3.864963e-01	2.611138e+00
152	6.194069e-01	4.086190e-01	1.724963e+00
153	5.788231e-01	6.344711e-01	1.983879e+00
154	6.229849e-01	5.457599e-01	2.181241e+00
155	4.814296e-01	4.123855e-01	1.295066e+00
156	4.387422e-01	6.700744e-01	1.970200e+00
157	6.132394e-01	4.207364e-01	2.387396e+00
158	4.659191e-01	5.203731e-01	2.386419e+00
159	4.433579e-01	5.735593e-01	2.647289e+00
160	6.322813e-01	6.019818e-01	1.686859e+00
161	2.789249e-01	4.205054e-01	1.553981e+00
162	5.829520e-01	5.915398e-01	1.764045e+00
163	4.495517e-01	4.837421e-01	1.632145e+00
164	6.033707e-01	5.735137e-01	1.235467e+00
165	6.458274e-01	5.764340e-01	2.251588e+00
166	5.777706e-01	6.022191e-01	1.751343e+00
167	4.353477e-01	5.560278e-01	1.715193e+00
168	6.208609e-01	5.480419e-01	2.109917e+00
169	5.721911e-01	4.859506e-01	2.137274e+00
170	6.078320e-01	3.143532e-01	2.099170e+00
171	6.059577e-01	4.432452e-01	2.057157e+00
172	5.873172e-01	4.695355e-01	2.246702e+00
173	4.821122e-01	4.842882e-01	1.894968e+00
174	7.813456e-01	4.619136e-01	2.453835e+00
175	5.501700e-01	5.483506e-01	2.834880e+00
176	5.033086e-01	5.829768e-01	2.215437e+00
177	6.307050e-01	5.859589e-01	2.153884e+00
178	6.464230e-01	5.797668e-01	2.475330e+00
179	6.157300e-01	1.535270e-01	1.274548e+00
180	4.189736e-01	4.829536e-01	2.127504e+00
181	6.372990e-01	5.671845e-01	1.790425e+00
182	5.245680e-01	4.496862e-01	1.736688e+00
183	8.505186e-01	1.674139e-01	1.692721e+00
184	6.629890e-01	3.890338e-01	2.042501e+00
185	8.219655e-01	1.732913e-01	1.468979e+00
186	5.907075e-01	4.673998e-01	1.784563e+00
187	9.103776e-01	8.230052e-01	2.653151e+00
188	6.016295e-01	4.731410e-01	1.839277e+00
189	5.848172e-01	5.346462e-01	1.175867e+00
190	4.091575e-01	4.389037e-01	2.807523e+00
191	5.076727e-01	4.927545e-01	2.811431e+00
192	6.229840e-01	3.407841e-01	1.192477e+00
193	3.485266e-01	4.940939e-01	1.620420e+00
194	4.150784e-01	4.281776e-01	2.624817e+00
195	6.051757e-01	5.511364e-01	2.806546e+00
196	6.377683e-01	6.236420e-01	1.763068e+00
197	3.571064e-01	2.349122e-01	2.060088e+00
198	6.902130e-01	3.603112e-01	2.458720e+00
199	7.032409e-01	2.791847e-01	2.463605e+00
200	3.956186e-01	3.867842e-01	1.141671e+00
201	6.864216e-01	3.676393e-01	1.146556e+00
202	7.087576e-01	2.994329e-01	1.395701e+00
203	6.557846e-01	6.101564e-01	1.755252e+00
204	5.248678e-01	5.228890e-01	2.901319e+00
205	7.678542e-01	1.695480e-01	2.123596e+00
206	3.892806e-01	3.780253e-01	1.652662e+00
207	5.811792e-01	5.640067e-01	1.199316e+00
208	6.274433e-01	5.724953e-01	2.170493e+00
209	5.812130e-01	1.793008e-01	2.733268e+00
210	4.647756e-01	5.659157e-01	1.545188e+00
211	5.520283e-01	4.201863e-01	1.376160e+00
212	6.626486e-01	5.601500e-01	1.621397e+00
213	6.428083e-01	5.978589e-01	1.883244e+00
214	5.943534e-01	5.272586e-01	1.612604e+00
215	6.071730e-01	5.053656e-01	2.909135e+00
216	6.290702e-01	5.841357e-01	1.354665e+00
217	6.406185e-01	5.544199e-01	2.770396e+00
218	5.229954e-01	4.424381e-01	2.148999e+00
219	5.650157e-01	5.763538e-01	2.624817e+00
220	4.090432e-01	4.392840e-01	2.697118e+00
221	5.858862e-01	4.688160e-01	1.938935e+00
222	5.029573e-01	5.334398e-01	1.854910e+00
223	3.241292e-01	2.976288e-01	2.625794e+00
224	6.299895e-01	5.716005e-01	2.984367e+00
225	6.772064e-01	4.039474e-01	2.693210e+00
226	6.532899e-01	5.986255e-01	2.276014e+00
227	5.809065e-01	4.074631e-01	1.245237e+00
228	6.049622e-01	5.570363e-01	1.489497e+00
229	6.649312e-01	5.561524e-01	2.305325e+00
230	5.764358e-01	5.387192e-01	2.689301e+00
231	6.681225e-01	6.265584e-01	1.346849e+00
232	6.371298e-01	5.068016e-01	2.447973e+00
233	4.703254e-01	4.113662e-01	1.591109e+00
234	3.258841e-01	4.589940e-01	1.931119e+00
235	5.713803e-01	5.512633e-01	2.687347e+00
236	6.030819e-01	5.671113e-01	2.787982e+00
237	5.445134e-01	4.930923e-01	1.510015e+00
238	5.364375e-01	4.914760e-01	2.193942e+00
239	6.054564e-01	5.370230e-01	2.918906e+00
240	6.434848e-01	5.844824e-01	1.734734e+00
241	6.127839e-01	4.111261e-01	1.119199e+00
242	6.211785e-01	5.907206e-01	1.631168e+00
243	7.001369e-01	5.730712e-01	1.258915e+00
244	5.657779e-01	4.920172e-01	2.458720e+00
245	3.551431e-01	3.615730e-01	2.134343e+00
246	5.981835e-01	5.723914e-01	2.662921e+00
247	5.842755e-01	4.695441e-01	2.924768e+00
248	6.221426e-01	5.734373e-01	2.983390e+00
249	7.106247e-01	7.969072e-02	2.305325e+00
250	6.634027e-01	2.664461e-01	2.763556e+00
251	6.624031e-01	1.321365e-01	2.374695e+00
252	3.700315e-01	4.377739e-01	1.703468e+00
253	7.134366e-01	5.604119e-01	1.246214e+00
254	5.824990e-01	5.495819e-01	2.925745e+00
255	6.357520e-01	6.097136e-01	1.857841e+00
256	6.064432e-01	5.872386e-01	2.601368e+00
257	6.814675e-01	5.744180e-01	2.413776e+00
258	4.535237e-01	4.449786e-01	2.569126e+00
259	3.833085e-01	4.654781e-01	1.865657e+00
260	6.141879e-01	5.551581e-01	2.574988e+00
261	5.966247e-01	5.259550e-01	1.598925e+00
262	4.287383e-01	6.630109e-01	2.264289e+00
263	1.608630e-01	4.807181e-01	1.176844e+00
264	6.635112e-01	5.579918e-01	1.061553e+00
265	6.174897e-01	5.569656e-01	2.526136e+00
266	6.445669e-01	4.739530e-01	1.928188e+00
267	6.164450e-01	5.847069e-01	2.006351e+00
268	6.402158e-01	5.462420e-01	1.041036e+00
269	5.711797e-01	3.992940e-01	1.793356e+00
270	7.483191e-01	1.991262e-01	1.860772e+00
271	5.124068e-01	4.094389e-01	1.389839e+00
272	5.727016e-01	5.709047e-01	1.052760e+00
273	7.470591e-01	1.994663e-01	1.156326e+00
274	2.656521e-01	1.888675e-01	1.981925e+00
275	5.980611e-01	5.556741e-01	2.256473e+00
276	7.151738e-01	3.211190e-01	2.368832e+00
277	6.326834e-01	6.185164e-01	2.024915e+00
278	6.119071e-01	5.901870e-01	1.266732e+00
279	3.514858e-01	4.928711e-01	1.348803e+00
280	3.347132e-01	1.779921e-01	2.472399e+00
281	2.670277e-01	4.444605e-01	2.288715e+00
282	5.768755e-01	4.758657e-01	2.745970e+00
283	3.714862e-01	5.902099e-01	2.490962e+00
284	2.733198e-01	2.073988e-01	2.515388e+00
285	4.399051e-01	1.451971e-01	1.545188e+00
286	6.460810e-01	5.791569e-01	2.662921e+00
287	7.154712e-01	4.374063e-01	2.264289e+00
288	3.716945e-01	3.895508e-01	2.905227e+00
289	2.977787e-01	2.418386e-01	1.058622e+00
290	3.829149e-01	5.268809e-01	2.152907e+00
291	7.146277e-01	9.463784e-02	2.784074e+00
292	5.835587e-01	5.656011e-01	2.445042e+00
293	3.253610e-01	4.228334e-01	2.852467e+00
294	5.773716e-01	4.760591e-01	2.070835e+00
295	6.872489e-01	6.031065e-01	1.406448e+00
296	4.801929e-01	5.818414e-01	1.751343e+00
297	6.465311e-01	3.281502e-01	2.077675e+00
298	3.916045e-01	4.196931e-01	1.601856e+00
299	3.247002e-01	6.490170e-01	2.048363e+00
300	3.302071e-01	2.923424e-01	2.781143e+00
301	5.955390e-01	5.616769e-01	2.779189e+00
302	7.201464e-01	2.815691e-01	2.617978e+00
303	7.313031e-01	1.425344e-01	1.698583e+00
304	3.847940e-01	4.389405e-01	1.948705e+00
305	6.459224e-01	5.760599e-01	1.416219e+00
306	3.588325e-01	3.939399e-01	1.745481e+00
307	5.530089e-01	5.460685e-01	2.291646e+00
308	8.728135e-02	3.974432e-01	1.868588e+00
309	6.807201e-01	4.577656e-01	2.511480e+00
310	6.256800e-01	5.782821e-01	2.596483e+00
311	5.921105e-01	4.365806e-01	2.855398e+00
312	6.344855e-01	4.796324e-01	1.312653e+00
313	7.510824e-01	1.830594e-01	1.787494e+00
314	5.568198e-01	4.899283e-01	2.252565e+00
315	7.148370e-01	4.411289e-01	1.978017e+00
316	6.523027e-01	5.855495e-01	2.965804e+00
317	6.556107e-01	6.046125e-01	2.221299e+00
318	5.166184e-01	4.797261e-01	1.701514e+00
319	7.171792e-01	5.176104e-01	1.135809e+00
320	6.024891e-01	4.068271e-01	2.997069e+00
321	6.953371e-01	8.011295e-02	2.470445e+00
322	3.404425e-01	3.223844e-01	2.362970e+00
323	6.342734e-01	5.667202e-01	2.553493e+00
324	4.772708e-01	4.153112e-01	1.347826e+00
325	1.926907e-01	7.407166e-02	2.896434e+00
326	6.625657e-01	5.347114e-01	1.857841e+00
327	6.686659e-01	5.835777e-01	1.669272e+00
328	6.320480e-01	6.020696e-01	1.726917e+00
329	6.195606e-01	3.729205e-01	2.604299e+00
330	4.706827e-01	4.009986e-01	2.089399e+00
331	7.228909e-01	5.133248e-01	1.552027e+00
332	6.910106e-01	4.596513e-01	1.769907e+00
333	6.054995e-01	5.809643e-01	1.382022e+00
334	7.436901e-01	1.877779e-01	2.510503e+00
335	6.561469e-01	4.004312e-01	1.640938e+00
336	5.586924e-01	5.483256e-01	2.933561e+00
337	4.891510e-01	4.135495e-01	1.033219e+00
338	7.115891e-01	5.837087e-01	1.408403e+00
339	5.563988e-01	6.202626e-01	2.767465e+00
340	6.494036e-01	5.795740e-01	1.526624e+00
341	7.296992e-01	2.044324e-01	1.456277e+00
342	6.389964e-01	5.651541e-01	1.054714e+00
343	6.784201e-01	5.212801e-01	2.601368e+00
344	2.564722e-01	1.846925e-01	2.193942e+00
345	7.788309e-01	1.963633e-01	2.321935e+00
346	3.592396e-01	4.708073e-01	1.564729e+00
347	4.342272e-01	3.769913e-01	1.679043e+00
348	5.097917e-01	1.924936e-01	2.034685e+00
349	6.414829e-01	5.660552e-01	2.564240e+00
350	4.185827e-01	4.625802e-01	2.311187e+00
351	2.941993e-01	7.040128e-01	1.297997e+00
352	6.580573e-01	5.770726e-01	2.873962e+00
353	3.214084e-01	5.370614e-01	2.202736e+00
354	5.840085e-01	5.075529e-01	2.653151e+00
355	3.571441e-01	3.831359e-01	2.461651e+00
356	6.296997e-01	5.828466e-01	1.679043e+00
357	4.308905e-01	3.688578e-01	2.991207e+00
358	6.075526e-01	2.142353e-01	2.857352e+00
359	6.749143e-01	4.159530e-01	1.913532e+00
360	5.256612e-01	5.296837e-01	1.216903e+00
361	3.965475e-01	6.422540e-01	1.214949e+00
362	6.437878e-01	5.806246e-01	1.005862e+00
363	6.732090e-01	3.659573e-01	2.227162e+00
364	6.938592e-01	5.869234e-01	1.723009e+00
365	4.511956e-01	7.091192e-01	1.491451e+00
366	3.481466e-01	6.230955e-01	1.692721e+00
367	6.247347e-01	4.775087e-01	1.154372e+00
368	5.702053e-01	5.522775e-01	1.851001e+00
369	6.126721e-01	5.585867e-01	2.418661e+00
370	6.095967e-01	3.171181e-01	1.874450e+00
371	5.837057e-01	3.657970e-01	1.591109e+00
372	6.185263e-01	5.793203e-01	2.199805e+00
373	5.232809e-01	4.018033e-01	2.208598e+00
374	6.135951e-01	4.816365e-01	1.322423e+00
375	7.267841e-01	1.323718e-01	2.361016e+00
376	3.971131e-01	4.561947e-01	1.815828e+00
377	5.982680e-01	5.718929e-01	1.328285e+00
378	6.370724e-01	5.420272e-01	1.883244e+00
379	8.128823e-01	8.968071e-01	1.599902e+00
380	5.518023e-01	5.736918e-01	2.343429e+00
381	3.625575e-01	4.585609e-01	1.835369e+00
382	1.725433e-01	8.370084e-01	1.065462e+00
383	5.474571e-01	4.803602e-01	1.698583e+00
384	4.191459e-01	3.638631e-01	2.761602e+00
385	6.137589e-01	4.461578e-01	1.961407e+00
386	6.755101e-01	5.771374e-01	2.449927e+00
387	5.737862e-01	4.908412e-01	2.669761e+00
388	2.349832e-01	3.253914e-01	2.597460e+00
389	5.328330e-01	5.532296e-01	2.960918e+00
390	5.572852e-01	5.363503e-01	1.655594e+00
391	6.845748e-01	5.207738e-01	2.572057e+00
392	6.306401e-01	5.864148e-01	1.234489e+00
393	5.938215e-01	6.032612e-01	1.607719e+00
394	5.679872e-01	5.572235e-01	2.643381e+00
395	3.853584e-01	6.274000e-01	1.233512e+00
396	2.758635e-01	4.027929e-01	2.058134e+00
397	3.874048e-01	6.201661e-01	1.083048e+00
398	3.340556e-01	4.316442e-01	2.453835e+00
399	5.301885e-01	3.790567e-01	2.169516e+00
400	5.725779e-01	4.714844e-01	1.634099e+00
401	3.190424e-01	4.909977e-01	1.314607e+00
402	5.908617e-01	4.611894e-01	2.292623e+00
403	5.118392e-01	5.144198e-01	1.759160e+00
404	5.175673e-01	4.070199e-01	2.942355e+00
405	6.586298e-01	5.690254e-01	1.358574e+00
406	6.305794e-01	5.935125e-01	1.474841e+00
407	3.262967e-01	2.527413e-01	2.850513e+00
408	5.204314e-01	5.434413e-01	2.543723e+00
409	5.999049e-01	5.352849e-01	1.170005e+00
410	6.609353e-01	5.668537e-01	2.011236e+00
411	4.838388e-01	5.788183e-01	2.982413e+00
412	2.088676e-01	4.397210e-01	1.578407e+00
413	6.428712e-01	4.855050e-01	2.904250e+00
414	6.057069e-01	5.882425e-01	2.948217e+00
415	5.955479e-01	5.392704e-01	1.856864e+00
416	7.113100e-01	5.448577e-01	1.780655e+00
417	4.344281e-01	3.722218e-01	1.223742e+00
418	6.029559e-01	5.115142e-01	2.928676e+00
419	6.212886e-01	5.706053e-01	1.055691e+00
420	6.050570e-01	5.081945e-01	2.823156e+00
421	6.104371e-01	5.582715e-01	2.886663e+00
422	6.064165e-01	5.938200e-01	1.391793e+00
423	3.757414e-01	5.547760e-01	1.467025e+00
424	5.525711e-01	5.549065e-01	1.512946e+00
425	3.315009e-01	2.172124e-01	1.960430e+00
426	3.262565e-01	2.200792e-01	2.254519e+00
427	3.269350e-01	2.960244e-01	2.899365e+00
428	5.614158e-01	4.710566e-01	1.247191e+00
429	6.407394e-01	5.495535e-01	1.802149e+00
430	6.830687e-01	5.690633e-01	1.663410e+00
431	2.887620e-01	2.570777e-01	2.556424e+00
432	3.247824e-01	2.238712e-01	2.947240e+00
433	6.323652e-01	5.440680e-01	2.475330e+00
434	4.860084e-01	4.127071e-01	2.923791e+00
435	5.296940e-01	4.422446e-01	2.906204e+00
436	7.607637e-02	8.913048e-01	2.668784e+00
437	6.269086e-01	5.727922e-01	2.476307e+00
438	5.903362e-01	3.991851e-01	2.065950e+00
439	5.983435e-01	5.623804e-01	1.983879e+00
440	3.670344e-01	3.938843e-01	1.637030e+00
441	7.125374e-01	6.326452e-01	1.338056e+00
442	6.898228e-01	4.097863e-01	2.406937e+00
443	4.152207e-01	4.354802e-01	1.422081e+00
444	6.769942e-01	3.857469e-01	2.956033e+00
445	6.466476e-01	5.785498e-01	2.601368e+00
446	6.296384e-01	5.505951e-01	1.846116e+00
447	6.519142e-01	5.930677e-01	1.264778e+00
448	6.577298e-01	4.833914e-01	1.119199e+00
449	7.202933e-01	5.303746e-01	1.956522e+00
450	3.521892e-01	4.390732e-01	2.971666e+00
451	6.217369e-01	5.514342e-01	2.149976e+00
452	4.107832e-01	5.561026e-01	1.574499e+00
453	5.728995e-01	5.426780e-01	1.775769e+00
454	8.736036e-01	6.311741e-01	1.542257e+00
455	5.847567e-01	4.723805e-01	2.984367e+00
456	6.298907e-01	5.893511e-01	1.577430e+00
457	6.300195e-01	5.490404e-01	2.955056e+00
458	5.525312e-01	6.219476e-01	2.865169e+00
459	6.356591e-01	5.508480e-01	1.672203e+00
460	6.083744e-01	5.904979e-01	1.198339e+00
461	4.555393e-01	2.431424e-01	2.513434e+00
462	5.577724e-01	5.276513e-01	1.853933e+00
463	4.862562e-01	5.057079e-01	2.858329e+00
464	6.760459e-01	5.783724e-01	1.574499e+00
465	6.023405e-01	3.282985e-01	1.432829e+00
466	5.824766e-01	4.435504e-01	1.500244e+00
467	9.008310e-01	3.305880e-01	1.323400e+00
468	6.005124e-01	5.517701e-01	2.147044e+00
469	6.184728e-01	5.019705e-01	2.698095e+00
470	6.459256e-01	5.535855e-01	1.364436e+00
471	6.303060e-01	5.640248e-01	2.076698e+00
472	6.050370e-01	5.612340e-01	2.011236e+00
473	6.263719e-01	4.365203e-01	1.215926e+00
474	5.891185e-01	5.012581e-01	2.299463e+00
475	6.072183e-01	6.035281e-01	1.683928e+00
476	5.708414e-01	5.364004e-01	2.081583e+00
477	5.596802e-01	5.249854e-01	2.350269e+00
478	3.219177e-01	2.731334e-01	2.728383e+00
479	5.274532e-01	4.902163e-01	1.194431e+00
480	6.561820e-01	5.787055e-01	2.515388e+00
481	3.969739e-01	6.600922e-01	1.865657e+00
482	4.539567e-01	1.554456e-01	1.802149e+00
483	5.780128e-01	4.647862e-01	1.367367e+00
484	7.172958e-01	3.717235e-01	1.148510e+00
485	6.172487e-01	4.412715e-01	2.427455e+00
486	5.764306e-01	4.700841e-01	2.196873e+00
487	4.664156e-01	3.716348e-01	2.386419e+00
488	7.369755e-01	4.189377e-01	1.294089e+00
489	5.976630e-01	5.865118e-01	1.687836e+00
490	6.010891e-01	3.218849e-01	1.146556e+00
491	7.270191e-01	5.552266e-01	1.597948e+00
492	6.209934e-01	3.438985e-01	2.412799e+00
493	7.695528e-01	2.579620e-01	1.227650e+00
494	6.817074e-01	5.786454e-01	2.522228e+00
495	6.060548e-01	4.433614e-01	1.437714e+00
496	6.033785e-01	4.783636e-01	1.523693e+00
497	5.647692e-01	4.229099e-01	1.221788e+00
498	3.299868e-01	3.073841e-01	1.652662e+00
499	6.487906e-01	5.843461e-01	1.269663e+00
500	5.685418e-01	5.579123e-01	2.967758e+00
501	6.053226e-01	4.994393e-01	2.546654e+00
502	3.421280e-01	6.632659e-01	1.818759e+00
503	6.333630e-01	5.114126e-01	1.919394e+00
504	6.394916e-01	5.540247e-01	2.563263e+00
505	4.528814e-01	6.641212e-01	1.451392e+00
506	2.511413e-01	4.371583e-01	1.718124e+00
507	5.945589e-01	5.464761e-01	1.207132e+00
508	6.260548e-01	5.891851e-01	1.236444e+00
509	6.318462e-01	5.920707e-01	2.622863e+00
510	4.537552e-01	5.745649e-01	2.549585e+00
511	5.691094e-01	5.594658e-01	2.966781e+00
512	5.685923e-01	3.892860e-01	2.395213e+00
513	6.197589e-01	5.999222e-01	1.534441e+00
514	8.039311e-01	1.321722e-01	1.550073e+00
515	6.545934e-01	2.905370e-01	1.610650e+00
516	7.378171e-01	3.358996e-01	1.612604e+00
517	5.863558e-01	5.346605e-01	1.086957e+00
518	5.224113e-01	4.421700e-01	2.282853e+00
519	1.396084e-01	9.281960e-02	1.573522e+00
520	5.998579e-01	4.390688e-01	2.497802e+00
521	5.539373e-01	4.596192e-01	1.752320e+00
522	3.528583e-01	3.082955e-01	1.589155e+00
523	7.253618e-01	3.484072e-01	1.209086e+00
524	6.201493e-01	5.558113e-01	2.755740e+00
525	4.624069e-01	5.253251e-01	1.499267e+00
526	6.489736e-01	5.860514e-01	1.014656e+00
527	5.671441e-01	6.509388e-01	2.891549e+00
528	6.485938e-01	6.287354e-01	2.478261e+00
529	4.484440e-01	4.667609e-01	1.898876e+00
530	6.465038e-01	5.500129e-01	1.188569e+00
531	6.456545e-01	5.675340e-01	2.785051e+00
532	5.997510e-01	5.168639e-01	2.945286e+00
533	5.918997e-01	5.865441e-01	2.458720e+00
534	3.329681e-01	3.690134e-01	2.673669e+00
535	6.244608e-01	5.966170e-01	1.399609e+00
536	5.623338e-01	5.391312e-01	2.604299e+00
537	5.561375e-01	5.424676e-01	1.529555e+00
538	5.957899e-01	5.626252e-01	2.823156e+00
539	3.118461e-01	2.334090e-01	2.826087e+00
540	6.980882e-01	3.492041e-01	2.844651e+00
541	4.611033e-01	5.604529e-01	2.290669e+00
542	5.475759e-01	5.539299e-01	2.570103e+00
543	5.326973e-01	4.551257e-01	2.396190e+00
544	4.168098e-01	5.704164e-01	1.318515e+00
545	4.665984e-01	4.093036e-01	2.605276e+00
546	4.140727e-01	5.034167e-01	2.683439e+00
547	3.358619e-01	4.153140e-01	1.587201e+00
548	6.664329e-01	6.154414e-01	1.375183e+00
549	5.836047e-01	4.051992e-01	2.298486e+00
550	5.179435e-01	1.509833e-01	1.285296e+00
551	5.898555e-01	4.831090e-01	2.983390e+00
552	4.763191e-01	5.587312e-01	1.195408e+00
553	6.176048e-01	5.931853e-01	2.414753e+00
554	3.205738e-01	4.942195e-01	1.843185e+00
555	3.517453e-01	5.792942e-01	2.396190e+00
556	3.659723e-01	4.809287e-01	3.000000e+00
557	5.883088e-01	5.063585e-01	2.728383e+00
558	2.886097e-01	4.374148e-01	1.133854e+00
559	5.813299e-01	5.707952e-01	1.944797e+00
560	3.177866e-01	3.968647e-01	2.883732e+00
561	5.581833e-01	5.294888e-01	2.383488e+00
562	4.287424e-01	5.705172e-01	2.506595e+00
563	2.943642e-01	5.158526e-01	1.786517e+00
564	4.322203e-01	5.951521e-01	2.893503e+00
565	6.012155e-01	5.716456e-01	2.981436e+00
566	3.430846e-01	1.931176e-01	2.663898e+00
567	6.074002e-01	5.506225e-01	2.227162e+00
568	4.477161e-01	3.881729e-01	1.527601e+00
569	4.599168e-01	4.853432e-01	2.610161e+00
570	4.751426e-01	5.311118e-01	1.058622e+00
571	5.449985e-01	5.521980e-01	2.782120e+00
572	4.004356e-01	7.313426e-01	1.518808e+00
573	6.411104e-01	4.949428e-01	2.109917e+00
574	5.688618e-01	5.801742e-01	2.074744e+00
575	5.916239e-01	6.164856e-01	2.319003e+00
576	3.220817e-01	2.737435e-01	1.290181e+00
577	6.024483e-01	5.761606e-01	1.286273e+00
578	5.406351e-01	6.282221e-01	1.881290e+00
579	8.034548e-01	5.187926e-01	1.664387e+00
580	1.813666e-01	9.162150e-01	1.242306e+00
581	5.778181e-01	3.393283e-01	1.927211e+00
582	5.978400e-01	5.553345e-01	2.820225e+00
583	4.078938e-01	4.504161e-01	2.792868e+00
584	6.295331e-01	5.518839e-01	1.201270e+00
585	6.991642e-01	5.127873e-01	1.898876e+00
586	6.133373e-01	5.634215e-01	1.782609e+00
587	5.232612e-01	5.192439e-01	1.561798e+00
588	5.888185e-01	5.662415e-01	2.282853e+00
589	5.806482e-01	5.820514e-01	2.210552e+00
590	6.536694e-01	6.105042e-01	1.020518e+00
591	7.007992e-01	3.512835e-01	1.784563e+00
592	5.679172e-01	5.459060e-01	1.275525e+00
593	6.166561e-01	5.762019e-01	1.212995e+00
594	7.011805e-01	2.828272e-01	2.964827e+00
595	6.144651e-01	5.695851e-01	2.079629e+00
596	7.489629e-01	5.732499e-01	1.187592e+00
597	4.663971e-01	5.549540e-01	1.258915e+00
598	2.548134e-01	5.067474e-01	1.999511e+00
599	6.107020e-01	5.502161e-01	1.264778e+00
600	5.853616e-01	4.614933e-01	1.110405e+00
601	3.231241e-01	2.746282e-01	1.107474e+00
602	3.878201e-01	5.959911e-01	1.070347e+00
603	5.392116e-01	4.289012e-01	2.400098e+00
604	4.869817e-01	4.123326e-01	2.871031e+00
605	6.029832e-01	5.738952e-01	2.739130e+00
606	6.156420e-01	5.576295e-01	2.061065e+00
607	5.982795e-01	3.692781e-01	1.073278e+00
608	5.684908e-01	5.095411e-01	2.799707e+00
609	6.284533e-01	5.565234e-01	2.010259e+00
610	5.288868e-01	4.317019e-01	1.700537e+00
611	5.526711e-01	5.069767e-01	1.339033e+00
612	3.673046e-01	4.843282e-01	2.227162e+00
613	3.143065e-01	4.443084e-01	2.482169e+00
614	5.983141e-01	5.351991e-01	2.958964e+00
615	6.142155e-01	6.129188e-01	1.443576e+00
616	3.710738e-01	4.739468e-01	2.381534e+00
617	4.415253e-01	4.393445e-01	1.971177e+00
618	6.300893e-01	5.825376e-01	2.960918e+00
619	2.072287e-01	5.415618e-02	1.812897e+00
620	3.144873e-01	3.461862e-01	1.170982e+00
621	4.301053e-01	4.783244e-01	1.277479e+00
622	7.810491e-01	5.625223e-01	1.176844e+00
623	4.461158e-01	4.728126e-01	1.636053e+00
624	7.096741e-01	2.971304e-01	2.336590e+00
625	5.378437e-01	5.692667e-01	1.343918e+00
626	6.020488e-01	5.189497e-01	1.905716e+00
627	6.049481e-01	3.366121e-01	1.784563e+00
628	6.009612e-01	4.859431e-01	2.063996e+00
629	5.714230e-01	4.460765e-01	2.497802e+00
630	3.611373e-01	4.827756e-01	2.870054e+00
631	6.848030e-01	5.826159e-01	1.729849e+00
632	4.854307e-01	6.580209e-01	2.290669e+00
633	5.873459e-01	5.769560e-01	2.841720e+00
634	6.036317e-01	5.526255e-01	2.195896e+00
635	3.437702e-01	1.926794e-01	1.601856e+00
636	3.728496e-01	4.007437e-01	2.449927e+00
637	6.210516e-01	5.619162e-01	1.462140e+00
638	5.898498e-01	5.696896e-01	2.041524e+00
639	6.034171e-01	5.669450e-01	2.061065e+00
640	7.597787e-01	1.206802e-01	2.130435e+00
641	6.450053e-01	4.048318e-01	2.205667e+00
642	6.025044e-01	5.548682e-01	2.184172e+00
643	6.368101e-01	3.263005e-01	2.747924e+00
644	7.291540e-01	5.479499e-01	2.909135e+00
645	5.972849e-01	5.465177e-01	2.777235e+00
646	5.719909e-01	4.736175e-01	1.295066e+00
647	5.290860e-01	3.307323e-01	1.050806e+00
648	7.459546e-01	1.877335e-01	1.191500e+00
649	6.205086e-01	4.144575e-01	1.198339e+00
650	5.182213e-01	5.705779e-01	2.656082e+00
651	5.805945e-01	5.502727e-01	1.692721e+00
652	6.759865e-01	3.989772e-01	2.330728e+00
653	5.491042e-01	5.514778e-01	1.906693e+00
654	3.681128e-01	5.002354e-01	2.192965e+00
655	6.153673e-01	3.600741e-01	1.200293e+00
656	6.386339e-01	5.637961e-01	2.361016e+00
657	6.765485e-01	5.638584e-01	2.080606e+00
658	5.970821e-01	5.344608e-01	2.017098e+00
659	5.911996e-01	6.647135e-01	2.191011e+00
660	3.266018e-01	2.585238e-01	1.667318e+00
661	6.815091e-01	5.637254e-01	2.229116e+00
662	6.970259e-01	4.234175e-01	1.188569e+00
663	7.057984e-01	5.976265e-01	2.714704e+00
664	5.597234e-01	5.550420e-01	1.979971e+00
665	6.007543e-01	5.905926e-01	2.954079e+00
666	5.041064e-01	7.976607e-02	1.803127e+00
667	6.970755e-01	5.683835e-01	1.039082e+00
668	1.224390e-01	5.495442e-01	1.893014e+00
669	3.225669e-01	2.955462e-01	1.778701e+00
670	1.805172e-01	9.212522e-01	1.807035e+00
671	6.034886e-01	5.536060e-01	1.102589e+00
672	6.979747e-01	4.060879e-01	1.879336e+00
673	6.755687e-01	3.777452e-01	1.984856e+00
674	5.970013e-01	5.752706e-01	2.238886e+00
675	4.522804e-01	6.327100e-01	2.868100e+00
676	5.904124e-01	5.296438e-01	2.748901e+00
677	6.113428e-01	5.719526e-01	1.578407e+00
678	6.293882e-01	5.268799e-01	1.621397e+00
679	5.793793e-01	5.541047e-01	2.657059e+00
680	3.029553e-01	4.482355e-01	2.404983e+00
681	3.143160e-01	2.638390e-01	2.272106e+00
682	5.354465e-01	5.217335e-01	1.463117e+00
683	6.057120e-01	5.900830e-01	2.316072e+00
684	6.022117e-01	5.541314e-01	2.334636e+00
685	7.170086e-01	6.002958e-01	1.365413e+00
686	7.491446e-01	5.583430e-01	2.105032e+00
687	6.263107e-01	5.567087e-01	1.339033e+00
688	6.474217e-01	5.980715e-01	2.932584e+00
689	6.233500e-01	5.280354e-01	2.378603e+00
690	5.683766e-01	5.671569e-01	1.833415e+00
691	3.650188e-01	4.790362e-01	1.663410e+00
692	5.688600e-01	6.453239e-01	2.251588e+00
693	7.255656e-01	5.627745e-01	1.766976e+00
694	3.813284e-01	3.658691e-01	1.575476e+00
695	4.120301e-01	6.366954e-01	2.771373e+00
696	4.431611e-01	3.973620e-01	2.787005e+00
697	5.928383e-01	5.392553e-01	1.959453e+00
698	5.841291e-01	5.749335e-01	2.187103e+00
699	6.131743e-01	5.547036e-01	2.430386e+00
700	6.620104e-01	5.492531e-01	2.679531e+00
701	4.779755e-01	4.063489e-01	2.191988e+00
702	6.594652e-01	5.532331e-01	2.945286e+00
703	6.399141e-01	5.552687e-01	2.793845e+00
704	6.121654e-01	5.838552e-01	2.132389e+00
705	4.362757e-01	5.203909e-01	1.627259e+00
706	5.946157e-01	5.328264e-01	1.623351e+00
707	6.248980e-01	5.157894e-01	2.772350e+00
708	5.850277e-01	5.719941e-01	1.552027e+00
709	4.681140e-01	5.846814e-01	1.180752e+00
710	4.700436e-01	5.233682e-01	1.632145e+00
711	1.281075e-01	1.468950e-01	1.680997e+00
712	5.591092e-01	1.764107e-01	2.828041e+00
713	5.970231e-01	4.314105e-01	1.703468e+00
714	6.838245e-01	5.307468e-01	1.471910e+00
715	2.796118e-01	4.382233e-01	2.368832e+00
716	6.656355e-01	4.663014e-01	1.961407e+00
717	6.169003e-01	5.499924e-01	1.756229e+00
718	6.802856e-01	6.463196e-01	2.987298e+00
719	5.965424e-01	5.349291e-01	2.332682e+00
720	6.351398e-01	5.776401e-01	1.097704e+00
721	8.219473e-01	3.705752e-02	1.954568e+00
722	6.286194e-01	5.561430e-01	1.704446e+00
723	6.004093e-01	5.668002e-01	1.853933e+00
724	6.575550e-01	5.401888e-01	2.829995e+00
725	6.071177e-01	3.191299e-01	2.232047e+00
726	5.205842e-01	5.335893e-01	2.587689e+00
727	5.107669e-01	5.102362e-01	2.698095e+00
728	8.424164e-01	1.523800e-01	1.896922e+00
729	6.419871e-01	5.182220e-01	1.212995e+00
730	3.325094e-01	6.674443e-01	1.502198e+00
731	6.033077e-01	5.638765e-01	2.614069e+00
732	6.842256e-01	5.783840e-01	2.880801e+00
733	6.420964e-01	5.736793e-01	1.956522e+00
734	6.504043e-01	5.409825e-01	2.745970e+00
735	1.944498e-01	9.079884e-01	1.179775e+00
736	6.021307e-01	3.172037e-01	1.935027e+00
737	6.096391e-01	4.428830e-01	1.975085e+00
738	5.817980e-01	4.652314e-01	1.067416e+00
739	5.850070e-01	4.061084e-01	2.024915e+00
740	3.809327e-01	3.695248e-01	2.810454e+00
741	6.187755e-01	3.716634e-01	2.428432e+00
742	6.041578e-01	4.342254e-01	1.957499e+00
743	8.063043e-01	3.235308e-01	2.306302e+00
744	5.683442e-01	6.288726e-01	2.557401e+00
745	4.073962e-01	6.192451e-01	1.243283e+00
746	6.127504e-01	4.135963e-01	2.429409e+00
747	6.694746e-01	5.819400e-01	2.523205e+00
748	5.803275e-01	5.086765e-01	2.842697e+00
749	6.115735e-01	5.565855e-01	2.247680e+00
750	6.679762e-01	6.306156e-01	2.000489e+00
751	6.442673e-01	5.704428e-01	2.446019e+00
752	5.710738e-01	5.190627e-01	2.360039e+00
753	3.064693e-01	3.016762e-01	2.567171e+00
754	6.438540e-01	5.962433e-01	2.415730e+00
755	5.729944e-01	6.296904e-01	1.989741e+00
756	6.096859e-01	5.282394e-01	2.908158e+00
757	5.598495e-01	5.360036e-01	2.731314e+00
758	5.992233e-01	5.623614e-01	2.544700e+00
759	5.905309e-01	5.723817e-01	2.890572e+00
760	6.219214e-01	5.464548e-01	1.654617e+00
761	6.200168e-01	5.611977e-01	1.008793e+00
762	5.250564e-01	5.266222e-01	1.260870e+00
763	3.092361e-01	2.427653e-01	1.347826e+00
764	6.142921e-01	6.372117e-01	1.325354e+00
765	6.507243e-01	5.826578e-01	1.420127e+00
766	6.192235e-01	4.245782e-01	2.845628e+00
767	6.283818e-01	5.581825e-01	1.853933e+00
768	6.251085e-01	5.291125e-01	1.303859e+00
769	5.175418e-01	4.846097e-01	1.294089e+00
770	2.650242e-01	6.244438e-01	1.675134e+00
771	5.998158e-01	6.064252e-01	2.417684e+00
772	5.721809e-01	4.926247e-01	2.053249e+00
773	6.001079e-01	5.244128e-01	1.276502e+00
774	4.509354e-01	4.679734e-01	2.779189e+00
775	3.816471e-01	2.144194e-01	1.984856e+00
776	3.536173e-01	4.556222e-01	2.295554e+00
777	6.127461e-01	5.588502e-01	1.652662e+00
778	6.168368e-01	4.066763e-01	2.464582e+00
779	6.068765e-01	5.649975e-01	1.763068e+00
780	7.031785e-01	5.304237e-01	2.026869e+00
781	6.234334e-01	6.014648e-01	1.160234e+00
782	5.998109e-01	4.282834e-01	2.302394e+00
783	5.279466e-01	5.444679e-01	1.384954e+00
784	4.848318e-01	4.131555e-01	2.598437e+00
785	6.437751e-01	5.790590e-01	2.130435e+00
786	6.227377e-01	5.381726e-01	1.690767e+00
787	4.680829e-01	4.561754e-01	1.940889e+00
788	6.347994e-01	6.377820e-01	2.099170e+00
