789
0	6.831859e-01	4.808734e-01	1.398632e+00
1	5.360622e-01	4.259554e-01	1.108451e+00
2	5.169029e-01	5.596504e-01	2.925745e+00
3	4.384411e-01	4.355104e-01	2.732291e+00
4	5.768125e-01	5.906733e-01	1.257938e+00
5	5.021422e-01	5.740528e-01	2.424524e+00
6	4.088510e-01	3.192994e-01	1.383000e+00
7	4.312937e-01	5.044089e-01	2.705911e+00
8	4.803652e-01	4.897297e-01	2.442110e+00
9	4.809580e-01	5.303027e-01	2.233024e+00
10	4.914981e-01	5.465386e-01	2.376649e+00
11	4.706924e-01	4.907147e-01	1.556913e+00
12	4.914694e-01	5.599650e-01	2.950171e+00
13	5.122068e-01	4.331380e-01	1.066439e+00
14	4.760153e-01	5.361633e-01	1.626282e+00
15	5.649472e-01	3.097861e-01	1.306790e+00
16	4.771221e-01	5.301970e-01	2.902296e+00
17	4.756410e-01	4.677982e-01	1.195408e+00
18	4.023487e-01	4.725300e-01	1.785540e+00
19	4.499109e-01	4.639056e-01	1.248168e+00
20	4.444692e-01	5.191959e-01	1.863703e+00
21	4.853063e-01	4.090921e-01	2.671715e+00
22	4.762983e-01	5.381877e-01	2.487054e+00
23	4.191171e-01	5.048169e-01	1.946751e+00
24	5.296705e-01	5.985637e-01	1.303859e+00
25	3.184309e-01	1.698116e-01	2.152907e+00
26	4.639464e-01	5.361980e-01	1.388862e+00
27	4.650137e-01	4.951501e-01	1.591109e+00
28	4.123846e-01	4.675177e-01	2.205667e+00
29	4.839160e-01	5.503563e-01	2.181241e+00
30	5.160447e-01	5.325594e-01	1.475818e+00
31	5.169098e-01	5.267537e-01	2.309233e+00
32	4.448916e-01	4.679329e-01	2.073766e+00
33	5.451034e-01	7.469111e-01	2.331705e+00
34	4.545122e-01	4.563526e-01	1.126038e+00
35	4.629584e-01	4.619831e-01	2.235955e+00
36	4.886492e-01	2.767001e-01	2.805569e+00
37	4.937201e-01	4.479780e-01	2.555447e+00
38	4.762081e-01	5.189301e-01	2.559355e+00
39	4.758637e-01	5.250917e-01	1.895945e+00
40	4.386725e-01	4.484764e-01	1.282364e+00
41	4.178347e-01	3.909773e-01	2.750855e+00
42	4.753371e-01	5.429417e-01	2.412799e+00
43	4.897709e-01	5.098050e-01	2.557401e+00
44	3.422106e-01	4.165305e-01	1.648754e+00
45	4.483666e-01	5.101943e-01	1.721055e+00
46	4.244839e-01	4.345369e-01	2.588666e+00
47	4.887484e-01	5.316876e-01	1.525647e+00
48	4.733007e-01	5.298200e-01	2.751832e+00
49	5.189031e-01	5.913521e-01	2.625794e+00
50	4.751980e-01	5.092742e-01	1.663410e+00
51	4.733516e-01	5.289716e-01	2.560332e+00
52	4.640718e-01	5.064333e-01	1.696629e+00
53	4.682133e-01	5.494456e-01	1.506106e+00
54	4.741415e-01	5.303215e-01	2.675623e+00
55	4.646651e-01	4.726625e-01	2.497802e+00
56	3.959856e-01	3.440195e-01	1.031265e+00
57	5.848846e-01	6.022959e-01	2.361993e+00
58	4.414052e-01	4.258276e-01	1.866634e+00
59	4.451425e-01	1.906661e-01	2.930630e+00
60	4.480385e-01	1.929679e-01	1.503175e+00
61	4.916201e-01	4.910751e-01	2.449927e+00
62	4.888668e-01	5.368693e-01	2.831949e+00
63	4.956306e-01	5.464745e-01	2.317049e+00
64	4.915930e-01	5.335359e-01	2.353200e+00
65	4.796940e-01	5.282646e-01	2.575965e+00
66	5.698804e-01	4.318710e-01	2.922814e+00
67	4.659622e-01	4.795142e-01	2.289692e+00
68	5.000803e-01	4.108889e-01	2.766488e+00
69	4.165942e-01	4.720718e-01	1.522716e+00
70	5.061603e-01	5.037496e-01	2.769419e+00
71	4.882775e-01	5.596936e-01	1.110405e+00
72	4.647417e-01	5.044848e-01	1.412311e+00
73	3.089361e-01	5.108008e-01	1.951637e+00
74	4.337312e-01	5.755648e-01	1.449438e+00
75	7.472792e-01	6.039068e-01	2.176356e+00
76	4.986788e-01	5.459967e-01	1.212995e+00
77	4.991654e-01	5.118857e-01	1.872496e+00
78	4.730546e-01	5.153732e-01	1.606742e+00
79	3.533549e-01	4.319836e-01	1.183683e+00
80	4.148634e-01	4.475996e-01	2.736199e+00
81	4.782702e-01	5.276790e-01	1.617489e+00
82	5.278414e-01	5.731252e-01	2.456766e+00
83	4.302154e-01	3.843604e-01	1.406448e+00
84	3.990993e-01	4.821308e-01	2.453835e+00
85	4.782655e-01	5.311901e-01	2.712750e+00
86	4.754695e-01	5.275828e-01	2.877870e+00
87	4.322364e-01	2.288112e-01	1.533464e+00
88	4.714743e-01	6.650188e-01	2.169516e+00
89	5.810887e-01	7.365441e-01	2.483146e+00
90	4.794328e-01	5.386976e-01	1.538349e+00
91	4.850958e-01	5.202681e-01	1.117245e+00
92	4.695367e-01	5.055328e-01	2.709819e+00
93	4.391778e-01	5.051162e-01	2.929653e+00
94	4.545859e-01	5.221400e-01	2.125550e+00
95	4.704144e-01	5.269505e-01	2.148999e+00
96	4.512501e-01	5.256258e-01	1.206155e+00
97	1.302045e-01	6.169828e-01	2.689301e+00
98	4.785569e-01	5.380203e-01	1.997557e+00
99	4.532738e-01	4.036070e-01	1.753298e+00
100	4.839963e-01	5.366307e-01	1.491451e+00
101	4.777667e-01	5.316840e-01	2.381534e+00
102	4.455579e-01	4.837151e-01	1.837323e+00
103	4.903619e-01	4.879796e-01	2.723498e+00
104	3.145571e-01	3.561688e-01	1.216903e+00
105	5.054946e-01	5.489872e-01	1.385931e+00
106	7.122701e-01	7.308808e-01	1.094773e+00
107	4.814666e-01	4.884928e-01	1.887152e+00
108	4.325262e-01	5.152860e-01	1.869565e+00
109	4.299618e-01	5.612477e-01	2.657059e+00
110	5.146107e-01	6.100012e-01	1.905716e+00
111	5.014633e-01	5.207764e-01	2.319980e+00
112	5.436982e-01	8.023421e-01	1.549096e+00
113	2.121610e-01	4.498307e-01	1.155349e+00
114	4.703436e-01	5.220694e-01	1.261847e+00
115	5.311154e-01	5.477623e-01	1.308745e+00
116	3.297678e-01	4.217483e-01	1.148510e+00
117	4.764260e-01	5.151432e-01	1.865657e+00
118	4.363461e-01	4.420141e-01	2.988276e+00
119	4.862780e-01	5.084092e-01	1.479726e+00
120	4.513553e-01	4.493914e-01	2.095261e+00
121	4.936992e-01	5.394651e-01	2.442110e+00
122	5.175889e-01	3.344816e-01	1.070347e+00
123	5.261341e-01	3.919444e-01	1.417196e+00
124	4.722046e-01	5.133246e-01	2.817294e+00
125	3.868083e-01	1.978763e-01	1.164143e+00
126	4.870459e-01	5.735266e-01	2.738153e+00
127	4.548370e-01	6.574842e-01	2.338544e+00
128	4.796020e-01	2.594114e-01	1.282364e+00
129	4.676931e-01	5.422120e-01	2.676600e+00
130	4.808328e-01	2.585829e-01	2.443087e+00
131	7.305577e-01	2.005941e-01	2.375672e+00
132	4.231409e-01	7.295367e-01	1.220811e+00
133	7.296718e-01	6.044929e-01	2.407914e+00
134	4.172369e-01	4.767110e-01	2.277968e+00
135	4.823887e-01	4.951597e-01	2.409868e+00
136	4.343260e-01	4.672006e-01	2.083537e+00
137	4.031980e-01	5.526036e-01	2.286761e+00
138	6.944506e-01	5.955978e-01	1.194431e+00
139	4.864901e-01	5.223975e-01	2.818271e+00
140	3.986451e-01	4.192002e-01	2.827064e+00
141	4.825099e-01	5.327515e-01	1.684905e+00
142	4.709953e-01	5.351900e-01	1.999511e+00
143	4.850336e-01	5.547910e-01	1.956522e+00
144	5.303450e-01	5.805930e-01	2.323889e+00
145	4.590956e-01	5.364141e-01	2.501710e+00
146	3.777593e-01	7.231502e-01	2.395213e+00
147	5.391819e-01	4.230830e-01	2.719590e+00
148	4.754959e-01	5.301971e-01	2.937469e+00
149	4.132161e-01	4.564788e-01	2.803615e+00
150	4.925471e-01	4.791163e-01	1.794333e+00
151	4.943780e-01	5.272066e-01	2.611138e+00
152	4.865058e-01	5.135721e-01	1.724963e+00
153	4.529316e-01	5.232946e-01	1.983879e+00
154	4.768804e-01	5.223191e-01	2.181241e+00
155	5.499624e-01	5.695946e-01	1.295066e+00
156	3.742267e-01	3.710255e-01	1.970200e+00
157	4.978028e-01	5.019174e-01	2.387396e+00
158	3.283256e-01	5.687764e-01	2.386419e+00
159	4.423409e-01	5.657205e-01	2.647289e+00
160	4.700721e-01	5.021879e-01	1.686859e+00
161	4.732483e-01	5.049807e-01	1.553981e+00
162	4.750687e-01	5.664169e-01	1.764045e+00
163	5.008112e-01	6.788020e-01	1.632145e+00
164	4.765222e-01	5.294069e-01	1.235467e+00
165	4.745748e-01	5.349218e-01	2.251588e+00
166	4.859168e-01	4.866581e-01	1.751343e+00
167	3.304600e-01	5.499285e-01	1.715193e+00
168	4.793333e-01	5.272567e-01	2.109917e+00
169	5.224172e-01	5.939558e-01	2.137274e+00
170	4.025265e-01	5.504449e-01	2.099170e+00
171	4.252716e-01	4.405788e-01	2.057157e+00
172	5.428404e-01	5.303029e-01	2.246702e+00
173	4.528124e-01	5.295755e-01	1.894968e+00
174	4.505988e-01	5.335515e-01	2.453835e+00
175	4.793313e-01	5.379677e-01	2.834880e+00
176	4.599846e-01	4.742539e-01	2.215437e+00
177	4.683903e-01	5.039925e-01	2.153884e+00
178	4.798277e-01	5.261858e-01	2.475330e+00
179	5.455077e-01	5.886165e-01	1.274548e+00
180	4.580197e-01	4.955316e-01	2.127504e+00
181	4.850344e-01	5.152367e-01	1.790425e+00
182	4.902552e-01	2.429446e-01	1.736688e+00
183	5.729964e-01	5.494341e-01	1.692721e+00
184	4.555550e-01	4.729880e-01	2.042501e+00
185	5.829076e-01	5.714647e-01	1.468979e+00
186	4.433361e-01	5.245921e-01	1.784563e+00
187	7.868242e-01	7.385088e-01	2.653151e+00
188	4.703579e-01	5.188371e-01	1.839277e+00
189	4.805376e-01	5.153877e-01	1.175867e+00
190	5.486269e-01	4.965619e-01	2.807523e+00
191	3.758207e-01	7.468025e-01	2.811431e+00
192	4.427870e-01	5.080919e-01	1.192477e+00
193	7.712018e-01	6.034678e-01	1.620420e+00
194	5.455346e-01	7.316923e-01	2.624817e+00
195	4.770876e-01	5.225845e-01	2.806546e+00
196	4.479470e-01	4.322966e-01	1.763068e+00
197	4.204409e-01	7.164310e-01	2.060088e+00
198	5.148435e-01	2.076178e-01	2.458720e+00
199	4.690278e-01	4.750688e-01	2.463605e+00
200	4.443669e-01	7.857436e-01	1.141671e+00
201	4.784183e-01	5.372865e-01	1.146556e+00
202	4.389657e-01	4.377966e-01	1.395701e+00
203	4.921955e-01	4.956889e-01	1.755252e+00
204	5.155991e-01	5.574782e-01	2.901319e+00
205	5.825679e-01	5.921731e-01	2.123596e+00
206	4.339059e-01	7.053988e-01	1.652662e+00
207	4.678224e-01	5.029469e-01	1.199316e+00
208	4.586409e-01	4.762681e-01	2.170493e+00
209	4.528350e-01	5.131166e-01	2.733268e+00
210	4.759207e-01	5.048920e-01	1.545188e+00
211	4.426046e-01	5.439917e-01	1.376160e+00
212	4.678842e-01	5.379005e-01	1.621397e+00
213	4.799925e-01	5.385618e-01	1.883244e+00
214	4.711087e-01	5.235214e-01	1.612604e+00
215	4.872999e-01	5.195726e-01	2.909135e+00
216	4.689985e-01	5.110525e-01	1.354665e+00
217	4.858086e-01	5.132354e-01	2.770396e+00
218	4.117646e-01	6.124529e-01	2.148999e+00
219	4.789301e-01	5.064782e-01	2.624817e+00
220	5.325307e-01	5.288171e-01	2.697118e+00
221	4.467945e-01	4.887459e-01	1.938935e+00
222	2.059488e-01	5.410577e-01	1.854910e+00
223	4.638704e-01	6.402019e-01	2.625794e+00
224	3.112296e-01	3.642741e-01	2.984367e+00
225	5.228844e-01	6.029017e-01	2.693210e+00
226	4.745281e-01	5.201262e-01	2.276014e+00
227	4.300212e-01	4.638008e-01	1.245237e+00
228	4.742954e-01	5.199116e-01	1.489497e+00
229	4.708756e-01	5.317171e-01	2.305325e+00
230	4.640199e-01	5.041691e-01	2.689301e+00
231	4.540607e-01	5.098664e-01	1.346849e+00
232	4.430355e-01	4.431107e-01	2.447973e+00
233	4.138254e-01	5.064490e-01	1.591109e+00
234	5.323581e-01	6.878651e-01	1.931119e+00
235	4.730833e-01	5.351216e-01	2.687347e+00
236	4.757083e-01	5.289640e-01	2.787982e+00
237	4.736050e-01	5.189332e-01	1.510015e+00
238	4.791751e-01	5.213357e-01	2.193942e+00
239	5.069249e-01	5.539066e-01	2.918906e+00
240	4.903660e-01	5.810899e-01	1.734734e+00
241	3.977693e-01	4.571410e-01	1.119199e+00
242	5.083435e-01	5.139236e-01	1.631168e+00
243	4.498986e-01	5.018376e-01	1.258915e+00
244	4.296899e-01	4.704555e-01	2.458720e+00
245	4.314649e-01	4.255916e-01	2.134343e+00
246	4.730136e-01	5.326630e-01	2.662921e+00
247	4.882249e-01	5.354371e-01	2.924768e+00
248	4.025910e-01	3.671163e-01	2.983390e+00
249	5.934667e-01	2.962323e-01	2.305325e+00
250	4.936091e-01	7.155275e-01	2.763556e+00
251	4.929203e-01	4.340588e-01	2.374695e+00
252	4.640044e-01	5.315614e-01	1.703468e+00
253	4.934082e-01	4.747107e-01	1.246214e+00
254	6.039206e-01	7.651917e-01	2.925745e+00
255	4.772849e-01	5.006058e-01	1.857841e+00
256	4.713699e-01	5.106039e-01	2.601368e+00
257	4.494700e-01	4.545936e-01	2.413776e+00
258	4.872758e-01	5.087482e-01	2.569126e+00
259	4.887150e-01	4.208972e-01	1.865657e+00
260	4.772934e-01	5.236680e-01	2.574988e+00
261	4.617328e-01	4.925268e-01	1.598925e+00
262	2.653087e-01	4.617637e-01	2.264289e+00
263	4.227543e-01	3.671630e-01	1.176844e+00
264	3.349469e-01	4.262350e-01	1.061553e+00
265	4.650193e-01	5.061822e-01	2.526136e+00
266	4.459417e-01	4.410604e-01	1.928188e+00
267	4.843284e-01	4.635420e-01	2.006351e+00
268	4.440361e-01	4.558131e-01	1.041036e+00
269	5.283808e-01	3.235191e-01	1.793356e+00
270	4.793331e-01	5.277202e-01	1.860772e+00
271	5.286922e-01	6.116276e-01	1.389839e+00
272	4.757263e-01	5.235535e-01	1.052760e+00
273	4.679297e-01	5.198550e-01	1.156326e+00
274	4.506017e-01	3.561855e-01	1.981925e+00
275	4.702833e-01	2.787093e-01	2.256473e+00
276	4.746307e-01	4.989324e-01	2.368832e+00
277	4.771536e-01	5.085331e-01	2.024915e+00
278	4.299756e-01	1.837999e-01	1.266732e+00
279	4.400767e-01	4.942659e-01	1.348803e+00
280	4.774589e-01	7.026539e-01	2.472399e+00
281	4.825086e-01	4.305687e-01	2.288715e+00
282	5.297618e-01	5.964547e-01	2.745970e+00
283	4.948324e-01	5.614393e-01	2.490962e+00
284	4.199715e-01	6.455258e-01	2.515388e+00
285	3.946450e-01	1.860192e-01	1.545188e+00
286	4.722222e-01	5.383988e-01	2.662921e+00
287	4.983584e-01	6.032507e-01	2.264289e+00
288	5.204520e-01	5.822212e-01	2.905227e+00
289	5.126896e-01	6.420900e-01	1.058622e+00
290	5.203226e-01	5.024298e-01	2.152907e+00
291	5.711611e-01	2.636458e-01	2.784074e+00
292	4.745110e-01	5.190357e-01	2.445042e+00
293	7.227047e-01	7.668322e-01	2.852467e+00
294	5.052374e-01	5.408064e-01	2.070835e+00
295	4.746507e-01	6.042872e-01	1.406448e+00
296	2.849519e-01	2.110710e-01	1.751343e+00
297	4.546054e-01	5.635859e-01	2.077675e+00
298	4.187461e-01	6.911668e-01	1.601856e+00
299	4.833656e-01	5.277947e-01	2.048363e+00
300	4.721477e-01	4.953714e-01	2.781143e+00
301	4.765414e-01	5.326062e-01	2.779189e+00
302	4.377343e-01	4.288195e-01	2.617978e+00
303	5.855084e-01	5.894940e-01	1.698583e+00
304	4.597735e-01	4.894290e-01	1.948705e+00
305	4.744148e-01	5.346208e-01	1.416219e+00
306	5.477054e-01	8.374387e-01	1.745481e+00
307	4.649580e-01	4.935188e-01	2.291646e+00
308	3.828114e-01	4.790632e-01	1.868588e+00
309	5.735816e-01	5.825433e-01	2.511480e+00
310	4.655189e-01	4.931062e-01	2.596483e+00
311	4.371750e-01	4.411808e-01	2.855398e+00
312	4.706755e-01	5.311939e-01	1.312653e+00
313	5.705790e-01	6.165959e-01	1.787494e+00
314	4.747268e-01	5.370843e-01	2.252565e+00
315	4.874242e-01	5.558030e-01	1.978017e+00
316	4.619150e-01	5.626694e-01	2.965804e+00
317	4.706183e-01	5.080145e-01	2.221299e+00
318	5.394366e-01	6.308381e-01	1.701514e+00
319	4.270675e-01	4.330612e-01	1.135809e+00
320	4.476471e-01	5.075567e-01	2.997069e+00
321	5.966459e-01	2.963736e-01	2.470445e+00
322	4.873891e-01	6.606572e-01	2.362970e+00
323	4.699014e-01	5.185529e-01	2.553493e+00
324	4.264348e-01	5.071746e-01	1.347826e+00
325	3.009176e-01	2.394490e-01	2.896434e+00
326	4.819701e-01	5.212062e-01	1.857841e+00
327	4.966067e-01	4.382555e-01	1.669272e+00
328	4.521936e-01	5.128262e-01	1.726917e+00
329	4.519663e-01	4.190746e-01	2.604299e+00
330	4.591466e-01	4.761956e-01	2.089399e+00
331	4.325972e-01	5.497256e-01	1.552027e+00
332	5.727161e-01	5.991960e-01	1.769907e+00
333	4.716135e-01	4.868083e-01	1.382022e+00
334	5.988214e-01	6.039995e-01	2.510503e+00
335	4.331028e-01	5.511157e-01	1.640938e+00
336	4.733347e-01	5.367224e-01	2.933561e+00
337	4.993858e-01	5.598955e-01	1.033219e+00
338	5.016956e-01	4.852753e-01	1.408403e+00
339	4.595341e-01	4.951733e-01	2.767465e+00
340	4.741626e-01	5.337287e-01	1.526624e+00
341	6.459431e-01	5.792751e-01	1.456277e+00
342	4.944022e-01	5.210907e-01	1.054714e+00
343	5.606400e-01	5.615536e-01	2.601368e+00
344	3.916648e-01	2.362629e-01	2.193942e+00
345	5.909711e-01	3.597710e-01	2.321935e+00
346	4.739265e-01	5.157416e-01	1.564729e+00
347	4.914468e-01	5.102708e-01	1.679043e+00
348	4.981772e-01	5.969003e-01	2.034685e+00
349	4.800346e-01	5.185296e-01	2.564240e+00
350	4.740116e-01	6.808481e-01	2.311187e+00
351	3.002400e-01	3.950749e-01	1.297997e+00
352	4.658010e-01	5.025633e-01	2.873962e+00
353	4.863541e-01	4.646683e-01	2.202736e+00
354	4.746789e-01	5.337472e-01	2.653151e+00
355	4.716909e-01	7.036113e-01	2.461651e+00
356	4.685591e-01	5.074608e-01	1.679043e+00
357	4.380814e-01	5.062280e-01	2.991207e+00
358	6.086898e-01	5.750834e-01	2.857352e+00
359	4.099003e-01	3.766685e-01	1.913532e+00
360	4.647218e-01	5.883872e-01	1.216903e+00
361	3.644207e-01	2.585529e-01	1.214949e+00
362	5.655745e-01	4.260081e-01	1.005862e+00
363	4.690776e-01	4.828478e-01	2.227162e+00
364	4.787555e-01	5.222733e-01	1.723009e+00
365	3.289413e-01	2.237687e-01	1.491451e+00
366	5.217227e-01	6.381072e-01	1.692721e+00
367	4.911958e-01	5.388178e-01	1.154372e+00
368	4.744638e-01	5.365780e-01	1.851001e+00
369	4.754529e-01	5.217360e-01	2.418661e+00
370	4.078053e-01	5.811930e-01	1.874450e+00
371	5.509961e-01	5.567659e-01	1.591109e+00
372	4.966624e-01	4.894439e-01	2.199805e+00
373	4.972458e-01	4.401154e-01	2.208598e+00
374	5.269555e-01	5.689899e-01	1.322423e+00
375	5.860336e-01	5.995938e-01	2.361016e+00
376	5.101134e-01	5.480751e-01	1.815828e+00
377	4.762885e-01	5.302881e-01	1.328285e+00
378	4.597179e-01	5.003216e-01	1.883244e+00
379	6.979589e-01	7.743226e-01	1.599902e+00
380	6.129130e-01	7.658631e-01	2.343429e+00
381	4.695756e-01	4.930070e-01	1.835369e+00
382	3.505711e-01	6.529026e-01	1.065462e+00
383	4.477756e-01	5.195873e-01	1.698583e+00
384	4.467193e-01	5.907622e-01	2.761602e+00
385	1.998858e-01	3.987816e-01	1.961407e+00
386	4.938104e-01	4.657146e-01	2.449927e+00
387	4.460428e-01	4.967664e-01	2.669761e+00
388	5.496060e-01	4.741222e-01	2.597460e+00
389	4.783144e-01	5.398678e-01	2.960918e+00
390	4.660931e-01	4.990976e-01	1.655594e+00
391	4.582352e-01	4.490654e-01	2.572057e+00
392	4.718065e-01	5.213857e-01	1.234489e+00
393	4.462350e-01	4.750082e-01	1.607719e+00
394	4.711123e-01	5.266639e-01	2.643381e+00
395	4.621878e-01	2.240399e-01	1.233512e+00
396	6.254198e-01	7.750488e-01	2.058134e+00
397	2.609834e-01	4.632265e-01	1.083048e+00
398	7.041876e-01	7.485434e-01	2.453835e+00
399	4.670744e-01	4.807767e-01	2.169516e+00
400	4.864598e-01	6.012786e-01	1.634099e+00
401	5.095133e-01	6.719305e-01	1.314607e+00
402	4.426735e-01	4.891254e-01	2.292623e+00
403	4.585637e-01	6.532113e-01	1.759160e+00
404	4.586275e-01	5.082060e-01	2.942355e+00
405	5.061897e-01	5.932597e-01	1.358574e+00
406	4.297769e-01	4.732434e-01	1.474841e+00
407	4.943956e-01	7.486185e-01	2.850513e+00
408	3.395436e-01	6.081785e-01	2.543723e+00
409	4.584463e-01	5.243928e-01	1.170005e+00
410	4.595179e-01	4.524960e-01	2.011236e+00
411	5.488792e-01	4.440986e-01	2.982413e+00
412	6.042426e-01	6.863129e-01	1.578407e+00
413	4.107696e-01	4.089179e-01	2.904250e+00
414	4.739656e-01	5.201456e-01	2.948217e+00
415	4.773002e-01	5.276551e-01	1.856864e+00
416	4.585140e-01	4.678600e-01	1.780655e+00
417	4.904324e-01	5.150472e-01	1.223742e+00
418	4.998243e-01	5.286799e-01	2.928676e+00
419	4.881149e-01	5.423908e-01	1.055691e+00
420	4.520200e-01	5.207749e-01	2.823156e+00
421	4.772058e-01	5.234208e-01	2.886663e+00
422	4.595693e-01	5.291311e-01	1.391793e+00
423	4.438832e-01	7.387174e-01	1.467025e+00
424	4.680114e-01	4.930429e-01	1.512946e+00
425	4.642890e-01	7.404255e-01	1.960430e+00
426	4.683158e-01	7.413760e-01	2.254519e+00
427	4.652331e-01	6.521231e-01	2.899365e+00
428	4.671128e-01	5.391209e-01	1.247191e+00
429	4.698307e-01	4.968992e-01	1.802149e+00
430	4.724362e-01	5.366788e-01	1.663410e+00
431	4.766001e-01	6.640443e-01	2.556424e+00
432	4.682300e-01	7.231756e-01	2.947240e+00
433	4.844612e-01	4.989071e-01	2.475330e+00
434	4.473384e-01	5.059404e-01	2.923791e+00
435	5.443687e-01	3.605273e-01	2.906204e+00
436	1.783278e-01	7.909353e-01	2.668784e+00
437	4.610336e-01	4.731742e-01	2.476307e+00
438	5.130360e-01	4.731041e-01	2.065950e+00
439	4.777801e-01	5.234265e-01	1.983879e+00
440	3.697597e-01	4.025266e-01	1.637030e+00
441	6.764833e-01	4.510475e-01	1.338056e+00
442	3.800993e-01	4.786400e-01	2.406937e+00
443	5.788885e-01	7.699834e-01	1.422081e+00
444	4.171931e-01	4.134064e-01	2.956033e+00
445	4.727712e-01	5.376582e-01	2.601368e+00
446	3.761327e-01	4.387161e-01	1.846116e+00
447	4.695850e-01	5.135026e-01	1.264778e+00
448	4.997010e-01	6.018202e-01	1.119199e+00
449	4.798828e-01	5.353604e-01	1.956522e+00
450	6.781992e-01	7.288376e-01	2.971666e+00
451	4.773022e-01	5.250652e-01	2.149976e+00
452	5.631512e-01	5.116748e-01	1.574499e+00
453	4.673200e-01	4.988862e-01	1.775769e+00
454	6.531060e-01	5.726469e-01	1.542257e+00
455	4.563246e-01	4.849164e-01	2.984367e+00
456	4.202602e-01	4.567856e-01	1.577430e+00
457	4.976803e-01	6.097367e-01	2.955056e+00
458	4.938201e-01	4.860379e-01	2.865169e+00
459	4.255805e-01	3.732539e-01	1.672203e+00
460	4.471666e-01	1.895284e-01	1.198339e+00
461	4.713111e-01	2.929690e-01	2.513434e+00
462	4.435331e-01	4.905997e-01	1.853933e+00
463	4.776095e-01	4.800397e-01	2.858329e+00
464	4.930861e-01	4.261468e-01	1.574499e+00
465	4.552037e-01	4.393104e-01	1.432829e+00
466	4.799831e-01	5.169008e-01	1.500244e+00
467	5.012249e-01	5.463515e-01	1.323400e+00
468	4.650687e-01	5.437203e-01	2.147044e+00
469	5.148969e-01	5.386515e-01	2.698095e+00
470	4.655825e-01	5.254534e-01	1.364436e+00
471	2.981075e-01	3.587484e-01	2.076698e+00
472	4.764234e-01	5.236734e-01	2.011236e+00
473	4.651349e-01	5.394722e-01	1.215926e+00
474	4.734417e-01	5.254240e-01	2.299463e+00
475	4.458389e-01	5.536915e-01	1.683928e+00
476	4.687196e-01	5.294353e-01	2.081583e+00
477	4.533275e-01	5.184144e-01	2.350269e+00
478	4.164382e-01	7.249087e-01	2.728383e+00
479	4.376865e-01	3.591933e-01	1.194431e+00
480	5.699561e-01	4.145392e-01	2.515388e+00
481	3.676403e-01	2.734909e-01	1.865657e+00
482	4.906363e-01	2.978448e-01	1.802149e+00
483	5.073095e-01	6.280272e-01	1.367367e+00
484	4.924106e-01	5.601869e-01	1.148510e+00
485	4.658996e-01	5.408511e-01	2.427455e+00
486	4.770116e-01	4.775501e-01	2.196873e+00
487	5.573506e-01	5.593121e-01	2.386419e+00
488	4.956758e-01	5.757681e-01	1.294089e+00
489	4.565467e-01	5.429801e-01	1.687836e+00
490	5.126029e-01	4.538832e-01	1.146556e+00
491	4.582378e-01	2.577231e-01	1.597948e+00
492	4.510409e-01	5.772350e-01	2.412799e+00
493	5.422428e-01	5.533984e-01	1.227650e+00
494	5.091380e-01	3.930038e-01	2.522228e+00
495	4.277273e-01	4.403199e-01	1.437714e+00
496	5.022701e-01	5.547683e-01	1.523693e+00
497	5.613242e-01	4.073871e-01	1.221788e+00
498	4.138734e-01	4.618497e-01	1.652662e+00
499	5.881162e-01	3.774526e-01	1.269663e+00
500	4.760798e-01	5.190311e-01	2.967758e+00
501	4.732441e-01	5.313221e-01	2.546654e+00
502	1.860760e-01	3.991465e-01	1.818759e+00
503	4.777621e-01	5.215745e-01	1.919394e+00
504	4.763618e-01	5.160016e-01	2.563263e+00
505	3.632763e-01	3.610464e-01	1.451392e+00
506	5.469685e-01	5.644150e-01	1.718124e+00
507	4.604525e-01	5.012790e-01	1.207132e+00
508	4.733930e-01	5.184288e-01	1.236444e+00
509	3.884247e-01	5.322626e-01	2.622863e+00
510	4.935859e-01	7.100957e-01	2.549585e+00
511	4.696629e-01	5.231701e-01	2.966781e+00
512	5.378214e-01	3.278092e-01	2.395213e+00
513	4.662345e-01	4.560043e-01	1.534441e+00
514	5.652252e-01	5.962937e-01	1.550073e+00
515	4.228631e-01	4.142213e-01	1.610650e+00
516	4.270657e-01	3.659471e-01	1.612604e+00
517	4.805707e-01	5.242950e-01	1.086957e+00
518	4.103434e-01	6.125327e-01	2.282853e+00
519	2.405737e-01	2.239032e-01	1.573522e+00
520	5.034976e-01	5.313127e-01	2.497802e+00
521	4.841853e-01	5.370476e-01	1.752320e+00
522	4.704273e-01	8.480749e-01	1.589155e+00
523	4.750832e-01	5.551847e-01	1.209086e+00
524	4.652572e-01	4.879534e-01	2.755740e+00
525	3.365126e-01	6.657519e-01	1.499267e+00
526	4.817744e-01	5.459278e-01	1.014656e+00
527	4.512134e-01	1.987824e-01	2.891549e+00
528	4.778926e-01	5.481992e-01	2.478261e+00
529	5.479883e-01	4.045482e-01	1.898876e+00
530	4.742697e-01	5.234508e-01	1.188569e+00
531	4.728004e-01	5.271005e-01	2.785051e+00
532	4.750265e-01	5.287332e-01	2.945286e+00
533	4.735767e-01	4.487588e-01	2.458720e+00
534	4.403083e-01	4.026409e-01	2.673669e+00
535	4.751612e-01	5.070555e-01	1.399609e+00
536	4.789678e-01	4.739051e-01	2.604299e+00
537	4.735179e-01	5.349798e-01	1.529555e+00
538	4.743809e-01	5.279841e-01	2.823156e+00
539	3.922140e-01	4.582145e-01	2.826087e+00
540	4.584423e-01	4.720799e-01	2.844651e+00
541	5.535713e-01	5.215526e-01	2.290669e+00
542	4.503752e-01	5.148904e-01	2.570103e+00
543	4.646417e-01	4.937278e-01	2.396190e+00
544	5.297010e-01	5.018969e-01	1.318515e+00
545	4.217659e-01	4.700483e-01	2.605276e+00
546	5.636501e-01	5.519320e-01	2.683439e+00
547	4.783199e-01	6.903342e-01	1.587201e+00
548	4.506964e-01	4.916667e-01	1.375183e+00
549	4.094973e-01	4.551398e-01	2.298486e+00
550	5.217985e-01	5.978618e-01	1.285296e+00
551	4.836132e-01	5.258502e-01	2.983390e+00
552	3.804811e-01	3.007495e-01	1.195408e+00
553	4.695302e-01	5.161387e-01	2.414753e+00
554	5.135375e-01	6.409414e-01	1.843185e+00
555	5.142493e-01	6.330262e-01	2.396190e+00
556	5.270515e-01	5.999717e-01	3.000000e+00
557	4.692793e-01	5.479102e-01	2.728383e+00
558	6.765537e-01	7.672280e-01	1.133854e+00
559	4.703479e-01	5.148058e-01	1.944797e+00
560	4.471279e-01	3.789281e-01	2.883732e+00
561	4.604310e-01	4.988554e-01	2.383488e+00
562	3.398636e-01	5.315568e-01	2.506595e+00
563	4.878374e-01	5.578167e-01	1.786517e+00
564	5.293156e-01	4.963257e-01	2.893503e+00
565	4.729105e-01	5.353283e-01	2.981436e+00
566	4.004287e-01	4.523782e-01	2.663898e+00
567	4.572411e-01	4.553627e-01	2.227162e+00
568	4.705658e-01	5.383504e-01	1.527601e+00
569	4.783658e-01	3.303671e-01	2.610161e+00
570	5.216325e-01	1.528125e-01	1.058622e+00
571	4.584447e-01	4.689201e-01	2.782120e+00
572	4.293823e-01	2.679617e-01	1.518808e+00
573	4.745015e-01	5.346110e-01	2.109917e+00
574	4.601789e-01	4.611480e-01	2.074744e+00
575	4.726731e-01	5.461213e-01	2.319003e+00
576	3.961102e-01	4.569701e-01	1.290181e+00
577	4.545338e-01	4.786159e-01	1.286273e+00
578	4.575681e-01	5.008751e-01	1.881290e+00
579	4.608173e-01	5.016012e-01	1.664387e+00
580	2.876909e-01	8.081317e-01	1.242306e+00
581	4.420384e-01	5.759285e-01	1.927211e+00
582	4.733641e-01	5.227577e-01	2.820225e+00
583	4.573782e-01	7.879110e-01	2.792868e+00
584	4.620514e-01	5.370701e-01	1.201270e+00
585	4.306571e-01	4.238031e-01	1.898876e+00
586	4.730328e-01	5.311307e-01	1.782609e+00
587	4.956922e-01	5.463519e-01	1.561798e+00
588	4.774085e-01	5.270515e-01	2.282853e+00
589	4.530864e-01	4.748712e-01	2.210552e+00
590	4.511684e-01	5.307341e-01	1.020518e+00
591	4.557708e-01	4.672505e-01	1.784563e+00
592	4.754239e-01	5.324876e-01	1.275525e+00
593	4.752427e-01	5.002797e-01	1.212995e+00
594	4.277953e-01	4.361744e-01	2.964827e+00
595	4.699619e-01	4.989195e-01	2.079629e+00
596	4.186755e-01	3.813399e-01	1.187592e+00
597	4.330483e-01	4.645444e-01	1.258915e+00
598	4.764753e-01	5.031632e-01	1.999511e+00
599	4.779540e-01	5.225127e-01	1.264778e+00
600	4.732078e-01	5.276785e-01	1.110405e+00
601	4.342164e-01	3.613769e-01	1.107474e+00
602	5.129195e-01	5.912910e-01	1.070347e+00
603	4.667057e-01	5.243038e-01	2.400098e+00
604	4.459622e-01	5.060983e-01	2.871031e+00
605	4.789078e-01	5.370420e-01	2.739130e+00
606	4.858649e-01	5.432234e-01	2.061065e+00
607	5.110450e-01	2.835998e-01	1.073278e+00
608	4.477309e-01	4.849157e-01	2.799707e+00
609	5.093305e-01	5.816110e-01	2.010259e+00
610	5.285168e-01	5.318385e-01	1.700537e+00
611	4.697989e-01	5.133886e-01	1.339033e+00
612	4.698133e-01	4.412113e-01	2.227162e+00
613	7.459887e-01	7.100757e-01	2.482169e+00
614	5.037371e-01	5.038530e-01	2.958964e+00
615	4.338718e-01	5.215660e-01	1.443576e+00
616	5.097310e-01	5.125258e-01	2.381534e+00
617	4.574485e-01	6.169179e-01	1.971177e+00
618	4.686379e-01	5.076717e-01	2.960918e+00
619	3.121419e-01	2.155103e-01	1.812897e+00
620	4.339463e-01	6.534186e-01	1.170982e+00
621	4.524452e-01	5.125199e-01	1.277479e+00
622	4.251194e-01	4.906481e-01	1.176844e+00
623	4.517670e-01	4.131236e-01	1.636053e+00
624	4.522676e-01	4.550006e-01	2.336590e+00
625	5.337010e-01	5.278873e-01	1.343918e+00
626	4.661269e-01	5.456430e-01	1.905716e+00
627	4.456075e-01	5.190559e-01	1.784563e+00
628	4.808689e-01	5.487790e-01	2.063996e+00
629	4.716361e-01	5.324531e-01	2.497802e+00
630	4.419054e-01	4.663796e-01	2.870054e+00
631	4.853430e-01	5.770785e-01	1.729849e+00
632	4.001421e-01	2.976426e-01	2.290669e+00
633	4.743341e-01	5.284279e-01	2.841720e+00
634	4.768109e-01	5.224913e-01	2.195896e+00
635	4.031590e-01	4.547026e-01	1.601856e+00
636	5.194151e-01	5.950988e-01	2.449927e+00
637	4.668717e-01	5.511460e-01	1.462140e+00
638	4.773947e-01	5.303917e-01	2.041524e+00
639	4.753415e-01	5.301917e-01	2.061065e+00
640	3.881143e-01	3.091759e-01	2.130435e+00
641	3.407707e-01	2.332912e-01	2.205667e+00
642	4.751999e-01	5.297350e-01	2.184172e+00
643	4.523679e-01	5.389810e-01	2.747924e+00
644	5.403073e-01	5.833965e-01	2.909135e+00
645	4.747427e-01	5.315193e-01	2.777235e+00
646	4.126087e-01	4.701282e-01	1.295066e+00
647	4.631447e-01	5.850184e-01	1.050806e+00
648	5.986971e-01	6.079116e-01	1.191500e+00
649	4.762921e-01	5.061628e-01	1.198339e+00
650	5.134216e-01	5.108741e-01	2.656082e+00
651	4.867774e-01	4.997686e-01	1.692721e+00
652	3.039688e-01	1.874745e-01	2.330728e+00
653	4.671219e-01	4.976139e-01	1.906693e+00
654	4.834371e-01	5.002540e-01	2.192965e+00
655	5.132691e-01	5.789537e-01	1.200293e+00
656	4.770040e-01	5.078471e-01	2.361016e+00
657	4.125308e-01	3.095478e-01	2.080606e+00
658	4.856003e-01	5.190852e-01	2.017098e+00
659	5.284481e-01	5.068083e-01	2.191011e+00
660	5.070384e-01	7.438817e-01	1.667318e+00
661	4.126644e-01	3.145888e-01	2.229116e+00
662	5.397485e-01	6.286871e-01	1.188569e+00
663	4.254602e-01	5.009780e-01	2.714704e+00
664	4.483787e-01	4.843167e-01	1.979971e+00
665	5.916366e-01	5.694342e-01	2.954079e+00
666	4.545941e-01	4.430928e-01	1.803127e+00
667	4.423423e-01	5.078733e-01	1.039082e+00
668	5.645887e-01	5.250797e-01	1.893014e+00
669	4.638253e-01	6.440324e-01	1.778701e+00
670	3.179111e-01	7.347590e-01	1.807035e+00
671	4.390657e-01	4.631567e-01	1.102589e+00
672	6.327973e-01	6.372965e-01	1.879336e+00
673	5.420313e-01	5.159404e-01	1.984856e+00
674	4.749201e-01	5.301054e-01	2.238886e+00
675	4.630566e-01	4.666325e-01	2.868100e+00
676	4.878895e-01	5.321011e-01	2.748901e+00
677	5.530631e-01	3.821147e-01	1.578407e+00
678	4.739066e-01	5.097452e-01	1.621397e+00
679	4.708900e-01	5.290468e-01	2.657059e+00
680	4.927238e-01	5.383172e-01	2.404983e+00
681	4.625782e-01	5.077257e-01	2.272106e+00
682	5.225691e-01	5.657228e-01	1.463117e+00
683	4.609057e-01	5.006693e-01	2.316072e+00
684	4.807395e-01	5.374280e-01	2.334636e+00
685	4.238076e-01	5.501454e-01	1.365413e+00
686	4.547921e-01	6.013249e-01	2.105032e+00
687	5.325892e-01	5.251119e-01	1.339033e+00
688	4.833352e-01	4.991119e-01	2.932584e+00
689	4.816054e-01	5.249741e-01	2.378603e+00
690	4.784847e-01	5.357377e-01	1.833415e+00
691	5.997623e-01	6.228706e-01	1.663410e+00
692	4.551533e-01	5.397490e-01	2.251588e+00
693	5.336575e-01	5.723768e-01	1.766976e+00
694	4.644223e-01	6.625701e-01	1.575476e+00
695	3.816975e-01	2.486097e-01	2.771373e+00
696	4.896552e-01	5.328527e-01	2.787005e+00
697	4.720324e-01	5.387470e-01	1.959453e+00
698	4.751080e-01	4.768945e-01	2.187103e+00
699	4.769041e-01	5.237755e-01	2.430386e+00
700	4.912746e-01	5.443632e-01	2.679531e+00
701	5.324694e-01	5.548126e-01	2.191988e+00
702	4.633881e-01	4.892816e-01	2.945286e+00
703	4.870338e-01	5.176549e-01	2.793845e+00
704	5.021216e-01	5.286443e-01	2.132389e+00
705	4.219366e-01	6.730602e-01	1.627259e+00
706	4.650135e-01	5.359881e-01	1.623351e+00
707	4.877189e-01	5.517838e-01	2.772350e+00
708	4.712421e-01	5.186540e-01	1.552027e+00
709	3.674801e-01	5.138371e-01	1.180752e+00
710	4.227650e-01	4.635974e-01	1.632145e+00
711	2.766218e-01	3.023963e-01	1.680997e+00
712	5.243563e-01	6.051739e-01	2.828041e+00
713	1.684272e-01	5.581549e-01	1.703468e+00
714	3.369846e-01	3.809437e-01	1.471910e+00
715	4.917632e-01	5.340296e-01	2.368832e+00
716	4.827055e-01	5.024987e-01	1.961407e+00
717	4.763217e-01	5.237870e-01	1.756229e+00
718	4.827582e-01	5.226506e-01	2.987298e+00
719	4.815505e-01	5.272923e-01	2.332682e+00
720	4.673649e-01	5.213101e-01	1.097704e+00
721	5.753777e-01	5.708810e-01	1.954568e+00
722	4.791880e-01	5.250446e-01	1.704446e+00
723	4.745811e-01	5.294584e-01	1.853933e+00
724	4.635317e-01	4.931412e-01	2.829995e+00
725	5.265679e-01	5.275539e-01	2.232047e+00
726	4.638404e-01	5.041015e-01	2.587689e+00
727	1.953587e-01	6.351854e-01	2.698095e+00
728	3.989801e-01	3.281688e-01	1.896922e+00
729	4.987123e-01	5.563160e-01	1.212995e+00
730	2.201314e-01	4.096911e-01	1.502198e+00
731	4.783927e-01	5.239414e-01	2.614069e+00
732	5.070420e-01	4.052153e-01	2.880801e+00
733	4.802415e-01	5.207909e-01	1.956522e+00
734	3.265706e-01	4.022217e-01	2.745970e+00
735	2.802346e-01	7.782968e-01	1.179775e+00
736	4.293595e-01	5.491260e-01	1.935027e+00
737	4.879320e-01	4.969823e-01	1.975085e+00
738	4.698144e-01	4.982620e-01	1.067416e+00
739	5.023424e-01	5.021574e-01	2.024915e+00
740	4.581637e-01	6.603936e-01	2.810454e+00
741	5.065286e-01	5.848879e-01	2.428432e+00
742	4.378351e-01	5.230504e-01	1.957499e+00
743	5.655223e-01	5.920606e-01	2.306302e+00
744	4.703210e-01	5.324678e-01	2.557401e+00
745	4.560650e-01	4.950012e-01	1.243283e+00
746	5.042398e-01	5.248331e-01	2.429409e+00
747	4.714863e-01	5.241277e-01	2.523205e+00
748	4.072175e-01	2.517021e-01	2.842697e+00
749	4.773681e-01	5.239271e-01	2.247680e+00
750	4.861182e-01	5.705798e-01	2.000489e+00
751	4.510281e-01	5.160080e-01	2.446019e+00
752	4.780516e-01	5.273802e-01	2.360039e+00
753	5.402267e-01	4.898350e-01	2.567171e+00
754	4.653284e-01	5.339061e-01	2.415730e+00
755	4.447319e-01	5.275768e-01	1.989741e+00
756	4.817952e-01	5.240038e-01	2.908158e+00
757	6.063322e-01	6.881154e-01	2.731314e+00
758	4.753883e-01	5.331909e-01	2.544700e+00
759	4.770961e-01	5.302149e-01	2.890572e+00
760	4.809499e-01	5.297364e-01	1.654617e+00
761	4.800918e-01	5.329303e-01	1.008793e+00
762	4.554623e-01	5.010145e-01	1.260870e+00
763	3.852605e-01	4.389926e-01	1.347826e+00
764	4.621440e-01	5.331901e-01	1.325354e+00
765	4.952585e-01	5.326897e-01	1.420127e+00
766	3.835724e-01	4.052048e-01	2.845628e+00
767	4.720436e-01	4.934027e-01	1.853933e+00
768	4.759988e-01	5.419850e-01	1.303859e+00
769	5.389776e-01	3.595094e-01	1.294089e+00
770	6.990282e-01	3.553606e-01	1.675134e+00
771	4.148698e-01	5.015147e-01	2.417684e+00
772	4.604236e-01	4.948166e-01	2.053249e+00
773	4.610336e-01	5.320507e-01	1.276502e+00
774	4.450844e-01	7.257593e-01	2.779189e+00
775	5.197054e-01	2.699820e-01	1.984856e+00
776	4.494148e-01	7.782878e-01	2.295554e+00
777	4.758268e-01	5.360348e-01	1.652662e+00
778	4.710573e-01	4.943034e-01	2.464582e+00
779	4.783253e-01	5.229264e-01	1.763068e+00
780	4.251038e-01	4.543312e-01	2.026869e+00
781	4.548473e-01	4.181785e-01	1.160234e+00
782	2.461779e-01	5.062915e-01	2.302394e+00
783	4.704646e-01	5.507312e-01	1.384954e+00
784	5.257526e-01	5.528572e-01	2.598437e+00
785	4.342226e-01	4.783678e-01	2.130435e+00
786	4.558364e-01	5.312318e-01	1.690767e+00
787	4.888030e-01	5.107586e-01	1.940889e+00
788	4.710536e-01	5.230647e-01	2.099170e+00
