744
0	8.642383e-01	4.214801e-01	1.398632e+00
1	6.554347e-01	3.791737e-01	1.108451e+00
2	6.353059e-01	3.944169e-01	2.925745e+00
3	8.180140e-01	2.069981e-01	2.732291e+00
4	8.895455e-01	2.254305e-02	1.257938e+00
5	5.628964e-01	3.930605e-01	2.424524e+00
7	4.404934e-01	6.248499e-01	2.705911e+00
8	5.617899e-01	1.980584e-01	2.442110e+00
9	5.947378e-01	2.706285e-01	2.233024e+00
10	5.659737e-01	4.096194e-01	2.376649e+00
11	5.757920e-01	1.950765e-01	1.556913e+00
13	5.063741e-01	8.075798e-01	1.066439e+00
14	2.656711e-01	3.517131e-01	1.626282e+00
15	7.107717e-01	1.212024e-01	1.306790e+00
16	5.607996e-01	3.802548e-01	2.902296e+00
17	6.259170e-01	3.125917e-01	1.195408e+00
18	5.499616e-01	4.042763e-01	1.785540e+00
19	5.870531e-01	3.602745e-01	1.248168e+00
20	5.599638e-01	3.565619e-01	1.863703e+00
21	2.215391e-01	1.402719e-01	2.671715e+00
22	5.697074e-01	3.272606e-01	2.487054e+00
23	6.702564e-01	2.458615e-01	1.946751e+00
24	1.549141e-01	8.096488e-01	1.303859e+00
26	6.147511e-01	3.075389e-01	1.388862e+00
27	6.091472e-01	2.689822e-01	1.591109e+00
28	4.336294e-01	6.232504e-01	2.205667e+00
29	3.849057e-01	3.196988e-01	2.181241e+00
30	7.795239e-01	1.692791e-01	1.475818e+00
31	6.288082e-01	3.431619e-01	2.309233e+00
32	4.664736e-01	1.471593e-01	2.073766e+00
33	4.302544e-01	6.522943e-01	2.331705e+00
34	5.746020e-01	3.097866e-01	1.126038e+00
35	4.236367e-02	7.858294e-01	2.235955e+00
37	5.842982e-01	1.951714e-01	2.555447e+00
38	5.649087e-01	2.450469e-01	2.559355e+00
39	5.873930e-01	3.483340e-01	1.895945e+00
40	2.751673e-01	6.501284e-01	1.282364e+00
41	5.868827e-01	4.145593e-01	2.750855e+00
42	5.914209e-01	2.852556e-01	2.412799e+00
43	5.457197e-01	3.335259e-01	2.557401e+00
44	5.578298e-01	2.606028e-01	1.648754e+00
45	5.880179e-01	7.984169e-02	1.721055e+00
46	6.128786e-01	3.759825e-01	2.588666e+00
47	5.014645e-01	3.405291e-01	1.525647e+00
48	6.332009e-01	3.255452e-01	2.751832e+00
50	7.793434e-01	1.024715e-01	1.663410e+00
51	5.998735e-01	3.245700e-01	2.560332e+00
52	2.564863e-01	5.819269e-01	1.696629e+00
53	3.847913e-01	5.309253e-01	1.506106e+00
54	6.008712e-01	3.223810e-01	2.675623e+00
55	5.458397e-01	1.863530e-01	2.497802e+00
57	8.757342e-01	1.564444e-02	2.361993e+00
58	8.335302e-01	2.303521e-01	1.866634e+00
59	5.645396e-01	1.135159e-02	2.930630e+00
60	6.319825e-01	2.794013e-01	1.503175e+00
61	5.724095e-01	2.010740e-01	2.449927e+00
62	5.921130e-01	3.115689e-01	2.831949e+00
63	6.001379e-01	2.751198e-01	2.317049e+00
64	5.902666e-01	3.013022e-01	2.353200e+00
65	5.934294e-01	2.703862e-01	2.575965e+00
66	7.213803e-01	2.134046e-01	2.922814e+00
67	2.672794e-01	5.648166e-01	2.289692e+00
68	3.864103e-01	3.020158e-01	2.766488e+00
69	5.710819e-01	2.441067e-01	1.522716e+00
70	1.274534e-01	2.251096e-01	2.769419e+00
71	5.479404e-01	2.260583e-01	1.110405e+00
72	3.261485e-01	3.183134e-01	1.412311e+00
73	5.571350e-01	4.280943e-01	1.951637e+00
74	3.862893e-01	7.080672e-01	1.449438e+00
75	5.797866e-01	3.687375e-01	2.176356e+00
76	5.604651e-01	2.743844e-01	1.212995e+00
77	5.777672e-01	3.745011e-01	1.872496e+00
78	5.862861e-01	2.463453e-01	1.606742e+00
79	8.192029e-01	9.531049e-01	1.183683e+00
80	6.128900e-01	3.414977e-01	2.736199e+00
81	6.066807e-01	3.393119e-01	1.617489e+00
82	3.653587e-01	3.977969e-01	2.456766e+00
83	6.804416e-01	8.092906e-01	1.406448e+00
85	4.538714e-01	3.425450e-01	2.712750e+00
86	6.039466e-01	2.869336e-01	2.877870e+00
88	1.837760e-01	1.474303e-01	2.169516e+00
89	5.801912e-01	4.778358e-01	2.483146e+00
90	6.350659e-01	3.265561e-01	1.538349e+00
91	4.851256e-01	3.758794e-01	1.117245e+00
92	5.573031e-01	2.627569e-01	2.709819e+00
93	6.072094e-01	2.804728e-01	2.929653e+00
94	6.073834e-01	2.929486e-01	2.125550e+00
95	6.661427e-01	2.677628e-01	2.148999e+00
96	6.002189e-01	2.695996e-01	1.206155e+00
97	5.796770e-01	4.436283e-01	2.689301e+00
98	5.601088e-01	3.650096e-01	1.997557e+00
99	4.405990e-01	3.441476e-01	1.753298e+00
100	5.742038e-01	2.209217e-01	1.491451e+00
101	5.741344e-01	4.211847e-01	2.381534e+00
102	1.789115e-01	4.675114e-02	1.837323e+00
103	5.634369e-01	2.010826e-01	2.723498e+00
104	8.473765e-01	7.230651e-01	1.216903e+00
105	2.240017e-01	3.665403e-01	1.385931e+00
106	5.788292e-01	4.069990e-01	1.094773e+00
107	5.636588e-01	2.470307e-01	1.887152e+00
108	6.873819e-01	3.999713e-01	1.869565e+00
109	6.531778e-01	3.844715e-01	2.657059e+00
110	5.752989e-01	3.407952e-01	1.905716e+00
111	9.512860e-01	2.831046e-01	2.319980e+00
112	5.040501e-01	4.469863e-01	1.549096e+00
113	5.711524e-01	4.206560e-01	1.155349e+00
114	5.388662e-01	2.204472e-01	1.261847e+00
115	5.540065e-01	4.091865e-01	1.308745e+00
116	1.510302e-01	3.110092e-01	1.148510e+00
117	5.606803e-01	2.634306e-01	1.865657e+00
118	6.195121e-01	2.709639e-01	2.988276e+00
119	4.663722e-01	3.483914e-01	1.479726e+00
120	7.435368e-01	2.288907e-01	2.095261e+00
121	6.329719e-01	3.300957e-01	2.442110e+00
123	4.844029e-01	2.823410e-01	1.417196e+00
124	5.957366e-01	3.265942e-01	2.817294e+00
125	6.071924e-01	2.377647e-01	1.164143e+00
126	6.445543e-01	3.253493e-01	2.738153e+00
127	4.390743e-01	5.303783e-01	2.338544e+00
129	5.532098e-01	2.245061e-01	2.676600e+00
131	7.905976e-01	1.372890e-01	2.375672e+00
132	7.086826e-01	3.619550e-01	1.220811e+00
133	6.359128e-01	3.467069e-01	2.407914e+00
134	7.612177e-01	2.332252e-01	2.277968e+00
135	5.007606e-01	3.531966e-01	2.409868e+00
136	5.942462e-01	4.074668e-01	2.083537e+00
137	7.444545e-01	2.090532e-01	2.286761e+00
138	6.173280e-01	3.521851e-01	1.194431e+00
139	5.430334e-01	3.909359e-01	2.818271e+00
140	8.268117e-01	2.938601e-01	2.827064e+00
141	5.894341e-01	3.456115e-01	1.684905e+00
142	5.522428e-01	3.194249e-01	1.999511e+00
143	5.508285e-01	2.490493e-01	1.956522e+00
144	3.466628e-01	3.589653e-01	2.323889e+00
145	5.745791e-01	3.408261e-01	2.501710e+00
146	6.087063e-01	4.096764e-01	2.395213e+00
147	3.331839e-01	2.778712e-01	2.719590e+00
148	5.870926e-01	3.238613e-01	2.937469e+00
149	9.792507e-01	1.757438e-02	2.803615e+00
150	4.635412e-01	3.661209e-01	1.794333e+00
151	3.671555e-01	3.817339e-01	2.611138e+00
152	5.751553e-01	4.018087e-01	1.724963e+00
153	6.088854e-01	2.854614e-01	1.983879e+00
154	5.899940e-01	2.617727e-01	2.181241e+00
155	6.312708e-01	3.894016e-01	1.295066e+00
156	4.167162e-01	8.661285e-01	1.970200e+00
157	5.591418e-01	3.900136e-01	2.387396e+00
158	3.089266e-01	3.598649e-01	2.386419e+00
159	4.368838e-01	6.683353e-01	2.647289e+00
160	5.804691e-01	2.658389e-01	1.686859e+00
161	1.195054e-01	4.467805e-01	1.553981e+00
162	5.648861e-01	2.400275e-01	1.764045e+00
163	3.981192e-01	5.830474e-01	1.632145e+00
164	5.718753e-01	3.852378e-01	1.235467e+00
165	5.901513e-01	2.693328e-01	2.251588e+00
166	7.352497e-01	2.308908e-01	1.751343e+00
167	8.889002e-02	4.962403e-01	1.715193e+00
168	5.999525e-01	3.015890e-01	2.109917e+00
169	5.850491e-01	3.394374e-01	2.137274e+00
170	7.444635e-01	2.080930e-01	2.099170e+00
171	6.702471e-01	2.644098e-01	2.057157e+00
172	6.444770e-01	3.130617e-01	2.246702e+00
173	5.807608e-01	3.836385e-01	1.894968e+00
174	9.016736e-01	3.408707e-01	2.453835e+00
175	5.927430e-01	4.424090e-01	2.834880e+00
176	4.247727e-01	5.781311e-01	2.215437e+00
177	5.869879e-01	2.555054e-01	2.153884e+00
178	5.706158e-01	2.567680e-01	2.475330e+00
180	3.230405e-01	3.843170e-01	2.127504e+00
181	6.034399e-01	2.486489e-01	1.790425e+00
184	5.724060e-01	4.272351e-01	2.042501e+00
186	6.422547e-01	3.208684e-01	1.784563e+00
187	8.437860e-01	7.732012e-01	2.653151e+00
188	5.965520e-01	2.983588e-01	1.839277e+00
189	5.837235e-01	3.095260e-01	1.175867e+00
190	3.960415e-01	3.365520e-01	2.807523e+00
191	4.125226e-01	6.341771e-01	2.811431e+00
192	7.196956e-01	2.037147e-01	1.192477e+00
193	6.700331e-01	3.278072e-01	1.620420e+00
194	7.091615e-01	3.560439e-01	2.624817e+00
195	5.855519e-01	2.812856e-01	2.806546e+00
196	6.225957e-01	2.906609e-01	1.763068e+00
197	3.908667e-01	3.999439e-01	2.060088e+00
198	8.491812e-01	1.457017e-01	2.458720e+00
199	7.688950e-01	2.555689e-01	2.463605e+00
200	6.019834e-01	4.427568e-01	1.141671e+00
201	7.104224e-01	3.470242e-01	1.146556e+00
202	7.572938e-01	2.393176e-01	1.395701e+00
203	5.811689e-01	2.322744e-01	1.755252e+00
204	2.610091e-01	3.590967e-01	2.901319e+00
205	8.699307e-01	3.048218e-02	2.123596e+00
206	5.943367e-01	4.525648e-01	1.652662e+00
207	2.884132e-01	5.745840e-01	1.199316e+00
208	5.534256e-01	3.309496e-01	2.170493e+00
210	4.524455e-01	6.747019e-01	1.545188e+00
211	5.744632e-01	4.117230e-01	1.376160e+00
212	4.369538e-01	5.033702e-01	1.621397e+00
213	5.988063e-01	2.148909e-01	1.883244e+00
214	5.827174e-01	2.880348e-01	1.612604e+00
215	6.096703e-01	3.024928e-01	2.909135e+00
216	5.858558e-01	2.461640e-01	1.354665e+00
217	5.468070e-01	3.290265e-01	2.770396e+00
218	6.283839e-01	3.911327e-01	2.148999e+00
219	6.062068e-01	3.974190e-01	2.624817e+00
220	3.900261e-01	3.358970e-01	2.697118e+00
221	6.420371e-01	3.121190e-01	1.938935e+00
222	1.825746e-01	5.134322e-01	1.854910e+00
223	1.735525e-01	1.523197e-01	2.625794e+00
224	5.337078e-01	1.143453e-01	2.984367e+00
225	8.246879e-01	8.512099e-02	2.693210e+00
226	5.899318e-01	2.579777e-01	2.276014e+00
227	5.930182e-01	2.660352e-01	1.245237e+00
228	5.004629e-01	3.451672e-01	1.489497e+00
229	4.485586e-01	5.021495e-01	2.305325e+00
230	2.776851e-01	3.795957e-01	2.689301e+00
231	5.741262e-01	2.080224e-01	1.346849e+00
232	6.075656e-01	2.913988e-01	2.447973e+00
233	6.124765e-01	3.979515e-01	1.591109e+00
234	5.693585e-01	3.756201e-01	1.931119e+00
235	5.883295e-01	3.393105e-01	2.687347e+00
236	5.844036e-01	3.239693e-01	2.787982e+00
237	6.127982e-01	3.474885e-01	1.510015e+00
238	5.539565e-01	2.694182e-01	2.193942e+00
239	5.111244e-01	1.832677e-01	2.918906e+00
240	3.741251e-01	4.992960e-01	1.734734e+00
241	5.836577e-01	4.149136e-01	1.119199e+00
242	5.296840e-01	2.850474e-01	1.631168e+00
243	4.649670e-01	3.569758e-01	1.258915e+00
244	5.737672e-01	3.584832e-01	2.458720e+00
245	3.412894e-01	2.361081e-01	2.134343e+00
246	5.798224e-01	2.725286e-01	2.662921e+00
247	5.941236e-01	2.977285e-01	2.924768e+00
248	4.738678e-01	2.877087e-01	2.983390e+00
249	6.930591e-01	1.857558e-01	2.305325e+00
250	5.550303e-01	4.497305e-01	2.763556e+00
251	6.760589e-01	2.300052e-01	2.374695e+00
252	2.167130e-01	2.535058e-01	1.703468e+00
253	4.563719e-01	3.751683e-01	1.246214e+00
254	5.711154e-01	2.912614e-01	2.925745e+00
255	5.727191e-01	2.512377e-01	1.857841e+00
256	5.645453e-01	2.478801e-01	2.601368e+00
257	5.742918e-01	2.682605e-01	2.413776e+00
258	3.590057e-01	3.212597e-01	2.569126e+00
259	6.046061e-01	3.736553e-01	1.865657e+00
260	5.908131e-01	2.610702e-01	2.574988e+00
261	6.067088e-01	2.879095e-01	1.598925e+00
262	3.070252e-01	8.038636e-01	2.264289e+00
264	5.512110e-01	1.908426e-01	1.061553e+00
265	6.092119e-01	2.625031e-01	2.526136e+00
266	7.609884e-01	2.177341e-01	1.928188e+00
267	5.785200e-01	2.421862e-01	2.006351e+00
268	5.866986e-01	2.232772e-01	1.041036e+00
269	6.211021e-01	1.538242e-01	1.793356e+00
271	3.030968e-01	3.055963e-02	1.389839e+00
272	5.191157e-01	5.245303e-01	1.052760e+00
276	7.697573e-01	1.749118e-01	2.368832e+00
277	6.029840e-01	2.329807e-01	2.024915e+00
279	2.238456e-01	3.895593e-01	1.348803e+00
280	2.010582e-01	5.489763e-02	2.472399e+00
281	5.924838e-02	3.925416e-01	2.288715e+00
282	5.949224e-01	3.198586e-01	2.745970e+00
283	2.681652e-01	6.496993e-01	2.490962e+00
284	1.435701e-01	2.961527e-03	2.515388e+00
286	6.077290e-01	2.463818e-01	2.662921e+00
287	5.422718e-01	3.532715e-01	2.264289e+00
288	3.963547e-01	4.373463e-01	2.905227e+00
289	2.085177e-01	6.530329e-02	1.058622e+00
290	4.161250e-01	3.878087e-01	2.152907e+00
291	6.794364e-01	1.582406e-01	2.784074e+00
292	6.117507e-01	3.374117e-01	2.445042e+00
293	5.514515e-01	4.816006e-01	2.852467e+00
294	5.972425e-01	3.188349e-01	2.070835e+00
295	4.809604e-01	2.271016e-01	1.406448e+00
296	6.435743e-01	2.728455e-01	1.751343e+00
297	6.929018e-01	2.129930e-01	2.077675e+00
298	6.286693e-01	4.065357e-01	1.601856e+00
299	2.210528e-01	7.666943e-01	2.048363e+00
300	1.588093e-01	1.602028e-01	2.781143e+00
301	6.059366e-01	3.333724e-01	2.779189e+00
302	7.501104e-01	2.573734e-01	2.617978e+00
304	6.036043e-01	4.168037e-01	1.948705e+00
305	5.902598e-01	2.694048e-01	1.416219e+00
306	4.533288e-01	5.490516e-01	1.745481e+00
307	5.886777e-01	4.442779e-01	2.291646e+00
308	1.716264e-01	4.079983e-01	1.868588e+00
309	7.133207e-01	2.673607e-01	2.511480e+00
310	5.772775e-01	3.137943e-01	2.596483e+00
311	7.502119e-01	1.508201e-01	2.855398e+00
312	6.298796e-01	3.097780e-01	1.312653e+00
313	8.898924e-01	1.365107e-02	1.787494e+00
314	6.102856e-01	3.316156e-01	2.252565e+00
315	5.431480e-01	3.534184e-01	1.978017e+00
316	6.004277e-01	2.598088e-01	2.965804e+00
317	5.826394e-01	2.111267e-01	2.221299e+00
318	4.636536e-01	6.096573e-01	1.701514e+00
319	7.186956e-01	5.061271e-01	1.135809e+00
320	5.649973e-01	4.109658e-01	2.997069e+00
321	7.043100e-01	1.843192e-01	2.470445e+00
322	1.828146e-01	1.420201e-01	2.362970e+00
323	6.088765e-01	2.494174e-01	2.553493e+00
324	6.060897e-01	3.933755e-01	1.347826e+00
325	2.268383e-01	1.065547e-01	2.896434e+00
326	6.044497e-01	2.603452e-01	1.857841e+00
327	5.383646e-01	2.406385e-01	1.669272e+00
328	5.748873e-01	2.196763e-01	1.726917e+00
329	5.664043e-01	4.271800e-01	2.604299e+00
330	6.364194e-01	3.929838e-01	2.089399e+00
331	4.491146e-01	4.452154e-01	1.552027e+00
332	8.249468e-01	2.270286e-01	1.769907e+00
333	5.624552e-01	2.510312e-01	1.382022e+00
334	8.946866e-01	5.794980e-03	2.510503e+00
335	5.765106e-01	3.625000e-01	1.640938e+00
336	5.599796e-01	4.564244e-01	2.933561e+00
337	6.432295e-01	3.811148e-01	1.033219e+00
338	5.720664e-01	4.864128e-01	1.408403e+00
339	6.024287e-01	3.828656e-01	2.767465e+00
340	5.883097e-01	2.650176e-01	1.526624e+00
342	5.427547e-01	3.325842e-01	1.054714e+00
343	5.769030e-01	2.924126e-01	2.601368e+00
345	6.696885e-01	2.719077e-01	2.321935e+00
346	3.414141e-01	3.449384e-01	1.564729e+00
347	3.828199e-01	3.907566e-01	1.679043e+00
349	5.603270e-01	3.325232e-01	2.564240e+00
350	4.404454e-01	5.650249e-01	2.311187e+00
351	1.681933e-01	8.182631e-01	1.297997e+00
352	5.997858e-01	2.386854e-01	2.873962e+00
353	1.078250e-01	5.363383e-01	2.202736e+00
354	6.064032e-01	2.896506e-01	2.653151e+00
355	4.575091e-01	5.519180e-01	2.461651e+00
356	5.871160e-01	2.440065e-01	1.679043e+00
357	4.430109e-01	4.006267e-01	2.991207e+00
358	6.742561e-01	8.464646e-02	2.857352e+00
359	7.255040e-01	1.741123e-01	1.913532e+00
360	6.705938e-01	4.867448e-01	1.216903e+00
361	5.212609e-01	4.895949e-01	1.214949e+00
362	4.832478e-01	2.891803e-01	1.005862e+00
363	7.339219e-01	2.267910e-01	2.227162e+00
364	4.881141e-01	2.749903e-01	1.723009e+00
365	4.625373e-01	4.806015e-01	1.491451e+00
366	2.616712e-01	6.444765e-01	1.692721e+00
367	6.020238e-01	3.610083e-01	1.154372e+00
368	5.835240e-01	3.463984e-01	1.851001e+00
369	5.796369e-01	2.541038e-01	2.418661e+00
370	7.479295e-01	2.077560e-01	1.874450e+00
372	6.088428e-01	2.597189e-01	2.199805e+00
374	6.116902e-01	2.991847e-01	1.322423e+00
376	4.069664e-01	3.177009e-01	1.815828e+00
377	5.866860e-01	3.303743e-01	1.328285e+00
378	5.917825e-01	2.730841e-01	1.883244e+00
379	7.653277e-01	8.231802e-01	1.599902e+00
380	6.413049e-01	6.336356e-01	2.343429e+00
381	2.433194e-01	4.384237e-01	1.835369e+00
382	2.076973e-01	8.120569e-01	1.065462e+00
383	5.968420e-01	3.292209e-01	1.698583e+00
384	4.045619e-01	2.730413e-01	2.761602e+00
385	5.521110e-01	4.113880e-01	1.961407e+00
386	4.938606e-01	2.773403e-01	2.449927e+00
387	6.208293e-01	3.123192e-01	2.669761e+00
388	1.586839e-01	1.386714e-01	2.597460e+00
389	4.880538e-01	5.963958e-01	2.960918e+00
390	6.016215e-01	3.319758e-01	1.655594e+00
391	6.508138e-01	5.000086e-01	2.572057e+00
392	5.880041e-01	2.544496e-01	1.234489e+00
393	5.588068e-01	2.566575e-01	1.607719e+00
394	6.057489e-01	2.924409e-01	2.643381e+00
395	4.839736e-01	4.483562e-01	1.233512e+00
396	5.083605e-01	4.633174e-01	2.058134e+00
398	5.305572e-01	4.862298e-01	2.453835e+00
399	5.994262e-01	3.548906e-01	2.169516e+00
400	6.259453e-01	3.354738e-01	1.634099e+00
401	9.632932e-02	4.735655e-01	1.314607e+00
402	5.914500e-01	3.221109e-01	2.292623e+00
403	6.553553e-01	4.723043e-01	1.759160e+00
404	4.149185e-01	9.149762e-02	2.942355e+00
405	5.545652e-01	1.694752e-01	1.358574e+00
406	5.749055e-01	2.479511e-01	1.474841e+00
407	3.211068e-01	3.688799e-01	2.850513e+00
408	3.235928e-01	3.661988e-01	2.543723e+00
409	5.816642e-01	2.525872e-01	1.170005e+00
410	5.408823e-01	3.363221e-01	2.011236e+00
411	5.319810e-01	5.820985e-01	2.982413e+00
412	3.783593e-01	4.307658e-01	1.578407e+00
413	5.757001e-01	1.503597e-01	2.904250e+00
414	5.643562e-01	2.481282e-01	2.948217e+00
415	5.792367e-01	2.765926e-01	1.856864e+00
416	5.688665e-01	5.288337e-01	1.780655e+00
417	3.922660e-01	3.940225e-01	1.223742e+00
418	6.058176e-01	3.100056e-01	2.928676e+00
419	5.189526e-01	3.388427e-01	1.055691e+00
420	6.060263e-01	3.007159e-01	2.823156e+00
421	5.962365e-01	2.599545e-01	2.886663e+00
422	5.793695e-01	2.787006e-01	1.391793e+00
423	1.663040e-01	6.583415e-01	1.467025e+00
424	5.897746e-01	4.495996e-01	1.512946e+00
425	3.173576e-01	3.855162e-01	1.960430e+00
426	3.220981e-01	3.844659e-01	2.254519e+00
427	1.726924e-01	1.514038e-01	2.899365e+00
428	5.860405e-01	3.134164e-01	1.247191e+00
429	5.183678e-01	3.401004e-01	1.802149e+00
430	5.283247e-01	2.535859e-01	1.663410e+00
431	2.492763e-01	6.696974e-02	2.556424e+00
432	3.248378e-01	3.721124e-01	2.947240e+00
433	4.594851e-01	4.160134e-01	2.475330e+00
434	6.309021e-01	3.861360e-01	2.923791e+00
435	5.940002e-01	2.487461e-01	2.906204e+00
436	1.106774e-01	8.675901e-01	2.668784e+00
437	5.562643e-01	3.323645e-01	2.476307e+00
438	5.979674e-01	3.527831e-01	2.065950e+00
439	5.812516e-01	3.989763e-01	1.983879e+00
440	4.018457e-01	4.371906e-01	1.637030e+00
441	5.210350e-01	5.542830e-01	1.338056e+00
442	6.207284e-01	3.792359e-01	2.406937e+00
443	7.000913e-01	3.591808e-01	1.422081e+00
444	5.532951e-01	4.210117e-01	2.956033e+00
445	5.799610e-01	2.591514e-01	2.601368e+00
446	5.936420e-01	2.619384e-01	1.846116e+00
447	5.913993e-01	2.592203e-01	1.264778e+00
448	7.306916e-01	1.834320e-01	1.119199e+00
449	6.464704e-01	5.091624e-01	1.956522e+00
450	5.454747e-01	4.716086e-01	2.971666e+00
451	5.877971e-01	2.599364e-01	2.149976e+00
452	4.648898e-01	4.922296e-01	1.574499e+00
453	6.054658e-01	4.479721e-01	1.775769e+00
454	6.960812e-01	5.662132e-01	1.542257e+00
455	5.943024e-01	3.034767e-01	2.984367e+00
456	5.699867e-01	2.608737e-01	1.577430e+00
457	5.037306e-01	3.367168e-01	2.955056e+00
458	6.430075e-01	5.865435e-01	2.865169e+00
459	3.029537e-01	5.579456e-01	1.672203e+00
462	5.876447e-01	4.403096e-01	1.853933e+00
463	2.309971e-01	2.937430e-01	2.858329e+00
464	4.901566e-01	2.778607e-01	1.574499e+00
465	7.493155e-01	2.048685e-01	1.432829e+00
466	5.683009e-01	3.556646e-01	1.500244e+00
468	5.716992e-01	3.086725e-01	2.147044e+00
469	5.972477e-01	3.033574e-01	2.698095e+00
470	5.551284e-01	3.309068e-01	1.364436e+00
471	6.876584e-01	8.309442e-02	2.076698e+00
472	5.703733e-01	3.265808e-01	2.011236e+00
474	6.099925e-01	2.920030e-01	2.299463e+00
475	6.101376e-01	2.522375e-01	1.683928e+00
476	5.775037e-01	2.982751e-01	2.081583e+00
477	4.336297e-01	1.548712e-01	2.350269e+00
478	4.076866e-01	3.610406e-01	2.728383e+00
479	6.370244e-01	3.185821e-01	1.194431e+00
480	4.572780e-01	3.107493e-01	2.515388e+00
481	5.174926e-01	4.927088e-01	1.865657e+00
483	6.461103e-01	3.295825e-01	1.367367e+00
484	5.626335e-01	3.933446e-01	1.148510e+00
486	6.282934e-01	3.311471e-01	2.196873e+00
487	5.529554e-01	4.368496e-01	2.386419e+00
488	8.730392e-01	1.811068e-01	1.294089e+00
489	5.586137e-01	2.631306e-01	1.687836e+00
490	7.490419e-01	2.137236e-01	1.146556e+00
491	6.113695e-01	6.041642e-01	1.597948e+00
492	7.255507e-01	1.984891e-01	2.412799e+00
493	8.743315e-01	1.115578e-01	1.227650e+00
494	3.837172e-01	3.210674e-01	2.522228e+00
495	6.708827e-01	2.647500e-01	1.437714e+00
496	5.940035e-01	2.870490e-01	1.523693e+00
497	6.150241e-01	2.324310e-01	1.221788e+00
498	2.068613e-01	2.118788e-01	1.652662e+00
499	4.831601e-01	2.938489e-01	1.269663e+00
500	6.060800e-01	2.925268e-01	2.967758e+00
501	5.973950e-01	3.127978e-01	2.546654e+00
502	1.311182e-01	7.610981e-01	1.818759e+00
503	6.123111e-01	2.727347e-01	1.919394e+00
504	5.457793e-01	3.295141e-01	2.563263e+00
505	4.261419e-01	8.747549e-01	1.451392e+00
506	1.940578e-01	3.919946e-01	1.718124e+00
507	6.146892e-01	2.659888e-01	1.207132e+00
508	5.864574e-01	2.468932e-01	1.236444e+00
509	5.551685e-01	2.633445e-01	2.622863e+00
510	4.489376e-01	5.735165e-01	2.549585e+00
511	6.043327e-01	2.851793e-01	2.966781e+00
512	6.161076e-01	6.149111e-02	2.395213e+00
513	3.094163e-01	3.246590e-01	1.534441e+00
515	7.182390e-01	2.846030e-01	1.610650e+00
516	8.984862e-01	1.139428e-01	1.612604e+00
517	5.839348e-01	2.974179e-01	1.086957e+00
518	6.276403e-01	3.908986e-01	2.282853e+00
519	1.939420e-01	1.283294e-01	1.573522e+00
520	5.825578e-01	3.792246e-01	2.497802e+00
521	5.632134e-01	3.571940e-01	1.752320e+00
522	3.667897e-01	4.608096e-01	1.589155e+00
523	7.402260e-01	1.804096e-01	1.209086e+00
524	5.359083e-01	3.063151e-01	2.755740e+00
525	3.033040e-01	3.720513e-01	1.499267e+00
526	5.882981e-01	2.585682e-01	1.014656e+00
527	6.357223e-01	1.727172e-01	2.891549e+00
528	5.480694e-01	2.007442e-01	2.478261e+00
529	6.506266e-01	3.826025e-01	1.898876e+00
530	5.514195e-01	3.240579e-01	1.188569e+00
531	5.860724e-01	2.613594e-01	2.785051e+00
532	6.084977e-01	2.823237e-01	2.945286e+00
533	5.597758e-01	2.663062e-01	2.458720e+00
534	3.340469e-01	2.451353e-01	2.673669e+00
535	5.735943e-01	2.443860e-01	1.399609e+00
536	6.264584e-01	2.766413e-01	2.604299e+00
537	2.688609e-01	4.170419e-01	1.529555e+00
538	5.786844e-01	3.922561e-01	2.823156e+00
539	2.276686e-01	3.948875e-02	2.826087e+00
540	7.296238e-01	2.436343e-01	2.844651e+00
541	4.256494e-01	5.443367e-01	2.290669e+00
542	2.177309e-01	3.584517e-01	2.570103e+00
543	5.877348e-01	2.395842e-01	2.396190e+00
544	4.652864e-01	5.949231e-01	1.318515e+00
545	5.970288e-01	4.070425e-01	2.605276e+00
546	6.080201e-01	3.797163e-01	2.683439e+00
547	2.354102e-01	2.551011e-01	1.587201e+00
548	7.206882e-01	2.479389e-01	1.375183e+00
549	5.922552e-01	2.725892e-01	2.298486e+00
551	6.314427e-01	3.117207e-01	2.983390e+00
553	5.635056e-01	2.512352e-01	2.414753e+00
554	9.422577e-02	4.619163e-01	1.843185e+00
555	3.267633e-01	5.920967e-01	2.396190e+00
556	6.102488e-01	3.661850e-01	3.000000e+00
557	5.902770e-01	3.449443e-01	2.728383e+00
558	5.715285e-01	4.142441e-01	1.133854e+00
559	5.833288e-01	3.456535e-01	1.944797e+00
560	3.213746e-01	2.643466e-01	2.883732e+00
561	5.875023e-01	4.422358e-01	2.383488e+00
562	7.097322e-02	5.379810e-01	2.506595e+00
563	1.934840e-01	4.515064e-01	1.786517e+00
564	4.550457e-01	5.858058e-01	2.893503e+00
565	6.068528e-01	2.951421e-01	2.981436e+00
566	1.880920e-01	3.569557e-02	2.663898e+00
567	5.434514e-01	3.086847e-01	2.227162e+00
568	3.841169e-01	3.793744e-01	1.527601e+00
569	1.418233e-01	2.530974e-01	2.610161e+00
570	6.755870e-01	2.929898e-01	1.058622e+00
571	5.690329e-01	5.183484e-01	2.782120e+00
572	4.675599e-01	5.352386e-01	1.518808e+00
573	5.613140e-01	3.404993e-01	2.109917e+00
574	5.843224e-01	2.646525e-01	2.074744e+00
575	5.606872e-01	2.303578e-01	2.319003e+00
576	2.779095e-01	1.362195e-01	1.290181e+00
577	5.588741e-01	2.509272e-01	1.286273e+00
578	6.868684e-01	6.626764e-01	1.881290e+00
579	8.769732e-01	5.200969e-01	1.664387e+00
580	1.952924e-01	8.483225e-01	1.242306e+00
581	7.735152e-01	1.962710e-01	1.927211e+00
582	5.828162e-01	3.030086e-01	2.820225e+00
583	4.497710e-01	5.767806e-01	2.792868e+00
584	4.608109e-01	1.472667e-01	1.201270e+00
585	8.507556e-01	3.434460e-01	1.898876e+00
586	5.631017e-01	3.280065e-01	1.782609e+00
587	2.427730e-01	3.477312e-01	1.561798e+00
588	6.076568e-01	3.338583e-01	2.282853e+00
589	5.735046e-01	2.622865e-01	2.210552e+00
590	5.683416e-01	2.351313e-01	1.020518e+00
591	7.209253e-01	2.320395e-01	1.784563e+00
592	3.181901e-01	3.988028e-01	1.275525e+00
593	5.767139e-01	2.450407e-01	1.212995e+00
594	7.681666e-01	2.545347e-01	2.964827e+00
595	5.787486e-01	2.739843e-01	2.079629e+00
596	4.486338e-01	4.267514e-01	1.187592e+00
597	4.395369e-01	5.961740e-01	1.258915e+00
598	1.288731e-01	4.538811e-01	1.999511e+00
599	5.873323e-01	3.028678e-01	1.264778e+00
600	6.354141e-01	3.101364e-01	1.110405e+00
601	1.400651e-01	1.633426e-01	1.107474e+00
602	1.938526e-01	7.328679e-01	1.070347e+00
603	6.296491e-01	3.812581e-01	2.400098e+00
604	6.434144e-01	3.787533e-01	2.871031e+00
605	5.895498e-01	3.221653e-01	2.739130e+00
606	5.611033e-01	3.227139e-01	2.061065e+00
607	7.529704e-01	1.744215e-01	1.073278e+00
608	6.220928e-01	2.768253e-01	2.799707e+00
609	3.460419e-01	6.120407e-01	2.010259e+00
610	6.184466e-01	2.973233e-01	1.700537e+00
611	6.147900e-01	3.325227e-01	1.339033e+00
612	5.767963e-01	3.609988e-01	2.227162e+00
613	5.837701e-01	4.074393e-01	2.482169e+00
614	5.857944e-01	2.898625e-01	2.958964e+00
615	6.123261e-01	2.332419e-01	1.443576e+00
616	3.838455e-01	3.587478e-01	2.381534e+00
617	6.609299e-01	4.004217e-01	1.971177e+00
618	5.869747e-01	2.442737e-01	2.960918e+00
619	2.071958e-01	1.168073e-01	1.812897e+00
620	1.724840e-01	1.078441e-01	1.170982e+00
621	3.837159e-01	3.678807e-01	1.277479e+00
622	6.844174e-01	6.011369e-01	1.176844e+00
623	6.589203e-01	3.801550e-01	1.636053e+00
624	7.584738e-01	2.409115e-01	2.336590e+00
625	6.050735e-01	4.059485e-01	1.343918e+00
626	5.986705e-01	2.995801e-01	1.905716e+00
627	7.423955e-01	1.978878e-01	1.784563e+00
628	5.986781e-01	2.967425e-01	2.063996e+00
629	5.671175e-01	3.522833e-01	2.497802e+00
630	6.225150e-01	3.599425e-01	2.870054e+00
631	3.372859e-01	3.077015e-01	1.729849e+00
632	5.077868e-01	8.662195e-01	2.290669e+00
633	5.726174e-01	4.338327e-01	2.841720e+00
634	5.955525e-01	2.751525e-01	2.195896e+00
635	1.887359e-01	3.505315e-02	1.601856e+00
636	3.923668e-01	4.253813e-01	2.449927e+00
637	5.010309e-01	3.405303e-01	1.462140e+00
638	5.703304e-01	3.792117e-01	2.041524e+00
639	5.842912e-01	3.238627e-01	2.061065e+00
641	8.952737e-01	6.873743e-02	2.205667e+00
642	5.792155e-01	2.801198e-01	2.184172e+00
643	7.083560e-01	2.118212e-01	2.747924e+00
644	3.411195e-01	4.183129e-01	2.909135e+00
645	5.769023e-01	2.604312e-01	2.777235e+00
646	5.837054e-01	3.484879e-01	1.295066e+00
647	6.333449e-01	2.077877e-01	1.050806e+00
648	8.952005e-01	6.483860e-03	1.191500e+00
649	5.676766e-01	3.972846e-01	1.198339e+00
650	3.613425e-01	6.170375e-01	2.656082e+00
651	2.507654e-01	2.699380e-01	1.692721e+00
652	9.496660e-01	3.577233e-02	2.330728e+00
653	5.909316e-01	4.526004e-01	1.906693e+00
654	1.503163e-01	4.007330e-01	2.192965e+00
655	5.468543e-01	4.415034e-01	1.200293e+00
656	5.491813e-01	3.351980e-01	2.361016e+00
657	3.856233e-01	4.402538e-01	2.080606e+00
658	5.851422e-01	2.914037e-01	2.017098e+00
659	6.238203e-01	4.737234e-01	2.191011e+00
660	3.211132e-01	3.658787e-01	1.667318e+00
661	3.542983e-01	4.418991e-01	2.229116e+00
662	7.480512e-01	2.750293e-01	1.188569e+00
663	3.741697e-01	2.471842e-01	2.714704e+00
664	5.957696e-01	4.058427e-01	1.979971e+00
665	2.789385e-01	5.617200e-01	2.954079e+00
666	5.160140e-01	1.260178e-01	1.803127e+00
667	5.344931e-01	3.778251e-01	1.039082e+00
668	2.192930e-01	5.200139e-01	1.893014e+00
669	1.707931e-01	1.608411e-01	1.778701e+00
670	2.040931e-01	8.922017e-01	1.807035e+00
671	5.603549e-01	2.891294e-01	1.102589e+00
672	7.440000e-01	2.472411e-01	1.879336e+00
673	7.379369e-01	2.379654e-01	1.984856e+00
674	5.776671e-01	3.810281e-01	2.238886e+00
675	4.310681e-01	6.738442e-01	2.868100e+00
676	5.774210e-01	2.840858e-01	2.748901e+00
677	3.442880e-01	4.273302e-01	1.578407e+00
678	5.945996e-01	2.379110e-01	1.621397e+00
679	5.820641e-01	4.340193e-01	2.657059e+00
680	1.661260e-01	4.085217e-01	2.404983e+00
681	2.840189e-01	1.217251e-01	2.272106e+00
682	3.727989e-01	3.789343e-01	1.463117e+00
683	2.592033e-01	3.320687e-01	2.316072e+00
684	5.884748e-01	3.020335e-01	2.334636e+00
685	5.482141e-01	4.395714e-01	1.365413e+00
686	4.290089e-01	4.463064e-01	2.105032e+00
687	7.188045e-01	2.636204e-01	1.339033e+00
688	5.862812e-01	2.627966e-01	2.932584e+00
689	6.012219e-01	2.855525e-01	2.378603e+00
690	5.926561e-01	3.015243e-01	1.833415e+00
691	6.202611e-01	3.665055e-01	1.663410e+00
692	5.355813e-01	5.082207e-01	2.251588e+00
693	3.481405e-01	3.672592e-01	1.766976e+00
694	4.471120e-01	5.594484e-01	1.575476e+00
695	4.875053e-01	4.514690e-01	2.771373e+00
696	3.791313e-01	3.692732e-01	2.787005e+00
697	5.812010e-01	2.773038e-01	1.959453e+00
698	5.918069e-01	2.741958e-01	2.187103e+00
699	5.903819e-01	2.627109e-01	2.430386e+00
700	5.508399e-01	2.664427e-01	2.679531e+00
701	6.673344e-01	3.647434e-01	2.191988e+00
702	5.492620e-01	2.364364e-01	2.945286e+00
703	5.480477e-01	3.283947e-01	2.793845e+00
704	5.733559e-01	2.568408e-01	2.132389e+00
705	4.555502e-01	6.338678e-01	1.627259e+00
706	5.817516e-01	2.873584e-01	1.623351e+00
707	5.689913e-01	2.677862e-01	2.772350e+00
708	5.717825e-01	3.524281e-01	1.552027e+00
709	1.217381e-01	7.014393e-01	1.180752e+00
710	4.055577e-01	5.289408e-01	1.632145e+00
711	1.799078e-01	1.673684e-01	1.680997e+00
713	5.717480e-01	4.102189e-01	1.703468e+00
714	5.523873e-01	2.731854e-01	1.471910e+00
715	1.003874e-01	4.309495e-01	2.368832e+00
716	5.476396e-01	3.494858e-01	1.961407e+00
717	5.897102e-01	3.016701e-01	1.756229e+00
718	5.554989e-01	1.876905e-01	2.987298e+00
719	5.855065e-01	2.920976e-01	2.332682e+00
720	5.973834e-01	2.512537e-01	1.097704e+00
722	5.826469e-01	2.672553e-01	1.704446e+00
723	5.884243e-01	3.225824e-01	1.853933e+00
724	5.785325e-01	2.779883e-01	2.829995e+00
725	7.455993e-01	2.228970e-01	2.232047e+00
726	3.434082e-01	4.237992e-01	2.587689e+00
727	2.334446e-01	3.947661e-01	2.698095e+00
729	8.204189e-01	7.603044e-02	1.212995e+00
730	1.416654e-01	7.573215e-01	1.502198e+00
731	6.000210e-01	3.180543e-01	2.614069e+00
732	3.800131e-01	3.158528e-01	2.880801e+00
733	6.054770e-01	3.055630e-01	1.956522e+00
734	5.746125e-01	2.628216e-01	2.745970e+00
735	2.094153e-01	8.789784e-01	1.179775e+00
736	7.548330e-01	1.963843e-01	1.935027e+00
737	5.909412e-01	3.421102e-01	1.975085e+00
738	5.899523e-01	3.114434e-01	1.067416e+00
739	6.058334e-01	3.513934e-01	2.024915e+00
740	4.462810e-01	5.548822e-01	2.810454e+00
741	5.589981e-01	4.284127e-01	2.428432e+00
742	5.796610e-01	3.875699e-01	1.957499e+00
743	9.596357e-01	1.635785e-01	2.306302e+00
744	6.000690e-01	3.110175e-01	2.557401e+00
745	3.837500e-01	6.710631e-01	1.243283e+00
746	5.742396e-01	4.030194e-01	2.429409e+00
747	5.157131e-01	2.654753e-01	2.523205e+00
748	7.266741e-01	1.449374e-01	2.842697e+00
749	5.909030e-01	2.552051e-01	2.247680e+00
750	5.656939e-01	1.967949e-01	2.000489e+00
751	5.883826e-01	3.288666e-01	2.446019e+00
752	6.199952e-01	2.653976e-01	2.360039e+00
753	1.419859e-01	2.574542e-03	2.567171e+00
754	5.873284e-01	2.158254e-01	2.415730e+00
755	5.992945e-01	2.842030e-01	1.989741e+00
756	6.102704e-01	2.605731e-01	2.908158e+00
757	5.954003e-01	4.241888e-01	2.731314e+00
758	5.927536e-01	3.132423e-01	2.544700e+00
759	5.728766e-01	4.169652e-01	2.890572e+00
760	5.997511e-01	2.921764e-01	1.654617e+00
761	5.124481e-01	3.317122e-01	1.008793e+00
762	3.443803e-01	4.029459e-01	1.260870e+00
763	2.297220e-01	3.324264e-02	1.347826e+00
764	5.344105e-01	2.012523e-01	1.325354e+00
765	6.052726e-01	2.491365e-01	1.420127e+00
766	8.515906e-01	1.275224e-01	2.845628e+00
767	5.131598e-01	3.379072e-01	1.853933e+00
768	6.004345e-01	2.803831e-01	1.303859e+00
769	2.122106e-01	1.361219e-01	1.294089e+00
770	4.041161e-01	5.559825e-01	1.675134e+00
771	6.037955e-01	2.513549e-01	2.417684e+00
772	6.200644e-01	3.142605e-01	2.053249e+00
773	5.872864e-01	2.831065e-01	1.276502e+00
774	6.492149e-01	3.785347e-01	2.779189e+00
776	1.479247e-01	4.574995e-01	2.295554e+00
777	5.801559e-01	2.574516e-01	1.652662e+00
778	5.964610e-01	4.108829e-01	2.464582e+00
779	5.988201e-01	3.148720e-01	1.763068e+00
780	7.312999e-01	2.963309e-01	2.026869e+00
781	5.833514e-01	2.301076e-01	1.160234e+00
782	5.698041e-01	4.209163e-01	2.302394e+00
783	3.782716e-01	4.963652e-01	1.384954e+00
784	6.285311e-01	3.878294e-01	2.598437e+00
785	6.054549e-01	2.444559e-01	2.130435e+00
786	7.458940e-01	2.781701e-01	1.690767e+00
787	3.794240e-01	3.299894e-01	1.940889e+00
788	5.388900e-01	2.051740e-01	2.099170e+00
