767
0	1.311538e-01	2.179080e-01	1.398632e+00
1	4.259576e-01	5.008800e-01	1.108451e+00
2	4.594752e-01	5.234518e-01	2.925745e+00
3	4.881037e-01	5.712471e-01	2.732291e+00
4	3.195972e-01	3.619881e-01	1.257938e+00
5	3.844653e-01	4.533272e-01	2.424524e+00
6	8.029584e-01	9.458066e-01	1.383000e+00
7	4.457281e-01	4.860631e-01	2.705911e+00
8	4.487133e-01	4.805610e-01	2.442110e+00
9	4.756100e-01	5.136245e-01	2.233024e+00
10	5.154076e-01	6.412645e-01	2.376649e+00
11	4.780193e-01	5.215601e-01	1.556913e+00
12	4.603275e-01	4.499155e-01	2.950171e+00
13	4.721949e-01	5.588837e-01	1.066439e+00
14	4.792407e-01	5.119932e-01	1.626282e+00
15	4.195179e-01	8.019408e-01	1.306790e+00
16	4.771866e-01	5.142296e-01	2.902296e+00
17	4.198296e-01	5.062518e-01	1.195408e+00
18	5.462445e-01	5.198137e-01	1.785540e+00
19	4.709145e-01	4.812321e-01	1.248168e+00
20	4.979232e-01	4.873931e-01	1.863703e+00
21	4.085555e-01	4.425700e-01	2.671715e+00
22	4.774780e-01	5.074242e-01	2.487054e+00
23	4.493798e-01	7.357033e-01	1.946751e+00
24	3.866903e-01	5.005138e-01	1.303859e+00
25	6.984833e-01	6.973495e-01	2.152907e+00
26	4.868931e-01	4.990570e-01	1.388862e+00
27	4.735523e-01	5.194194e-01	1.591109e+00
28	4.984525e-01	5.882423e-01	2.205667e+00
29	4.917788e-01	5.495657e-01	2.181241e+00
30	4.917764e-01	7.149361e-01	1.475818e+00
31	5.348571e-01	4.136672e-01	2.309233e+00
32	5.001671e-01	5.401847e-01	2.073766e+00
33	6.367424e-01	7.332241e-01	2.331705e+00
34	4.776776e-01	5.022874e-01	1.126038e+00
35	6.237042e-01	5.946608e-01	2.235955e+00
36	1.910441e-01	5.671884e-01	2.805569e+00
37	5.603535e-01	6.798988e-01	2.555447e+00
38	4.607702e-01	4.851133e-01	2.559355e+00
39	4.739264e-01	4.980981e-01	1.895945e+00
40	3.945186e-01	4.797770e-01	1.282364e+00
41	5.126012e-01	5.772194e-01	2.750855e+00
42	4.825457e-01	5.183713e-01	2.412799e+00
43	4.611342e-01	5.090053e-01	2.557401e+00
44	5.073216e-01	3.992970e-01	1.648754e+00
45	4.389193e-01	5.815930e-01	1.721055e+00
46	4.863631e-01	6.338380e-01	2.588666e+00
47	4.899004e-01	5.000258e-01	1.525647e+00
48	4.726902e-01	5.192892e-01	2.751832e+00
49	5.048401e-01	6.354472e-01	2.625794e+00
50	4.578450e-01	6.102014e-01	1.663410e+00
51	4.732495e-01	5.091609e-01	2.560332e+00
52	4.804995e-01	4.942505e-01	1.696629e+00
53	4.919785e-01	4.952933e-01	1.506106e+00
54	4.780847e-01	5.128774e-01	2.675623e+00
55	4.555229e-01	4.175801e-01	2.497802e+00
56	5.362212e-01	6.562999e-01	1.031265e+00
57	4.846833e-01	4.625528e-01	2.361993e+00
58	4.701965e-01	4.954897e-01	1.866634e+00
60	7.650263e-01	7.681616e-01	1.503175e+00
61	4.721351e-01	4.549271e-01	2.449927e+00
62	4.845774e-01	5.461387e-01	2.831949e+00
63	4.682208e-01	4.980591e-01	2.317049e+00
64	4.456718e-01	4.668981e-01	2.353200e+00
65	4.739501e-01	5.109595e-01	2.575965e+00
66	4.731145e-01	5.288054e-01	2.922814e+00
67	4.827506e-01	5.079966e-01	2.289692e+00
68	4.845998e-01	4.640943e-01	2.766488e+00
69	5.233448e-01	5.609108e-01	1.522716e+00
70	5.584909e-01	5.090806e-01	2.769419e+00
71	4.808836e-01	5.338623e-01	1.110405e+00
72	4.850019e-01	4.906668e-01	1.412311e+00
73	5.521030e-01	7.184144e-01	1.951637e+00
74	4.904162e-01	6.843065e-01	1.449438e+00
75	4.803591e-01	4.964622e-01	2.176356e+00
76	4.785757e-01	5.306748e-01	1.212995e+00
77	4.734585e-01	5.401799e-01	1.872496e+00
78	4.667653e-01	4.869146e-01	1.606742e+00
79	5.132809e-01	3.964818e-01	1.183683e+00
80	4.805962e-01	5.606048e-01	2.736199e+00
81	4.726426e-01	5.132245e-01	1.617489e+00
82	4.162492e-01	4.460277e-01	2.456766e+00
83	5.956426e-01	6.415661e-01	1.406448e+00
84	2.963257e-01	4.574418e-01	2.453835e+00
85	4.778113e-01	5.101082e-01	2.712750e+00
86	4.782412e-01	5.226202e-01	2.877870e+00
87	5.024037e-01	4.809686e-01	1.533464e+00
88	4.580068e-01	3.024639e-01	2.169516e+00
89	3.122224e-01	4.159166e-01	2.483146e+00
90	5.042257e-01	5.347269e-01	1.538349e+00
91	4.907692e-01	5.191066e-01	1.117245e+00
92	4.887054e-01	4.998792e-01	2.709819e+00
93	4.856687e-01	4.782643e-01	2.929653e+00
94	4.943492e-01	3.757209e-01	2.125550e+00
95	5.260951e-01	4.373825e-01	2.148999e+00
96	5.031949e-01	5.227906e-01	1.206155e+00
98	4.709647e-01	5.038421e-01	1.997557e+00
99	4.651141e-01	5.402020e-01	1.753298e+00
100	4.667541e-01	5.387132e-01	1.491451e+00
101	4.769631e-01	5.116101e-01	2.381534e+00
102	4.692319e-01	4.466353e-01	1.837323e+00
103	4.999510e-01	3.977168e-01	2.723498e+00
104	4.652758e-01	2.955182e-01	1.216903e+00
105	4.775772e-01	5.052787e-01	1.385931e+00
107	4.528419e-01	5.073877e-01	1.887152e+00
108	4.477243e-01	5.266849e-01	1.869565e+00
109	4.081410e-01	5.842258e-01	2.657059e+00
110	4.161449e-01	4.719621e-01	1.905716e+00
111	4.603234e-01	4.904332e-01	2.319980e+00
113	5.579685e-01	2.900278e-01	1.155349e+00
114	4.701031e-01	4.905350e-01	1.261847e+00
115	4.146239e-01	3.937602e-01	1.308745e+00
116	6.275955e-01	2.716880e-01	1.148510e+00
117	4.578736e-01	4.952692e-01	1.865657e+00
118	4.587308e-01	4.895838e-01	2.988276e+00
119	4.351271e-01	6.306044e-01	1.479726e+00
120	5.200197e-01	5.994896e-01	2.095261e+00
121	5.067502e-01	6.440088e-01	2.442110e+00
122	6.460282e-01	6.355662e-01	1.070347e+00
123	4.907362e-01	4.870784e-01	1.417196e+00
124	4.816169e-01	5.313407e-01	2.817294e+00
126	4.849672e-01	5.361042e-01	2.738153e+00
127	4.898675e-01	5.220096e-01	2.338544e+00
128	5.239788e-01	5.820075e-01	1.282364e+00
129	4.863344e-01	5.323211e-01	2.676600e+00
130	5.303428e-01	5.836034e-01	2.443087e+00
132	4.908088e-01	5.653586e-01	1.220811e+00
133	2.775745e-01	6.519606e-01	2.407914e+00
134	4.364335e-01	6.308442e-01	2.277968e+00
135	4.850552e-01	5.015086e-01	2.409868e+00
136	4.528237e-01	5.015602e-01	2.083537e+00
137	4.897539e-01	5.606278e-01	2.286761e+00
138	6.781170e-01	3.091365e-01	1.194431e+00
139	4.877650e-01	5.124644e-01	2.818271e+00
140	4.509341e-01	4.318100e-01	2.827064e+00
141	4.939683e-01	5.164667e-01	1.684905e+00
142	4.607305e-01	5.075809e-01	1.999511e+00
143	4.690702e-01	5.100987e-01	1.956522e+00
144	5.222973e-01	4.631330e-01	2.323889e+00
145	3.906817e-01	5.058636e-01	2.501710e+00
146	4.222928e-01	3.987491e-01	2.395213e+00
147	4.398879e-01	5.274687e-01	2.719590e+00
148	4.760516e-01	5.133275e-01	2.937469e+00
149	4.816692e-01	5.130282e-01	2.803615e+00
150	4.747225e-01	4.743534e-01	1.794333e+00
151	4.620341e-01	5.337166e-01	2.611138e+00
152	4.824828e-01	5.085671e-01	1.724963e+00
153	4.951348e-01	5.386589e-01	1.983879e+00
154	4.747834e-01	5.128188e-01	2.181241e+00
155	4.691372e-01	6.385140e-01	1.295066e+00
156	5.504457e-01	6.158583e-01	1.970200e+00
157	4.974211e-01	4.991451e-01	2.387396e+00
158	6.031024e-01	5.984652e-01	2.386419e+00
159	6.264594e-01	4.354378e-01	2.647289e+00
160	4.683372e-01	5.299057e-01	1.686859e+00
161	4.578745e-01	4.930251e-01	1.553981e+00
162	4.546722e-01	4.594564e-01	1.764045e+00
163	3.405283e-01	2.617890e-01	1.632145e+00
164	4.758795e-01	5.161939e-01	1.235467e+00
165	4.818261e-01	5.321449e-01	2.251588e+00
166	4.796984e-01	4.982397e-01	1.751343e+00
167	4.070977e-01	6.261303e-01	1.715193e+00
168	4.781813e-01	5.141908e-01	2.109917e+00
169	4.967800e-01	5.782845e-01	2.137274e+00
170	5.794146e-01	5.297316e-01	2.099170e+00
171	4.733405e-01	4.972788e-01	2.057157e+00
172	4.287984e-01	5.690206e-01	2.246702e+00
173	4.650963e-01	5.184633e-01	1.894968e+00
174	4.008680e-01	4.516120e-01	2.453835e+00
175	5.106043e-01	5.414298e-01	2.834880e+00
176	4.469083e-01	6.594931e-01	2.215437e+00
177	4.774307e-01	5.301743e-01	2.153884e+00
178	4.839414e-01	5.079364e-01	2.475330e+00
179	4.635589e-01	5.833620e-01	1.274548e+00
180	4.637125e-01	4.768269e-01	2.127504e+00
181	4.729288e-01	5.151323e-01	1.790425e+00
182	2.606043e-01	3.425058e-01	1.736688e+00
183	5.453151e-01	4.200738e-01	1.692721e+00
184	4.520433e-01	4.300166e-01	2.042501e+00
185	6.015175e-01	5.188763e-01	1.468979e+00
186	4.408864e-01	5.386377e-01	1.784563e+00
188	4.739263e-01	5.490551e-01	1.839277e+00
189	4.500665e-01	5.078655e-01	1.175867e+00
190	3.407797e-01	5.214147e-01	2.807523e+00
191	3.799181e-01	3.624719e-01	2.811431e+00
192	4.496658e-01	5.088703e-01	1.192477e+00
193	3.024621e-01	5.739850e-01	1.620420e+00
194	5.124619e-01	4.803089e-01	2.624817e+00
195	4.742830e-01	5.174390e-01	2.806546e+00
196	4.502103e-01	4.808744e-01	1.763068e+00
197	6.232424e-01	5.780106e-01	2.060088e+00
198	4.330560e-01	7.072912e-01	2.458720e+00
199	4.858774e-01	5.095180e-01	2.463605e+00
200	7.401546e-01	7.100023e-01	1.141671e+00
201	4.859270e-01	5.063461e-01	1.146556e+00
202	4.916743e-01	5.936666e-01	1.395701e+00
203	3.963300e-01	5.840496e-01	1.755252e+00
204	4.758330e-01	5.544981e-01	2.901319e+00
205	4.258372e-01	4.500900e-01	2.123596e+00
206	4.831965e-01	4.819277e-01	1.652662e+00
207	4.590318e-01	4.657309e-01	1.199316e+00
208	4.597837e-01	4.537459e-01	2.170493e+00
209	4.310897e-01	7.358730e-01	2.733268e+00
210	4.893957e-01	4.372295e-01	1.545188e+00
211	4.725124e-01	5.312831e-01	1.376160e+00
212	4.695625e-01	5.361978e-01	1.621397e+00
213	4.630176e-01	5.102623e-01	1.883244e+00
214	4.963295e-01	5.270353e-01	1.612604e+00
215	4.968876e-01	5.086456e-01	2.909135e+00
216	4.704292e-01	5.047470e-01	1.354665e+00
217	4.685549e-01	5.075364e-01	2.770396e+00
218	4.286594e-01	5.242801e-01	2.148999e+00
219	4.598770e-01	5.589817e-01	2.624817e+00
220	4.619765e-01	5.406848e-01	2.697118e+00
221	4.653888e-01	5.363325e-01	1.938935e+00
222	3.273568e-01	1.984319e-01	1.854910e+00
223	4.572294e-01	4.770092e-01	2.625794e+00
224	4.529434e-01	2.824843e-01	2.984367e+00
225	4.460982e-01	4.720861e-01	2.693210e+00
226	4.791390e-01	5.252679e-01	2.276014e+00
227	4.679324e-01	5.044916e-01	1.245237e+00
228	4.744028e-01	5.182472e-01	1.489497e+00
229	4.700489e-01	5.133334e-01	2.305325e+00
230	4.631529e-01	4.891309e-01	2.689301e+00
231	4.704632e-01	5.030778e-01	1.346849e+00
232	4.896094e-01	5.525439e-01	2.447973e+00
233	4.521439e-01	4.696856e-01	1.591109e+00
234	5.580081e-01	5.148259e-01	1.931119e+00
235	4.778548e-01	5.562606e-01	2.687347e+00
236	4.767804e-01	5.129090e-01	2.787982e+00
237	4.752748e-01	5.051771e-01	1.510015e+00
238	4.846488e-01	5.254388e-01	2.193942e+00
239	4.946873e-01	5.393493e-01	2.918906e+00
240	4.783131e-01	5.425813e-01	1.734734e+00
241	4.485986e-01	5.884805e-01	1.119199e+00
242	5.600192e-01	5.760206e-01	1.631168e+00
243	4.844921e-01	5.303194e-01	1.258915e+00
244	4.826979e-01	4.338731e-01	2.458720e+00
245	4.359649e-01	3.408378e-01	2.134343e+00
246	4.687543e-01	5.148811e-01	2.662921e+00
247	4.765077e-01	5.487877e-01	2.924768e+00
248	4.542419e-01	5.041162e-01	2.983390e+00
250	7.455918e-01	7.086996e-01	2.763556e+00
251	4.128977e-01	4.992536e-01	2.374695e+00
252	4.751389e-01	6.109507e-01	1.703468e+00
253	5.108030e-01	5.985760e-01	1.246214e+00
254	4.998218e-01	5.569271e-01	2.925745e+00
255	4.742382e-01	5.239339e-01	1.857841e+00
256	4.817806e-01	5.198465e-01	2.601368e+00
257	4.707499e-01	4.769026e-01	2.413776e+00
258	4.434581e-01	5.158735e-01	2.569126e+00
259	4.268210e-01	3.932943e-01	1.865657e+00
260	4.764131e-01	5.115685e-01	2.574988e+00
261	4.803266e-01	5.051535e-01	1.598925e+00
262	5.166076e-01	3.623172e-01	2.264289e+00
263	3.051615e-01	6.100861e-01	1.176844e+00
264	4.695683e-01	3.196568e-01	1.061553e+00
265	4.822838e-01	5.348080e-01	2.526136e+00
266	4.704096e-01	5.103760e-01	1.928188e+00
267	4.713142e-01	4.578334e-01	2.006351e+00
268	4.810228e-01	4.944236e-01	1.041036e+00
269	2.385832e-01	4.703898e-01	1.793356e+00
270	4.087072e-01	3.678890e-01	1.860772e+00
271	3.649925e-01	5.817408e-01	1.389839e+00
272	4.723005e-01	5.015080e-01	1.052760e+00
273	5.145965e-01	5.766779e-01	1.156326e+00
274	6.207746e-01	7.582898e-01	1.981925e+00
275	2.521054e-01	3.521745e-01	2.256473e+00
276	4.532727e-01	4.835556e-01	2.368832e+00
277	4.603198e-01	5.386212e-01	2.024915e+00
279	5.262583e-01	5.401342e-01	1.348803e+00
280	4.920890e-01	6.823761e-01	2.472399e+00
281	4.902551e-01	7.300189e-01	2.288715e+00
282	4.695603e-01	4.513996e-01	2.745970e+00
283	5.205750e-01	5.503738e-01	2.490962e+00
284	6.230441e-01	7.460869e-01	2.515388e+00
285	1.322002e-01	4.261775e-01	1.545188e+00
286	4.847510e-01	4.978787e-01	2.662921e+00
287	5.060475e-01	5.705510e-01	2.264289e+00
288	4.698665e-01	5.165216e-01	2.905227e+00
289	4.808409e-01	3.806109e-01	1.058622e+00
290	4.319049e-01	5.208820e-01	2.152907e+00
291	8.041943e-01	9.459103e-01	2.784074e+00
292	4.726553e-01	5.077198e-01	2.445042e+00
293	4.978300e-01	3.201827e-01	2.852467e+00
294	5.505080e-01	5.344717e-01	2.070835e+00
295	5.005231e-01	5.708245e-01	1.406448e+00
296	6.402173e-01	8.743207e-01	1.751343e+00
297	4.246593e-01	5.136335e-01	2.077675e+00
298	5.331291e-01	3.499415e-01	1.601856e+00
299	4.478598e-01	4.776550e-01	2.048363e+00
300	4.976033e-01	5.528650e-01	2.781143e+00
301	4.721335e-01	5.138580e-01	2.779189e+00
302	4.576392e-01	4.656048e-01	2.617978e+00
303	3.175763e-01	3.543992e-01	1.698583e+00
304	6.014898e-01	6.129035e-01	1.948705e+00
305	4.831515e-01	4.923886e-01	1.416219e+00
306	8.604333e-01	2.318809e-01	1.745481e+00
307	4.684863e-01	4.989297e-01	2.291646e+00
308	4.288407e-01	3.464102e-01	1.868588e+00
309	4.465304e-01	5.317445e-01	2.511480e+00
310	4.812176e-01	5.606381e-01	2.596483e+00
311	4.216980e-01	3.889641e-01	2.855398e+00
312	4.739856e-01	4.936692e-01	1.312653e+00
313	4.305127e-01	4.648435e-01	1.787494e+00
314	4.775096e-01	5.187822e-01	2.252565e+00
315	3.894279e-01	4.113940e-01	1.978017e+00
316	3.824179e-01	5.049775e-01	2.965804e+00
317	4.800882e-01	5.171936e-01	2.221299e+00
318	5.963935e-01	5.114923e-01	1.701514e+00
319	4.566100e-01	4.902825e-01	1.135809e+00
320	4.671986e-01	5.010152e-01	2.997069e+00
322	4.068281e-01	6.312594e-01	2.362970e+00
323	4.702331e-01	5.390547e-01	2.553493e+00
324	4.708832e-01	4.864968e-01	1.347826e+00
325	2.212445e-01	2.733016e-01	2.896434e+00
326	4.700136e-01	5.123135e-01	1.857841e+00
327	4.358764e-01	6.068282e-01	1.669272e+00
328	4.842891e-01	5.453427e-01	1.726917e+00
329	4.464660e-01	4.514261e-01	2.604299e+00
330	4.967976e-01	5.512486e-01	2.089399e+00
331	5.171876e-01	4.823996e-01	1.552027e+00
332	5.186044e-01	5.598199e-01	1.769907e+00
333	4.917047e-01	5.673708e-01	1.382022e+00
334	2.325742e-01	3.252146e-01	2.510503e+00
335	4.371010e-01	5.646666e-01	1.640938e+00
336	4.586367e-01	5.044254e-01	2.933561e+00
337	4.593088e-01	5.822610e-01	1.033219e+00
338	4.384447e-01	4.827102e-01	1.408403e+00
339	4.738457e-01	5.400437e-01	2.767465e+00
340	4.704158e-01	4.942472e-01	1.526624e+00
341	4.501929e-01	3.804078e-01	1.456277e+00
342	4.703146e-01	5.241080e-01	1.054714e+00
343	4.915417e-01	5.268765e-01	2.601368e+00
344	2.596330e-01	3.550528e-01	2.193942e+00
346	4.584213e-01	4.638449e-01	1.564729e+00
347	4.609860e-01	5.231131e-01	1.679043e+00
348	4.468639e-01	5.446059e-01	2.034685e+00
349	4.827959e-01	5.353745e-01	2.564240e+00
350	4.966611e-01	5.258243e-01	2.311187e+00
351	4.676115e-01	5.243868e-01	1.297997e+00
352	4.815435e-01	5.392456e-01	2.873962e+00
353	5.235964e-01	5.581500e-01	2.202736e+00
354	4.771676e-01	5.123856e-01	2.653151e+00
355	3.523792e-01	6.236402e-01	2.461651e+00
356	4.796534e-01	5.274278e-01	1.679043e+00
357	4.232398e-01	4.871350e-01	2.991207e+00
358	4.876818e-01	7.156097e-01	2.857352e+00
359	5.405481e-01	6.095026e-01	1.913532e+00
360	4.888222e-01	4.762585e-01	1.216903e+00
361	4.542075e-01	2.594793e-01	1.214949e+00
362	4.092410e-01	5.566025e-01	1.005862e+00
363	4.931482e-01	5.631414e-01	2.227162e+00
364	4.705350e-01	5.125977e-01	1.723009e+00
366	5.207506e-01	5.873235e-01	1.692721e+00
367	4.845906e-01	5.023708e-01	1.154372e+00
368	4.740170e-01	4.792487e-01	1.851001e+00
369	4.721160e-01	5.097688e-01	2.418661e+00
370	5.008658e-01	5.101565e-01	1.874450e+00
371	5.149348e-01	6.032944e-01	1.591109e+00
372	4.382712e-01	4.887394e-01	2.199805e+00
373	3.824035e-01	3.386074e-01	2.208598e+00
374	4.640046e-01	6.256113e-01	1.322423e+00
375	5.421039e-01	7.570086e-01	2.361016e+00
376	4.322084e-01	4.885048e-01	1.815828e+00
377	4.772746e-01	5.118462e-01	1.328285e+00
378	4.541943e-01	5.015485e-01	1.883244e+00
379	3.836479e-01	4.430264e-01	1.599902e+00
380	5.525008e-01	7.786910e-01	2.343429e+00
381	4.713911e-01	4.985202e-01	1.835369e+00
383	5.130940e-01	3.416082e-01	1.698583e+00
384	6.952970e-01	3.645367e-01	2.761602e+00
385	4.359711e-01	7.371261e-01	1.961407e+00
386	6.401088e-01	5.783777e-01	2.449927e+00
387	5.042440e-01	6.118666e-01	2.669761e+00
388	5.249552e-01	5.487692e-01	2.597460e+00
389	4.669333e-01	4.987649e-01	2.960918e+00
390	4.761204e-01	5.177679e-01	1.655594e+00
391	4.949174e-01	5.978662e-01	2.572057e+00
392	4.860921e-01	5.389886e-01	1.234489e+00
393	4.908396e-01	5.234082e-01	1.607719e+00
394	4.788485e-01	5.167223e-01	2.643381e+00
395	4.235278e-01	5.873061e-01	1.233512e+00
397	6.234606e-01	4.104834e-01	1.083048e+00
398	5.131101e-01	1.864702e-01	2.453835e+00
399	5.215591e-01	4.631263e-01	2.169516e+00
400	4.848441e-01	5.745870e-01	1.634099e+00
401	5.924618e-01	5.771874e-01	1.314607e+00
402	4.808481e-01	5.410131e-01	2.292623e+00
403	5.524196e-01	6.517279e-01	1.759160e+00
404	4.987077e-01	5.063621e-01	2.942355e+00
405	4.968312e-01	6.320874e-01	1.358574e+00
406	4.617008e-01	4.714504e-01	1.474841e+00
407	6.743223e-01	6.224367e-01	2.850513e+00
408	4.093187e-01	5.400606e-01	2.543723e+00
409	4.975795e-01	5.064909e-01	1.170005e+00
410	5.099740e-01	4.581350e-01	2.011236e+00
411	4.444907e-01	5.716243e-01	2.982413e+00
412	7.886462e-01	1.988522e-01	1.578407e+00
413	6.176812e-01	6.483269e-01	2.904250e+00
414	4.808558e-01	5.356362e-01	2.948217e+00
415	4.773595e-01	5.098565e-01	1.856864e+00
416	4.755593e-01	5.471946e-01	1.780655e+00
417	4.544317e-01	5.084258e-01	1.223742e+00
418	4.909962e-01	5.343920e-01	2.928676e+00
419	4.601285e-01	4.966095e-01	1.055691e+00
420	4.654428e-01	5.208448e-01	2.823156e+00
421	4.726513e-01	5.155351e-01	2.886663e+00
422	4.687340e-01	5.287603e-01	1.391793e+00
423	6.121270e-01	3.539273e-01	1.467025e+00
424	4.757654e-01	5.457991e-01	1.512946e+00
425	1.555073e-01	5.033810e-01	1.960430e+00
426	1.662692e-01	4.821214e-01	2.254519e+00
427	4.379374e-01	4.563868e-01	2.899365e+00
428	4.885347e-01	5.169214e-01	1.247191e+00
429	4.869396e-01	5.235783e-01	1.802149e+00
430	4.946457e-01	5.233764e-01	1.663410e+00
431	4.834617e-01	3.655040e-01	2.556424e+00
433	4.526771e-01	5.066413e-01	2.475330e+00
434	4.634160e-01	4.632251e-01	2.923791e+00
435	5.506105e-01	3.482183e-01	2.906204e+00
437	4.874509e-01	4.975255e-01	2.476307e+00
438	5.067305e-01	6.029990e-01	2.065950e+00
439	4.755848e-01	5.096734e-01	1.983879e+00
440	4.507629e-01	5.981858e-01	1.637030e+00
441	5.752536e-01	3.165025e-01	1.338056e+00
442	5.053886e-01	5.207919e-01	2.406937e+00
443	4.608798e-01	3.173919e-01	1.422081e+00
444	4.147336e-01	4.034733e-01	2.956033e+00
445	4.891932e-01	5.111865e-01	2.601368e+00
446	3.401158e-01	4.504514e-01	1.846116e+00
447	4.744785e-01	5.126672e-01	1.264778e+00
448	4.623269e-01	4.486413e-01	1.119199e+00
449	4.801227e-01	5.427954e-01	1.956522e+00
450	5.165360e-01	4.258810e-01	2.971666e+00
451	4.815243e-01	5.117423e-01	2.149976e+00
452	5.682324e-01	4.237229e-01	1.574499e+00
453	4.216780e-01	2.424842e-01	1.775769e+00
455	4.837892e-01	5.312581e-01	2.984367e+00
456	4.562114e-01	4.616868e-01	1.577430e+00
457	4.413828e-01	4.893637e-01	2.955056e+00
458	4.580429e-01	5.352022e-01	2.865169e+00
459	4.064158e-01	3.314143e-01	1.672203e+00
461	3.535872e-01	7.902117e-01	2.513434e+00
462	4.983446e-01	5.757123e-01	1.853933e+00
463	4.149167e-01	4.799989e-01	2.858329e+00
464	4.845742e-01	5.684937e-01	1.574499e+00
465	5.196715e-01	5.080294e-01	1.432829e+00
466	4.715097e-01	5.197771e-01	1.500244e+00
467	3.638312e-01	3.610591e-01	1.323400e+00
468	4.633547e-01	5.132554e-01	2.147044e+00
469	4.868852e-01	5.145840e-01	2.698095e+00
470	4.636415e-01	4.912295e-01	1.364436e+00
471	5.568904e-01	6.278547e-01	2.076698e+00
472	4.795009e-01	5.150223e-01	2.011236e+00
473	4.583249e-01	5.092039e-01	1.215926e+00
474	4.733764e-01	5.025977e-01	2.299463e+00
475	4.268027e-01	5.473354e-01	1.683928e+00
476	4.771343e-01	4.971907e-01	2.081583e+00
477	4.967086e-01	5.439427e-01	2.350269e+00
478	3.821342e-01	6.586793e-01	2.728383e+00
479	3.668967e-01	3.790807e-01	1.194431e+00
480	4.682533e-01	3.766675e-01	2.515388e+00
481	4.026992e-01	2.566895e-01	1.865657e+00
482	4.937034e-01	7.451713e-01	1.802149e+00
483	4.759929e-01	5.850282e-01	1.367367e+00
484	4.311969e-01	4.718114e-01	1.148510e+00
485	5.359566e-01	6.227559e-01	2.427455e+00
486	4.322108e-01	4.352660e-01	2.196873e+00
487	5.538102e-01	5.143501e-01	2.386419e+00
488	4.632943e-01	4.887947e-01	1.294089e+00
489	4.681954e-01	4.620168e-01	1.687836e+00
490	4.122898e-01	5.705396e-01	1.146556e+00
491	5.422791e-01	7.888926e-01	1.597948e+00
492	4.218205e-01	5.306437e-01	2.412799e+00
493	4.026732e-01	3.425418e-01	1.227650e+00
494	4.635242e-01	4.378607e-01	2.522228e+00
495	4.750312e-01	5.068756e-01	1.437714e+00
496	4.654376e-01	4.359395e-01	1.523693e+00
497	4.641388e-01	6.121630e-01	1.221788e+00
498	4.860352e-01	5.816439e-01	1.652662e+00
499	5.183235e-01	6.310542e-01	1.269663e+00
500	4.849614e-01	5.139489e-01	2.967758e+00
501	4.707230e-01	5.137859e-01	2.546654e+00
502	4.579729e-01	1.437817e-01	1.818759e+00
503	4.913400e-01	5.426691e-01	1.919394e+00
504	4.673302e-01	5.284989e-01	2.563263e+00
505	4.637169e-01	5.086379e-01	1.451392e+00
506	3.916340e-01	5.853906e-01	1.718124e+00
507	4.814633e-01	5.266862e-01	1.207132e+00
508	4.692344e-01	5.116640e-01	1.236444e+00
509	4.883680e-01	5.491983e-01	2.622863e+00
510	2.967799e-01	6.194488e-01	2.549585e+00
511	4.832654e-01	5.080591e-01	2.966781e+00
512	5.406417e-01	7.221629e-01	2.395213e+00
513	4.085491e-01	4.980176e-01	1.534441e+00
514	3.191174e-01	3.306479e-01	1.550073e+00
515	4.781212e-01	6.239080e-01	1.610650e+00
516	4.813117e-01	7.872436e-01	1.612604e+00
517	4.555491e-01	5.099242e-01	1.086957e+00
518	5.278683e-01	4.288539e-01	2.282853e+00
519	3.616330e-01	2.885752e-01	1.573522e+00
520	4.613088e-01	5.235102e-01	2.497802e+00
521	4.841799e-01	5.017063e-01	1.752320e+00
523	4.905284e-01	4.942393e-01	1.209086e+00
524	5.034493e-01	6.602729e-01	2.755740e+00
525	4.334118e-01	4.925868e-01	1.499267e+00
526	4.777822e-01	5.090655e-01	1.014656e+00
527	7.289518e-01	7.415611e-01	2.891549e+00
528	4.794227e-01	5.224584e-01	2.478261e+00
529	5.118713e-01	5.703859e-01	1.898876e+00
530	4.633482e-01	5.113016e-01	1.188569e+00
531	4.295897e-01	4.749653e-01	2.785051e+00
532	4.811830e-01	5.168229e-01	2.945286e+00
533	4.106440e-01	4.524267e-01	2.458720e+00
534	6.116963e-01	5.251271e-01	2.673669e+00
535	4.804393e-01	5.028632e-01	1.399609e+00
536	4.707516e-01	5.217180e-01	2.604299e+00
537	4.754116e-01	5.217260e-01	1.529555e+00
538	4.729642e-01	5.091326e-01	2.823156e+00
539	4.393527e-01	4.634245e-01	2.826087e+00
540	5.143765e-01	6.134149e-01	2.844651e+00
541	4.388837e-01	5.518234e-01	2.290669e+00
542	4.422087e-01	5.421378e-01	2.570103e+00
543	4.865545e-01	5.155264e-01	2.396190e+00
544	5.217722e-01	4.618857e-01	1.318515e+00
545	4.844274e-01	5.149119e-01	2.605276e+00
546	3.512348e-01	4.560394e-01	2.683439e+00
547	6.260981e-01	5.596841e-01	1.587201e+00
548	4.959330e-01	7.070583e-01	1.375183e+00
549	4.976727e-01	4.944861e-01	2.298486e+00
550	4.277705e-01	4.628368e-01	1.285296e+00
551	4.809939e-01	5.248336e-01	2.983390e+00
552	3.794785e-01	6.400666e-01	1.195408e+00
553	4.825690e-01	4.960515e-01	2.414753e+00
554	3.533789e-01	6.924957e-01	1.843185e+00
555	4.730692e-01	5.859563e-01	2.396190e+00
556	3.954076e-01	4.593695e-01	3.000000e+00
557	4.666000e-01	4.945257e-01	2.728383e+00
559	4.845607e-01	5.359284e-01	1.944797e+00
560	4.227574e-01	7.331965e-01	2.883732e+00
561	4.394893e-01	4.486125e-01	2.383488e+00
562	3.974647e-01	5.412960e-01	2.506595e+00
563	4.911546e-01	5.298979e-01	1.786517e+00
564	4.193826e-01	5.811906e-01	2.893503e+00
565	4.843480e-01	5.127575e-01	2.981436e+00
566	4.782272e-01	5.111973e-01	2.663898e+00
567	4.848223e-01	5.404463e-01	2.227162e+00
568	5.103475e-01	5.003544e-01	1.527601e+00
569	4.354074e-01	4.620124e-01	2.610161e+00
570	8.106679e-01	3.409408e-01	1.058622e+00
571	4.896917e-01	5.545478e-01	2.782120e+00
573	4.558509e-01	5.111525e-01	2.109917e+00
574	4.636646e-01	4.758308e-01	2.074744e+00
575	4.514444e-01	4.975711e-01	2.319003e+00
576	4.217099e-01	5.131447e-01	1.290181e+00
577	3.952894e-01	4.190744e-01	1.286273e+00
578	4.730709e-01	5.477897e-01	1.881290e+00
579	4.858857e-01	5.374185e-01	1.664387e+00
580	2.596865e-01	3.235372e-01	1.242306e+00
581	5.272134e-01	4.797487e-01	1.927211e+00
582	4.705355e-01	5.143031e-01	2.820225e+00
583	5.063025e-01	7.022501e-01	2.792868e+00
584	5.126939e-01	4.894339e-01	1.201270e+00
585	4.284196e-01	4.672573e-01	1.898876e+00
586	4.697988e-01	5.203202e-01	1.782609e+00
587	4.629632e-01	5.180851e-01	1.561798e+00
588	4.780767e-01	5.150749e-01	2.282853e+00
589	4.934304e-01	6.026163e-01	2.210552e+00
590	4.160990e-01	5.139384e-01	1.020518e+00
591	4.980510e-01	5.861045e-01	1.784563e+00
592	4.799735e-01	5.114737e-01	1.275525e+00
593	4.668651e-01	4.947361e-01	1.212995e+00
594	5.090128e-01	5.158958e-01	2.964827e+00
595	4.714949e-01	4.831954e-01	2.079629e+00
596	3.875063e-01	3.300542e-01	1.187592e+00
597	4.729111e-01	5.302546e-01	1.258915e+00
598	4.735696e-01	5.169907e-01	1.999511e+00
599	4.814014e-01	5.254780e-01	1.264778e+00
600	4.784578e-01	5.215685e-01	1.110405e+00
601	5.413858e-01	7.853369e-01	1.107474e+00
602	4.480220e-01	4.006762e-01	1.070347e+00
603	4.811294e-01	5.240013e-01	2.400098e+00
604	5.032342e-01	4.542388e-01	2.871031e+00
605	4.759162e-01	5.042948e-01	2.739130e+00
606	5.062670e-01	5.266502e-01	2.061065e+00
607	2.532560e-01	4.196472e-01	1.073278e+00
608	4.732083e-01	5.232209e-01	2.799707e+00
609	4.628314e-01	4.672617e-01	2.010259e+00
610	4.083858e-01	5.586837e-01	1.700537e+00
611	4.763279e-01	5.001337e-01	1.339033e+00
612	4.796664e-01	4.534781e-01	2.227162e+00
613	6.577083e-01	2.473916e-01	2.482169e+00
614	4.657226e-01	5.077890e-01	2.958964e+00
615	4.535769e-01	5.498969e-01	1.443576e+00
616	3.702514e-01	5.306665e-01	2.381534e+00
617	4.407674e-01	4.720040e-01	1.971177e+00
618	4.784239e-01	5.054649e-01	2.960918e+00
619	4.439724e-01	4.518889e-01	1.812897e+00
620	5.316525e-01	4.124363e-01	1.170982e+00
621	4.639451e-01	4.523167e-01	1.277479e+00
622	4.696360e-01	4.427540e-01	1.176844e+00
623	3.590972e-01	4.985561e-01	1.636053e+00
624	4.403058e-01	5.907227e-01	2.336590e+00
625	4.429553e-01	4.627678e-01	1.343918e+00
626	4.707591e-01	5.155299e-01	1.905716e+00
627	4.375079e-01	5.037259e-01	1.784563e+00
628	4.872199e-01	5.120743e-01	2.063996e+00
629	4.701281e-01	5.151329e-01	2.497802e+00
630	5.124967e-01	4.860850e-01	2.870054e+00
631	4.962241e-01	5.140406e-01	1.729849e+00
632	4.870342e-01	6.232535e-01	2.290669e+00
633	4.760528e-01	5.105348e-01	2.841720e+00
634	4.763910e-01	5.171533e-01	2.195896e+00
635	4.440900e-01	4.881126e-01	1.601856e+00
636	4.845691e-01	5.213770e-01	2.449927e+00
637	4.706898e-01	4.660336e-01	1.462140e+00
638	4.770752e-01	5.147130e-01	2.041524e+00
639	4.773895e-01	5.131950e-01	2.061065e+00
640	5.640205e-01	5.674000e-01	2.130435e+00
641	4.152199e-01	2.671047e-01	2.205667e+00
642	4.746092e-01	5.186875e-01	2.184172e+00
643	4.283874e-01	4.808641e-01	2.747924e+00
644	2.893290e-01	5.563484e-01	2.909135e+00
645	4.778654e-01	5.234648e-01	2.777235e+00
646	4.338481e-01	4.453691e-01	1.295066e+00
647	4.747303e-01	6.086525e-01	1.050806e+00
648	2.934469e-01	5.075294e-01	1.191500e+00
649	4.618177e-01	5.116109e-01	1.198339e+00
650	4.782253e-01	5.276359e-01	2.656082e+00
651	4.681751e-01	5.313671e-01	1.692721e+00
652	8.111299e-01	7.304809e-01	2.330728e+00
653	4.573158e-01	4.857171e-01	1.906693e+00
654	4.512758e-01	5.098103e-01	2.192965e+00
655	3.978033e-01	4.590357e-01	1.200293e+00
656	4.760269e-01	5.299598e-01	2.361016e+00
657	4.304756e-01	4.699683e-01	2.080606e+00
658	4.814074e-01	4.981401e-01	2.017098e+00
659	3.995828e-01	5.635170e-01	2.191011e+00
660	7.055251e-01	6.431109e-01	1.667318e+00
661	6.124170e-01	6.280275e-01	2.229116e+00
662	3.126675e-01	4.375340e-01	1.188569e+00
663	5.159082e-01	5.430553e-01	2.714704e+00
664	4.837230e-01	5.103406e-01	1.979971e+00
665	4.722269e-01	5.611294e-01	2.954079e+00
666	4.799259e-01	5.204104e-01	1.803127e+00
667	4.807051e-01	5.124227e-01	1.039082e+00
668	5.089836e-01	3.846665e-01	1.893014e+00
669	4.427807e-01	4.299651e-01	1.778701e+00
670	4.487601e-01	5.292782e-01	1.807035e+00
671	4.855035e-01	5.293445e-01	1.102589e+00
672	4.476218e-01	7.931917e-01	1.879336e+00
673	4.382482e-01	5.569316e-01	1.984856e+00
674	4.758471e-01	5.136115e-01	2.238886e+00
675	4.803834e-01	4.909246e-01	2.868100e+00
676	4.689107e-01	5.176932e-01	2.748901e+00
677	5.513202e-01	6.023094e-01	1.578407e+00
678	4.601475e-01	4.755827e-01	1.621397e+00
679	4.723140e-01	5.075565e-01	2.657059e+00
680	4.750566e-01	5.348816e-01	2.404983e+00
681	4.851353e-01	4.667162e-01	2.272106e+00
682	4.782579e-01	4.102519e-01	1.463117e+00
683	4.855310e-01	5.421967e-01	2.316072e+00
684	4.694832e-01	4.892741e-01	2.334636e+00
685	3.813258e-01	4.267338e-01	1.365413e+00
686	3.930581e-01	6.603320e-01	2.105032e+00
687	4.569570e-01	4.616196e-01	1.339033e+00
688	4.921875e-01	5.213251e-01	2.932584e+00
689	4.712621e-01	5.145805e-01	2.378603e+00
690	4.752797e-01	5.022015e-01	1.833415e+00
691	3.597857e-01	4.556568e-01	1.663410e+00
692	4.225275e-01	5.206348e-01	2.251588e+00
693	5.808557e-01	4.768273e-01	1.766976e+00
694	5.780905e-01	5.675867e-01	1.575476e+00
695	5.206893e-01	2.640996e-01	2.771373e+00
696	4.817247e-01	5.164917e-01	2.787005e+00
697	4.798241e-01	5.243558e-01	1.959453e+00
698	4.908391e-01	5.145326e-01	2.187103e+00
699	4.750590e-01	5.129338e-01	2.430386e+00
700	5.246545e-01	5.555712e-01	2.679531e+00
701	4.641409e-01	4.889832e-01	2.191988e+00
702	3.666013e-01	4.653221e-01	2.945286e+00
703	4.538372e-01	5.158892e-01	2.793845e+00
704	4.897054e-01	5.322240e-01	2.132389e+00
705	6.840359e-01	5.988079e-01	1.627259e+00
706	4.783702e-01	4.995469e-01	1.623351e+00
707	4.648568e-01	5.221942e-01	2.772350e+00
708	4.753357e-01	5.088204e-01	1.552027e+00
709	6.348113e-01	5.227210e-01	1.180752e+00
710	4.536103e-01	4.510178e-01	1.632145e+00
711	3.912066e-01	3.378863e-01	1.680997e+00
712	3.780364e-01	4.481343e-01	2.828041e+00
713	4.540180e-01	7.013488e-01	1.703468e+00
714	4.728401e-01	5.779531e-01	1.471910e+00
715	4.798685e-01	5.300111e-01	2.368832e+00
716	4.685201e-01	5.117413e-01	1.961407e+00
717	4.722620e-01	5.115152e-01	1.756229e+00
718	4.381615e-01	5.030884e-01	2.987298e+00
719	4.846597e-01	5.088710e-01	2.332682e+00
720	4.609627e-01	5.099122e-01	1.097704e+00
721	4.684433e-01	4.213753e-01	1.954568e+00
722	4.718707e-01	5.107034e-01	1.704446e+00
723	4.755849e-01	5.136721e-01	1.853933e+00
724	5.090779e-01	5.545965e-01	2.829995e+00
725	5.100557e-01	5.012541e-01	2.232047e+00
726	4.370955e-01	4.727448e-01	2.587689e+00
727	6.709411e-01	2.622479e-01	2.698095e+00
729	4.492592e-01	6.092277e-01	1.212995e+00
730	3.493502e-01	5.502281e-01	1.502198e+00
731	4.752542e-01	5.172745e-01	2.614069e+00
732	5.707103e-01	6.579525e-01	2.880801e+00
733	4.821984e-01	5.295757e-01	1.956522e+00
734	4.785816e-01	5.791859e-01	2.745970e+00
735	7.896661e-01	4.503609e-01	1.179775e+00
736	4.921626e-01	5.066743e-01	1.935027e+00
737	4.920827e-01	5.157424e-01	1.975085e+00
738	4.555717e-01	4.632291e-01	1.067416e+00
739	4.295635e-01	5.522842e-01	2.024915e+00
740	3.307878e-01	4.824904e-01	2.810454e+00
741	4.688618e-01	4.305986e-01	2.428432e+00
742	5.029273e-01	4.908470e-01	1.957499e+00
743	4.754671e-01	6.631538e-01	2.306302e+00
744	4.554304e-01	4.956546e-01	2.557401e+00
745	4.466600e-01	4.571847e-01	1.243283e+00
746	4.765952e-01	4.841227e-01	2.429409e+00
747	4.637046e-01	4.804109e-01	2.523205e+00
748	5.118094e-01	5.277070e-01	2.842697e+00
749	4.748709e-01	5.153198e-01	2.247680e+00
750	4.580769e-01	4.895211e-01	2.000489e+00
751	4.942405e-01	5.397069e-01	2.446019e+00
752	4.693002e-01	5.124575e-01	2.360039e+00
753	5.389557e-01	3.994807e-01	2.567171e+00
754	4.767734e-01	5.317886e-01	2.415730e+00
755	4.549466e-01	5.268643e-01	1.989741e+00
756	4.748330e-01	5.073080e-01	2.908158e+00
757	5.504662e-01	3.628276e-01	2.731314e+00
758	4.739197e-01	5.092347e-01	2.544700e+00
759	4.763424e-01	5.146335e-01	2.890572e+00
760	4.752395e-01	5.138983e-01	1.654617e+00
761	4.813443e-01	5.105619e-01	1.008793e+00
762	4.934935e-01	5.869794e-01	1.260870e+00
763	4.194714e-01	4.909881e-01	1.347826e+00
764	4.707404e-01	5.063413e-01	1.325354e+00
765	4.748682e-01	5.211705e-01	1.420127e+00
766	4.348631e-01	3.122977e-01	2.845628e+00
767	4.330036e-01	4.746761e-01	1.853933e+00
768	4.769020e-01	5.282441e-01	1.303859e+00
769	5.513134e-01	6.457857e-01	1.294089e+00
770	7.266991e-01	1.874402e-01	1.675134e+00
771	5.183238e-01	5.691618e-01	2.417684e+00
772	4.611282e-01	4.605275e-01	2.053249e+00
773	4.889109e-01	5.148096e-01	1.276502e+00
774	6.081550e-01	3.504350e-01	2.779189e+00
775	2.471267e-01	3.484093e-01	1.984856e+00
776	4.238341e-01	4.415401e-01	2.295554e+00
777	4.725319e-01	5.082561e-01	1.652662e+00
778	4.777484e-01	5.239488e-01	2.464582e+00
779	4.793632e-01	5.134407e-01	1.763068e+00
780	4.848472e-01	4.769883e-01	2.026869e+00
781	4.349873e-01	4.772936e-01	1.160234e+00
782	5.413008e-01	6.462212e-01	2.302394e+00
783	4.844365e-01	5.222520e-01	1.384954e+00
784	4.682260e-01	4.672395e-01	2.598437e+00
785	4.345618e-01	4.770756e-01	2.130435e+00
786	4.516815e-01	5.122733e-01	1.690767e+00
787	4.835348e-01	5.329828e-01	1.940889e+00
788	4.741352e-01	5.109202e-01	2.099170e+00
