764
0	4.641166e-01	6.668181e-01	1.398632e+00
1	4.061760e-01	6.168728e-01	1.108451e+00
2	4.602212e-01	5.191468e-01	2.925745e+00
3	4.772234e-01	4.942901e-01	2.732291e+00
4	4.272798e-01	6.016856e-01	1.257938e+00
5	5.230155e-01	3.816217e-01	2.424524e+00
6	6.333613e-01	7.090576e-01	1.383000e+00
7	4.710546e-01	5.394098e-01	2.705911e+00
8	4.784594e-01	5.092205e-01	2.442110e+00
9	4.758252e-01	5.139424e-01	2.233024e+00
10	4.668002e-01	6.466512e-01	2.376649e+00
11	4.672923e-01	5.038144e-01	1.556913e+00
12	4.746331e-01	4.003408e-01	2.950171e+00
13	3.722949e-01	5.780451e-01	1.066439e+00
14	4.714259e-01	5.106589e-01	1.626282e+00
15	4.878529e-01	4.681644e-01	1.306790e+00
16	4.750606e-01	5.157002e-01	2.902296e+00
17	6.775999e-01	5.752802e-01	1.195408e+00
18	4.124864e-01	5.615005e-01	1.785540e+00
19	4.559354e-01	5.572773e-01	1.248168e+00
20	4.722534e-01	5.530673e-01	1.863703e+00
21	4.486050e-01	5.530680e-01	2.671715e+00
22	4.795861e-01	5.070485e-01	2.487054e+00
23	3.777637e-01	3.811651e-01	1.946751e+00
24	4.593012e-01	4.194391e-01	1.303859e+00
25	5.199890e-01	1.513068e-01	2.152907e+00
26	4.881989e-01	5.001578e-01	1.388862e+00
27	4.823005e-01	5.463803e-01	1.591109e+00
28	4.529325e-01	6.106998e-01	2.205667e+00
29	4.706133e-01	5.571529e-01	2.181241e+00
30	6.331079e-01	3.852862e-01	1.475818e+00
31	5.408591e-01	5.675966e-01	2.309233e+00
32	4.539996e-01	4.848511e-01	2.073766e+00
33	5.794511e-01	3.220247e-01	2.331705e+00
34	4.856400e-01	5.511736e-01	1.126038e+00
35	7.172788e-01	6.277298e-01	2.235955e+00
36	5.338560e-01	2.865529e-01	2.805569e+00
37	5.848753e-01	3.742281e-01	2.555447e+00
38	4.659319e-01	5.565772e-01	2.559355e+00
39	4.708584e-01	4.955783e-01	1.895945e+00
40	4.124819e-01	5.369339e-01	1.282364e+00
41	4.985930e-01	6.944421e-01	2.750855e+00
42	4.847123e-01	5.170354e-01	2.412799e+00
43	4.825970e-01	5.184813e-01	2.557401e+00
44	3.965383e-01	3.939406e-01	1.648754e+00
45	4.058722e-01	5.658933e-01	1.721055e+00
46	4.922082e-01	6.052036e-01	2.588666e+00
47	4.655446e-01	5.018240e-01	1.525647e+00
48	4.757644e-01	5.141970e-01	2.751832e+00
49	2.483446e-01	2.603117e-01	2.625794e+00
50	4.889091e-01	4.181531e-01	1.663410e+00
51	4.748064e-01	5.182027e-01	2.560332e+00
52	4.786305e-01	5.274968e-01	1.696629e+00
53	4.548865e-01	5.100496e-01	1.506106e+00
54	4.815620e-01	5.194902e-01	2.675623e+00
55	4.389532e-01	5.661734e-01	2.497802e+00
56	4.415541e-01	6.653195e-01	1.031265e+00
57	4.532227e-01	5.135219e-01	2.361993e+00
58	5.116389e-01	4.434847e-01	1.866634e+00
60	6.868002e-01	6.468801e-01	1.503175e+00
61	4.185337e-01	4.754379e-01	2.449927e+00
62	4.710637e-01	4.972010e-01	2.831949e+00
63	4.736720e-01	4.968075e-01	2.317049e+00
64	4.176799e-01	4.812490e-01	2.353200e+00
65	4.728756e-01	5.098843e-01	2.575965e+00
66	5.500501e-01	5.855507e-01	2.922814e+00
67	4.263812e-01	6.916386e-01	2.289692e+00
68	5.205849e-01	5.786092e-01	2.766488e+00
69	3.359370e-01	5.711442e-01	1.522716e+00
70	5.457783e-01	5.293040e-01	2.769419e+00
71	4.802022e-01	4.778714e-01	1.110405e+00
72	4.170971e-01	4.514842e-01	1.412311e+00
73	3.485820e-01	3.232699e-01	1.951637e+00
74	2.280067e-01	5.200495e-01	1.449438e+00
75	5.457413e-01	5.928409e-01	2.176356e+00
76	4.486712e-01	4.369590e-01	1.212995e+00
77	4.960564e-01	5.240905e-01	1.872496e+00
78	4.649666e-01	4.712749e-01	1.606742e+00
79	6.080193e-01	5.403221e-01	1.183683e+00
80	4.881238e-01	5.766934e-01	2.736199e+00
81	4.765578e-01	5.123429e-01	1.617489e+00
82	4.597912e-01	4.699131e-01	2.456766e+00
83	4.732008e-01	6.030620e-01	1.406448e+00
84	4.694425e-01	6.418299e-01	2.453835e+00
85	4.818220e-01	5.100962e-01	2.712750e+00
86	4.816613e-01	4.999924e-01	2.877870e+00
87	3.682234e-01	6.883200e-01	1.533464e+00
88	5.824803e-01	6.524127e-01	2.169516e+00
89	5.112953e-01	6.206957e-01	2.483146e+00
90	4.982508e-01	6.334282e-01	1.538349e+00
91	4.377101e-01	5.213946e-01	1.117245e+00
92	4.744539e-01	5.269434e-01	2.709819e+00
93	5.028270e-01	4.927844e-01	2.929653e+00
94	4.428584e-01	3.583563e-01	2.125550e+00
95	4.841162e-01	4.987128e-01	2.148999e+00
96	4.471701e-01	5.287530e-01	1.206155e+00
98	4.788205e-01	5.039948e-01	1.997557e+00
99	4.999876e-01	5.493368e-01	1.753298e+00
100	4.607099e-01	5.120638e-01	1.491451e+00
101	4.721787e-01	5.133763e-01	2.381534e+00
102	4.755541e-01	4.624884e-01	1.837323e+00
103	4.665559e-01	5.772370e-01	2.723498e+00
104	4.578191e-01	5.117472e-01	1.216903e+00
105	4.616642e-01	5.479396e-01	1.385931e+00
107	4.747679e-01	5.298666e-01	1.887152e+00
108	5.458410e-01	4.835230e-01	1.869565e+00
109	5.215669e-01	4.617544e-01	2.657059e+00
110	4.706965e-01	5.215864e-01	1.905716e+00
111	4.404594e-01	5.485954e-01	2.319980e+00
113	4.722097e-01	1.644477e-01	1.155349e+00
114	4.756198e-01	5.161316e-01	1.261847e+00
115	5.708290e-01	6.783302e-01	1.308745e+00
116	4.184960e-01	7.848562e-01	1.148510e+00
117	4.803411e-01	4.445529e-01	1.865657e+00
118	4.838985e-01	5.532340e-01	2.988276e+00
119	5.395443e-01	6.448125e-01	1.479726e+00
120	4.484112e-01	4.162760e-01	2.095261e+00
121	5.007456e-01	5.467645e-01	2.442110e+00
122	6.019480e-01	3.985716e-01	1.070347e+00
123	4.861228e-01	4.422680e-01	1.417196e+00
124	4.675744e-01	5.287142e-01	2.817294e+00
126	4.706773e-01	4.567653e-01	2.738153e+00
127	4.806293e-01	5.254468e-01	2.338544e+00
128	1.253687e-01	1.022123e-01	1.282364e+00
129	4.914339e-01	5.418637e-01	2.676600e+00
130	1.048870e-01	1.168949e-01	2.443087e+00
132	4.377007e-01	5.585179e-01	1.220811e+00
133	6.771335e-01	4.174854e-01	2.407914e+00
134	5.283135e-01	6.094196e-01	2.277968e+00
135	4.576772e-01	5.133280e-01	2.409868e+00
136	4.836653e-01	5.323139e-01	2.083537e+00
137	5.218346e-01	5.585505e-01	2.286761e+00
138	1.607997e-01	5.053480e-01	1.194431e+00
139	4.848822e-01	5.201988e-01	2.818271e+00
140	5.530309e-01	4.685853e-01	2.827064e+00
141	4.635733e-01	4.765203e-01	1.684905e+00
142	4.646198e-01	4.982989e-01	1.999511e+00
143	4.793845e-01	5.246153e-01	1.956522e+00
144	4.346520e-01	4.711992e-01	2.323889e+00
145	4.367062e-01	5.121870e-01	2.501710e+00
146	3.405273e-01	6.671238e-01	2.395213e+00
147	5.089520e-01	4.569131e-01	2.719590e+00
148	4.737563e-01	5.137285e-01	2.937469e+00
149	4.289138e-01	4.739166e-01	2.803615e+00
150	5.004156e-01	6.567305e-01	1.794333e+00
151	4.594971e-01	5.234870e-01	2.611138e+00
152	4.496557e-01	4.723714e-01	1.724963e+00
153	4.535780e-01	4.820791e-01	1.983879e+00
154	4.768469e-01	5.178826e-01	2.181241e+00
155	4.502137e-01	4.767377e-01	1.295066e+00
156	4.892018e-01	4.434984e-01	1.970200e+00
157	4.974347e-01	5.179781e-01	2.387396e+00
158	3.667711e-01	6.975570e-01	2.386419e+00
159	4.930913e-01	7.402785e-01	2.647289e+00
160	4.947307e-01	4.938975e-01	1.686859e+00
161	4.939839e-01	5.180952e-01	1.553981e+00
162	4.742566e-01	3.164571e-01	1.764045e+00
163	4.028747e-01	6.682695e-01	1.632145e+00
164	4.720063e-01	5.162727e-01	1.235467e+00
165	4.762463e-01	4.908515e-01	2.251588e+00
166	4.497054e-01	5.482703e-01	1.751343e+00
167	4.119791e-01	4.796163e-01	1.715193e+00
168	4.755054e-01	5.159536e-01	2.109917e+00
169	4.909541e-01	4.075441e-01	2.137274e+00
170	3.327509e-01	5.997113e-01	2.099170e+00
171	4.930092e-01	5.892276e-01	2.057157e+00
172	4.105225e-01	5.511259e-01	2.246702e+00
173	4.943493e-01	4.916841e-01	1.894968e+00
174	3.940304e-01	5.724440e-01	2.453835e+00
175	4.796454e-01	4.684757e-01	2.834880e+00
176	5.691301e-01	6.286556e-01	2.215437e+00
177	4.704525e-01	5.357179e-01	2.153884e+00
178	4.692370e-01	5.128813e-01	2.475330e+00
179	4.979783e-01	6.379199e-01	1.274548e+00
180	4.496152e-01	4.491908e-01	2.127504e+00
181	4.786843e-01	5.423608e-01	1.790425e+00
182	4.556362e-01	7.651387e-01	1.736688e+00
183	4.278890e-01	6.352307e-01	1.692721e+00
184	4.650581e-01	5.443796e-01	2.042501e+00
185	4.334730e-01	6.547455e-01	1.468979e+00
186	4.319639e-01	4.982692e-01	1.784563e+00
188	4.687274e-01	5.616844e-01	1.839277e+00
189	4.630586e-01	5.242119e-01	1.175867e+00
190	5.780985e-01	4.623110e-01	2.807523e+00
191	5.273626e-01	4.774986e-01	2.811431e+00
192	3.999981e-01	5.909861e-01	1.192477e+00
193	5.587190e-01	5.348362e-01	1.620420e+00
194	6.098696e-01	4.857552e-01	2.624817e+00
195	4.735986e-01	5.095599e-01	2.806546e+00
196	5.118507e-01	5.950669e-01	1.763068e+00
197	7.741266e-01	7.596481e-01	2.060088e+00
198	6.831883e-01	6.562660e-01	2.458720e+00
199	4.969169e-01	5.473727e-01	2.463605e+00
200	7.994755e-01	7.756027e-01	1.141671e+00
201	4.598817e-01	5.158546e-01	1.146556e+00
202	4.586524e-01	5.750185e-01	1.395701e+00
203	4.538039e-01	5.843296e-01	1.755252e+00
204	4.518608e-01	6.012212e-01	2.901319e+00
205	4.780997e-01	4.522486e-01	2.123596e+00
206	5.361851e-01	7.408945e-01	1.652662e+00
207	4.690078e-01	5.730978e-01	1.199316e+00
208	4.517624e-01	4.733747e-01	2.170493e+00
209	4.478161e-01	3.136764e-01	2.733268e+00
210	4.478573e-01	3.960091e-01	1.545188e+00
211	4.926178e-01	5.419086e-01	1.376160e+00
212	4.671608e-01	5.200096e-01	1.621397e+00
213	4.732861e-01	5.198747e-01	1.883244e+00
214	4.592160e-01	4.940344e-01	1.612604e+00
215	4.501625e-01	5.055801e-01	2.909135e+00
216	4.791966e-01	4.980794e-01	1.354665e+00
217	4.922902e-01	5.290708e-01	2.770396e+00
218	3.726862e-01	5.442211e-01	2.148999e+00
219	5.015935e-01	4.888851e-01	2.624817e+00
220	4.412071e-01	5.746744e-01	2.697118e+00
221	4.958836e-01	5.380625e-01	1.938935e+00
222	4.873166e-01	2.283398e-01	1.854910e+00
223	4.713570e-01	5.250898e-01	2.625794e+00
224	5.937317e-01	6.846647e-01	2.984367e+00
225	4.876349e-01	3.635032e-01	2.693210e+00
226	4.800636e-01	5.017036e-01	2.276014e+00
227	4.622816e-01	4.969175e-01	1.245237e+00
228	4.752870e-01	5.210150e-01	1.489497e+00
229	4.679166e-01	5.150370e-01	2.305325e+00
230	4.848155e-01	5.005520e-01	2.689301e+00
231	4.652961e-01	5.426978e-01	1.346849e+00
232	4.681373e-01	4.575746e-01	2.447973e+00
233	4.742942e-01	5.057240e-01	1.591109e+00
234	5.206699e-01	5.715814e-01	1.931119e+00
235	4.889273e-01	4.634399e-01	2.687347e+00
236	4.741541e-01	5.132162e-01	2.787982e+00
237	4.756541e-01	4.970910e-01	1.510015e+00
238	4.621717e-01	5.378829e-01	2.193942e+00
239	4.849240e-01	5.577724e-01	2.918906e+00
240	4.920340e-01	3.838219e-01	1.734734e+00
241	4.845790e-01	5.597130e-01	1.119199e+00
242	4.810910e-01	5.379927e-01	1.631168e+00
243	4.938500e-01	5.102277e-01	1.258915e+00
244	4.450266e-01	5.560966e-01	2.458720e+00
245	4.909608e-01	6.149398e-01	2.134343e+00
246	4.700892e-01	5.180205e-01	2.662921e+00
247	4.863388e-01	4.920862e-01	2.924768e+00
248	4.721945e-01	4.430364e-01	2.983390e+00
250	9.606995e-02	5.959351e-01	2.763556e+00
251	1.676698e-01	4.603864e-01	2.374695e+00
252	5.157723e-01	4.398449e-01	1.703468e+00
253	5.111985e-01	6.732681e-01	1.246214e+00
254	4.495710e-01	4.785196e-01	2.925745e+00
255	4.681472e-01	5.539394e-01	1.857841e+00
256	4.723045e-01	5.117319e-01	2.601368e+00
257	4.636527e-01	5.427419e-01	2.413776e+00
258	4.414050e-01	5.255079e-01	2.569126e+00
259	4.503357e-01	4.493759e-01	1.865657e+00
260	4.748973e-01	5.129322e-01	2.574988e+00
261	4.643748e-01	5.330623e-01	1.598925e+00
262	2.762519e-01	4.830159e-01	2.264289e+00
263	3.261881e-01	3.813184e-01	1.176844e+00
264	5.420398e-01	7.208479e-01	1.061553e+00
265	4.743633e-01	4.937445e-01	2.526136e+00
266	4.946144e-01	5.917141e-01	1.928188e+00
267	4.684158e-01	5.501250e-01	2.006351e+00
268	4.586044e-01	5.490526e-01	1.041036e+00
269	6.775724e-01	7.492347e-01	1.793356e+00
270	4.546918e-01	4.868905e-01	1.860772e+00
271	3.896987e-01	3.945023e-01	1.389839e+00
272	4.790806e-01	4.952338e-01	1.052760e+00
273	3.434097e-01	3.267083e-01	1.156326e+00
274	4.661229e-01	4.800130e-01	1.981925e+00
275	4.456193e-01	7.622516e-01	2.256473e+00
276	4.863837e-01	5.729507e-01	2.368832e+00
277	4.546896e-01	5.697317e-01	2.024915e+00
279	4.405264e-01	4.218936e-01	1.348803e+00
280	3.865322e-01	3.714134e-01	2.472399e+00
281	2.774123e-01	5.033187e-01	2.288715e+00
282	5.009425e-01	6.313831e-01	2.745970e+00
283	5.756142e-01	4.698096e-01	2.490962e+00
284	5.882858e-01	3.485411e-01	2.515388e+00
285	6.397874e-01	5.044342e-01	1.545188e+00
286	4.812860e-01	5.126003e-01	2.662921e+00
287	4.726503e-01	5.072505e-01	2.264289e+00
288	4.745819e-01	5.356872e-01	2.905227e+00
289	5.713368e-01	4.619422e-01	1.058622e+00
290	5.297440e-01	6.091148e-01	2.152907e+00
291	6.273957e-01	7.013343e-01	2.784074e+00
292	4.788625e-01	5.175629e-01	2.445042e+00
293	4.992963e-01	1.745701e-01	2.852467e+00
294	4.628943e-01	5.685190e-01	2.070835e+00
295	4.890834e-01	4.719342e-01	1.406448e+00
297	4.829414e-01	4.348728e-01	2.077675e+00
298	4.112256e-01	4.265571e-01	1.601856e+00
299	4.599520e-01	4.932580e-01	2.048363e+00
300	4.584348e-01	5.028882e-01	2.781143e+00
301	4.774762e-01	5.147927e-01	2.779189e+00
302	4.688055e-01	4.455480e-01	2.617978e+00
303	4.932639e-01	5.747940e-01	1.698583e+00
304	4.233057e-01	6.185864e-01	1.948705e+00
305	4.709468e-01	5.303981e-01	1.416219e+00
306	7.167248e-01	3.685578e-01	1.745481e+00
307	4.765471e-01	4.924642e-01	2.291646e+00
309	4.474819e-01	5.178572e-01	2.511480e+00
310	4.822879e-01	5.571785e-01	2.596483e+00
311	4.769283e-01	6.043067e-01	2.855398e+00
312	4.555308e-01	4.570411e-01	1.312653e+00
313	4.388245e-01	4.225539e-01	1.787494e+00
314	4.763789e-01	5.138100e-01	2.252565e+00
315	4.475056e-01	4.996967e-01	1.978017e+00
316	3.452616e-01	6.119960e-01	2.965804e+00
317	4.715904e-01	5.114590e-01	2.221299e+00
318	3.657312e-01	5.886881e-01	1.701514e+00
319	4.560583e-01	6.321716e-01	1.135809e+00
320	4.811175e-01	5.268919e-01	2.997069e+00
322	5.708375e-01	6.130953e-01	2.362970e+00
323	4.558907e-01	5.356552e-01	2.553493e+00
324	4.828402e-01	5.238756e-01	1.347826e+00
326	4.788857e-01	5.137955e-01	1.857841e+00
327	4.587220e-01	4.256086e-01	1.669272e+00
328	4.559191e-01	4.786730e-01	1.726917e+00
329	4.759824e-01	5.475822e-01	2.604299e+00
330	5.310826e-01	6.316262e-01	2.089399e+00
331	4.696090e-01	5.740588e-01	1.552027e+00
332	4.196551e-01	5.046197e-01	1.769907e+00
333	4.791384e-01	5.424942e-01	1.382022e+00
334	5.244098e-01	7.961278e-01	2.510503e+00
335	4.337475e-01	4.936445e-01	1.640938e+00
336	4.670329e-01	5.040673e-01	2.933561e+00
337	3.916167e-01	4.903435e-01	1.033219e+00
338	4.060011e-01	3.910196e-01	1.408403e+00
339	4.683066e-01	5.028572e-01	2.767465e+00
340	4.845851e-01	5.055236e-01	1.526624e+00
341	4.954006e-01	3.836884e-01	1.456277e+00
342	4.545380e-01	4.715734e-01	1.054714e+00
343	4.651026e-01	5.107704e-01	2.601368e+00
344	5.017291e-01	7.351249e-01	2.193942e+00
346	4.749355e-01	5.341713e-01	1.564729e+00
347	4.532887e-01	5.259544e-01	1.679043e+00
348	3.168518e-01	5.325315e-01	2.034685e+00
349	4.840573e-01	4.947017e-01	2.564240e+00
350	4.382957e-01	6.993553e-01	2.311187e+00
351	3.700648e-01	3.612968e-01	1.297997e+00
352	4.788265e-01	5.085522e-01	2.873962e+00
353	4.998989e-01	4.866454e-01	2.202736e+00
354	4.720756e-01	5.101835e-01	2.653151e+00
355	3.370730e-01	4.187531e-01	2.461651e+00
356	4.704097e-01	4.899480e-01	1.679043e+00
357	4.146669e-01	4.067954e-01	2.991207e+00
358	5.005395e-01	3.241847e-01	2.857352e+00
359	4.735868e-01	5.799004e-01	1.913532e+00
360	6.364783e-01	5.817963e-01	1.216903e+00
361	5.437704e-01	7.497825e-01	1.214949e+00
362	5.510958e-01	4.810505e-01	1.005862e+00
363	4.751908e-01	4.682067e-01	2.227162e+00
364	4.682651e-01	5.323759e-01	1.723009e+00
366	4.684302e-01	4.534400e-01	1.692721e+00
367	4.668857e-01	5.067139e-01	1.154372e+00
368	4.640701e-01	5.414150e-01	1.851001e+00
369	4.744437e-01	5.189702e-01	2.418661e+00
370	4.073953e-01	5.682170e-01	1.874450e+00
371	5.184870e-01	5.363262e-01	1.591109e+00
372	4.979757e-01	5.478201e-01	2.199805e+00
373	5.135877e-01	6.845590e-01	2.208598e+00
374	4.898253e-01	6.110622e-01	1.322423e+00
375	4.730019e-01	5.786208e-01	2.361016e+00
376	3.885776e-01	5.558137e-01	1.815828e+00
377	4.764635e-01	5.107012e-01	1.328285e+00
378	4.967637e-01	5.250483e-01	1.883244e+00
379	4.030163e-01	6.832681e-01	1.599902e+00
380	4.666760e-01	4.642703e-01	2.343429e+00
381	4.593894e-01	5.599588e-01	1.835369e+00
383	4.329851e-01	5.019252e-01	1.698583e+00
384	6.555066e-01	4.735086e-01	2.761602e+00
385	2.500312e-01	1.822108e-01	1.961407e+00
386	5.032288e-01	5.007671e-01	2.449927e+00
387	4.588512e-01	4.148200e-01	2.669761e+00
388	3.557508e-01	4.597954e-01	2.597460e+00
389	4.803018e-01	4.927623e-01	2.960918e+00
390	4.743375e-01	5.431682e-01	1.655594e+00
391	4.891275e-01	6.187971e-01	2.572057e+00
392	4.679292e-01	5.619860e-01	1.234489e+00
393	4.340017e-01	5.015405e-01	1.607719e+00
394	4.801064e-01	5.146602e-01	2.643381e+00
395	3.263844e-01	5.337758e-01	1.233512e+00
397	2.410711e-01	5.898015e-01	1.083048e+00
398	4.998108e-01	1.897785e-01	2.453835e+00
399	5.297056e-01	6.025057e-01	2.169516e+00
400	4.728839e-01	4.691218e-01	1.634099e+00
401	9.209082e-01	4.940256e-01	1.314607e+00
402	4.914642e-01	4.854578e-01	2.292623e+00
403	4.385027e-01	4.635167e-01	1.759160e+00
404	5.293113e-01	5.701347e-01	2.942355e+00
405	4.694691e-01	6.191034e-01	1.358574e+00
406	4.521693e-01	4.569590e-01	1.474841e+00
407	3.442332e-01	3.055843e-01	2.850513e+00
408	6.660995e-01	5.147281e-01	2.543723e+00
409	4.600489e-01	5.370096e-01	1.170005e+00
410	4.561854e-01	4.987353e-01	2.011236e+00
411	4.729372e-01	5.232340e-01	2.982413e+00
412	6.936248e-01	3.577438e-01	1.578407e+00
413	4.854646e-01	4.860155e-01	2.904250e+00
414	4.762175e-01	4.785394e-01	2.948217e+00
415	4.637339e-01	5.161405e-01	1.856864e+00
416	4.869173e-01	4.507984e-01	1.780655e+00
417	4.607585e-01	5.548123e-01	1.223742e+00
418	4.817400e-01	5.491662e-01	2.928676e+00
419	4.767307e-01	5.596408e-01	1.055691e+00
420	4.511462e-01	5.085089e-01	2.823156e+00
421	4.786642e-01	5.082240e-01	2.886663e+00
422	4.674406e-01	5.131781e-01	1.391793e+00
423	3.581913e-01	6.057579e-01	1.467025e+00
424	4.701975e-01	4.838219e-01	1.512946e+00
425	3.952727e-01	5.644882e-01	1.960430e+00
426	4.503028e-01	5.650388e-01	2.254519e+00
427	4.697872e-01	5.123472e-01	2.899365e+00
428	4.759162e-01	4.861339e-01	1.247191e+00
429	4.819595e-01	5.331293e-01	1.802149e+00
430	4.981874e-01	5.445324e-01	1.663410e+00
431	4.415358e-01	4.199831e-01	2.556424e+00
433	4.905842e-01	5.290705e-01	2.475330e+00
434	4.564666e-01	5.619423e-01	2.923791e+00
435	6.325258e-01	6.022341e-01	2.906204e+00
437	4.522740e-01	4.218500e-01	2.476307e+00
438	4.928274e-01	4.415494e-01	2.065950e+00
439	4.709778e-01	5.176043e-01	1.983879e+00
440	5.210701e-01	6.305181e-01	1.637030e+00
441	4.056811e-01	7.430173e-01	1.338056e+00
442	4.702715e-01	6.135052e-01	2.406937e+00
443	6.932988e-01	3.655044e-01	1.422081e+00
444	4.986678e-01	5.911411e-01	2.956033e+00
445	4.876729e-01	5.177558e-01	2.601368e+00
446	8.058494e-01	6.114008e-01	1.846116e+00
447	4.769200e-01	5.420209e-01	1.264778e+00
448	4.959359e-01	6.207937e-01	1.119199e+00
449	4.675346e-01	4.910707e-01	1.956522e+00
450	5.869875e-01	8.961785e-01	2.971666e+00
451	4.818917e-01	5.150058e-01	2.149976e+00
452	6.150034e-01	5.227954e-01	1.574499e+00
453	4.699851e-01	7.508269e-01	1.775769e+00
455	4.603471e-01	4.484748e-01	2.984367e+00
456	4.643620e-01	4.328949e-01	1.577430e+00
457	4.740053e-01	5.857671e-01	2.955056e+00
458	4.863719e-01	5.369537e-01	2.865169e+00
459	4.950572e-01	7.889891e-01	1.672203e+00
461	7.254193e-01	4.251854e-01	2.513434e+00
462	4.963583e-01	5.849940e-01	1.853933e+00
463	4.414794e-01	4.769708e-01	2.858329e+00
464	5.181835e-01	7.110367e-01	1.574499e+00
465	4.416349e-01	4.921035e-01	1.432829e+00
466	4.832076e-01	5.139365e-01	1.500244e+00
467	4.313766e-01	6.669214e-01	1.323400e+00
468	4.980192e-01	5.139914e-01	2.147044e+00
469	4.754451e-01	5.342149e-01	2.698095e+00
470	4.681341e-01	5.232321e-01	1.364436e+00
471	5.363725e-01	7.162750e-01	2.076698e+00
472	4.832610e-01	5.093074e-01	2.011236e+00
473	5.452949e-01	6.870731e-01	1.215926e+00
474	4.805029e-01	5.099354e-01	2.299463e+00
475	4.319477e-01	4.809644e-01	1.683928e+00
476	4.886662e-01	5.064346e-01	2.081583e+00
477	4.505561e-01	4.630377e-01	2.350269e+00
478	5.256776e-01	5.338016e-01	2.728383e+00
479	4.542721e-01	6.645377e-01	1.194431e+00
480	4.655784e-01	4.058534e-01	2.515388e+00
481	3.964255e-01	7.937774e-01	1.865657e+00
482	4.619418e-01	4.373922e-01	1.802149e+00
483	4.583700e-01	5.903756e-01	1.367367e+00
484	4.351313e-01	3.955022e-01	1.148510e+00
485	4.695294e-01	5.460069e-01	2.427455e+00
486	5.194339e-01	6.194967e-01	2.196873e+00
487	3.797454e-01	4.656004e-01	2.386419e+00
488	4.808075e-01	5.557541e-01	1.294089e+00
489	4.914918e-01	6.252288e-01	1.687836e+00
490	5.470017e-01	5.524900e-01	1.146556e+00
491	2.789429e-01	5.358146e-01	1.597948e+00
492	5.271481e-01	5.159065e-01	2.412799e+00
493	5.454531e-01	6.337749e-01	1.227650e+00
494	4.659355e-01	4.787585e-01	2.522228e+00
495	4.602362e-01	5.296979e-01	1.437714e+00
496	4.721016e-01	5.044344e-01	1.523693e+00
497	5.488163e-01	4.437315e-01	1.221788e+00
498	4.766410e-01	5.016379e-01	1.652662e+00
499	4.567761e-01	4.702387e-01	1.269663e+00
500	4.735319e-01	5.195586e-01	2.967758e+00
501	4.700915e-01	5.130456e-01	2.546654e+00
502	4.008709e-01	4.140392e-01	1.818759e+00
503	4.612496e-01	5.709912e-01	1.919394e+00
504	4.861220e-01	5.161534e-01	2.563263e+00
505	4.942857e-01	3.274551e-01	1.451392e+00
506	5.545673e-01	4.616721e-01	1.718124e+00
507	4.743993e-01	5.239160e-01	1.207132e+00
508	4.790252e-01	5.131377e-01	1.236444e+00
509	4.089906e-01	4.497616e-01	2.622863e+00
510	6.653905e-01	4.069821e-01	2.549585e+00
511	4.830628e-01	4.939913e-01	2.966781e+00
512	4.652379e-01	4.365019e-01	2.395213e+00
513	4.519788e-01	5.230893e-01	1.534441e+00
514	4.145017e-01	7.070721e-01	1.550073e+00
515	4.714463e-01	4.308476e-01	1.610650e+00
516	1.115480e-01	3.451433e-01	1.612604e+00
517	4.516801e-01	5.103089e-01	1.086957e+00
518	3.770579e-01	4.290136e-01	2.282853e+00
519	1.798737e-01	9.471701e-02	1.573522e+00
520	4.611074e-01	4.919992e-01	2.497802e+00
521	4.669264e-01	5.308122e-01	1.752320e+00
523	4.568997e-01	5.055898e-01	1.209086e+00
524	4.630960e-01	4.486309e-01	2.755740e+00
525	5.465667e-01	5.030279e-01	1.499267e+00
526	4.911063e-01	4.963929e-01	1.014656e+00
527	4.578235e-01	5.000192e-01	2.891549e+00
528	4.710729e-01	4.967302e-01	2.478261e+00
529	4.510319e-01	3.327041e-01	1.898876e+00
530	4.659144e-01	5.221750e-01	1.188569e+00
531	4.256036e-01	4.700308e-01	2.785051e+00
532	4.668231e-01	5.197525e-01	2.945286e+00
533	4.681078e-01	5.116812e-01	2.458720e+00
534	5.929357e-01	4.702024e-01	2.673669e+00
535	4.873040e-01	5.003329e-01	1.399609e+00
536	4.598299e-01	5.277732e-01	2.604299e+00
537	4.790824e-01	5.192093e-01	1.529555e+00
538	4.743681e-01	5.176255e-01	2.823156e+00
539	4.411599e-01	4.646602e-01	2.826087e+00
540	4.344792e-01	4.260615e-01	2.844651e+00
541	5.420530e-01	5.480423e-01	2.290669e+00
542	5.028575e-01	5.223538e-01	2.570103e+00
543	4.797779e-01	4.955412e-01	2.396190e+00
544	5.102338e-01	5.364160e-01	1.318515e+00
545	4.414602e-01	4.724937e-01	2.605276e+00
546	7.099208e-01	4.290785e-01	2.683439e+00
547	5.428024e-01	4.775747e-01	1.587201e+00
548	4.705762e-01	6.281342e-01	1.375183e+00
549	4.646904e-01	5.415234e-01	2.298486e+00
550	6.371189e-01	5.886696e-01	1.285296e+00
551	4.747184e-01	5.167117e-01	2.983390e+00
552	5.080990e-01	5.096025e-01	1.195408e+00
553	4.816733e-01	5.051049e-01	2.414753e+00
554	3.149156e-01	4.662263e-01	1.843185e+00
555	4.474051e-01	5.474800e-01	2.396190e+00
556	5.079793e-01	5.118605e-01	3.000000e+00
557	4.874937e-01	5.134748e-01	2.728383e+00
559	4.777247e-01	5.450685e-01	1.944797e+00
560	5.324487e-01	5.583095e-01	2.883732e+00
561	4.668436e-01	6.810108e-01	2.383488e+00
562	5.733853e-01	5.205856e-01	2.506595e+00
563	4.851152e-01	5.409554e-01	1.786517e+00
564	4.176732e-01	5.235628e-01	2.893503e+00
565	4.697641e-01	5.234763e-01	2.981436e+00
566	4.589265e-01	4.967524e-01	2.663898e+00
567	4.684487e-01	5.334027e-01	2.227162e+00
568	4.959782e-01	4.974020e-01	1.527601e+00
569	4.725025e-01	7.074221e-01	2.610161e+00
570	8.195189e-01	1.820507e-01	1.058622e+00
571	4.800818e-01	4.621771e-01	2.782120e+00
573	4.931783e-01	5.090724e-01	2.109917e+00
574	4.821113e-01	5.468217e-01	2.074744e+00
575	4.930166e-01	5.442271e-01	2.319003e+00
576	4.615804e-01	4.941818e-01	1.290181e+00
577	4.399828e-01	4.639918e-01	1.286273e+00
578	4.926030e-01	4.632857e-01	1.881290e+00
579	4.745376e-01	4.862125e-01	1.664387e+00
580	7.187782e-01	4.050919e-01	1.242306e+00
581	4.170570e-01	5.592225e-01	1.927211e+00
582	4.802262e-01	5.143196e-01	2.820225e+00
583	4.241182e-01	4.122375e-01	2.792868e+00
584	5.476733e-01	5.349342e-01	1.201270e+00
585	4.609821e-01	4.684101e-01	1.898876e+00
586	4.701282e-01	5.195885e-01	1.782609e+00
587	4.636627e-01	5.095479e-01	1.561798e+00
588	4.767112e-01	5.124399e-01	2.282853e+00
589	4.657228e-01	4.385892e-01	2.210552e+00
590	4.487926e-01	5.621712e-01	1.020518e+00
591	4.793252e-01	5.799575e-01	1.784563e+00
592	4.779098e-01	5.108393e-01	1.275525e+00
593	4.756272e-01	4.835880e-01	1.212995e+00
594	4.921010e-01	4.907444e-01	2.964827e+00
595	4.651873e-01	5.301087e-01	2.079629e+00
596	2.485025e-01	3.956448e-01	1.187592e+00
597	4.672212e-01	5.120040e-01	1.258915e+00
598	4.516893e-01	5.205053e-01	1.999511e+00
599	4.756873e-01	5.183472e-01	1.264778e+00
600	4.786528e-01	5.418887e-01	1.110405e+00
601	5.685452e-01	8.730935e-01	1.107474e+00
602	4.974671e-01	5.770355e-01	1.070347e+00
603	4.743745e-01	5.158832e-01	2.400098e+00
604	4.904141e-01	4.622607e-01	2.871031e+00
605	4.756813e-01	5.090890e-01	2.739130e+00
606	4.651065e-01	4.858563e-01	2.061065e+00
607	7.846469e-01	6.684074e-01	1.073278e+00
608	4.754009e-01	5.619210e-01	2.799707e+00
609	4.840676e-01	4.874985e-01	2.010259e+00
610	4.463243e-01	5.519004e-01	1.700537e+00
611	4.723778e-01	4.982627e-01	1.339033e+00
612	4.610291e-01	4.447129e-01	2.227162e+00
613	7.117356e-01	2.410139e-01	2.482169e+00
614	4.758813e-01	5.115951e-01	2.958964e+00
615	6.132337e-01	5.486905e-01	1.443576e+00
616	4.849561e-01	4.087273e-01	2.381534e+00
617	4.932406e-01	6.173086e-01	1.971177e+00
618	4.790795e-01	5.350252e-01	2.960918e+00
619	2.728977e-01	3.186120e-01	1.812897e+00
620	5.076989e-01	5.173349e-01	1.170982e+00
621	4.755443e-01	3.323607e-01	1.277479e+00
622	5.377599e-01	4.755431e-01	1.176844e+00
623	5.049690e-01	4.427761e-01	1.636053e+00
624	5.456140e-01	6.067476e-01	2.336590e+00
625	4.020696e-01	5.639603e-01	1.343918e+00
626	4.585239e-01	5.210580e-01	1.905716e+00
627	4.534502e-01	4.612105e-01	1.784563e+00
628	4.760180e-01	5.082155e-01	2.063996e+00
629	4.841020e-01	5.229488e-01	2.497802e+00
630	4.217154e-01	5.002375e-01	2.870054e+00
631	4.936531e-01	5.002504e-01	1.729849e+00
632	5.325422e-01	5.709919e-01	2.290669e+00
633	4.769476e-01	5.117060e-01	2.841720e+00
634	4.741408e-01	5.165553e-01	2.195896e+00
635	4.985309e-01	5.509710e-01	1.601856e+00
636	4.467406e-01	4.535366e-01	2.449927e+00
637	4.318648e-01	5.474216e-01	1.462140e+00
638	4.748719e-01	5.156908e-01	2.041524e+00
639	4.761261e-01	5.119840e-01	2.061065e+00
640	2.451679e-01	3.902587e-01	2.130435e+00
641	4.485628e-01	7.398408e-01	2.205667e+00
642	4.769277e-01	4.997971e-01	2.184172e+00
643	4.389071e-01	5.056101e-01	2.747924e+00
644	4.186932e-01	5.230865e-01	2.909135e+00
645	4.779682e-01	4.995986e-01	2.777235e+00
646	4.786133e-01	4.654816e-01	1.295066e+00
647	5.277133e-01	5.858857e-01	1.050806e+00
648	5.435470e-01	4.258677e-01	1.191500e+00
649	4.920704e-01	5.158005e-01	1.198339e+00
650	4.477190e-01	5.047832e-01	2.656082e+00
651	4.971326e-01	5.532977e-01	1.692721e+00
652	4.580752e-01	4.027549e-01	2.330728e+00
653	4.814450e-01	4.887315e-01	1.906693e+00
654	4.555645e-01	5.250869e-01	2.192965e+00
655	4.520890e-01	4.851064e-01	1.200293e+00
656	4.696200e-01	5.294982e-01	2.361016e+00
657	4.515977e-01	6.706686e-01	2.080606e+00
658	4.645769e-01	5.061071e-01	2.017098e+00
659	3.912120e-01	5.506428e-01	2.191011e+00
660	6.535798e-01	5.946161e-01	1.667318e+00
661	3.367731e-01	2.932610e-01	2.229116e+00
662	5.095764e-01	5.833089e-01	1.188569e+00
663	4.663975e-01	4.666262e-01	2.714704e+00
664	4.274885e-01	4.557042e-01	1.979971e+00
665	4.974578e-01	4.462117e-01	2.954079e+00
666	1.502901e-01	1.663614e-01	1.803127e+00
667	4.597288e-01	5.127932e-01	1.039082e+00
668	9.614376e-01	3.907631e-01	1.893014e+00
669	4.894683e-01	5.947218e-01	1.778701e+00
670	9.693384e-01	4.065118e-01	1.807035e+00
671	4.819120e-01	5.297488e-01	1.102589e+00
672	3.463193e-01	3.605824e-01	1.879336e+00
673	4.341913e-01	5.016229e-01	1.984856e+00
674	4.737997e-01	5.138020e-01	2.238886e+00
675	4.702885e-01	5.194831e-01	2.868100e+00
676	4.737483e-01	5.154501e-01	2.748901e+00
677	3.983444e-01	5.584637e-01	1.578407e+00
678	4.833998e-01	5.629350e-01	1.621397e+00
679	4.763108e-01	5.067547e-01	2.657059e+00
680	4.729062e-01	5.069707e-01	2.404983e+00
681	4.676119e-01	5.412805e-01	2.272106e+00
682	4.418257e-01	5.816052e-01	1.463117e+00
683	4.893083e-01	5.474834e-01	2.316072e+00
684	4.731260e-01	5.082928e-01	2.334636e+00
685	4.334239e-01	4.857889e-01	1.365413e+00
686	4.115143e-01	5.672807e-01	2.105032e+00
687	5.259799e-01	4.634404e-01	1.339033e+00
688	4.812090e-01	5.201600e-01	2.932584e+00
689	4.702615e-01	5.240146e-01	2.378603e+00
690	4.720225e-01	5.234582e-01	1.833415e+00
691	6.885493e-01	4.916905e-01	1.663410e+00
692	5.157832e-01	5.179483e-01	2.251588e+00
693	5.574503e-01	6.496909e-01	1.766976e+00
694	4.940697e-01	5.573715e-01	1.575476e+00
695	3.561200e-01	7.314384e-01	2.771373e+00
696	4.667274e-01	5.047180e-01	2.787005e+00
697	4.846219e-01	5.118600e-01	1.959453e+00
698	4.624938e-01	5.445305e-01	2.187103e+00
699	4.739957e-01	5.152564e-01	2.430386e+00
700	4.748789e-01	4.231602e-01	2.679531e+00
701	4.603705e-01	4.402146e-01	2.191988e+00
702	4.230201e-01	5.376488e-01	2.945286e+00
703	4.630010e-01	5.232980e-01	2.793845e+00
704	4.892670e-01	5.507302e-01	2.132389e+00
705	3.598126e-01	2.311418e-01	1.627259e+00
706	4.713096e-01	4.966419e-01	1.623351e+00
707	4.917761e-01	5.156518e-01	2.772350e+00
708	4.695200e-01	5.088176e-01	1.552027e+00
709	4.061562e-01	5.577108e-01	1.180752e+00
710	4.967565e-01	5.601435e-01	1.632145e+00
711	1.586970e-01	5.364361e-02	1.680997e+00
712	4.283283e-01	4.497582e-01	2.828041e+00
713	7.438155e-01	4.701180e-01	1.703468e+00
714	1.824757e-01	3.114361e-01	1.471910e+00
715	4.910053e-01	4.991479e-01	2.368832e+00
716	4.798726e-01	5.029711e-01	1.961407e+00
717	4.720817e-01	5.159686e-01	1.756229e+00
718	4.961451e-01	5.317016e-01	2.987298e+00
719	4.679163e-01	5.174655e-01	2.332682e+00
720	4.708146e-01	5.551942e-01	1.097704e+00
721	4.449746e-01	3.463833e-01	1.954568e+00
722	4.805216e-01	5.116946e-01	1.704446e+00
723	4.739917e-01	5.133694e-01	1.853933e+00
724	4.174624e-01	4.547570e-01	2.829995e+00
725	4.935262e-01	5.076529e-01	2.232047e+00
726	4.893001e-01	5.932966e-01	2.587689e+00
727	6.226744e-01	8.100080e-01	2.698095e+00
729	4.131212e-01	4.496047e-01	1.212995e+00
730	5.076137e-01	6.182484e-01	1.502198e+00
731	4.770782e-01	5.135680e-01	2.614069e+00
732	5.404069e-01	3.247281e-01	2.880801e+00
733	4.911688e-01	5.410000e-01	1.956522e+00
734	4.576707e-01	5.937577e-01	2.745970e+00
735	5.053369e-01	4.781696e-01	1.179775e+00
736	4.237902e-01	4.633062e-01	1.935027e+00
737	4.565764e-01	5.167443e-01	1.975085e+00
738	4.598422e-01	4.389494e-01	1.067416e+00
739	5.141957e-01	4.816953e-01	2.024915e+00
740	4.900298e-01	4.818501e-01	2.810454e+00
741	4.773702e-01	6.178682e-01	2.428432e+00
742	4.644962e-01	4.897822e-01	1.957499e+00
743	5.492749e-01	6.065033e-01	2.306302e+00
744	4.874356e-01	5.322545e-01	2.557401e+00
745	4.497653e-01	4.458259e-01	1.243283e+00
746	4.892928e-01	4.956815e-01	2.429409e+00
747	4.622982e-01	4.938660e-01	2.523205e+00
748	5.079093e-01	4.381408e-01	2.842697e+00
749	4.752009e-01	5.128792e-01	2.247680e+00
750	4.780425e-01	4.906401e-01	2.000489e+00
751	4.794970e-01	5.360532e-01	2.446019e+00
752	4.774250e-01	5.147751e-01	2.360039e+00
753	3.806574e-01	4.455970e-01	2.567171e+00
754	4.699716e-01	5.262781e-01	2.415730e+00
755	5.068694e-01	5.134977e-01	1.989741e+00
756	4.683227e-01	5.140471e-01	2.908158e+00
757	5.307304e-01	5.973118e-01	2.731314e+00
758	4.826281e-01	5.151105e-01	2.544700e+00
759	4.738465e-01	5.131196e-01	2.890572e+00
760	4.734026e-01	5.127374e-01	1.654617e+00
761	4.727764e-01	5.111375e-01	1.008793e+00
762	4.628050e-01	5.780801e-01	1.260870e+00
763	3.522227e-01	6.704320e-01	1.347826e+00
764	5.027768e-01	5.102550e-01	1.325354e+00
765	4.749990e-01	5.205026e-01	1.420127e+00
766	5.117625e-01	7.197390e-01	2.845628e+00
767	4.433342e-01	4.809233e-01	1.853933e+00
768	4.781283e-01	5.229557e-01	1.303859e+00
769	4.685806e-01	6.780635e-01	1.294089e+00
770	5.482210e-01	7.597272e-01	1.675134e+00
771	4.335859e-01	5.510580e-01	2.417684e+00
772	4.622068e-01	4.379355e-01	2.053249e+00
773	4.871807e-01	5.232425e-01	1.276502e+00
774	1.966817e-01	4.567036e-01	2.779189e+00
775	1.197175e-01	4.468248e-01	1.984856e+00
776	7.757044e-01	6.370412e-01	2.295554e+00
777	4.773588e-01	5.058124e-01	1.652662e+00
778	4.774313e-01	5.311137e-01	2.464582e+00
779	4.808460e-01	5.094018e-01	1.763068e+00
780	4.551190e-01	5.334863e-01	2.026869e+00
781	4.307424e-01	5.789828e-01	1.160234e+00
782	6.049254e-01	3.957912e-01	2.302394e+00
783	4.557397e-01	5.278612e-01	1.384954e+00
784	4.784737e-01	5.098158e-01	2.598437e+00
785	4.032569e-01	5.634915e-01	2.130435e+00
786	4.385610e-01	5.351938e-01	1.690767e+00
787	5.017819e-01	5.028156e-01	1.940889e+00
788	4.757366e-01	5.178962e-01	2.099170e+00
