129
7	4.928042e-01	3.568862e-01	2.705911e+00
17	1.953523e-01	7.406150e-03	1.195408e+00
28	1.464913e-01	4.614678e-01	2.205667e+00
30	4.166128e-01	1.424787e-01	1.475818e+00
33	4.360678e-01	7.033468e-01	2.331705e+00
40	1.410229e-01	6.316515e-01	1.282364e+00
48	2.891343e-01	1.442976e-01	2.751832e+00
53	6.048595e-02	1.004105e-01	1.506106e+00
74	3.950792e-01	7.690447e-01	1.449438e+00
80	6.724410e-01	2.003248e-02	2.736199e+00
81	7.720167e-01	5.672177e-02	1.617489e+00
82	3.269537e-01	2.229372e-01	2.456766e+00
95	2.871243e-01	2.967030e-02	2.148999e+00
99	3.953978e-01	3.892855e-01	1.753298e+00
114	5.863788e-01	2.494855e-02	1.261847e+00
116	4.945391e-01	3.250890e-01	1.148510e+00
127	5.744661e-01	9.489700e-01	2.338544e+00
151	2.343139e-01	3.360147e-01	2.611138e+00
159	3.812085e-01	4.672838e-01	2.647289e+00
163	4.801643e-01	6.787547e-01	1.632145e+00
165	5.283449e-01	5.185499e-02	2.251588e+00
176	3.251377e-01	3.704186e-01	2.215437e+00
187	5.794869e-01	5.751238e-01	2.653151e+00
190	4.179097e-01	4.998770e-03	2.807523e+00
191	3.807062e-01	8.146783e-01	2.811431e+00
197	4.554521e-01	7.668185e-01	2.060088e+00
210	4.215263e-01	4.426167e-01	1.545188e+00
214	4.718785e-01	2.878141e-02	1.612604e+00
220	4.267443e-01	1.071081e-02	2.697118e+00
244	6.254619e-01	3.392916e-02	2.458720e+00
245	4.276997e-01	1.167948e-01	2.134343e+00
249	4.602054e-02	1.440584e-01	2.305325e+00
250	1.253584e-01	2.488248e-01	2.763556e+00
251	1.119292e-01	6.944959e-02	2.374695e+00
257	1.136568e-01	7.394460e-02	2.413776e+00
258	2.898138e-01	3.924147e-02	2.569126e+00
272	4.406283e-01	9.731641e-03	1.052760e+00
283	1.340341e-01	6.246314e-01	2.490962e+00
288	4.486717e-01	3.738753e-01	2.905227e+00
305	5.385116e-01	5.027806e-02	1.416219e+00
306	6.095581e-01	9.558496e-01	1.745481e+00
308	5.411896e-01	3.450841e-01	1.868588e+00
311	2.145047e-01	2.482897e-02	2.855398e+00
314	6.620940e-01	9.827252e-03	2.252565e+00
318	3.183675e-01	7.331945e-01	1.701514e+00
321	1.333124e-01	3.392053e-01	2.470445e+00
325	3.506916e-01	3.501039e-01	2.896434e+00
340	6.221051e-01	6.236060e-02	1.526624e+00
346	4.617134e-01	6.166179e-03	1.564729e+00
347	2.474573e-01	3.401573e-01	1.679043e+00
350	5.406922e-01	7.787986e-01	2.311187e+00
355	6.086760e-01	9.641566e-01	2.461651e+00
357	4.015754e-01	3.903274e-01	2.991207e+00
366	1.136198e-01	6.383625e-01	1.692721e+00
367	4.262582e-01	1.363684e-01	1.154372e+00
376	4.170308e-01	1.292369e-03	1.815828e+00
379	6.264055e-01	5.567417e-01	1.599902e+00
380	8.860410e-01	4.622023e-01	2.343429e+00
381	1.052811e-01	1.492326e-01	1.835369e+00
382	2.628696e-01	7.078933e-01	1.065462e+00
384	3.765662e-01	1.048836e-01	2.761602e+00
386	2.652943e-01	1.212379e-01	2.449927e+00
387	6.591574e-01	1.826123e-02	2.669761e+00
389	4.181510e-01	5.005008e-01	2.960918e+00
407	4.732995e-01	6.654460e-01	2.850513e+00
411	5.861922e-01	3.933344e-01	2.982413e+00
417	2.443953e-01	3.489902e-01	1.223742e+00
419	3.436242e-01	1.002630e-01	1.055691e+00
425	4.607868e-01	6.787791e-01	1.960430e+00
426	4.682522e-01	6.839431e-01	2.254519e+00
432	4.717535e-01	6.237421e-01	2.947240e+00
436	3.056385e-01	6.982267e-01	2.668784e+00
440	4.472849e-01	3.647026e-01	1.637030e+00
452	5.470954e-01	2.887210e-02	1.574499e+00
474	6.164419e-01	6.759059e-02	2.299463e+00
478	4.079982e-01	5.729597e-01	2.728383e+00
491	9.778166e-02	4.515181e-01	1.597948e+00
506	1.940052e-01	2.500274e-01	1.718124e+00
510	3.765769e-01	5.240094e-01	2.549585e+00
519	3.711775e-01	2.938973e-01	1.573522e+00
520	6.759160e-01	5.540633e-04	2.497802e+00
521	4.953445e-01	1.398513e-01	1.752320e+00
522	4.688469e-01	7.071600e-01	1.589155e+00
533	6.271131e-01	5.097521e-03	2.458720e+00
534	4.584066e-01	7.730041e-02	2.673669e+00
541	3.638435e-01	5.369066e-01	2.290669e+00
544	3.978825e-01	5.109689e-01	1.318515e+00
548	3.108412e-01	1.796161e-01	1.375183e+00
551	5.417871e-01	4.592393e-02	2.983390e+00
555	4.733135e-01	5.259773e-01	2.396190e+00
560	5.516994e-01	2.857306e-02	2.883732e+00
563	6.311652e-02	1.352459e-01	1.786517e+00
564	4.399681e-01	3.299927e-01	2.893503e+00
567	1.517420e-01	7.042540e-02	2.227162e+00
568	2.350534e-01	3.311203e-01	1.527601e+00
573	6.190569e-01	5.221804e-02	2.109917e+00
579	7.732178e-01	2.883443e-01	1.664387e+00
580	2.978316e-01	6.358892e-01	1.242306e+00
583	5.211301e-01	7.543097e-01	2.792868e+00
597	3.645424e-01	5.287934e-01	1.258915e+00
614	3.766879e-01	5.382210e-02	2.958964e+00
619	3.753513e-01	3.150286e-01	1.812897e+00
622	1.817155e-01	3.265724e-01	1.176844e+00
636	4.541497e-01	3.614574e-01	2.449927e+00
650	1.394683e-01	5.069759e-01	2.656082e+00
658	4.179152e-01	4.115837e-02	2.017098e+00
660	4.675488e-01	6.703047e-01	1.667318e+00
668	6.637293e-01	2.898694e-01	1.893014e+00
670	2.647599e-01	6.807832e-01	1.807035e+00
675	3.550369e-01	4.862408e-01	2.868100e+00
687	3.425312e-01	1.670669e-01	1.339033e+00
694	5.841179e-01	9.724804e-01	1.575476e+00
696	2.360691e-01	3.252071e-01	2.787005e+00
705	3.943111e-01	4.596944e-01	1.627259e+00
706	3.066738e-01	7.865692e-02	1.623351e+00
710	4.031632e-01	5.449942e-01	1.632145e+00
711	4.143978e-01	2.419245e-01	1.680997e+00
719	4.179190e-01	4.132413e-02	2.332682e+00
735	2.675460e-01	6.794173e-01	1.179775e+00
740	5.850339e-01	9.731402e-01	2.810454e+00
745	4.360361e-01	4.824575e-01	1.243283e+00
748	5.351217e-01	6.284809e-02	2.842697e+00
761	5.151827e-02	2.358693e-01	1.008793e+00
767	4.726283e-02	5.527071e-02	1.853933e+00
770	9.548571e-01	2.325606e-01	1.675134e+00
772	6.754035e-01	9.967154e-03	2.053249e+00
783	8.212825e-02	1.289632e-01	1.384954e+00
786	3.106262e-01	1.874601e-01	1.690767e+00
787	2.885303e-01	4.448555e-02	1.940889e+00
