768
0	1.710272e-02	2.263536e-01	1.398632e+00
1	4.654299e-01	4.792753e-01	1.108451e+00
2	5.348401e-01	5.301051e-01	2.925745e+00
3	5.054604e-01	5.769416e-01	2.732291e+00
4	5.446991e-01	7.366575e-01	1.257938e+00
5	4.391603e-01	3.891156e-01	2.424524e+00
6	8.231473e-01	9.841428e-01	1.383000e+00
7	5.106667e-01	5.354367e-01	2.705911e+00
8	4.960003e-01	5.489309e-01	2.442110e+00
9	4.644719e-01	5.092903e-01	2.233024e+00
10	4.928214e-01	6.230261e-01	2.376649e+00
11	4.596522e-01	5.007301e-01	1.556913e+00
12	5.493383e-01	6.777393e-01	2.950171e+00
13	4.518104e-01	6.601448e-01	1.066439e+00
14	4.649209e-01	5.102380e-01	1.626282e+00
15	3.239529e-01	4.362343e-01	1.306790e+00
16	4.647332e-01	5.067483e-01	2.902296e+00
17	6.575239e-01	4.320142e-01	1.195408e+00
18	4.604688e-01	4.626524e-01	1.785540e+00
19	4.829670e-01	5.358501e-01	1.248168e+00
20	4.960442e-01	4.917228e-01	1.863703e+00
21	3.631241e-01	4.183843e-01	2.671715e+00
22	4.677768e-01	5.091929e-01	2.487054e+00
23	3.458796e-01	2.749272e-01	1.946751e+00
24	4.461852e-01	5.898590e-01	1.303859e+00
25	7.540408e-01	6.977104e-01	2.152907e+00
26	4.781662e-01	5.062811e-01	1.388862e+00
27	4.581380e-01	4.830588e-01	1.591109e+00
28	5.238672e-01	5.387898e-01	2.205667e+00
29	4.703064e-01	5.197582e-01	2.181241e+00
30	3.772606e-01	5.239443e-01	1.475818e+00
31	3.705538e-01	5.502509e-01	2.309233e+00
32	4.819851e-01	5.532482e-01	2.073766e+00
33	2.955373e-01	3.331021e-01	2.331705e+00
34	4.698834e-01	5.198202e-01	1.126038e+00
35	4.823121e-01	2.520178e-01	2.235955e+00
36	3.326424e-01	4.410306e-01	2.805569e+00
37	4.701149e-01	4.762436e-01	2.555447e+00
38	4.884487e-01	5.387748e-01	2.559355e+00
39	4.718671e-01	5.267233e-01	1.895945e+00
40	4.345393e-01	4.586574e-01	1.282364e+00
41	4.478526e-01	4.024254e-01	2.750855e+00
42	4.734986e-01	5.140000e-01	2.412799e+00
43	4.610101e-01	5.300949e-01	2.557401e+00
44	6.024013e-01	5.386315e-01	1.648754e+00
45	5.656463e-01	5.204411e-01	1.721055e+00
46	5.411200e-01	5.891410e-01	2.588666e+00
47	4.699724e-01	5.021924e-01	1.525647e+00
48	4.607302e-01	5.112172e-01	2.751832e+00
49	4.734366e-01	6.419590e-01	2.625794e+00
50	4.823543e-01	5.503008e-01	1.663410e+00
51	4.599138e-01	5.027800e-01	2.560332e+00
52	4.647222e-01	5.366340e-01	1.696629e+00
53	4.431962e-01	5.226313e-01	1.506106e+00
54	4.567366e-01	4.977006e-01	2.675623e+00
55	5.501601e-01	5.409898e-01	2.497802e+00
56	3.201835e-01	3.579443e-01	1.031265e+00
57	3.960293e-01	3.822618e-01	2.361993e+00
58	5.302454e-01	5.619003e-01	1.866634e+00
60	4.056750e-01	3.848675e-01	1.503175e+00
61	3.976445e-01	5.017588e-01	2.449927e+00
62	4.521520e-01	4.938170e-01	2.831949e+00
63	4.662654e-01	5.237154e-01	2.317049e+00
64	4.702530e-01	5.529705e-01	2.353200e+00
65	4.646448e-01	5.072977e-01	2.575965e+00
66	6.190379e-01	5.103538e-01	2.922814e+00
67	4.016850e-01	3.873014e-01	2.289692e+00
68	4.058846e-01	4.237062e-01	2.766488e+00
69	5.419766e-01	5.524414e-01	1.522716e+00
70	3.821403e-01	5.149979e-01	2.769419e+00
71	4.526014e-01	4.856859e-01	1.110405e+00
72	4.856915e-01	5.836198e-01	1.412311e+00
73	5.217091e-01	2.654339e-01	1.951637e+00
74	3.913289e-01	5.257296e-01	1.449438e+00
75	4.642335e-01	4.913249e-01	2.176356e+00
76	3.957658e-01	4.658698e-01	1.212995e+00
77	4.438131e-01	4.969292e-01	1.872496e+00
78	4.781705e-01	5.450451e-01	1.606742e+00
79	6.271173e-01	5.395771e-01	1.183683e+00
80	3.987412e-01	4.547053e-01	2.736199e+00
81	4.638808e-01	5.068548e-01	1.617489e+00
82	4.825122e-01	5.264992e-01	2.456766e+00
83	4.372757e-01	4.686453e-01	1.406448e+00
84	4.753560e-01	7.024098e-01	2.453835e+00
85	4.589456e-01	5.098863e-01	2.712750e+00
86	4.593231e-01	4.981164e-01	2.877870e+00
87	4.295331e-01	4.799745e-01	1.533464e+00
88	5.858546e-01	6.271772e-01	2.169516e+00
89	4.858510e-01	7.044588e-01	2.483146e+00
90	4.552209e-01	4.716032e-01	1.538349e+00
91	4.694306e-01	4.960912e-01	1.117245e+00
92	4.526618e-01	5.008385e-01	2.709819e+00
93	5.108897e-01	5.228732e-01	2.929653e+00
94	5.785094e-01	5.224800e-01	2.125550e+00
95	6.069827e-01	5.021857e-01	2.148999e+00
96	4.612859e-01	4.974332e-01	1.206155e+00
98	4.610839e-01	5.063202e-01	1.997557e+00
99	4.687025e-01	5.737684e-01	1.753298e+00
100	4.652466e-01	5.149681e-01	1.491451e+00
101	4.616458e-01	5.073701e-01	2.381534e+00
102	4.559059e-01	4.609712e-01	1.837323e+00
103	5.127410e-01	5.041879e-01	2.723498e+00
104	4.873014e-01	7.443196e-01	1.216903e+00
105	4.693092e-01	5.215481e-01	1.385931e+00
107	4.761205e-01	5.415125e-01	1.887152e+00
108	5.072226e-01	6.839331e-01	1.869565e+00
109	4.586137e-01	4.654506e-01	2.657059e+00
110	4.248582e-01	6.014891e-01	1.905716e+00
111	4.913240e-01	5.121016e-01	2.319980e+00
113	3.411657e-01	7.925486e-01	1.155349e+00
114	4.719433e-01	5.371377e-01	1.261847e+00
115	5.134628e-01	6.121735e-01	1.308745e+00
116	5.130884e-01	4.122130e-01	1.148510e+00
117	4.155285e-01	4.571622e-01	1.865657e+00
118	4.426526e-01	4.643170e-01	2.988276e+00
119	5.616460e-01	5.471975e-01	1.479726e+00
120	4.276539e-01	4.605403e-01	2.095261e+00
121	5.511516e-01	5.902590e-01	2.442110e+00
122	2.298423e-01	4.661562e-01	1.070347e+00
123	4.713947e-01	5.847439e-01	1.417196e+00
124	4.767265e-01	5.253161e-01	2.817294e+00
126	4.850233e-01	5.709403e-01	2.738153e+00
127	4.868755e-01	5.475978e-01	2.338544e+00
128	5.489559e-01	8.816118e-01	1.282364e+00
129	4.881647e-01	5.150538e-01	2.676600e+00
130	5.378508e-01	8.651333e-01	2.443087e+00
132	2.512636e-01	4.143859e-01	1.220811e+00
133	5.968902e-01	2.993925e-01	2.407914e+00
134	5.490651e-01	5.591634e-01	2.277968e+00
135	4.522006e-01	5.192152e-01	2.409868e+00
136	5.078823e-01	5.174145e-01	2.083537e+00
137	4.435563e-01	5.844778e-01	2.286761e+00
138	6.988944e-01	1.293230e-01	1.194431e+00
139	4.587413e-01	5.339989e-01	2.818271e+00
140	3.603203e-01	4.277296e-01	2.827064e+00
141	4.799401e-01	5.374470e-01	1.684905e+00
142	4.595601e-01	5.175040e-01	1.999511e+00
143	4.785091e-01	5.174111e-01	1.956522e+00
144	4.882918e-01	5.750836e-01	2.323889e+00
145	3.913030e-01	5.524713e-01	2.501710e+00
146	2.794538e-01	4.893134e-01	2.395213e+00
147	4.467997e-01	4.897740e-01	2.719590e+00
148	4.657597e-01	5.073321e-01	2.937469e+00
149	4.192855e-01	4.967060e-01	2.803615e+00
150	4.308584e-01	3.960236e-01	1.794333e+00
151	4.895964e-01	5.100187e-01	2.611138e+00
152	4.270453e-01	4.877177e-01	1.724963e+00
153	4.650384e-01	5.290923e-01	1.983879e+00
154	4.609133e-01	5.043174e-01	2.181241e+00
155	5.743773e-01	5.266982e-01	1.295066e+00
156	5.551396e-01	6.184922e-01	1.970200e+00
157	4.581073e-01	5.276649e-01	2.387396e+00
158	5.460204e-01	4.098497e-01	2.386419e+00
159	3.128391e-01	5.453430e-01	2.647289e+00
160	4.703349e-01	5.311205e-01	1.686859e+00
161	4.865649e-01	5.272670e-01	1.553981e+00
162	4.347721e-01	4.792126e-01	1.764045e+00
163	6.972354e-01	5.907994e-01	1.632145e+00
164	4.645548e-01	5.090052e-01	1.235467e+00
165	4.789487e-01	5.364238e-01	2.251588e+00
166	4.613794e-01	4.999145e-01	1.751343e+00
167	4.030027e-01	6.238332e-01	1.715193e+00
168	4.661098e-01	5.111552e-01	2.109917e+00
169	4.180996e-01	4.585383e-01	2.137274e+00
170	5.045922e-01	5.921708e-01	2.099170e+00
171	4.516011e-01	5.016637e-01	2.057157e+00
172	4.079389e-01	5.491311e-01	2.246702e+00
173	4.589516e-01	5.253823e-01	1.894968e+00
174	3.710642e-01	4.775874e-01	2.453835e+00
175	4.268824e-01	4.854465e-01	2.834880e+00
176	4.384013e-01	5.155481e-01	2.215437e+00
177	4.492059e-01	4.818468e-01	2.153884e+00
178	4.717435e-01	5.029659e-01	2.475330e+00
179	5.873088e-01	6.140092e-01	1.274548e+00
180	4.589303e-01	4.967297e-01	2.127504e+00
181	4.667600e-01	5.339895e-01	1.790425e+00
182	6.308580e-01	6.808695e-01	1.736688e+00
183	5.323489e-01	4.703709e-01	1.692721e+00
184	5.620636e-01	6.028397e-01	2.042501e+00
185	4.836593e-01	3.741484e-01	1.468979e+00
186	4.271782e-01	5.343686e-01	1.784563e+00
188	4.565691e-01	4.847289e-01	1.839277e+00
189	4.583636e-01	4.990976e-01	1.175867e+00
190	4.842001e-01	6.167580e-01	2.807523e+00
191	3.678688e-01	6.053632e-01	2.811431e+00
192	5.334234e-01	4.905651e-01	1.192477e+00
193	6.572089e-01	2.847250e-01	1.620420e+00
194	5.105926e-01	3.971477e-01	2.624817e+00
195	4.669157e-01	5.039632e-01	2.806546e+00
196	4.102381e-01	3.893584e-01	1.763068e+00
197	1.961876e-01	3.754072e-01	2.060088e+00
198	7.302751e-01	3.928702e-01	2.458720e+00
199	4.446516e-01	4.622814e-01	2.463605e+00
200	4.175294e-01	2.390408e-01	1.141671e+00
201	4.649534e-01	5.194925e-01	1.146556e+00
202	4.446545e-01	4.252693e-01	1.395701e+00
203	5.538834e-01	4.731348e-01	1.755252e+00
204	4.866447e-01	5.672476e-01	2.901319e+00
205	5.166263e-01	5.935289e-01	2.123596e+00
206	4.278730e-01	2.996678e-01	1.652662e+00
207	4.908147e-01	5.467217e-01	1.199316e+00
208	4.616866e-01	4.860984e-01	2.170493e+00
209	2.272426e-01	4.157707e-01	2.733268e+00
210	3.375478e-01	3.967006e-01	1.545188e+00
211	4.863373e-01	5.056967e-01	1.376160e+00
212	4.652007e-01	4.824766e-01	1.621397e+00
213	4.782690e-01	5.094385e-01	1.883244e+00
214	4.664666e-01	5.282161e-01	1.612604e+00
215	5.038126e-01	4.957964e-01	2.909135e+00
216	4.702047e-01	5.180839e-01	1.354665e+00
217	4.707698e-01	5.230849e-01	2.770396e+00
218	4.081935e-01	5.155285e-01	2.148999e+00
219	4.583476e-01	4.708266e-01	2.624817e+00
220	5.221739e-01	5.129773e-01	2.697118e+00
221	4.468864e-01	5.501486e-01	1.938935e+00
222	6.628245e-01	5.274604e-01	1.854910e+00
223	4.699585e-01	5.475251e-01	2.625794e+00
224	4.749499e-01	8.037019e-01	2.984367e+00
225	5.311814e-01	6.027337e-01	2.693210e+00
226	4.772986e-01	5.329285e-01	2.276014e+00
227	4.695681e-01	5.128272e-01	1.245237e+00
228	4.604376e-01	5.133465e-01	1.489497e+00
229	4.615979e-01	5.119970e-01	2.305325e+00
230	4.594263e-01	4.910023e-01	2.689301e+00
231	4.667010e-01	4.946234e-01	1.346849e+00
232	4.640997e-01	5.171273e-01	2.447973e+00
233	5.076168e-01	5.031170e-01	1.591109e+00
234	5.110325e-01	4.187970e-01	1.931119e+00
235	4.988751e-01	5.710580e-01	2.687347e+00
236	4.649376e-01	5.077756e-01	2.787982e+00
237	4.736524e-01	5.277811e-01	1.510015e+00
238	4.517570e-01	4.851729e-01	2.193942e+00
239	4.721018e-01	5.543918e-01	2.918906e+00
240	4.716712e-01	5.054607e-01	1.734734e+00
241	4.236998e-01	4.370459e-01	1.119199e+00
242	5.181983e-01	4.700703e-01	1.631168e+00
243	4.555115e-01	5.444939e-01	1.258915e+00
244	4.697328e-01	4.859924e-01	2.458720e+00
245	3.855557e-01	4.673268e-01	2.134343e+00
246	4.629905e-01	5.130154e-01	2.662921e+00
247	4.935120e-01	5.302164e-01	2.924768e+00
248	4.330502e-01	4.902696e-01	2.983390e+00
250	8.093742e-01	9.189646e-01	2.763556e+00
251	7.476390e-01	8.087485e-01	2.374695e+00
252	5.474922e-01	4.547799e-01	1.703468e+00
253	4.752098e-01	5.413188e-01	1.246214e+00
254	5.049096e-01	6.210449e-01	2.925745e+00
255	4.535230e-01	5.025734e-01	1.857841e+00
256	4.645835e-01	5.173928e-01	2.601368e+00
257	4.792285e-01	5.318849e-01	2.413776e+00
258	5.010429e-01	5.000412e-01	2.569126e+00
259	4.143208e-01	3.876517e-01	1.865657e+00
260	4.666417e-01	5.079610e-01	2.574988e+00
261	4.636041e-01	5.277983e-01	1.598925e+00
262	6.288276e-01	4.833254e-01	2.264289e+00
263	5.493843e-01	6.673693e-01	1.176844e+00
264	5.761039e-01	5.545355e-01	1.061553e+00
265	4.753969e-01	5.277642e-01	2.526136e+00
266	4.383035e-01	4.836195e-01	1.928188e+00
267	4.559282e-01	5.416128e-01	2.006351e+00
268	4.682507e-01	5.128476e-01	1.041036e+00
269	2.495884e-01	4.606306e-01	1.793356e+00
270	5.054932e-01	5.542297e-01	1.860772e+00
271	3.474984e-01	3.790761e-01	1.389839e+00
272	4.770778e-01	5.194162e-01	1.052760e+00
273	3.862704e-01	3.928945e-01	1.156326e+00
274	2.634463e-01	3.578576e-01	1.981925e+00
275	5.468825e-01	6.900635e-01	2.256473e+00
276	4.761233e-01	5.108443e-01	2.368832e+00
277	4.631686e-01	4.890287e-01	2.024915e+00
279	4.242702e-01	4.276191e-01	1.348803e+00
280	4.255007e-01	3.168358e-01	2.472399e+00
281	6.145000e-01	4.885932e-01	2.288715e+00
282	4.452918e-01	4.263506e-01	2.745970e+00
283	4.498771e-01	4.330942e-01	2.490962e+00
284	2.640271e-01	4.340850e-01	2.515388e+00
285	3.784667e-01	4.408084e-01	1.545188e+00
286	4.800053e-01	5.062239e-01	2.662921e+00
287	4.103002e-01	4.617018e-01	2.264289e+00
288	4.534816e-01	4.634914e-01	2.905227e+00
289	5.875652e-01	5.624858e-01	1.058622e+00
290	5.336824e-01	4.524184e-01	2.152907e+00
291	8.073407e-01	9.649365e-01	2.784074e+00
292	4.669381e-01	4.962885e-01	2.445042e+00
293	6.520395e-01	8.736081e-01	2.852467e+00
294	4.511898e-01	4.391902e-01	2.070835e+00
295	5.141785e-01	5.602487e-01	1.406448e+00
296	3.614553e-01	2.826033e-01	1.751343e+00
297	4.572944e-01	5.233098e-01	2.077675e+00
298	6.146752e-01	5.712223e-01	1.601856e+00
299	4.994637e-01	5.438627e-01	2.048363e+00
300	4.558182e-01	4.121198e-01	2.781143e+00
301	4.664036e-01	5.033927e-01	2.779189e+00
302	4.911827e-01	5.579153e-01	2.617978e+00
303	5.737181e-01	6.457457e-01	1.698583e+00
304	4.608456e-01	4.848648e-01	1.948705e+00
305	4.660895e-01	5.230824e-01	1.416219e+00
306	7.456063e-01	2.682248e-01	1.745481e+00
307	4.670828e-01	5.173374e-01	2.291646e+00
308	6.410427e-01	8.754307e-01	1.868588e+00
309	4.796371e-01	4.695796e-01	2.511480e+00
310	4.471570e-01	4.893898e-01	2.596483e+00
311	4.334880e-01	4.806067e-01	2.855398e+00
312	4.561474e-01	4.830520e-01	1.312653e+00
313	4.522585e-01	4.862485e-01	1.787494e+00
314	4.652024e-01	5.112328e-01	2.252565e+00
315	4.510260e-01	3.998161e-01	1.978017e+00
316	4.270145e-01	5.242619e-01	2.965804e+00
317	4.705986e-01	5.274963e-01	2.221299e+00
318	5.041385e-01	5.203261e-01	1.701514e+00
319	4.029410e-01	4.278171e-01	1.135809e+00
320	4.901342e-01	5.088094e-01	2.997069e+00
322	5.382183e-01	5.387630e-01	2.362970e+00
323	4.646080e-01	5.173742e-01	2.553493e+00
324	4.515773e-01	5.592854e-01	1.347826e+00
325	5.167034e-01	8.005655e-01	2.896434e+00
326	4.679285e-01	5.037898e-01	1.857841e+00
327	5.060364e-01	5.340115e-01	1.669272e+00
328	4.465894e-01	4.931780e-01	1.726917e+00
329	4.788736e-01	5.243935e-01	2.604299e+00
330	4.191872e-01	4.798090e-01	2.089399e+00
331	4.310547e-01	5.373046e-01	1.552027e+00
332	3.946325e-01	4.759927e-01	1.769907e+00
333	4.614026e-01	4.976795e-01	1.382022e+00
334	4.725465e-01	4.979005e-01	2.510503e+00
335	4.952404e-01	4.601151e-01	1.640938e+00
336	4.705612e-01	5.250994e-01	2.933561e+00
337	6.015823e-01	5.227830e-01	1.033219e+00
338	4.636017e-01	5.535417e-01	1.408403e+00
339	4.616307e-01	4.859725e-01	2.767465e+00
340	4.699552e-01	5.000922e-01	1.526624e+00
341	3.579067e-01	4.556046e-01	1.456277e+00
342	4.467157e-01	4.987747e-01	1.054714e+00
343	4.540865e-01	5.327739e-01	2.601368e+00
344	5.002326e-01	7.853682e-01	2.193942e+00
346	4.922377e-01	5.495633e-01	1.564729e+00
347	4.932693e-01	5.079097e-01	1.679043e+00
348	4.745644e-01	5.171363e-01	2.034685e+00
349	4.505027e-01	4.980494e-01	2.564240e+00
350	4.331698e-01	3.995404e-01	2.311187e+00
351	4.227100e-01	4.795733e-01	1.297997e+00
352	4.746237e-01	5.277521e-01	2.873962e+00
353	3.565840e-01	5.597717e-01	2.202736e+00
354	4.651477e-01	5.059229e-01	2.653151e+00
355	6.270283e-01	5.000447e-01	2.461651e+00
356	4.706663e-01	5.202440e-01	1.679043e+00
357	4.563783e-01	5.298044e-01	2.991207e+00
358	3.385799e-01	4.477703e-01	2.857352e+00
359	5.491725e-01	6.224415e-01	1.913532e+00
360	4.251020e-01	3.670652e-01	1.216903e+00
361	6.907244e-01	6.682907e-01	1.214949e+00
362	5.039557e-01	4.847893e-01	1.005862e+00
363	4.352206e-01	4.819530e-01	2.227162e+00
364	4.802310e-01	5.230295e-01	1.723009e+00
366	5.206143e-01	5.256021e-01	1.692721e+00
367	4.472741e-01	5.199767e-01	1.154372e+00
368	4.648021e-01	5.222881e-01	1.851001e+00
369	4.692447e-01	5.056791e-01	2.418661e+00
370	4.297483e-01	5.165713e-01	1.874450e+00
371	5.095210e-01	4.815692e-01	1.591109e+00
372	5.167829e-01	5.172296e-01	2.199805e+00
373	5.220396e-01	6.584218e-01	2.208598e+00
374	5.469104e-01	5.925004e-01	1.322423e+00
375	3.111759e-01	4.086948e-01	2.361016e+00
376	5.413835e-01	4.002847e-01	1.815828e+00
377	4.665071e-01	5.066032e-01	1.328285e+00
378	4.614731e-01	4.940841e-01	1.883244e+00
379	5.579005e-01	6.983943e-01	1.599902e+00
380	2.728994e-01	2.591594e-01	2.343429e+00
381	4.936429e-01	5.339587e-01	1.835369e+00
383	3.717287e-01	5.482292e-01	1.698583e+00
384	4.946844e-01	7.464128e-01	2.761602e+00
385	4.049099e-01	8.730075e-01	1.961407e+00
386	4.644391e-01	4.808733e-01	2.449927e+00
387	4.271873e-01	4.512459e-01	2.669761e+00
388	3.924024e-01	5.623059e-01	2.597460e+00
389	4.772195e-01	5.213521e-01	2.960918e+00
390	4.609345e-01	5.069910e-01	1.655594e+00
391	4.461602e-01	4.629514e-01	2.572057e+00
392	4.465470e-01	4.841915e-01	1.234489e+00
393	4.569757e-01	5.476485e-01	1.607719e+00
394	4.585680e-01	5.078468e-01	2.643381e+00
395	6.937092e-01	3.903767e-01	1.233512e+00
397	5.773940e-01	3.705841e-01	1.083048e+00
398	5.877820e-01	7.690653e-01	2.453835e+00
399	3.707377e-01	5.181768e-01	2.169516e+00
400	4.721786e-01	5.279632e-01	1.634099e+00
401	5.383682e-01	2.980002e-01	1.314607e+00
402	4.672511e-01	4.820850e-01	2.292623e+00
403	4.421196e-01	3.366461e-01	1.759160e+00
404	4.304369e-01	4.168586e-01	2.942355e+00
405	5.267115e-01	6.039608e-01	1.358574e+00
406	4.382294e-01	4.452406e-01	1.474841e+00
407	4.512283e-01	2.525162e-01	2.850513e+00
408	6.331166e-01	4.044282e-01	2.543723e+00
409	4.552007e-01	5.383296e-01	1.170005e+00
410	5.588228e-01	5.384838e-01	2.011236e+00
411	4.405773e-01	5.217756e-01	2.982413e+00
412	6.331059e-01	2.983772e-01	1.578407e+00
413	4.513277e-01	4.240680e-01	2.904250e+00
414	4.521922e-01	4.883684e-01	2.948217e+00
415	4.627068e-01	5.117916e-01	1.856864e+00
416	5.007185e-01	5.726260e-01	1.780655e+00
417	4.977087e-01	5.145569e-01	1.223742e+00
418	4.312808e-01	4.909899e-01	2.928676e+00
419	4.443847e-01	5.096216e-01	1.055691e+00
420	4.485345e-01	5.025526e-01	2.823156e+00
421	4.693605e-01	5.056035e-01	2.886663e+00
422	4.680271e-01	5.235160e-01	1.391793e+00
423	5.647229e-01	7.423035e-01	1.467025e+00
424	4.539632e-01	4.797872e-01	1.512946e+00
425	5.253490e-01	6.889577e-01	1.960430e+00
426	5.271801e-01	6.918531e-01	2.254519e+00
427	4.236283e-01	4.071266e-01	2.899365e+00
428	4.570146e-01	4.874344e-01	1.247191e+00
429	4.590330e-01	5.143583e-01	1.802149e+00
430	4.405651e-01	5.126543e-01	1.663410e+00
431	5.608002e-01	6.700042e-01	2.556424e+00
432	2.019447e-01	2.870079e-01	2.947240e+00
433	4.609765e-01	5.230483e-01	2.475330e+00
434	5.101535e-01	5.257043e-01	2.923791e+00
435	4.946506e-01	6.880770e-01	2.906204e+00
437	4.889884e-01	5.685357e-01	2.476307e+00
438	3.839489e-01	5.640084e-01	2.065950e+00
439	4.606825e-01	5.077917e-01	1.983879e+00
440	5.973186e-01	5.522077e-01	1.637030e+00
441	6.310710e-01	6.435835e-01	1.338056e+00
442	5.886946e-01	4.932415e-01	2.406937e+00
443	7.374923e-01	5.110319e-01	1.422081e+00
444	3.645539e-01	4.279198e-01	2.956033e+00
445	4.560493e-01	5.063915e-01	2.601368e+00
446	3.050640e-01	2.848304e-01	1.846116e+00
447	4.769035e-01	5.313955e-01	1.264778e+00
448	4.895045e-01	5.861416e-01	1.119199e+00
449	4.536239e-01	4.893361e-01	1.956522e+00
450	6.093340e-01	2.624777e-01	2.971666e+00
451	4.634962e-01	5.023557e-01	2.149976e+00
452	4.064401e-01	4.798351e-01	1.574499e+00
453	6.437856e-01	6.835351e-01	1.775769e+00
455	4.650151e-01	4.990723e-01	2.984367e+00
456	4.791368e-01	5.375562e-01	1.577430e+00
457	5.080772e-01	5.362408e-01	2.955056e+00
458	4.432847e-01	5.120772e-01	2.865169e+00
459	6.086016e-01	6.604447e-01	1.672203e+00
461	5.471952e-01	5.969820e-01	2.513434e+00
462	4.958458e-01	5.812252e-01	1.853933e+00
463	5.124640e-01	5.264477e-01	2.858329e+00
464	4.360088e-01	4.490545e-01	1.574499e+00
465	5.366174e-01	5.114894e-01	1.432829e+00
466	4.603462e-01	5.164424e-01	1.500244e+00
467	5.448742e-01	6.139106e-01	1.323400e+00
468	4.589504e-01	5.090196e-01	2.147044e+00
469	4.380397e-01	4.956005e-01	2.698095e+00
470	4.744256e-01	5.108523e-01	1.364436e+00
471	4.644330e-01	4.502680e-01	2.076698e+00
472	4.573087e-01	5.086173e-01	2.011236e+00
473	3.522970e-01	4.367433e-01	1.215926e+00
474	4.717970e-01	5.096207e-01	2.299463e+00
475	5.419508e-01	5.321006e-01	1.683928e+00
476	4.691132e-01	5.226940e-01	2.081583e+00
477	4.973234e-01	5.680844e-01	2.350269e+00
478	5.308174e-01	4.976354e-01	2.728383e+00
479	5.104569e-01	6.513368e-01	1.194431e+00
480	5.358403e-01	6.613513e-01	2.515388e+00
481	5.472417e-01	6.314683e-01	1.865657e+00
482	2.867654e-01	3.249820e-01	1.802149e+00
483	4.725006e-01	5.688316e-01	1.367367e+00
484	4.377242e-01	4.680622e-01	1.148510e+00
485	5.444460e-01	5.978195e-01	2.427455e+00
486	5.707647e-01	4.601636e-01	2.196873e+00
487	3.892976e-01	5.511696e-01	2.386419e+00
488	4.190875e-01	4.451718e-01	1.294089e+00
489	4.312044e-01	4.218413e-01	1.687836e+00
490	5.010156e-01	4.992925e-01	1.146556e+00
491	5.843880e-01	4.127250e-01	1.597948e+00
492	5.118505e-01	5.119574e-01	2.412799e+00
493	5.309801e-01	6.436050e-01	1.227650e+00
494	4.408907e-01	3.805841e-01	2.522228e+00
495	4.628789e-01	4.577696e-01	1.437714e+00
496	4.873820e-01	5.571407e-01	1.523693e+00
497	3.497736e-01	5.479868e-01	1.221788e+00
498	5.095461e-01	5.314254e-01	1.652662e+00
499	5.058655e-01	6.590221e-01	1.269663e+00
500	4.714840e-01	5.079119e-01	2.967758e+00
501	4.605651e-01	5.133983e-01	2.546654e+00
502	4.472691e-01	5.627069e-01	1.818759e+00
503	4.658837e-01	5.349176e-01	1.919394e+00
504	4.626603e-01	5.342969e-01	2.563263e+00
505	5.865977e-01	6.253789e-01	1.451392e+00
506	4.989439e-01	4.116285e-01	1.718124e+00
507	4.671776e-01	5.270450e-01	1.207132e+00
508	4.627719e-01	5.070058e-01	1.236444e+00
509	4.683569e-01	5.245615e-01	2.622863e+00
510	5.173513e-01	3.514835e-01	2.549585e+00
511	4.566192e-01	5.050515e-01	2.966781e+00
512	2.919361e-01	3.871695e-01	2.395213e+00
513	4.734738e-01	4.941763e-01	1.534441e+00
514	6.020856e-01	6.253844e-01	1.550073e+00
515	4.665910e-01	5.263129e-01	1.610650e+00
516	3.459337e-01	6.793538e-01	1.612604e+00
517	4.552551e-01	5.181464e-01	1.086957e+00
518	5.148307e-01	4.832010e-01	2.282853e+00
519	4.685330e-01	8.629179e-01	1.573522e+00
520	4.673120e-01	5.044276e-01	2.497802e+00
521	4.809678e-01	5.075470e-01	1.752320e+00
523	4.441106e-01	5.212966e-01	1.209086e+00
524	4.500001e-01	4.927751e-01	2.755740e+00
525	5.517362e-01	4.030338e-01	1.499267e+00
526	4.645767e-01	4.918379e-01	1.014656e+00
527	4.209172e-01	3.995754e-01	2.891549e+00
528	4.629793e-01	4.927611e-01	2.478261e+00
529	4.623037e-01	5.552482e-01	1.898876e+00
530	4.834360e-01	5.000235e-01	1.188569e+00
531	4.362458e-01	4.944561e-01	2.785051e+00
532	4.736589e-01	5.048340e-01	2.945286e+00
533	4.203667e-01	3.869506e-01	2.458720e+00
534	5.062547e-01	3.857044e-01	2.673669e+00
535	4.513044e-01	5.146940e-01	1.399609e+00
536	4.718421e-01	5.759552e-01	2.604299e+00
537	4.675052e-01	5.154333e-01	1.529555e+00
538	4.625794e-01	5.075942e-01	2.823156e+00
539	4.171714e-01	4.685756e-01	2.826087e+00
540	4.212433e-01	4.402198e-01	2.844651e+00
541	3.948780e-01	4.648587e-01	2.290669e+00
542	4.812957e-01	5.025760e-01	2.570103e+00
543	4.681967e-01	4.911671e-01	2.396190e+00
544	3.967779e-01	5.817972e-01	1.318515e+00
545	4.344798e-01	4.884372e-01	2.605276e+00
546	4.925600e-01	4.802026e-01	2.683439e+00
547	4.950933e-01	3.582719e-01	1.587201e+00
548	3.867537e-01	3.817399e-01	1.375183e+00
549	4.188222e-01	4.800217e-01	2.298486e+00
550	4.585271e-01	6.731931e-01	1.285296e+00
551	4.658976e-01	5.046827e-01	2.983390e+00
552	5.362517e-01	5.257482e-01	1.195408e+00
553	4.731744e-01	5.038565e-01	2.414753e+00
554	6.370956e-01	5.457178e-01	1.843185e+00
555	4.728125e-01	4.474227e-01	2.396190e+00
556	5.049364e-01	4.068173e-01	3.000000e+00
557	4.663678e-01	5.159760e-01	2.728383e+00
559	4.725043e-01	5.154431e-01	1.944797e+00
560	4.619612e-01	3.306804e-01	2.883732e+00
561	4.148269e-01	4.870182e-01	2.383488e+00
562	4.941564e-01	3.712961e-01	2.506595e+00
563	4.923456e-01	5.435348e-01	1.786517e+00
564	3.925565e-01	5.380579e-01	2.893503e+00
565	4.570168e-01	4.954317e-01	2.981436e+00
566	5.112932e-01	5.245000e-01	2.663898e+00
567	4.912653e-01	5.518793e-01	2.227162e+00
568	4.826496e-01	4.913794e-01	1.527601e+00
569	4.930080e-01	6.254720e-01	2.610161e+00
570	3.172705e-01	4.823725e-01	1.058622e+00
571	4.685744e-01	5.103253e-01	2.782120e+00
573	4.685402e-01	5.221066e-01	2.109917e+00
574	4.819532e-01	5.628141e-01	2.074744e+00
575	4.529628e-01	5.387037e-01	2.319003e+00
576	4.503471e-01	5.608526e-01	1.290181e+00
577	4.422254e-01	4.326308e-01	1.286273e+00
578	4.566864e-01	4.656268e-01	1.881290e+00
579	4.761876e-01	5.293397e-01	1.664387e+00
580	2.644263e-01	1.132282e-01	1.242306e+00
581	5.195219e-01	4.804875e-01	1.927211e+00
582	4.640786e-01	5.056560e-01	2.820225e+00
583	4.189182e-01	4.142716e-01	2.792868e+00
584	4.876307e-01	5.130358e-01	1.201270e+00
585	4.789270e-01	5.475838e-01	1.898876e+00
586	4.601064e-01	5.148020e-01	1.782609e+00
587	4.584620e-01	4.982827e-01	1.561798e+00
588	4.639734e-01	5.118914e-01	2.282853e+00
589	4.377125e-01	4.581324e-01	2.210552e+00
590	4.010640e-01	5.000352e-01	1.020518e+00
591	4.188442e-01	4.546394e-01	1.784563e+00
592	4.613619e-01	5.116198e-01	1.275525e+00
593	4.830119e-01	5.299938e-01	1.212995e+00
594	4.563212e-01	5.047611e-01	2.964827e+00
595	4.809475e-01	5.417148e-01	2.079629e+00
596	3.097868e-01	6.871487e-01	1.187592e+00
597	4.213300e-01	5.054877e-01	1.258915e+00
598	4.597738e-01	4.663987e-01	1.999511e+00
599	4.679842e-01	5.117620e-01	1.264778e+00
600	4.755179e-01	5.394789e-01	1.110405e+00
601	2.810322e-01	2.953873e-01	1.107474e+00
602	5.592137e-01	5.676535e-01	1.070347e+00
603	4.738439e-01	5.082543e-01	2.400098e+00
604	4.542909e-01	5.328106e-01	2.871031e+00
605	4.605372e-01	5.003190e-01	2.739130e+00
606	5.042775e-01	5.219693e-01	2.061065e+00
607	3.316479e-01	3.928838e-01	1.073278e+00
608	4.420828e-01	4.843976e-01	2.799707e+00
609	4.735266e-01	5.124082e-01	2.010259e+00
610	5.265921e-01	5.673354e-01	1.700537e+00
611	4.720918e-01	5.234297e-01	1.339033e+00
612	4.728121e-01	4.545457e-01	2.227162e+00
613	5.301508e-01	7.759345e-01	2.482169e+00
614	4.502820e-01	5.119367e-01	2.958964e+00
615	4.302565e-01	5.351377e-01	1.443576e+00
616	4.591202e-01	3.863931e-01	2.381534e+00
617	4.110566e-01	3.408070e-01	1.971177e+00
618	4.700019e-01	5.201483e-01	2.960918e+00
619	5.676122e-01	9.190588e-01	1.812897e+00
620	5.001871e-01	5.906037e-01	1.170982e+00
621	3.929609e-01	5.063963e-01	1.277479e+00
622	3.622514e-01	6.897425e-01	1.176844e+00
623	4.599673e-01	4.634789e-01	1.636053e+00
624	5.853030e-01	5.641892e-01	2.336590e+00
625	5.287488e-01	5.173696e-01	1.343918e+00
626	4.666952e-01	5.076097e-01	1.905716e+00
627	4.823973e-01	4.592288e-01	1.784563e+00
628	4.512001e-01	5.071595e-01	2.063996e+00
629	4.751624e-01	5.086266e-01	2.497802e+00
630	5.398960e-01	5.410995e-01	2.870054e+00
631	4.292119e-01	4.267320e-01	1.729849e+00
632	3.665671e-01	3.486558e-01	2.290669e+00
633	4.606090e-01	5.084560e-01	2.841720e+00
634	4.642907e-01	5.000640e-01	2.195896e+00
635	4.193071e-01	4.954475e-01	1.601856e+00
636	4.396659e-01	4.452260e-01	2.449927e+00
637	5.100466e-01	5.014197e-01	1.462140e+00
638	4.646014e-01	5.070300e-01	2.041524e+00
639	4.646667e-01	5.080506e-01	2.061065e+00
640	4.605911e-01	4.328638e-01	2.130435e+00
641	5.445429e-01	6.171883e-01	2.205667e+00
642	4.715669e-01	5.185784e-01	2.184172e+00
643	4.366449e-01	5.822102e-01	2.747924e+00
644	5.565136e-01	5.884531e-01	2.909135e+00
645	4.653886e-01	5.167320e-01	2.777235e+00
646	5.391274e-01	5.465315e-01	1.295066e+00
647	4.975869e-01	4.453240e-01	1.050806e+00
648	4.857764e-01	6.694818e-01	1.191500e+00
649	4.785976e-01	5.197305e-01	1.198339e+00
650	4.596297e-01	5.366870e-01	2.656082e+00
651	4.394151e-01	5.171494e-01	1.692721e+00
652	7.630373e-01	6.355767e-01	2.330728e+00
653	4.824109e-01	5.398526e-01	1.906693e+00
654	4.404331e-01	5.172651e-01	2.192965e+00
655	4.890453e-01	5.906190e-01	1.200293e+00
656	4.571581e-01	5.151364e-01	2.361016e+00
657	4.404712e-01	4.593363e-01	2.080606e+00
658	4.653527e-01	5.037369e-01	2.017098e+00
659	4.695648e-01	4.829189e-01	2.191011e+00
660	4.519245e-01	2.349868e-01	1.667318e+00
661	3.943785e-01	3.016652e-01	2.229116e+00
662	5.700927e-01	7.474214e-01	1.188569e+00
663	4.912476e-01	5.219685e-01	2.714704e+00
664	4.344976e-01	4.761928e-01	1.979971e+00
665	5.211924e-01	5.305026e-01	2.954079e+00
666	8.514835e-01	7.180474e-01	1.803127e+00
667	4.801978e-01	5.016862e-01	1.039082e+00
668	5.847819e-01	8.420455e-01	1.893014e+00
669	3.704616e-01	4.024642e-01	1.778701e+00
670	2.284636e-01	1.843016e-01	1.807035e+00
671	4.717623e-01	5.322898e-01	1.102589e+00
672	5.221139e-01	3.520261e-01	1.879336e+00
673	4.102210e-01	5.130909e-01	1.984856e+00
674	4.658463e-01	5.072317e-01	2.238886e+00
675	4.562897e-01	4.923630e-01	2.868100e+00
676	4.756109e-01	5.054794e-01	2.748901e+00
677	2.633570e-01	4.919888e-01	1.578407e+00
678	4.817673e-01	5.565997e-01	1.621397e+00
679	4.578168e-01	5.040049e-01	2.657059e+00
680	4.714290e-01	5.591489e-01	2.404983e+00
681	4.767077e-01	5.116315e-01	2.272106e+00
682	5.200739e-01	5.788419e-01	1.463117e+00
683	4.747918e-01	5.285839e-01	2.316072e+00
684	4.651189e-01	5.084671e-01	2.334636e+00
685	4.186814e-01	4.148486e-01	1.365413e+00
686	6.021057e-01	6.055719e-01	2.105032e+00
687	5.405548e-01	5.061018e-01	1.339033e+00
688	4.857434e-01	5.162247e-01	2.932584e+00
689	4.614578e-01	5.153311e-01	2.378603e+00
690	4.643619e-01	4.995895e-01	1.833415e+00
691	4.370866e-01	7.312839e-01	1.663410e+00
692	4.547430e-01	5.242248e-01	2.251588e+00
693	4.306635e-01	3.912078e-01	1.766976e+00
694	4.699537e-01	3.425309e-01	1.575476e+00
695	6.621307e-01	6.143009e-01	2.771373e+00
696	4.777802e-01	5.135988e-01	2.787005e+00
697	4.634307e-01	5.072073e-01	1.959453e+00
698	4.682995e-01	5.061736e-01	2.187103e+00
699	4.649306e-01	5.085065e-01	2.430386e+00
700	3.998165e-01	4.463962e-01	2.679531e+00
701	4.538879e-01	4.689745e-01	2.191988e+00
702	4.377487e-01	3.861695e-01	2.945286e+00
703	4.605739e-01	5.190631e-01	2.793845e+00
704	4.482843e-01	5.141005e-01	2.132389e+00
705	6.399862e-01	6.141379e-01	1.627259e+00
706	4.577906e-01	5.129663e-01	1.623351e+00
707	4.628263e-01	5.186846e-01	2.772350e+00
708	4.773275e-01	5.190767e-01	1.552027e+00
709	5.105928e-01	4.088664e-01	1.180752e+00
710	4.523695e-01	4.793781e-01	1.632145e+00
711	4.979015e-01	8.996217e-01	1.680997e+00
712	4.577829e-01	6.885424e-01	2.828041e+00
713	6.674045e-01	7.546955e-01	1.703468e+00
714	3.465037e-01	6.129216e-01	1.471910e+00
715	4.750388e-01	5.376473e-01	2.368832e+00
716	4.534004e-01	5.123864e-01	1.961407e+00
717	4.657705e-01	5.091077e-01	1.756229e+00
718	5.012097e-01	5.171517e-01	2.987298e+00
719	4.677153e-01	5.053645e-01	2.332682e+00
720	4.706622e-01	5.092010e-01	1.097704e+00
721	4.650027e-01	5.108965e-01	1.954568e+00
722	4.623408e-01	5.146405e-01	1.704446e+00
723	4.655046e-01	5.076093e-01	1.853933e+00
724	4.372663e-01	4.240329e-01	2.829995e+00
725	5.251655e-01	4.907068e-01	2.232047e+00
726	4.898082e-01	5.602206e-01	2.587689e+00
727	7.178659e-01	2.772113e-01	2.698095e+00
729	5.395170e-01	5.989012e-01	1.212995e+00
730	4.309124e-01	4.142110e-01	1.502198e+00
731	4.640145e-01	5.060140e-01	2.614069e+00
732	4.712294e-01	4.672794e-01	2.880801e+00
733	4.860280e-01	5.251072e-01	1.956522e+00
734	5.941658e-01	5.612461e-01	2.745970e+00
735	3.273582e-01	4.302641e-01	1.179775e+00
736	3.953289e-01	5.666771e-01	1.935027e+00
737	4.758137e-01	5.273107e-01	1.975085e+00
738	4.342567e-01	4.689863e-01	1.067416e+00
739	3.941792e-01	5.436754e-01	2.024915e+00
740	4.396264e-01	4.044738e-01	2.810454e+00
741	4.845954e-01	5.885691e-01	2.428432e+00
742	4.445608e-01	5.181136e-01	1.957499e+00
743	5.531362e-01	6.143498e-01	2.306302e+00
744	4.790110e-01	5.286250e-01	2.557401e+00
745	4.426159e-01	4.654365e-01	1.243283e+00
746	4.467675e-01	4.857677e-01	2.429409e+00
747	4.522361e-01	5.656124e-01	2.523205e+00
748	2.773861e-01	4.075593e-01	2.842697e+00
749	4.689598e-01	5.057532e-01	2.247680e+00
750	5.085243e-01	5.482365e-01	2.000489e+00
751	4.531689e-01	4.999334e-01	2.446019e+00
752	4.633047e-01	5.114283e-01	2.360039e+00
753	6.029843e-01	6.452760e-01	2.567171e+00
754	4.771433e-01	5.262997e-01	2.415730e+00
755	4.789678e-01	4.783873e-01	1.989741e+00
756	4.663630e-01	5.036179e-01	2.908158e+00
757	4.447754e-01	5.176099e-01	2.731314e+00
758	4.652911e-01	5.119387e-01	2.544700e+00
759	4.650505e-01	5.059416e-01	2.890572e+00
760	4.658306e-01	5.104222e-01	1.654617e+00
761	4.674243e-01	5.026442e-01	1.008793e+00
762	4.346288e-01	4.248851e-01	1.260870e+00
763	3.606243e-01	4.245067e-01	1.347826e+00
764	4.574279e-01	5.039425e-01	1.325354e+00
765	4.641578e-01	5.127909e-01	1.420127e+00
766	5.916512e-01	6.103233e-01	2.845628e+00
767	4.907783e-01	5.167287e-01	1.853933e+00
768	4.591419e-01	4.935251e-01	1.303859e+00
769	4.778692e-01	5.812768e-01	1.294089e+00
770	8.611849e-01	1.004223e-01	1.675134e+00
771	3.954409e-01	4.856134e-01	2.417684e+00
772	4.334035e-01	4.700811e-01	2.053249e+00
773	4.518670e-01	5.344610e-01	1.276502e+00
774	3.730788e-01	3.572408e-01	2.779189e+00
775	3.841462e-01	7.848814e-01	1.984856e+00
776	5.516236e-01	4.390127e-01	2.295554e+00
777	4.663422e-01	5.133212e-01	1.652662e+00
778	4.675014e-01	5.110408e-01	2.464582e+00
779	4.671173e-01	5.096773e-01	1.763068e+00
780	4.709512e-01	5.418081e-01	2.026869e+00
781	3.887588e-01	4.520228e-01	1.160234e+00
782	4.408032e-01	5.344268e-01	2.302394e+00
783	4.948897e-01	5.258931e-01	1.384954e+00
784	5.176915e-01	5.564661e-01	2.598437e+00
785	4.567091e-01	5.534314e-01	2.130435e+00
786	4.729392e-01	4.843127e-01	1.690767e+00
787	4.973814e-01	4.957182e-01	1.940889e+00
788	4.778693e-01	5.260065e-01	2.099170e+00
