789
0	8.837974e-01	4.467968e-01	1.398632e+00
1	5.461576e-01	6.173294e-01	1.108451e+00
2	4.769287e-01	4.671241e-01	2.925745e+00
3	4.549932e-01	4.521867e-01	2.732291e+00
4	4.640600e-01	3.401484e-01	1.257938e+00
5	5.100484e-01	6.066324e-01	2.424524e+00
6	4.336940e-01	2.936076e-01	1.383000e+00
7	4.953381e-01	4.754956e-01	2.705911e+00
8	4.538654e-01	4.913181e-01	2.442110e+00
9	4.667708e-01	5.048532e-01	2.233024e+00
10	4.734348e-01	5.498017e-01	2.376649e+00
11	4.707479e-01	4.819142e-01	1.556913e+00
12	4.228234e-01	3.128852e-01	2.950171e+00
13	5.171141e-01	7.148412e-01	1.066439e+00
14	4.704520e-01	5.110261e-01	1.626282e+00
15	5.678236e-01	6.183287e-01	1.306790e+00
16	4.681957e-01	5.061920e-01	2.902296e+00
17	5.281807e-01	5.657093e-01	1.195408e+00
18	4.357258e-01	5.730992e-01	1.785540e+00
19	4.927093e-01	5.493279e-01	1.248168e+00
20	4.364560e-01	5.580470e-01	1.863703e+00
21	4.448413e-01	5.888198e-01	2.671715e+00
22	4.743722e-01	5.171590e-01	2.487054e+00
23	5.188016e-01	3.853002e-01	1.946751e+00
24	3.445377e-01	7.159650e-01	1.303859e+00
25	4.465291e-01	3.733975e-01	2.152907e+00
26	4.573976e-01	5.215686e-01	1.388862e+00
27	4.926280e-01	5.779816e-01	1.591109e+00
28	4.706230e-01	4.873072e-01	2.205667e+00
29	4.885964e-01	5.203098e-01	2.181241e+00
30	4.261460e-01	5.206213e-01	1.475818e+00
31	4.319202e-01	5.791715e-01	2.309233e+00
32	4.778874e-01	5.371420e-01	2.073766e+00
33	4.868029e-01	6.936600e-01	2.331705e+00
34	4.948047e-01	5.364246e-01	1.126038e+00
35	2.700344e-01	4.735333e-01	2.235955e+00
36	4.306703e-01	4.683783e-01	2.805569e+00
37	5.060482e-01	7.357048e-01	2.555447e+00
38	4.895317e-01	5.256547e-01	2.559355e+00
39	4.749536e-01	5.167332e-01	1.895945e+00
40	4.755940e-01	5.801348e-01	1.282364e+00
41	5.170337e-01	6.076469e-01	2.750855e+00
42	4.761701e-01	5.109382e-01	2.412799e+00
43	4.693827e-01	5.309993e-01	2.557401e+00
44	4.875681e-01	7.074004e-01	1.648754e+00
45	5.092475e-01	4.303829e-01	1.721055e+00
46	5.033519e-01	6.280478e-01	2.588666e+00
47	4.817192e-01	5.153494e-01	1.525647e+00
48	4.643346e-01	5.107310e-01	2.751832e+00
49	4.719431e-01	3.355815e-01	2.625794e+00
50	4.905942e-01	5.291019e-01	1.663410e+00
51	4.707692e-01	5.058639e-01	2.560332e+00
52	4.797885e-01	5.308762e-01	1.696629e+00
53	4.964362e-01	5.228575e-01	1.506106e+00
54	4.753948e-01	5.005201e-01	2.675623e+00
55	4.147312e-01	4.402881e-01	2.497802e+00
56	4.182293e-01	3.016296e-01	1.031265e+00
57	4.281317e-01	3.645311e-01	2.361993e+00
58	4.568078e-01	5.334618e-01	1.866634e+00
59	5.899821e-01	6.473965e-01	2.930630e+00
60	4.977102e-01	6.499634e-01	1.503175e+00
61	5.114165e-01	5.264773e-01	2.449927e+00
62	4.712441e-01	4.924084e-01	2.831949e+00
63	4.859837e-01	5.356812e-01	2.317049e+00
64	4.867934e-01	5.857355e-01	2.353200e+00
65	4.672631e-01	5.052698e-01	2.575965e+00
66	4.337613e-01	5.714350e-01	2.922814e+00
67	4.722772e-01	4.823441e-01	2.289692e+00
68	4.713135e-01	6.116862e-01	2.766488e+00
69	4.523136e-01	6.897940e-01	1.522716e+00
70	4.580917e-01	5.549487e-01	2.769419e+00
71	4.822093e-01	5.337347e-01	1.110405e+00
72	4.499185e-01	4.584794e-01	1.412311e+00
73	4.459598e-01	5.174375e-01	1.951637e+00
74	5.303980e-01	7.338241e-01	1.449438e+00
75	4.540473e-01	5.082033e-01	2.176356e+00
76	4.891732e-01	5.152334e-01	1.212995e+00
77	4.719993e-01	4.922171e-01	1.872496e+00
78	4.749486e-01	5.313500e-01	1.606742e+00
79	5.099939e-01	7.063628e-01	1.183683e+00
80	4.474830e-01	4.431828e-01	2.736199e+00
81	4.669076e-01	5.058748e-01	1.617489e+00
82	4.825369e-01	6.028620e-01	2.456766e+00
83	4.884214e-01	6.387378e-01	1.406448e+00
84	4.881098e-01	5.657857e-01	2.453835e+00
85	4.661767e-01	5.008316e-01	2.712750e+00
86	4.612896e-01	4.923226e-01	2.877870e+00
87	4.557320e-01	3.911252e-01	1.533464e+00
88	4.319577e-01	3.216369e-01	2.169516e+00
89	4.477304e-01	5.604914e-01	2.483146e+00
90	4.459137e-01	4.734420e-01	1.538349e+00
91	4.817828e-01	5.032801e-01	1.117245e+00
92	4.830888e-01	5.267074e-01	2.709819e+00
93	4.778025e-01	4.747304e-01	2.929653e+00
94	4.144788e-01	4.626054e-01	2.125550e+00
95	5.177218e-01	7.406516e-01	2.148999e+00
96	4.695563e-01	5.291443e-01	1.206155e+00
97	5.014571e-01	5.000124e-01	2.689301e+00
98	4.628213e-01	4.912699e-01	1.997557e+00
99	4.448854e-01	6.067209e-01	1.753298e+00
100	4.791071e-01	4.898462e-01	1.491451e+00
101	4.690447e-01	5.062802e-01	2.381534e+00
102	4.877849e-01	5.468218e-01	1.837323e+00
103	5.278590e-01	5.620705e-01	2.723498e+00
104	4.529462e-01	6.904102e-01	1.216903e+00
105	4.569968e-01	4.775681e-01	1.385931e+00
106	3.447430e-01	4.819199e-01	1.094773e+00
107	4.532505e-01	4.850217e-01	1.887152e+00
108	6.231930e-01	5.286180e-01	1.869565e+00
109	5.547547e-01	6.192321e-01	2.657059e+00
110	4.735435e-01	5.636003e-01	1.905716e+00
111	4.867043e-01	5.162541e-01	2.319980e+00
112	3.132068e-01	4.090759e-01	1.549096e+00
113	4.946687e-01	5.230035e-01	1.155349e+00
114	4.761014e-01	5.316510e-01	1.261847e+00
115	4.351816e-01	5.721195e-01	1.308745e+00
116	1.239703e-01	3.124212e-01	1.148510e+00
117	4.563500e-01	4.572858e-01	1.865657e+00
118	4.631664e-01	4.483216e-01	2.988276e+00
119	4.674802e-01	4.837129e-01	1.479726e+00
120	4.774285e-01	5.042458e-01	2.095261e+00
121	5.109195e-01	5.483898e-01	2.442110e+00
122	4.273569e-01	4.694951e-01	1.070347e+00
123	5.306509e-01	6.230451e-01	1.417196e+00
124	4.617389e-01	4.989808e-01	2.817294e+00
125	5.202758e-01	6.950788e-01	1.164143e+00
126	5.096170e-01	5.459924e-01	2.738153e+00
127	4.997207e-01	5.647024e-01	2.338544e+00
128	5.808111e-01	6.264714e-01	1.282364e+00
129	4.893884e-01	5.268002e-01	2.676600e+00
130	5.812276e-01	6.268670e-01	2.443087e+00
131	8.166940e-01	1.029253e-01	2.375672e+00
132	5.367445e-01	5.888004e-01	1.220811e+00
133	4.778129e-01	5.033701e-01	2.407914e+00
134	4.788780e-01	4.279347e-01	2.277968e+00
135	4.503797e-01	5.082585e-01	2.409868e+00
136	4.917769e-01	4.531000e-01	2.083537e+00
137	4.293173e-01	5.129415e-01	2.286761e+00
138	4.915123e-01	5.074540e-01	1.194431e+00
139	4.752228e-01	4.974012e-01	2.818271e+00
140	5.014448e-01	6.196360e-01	2.827064e+00
141	4.485300e-01	4.957907e-01	1.684905e+00
142	4.712875e-01	5.208804e-01	1.999511e+00
143	4.760952e-01	5.277649e-01	1.956522e+00
144	4.628198e-01	4.994251e-01	2.323889e+00
145	5.043497e-01	6.175989e-01	2.501710e+00
146	5.323898e-01	6.831122e-01	2.395213e+00
147	4.428685e-01	6.015023e-01	2.719590e+00
148	4.697400e-01	5.063182e-01	2.937469e+00
149	4.668465e-01	5.497888e-01	2.803615e+00
150	5.140803e-01	7.353651e-01	1.794333e+00
151	4.745472e-01	4.989804e-01	2.611138e+00
152	4.989336e-01	4.643951e-01	1.724963e+00
153	4.902057e-01	5.036327e-01	1.983879e+00
154	4.701710e-01	5.087485e-01	2.181241e+00
155	4.570745e-01	5.373614e-01	1.295066e+00
156	5.049264e-01	7.085500e-01	1.970200e+00
157	4.466631e-01	5.081764e-01	2.387396e+00
158	5.368419e-01	4.943885e-01	2.386419e+00
159	5.238111e-01	7.365101e-01	2.647289e+00
160	4.856670e-01	5.236543e-01	1.686859e+00
161	4.507548e-01	4.793965e-01	1.553981e+00
162	4.397319e-01	4.824003e-01	1.764045e+00
163	4.949662e-01	6.901015e-01	1.632145e+00
164	4.690126e-01	5.060270e-01	1.235467e+00
165	4.782515e-01	5.197554e-01	2.251588e+00
166	4.430426e-01	4.931413e-01	1.751343e+00
167	5.617543e-01	4.912044e-01	1.715193e+00
168	4.721716e-01	5.062674e-01	2.109917e+00
169	4.752248e-01	5.544659e-01	2.137274e+00
170	4.291600e-01	5.122673e-01	2.099170e+00
171	4.637126e-01	4.391995e-01	2.057157e+00
172	5.163314e-01	5.582964e-01	2.246702e+00
173	4.404022e-01	5.391027e-01	1.894968e+00
174	5.193768e-01	4.724092e-01	2.453835e+00
175	4.769098e-01	5.135296e-01	2.834880e+00
176	4.312309e-01	5.039882e-01	2.215437e+00
177	4.813470e-01	5.284326e-01	2.153884e+00
178	4.698604e-01	4.980610e-01	2.475330e+00
179	4.832109e-01	3.293779e-01	1.274548e+00
180	4.859230e-01	5.107043e-01	2.127504e+00
181	4.737912e-01	4.940567e-01	1.790425e+00
182	5.213958e-01	5.746115e-01	1.736688e+00
183	4.841352e-01	3.130779e-01	1.692721e+00
184	5.284318e-01	5.937528e-01	2.042501e+00
185	4.673065e-01	3.138061e-01	1.468979e+00
186	5.248235e-01	5.417761e-01	1.784563e+00
187	9.002588e-01	8.151070e-01	2.653151e+00
188	4.889350e-01	5.661585e-01	1.839277e+00
189	4.597393e-01	5.033134e-01	1.175867e+00
190	4.989627e-01	4.587799e-01	2.807523e+00
191	3.793344e-01	6.035094e-01	2.811431e+00
192	4.706061e-01	5.768054e-01	1.192477e+00
193	4.911234e-01	5.047075e-01	1.620420e+00
194	4.972133e-01	4.904622e-01	2.624817e+00
195	4.734389e-01	5.100365e-01	2.806546e+00
196	5.391407e-01	7.034717e-01	1.763068e+00
197	3.696769e-01	2.710892e-01	2.060088e+00
198	5.844002e-01	3.297180e-01	2.458720e+00
199	4.790951e-01	5.450733e-01	2.463605e+00
200	5.010864e-01	5.314928e-01	1.141671e+00
201	4.800409e-01	5.129035e-01	1.146556e+00
202	5.122254e-01	6.061890e-01	1.395701e+00
203	5.049035e-01	5.178953e-01	1.755252e+00
204	4.534108e-01	4.645346e-01	2.901319e+00
205	4.567962e-01	3.120592e-01	2.123596e+00
206	5.057404e-01	5.429440e-01	1.652662e+00
207	4.820580e-01	5.845923e-01	1.199316e+00
208	5.029959e-01	5.613887e-01	2.170493e+00
209	4.567887e-01	2.922181e-01	2.733268e+00
210	5.093560e-01	7.223331e-01	1.545188e+00
211	4.526448e-01	5.342754e-01	1.376160e+00
212	4.811487e-01	5.098314e-01	1.621397e+00
213	4.710437e-01	5.169507e-01	1.883244e+00
214	4.628061e-01	5.054932e-01	1.612604e+00
215	4.728273e-01	5.104324e-01	2.909135e+00
216	4.841530e-01	5.302397e-01	1.354665e+00
217	4.768669e-01	4.991362e-01	2.770396e+00
218	5.780058e-01	6.667819e-01	2.148999e+00
219	4.725261e-01	5.414325e-01	2.624817e+00
220	4.982746e-01	4.290009e-01	2.697118e+00
221	5.149601e-01	5.210774e-01	1.938935e+00
222	4.806854e-01	5.070440e-01	1.854910e+00
223	4.311078e-01	3.198903e-01	2.625794e+00
224	4.572669e-01	6.867585e-01	2.984367e+00
225	4.752252e-01	4.761064e-01	2.693210e+00
226	4.757350e-01	5.214798e-01	2.276014e+00
227	4.797283e-01	4.652879e-01	1.245237e+00
228	4.694389e-01	4.968026e-01	1.489497e+00
229	4.689520e-01	5.058338e-01	2.305325e+00
230	4.598613e-01	4.839279e-01	2.689301e+00
231	4.504095e-01	4.940866e-01	1.346849e+00
232	4.431095e-01	4.805970e-01	2.447973e+00
233	5.011446e-01	4.468441e-01	1.591109e+00
234	4.606733e-01	4.906429e-01	1.931119e+00
235	4.600313e-01	4.948306e-01	2.687347e+00
236	4.697383e-01	5.063865e-01	2.787982e+00
237	4.750939e-01	5.213023e-01	1.510015e+00
238	4.710973e-01	4.905421e-01	2.193942e+00
239	4.586067e-01	4.826146e-01	2.918906e+00
240	4.893833e-01	5.157199e-01	1.734734e+00
241	4.441425e-01	5.743195e-01	1.119199e+00
242	5.454188e-01	5.609670e-01	1.631168e+00
243	4.890841e-01	4.615184e-01	1.258915e+00
244	4.537753e-01	4.395393e-01	2.458720e+00
245	4.303704e-01	5.936256e-01	2.134343e+00
246	4.709360e-01	5.124952e-01	2.662921e+00
247	4.738298e-01	5.478287e-01	2.924768e+00
248	4.858151e-01	7.017430e-01	2.983390e+00
249	6.788604e-01	1.122379e-01	2.305325e+00
250	6.097598e-01	3.062324e-01	2.763556e+00
251	6.271692e-01	1.872613e-01	2.374695e+00
252	4.689043e-01	5.358326e-01	1.703468e+00
253	5.134710e-01	7.373751e-01	1.246214e+00
254	5.377667e-01	7.104346e-01	2.925745e+00
255	4.876443e-01	5.180894e-01	1.857841e+00
256	4.805625e-01	5.290437e-01	2.601368e+00
257	4.696734e-01	4.899245e-01	2.413776e+00
258	4.454744e-01	5.177849e-01	2.569126e+00
259	5.196876e-01	5.135176e-01	1.865657e+00
260	4.727148e-01	5.112469e-01	2.574988e+00
261	4.730020e-01	4.735422e-01	1.598925e+00
262	3.033331e-01	5.102706e-01	2.264289e+00
263	3.801726e-01	6.426880e-01	1.176844e+00
264	5.080894e-01	7.148916e-01	1.061553e+00
265	4.810043e-01	5.251921e-01	2.526136e+00
266	4.538330e-01	4.601150e-01	1.928188e+00
267	4.481255e-01	4.826483e-01	2.006351e+00
268	4.621672e-01	4.733969e-01	1.041036e+00
269	5.614343e-01	6.212775e-01	1.793356e+00
270	4.487217e-01	4.718521e-01	1.860772e+00
271	5.235962e-01	4.404073e-01	1.389839e+00
272	4.703676e-01	5.092392e-01	1.052760e+00
273	4.478551e-01	4.732409e-01	1.156326e+00
274	3.762484e-01	2.704677e-01	1.981925e+00
275	5.685387e-01	6.383674e-01	2.256473e+00
276	4.970127e-01	5.727826e-01	2.368832e+00
277	4.763730e-01	5.179920e-01	2.024915e+00
278	5.921552e-01	6.465609e-01	1.266732e+00
279	4.883156e-01	5.606183e-01	1.348803e+00
280	4.462854e-01	4.347402e-01	2.472399e+00
281	3.795667e-01	6.708394e-01	2.288715e+00
282	4.885042e-01	5.944078e-01	2.745970e+00
283	4.755924e-01	5.850627e-01	2.490962e+00
284	4.190836e-01	3.206494e-01	2.515388e+00
285	3.644879e-01	2.950183e-01	1.545188e+00
286	4.685914e-01	4.949989e-01	2.662921e+00
287	5.008327e-01	5.884130e-01	2.264289e+00
288	4.780151e-01	6.136996e-01	2.905227e+00
289	4.762215e-01	4.746999e-01	1.058622e+00
290	5.338586e-01	4.622038e-01	2.152907e+00
291	6.906309e-01	1.371215e-01	2.784074e+00
292	4.681044e-01	4.993465e-01	2.445042e+00
293	3.847505e-01	4.677314e-01	2.852467e+00
294	4.686043e-01	5.238217e-01	2.070835e+00
295	4.490691e-01	4.994716e-01	1.406448e+00
296	4.920084e-01	5.474609e-01	1.751343e+00
297	4.995103e-01	5.013689e-01	2.077675e+00
298	5.071335e-01	5.237403e-01	1.601856e+00
299	4.689450e-01	4.799244e-01	2.048363e+00
300	4.758220e-01	4.947327e-01	2.781143e+00
301	4.695394e-01	5.060282e-01	2.779189e+00
302	4.923417e-01	5.747638e-01	2.617978e+00
303	4.468520e-01	2.918518e-01	1.698583e+00
304	5.062032e-01	5.237601e-01	1.948705e+00
305	4.788742e-01	5.199584e-01	1.416219e+00
306	4.815988e-01	5.259989e-01	1.745481e+00
307	4.638387e-01	4.819791e-01	2.291646e+00
308	1.154812e-01	4.108731e-01	1.868588e+00
309	4.891198e-01	4.115461e-01	2.511480e+00
310	4.514909e-01	4.831440e-01	2.596483e+00
311	4.599302e-01	4.321941e-01	2.855398e+00
312	4.864850e-01	5.549847e-01	1.312653e+00
313	4.521736e-01	4.011124e-01	1.787494e+00
314	4.697459e-01	5.130891e-01	2.252565e+00
315	5.062873e-01	6.201622e-01	1.978017e+00
316	3.949752e-01	5.644904e-01	2.965804e+00
317	4.831801e-01	5.304465e-01	2.221299e+00
318	4.010428e-01	6.281915e-01	1.701514e+00
319	4.536296e-01	4.507614e-01	1.135809e+00
320	4.742350e-01	5.483928e-01	2.997069e+00
321	6.735635e-01	1.129628e-01	2.470445e+00
322	4.371132e-01	3.198141e-01	2.362970e+00
323	4.675642e-01	5.078765e-01	2.553493e+00
324	4.975455e-01	4.641822e-01	1.347826e+00
325	2.075452e-01	1.068191e-01	2.896434e+00
326	4.628170e-01	5.075089e-01	1.857841e+00
327	4.418665e-01	4.845439e-01	1.669272e+00
328	4.817817e-01	5.136952e-01	1.726917e+00
329	5.222213e-01	5.996281e-01	2.604299e+00
330	4.839875e-01	4.559597e-01	2.089399e+00
331	5.088754e-01	5.087443e-01	1.552027e+00
332	4.759867e-01	4.083261e-01	1.769907e+00
333	4.809040e-01	5.604315e-01	1.382022e+00
334	4.478315e-01	3.683772e-01	2.510503e+00
335	5.192852e-01	4.987029e-01	1.640938e+00
336	4.715416e-01	5.172772e-01	2.933561e+00
337	4.578332e-01	5.579041e-01	1.033219e+00
338	5.400040e-01	5.695326e-01	1.408403e+00
339	4.647951e-01	4.980444e-01	2.767465e+00
340	4.785472e-01	5.198666e-01	1.526624e+00
341	4.177159e-01	4.357800e-01	1.456277e+00
342	4.578963e-01	5.357649e-01	1.054714e+00
343	4.980177e-01	4.928848e-01	2.601368e+00
344	3.596308e-01	2.457722e-01	2.193942e+00
345	7.551424e-01	2.233695e-01	2.321935e+00
346	4.842876e-01	5.847387e-01	1.564729e+00
347	4.884797e-01	5.149568e-01	1.679043e+00
348	4.522705e-01	3.387662e-01	2.034685e+00
349	4.570473e-01	5.310421e-01	2.564240e+00
350	4.867735e-01	6.808714e-01	2.311187e+00
351	4.428749e-01	6.456525e-01	1.297997e+00
352	4.781913e-01	5.235580e-01	2.873962e+00
353	3.874746e-01	6.904479e-01	2.202736e+00
354	4.650227e-01	5.031910e-01	2.653151e+00
355	4.974350e-01	5.492078e-01	2.461651e+00
356	4.827421e-01	5.302701e-01	1.679043e+00
357	4.530499e-01	6.011852e-01	2.991207e+00
358	4.181981e-01	4.792217e-01	2.857352e+00
359	4.828231e-01	5.350203e-01	1.913532e+00
360	4.945101e-01	7.113378e-01	1.216903e+00
361	4.427820e-01	5.855326e-01	1.214949e+00
362	4.823979e-01	6.251444e-01	1.005862e+00
363	4.917929e-01	5.531456e-01	2.227162e+00
364	4.864690e-01	5.186356e-01	1.723009e+00
365	4.457392e-01	7.092939e-01	1.491451e+00
366	2.959041e-01	4.562502e-01	1.692721e+00
367	4.591026e-01	5.009418e-01	1.154372e+00
368	4.599703e-01	4.952465e-01	1.851001e+00
369	4.732404e-01	5.117014e-01	2.418661e+00
370	4.385588e-01	5.017057e-01	1.874450e+00
371	5.248202e-01	4.322174e-01	1.591109e+00
372	4.614867e-01	4.880468e-01	2.199805e+00
373	4.317904e-01	4.705406e-01	2.208598e+00
374	5.005799e-01	5.204224e-01	1.322423e+00
375	4.585977e-01	3.108745e-01	2.361016e+00
376	5.273628e-01	4.223309e-01	1.815828e+00
377	4.698861e-01	5.063180e-01	1.328285e+00
378	4.632417e-01	4.974067e-01	1.883244e+00
379	7.994512e-01	8.893768e-01	1.599902e+00
380	5.193610e-01	6.926512e-01	2.343429e+00
381	4.862037e-01	5.093897e-01	1.835369e+00
382	1.925090e-01	8.058188e-01	1.065462e+00
383	6.795905e-01	4.708932e-01	1.698583e+00
384	3.826570e-01	3.349369e-01	2.761602e+00
385	5.044919e-01	5.307965e-01	1.961407e+00
386	4.406125e-01	4.827074e-01	2.449927e+00
387	4.504657e-01	4.936744e-01	2.669761e+00
388	5.022737e-01	5.106188e-01	2.597460e+00
389	4.679920e-01	5.109962e-01	2.960918e+00
390	4.606983e-01	4.787519e-01	1.655594e+00
391	4.512880e-01	4.957209e-01	2.572057e+00
392	4.846865e-01	5.301270e-01	1.234489e+00
393	5.127129e-01	5.152343e-01	1.607719e+00
394	4.634842e-01	5.041875e-01	2.643381e+00
395	4.271644e-01	5.910352e-01	1.233512e+00
396	3.062364e-01	4.260676e-01	2.058134e+00
397	3.826452e-01	5.047308e-01	1.083048e+00
398	4.011886e-01	4.740820e-01	2.453835e+00
399	4.819427e-01	4.245369e-01	2.169516e+00
400	4.189989e-01	4.351213e-01	1.634099e+00
401	3.651236e-01	6.887129e-01	1.314607e+00
402	4.880649e-01	5.743828e-01	2.292623e+00
403	4.996637e-01	7.123318e-01	1.759160e+00
404	4.501766e-01	5.281915e-01	2.942355e+00
405	4.875288e-01	5.395120e-01	1.358574e+00
406	4.619347e-01	5.041624e-01	1.474841e+00
407	3.690543e-01	3.149715e-01	2.850513e+00
408	6.525598e-01	4.574075e-01	2.543723e+00
409	4.658665e-01	5.212815e-01	1.170005e+00
410	4.609754e-01	4.344505e-01	2.011236e+00
411	5.466262e-01	5.696240e-01	2.982413e+00
412	2.447595e-01	4.528818e-01	1.578407e+00
413	5.192517e-01	6.115755e-01	2.904250e+00
414	4.805289e-01	5.287073e-01	2.948217e+00
415	4.693001e-01	5.048251e-01	1.856864e+00
416	4.629246e-01	5.238707e-01	1.780655e+00
417	4.848698e-01	5.011545e-01	1.223742e+00
418	4.544167e-01	5.364661e-01	2.928676e+00
419	4.819943e-01	5.024360e-01	1.055691e+00
420	4.776926e-01	5.037299e-01	2.823156e+00
421	4.735642e-01	5.107229e-01	2.886663e+00
422	4.689114e-01	4.966280e-01	1.391793e+00
423	3.789115e-01	7.026969e-01	1.467025e+00
424	4.883791e-01	5.656942e-01	1.512946e+00
425	3.701810e-01	2.756858e-01	1.960430e+00
426	3.657596e-01	2.752861e-01	2.254519e+00
427	4.322221e-01	3.214420e-01	2.899365e+00
428	4.309154e-01	4.957645e-01	1.247191e+00
429	4.507762e-01	5.065765e-01	1.802149e+00
430	4.526390e-01	4.980999e-01	1.663410e+00
431	4.383577e-01	3.200148e-01	2.556424e+00
432	3.681784e-01	2.904975e-01	2.947240e+00
433	4.643631e-01	5.160589e-01	2.475330e+00
434	4.808297e-01	4.885285e-01	2.923791e+00
435	5.869272e-01	6.385087e-01	2.906204e+00
436	8.413648e-02	8.775692e-01	2.668784e+00
437	5.035273e-01	5.624448e-01	2.476307e+00
438	4.321674e-01	5.084231e-01	2.065950e+00
439	4.714479e-01	5.101249e-01	1.983879e+00
440	4.720077e-01	6.366532e-01	1.637030e+00
441	7.007863e-01	4.686510e-01	1.338056e+00
442	4.588484e-01	5.909516e-01	2.406937e+00
443	4.765031e-01	4.813091e-01	1.422081e+00
444	5.097426e-01	6.206423e-01	2.956033e+00
445	4.711031e-01	5.024087e-01	2.601368e+00
446	5.222755e-01	7.278932e-01	1.846116e+00
447	4.706200e-01	5.097418e-01	1.264778e+00
448	4.739575e-01	4.862838e-01	1.119199e+00
449	4.640643e-01	5.254286e-01	1.956522e+00
450	4.184215e-01	4.857266e-01	2.971666e+00
451	4.725496e-01	5.110306e-01	2.149976e+00
452	4.859164e-01	5.765001e-01	1.574499e+00
453	5.277790e-01	6.910951e-01	1.775769e+00
454	8.656759e-01	6.269384e-01	1.542257e+00
455	4.749219e-01	5.176091e-01	2.984367e+00
456	4.506810e-01	4.352767e-01	1.577430e+00
457	4.276453e-01	5.140346e-01	2.955056e+00
458	4.550773e-01	5.649252e-01	2.865169e+00
459	4.587781e-01	5.746163e-01	1.672203e+00
460	5.900395e-01	6.424326e-01	1.198339e+00
461	3.569758e-01	3.255564e-01	2.513434e+00
462	5.016760e-01	6.841918e-01	1.853933e+00
463	4.708138e-01	5.538293e-01	2.858329e+00
464	4.463822e-01	4.847799e-01	1.574499e+00
465	4.912948e-01	4.511587e-01	1.432829e+00
466	4.543994e-01	5.065769e-01	1.500244e+00
467	4.451530e-01	3.005191e-01	1.323400e+00
468	4.457484e-01	5.021829e-01	2.147044e+00
469	4.616174e-01	5.291118e-01	2.698095e+00
470	4.828255e-01	5.100222e-01	1.364436e+00
471	4.777734e-01	6.787938e-01	2.076698e+00
472	4.677023e-01	5.018243e-01	2.011236e+00
473	4.500684e-01	4.517343e-01	1.215926e+00
474	4.682626e-01	5.009038e-01	2.299463e+00
475	4.202335e-01	5.834271e-01	1.683928e+00
476	4.939511e-01	5.133339e-01	2.081583e+00
477	4.455060e-01	5.558948e-01	2.350269e+00
478	3.581022e-01	3.366269e-01	2.728383e+00
479	4.656936e-01	5.855999e-01	1.194431e+00
480	4.727955e-01	6.340208e-01	2.515388e+00
481	4.514350e-01	5.877218e-01	1.865657e+00
482	4.381236e-01	2.937760e-01	1.802149e+00
483	4.348907e-01	4.107977e-01	1.367367e+00
484	5.105418e-01	6.080936e-01	1.148510e+00
485	4.520590e-01	4.515297e-01	2.427455e+00
486	5.159468e-01	5.522327e-01	2.196873e+00
487	4.562047e-01	5.291665e-01	2.386419e+00
488	4.947102e-01	5.788137e-01	1.294089e+00
489	4.015197e-01	4.504801e-01	1.687836e+00
490	4.890140e-01	4.396673e-01	1.146556e+00
491	5.861470e-01	3.389808e-01	1.597948e+00
492	4.972065e-01	5.238065e-01	2.412799e+00
493	4.299308e-01	4.885797e-01	1.227650e+00
494	4.690070e-01	6.170858e-01	2.522228e+00
495	4.633297e-01	4.400997e-01	1.437714e+00
496	4.920429e-01	5.890618e-01	1.523693e+00
497	4.702194e-01	5.871186e-01	1.221788e+00
498	4.776262e-01	6.054361e-01	1.652662e+00
499	4.834034e-01	6.387768e-01	1.269663e+00
500	4.612534e-01	5.049860e-01	2.967758e+00
501	4.644367e-01	5.060701e-01	2.546654e+00
502	2.630198e-01	4.872791e-01	1.818759e+00
503	4.863430e-01	5.807461e-01	1.919394e+00
504	4.781997e-01	5.003777e-01	2.563263e+00
505	4.958887e-01	6.882458e-01	1.451392e+00
506	5.183772e-01	4.933730e-01	1.718124e+00
507	4.747664e-01	5.154238e-01	1.207132e+00
508	4.838126e-01	5.311026e-01	1.236444e+00
509	4.235242e-01	4.941970e-01	2.622863e+00
510	3.521813e-01	4.668725e-01	2.549585e+00
511	4.637115e-01	5.036720e-01	2.966781e+00
512	5.566059e-01	6.190000e-01	2.395213e+00
513	4.895244e-01	4.909468e-01	1.534441e+00
514	4.662677e-01	3.399462e-01	1.550073e+00
515	5.199470e-01	5.923454e-01	1.610650e+00
516	5.671520e-01	3.418424e-01	1.612604e+00
517	4.660122e-01	5.126175e-01	1.086957e+00
518	5.755011e-01	6.651588e-01	2.282853e+00
519	1.466646e-01	1.141511e-01	1.573522e+00
520	4.579233e-01	5.200244e-01	2.497802e+00
521	4.723797e-01	4.932832e-01	1.752320e+00
522	4.249293e-01	3.990747e-01	1.589155e+00
523	4.665982e-01	5.278834e-01	1.209086e+00
524	4.151347e-01	4.349907e-01	2.755740e+00
525	5.811927e-01	4.792060e-01	1.499267e+00
526	4.706163e-01	4.842347e-01	1.014656e+00
527	5.111331e-01	6.509868e-01	2.891549e+00
528	4.620738e-01	4.836084e-01	2.478261e+00
529	5.337857e-01	6.208649e-01	1.898876e+00
530	4.851403e-01	5.059724e-01	1.188569e+00
531	4.786235e-01	5.209240e-01	2.785051e+00
532	4.686268e-01	5.071752e-01	2.945286e+00
533	4.031081e-01	4.589777e-01	2.458720e+00
534	4.307981e-01	5.966884e-01	2.673669e+00
535	4.794577e-01	5.038301e-01	1.399609e+00
536	4.831390e-01	5.603724e-01	2.604299e+00
537	4.656914e-01	5.070271e-01	1.529555e+00
538	4.699175e-01	5.046671e-01	2.823156e+00
539	4.609136e-01	5.928277e-01	2.826087e+00
540	4.855049e-01	5.502937e-01	2.844651e+00
541	5.403966e-01	4.986237e-01	2.290669e+00
542	4.458823e-01	5.055561e-01	2.570103e+00
543	4.646605e-01	5.585500e-01	2.396190e+00
544	5.475985e-01	5.598109e-01	1.318515e+00
545	4.957853e-01	4.479083e-01	2.605276e+00
546	6.064659e-01	5.481337e-01	2.683439e+00
547	3.297601e-01	4.209005e-01	1.587201e+00
548	4.788144e-01	5.968872e-01	1.375183e+00
549	4.825633e-01	4.593473e-01	2.298486e+00
550	4.695776e-01	3.247797e-01	1.285296e+00
551	4.689630e-01	5.097173e-01	2.983390e+00
552	5.658256e-01	5.510308e-01	1.195408e+00
553	4.746566e-01	5.244321e-01	2.414753e+00
554	3.747940e-01	6.911598e-01	1.843185e+00
555	2.855577e-01	4.727212e-01	2.396190e+00
556	5.001319e-01	5.051157e-01	3.000000e+00
557	4.512807e-01	5.053782e-01	2.728383e+00
558	3.459698e-01	4.724020e-01	1.133854e+00
559	4.658228e-01	4.954545e-01	1.944797e+00
560	4.299414e-01	6.002292e-01	2.883732e+00
561	5.027962e-01	6.903893e-01	2.383488e+00
562	5.621793e-01	4.936576e-01	2.506595e+00
563	4.811473e-01	5.437430e-01	1.786517e+00
564	5.379547e-01	5.461630e-01	2.893503e+00
565	4.795425e-01	5.106881e-01	2.981436e+00
566	4.844762e-01	5.456763e-01	2.663898e+00
567	4.774549e-01	5.221253e-01	2.227162e+00
568	4.658041e-01	5.037779e-01	1.527601e+00
569	4.759749e-01	6.122678e-01	2.610161e+00
570	5.532917e-01	4.091123e-01	1.058622e+00
571	4.793358e-01	5.184606e-01	2.782120e+00
572	3.937194e-01	7.352090e-01	1.518808e+00
573	4.551047e-01	5.217328e-01	2.109917e+00
574	4.881528e-01	5.486424e-01	2.074744e+00
575	4.887753e-01	5.229316e-01	2.319003e+00
576	4.619484e-01	5.896857e-01	1.290181e+00
577	4.861539e-01	5.505573e-01	1.286273e+00
578	4.772524e-01	5.567271e-01	1.881290e+00
579	4.729399e-01	5.167312e-01	1.664387e+00
580	2.062984e-01	9.322737e-01	1.242306e+00
581	4.982461e-01	5.218402e-01	1.927211e+00
582	4.704232e-01	5.105445e-01	2.820225e+00
583	4.953579e-01	6.623773e-01	2.792868e+00
584	5.219870e-01	5.661299e-01	1.201270e+00
585	4.535959e-01	4.681743e-01	1.898876e+00
586	4.770769e-01	5.095743e-01	1.782609e+00
587	4.844221e-01	5.284064e-01	1.561798e+00
588	4.676255e-01	5.062031e-01	2.282853e+00
589	4.543719e-01	4.590450e-01	2.210552e+00
590	4.044910e-01	4.464197e-01	1.020518e+00
591	4.861876e-01	5.388247e-01	1.784563e+00
592	4.682746e-01	5.066044e-01	1.275525e+00
593	4.977660e-01	4.817043e-01	1.212995e+00
594	4.586603e-01	5.326884e-01	2.964827e+00
595	4.793176e-01	5.090929e-01	2.079629e+00
596	5.871213e-01	3.194259e-01	1.187592e+00
597	4.892369e-01	4.455933e-01	1.258915e+00
598	4.613758e-01	4.556073e-01	1.999511e+00
599	4.733158e-01	5.100431e-01	1.264778e+00
600	4.800927e-01	5.408647e-01	1.110405e+00
601	4.106540e-01	2.512344e-01	1.107474e+00
602	4.030134e-01	7.061180e-01	1.070347e+00
603	4.712783e-01	4.978334e-01	2.400098e+00
604	4.771838e-01	4.878461e-01	2.871031e+00
605	4.788411e-01	5.106063e-01	2.739130e+00
606	4.492668e-01	4.823152e-01	2.061065e+00
607	4.279187e-01	3.780182e-01	1.073278e+00
608	4.594552e-01	5.054995e-01	2.799707e+00
609	4.828558e-01	5.911467e-01	2.010259e+00
610	5.278324e-01	4.346090e-01	1.700537e+00
611	4.781443e-01	5.221543e-01	1.339033e+00
612	5.152593e-01	5.109859e-01	2.227162e+00
613	4.125275e-01	4.946492e-01	2.482169e+00
614	4.893856e-01	4.817515e-01	2.958964e+00
615	4.116187e-01	5.920144e-01	1.443576e+00
616	5.035222e-01	4.371578e-01	2.381534e+00
617	5.055551e-01	6.340492e-01	1.971177e+00
618	4.829212e-01	5.306998e-01	2.960918e+00
619	2.390244e-01	7.417132e-02	1.812897e+00
620	3.481717e-01	3.959709e-01	1.170982e+00
621	4.880286e-01	4.419043e-01	1.277479e+00
622	5.693499e-01	3.185952e-01	1.176844e+00
623	5.909246e-01	5.776135e-01	1.636053e+00
624	4.940043e-01	5.773181e-01	2.336590e+00
625	4.885806e-01	5.094459e-01	1.343918e+00
626	4.583790e-01	5.108194e-01	1.905716e+00
627	4.934352e-01	4.748590e-01	1.784563e+00
628	4.676569e-01	4.931030e-01	2.063996e+00
629	4.698790e-01	5.019921e-01	2.497802e+00
630	5.090821e-01	5.064717e-01	2.870054e+00
631	4.458901e-01	4.774476e-01	1.729849e+00
632	4.950093e-01	6.741308e-01	2.290669e+00
633	4.693083e-01	5.050753e-01	2.841720e+00
634	4.733900e-01	5.093855e-01	2.195896e+00
635	4.842503e-01	5.456320e-01	1.601856e+00
636	4.738061e-01	5.934765e-01	2.449927e+00
637	4.868867e-01	5.055180e-01	1.462140e+00
638	4.681859e-01	5.059906e-01	2.041524e+00
639	4.695864e-01	5.061595e-01	2.061065e+00
640	4.718966e-01	3.163660e-01	2.130435e+00
641	4.632324e-01	3.696149e-01	2.205667e+00
642	4.772818e-01	5.132312e-01	2.184172e+00
643	5.014526e-01	4.701087e-01	2.747924e+00
644	5.473678e-01	3.473811e-01	2.909135e+00
645	4.708818e-01	5.146346e-01	2.777235e+00
646	4.590528e-01	4.369673e-01	1.295066e+00
647	4.672672e-01	5.791097e-01	1.050806e+00
648	4.444763e-01	3.663352e-01	1.191500e+00
649	4.908208e-01	5.221418e-01	1.198339e+00
650	4.816225e-01	5.246664e-01	2.656082e+00
651	4.614930e-01	5.449906e-01	1.692721e+00
652	4.790722e-01	3.605980e-01	2.330728e+00
653	4.666890e-01	4.844506e-01	1.906693e+00
654	4.413370e-01	4.945689e-01	2.192965e+00
655	5.171735e-01	5.843540e-01	1.200293e+00
656	4.663456e-01	5.318803e-01	2.361016e+00
657	4.784109e-01	6.547880e-01	2.080606e+00
658	4.580573e-01	5.071409e-01	2.017098e+00
659	4.390709e-01	5.249615e-01	2.191011e+00
660	3.710578e-01	3.172369e-01	1.667318e+00
661	4.804606e-01	6.540461e-01	2.229116e+00
662	6.665843e-01	6.295152e-01	1.188569e+00
663	4.980710e-01	4.534889e-01	2.714704e+00
664	4.996262e-01	5.420440e-01	1.979971e+00
665	5.348836e-01	3.686821e-01	2.954079e+00
666	4.963111e-01	1.410015e-01	1.803127e+00
667	4.470835e-01	5.251371e-01	1.039082e+00
668	1.582991e-01	5.513871e-01	1.893014e+00
669	4.295399e-01	3.210185e-01	1.778701e+00
670	2.096439e-01	8.775132e-01	1.807035e+00
671	4.483168e-01	4.518908e-01	1.102589e+00
672	6.889880e-01	5.971826e-01	1.879336e+00
673	4.568783e-01	5.065242e-01	1.984856e+00
674	4.696245e-01	5.067724e-01	2.238886e+00
675	4.849130e-01	5.653571e-01	2.868100e+00
676	4.616035e-01	5.170504e-01	2.748901e+00
677	5.011016e-01	7.058753e-01	1.578407e+00
678	4.907509e-01	5.867741e-01	1.621397e+00
679	4.641510e-01	5.110372e-01	2.657059e+00
680	4.574518e-01	4.720846e-01	2.404983e+00
681	4.724249e-01	5.530197e-01	2.272106e+00
682	4.566824e-01	4.728742e-01	1.463117e+00
683	4.702461e-01	5.134661e-01	2.316072e+00
684	4.782172e-01	5.131762e-01	2.334636e+00
685	5.077958e-01	5.626343e-01	1.365413e+00
686	5.629238e-01	3.446711e-01	2.105032e+00
687	4.327857e-01	4.964762e-01	1.339033e+00
688	4.748587e-01	5.036901e-01	2.932584e+00
689	4.676481e-01	5.025602e-01	2.378603e+00
690	4.751844e-01	5.089163e-01	1.833415e+00
691	4.905887e-01	5.013488e-01	1.663410e+00
692	4.542143e-01	5.389877e-01	2.251588e+00
693	5.520778e-01	3.581237e-01	1.766976e+00
694	4.958667e-01	5.534819e-01	1.575476e+00
695	4.395425e-01	5.993609e-01	2.771373e+00
696	4.633391e-01	5.055532e-01	2.787005e+00
697	4.728112e-01	5.149505e-01	1.959453e+00
698	4.831518e-01	5.560989e-01	2.187103e+00
699	4.729990e-01	5.109164e-01	2.430386e+00
700	5.025994e-01	5.959740e-01	2.679531e+00
701	4.575978e-01	6.075073e-01	2.191988e+00
702	5.068898e-01	6.004267e-01	2.945286e+00
703	4.723100e-01	4.969111e-01	2.793845e+00
704	4.665611e-01	4.940183e-01	2.132389e+00
705	5.208181e-01	7.091229e-01	1.627259e+00
706	4.648257e-01	4.923923e-01	1.623351e+00
707	4.419310e-01	5.350739e-01	2.772350e+00
708	4.638455e-01	4.918625e-01	1.552027e+00
709	4.084661e-01	5.173863e-01	1.180752e+00
710	4.626125e-01	4.916818e-01	1.632145e+00
711	1.484231e-01	1.823696e-01	1.680997e+00
712	4.683226e-01	3.263145e-01	2.828041e+00
713	4.973422e-01	5.078426e-01	1.703468e+00
714	4.161539e-01	6.694869e-01	1.471910e+00
715	4.577784e-01	4.964053e-01	2.368832e+00
716	4.928391e-01	5.144523e-01	1.961407e+00
717	4.724061e-01	5.090934e-01	1.756229e+00
718	5.290064e-01	5.521356e-01	2.987298e+00
719	4.623195e-01	5.074939e-01	2.332682e+00
720	4.836514e-01	5.083635e-01	1.097704e+00
721	4.784906e-01	3.332192e-01	1.954568e+00
722	4.702872e-01	5.109488e-01	1.704446e+00
723	4.695193e-01	5.064126e-01	1.853933e+00
724	5.104054e-01	6.008985e-01	2.829995e+00
725	4.303487e-01	5.563268e-01	2.232047e+00
726	4.810144e-01	5.387573e-01	2.587689e+00
727	4.883340e-01	4.966811e-01	2.698095e+00
728	4.553160e-01	2.924044e-01	1.896922e+00
729	4.968770e-01	5.422461e-01	1.212995e+00
730	2.642732e-01	4.699862e-01	1.502198e+00
731	4.733222e-01	5.053942e-01	2.614069e+00
732	4.732430e-01	6.143462e-01	2.880801e+00
733	4.788826e-01	4.902437e-01	1.956522e+00
734	5.322372e-01	6.416493e-01	2.745970e+00
735	1.850822e-01	9.016681e-01	1.179775e+00
736	4.288158e-01	5.153037e-01	1.935027e+00
737	4.608712e-01	5.005210e-01	1.975085e+00
738	4.729407e-01	5.545156e-01	1.067416e+00
739	4.460600e-01	4.718457e-01	2.024915e+00
740	4.953893e-01	5.554741e-01	2.810454e+00
741	5.205014e-01	5.891627e-01	2.428432e+00
742	4.737082e-01	4.915392e-01	1.957499e+00
743	4.448567e-01	3.070230e-01	2.306302e+00
744	4.951274e-01	5.017908e-01	2.557401e+00
745	4.766568e-01	5.105665e-01	1.243283e+00
746	4.953876e-01	4.623583e-01	2.429409e+00
747	4.869941e-01	5.129243e-01	2.523205e+00
748	4.724263e-01	4.985595e-01	2.842697e+00
749	4.732201e-01	5.104327e-01	2.247680e+00
750	4.327751e-01	4.792494e-01	2.000489e+00
751	4.689160e-01	4.963105e-01	2.446019e+00
752	4.642435e-01	5.010306e-01	2.360039e+00
753	3.732089e-01	3.587218e-01	2.567171e+00
754	4.768478e-01	5.159732e-01	2.415730e+00
755	4.480167e-01	5.356431e-01	1.989741e+00
756	4.592309e-01	5.069954e-01	2.908158e+00
757	5.068563e-01	7.192660e-01	2.731314e+00
758	4.675190e-01	5.020134e-01	2.544700e+00
759	4.684209e-01	5.061859e-01	2.890572e+00
760	4.687704e-01	5.054044e-01	1.654617e+00
761	4.696423e-01	5.005930e-01	1.008793e+00
762	4.901363e-01	5.478028e-01	1.260870e+00
763	4.568541e-01	5.973274e-01	1.347826e+00
764	4.772443e-01	5.001981e-01	1.325354e+00
765	4.803226e-01	4.912686e-01	1.420127e+00
766	4.793003e-01	3.814316e-01	2.845628e+00
767	4.929873e-01	4.856498e-01	1.853933e+00
768	4.785813e-01	5.136445e-01	1.303859e+00
769	5.188898e-01	6.427566e-01	1.294089e+00
770	3.070968e-01	6.034681e-01	1.675134e+00
771	4.096290e-01	5.353284e-01	2.417684e+00
772	4.756626e-01	5.288474e-01	2.053249e+00
773	4.627889e-01	5.186944e-01	1.276502e+00
774	5.661629e-01	6.210214e-01	2.779189e+00
775	4.128375e-01	3.124341e-01	1.984856e+00
776	3.504471e-01	6.900081e-01	2.295554e+00
777	4.739075e-01	5.147108e-01	1.652662e+00
778	4.727415e-01	4.907384e-01	2.464582e+00
779	4.735401e-01	5.056290e-01	1.763068e+00
780	4.629256e-01	4.817090e-01	2.026869e+00
781	4.928241e-01	7.290313e-01	1.160234e+00
782	4.845724e-01	5.166821e-01	2.302394e+00
783	5.003811e-01	5.354384e-01	1.384954e+00
784	4.726817e-01	5.098034e-01	2.598437e+00
785	4.277558e-01	5.377591e-01	2.130435e+00
786	4.512317e-01	5.095941e-01	1.690767e+00
787	4.415416e-01	5.179991e-01	1.940889e+00
788	4.698537e-01	5.068597e-01	2.099170e+00
