761
0	8.755522e-01	4.245267e-01	1.398632e+00
1	6.387731e-01	4.104089e-01	1.108451e+00
2	6.071139e-01	4.032638e-01	2.925745e+00
3	8.146954e-01	2.341336e-01	2.732291e+00
4	8.781101e-01	4.058168e-02	1.257938e+00
5	6.104449e-01	4.019625e-01	2.424524e+00
7	4.386002e-01	6.272967e-01	2.705911e+00
8	5.537845e-01	2.128692e-01	2.442110e+00
9	5.905481e-01	2.965168e-01	2.233024e+00
10	5.856742e-01	4.264292e-01	2.376649e+00
11	5.687831e-01	2.245429e-01	1.556913e+00
13	5.050561e-01	7.907927e-01	1.066439e+00
14	2.914738e-01	3.699244e-01	1.626282e+00
15	6.985176e-01	1.365207e-01	1.306790e+00
16	5.462019e-01	4.234549e-01	2.902296e+00
17	6.406672e-01	3.217583e-01	1.195408e+00
18	5.852348e-01	4.113219e-01	1.785540e+00
19	6.006500e-01	4.143950e-01	1.248168e+00
20	5.805531e-01	3.931397e-01	1.863703e+00
21	2.270219e-01	1.598041e-01	2.671715e+00
22	5.821387e-01	3.828182e-01	2.487054e+00
23	6.609018e-01	2.442563e-01	1.946751e+00
24	1.654831e-01	7.976927e-01	1.303859e+00
25	9.431562e-01	3.056045e-02	2.152907e+00
26	6.174536e-01	3.339080e-01	1.388862e+00
27	6.006258e-01	2.686715e-01	1.591109e+00
28	4.494726e-01	6.242975e-01	2.205667e+00
29	3.989061e-01	3.360599e-01	2.181241e+00
30	7.640351e-01	1.699962e-01	1.475818e+00
31	6.136347e-01	3.908284e-01	2.309233e+00
32	4.705719e-01	1.819838e-01	2.073766e+00
33	4.286051e-01	6.403059e-01	2.331705e+00
34	5.782338e-01	3.498021e-01	1.126038e+00
35	6.366429e-02	7.749817e-01	2.235955e+00
37	5.745569e-01	2.093890e-01	2.555447e+00
38	5.613772e-01	2.562125e-01	2.559355e+00
39	6.219782e-01	3.641563e-01	1.895945e+00
40	2.834617e-01	6.446867e-01	1.282364e+00
41	6.015167e-01	4.392168e-01	2.750855e+00
42	6.024439e-01	2.979478e-01	2.412799e+00
43	5.404338e-01	3.784812e-01	2.557401e+00
44	5.467983e-01	2.918175e-01	1.648754e+00
45	5.851656e-01	1.010984e-01	1.721055e+00
46	6.020338e-01	4.035816e-01	2.588666e+00
47	5.118473e-01	3.876946e-01	1.525647e+00
48	6.240138e-01	3.304363e-01	2.751832e+00
50	7.722349e-01	1.461533e-01	1.663410e+00
51	5.991287e-01	3.790197e-01	2.560332e+00
52	2.789747e-01	5.800624e-01	1.696629e+00
53	4.015356e-01	5.404898e-01	1.506106e+00
54	6.001545e-01	3.369691e-01	2.675623e+00
55	5.423158e-01	2.199881e-01	2.497802e+00
57	8.600560e-01	2.785143e-02	2.361993e+00
58	8.366900e-01	2.384433e-01	1.866634e+00
59	5.628751e-01	5.693761e-02	2.930630e+00
60	6.188897e-01	3.257797e-01	1.503175e+00
61	5.719153e-01	2.240781e-01	2.449927e+00
62	5.779207e-01	3.480228e-01	2.831949e+00
63	5.574890e-01	2.833478e-01	2.317049e+00
64	6.148269e-01	3.337586e-01	2.353200e+00
65	5.881587e-01	2.948157e-01	2.575965e+00
66	7.096972e-01	2.123968e-01	2.922814e+00
67	2.893243e-01	5.710928e-01	2.289692e+00
68	4.141336e-01	3.379556e-01	2.766488e+00
69	6.028552e-01	2.970822e-01	1.522716e+00
70	1.458638e-01	2.454258e-01	2.769419e+00
71	5.678108e-01	2.675100e-01	1.110405e+00
72	3.441462e-01	3.355445e-01	1.412311e+00
73	5.349860e-01	4.346303e-01	1.951637e+00
74	3.861850e-01	6.988617e-01	1.449438e+00
75	5.350162e-01	3.880001e-01	2.176356e+00
76	5.870775e-01	2.941509e-01	1.212995e+00
77	5.797181e-01	3.926660e-01	1.872496e+00
78	5.706496e-01	2.697173e-01	1.606742e+00
79	8.050874e-01	9.393292e-01	1.183683e+00
80	6.273260e-01	3.490960e-01	2.736199e+00
81	5.869770e-01	3.760346e-01	1.617489e+00
82	3.647930e-01	3.986626e-01	2.456766e+00
83	6.648211e-01	7.987335e-01	1.406448e+00
84	2.900228e-03	4.563299e-01	2.453835e+00
85	4.650320e-01	3.777865e-01	2.712750e+00
86	6.064148e-01	3.116231e-01	2.877870e+00
88	2.001838e-01	1.596286e-01	2.169516e+00
89	5.951216e-01	4.972960e-01	2.483146e+00
90	6.428179e-01	3.452443e-01	1.538349e+00
91	4.969903e-01	4.216310e-01	1.117245e+00
92	5.742332e-01	3.034897e-01	2.709819e+00
93	5.777092e-01	3.050227e-01	2.929653e+00
94	5.975263e-01	2.965125e-01	2.125550e+00
95	6.866133e-01	3.148121e-01	2.148999e+00
96	5.941650e-01	3.075622e-01	1.206155e+00
97	5.585216e-01	4.597895e-01	2.689301e+00
98	5.424240e-01	4.088862e-01	1.997557e+00
99	4.408939e-01	3.394820e-01	1.753298e+00
100	5.831818e-01	2.334885e-01	1.491451e+00
101	5.708335e-01	4.634915e-01	2.381534e+00
102	1.941129e-01	5.964424e-02	1.837323e+00
103	5.646297e-01	2.000544e-01	2.723498e+00
104	8.379505e-01	7.234267e-01	1.216903e+00
105	2.508098e-01	3.853200e-01	1.385931e+00
106	5.325465e-01	4.186482e-01	1.094773e+00
107	5.757050e-01	2.852660e-01	1.887152e+00
108	6.976908e-01	4.044738e-01	1.869565e+00
109	6.378085e-01	4.128959e-01	2.657059e+00
110	5.973165e-01	3.625873e-01	1.905716e+00
111	9.405417e-01	2.980694e-01	2.319980e+00
112	4.808255e-01	4.401152e-01	1.549096e+00
113	5.486098e-01	4.404080e-01	1.155349e+00
114	5.603756e-01	2.557702e-01	1.261847e+00
115	5.861776e-01	4.117909e-01	1.308745e+00
116	1.433404e-01	3.088213e-01	1.148510e+00
117	5.895853e-01	2.809473e-01	1.865657e+00
118	6.435402e-01	2.706078e-01	2.988276e+00
119	4.826748e-01	3.862935e-01	1.479726e+00
120	7.457503e-01	2.365136e-01	2.095261e+00
121	6.394375e-01	3.460389e-01	2.442110e+00
123	4.790351e-01	3.135027e-01	1.417196e+00
124	6.015374e-01	3.802503e-01	2.817294e+00
125	6.223055e-01	2.974415e-01	1.164143e+00
126	6.441471e-01	3.435481e-01	2.738153e+00
127	4.323300e-01	5.147819e-01	2.338544e+00
128	5.440501e-01	4.730823e-02	1.282364e+00
129	5.550833e-01	2.412304e-01	2.676600e+00
130	5.423886e-01	4.561088e-02	2.443087e+00
131	7.972095e-01	1.268162e-01	2.375672e+00
132	6.964977e-01	3.875438e-01	1.220811e+00
133	5.914106e-01	3.585958e-01	2.407914e+00
134	7.675807e-01	2.560393e-01	2.277968e+00
135	5.112345e-01	4.045200e-01	2.409868e+00
136	5.590318e-01	4.182764e-01	2.083537e+00
137	7.359743e-01	2.063742e-01	2.286761e+00
138	5.719135e-01	3.632474e-01	1.194431e+00
139	5.645778e-01	4.100992e-01	2.818271e+00
140	8.237930e-01	2.954271e-01	2.827064e+00
141	6.066641e-01	3.555894e-01	1.684905e+00
142	5.552129e-01	3.637994e-01	1.999511e+00
143	5.663048e-01	2.625515e-01	1.956522e+00
144	3.849620e-01	3.912369e-01	2.323889e+00
145	6.010996e-01	3.647819e-01	2.501710e+00
146	6.334513e-01	4.300063e-01	2.395213e+00
147	3.272692e-01	2.873967e-01	2.719590e+00
148	5.930753e-01	3.856479e-01	2.937469e+00
149	9.615073e-01	3.163631e-02	2.803615e+00
150	4.898168e-01	4.055310e-01	1.794333e+00
151	3.745162e-01	3.797943e-01	2.611138e+00
152	5.844052e-01	4.181521e-01	1.724963e+00
153	6.135372e-01	3.407414e-01	1.983879e+00
154	5.789463e-01	2.896275e-01	2.181241e+00
155	6.023787e-01	3.974349e-01	1.295066e+00
156	4.181895e-01	8.481046e-01	1.970200e+00
157	5.808505e-01	3.937495e-01	2.387396e+00
158	3.210843e-01	3.788158e-01	2.386419e+00
159	4.375747e-01	6.652646e-01	2.647289e+00
160	5.737227e-01	2.747730e-01	1.686859e+00
161	1.337784e-01	4.437632e-01	1.553981e+00
162	6.026022e-01	2.846786e-01	1.764045e+00
163	3.980518e-01	5.761325e-01	1.632145e+00
164	5.820339e-01	4.343038e-01	1.235467e+00
165	5.929634e-01	2.822842e-01	2.251588e+00
166	7.364038e-01	2.748221e-01	1.751343e+00
167	1.224004e-01	5.023717e-01	1.715193e+00
168	6.055524e-01	3.213915e-01	2.109917e+00
169	5.987039e-01	3.601571e-01	2.137274e+00
170	7.366806e-01	2.065562e-01	2.099170e+00
171	6.812841e-01	2.735082e-01	2.057157e+00
172	6.458234e-01	3.407452e-01	2.246702e+00
173	5.458447e-01	4.059858e-01	1.894968e+00
174	8.953046e-01	3.543333e-01	2.453835e+00
175	5.874757e-01	4.802488e-01	2.834880e+00
176	4.355644e-01	5.819955e-01	2.215437e+00
177	5.929717e-01	2.926316e-01	2.153884e+00
178	5.430751e-01	2.907873e-01	2.475330e+00
180	3.278279e-01	3.979556e-01	2.127504e+00
181	6.103020e-01	2.991027e-01	1.790425e+00
182	3.907802e-01	2.691594e-02	1.736688e+00
184	5.763996e-01	4.370349e-01	2.042501e+00
186	6.350097e-01	3.504677e-01	1.784563e+00
187	8.511732e-01	7.787938e-01	2.653151e+00
188	6.196904e-01	3.308793e-01	1.839277e+00
189	6.115864e-01	3.268188e-01	1.175867e+00
190	3.974230e-01	3.427978e-01	2.807523e+00
191	4.207608e-01	6.214807e-01	2.811431e+00
192	7.109875e-01	2.135146e-01	1.192477e+00
193	6.391760e-01	3.544949e-01	1.620420e+00
194	6.903110e-01	3.630225e-01	2.624817e+00
195	6.139847e-01	2.980505e-01	2.806546e+00
196	6.609093e-01	3.333893e-01	1.763068e+00
197	3.875575e-01	3.810195e-01	2.060088e+00
198	8.422844e-01	1.648672e-01	2.458720e+00
199	7.738312e-01	2.567418e-01	2.463605e+00
200	5.673303e-01	4.544347e-01	1.141671e+00
201	7.230327e-01	3.500392e-01	1.146556e+00
202	7.656747e-01	2.385137e-01	1.395701e+00
203	5.802875e-01	2.419544e-01	1.755252e+00
204	2.841788e-01	3.772965e-01	2.901319e+00
205	8.590474e-01	4.254556e-02	2.123596e+00
206	5.571771e-01	4.607752e-01	1.652662e+00
207	3.155445e-01	5.738888e-01	1.199316e+00
208	5.567387e-01	3.806855e-01	2.170493e+00
210	4.581421e-01	6.694763e-01	1.545188e+00
211	6.072587e-01	4.262046e-01	1.376160e+00
212	4.591862e-01	5.125727e-01	1.621397e+00
213	5.994908e-01	2.390564e-01	1.883244e+00
214	5.859185e-01	2.835518e-01	1.612604e+00
215	6.009922e-01	3.153836e-01	2.909135e+00
216	5.923506e-01	2.900034e-01	1.354665e+00
217	5.417635e-01	3.718013e-01	2.770396e+00
218	6.527615e-01	4.102113e-01	2.148999e+00
219	6.207901e-01	4.425161e-01	2.624817e+00
220	3.889842e-01	3.417155e-01	2.697118e+00
221	6.450025e-01	3.404159e-01	1.938935e+00
222	2.124929e-01	5.166593e-01	1.854910e+00
223	1.875115e-01	1.673999e-01	2.625794e+00
224	5.362564e-01	1.456918e-01	2.984367e+00
225	8.157573e-01	1.112093e-01	2.693210e+00
226	5.862989e-01	2.621253e-01	2.276014e+00
227	6.003770e-01	2.463874e-01	1.245237e+00
228	4.884836e-01	3.766265e-01	1.489497e+00
229	4.690474e-01	5.123931e-01	2.305325e+00
230	3.057054e-01	3.998067e-01	2.689301e+00
231	5.646599e-01	2.279621e-01	1.346849e+00
232	5.799586e-01	2.992045e-01	2.447973e+00
233	5.772913e-01	4.051062e-01	1.591109e+00
234	5.253668e-01	3.844047e-01	1.931119e+00
235	5.620725e-01	3.680714e-01	2.687347e+00
236	5.906064e-01	3.798355e-01	2.787982e+00
237	6.416435e-01	3.644361e-01	1.510015e+00
238	5.240378e-01	2.830685e-01	2.193942e+00
239	5.025401e-01	2.086828e-01	2.918906e+00
240	4.009313e-01	5.124295e-01	1.734734e+00
241	6.004231e-01	4.257814e-01	1.119199e+00
242	5.148874e-01	3.214201e-01	1.631168e+00
243	4.796512e-01	3.935771e-01	1.258915e+00
244	5.929312e-01	3.715754e-01	2.458720e+00
245	3.436882e-01	2.453831e-01	2.134343e+00
246	6.060854e-01	3.295256e-01	2.662921e+00
247	6.085956e-01	3.330451e-01	2.924768e+00
248	4.695898e-01	3.133706e-01	2.983390e+00
249	6.971626e-01	1.675013e-01	2.305325e+00
250	5.778509e-01	4.399917e-01	2.763556e+00
251	6.750238e-01	2.095073e-01	2.374695e+00
252	2.294949e-01	2.716220e-01	1.703468e+00
253	4.774406e-01	4.105248e-01	1.246214e+00
254	5.867109e-01	3.458601e-01	2.925745e+00
255	5.663254e-01	2.616446e-01	1.857841e+00
256	5.719682e-01	2.870156e-01	2.601368e+00
257	6.222106e-01	2.824935e-01	2.413776e+00
258	3.657313e-01	3.283929e-01	2.569126e+00
259	5.609853e-01	3.881049e-01	1.865657e+00
260	6.160134e-01	2.953467e-01	2.574988e+00
261	5.792347e-01	3.243018e-01	1.598925e+00
262	3.187079e-01	7.914258e-01	2.264289e+00
264	5.712690e-01	2.029231e-01	1.061553e+00
265	6.125873e-01	2.732087e-01	2.526136e+00
266	7.618163e-01	2.426438e-01	1.928188e+00
267	5.820889e-01	2.775702e-01	2.006351e+00
268	6.132014e-01	2.336728e-01	1.041036e+00
269	6.162218e-01	1.634267e-01	1.793356e+00
270	8.823873e-01	6.801056e-03	1.860772e+00
271	3.239674e-01	6.645699e-02	1.389839e+00
272	5.213337e-01	5.330774e-01	1.052760e+00
273	8.825400e-01	7.328244e-03	1.156326e+00
274	1.511000e-01	1.597038e-03	1.981925e+00
275	5.541906e-01	4.537420e-02	2.256473e+00
276	7.732838e-01	1.803687e-01	2.368832e+00
277	6.153955e-01	2.675257e-01	2.024915e+00
278	5.300048e-01	3.893540e-02	1.266732e+00
279	2.337934e-01	4.007170e-01	1.348803e+00
280	2.153164e-01	6.487757e-02	2.472399e+00
281	7.751597e-02	3.974996e-01	2.288715e+00
282	6.050511e-01	3.493846e-01	2.745970e+00
283	2.772280e-01	6.462801e-01	2.490962e+00
284	1.557558e-01	2.294997e-02	2.515388e+00
286	5.890393e-01	2.692832e-01	2.662921e+00
287	5.814198e-01	3.734831e-01	2.264289e+00
288	3.932530e-01	4.322831e-01	2.905227e+00
289	2.162397e-01	8.294863e-02	1.058622e+00
290	4.120214e-01	4.060783e-01	2.152907e+00
291	6.828102e-01	1.428022e-01	2.784074e+00
292	6.008021e-01	3.764258e-01	2.445042e+00
293	5.249943e-01	4.839104e-01	2.852467e+00
294	6.074329e-01	3.478287e-01	2.070835e+00
295	4.859480e-01	2.709558e-01	1.406448e+00
296	6.250496e-01	3.094702e-01	1.751343e+00
297	6.877924e-01	2.147254e-01	2.077675e+00
298	5.961000e-01	4.259751e-01	1.601856e+00
299	2.314210e-01	7.563244e-01	2.048363e+00
300	1.720307e-01	1.738297e-01	2.781143e+00
301	6.016766e-01	3.781244e-01	2.779189e+00
302	7.569672e-01	2.557881e-01	2.617978e+00
304	5.678804e-01	4.375360e-01	1.948705e+00
305	5.927088e-01	2.810545e-01	1.416219e+00
306	4.400103e-01	5.362586e-01	1.745481e+00
307	5.848154e-01	4.790636e-01	2.291646e+00
308	1.613541e-01	4.061010e-01	1.868588e+00
309	7.228997e-01	2.867369e-01	2.511480e+00
310	5.792237e-01	3.533662e-01	2.596483e+00
311	7.387582e-01	1.671449e-01	2.855398e+00
312	6.313242e-01	3.400559e-01	1.312653e+00
313	8.784011e-01	2.815246e-02	1.787494e+00
314	6.209078e-01	3.323607e-01	2.252565e+00
315	5.840241e-01	3.716477e-01	1.978017e+00
316	5.839792e-01	3.154643e-01	2.965804e+00
317	5.758029e-01	2.427920e-01	2.221299e+00
318	4.720255e-01	5.985189e-01	1.701514e+00
319	7.308225e-01	5.119282e-01	1.135809e+00
320	5.844760e-01	4.272073e-01	2.997069e+00
321	7.058158e-01	1.651121e-01	2.470445e+00
322	2.006892e-01	1.604718e-01	2.362970e+00
323	5.904404e-01	2.799513e-01	2.553493e+00
324	5.706710e-01	4.033825e-01	1.347826e+00
325	2.229779e-01	1.027380e-01	2.896434e+00
326	6.073755e-01	3.028054e-01	1.857841e+00
327	5.295493e-01	2.877500e-01	1.669272e+00
328	5.910720e-01	2.421541e-01	1.726917e+00
329	5.793847e-01	4.486008e-01	2.604299e+00
330	6.068651e-01	4.043302e-01	2.089399e+00
331	4.821364e-01	4.681761e-01	1.552027e+00
332	8.235476e-01	2.514481e-01	1.769907e+00
333	5.895788e-01	2.982339e-01	1.382022e+00
334	8.842385e-01	2.245429e-02	2.510503e+00
335	5.725406e-01	3.550924e-01	1.640938e+00
336	5.471047e-01	4.853320e-01	2.933561e+00
337	6.237986e-01	3.870721e-01	1.033219e+00
338	5.977955e-01	5.147909e-01	1.408403e+00
339	6.075792e-01	4.393947e-01	2.767465e+00
340	5.923050e-01	2.741330e-01	1.526624e+00
341	8.903269e-01	8.483173e-03	1.456277e+00
342	5.391380e-01	3.783506e-01	1.054714e+00
343	5.588440e-01	3.123461e-01	2.601368e+00
344	1.139435e-01	9.642226e-04	2.193942e+00
345	6.884723e-01	2.576725e-01	2.321935e+00
346	3.391017e-01	3.563976e-01	1.564729e+00
347	3.865666e-01	3.881369e-01	1.679043e+00
349	5.552349e-01	3.753090e-01	2.564240e+00
350	4.365560e-01	5.567573e-01	2.311187e+00
351	1.806759e-01	8.084688e-01	1.297997e+00
352	5.798546e-01	2.698391e-01	2.873962e+00
353	1.270419e-01	5.376649e-01	2.202736e+00
354	5.935934e-01	2.768968e-01	2.653151e+00
355	4.448942e-01	5.369106e-01	2.461651e+00
356	5.930263e-01	2.933606e-01	1.679043e+00
357	4.431800e-01	3.939976e-01	2.991207e+00
358	6.672375e-01	9.013583e-02	2.857352e+00
359	7.270062e-01	1.913700e-01	1.913532e+00
360	6.653000e-01	5.089190e-01	1.216903e+00
361	5.104865e-01	5.056594e-01	1.214949e+00
362	4.778024e-01	3.220703e-01	1.005862e+00
363	7.329196e-01	2.381476e-01	2.227162e+00
364	4.937412e-01	3.234667e-01	1.723009e+00
365	4.644383e-01	5.073174e-01	1.491451e+00
366	2.669362e-01	6.445398e-01	1.692721e+00
367	6.009620e-01	3.723331e-01	1.154372e+00
368	5.569141e-01	3.800415e-01	1.851001e+00
369	5.999505e-01	2.919153e-01	2.418661e+00
370	7.355620e-01	2.041042e-01	1.874450e+00
372	6.216271e-01	3.061119e-01	2.199805e+00
373	4.889695e-01	1.043092e-02	2.208598e+00
374	6.222610e-01	3.307313e-01	1.322423e+00
376	4.074018e-01	3.257387e-01	1.815828e+00
377	5.919098e-01	3.932420e-01	1.328285e+00
378	5.756039e-01	3.053240e-01	1.883244e+00
379	7.705116e-01	8.313092e-01	1.599902e+00
380	6.318512e-01	6.357294e-01	2.343429e+00
381	2.525963e-01	4.425803e-01	1.835369e+00
382	2.041019e-01	8.154294e-01	1.065462e+00
383	6.118602e-01	3.174799e-01	1.698583e+00
384	4.062538e-01	2.778883e-01	2.761602e+00
385	5.291687e-01	4.286017e-01	1.961407e+00
386	4.966003e-01	3.205797e-01	2.449927e+00
387	6.231826e-01	3.121161e-01	2.669761e+00
388	1.623882e-01	1.566699e-01	2.597460e+00
389	4.941384e-01	5.943259e-01	2.960918e+00
390	6.112163e-01	3.829916e-01	1.655594e+00
391	6.698103e-01	5.092520e-01	2.572057e+00
392	5.929513e-01	2.915750e-01	1.234489e+00
393	5.889637e-01	2.725844e-01	1.607719e+00
394	5.713816e-01	3.261365e-01	2.643381e+00
395	4.721703e-01	4.677628e-01	1.233512e+00
396	4.834974e-01	4.584331e-01	2.058134e+00
397	2.022155e-02	7.767647e-01	1.083048e+00
398	5.107236e-01	4.838505e-01	2.453835e+00
399	6.157393e-01	3.406801e-01	2.169516e+00
400	6.355941e-01	3.513021e-01	1.634099e+00
401	1.163643e-01	4.769195e-01	1.314607e+00
402	6.111045e-01	3.565294e-01	2.292623e+00
403	6.501513e-01	4.959784e-01	1.759160e+00
404	4.240162e-01	1.203788e-01	2.942355e+00
405	5.706226e-01	1.872472e-01	1.358574e+00
406	5.815483e-01	2.712034e-01	1.474841e+00
407	3.201289e-01	3.563687e-01	2.850513e+00
408	3.428478e-01	3.866922e-01	2.543723e+00
409	6.036243e-01	3.042128e-01	1.170005e+00
410	5.502668e-01	3.706222e-01	2.011236e+00
411	5.287120e-01	5.848822e-01	2.982413e+00
412	3.580442e-01	4.338968e-01	1.578407e+00
413	5.836959e-01	1.664859e-01	2.904250e+00
414	5.726011e-01	2.868178e-01	2.948217e+00
415	6.000984e-01	3.002260e-01	1.856864e+00
416	5.956592e-01	5.445441e-01	1.780655e+00
417	3.987222e-01	3.900973e-01	1.223742e+00
418	5.953273e-01	3.142343e-01	2.928676e+00
419	5.263470e-01	3.836580e-01	1.055691e+00
420	5.964778e-01	3.119286e-01	2.823156e+00
421	6.118054e-01	3.119524e-01	2.886663e+00
422	5.761155e-01	2.927149e-01	1.391793e+00
423	1.847774e-01	6.488003e-01	1.467025e+00
424	5.809753e-01	4.882790e-01	1.512946e+00
425	3.170532e-01	3.666892e-01	1.960430e+00
426	3.222695e-01	3.671431e-01	2.254519e+00
427	1.873567e-01	1.636883e-01	2.899365e+00
428	6.204584e-01	3.449676e-01	1.247191e+00
429	5.200173e-01	3.902965e-01	1.802149e+00
430	5.143013e-01	2.797269e-01	1.663410e+00
431	2.539157e-01	8.574233e-02	2.556424e+00
432	3.244209e-01	3.528877e-01	2.947240e+00
433	4.898975e-01	4.497232e-01	2.475330e+00
434	6.006738e-01	3.935244e-01	2.923791e+00
435	5.766867e-01	2.368463e-01	2.906204e+00
436	1.066039e-01	8.704789e-01	2.668784e+00
437	5.577306e-01	3.778673e-01	2.476307e+00
438	6.309601e-01	3.455381e-01	2.065950e+00
439	5.820322e-01	4.441025e-01	1.983879e+00
440	3.976163e-01	4.342691e-01	1.637030e+00
441	5.438372e-01	5.702864e-01	1.338056e+00
442	6.561365e-01	3.885892e-01	2.406937e+00
443	6.879855e-01	3.645458e-01	1.422081e+00
444	5.588320e-01	4.327976e-01	2.956033e+00
445	5.499460e-01	2.918475e-01	2.601368e+00
446	5.807468e-01	2.553786e-01	1.846116e+00
447	5.867306e-01	2.676272e-01	1.264778e+00
448	7.311601e-01	2.098377e-01	1.119199e+00
449	6.675779e-01	5.210644e-01	1.956522e+00
450	5.218601e-01	4.774607e-01	2.971666e+00
451	5.921497e-01	3.021553e-01	2.149976e+00
452	4.602930e-01	4.996416e-01	1.574499e+00
453	6.116640e-01	4.854729e-01	1.775769e+00
454	7.192027e-01	5.772711e-01	1.542257e+00
455	6.087712e-01	3.370985e-01	2.984367e+00
456	6.108376e-01	2.691908e-01	1.577430e+00
457	5.106867e-01	3.870692e-01	2.955056e+00
458	6.329867e-01	5.976164e-01	2.865169e+00
459	3.355742e-01	5.570900e-01	1.672203e+00
460	5.373539e-01	4.456987e-02	1.198339e+00
461	3.762173e-01	2.153441e-03	2.513434e+00
462	5.753633e-01	4.722136e-01	1.853933e+00
463	2.530616e-01	3.148705e-01	2.858329e+00
464	4.932791e-01	3.210188e-01	1.574499e+00
465	7.432713e-01	2.108438e-01	1.432829e+00
466	5.781381e-01	3.834736e-01	1.500244e+00
468	5.856736e-01	3.591719e-01	2.147044e+00
469	5.792520e-01	3.118028e-01	2.698095e+00
470	5.467019e-01	3.731508e-01	1.364436e+00
471	6.870199e-01	1.221822e-01	2.076698e+00
472	5.835921e-01	3.836600e-01	2.011236e+00
474	5.937425e-01	2.860034e-01	2.299463e+00
475	5.763824e-01	2.751604e-01	1.683928e+00
476	6.057364e-01	3.162871e-01	2.081583e+00
477	4.402367e-01	1.882719e-01	2.350269e+00
478	4.003026e-01	3.488564e-01	2.728383e+00
479	6.434075e-01	3.219040e-01	1.194431e+00
480	4.626517e-01	3.462870e-01	2.515388e+00
481	5.063765e-01	5.123962e-01	1.865657e+00
483	6.442565e-01	3.448591e-01	1.367367e+00
484	6.098409e-01	4.023119e-01	1.148510e+00
486	6.361521e-01	3.483130e-01	2.196873e+00
487	5.206620e-01	4.338426e-01	2.386419e+00
488	8.675838e-01	2.040858e-01	1.294089e+00
489	5.918451e-01	2.995742e-01	1.687836e+00
490	7.435043e-01	2.185996e-01	1.146556e+00
491	6.309551e-01	6.070482e-01	1.597948e+00
492	7.141151e-01	2.056846e-01	2.412799e+00
493	8.680014e-01	1.232583e-01	1.227650e+00
494	4.127418e-01	3.569470e-01	2.522228e+00
495	6.813679e-01	2.737415e-01	1.437714e+00
496	6.178813e-01	3.197474e-01	1.523693e+00
497	6.165339e-01	2.264104e-01	1.221788e+00
498	2.185266e-01	2.225439e-01	1.652662e+00
499	4.790206e-01	3.294446e-01	1.269663e+00
500	5.719998e-01	3.254435e-01	2.967758e+00
501	5.847411e-01	3.201659e-01	2.546654e+00
502	1.507004e-01	7.524945e-01	1.818759e+00
503	5.853712e-01	2.808924e-01	1.919394e+00
504	5.403652e-01	3.725722e-01	2.563263e+00
505	4.296868e-01	8.559328e-01	1.451392e+00
506	1.979961e-01	3.950917e-01	1.718124e+00
507	6.166441e-01	2.746235e-01	1.207132e+00
508	5.928393e-01	2.841528e-01	1.236444e+00
509	5.509664e-01	2.868719e-01	2.622863e+00
510	4.529478e-01	5.743576e-01	2.549585e+00
511	5.696980e-01	3.203330e-01	2.966781e+00
512	6.108873e-01	8.491738e-02	2.395213e+00
513	3.397887e-01	3.539424e-01	1.534441e+00
515	7.197771e-01	2.830571e-01	1.610650e+00
516	8.886999e-01	1.345621e-01	1.612604e+00
517	6.001083e-01	3.187540e-01	1.086957e+00
518	6.515931e-01	4.095027e-01	2.282853e+00
519	1.865442e-01	1.238605e-01	1.573522e+00
520	6.030688e-01	4.025666e-01	2.497802e+00
521	5.900886e-01	3.835862e-01	1.752320e+00
522	3.622417e-01	4.461665e-01	1.589155e+00
523	7.490476e-01	1.880337e-01	1.209086e+00
524	5.185616e-01	3.357091e-01	2.755740e+00
525	3.147503e-01	3.924360e-01	1.499267e+00
526	5.959545e-01	2.653467e-01	1.014656e+00
527	6.408616e-01	2.092551e-01	2.891549e+00
528	5.464846e-01	2.272011e-01	2.478261e+00
529	6.273019e-01	4.128590e-01	1.898876e+00
530	5.455921e-01	3.675032e-01	1.188569e+00
531	5.974046e-01	2.723001e-01	2.785051e+00
532	5.930030e-01	2.725297e-01	2.945286e+00
533	6.028073e-01	2.975468e-01	2.458720e+00
534	3.337276e-01	2.546758e-01	2.673669e+00
535	5.748580e-01	2.710286e-01	1.399609e+00
536	6.440417e-01	3.094853e-01	2.604299e+00
537	2.951294e-01	4.339559e-01	1.529555e+00
538	5.838697e-01	4.391275e-01	2.823156e+00
539	2.378568e-01	5.784650e-02	2.826087e+00
540	7.347782e-01	2.542735e-01	2.844651e+00
541	4.269186e-01	5.470799e-01	2.290669e+00
542	2.469311e-01	3.807191e-01	2.570103e+00
543	5.621725e-01	2.357218e-01	2.396190e+00
544	4.585667e-01	5.944581e-01	1.318515e+00
545	5.631607e-01	4.174429e-01	2.605276e+00
546	5.733841e-01	4.112221e-01	2.683439e+00
547	2.431729e-01	2.701254e-01	1.587201e+00
548	7.328855e-01	2.889492e-01	1.375183e+00
549	5.990112e-01	2.511962e-01	2.298486e+00
551	6.251102e-01	3.224484e-01	2.983390e+00
552	4.000169e-02	4.895506e-01	1.195408e+00
553	5.745052e-01	2.751941e-01	2.414753e+00
554	1.146288e-01	4.660757e-01	1.843185e+00
555	3.267266e-01	5.932727e-01	2.396190e+00
556	5.637260e-01	3.779345e-01	3.000000e+00
557	6.086496e-01	3.567756e-01	2.728383e+00
558	5.266246e-01	4.233938e-01	1.133854e+00
559	5.621301e-01	3.902061e-01	1.944797e+00
560	3.186840e-01	2.754986e-01	2.883732e+00
561	5.786984e-01	4.744987e-01	2.383488e+00
562	1.046586e-01	5.432151e-01	2.506595e+00
563	2.024050e-01	4.594274e-01	1.786517e+00
564	4.513419e-01	5.914757e-01	2.893503e+00
565	6.140066e-01	3.433763e-01	2.981436e+00
566	2.038523e-01	4.882753e-02	2.663898e+00
567	5.239187e-01	3.400885e-01	2.227162e+00
568	3.932071e-01	3.782491e-01	1.527601e+00
569	1.713208e-01	2.765861e-01	2.610161e+00
570	6.756356e-01	3.241808e-01	1.058622e+00
571	5.624080e-01	5.355105e-01	2.782120e+00
572	4.628327e-01	5.593565e-01	1.518808e+00
573	5.700631e-01	3.532078e-01	2.109917e+00
574	6.027171e-01	3.299348e-01	2.074744e+00
575	5.901435e-01	2.467444e-01	2.319003e+00
576	2.833400e-01	1.489937e-01	1.290181e+00
577	5.875732e-01	2.849689e-01	1.286273e+00
578	6.725688e-01	6.656211e-01	1.881290e+00
579	8.748932e-01	5.220254e-01	1.664387e+00
580	1.931406e-01	8.550213e-01	1.242306e+00
581	7.630404e-01	2.024547e-01	1.927211e+00
582	5.986048e-01	3.516869e-01	2.820225e+00
583	4.446046e-01	5.669702e-01	2.792868e+00
584	4.665759e-01	1.832509e-01	1.201270e+00
585	8.435098e-01	3.632523e-01	1.898876e+00
586	5.794854e-01	3.846445e-01	1.782609e+00
587	2.666243e-01	3.645051e-01	1.561798e+00
588	5.937189e-01	3.828992e-01	2.282853e+00
589	6.174993e-01	3.058656e-01	2.210552e+00
590	5.556633e-01	2.447750e-01	1.020518e+00
591	7.243342e-01	2.412876e-01	1.784563e+00
592	3.429534e-01	4.177511e-01	1.275525e+00
593	5.972947e-01	2.880220e-01	1.212995e+00
594	7.737020e-01	2.540661e-01	2.964827e+00
595	5.791202e-01	2.692837e-01	2.079629e+00
596	4.875362e-01	4.612871e-01	1.187592e+00
597	4.457947e-01	5.960327e-01	1.258915e+00
598	1.395168e-01	4.601984e-01	1.999511e+00
599	6.105096e-01	3.154238e-01	1.264778e+00
600	6.135764e-01	3.187327e-01	1.110405e+00
601	1.536555e-01	1.735833e-01	1.107474e+00
602	2.122501e-01	7.209307e-01	1.070347e+00
603	6.490821e-01	4.047508e-01	2.400098e+00
604	6.248669e-01	3.855553e-01	2.871031e+00
605	5.956691e-01	3.724258e-01	2.739130e+00
606	5.646501e-01	3.655469e-01	2.061065e+00
607	7.467569e-01	1.830783e-01	1.073278e+00
608	5.860322e-01	2.999121e-01	2.799707e+00
609	3.736074e-01	6.108773e-01	2.010259e+00
610	5.963906e-01	2.877812e-01	1.700537e+00
611	6.440371e-01	3.497507e-01	1.339033e+00
612	5.337488e-01	3.742169e-01	2.227162e+00
613	5.394957e-01	4.188840e-01	2.482169e+00
614	5.850800e-01	2.806247e-01	2.958964e+00
615	5.925343e-01	2.523007e-01	1.443576e+00
616	3.778989e-01	3.699349e-01	2.381534e+00
617	6.417707e-01	4.294754e-01	1.971177e+00
618	5.943742e-01	2.930539e-01	2.960918e+00
619	2.060690e-01	1.094078e-01	1.812897e+00
620	1.838727e-01	1.297458e-01	1.170982e+00
621	3.896704e-01	3.792078e-01	1.277479e+00
622	7.003943e-01	6.032785e-01	1.176844e+00
623	6.445791e-01	4.011232e-01	1.636053e+00
624	7.651639e-01	2.413654e-01	2.336590e+00
625	6.053574e-01	4.499798e-01	1.343918e+00
626	6.073665e-01	3.244571e-01	1.905716e+00
627	7.371220e-01	2.026532e-01	1.784563e+00
628	6.153996e-01	3.258375e-01	2.063996e+00
629	5.803584e-01	3.807377e-01	2.497802e+00
630	5.772790e-01	3.738418e-01	2.870054e+00
631	3.686212e-01	3.407933e-01	1.729849e+00
632	5.059992e-01	8.476379e-01	2.290669e+00
633	5.660569e-01	4.766905e-01	2.841720e+00
634	6.234547e-01	2.996429e-01	2.195896e+00
635	2.040770e-01	4.867425e-02	1.601856e+00
636	3.883004e-01	4.229683e-01	2.449927e+00
637	5.114236e-01	3.871340e-01	1.462140e+00
638	5.579111e-01	4.233496e-01	2.041524e+00
639	5.905903e-01	3.796039e-01	2.061065e+00
641	8.756440e-01	9.793836e-02	2.205667e+00
642	5.982691e-01	2.960539e-01	2.184172e+00
643	6.998060e-01	2.150395e-01	2.747924e+00
644	3.858759e-01	4.455604e-01	2.909135e+00
645	5.949062e-01	2.987294e-01	2.777235e+00
646	5.956390e-01	3.709710e-01	1.295066e+00
647	6.241928e-01	2.029459e-01	1.050806e+00
648	8.836603e-01	2.350383e-02	1.191500e+00
649	5.860147e-01	3.980184e-01	1.198339e+00
650	3.735015e-01	6.169783e-01	2.656082e+00
651	2.818658e-01	2.971720e-01	1.692721e+00
652	9.276844e-01	7.057782e-02	2.330728e+00
653	5.827847e-01	4.898511e-01	1.906693e+00
654	1.703163e-01	4.116574e-01	2.192965e+00
655	5.646487e-01	4.579530e-01	1.200293e+00
656	5.434909e-01	3.790233e-01	2.361016e+00
657	4.169483e-01	4.600132e-01	2.080606e+00
658	5.867303e-01	2.850476e-01	2.017098e+00
659	6.264447e-01	5.111103e-01	2.191011e+00
660	3.187225e-01	3.545135e-01	1.667318e+00
661	3.892094e-01	4.612056e-01	2.229116e+00
662	7.572362e-01	2.927111e-01	1.188569e+00
663	4.040815e-01	2.903767e-01	2.714704e+00
664	5.961756e-01	4.476925e-01	1.979971e+00
665	3.089435e-01	5.657063e-01	2.954079e+00
666	5.127690e-01	1.184771e-01	1.803127e+00
667	5.660395e-01	4.216913e-01	1.039082e+00
668	2.079950e-01	5.237576e-01	1.893014e+00
669	1.834135e-01	1.771727e-01	1.778701e+00
670	2.013106e-01	8.969300e-01	1.807035e+00
671	5.946084e-01	3.130461e-01	1.102589e+00
672	7.514606e-01	2.651497e-01	1.879336e+00
673	7.397908e-01	2.528075e-01	1.984856e+00
674	5.824645e-01	4.301504e-01	2.238886e+00
675	4.331512e-01	6.760928e-01	2.868100e+00
676	5.860357e-01	2.781038e-01	2.748901e+00
677	3.704737e-01	4.451947e-01	1.578407e+00
678	5.651221e-01	2.478801e-01	1.621397e+00
679	5.769832e-01	4.730236e-01	2.657059e+00
680	1.782095e-01	4.123074e-01	2.404983e+00
681	2.880330e-01	1.341753e-01	2.272106e+00
682	3.903476e-01	3.962707e-01	1.463117e+00
683	2.927337e-01	3.583972e-01	2.316072e+00
684	6.026694e-01	3.194367e-01	2.334636e+00
685	5.760820e-01	4.805986e-01	1.365413e+00
686	4.677761e-01	4.760435e-01	2.105032e+00
687	7.261105e-01	2.970158e-01	1.339033e+00
688	5.867279e-01	2.631852e-01	2.932584e+00
689	5.781868e-01	2.862794e-01	2.378603e+00
690	6.090880e-01	3.535179e-01	1.833415e+00
691	5.759928e-01	3.788628e-01	1.663410e+00
692	5.368394e-01	5.294847e-01	2.251588e+00
693	3.896394e-01	4.022359e-01	1.766976e+00
694	4.391278e-01	5.411985e-01	1.575476e+00
695	4.817796e-01	4.712181e-01	2.771373e+00
696	3.855856e-01	3.694333e-01	2.787005e+00
697	5.967637e-01	3.013201e-01	1.959453e+00
698	6.345819e-01	3.197807e-01	2.187103e+00
699	6.164258e-01	2.972279e-01	2.430386e+00
700	5.489498e-01	2.687845e-01	2.679531e+00
701	6.520840e-01	3.797690e-01	2.191988e+00
702	5.599824e-01	2.363601e-01	2.945286e+00
703	5.416511e-01	3.715012e-01	2.793845e+00
704	5.983494e-01	2.827056e-01	2.132389e+00
705	4.567889e-01	6.284018e-01	1.627259e+00
706	5.909128e-01	2.764864e-01	1.623351e+00
707	5.907225e-01	2.573851e-01	2.772350e+00
708	5.499507e-01	3.941921e-01	1.552027e+00
709	1.547165e-01	6.913515e-01	1.180752e+00
710	4.094759e-01	5.290554e-01	1.632145e+00
711	1.723446e-01	1.647691e-01	1.680997e+00
713	5.524118e-01	4.360146e-01	1.703468e+00
714	5.736282e-01	2.739014e-01	1.471910e+00
715	1.158018e-01	4.317080e-01	2.368832e+00
716	5.703196e-01	3.632923e-01	1.961407e+00
717	6.091748e-01	3.148756e-01	1.756229e+00
718	5.553684e-01	2.309858e-01	2.987298e+00
719	5.864440e-01	2.856453e-01	2.332682e+00
720	6.145368e-01	2.895417e-01	1.097704e+00
722	6.004341e-01	2.809022e-01	1.704446e+00
723	5.957328e-01	3.794707e-01	1.853933e+00
724	5.596341e-01	2.880669e-01	2.829995e+00
725	7.369913e-01	2.293955e-01	2.232047e+00
726	3.598310e-01	4.392869e-01	2.587689e+00
727	2.572329e-01	4.103202e-01	2.698095e+00
729	8.104487e-01	1.163552e-01	1.212995e+00
730	1.598435e-01	7.486177e-01	1.502198e+00
731	6.057185e-01	3.638602e-01	2.614069e+00
732	4.090265e-01	3.517111e-01	2.880801e+00
733	5.963009e-01	3.459693e-01	1.956522e+00
734	5.523806e-01	2.655452e-01	2.745970e+00
735	2.088806e-01	8.823320e-01	1.179775e+00
736	7.487814e-01	1.944378e-01	1.935027e+00
737	6.053923e-01	3.794755e-01	1.975085e+00
738	6.063902e-01	3.457013e-01	1.067416e+00
739	6.389856e-01	3.473563e-01	2.024915e+00
740	4.389096e-01	5.362352e-01	2.810454e+00
741	5.705559e-01	4.481852e-01	2.428432e+00
742	5.945742e-01	4.077455e-01	1.957499e+00
743	9.488151e-01	1.786545e-01	2.306302e+00
744	6.027330e-01	3.749708e-01	2.557401e+00
745	3.834770e-01	6.696094e-01	1.243283e+00
746	5.891852e-01	4.196914e-01	2.429409e+00
747	5.085208e-01	3.019410e-01	2.523205e+00
748	7.146534e-01	1.695848e-01	2.842697e+00
749	6.138737e-01	2.974509e-01	2.247680e+00
750	5.598625e-01	2.186095e-01	2.000489e+00
751	5.784578e-01	3.653561e-01	2.446019e+00
752	5.973456e-01	2.656112e-01	2.360039e+00
753	1.563990e-01	3.200819e-02	2.567171e+00
754	5.944307e-01	2.390461e-01	2.415730e+00
755	6.098921e-01	3.426294e-01	1.989741e+00
756	5.974976e-01	2.591233e-01	2.908158e+00
757	5.988315e-01	4.633628e-01	2.731314e+00
758	6.013654e-01	3.604510e-01	2.544700e+00
759	5.626502e-01	4.553364e-01	2.890572e+00
760	6.028935e-01	3.142039e-01	1.654617e+00
761	4.998023e-01	3.645417e-01	1.008793e+00
762	3.626447e-01	4.191056e-01	1.260870e+00
763	2.387093e-01	5.294166e-02	1.347826e+00
764	5.574996e-01	2.234886e-01	1.325354e+00
765	5.890300e-01	2.958643e-01	1.420127e+00
766	8.363963e-01	1.537112e-01	2.845628e+00
767	5.188882e-01	3.853020e-01	1.853933e+00
768	5.790355e-01	2.781563e-01	1.303859e+00
769	2.430138e-01	1.692654e-01	1.294089e+00
770	3.867426e-01	5.639594e-01	1.675134e+00
771	5.686097e-01	2.822586e-01	2.417684e+00
772	6.190377e-01	3.102280e-01	2.053249e+00
773	5.992382e-01	3.062999e-01	1.276502e+00
774	6.352462e-01	4.086750e-01	2.779189e+00
776	1.667008e-01	4.585988e-01	2.295554e+00
777	6.013713e-01	2.942112e-01	1.652662e+00
778	6.116573e-01	4.254550e-01	2.464582e+00
779	6.046140e-01	3.594512e-01	1.763068e+00
780	7.437404e-01	3.241532e-01	2.026869e+00
781	5.896795e-01	2.324155e-01	1.160234e+00
782	5.507030e-01	4.438351e-01	2.302394e+00
783	3.926310e-01	5.018137e-01	1.384954e+00
784	6.003860e-01	3.953570e-01	2.598437e+00
785	6.115264e-01	2.769103e-01	2.130435e+00
786	7.504636e-01	3.093425e-01	1.690767e+00
787	3.896627e-01	3.385772e-01	1.940889e+00
788	5.477429e-01	2.392289e-01	2.099170e+00
