776
0	9.152572e-01	4.321819e-01	1.398632e+00
1	5.030280e-01	4.692820e-01	1.108451e+00
2	4.925445e-01	3.925532e-01	2.925745e+00
3	7.591193e-01	3.748270e-01	2.732291e+00
4	8.099607e-01	1.235999e-01	1.257938e+00
5	7.136872e-01	3.826590e-01	2.424524e+00
7	4.338081e-01	6.157034e-01	2.705911e+00
8	5.841822e-01	4.093531e-01	2.442110e+00
9	6.264988e-01	4.458379e-01	2.233024e+00
10	6.299635e-01	3.926040e-01	2.376649e+00
11	6.219331e-01	4.764506e-01	1.556913e+00
13	4.966981e-01	7.016525e-01	1.066439e+00
14	4.334390e-01	4.626910e-01	1.626282e+00
15	6.360694e-01	2.562550e-01	1.306790e+00
16	5.520422e-01	5.407954e-01	2.902296e+00
17	5.582437e-01	4.283228e-01	1.195408e+00
18	6.567014e-01	3.693470e-01	1.785540e+00
19	5.963315e-01	5.419849e-01	1.248168e+00
20	6.421451e-01	4.518784e-01	1.863703e+00
21	2.468754e-01	2.558097e-01	2.671715e+00
22	6.268211e-01	5.355133e-01	2.487054e+00
23	5.700911e-01	3.051062e-01	1.946751e+00
24	2.229841e-01	7.348433e-01	1.303859e+00
25	8.168455e-01	2.296872e-01	2.152907e+00
26	6.177839e-01	4.323234e-01	1.388862e+00
27	5.534513e-01	4.055965e-01	1.591109e+00
28	5.131193e-01	6.082864e-01	2.205667e+00
29	4.634153e-01	4.323466e-01	2.181241e+00
30	6.596435e-01	2.212021e-01	1.475818e+00
31	5.199118e-01	5.129837e-01	2.309233e+00
32	5.200200e-01	3.819741e-01	2.073766e+00
33	4.363745e-01	5.621082e-01	2.331705e+00
34	6.482610e-01	5.201331e-01	1.126038e+00
35	1.729597e-01	7.187370e-01	2.235955e+00
36	5.407989e-01	1.423362e-01	2.805569e+00
37	5.600920e-01	4.112640e-01	2.555447e+00
38	6.246822e-01	4.489111e-01	2.559355e+00
39	6.060329e-01	4.125983e-01	1.895945e+00
40	3.253687e-01	6.136837e-01	1.282364e+00
41	6.119540e-01	4.246886e-01	2.750855e+00
42	5.979559e-01	4.424097e-01	2.412799e+00
43	6.272416e-01	5.409106e-01	2.557401e+00
44	6.533759e-01	4.447227e-01	1.648754e+00
45	5.741307e-01	2.374023e-01	1.721055e+00
46	5.711642e-01	4.517729e-01	2.588666e+00
47	6.481081e-01	5.481476e-01	1.525647e+00
48	5.561688e-01	3.630764e-01	2.751832e+00
50	7.036961e-01	3.906067e-01	1.663410e+00
51	5.847592e-01	5.332851e-01	2.560332e+00
52	4.085580e-01	5.697269e-01	1.696629e+00
53	4.951416e-01	5.828951e-01	1.506106e+00
54	6.169096e-01	4.143162e-01	2.675623e+00
55	6.424582e-01	4.722061e-01	2.497802e+00
57	7.939471e-01	1.029988e-01	2.361993e+00
58	8.182891e-01	2.844024e-01	1.866634e+00
59	5.566854e-01	3.072990e-01	2.930630e+00
60	5.527283e-01	5.342140e-01	1.503175e+00
61	6.159757e-01	4.738457e-01	2.449927e+00
62	6.182109e-01	5.245812e-01	2.831949e+00
63	5.045397e-01	3.691929e-01	2.317049e+00
64	6.056212e-01	4.501429e-01	2.353200e+00
65	6.263927e-01	4.473616e-01	2.575965e+00
66	6.564063e-01	2.453214e-01	2.922814e+00
67	4.129706e-01	5.991846e-01	2.289692e+00
68	5.631958e-01	5.159057e-01	2.766488e+00
69	6.306019e-01	5.404424e-01	1.522716e+00
70	2.437632e-01	3.472886e-01	2.769419e+00
71	6.725736e-01	5.378704e-01	1.110405e+00
72	4.425562e-01	4.316591e-01	1.412311e+00
73	5.317292e-01	4.088555e-01	1.951637e+00
74	3.915232e-01	6.388939e-01	1.449438e+00
75	4.096027e-01	4.625199e-01	2.176356e+00
76	6.516736e-01	4.716664e-01	1.212995e+00
77	6.508199e-01	4.220760e-01	1.872496e+00
78	6.373698e-01	4.549116e-01	1.606742e+00
79	7.340074e-01	8.686001e-01	1.183683e+00
80	5.690687e-01	3.971908e-01	2.736199e+00
81	5.633841e-01	5.152345e-01	1.617489e+00
82	3.727512e-01	4.016129e-01	2.456766e+00
83	5.856339e-01	7.423899e-01	1.406448e+00
84	9.421335e-02	4.672811e-01	2.453835e+00
85	5.623603e-01	5.234678e-01	2.712750e+00
86	6.168816e-01	4.370991e-01	2.877870e+00
87	7.752904e-01	1.795784e-01	1.533464e+00
88	2.757010e-01	2.281443e-01	2.169516e+00
89	6.176518e-01	4.970615e-01	2.483146e+00
90	5.666349e-01	4.080285e-01	1.538349e+00
91	6.328125e-01	5.664502e-01	1.117245e+00
92	6.767714e-01	4.871670e-01	2.709819e+00
93	5.889485e-01	4.086747e-01	2.929653e+00
94	5.751711e-01	3.804016e-01	2.125550e+00
95	6.889535e-01	5.384487e-01	2.148999e+00
96	6.421445e-01	4.562071e-01	1.206155e+00
97	5.238359e-01	4.431515e-01	2.689301e+00
98	5.499042e-01	5.362344e-01	1.997557e+00
99	4.347902e-01	3.282097e-01	1.753298e+00
100	6.028044e-01	4.638094e-01	1.491451e+00
101	5.746651e-01	5.659379e-01	2.381534e+00
102	2.760582e-01	1.281990e-01	1.837323e+00
103	5.931218e-01	2.878234e-01	2.723498e+00
104	7.892008e-01	7.245727e-01	1.216903e+00
105	3.999650e-01	4.768172e-01	1.385931e+00
106	3.829344e-01	4.401413e-01	1.094773e+00
107	6.577409e-01	5.064538e-01	1.887152e+00
108	6.554447e-01	3.993059e-01	1.869565e+00
109	5.063389e-01	4.630322e-01	2.657059e+00
110	6.212155e-01	4.285137e-01	1.905716e+00
111	8.695841e-01	3.723857e-01	2.319980e+00
112	3.637515e-01	4.037499e-01	1.549096e+00
113	5.302579e-01	4.552420e-01	1.155349e+00
114	6.712165e-01	5.301726e-01	1.261847e+00
115	6.468216e-01	3.601377e-01	1.308745e+00
116	1.101111e-01	2.977939e-01	1.148510e+00
117	6.375521e-01	4.906852e-01	1.865657e+00
118	6.621450e-01	3.425490e-01	2.988276e+00
119	6.549970e-01	5.376254e-01	1.479726e+00
120	7.222481e-01	2.888345e-01	2.095261e+00
121	5.700410e-01	4.042518e-01	2.442110e+00
122	5.162212e-01	1.779434e-01	1.070347e+00
123	5.366168e-01	4.884107e-01	1.417196e+00
124	5.857789e-01	5.267251e-01	2.817294e+00
125	5.785647e-01	5.861807e-01	1.164143e+00
126	5.627588e-01	4.055660e-01	2.738153e+00
127	4.036637e-01	4.390376e-01	2.338544e+00
128	5.521504e-01	3.181348e-01	1.282364e+00
129	6.285372e-01	4.597295e-01	2.676600e+00
130	5.512492e-01	3.129765e-01	2.443087e+00
131	8.221600e-01	9.125642e-02	2.375672e+00
132	5.499289e-01	4.486376e-01	1.220811e+00
133	4.397546e-01	4.259996e-01	2.407914e+00
134	7.474567e-01	3.600124e-01	2.277968e+00
135	6.370176e-01	5.654980e-01	2.409868e+00
136	4.755448e-01	4.198994e-01	2.083537e+00
137	6.703421e-01	2.362864e-01	2.286761e+00
138	4.442769e-01	4.340238e-01	1.194431e+00
139	6.646697e-01	4.106959e-01	2.818271e+00
140	7.722968e-01	2.981779e-01	2.827064e+00
141	6.084028e-01	4.139604e-01	1.684905e+00
142	6.425554e-01	5.492622e-01	1.999511e+00
143	6.488005e-01	4.664737e-01	1.956522e+00
144	5.838805e-01	5.327111e-01	2.323889e+00
145	6.166515e-01	4.266487e-01	2.501710e+00
146	6.377266e-01	4.282788e-01	2.395213e+00
147	3.039609e-01	3.408486e-01	2.719590e+00
148	6.003568e-01	5.413948e-01	2.937469e+00
149	8.588820e-01	1.090267e-01	2.803615e+00
150	6.778167e-01	5.252099e-01	1.794333e+00
151	4.184162e-01	3.715632e-01	2.611138e+00
152	6.415723e-01	4.022166e-01	1.724963e+00
153	5.847378e-01	5.537394e-01	1.983879e+00
154	6.372250e-01	4.504832e-01	2.181241e+00
155	4.972249e-01	3.960497e-01	1.295066e+00
156	4.281866e-01	7.543283e-01	1.970200e+00
157	6.536206e-01	3.789571e-01	2.387396e+00
158	3.934567e-01	4.678082e-01	2.386419e+00
159	4.414272e-01	6.297991e-01	2.647289e+00
160	6.157701e-01	4.370075e-01	1.686859e+00
161	2.096095e-01	4.294300e-01	1.553981e+00
162	6.312371e-01	5.489574e-01	1.764045e+00
163	4.160046e-01	5.342076e-01	1.632145e+00
164	6.060598e-01	5.629522e-01	1.235467e+00
165	6.048125e-01	4.434363e-01	2.251588e+00
166	6.892151e-01	4.860794e-01	1.751343e+00
167	2.931640e-01	5.330385e-01	1.715193e+00
168	6.093592e-01	4.320667e-01	2.109917e+00
169	6.251845e-01	4.300169e-01	2.137274e+00
170	6.695893e-01	2.369017e-01	2.099170e+00
171	6.720882e-01	3.477668e-01	2.057157e+00
172	5.631368e-01	4.347214e-01	2.246702e+00
173	4.818533e-01	4.681813e-01	1.894968e+00
174	8.436244e-01	4.172180e-01	2.453835e+00
175	5.528889e-01	5.556020e-01	2.834880e+00
176	4.859017e-01	5.902079e-01	2.215437e+00
177	6.463760e-01	4.913341e-01	2.153884e+00
178	5.650295e-01	4.778743e-01	2.475330e+00
180	3.644411e-01	4.552850e-01	2.127504e+00
181	6.176632e-01	5.300331e-01	1.790425e+00
182	4.603884e-01	2.523507e-01	1.736688e+00
183	9.494120e-01	8.540326e-02	1.692721e+00
184	6.442870e-01	3.927626e-01	2.042501e+00
185	9.015116e-01	8.626818e-02	1.468979e+00
186	5.583471e-01	4.376833e-01	1.784563e+00
187	8.864795e-01	8.054176e-01	2.653151e+00
188	6.061530e-01	4.530501e-01	1.839277e+00
189	6.059299e-01	4.441006e-01	1.175867e+00
190	4.016108e-01	3.879281e-01	2.807523e+00
191	4.739781e-01	5.501380e-01	2.811431e+00
192	6.630274e-01	2.789678e-01	1.192477e+00
193	4.593049e-01	4.452027e-01	1.620420e+00
194	5.133961e-01	3.901626e-01	2.624817e+00
195	6.017922e-01	4.729674e-01	2.806546e+00
196	7.130086e-01	5.281078e-01	1.763068e+00
197	3.730003e-01	2.920853e-01	2.060088e+00
198	7.796714e-01	2.689074e-01	2.458720e+00
199	7.440015e-01	2.582533e-01	2.463605e+00
200	4.541184e-01	4.246148e-01	1.141671e+00
201	7.267703e-01	3.554459e-01	1.146556e+00
202	7.539558e-01	2.601699e-01	1.395701e+00
203	6.047075e-01	4.566751e-01	1.755252e+00
204	4.153384e-01	4.657697e-01	2.901319e+00
205	8.095843e-01	1.048180e-01	2.123596e+00
206	4.456174e-01	4.178463e-01	1.652662e+00
207	4.591759e-01	5.683544e-01	1.199316e+00
208	6.388480e-01	5.316932e-01	2.170493e+00
209	6.140464e-01	2.383249e-02	2.733268e+00
210	4.714962e-01	6.238891e-01	1.545188e+00
211	6.304940e-01	3.965665e-01	1.376160e+00
212	5.732594e-01	5.529481e-01	1.621397e+00
213	5.893774e-01	4.836655e-01	1.883244e+00
214	5.966130e-01	3.789405e-01	1.612604e+00
215	5.911239e-01	3.861570e-01	2.909135e+00
216	6.486080e-01	5.038644e-01	1.354665e+00
217	6.255981e-01	5.503076e-01	2.770396e+00
218	6.426829e-01	4.316526e-01	2.148999e+00
219	6.091507e-01	5.623126e-01	2.624817e+00
220	3.925679e-01	3.855427e-01	2.697118e+00
221	5.651800e-01	4.357213e-01	1.938935e+00
222	3.676157e-01	5.310964e-01	1.854910e+00
223	2.596757e-01	2.401856e-01	2.625794e+00
224	5.741702e-01	3.535013e-01	2.984367e+00
225	7.537463e-01	2.641377e-01	2.693210e+00
226	6.008809e-01	4.414265e-01	2.276014e+00
227	5.870946e-01	3.007186e-01	1.245237e+00
228	5.207541e-01	5.085340e-01	1.489497e+00
229	5.800796e-01	5.526425e-01	2.305325e+00
230	4.565385e-01	4.860007e-01	2.689301e+00
231	6.106808e-01	4.529503e-01	1.346849e+00
232	5.880358e-01	3.636870e-01	2.447973e+00
233	4.807204e-01	4.008381e-01	1.591109e+00
234	4.014692e-01	4.217489e-01	1.931119e+00
235	5.409275e-01	5.039627e-01	2.687347e+00
236	6.065671e-01	5.360267e-01	2.787982e+00
237	5.987278e-01	4.197364e-01	1.510015e+00
238	4.918372e-01	3.869776e-01	2.193942e+00
239	5.185252e-01	3.804174e-01	2.918906e+00
240	5.349128e-01	5.762518e-01	1.734734e+00
241	6.203443e-01	3.834185e-01	1.119199e+00
242	5.463863e-01	5.054588e-01	1.631168e+00
243	6.395540e-01	5.310258e-01	1.258915e+00
244	6.287670e-01	4.139927e-01	2.458720e+00
245	3.526637e-01	3.035797e-01	2.134343e+00
246	6.339924e-01	5.277954e-01	2.662921e+00
247	6.180091e-01	4.490088e-01	2.924768e+00
248	5.165767e-01	4.653241e-01	2.983390e+00
249	7.101606e-01	1.094217e-01	2.305325e+00
250	6.550418e-01	3.226852e-01	2.763556e+00
251	6.672335e-01	1.525294e-01	2.374695e+00
252	3.000777e-01	3.638069e-01	1.703468e+00
253	6.490800e-01	5.305929e-01	1.246214e+00
254	6.404962e-01	5.565997e-01	2.925745e+00
255	6.229193e-01	4.458198e-01	1.857841e+00
256	6.649127e-01	5.035272e-01	2.601368e+00
257	7.073399e-01	4.402424e-01	2.413776e+00
258	4.100676e-01	3.838973e-01	2.569126e+00
259	4.468388e-01	4.323257e-01	1.865657e+00
260	6.124415e-01	4.985770e-01	2.574988e+00
261	5.532216e-01	4.672782e-01	1.598925e+00
262	3.777977e-01	7.247309e-01	2.264289e+00
263	8.438408e-02	4.764891e-01	1.176844e+00
264	6.591520e-01	3.736644e-01	1.061553e+00
265	5.671749e-01	4.433316e-01	2.526136e+00
266	7.199202e-01	3.687743e-01	1.928188e+00
267	6.562939e-01	5.082698e-01	2.006351e+00
268	6.730379e-01	3.939391e-01	1.041036e+00
269	5.861571e-01	2.674353e-01	1.793356e+00
270	8.169760e-01	1.052390e-01	1.860772e+00
271	4.276966e-01	2.488865e-01	1.389839e+00
272	5.432860e-01	5.662515e-01	1.052760e+00
273	8.185735e-01	1.037393e-01	1.156326e+00
274	2.137779e-01	1.029835e-01	1.981925e+00
275	5.703836e-01	3.007493e-01	2.256473e+00
276	7.553681e-01	2.384368e-01	2.368832e+00
277	6.076630e-01	5.370382e-01	2.024915e+00
278	5.530014e-01	3.303373e-01	1.266732e+00
279	2.928038e-01	4.548436e-01	1.348803e+00
280	2.837512e-01	1.198742e-01	2.472399e+00
281	1.753271e-01	4.233552e-01	2.288715e+00
282	6.245513e-01	4.393592e-01	2.745970e+00
283	3.270427e-01	6.213170e-01	2.490962e+00
284	2.184568e-01	1.244979e-01	2.515388e+00
286	5.770294e-01	4.698039e-01	2.662921e+00
287	7.103932e-01	4.222833e-01	2.264289e+00
288	3.748166e-01	3.996708e-01	2.905227e+00
289	2.567333e-01	1.690288e-01	1.058622e+00
290	3.865255e-01	4.864722e-01	2.152907e+00
291	6.994863e-01	1.038971e-01	2.784074e+00
292	5.673629e-01	5.165887e-01	2.445042e+00
293	4.114685e-01	4.562143e-01	2.852467e+00
294	6.253205e-01	4.409238e-01	2.070835e+00
295	6.029777e-01	5.092965e-01	1.406448e+00
296	5.122273e-01	4.805421e-01	1.751343e+00
297	6.673237e-01	2.595442e-01	2.077675e+00
298	4.634627e-01	4.320667e-01	1.601856e+00
299	2.833646e-01	6.999825e-01	2.048363e+00
300	2.508791e-01	2.374123e-01	2.781143e+00
301	5.787964e-01	5.212795e-01	2.779189e+00
302	7.507179e-01	2.532679e-01	2.617978e+00
303	7.826083e-01	3.213467e-02	1.698583e+00
304	4.537540e-01	4.546848e-01	1.948705e+00
305	6.051588e-01	4.440683e-01	1.416219e+00
306	3.813201e-01	4.663052e-01	1.745481e+00
307	5.579970e-01	5.484683e-01	2.291646e+00
308	1.166373e-01	4.003084e-01	1.868588e+00
309	7.267696e-01	3.824377e-01	2.511480e+00
310	6.442799e-01	5.213971e-01	2.596483e+00
311	6.623117e-01	2.978168e-01	2.855398e+00
312	5.946898e-01	4.383698e-01	1.312653e+00
313	8.135927e-01	1.071842e-01	1.787494e+00
314	5.602269e-01	3.814306e-01	2.252565e+00
315	7.109451e-01	4.188299e-01	1.978017e+00
316	6.100838e-01	5.523046e-01	2.965804e+00
317	6.312659e-01	4.857446e-01	2.221299e+00
318	5.025577e-01	5.356855e-01	1.701514e+00
319	7.606920e-01	5.197955e-01	1.135809e+00
320	6.296676e-01	3.926251e-01	2.997069e+00
321	7.008092e-01	1.071444e-01	2.470445e+00
322	2.820086e-01	2.531737e-01	2.362970e+00
323	5.745026e-01	4.761755e-01	2.553493e+00
324	4.838675e-01	4.116031e-01	1.347826e+00
325	2.046904e-01	8.426463e-02	2.896434e+00
326	6.344769e-01	4.866980e-01	1.857841e+00
327	6.120046e-01	5.236218e-01	1.669272e+00
328	6.120267e-01	4.988209e-01	1.726917e+00
329	6.293805e-01	4.208055e-01	2.604299e+00
330	4.902400e-01	3.953655e-01	2.089399e+00
331	6.597058e-01	5.261099e-01	1.552027e+00
332	7.766969e-01	3.700028e-01	1.769907e+00
333	6.578002e-01	5.099511e-01	1.382022e+00
334	8.130447e-01	1.146100e-01	2.510503e+00
335	6.309513e-01	3.390404e-01	1.640938e+00
336	5.358107e-01	5.452445e-01	2.933561e+00
337	5.153747e-01	3.832929e-01	1.033219e+00
338	6.999108e-01	5.898432e-01	1.408403e+00
339	5.732456e-01	6.043004e-01	2.767465e+00
340	6.018932e-01	4.475584e-01	1.526624e+00
341	7.964482e-01	1.118056e-01	1.456277e+00
342	6.265638e-01	5.398456e-01	1.054714e+00
343	6.330657e-01	4.024582e-01	2.601368e+00
344	1.892383e-01	1.009984e-01	2.193942e+00
345	7.478374e-01	2.096379e-01	2.321935e+00
346	3.359967e-01	4.207609e-01	1.564729e+00
347	4.059346e-01	3.708221e-01	1.679043e+00
348	5.104734e-01	3.213227e-02	2.034685e+00
349	6.244459e-01	5.363455e-01	2.564240e+00
350	4.229720e-01	5.116135e-01	2.311187e+00
351	2.432485e-01	7.553545e-01	1.297997e+00
352	5.994276e-01	4.841695e-01	2.873962e+00
353	2.287812e-01	5.408436e-01	2.202736e+00
354	5.439811e-01	3.589302e-01	2.653151e+00
355	3.826259e-01	4.561990e-01	2.461651e+00
356	6.470210e-01	5.073361e-01	1.679043e+00
357	4.380381e-01	3.652286e-01	2.991207e+00
358	6.315899e-01	1.470420e-01	2.857352e+00
359	7.112142e-01	3.098670e-01	1.913532e+00
360	5.993963e-01	5.627459e-01	1.216903e+00
361	4.516030e-01	5.847804e-01	1.214949e+00
362	5.358076e-01	4.951538e-01	1.005862e+00
363	7.073030e-01	3.013942e-01	2.227162e+00
364	6.163427e-01	5.503392e-01	1.723009e+00
365	4.658035e-01	6.310125e-01	1.491451e+00
366	3.047528e-01	6.382916e-01	1.692721e+00
367	6.267233e-01	4.015755e-01	1.154372e+00
368	5.359795e-01	5.107549e-01	1.851001e+00
369	6.275243e-01	4.999585e-01	2.418661e+00
370	6.594676e-01	2.354134e-01	1.874450e+00
371	5.731611e-01	1.816136e-01	1.591109e+00
372	6.030722e-01	5.163103e-01	2.199805e+00
373	5.022220e-01	2.176609e-01	2.208598e+00
374	6.159223e-01	4.476111e-01	1.322423e+00
375	7.887828e-01	4.423961e-02	2.361016e+00
376	4.010399e-01	3.892535e-01	1.815828e+00
377	5.990480e-01	5.479028e-01	1.328285e+00
378	6.386584e-01	4.355375e-01	1.883244e+00
379	7.956902e-01	8.704580e-01	1.599902e+00
380	5.833596e-01	6.314025e-01	2.343429e+00
381	3.064129e-01	4.558478e-01	1.835369e+00
382	1.856802e-01	8.285733e-01	1.065462e+00
383	5.720936e-01	3.471199e-01	1.698583e+00
384	4.122254e-01	3.147647e-01	2.761602e+00
385	5.274680e-01	4.540203e-01	1.961407e+00
386	6.036444e-01	5.295102e-01	2.449927e+00
387	5.474604e-01	3.845911e-01	2.669761e+00
388	1.954853e-01	2.500728e-01	2.597460e+00
389	5.199803e-01	5.747062e-01	2.960918e+00
390	5.716105e-01	5.177778e-01	1.655594e+00
391	7.256920e-01	5.211005e-01	2.572057e+00
392	6.485041e-01	4.914879e-01	1.234489e+00
393	6.389508e-01	4.948743e-01	1.607719e+00
394	5.301346e-01	4.669403e-01	2.643381e+00
395	4.143923e-01	5.587541e-01	1.233512e+00
396	3.574950e-01	4.290498e-01	2.058134e+00
397	2.198093e-01	6.894478e-01	1.083048e+00
398	4.089326e-01	4.649612e-01	2.453835e+00
399	5.770388e-01	3.181269e-01	2.169516e+00
400	5.709590e-01	4.000224e-01	1.634099e+00
401	2.229476e-01	4.882534e-01	1.314607e+00
402	6.147175e-01	4.383111e-01	2.292623e+00
403	5.800851e-01	5.467962e-01	1.759160e+00
404	4.704817e-01	2.681644e-01	2.942355e+00
405	6.485216e-01	3.699121e-01	1.358574e+00
406	6.402687e-01	4.941050e-01	1.474841e+00
407	3.227060e-01	2.980945e-01	2.850513e+00
408	4.430571e-01	4.813702e-01	2.543723e+00
409	6.234819e-01	5.059083e-01	1.170005e+00
410	6.694727e-01	5.101271e-01	2.011236e+00
411	5.097272e-01	5.865921e-01	2.982413e+00
412	2.683474e-01	4.387676e-01	1.578407e+00
413	6.238970e-01	3.127022e-01	2.904250e+00
414	6.651352e-01	5.033900e-01	2.948217e+00
415	6.170764e-01	4.739522e-01	1.856864e+00
416	7.074113e-01	5.687283e-01	1.780655e+00
417	4.190330e-01	3.670841e-01	1.223742e+00
418	5.874573e-01	3.675345e-01	2.928676e+00
419	6.478247e-01	5.362931e-01	1.055691e+00
420	5.922578e-01	3.861119e-01	2.823156e+00
421	6.139300e-01	5.125371e-01	2.886663e+00
422	6.212200e-01	4.306654e-01	1.391793e+00
423	2.829485e-01	5.991062e-01	1.467025e+00
424	5.500197e-01	5.643067e-01	1.512946e+00
425	3.260493e-01	2.757776e-01	1.960430e+00
426	3.259625e-01	2.808764e-01	2.254519e+00
427	2.629864e-01	2.312993e-01	2.899365e+00
428	6.096595e-01	4.446559e-01	1.247191e+00
429	6.273467e-01	5.595050e-01	1.802149e+00
430	5.680796e-01	4.485067e-01	1.663410e+00
431	2.715557e-01	1.792915e-01	2.556424e+00
432	3.250771e-01	2.707355e-01	2.947240e+00
433	6.564285e-01	5.517229e-01	2.475330e+00
434	4.988340e-01	4.002077e-01	2.923791e+00
435	5.273172e-01	3.161797e-01	2.906204e+00
436	8.845568e-02	8.828489e-01	2.668784e+00
437	6.396133e-01	5.304823e-01	2.476307e+00
438	6.277860e-01	3.339753e-01	2.065950e+00
439	5.844521e-01	5.550481e-01	1.983879e+00
440	3.719512e-01	4.085351e-01	1.637030e+00
441	6.534434e-01	6.375885e-01	1.338056e+00
442	7.160901e-01	4.023724e-01	2.406937e+00
443	5.226728e-01	3.933479e-01	1.422081e+00
444	6.558944e-01	4.040832e-01	2.956033e+00
445	5.652154e-01	4.713170e-01	2.601368e+00
446	5.750769e-01	4.011451e-01	1.846116e+00
447	6.069403e-01	4.439246e-01	1.264778e+00
448	7.097840e-01	3.561301e-01	1.119199e+00
449	7.395654e-01	5.402742e-01	1.956522e+00
450	4.289545e-01	4.670152e-01	2.971666e+00
451	6.448847e-01	4.821876e-01	2.149976e+00
452	4.326300e-01	5.333798e-01	1.574499e+00
453	5.975123e-01	5.766201e-01	1.775769e+00
454	8.176885e-01	6.152617e-01	1.542257e+00
455	6.179297e-01	4.470190e-01	2.984367e+00
456	6.820798e-01	4.370473e-01	1.577430e+00
457	6.400797e-01	5.635169e-01	2.955056e+00
458	5.806327e-01	6.429194e-01	2.865169e+00
459	5.048373e-01	5.549143e-01	1.672203e+00
460	5.556960e-01	3.348554e-01	1.198339e+00
461	4.200721e-01	1.334724e-01	2.513434e+00
462	5.471742e-01	5.341339e-01	1.853933e+00
463	3.757705e-01	4.226638e-01	2.858329e+00
464	6.035951e-01	5.294205e-01	1.574499e+00
465	6.732812e-01	2.636482e-01	1.432829e+00
466	6.471525e-01	4.440504e-01	1.500244e+00
468	6.304792e-01	5.474760e-01	2.147044e+00
469	6.077861e-01	3.661245e-01	2.698095e+00
470	6.187556e-01	5.489169e-01	1.364436e+00
471	6.805363e-01	3.561834e-01	2.076698e+00
472	6.243302e-01	5.349774e-01	2.011236e+00
473	6.794571e-01	2.128954e-01	1.215926e+00
474	5.506241e-01	3.570798e-01	2.299463e+00
475	5.472334e-01	4.656378e-01	1.683928e+00
476	6.130556e-01	4.515384e-01	2.081583e+00
477	4.818319e-01	3.651348e-01	2.350269e+00
478	3.599393e-01	3.013263e-01	2.728383e+00
479	5.395337e-01	4.051897e-01	1.194431e+00
480	5.447772e-01	5.115500e-01	2.515388e+00
481	4.493886e-01	6.052549e-01	1.865657e+00
483	5.587491e-01	3.984616e-01	1.367367e+00
484	7.142777e-01	3.827250e-01	1.148510e+00
485	6.728397e-01	2.163516e-01	2.427455e+00
486	5.742647e-01	4.028436e-01	2.196873e+00
487	4.625273e-01	3.848862e-01	2.386419e+00
488	8.123738e-01	3.231958e-01	1.294089e+00
489	6.588797e-01	4.961075e-01	1.687836e+00
490	6.763958e-01	2.609680e-01	1.146556e+00
491	7.168780e-01	6.026600e-01	1.597948e+00
492	6.556688e-01	2.726651e-01	2.412799e+00
493	8.216527e-01	1.917449e-01	1.227650e+00
494	5.622377e-01	5.202218e-01	2.522228e+00
495	6.722092e-01	3.478071e-01	1.437714e+00
496	6.086252e-01	4.646947e-01	1.523693e+00
497	5.840078e-01	3.023986e-01	1.221788e+00
498	2.781050e-01	2.742362e-01	1.652662e+00
499	5.448063e-01	5.055702e-01	1.269663e+00
500	5.301074e-01	4.686383e-01	2.967758e+00
501	6.038229e-01	3.637291e-01	2.546654e+00
502	2.546078e-01	7.068503e-01	1.818759e+00
503	5.676657e-01	3.939337e-01	1.919394e+00
504	6.265656e-01	5.493097e-01	2.563263e+00
505	4.445608e-01	7.551231e-01	1.451392e+00
506	2.220929e-01	4.148620e-01	1.718124e+00
507	5.552923e-01	4.348817e-01	1.207132e+00
508	6.495274e-01	5.036510e-01	1.236444e+00
509	6.534962e-01	4.454813e-01	2.622863e+00
510	4.606747e-01	5.759822e-01	2.549585e+00
511	5.321230e-01	4.729052e-01	2.966781e+00
512	5.826444e-01	2.339024e-01	2.395213e+00
513	4.923784e-01	5.027400e-01	1.534441e+00
515	6.968792e-01	2.764910e-01	1.610650e+00
516	8.195382e-01	2.417756e-01	1.612604e+00
517	6.149491e-01	4.493539e-01	1.086957e+00
518	6.432037e-01	4.320801e-01	2.282853e+00
519	1.562870e-01	1.055705e-01	1.573522e+00
520	6.178762e-01	4.120860e-01	2.497802e+00
521	6.299631e-01	4.264314e-01	1.752320e+00
522	3.512922e-01	3.647631e-01	1.589155e+00
523	7.537303e-01	2.652647e-01	1.209086e+00
524	5.420403e-01	4.868709e-01	2.755740e+00
525	3.856196e-01	4.800408e-01	1.499267e+00
526	5.921688e-01	4.514092e-01	1.014656e+00
527	6.084484e-01	4.718610e-01	2.891549e+00
528	6.371183e-01	4.664490e-01	2.478261e+00
529	4.943319e-01	4.641551e-01	1.898876e+00
530	6.214731e-01	5.542505e-01	1.188569e+00
531	6.018838e-01	4.598257e-01	2.785051e+00
532	5.484610e-01	3.726931e-01	2.945286e+00
533	6.584884e-01	4.970391e-01	2.458720e+00
534	3.322591e-01	3.137395e-01	2.673669e+00
535	6.494064e-01	4.931030e-01	1.399609e+00
536	5.783370e-01	4.844141e-01	2.604299e+00
537	4.365673e-01	5.041005e-01	1.529555e+00
538	5.913378e-01	5.563929e-01	2.823156e+00
539	2.815316e-01	1.524575e-01	2.826087e+00
540	7.329284e-01	3.050870e-01	2.844651e+00
541	4.435445e-01	5.537181e-01	2.290669e+00
542	4.080660e-01	4.885129e-01	2.570103e+00
543	5.159451e-01	3.275840e-01	2.396190e+00
544	4.231332e-01	5.839104e-01	1.318515e+00
545	4.780448e-01	4.175276e-01	2.605276e+00
546	4.694679e-01	4.863258e-01	2.683439e+00
547	2.870584e-01	3.494610e-01	1.587201e+00
548	7.416938e-01	4.816597e-01	1.375183e+00
549	5.851672e-01	2.998152e-01	2.298486e+00
551	5.607553e-01	3.878340e-01	2.983390e+00
552	2.772207e-01	5.290090e-01	1.195408e+00
553	6.457298e-01	4.975371e-01	2.414753e+00
554	2.237663e-01	4.836877e-01	1.843185e+00
555	3.354031e-01	5.880414e-01	2.396190e+00
556	4.348782e-01	4.311424e-01	3.000000e+00
557	6.065170e-01	4.123102e-01	2.728383e+00
558	3.802815e-01	4.323027e-01	1.133854e+00
559	5.497290e-01	5.266191e-01	1.944797e+00
560	3.131598e-01	3.400948e-01	2.883732e+00
561	5.523359e-01	5.367230e-01	2.383488e+00
562	2.795776e-01	5.621861e-01	2.506595e+00
563	2.491889e-01	4.943136e-01	1.786517e+00
564	4.341946e-01	6.041336e-01	2.893503e+00
565	5.979767e-01	5.181862e-01	2.981436e+00
566	2.827414e-01	1.223273e-01	2.663898e+00
567	5.374832e-01	4.924977e-01	2.227162e+00
568	4.277741e-01	3.735903e-01	1.527601e+00
569	3.250397e-01	3.929660e-01	2.610161e+00
570	5.523257e-01	4.671252e-01	1.058622e+00
571	5.414611e-01	5.660957e-01	2.782120e+00
572	4.273090e-01	6.673931e-01	1.518808e+00
573	6.705305e-01	4.300194e-01	2.109917e+00
574	6.147077e-01	5.692155e-01	2.074744e+00
575	6.380757e-01	4.830033e-01	2.319003e+00
576	3.075092e-01	2.136449e-01	1.290181e+00
577	6.459021e-01	5.138298e-01	1.286273e+00
578	5.969403e-01	6.715642e-01	1.881290e+00
579	8.505297e-01	5.235780e-01	1.664387e+00
580	1.846696e-01	8.880465e-01	1.242306e+00
581	6.611350e-01	2.624410e-01	1.927211e+00
582	6.191270e-01	5.206453e-01	2.820225e+00
583	4.182766e-01	5.106814e-01	2.792868e+00
584	5.227899e-01	3.850707e-01	1.201270e+00
585	7.818425e-01	4.535280e-01	1.898876e+00
586	6.380606e-01	5.362692e-01	1.782609e+00
587	4.028521e-01	4.534381e-01	1.561798e+00
588	5.685198e-01	5.264290e-01	2.282853e+00
589	6.418871e-01	5.129591e-01	2.210552e+00
590	6.093945e-01	4.173077e-01	1.020518e+00
591	7.230290e-01	2.941816e-01	1.784563e+00
592	4.728575e-01	4.981801e-01	1.275525e+00
593	6.304069e-01	5.150665e-01	1.212995e+00
594	7.449486e-01	2.582566e-01	2.964827e+00
595	6.046289e-01	4.051560e-01	2.079629e+00
596	6.799602e-01	5.741703e-01	1.187592e+00
597	4.683937e-01	5.796295e-01	1.258915e+00
598	1.971258e-01	4.883851e-01	1.999511e+00
599	5.989691e-01	4.462141e-01	1.264778e+00
600	5.450589e-01	3.611629e-01	1.110405e+00
601	2.370954e-01	2.242665e-01	1.107474e+00
602	3.067796e-01	6.582060e-01	1.070347e+00
603	6.189955e-01	4.396074e-01	2.400098e+00
604	5.139328e-01	3.852511e-01	2.871031e+00
605	6.012647e-01	5.331701e-01	2.739130e+00
606	6.440422e-01	5.399251e-01	2.061065e+00
607	6.789363e-01	2.730458e-01	1.073278e+00
608	5.213559e-01	4.216669e-01	2.799707e+00
609	5.189865e-01	5.915361e-01	2.010259e+00
610	5.246761e-01	3.315224e-01	1.700537e+00
611	5.931473e-01	4.303647e-01	1.339033e+00
612	4.290553e-01	4.396934e-01	2.227162e+00
613	4.006026e-01	4.345127e-01	2.482169e+00
614	5.977820e-01	3.739304e-01	2.958964e+00
615	5.578989e-01	4.688438e-01	1.443576e+00
616	3.598523e-01	4.308528e-01	2.381534e+00
617	5.027358e-01	4.597266e-01	1.971177e+00
618	6.464045e-01	5.083537e-01	2.960918e+00
619	2.052023e-01	7.479748e-02	1.812897e+00
620	2.483497e-01	2.503429e-01	1.170982e+00
621	4.143134e-01	4.334498e-01	1.277479e+00
622	7.662049e-01	5.926345e-01	1.176844e+00
623	5.090767e-01	4.475155e-01	1.636053e+00
624	7.486360e-01	2.630889e-01	2.336590e+00
625	5.615961e-01	5.544951e-01	1.343918e+00
626	6.175052e-01	4.419363e-01	1.905716e+00
627	6.767423e-01	2.625397e-01	1.784563e+00
628	6.144164e-01	4.521969e-01	2.063996e+00
629	6.428404e-01	4.461748e-01	2.497802e+00
630	4.379659e-01	4.373270e-01	2.870054e+00
631	5.345998e-01	5.055764e-01	1.729849e+00
632	4.954308e-01	7.492044e-01	2.290669e+00
633	5.664716e-01	5.758473e-01	2.841720e+00
634	5.986207e-01	4.849321e-01	2.195896e+00
635	2.820366e-01	1.230120e-01	1.601856e+00
636	3.695572e-01	4.053682e-01	2.449927e+00
637	6.482771e-01	5.490133e-01	1.462140e+00
638	5.588959e-01	5.413349e-01	2.041524e+00
639	6.068674e-01	5.356111e-01	2.061065e+00
641	7.618489e-01	2.571163e-01	2.205667e+00
642	6.131306e-01	4.653979e-01	2.184172e+00
643	6.612419e-01	2.599774e-01	2.747924e+00
644	6.117949e-01	5.638464e-01	2.909135e+00
645	6.291201e-01	4.900217e-01	2.777235e+00
646	6.301592e-01	4.282738e-01	1.295066e+00
647	5.636167e-01	2.501564e-01	1.050806e+00
648	8.123063e-01	1.137897e-01	1.191500e+00
649	6.455340e-01	3.693079e-01	1.198339e+00
650	4.499619e-01	6.016352e-01	2.656082e+00
651	4.436321e-01	4.398974e-01	1.692721e+00
652	8.031140e-01	2.490747e-01	2.330728e+00
653	5.487812e-01	5.610523e-01	1.906693e+00
654	2.751006e-01	4.652460e-01	2.192965e+00
655	6.450789e-01	4.120817e-01	1.200293e+00
656	6.235241e-01	5.395412e-01	2.361016e+00
657	5.689397e-01	5.455676e-01	2.080606e+00
658	5.959160e-01	3.712493e-01	2.017098e+00
659	6.156906e-01	6.369356e-01	2.191011e+00
660	3.195755e-01	3.029472e-01	1.667318e+00
661	5.651826e-01	5.454948e-01	2.229116e+00
662	7.516868e-01	3.670009e-01	1.188569e+00
663	5.730957e-01	5.135443e-01	2.714704e+00
664	5.686075e-01	5.435905e-01	1.979971e+00
665	4.693274e-01	5.851800e-01	2.954079e+00
666	5.064666e-01	9.481572e-02	1.803127e+00
667	7.054811e-01	5.304725e-01	1.039082e+00
668	1.559483e-01	5.396227e-01	1.893014e+00
669	2.523642e-01	2.474331e-01	1.778701e+00
670	1.887332e-01	9.143820e-01	1.807035e+00
671	6.725890e-01	4.514340e-01	1.102589e+00
672	7.464180e-01	3.409940e-01	1.879336e+00
673	7.192390e-01	3.212733e-01	1.984856e+00
674	5.946214e-01	5.610371e-01	2.238886e+00
675	4.452298e-01	6.645810e-01	2.868100e+00
676	6.013246e-01	3.855937e-01	2.748901e+00
677	5.037706e-01	5.231035e-01	1.578407e+00
678	5.472558e-01	4.031542e-01	1.621397e+00
679	5.656622e-01	5.578152e-01	2.657059e+00
680	2.427894e-01	4.320096e-01	2.404983e+00
681	3.044305e-01	2.003362e-01	2.272106e+00
682	4.734050e-01	4.737108e-01	1.463117e+00
683	4.696525e-01	4.933435e-01	2.316072e+00
684	6.101327e-01	4.427100e-01	2.334636e+00
685	6.923787e-01	5.903906e-01	1.365413e+00
686	6.658659e-01	5.797632e-01	2.105032e+00
687	7.076894e-01	4.555704e-01	1.339033e+00
688	5.939280e-01	4.371036e-01	2.932584e+00
689	5.884663e-01	3.714343e-01	2.378603e+00
690	5.937840e-01	5.234009e-01	1.833415e+00
691	4.418148e-01	4.287349e-01	1.663410e+00
692	5.459172e-01	6.196849e-01	2.251588e+00
693	6.009023e-01	5.558227e-01	1.766976e+00
694	4.014890e-01	4.424870e-01	1.575476e+00
695	4.450170e-01	5.622483e-01	2.771373e+00
696	4.165953e-01	3.752428e-01	2.787005e+00
697	6.211740e-01	4.694055e-01	1.959453e+00
698	6.525552e-01	5.229124e-01	2.187103e+00
699	6.107205e-01	4.969110e-01	2.430386e+00
700	6.455689e-01	3.902785e-01	2.679531e+00
701	5.227863e-01	3.954316e-01	2.191988e+00
702	6.441587e-01	3.748919e-01	2.945286e+00
703	6.268154e-01	5.496224e-01	2.793845e+00
704	6.218192e-01	5.094863e-01	2.132389e+00
705	4.478074e-01	5.771733e-01	1.627259e+00
706	5.925395e-01	3.770203e-01	1.623351e+00
707	6.467312e-01	3.645565e-01	2.772350e+00
708	5.452122e-01	5.277556e-01	1.552027e+00
709	3.252323e-01	6.382484e-01	1.180752e+00
710	4.426186e-01	5.286715e-01	1.632145e+00
711	1.441251e-01	1.539188e-01	1.680997e+00
712	5.870113e-01	1.381637e-02	2.828041e+00
713	5.361535e-01	4.705410e-01	1.703468e+00
714	6.819097e-01	3.968621e-01	1.471910e+00
715	2.006116e-01	4.366528e-01	2.368832e+00
716	6.852667e-01	4.237315e-01	1.961407e+00
717	6.006520e-01	4.453379e-01	1.756229e+00
718	6.621957e-01	5.080086e-01	2.987298e+00
719	5.964060e-01	3.708211e-01	2.332682e+00
720	6.178680e-01	5.150116e-01	1.097704e+00
722	6.086784e-01	4.700734e-01	1.704446e+00
723	5.984665e-01	5.355474e-01	1.853933e+00
724	6.273363e-01	3.937800e-01	2.829995e+00
725	6.702257e-01	2.722614e-01	2.232047e+00
726	4.507205e-01	5.020531e-01	2.587689e+00
727	3.883893e-01	4.777745e-01	2.698095e+00
729	7.392695e-01	3.356793e-01	1.212995e+00
730	2.519020e-01	7.054487e-01	1.502198e+00
731	5.956052e-01	5.214552e-01	2.614069e+00
732	5.624196e-01	5.207035e-01	2.880801e+00
733	6.141901e-01	5.221023e-01	1.956522e+00
734	6.006494e-01	3.790366e-01	2.745970e+00
735	2.033251e-01	8.970484e-01	1.179775e+00
736	6.798932e-01	2.319761e-01	1.935027e+00
737	6.081034e-01	4.697717e-01	1.975085e+00
738	6.169362e-01	4.429278e-01	1.067416e+00
739	6.308474e-01	3.418569e-01	2.024915e+00
740	4.038062e-01	4.416082e-01	2.810454e+00
741	6.382795e-01	4.202810e-01	2.428432e+00
742	6.296287e-01	4.092247e-01	1.957499e+00
743	8.793881e-01	2.570424e-01	2.306302e+00
744	5.741254e-01	5.683253e-01	2.557401e+00
745	3.909736e-01	6.509351e-01	1.243283e+00
746	6.332835e-01	3.991280e-01	2.429409e+00
747	5.841755e-01	4.931392e-01	2.523205e+00
748	6.503920e-01	3.326083e-01	2.842697e+00
749	6.133985e-01	5.049869e-01	2.247680e+00
750	6.122446e-01	4.570398e-01	2.000489e+00
751	6.182075e-01	5.289847e-01	2.446019e+00
752	5.253814e-01	3.982020e-01	2.360039e+00
753	2.324654e-01	1.798251e-01	2.567171e+00
754	6.017700e-01	4.880589e-01	2.415730e+00
755	5.892385e-01	5.544670e-01	1.989741e+00
756	5.497109e-01	4.094465e-01	2.908158e+00
757	5.727917e-01	5.458488e-01	2.731314e+00
758	6.029008e-01	5.238827e-01	2.544700e+00
759	5.630657e-01	5.515698e-01	2.890572e+00
760	6.149850e-01	4.380175e-01	1.654617e+00
761	5.367516e-01	5.093186e-01	1.008793e+00
762	4.576056e-01	4.883025e-01	1.260870e+00
763	2.781243e-01	1.561650e-01	1.347826e+00
764	6.514171e-01	4.755929e-01	1.325354e+00
765	6.047026e-01	5.077392e-01	1.420127e+00
766	7.343783e-01	2.978737e-01	2.845628e+00
767	6.397351e-01	5.520713e-01	1.853933e+00
768	5.854792e-01	3.798506e-01	1.303859e+00
769	3.939147e-01	3.386516e-01	1.294089e+00
770	3.112529e-01	5.995797e-01	1.675134e+00
771	5.475375e-01	4.809761e-01	2.417684e+00
772	5.454881e-01	3.727540e-01	2.053249e+00
773	6.189565e-01	4.575677e-01	1.276502e+00
774	5.102171e-01	4.695288e-01	2.779189e+00
775	2.865389e-01	5.239915e-02	1.984856e+00
776	2.637142e-01	4.597561e-01	2.295554e+00
777	6.256471e-01	4.978998e-01	1.652662e+00
778	6.112650e-01	3.903404e-01	2.464582e+00
779	6.011184e-01	5.213224e-01	1.763068e+00
780	7.501876e-01	4.462330e-01	2.026869e+00
781	5.936574e-01	4.153298e-01	1.160234e+00
782	5.376508e-01	4.616566e-01	2.302394e+00
783	4.712830e-01	5.270339e-01	1.384954e+00
784	5.021141e-01	3.969754e-01	2.598437e+00
785	6.062299e-01	5.155333e-01	2.130435e+00
786	7.152774e-01	4.515864e-01	1.690767e+00
787	4.362222e-01	3.981723e-01	1.940889e+00
788	6.574122e-01	4.990396e-01	2.099170e+00
