768
0	5.890839e-02	2.065997e-01	1.398632e+00
1	5.476177e-01	5.596229e-01	1.108451e+00
2	4.782727e-01	5.871199e-01	2.925745e+00
3	5.169265e-01	5.631948e-01	2.732291e+00
4	3.747612e-01	4.260982e-01	1.257938e+00
5	5.592276e-01	6.215577e-01	2.424524e+00
6	8.242921e-01	9.792196e-01	1.383000e+00
7	4.654124e-01	4.861972e-01	2.705911e+00
8	4.619033e-01	5.068431e-01	2.442110e+00
9	4.709281e-01	5.200381e-01	2.233024e+00
10	3.609065e-01	4.663927e-01	2.376649e+00
11	4.802769e-01	5.316712e-01	1.556913e+00
12	3.848031e-01	4.106149e-01	2.950171e+00
13	5.100764e-01	3.627713e-01	1.066439e+00
14	4.770584e-01	5.176696e-01	1.626282e+00
15	5.379631e-01	6.913773e-01	1.306790e+00
16	4.733692e-01	5.207924e-01	2.902296e+00
17	6.363001e-01	3.665677e-01	1.195408e+00
18	4.902788e-01	4.827304e-01	1.785540e+00
19	4.905627e-01	5.366749e-01	1.248168e+00
20	4.886001e-01	5.473918e-01	1.863703e+00
21	5.022749e-01	6.541449e-01	2.671715e+00
22	4.663412e-01	5.105222e-01	2.487054e+00
23	4.827168e-01	5.281407e-01	1.946751e+00
24	6.237540e-01	4.677635e-01	1.303859e+00
25	7.695726e-01	7.259706e-01	2.152907e+00
26	4.809974e-01	5.110001e-01	1.388862e+00
27	4.558232e-01	5.083950e-01	1.591109e+00
28	4.599640e-01	4.198725e-01	2.205667e+00
29	4.901926e-01	5.354097e-01	2.181241e+00
30	4.499781e-01	4.650349e-01	1.475818e+00
31	5.079293e-01	5.997384e-01	2.309233e+00
32	4.481313e-01	5.007807e-01	2.073766e+00
33	5.971685e-01	6.375509e-01	2.331705e+00
34	4.543998e-01	5.105465e-01	1.126038e+00
35	4.034786e-01	3.447438e-01	2.235955e+00
36	1.723451e-01	5.176482e-01	2.805569e+00
37	3.879495e-01	4.654680e-01	2.555447e+00
38	4.877205e-01	5.460009e-01	2.559355e+00
39	4.621655e-01	5.057373e-01	1.895945e+00
40	5.169191e-01	6.047866e-01	1.282364e+00
41	4.724678e-01	5.306234e-01	2.750855e+00
42	4.704703e-01	5.164473e-01	2.412799e+00
43	4.572545e-01	5.125606e-01	2.557401e+00
44	4.289093e-01	4.645115e-01	1.648754e+00
45	4.633513e-01	5.303203e-01	1.721055e+00
46	4.218037e-01	4.017087e-01	2.588666e+00
47	4.813547e-01	5.093924e-01	1.525647e+00
48	4.684357e-01	5.146978e-01	2.751832e+00
49	4.867756e-01	7.691785e-01	2.625794e+00
50	4.101199e-01	4.391666e-01	1.663410e+00
51	4.816197e-01	5.258680e-01	2.560332e+00
52	4.976061e-01	5.329190e-01	1.696629e+00
53	4.939848e-01	5.051386e-01	1.506106e+00
54	4.743306e-01	5.308675e-01	2.675623e+00
55	4.794827e-01	5.702963e-01	2.497802e+00
56	5.657649e-01	6.052099e-01	1.031265e+00
57	4.373633e-01	6.711970e-01	2.361993e+00
58	5.225994e-01	5.724971e-01	1.866634e+00
60	6.811873e-01	7.074726e-01	1.503175e+00
61	4.343693e-01	5.183135e-01	2.449927e+00
62	4.581996e-01	4.883889e-01	2.831949e+00
63	4.601220e-01	5.102630e-01	2.317049e+00
64	4.330164e-01	4.825267e-01	2.353200e+00
65	4.732285e-01	5.181191e-01	2.575965e+00
66	4.323794e-01	4.045912e-01	2.922814e+00
67	5.194400e-01	6.650186e-01	2.289692e+00
68	5.108176e-01	5.450422e-01	2.766488e+00
69	4.476143e-01	5.171336e-01	1.522716e+00
70	4.530722e-01	6.021119e-01	2.769419e+00
71	4.544286e-01	4.903418e-01	1.110405e+00
72	5.336592e-01	5.601505e-01	1.412311e+00
73	4.700756e-01	4.822353e-01	1.951637e+00
74	3.567415e-01	7.201281e-01	1.449438e+00
75	5.278391e-01	7.110641e-01	2.176356e+00
76	4.917378e-01	5.642163e-01	1.212995e+00
77	4.396810e-01	5.209522e-01	1.872496e+00
78	4.953936e-01	5.422972e-01	1.606742e+00
79	3.971562e-01	4.174665e-01	1.183683e+00
80	4.675547e-01	5.306304e-01	2.736199e+00
81	4.702602e-01	5.180064e-01	1.617489e+00
82	5.004334e-01	6.053439e-01	2.456766e+00
83	4.546654e-01	4.301338e-01	1.406448e+00
84	5.359742e-01	5.728770e-01	2.453835e+00
85	4.788444e-01	5.176077e-01	2.712750e+00
86	4.797133e-01	5.312488e-01	2.877870e+00
87	4.305987e-01	2.868846e-01	1.533464e+00
88	5.102427e-01	6.311453e-01	2.169516e+00
89	4.484565e-01	4.602600e-01	2.483146e+00
90	4.188255e-01	4.557341e-01	1.538349e+00
91	4.475526e-01	5.075571e-01	1.117245e+00
92	4.987035e-01	5.283007e-01	2.709819e+00
93	4.471100e-01	4.891601e-01	2.929653e+00
94	4.917014e-01	5.586461e-01	2.125550e+00
95	3.398428e-01	6.020350e-01	2.148999e+00
96	4.889915e-01	4.937707e-01	1.206155e+00
98	4.716948e-01	5.180191e-01	1.997557e+00
99	4.044536e-01	5.163632e-01	1.753298e+00
100	4.540015e-01	5.156281e-01	1.491451e+00
101	4.731098e-01	5.160201e-01	2.381534e+00
102	4.415274e-01	4.873904e-01	1.837323e+00
103	4.529862e-01	5.175486e-01	2.723498e+00
104	4.878572e-01	3.816190e-01	1.216903e+00
105	4.401035e-01	4.937493e-01	1.385931e+00
107	4.705111e-01	5.450469e-01	1.887152e+00
108	3.917536e-01	7.320990e-01	1.869565e+00
109	5.226163e-01	4.891720e-01	2.657059e+00
110	4.452412e-01	5.586613e-01	1.905716e+00
111	4.962113e-01	4.780264e-01	2.319980e+00
113	4.125761e-01	6.158803e-01	1.155349e+00
114	4.897683e-01	5.285476e-01	1.261847e+00
115	5.232184e-01	6.972837e-01	1.308745e+00
116	6.228928e-01	2.532282e-01	1.148510e+00
117	4.479596e-01	4.396447e-01	1.865657e+00
118	4.646543e-01	4.839762e-01	2.988276e+00
119	5.005302e-01	3.996617e-01	1.479726e+00
120	4.292674e-01	4.385499e-01	2.095261e+00
121	4.055085e-01	4.900929e-01	2.442110e+00
122	4.965397e-01	5.108168e-01	1.070347e+00
123	5.432079e-01	5.506681e-01	1.417196e+00
124	4.866557e-01	5.348551e-01	2.817294e+00
126	5.056621e-01	5.273741e-01	2.738153e+00
127	4.121545e-01	4.735435e-01	2.338544e+00
128	5.834274e-01	8.070809e-01	1.282364e+00
129	4.666089e-01	5.339138e-01	2.676600e+00
130	5.642791e-01	7.994823e-01	2.443087e+00
132	3.167650e-01	3.467875e-01	1.220811e+00
133	3.821028e-01	5.884768e-01	2.407914e+00
134	4.201504e-01	4.091566e-01	2.277968e+00
135	4.890261e-01	5.120918e-01	2.409868e+00
136	4.819394e-01	4.781781e-01	2.083537e+00
137	4.123436e-01	5.432941e-01	2.286761e+00
138	7.100735e-01	1.920619e-01	1.194431e+00
139	4.847179e-01	5.037090e-01	2.818271e+00
140	4.427407e-01	6.084332e-01	2.827064e+00
141	4.617064e-01	5.459045e-01	1.684905e+00
142	4.655907e-01	5.157596e-01	1.999511e+00
143	4.743153e-01	5.064239e-01	1.956522e+00
144	4.735714e-01	5.295480e-01	2.323889e+00
145	4.484791e-01	5.599463e-01	2.501710e+00
146	2.474618e-01	3.921477e-01	2.395213e+00
147	4.976287e-01	5.073135e-01	2.719590e+00
148	4.736118e-01	5.190854e-01	2.937469e+00
149	4.828002e-01	4.436770e-01	2.803615e+00
150	4.590304e-01	7.007104e-01	1.794333e+00
151	4.621213e-01	5.351300e-01	2.611138e+00
152	4.754670e-01	4.343167e-01	1.724963e+00
153	4.760944e-01	4.863834e-01	1.983879e+00
154	4.708418e-01	5.169042e-01	2.181241e+00
155	4.457230e-01	4.827386e-01	1.295066e+00
156	4.351514e-01	3.938139e-01	1.970200e+00
157	4.923274e-01	5.054163e-01	2.387396e+00
158	4.769047e-01	4.137278e-01	2.386419e+00
159	3.509223e-01	5.593346e-01	2.647289e+00
160	4.632673e-01	5.105809e-01	1.686859e+00
161	4.799919e-01	5.508721e-01	1.553981e+00
162	4.641739e-01	4.868840e-01	1.764045e+00
163	3.599317e-01	4.183515e-01	1.632145e+00
164	4.713082e-01	5.202667e-01	1.235467e+00
165	4.866095e-01	5.354783e-01	2.251588e+00
166	4.372697e-01	5.003436e-01	1.751343e+00
167	5.770503e-01	4.087459e-01	1.715193e+00
168	4.734286e-01	5.182977e-01	2.109917e+00
169	4.432269e-01	4.660881e-01	2.137274e+00
170	5.054081e-01	4.662667e-01	2.099170e+00
171	4.510800e-01	4.846494e-01	2.057157e+00
172	4.150431e-01	5.038480e-01	2.246702e+00
173	5.113145e-01	5.321392e-01	1.894968e+00
174	5.692692e-01	5.057373e-01	2.453835e+00
175	4.767486e-01	5.509854e-01	2.834880e+00
176	4.913215e-01	4.636591e-01	2.215437e+00
177	4.667461e-01	5.124747e-01	2.153884e+00
178	4.710186e-01	5.209911e-01	2.475330e+00
179	4.231061e-01	3.498103e-01	1.274548e+00
180	4.803151e-01	5.425598e-01	2.127504e+00
181	4.925384e-01	5.343133e-01	1.790425e+00
182	3.306949e-01	4.259779e-01	1.736688e+00
183	4.356133e-01	5.567656e-01	1.692721e+00
184	4.428640e-01	4.130435e-01	2.042501e+00
185	4.495935e-01	5.320022e-01	1.468979e+00
186	4.965801e-01	5.441127e-01	1.784563e+00
188	4.527211e-01	4.981284e-01	1.839277e+00
189	4.579790e-01	5.232111e-01	1.175867e+00
190	5.463323e-01	4.748848e-01	2.807523e+00
191	4.936814e-01	3.235301e-01	2.811431e+00
192	4.785038e-01	4.701740e-01	1.192477e+00
193	5.999934e-01	4.177291e-01	1.620420e+00
194	3.251862e-01	5.606335e-01	2.624817e+00
195	4.676545e-01	5.178161e-01	2.806546e+00
196	5.583257e-01	6.858743e-01	1.763068e+00
197	2.764620e-01	4.535638e-01	2.060088e+00
198	4.912598e-01	4.133732e-01	2.458720e+00
199	4.358799e-01	4.594995e-01	2.463605e+00
200	5.536886e-01	5.967950e-01	1.141671e+00
201	4.603464e-01	5.237934e-01	1.146556e+00
202	4.925594e-01	5.242910e-01	1.395701e+00
203	4.495452e-01	4.425459e-01	1.755252e+00
204	4.920736e-01	5.298170e-01	2.901319e+00
205	4.532717e-01	4.175534e-01	2.123596e+00
206	4.693626e-01	2.525249e-01	1.652662e+00
207	4.489394e-01	4.714594e-01	1.199316e+00
208	4.446260e-01	4.817153e-01	2.170493e+00
209	5.068134e-01	5.114824e-01	2.733268e+00
210	4.478091e-01	6.332966e-01	1.545188e+00
211	4.901318e-01	5.152325e-01	1.376160e+00
212	4.544484e-01	5.148427e-01	1.621397e+00
213	4.792592e-01	5.057448e-01	1.883244e+00
214	4.861741e-01	5.139726e-01	1.612604e+00
215	4.917858e-01	5.499348e-01	2.909135e+00
216	4.694002e-01	5.100624e-01	1.354665e+00
217	4.792303e-01	4.969509e-01	2.770396e+00
218	6.260729e-01	6.107211e-01	2.148999e+00
219	5.053078e-01	5.283764e-01	2.624817e+00
220	4.344686e-01	4.577481e-01	2.697118e+00
221	4.546160e-01	5.201680e-01	1.938935e+00
222	3.295004e-01	3.500608e-01	1.854910e+00
223	4.362521e-01	5.169172e-01	2.625794e+00
224	4.617794e-01	5.787976e-01	2.984367e+00
225	4.683984e-01	4.969058e-01	2.693210e+00
226	4.899417e-01	5.373171e-01	2.276014e+00
227	4.715433e-01	5.573062e-01	1.245237e+00
228	4.798525e-01	5.176258e-01	1.489497e+00
229	4.829994e-01	5.210029e-01	2.305325e+00
230	4.761879e-01	5.150125e-01	2.689301e+00
231	4.321348e-01	4.791912e-01	1.346849e+00
232	4.971225e-01	5.581497e-01	2.447973e+00
233	4.927233e-01	4.707516e-01	1.591109e+00
234	3.342493e-01	5.580630e-01	1.931119e+00
235	5.103102e-01	5.355732e-01	2.687347e+00
236	4.727229e-01	5.189516e-01	2.787982e+00
237	4.625032e-01	5.066211e-01	1.510015e+00
238	4.883309e-01	5.222024e-01	2.193942e+00
239	5.245654e-01	5.478438e-01	2.918906e+00
240	4.102184e-01	4.440792e-01	1.734734e+00
241	4.229499e-01	4.763689e-01	1.119199e+00
242	3.324612e-01	5.467185e-01	1.631168e+00
243	5.332774e-01	5.313223e-01	1.258915e+00
244	5.487131e-01	5.764632e-01	2.458720e+00
245	5.295179e-01	6.051948e-01	2.134343e+00
246	4.800038e-01	5.221319e-01	2.662921e+00
247	4.823879e-01	4.950263e-01	2.924768e+00
248	4.811265e-01	5.927713e-01	2.983390e+00
250	8.006922e-01	8.268140e-01	2.763556e+00
251	6.949021e-01	6.646507e-01	2.374695e+00
252	3.818517e-01	5.068772e-01	1.703468e+00
253	4.620810e-01	5.086595e-01	1.246214e+00
254	3.544752e-01	3.550207e-01	2.925745e+00
255	4.626781e-01	5.043821e-01	1.857841e+00
256	4.724632e-01	5.267298e-01	2.601368e+00
257	4.475954e-01	4.819809e-01	2.413776e+00
258	4.838188e-01	5.415440e-01	2.569126e+00
259	5.630677e-01	6.095066e-01	1.865657e+00
260	4.750751e-01	5.184516e-01	2.574988e+00
261	4.964504e-01	5.311775e-01	1.598925e+00
262	3.638120e-01	4.633756e-01	2.264289e+00
263	5.315726e-01	4.790208e-01	1.176844e+00
264	5.402829e-01	5.979719e-01	1.061553e+00
265	4.709358e-01	5.169398e-01	2.526136e+00
266	4.505394e-01	4.432082e-01	1.928188e+00
267	4.665674e-01	4.962420e-01	2.006351e+00
268	4.530511e-01	4.894078e-01	1.041036e+00
269	1.647144e-01	4.582544e-01	1.793356e+00
270	5.006501e-01	6.074226e-01	1.860772e+00
271	4.893396e-01	5.476415e-01	1.389839e+00
272	4.664123e-01	5.064697e-01	1.052760e+00
273	5.330949e-01	7.037564e-01	1.156326e+00
274	5.452410e-01	5.653060e-01	1.981925e+00
275	3.027161e-01	3.773913e-01	2.256473e+00
276	4.673825e-01	4.774098e-01	2.368832e+00
277	4.694005e-01	4.903352e-01	2.024915e+00
279	4.915060e-01	5.160185e-01	1.348803e+00
280	4.892804e-01	3.552865e-01	2.472399e+00
281	3.932634e-01	6.616497e-01	2.288715e+00
282	5.464269e-01	5.727980e-01	2.745970e+00
283	4.860319e-01	4.509942e-01	2.490962e+00
284	6.140160e-01	6.226287e-01	2.515388e+00
285	1.624064e-01	4.101042e-01	1.545188e+00
286	4.645969e-01	5.032877e-01	2.662921e+00
287	4.430637e-01	4.430856e-01	2.264289e+00
288	4.412129e-01	4.905813e-01	2.905227e+00
289	4.339297e-01	5.028300e-01	1.058622e+00
290	5.021685e-01	5.052016e-01	2.152907e+00
291	8.183721e-01	9.713107e-01	2.784074e+00
292	4.789588e-01	5.227168e-01	2.445042e+00
293	5.139881e-01	6.998554e-01	2.852467e+00
294	4.836874e-01	4.783123e-01	2.070835e+00
295	5.137508e-01	5.131166e-01	1.406448e+00
296	5.513404e-01	7.099729e-01	1.751343e+00
297	4.662859e-01	5.863186e-01	2.077675e+00
298	4.623576e-01	4.138346e-01	1.601856e+00
299	4.670957e-01	4.726605e-01	2.048363e+00
300	5.057493e-01	5.295565e-01	2.781143e+00
301	4.693048e-01	5.193983e-01	2.779189e+00
302	5.028630e-01	5.576778e-01	2.617978e+00
303	5.683330e-01	5.760553e-01	1.698583e+00
304	4.168053e-01	3.942464e-01	1.948705e+00
305	4.974554e-01	5.348529e-01	1.416219e+00
306	8.366187e-01	2.294794e-01	1.745481e+00
307	4.672859e-01	5.092434e-01	2.291646e+00
308	5.506532e-01	7.314731e-01	1.868588e+00
309	5.201690e-01	4.395116e-01	2.511480e+00
310	4.937447e-01	5.397278e-01	2.596483e+00
311	4.876369e-01	5.744516e-01	2.855398e+00
312	4.281922e-01	4.585677e-01	1.312653e+00
313	5.237907e-01	6.044865e-01	1.787494e+00
314	4.726739e-01	5.153788e-01	2.252565e+00
315	5.476863e-01	5.703524e-01	1.978017e+00
316	6.396098e-01	4.718058e-01	2.965804e+00
317	4.652666e-01	5.143686e-01	2.221299e+00
318	3.224234e-01	4.323217e-01	1.701514e+00
319	5.060064e-01	5.594579e-01	1.135809e+00
320	4.770521e-01	4.797916e-01	2.997069e+00
322	4.454582e-01	3.884412e-01	2.362970e+00
323	4.609882e-01	5.164666e-01	2.553493e+00
324	4.495184e-01	5.134764e-01	1.347826e+00
325	4.239328e-01	4.177315e-01	2.896434e+00
326	4.718194e-01	5.232025e-01	1.857841e+00
327	4.304167e-01	4.313627e-01	1.669272e+00
328	4.579340e-01	4.975617e-01	1.726917e+00
329	4.552685e-01	4.858840e-01	2.604299e+00
330	4.766615e-01	4.385958e-01	2.089399e+00
331	5.100083e-01	5.366099e-01	1.552027e+00
332	4.764070e-01	5.025571e-01	1.769907e+00
333	5.103514e-01	5.612472e-01	1.382022e+00
334	2.500488e-01	3.196676e-01	2.510503e+00
335	4.198421e-01	5.264414e-01	1.640938e+00
336	4.654592e-01	5.058723e-01	2.933561e+00
337	3.821890e-01	3.985501e-01	1.033219e+00
338	4.775454e-01	5.301019e-01	1.408403e+00
339	4.566333e-01	5.114187e-01	2.767465e+00
340	4.669406e-01	5.175550e-01	1.526624e+00
341	5.035830e-01	6.531818e-01	1.456277e+00
342	4.535135e-01	4.877048e-01	1.054714e+00
343	4.649155e-01	5.764572e-01	2.601368e+00
344	3.950825e-01	4.205088e-01	2.193942e+00
346	4.476860e-01	4.720520e-01	1.564729e+00
347	4.656886e-01	5.432547e-01	1.679043e+00
348	5.240222e-01	3.252453e-01	2.034685e+00
349	4.661312e-01	4.913032e-01	2.564240e+00
350	4.764110e-01	5.643847e-01	2.311187e+00
351	4.895689e-01	2.948701e-01	1.297997e+00
352	4.627622e-01	5.118654e-01	2.873962e+00
353	4.812972e-01	3.725123e-01	2.202736e+00
354	4.742217e-01	5.208900e-01	2.653151e+00
355	2.973259e-01	6.042479e-01	2.461651e+00
356	4.577748e-01	5.082124e-01	1.679043e+00
357	4.692983e-01	5.439268e-01	2.991207e+00
358	3.888404e-01	4.448510e-01	2.857352e+00
359	4.322992e-01	4.093625e-01	1.913532e+00
360	4.225536e-01	6.682619e-01	1.216903e+00
361	4.391840e-01	4.546243e-01	1.214949e+00
362	5.037703e-01	5.381693e-01	1.005862e+00
363	4.972475e-01	5.611507e-01	2.227162e+00
364	4.692854e-01	5.042444e-01	1.723009e+00
366	4.977140e-01	4.140466e-01	1.692721e+00
367	4.864474e-01	4.948607e-01	1.154372e+00
368	5.027162e-01	5.408417e-01	1.851001e+00
369	4.696424e-01	5.245720e-01	2.418661e+00
370	4.191992e-01	4.575612e-01	1.874450e+00
371	3.792791e-01	5.271831e-01	1.591109e+00
372	4.715326e-01	4.834502e-01	2.199805e+00
373	4.916617e-01	6.206792e-01	2.208598e+00
374	4.223138e-01	4.247865e-01	1.322423e+00
375	4.372998e-01	4.679723e-01	2.361016e+00
376	5.004715e-01	6.525563e-01	1.815828e+00
377	4.755013e-01	5.194617e-01	1.328285e+00
378	4.619613e-01	5.263177e-01	1.883244e+00
379	6.050952e-01	6.861654e-01	1.599902e+00
380	4.830048e-01	5.157883e-01	2.343429e+00
381	4.675666e-01	4.900048e-01	1.835369e+00
383	5.981351e-01	3.447473e-01	1.698583e+00
384	4.866927e-01	4.501983e-01	2.761602e+00
385	4.066006e-01	8.612492e-01	1.961407e+00
386	4.261074e-01	4.579993e-01	2.449927e+00
387	4.309169e-01	4.591065e-01	2.669761e+00
388	4.983652e-01	4.047779e-01	2.597460e+00
389	4.675221e-01	5.040611e-01	2.960918e+00
390	4.918878e-01	5.335438e-01	1.655594e+00
391	4.169393e-01	4.536879e-01	2.572057e+00
392	4.935194e-01	5.590742e-01	1.234489e+00
393	4.725237e-01	4.898075e-01	1.607719e+00
394	4.761268e-01	5.131539e-01	2.643381e+00
395	6.241732e-01	3.696743e-01	1.233512e+00
397	6.793666e-01	3.342762e-01	1.083048e+00
398	4.807071e-01	3.789974e-01	2.453835e+00
399	4.588235e-01	5.997259e-01	2.169516e+00
400	5.193949e-01	5.579243e-01	1.634099e+00
401	4.195221e-01	3.379189e-01	1.314607e+00
402	5.138887e-01	5.444093e-01	2.292623e+00
403	4.367804e-01	3.231974e-01	1.759160e+00
404	5.140867e-01	5.316751e-01	2.942355e+00
405	4.120857e-01	4.060286e-01	1.358574e+00
406	4.321529e-01	4.564575e-01	1.474841e+00
407	4.542091e-01	5.273828e-01	2.850513e+00
408	5.636452e-01	3.287175e-01	2.543723e+00
409	5.009264e-01	5.180738e-01	1.170005e+00
410	5.007436e-01	5.089147e-01	2.011236e+00
411	3.906656e-01	5.055683e-01	2.982413e+00
412	7.482121e-01	2.085633e-01	1.578407e+00
413	4.352180e-01	4.726947e-01	2.904250e+00
414	4.473408e-01	4.904705e-01	2.948217e+00
415	4.694639e-01	5.270849e-01	1.856864e+00
416	4.997560e-01	5.424028e-01	1.780655e+00
417	4.815848e-01	4.778436e-01	1.223742e+00
418	4.812430e-01	5.592003e-01	2.928676e+00
419	4.675949e-01	4.755684e-01	1.055691e+00
420	4.922218e-01	4.949572e-01	2.823156e+00
421	4.696390e-01	5.222574e-01	2.886663e+00
422	4.756435e-01	5.387446e-01	1.391793e+00
423	4.299674e-01	5.962950e-01	1.467025e+00
424	4.654820e-01	5.056391e-01	1.512946e+00
425	2.864295e-01	4.448056e-01	1.960430e+00
426	2.733872e-01	4.408446e-01	2.254519e+00
427	5.442224e-01	6.029499e-01	2.899365e+00
428	4.486193e-01	5.225676e-01	1.247191e+00
429	4.714917e-01	5.327849e-01	1.802149e+00
430	4.798467e-01	4.874549e-01	1.663410e+00
431	4.800021e-01	3.398097e-01	2.556424e+00
432	6.424729e-02	2.280159e-01	2.947240e+00
433	4.643672e-01	5.050640e-01	2.475330e+00
434	4.591719e-01	4.694300e-01	2.923791e+00
435	4.350170e-01	5.890501e-01	2.906204e+00
437	5.294342e-01	5.543856e-01	2.476307e+00
438	5.352180e-01	4.047528e-01	2.065950e+00
439	4.730383e-01	5.199250e-01	1.983879e+00
440	4.311073e-01	3.833899e-01	1.637030e+00
441	4.893301e-01	3.914159e-01	1.338056e+00
442	4.026788e-01	4.217364e-01	2.406937e+00
443	5.058530e-01	5.964014e-01	1.422081e+00
444	5.217681e-01	6.359768e-01	2.956033e+00
445	4.700576e-01	5.294750e-01	2.601368e+00
446	2.478674e-01	3.195413e-01	1.846116e+00
447	4.855595e-01	5.431838e-01	1.264778e+00
448	5.311581e-01	5.789418e-01	1.119199e+00
449	4.348408e-01	4.488217e-01	1.956522e+00
450	6.229458e-01	2.782771e-01	2.971666e+00
451	4.699219e-01	5.163180e-01	2.149976e+00
452	4.663476e-01	6.084975e-01	1.574499e+00
453	4.174144e-01	3.661102e-01	1.775769e+00
455	4.555598e-01	4.930072e-01	2.984367e+00
456	4.496883e-01	4.735525e-01	1.577430e+00
457	4.834041e-01	5.964694e-01	2.955056e+00
458	4.850993e-01	5.014487e-01	2.865169e+00
459	4.372032e-01	4.620614e-01	1.672203e+00
461	4.263387e-01	8.031834e-01	2.513434e+00
462	4.966321e-01	5.585099e-01	1.853933e+00
463	4.652609e-01	4.879604e-01	2.858329e+00
464	5.439249e-01	5.871969e-01	1.574499e+00
465	5.086954e-01	4.532798e-01	1.432829e+00
466	4.749923e-01	5.178665e-01	1.500244e+00
467	5.577167e-01	5.703754e-01	1.323400e+00
468	4.871890e-01	5.094555e-01	2.147044e+00
469	4.855904e-01	5.134379e-01	2.698095e+00
470	4.709606e-01	5.292905e-01	1.364436e+00
471	3.810959e-01	3.416855e-01	2.076698e+00
472	4.775174e-01	5.134231e-01	2.011236e+00
473	5.877395e-01	6.205364e-01	1.215926e+00
474	4.774849e-01	5.132303e-01	2.299463e+00
475	4.997063e-01	5.421291e-01	1.683928e+00
476	4.861461e-01	5.006466e-01	2.081583e+00
477	4.875360e-01	5.586860e-01	2.350269e+00
478	5.493456e-01	4.639965e-01	2.728383e+00
479	5.403498e-01	6.547387e-01	1.194431e+00
480	5.015829e-01	3.511535e-01	2.515388e+00
481	3.861258e-01	2.844085e-01	1.865657e+00
482	4.110122e-01	4.117411e-01	1.802149e+00
483	5.074396e-01	5.442505e-01	1.367367e+00
484	5.336414e-01	5.941765e-01	1.148510e+00
485	4.441754e-01	3.819126e-01	2.427455e+00
486	4.125462e-01	6.473436e-01	2.196873e+00
487	4.400122e-01	4.275948e-01	2.386419e+00
488	4.304144e-01	4.518076e-01	1.294089e+00
489	5.309707e-01	5.706070e-01	1.687836e+00
490	5.495748e-01	4.840135e-01	1.146556e+00
491	4.352043e-01	7.245335e-01	1.597948e+00
492	4.345404e-01	4.972328e-01	2.412799e+00
493	4.868840e-01	6.178444e-01	1.227650e+00
494	5.657216e-01	5.752364e-01	2.522228e+00
495	4.656323e-01	5.031647e-01	1.437714e+00
496	4.788543e-01	5.207770e-01	1.523693e+00
497	5.659961e-01	4.209422e-01	1.221788e+00
498	4.633569e-01	5.377245e-01	1.652662e+00
499	3.844670e-01	4.039403e-01	1.269663e+00
500	4.706870e-01	5.141663e-01	2.967758e+00
501	4.825335e-01	5.201396e-01	2.546654e+00
502	4.948984e-01	2.137551e-01	1.818759e+00
503	5.239910e-01	5.486389e-01	1.919394e+00
504	4.888142e-01	5.296424e-01	2.563263e+00
505	4.496364e-01	3.675944e-01	1.451392e+00
506	5.813259e-01	5.500434e-01	1.718124e+00
507	4.667017e-01	5.214020e-01	1.207132e+00
508	4.786550e-01	5.207674e-01	1.236444e+00
509	5.291237e-01	4.634375e-01	2.622863e+00
510	3.239478e-01	6.318898e-01	2.549585e+00
511	4.726672e-01	5.284126e-01	2.966781e+00
512	5.210958e-01	5.576342e-01	2.395213e+00
513	4.520678e-01	5.252226e-01	1.534441e+00
514	3.248773e-01	3.831906e-01	1.550073e+00
515	4.016603e-01	4.529787e-01	1.610650e+00
516	3.941286e-01	8.142792e-01	1.612604e+00
517	4.617179e-01	5.127999e-01	1.086957e+00
518	4.326477e-01	5.299895e-01	2.282853e+00
519	4.760985e-01	6.551023e-01	1.573522e+00
520	4.465784e-01	5.126889e-01	2.497802e+00
521	4.638265e-01	5.023870e-01	1.752320e+00
523	4.863523e-01	4.996600e-01	1.209086e+00
524	4.305355e-01	3.464324e-01	2.755740e+00
525	5.295402e-01	6.574233e-01	1.499267e+00
526	4.570964e-01	5.022729e-01	1.014656e+00
527	6.602076e-01	7.148500e-01	2.891549e+00
528	4.554547e-01	4.966966e-01	2.478261e+00
529	4.372100e-01	3.144277e-01	1.898876e+00
530	4.535689e-01	5.333934e-01	1.188569e+00
531	4.503414e-01	4.739959e-01	2.785051e+00
532	4.771857e-01	5.224301e-01	2.945286e+00
533	5.389005e-01	5.997402e-01	2.458720e+00
534	4.380625e-01	5.263630e-01	2.673669e+00
535	4.929233e-01	5.104260e-01	1.399609e+00
536	5.302571e-01	5.512401e-01	2.604299e+00
537	4.771430e-01	5.264205e-01	1.529555e+00
538	4.743501e-01	5.231594e-01	2.823156e+00
539	4.626893e-01	4.572327e-01	2.826087e+00
540	4.221900e-01	4.537331e-01	2.844651e+00
541	4.232504e-01	5.320783e-01	2.290669e+00
542	4.924182e-01	4.999973e-01	2.570103e+00
543	4.858658e-01	4.963536e-01	2.396190e+00
544	4.781815e-01	5.120494e-01	1.318515e+00
545	4.757874e-01	4.339256e-01	2.605276e+00
546	3.340371e-01	3.173713e-01	2.683439e+00
547	6.173491e-01	6.394563e-01	1.587201e+00
548	4.749682e-01	4.786201e-01	1.375183e+00
549	4.791459e-01	5.038511e-01	2.298486e+00
550	5.065118e-01	7.266869e-01	1.285296e+00
551	4.814209e-01	5.282081e-01	2.983390e+00
552	4.123060e-01	7.393321e-01	1.195408e+00
553	4.648737e-01	5.005525e-01	2.414753e+00
554	4.066163e-01	5.316958e-01	1.843185e+00
555	5.055497e-01	5.277827e-01	2.396190e+00
556	4.637645e-01	5.781328e-01	3.000000e+00
557	4.833753e-01	5.021948e-01	2.728383e+00
559	4.752550e-01	5.240446e-01	1.944797e+00
560	4.043647e-01	6.951312e-01	2.883732e+00
561	6.362722e-01	6.167742e-01	2.383488e+00
562	5.619646e-01	5.529224e-01	2.506595e+00
563	4.817494e-01	5.026503e-01	1.786517e+00
564	4.571314e-01	4.984663e-01	2.893503e+00
565	4.766714e-01	5.281820e-01	2.981436e+00
566	4.642344e-01	4.945332e-01	2.663898e+00
567	4.515990e-01	4.903387e-01	2.227162e+00
568	4.420166e-01	5.086112e-01	1.527601e+00
569	5.631598e-01	7.220087e-01	2.610161e+00
570	7.026982e-01	4.556583e-01	1.058622e+00
571	5.116909e-01	5.631207e-01	2.782120e+00
573	4.759651e-01	5.047401e-01	2.109917e+00
574	4.469930e-01	4.889628e-01	2.074744e+00
575	4.906979e-01	5.423009e-01	2.319003e+00
576	4.377017e-01	4.914827e-01	1.290181e+00
577	5.887639e-01	5.309244e-01	1.286273e+00
578	4.065413e-01	4.591872e-01	1.881290e+00
579	4.677382e-01	5.151766e-01	1.664387e+00
580	2.346951e-01	1.910958e-01	1.242306e+00
581	4.446895e-01	4.602615e-01	1.927211e+00
582	4.707352e-01	5.209421e-01	2.820225e+00
583	4.825803e-01	4.689027e-01	2.792868e+00
584	4.076560e-01	5.521085e-01	1.201270e+00
585	4.808921e-01	5.508957e-01	1.898876e+00
586	4.811377e-01	5.202773e-01	1.782609e+00
587	4.513178e-01	5.080628e-01	1.561798e+00
588	4.736077e-01	5.180992e-01	2.282853e+00
589	4.527032e-01	4.986536e-01	2.210552e+00
590	4.449853e-01	4.985532e-01	1.020518e+00
591	4.719519e-01	5.121888e-01	1.784563e+00
592	4.745259e-01	5.182213e-01	1.275525e+00
593	5.077474e-01	5.096217e-01	1.212995e+00
594	5.118114e-01	5.577231e-01	2.964827e+00
595	4.941415e-01	5.422392e-01	2.079629e+00
596	4.383649e-01	6.365633e-01	1.187592e+00
597	4.748876e-01	5.467662e-01	1.258915e+00
598	4.677262e-01	4.477180e-01	1.999511e+00
599	4.792640e-01	5.264817e-01	1.264778e+00
600	4.875566e-01	5.405351e-01	1.110405e+00
601	4.394677e-01	4.452337e-01	1.107474e+00
602	4.125781e-01	5.727450e-01	1.070347e+00
603	4.789263e-01	5.228209e-01	2.400098e+00
604	5.274782e-01	5.368006e-01	2.871031e+00
605	4.737190e-01	5.153161e-01	2.739130e+00
606	4.815014e-01	4.975449e-01	2.061065e+00
607	2.070040e-01	3.645274e-01	1.073278e+00
608	4.590059e-01	4.828967e-01	2.799707e+00
609	4.956784e-01	5.738848e-01	2.010259e+00
610	4.541628e-01	5.303480e-01	1.700537e+00
611	4.587487e-01	5.044064e-01	1.339033e+00
612	4.474336e-01	5.130305e-01	2.227162e+00
613	5.305946e-01	3.897478e-01	2.482169e+00
614	4.756666e-01	5.220430e-01	2.958964e+00
615	4.206469e-01	4.907755e-01	1.443576e+00
616	6.041001e-01	5.267567e-01	2.381534e+00
617	5.720579e-01	6.068128e-01	1.971177e+00
618	4.562149e-01	5.053432e-01	2.960918e+00
619	5.365932e-01	7.912551e-01	1.812897e+00
620	3.958354e-01	5.391612e-01	1.170982e+00
621	4.579679e-01	5.310703e-01	1.277479e+00
622	4.792574e-01	7.088612e-01	1.176844e+00
623	5.201440e-01	6.115536e-01	1.636053e+00
624	3.950326e-01	4.061837e-01	2.336590e+00
625	4.990066e-01	4.909219e-01	1.343918e+00
626	4.510522e-01	5.096676e-01	1.905716e+00
627	4.256470e-01	4.578057e-01	1.784563e+00
628	4.653889e-01	5.307272e-01	2.063996e+00
629	4.797724e-01	5.148058e-01	2.497802e+00
630	5.003759e-01	4.961536e-01	2.870054e+00
631	5.215018e-01	5.582156e-01	1.729849e+00
632	4.734832e-01	5.905020e-01	2.290669e+00
633	4.739938e-01	5.199531e-01	2.841720e+00
634	4.672825e-01	5.148830e-01	2.195896e+00
635	4.727787e-01	4.465317e-01	1.601856e+00
636	4.299772e-01	4.542748e-01	2.449927e+00
637	4.739980e-01	4.700081e-01	1.462140e+00
638	4.738513e-01	5.208658e-01	2.041524e+00
639	4.725671e-01	5.193263e-01	2.061065e+00
640	6.002250e-01	6.955448e-01	2.130435e+00
641	3.825059e-01	2.786023e-01	2.205667e+00
642	4.751010e-01	5.194928e-01	2.184172e+00
643	4.326292e-01	5.551005e-01	2.747924e+00
644	2.836070e-01	4.668177e-01	2.909135e+00
645	4.803720e-01	5.242030e-01	2.777235e+00
646	4.825711e-01	5.128897e-01	1.295066e+00
647	3.775863e-01	5.196054e-01	1.050806e+00
648	3.019058e-01	4.510812e-01	1.191500e+00
649	4.742620e-01	5.056127e-01	1.198339e+00
650	4.927323e-01	5.098815e-01	2.656082e+00
651	4.639955e-01	4.866776e-01	1.692721e+00
652	8.321376e-01	7.041806e-01	2.330728e+00
653	4.897440e-01	5.489607e-01	1.906693e+00
654	4.554005e-01	5.460034e-01	2.192965e+00
655	4.932345e-01	5.629908e-01	1.200293e+00
656	4.797022e-01	5.333671e-01	2.361016e+00
657	6.087121e-01	6.692853e-01	2.080606e+00
658	4.687767e-01	5.232840e-01	2.017098e+00
659	4.268584e-01	4.469368e-01	2.191011e+00
660	4.385975e-01	5.015166e-01	1.667318e+00
661	5.622147e-01	6.384734e-01	2.229116e+00
662	5.916805e-01	6.439438e-01	1.188569e+00
663	4.703123e-01	5.709896e-01	2.714704e+00
664	5.069255e-01	5.752012e-01	1.979971e+00
665	4.398395e-01	4.314032e-01	2.954079e+00
666	7.478067e-01	6.324195e-01	1.803127e+00
667	4.395971e-01	5.031646e-01	1.039082e+00
668	4.102805e-01	6.939005e-01	1.893014e+00
669	5.617534e-01	6.188238e-01	1.778701e+00
670	2.492347e-01	3.272627e-01	1.807035e+00
671	4.947497e-01	5.668695e-01	1.102589e+00
672	4.160439e-01	7.390301e-01	1.879336e+00
673	4.118349e-01	5.390904e-01	1.984856e+00
674	4.734513e-01	5.188693e-01	2.238886e+00
675	4.942031e-01	5.327337e-01	2.868100e+00
676	4.842978e-01	5.133686e-01	2.748901e+00
677	2.828215e-01	4.749998e-01	1.578407e+00
678	4.516224e-01	4.776976e-01	1.621397e+00
679	4.763783e-01	5.170940e-01	2.657059e+00
680	4.533300e-01	4.869997e-01	2.404983e+00
681	4.299265e-01	4.931689e-01	2.272106e+00
682	5.310939e-01	5.732107e-01	1.463117e+00
683	4.639792e-01	5.138462e-01	2.316072e+00
684	4.694487e-01	5.113253e-01	2.334636e+00
685	5.962726e-01	5.354440e-01	1.365413e+00
686	3.345812e-01	5.409865e-01	2.105032e+00
687	4.684872e-01	5.056184e-01	1.339033e+00
688	4.765872e-01	5.105395e-01	2.932584e+00
689	4.813695e-01	5.218665e-01	2.378603e+00
690	4.709278e-01	5.141838e-01	1.833415e+00
691	5.246235e-01	6.940493e-01	1.663410e+00
692	4.779391e-01	4.705237e-01	2.251588e+00
693	3.029514e-01	4.735336e-01	1.766976e+00
694	5.899026e-01	6.365779e-01	1.575476e+00
695	4.457209e-01	3.589577e-01	2.771373e+00
696	4.728203e-01	5.142191e-01	2.787005e+00
697	4.769032e-01	5.263902e-01	1.959453e+00
698	4.651518e-01	4.987918e-01	2.187103e+00
699	4.725741e-01	5.192166e-01	2.430386e+00
700	4.799268e-01	4.823640e-01	2.679531e+00
701	5.219426e-01	5.788862e-01	2.191988e+00
702	5.379064e-01	6.091508e-01	2.945286e+00
703	4.583254e-01	5.186366e-01	2.793845e+00
704	4.768519e-01	4.791747e-01	2.132389e+00
705	7.448482e-01	6.300250e-01	1.627259e+00
706	4.655991e-01	5.172130e-01	1.623351e+00
707	4.856678e-01	5.179835e-01	2.772350e+00
708	4.697433e-01	5.076219e-01	1.552027e+00
709	4.223087e-01	5.068283e-01	1.180752e+00
710	4.540188e-01	4.721080e-01	1.632145e+00
711	4.858573e-01	7.232751e-01	1.680997e+00
712	3.866505e-01	3.784111e-01	2.828041e+00
713	5.825917e-01	8.042468e-01	1.703468e+00
714	3.218624e-01	6.957020e-01	1.471910e+00
715	4.921996e-01	5.286803e-01	2.368832e+00
716	4.711799e-01	4.946785e-01	1.961407e+00
717	4.678359e-01	5.233887e-01	1.756229e+00
718	4.795056e-01	5.442249e-01	2.987298e+00
719	4.674603e-01	5.226793e-01	2.332682e+00
720	4.622980e-01	5.162956e-01	1.097704e+00
721	4.827858e-01	5.533983e-01	1.954568e+00
722	4.803444e-01	5.209385e-01	1.704446e+00
723	4.738907e-01	5.188088e-01	1.853933e+00
724	4.877562e-01	5.137203e-01	2.829995e+00
725	5.114068e-01	4.562507e-01	2.232047e+00
726	4.785222e-01	5.377043e-01	2.587689e+00
727	7.272375e-01	2.393424e-01	2.698095e+00
729	4.252842e-01	4.491982e-01	1.212995e+00
730	5.967012e-01	5.229402e-01	1.502198e+00
731	4.687100e-01	5.163991e-01	2.614069e+00
732	3.937058e-01	3.950687e-01	2.880801e+00
733	4.736552e-01	5.403316e-01	1.956522e+00
734	4.457514e-01	4.003166e-01	2.745970e+00
735	7.015851e-01	4.913084e-01	1.179775e+00
736	4.652556e-01	5.729974e-01	1.935027e+00
737	4.913251e-01	5.178093e-01	1.975085e+00
738	4.689861e-01	5.129262e-01	1.067416e+00
739	4.804504e-01	5.604233e-01	2.024915e+00
740	5.984554e-01	5.642885e-01	2.810454e+00
741	5.346495e-01	5.740015e-01	2.428432e+00
742	4.408747e-01	5.416874e-01	1.957499e+00
743	3.671917e-01	4.282390e-01	2.306302e+00
744	4.783573e-01	5.300240e-01	2.557401e+00
745	4.486965e-01	4.646600e-01	1.243283e+00
746	4.488818e-01	4.751952e-01	2.429409e+00
747	4.826320e-01	5.135575e-01	2.523205e+00
748	2.603034e-01	4.068678e-01	2.842697e+00
749	4.706219e-01	5.219230e-01	2.247680e+00
750	4.631358e-01	4.926538e-01	2.000489e+00
751	4.689712e-01	5.004080e-01	2.446019e+00
752	4.710354e-01	5.241314e-01	2.360039e+00
753	3.997161e-01	6.293877e-01	2.567171e+00
754	4.900457e-01	5.313518e-01	2.415730e+00
755	4.987722e-01	5.186199e-01	1.989741e+00
756	4.816977e-01	5.192700e-01	2.908158e+00
757	5.769990e-01	2.950019e-01	2.731314e+00
758	4.785304e-01	5.220242e-01	2.544700e+00
759	4.745061e-01	5.203037e-01	2.890572e+00
760	4.705878e-01	5.181681e-01	1.654617e+00
761	4.658471e-01	5.222219e-01	1.008793e+00
762	4.810422e-01	5.154512e-01	1.260870e+00
763	6.322830e-01	5.565422e-01	1.347826e+00
764	4.617643e-01	5.090380e-01	1.325354e+00
765	4.774653e-01	5.119279e-01	1.420127e+00
766	5.392290e-01	6.094534e-01	2.845628e+00
767	4.866363e-01	4.662709e-01	1.853933e+00
768	4.852691e-01	5.290832e-01	1.303859e+00
769	4.111071e-01	4.116257e-01	1.294089e+00
770	8.041750e-01	1.277330e-01	1.675134e+00
771	4.198846e-01	5.717774e-01	2.417684e+00
772	4.563591e-01	5.069629e-01	2.053249e+00
773	4.907891e-01	5.126202e-01	1.276502e+00
774	5.214892e-01	2.450624e-01	2.779189e+00
775	4.952502e-01	4.598837e-01	1.984856e+00
776	5.331341e-01	2.892299e-01	2.295554e+00
777	4.795327e-01	5.258038e-01	1.652662e+00
778	4.799456e-01	5.273178e-01	2.464582e+00
779	4.763791e-01	5.183006e-01	1.763068e+00
780	4.527860e-01	5.061389e-01	2.026869e+00
781	4.856882e-01	6.007888e-01	1.160234e+00
782	3.299997e-01	4.948718e-01	2.302394e+00
783	4.958187e-01	5.260114e-01	1.384954e+00
784	5.117632e-01	5.659206e-01	2.598437e+00
785	4.199068e-01	5.562064e-01	2.130435e+00
786	4.829165e-01	4.788999e-01	1.690767e+00
787	5.005200e-01	5.003074e-01	1.940889e+00
788	4.642722e-01	5.042022e-01	2.099170e+00
