767
0	1.336430e-01	2.186402e-01	1.398632e+00
1	4.182848e-01	4.929270e-01	1.108451e+00
2	4.652427e-01	5.348995e-01	2.925745e+00
3	4.880111e-01	5.736874e-01	2.732291e+00
4	3.208170e-01	3.622890e-01	1.257938e+00
5	3.827372e-01	4.499586e-01	2.424524e+00
6	8.020797e-01	9.445086e-01	1.383000e+00
7	4.488830e-01	4.882549e-01	2.705911e+00
8	4.477748e-01	4.809907e-01	2.442110e+00
9	4.768935e-01	5.130335e-01	2.233024e+00
10	5.128070e-01	6.433592e-01	2.376649e+00
11	4.739637e-01	5.190520e-01	1.556913e+00
12	4.672022e-01	4.598333e-01	2.950171e+00
13	4.825904e-01	5.659559e-01	1.066439e+00
14	4.801296e-01	5.122761e-01	1.626282e+00
15	4.165520e-01	8.025593e-01	1.306790e+00
16	4.778835e-01	5.147844e-01	2.902296e+00
17	4.174221e-01	5.186794e-01	1.195408e+00
18	5.444506e-01	5.184982e-01	1.785540e+00
19	4.739284e-01	4.844544e-01	1.248168e+00
20	4.892628e-01	4.886017e-01	1.863703e+00
21	4.046842e-01	4.401005e-01	2.671715e+00
22	4.791205e-01	5.113136e-01	2.487054e+00
23	4.498333e-01	7.366018e-01	1.946751e+00
24	3.834887e-01	5.092268e-01	1.303859e+00
25	6.953345e-01	6.958966e-01	2.152907e+00
26	4.836692e-01	4.988750e-01	1.388862e+00
27	4.738420e-01	5.297254e-01	1.591109e+00
28	4.995555e-01	5.808078e-01	2.205667e+00
29	4.905521e-01	5.435541e-01	2.181241e+00
30	4.885766e-01	7.173768e-01	1.475818e+00
31	5.348860e-01	4.152945e-01	2.309233e+00
32	4.969081e-01	5.432587e-01	2.073766e+00
33	6.358990e-01	7.340005e-01	2.331705e+00
34	4.755549e-01	5.130113e-01	1.126038e+00
35	6.299587e-01	5.962051e-01	2.235955e+00
36	1.931306e-01	5.682040e-01	2.805569e+00
37	5.589774e-01	6.820328e-01	2.555447e+00
38	4.611796e-01	4.811770e-01	2.559355e+00
39	4.722986e-01	4.951159e-01	1.895945e+00
40	3.994108e-01	4.810322e-01	1.282364e+00
41	5.044911e-01	5.716865e-01	2.750855e+00
42	4.810475e-01	5.180379e-01	2.412799e+00
43	4.633589e-01	5.029535e-01	2.557401e+00
44	5.078556e-01	4.044908e-01	1.648754e+00
45	4.411921e-01	5.854247e-01	1.721055e+00
46	4.878705e-01	6.372157e-01	2.588666e+00
47	4.879322e-01	5.028734e-01	1.525647e+00
48	4.729245e-01	5.201173e-01	2.751832e+00
49	5.046333e-01	6.270390e-01	2.625794e+00
50	4.584395e-01	6.076152e-01	1.663410e+00
51	4.742400e-01	5.060763e-01	2.560332e+00
52	4.784763e-01	5.015612e-01	1.696629e+00
53	4.887607e-01	4.943308e-01	1.506106e+00
54	4.750824e-01	5.090093e-01	2.675623e+00
55	4.526358e-01	4.174784e-01	2.497802e+00
56	5.324150e-01	6.530546e-01	1.031265e+00
57	4.816855e-01	4.519286e-01	2.361993e+00
58	4.663303e-01	5.088734e-01	1.866634e+00
60	7.662595e-01	7.687919e-01	1.503175e+00
61	4.780258e-01	4.551155e-01	2.449927e+00
62	4.824432e-01	5.425077e-01	2.831949e+00
63	4.728949e-01	4.977124e-01	2.317049e+00
64	4.509664e-01	4.647924e-01	2.353200e+00
65	4.739437e-01	5.113900e-01	2.575965e+00
66	4.630900e-01	5.405243e-01	2.922814e+00
67	4.688422e-01	4.966896e-01	2.289692e+00
68	4.869525e-01	4.751434e-01	2.766488e+00
69	5.131869e-01	5.602903e-01	1.522716e+00
70	5.579091e-01	5.131900e-01	2.769419e+00
71	4.846706e-01	5.406387e-01	1.110405e+00
72	4.922814e-01	5.009506e-01	1.412311e+00
73	5.543191e-01	7.192048e-01	1.951637e+00
74	4.951950e-01	6.800703e-01	1.449438e+00
75	4.646972e-01	4.891106e-01	2.176356e+00
76	4.861600e-01	5.422094e-01	1.212995e+00
77	4.673105e-01	5.406215e-01	1.872496e+00
78	4.646096e-01	4.815282e-01	1.606742e+00
79	5.156274e-01	4.022415e-01	1.183683e+00
80	4.837850e-01	5.679051e-01	2.736199e+00
81	4.727103e-01	5.124282e-01	1.617489e+00
82	4.151583e-01	4.446718e-01	2.456766e+00
83	5.968563e-01	6.405895e-01	1.406448e+00
84	2.952709e-01	4.574467e-01	2.453835e+00
85	4.792644e-01	5.085427e-01	2.712750e+00
86	4.762966e-01	5.187590e-01	2.877870e+00
87	4.987924e-01	4.953232e-01	1.533464e+00
88	4.574718e-01	2.988354e-01	2.169516e+00
89	3.130083e-01	4.169426e-01	2.483146e+00
90	5.093360e-01	5.457239e-01	1.538349e+00
91	4.800941e-01	5.188283e-01	1.117245e+00
92	4.896498e-01	5.070862e-01	2.709819e+00
93	4.804980e-01	4.836788e-01	2.929653e+00
94	4.964557e-01	3.779847e-01	2.125550e+00
95	5.264175e-01	4.306489e-01	2.148999e+00
96	5.022905e-01	5.161683e-01	1.206155e+00
98	4.705733e-01	5.008505e-01	1.997557e+00
99	4.539333e-01	5.320794e-01	1.753298e+00
100	4.635932e-01	5.354660e-01	1.491451e+00
101	4.750180e-01	5.113406e-01	2.381534e+00
102	4.694570e-01	4.433664e-01	1.837323e+00
103	4.975478e-01	4.017678e-01	2.723498e+00
104	4.643606e-01	2.969594e-01	1.216903e+00
105	4.764640e-01	5.181423e-01	1.385931e+00
107	4.595043e-01	5.063449e-01	1.887152e+00
108	4.585359e-01	5.136516e-01	1.869565e+00
109	4.142977e-01	5.838342e-01	2.657059e+00
110	4.122911e-01	4.736921e-01	1.905716e+00
111	4.559312e-01	5.006728e-01	2.319980e+00
113	5.585053e-01	2.850936e-01	1.155349e+00
114	4.699407e-01	4.947463e-01	1.261847e+00
115	4.113386e-01	3.884925e-01	1.308745e+00
116	6.268923e-01	2.736423e-01	1.148510e+00
117	4.530994e-01	4.851187e-01	1.865657e+00
118	4.631848e-01	4.995741e-01	2.988276e+00
119	4.365651e-01	6.314709e-01	1.479726e+00
120	5.177841e-01	5.978382e-01	2.095261e+00
121	5.030862e-01	6.426374e-01	2.442110e+00
122	6.452638e-01	6.378624e-01	1.070347e+00
123	4.861771e-01	4.982159e-01	1.417196e+00
124	4.800324e-01	5.322273e-01	2.817294e+00
126	4.731897e-01	5.318166e-01	2.738153e+00
127	4.836464e-01	5.364177e-01	2.338544e+00
128	5.184810e-01	5.708318e-01	1.282364e+00
129	4.920179e-01	5.316746e-01	2.676600e+00
130	5.256967e-01	5.728580e-01	2.443087e+00
132	4.843976e-01	5.756776e-01	1.220811e+00
133	2.772056e-01	6.517359e-01	2.407914e+00
134	4.360553e-01	6.313232e-01	2.277968e+00
135	4.784495e-01	5.049742e-01	2.409868e+00
136	4.631585e-01	5.071886e-01	2.083537e+00
137	4.796011e-01	5.585521e-01	2.286761e+00
138	6.763116e-01	3.131268e-01	1.194431e+00
139	4.796948e-01	5.121211e-01	2.818271e+00
140	4.477026e-01	4.361809e-01	2.827064e+00
141	4.824406e-01	5.128847e-01	1.684905e+00
142	4.666051e-01	5.075695e-01	1.999511e+00
143	4.738572e-01	5.130274e-01	1.956522e+00
144	5.232997e-01	4.598098e-01	2.323889e+00
145	3.904443e-01	5.084520e-01	2.501710e+00
146	4.302941e-01	4.024920e-01	2.395213e+00
147	4.520682e-01	5.213432e-01	2.719590e+00
148	4.761090e-01	5.133934e-01	2.937469e+00
149	4.680434e-01	5.066928e-01	2.803615e+00
150	4.678176e-01	4.627153e-01	1.794333e+00
151	4.625865e-01	5.361790e-01	2.611138e+00
152	4.695253e-01	5.005202e-01	1.724963e+00
153	4.961598e-01	5.326012e-01	1.983879e+00
154	4.730934e-01	5.125030e-01	2.181241e+00
155	4.662049e-01	6.354313e-01	1.295066e+00
156	5.504071e-01	6.147247e-01	1.970200e+00
157	4.938658e-01	4.969457e-01	2.387396e+00
158	6.064283e-01	5.960061e-01	2.386419e+00
159	6.284233e-01	4.338289e-01	2.647289e+00
160	4.684043e-01	5.230474e-01	1.686859e+00
161	4.634795e-01	4.938975e-01	1.553981e+00
162	4.605288e-01	4.699698e-01	1.764045e+00
163	3.414575e-01	2.597773e-01	1.632145e+00
164	4.767618e-01	5.158168e-01	1.235467e+00
165	4.820311e-01	5.347755e-01	2.251588e+00
166	4.768296e-01	5.100726e-01	1.751343e+00
167	4.062853e-01	6.312364e-01	1.715193e+00
168	4.790466e-01	5.161991e-01	2.109917e+00
169	4.979833e-01	5.720897e-01	2.137274e+00
170	5.742984e-01	5.331362e-01	2.099170e+00
171	4.763690e-01	5.138848e-01	2.057157e+00
172	4.241797e-01	5.681453e-01	2.246702e+00
173	4.685814e-01	5.063014e-01	1.894968e+00
174	4.067552e-01	4.499827e-01	2.453835e+00
175	5.105265e-01	5.439840e-01	2.834880e+00
176	4.485797e-01	6.576209e-01	2.215437e+00
177	4.764502e-01	5.373804e-01	2.153884e+00
178	4.853029e-01	5.079608e-01	2.475330e+00
179	4.621861e-01	5.919039e-01	1.274548e+00
180	4.712636e-01	4.840895e-01	2.127504e+00
181	4.718100e-01	5.233136e-01	1.790425e+00
182	2.608352e-01	3.414640e-01	1.736688e+00
183	5.471878e-01	4.238019e-01	1.692721e+00
184	4.540620e-01	4.393249e-01	2.042501e+00
185	5.979943e-01	5.184908e-01	1.468979e+00
186	4.457299e-01	5.323413e-01	1.784563e+00
188	4.729257e-01	5.375126e-01	1.839277e+00
189	4.529165e-01	5.051925e-01	1.175867e+00
190	3.421507e-01	5.193121e-01	2.807523e+00
191	3.786058e-01	3.673901e-01	2.811431e+00
192	4.608485e-01	4.988821e-01	1.192477e+00
193	2.978736e-01	5.743394e-01	1.620420e+00
194	5.218114e-01	4.872305e-01	2.624817e+00
195	4.726342e-01	5.163034e-01	2.806546e+00
196	4.420372e-01	4.692576e-01	1.763068e+00
197	6.294233e-01	5.818780e-01	2.060088e+00
198	4.367944e-01	7.120120e-01	2.458720e+00
199	4.817051e-01	4.966374e-01	2.463605e+00
200	7.431722e-01	7.120826e-01	1.141671e+00
201	4.905990e-01	5.064716e-01	1.146556e+00
202	4.891243e-01	5.943744e-01	1.395701e+00
203	3.960949e-01	5.799471e-01	1.755252e+00
204	4.742072e-01	5.448013e-01	2.901319e+00
205	4.308834e-01	4.587561e-01	2.123596e+00
206	4.789778e-01	4.987774e-01	1.652662e+00
207	4.624479e-01	4.688210e-01	1.199316e+00
208	4.584047e-01	4.481153e-01	2.170493e+00
209	4.292553e-01	7.370823e-01	2.733268e+00
210	4.878101e-01	4.306642e-01	1.545188e+00
211	4.619974e-01	5.288508e-01	1.376160e+00
212	4.708232e-01	5.416130e-01	1.621397e+00
213	4.658702e-01	5.126346e-01	1.883244e+00
214	4.925029e-01	5.280513e-01	1.612604e+00
215	4.850875e-01	5.103410e-01	2.909135e+00
216	4.705459e-01	4.998185e-01	1.354665e+00
217	4.617591e-01	5.054286e-01	2.770396e+00
218	4.288524e-01	5.110432e-01	2.148999e+00
219	4.625674e-01	5.570146e-01	2.624817e+00
220	4.591751e-01	5.524144e-01	2.697118e+00
221	4.606074e-01	5.291335e-01	1.938935e+00
222	3.281611e-01	1.959062e-01	1.854910e+00
223	4.706118e-01	4.814327e-01	2.625794e+00
224	4.513613e-01	2.802197e-01	2.984367e+00
225	4.401480e-01	4.646966e-01	2.693210e+00
226	4.797080e-01	5.304164e-01	2.276014e+00
227	4.589151e-01	4.993085e-01	1.245237e+00
228	4.764764e-01	5.146321e-01	1.489497e+00
229	4.726130e-01	5.102493e-01	2.305325e+00
230	4.626532e-01	4.882716e-01	2.689301e+00
231	4.700685e-01	4.880070e-01	1.346849e+00
232	4.852096e-01	5.445462e-01	2.447973e+00
233	4.486796e-01	4.756317e-01	1.591109e+00
234	5.607514e-01	5.213312e-01	1.931119e+00
235	4.712022e-01	5.502612e-01	2.687347e+00
236	4.768225e-01	5.126162e-01	2.787982e+00
237	4.735566e-01	4.993863e-01	1.510015e+00
238	4.811156e-01	5.316390e-01	2.193942e+00
239	4.927034e-01	5.498542e-01	2.918906e+00
240	4.746540e-01	5.289204e-01	1.734734e+00
241	4.498716e-01	5.852752e-01	1.119199e+00
242	5.593728e-01	5.826478e-01	1.631168e+00
243	4.788312e-01	5.406107e-01	1.258915e+00
244	4.842371e-01	4.287440e-01	2.458720e+00
245	4.360531e-01	3.392452e-01	2.134343e+00
246	4.701103e-01	5.117562e-01	2.662921e+00
247	4.812514e-01	5.435070e-01	2.924768e+00
248	4.655132e-01	5.130968e-01	2.983390e+00
250	7.430342e-01	7.048894e-01	2.763556e+00
251	4.007982e-01	4.989056e-01	2.374695e+00
252	4.698790e-01	6.084486e-01	1.703468e+00
253	5.050874e-01	5.932256e-01	1.246214e+00
254	5.023519e-01	5.686531e-01	2.925745e+00
255	4.670446e-01	5.158796e-01	1.857841e+00
256	4.802664e-01	5.136475e-01	2.601368e+00
257	4.732990e-01	4.828735e-01	2.413776e+00
258	4.406877e-01	5.198356e-01	2.569126e+00
259	4.286914e-01	3.924958e-01	1.865657e+00
260	4.758854e-01	5.126672e-01	2.574988e+00
261	4.774708e-01	5.137146e-01	1.598925e+00
262	5.213936e-01	3.652558e-01	2.264289e+00
263	3.048766e-01	6.134401e-01	1.176844e+00
264	4.707024e-01	3.169961e-01	1.061553e+00
265	4.812654e-01	5.297095e-01	2.526136e+00
266	4.618676e-01	4.978539e-01	1.928188e+00
267	4.791672e-01	4.581908e-01	2.006351e+00
268	4.843419e-01	5.045358e-01	1.041036e+00
269	2.424962e-01	4.709726e-01	1.793356e+00
270	4.090191e-01	3.683871e-01	1.860772e+00
271	3.670138e-01	5.780718e-01	1.389839e+00
272	4.753280e-01	5.043551e-01	1.052760e+00
273	5.102852e-01	5.661242e-01	1.156326e+00
274	6.210180e-01	7.610250e-01	1.981925e+00
275	2.528837e-01	3.526498e-01	2.256473e+00
276	4.587879e-01	4.913489e-01	2.368832e+00
277	4.716256e-01	5.361518e-01	2.024915e+00
279	5.320803e-01	5.427697e-01	1.348803e+00
280	4.944224e-01	6.856181e-01	2.472399e+00
281	4.933479e-01	7.283667e-01	2.288715e+00
282	4.728809e-01	4.584764e-01	2.745970e+00
283	5.292011e-01	5.508875e-01	2.490962e+00
284	6.215144e-01	7.475248e-01	2.515388e+00
285	1.326441e-01	4.269187e-01	1.545188e+00
286	4.847309e-01	4.934428e-01	2.662921e+00
287	5.004874e-01	5.658289e-01	2.264289e+00
288	4.713632e-01	5.022800e-01	2.905227e+00
289	4.842077e-01	3.842739e-01	1.058622e+00
290	4.429825e-01	5.261723e-01	2.152907e+00
291	8.035056e-01	9.448256e-01	2.784074e+00
292	4.683656e-01	5.092766e-01	2.445042e+00
293	4.987363e-01	3.142841e-01	2.852467e+00
294	5.494556e-01	5.335504e-01	2.070835e+00
295	5.085179e-01	5.676929e-01	1.406448e+00
296	6.420185e-01	8.774092e-01	1.751343e+00
297	4.339179e-01	5.171357e-01	2.077675e+00
298	5.329689e-01	3.524633e-01	1.601856e+00
299	4.508466e-01	4.845972e-01	2.048363e+00
300	4.938232e-01	5.604784e-01	2.781143e+00
301	4.725966e-01	5.128466e-01	2.779189e+00
302	4.613406e-01	4.735399e-01	2.617978e+00
303	3.159528e-01	3.506562e-01	1.698583e+00
304	6.027738e-01	6.137335e-01	1.948705e+00
305	4.860523e-01	4.985278e-01	1.416219e+00
306	8.605217e-01	2.323096e-01	1.745481e+00
307	4.686551e-01	4.980066e-01	2.291646e+00
308	4.267107e-01	3.385367e-01	1.868588e+00
309	4.493070e-01	5.439157e-01	2.511480e+00
310	4.807241e-01	5.581387e-01	2.596483e+00
311	4.226006e-01	3.921682e-01	2.855398e+00
312	4.712870e-01	4.808642e-01	1.312653e+00
313	4.263661e-01	4.581183e-01	1.787494e+00
314	4.776238e-01	5.163048e-01	2.252565e+00
315	3.926166e-01	4.113993e-01	1.978017e+00
316	3.770433e-01	4.983206e-01	2.965804e+00
317	4.783698e-01	5.100684e-01	2.221299e+00
318	6.029851e-01	5.095549e-01	1.701514e+00
319	4.688778e-01	4.993553e-01	1.135809e+00
320	4.615822e-01	5.123321e-01	2.997069e+00
322	4.059581e-01	6.315448e-01	2.362970e+00
323	4.678238e-01	5.410210e-01	2.553493e+00
324	4.778125e-01	4.788671e-01	1.347826e+00
325	2.172752e-01	2.713279e-01	2.896434e+00
326	4.705938e-01	5.120528e-01	1.857841e+00
327	4.365335e-01	6.060911e-01	1.669272e+00
328	4.884356e-01	5.434605e-01	1.726917e+00
329	4.457852e-01	4.473557e-01	2.604299e+00
330	5.072587e-01	5.549934e-01	2.089399e+00
331	5.134173e-01	4.780382e-01	1.552027e+00
332	5.247042e-01	5.579226e-01	1.769907e+00
333	4.920843e-01	5.651636e-01	1.382022e+00
334	2.337006e-01	3.264533e-01	2.510503e+00
335	4.401201e-01	5.692231e-01	1.640938e+00
336	4.618312e-01	5.023572e-01	2.933561e+00
337	4.513924e-01	5.872403e-01	1.033219e+00
338	4.393614e-01	4.719737e-01	1.408403e+00
339	4.755576e-01	5.435895e-01	2.767465e+00
340	4.723017e-01	4.871571e-01	1.526624e+00
341	4.489837e-01	3.789035e-01	1.456277e+00
342	4.755707e-01	5.334001e-01	1.054714e+00
343	5.043767e-01	5.238456e-01	2.601368e+00
344	2.583134e-01	3.545513e-01	2.193942e+00
346	4.619445e-01	4.670522e-01	1.564729e+00
347	4.603936e-01	5.280453e-01	1.679043e+00
348	4.556938e-01	5.551580e-01	2.034685e+00
349	4.784859e-01	5.299031e-01	2.564240e+00
350	4.825225e-01	5.165891e-01	2.311187e+00
351	4.638439e-01	5.409705e-01	1.297997e+00
352	4.827698e-01	5.344009e-01	2.873962e+00
353	5.334216e-01	5.565187e-01	2.202736e+00
354	4.786652e-01	5.131765e-01	2.653151e+00
355	3.569059e-01	6.223084e-01	2.461651e+00
356	4.808849e-01	5.193619e-01	1.679043e+00
357	4.190517e-01	4.802930e-01	2.991207e+00
358	4.857370e-01	7.193879e-01	2.857352e+00
359	5.392998e-01	6.068753e-01	1.913532e+00
360	4.843525e-01	4.643998e-01	1.216903e+00
361	4.551546e-01	2.581521e-01	1.214949e+00
362	4.063977e-01	5.615754e-01	1.005862e+00
363	4.917353e-01	5.640224e-01	2.227162e+00
364	4.681788e-01	5.058004e-01	1.723009e+00
366	5.225913e-01	5.824519e-01	1.692721e+00
367	4.784084e-01	4.969918e-01	1.154372e+00
368	4.755601e-01	4.757218e-01	1.851001e+00
369	4.714002e-01	5.120825e-01	2.418661e+00
370	4.867827e-01	5.117337e-01	1.874450e+00
371	5.088586e-01	6.050846e-01	1.591109e+00
372	4.384622e-01	4.880088e-01	2.199805e+00
373	3.813303e-01	3.371601e-01	2.208598e+00
374	4.647053e-01	6.224348e-01	1.322423e+00
375	5.418720e-01	7.606061e-01	2.361016e+00
376	4.211592e-01	4.896221e-01	1.815828e+00
377	4.771067e-01	5.131940e-01	1.328285e+00
378	4.585386e-01	4.988177e-01	1.883244e+00
379	3.785870e-01	4.377443e-01	1.599902e+00
380	5.532095e-01	7.813950e-01	2.343429e+00
381	4.786200e-01	5.060872e-01	1.835369e+00
383	5.093338e-01	3.447934e-01	1.698583e+00
384	6.983994e-01	3.640154e-01	2.761602e+00
385	4.374207e-01	7.314694e-01	1.961407e+00
386	6.411517e-01	5.777816e-01	2.449927e+00
387	5.035016e-01	6.114978e-01	2.669761e+00
388	5.327999e-01	5.455071e-01	2.597460e+00
389	4.696135e-01	4.997189e-01	2.960918e+00
390	4.752105e-01	5.258638e-01	1.655594e+00
391	4.940349e-01	6.025403e-01	2.572057e+00
392	4.799149e-01	5.294260e-01	1.234489e+00
393	5.016671e-01	5.202056e-01	1.607719e+00
394	4.814001e-01	5.156012e-01	2.643381e+00
395	4.258773e-01	5.962958e-01	1.233512e+00
397	6.196117e-01	4.139259e-01	1.083048e+00
398	5.134982e-01	1.835930e-01	2.453835e+00
399	5.165567e-01	4.681457e-01	2.169516e+00
400	4.852301e-01	5.771288e-01	1.634099e+00
401	6.011612e-01	5.767953e-01	1.314607e+00
402	4.778281e-01	5.487590e-01	2.292623e+00
403	5.569095e-01	6.562853e-01	1.759160e+00
404	4.993610e-01	5.203302e-01	2.942355e+00
405	4.976109e-01	6.348517e-01	1.358574e+00
406	4.581933e-01	4.641218e-01	1.474841e+00
407	6.756696e-01	6.229000e-01	2.850513e+00
408	4.130272e-01	5.508765e-01	2.543723e+00
409	4.984259e-01	5.116025e-01	1.170005e+00
410	5.127863e-01	4.538841e-01	2.011236e+00
411	4.431504e-01	5.651327e-01	2.982413e+00
412	7.891452e-01	1.991133e-01	1.578407e+00
413	6.178711e-01	6.486274e-01	2.904250e+00
414	4.799119e-01	5.430480e-01	2.948217e+00
415	4.729777e-01	5.101059e-01	1.856864e+00
416	4.733495e-01	5.365600e-01	1.780655e+00
417	4.597927e-01	5.182417e-01	1.223742e+00
418	4.806140e-01	5.292111e-01	2.928676e+00
419	4.673177e-01	5.054124e-01	1.055691e+00
420	4.750439e-01	5.142157e-01	2.823156e+00
421	4.737941e-01	5.163018e-01	2.886663e+00
422	4.726038e-01	5.307102e-01	1.391793e+00
423	6.148864e-01	3.519250e-01	1.467025e+00
424	4.769977e-01	5.506259e-01	1.512946e+00
425	1.538069e-01	5.048184e-01	1.960430e+00
426	1.651658e-01	4.836341e-01	2.254519e+00
427	4.366158e-01	4.485612e-01	2.899365e+00
428	4.964315e-01	5.077120e-01	1.247191e+00
429	4.860167e-01	5.184126e-01	1.802149e+00
430	4.891362e-01	5.176222e-01	1.663410e+00
431	4.826369e-01	3.711183e-01	2.556424e+00
433	4.534209e-01	5.045462e-01	2.475330e+00
434	4.596748e-01	4.665340e-01	2.923791e+00
435	5.498198e-01	3.467723e-01	2.906204e+00
437	4.891396e-01	5.105766e-01	2.476307e+00
438	5.141742e-01	6.044799e-01	2.065950e+00
439	4.741495e-01	5.108159e-01	1.983879e+00
440	4.494741e-01	6.038281e-01	1.637030e+00
441	5.758246e-01	3.175129e-01	1.338056e+00
442	4.950226e-01	5.313278e-01	2.406937e+00
443	4.652979e-01	3.132730e-01	1.422081e+00
444	4.148235e-01	4.038508e-01	2.956033e+00
445	4.918027e-01	5.132349e-01	2.601368e+00
446	3.462148e-01	4.553703e-01	1.846116e+00
447	4.790009e-01	5.203052e-01	1.264778e+00
448	4.641120e-01	4.552813e-01	1.119199e+00
449	4.719574e-01	5.302698e-01	1.956522e+00
450	5.102113e-01	4.336893e-01	2.971666e+00
451	4.792889e-01	5.118912e-01	2.149976e+00
452	5.693412e-01	4.248576e-01	1.574499e+00
453	4.222694e-01	2.418702e-01	1.775769e+00
455	4.787443e-01	5.181343e-01	2.984367e+00
456	4.580337e-01	4.663817e-01	1.577430e+00
457	4.499333e-01	4.964452e-01	2.955056e+00
458	4.647356e-01	5.308560e-01	2.865169e+00
459	4.079213e-01	3.326602e-01	1.672203e+00
461	3.524049e-01	7.883305e-01	2.513434e+00
462	4.987794e-01	5.718903e-01	1.853933e+00
463	4.142348e-01	4.784290e-01	2.858329e+00
464	4.793967e-01	5.569317e-01	1.574499e+00
465	5.115980e-01	5.027147e-01	1.432829e+00
466	4.696318e-01	5.193534e-01	1.500244e+00
467	3.646814e-01	3.587398e-01	1.323400e+00
468	4.620410e-01	5.167668e-01	2.147044e+00
469	4.959779e-01	5.168340e-01	2.698095e+00
470	4.679551e-01	4.901231e-01	1.364436e+00
471	5.612065e-01	6.341270e-01	2.076698e+00
472	4.810941e-01	5.128283e-01	2.011236e+00
473	4.585437e-01	4.923580e-01	1.215926e+00
474	4.725399e-01	5.083863e-01	2.299463e+00
475	4.349398e-01	5.511183e-01	1.683928e+00
476	4.715926e-01	4.956774e-01	2.081583e+00
477	4.941283e-01	5.343766e-01	2.350269e+00
478	3.831353e-01	6.602108e-01	2.728383e+00
479	3.653200e-01	3.765407e-01	1.194431e+00
480	4.662799e-01	3.823987e-01	2.515388e+00
481	4.041211e-01	2.582013e-01	1.865657e+00
482	4.933099e-01	7.492748e-01	1.802149e+00
483	4.763596e-01	5.829003e-01	1.367367e+00
484	4.290435e-01	4.627148e-01	1.148510e+00
485	5.390380e-01	6.258259e-01	2.427455e+00
486	4.244302e-01	4.353913e-01	2.196873e+00
487	5.491751e-01	5.122514e-01	2.386419e+00
488	4.620277e-01	4.782884e-01	1.294089e+00
489	4.712424e-01	4.725539e-01	1.687836e+00
490	4.095154e-01	5.760304e-01	1.146556e+00
491	5.450015e-01	7.881637e-01	1.597948e+00
492	4.209427e-01	5.360991e-01	2.412799e+00
493	4.012366e-01	3.418263e-01	1.227650e+00
494	4.668876e-01	4.317514e-01	2.522228e+00
495	4.719395e-01	5.199699e-01	1.437714e+00
496	4.669358e-01	4.367969e-01	1.523693e+00
497	4.687947e-01	6.167732e-01	1.221788e+00
498	4.891898e-01	5.773531e-01	1.652662e+00
499	5.190634e-01	6.362872e-01	1.269663e+00
500	4.856825e-01	5.136904e-01	2.967758e+00
501	4.731930e-01	5.105077e-01	2.546654e+00
502	4.569581e-01	1.432074e-01	1.818759e+00
503	4.900577e-01	5.530301e-01	1.919394e+00
504	4.665222e-01	5.308989e-01	2.563263e+00
505	4.685456e-01	5.254355e-01	1.451392e+00
506	3.930047e-01	5.896075e-01	1.718124e+00
507	4.825037e-01	5.196883e-01	1.207132e+00
508	4.694037e-01	5.065085e-01	1.236444e+00
509	4.940919e-01	5.368552e-01	2.622863e+00
510	2.987198e-01	6.176254e-01	2.549585e+00
511	4.865131e-01	5.127335e-01	2.966781e+00
512	5.390079e-01	7.225222e-01	2.395213e+00
513	4.133502e-01	4.963361e-01	1.534441e+00
514	3.208133e-01	3.313658e-01	1.550073e+00
515	4.773390e-01	6.240815e-01	1.610650e+00
516	4.836273e-01	7.844199e-01	1.612604e+00
517	4.510097e-01	5.123280e-01	1.086957e+00
518	5.263790e-01	4.337167e-01	2.282853e+00
519	3.579008e-01	2.837208e-01	1.573522e+00
520	4.607645e-01	5.152431e-01	2.497802e+00
521	4.842039e-01	4.954920e-01	1.752320e+00
523	4.907577e-01	4.893510e-01	1.209086e+00
524	5.055406e-01	6.642609e-01	2.755740e+00
525	4.214989e-01	4.940129e-01	1.499267e+00
526	4.820722e-01	5.003927e-01	1.014656e+00
527	7.298816e-01	7.411815e-01	2.891549e+00
528	4.788826e-01	5.131383e-01	2.478261e+00
529	5.203723e-01	5.770510e-01	1.898876e+00
530	4.582186e-01	5.170451e-01	1.188569e+00
531	4.340612e-01	4.736272e-01	2.785051e+00
532	4.831936e-01	5.129117e-01	2.945286e+00
533	4.101064e-01	4.477414e-01	2.458720e+00
534	6.092381e-01	5.236422e-01	2.673669e+00
535	4.742426e-01	5.058549e-01	1.399609e+00
536	4.678102e-01	5.339214e-01	2.604299e+00
537	4.731783e-01	5.192406e-01	1.529555e+00
538	4.732657e-01	5.098895e-01	2.823156e+00
539	4.369413e-01	4.629651e-01	2.826087e+00
540	5.127320e-01	6.138897e-01	2.844651e+00
541	4.309757e-01	5.461367e-01	2.290669e+00
542	4.426292e-01	5.392364e-01	2.570103e+00
543	4.970206e-01	5.156710e-01	2.396190e+00
544	5.212939e-01	4.584435e-01	1.318515e+00
545	4.713922e-01	5.057812e-01	2.605276e+00
546	3.555998e-01	4.620450e-01	2.683439e+00
547	6.221243e-01	5.566767e-01	1.587201e+00
548	4.965274e-01	7.069297e-01	1.375183e+00
549	4.921632e-01	5.038671e-01	2.298486e+00
550	4.174495e-01	4.600910e-01	1.285296e+00
551	4.807541e-01	5.218898e-01	2.983390e+00
552	3.808439e-01	6.343180e-01	1.195408e+00
553	4.819897e-01	4.919127e-01	2.414753e+00
554	3.548742e-01	6.939673e-01	1.843185e+00
555	4.698630e-01	5.852860e-01	2.396190e+00
556	3.975063e-01	4.649280e-01	3.000000e+00
557	4.629973e-01	4.961983e-01	2.728383e+00
559	4.856624e-01	5.388122e-01	1.944797e+00
560	4.246511e-01	7.315699e-01	2.883732e+00
561	4.420264e-01	4.382675e-01	2.383488e+00
562	3.922671e-01	5.453356e-01	2.506595e+00
563	4.896204e-01	5.203096e-01	1.786517e+00
564	4.202253e-01	5.811570e-01	2.893503e+00
565	4.845987e-01	5.178103e-01	2.981436e+00
566	4.683113e-01	5.018863e-01	2.663898e+00
567	4.838638e-01	5.465241e-01	2.227162e+00
568	5.106724e-01	4.975042e-01	1.527601e+00
569	4.274773e-01	4.532669e-01	2.610161e+00
570	8.124317e-01	3.383054e-01	1.058622e+00
571	4.908665e-01	5.595262e-01	2.782120e+00
573	4.565879e-01	5.110419e-01	2.109917e+00
574	4.637960e-01	4.804308e-01	2.074744e+00
575	4.536630e-01	4.910500e-01	2.319003e+00
576	4.231987e-01	5.106844e-01	1.290181e+00
577	3.970191e-01	4.151817e-01	1.286273e+00
578	4.752700e-01	5.350841e-01	1.881290e+00
579	4.852425e-01	5.331445e-01	1.664387e+00
580	2.613727e-01	3.284117e-01	1.242306e+00
581	5.216381e-01	4.793816e-01	1.927211e+00
582	4.712087e-01	5.128453e-01	2.820225e+00
583	5.079980e-01	7.023553e-01	2.792868e+00
584	5.023131e-01	4.944009e-01	1.201270e+00
585	4.267180e-01	4.615377e-01	1.898876e+00
586	4.707172e-01	5.169268e-01	1.782609e+00
587	4.609880e-01	5.091554e-01	1.561798e+00
588	4.774320e-01	5.163524e-01	2.282853e+00
589	4.951513e-01	6.022192e-01	2.210552e+00
590	4.163316e-01	5.056421e-01	1.020518e+00
591	4.982740e-01	5.878490e-01	1.784563e+00
592	4.787234e-01	5.126976e-01	1.275525e+00
593	4.760638e-01	4.918199e-01	1.212995e+00
594	5.192598e-01	5.154731e-01	2.964827e+00
595	4.743974e-01	4.833389e-01	2.079629e+00
596	3.823537e-01	3.268511e-01	1.187592e+00
597	4.836465e-01	5.357859e-01	1.258915e+00
598	4.596856e-01	5.142733e-01	1.999511e+00
599	4.816097e-01	5.256373e-01	1.264778e+00
600	4.814355e-01	5.274782e-01	1.110405e+00
601	5.423748e-01	7.899503e-01	1.107474e+00
602	4.432562e-01	4.031551e-01	1.070347e+00
603	4.842252e-01	5.234443e-01	2.400098e+00
604	5.016042e-01	4.587164e-01	2.871031e+00
605	4.787037e-01	5.055364e-01	2.739130e+00
606	5.046500e-01	5.215706e-01	2.061065e+00
607	2.565324e-01	4.217900e-01	1.073278e+00
608	4.679586e-01	5.100325e-01	2.799707e+00
609	4.571762e-01	4.579359e-01	2.010259e+00
610	4.072161e-01	5.604749e-01	1.700537e+00
611	4.756620e-01	4.949635e-01	1.339033e+00
612	4.838405e-01	4.571763e-01	2.227162e+00
613	6.598300e-01	2.451559e-01	2.482169e+00
614	4.752285e-01	5.045662e-01	2.958964e+00
615	4.659147e-01	5.443822e-01	1.443576e+00
616	3.662836e-01	5.307823e-01	2.381534e+00
617	4.396114e-01	4.600250e-01	1.971177e+00
618	4.788956e-01	4.982288e-01	2.960918e+00
619	4.353667e-01	4.421859e-01	1.812897e+00
620	5.270512e-01	4.113785e-01	1.170982e+00
621	4.615425e-01	4.628748e-01	1.277479e+00
622	4.582905e-01	4.400842e-01	1.176844e+00
623	3.583593e-01	4.989717e-01	1.636053e+00
624	4.347934e-01	5.946301e-01	2.336590e+00
625	4.382402e-01	4.672823e-01	1.343918e+00
626	4.610770e-01	5.154856e-01	1.905716e+00
627	4.324464e-01	4.957217e-01	1.784563e+00
628	4.855592e-01	5.082011e-01	2.063996e+00
629	4.745925e-01	5.189647e-01	2.497802e+00
630	5.199511e-01	4.813957e-01	2.870054e+00
631	5.017446e-01	5.261630e-01	1.729849e+00
632	4.885527e-01	6.167681e-01	2.290669e+00
633	4.748754e-01	5.119149e-01	2.841720e+00
634	4.764749e-01	5.191629e-01	2.195896e+00
635	4.376560e-01	4.833869e-01	1.601856e+00
636	4.808628e-01	5.070254e-01	2.449927e+00
637	4.657294e-01	4.699124e-01	1.462140e+00
638	4.778687e-01	5.152731e-01	2.041524e+00
639	4.774087e-01	5.125570e-01	2.061065e+00
640	5.581444e-01	5.609531e-01	2.130435e+00
641	4.167162e-01	2.690588e-01	2.205667e+00
642	4.747435e-01	5.116673e-01	2.184172e+00
643	4.288799e-01	4.881214e-01	2.747924e+00
644	2.926561e-01	5.582959e-01	2.909135e+00
645	4.781208e-01	5.202586e-01	2.777235e+00
646	4.322045e-01	4.476544e-01	1.295066e+00
647	4.688807e-01	6.076834e-01	1.050806e+00
648	2.966529e-01	5.092658e-01	1.191500e+00
649	4.601514e-01	5.068844e-01	1.198339e+00
650	4.860800e-01	5.207839e-01	2.656082e+00
651	4.744633e-01	5.381282e-01	1.692721e+00
652	8.096397e-01	7.307835e-01	2.330728e+00
653	4.563176e-01	4.833169e-01	1.906693e+00
654	4.535381e-01	5.148506e-01	2.192965e+00
655	3.997771e-01	4.576408e-01	1.200293e+00
656	4.796446e-01	5.266807e-01	2.361016e+00
657	4.251523e-01	4.588820e-01	2.080606e+00
658	4.853900e-01	5.012923e-01	2.017098e+00
659	3.982337e-01	5.601536e-01	2.191011e+00
660	7.089586e-01	6.439388e-01	1.667318e+00
661	6.103674e-01	6.250493e-01	2.229116e+00
662	3.081408e-01	4.351345e-01	1.188569e+00
663	5.198056e-01	5.427241e-01	2.714704e+00
664	4.960159e-01	5.188596e-01	1.979971e+00
665	4.745019e-01	5.706261e-01	2.954079e+00
666	4.609251e-01	5.143719e-01	1.803127e+00
667	4.881372e-01	5.003702e-01	1.039082e+00
668	5.176811e-01	3.808632e-01	1.893014e+00
669	4.424367e-01	4.241449e-01	1.778701e+00
670	4.659336e-01	5.334232e-01	1.807035e+00
671	4.930728e-01	5.374628e-01	1.102589e+00
672	4.489068e-01	7.925414e-01	1.879336e+00
673	4.325085e-01	5.504272e-01	1.984856e+00
674	4.759075e-01	5.136499e-01	2.238886e+00
675	4.816496e-01	4.978439e-01	2.868100e+00
676	4.688467e-01	5.218378e-01	2.748901e+00
677	5.518640e-01	6.105736e-01	1.578407e+00
678	4.625872e-01	4.835534e-01	1.621397e+00
679	4.759741e-01	5.085325e-01	2.657059e+00
680	4.790573e-01	5.425532e-01	2.404983e+00
681	4.845730e-01	4.663577e-01	2.272106e+00
682	4.783668e-01	4.091013e-01	1.463117e+00
683	4.871011e-01	5.399251e-01	2.316072e+00
684	4.694985e-01	4.893987e-01	2.334636e+00
685	3.828909e-01	4.236147e-01	1.365413e+00
686	3.978359e-01	6.607177e-01	2.105032e+00
687	4.636752e-01	4.558543e-01	1.339033e+00
688	4.879888e-01	5.170173e-01	2.932584e+00
689	4.727265e-01	5.107055e-01	2.378603e+00
690	4.781199e-01	5.030776e-01	1.833415e+00
691	3.533437e-01	4.553733e-01	1.663410e+00
692	4.256541e-01	5.219720e-01	2.251588e+00
693	5.854365e-01	4.716787e-01	1.766976e+00
694	5.725042e-01	5.636942e-01	1.575476e+00
695	5.223483e-01	2.645400e-01	2.771373e+00
696	4.855583e-01	5.172761e-01	2.787005e+00
697	4.835472e-01	5.213128e-01	1.959453e+00
698	4.922972e-01	5.237258e-01	2.187103e+00
699	4.761564e-01	5.135325e-01	2.430386e+00
700	5.301514e-01	5.577714e-01	2.679531e+00
701	4.687079e-01	5.022441e-01	2.191988e+00
702	3.686912e-01	4.656142e-01	2.945286e+00
703	4.524438e-01	5.180601e-01	2.793845e+00
704	4.971868e-01	5.359282e-01	2.132389e+00
705	6.801273e-01	5.974746e-01	1.627259e+00
706	4.761279e-01	4.987590e-01	1.623351e+00
707	4.635295e-01	5.178296e-01	2.772350e+00
708	4.794476e-01	5.121797e-01	1.552027e+00
709	6.341137e-01	5.213660e-01	1.180752e+00
710	4.505624e-01	4.474367e-01	1.632145e+00
711	3.869062e-01	3.315266e-01	1.680997e+00
712	3.827497e-01	4.534807e-01	2.828041e+00
713	4.505407e-01	6.955908e-01	1.703468e+00
714	4.805180e-01	5.672548e-01	1.471910e+00
715	4.768567e-01	5.331603e-01	2.368832e+00
716	4.609685e-01	5.072781e-01	1.961407e+00
717	4.707686e-01	5.138391e-01	1.756229e+00
718	4.386460e-01	5.012955e-01	2.987298e+00
719	4.845152e-01	5.069184e-01	2.332682e+00
720	4.584292e-01	5.014934e-01	1.097704e+00
721	4.689129e-01	4.282985e-01	1.954568e+00
722	4.748282e-01	5.091287e-01	1.704446e+00
723	4.757826e-01	5.137745e-01	1.853933e+00
724	5.089090e-01	5.622250e-01	2.829995e+00
725	5.006749e-01	4.942879e-01	2.232047e+00
726	4.337109e-01	4.649429e-01	2.587689e+00
727	6.684687e-01	2.638066e-01	2.698095e+00
729	4.494713e-01	6.041215e-01	1.212995e+00
730	3.491849e-01	5.506321e-01	1.502198e+00
731	4.746472e-01	5.164791e-01	2.614069e+00
732	5.713644e-01	6.601901e-01	2.880801e+00
733	4.874214e-01	5.323051e-01	1.956522e+00
734	4.818233e-01	5.866491e-01	2.745970e+00
735	7.905407e-01	4.495174e-01	1.179775e+00
736	4.804240e-01	5.169650e-01	1.935027e+00
737	4.857723e-01	5.192754e-01	1.975085e+00
738	4.606836e-01	4.692187e-01	1.067416e+00
739	4.362655e-01	5.514912e-01	2.024915e+00
740	3.291520e-01	4.809063e-01	2.810454e+00
741	4.695142e-01	4.345870e-01	2.428432e+00
742	5.035072e-01	4.862491e-01	1.957499e+00
743	4.737743e-01	6.656849e-01	2.306302e+00
744	4.543973e-01	4.979221e-01	2.557401e+00
745	4.460448e-01	4.572929e-01	1.243283e+00
746	4.705875e-01	4.772713e-01	2.429409e+00
747	4.711433e-01	4.772475e-01	2.523205e+00
748	5.211476e-01	5.375194e-01	2.842697e+00
749	4.765670e-01	5.152743e-01	2.247680e+00
750	4.553139e-01	4.814349e-01	2.000489e+00
751	4.939700e-01	5.385931e-01	2.446019e+00
752	4.693557e-01	5.139969e-01	2.360039e+00
753	5.458330e-01	3.996171e-01	2.567171e+00
754	4.759375e-01	5.322929e-01	2.415730e+00
755	4.644803e-01	5.246349e-01	1.989741e+00
756	4.783470e-01	5.056658e-01	2.908158e+00
757	5.477314e-01	3.674477e-01	2.731314e+00
758	4.766201e-01	5.093098e-01	2.544700e+00
759	4.765402e-01	5.149206e-01	2.890572e+00
760	4.758385e-01	5.126165e-01	1.654617e+00
761	4.790048e-01	5.126963e-01	1.008793e+00
762	4.912556e-01	5.892272e-01	1.260870e+00
763	4.162896e-01	4.799294e-01	1.347826e+00
764	4.608272e-01	5.071465e-01	1.325354e+00
765	4.779470e-01	5.198873e-01	1.420127e+00
766	4.353845e-01	3.094675e-01	2.845628e+00
767	4.335237e-01	4.781762e-01	1.853933e+00
768	4.769322e-01	5.277455e-01	1.303859e+00
769	5.509750e-01	6.455328e-01	1.294089e+00
770	7.241451e-01	1.896964e-01	1.675134e+00
771	5.109560e-01	5.721246e-01	2.417684e+00
772	4.665081e-01	4.657487e-01	2.053249e+00
773	4.813981e-01	5.159898e-01	1.276502e+00
774	6.089286e-01	3.555566e-01	2.779189e+00
775	2.424840e-01	3.482748e-01	1.984856e+00
776	4.226348e-01	4.526848e-01	2.295554e+00
777	4.736631e-01	5.064713e-01	1.652662e+00
778	4.775598e-01	5.176772e-01	2.464582e+00
779	4.808392e-01	5.132771e-01	1.763068e+00
780	4.879205e-01	4.803713e-01	2.026869e+00
781	4.418642e-01	4.850393e-01	1.160234e+00
782	5.390559e-01	6.523884e-01	2.302394e+00
783	4.878263e-01	5.103436e-01	1.384954e+00
784	4.649289e-01	4.761977e-01	2.598437e+00
785	4.265077e-01	4.805655e-01	2.130435e+00
786	4.636122e-01	5.139607e-01	1.690767e+00
787	4.928919e-01	5.274595e-01	1.940889e+00
788	4.725551e-01	5.035821e-01	2.099170e+00
