789
0	4.831119e-01	5.180781e-01	1.398632e+00
1	5.631599e-01	4.050395e-01	1.108451e+00
2	4.699492e-01	4.436970e-01	2.925745e+00
3	4.972380e-01	5.839377e-01	2.732291e+00
4	5.089473e-01	5.505974e-01	1.257938e+00
5	4.797280e-01	5.237154e-01	2.424524e+00
6	4.560077e-01	4.878906e-01	1.383000e+00
7	4.631531e-01	5.505977e-01	2.705911e+00
8	4.885602e-01	5.091865e-01	2.442110e+00
9	4.649440e-01	5.054083e-01	2.233024e+00
10	4.653542e-01	4.343362e-01	2.376649e+00
11	4.584319e-01	4.795616e-01	1.556913e+00
12	5.846431e-01	6.606216e-01	2.950171e+00
13	5.122034e-01	3.749801e-01	1.066439e+00
14	4.711137e-01	5.008923e-01	1.626282e+00
15	6.111378e-01	2.922145e-01	1.306790e+00
16	4.703380e-01	5.050393e-01	2.902296e+00
17	4.544536e-01	6.613852e-01	1.195408e+00
18	5.482908e-01	5.860543e-01	1.785540e+00
19	4.982729e-01	5.594096e-01	1.248168e+00
20	4.993888e-01	4.877108e-01	1.863703e+00
21	4.322557e-01	4.669199e-01	2.671715e+00
22	4.777272e-01	5.170342e-01	2.487054e+00
23	6.240005e-01	5.617232e-01	1.946751e+00
24	4.464949e-01	4.158058e-01	1.303859e+00
25	3.028710e-01	1.548088e-01	2.152907e+00
26	4.505990e-01	5.183745e-01	1.388862e+00
27	4.896640e-01	5.400258e-01	1.591109e+00
28	4.860483e-01	5.817128e-01	2.205667e+00
29	4.714992e-01	5.050207e-01	2.181241e+00
30	3.514152e-01	4.732643e-01	1.475818e+00
31	4.087800e-01	4.607375e-01	2.309233e+00
32	5.096971e-01	5.395288e-01	2.073766e+00
33	5.321856e-01	6.492761e-01	2.331705e+00
34	5.076193e-01	5.493524e-01	1.126038e+00
35	5.052239e-01	6.686858e-01	2.235955e+00
36	5.037973e-01	3.320523e-01	2.805569e+00
37	4.631892e-01	3.616083e-01	2.555447e+00
38	4.780441e-01	5.060732e-01	2.559355e+00
39	4.682021e-01	5.084028e-01	1.895945e+00
40	4.917327e-01	6.248956e-01	1.282364e+00
41	4.962861e-01	5.704469e-01	2.750855e+00
42	4.780479e-01	5.108027e-01	2.412799e+00
43	4.663478e-01	4.991212e-01	2.557401e+00
44	3.431117e-01	4.043568e-01	1.648754e+00
45	4.176135e-01	5.000831e-01	1.721055e+00
46	5.085301e-01	6.175667e-01	2.588666e+00
47	4.853529e-01	5.023907e-01	1.525647e+00
48	4.741869e-01	5.037014e-01	2.751832e+00
49	6.418320e-01	6.142490e-01	2.625794e+00
50	5.211134e-01	6.475304e-01	1.663410e+00
51	4.723887e-01	5.056824e-01	2.560332e+00
52	4.654841e-01	4.852551e-01	1.696629e+00
53	4.754538e-01	5.283852e-01	1.506106e+00
54	4.761914e-01	5.103026e-01	2.675623e+00
55	4.710830e-01	4.246917e-01	2.497802e+00
56	4.802942e-01	5.363603e-01	1.031265e+00
57	4.844244e-01	5.392232e-01	2.361993e+00
58	4.753551e-01	5.111758e-01	1.866634e+00
59	4.666111e-01	9.412932e-02	2.930630e+00
60	4.259449e-01	1.368977e-01	1.503175e+00
61	4.845263e-01	4.894496e-01	2.449927e+00
62	4.836538e-01	5.135548e-01	2.831949e+00
63	4.744357e-01	5.295794e-01	2.317049e+00
64	4.823626e-01	5.161847e-01	2.353200e+00
65	4.690196e-01	5.063730e-01	2.575965e+00
66	4.297848e-01	5.429335e-01	2.922814e+00
67	4.552043e-01	4.957559e-01	2.289692e+00
68	4.921558e-01	5.891842e-01	2.766488e+00
69	3.247668e-01	4.755343e-01	1.522716e+00
70	4.710584e-01	5.719895e-01	2.769419e+00
71	4.738686e-01	5.298492e-01	1.110405e+00
72	4.752945e-01	5.407308e-01	1.412311e+00
73	4.823929e-01	5.021384e-01	1.951637e+00
74	5.588242e-01	3.858083e-01	1.449438e+00
75	7.520622e-01	6.500114e-01	2.176356e+00
76	5.178175e-01	6.356550e-01	1.212995e+00
77	4.984421e-01	5.041966e-01	1.872496e+00
78	4.468790e-01	4.740299e-01	1.606742e+00
79	3.697816e-01	4.114180e-01	1.183683e+00
80	4.957691e-01	5.402365e-01	2.736199e+00
81	4.684239e-01	5.075648e-01	1.617489e+00
82	4.364985e-01	4.406628e-01	2.456766e+00
83	5.107075e-01	5.651918e-01	1.406448e+00
84	5.925197e-01	5.706025e-01	2.453835e+00
85	4.721784e-01	5.149631e-01	2.712750e+00
86	4.661141e-01	4.956507e-01	2.877870e+00
87	4.278469e-01	2.701170e-01	1.533464e+00
88	4.975443e-01	7.361710e-01	2.169516e+00
89	5.955669e-01	6.915201e-01	2.483146e+00
90	4.226680e-01	4.050555e-01	1.538349e+00
91	4.575475e-01	5.164122e-01	1.117245e+00
92	4.563238e-01	4.901039e-01	2.709819e+00
93	4.585004e-01	5.405701e-01	2.929653e+00
94	4.718353e-01	3.711685e-01	2.125550e+00
95	5.156810e-01	3.369564e-01	2.148999e+00
96	4.478822e-01	5.004693e-01	1.206155e+00
97	6.582553e-02	6.350787e-01	2.689301e+00
98	4.696295e-01	5.016800e-01	1.997557e+00
99	5.049499e-01	5.475061e-01	1.753298e+00
100	4.566600e-01	5.153380e-01	1.491451e+00
101	4.695701e-01	5.040016e-01	2.381534e+00
102	4.995343e-01	5.952756e-01	1.837323e+00
103	4.459860e-01	6.386815e-01	2.723498e+00
104	2.505341e-01	3.450272e-01	1.216903e+00
105	4.768728e-01	5.250757e-01	1.385931e+00
106	7.492425e-01	8.234355e-01	1.094773e+00
107	4.642152e-01	4.800716e-01	1.887152e+00
108	4.833923e-01	3.691208e-01	1.869565e+00
109	5.617883e-01	4.273619e-01	2.657059e+00
110	5.636579e-01	5.561127e-01	1.905716e+00
111	4.825808e-01	4.789284e-01	2.319980e+00
112	5.356983e-01	9.111760e-01	1.549096e+00
113	2.177676e-01	4.229909e-01	1.155349e+00
114	4.422194e-01	4.758878e-01	1.261847e+00
115	4.868680e-01	5.494201e-01	1.308745e+00
116	5.356854e-01	5.748896e-01	1.148510e+00
117	4.803337e-01	5.144830e-01	1.865657e+00
118	4.865851e-01	5.819398e-01	2.988276e+00
119	4.245967e-01	4.841046e-01	1.479726e+00
120	5.068355e-01	5.628509e-01	2.095261e+00
121	4.627969e-01	6.390021e-01	2.442110e+00
122	4.968027e-01	4.626956e-01	1.070347e+00
123	4.415073e-01	5.592867e-01	1.417196e+00
124	4.644168e-01	5.016125e-01	2.817294e+00
125	3.744642e-01	1.010155e-01	1.164143e+00
126	4.678858e-01	6.057751e-01	2.738153e+00
127	4.703561e-01	4.547121e-01	2.338544e+00
128	5.097802e-01	2.175954e-01	1.282364e+00
129	4.728694e-01	5.270583e-01	2.676600e+00
130	5.090328e-01	2.200219e-01	2.443087e+00
131	6.722424e-01	2.656234e-01	2.375672e+00
132	4.041983e-01	6.368007e-01	1.220811e+00
133	7.235715e-01	6.403643e-01	2.407914e+00
134	4.862902e-01	5.175036e-01	2.277968e+00
135	4.558618e-01	4.884999e-01	2.409868e+00
136	4.603390e-01	5.655735e-01	2.083537e+00
137	4.542704e-01	4.925968e-01	2.286761e+00
138	6.507516e-01	6.254957e-01	1.194431e+00
139	4.523255e-01	5.098513e-01	2.818271e+00
140	4.776879e-01	5.788851e-01	2.827064e+00
141	4.608922e-01	4.782948e-01	1.684905e+00
142	4.793465e-01	5.069425e-01	1.999511e+00
143	4.761936e-01	5.258604e-01	1.956522e+00
144	3.895397e-01	4.805997e-01	2.323889e+00
145	5.583219e-01	5.478865e-01	2.501710e+00
146	3.808487e-01	6.348380e-01	2.395213e+00
147	4.595579e-01	4.832021e-01	2.719590e+00
148	4.685677e-01	5.058248e-01	2.937469e+00
149	4.759733e-01	5.886538e-01	2.803615e+00
150	5.132707e-01	3.553640e-01	1.794333e+00
151	4.648876e-01	5.143593e-01	2.611138e+00
152	4.538133e-01	5.204573e-01	1.724963e+00
153	4.628500e-01	4.902375e-01	1.983879e+00
154	4.717469e-01	5.086107e-01	2.181241e+00
155	5.717814e-01	5.294542e-01	1.295066e+00
156	3.526191e-01	3.634499e-01	1.970200e+00
157	4.833257e-01	4.866660e-01	2.387396e+00
158	4.906478e-01	4.947844e-01	2.386419e+00
159	5.486248e-01	3.745249e-01	2.647289e+00
160	4.561522e-01	4.884716e-01	1.686859e+00
161	4.918896e-01	5.312544e-01	1.553981e+00
162	4.801275e-01	4.021029e-01	1.764045e+00
163	4.665220e-01	4.495449e-01	1.632145e+00
164	4.693843e-01	5.043568e-01	1.235467e+00
165	4.725413e-01	5.130058e-01	2.251588e+00
166	4.738124e-01	4.880558e-01	1.751343e+00
167	5.048455e-01	4.915691e-01	1.715193e+00
168	4.707423e-01	5.058637e-01	2.109917e+00
169	4.153368e-01	4.689377e-01	2.137274e+00
170	4.408238e-01	4.951612e-01	2.099170e+00
171	4.772116e-01	5.130478e-01	2.057157e+00
172	4.207688e-01	4.488407e-01	2.246702e+00
173	4.272457e-01	5.013073e-01	1.894968e+00
174	4.985219e-01	5.071068e-01	2.453835e+00
175	4.472232e-01	4.719242e-01	2.834880e+00
176	5.373219e-01	4.293082e-01	2.215437e+00
177	4.585770e-01	4.874779e-01	2.153884e+00
178	4.688169e-01	5.161780e-01	2.475330e+00
179	6.400860e-01	6.061410e-01	1.274548e+00
180	4.704252e-01	5.135679e-01	2.127504e+00
181	4.556600e-01	5.018541e-01	1.790425e+00
182	5.253021e-01	2.293748e-01	1.736688e+00
183	6.465877e-01	5.250964e-01	1.692721e+00
184	5.305598e-01	5.886749e-01	2.042501e+00
185	6.108771e-01	5.951673e-01	1.468979e+00
186	4.716373e-01	5.384721e-01	1.784563e+00
187	7.044544e-01	6.872095e-01	2.653151e+00
188	5.094275e-01	5.771904e-01	1.839277e+00
189	4.637419e-01	5.127401e-01	1.175867e+00
190	3.781039e-01	5.268214e-01	2.807523e+00
191	4.450064e-01	7.200330e-01	2.811431e+00
192	5.610254e-01	5.546455e-01	1.192477e+00
193	7.758322e-01	6.381955e-01	1.620420e+00
194	4.735080e-01	7.130936e-01	2.624817e+00
195	4.676807e-01	5.092056e-01	2.806546e+00
196	4.037122e-01	3.542467e-01	1.763068e+00
197	4.021936e-01	7.910690e-01	2.060088e+00
198	4.567558e-01	2.344318e-01	2.458720e+00
199	5.196166e-01	5.781079e-01	2.463605e+00
200	4.229558e-01	7.551145e-01	1.141671e+00
201	4.630145e-01	5.203386e-01	1.146556e+00
202	4.960155e-01	5.956554e-01	1.395701e+00
203	4.851290e-01	4.912871e-01	1.755252e+00
204	4.559552e-01	4.643712e-01	2.901319e+00
205	6.027838e-01	6.079233e-01	2.123596e+00
206	4.705680e-01	5.921611e-01	1.652662e+00
207	4.867105e-01	5.396736e-01	1.199316e+00
208	4.848008e-01	5.276285e-01	2.170493e+00
209	5.984645e-01	6.480254e-01	2.733268e+00
210	5.235681e-01	3.488221e-01	1.545188e+00
211	4.704855e-01	4.857048e-01	1.376160e+00
212	4.588536e-01	5.150073e-01	1.621397e+00
213	4.798839e-01	5.140326e-01	1.883244e+00
214	4.785764e-01	5.039098e-01	1.612604e+00
215	4.926253e-01	5.044093e-01	2.909135e+00
216	4.652232e-01	4.960255e-01	1.354665e+00
217	4.559548e-01	5.063557e-01	2.770396e+00
218	5.220169e-01	4.437567e-01	2.148999e+00
219	4.581745e-01	4.740470e-01	2.624817e+00
220	3.735651e-01	4.794524e-01	2.697118e+00
221	4.440921e-01	5.494085e-01	1.938935e+00
222	2.096260e-01	5.445555e-01	1.854910e+00
223	4.966159e-01	6.187136e-01	2.625794e+00
224	2.635015e-01	3.459784e-01	2.984367e+00
225	4.392673e-01	4.507855e-01	2.693210e+00
226	4.599654e-01	5.040824e-01	2.276014e+00
227	4.593295e-01	5.700129e-01	1.245237e+00
228	4.675978e-01	5.126898e-01	1.489497e+00
229	4.781891e-01	4.993489e-01	2.305325e+00
230	4.541073e-01	4.748837e-01	2.689301e+00
231	4.689138e-01	5.222017e-01	1.346849e+00
232	5.172646e-01	5.713136e-01	2.447973e+00
233	5.164606e-01	5.254048e-01	1.591109e+00
234	4.368550e-01	6.119599e-01	1.931119e+00
235	4.477111e-01	4.860613e-01	2.687347e+00
236	4.689670e-01	5.056174e-01	2.787982e+00
237	4.661185e-01	4.999683e-01	1.510015e+00
238	4.864280e-01	5.365905e-01	2.193942e+00
239	4.558637e-01	4.491732e-01	2.918906e+00
240	4.407630e-01	4.195695e-01	1.734734e+00
241	5.074741e-01	5.988354e-01	1.119199e+00
242	3.918296e-01	5.103591e-01	1.631168e+00
243	5.019294e-01	5.036623e-01	1.258915e+00
244	4.922238e-01	5.284305e-01	2.458720e+00
245	5.442820e-01	5.514757e-01	2.134343e+00
246	4.686904e-01	5.033394e-01	2.662921e+00
247	4.540417e-01	4.613533e-01	2.924768e+00
248	3.781537e-01	3.838856e-01	2.983390e+00
249	4.957112e-01	4.455525e-01	2.305325e+00
250	5.624422e-01	8.205847e-01	2.763556e+00
251	4.761722e-01	6.781832e-01	2.374695e+00
252	4.888478e-01	4.715349e-01	1.703468e+00
253	5.040742e-01	3.641898e-01	1.246214e+00
254	5.877405e-01	7.002216e-01	2.925745e+00
255	4.553212e-01	4.889726e-01	1.857841e+00
256	4.615926e-01	4.922242e-01	2.601368e+00
257	4.979705e-01	5.605316e-01	2.413776e+00
258	4.629193e-01	4.917510e-01	2.569126e+00
259	4.918331e-01	4.503757e-01	1.865657e+00
260	4.678132e-01	5.099445e-01	2.574988e+00
261	4.690338e-01	4.852826e-01	1.598925e+00
262	3.699478e-01	4.560336e-01	2.264289e+00
263	3.311415e-01	3.949031e-01	1.176844e+00
264	3.514613e-01	4.039297e-01	1.061553e+00
265	4.636048e-01	4.876913e-01	2.526136e+00
266	5.048296e-01	5.757718e-01	1.928188e+00
267	4.825219e-01	5.290389e-01	2.006351e+00
268	4.935658e-01	5.643065e-01	1.041036e+00
269	5.381124e-01	3.514684e-01	1.793356e+00
270	3.829022e-01	3.749491e-01	1.860772e+00
271	5.027720e-01	4.930322e-01	1.389839e+00
272	4.702105e-01	5.134646e-01	1.052760e+00
273	3.931751e-01	3.720363e-01	1.156326e+00
274	4.603424e-01	5.906037e-01	1.981925e+00
275	4.972432e-01	2.596789e-01	2.256473e+00
276	4.747687e-01	5.294793e-01	2.368832e+00
277	4.726568e-01	4.815333e-01	2.024915e+00
278	4.595704e-01	7.307027e-02	1.266732e+00
279	4.656709e-01	5.276567e-01	1.348803e+00
280	4.636240e-01	6.020865e-01	2.472399e+00
281	3.458733e-01	4.574269e-01	2.288715e+00
282	4.781701e-01	5.138539e-01	2.745970e+00
283	4.794814e-01	5.122353e-01	2.490962e+00
284	4.133913e-01	7.252519e-01	2.515388e+00
285	4.272774e-01	2.182169e-01	1.545188e+00
286	4.671572e-01	5.087278e-01	2.662921e+00
287	4.346662e-01	4.600861e-01	2.264289e+00
288	4.533131e-01	4.753994e-01	2.905227e+00
289	4.223538e-01	4.368627e-01	1.058622e+00
290	3.714240e-01	5.197503e-01	2.152907e+00
291	4.905759e-01	3.933984e-01	2.784074e+00
292	4.690591e-01	5.128520e-01	2.445042e+00
293	7.598934e-01	8.326334e-01	2.852467e+00
294	4.134076e-01	4.803158e-01	2.070835e+00
295	4.309338e-01	4.710942e-01	1.406448e+00
296	2.523716e-01	1.561942e-01	1.751343e+00
297	4.798026e-01	4.874163e-01	2.077675e+00
298	4.071602e-01	5.902251e-01	1.601856e+00
299	4.537280e-01	4.726309e-01	2.048363e+00
300	3.676966e-01	4.050891e-01	2.781143e+00
301	4.699209e-01	5.026988e-01	2.779189e+00
302	5.017273e-01	5.936401e-01	2.617978e+00
303	6.497815e-01	6.149701e-01	1.698583e+00
304	4.845931e-01	3.675247e-01	1.948705e+00
305	4.699564e-01	5.114822e-01	1.416219e+00
306	5.273537e-01	8.702290e-01	1.745481e+00
307	4.602946e-01	4.916518e-01	2.291646e+00
308	5.992678e-01	6.069321e-01	1.868588e+00
309	4.030826e-01	4.794679e-01	2.511480e+00
310	4.476051e-01	4.872757e-01	2.596483e+00
311	4.724750e-01	5.263195e-01	2.855398e+00
312	4.570669e-01	4.491393e-01	1.312653e+00
313	4.236549e-01	4.548994e-01	1.787494e+00
314	4.703482e-01	5.020083e-01	2.252565e+00
315	4.935735e-01	5.503405e-01	1.978017e+00
316	4.833190e-01	3.953392e-01	2.965804e+00
317	4.626430e-01	4.945857e-01	2.221299e+00
318	4.254716e-01	4.730369e-01	1.701514e+00
319	4.748044e-01	4.942704e-01	1.135809e+00
320	4.657906e-01	5.457749e-01	2.997069e+00
321	5.061177e-01	4.357658e-01	2.470445e+00
322	5.064469e-01	7.159834e-01	2.362970e+00
323	4.688835e-01	4.903882e-01	2.553493e+00
324	5.031069e-01	5.327073e-01	1.347826e+00
325	3.808937e-01	3.300872e-01	2.896434e+00
326	4.641512e-01	5.105516e-01	1.857841e+00
327	4.651266e-01	4.569700e-01	1.669272e+00
328	4.654136e-01	4.838269e-01	1.726917e+00
329	5.287275e-01	5.901566e-01	2.604299e+00
330	4.611861e-01	5.760664e-01	2.089399e+00
331	4.765279e-01	4.542541e-01	1.552027e+00
332	4.161472e-01	4.842276e-01	1.769907e+00
333	4.914804e-01	5.289100e-01	1.382022e+00
334	4.873019e-01	5.425028e-01	2.510503e+00
335	4.744868e-01	4.557505e-01	1.640938e+00
336	4.723417e-01	5.121304e-01	2.933561e+00
337	5.654578e-01	5.407368e-01	1.033219e+00
338	4.266459e-01	5.990658e-01	1.408403e+00
339	4.550796e-01	4.808525e-01	2.767465e+00
340	4.663196e-01	5.084238e-01	1.526624e+00
341	5.560207e-01	5.650941e-01	1.456277e+00
342	4.830146e-01	5.121824e-01	1.054714e+00
343	4.437235e-01	4.729531e-01	2.601368e+00
344	4.328514e-01	3.169861e-01	2.193942e+00
345	4.358770e-01	5.343282e-01	2.321935e+00
346	4.824413e-01	5.310072e-01	1.564729e+00
347	4.606649e-01	4.985489e-01	1.679043e+00
348	6.181762e-01	6.392448e-01	2.034685e+00
349	4.656956e-01	5.147963e-01	2.564240e+00
350	4.687374e-01	4.514855e-01	2.311187e+00
351	2.805447e-01	4.209160e-01	1.297997e+00
352	4.606859e-01	4.851151e-01	2.873962e+00
353	3.420694e-01	4.679907e-01	2.202736e+00
354	4.693519e-01	5.031856e-01	2.653151e+00
355	4.449142e-01	5.851530e-01	2.461651e+00
356	4.610605e-01	4.884165e-01	1.679043e+00
357	5.762856e-01	5.745461e-01	2.991207e+00
358	4.262963e-01	4.946440e-01	2.857352e+00
359	4.914797e-01	5.840783e-01	1.913532e+00
360	4.640968e-01	3.589986e-01	1.216903e+00
361	3.093455e-01	2.463541e-01	1.214949e+00
362	4.198582e-01	5.399857e-01	1.005862e+00
363	4.917227e-01	5.468131e-01	2.227162e+00
364	4.763817e-01	5.012385e-01	1.723009e+00
365	2.587753e-01	1.107332e-01	1.491451e+00
366	4.615479e-01	6.769680e-01	1.692721e+00
367	4.579770e-01	5.237752e-01	1.154372e+00
368	4.573439e-01	4.957260e-01	1.851001e+00
369	4.655493e-01	5.070224e-01	2.418661e+00
370	5.015215e-01	4.377785e-01	1.874450e+00
371	3.877047e-01	5.063621e-01	1.591109e+00
372	4.881164e-01	4.886649e-01	2.199805e+00
373	4.585508e-01	6.493709e-01	2.208598e+00
374	4.709882e-01	4.364060e-01	1.322423e+00
375	5.862190e-01	5.876202e-01	2.361016e+00
376	6.114410e-01	5.265467e-01	1.815828e+00
377	4.689313e-01	5.049389e-01	1.328285e+00
378	4.501675e-01	4.799558e-01	1.883244e+00
379	6.248206e-01	6.872491e-01	1.599902e+00
380	5.931609e-01	7.155381e-01	2.343429e+00
381	4.938690e-01	5.163559e-01	1.835369e+00
382	5.088683e-01	4.694403e-01	1.065462e+00
383	3.636839e-01	6.510473e-01	1.698583e+00
384	3.203854e-01	6.123580e-01	2.761602e+00
385	1.829066e-01	3.625650e-01	1.961407e+00
386	5.037558e-01	4.130343e-01	2.449927e+00
387	4.966979e-01	5.405687e-01	2.669761e+00
388	5.623645e-01	4.608880e-01	2.597460e+00
389	4.750665e-01	5.153527e-01	2.960918e+00
390	4.471102e-01	4.803540e-01	1.655594e+00
391	5.196074e-01	5.843752e-01	2.572057e+00
392	4.710459e-01	5.124919e-01	1.234489e+00
393	4.391571e-01	5.503035e-01	1.607719e+00
394	4.757941e-01	5.112144e-01	2.643381e+00
395	3.998120e-01	1.938691e-01	1.233512e+00
396	6.426934e-01	8.884040e-01	2.058134e+00
397	3.353338e-01	4.627581e-01	1.083048e+00
398	7.261685e-01	8.069182e-01	2.453835e+00
399	5.511408e-01	5.814866e-01	2.169516e+00
400	4.188621e-01	4.287578e-01	1.634099e+00
401	5.153846e-01	4.817606e-01	1.314607e+00
402	4.758762e-01	5.396116e-01	2.292623e+00
403	4.543162e-01	4.145573e-01	1.759160e+00
404	5.300973e-01	6.437109e-01	2.942355e+00
405	5.389346e-01	6.048407e-01	1.358574e+00
406	5.004810e-01	5.511502e-01	1.474841e+00
407	4.802218e-01	8.081200e-01	2.850513e+00
408	3.149379e-01	6.531687e-01	2.543723e+00
409	4.705894e-01	4.946912e-01	1.170005e+00
410	4.612888e-01	5.275046e-01	2.011236e+00
411	4.015413e-01	5.439185e-01	2.982413e+00
412	6.090161e-01	7.764256e-01	1.578407e+00
413	4.864187e-01	6.127640e-01	2.904250e+00
414	4.697251e-01	5.083339e-01	2.948217e+00
415	4.724314e-01	5.051689e-01	1.856864e+00
416	5.126115e-01	5.910431e-01	1.780655e+00
417	4.799858e-01	4.835852e-01	1.223742e+00
418	4.657349e-01	4.641388e-01	2.928676e+00
419	4.861298e-01	5.059460e-01	1.055691e+00
420	4.536845e-01	5.074987e-01	2.823156e+00
421	4.675470e-01	5.098101e-01	2.886663e+00
422	4.612967e-01	4.987787e-01	1.391793e+00
423	5.108209e-01	6.253916e-01	1.467025e+00
424	4.940135e-01	5.405061e-01	1.512946e+00
425	4.568243e-01	8.436961e-01	1.960430e+00
426	4.515344e-01	8.424646e-01	2.254519e+00
427	4.926269e-01	6.811756e-01	2.899365e+00
428	4.635274e-01	5.393984e-01	1.247191e+00
429	4.461526e-01	4.947765e-01	1.802149e+00
430	4.797817e-01	4.999248e-01	1.663410e+00
431	4.956240e-01	7.241538e-01	2.556424e+00
432	4.579602e-01	8.073098e-01	2.947240e+00
433	4.555245e-01	4.901801e-01	2.475330e+00
434	4.975443e-01	5.171903e-01	2.923791e+00
435	6.002832e-01	3.601291e-01	2.906204e+00
436	2.416719e-01	7.330340e-01	2.668784e+00
437	4.864717e-01	5.268776e-01	2.476307e+00
438	3.904170e-01	6.199870e-01	2.065950e+00
439	4.677242e-01	5.099936e-01	1.983879e+00
440	4.902935e-01	5.275124e-01	1.637030e+00
441	5.607310e-01	4.790826e-01	1.338056e+00
442	5.154310e-01	5.294503e-01	2.406937e+00
443	5.318651e-01	7.919619e-01	1.422081e+00
444	4.971771e-01	6.053730e-01	2.956033e+00
445	4.733250e-01	4.986281e-01	2.601368e+00
446	3.320606e-01	3.899115e-01	1.846116e+00
447	4.637378e-01	4.906288e-01	1.264778e+00
448	4.171045e-01	4.376073e-01	1.119199e+00
449	4.814731e-01	5.085847e-01	1.956522e+00
450	6.797840e-01	7.800268e-01	2.971666e+00
451	4.657409e-01	5.008595e-01	2.149976e+00
452	5.720660e-01	5.990186e-01	1.574499e+00
453	3.962202e-01	3.329610e-01	1.775769e+00
454	4.157194e-01	4.994471e-01	1.542257e+00
455	4.707137e-01	5.006639e-01	2.984367e+00
456	4.861235e-01	5.532306e-01	1.577430e+00
457	4.718223e-01	4.560811e-01	2.955056e+00
458	5.026678e-01	5.113523e-01	2.865169e+00
459	5.067889e-01	5.594331e-01	1.672203e+00
460	4.640751e-01	8.181628e-02	1.198339e+00
461	5.370183e-01	3.938692e-01	2.513434e+00
462	3.681259e-01	4.142576e-01	1.853933e+00
463	4.784013e-01	4.962855e-01	2.858329e+00
464	4.535476e-01	5.100382e-01	1.574499e+00
465	5.293073e-01	5.384508e-01	1.432829e+00
466	4.709400e-01	5.056427e-01	1.500244e+00
467	6.428913e-01	6.273587e-01	1.323400e+00
468	4.499809e-01	5.239875e-01	2.147044e+00
469	4.728726e-01	4.615021e-01	2.698095e+00
470	4.563579e-01	5.065106e-01	1.364436e+00
471	2.753289e-01	3.371638e-01	2.076698e+00
472	4.708161e-01	5.140145e-01	2.011236e+00
473	5.450376e-01	6.418615e-01	1.215926e+00
474	4.777719e-01	5.082160e-01	2.299463e+00
475	5.619416e-01	5.129362e-01	1.683928e+00
476	4.756035e-01	5.070406e-01	2.081583e+00
477	4.393983e-01	4.973606e-01	2.350269e+00
478	3.929200e-01	7.758083e-01	2.728383e+00
479	4.850589e-01	5.485591e-01	1.194431e+00
480	4.360221e-01	5.327101e-01	2.515388e+00
481	3.354608e-01	2.626810e-01	1.865657e+00
482	4.775582e-01	4.234862e-01	1.802149e+00
483	4.191560e-01	4.427396e-01	1.367367e+00
484	4.941064e-01	5.436084e-01	1.148510e+00
485	5.498319e-01	6.312263e-01	2.427455e+00
486	4.639902e-01	6.639246e-01	2.196873e+00
487	4.257045e-01	4.982935e-01	2.386419e+00
488	4.570913e-01	4.888642e-01	1.294089e+00
489	5.008771e-01	3.835492e-01	1.687836e+00
490	4.448076e-01	4.557054e-01	1.146556e+00
491	3.835871e-01	3.230598e-01	1.597948e+00
492	4.452144e-01	4.718168e-01	2.412799e+00
493	3.896929e-01	4.163701e-01	1.227650e+00
494	4.729791e-01	5.807989e-01	2.522228e+00
495	4.738097e-01	5.419807e-01	1.437714e+00
496	4.793182e-01	5.335241e-01	1.523693e+00
497	4.207443e-01	5.459383e-01	1.221788e+00
498	5.331438e-01	5.884286e-01	1.652662e+00
499	5.437906e-01	4.175844e-01	1.269663e+00
500	4.652865e-01	5.067804e-01	2.967758e+00
501	4.735118e-01	5.105313e-01	2.546654e+00
502	2.282648e-01	3.796732e-01	1.818759e+00
503	5.025532e-01	5.853799e-01	1.919394e+00
504	4.579624e-01	5.093718e-01	2.563263e+00
505	3.576557e-01	3.728316e-01	1.451392e+00
506	5.384096e-01	4.749829e-01	1.718124e+00
507	4.601264e-01	4.817145e-01	1.207132e+00
508	4.690146e-01	5.078978e-01	1.236444e+00
509	5.332540e-01	4.818097e-01	2.622863e+00
510	4.179737e-01	6.889049e-01	2.549585e+00
511	4.755941e-01	5.101339e-01	2.966781e+00
512	5.372365e-01	3.535698e-01	2.395213e+00
513	5.217741e-01	5.208756e-01	1.534441e+00
514	6.265125e-01	6.027695e-01	1.550073e+00
515	5.040959e-01	5.842506e-01	1.610650e+00
516	4.448638e-01	5.562257e-01	1.612604e+00
517	4.655209e-01	5.186519e-01	1.086957e+00
518	5.214294e-01	4.430874e-01	2.282853e+00
519	3.137449e-01	3.002475e-01	1.573522e+00
520	4.760165e-01	5.213686e-01	2.497802e+00
521	4.636364e-01	5.159286e-01	1.752320e+00
522	4.558511e-01	9.207902e-01	1.589155e+00
523	4.638551e-01	5.304392e-01	1.209086e+00
524	4.356510e-01	4.066553e-01	2.755740e+00
525	3.870209e-01	6.692044e-01	1.499267e+00
526	4.631084e-01	5.255931e-01	1.014656e+00
527	4.397312e-01	1.345492e-01	2.891549e+00
528	4.783359e-01	5.201649e-01	2.478261e+00
529	5.266815e-01	4.349087e-01	1.898876e+00
530	4.580261e-01	5.141710e-01	1.188569e+00
531	4.524476e-01	4.937852e-01	2.785051e+00
532	4.680276e-01	5.064071e-01	2.945286e+00
533	4.492613e-01	4.817025e-01	2.458720e+00
534	5.143541e-01	5.478534e-01	2.673669e+00
535	4.814115e-01	4.883611e-01	1.399609e+00
536	4.886222e-01	5.216961e-01	2.604299e+00
537	4.696464e-01	5.042651e-01	1.529555e+00
538	4.741273e-01	5.052581e-01	2.823156e+00
539	5.257796e-01	5.252234e-01	2.826087e+00
540	4.961770e-01	5.447832e-01	2.844651e+00
541	4.268031e-01	5.071652e-01	2.290669e+00
542	4.556563e-01	5.352595e-01	2.570103e+00
543	4.671009e-01	4.913494e-01	2.396190e+00
544	3.780923e-01	5.034344e-01	1.318515e+00
545	4.623545e-01	5.742700e-01	2.605276e+00
546	3.818787e-01	4.244292e-01	2.683439e+00
547	4.245970e-01	7.412587e-01	1.587201e+00
548	5.749680e-01	6.146296e-01	1.375183e+00
549	4.753982e-01	5.520003e-01	2.298486e+00
550	6.409981e-01	6.128097e-01	1.285296e+00
551	4.608535e-01	5.076479e-01	2.983390e+00
552	4.527961e-01	2.854041e-01	1.195408e+00
553	4.770582e-01	4.884867e-01	2.414753e+00
554	4.499857e-01	4.482985e-01	1.843185e+00
555	4.510564e-01	5.981709e-01	2.396190e+00
556	4.782456e-01	4.132820e-01	3.000000e+00
557	4.518538e-01	5.226569e-01	2.728383e+00
558	7.124566e-01	8.509629e-01	1.133854e+00
559	4.667203e-01	4.985960e-01	1.944797e+00
560	4.473433e-01	5.237671e-01	2.883732e+00
561	3.365587e-01	4.047899e-01	2.383488e+00
562	5.324504e-01	4.913388e-01	2.506595e+00
563	4.658253e-01	5.181024e-01	1.786517e+00
564	3.741220e-01	5.129883e-01	2.893503e+00
565	4.790654e-01	5.120943e-01	2.981436e+00
566	5.153756e-01	5.817726e-01	2.663898e+00
567	5.176218e-01	5.366269e-01	2.227162e+00
568	4.504632e-01	5.221018e-01	1.527601e+00
569	4.435209e-01	4.188171e-01	2.610161e+00
570	4.806052e-01	1.136970e-01	1.058622e+00
571	5.021598e-01	5.526492e-01	2.782120e+00
572	3.712365e-01	1.585296e-01	1.518808e+00
573	4.534969e-01	5.210781e-01	2.109917e+00
574	5.025438e-01	5.546474e-01	2.074744e+00
575	4.475140e-01	4.710223e-01	2.319003e+00
576	5.283839e-01	5.223578e-01	1.290181e+00
577	4.517337e-01	5.364640e-01	1.286273e+00
578	4.611077e-01	4.930571e-01	1.881290e+00
579	4.629025e-01	4.819398e-01	1.664387e+00
580	3.472449e-01	7.173022e-01	1.242306e+00
581	4.804175e-01	4.714295e-01	1.927211e+00
582	4.681708e-01	5.115275e-01	2.820225e+00
583	4.548697e-01	7.217250e-01	2.792868e+00
584	5.353122e-01	5.688958e-01	1.201270e+00
585	4.739862e-01	5.475109e-01	1.898876e+00
586	4.708865e-01	5.007216e-01	1.782609e+00
587	4.754030e-01	5.273565e-01	1.561798e+00
588	4.683756e-01	5.075793e-01	2.282853e+00
589	4.932250e-01	5.566730e-01	2.210552e+00
590	4.440403e-01	3.925332e-01	1.020518e+00
591	5.029389e-01	5.550650e-01	1.784563e+00
592	4.688884e-01	5.041487e-01	1.275525e+00
593	4.988912e-01	4.936941e-01	1.212995e+00
594	4.809553e-01	4.181674e-01	2.964827e+00
595	4.480593e-01	4.862189e-01	2.079629e+00
596	4.520354e-01	5.689681e-01	1.187592e+00
597	4.503191e-01	5.668856e-01	1.258915e+00
598	4.841534e-01	5.264143e-01	1.999511e+00
599	4.640028e-01	5.057553e-01	1.264778e+00
600	4.414463e-01	4.745129e-01	1.110405e+00
601	5.104273e-01	5.998743e-01	1.107474e+00
602	3.683122e-01	4.526607e-01	1.070347e+00
603	4.740157e-01	5.045789e-01	2.400098e+00
604	5.075606e-01	5.165761e-01	2.871031e+00
605	4.769138e-01	5.152270e-01	2.739130e+00
606	4.791478e-01	5.238014e-01	2.061065e+00
607	5.001720e-01	3.618994e-01	1.073278e+00
608	5.124939e-01	5.406092e-01	2.799707e+00
609	4.360581e-01	4.435088e-01	2.010259e+00
610	3.701956e-01	5.057407e-01	1.700537e+00
611	4.641501e-01	4.917220e-01	1.339033e+00
612	5.213051e-01	4.273379e-01	2.227162e+00
613	7.740784e-01	7.737063e-01	2.482169e+00
614	4.934258e-01	5.001118e-01	2.958964e+00
615	5.648853e-01	5.500827e-01	1.443576e+00
616	3.827152e-01	5.121122e-01	2.381534e+00
617	4.326074e-01	4.001397e-01	1.971177e+00
618	4.616262e-01	4.892233e-01	2.960918e+00
619	3.739224e-01	3.237725e-01	1.812897e+00
620	4.004080e-01	6.608937e-01	1.170982e+00
621	4.629591e-01	4.148627e-01	1.277479e+00
622	5.820257e-01	6.243350e-01	1.176844e+00
623	4.830379e-01	3.847091e-01	1.636053e+00
624	5.052714e-01	6.014116e-01	2.336590e+00
625	4.078460e-01	5.326230e-01	1.343918e+00
626	4.704882e-01	5.173196e-01	1.905716e+00
627	5.390118e-01	5.295017e-01	1.784563e+00
628	4.662958e-01	5.258227e-01	2.063996e+00
629	4.795400e-01	5.119053e-01	2.497802e+00
630	5.406565e-01	4.002298e-01	2.870054e+00
631	4.644437e-01	4.395734e-01	1.729849e+00
632	3.838269e-01	2.605778e-01	2.290669e+00
633	4.683661e-01	5.068996e-01	2.841720e+00
634	4.666957e-01	5.082287e-01	2.195896e+00
635	5.113890e-01	5.812197e-01	1.601856e+00
636	4.550956e-01	4.666397e-01	2.449927e+00
637	4.552984e-01	5.129696e-01	1.462140e+00
638	4.706773e-01	5.049391e-01	2.041524e+00
639	4.681946e-01	5.054636e-01	2.061065e+00
640	4.056153e-01	4.350005e-01	2.130435e+00
641	3.362387e-01	2.551639e-01	2.205667e+00
642	4.718317e-01	5.104332e-01	2.184172e+00
643	4.979882e-01	4.912744e-01	2.747924e+00
644	6.490599e-01	5.294606e-01	2.909135e+00
645	4.723303e-01	5.165463e-01	2.777235e+00
646	4.924079e-01	5.751955e-01	1.295066e+00
647	4.998490e-01	4.965452e-01	1.050806e+00
648	4.911028e-01	5.391972e-01	1.191500e+00
649	4.593852e-01	4.972172e-01	1.198339e+00
650	4.912799e-01	4.912790e-01	2.656082e+00
651	4.804514e-01	4.700080e-01	1.692721e+00
652	2.596990e-01	1.843983e-01	2.330728e+00
653	4.652820e-01	4.974966e-01	1.906693e+00
654	4.840806e-01	5.014679e-01	2.192965e+00
655	3.996406e-01	4.737321e-01	1.200293e+00
656	4.484011e-01	5.019153e-01	2.361016e+00
657	3.975596e-01	3.241795e-01	2.080606e+00
658	4.611554e-01	5.150179e-01	2.017098e+00
659	4.428265e-01	5.125850e-01	2.191011e+00
660	4.913509e-01	7.977340e-01	1.667318e+00
661	3.968729e-01	3.254382e-01	2.229116e+00
662	4.616442e-01	4.012084e-01	1.188569e+00
663	4.948117e-01	5.403419e-01	2.714704e+00
664	5.012585e-01	5.346003e-01	1.979971e+00
665	4.926853e-01	5.191881e-01	2.954079e+00
666	5.651465e-01	6.632420e-01	1.803127e+00
667	4.514712e-01	4.981557e-01	1.039082e+00
668	6.998391e-01	6.003650e-01	1.893014e+00
669	4.947741e-01	6.377264e-01	1.778701e+00
670	4.119030e-01	6.227638e-01	1.807035e+00
671	4.914920e-01	5.807257e-01	1.102589e+00
672	4.808850e-01	5.649590e-01	1.879336e+00
673	4.546575e-01	5.517456e-01	1.984856e+00
674	4.680357e-01	5.061732e-01	2.238886e+00
675	4.931663e-01	5.418768e-01	2.868100e+00
676	4.669961e-01	5.130682e-01	2.748901e+00
677	5.755345e-01	3.399435e-01	1.578407e+00
678	4.895337e-01	5.361051e-01	1.621397e+00
679	4.740560e-01	5.069315e-01	2.657059e+00
680	4.831569e-01	5.305507e-01	2.404983e+00
681	4.898720e-01	5.738090e-01	2.272106e+00
682	4.240981e-01	4.512702e-01	1.463117e+00
683	4.612159e-01	4.809557e-01	2.316072e+00
684	4.679109e-01	5.061678e-01	2.334636e+00
685	5.161863e-01	4.600907e-01	1.365413e+00
686	6.154255e-01	5.923632e-01	2.105032e+00
687	3.549530e-01	4.879040e-01	1.339033e+00
688	4.680136e-01	4.839329e-01	2.932584e+00
689	4.667525e-01	5.130258e-01	2.378603e+00
690	4.670743e-01	5.057800e-01	1.833415e+00
691	4.488955e-01	5.198830e-01	1.663410e+00
692	4.728282e-01	5.326165e-01	2.251588e+00
693	6.468698e-01	5.151571e-01	1.766976e+00
694	4.673190e-01	4.525206e-01	1.575476e+00
695	3.253987e-01	2.420293e-01	2.771373e+00
696	4.629678e-01	5.091992e-01	2.787005e+00
697	4.765177e-01	5.099206e-01	1.959453e+00
698	4.839948e-01	5.091334e-01	2.187103e+00
699	4.671199e-01	5.099342e-01	2.430386e+00
700	4.853844e-01	6.100815e-01	2.679531e+00
701	4.878474e-01	5.366437e-01	2.191988e+00
702	5.175255e-01	6.462501e-01	2.945286e+00
703	4.689044e-01	4.971021e-01	2.793845e+00
704	4.780712e-01	5.130534e-01	2.132389e+00
705	4.896599e-01	4.575662e-01	1.627259e+00
706	4.703516e-01	5.005033e-01	1.623351e+00
707	4.841515e-01	5.104481e-01	2.772350e+00
708	4.658978e-01	4.951793e-01	1.552027e+00
709	5.797560e-01	5.179135e-01	1.180752e+00
710	4.899081e-01	5.702706e-01	1.632145e+00
711	3.817958e-01	3.978529e-01	1.680997e+00
712	6.232288e-01	6.157110e-01	2.828041e+00
713	1.346079e-01	5.521811e-01	1.703468e+00
714	2.711996e-01	3.978744e-01	1.471910e+00
715	4.769788e-01	5.320922e-01	2.368832e+00
716	4.702445e-01	4.848755e-01	1.961407e+00
717	4.666726e-01	5.105883e-01	1.756229e+00
718	4.706499e-01	5.337978e-01	2.987298e+00
719	4.629742e-01	5.140426e-01	2.332682e+00
720	4.546042e-01	5.061233e-01	1.097704e+00
721	6.077329e-01	5.826804e-01	1.954568e+00
722	4.649236e-01	5.093184e-01	1.704446e+00
723	4.680378e-01	5.061327e-01	1.853933e+00
724	5.181618e-01	6.422556e-01	2.829995e+00
725	4.219321e-01	5.120364e-01	2.232047e+00
726	4.609878e-01	4.928602e-01	2.587689e+00
727	1.673225e-01	6.540559e-01	2.698095e+00
728	4.503368e-01	4.862338e-01	1.896922e+00
729	4.719561e-01	6.174551e-01	1.212995e+00
730	2.757787e-01	4.109782e-01	1.502198e+00
731	4.699026e-01	5.085918e-01	2.614069e+00
732	4.781118e-01	5.942316e-01	2.880801e+00
733	4.528413e-01	5.039619e-01	1.956522e+00
734	3.948704e-01	4.132643e-01	2.745970e+00
735	3.529439e-01	6.910750e-01	1.179775e+00
736	3.907051e-01	4.904810e-01	1.935027e+00
737	4.750516e-01	4.754237e-01	1.975085e+00
738	4.617226e-01	4.778984e-01	1.067416e+00
739	4.974187e-01	4.478069e-01	2.024915e+00
740	4.696684e-01	4.522522e-01	2.810454e+00
741	4.525804e-01	4.949275e-01	2.428432e+00
742	4.402714e-01	5.074952e-01	1.957499e+00
743	6.500447e-01	6.259199e-01	2.306302e+00
744	4.761480e-01	4.993723e-01	2.557401e+00
745	4.597873e-01	4.859718e-01	1.243283e+00
746	4.546599e-01	5.143078e-01	2.429409e+00
747	4.524433e-01	5.065148e-01	2.523205e+00
748	4.347848e-01	2.695852e-01	2.842697e+00
749	4.677020e-01	5.100781e-01	2.247680e+00
750	4.307434e-01	4.851710e-01	2.000489e+00
751	4.400869e-01	4.859511e-01	2.446019e+00
752	4.718258e-01	5.133872e-01	2.360039e+00
753	3.913700e-01	6.388974e-01	2.567171e+00
754	4.578574e-01	5.031178e-01	2.415730e+00
755	4.378367e-01	5.000248e-01	1.989741e+00
756	4.645594e-01	5.133805e-01	2.908158e+00
757	5.627780e-01	5.708557e-01	2.731314e+00
758	4.727241e-01	5.024514e-01	2.544700e+00
759	4.703070e-01	5.056778e-01	2.890572e+00
760	4.677740e-01	5.040991e-01	1.654617e+00
761	4.703410e-01	5.031391e-01	1.008793e+00
762	4.617533e-01	5.095084e-01	1.260870e+00
763	5.146417e-01	5.216269e-01	1.347826e+00
764	4.754710e-01	5.043752e-01	1.325354e+00
765	4.687427e-01	5.218918e-01	1.420127e+00
766	5.462024e-01	5.751284e-01	2.845628e+00
767	4.657857e-01	4.899732e-01	1.853933e+00
768	4.812631e-01	5.159693e-01	1.303859e+00
769	4.889867e-01	4.494538e-01	1.294089e+00
770	7.665854e-01	2.871150e-01	1.675134e+00
771	5.274752e-01	4.315047e-01	2.417684e+00
772	4.508021e-01	4.897162e-01	2.053249e+00
773	4.670759e-01	5.044185e-01	1.276502e+00
774	3.913675e-01	6.230415e-01	2.779189e+00
775	5.261183e-01	3.714968e-01	1.984856e+00
776	5.216241e-01	7.156227e-01	2.295554e+00
777	4.674518e-01	5.003283e-01	1.652662e+00
778	4.588672e-01	4.844705e-01	2.464582e+00
779	4.694890e-01	5.096372e-01	1.763068e+00
780	4.734191e-01	5.811080e-01	2.026869e+00
781	3.871223e-01	4.010557e-01	1.160234e+00
782	2.855839e-01	4.842778e-01	2.302394e+00
783	4.231309e-01	4.809780e-01	1.384954e+00
784	4.190993e-01	4.630193e-01	2.598437e+00
785	4.187964e-01	5.478861e-01	2.130435e+00
786	4.607839e-01	4.986737e-01	1.690767e+00
787	4.618813e-01	4.974023e-01	1.940889e+00
788	4.685506e-01	4.957282e-01	2.099170e+00
