766
0	4.201874e-01	3.937465e-01	1.398632e+00
1	3.971491e-01	6.418830e-01	1.108451e+00
2	4.587606e-01	5.213441e-01	2.925745e+00
3	4.730765e-01	4.834580e-01	2.732291e+00
4	4.250014e-01	6.867898e-01	1.257938e+00
5	4.376573e-01	5.589464e-01	2.424524e+00
6	7.007660e-01	7.999465e-01	1.383000e+00
7	4.796495e-01	5.248617e-01	2.705911e+00
8	4.698960e-01	5.436122e-01	2.442110e+00
9	4.702003e-01	5.132691e-01	2.233024e+00
10	4.820354e-01	4.875520e-01	2.376649e+00
11	4.832859e-01	5.208518e-01	1.556913e+00
12	4.436391e-01	6.550556e-01	2.950171e+00
13	3.355766e-01	5.559549e-01	1.066439e+00
14	4.659619e-01	5.134010e-01	1.626282e+00
15	3.290293e-01	6.273858e-01	1.306790e+00
16	4.703515e-01	5.131104e-01	2.902296e+00
17	6.779842e-01	6.596894e-01	1.195408e+00
18	4.993385e-01	4.419486e-01	1.785540e+00
19	4.591316e-01	5.244182e-01	1.248168e+00
20	4.798663e-01	5.279184e-01	1.863703e+00
21	5.288138e-01	4.409388e-01	2.671715e+00
22	4.751149e-01	5.187526e-01	2.487054e+00
23	3.918423e-01	3.637516e-01	1.946751e+00
24	6.101882e-01	5.175388e-01	1.303859e+00
25	4.737805e-01	2.582866e-01	2.152907e+00
26	4.592634e-01	5.169009e-01	1.388862e+00
27	4.726873e-01	5.096419e-01	1.591109e+00
28	4.969800e-01	6.368005e-01	2.205667e+00
29	4.646807e-01	4.945346e-01	2.181241e+00
30	5.420713e-01	4.524636e-01	1.475818e+00
31	4.106175e-01	4.610893e-01	2.309233e+00
32	4.398153e-01	4.941703e-01	2.073766e+00
33	5.041121e-01	4.123962e-01	2.331705e+00
34	4.693779e-01	5.116256e-01	1.126038e+00
35	7.661675e-01	6.329556e-01	2.235955e+00
36	5.641467e-01	3.776367e-01	2.805569e+00
37	5.790139e-01	3.647985e-01	2.555447e+00
38	4.704279e-01	5.505726e-01	2.559355e+00
39	4.750574e-01	5.215929e-01	1.895945e+00
40	5.467246e-01	4.455169e-01	1.282364e+00
41	4.627637e-01	5.732027e-01	2.750855e+00
42	4.702981e-01	5.064035e-01	2.412799e+00
43	4.766820e-01	5.205892e-01	2.557401e+00
44	4.875269e-01	4.583442e-01	1.648754e+00
45	5.231449e-01	5.001696e-01	1.721055e+00
46	4.071332e-01	3.906774e-01	2.588666e+00
47	4.760897e-01	5.207157e-01	1.525647e+00
48	4.716205e-01	5.079383e-01	2.751832e+00
49	2.693916e-01	2.577226e-01	2.625794e+00
50	4.956089e-01	5.707827e-01	1.663410e+00
51	4.715013e-01	5.079908e-01	2.560332e+00
52	4.684978e-01	5.306450e-01	1.696629e+00
53	4.882897e-01	5.128190e-01	1.506106e+00
54	4.731804e-01	5.024566e-01	2.675623e+00
55	4.920725e-01	4.960546e-01	2.497802e+00
56	5.105303e-01	4.337420e-01	1.031265e+00
57	6.017437e-01	5.634778e-01	2.361993e+00
58	4.656862e-01	5.970627e-01	1.866634e+00
60	7.486059e-01	7.119641e-01	1.503175e+00
61	4.884544e-01	5.899154e-01	2.449927e+00
62	4.747464e-01	5.088466e-01	2.831949e+00
63	4.754225e-01	5.204738e-01	2.317049e+00
64	4.778694e-01	5.889398e-01	2.353200e+00
65	4.683618e-01	5.134094e-01	2.575965e+00
66	4.240814e-01	4.716508e-01	2.922814e+00
67	4.996162e-01	5.208921e-01	2.289692e+00
68	4.194039e-01	4.009855e-01	2.766488e+00
69	5.394131e-01	4.705958e-01	1.522716e+00
70	3.886155e-01	5.495059e-01	2.769419e+00
71	4.582672e-01	4.796612e-01	1.110405e+00
72	4.944372e-01	5.775515e-01	1.412311e+00
73	3.665657e-01	3.919575e-01	1.951637e+00
74	2.539577e-01	4.516783e-01	1.449438e+00
75	3.491275e-01	4.579772e-01	2.176356e+00
76	4.708641e-01	5.993293e-01	1.212995e+00
77	4.815177e-01	5.275130e-01	1.872496e+00
78	4.676206e-01	5.125450e-01	1.606742e+00
79	3.793765e-01	5.262009e-01	1.183683e+00
80	4.736615e-01	4.618244e-01	2.736199e+00
81	4.693318e-01	5.116581e-01	1.617489e+00
82	4.890516e-01	5.794288e-01	2.456766e+00
83	3.958203e-01	4.245512e-01	1.406448e+00
84	5.567504e-01	6.660549e-01	2.453835e+00
85	4.697423e-01	5.168728e-01	2.712750e+00
86	4.697070e-01	5.189199e-01	2.877870e+00
87	3.249185e-01	7.404529e-01	1.533464e+00
88	4.270378e-01	4.418436e-01	2.169516e+00
89	6.012046e-01	6.625972e-01	2.483146e+00
90	4.966848e-01	4.395795e-01	1.538349e+00
91	4.346302e-01	5.282113e-01	1.117245e+00
92	4.906077e-01	5.273128e-01	2.709819e+00
93	4.918605e-01	4.883621e-01	2.929653e+00
94	4.540241e-01	5.785885e-01	2.125550e+00
95	6.019947e-01	5.504746e-01	2.148999e+00
96	4.721520e-01	5.368706e-01	1.206155e+00
98	4.695685e-01	5.047971e-01	1.997557e+00
99	4.832957e-01	4.536975e-01	1.753298e+00
100	4.743171e-01	5.204067e-01	1.491451e+00
101	4.669414e-01	5.155062e-01	2.381534e+00
102	4.590483e-01	5.619597e-01	1.837323e+00
103	4.336600e-01	4.108503e-01	2.723498e+00
104	5.793346e-01	6.304948e-01	1.216903e+00
105	4.600938e-01	5.571978e-01	1.385931e+00
107	4.516815e-01	5.237140e-01	1.887152e+00
108	6.491363e-01	3.980851e-01	1.869565e+00
109	5.583204e-01	5.454162e-01	2.657059e+00
110	4.418941e-01	5.460466e-01	1.905716e+00
111	4.915025e-01	4.628828e-01	2.319980e+00
113	5.061664e-01	1.418769e-01	1.155349e+00
114	4.726028e-01	5.351475e-01	1.261847e+00
115	5.500355e-01	6.022851e-01	1.308745e+00
116	4.024969e-01	6.987218e-01	1.148510e+00
117	4.824454e-01	5.882991e-01	1.865657e+00
118	4.579762e-01	4.573748e-01	2.988276e+00
119	4.351515e-01	4.819910e-01	1.479726e+00
120	4.872349e-01	5.542125e-01	2.095261e+00
121	4.605575e-01	6.275389e-01	2.442110e+00
122	5.318963e-01	3.843585e-01	1.070347e+00
123	5.148917e-01	5.753475e-01	1.417196e+00
124	4.733126e-01	5.025560e-01	2.817294e+00
126	5.105141e-01	5.686464e-01	2.738153e+00
127	4.802016e-01	5.512265e-01	2.338544e+00
128	1.841708e-01	1.602436e-01	1.282364e+00
129	4.549051e-01	5.392628e-01	2.676600e+00
130	1.601684e-01	1.821197e-01	2.443087e+00
132	5.631089e-01	4.314962e-01	1.220811e+00
133	6.275557e-01	4.473823e-01	2.407914e+00
134	4.978990e-01	5.411766e-01	2.277968e+00
135	4.856416e-01	5.234570e-01	2.409868e+00
136	4.569507e-01	5.528917e-01	2.083537e+00
137	4.786093e-01	4.472993e-01	2.286761e+00
138	2.312107e-01	5.303829e-01	1.194431e+00
139	4.612829e-01	5.186058e-01	2.818271e+00
140	3.889394e-01	5.358626e-01	2.827064e+00
141	4.878056e-01	4.901405e-01	1.684905e+00
142	4.800290e-01	5.178157e-01	1.999511e+00
143	4.657612e-01	5.057603e-01	1.956522e+00
144	5.228005e-01	5.375906e-01	2.323889e+00
145	4.818922e-01	4.925527e-01	2.501710e+00
146	3.368967e-01	7.209666e-01	2.395213e+00
147	3.742136e-01	5.918278e-01	2.719590e+00
148	4.692873e-01	5.129457e-01	2.937469e+00
149	4.582418e-01	5.755744e-01	2.803615e+00
150	5.154583e-01	5.510008e-01	1.794333e+00
151	4.628577e-01	5.336308e-01	2.611138e+00
152	4.415082e-01	5.517347e-01	1.724963e+00
153	4.691709e-01	4.945066e-01	1.983879e+00
154	4.717747e-01	5.115636e-01	2.181241e+00
155	5.028850e-01	6.242213e-01	1.295066e+00
156	4.471495e-01	6.213617e-01	1.970200e+00
157	4.581083e-01	5.242543e-01	2.387396e+00
158	3.347891e-01	6.254022e-01	2.386419e+00
159	4.299367e-01	6.836669e-01	2.647289e+00
160	4.546639e-01	4.945534e-01	1.686859e+00
161	4.554100e-01	5.083617e-01	1.553981e+00
162	4.965666e-01	3.806829e-01	1.764045e+00
163	4.856128e-01	4.090367e-01	1.632145e+00
164	4.680164e-01	5.128472e-01	1.235467e+00
165	4.707937e-01	4.976376e-01	2.251588e+00
166	4.566173e-01	5.495486e-01	1.751343e+00
167	3.697562e-01	4.357507e-01	1.715193e+00
168	4.653222e-01	5.090480e-01	2.109917e+00
169	4.596553e-01	5.380144e-01	2.137274e+00
170	4.582178e-01	5.737013e-01	2.099170e+00
171	4.529468e-01	3.798466e-01	2.057157e+00
172	5.049855e-01	4.965657e-01	2.246702e+00
173	4.829043e-01	5.105106e-01	1.894968e+00
174	5.414280e-01	4.807325e-01	2.453835e+00
175	5.038129e-01	5.661774e-01	2.834880e+00
176	4.033962e-01	4.620203e-01	2.215437e+00
177	4.746121e-01	5.194842e-01	2.153884e+00
178	4.794541e-01	5.129266e-01	2.475330e+00
179	4.253093e-01	4.438955e-01	1.274548e+00
180	4.961885e-01	5.502221e-01	2.127504e+00
181	4.656518e-01	5.379117e-01	1.790425e+00
182	5.101255e-01	6.081707e-01	1.736688e+00
183	5.334316e-01	5.451143e-01	1.692721e+00
184	5.306740e-01	7.098295e-01	2.042501e+00
185	5.218788e-01	5.896239e-01	1.468979e+00
186	4.520123e-01	5.285790e-01	1.784563e+00
188	4.833587e-01	4.653002e-01	1.839277e+00
189	4.647715e-01	5.048907e-01	1.175867e+00
190	4.369919e-01	5.100595e-01	2.807523e+00
191	6.510687e-01	4.919197e-01	2.811431e+00
192	5.119377e-01	5.001824e-01	1.192477e+00
193	3.133706e-01	5.174530e-01	1.620420e+00
194	4.052863e-01	5.126776e-01	2.624817e+00
195	4.730544e-01	5.150970e-01	2.806546e+00
196	3.828621e-01	3.721573e-01	1.763068e+00
197	7.872602e-01	7.413882e-01	2.060088e+00
198	6.621991e-01	7.377820e-01	2.458720e+00
199	4.831717e-01	4.986152e-01	2.463605e+00
200	8.200884e-01	7.830259e-01	1.141671e+00
201	4.880199e-01	5.041839e-01	1.146556e+00
202	4.469482e-01	4.542938e-01	1.395701e+00
203	4.224169e-01	4.568352e-01	1.755252e+00
204	4.821460e-01	4.311003e-01	2.901319e+00
205	5.182822e-01	6.740672e-01	2.123596e+00
206	5.085388e-01	8.005296e-01	1.652662e+00
207	4.568016e-01	4.821653e-01	1.199316e+00
208	4.615913e-01	5.807869e-01	2.170493e+00
209	4.925132e-01	3.660202e-01	2.733268e+00
210	5.246568e-01	5.782069e-01	1.545188e+00
211	4.813082e-01	5.251179e-01	1.376160e+00
212	4.748810e-01	5.064511e-01	1.621397e+00
213	4.792958e-01	4.985646e-01	1.883244e+00
214	4.776267e-01	5.055893e-01	1.612604e+00
215	4.901744e-01	4.843307e-01	2.909135e+00
216	4.695927e-01	5.133143e-01	1.354665e+00
217	4.596004e-01	5.152684e-01	2.770396e+00
218	5.855151e-01	4.379366e-01	2.148999e+00
219	4.615617e-01	5.721276e-01	2.624817e+00
220	5.139723e-01	5.924532e-01	2.697118e+00
221	4.918625e-01	5.386570e-01	1.938935e+00
222	4.353877e-01	1.689297e-01	1.854910e+00
223	5.796468e-01	4.566911e-01	2.625794e+00
224	4.895313e-01	5.469159e-01	2.984367e+00
225	4.539821e-01	5.634339e-01	2.693210e+00
226	4.675811e-01	5.217646e-01	2.276014e+00
227	4.596348e-01	5.259916e-01	1.245237e+00
228	4.736908e-01	5.046552e-01	1.489497e+00
229	4.730698e-01	5.098044e-01	2.305325e+00
230	4.591410e-01	4.944828e-01	2.689301e+00
231	4.698490e-01	4.418493e-01	1.346849e+00
232	4.721128e-01	5.264194e-01	2.447973e+00
233	4.466489e-01	5.304641e-01	1.591109e+00
234	5.905390e-01	4.706802e-01	1.931119e+00
235	4.957412e-01	5.330862e-01	2.687347e+00
236	4.698317e-01	5.137869e-01	2.787982e+00
237	4.749522e-01	5.234363e-01	1.510015e+00
238	4.880951e-01	5.377887e-01	2.193942e+00
239	4.480958e-01	4.895449e-01	2.918906e+00
240	4.573287e-01	5.012723e-01	1.734734e+00
241	4.211152e-01	4.811816e-01	1.119199e+00
242	5.944477e-01	4.789442e-01	1.631168e+00
243	5.094095e-01	5.460865e-01	1.258915e+00
244	4.801070e-01	4.785326e-01	2.458720e+00
245	5.050038e-01	6.907950e-01	2.134343e+00
246	4.664938e-01	5.094832e-01	2.662921e+00
247	4.924477e-01	4.796195e-01	2.924768e+00
248	4.318849e-01	5.943096e-01	2.983390e+00
250	2.300733e-01	5.417873e-01	2.763556e+00
251	1.504013e-01	4.651861e-01	2.374695e+00
252	4.006689e-01	5.650411e-01	1.703468e+00
253	4.851472e-01	5.984623e-01	1.246214e+00
254	4.830260e-01	3.825468e-01	2.925745e+00
255	4.822922e-01	5.425027e-01	1.857841e+00
256	4.767482e-01	5.267373e-01	2.601368e+00
257	4.667625e-01	5.609449e-01	2.413776e+00
258	4.340802e-01	5.120924e-01	2.569126e+00
259	4.488821e-01	3.966466e-01	1.865657e+00
260	4.702805e-01	5.148181e-01	2.574988e+00
261	4.739791e-01	5.363390e-01	1.598925e+00
262	2.922777e-01	5.731606e-01	2.264289e+00
263	4.693728e-01	4.267846e-01	1.176844e+00
264	5.018373e-01	6.343286e-01	1.061553e+00
265	4.727970e-01	4.905947e-01	2.526136e+00
266	4.499238e-01	4.325703e-01	1.928188e+00
267	4.237253e-01	4.890349e-01	2.006351e+00
268	4.764634e-01	5.510863e-01	1.041036e+00
269	6.725193e-01	6.939738e-01	1.793356e+00
270	4.832724e-01	4.375601e-01	1.860772e+00
271	4.312755e-01	5.261118e-01	1.389839e+00
272	4.673446e-01	5.011716e-01	1.052760e+00
273	3.166984e-01	2.854891e-01	1.156326e+00
274	5.114743e-01	7.175690e-01	1.981925e+00
275	5.033842e-01	6.671597e-01	2.256473e+00
276	4.628794e-01	4.728882e-01	2.368832e+00
277	5.300859e-01	4.934415e-01	2.024915e+00
279	4.526556e-01	5.708852e-01	1.348803e+00
280	3.766192e-01	3.976619e-01	2.472399e+00
281	2.832256e-01	4.761712e-01	2.288715e+00
282	4.432224e-01	4.451162e-01	2.745970e+00
283	5.162435e-01	5.090993e-01	2.490962e+00
284	4.889029e-01	4.524335e-01	2.515388e+00
285	3.769548e-01	5.145201e-01	1.545188e+00
286	4.675194e-01	5.264304e-01	2.662921e+00
287	4.607915e-01	4.674577e-01	2.264289e+00
288	4.726042e-01	4.770029e-01	2.905227e+00
289	5.218485e-01	4.896042e-01	1.058622e+00
290	4.196226e-01	6.231006e-01	2.152907e+00
291	7.015267e-01	8.015993e-01	2.784074e+00
292	4.705899e-01	5.062286e-01	2.445042e+00
293	5.055606e-01	1.603898e-01	2.852467e+00
294	5.000895e-01	4.745446e-01	2.070835e+00
295	4.108884e-01	5.194492e-01	1.406448e+00
297	3.953108e-01	5.905155e-01	2.077675e+00
298	4.769725e-01	6.395684e-01	1.601856e+00
299	4.751255e-01	5.330892e-01	2.048363e+00
300	4.493490e-01	4.906977e-01	2.781143e+00
301	4.691725e-01	5.116100e-01	2.779189e+00
302	4.892573e-01	6.035960e-01	2.617978e+00
303	3.847857e-01	3.423487e-01	1.698583e+00
304	4.947942e-01	4.193097e-01	1.948705e+00
305	4.852862e-01	5.201072e-01	1.416219e+00
306	7.894497e-01	3.123715e-01	1.745481e+00
307	4.727629e-01	5.144014e-01	2.291646e+00
308	3.613291e-01	4.249424e-02	1.868588e+00
309	5.220024e-01	5.256089e-01	2.511480e+00
310	4.675961e-01	5.372623e-01	2.596483e+00
311	4.881646e-01	4.319085e-01	2.855398e+00
312	4.574800e-01	5.584789e-01	1.312653e+00
313	4.837879e-01	4.663882e-01	1.787494e+00
314	4.692702e-01	5.095965e-01	2.252565e+00
315	4.793893e-01	4.023183e-01	1.978017e+00
316	5.209623e-01	4.993693e-01	2.965804e+00
317	4.761068e-01	5.271699e-01	2.221299e+00
318	5.888849e-01	4.730347e-01	1.701514e+00
319	5.099390e-01	4.518236e-01	1.135809e+00
320	4.863820e-01	5.457960e-01	2.997069e+00
322	4.297124e-01	4.627447e-01	2.362970e+00
323	4.807222e-01	5.400535e-01	2.553493e+00
324	4.361918e-01	4.857674e-01	1.347826e+00
325	3.337398e-02	2.062114e-01	2.896434e+00
326	4.731117e-01	5.105161e-01	1.857841e+00
327	5.307309e-01	5.694113e-01	1.669272e+00
328	4.741980e-01	4.871622e-01	1.726917e+00
329	4.702727e-01	5.295657e-01	2.604299e+00
330	4.522010e-01	4.930824e-01	2.089399e+00
331	5.139565e-01	4.894237e-01	1.552027e+00
332	4.798093e-01	5.543523e-01	1.769907e+00
333	4.686394e-01	4.133638e-01	1.382022e+00
334	5.439228e-01	6.866078e-01	2.510503e+00
335	4.331368e-01	5.563874e-01	1.640938e+00
336	4.803135e-01	5.250408e-01	2.933561e+00
337	5.910938e-01	5.153385e-01	1.033219e+00
338	4.931880e-01	5.925402e-01	1.408403e+00
339	4.712428e-01	5.024245e-01	2.767465e+00
340	4.599090e-01	5.055823e-01	1.526624e+00
341	4.578729e-01	4.840992e-01	1.456277e+00
342	4.718040e-01	5.683579e-01	1.054714e+00
343	4.402871e-01	5.147055e-01	2.601368e+00
344	4.931576e-01	5.067359e-01	2.193942e+00
346	4.661947e-01	5.179777e-01	1.564729e+00
347	4.764584e-01	5.355294e-01	1.679043e+00
348	5.632331e-01	5.217481e-01	2.034685e+00
349	4.633663e-01	5.069407e-01	2.564240e+00
350	4.898018e-01	5.193011e-01	2.311187e+00
351	4.255515e-01	4.448912e-01	1.297997e+00
352	4.723076e-01	5.197720e-01	2.873962e+00
353	4.787310e-01	6.354662e-01	2.202736e+00
354	4.671418e-01	5.145443e-01	2.653151e+00
355	3.646626e-01	3.280915e-01	2.461651e+00
356	4.806297e-01	4.913481e-01	1.679043e+00
357	4.918740e-01	4.912765e-01	2.991207e+00
358	4.716287e-01	5.177346e-01	2.857352e+00
359	4.493865e-01	6.325608e-01	1.913532e+00
360	6.118366e-01	5.715650e-01	1.216903e+00
361	5.053759e-01	6.357646e-01	1.214949e+00
362	5.088205e-01	5.334891e-01	1.005862e+00
363	4.749626e-01	5.516356e-01	2.227162e+00
364	4.774588e-01	5.152987e-01	1.723009e+00
366	5.366108e-01	6.134154e-01	1.692721e+00
367	4.872960e-01	4.935671e-01	1.154372e+00
368	4.672620e-01	5.477921e-01	1.851001e+00
369	4.706972e-01	5.103562e-01	2.418661e+00
370	5.066931e-01	4.450243e-01	1.874450e+00
371	3.922348e-01	4.707163e-01	1.591109e+00
372	4.646833e-01	4.577437e-01	2.199805e+00
373	5.486251e-01	6.792566e-01	2.208598e+00
374	5.467735e-01	6.324993e-01	1.322423e+00
375	4.978826e-01	7.533897e-01	2.361016e+00
376	5.823748e-01	4.894166e-01	1.815828e+00
377	4.721519e-01	5.147092e-01	1.328285e+00
378	4.552626e-01	5.248473e-01	1.883244e+00
379	4.610545e-01	6.224502e-01	1.599902e+00
380	5.161343e-01	7.143361e-01	2.343429e+00
381	4.697294e-01	5.310009e-01	1.835369e+00
383	6.146190e-01	5.884096e-01	1.698583e+00
384	7.353513e-01	4.151741e-01	2.761602e+00
385	3.091784e-01	2.260926e-01	1.961407e+00
386	3.538364e-01	4.226537e-01	2.449927e+00
387	4.891760e-01	5.892046e-01	2.669761e+00
388	5.192749e-01	5.171257e-01	2.597460e+00
389	4.685398e-01	5.102287e-01	2.960918e+00
390	4.677689e-01	5.381756e-01	1.655594e+00
391	5.025341e-01	6.121225e-01	2.572057e+00
392	4.663116e-01	5.332903e-01	1.234489e+00
393	4.351235e-01	4.984825e-01	1.607719e+00
394	4.762609e-01	5.087831e-01	2.643381e+00
395	5.309377e-01	4.949473e-01	1.233512e+00
397	2.283747e-01	6.049979e-01	1.083048e+00
398	5.143084e-01	1.352160e-01	2.453835e+00
399	4.057080e-01	4.427975e-01	2.169516e+00
400	4.710319e-01	4.935745e-01	1.634099e+00
401	8.890805e-01	5.174797e-01	1.314607e+00
402	4.709075e-01	5.702779e-01	2.292623e+00
403	5.851839e-01	6.659106e-01	1.759160e+00
404	4.471826e-01	5.274596e-01	2.942355e+00
405	4.879186e-01	5.576038e-01	1.358574e+00
406	4.732212e-01	5.875452e-01	1.474841e+00
407	3.772510e-01	4.262792e-01	2.850513e+00
408	7.040937e-01	5.843899e-01	2.543723e+00
409	4.398750e-01	5.270525e-01	1.170005e+00
410	4.857020e-01	5.179307e-01	2.011236e+00
411	4.822807e-01	4.719470e-01	2.982413e+00
412	7.505746e-01	2.871939e-01	1.578407e+00
413	4.772732e-01	3.505974e-01	2.904250e+00
414	4.741801e-01	4.810184e-01	2.948217e+00
415	4.817916e-01	5.082869e-01	1.856864e+00
416	4.623356e-01	5.817493e-01	1.780655e+00
417	4.469860e-01	5.405503e-01	1.223742e+00
418	4.869007e-01	5.377168e-01	2.928676e+00
419	4.819169e-01	5.407420e-01	1.055691e+00
420	4.717482e-01	5.125030e-01	2.823156e+00
421	4.715239e-01	5.135943e-01	2.886663e+00
422	4.817535e-01	4.981531e-01	1.391793e+00
423	5.634870e-01	4.413668e-01	1.467025e+00
424	4.684805e-01	4.779490e-01	1.512946e+00
425	2.345016e-01	5.718475e-01	1.960430e+00
426	2.690563e-01	5.838964e-01	2.254519e+00
427	4.563644e-01	4.060416e-01	2.899365e+00
428	4.773090e-01	5.083286e-01	1.247191e+00
429	4.673833e-01	5.083867e-01	1.802149e+00
430	4.722779e-01	5.369922e-01	1.663410e+00
431	5.277709e-01	6.557032e-01	2.556424e+00
433	4.535705e-01	5.210709e-01	2.475330e+00
434	4.648004e-01	5.095127e-01	2.923791e+00
435	6.122239e-01	6.371420e-01	2.906204e+00
437	5.250138e-01	5.936054e-01	2.476307e+00
438	4.042629e-01	5.915763e-01	2.065950e+00
439	4.677921e-01	5.117332e-01	1.983879e+00
440	4.499401e-01	4.905420e-01	1.637030e+00
441	3.810927e-01	7.069372e-01	1.338056e+00
442	5.710108e-01	5.957274e-01	2.406937e+00
443	6.749742e-01	2.921277e-01	1.422081e+00
444	4.888916e-01	4.137755e-01	2.956033e+00
445	4.620338e-01	5.114250e-01	2.601368e+00
446	7.868609e-01	5.933030e-01	1.846116e+00
447	4.767769e-01	5.402078e-01	1.264778e+00
448	4.572396e-01	4.204653e-01	1.119199e+00
449	4.636028e-01	4.642959e-01	1.956522e+00
450	5.468642e-01	8.703461e-01	2.971666e+00
451	4.770960e-01	5.097610e-01	2.149976e+00
452	4.543750e-01	5.106337e-01	1.574499e+00
453	4.680120e-01	6.522883e-01	1.775769e+00
455	4.744557e-01	5.839504e-01	2.984367e+00
456	4.793328e-01	5.780781e-01	1.577430e+00
457	4.425579e-01	5.872978e-01	2.955056e+00
458	5.031175e-01	5.248148e-01	2.865169e+00
459	4.838891e-01	7.809130e-01	1.672203e+00
461	5.981311e-01	4.530054e-01	2.513434e+00
462	4.757860e-01	4.351418e-01	1.853933e+00
463	4.781554e-01	5.688107e-01	2.858329e+00
464	4.761015e-01	5.402530e-01	1.574499e+00
465	4.829140e-01	5.874823e-01	1.432829e+00
466	4.636320e-01	5.095622e-01	1.500244e+00
467	4.214924e-01	6.904765e-01	1.323400e+00
468	4.578611e-01	5.079657e-01	2.147044e+00
469	4.547273e-01	5.214819e-01	2.698095e+00
470	4.835919e-01	5.230899e-01	1.364436e+00
471	5.933988e-01	7.752644e-01	2.076698e+00
472	4.730045e-01	5.143800e-01	2.011236e+00
473	5.075779e-01	6.218667e-01	1.215926e+00
474	4.678930e-01	5.278932e-01	2.299463e+00
475	5.530624e-01	5.631547e-01	1.683928e+00
476	4.575505e-01	5.253788e-01	2.081583e+00
477	4.751673e-01	5.718946e-01	2.350269e+00
478	3.522709e-01	4.478075e-01	2.728383e+00
479	4.768213e-01	6.856581e-01	1.194431e+00
480	4.251552e-01	4.436719e-01	2.515388e+00
481	4.078037e-01	7.368499e-01	1.865657e+00
482	4.745198e-01	7.035658e-01	1.802149e+00
483	4.856659e-01	4.396522e-01	1.367367e+00
484	4.658727e-01	6.220918e-01	1.148510e+00
485	4.632247e-01	3.616529e-01	2.427455e+00
486	4.802390e-01	4.530314e-01	2.196873e+00
487	5.285139e-01	5.271319e-01	2.386419e+00
488	4.710371e-01	4.842866e-01	1.294089e+00
489	4.465492e-01	4.104867e-01	1.687836e+00
490	4.627786e-01	5.187495e-01	1.146556e+00
491	4.615225e-01	4.755872e-01	1.597948e+00
492	4.481832e-01	4.769477e-01	2.412799e+00
493	5.934262e-01	6.517130e-01	1.227650e+00
494	4.142207e-01	4.316856e-01	2.522228e+00
495	4.619407e-01	5.582604e-01	1.437714e+00
496	4.826545e-01	5.533439e-01	1.523693e+00
497	4.625997e-01	5.333766e-01	1.221788e+00
498	4.651851e-01	4.887056e-01	1.652662e+00
499	4.928515e-01	3.704153e-01	1.269663e+00
500	4.793244e-01	5.078267e-01	2.967758e+00
501	4.731197e-01	5.107055e-01	2.546654e+00
502	3.971803e-01	2.614448e-01	1.818759e+00
503	4.450644e-01	4.749730e-01	1.919394e+00
504	4.656392e-01	4.997385e-01	2.563263e+00
505	4.744165e-01	3.786350e-01	1.451392e+00
506	4.126826e-01	5.392094e-01	1.718124e+00
507	4.762731e-01	4.953287e-01	1.207132e+00
508	4.653829e-01	5.060647e-01	1.236444e+00
509	5.704623e-01	5.621450e-01	2.622863e+00
510	6.749367e-01	4.022619e-01	2.549585e+00
511	4.615305e-01	5.029241e-01	2.966781e+00
512	5.020379e-01	3.406839e-01	2.395213e+00
513	4.707159e-01	5.259652e-01	1.534441e+00
514	4.424485e-01	7.231214e-01	1.550073e+00
515	5.171303e-01	6.243882e-01	1.610650e+00
516	2.359259e-01	3.825475e-01	1.612604e+00
517	4.868140e-01	5.030156e-01	1.086957e+00
518	4.275862e-01	4.064932e-01	2.282853e+00
519	2.043053e-01	1.113768e-01	1.573522e+00
520	4.565834e-01	5.033526e-01	2.497802e+00
521	4.810471e-01	5.026625e-01	1.752320e+00
523	4.408332e-01	5.041145e-01	1.209086e+00
524	4.302413e-01	3.768641e-01	2.755740e+00
525	6.082780e-01	5.041090e-01	1.499267e+00
526	4.536152e-01	4.965109e-01	1.014656e+00
527	6.585099e-01	6.073154e-01	2.891549e+00
528	4.765292e-01	4.890986e-01	2.478261e+00
529	4.349589e-01	4.742146e-01	1.898876e+00
530	4.970540e-01	5.207598e-01	1.188569e+00
531	4.545355e-01	5.947309e-01	2.785051e+00
532	4.740738e-01	5.054109e-01	2.945286e+00
533	4.531480e-01	5.014017e-01	2.458720e+00
534	5.260875e-01	5.056125e-01	2.673669e+00
535	4.562739e-01	5.138696e-01	1.399609e+00
536	4.662503e-01	5.519171e-01	2.604299e+00
537	4.641377e-01	5.085409e-01	1.529555e+00
538	4.681594e-01	5.095197e-01	2.823156e+00
539	4.648866e-01	5.648396e-01	2.826087e+00
540	5.045274e-01	6.025179e-01	2.844651e+00
541	4.026918e-01	4.851276e-01	2.290669e+00
542	5.080359e-01	5.261247e-01	2.570103e+00
543	4.971276e-01	5.007488e-01	2.396190e+00
544	4.890017e-01	5.231585e-01	1.318515e+00
545	5.007431e-01	4.678608e-01	2.605276e+00
546	7.372615e-01	4.545936e-01	2.683439e+00
547	3.317723e-01	5.546077e-01	1.587201e+00
548	4.221761e-01	4.248291e-01	1.375183e+00
549	4.207441e-01	4.925473e-01	2.298486e+00
550	5.978160e-01	5.558612e-01	1.285296e+00
551	4.750548e-01	5.257675e-01	2.983390e+00
552	6.351155e-01	4.329719e-01	1.195408e+00
553	4.641983e-01	5.282819e-01	2.414753e+00
554	3.589086e-01	4.282162e-01	1.843185e+00
555	4.585283e-01	4.742550e-01	2.396190e+00
556	3.681714e-01	4.688348e-01	3.000000e+00
557	4.566884e-01	5.292849e-01	2.728383e+00
559	4.731946e-01	5.423725e-01	1.944797e+00
560	3.576323e-01	4.453090e-01	2.883732e+00
561	4.323648e-01	6.657478e-01	2.383488e+00
562	4.066695e-01	4.778002e-01	2.506595e+00
563	4.556908e-01	5.424624e-01	1.786517e+00
564	4.990816e-01	5.121358e-01	2.893503e+00
565	4.694504e-01	5.081273e-01	2.981436e+00
566	4.588688e-01	4.738543e-01	2.663898e+00
567	4.779342e-01	5.074697e-01	2.227162e+00
568	4.981996e-01	5.070255e-01	1.527601e+00
569	4.962779e-01	5.455890e-01	2.610161e+00
570	8.429346e-01	2.042199e-01	1.058622e+00
571	4.769728e-01	5.151178e-01	2.782120e+00
573	4.537708e-01	5.222608e-01	2.109917e+00
574	4.708312e-01	5.269711e-01	2.074744e+00
575	4.924920e-01	5.424660e-01	2.319003e+00
576	4.355778e-01	5.399840e-01	1.290181e+00
577	4.803549e-01	4.511783e-01	1.286273e+00
578	4.509653e-01	4.692131e-01	1.881290e+00
579	4.713938e-01	4.994984e-01	1.664387e+00
580	6.834647e-01	4.694661e-01	1.242306e+00
581	5.401753e-01	5.161432e-01	1.927211e+00
582	4.748728e-01	5.134210e-01	2.820225e+00
583	3.774675e-01	3.578866e-01	2.792868e+00
584	4.052539e-01	4.346573e-01	1.201270e+00
585	4.815890e-01	5.447429e-01	1.898876e+00
586	4.662695e-01	5.070906e-01	1.782609e+00
587	4.697787e-01	5.151829e-01	1.561798e+00
588	4.723108e-01	5.151539e-01	2.282853e+00
589	4.657476e-01	5.366524e-01	2.210552e+00
590	5.288618e-01	5.183775e-01	1.020518e+00
591	4.622567e-01	4.587507e-01	1.784563e+00
592	4.643511e-01	5.119208e-01	1.275525e+00
593	4.992652e-01	4.942582e-01	1.212995e+00
594	4.350962e-01	5.931306e-01	2.964827e+00
595	4.572932e-01	4.929979e-01	2.079629e+00
596	2.217770e-01	3.347449e-01	1.187592e+00
597	4.434317e-01	5.527265e-01	1.258915e+00
598	4.701237e-01	5.436320e-01	1.999511e+00
599	4.753922e-01	5.224172e-01	1.264778e+00
600	4.724021e-01	5.429508e-01	1.110405e+00
601	5.743074e-01	9.012233e-01	1.107474e+00
602	3.957546e-01	5.755575e-01	1.070347e+00
603	4.698029e-01	5.226435e-01	2.400098e+00
604	5.140255e-01	5.662931e-01	2.871031e+00
605	4.762589e-01	5.157235e-01	2.739130e+00
606	4.855488e-01	4.981352e-01	2.061065e+00
607	7.350925e-01	6.270876e-01	1.073278e+00
608	4.665190e-01	4.927004e-01	2.799707e+00
609	4.688538e-01	4.758895e-01	2.010259e+00
610	5.005582e-01	5.026992e-01	1.700537e+00
611	4.726974e-01	5.259358e-01	1.339033e+00
612	5.150026e-01	5.798707e-01	2.227162e+00
613	7.240084e-01	2.085667e-01	2.482169e+00
614	4.448139e-01	5.208038e-01	2.958964e+00
615	5.171137e-01	5.740653e-01	1.443576e+00
616	5.166240e-01	5.834585e-01	2.381534e+00
617	4.745340e-01	6.697591e-01	1.971177e+00
618	4.722709e-01	5.113118e-01	2.960918e+00
619	2.518909e-01	2.942110e-01	1.812897e+00
620	4.050330e-01	5.213308e-01	1.170982e+00
621	4.460110e-01	3.958844e-01	1.277479e+00
622	3.512145e-01	5.938707e-01	1.176844e+00
623	4.269208e-01	4.332974e-01	1.636053e+00
624	4.491559e-01	5.084373e-01	2.336590e+00
625	5.516344e-01	4.955291e-01	1.343918e+00
626	4.886531e-01	5.021533e-01	1.905716e+00
627	4.861758e-01	5.503106e-01	1.784563e+00
628	4.659577e-01	5.108168e-01	2.063996e+00
629	4.676365e-01	5.069804e-01	2.497802e+00
630	4.316264e-01	4.308433e-01	2.870054e+00
631	4.242036e-01	5.864233e-01	1.729849e+00
632	3.513873e-01	4.050137e-01	2.290669e+00
633	4.720140e-01	5.122172e-01	2.841720e+00
634	4.680013e-01	5.077568e-01	2.195896e+00
635	4.884021e-01	5.320872e-01	1.601856e+00
636	4.691286e-01	5.828341e-01	2.449927e+00
637	4.564239e-01	4.960489e-01	1.462140e+00
638	4.706021e-01	5.131817e-01	2.041524e+00
639	4.710704e-01	5.114990e-01	2.061065e+00
640	2.183894e-01	3.896053e-01	2.130435e+00
641	4.423282e-01	7.360098e-01	2.205667e+00
642	4.692908e-01	5.265521e-01	2.184172e+00
643	5.519700e-01	5.452989e-01	2.747924e+00
644	4.561450e-01	3.642233e-01	2.909135e+00
645	4.726342e-01	5.193730e-01	2.777235e+00
646	4.344499e-01	5.735044e-01	1.295066e+00
647	4.004887e-01	4.983834e-01	1.050806e+00
648	6.232478e-01	3.877794e-01	1.191500e+00
649	4.696095e-01	5.249990e-01	1.198339e+00
650	4.503609e-01	5.141946e-01	2.656082e+00
651	4.724792e-01	5.328018e-01	1.692721e+00
652	5.570808e-01	6.437743e-01	2.330728e+00
653	4.636986e-01	4.952903e-01	1.906693e+00
654	4.916566e-01	5.230824e-01	2.192965e+00
655	4.658013e-01	5.738574e-01	1.200293e+00
656	4.806374e-01	5.038455e-01	2.361016e+00
657	4.546923e-01	4.077449e-01	2.080606e+00
658	4.825195e-01	5.240170e-01	2.017098e+00
659	5.106382e-01	4.717020e-01	2.191011e+00
660	7.357055e-01	6.323400e-01	1.667318e+00
661	3.069967e-01	3.100927e-01	2.229116e+00
662	3.495263e-01	4.022541e-01	1.188569e+00
663	4.652476e-01	5.155494e-01	2.714704e+00
664	4.588177e-01	6.005498e-01	1.979971e+00
665	4.691920e-01	6.054064e-01	2.954079e+00
666	1.681051e-01	2.263486e-01	1.803127e+00
667	4.465178e-01	4.859769e-01	1.039082e+00
668	8.887811e-01	3.634004e-01	1.893014e+00
669	4.685893e-01	4.168702e-01	1.778701e+00
670	9.035944e-01	4.351997e-01	1.807035e+00
671	4.846792e-01	5.587273e-01	1.102589e+00
672	3.660785e-01	3.835058e-01	1.879336e+00
673	5.398230e-01	5.314589e-01	1.984856e+00
674	4.692092e-01	5.129835e-01	2.238886e+00
675	4.778629e-01	4.958870e-01	2.868100e+00
676	4.803919e-01	5.119870e-01	2.748901e+00
677	3.882336e-01	7.090611e-01	1.578407e+00
678	4.676466e-01	4.833271e-01	1.621397e+00
679	4.773274e-01	5.173740e-01	2.657059e+00
680	4.763059e-01	5.700757e-01	2.404983e+00
681	4.792922e-01	4.651990e-01	2.272106e+00
682	4.814633e-01	4.816598e-01	1.463117e+00
683	4.717712e-01	5.471942e-01	2.316072e+00
684	4.758918e-01	5.316943e-01	2.334636e+00
685	4.987862e-01	4.392259e-01	1.365413e+00
686	3.333757e-01	4.641151e-01	2.105032e+00
687	4.744335e-01	5.809171e-01	1.339033e+00
688	4.682361e-01	4.950549e-01	2.932584e+00
689	4.689447e-01	5.046055e-01	2.378603e+00
690	4.667112e-01	4.990333e-01	1.833415e+00
691	5.746834e-01	5.157803e-01	1.663410e+00
692	4.226920e-01	4.821593e-01	2.251588e+00
693	4.446198e-01	4.656241e-01	1.766976e+00
694	3.812328e-01	3.759951e-01	1.575476e+00
695	3.842002e-01	6.526833e-01	2.771373e+00
696	4.738746e-01	5.226409e-01	2.787005e+00
697	4.639239e-01	5.224754e-01	1.959453e+00
698	4.440235e-01	4.979156e-01	2.187103e+00
699	4.686708e-01	5.149260e-01	2.430386e+00
700	4.433411e-01	5.652247e-01	2.679531e+00
701	4.806478e-01	6.040738e-01	2.191988e+00
702	5.465345e-01	4.545411e-01	2.945286e+00
703	4.631272e-01	5.084602e-01	2.793845e+00
704	4.859310e-01	5.442217e-01	2.132389e+00
705	3.439288e-01	2.767470e-01	1.627259e+00
706	4.721600e-01	5.093540e-01	1.623351e+00
707	4.715978e-01	5.200219e-01	2.772350e+00
708	4.755362e-01	5.171410e-01	1.552027e+00
709	3.021217e-01	5.817691e-01	1.180752e+00
710	4.798793e-01	5.096000e-01	1.632145e+00
711	1.994468e-01	9.430882e-02	1.680997e+00
712	5.944667e-01	6.100420e-01	2.828041e+00
713	7.207739e-01	4.342936e-01	1.703468e+00
714	2.256803e-01	2.855000e-01	1.471910e+00
715	4.593553e-01	4.983289e-01	2.368832e+00
716	4.582905e-01	4.927834e-01	1.961407e+00
717	4.694873e-01	5.110634e-01	1.756229e+00
718	4.835658e-01	5.266852e-01	2.987298e+00
719	4.767490e-01	5.074386e-01	2.332682e+00
720	4.896591e-01	5.452288e-01	1.097704e+00
721	4.870899e-01	5.749202e-01	1.954568e+00
722	4.760570e-01	5.146343e-01	1.704446e+00
723	4.687744e-01	5.128641e-01	1.853933e+00
724	4.904263e-01	5.645980e-01	2.829995e+00
725	4.777798e-01	5.738599e-01	2.232047e+00
726	4.469419e-01	4.293471e-01	2.587689e+00
727	5.261241e-01	7.052901e-01	2.698095e+00
729	5.575886e-01	5.860163e-01	1.212995e+00
730	4.330015e-01	5.548938e-01	1.502198e+00
731	4.717770e-01	5.154811e-01	2.614069e+00
732	5.249789e-01	3.287305e-01	2.880801e+00
733	4.746522e-01	5.431029e-01	1.956522e+00
734	4.825416e-01	5.640124e-01	2.745970e+00
735	6.794741e-01	4.307845e-01	1.179775e+00
736	5.289472e-01	5.701141e-01	1.935027e+00
737	4.909851e-01	5.063512e-01	1.975085e+00
738	5.007345e-01	5.968138e-01	1.067416e+00
739	4.213936e-01	5.139388e-01	2.024915e+00
740	4.161816e-01	6.419479e-01	2.810454e+00
741	4.539212e-01	4.141988e-01	2.428432e+00
742	4.612157e-01	4.921333e-01	1.957499e+00
743	4.417746e-01	4.741581e-01	2.306302e+00
744	4.595478e-01	5.202588e-01	2.557401e+00
745	4.675402e-01	5.781528e-01	1.243283e+00
746	4.977290e-01	4.767325e-01	2.429409e+00
747	4.643833e-01	5.236026e-01	2.523205e+00
748	4.792590e-01	6.744583e-01	2.842697e+00
749	4.667455e-01	5.148139e-01	2.247680e+00
750	4.650347e-01	4.715728e-01	2.000489e+00
751	4.775546e-01	5.342557e-01	2.446019e+00
752	4.737629e-01	5.108315e-01	2.360039e+00
753	5.013815e-01	6.070911e-01	2.567171e+00
754	4.778123e-01	5.075333e-01	2.415730e+00
755	4.980043e-01	5.216739e-01	1.989741e+00
756	4.742818e-01	5.106387e-01	2.908158e+00
757	5.268535e-01	7.164382e-01	2.731314e+00
758	4.700068e-01	5.110119e-01	2.544700e+00
759	4.686712e-01	5.122491e-01	2.890572e+00
760	4.682283e-01	5.110031e-01	1.654617e+00
761	4.815356e-01	5.131769e-01	1.008793e+00
762	4.436480e-01	4.576196e-01	1.260870e+00
763	4.230423e-01	5.842176e-01	1.347826e+00
764	4.702518e-01	4.991967e-01	1.325354e+00
765	4.744590e-01	5.077204e-01	1.420127e+00
766	4.795180e-01	5.868459e-01	2.845628e+00
767	4.733216e-01	5.415486e-01	1.853933e+00
768	4.729080e-01	5.193165e-01	1.303859e+00
769	4.754418e-01	4.700847e-01	1.294089e+00
770	4.523910e-01	5.993818e-01	1.675134e+00
771	4.522461e-01	4.603788e-01	2.417684e+00
772	5.060996e-01	5.938785e-01	2.053249e+00
773	4.613828e-01	5.163969e-01	1.276502e+00
774	2.426192e-01	5.295763e-01	2.779189e+00
775	1.047585e-01	4.072663e-01	1.984856e+00
776	7.600981e-01	6.580861e-01	2.295554e+00
777	4.741254e-01	5.178077e-01	1.652662e+00
778	4.720525e-01	5.166396e-01	2.464582e+00
779	4.666013e-01	5.132108e-01	1.763068e+00
780	4.678860e-01	5.232430e-01	2.026869e+00
781	5.273097e-01	4.018285e-01	1.160234e+00
782	4.317793e-01	5.464142e-01	2.302394e+00
783	4.777364e-01	5.332675e-01	1.384954e+00
784	4.619841e-01	5.984346e-01	2.598437e+00
785	5.256767e-01	5.094801e-01	2.130435e+00
786	4.359779e-01	5.394735e-01	1.690767e+00
787	5.024410e-01	5.081744e-01	1.940889e+00
788	4.743850e-01	5.272805e-01	2.099170e+00
