789
0	8.801226e-01	4.473934e-01	1.398632e+00
1	5.449640e-01	6.251105e-01	1.108451e+00
2	4.708665e-01	4.782736e-01	2.925745e+00
3	4.536110e-01	4.644314e-01	2.732291e+00
4	4.597830e-01	3.435678e-01	1.257938e+00
5	5.109490e-01	6.047514e-01	2.424524e+00
6	4.310235e-01	2.872343e-01	1.383000e+00
7	4.884672e-01	4.640818e-01	2.705911e+00
8	4.686531e-01	4.998013e-01	2.442110e+00
9	4.691423e-01	5.041528e-01	2.233024e+00
10	4.816743e-01	5.357889e-01	2.376649e+00
11	4.674085e-01	4.798840e-01	1.556913e+00
12	4.192148e-01	3.103350e-01	2.950171e+00
13	5.139001e-01	7.155836e-01	1.066439e+00
14	4.710530e-01	5.148032e-01	1.626282e+00
15	5.585481e-01	6.177011e-01	1.306790e+00
16	4.685358e-01	5.059846e-01	2.902296e+00
17	5.220935e-01	5.534019e-01	1.195408e+00
18	4.341573e-01	5.773505e-01	1.785540e+00
19	4.892836e-01	5.403797e-01	1.248168e+00
20	4.389778e-01	5.589561e-01	1.863703e+00
21	4.367160e-01	5.975141e-01	2.671715e+00
22	4.750545e-01	5.179434e-01	2.487054e+00
23	5.175365e-01	3.779979e-01	1.946751e+00
24	3.459997e-01	7.179432e-01	1.303859e+00
25	4.386335e-01	3.624115e-01	2.152907e+00
26	4.645493e-01	5.286133e-01	1.388862e+00
27	4.926065e-01	5.748113e-01	1.591109e+00
28	4.736883e-01	5.105576e-01	2.205667e+00
29	4.914760e-01	5.312146e-01	2.181241e+00
30	4.256459e-01	5.035396e-01	1.475818e+00
31	4.220160e-01	5.814597e-01	2.309233e+00
32	4.675527e-01	5.232462e-01	2.073766e+00
33	4.896344e-01	7.024488e-01	2.331705e+00
34	4.885666e-01	5.255082e-01	1.126038e+00
35	2.684235e-01	4.709732e-01	2.235955e+00
36	4.261219e-01	4.510087e-01	2.805569e+00
37	5.007686e-01	7.369657e-01	2.555447e+00
38	4.859095e-01	5.161852e-01	2.559355e+00
39	4.815559e-01	5.255337e-01	1.895945e+00
40	4.777138e-01	5.873562e-01	1.282364e+00
41	5.192824e-01	6.102874e-01	2.750855e+00
42	4.721672e-01	5.050306e-01	2.412799e+00
43	4.608285e-01	5.328447e-01	2.557401e+00
44	4.895106e-01	7.044175e-01	1.648754e+00
45	5.060958e-01	4.303993e-01	1.721055e+00
46	5.048400e-01	6.253082e-01	2.588666e+00
47	4.718357e-01	5.265286e-01	1.525647e+00
48	4.655991e-01	5.132309e-01	2.751832e+00
49	4.744808e-01	3.328390e-01	2.625794e+00
50	4.894845e-01	5.053428e-01	1.663410e+00
51	4.694548e-01	5.084912e-01	2.560332e+00
52	4.757106e-01	5.257983e-01	1.696629e+00
53	4.922423e-01	5.172566e-01	1.506106e+00
54	4.742138e-01	5.018552e-01	2.675623e+00
55	4.160926e-01	4.478186e-01	2.497802e+00
56	4.134783e-01	2.971014e-01	1.031265e+00
57	4.230684e-01	3.682372e-01	2.361993e+00
58	4.741201e-01	5.451453e-01	1.866634e+00
59	5.799427e-01	6.388765e-01	2.930630e+00
60	4.927680e-01	6.360535e-01	1.503175e+00
61	5.112535e-01	5.237001e-01	2.449927e+00
62	4.784618e-01	4.897226e-01	2.831949e+00
63	4.841095e-01	5.397435e-01	2.317049e+00
64	4.849458e-01	5.857904e-01	2.353200e+00
65	4.696284e-01	5.050586e-01	2.575965e+00
66	4.235647e-01	5.599690e-01	2.922814e+00
67	4.607887e-01	4.709941e-01	2.289692e+00
68	4.649923e-01	6.024075e-01	2.766488e+00
69	4.555185e-01	6.923931e-01	1.522716e+00
70	4.489883e-01	5.480016e-01	2.769419e+00
71	4.779280e-01	5.244942e-01	1.110405e+00
72	4.534936e-01	4.590963e-01	1.412311e+00
73	4.245305e-01	5.190115e-01	1.951637e+00
74	5.282126e-01	7.379579e-01	1.449438e+00
75	4.824196e-01	5.060788e-01	2.176356e+00
76	4.861528e-01	4.913905e-01	1.212995e+00
77	4.851764e-01	4.851884e-01	1.872496e+00
78	4.788554e-01	5.428315e-01	1.606742e+00
79	5.138760e-01	7.036300e-01	1.183683e+00
80	4.523334e-01	4.497578e-01	2.736199e+00
81	4.672933e-01	5.069118e-01	1.617489e+00
82	4.809761e-01	6.017213e-01	2.456766e+00
83	4.855722e-01	6.305085e-01	1.406448e+00
84	5.001216e-01	5.512452e-01	2.453835e+00
85	4.700621e-01	5.044169e-01	2.712750e+00
86	4.612479e-01	4.931043e-01	2.877870e+00
87	4.552532e-01	3.794014e-01	1.533464e+00
88	4.353776e-01	3.224171e-01	2.169516e+00
89	4.481169e-01	5.787595e-01	2.483146e+00
90	4.352912e-01	4.653427e-01	1.538349e+00
91	4.872924e-01	5.064649e-01	1.117245e+00
92	4.813408e-01	5.204159e-01	2.709819e+00
93	4.620026e-01	4.673933e-01	2.929653e+00
94	4.172886e-01	4.722006e-01	2.125550e+00
95	5.134043e-01	7.441467e-01	2.148999e+00
96	4.778894e-01	5.243052e-01	1.206155e+00
97	4.750090e-01	5.089632e-01	2.689301e+00
98	4.621491e-01	4.909094e-01	1.997557e+00
99	4.397027e-01	6.112160e-01	1.753298e+00
100	4.737760e-01	4.918631e-01	1.491451e+00
101	4.676995e-01	5.062185e-01	2.381534e+00
102	4.889315e-01	5.620205e-01	1.837323e+00
103	5.229961e-01	5.501090e-01	2.723498e+00
104	4.542067e-01	6.856655e-01	1.216903e+00
105	4.585903e-01	4.693193e-01	1.385931e+00
106	3.577339e-01	4.842928e-01	1.094773e+00
107	4.485228e-01	4.891381e-01	1.887152e+00
108	6.280668e-01	5.302416e-01	1.869565e+00
109	5.551861e-01	6.276095e-01	2.657059e+00
110	4.671461e-01	5.502004e-01	1.905716e+00
111	4.696402e-01	5.249905e-01	2.319980e+00
112	3.225899e-01	4.132506e-01	1.549096e+00
113	4.682799e-01	5.285295e-01	1.155349e+00
114	4.831118e-01	5.417388e-01	1.261847e+00
115	4.350580e-01	5.748219e-01	1.308745e+00
116	1.275646e-01	3.143609e-01	1.148510e+00
117	4.547196e-01	4.580874e-01	1.865657e+00
118	4.608782e-01	4.583876e-01	2.988276e+00
119	4.736594e-01	4.675998e-01	1.479726e+00
120	4.694962e-01	4.878230e-01	2.095261e+00
121	5.022322e-01	5.325590e-01	2.442110e+00
122	4.263276e-01	4.521825e-01	1.070347e+00
123	5.217615e-01	6.193495e-01	1.417196e+00
124	4.662106e-01	5.053664e-01	2.817294e+00
125	5.174899e-01	6.831329e-01	1.164143e+00
126	5.005337e-01	5.303736e-01	2.738153e+00
127	4.995574e-01	5.822878e-01	2.338544e+00
128	5.714785e-01	6.192569e-01	1.282364e+00
129	4.890575e-01	5.179584e-01	2.676600e+00
130	5.719871e-01	6.197480e-01	2.443087e+00
131	8.150150e-01	1.048803e-01	2.375672e+00
132	5.381009e-01	6.031840e-01	1.220811e+00
133	5.038643e-01	5.022568e-01	2.407914e+00
134	4.757666e-01	4.314939e-01	2.277968e+00
135	4.464206e-01	5.015235e-01	2.409868e+00
136	4.865520e-01	4.572957e-01	2.083537e+00
137	4.306250e-01	4.957572e-01	2.286761e+00
138	5.147618e-01	5.073350e-01	1.194431e+00
139	4.656039e-01	5.074881e-01	2.818271e+00
140	5.068509e-01	6.184323e-01	2.827064e+00
141	4.504820e-01	5.071334e-01	1.684905e+00
142	4.812342e-01	5.265055e-01	1.999511e+00
143	4.816905e-01	5.368206e-01	1.956522e+00
144	4.687906e-01	4.780057e-01	2.323889e+00
145	4.992988e-01	6.150691e-01	2.501710e+00
146	5.272504e-01	6.906160e-01	2.395213e+00
147	4.343891e-01	6.074754e-01	2.719590e+00
148	4.687608e-01	5.083578e-01	2.937469e+00
149	4.705453e-01	5.656229e-01	2.803615e+00
150	5.108199e-01	7.373227e-01	1.794333e+00
151	4.621044e-01	5.016708e-01	2.611138e+00
152	4.979057e-01	4.612828e-01	1.724963e+00
153	4.963191e-01	5.028138e-01	1.983879e+00
154	4.645763e-01	5.075949e-01	2.181241e+00
155	4.673497e-01	5.183818e-01	1.295066e+00
156	5.046906e-01	7.059445e-01	1.970200e+00
157	4.503401e-01	4.970920e-01	2.387396e+00
158	5.217085e-01	4.964103e-01	2.386419e+00
159	5.213963e-01	7.408204e-01	2.647289e+00
160	4.797262e-01	5.134787e-01	1.686859e+00
161	4.585404e-01	4.852770e-01	1.553981e+00
162	4.254573e-01	4.798352e-01	1.764045e+00
163	4.973013e-01	6.969257e-01	1.632145e+00
164	4.673556e-01	5.086526e-01	1.235467e+00
165	4.771724e-01	5.166342e-01	2.251588e+00
166	4.526749e-01	4.992677e-01	1.751343e+00
167	5.506958e-01	4.936657e-01	1.715193e+00
168	4.728378e-01	5.058281e-01	2.109917e+00
169	4.711482e-01	5.380912e-01	2.137274e+00
170	4.302022e-01	4.949327e-01	2.099170e+00
171	4.605464e-01	4.473553e-01	2.057157e+00
172	5.249057e-01	5.551604e-01	2.246702e+00
173	4.418405e-01	5.449610e-01	1.894968e+00
174	5.181967e-01	4.756251e-01	2.453835e+00
175	4.713258e-01	4.967195e-01	2.834880e+00
176	4.504700e-01	5.008603e-01	2.215437e+00
177	4.789179e-01	5.230224e-01	2.153884e+00
178	4.695310e-01	5.018847e-01	2.475330e+00
179	4.826096e-01	3.271187e-01	1.274548e+00
180	4.921636e-01	5.255362e-01	2.127504e+00
181	4.815758e-01	4.996454e-01	1.790425e+00
182	5.034856e-01	5.671929e-01	1.736688e+00
183	4.790009e-01	3.149714e-01	1.692721e+00
184	5.347244e-01	5.982866e-01	2.042501e+00
185	4.613281e-01	3.158970e-01	1.468979e+00
186	5.263425e-01	5.355142e-01	1.784563e+00
187	8.980411e-01	8.135900e-01	2.653151e+00
188	4.895605e-01	5.747240e-01	1.839277e+00
189	4.639873e-01	5.097932e-01	1.175867e+00
190	4.891518e-01	4.490931e-01	2.807523e+00
191	3.735552e-01	6.123538e-01	2.811431e+00
192	4.624816e-01	5.821341e-01	1.192477e+00
193	5.160941e-01	5.056959e-01	1.620420e+00
194	5.164212e-01	5.025848e-01	2.624817e+00
195	4.731941e-01	5.083817e-01	2.806546e+00
196	5.416206e-01	7.052512e-01	1.763068e+00
197	3.748821e-01	2.791793e-01	2.060088e+00
198	5.849263e-01	3.218997e-01	2.458720e+00
199	4.933094e-01	5.548377e-01	2.463605e+00
200	5.079116e-01	5.522475e-01	1.141671e+00
201	4.815924e-01	5.079154e-01	1.146556e+00
202	5.174963e-01	6.127280e-01	1.395701e+00
203	4.960879e-01	5.121526e-01	1.755252e+00
204	4.595247e-01	4.698341e-01	2.901319e+00
205	4.509122e-01	3.144104e-01	2.123596e+00
206	5.074944e-01	5.624133e-01	1.652662e+00
207	4.832960e-01	5.833235e-01	1.199316e+00
208	5.042693e-01	5.581890e-01	2.170493e+00
209	4.581286e-01	2.888729e-01	2.733268e+00
210	5.075181e-01	7.247641e-01	1.545188e+00
211	4.467539e-01	5.250063e-01	1.376160e+00
212	4.726897e-01	5.085555e-01	1.621397e+00
213	4.650980e-01	5.159714e-01	1.883244e+00
214	4.615212e-01	5.136817e-01	1.612604e+00
215	4.829749e-01	4.978338e-01	2.909135e+00
216	4.829492e-01	5.271161e-01	1.354665e+00
217	4.845413e-01	5.042115e-01	2.770396e+00
218	5.768838e-01	6.729967e-01	2.148999e+00
219	4.824843e-01	5.462192e-01	2.624817e+00
220	4.893129e-01	4.288777e-01	2.697118e+00
221	5.076817e-01	5.121868e-01	1.938935e+00
222	4.518608e-01	5.090637e-01	1.854910e+00
223	4.318189e-01	3.221205e-01	2.625794e+00
224	4.594442e-01	6.818145e-01	2.984367e+00
225	4.686788e-01	4.590151e-01	2.693210e+00
226	4.787449e-01	5.223610e-01	2.276014e+00
227	4.700500e-01	4.775807e-01	1.245237e+00
228	4.689361e-01	4.966716e-01	1.489497e+00
229	4.609523e-01	5.063153e-01	2.305325e+00
230	4.623840e-01	4.835914e-01	2.689301e+00
231	4.460388e-01	4.812758e-01	1.346849e+00
232	4.551160e-01	4.951875e-01	2.447973e+00
233	5.015650e-01	4.441757e-01	1.591109e+00
234	4.862987e-01	4.982392e-01	1.931119e+00
235	4.564248e-01	4.922050e-01	2.687347e+00
236	4.679425e-01	5.079731e-01	2.787982e+00
237	4.800417e-01	5.283497e-01	1.510015e+00
238	4.791309e-01	5.068630e-01	2.193942e+00
239	4.589442e-01	4.714975e-01	2.918906e+00
240	4.805016e-01	4.958433e-01	1.734734e+00
241	4.439122e-01	5.807080e-01	1.119199e+00
242	5.453270e-01	5.676433e-01	1.631168e+00
243	4.945406e-01	4.528562e-01	1.258915e+00
244	4.551686e-01	4.345695e-01	2.458720e+00
245	4.266681e-01	5.947368e-01	2.134343e+00
246	4.742180e-01	5.119745e-01	2.662921e+00
247	4.733741e-01	5.527993e-01	2.924768e+00
248	4.829553e-01	6.997358e-01	2.983390e+00
249	6.780791e-01	1.154943e-01	2.305325e+00
250	6.053662e-01	3.119817e-01	2.763556e+00
251	6.255259e-01	1.911783e-01	2.374695e+00
252	4.565713e-01	5.293130e-01	1.703468e+00
253	5.098882e-01	7.392464e-01	1.246214e+00
254	5.435043e-01	7.177071e-01	2.925745e+00
255	4.818407e-01	5.082964e-01	1.857841e+00
256	4.830942e-01	5.306967e-01	2.601368e+00
257	4.638932e-01	4.758804e-01	2.413776e+00
258	4.559141e-01	5.169889e-01	2.569126e+00
259	5.332585e-01	5.222625e-01	1.865657e+00
260	4.716034e-01	5.093681e-01	2.574988e+00
261	4.701356e-01	4.779391e-01	1.598925e+00
262	2.962866e-01	5.089473e-01	2.264289e+00
263	3.861705e-01	6.421919e-01	1.176844e+00
264	5.112812e-01	7.099658e-01	1.061553e+00
265	4.744593e-01	5.139761e-01	2.526136e+00
266	4.533914e-01	4.740415e-01	1.928188e+00
267	4.486747e-01	4.685171e-01	2.006351e+00
268	4.569649e-01	4.632497e-01	1.041036e+00
269	5.533949e-01	6.176405e-01	1.793356e+00
270	4.500408e-01	4.931264e-01	1.860772e+00
271	5.289900e-01	4.347981e-01	1.389839e+00
272	4.736260e-01	5.162962e-01	1.052760e+00
273	4.491679e-01	4.945729e-01	1.156326e+00
274	3.758887e-01	2.677403e-01	1.981925e+00
275	5.595570e-01	6.294899e-01	2.256473e+00
276	5.001382e-01	5.678272e-01	2.368832e+00
277	4.886825e-01	5.111862e-01	2.024915e+00
278	5.843438e-01	6.390525e-01	1.266732e+00
279	4.839323e-01	5.628851e-01	1.348803e+00
280	4.534955e-01	4.472039e-01	2.472399e+00
281	3.829050e-01	6.727037e-01	2.288715e+00
282	4.849897e-01	5.865424e-01	2.745970e+00
283	4.777163e-01	5.894076e-01	2.490962e+00
284	4.234346e-01	3.206627e-01	2.515388e+00
285	3.630242e-01	2.875069e-01	1.545188e+00
286	4.674706e-01	5.083853e-01	2.662921e+00
287	5.008745e-01	5.795812e-01	2.264289e+00
288	4.787623e-01	6.109975e-01	2.905227e+00
289	4.755860e-01	4.980587e-01	1.058622e+00
290	5.254731e-01	4.625623e-01	2.152907e+00
291	6.880387e-01	1.393660e-01	2.784074e+00
292	4.705728e-01	5.074819e-01	2.445042e+00
293	3.987635e-01	4.751303e-01	2.852467e+00
294	4.653940e-01	5.013088e-01	2.070835e+00
295	4.547385e-01	4.797224e-01	1.406448e+00
296	4.957086e-01	5.229136e-01	1.751343e+00
297	4.940457e-01	5.193933e-01	2.077675e+00
298	5.185426e-01	5.397484e-01	1.601856e+00
299	4.701529e-01	4.857018e-01	2.048363e+00
300	4.752611e-01	5.205891e-01	2.781143e+00
301	4.688420e-01	5.053215e-01	2.779189e+00
302	5.009089e-01	5.842550e-01	2.617978e+00
303	4.424327e-01	2.929908e-01	1.698583e+00
304	5.222269e-01	5.346602e-01	1.948705e+00
305	4.776993e-01	5.168181e-01	1.416219e+00
306	4.955756e-01	5.472179e-01	1.745481e+00
307	4.602065e-01	4.787533e-01	2.291646e+00
308	1.198547e-01	4.119657e-01	1.868588e+00
309	4.875087e-01	4.106045e-01	2.511480e+00
310	4.516373e-01	4.880536e-01	2.596483e+00
311	4.565799e-01	4.372762e-01	2.855398e+00
312	4.906382e-01	5.423505e-01	1.312653e+00
313	4.484952e-01	4.097715e-01	1.787494e+00
314	4.719492e-01	5.152476e-01	2.252565e+00
315	5.080488e-01	6.157654e-01	1.978017e+00
316	3.948251e-01	5.598650e-01	2.965804e+00
317	4.802287e-01	5.215136e-01	2.221299e+00
318	4.005778e-01	6.363309e-01	1.701514e+00
319	4.519932e-01	4.649268e-01	1.135809e+00
320	4.824249e-01	5.342710e-01	2.997069e+00
321	6.719474e-01	1.166111e-01	2.470445e+00
322	4.407205e-01	3.209865e-01	2.362970e+00
323	4.694708e-01	5.197103e-01	2.553493e+00
324	4.998187e-01	4.576341e-01	1.347826e+00
325	2.092530e-01	1.094053e-01	2.896434e+00
326	4.586370e-01	5.065401e-01	1.857841e+00
327	4.622839e-01	4.927548e-01	1.669272e+00
328	4.829834e-01	5.011998e-01	1.726917e+00
329	5.225014e-01	6.018713e-01	2.604299e+00
330	4.794942e-01	4.632624e-01	2.089399e+00
331	5.022376e-01	4.977723e-01	1.552027e+00
332	4.744002e-01	4.073469e-01	1.769907e+00
333	4.860684e-01	5.656327e-01	1.382022e+00
334	4.431955e-01	3.732723e-01	2.510503e+00
335	5.104233e-01	4.991780e-01	1.640938e+00
336	4.733987e-01	5.290092e-01	2.933561e+00
337	4.622188e-01	5.417040e-01	1.033219e+00
338	5.359007e-01	5.743243e-01	1.408403e+00
339	4.606607e-01	4.901534e-01	2.767465e+00
340	4.775472e-01	5.167634e-01	1.526624e+00
341	4.157783e-01	4.481191e-01	1.456277e+00
342	4.545662e-01	5.295515e-01	1.054714e+00
343	4.844564e-01	4.780879e-01	2.601368e+00
344	3.588166e-01	2.414636e-01	2.193942e+00
345	7.521964e-01	2.258081e-01	2.321935e+00
346	4.837784e-01	5.838822e-01	1.564729e+00
347	4.801202e-01	5.206250e-01	1.679043e+00
348	4.561598e-01	3.355716e-01	2.034685e+00
349	4.578261e-01	5.213478e-01	2.564240e+00
350	4.853453e-01	6.883088e-01	2.311187e+00
351	4.495105e-01	6.405661e-01	1.297997e+00
352	4.723919e-01	5.114368e-01	2.873962e+00
353	3.889458e-01	6.923417e-01	2.202736e+00
354	4.651623e-01	5.069010e-01	2.653151e+00
355	5.061508e-01	5.665781e-01	2.461651e+00
356	4.814572e-01	5.268645e-01	1.679043e+00
357	4.508767e-01	6.012118e-01	2.991207e+00
358	4.234788e-01	4.949387e-01	2.857352e+00
359	4.807544e-01	5.097870e-01	1.913532e+00
360	4.912094e-01	7.161084e-01	1.216903e+00
361	4.563270e-01	5.721689e-01	1.214949e+00
362	4.724494e-01	6.185385e-01	1.005862e+00
363	4.919904e-01	5.409481e-01	2.227162e+00
364	4.929198e-01	5.210431e-01	1.723009e+00
365	4.482589e-01	6.990226e-01	1.491451e+00
366	2.966412e-01	4.551897e-01	1.692721e+00
367	4.547746e-01	5.145055e-01	1.154372e+00
368	4.565563e-01	4.925576e-01	1.851001e+00
369	4.704871e-01	5.078402e-01	2.418661e+00
370	4.444583e-01	4.839487e-01	1.874450e+00
371	5.274248e-01	4.276347e-01	1.591109e+00
372	4.768103e-01	4.929907e-01	2.199805e+00
373	4.335084e-01	4.532766e-01	2.208598e+00
374	4.959146e-01	5.017837e-01	1.322423e+00
375	4.549725e-01	3.138555e-01	2.361016e+00
376	5.242664e-01	4.139879e-01	1.815828e+00
377	4.681300e-01	5.089305e-01	1.328285e+00
378	4.584053e-01	4.911839e-01	1.883244e+00
379	7.974984e-01	8.871709e-01	1.599902e+00
380	5.262675e-01	7.000887e-01	2.343429e+00
381	4.942380e-01	5.232701e-01	1.835369e+00
382	1.952736e-01	8.030113e-01	1.065462e+00
383	6.802779e-01	4.693596e-01	1.698583e+00
384	3.866129e-01	3.332335e-01	2.761602e+00
385	4.801714e-01	5.361404e-01	1.961407e+00
386	4.610432e-01	4.896852e-01	2.449927e+00
387	4.447967e-01	4.813927e-01	2.669761e+00
388	4.901861e-01	5.292373e-01	2.597460e+00
389	4.733915e-01	5.232522e-01	2.960918e+00
390	4.606238e-01	4.855171e-01	1.655594e+00
391	4.580125e-01	5.163910e-01	2.572057e+00
392	4.842228e-01	5.303387e-01	1.234489e+00
393	5.032747e-01	5.071974e-01	1.607719e+00
394	4.672329e-01	5.019569e-01	2.643381e+00
395	4.371517e-01	5.765240e-01	1.233512e+00
396	3.152199e-01	4.308028e-01	2.058134e+00
397	3.697173e-01	5.028305e-01	1.083048e+00
398	4.167353e-01	4.829791e-01	2.453835e+00
399	4.910258e-01	4.291759e-01	2.169516e+00
400	4.139532e-01	4.303453e-01	1.634099e+00
401	3.655879e-01	6.937466e-01	1.314607e+00
402	4.838113e-01	5.704365e-01	2.292623e+00
403	4.956784e-01	7.195827e-01	1.759160e+00
404	4.504739e-01	5.050106e-01	2.942355e+00
405	4.784404e-01	5.190111e-01	1.358574e+00
406	4.594366e-01	4.856322e-01	1.474841e+00
407	3.727496e-01	3.226627e-01	2.850513e+00
408	6.503767e-01	4.573834e-01	2.543723e+00
409	4.763218e-01	5.244412e-01	1.170005e+00
410	4.539445e-01	4.350527e-01	2.011236e+00
411	5.437458e-01	5.752647e-01	2.982413e+00
412	2.528243e-01	4.541533e-01	1.578407e+00
413	5.183257e-01	5.997475e-01	2.904250e+00
414	4.836949e-01	5.318856e-01	2.948217e+00
415	4.658058e-01	5.079357e-01	1.856864e+00
416	4.714961e-01	5.419528e-01	1.780655e+00
417	4.722148e-01	5.031215e-01	1.223742e+00
418	4.618910e-01	5.283990e-01	2.928676e+00
419	4.715616e-01	5.158244e-01	1.055691e+00
420	4.850212e-01	4.927568e-01	2.823156e+00
421	4.720956e-01	5.089132e-01	2.886663e+00
422	4.627796e-01	5.047736e-01	1.391793e+00
423	3.782057e-01	7.091792e-01	1.467025e+00
424	4.921396e-01	5.698778e-01	1.512946e+00
425	3.730956e-01	2.826826e-01	1.960430e+00
426	3.681336e-01	2.826504e-01	2.254519e+00
427	4.340610e-01	3.228641e-01	2.899365e+00
428	4.376512e-01	5.016886e-01	1.247191e+00
429	4.503723e-01	4.981078e-01	1.802149e+00
430	4.615820e-01	5.024951e-01	1.663410e+00
431	4.413907e-01	3.199864e-01	2.556424e+00
432	3.706844e-01	2.976177e-01	2.947240e+00
433	4.526023e-01	5.100172e-01	2.475330e+00
434	4.870333e-01	4.731994e-01	2.923791e+00
435	5.798798e-01	6.394320e-01	2.906204e+00
436	8.600935e-02	8.758387e-01	2.668784e+00
437	5.049620e-01	5.593473e-01	2.476307e+00
438	4.288963e-01	4.893615e-01	2.065950e+00
439	4.706649e-01	5.088576e-01	1.983879e+00
440	4.746954e-01	6.346194e-01	1.637030e+00
441	7.043063e-01	4.670379e-01	1.338056e+00
442	4.619528e-01	6.023918e-01	2.406937e+00
443	4.997557e-01	4.912624e-01	1.422081e+00
444	5.123174e-01	6.203922e-01	2.956033e+00
445	4.704607e-01	4.966870e-01	2.601368e+00
446	5.258676e-01	7.267179e-01	1.846116e+00
447	4.754823e-01	5.199678e-01	1.264778e+00
448	4.640261e-01	4.687733e-01	1.119199e+00
449	4.727618e-01	5.428428e-01	1.956522e+00
450	4.376671e-01	4.949432e-01	2.971666e+00
451	4.669852e-01	5.090007e-01	2.149976e+00
452	4.725719e-01	5.854511e-01	1.574499e+00
453	5.311683e-01	6.948345e-01	1.775769e+00
454	8.619250e-01	6.259643e-01	1.542257e+00
455	4.750027e-01	5.340949e-01	2.984367e+00
456	4.498734e-01	4.330583e-01	1.577430e+00
457	4.125654e-01	5.120980e-01	2.955056e+00
458	4.489116e-01	5.642538e-01	2.865169e+00
459	4.637721e-01	5.584885e-01	1.672203e+00
460	5.817234e-01	6.352965e-01	1.198339e+00
461	3.562191e-01	3.199026e-01	2.513434e+00
462	5.072958e-01	6.863568e-01	1.853933e+00
463	4.806253e-01	5.559753e-01	2.858329e+00
464	4.673849e-01	4.927733e-01	1.574499e+00
465	4.946365e-01	4.627997e-01	1.432829e+00
466	4.597820e-01	5.081799e-01	1.500244e+00
467	4.392816e-01	2.989224e-01	1.323400e+00
468	4.467350e-01	5.057370e-01	2.147044e+00
469	4.722715e-01	5.178690e-01	2.698095e+00
470	4.785405e-01	5.161518e-01	1.364436e+00
471	4.813136e-01	6.725531e-01	2.076698e+00
472	4.669325e-01	5.002714e-01	2.011236e+00
473	4.492415e-01	4.366786e-01	1.215926e+00
474	4.628518e-01	5.045609e-01	2.299463e+00
475	4.222293e-01	5.776740e-01	1.683928e+00
476	4.800264e-01	5.131897e-01	2.081583e+00
477	4.529906e-01	5.554986e-01	2.350269e+00
478	3.650520e-01	3.428031e-01	2.728383e+00
479	4.676886e-01	5.692540e-01	1.194431e+00
480	4.650306e-01	6.272202e-01	2.515388e+00
481	4.647187e-01	5.744432e-01	1.865657e+00
482	4.407315e-01	2.867794e-01	1.802149e+00
483	4.347299e-01	4.087044e-01	1.367367e+00
484	5.115608e-01	6.063598e-01	1.148510e+00
485	4.517849e-01	4.364282e-01	2.427455e+00
486	5.079469e-01	5.372319e-01	2.196873e+00
487	4.702760e-01	5.116041e-01	2.386419e+00
488	5.004740e-01	5.817075e-01	1.294089e+00
489	3.991707e-01	4.534350e-01	1.687836e+00
490	4.940698e-01	4.491562e-01	1.146556e+00
491	5.852169e-01	3.321376e-01	1.597948e+00
492	4.885855e-01	5.390052e-01	2.412799e+00
493	4.344263e-01	5.074306e-01	1.227650e+00
494	4.632169e-01	6.084055e-01	2.522228e+00
495	4.602136e-01	4.482674e-01	1.437714e+00
496	4.912948e-01	5.926214e-01	1.523693e+00
497	4.585856e-01	5.756010e-01	1.221788e+00
498	4.752090e-01	6.126807e-01	1.652662e+00
499	4.743584e-01	6.325909e-01	1.269663e+00
500	4.643054e-01	5.015267e-01	2.967758e+00
501	4.723696e-01	5.066880e-01	2.546654e+00
502	2.562456e-01	4.843520e-01	1.818759e+00
503	4.898391e-01	5.861780e-01	1.919394e+00
504	4.840903e-01	5.064273e-01	2.563263e+00
505	4.961013e-01	6.846130e-01	1.451392e+00
506	5.271839e-01	4.833156e-01	1.718124e+00
507	4.673241e-01	5.035078e-01	1.207132e+00
508	4.840506e-01	5.294155e-01	1.236444e+00
509	4.253951e-01	5.082528e-01	2.622863e+00
510	3.590319e-01	4.675540e-01	2.549585e+00
511	4.669646e-01	5.009198e-01	2.966781e+00
512	5.480752e-01	6.166620e-01	2.395213e+00
513	5.025838e-01	4.833245e-01	1.534441e+00
514	4.639634e-01	3.402019e-01	1.550073e+00
515	5.257013e-01	5.995807e-01	1.610650e+00
516	5.659836e-01	3.366787e-01	1.612604e+00
517	4.721660e-01	5.168387e-01	1.086957e+00
518	5.744639e-01	6.713496e-01	2.282853e+00
519	1.484511e-01	1.162998e-01	1.573522e+00
520	4.536236e-01	5.311720e-01	2.497802e+00
521	4.752334e-01	5.059219e-01	1.752320e+00
522	4.326851e-01	4.104091e-01	1.589155e+00
523	4.718433e-01	5.373440e-01	1.209086e+00
524	4.169624e-01	4.408382e-01	2.755740e+00
525	5.717995e-01	4.796757e-01	1.499267e+00
526	4.684003e-01	4.939056e-01	1.014656e+00
527	5.057912e-01	6.379072e-01	2.891549e+00
528	4.621479e-01	4.911625e-01	2.478261e+00
529	5.305633e-01	6.275032e-01	1.898876e+00
530	4.859975e-01	5.104781e-01	1.188569e+00
531	4.773471e-01	5.179663e-01	2.785051e+00
532	4.693672e-01	5.111207e-01	2.945286e+00
533	4.042897e-01	4.610521e-01	2.458720e+00
534	4.268629e-01	5.980715e-01	2.673669e+00
535	4.630807e-01	5.001041e-01	1.399609e+00
536	4.915375e-01	5.606196e-01	2.604299e+00
537	4.714627e-01	5.085488e-01	1.529555e+00
538	4.674374e-01	5.081681e-01	2.823156e+00
539	4.570643e-01	6.033615e-01	2.826087e+00
540	4.859159e-01	5.443098e-01	2.844651e+00
541	5.450256e-01	4.974195e-01	2.290669e+00
542	4.492969e-01	5.212069e-01	2.570103e+00
543	4.741560e-01	5.592148e-01	2.396190e+00
544	5.494438e-01	5.669425e-01	1.318515e+00
545	4.924345e-01	4.486459e-01	2.605276e+00
546	6.142506e-01	5.492755e-01	2.683439e+00
547	3.315956e-01	4.205374e-01	1.587201e+00
548	4.763978e-01	5.841042e-01	1.375183e+00
549	4.735890e-01	4.699127e-01	2.298486e+00
550	4.723321e-01	3.216187e-01	1.285296e+00
551	4.641376e-01	5.128022e-01	2.983390e+00
552	5.505052e-01	5.480451e-01	1.195408e+00
553	4.836437e-01	5.257499e-01	2.414753e+00
554	3.753988e-01	6.957722e-01	1.843185e+00
555	2.876408e-01	4.720074e-01	2.396190e+00
556	5.203100e-01	5.073443e-01	3.000000e+00
557	4.572561e-01	5.160752e-01	2.728383e+00
558	3.588049e-01	4.747119e-01	1.133854e+00
559	4.686318e-01	5.026840e-01	1.944797e+00
560	4.258225e-01	6.026028e-01	2.883732e+00
561	5.083801e-01	6.929288e-01	2.383488e+00
562	5.511603e-01	4.966379e-01	2.506595e+00
563	4.815908e-01	5.453012e-01	1.786517e+00
564	5.411705e-01	5.546942e-01	2.893503e+00
565	4.790222e-01	5.134154e-01	2.981436e+00
566	4.835476e-01	5.621897e-01	2.663898e+00
567	4.616416e-01	5.096966e-01	2.227162e+00
568	4.557671e-01	5.065034e-01	1.527601e+00
569	4.707962e-01	5.994182e-01	2.610161e+00
570	5.562959e-01	3.969924e-01	1.058622e+00
571	4.743385e-01	5.011689e-01	2.782120e+00
572	3.970037e-01	7.274652e-01	1.518808e+00
573	4.580801e-01	5.298955e-01	2.109917e+00
574	4.872342e-01	5.378910e-01	2.074744e+00
575	4.838159e-01	5.092380e-01	2.319003e+00
576	4.571087e-01	6.000190e-01	1.290181e+00
577	4.944641e-01	5.425142e-01	1.286273e+00
578	4.740915e-01	5.598536e-01	1.881290e+00
579	4.663684e-01	5.041072e-01	1.664387e+00
580	2.078759e-01	9.298593e-01	1.242306e+00
581	4.884675e-01	5.368989e-01	1.927211e+00
582	4.670657e-01	5.069463e-01	2.820225e+00
583	4.934308e-01	6.733242e-01	2.792868e+00
584	5.241567e-01	5.704391e-01	1.201270e+00
585	4.526359e-01	4.862530e-01	1.898876e+00
586	4.753073e-01	5.064917e-01	1.782609e+00
587	4.851927e-01	5.373338e-01	1.561798e+00
588	4.681061e-01	5.080726e-01	2.282853e+00
589	4.499428e-01	4.537250e-01	2.210552e+00
590	4.032358e-01	4.541099e-01	1.020518e+00
591	4.840111e-01	5.280644e-01	1.784563e+00
592	4.693191e-01	5.110792e-01	1.275525e+00
593	4.958364e-01	4.879933e-01	1.212995e+00
594	4.751223e-01	5.468130e-01	2.964827e+00
595	4.700461e-01	4.999280e-01	2.079629e+00
596	5.852240e-01	3.156847e-01	1.187592e+00
597	4.812808e-01	4.469064e-01	1.258915e+00
598	4.613353e-01	4.586025e-01	1.999511e+00
599	4.732575e-01	5.087160e-01	1.264778e+00
600	4.857890e-01	5.469516e-01	1.110405e+00
601	4.103327e-01	2.484169e-01	1.107474e+00
602	4.037039e-01	7.101879e-01	1.070347e+00
603	4.754037e-01	4.966252e-01	2.400098e+00
604	4.845660e-01	4.727906e-01	2.871031e+00
605	4.774939e-01	5.134922e-01	2.739130e+00
606	4.623169e-01	4.836557e-01	2.061065e+00
607	4.303831e-01	3.684513e-01	1.073278e+00
608	4.475987e-01	4.936998e-01	2.799707e+00
609	4.840008e-01	5.926830e-01	2.010259e+00
610	5.278047e-01	4.338128e-01	1.700537e+00
611	4.822688e-01	5.278543e-01	1.339033e+00
612	5.308245e-01	5.166794e-01	2.227162e+00
613	4.330151e-01	4.984068e-01	2.482169e+00
614	4.975176e-01	4.827120e-01	2.958964e+00
615	4.117982e-01	5.878201e-01	1.443576e+00
616	4.937692e-01	4.372825e-01	2.381534e+00
617	5.001675e-01	6.436167e-01	1.971177e+00
618	4.815984e-01	5.272614e-01	2.960918e+00
619	2.404279e-01	7.679473e-02	1.812897e+00
620	3.500438e-01	3.950633e-01	1.170982e+00
621	4.823183e-01	4.373757e-01	1.277479e+00
622	5.680539e-01	3.163078e-01	1.176844e+00
623	5.954407e-01	5.818650e-01	1.636053e+00
624	5.020741e-01	5.864912e-01	2.336590e+00
625	5.048831e-01	4.984244e-01	1.343918e+00
626	4.680916e-01	5.202419e-01	1.905716e+00
627	4.937680e-01	4.913549e-01	1.784563e+00
628	4.675074e-01	5.084122e-01	2.063996e+00
629	4.755951e-01	5.047087e-01	2.497802e+00
630	5.260439e-01	5.109871e-01	2.870054e+00
631	4.439065e-01	4.907845e-01	1.729849e+00
632	4.936186e-01	6.698783e-01	2.290669e+00
633	4.681804e-01	5.071911e-01	2.841720e+00
634	4.731861e-01	5.078994e-01	2.195896e+00
635	4.832898e-01	5.623697e-01	1.601856e+00
636	4.775097e-01	5.841444e-01	2.449927e+00
637	4.783424e-01	5.189980e-01	1.462140e+00
638	4.684592e-01	5.062056e-01	2.041524e+00
639	4.682508e-01	5.080032e-01	2.061065e+00
640	4.704290e-01	3.088261e-01	2.130435e+00
641	4.573657e-01	3.599792e-01	2.205667e+00
642	4.782829e-01	5.169117e-01	2.184172e+00
643	5.040925e-01	4.838392e-01	2.747924e+00
644	5.437513e-01	3.468482e-01	2.909135e+00
645	4.759863e-01	5.172104e-01	2.777235e+00
646	4.615249e-01	4.367274e-01	1.295066e+00
647	4.588726e-01	5.818717e-01	1.050806e+00
648	4.402683e-01	3.712107e-01	1.191500e+00
649	4.817322e-01	5.151690e-01	1.198339e+00
650	4.951054e-01	5.215457e-01	2.656082e+00
651	4.717109e-01	5.492743e-01	1.692721e+00
652	4.739891e-01	3.492325e-01	2.330728e+00
653	4.621425e-01	4.784426e-01	1.906693e+00
654	4.368451e-01	4.961534e-01	2.192965e+00
655	5.137269e-01	5.838220e-01	1.200293e+00
656	4.591877e-01	5.315930e-01	2.361016e+00
657	4.767039e-01	6.486648e-01	2.080606e+00
658	4.654657e-01	5.084172e-01	2.017098e+00
659	4.499291e-01	5.367719e-01	2.191011e+00
660	3.746882e-01	3.254668e-01	1.667318e+00
661	4.786677e-01	6.478699e-01	2.229116e+00
662	6.678459e-01	6.329950e-01	1.188569e+00
663	4.981471e-01	4.482141e-01	2.714704e+00
664	4.942284e-01	5.407843e-01	1.979971e+00
665	5.304697e-01	3.701785e-01	2.954079e+00
666	4.959925e-01	1.455296e-01	1.803127e+00
667	4.523725e-01	5.372676e-01	1.039082e+00
668	1.636825e-01	5.506250e-01	1.893014e+00
669	4.304979e-01	3.234026e-01	1.778701e+00
670	2.116609e-01	8.748013e-01	1.807035e+00
671	4.502306e-01	4.585317e-01	1.102589e+00
672	6.920033e-01	5.999747e-01	1.879336e+00
673	4.752654e-01	4.943908e-01	1.984856e+00
674	4.684877e-01	5.087356e-01	2.238886e+00
675	4.861515e-01	5.574970e-01	2.868100e+00
676	4.624949e-01	5.164425e-01	2.748901e+00
677	4.955290e-01	7.048317e-01	1.578407e+00
678	4.924872e-01	5.870365e-01	1.621397e+00
679	4.659213e-01	5.121952e-01	2.657059e+00
680	4.626568e-01	4.768892e-01	2.404983e+00
681	4.681623e-01	5.667162e-01	2.272106e+00
682	4.651821e-01	4.810674e-01	1.463117e+00
683	4.646789e-01	5.009897e-01	2.316072e+00
684	4.763007e-01	5.143418e-01	2.334636e+00
685	4.957280e-01	5.624453e-01	1.365413e+00
686	5.590876e-01	3.435409e-01	2.105032e+00
687	4.332681e-01	5.158838e-01	1.339033e+00
688	4.594788e-01	4.986674e-01	2.932584e+00
689	4.626952e-01	5.060664e-01	2.378603e+00
690	4.768348e-01	5.103689e-01	1.833415e+00
691	5.131641e-01	5.046599e-01	1.663410e+00
692	4.462731e-01	5.355308e-01	2.251588e+00
693	5.475681e-01	3.571360e-01	1.766976e+00
694	4.943747e-01	5.722343e-01	1.575476e+00
695	4.491911e-01	5.847256e-01	2.771373e+00
696	4.688040e-01	4.989315e-01	2.787005e+00
697	4.770266e-01	5.137485e-01	1.959453e+00
698	4.905871e-01	5.582316e-01	2.187103e+00
699	4.718758e-01	5.088554e-01	2.430386e+00
700	5.023156e-01	5.831635e-01	2.679531e+00
701	4.567973e-01	6.046146e-01	2.191988e+00
702	5.056690e-01	5.880570e-01	2.945286e+00
703	4.823361e-01	5.012345e-01	2.793845e+00
704	4.579572e-01	5.067555e-01	2.132389e+00
705	5.181798e-01	7.166098e-01	1.627259e+00
706	4.595740e-01	4.981497e-01	1.623351e+00
707	4.433027e-01	5.322911e-01	2.772350e+00
708	4.651573e-01	4.958721e-01	1.552027e+00
709	3.936479e-01	5.182288e-01	1.180752e+00
710	4.608095e-01	4.760944e-01	1.632145e+00
711	1.507877e-01	1.847155e-01	1.680997e+00
712	4.703843e-01	3.236252e-01	2.828041e+00
713	4.712769e-01	5.180300e-01	1.703468e+00
714	4.205845e-01	6.664575e-01	1.471910e+00
715	4.575157e-01	4.836567e-01	2.368832e+00
716	4.838648e-01	5.080540e-01	1.961407e+00
717	4.716432e-01	5.081154e-01	1.756229e+00
718	5.287827e-01	5.525389e-01	2.987298e+00
719	4.704213e-01	5.083499e-01	2.332682e+00
720	4.813279e-01	5.151011e-01	1.097704e+00
721	4.757510e-01	3.347373e-01	1.954568e+00
722	4.700837e-01	5.082799e-01	1.704446e+00
723	4.686403e-01	5.075672e-01	1.853933e+00
724	5.085966e-01	5.884271e-01	2.829995e+00
725	4.358002e-01	5.505131e-01	2.232047e+00
726	4.740150e-01	5.294528e-01	2.587689e+00
727	4.606101e-01	5.022322e-01	2.698095e+00
728	4.529037e-01	2.864912e-01	1.896922e+00
729	4.927948e-01	5.216813e-01	1.212995e+00
730	2.586257e-01	4.668421e-01	1.502198e+00
731	4.695174e-01	5.024403e-01	2.614069e+00
732	4.672280e-01	6.050403e-01	2.880801e+00
733	4.806449e-01	4.948015e-01	1.956522e+00
734	5.343509e-01	6.327399e-01	2.745970e+00
735	1.869011e-01	8.992730e-01	1.179775e+00
736	4.294939e-01	4.976489e-01	1.935027e+00
737	4.490418e-01	5.016281e-01	1.975085e+00
738	4.726182e-01	5.579508e-01	1.067416e+00
739	4.526076e-01	4.594676e-01	2.024915e+00
740	4.947957e-01	5.741895e-01	2.810454e+00
741	5.182883e-01	5.893262e-01	2.428432e+00
742	4.633329e-01	5.069769e-01	1.957499e+00
743	4.400070e-01	3.067822e-01	2.306302e+00
744	4.928759e-01	4.990633e-01	2.557401e+00
745	4.811354e-01	5.269267e-01	1.243283e+00
746	4.924734e-01	4.621382e-01	2.429409e+00
747	4.852891e-01	5.135872e-01	2.523205e+00
748	4.631841e-01	4.739090e-01	2.842697e+00
749	4.721285e-01	5.087683e-01	2.247680e+00
750	4.397030e-01	4.818114e-01	2.000489e+00
751	4.765447e-01	4.893820e-01	2.446019e+00
752	4.635245e-01	5.046945e-01	2.360039e+00
753	3.751449e-01	3.545031e-01	2.567171e+00
754	4.694400e-01	5.178899e-01	2.415730e+00
755	4.430583e-01	5.329186e-01	1.989741e+00
756	4.617623e-01	5.072280e-01	2.908158e+00
757	5.129353e-01	7.246652e-01	2.731314e+00
758	4.667879e-01	5.054491e-01	2.544700e+00
759	4.685096e-01	5.054666e-01	2.890572e+00
760	4.708672e-01	5.044241e-01	1.654617e+00
761	4.695351e-01	5.054474e-01	1.008793e+00
762	4.851192e-01	5.448147e-01	1.260870e+00
763	4.522663e-01	6.057673e-01	1.347826e+00
764	4.705475e-01	5.018906e-01	1.325354e+00
765	4.812556e-01	4.892062e-01	1.420127e+00
766	4.741391e-01	3.745589e-01	2.845628e+00
767	4.938414e-01	4.967341e-01	1.853933e+00
768	4.735211e-01	5.091197e-01	1.303859e+00
769	5.100441e-01	6.364948e-01	1.294089e+00
770	3.153677e-01	5.992128e-01	1.675134e+00
771	4.151959e-01	5.276300e-01	2.417684e+00
772	4.848452e-01	5.392165e-01	2.053249e+00
773	4.733679e-01	5.242449e-01	1.276502e+00
774	5.687628e-01	6.312134e-01	2.779189e+00
775	4.153107e-01	3.041827e-01	1.984856e+00
776	3.498790e-01	6.969450e-01	2.295554e+00
777	4.724296e-01	5.111450e-01	1.652662e+00
778	4.665185e-01	4.828731e-01	2.464582e+00
779	4.693979e-01	5.025427e-01	1.763068e+00
780	4.633475e-01	5.039475e-01	2.026869e+00
781	4.890694e-01	7.294951e-01	1.160234e+00
782	4.579248e-01	5.240448e-01	2.302394e+00
783	4.977610e-01	5.372640e-01	1.384954e+00
784	4.816805e-01	4.886544e-01	2.598437e+00
785	4.235125e-01	5.508714e-01	2.130435e+00
786	4.602755e-01	5.108764e-01	1.690767e+00
787	4.476097e-01	5.208744e-01	1.940889e+00
788	4.744400e-01	5.185217e-01	2.099170e+00
