789
0	9.571521e-01	4.349489e-01	1.398632e+00
1	2.735189e-01	4.035596e-01	1.108451e+00
2	4.523856e-01	4.864717e-01	2.925745e+00
3	4.870797e-01	5.292134e-01	2.732291e+00
4	4.415882e-01	6.117258e-01	1.257938e+00
5	4.861504e-01	4.954561e-01	2.424524e+00
6	4.571461e-01	7.139560e-01	1.383000e+00
7	4.745699e-01	4.679237e-01	2.705911e+00
8	4.435558e-01	5.410888e-01	2.442110e+00
9	4.806111e-01	5.239228e-01	2.233024e+00
10	5.086713e-01	5.692240e-01	2.376649e+00
11	4.832929e-01	5.339817e-01	1.556913e+00
12	4.074476e-01	6.691807e-01	2.950171e+00
13	4.146808e-01	3.798871e-01	1.066439e+00
14	4.877394e-01	5.175452e-01	1.626282e+00
15	4.544285e-01	5.100967e-01	1.306790e+00
16	4.853111e-01	5.252443e-01	2.902296e+00
17	4.922235e-01	4.980763e-01	1.195408e+00
18	5.222797e-01	5.599556e-01	1.785540e+00
19	4.857594e-01	4.777744e-01	1.248168e+00
20	4.486649e-01	4.907288e-01	1.863703e+00
21	5.016493e-01	5.435456e-01	2.671715e+00
22	4.788942e-01	5.318804e-01	2.487054e+00
23	3.931975e-01	7.396483e-01	1.946751e+00
24	5.617832e-01	4.748866e-01	1.303859e+00
25	3.384201e-01	7.169043e-01	2.152907e+00
26	4.839446e-01	5.027206e-01	1.388862e+00
27	4.824911e-01	5.638327e-01	1.591109e+00
28	4.673991e-01	5.607046e-01	2.205667e+00
29	4.550042e-01	5.495652e-01	2.181241e+00
30	4.757471e-01	5.184127e-01	1.475818e+00
31	4.512536e-01	5.130774e-01	2.309233e+00
32	4.453656e-01	5.594284e-01	2.073766e+00
33	4.655810e-01	2.863024e-01	2.331705e+00
34	4.830600e-01	4.787566e-01	1.126038e+00
35	6.256287e-01	5.317658e-01	2.235955e+00
36	6.485471e-01	7.321139e-01	2.805569e+00
37	3.598064e-01	4.467016e-01	2.555447e+00
38	4.889721e-01	5.183448e-01	2.559355e+00
39	4.914873e-01	4.893408e-01	1.895945e+00
40	4.768575e-01	5.612656e-01	1.282364e+00
41	4.804077e-01	5.312606e-01	2.750855e+00
42	4.849938e-01	5.174926e-01	2.412799e+00
43	4.757843e-01	5.202854e-01	2.557401e+00
44	4.770212e-01	3.816709e-01	1.648754e+00
45	4.890312e-01	5.226187e-01	1.721055e+00
46	4.927529e-01	4.884951e-01	2.588666e+00
47	4.707924e-01	5.153851e-01	1.525647e+00
48	4.828379e-01	5.164180e-01	2.751832e+00
49	5.707673e-01	6.537960e-01	2.625794e+00
50	4.698802e-01	4.539594e-01	1.663410e+00
51	4.840584e-01	5.266983e-01	2.560332e+00
52	4.886535e-01	5.126073e-01	1.696629e+00
53	4.869173e-01	5.215305e-01	1.506106e+00
54	4.891451e-01	5.283302e-01	2.675623e+00
55	4.456460e-01	5.490157e-01	2.497802e+00
56	3.947940e-01	6.800724e-01	1.031265e+00
57	4.564943e-01	6.036059e-01	2.361993e+00
58	4.691537e-01	5.647945e-01	1.866634e+00
59	7.437314e-01	7.833813e-01	2.930630e+00
60	5.851977e-01	8.447490e-01	1.503175e+00
61	4.592722e-01	5.363131e-01	2.449927e+00
62	4.892051e-01	5.285217e-01	2.831949e+00
63	4.599740e-01	5.547606e-01	2.317049e+00
64	4.578302e-01	5.650428e-01	2.353200e+00
65	4.806440e-01	5.243101e-01	2.575965e+00
66	4.735520e-01	5.152809e-01	2.922814e+00
67	4.873251e-01	4.697060e-01	2.289692e+00
68	4.046954e-01	4.362824e-01	2.766488e+00
69	5.099191e-01	3.287578e-01	1.522716e+00
70	5.376299e-01	5.174209e-01	2.769419e+00
71	4.830895e-01	5.210278e-01	1.110405e+00
72	4.501191e-01	5.569332e-01	1.412311e+00
73	7.397257e-01	4.548137e-01	1.951637e+00
74	4.499433e-01	3.441409e-01	1.449438e+00
75	2.357226e-01	5.048672e-01	2.176356e+00
76	4.710747e-01	4.594653e-01	1.212995e+00
77	4.434372e-01	5.017336e-01	1.872496e+00
78	4.968932e-01	4.701855e-01	1.606742e+00
79	5.002784e-01	3.881073e-01	1.183683e+00
80	4.741081e-01	5.261127e-01	2.736199e+00
81	4.854032e-01	5.272835e-01	1.617489e+00
82	4.938024e-01	5.494574e-01	2.456766e+00
83	4.384163e-01	4.064819e-01	1.406448e+00
84	5.511836e-01	4.925590e-01	2.453835e+00
85	4.919773e-01	5.183926e-01	2.712750e+00
86	4.789742e-01	5.284050e-01	2.877870e+00
87	5.276131e-01	7.674146e-01	1.533464e+00
88	5.408772e-01	6.076255e-01	2.169516e+00
89	5.795280e-01	2.535728e-01	2.483146e+00
90	4.884695e-01	4.993273e-01	1.538349e+00
91	4.907178e-01	5.251455e-01	1.117245e+00
92	4.867225e-01	5.067878e-01	2.709819e+00
93	5.380303e-01	4.794756e-01	2.929653e+00
94	4.396408e-01	5.421518e-01	2.125550e+00
95	3.755356e-01	3.895765e-01	2.148999e+00
96	4.852921e-01	5.090256e-01	1.206155e+00
97	7.684471e-01	4.279866e-01	2.689301e+00
98	4.772429e-01	5.274314e-01	1.997557e+00
99	4.979645e-01	5.424522e-01	1.753298e+00
100	4.897777e-01	5.306661e-01	1.491451e+00
101	4.848578e-01	5.240319e-01	2.381534e+00
102	5.045033e-01	5.996538e-01	1.837323e+00
103	5.305396e-01	4.671607e-01	2.723498e+00
104	4.641277e-01	4.153402e-01	1.216903e+00
105	4.477982e-01	5.586295e-01	1.385931e+00
106	1.425109e-01	4.357637e-01	1.094773e+00
107	4.824020e-01	4.818413e-01	1.887152e+00
108	2.729052e-01	5.586725e-01	1.869565e+00
109	2.746674e-01	4.077976e-01	2.657059e+00
110	5.072127e-01	4.861337e-01	1.905716e+00
111	4.351671e-01	5.067279e-01	2.319980e+00
112	1.449008e-01	3.521662e-01	1.549096e+00
113	7.321510e-01	3.845115e-01	1.155349e+00
114	4.923865e-01	4.689227e-01	1.261847e+00
115	5.242275e-01	5.579325e-01	1.308745e+00
116	5.308350e-02	2.739182e-01	1.148510e+00
117	4.827336e-01	5.709621e-01	1.865657e+00
118	4.814461e-01	5.270131e-01	2.988276e+00
119	4.104406e-01	4.432685e-01	1.479726e+00
120	4.910281e-01	5.725481e-01	2.095261e+00
121	4.962718e-01	4.882122e-01	2.442110e+00
122	6.819112e-01	7.008043e-01	1.070347e+00
123	4.061930e-01	4.317380e-01	1.417196e+00
124	4.806681e-01	5.304318e-01	2.817294e+00
125	5.397492e-01	8.777825e-01	1.164143e+00
126	4.954964e-01	4.886314e-01	2.738153e+00
127	3.180891e-01	2.725882e-01	2.338544e+00
128	7.006185e-01	7.639864e-01	1.282364e+00
129	4.899887e-01	5.166455e-01	2.676600e+00
130	7.000795e-01	7.633763e-01	2.443087e+00
131	8.505352e-01	6.329857e-02	2.375672e+00
132	2.391081e-01	4.192581e-01	1.220811e+00
133	2.146196e-01	4.968656e-01	2.407914e+00
134	4.782535e-01	5.241461e-01	2.277968e+00
135	4.804834e-01	5.259213e-01	2.409868e+00
136	4.475056e-01	4.931443e-01	2.083537e+00
137	4.770417e-01	5.154571e-01	2.286761e+00
138	2.132199e-01	5.184289e-01	1.194431e+00
139	4.876710e-01	5.297834e-01	2.818271e+00
140	4.806297e-01	4.898042e-01	2.827064e+00
141	4.835216e-01	4.869042e-01	1.684905e+00
142	4.889471e-01	4.998028e-01	1.999511e+00
143	4.795851e-01	5.644028e-01	1.956522e+00
144	4.100521e-01	4.442170e-01	2.323889e+00
145	5.074961e-01	4.901835e-01	2.501710e+00
146	3.051505e-01	4.648451e-01	2.395213e+00
147	4.709180e-01	5.134330e-01	2.719590e+00
148	4.842104e-01	5.267556e-01	2.937469e+00
149	4.868991e-01	6.040392e-01	2.803615e+00
150	3.760799e-01	3.982840e-01	1.794333e+00
151	4.787285e-01	5.250048e-01	2.611138e+00
152	5.192897e-01	5.534603e-01	1.724963e+00
153	4.930435e-01	5.247074e-01	1.983879e+00
154	4.768409e-01	5.247743e-01	2.181241e+00
155	4.521134e-01	4.898742e-01	1.295066e+00
156	4.589954e-01	3.774998e-01	1.970200e+00
157	5.107179e-01	5.253153e-01	2.387396e+00
158	4.298231e-01	5.310506e-01	2.386419e+00
159	4.234999e-01	3.518934e-01	2.647289e+00
160	4.878423e-01	5.187161e-01	1.686859e+00
161	5.066106e-01	5.002468e-01	1.553981e+00
162	4.781935e-01	5.129365e-01	1.764045e+00
163	4.810852e-01	2.981106e-01	1.632145e+00
164	4.842177e-01	5.265969e-01	1.235467e+00
165	4.842712e-01	5.177467e-01	2.251588e+00
166	5.027734e-01	5.100935e-01	1.751343e+00
167	4.152697e-01	5.405477e-01	1.715193e+00
168	4.824347e-01	5.224887e-01	2.109917e+00
169	5.030471e-01	4.850487e-01	2.137274e+00
170	4.769037e-01	5.164966e-01	2.099170e+00
171	4.804488e-01	5.264304e-01	2.057157e+00
172	4.305125e-01	5.277834e-01	2.246702e+00
173	4.584264e-01	4.788810e-01	1.894968e+00
174	4.365279e-01	5.038364e-01	2.453835e+00
175	4.912928e-01	4.793163e-01	2.834880e+00
176	5.305980e-01	5.082231e-01	2.215437e+00
177	4.899902e-01	5.078565e-01	2.153884e+00
178	4.898761e-01	5.167968e-01	2.475330e+00
179	5.762556e-01	6.536391e-01	1.274548e+00
180	5.175256e-01	4.805758e-01	2.127504e+00
181	4.908386e-01	5.262484e-01	1.790425e+00
182	7.431434e-01	6.648135e-01	1.736688e+00
183	4.659043e-01	6.231582e-01	1.692721e+00
184	4.745148e-01	5.324696e-01	2.042501e+00
185	4.589615e-01	6.199068e-01	1.468979e+00
186	4.311778e-01	5.288537e-01	1.784563e+00
187	9.450181e-01	8.459090e-01	2.653151e+00
188	4.572256e-01	5.641318e-01	1.839277e+00
189	4.837066e-01	5.327657e-01	1.175867e+00
190	4.858523e-01	5.152828e-01	2.807523e+00
191	6.706838e-01	3.605575e-01	2.811431e+00
192	5.292528e-01	5.376748e-01	1.192477e+00
193	1.532282e-01	5.170687e-01	1.620420e+00
194	1.718360e-01	5.568573e-01	2.624817e+00
195	4.845059e-01	5.213944e-01	2.806546e+00
196	5.654448e-01	3.783216e-01	1.763068e+00
197	2.796821e-01	1.417802e-01	2.060088e+00
198	3.310887e-01	6.386211e-01	2.458720e+00
199	4.629285e-01	5.650879e-01	2.463605e+00
200	2.689275e-01	3.068581e-01	1.141671e+00
201	4.791904e-01	5.176659e-01	1.146556e+00
202	4.731954e-01	5.476580e-01	1.395701e+00
203	4.658273e-01	5.333359e-01	1.755252e+00
204	4.505541e-01	5.543460e-01	2.901319e+00
205	4.475403e-01	6.173819e-01	2.123596e+00
206	2.837639e-01	3.189287e-01	1.652662e+00
207	4.694039e-01	5.664872e-01	1.199316e+00
208	4.836159e-01	4.768561e-01	2.170493e+00
209	5.852227e-01	6.668714e-01	2.733268e+00
210	4.020218e-01	3.663928e-01	1.545188e+00
211	5.153883e-01	5.244562e-01	1.376160e+00
212	4.921959e-01	5.227024e-01	1.621397e+00
213	4.946070e-01	5.287922e-01	1.883244e+00
214	4.892304e-01	5.340823e-01	1.612604e+00
215	5.062507e-01	5.428608e-01	2.909135e+00
216	4.885106e-01	5.067704e-01	1.354665e+00
217	4.906001e-01	5.280154e-01	2.770396e+00
218	3.074604e-01	4.501788e-01	2.148999e+00
219	4.823321e-01	4.692626e-01	2.624817e+00
220	4.476274e-01	5.280164e-01	2.697118e+00
221	4.319423e-01	5.300758e-01	1.938935e+00
222	7.755048e-01	4.937800e-01	1.854910e+00
223	5.409842e-01	6.057331e-01	2.625794e+00
224	4.653560e-01	4.221254e-01	2.984367e+00
225	4.818585e-01	4.987368e-01	2.693210e+00
226	4.859768e-01	5.188202e-01	2.276014e+00
227	4.905605e-01	5.274986e-01	1.245237e+00
228	4.896619e-01	5.163771e-01	1.489497e+00
229	4.947341e-01	5.227841e-01	2.305325e+00
230	4.793196e-01	5.338910e-01	2.689301e+00
231	4.380687e-01	5.453572e-01	1.346849e+00
232	4.415876e-01	5.486628e-01	2.447973e+00
233	4.497405e-01	4.901236e-01	1.591109e+00
234	2.281575e-01	5.420298e-01	1.931119e+00
235	4.813609e-01	5.292624e-01	2.687347e+00
236	4.836983e-01	5.272375e-01	2.787982e+00
237	4.910507e-01	4.915499e-01	1.510015e+00
238	4.556782e-01	5.541083e-01	2.193942e+00
239	4.516902e-01	5.621970e-01	2.918906e+00
240	4.875319e-01	4.705249e-01	1.734734e+00
241	5.179230e-01	5.631146e-01	1.119199e+00
242	5.406565e-01	5.295325e-01	1.631168e+00
243	4.102378e-01	4.550933e-01	1.258915e+00
244	5.055436e-01	4.728360e-01	2.458720e+00
245	4.644964e-01	5.106511e-01	2.134343e+00
246	4.843881e-01	5.192126e-01	2.662921e+00
247	5.022834e-01	4.734928e-01	2.924768e+00
248	3.740076e-01	4.492892e-01	2.983390e+00
249	6.936773e-01	4.892725e-02	2.305325e+00
250	6.838200e-01	2.052893e-01	2.763556e+00
251	6.568977e-01	1.113218e-01	2.374695e+00
252	5.162368e-01	5.206049e-01	1.703468e+00
253	3.754854e-01	3.986847e-01	1.246214e+00
254	5.828672e-01	3.365755e-01	2.925745e+00
255	4.895526e-01	5.195888e-01	1.857841e+00
256	4.885611e-01	5.052884e-01	2.601368e+00
257	4.820667e-01	5.729254e-01	2.413776e+00
258	5.030766e-01	5.205643e-01	2.569126e+00
259	1.859460e-01	5.354824e-01	1.865657e+00
260	4.851742e-01	5.206260e-01	2.574988e+00
261	4.953104e-01	4.821695e-01	1.598925e+00
262	6.935908e-01	5.319706e-01	2.264289e+00
263	5.590038e-01	4.924844e-01	1.176844e+00
264	5.163279e-01	4.243241e-01	1.061553e+00
265	4.844353e-01	5.218484e-01	2.526136e+00
266	4.890535e-01	5.293206e-01	1.928188e+00
267	5.100663e-01	4.758808e-01	2.006351e+00
268	4.961299e-01	4.718965e-01	1.041036e+00
269	4.520767e-01	5.000623e-01	1.793356e+00
270	4.525790e-01	5.915913e-01	1.860772e+00
271	4.857395e-01	5.157259e-01	1.389839e+00
272	4.782408e-01	5.301052e-01	1.052760e+00
273	4.524398e-01	5.929887e-01	1.156326e+00
274	5.302188e-01	6.240129e-01	1.981925e+00
275	7.256530e-01	7.602132e-01	2.256473e+00
276	4.973765e-01	5.687123e-01	2.368832e+00
277	4.974360e-01	5.211532e-01	2.024915e+00
278	6.983402e-01	7.476345e-01	1.266732e+00
279	5.139541e-01	4.817256e-01	1.348803e+00
280	5.083816e-01	6.096123e-01	2.472399e+00
281	6.057384e-01	4.643892e-01	2.288715e+00
282	5.030107e-01	4.858630e-01	2.745970e+00
283	4.762254e-01	5.620169e-01	2.490962e+00
284	5.237291e-01	6.162583e-01	2.515388e+00
285	5.713435e-01	6.880452e-01	1.545188e+00
286	4.871999e-01	5.258875e-01	2.662921e+00
287	4.889780e-01	4.793604e-01	2.264289e+00
288	4.715392e-01	4.927889e-01	2.905227e+00
289	5.366742e-01	5.855889e-01	1.058622e+00
290	4.459075e-01	5.216739e-01	2.152907e+00
291	7.395157e-01	8.822981e-02	2.784074e+00
292	4.762078e-01	5.276385e-01	2.445042e+00
293	2.188087e-01	3.520003e-01	2.852467e+00
294	5.023724e-01	4.813031e-01	2.070835e+00
295	4.191054e-01	4.414957e-01	1.406448e+00
296	4.147892e-01	8.102462e-01	1.751343e+00
297	5.152282e-01	5.266598e-01	2.077675e+00
298	2.152114e-01	4.102514e-01	1.601856e+00
299	4.833362e-01	5.311354e-01	2.048363e+00
300	5.335201e-01	5.876275e-01	2.781143e+00
301	4.851609e-01	5.233492e-01	2.779189e+00
302	4.663277e-01	5.628602e-01	2.617978e+00
303	4.160501e-01	6.204505e-01	1.698583e+00
304	2.230464e-01	3.918549e-01	1.948705e+00
305	4.842483e-01	5.179381e-01	1.416219e+00
306	3.658287e-01	2.374231e-01	1.745481e+00
307	4.903593e-01	4.794734e-01	2.291646e+00
308	2.994561e-02	3.893789e-01	1.868588e+00
309	4.778793e-01	5.226718e-01	2.511480e+00
310	4.846571e-01	4.811209e-01	2.596483e+00
311	4.892125e-01	5.226549e-01	2.855398e+00
312	5.018650e-01	5.713071e-01	1.312653e+00
313	4.487124e-01	6.004724e-01	1.787494e+00
314	4.859242e-01	5.179084e-01	2.252565e+00
315	4.884520e-01	4.803319e-01	1.978017e+00
316	4.458562e-01	5.043730e-01	2.965804e+00
317	4.864920e-01	5.127615e-01	2.221299e+00
318	6.578749e-01	3.775246e-01	1.701514e+00
319	4.848834e-01	5.382308e-01	1.135809e+00
320	5.089432e-01	5.690636e-01	2.997069e+00
321	7.095027e-01	4.629242e-02	2.470445e+00
322	5.399440e-01	6.082167e-01	2.362970e+00
323	4.867731e-01	5.238773e-01	2.553493e+00
324	4.494815e-01	4.932077e-01	1.347826e+00
325	1.735301e-01	5.489948e-02	2.896434e+00
326	4.955246e-01	5.234468e-01	1.857841e+00
327	5.577013e-01	5.312049e-01	1.669272e+00
328	4.882242e-01	5.245507e-01	1.726917e+00
329	4.843590e-01	5.290416e-01	2.604299e+00
330	4.541707e-01	4.838489e-01	2.089399e+00
331	4.313796e-01	5.210237e-01	1.552027e+00
332	4.814522e-01	5.213143e-01	1.769907e+00
333	4.917529e-01	4.734368e-01	1.382022e+00
334	4.467242e-01	6.045624e-01	2.510503e+00
335	4.345235e-01	5.153662e-01	1.640938e+00
336	4.913349e-01	5.002734e-01	2.933561e+00
337	4.569620e-01	4.846923e-01	1.033219e+00
338	5.069617e-01	5.264263e-01	1.408403e+00
339	4.782012e-01	5.273232e-01	2.767465e+00
340	4.842038e-01	5.179804e-01	1.526624e+00
341	4.543500e-01	5.901871e-01	1.456277e+00
342	4.800485e-01	5.229518e-01	1.054714e+00
343	5.397907e-01	4.798838e-01	2.601368e+00
344	5.286324e-01	6.298760e-01	2.193942e+00
345	8.131097e-01	1.754117e-01	2.321935e+00
346	4.645173e-01	5.665935e-01	1.564729e+00
347	4.859767e-01	5.260895e-01	1.679043e+00
348	5.722052e-01	6.574915e-01	2.034685e+00
349	4.818004e-01	5.241625e-01	2.564240e+00
350	3.849517e-01	3.196611e-01	2.311187e+00
351	5.503471e-01	4.775375e-01	1.297997e+00
352	4.822039e-01	5.230849e-01	2.873962e+00
353	5.986410e-01	4.281965e-01	2.202736e+00
354	4.841202e-01	5.151919e-01	2.653151e+00
355	3.683768e-01	2.578790e-01	2.461651e+00
356	4.897951e-01	5.068325e-01	1.679043e+00
357	4.942301e-01	5.401189e-01	2.991207e+00
358	4.501195e-01	5.612910e-01	2.857352e+00
359	4.792785e-01	4.953738e-01	1.913532e+00
360	3.553948e-01	3.733980e-01	1.216903e+00
361	2.764405e-01	7.614045e-01	1.214949e+00
362	4.039453e-01	4.375556e-01	1.005862e+00
363	4.959154e-01	5.716471e-01	2.227162e+00
364	4.968821e-01	5.131309e-01	1.723009e+00
365	4.180531e-01	8.706672e-01	1.491451e+00
366	6.066672e-01	5.280886e-01	1.692721e+00
367	4.735776e-01	4.983363e-01	1.154372e+00
368	4.813163e-01	5.292727e-01	1.851001e+00
369	4.798695e-01	5.319786e-01	2.418661e+00
370	4.785996e-01	5.148173e-01	1.874450e+00
371	4.868896e-01	5.174495e-01	1.591109e+00
372	4.576348e-01	5.155082e-01	2.199805e+00
373	6.822772e-01	6.890738e-01	2.208598e+00
374	4.808168e-01	4.699050e-01	1.322423e+00
375	4.286094e-01	6.075162e-01	2.361016e+00
376	4.578264e-01	5.257994e-01	1.815828e+00
377	4.838674e-01	5.264940e-01	1.328285e+00
378	4.797844e-01	5.283023e-01	1.883244e+00
379	8.384917e-01	9.337844e-01	1.599902e+00
380	5.885118e-01	3.166740e-01	2.343429e+00
381	5.192585e-01	4.822829e-01	1.835369e+00
382	1.383901e-01	8.611491e-01	1.065462e+00
383	3.555720e-01	5.400313e-01	1.698583e+00
384	5.643021e-01	5.654709e-01	2.761602e+00
385	7.227377e-01	3.708133e-01	1.961407e+00
386	5.578693e-01	5.294955e-01	2.449927e+00
387	4.405730e-01	5.505084e-01	2.669761e+00
388	5.167175e-01	5.491384e-01	2.597460e+00
389	4.910878e-01	4.867887e-01	2.960918e+00
390	4.900265e-01	4.805243e-01	1.655594e+00
391	4.889408e-01	5.425481e-01	2.572057e+00
392	4.911915e-01	5.072180e-01	1.234489e+00
393	4.319653e-01	5.274147e-01	1.607719e+00
394	4.937052e-01	5.271108e-01	2.643381e+00
395	3.329012e-01	8.041832e-01	1.233512e+00
396	1.542700e-01	3.348040e-01	2.058134e+00
397	7.344195e-01	5.501891e-01	1.083048e+00
398	2.068134e-01	3.542726e-01	2.453835e+00
399	5.059952e-01	5.162249e-01	2.169516e+00
400	4.829886e-01	5.083336e-01	1.634099e+00
401	6.225987e-01	4.265442e-01	1.314607e+00
402	4.525768e-01	5.639650e-01	2.292623e+00
403	3.443390e-01	3.664001e-01	1.759160e+00
404	4.738449e-01	5.086827e-01	2.942355e+00
405	5.094765e-01	4.482982e-01	1.358574e+00
406	4.527304e-01	5.643084e-01	1.474841e+00
407	3.319910e-01	1.474808e-01	2.850513e+00
408	3.891803e-01	5.374675e-01	2.543723e+00
409	4.856640e-01	4.928252e-01	1.170005e+00
410	4.768244e-01	4.670588e-01	2.011236e+00
411	5.076475e-01	5.251856e-01	2.982413e+00
412	9.939605e-02	4.340364e-01	1.578407e+00
413	5.124751e-01	4.382992e-01	2.904250e+00
414	4.879130e-01	5.050950e-01	2.948217e+00
415	4.867908e-01	5.278078e-01	1.856864e+00
416	4.838504e-01	5.453102e-01	1.780655e+00
417	4.795986e-01	5.243906e-01	1.223742e+00
418	5.085439e-01	5.443886e-01	2.928676e+00
419	4.714669e-01	5.123838e-01	1.055691e+00
420	5.056266e-01	5.432997e-01	2.823156e+00
421	4.849519e-01	5.211632e-01	2.886663e+00
422	4.897873e-01	5.327478e-01	1.391793e+00
423	6.199863e-01	3.931279e-01	1.467025e+00
424	4.912725e-01	4.751806e-01	1.512946e+00
425	3.313493e-01	1.764464e-01	1.960430e+00
426	3.267332e-01	1.791219e-01	2.254519e+00
427	5.418640e-01	6.057789e-01	2.899365e+00
428	4.376591e-01	5.283349e-01	1.247191e+00
429	4.818944e-01	5.264857e-01	1.802149e+00
430	4.808288e-01	5.293970e-01	1.663410e+00
431	5.358320e-01	6.046884e-01	2.556424e+00
432	3.252091e-01	1.658724e-01	2.947240e+00
433	4.785131e-01	5.256774e-01	2.475330e+00
434	4.539264e-01	4.882039e-01	2.923791e+00
435	4.125673e-01	5.014135e-01	2.906204e+00
436	4.630755e-02	9.126638e-01	2.668784e+00
437	4.836631e-01	4.773636e-01	2.476307e+00
438	4.732133e-01	5.141809e-01	2.065950e+00
439	4.851262e-01	5.229215e-01	1.983879e+00
440	4.703816e-01	4.844570e-01	1.637030e+00
441	3.356653e-01	5.564871e-01	1.338056e+00
442	4.874578e-01	5.739104e-01	2.406937e+00
443	1.805416e-01	5.588625e-01	1.422081e+00
444	4.876983e-01	4.997499e-01	2.956033e+00
445	4.899875e-01	5.171215e-01	2.601368e+00
446	5.269350e-01	3.834709e-01	1.846116e+00
447	4.828470e-01	5.217059e-01	1.264778e+00
448	4.859056e-01	4.570453e-01	1.119199e+00
449	4.838836e-01	5.454854e-01	1.956522e+00
450	2.006406e-01	3.431737e-01	2.971666e+00
451	4.761157e-01	5.268915e-01	2.149976e+00
452	4.575865e-01	5.155853e-01	1.574499e+00
453	5.613415e-01	3.453672e-01	1.775769e+00
454	9.401943e-01	6.465622e-01	1.542257e+00
455	5.026861e-01	4.717625e-01	2.984367e+00
456	4.967404e-01	4.695018e-01	1.577430e+00
457	4.638753e-01	5.250539e-01	2.955056e+00
458	4.373014e-01	5.060581e-01	2.865169e+00
459	4.505367e-01	4.500276e-01	1.672203e+00
460	6.973607e-01	7.520323e-01	1.198339e+00
461	5.537822e-01	6.799426e-01	2.513434e+00
462	5.417670e-01	3.385222e-01	1.853933e+00
463	4.765281e-01	4.727339e-01	2.858329e+00
464	5.572256e-01	5.294966e-01	1.574499e+00
465	4.978162e-01	5.285213e-01	1.432829e+00
466	4.744823e-01	5.230506e-01	1.500244e+00
467	4.291002e-01	6.655200e-01	1.323400e+00
468	4.772543e-01	5.293116e-01	2.147044e+00
469	5.064333e-01	5.439772e-01	2.698095e+00
470	4.923103e-01	5.261805e-01	1.364436e+00
471	4.828546e-01	4.233959e-01	2.076698e+00
472	4.806516e-01	5.282711e-01	2.011236e+00
473	5.874636e-01	7.708375e-01	1.215926e+00
474	4.810308e-01	5.152235e-01	2.299463e+00
475	4.512183e-01	4.986998e-01	1.683928e+00
476	4.759733e-01	5.250528e-01	2.081583e+00
477	4.626665e-01	4.811672e-01	2.350269e+00
478	2.499442e-01	2.238703e-01	2.728383e+00
479	4.621713e-01	4.743750e-01	1.194431e+00
480	4.031632e-01	4.385981e-01	2.515388e+00
481	2.749228e-01	7.400106e-01	1.865657e+00
482	6.142015e-01	6.487325e-01	1.802149e+00
483	4.787084e-01	5.171533e-01	1.367367e+00
484	4.863091e-01	4.948701e-01	1.148510e+00
485	5.874678e-01	7.708397e-01	2.427455e+00
486	4.974193e-01	4.886229e-01	2.196873e+00
487	4.496029e-01	4.958405e-01	2.386419e+00
488	4.932396e-01	5.564315e-01	1.294089e+00
489	4.579392e-01	5.349507e-01	1.687836e+00
490	4.967545e-01	5.288951e-01	1.146556e+00
491	3.271550e-01	6.053710e-01	1.597948e+00
492	5.149041e-01	5.304708e-01	2.412799e+00
493	4.691551e-01	5.841519e-01	1.227650e+00
494	4.012170e-01	4.354772e-01	2.522228e+00
495	4.803677e-01	5.257824e-01	1.437714e+00
496	4.604942e-01	5.657313e-01	1.523693e+00
497	4.395791e-01	4.848283e-01	1.221788e+00
498	5.077801e-01	5.849314e-01	1.652662e+00
499	3.974165e-01	4.306966e-01	1.269663e+00
500	4.939086e-01	5.271880e-01	2.967758e+00
501	4.745743e-01	5.238649e-01	2.546654e+00
502	6.677375e-01	5.227120e-01	1.818759e+00
503	4.818973e-01	5.557149e-01	1.919394e+00
504	4.907163e-01	5.274731e-01	2.563263e+00
505	4.510858e-01	3.852708e-01	1.451392e+00
506	5.135499e-01	5.166170e-01	1.718124e+00
507	4.831584e-01	5.241200e-01	1.207132e+00
508	4.884797e-01	5.062420e-01	1.236444e+00
509	4.362067e-01	5.289114e-01	2.622863e+00
510	5.641733e-01	5.298859e-01	2.549585e+00
511	4.937417e-01	5.274128e-01	2.966781e+00
512	4.309544e-01	4.939613e-01	2.395213e+00
513	4.409457e-01	5.047522e-01	1.534441e+00
514	4.839058e-01	6.723864e-01	1.550073e+00
515	4.732714e-01	5.438050e-01	1.610650e+00
516	3.476302e-01	6.299825e-01	1.612604e+00
517	4.837274e-01	5.345727e-01	1.086957e+00
518	3.067116e-01	4.506432e-01	2.282853e+00
519	1.107539e-01	7.070056e-02	1.573522e+00
520	5.154265e-01	5.509764e-01	2.497802e+00
521	4.870277e-01	5.267028e-01	1.752320e+00
522	3.208085e-01	2.283059e-01	1.589155e+00
523	4.976886e-01	5.621737e-01	1.209086e+00
524	4.520970e-01	5.499825e-01	2.755740e+00
525	4.121922e-01	5.271819e-01	1.499267e+00
526	4.857264e-01	5.282176e-01	1.014656e+00
527	5.589748e-01	8.407107e-01	2.891549e+00
528	4.820994e-01	5.292350e-01	2.478261e+00
529	2.674901e-01	4.042297e-01	1.898876e+00
530	4.913524e-01	5.253444e-01	1.188569e+00
531	4.842767e-01	5.176656e-01	2.785051e+00
532	4.865533e-01	5.157816e-01	2.945286e+00
533	4.660224e-01	5.308606e-01	2.458720e+00
534	4.649084e-01	5.100988e-01	2.673669e+00
535	4.701110e-01	5.314011e-01	1.399609e+00
536	4.779529e-01	4.745363e-01	2.604299e+00
537	4.924980e-01	5.213051e-01	1.529555e+00
538	4.842567e-01	5.263129e-01	2.823156e+00
539	5.220894e-01	5.669853e-01	2.826087e+00
540	4.799730e-01	5.510069e-01	2.844651e+00
541	5.346588e-01	5.077760e-01	2.290669e+00
542	4.757009e-01	4.691961e-01	2.570103e+00
543	4.718726e-01	4.761885e-01	2.396190e+00
544	5.234727e-01	5.312587e-01	1.318515e+00
545	4.463133e-01	4.943824e-01	2.605276e+00
546	2.974350e-01	3.793586e-01	2.683439e+00
547	6.051606e-01	5.669359e-01	1.587201e+00
548	4.393413e-01	4.312896e-01	1.375183e+00
549	4.916271e-01	5.267301e-01	2.298486e+00
550	5.705912e-01	6.526462e-01	1.285296e+00
551	4.786315e-01	5.170580e-01	2.983390e+00
552	7.758391e-01	5.998581e-01	1.195408e+00
553	4.888143e-01	5.026610e-01	2.414753e+00
554	6.250847e-01	4.267943e-01	1.843185e+00
555	5.706279e-01	5.310520e-01	2.396190e+00
556	2.056438e-01	5.120152e-01	3.000000e+00
557	4.836820e-01	4.881054e-01	2.728383e+00
558	1.446942e-01	4.470502e-01	1.133854e+00
559	4.767123e-01	5.279145e-01	1.944797e+00
560	4.657990e-01	5.083542e-01	2.883732e+00
561	5.427233e-01	3.385155e-01	2.383488e+00
562	4.146135e-01	5.391982e-01	2.506595e+00
563	4.725966e-01	5.571525e-01	1.786517e+00
564	5.494141e-01	5.296894e-01	2.893503e+00
565	4.741218e-01	5.244292e-01	2.981436e+00
566	5.051710e-01	6.001226e-01	2.663898e+00
567	4.376447e-01	5.480713e-01	2.227162e+00
568	4.781338e-01	5.237401e-01	1.527601e+00
569	4.583933e-01	4.820282e-01	2.610161e+00
570	2.766106e-01	6.582033e-01	1.058622e+00
571	4.924864e-01	4.792947e-01	2.782120e+00
572	3.414961e-01	8.682873e-01	1.518808e+00
573	4.805423e-01	5.069242e-01	2.109917e+00
574	4.908509e-01	4.780597e-01	2.074744e+00
575	4.841368e-01	5.457474e-01	2.319003e+00
576	5.203545e-01	5.805148e-01	1.290181e+00
577	4.702788e-01	4.800400e-01	1.286273e+00
578	5.076604e-01	4.768354e-01	1.881290e+00
579	4.800887e-01	5.253384e-01	1.664387e+00
580	1.747391e-01	9.808141e-01	1.242306e+00
581	5.313427e-01	5.249776e-01	1.927211e+00
582	4.772223e-01	5.290462e-01	2.820225e+00
583	3.723292e-01	2.983270e-01	2.792868e+00
584	4.425315e-01	5.561889e-01	1.201270e+00
585	4.814455e-01	5.428468e-01	1.898876e+00
586	4.844937e-01	5.337766e-01	1.782609e+00
587	4.603517e-01	5.559633e-01	1.561798e+00
588	4.848414e-01	5.278383e-01	2.282853e+00
589	4.949613e-01	4.688587e-01	2.210552e+00
590	4.390415e-01	5.399796e-01	1.020518e+00
591	4.799035e-01	5.495884e-01	1.784563e+00
592	4.865409e-01	5.153953e-01	1.275525e+00
593	4.541088e-01	4.998071e-01	1.212995e+00
594	4.605968e-01	5.687621e-01	2.964827e+00
595	4.879300e-01	5.223959e-01	2.079629e+00
596	3.716118e-01	6.063456e-01	1.187592e+00
597	4.675418e-01	4.713198e-01	1.258915e+00
598	4.732551e-01	5.692418e-01	1.999511e+00
599	4.844733e-01	5.214176e-01	1.264778e+00
600	4.920102e-01	4.694047e-01	1.110405e+00
601	5.501935e-01	6.200407e-01	1.107474e+00
602	6.006408e-01	3.949245e-01	1.070347e+00
603	4.765157e-01	5.196855e-01	2.400098e+00
604	4.569728e-01	4.851620e-01	2.871031e+00
605	4.739099e-01	5.247274e-01	2.739130e+00
606	4.501052e-01	5.115757e-01	2.061065e+00
607	6.578687e-01	6.642647e-01	1.073278e+00
608	4.387373e-01	5.500694e-01	2.799707e+00
609	4.697316e-01	5.666395e-01	2.010259e+00
610	4.885422e-01	5.210636e-01	1.700537e+00
611	4.915140e-01	4.931325e-01	1.339033e+00
612	1.936691e-01	5.276317e-01	2.227162e+00
613	1.803529e-01	4.390237e-01	2.482169e+00
614	4.477890e-01	4.995840e-01	2.958964e+00
615	4.512211e-01	4.985019e-01	1.443576e+00
616	4.468040e-01	5.243217e-01	2.381534e+00
617	2.784433e-01	4.285458e-01	1.971177e+00
618	4.897423e-01	5.072126e-01	2.960918e+00
619	2.110548e-01	2.145024e-02	1.812897e+00
620	6.055643e-01	5.877647e-01	1.170982e+00
621	4.664474e-01	4.715099e-01	1.277479e+00
622	3.838604e-01	6.204051e-01	1.176844e+00
623	2.785593e-01	3.907425e-01	1.636053e+00
624	4.655539e-01	5.640949e-01	2.336590e+00
625	5.307221e-01	5.043353e-01	1.343918e+00
626	4.851225e-01	4.880688e-01	1.905716e+00
627	4.995908e-01	5.317195e-01	1.784563e+00
628	4.951950e-01	4.870657e-01	2.063996e+00
629	4.753084e-01	5.212333e-01	2.497802e+00
630	1.966650e-01	5.126666e-01	2.870054e+00
631	4.776548e-01	4.677956e-01	1.729849e+00
632	4.364194e-01	3.928974e-01	2.290669e+00
633	4.844314e-01	5.253142e-01	2.841720e+00
634	4.847972e-01	5.212803e-01	2.195896e+00
635	5.059585e-01	5.997869e-01	1.601856e+00
636	4.678043e-01	4.835719e-01	2.449927e+00
637	4.705026e-01	5.144624e-01	1.462140e+00
638	4.855029e-01	5.251137e-01	2.041524e+00
639	4.839587e-01	5.272294e-01	2.061065e+00
640	5.212534e-01	7.229388e-01	2.130435e+00
641	3.578798e-01	7.178930e-01	2.205667e+00
642	4.746578e-01	5.281314e-01	2.184172e+00
643	5.133147e-01	5.263647e-01	2.747924e+00
644	3.835272e-01	5.785713e-01	2.909135e+00
645	4.827378e-01	5.341627e-01	2.777235e+00
646	5.049368e-01	4.729319e-01	1.295066e+00
647	5.354870e-01	5.288977e-01	1.050806e+00
648	4.455874e-01	6.042099e-01	1.191500e+00
649	4.837053e-01	5.226173e-01	1.198339e+00
650	4.440397e-01	5.262386e-01	2.656082e+00
651	4.754648e-01	4.722002e-01	1.692721e+00
652	3.472490e-01	7.343384e-01	2.330728e+00
653	4.915701e-01	4.795552e-01	1.906693e+00
654	5.201055e-01	5.016975e-01	2.192965e+00
655	4.905150e-01	5.235447e-01	1.200293e+00
656	4.761126e-01	5.198650e-01	2.361016e+00
657	3.933950e-01	4.418895e-01	2.080606e+00
658	4.748051e-01	5.232328e-01	2.017098e+00
659	4.365092e-01	5.308136e-01	2.191011e+00
660	3.330248e-01	1.502104e-01	1.667318e+00
661	3.937266e-01	4.411211e-01	2.229116e+00
662	3.420636e-01	5.015055e-01	1.188569e+00
663	4.468393e-01	4.953482e-01	2.714704e+00
664	4.626602e-01	5.440204e-01	1.979971e+00
665	4.032936e-01	5.797517e-01	2.954079e+00
666	5.018305e-01	5.419225e-02	1.803127e+00
667	4.732459e-01	4.709747e-01	1.039082e+00
668	5.539096e-02	5.660493e-01	1.893014e+00
669	5.401579e-01	6.064349e-01	1.778701e+00
670	1.697138e-01	9.315198e-01	1.807035e+00
671	4.925608e-01	4.674420e-01	1.102589e+00
672	3.331612e-01	5.147877e-01	1.879336e+00
673	5.300428e-01	5.403335e-01	1.984856e+00
674	4.840822e-01	5.264753e-01	2.238886e+00
675	4.782453e-01	5.655284e-01	2.868100e+00
676	4.921040e-01	5.333529e-01	2.748901e+00
677	3.774351e-01	4.347715e-01	1.578407e+00
678	4.805990e-01	5.635575e-01	1.621397e+00
679	4.822815e-01	5.173868e-01	2.657059e+00
680	5.072990e-01	4.950037e-01	2.404983e+00
681	5.249066e-01	5.865385e-01	2.272106e+00
682	4.482780e-01	5.506609e-01	1.463117e+00
683	4.786387e-01	5.254487e-01	2.316072e+00
684	4.743923e-01	5.270419e-01	2.334636e+00
685	4.996638e-01	5.248529e-01	1.365413e+00
686	3.852220e-01	5.901615e-01	2.105032e+00
687	4.381702e-01	5.566541e-01	1.339033e+00
688	4.685054e-01	5.328393e-01	2.932584e+00
689	4.812050e-01	5.149641e-01	2.378603e+00
690	4.899967e-01	5.236015e-01	1.833415e+00
691	2.074088e-01	5.036966e-01	1.663410e+00
692	5.223695e-01	5.270023e-01	2.251588e+00
693	3.918625e-01	5.886264e-01	1.766976e+00
694	3.244585e-01	2.935390e-01	1.575476e+00
695	3.189764e-01	7.893020e-01	2.771373e+00
696	4.768461e-01	5.206986e-01	2.787005e+00
697	4.847474e-01	5.348384e-01	1.959453e+00
698	4.834491e-01	4.708734e-01	2.187103e+00
699	4.850916e-01	5.209622e-01	2.430386e+00
700	5.091811e-01	4.417212e-01	2.679531e+00
701	4.694368e-01	4.982250e-01	2.191988e+00
702	5.108398e-01	4.425974e-01	2.945286e+00
703	4.902894e-01	5.277584e-01	2.793845e+00
704	4.664096e-01	4.936856e-01	2.132389e+00
705	4.053571e-01	3.258475e-01	1.627259e+00
706	4.882447e-01	5.318137e-01	1.623351e+00
707	5.142324e-01	5.399141e-01	2.772350e+00
708	4.769511e-01	5.277211e-01	1.552027e+00
709	7.321731e-01	4.886583e-01	1.180752e+00
710	4.588557e-01	5.673955e-01	1.632145e+00
711	1.013495e-01	1.353662e-01	1.680997e+00
712	5.773341e-01	6.604126e-01	2.828041e+00
713	7.356718e-01	4.026720e-01	1.703468e+00
714	5.484967e-01	4.688421e-01	1.471910e+00
715	5.138623e-01	4.921858e-01	2.368832e+00
716	4.846754e-01	5.232407e-01	1.961407e+00
717	4.848630e-01	5.208152e-01	1.756229e+00
718	4.355862e-01	5.460072e-01	2.987298e+00
719	4.748653e-01	5.231812e-01	2.332682e+00
720	4.917567e-01	5.269939e-01	1.097704e+00
721	4.793805e-01	6.507095e-01	1.954568e+00
722	4.862925e-01	5.224623e-01	1.704446e+00
723	4.840937e-01	5.273099e-01	1.853933e+00
724	5.115322e-01	4.401908e-01	2.829995e+00
725	5.260239e-01	5.559667e-01	2.232047e+00
726	4.661690e-01	5.449951e-01	2.587689e+00
727	7.618949e-01	5.083627e-01	2.698095e+00
728	4.888474e-01	7.119249e-01	1.896922e+00
729	4.816275e-01	4.459038e-01	1.212995e+00
730	6.583961e-01	5.196594e-01	1.502198e+00
731	4.837861e-01	5.313825e-01	2.614069e+00
732	4.036729e-01	4.378530e-01	2.880801e+00
733	4.896505e-01	5.298048e-01	1.956522e+00
734	5.135054e-01	4.379570e-01	2.745970e+00
735	1.487607e-01	9.497380e-01	1.179775e+00
736	4.765205e-01	5.176395e-01	1.935027e+00
737	4.737520e-01	5.296330e-01	1.975085e+00
738	5.025539e-01	4.744082e-01	1.067416e+00
739	4.764495e-01	5.159645e-01	2.024915e+00
740	3.233166e-01	2.950831e-01	2.810454e+00
741	4.888530e-01	5.244496e-01	2.428432e+00
742	5.159273e-01	5.518653e-01	1.957499e+00
743	4.278192e-01	6.518403e-01	2.306302e+00
744	4.884561e-01	5.247354e-01	2.557401e+00
745	4.624702e-01	5.588417e-01	1.243283e+00
746	5.185436e-01	5.536353e-01	2.429409e+00
747	4.910611e-01	5.240247e-01	2.523205e+00
748	5.101985e-01	8.091215e-01	2.842697e+00
749	4.853659e-01	5.209928e-01	2.247680e+00
750	4.419420e-01	5.415525e-01	2.000489e+00
751	4.886227e-01	5.289330e-01	2.446019e+00
752	4.838662e-01	5.148854e-01	2.360039e+00
753	6.240877e-01	5.996613e-01	2.567171e+00
754	4.942219e-01	5.270900e-01	2.415730e+00
755	5.212481e-01	5.324410e-01	1.989741e+00
756	4.942790e-01	5.226712e-01	2.908158e+00
757	5.589192e-01	3.283435e-01	2.731314e+00
758	4.838385e-01	5.283650e-01	2.544700e+00
759	4.854221e-01	5.252198e-01	2.890572e+00
760	4.812320e-01	5.228214e-01	1.654617e+00
761	4.892435e-01	5.165105e-01	1.008793e+00
762	4.654001e-01	5.469013e-01	1.260870e+00
763	5.174827e-01	5.672103e-01	1.347826e+00
764	4.791815e-01	5.152694e-01	1.325354e+00
765	4.893007e-01	5.299713e-01	1.420127e+00
766	3.744566e-01	7.182067e-01	2.845628e+00
767	4.647026e-01	5.128071e-01	1.853933e+00
768	4.820482e-01	5.168381e-01	1.303859e+00
769	4.601334e-01	4.962935e-01	1.294089e+00
770	1.687114e-01	6.793283e-01	1.675134e+00
771	4.428243e-01	5.059393e-01	2.417684e+00
772	4.895209e-01	4.683595e-01	2.053249e+00
773	4.852422e-01	4.909111e-01	1.276502e+00
774	2.797967e-01	4.082351e-01	2.779189e+00
775	6.286868e-01	6.389723e-01	1.984856e+00
776	6.449737e-01	4.448036e-01	2.295554e+00
777	4.793301e-01	5.317833e-01	1.652662e+00
778	4.826287e-01	5.358669e-01	2.464582e+00
779	4.841009e-01	5.313478e-01	1.763068e+00
780	4.769002e-01	5.502392e-01	2.026869e+00
781	3.613421e-01	4.552527e-01	1.160234e+00
782	7.416517e-01	3.951685e-01	2.302394e+00
783	4.602175e-01	5.455730e-01	1.384954e+00
784	4.525975e-01	4.897536e-01	2.598437e+00
785	4.538683e-01	5.380471e-01	2.130435e+00
786	4.833822e-01	5.273202e-01	1.690767e+00
787	5.039243e-01	5.200635e-01	1.940889e+00
788	4.821622e-01	5.218144e-01	2.099170e+00
