764
0	4.488413e-01	6.977875e-01	1.398632e+00
1	4.213151e-01	5.973114e-01	1.108451e+00
2	4.565639e-01	5.613240e-01	2.925745e+00
3	4.773672e-01	4.573283e-01	2.732291e+00
4	4.432042e-01	5.668676e-01	1.257938e+00
5	5.169839e-01	3.743146e-01	2.424524e+00
6	6.178115e-01	6.889035e-01	1.383000e+00
7	4.689522e-01	5.010102e-01	2.705911e+00
8	4.938821e-01	5.400315e-01	2.442110e+00
9	4.735128e-01	5.173452e-01	2.233024e+00
10	4.809840e-01	6.445247e-01	2.376649e+00
11	4.790129e-01	5.048414e-01	1.556913e+00
12	4.678962e-01	3.805424e-01	2.950171e+00
13	3.977084e-01	5.737938e-01	1.066439e+00
14	4.718798e-01	5.177963e-01	1.626282e+00
15	5.378900e-01	4.665086e-01	1.306790e+00
16	4.725290e-01	5.156793e-01	2.902296e+00
17	6.698261e-01	5.590652e-01	1.195408e+00
18	4.056904e-01	5.636751e-01	1.785540e+00
19	4.692212e-01	5.442052e-01	1.248168e+00
20	5.052215e-01	5.484045e-01	1.863703e+00
21	4.525585e-01	5.898302e-01	2.671715e+00
22	4.767108e-01	5.084094e-01	2.487054e+00
23	3.839171e-01	3.960517e-01	1.946751e+00
24	4.211146e-01	4.311710e-01	1.303859e+00
25	5.264412e-01	1.372768e-01	2.152907e+00
26	4.887230e-01	5.068750e-01	1.388862e+00
27	4.750110e-01	5.082295e-01	1.591109e+00
28	4.548139e-01	5.782130e-01	2.205667e+00
29	4.724249e-01	5.265276e-01	2.181241e+00
30	6.386475e-01	3.815447e-01	1.475818e+00
31	5.347152e-01	5.680372e-01	2.309233e+00
32	4.784509e-01	4.859598e-01	2.073766e+00
33	5.860790e-01	3.169156e-01	2.331705e+00
34	4.845456e-01	5.177169e-01	1.126038e+00
35	7.042269e-01	6.254365e-01	2.235955e+00
36	5.250476e-01	2.803312e-01	2.805569e+00
37	5.782516e-01	3.843414e-01	2.555447e+00
38	4.713705e-01	5.573640e-01	2.559355e+00
39	4.742212e-01	5.014727e-01	1.895945e+00
40	3.907258e-01	5.327842e-01	1.282364e+00
41	5.056346e-01	6.966081e-01	2.750855e+00
42	4.753516e-01	5.190690e-01	2.412799e+00
43	4.567799e-01	5.099075e-01	2.557401e+00
44	3.926836e-01	4.046200e-01	1.648754e+00
45	4.274459e-01	5.636604e-01	1.721055e+00
46	4.887511e-01	6.287949e-01	2.588666e+00
47	4.840278e-01	4.928046e-01	1.525647e+00
48	4.735006e-01	5.121558e-01	2.751832e+00
49	2.474266e-01	2.637311e-01	2.625794e+00
50	4.936508e-01	4.312508e-01	1.663410e+00
51	4.738144e-01	5.070030e-01	2.560332e+00
52	4.809934e-01	5.014059e-01	1.696629e+00
53	4.723722e-01	5.105956e-01	1.506106e+00
54	4.792183e-01	5.227958e-01	2.675623e+00
55	4.636126e-01	5.333600e-01	2.497802e+00
56	4.481085e-01	6.832657e-01	1.031265e+00
57	4.125324e-01	4.881271e-01	2.361993e+00
58	5.040921e-01	4.557390e-01	1.866634e+00
60	6.714905e-01	6.333750e-01	1.503175e+00
61	4.226904e-01	4.753844e-01	2.449927e+00
62	4.745744e-01	5.335048e-01	2.831949e+00
63	4.837195e-01	4.938963e-01	2.317049e+00
64	4.272656e-01	4.884191e-01	2.353200e+00
65	4.727816e-01	5.188349e-01	2.575965e+00
66	5.413026e-01	5.840259e-01	2.922814e+00
67	4.181664e-01	7.000735e-01	2.289692e+00
68	5.334630e-01	5.994921e-01	2.766488e+00
69	3.185015e-01	5.688913e-01	1.522716e+00
70	5.475097e-01	5.474587e-01	2.769419e+00
71	4.839215e-01	4.779013e-01	1.110405e+00
72	4.326119e-01	4.625133e-01	1.412311e+00
73	3.513542e-01	3.195878e-01	1.951637e+00
74	2.303244e-01	5.316156e-01	1.449438e+00
75	5.483885e-01	6.193651e-01	2.176356e+00
76	4.507775e-01	4.501354e-01	1.212995e+00
77	4.877362e-01	5.443691e-01	1.872496e+00
78	4.736889e-01	4.883892e-01	1.606742e+00
79	6.220938e-01	5.507250e-01	1.183683e+00
80	4.921458e-01	5.709877e-01	2.736199e+00
81	4.687150e-01	5.173169e-01	1.617489e+00
82	4.800764e-01	5.012086e-01	2.456766e+00
83	4.545514e-01	6.179288e-01	1.406448e+00
84	4.524359e-01	6.174037e-01	2.453835e+00
85	4.687598e-01	5.199248e-01	2.712750e+00
86	4.730622e-01	5.144629e-01	2.877870e+00
87	3.809923e-01	6.723552e-01	1.533464e+00
88	5.960405e-01	6.676099e-01	2.169516e+00
89	4.841033e-01	5.947047e-01	2.483146e+00
90	5.101531e-01	6.354131e-01	1.538349e+00
91	4.572294e-01	5.158108e-01	1.117245e+00
92	4.587014e-01	5.048866e-01	2.709819e+00
93	5.204636e-01	4.859729e-01	2.929653e+00
94	4.270309e-01	3.453173e-01	2.125550e+00
95	4.267592e-01	5.111621e-01	2.148999e+00
96	4.523365e-01	5.141084e-01	1.206155e+00
98	4.753299e-01	5.249737e-01	1.997557e+00
99	5.273422e-01	5.649290e-01	1.753298e+00
100	4.764228e-01	4.852601e-01	1.491451e+00
101	4.724886e-01	5.218912e-01	2.381534e+00
102	4.625071e-01	5.041581e-01	1.837323e+00
103	4.553069e-01	6.027115e-01	2.723498e+00
104	4.342624e-01	4.620888e-01	1.216903e+00
105	4.683296e-01	5.646934e-01	1.385931e+00
107	4.935396e-01	5.103810e-01	1.887152e+00
108	5.030423e-01	5.084093e-01	1.869565e+00
109	4.825731e-01	4.653702e-01	2.657059e+00
110	4.348096e-01	5.410417e-01	1.905716e+00
111	4.727358e-01	5.252264e-01	2.319980e+00
113	4.678307e-01	1.726397e-01	1.155349e+00
114	4.666578e-01	4.919938e-01	1.261847e+00
115	5.645839e-01	6.802190e-01	1.308745e+00
116	4.238051e-01	7.918197e-01	1.148510e+00
117	4.796073e-01	4.375195e-01	1.865657e+00
118	4.672485e-01	5.061124e-01	2.988276e+00
119	5.329836e-01	6.525873e-01	1.479726e+00
120	4.592239e-01	4.332133e-01	2.095261e+00
121	4.729043e-01	4.946901e-01	2.442110e+00
122	6.044040e-01	4.094772e-01	1.070347e+00
123	4.922498e-01	4.607562e-01	1.417196e+00
124	4.695010e-01	5.213064e-01	2.817294e+00
126	4.843977e-01	4.740580e-01	2.738153e+00
127	4.414214e-01	4.857333e-01	2.338544e+00
128	1.166667e-01	9.383110e-02	1.282364e+00
129	4.917206e-01	5.164459e-01	2.676600e+00
130	9.683156e-02	1.072432e-01	2.443087e+00
132	4.350585e-01	5.940978e-01	1.220811e+00
133	6.783494e-01	4.158442e-01	2.407914e+00
134	5.099961e-01	6.008094e-01	2.277968e+00
135	4.699865e-01	4.914020e-01	2.409868e+00
136	5.066146e-01	5.422208e-01	2.083537e+00
137	5.236162e-01	5.522341e-01	2.286761e+00
138	1.540372e-01	5.006592e-01	1.194431e+00
139	4.859410e-01	5.039842e-01	2.818271e+00
140	5.463640e-01	4.635026e-01	2.827064e+00
141	4.479721e-01	4.830868e-01	1.684905e+00
142	4.601995e-01	4.998216e-01	1.999511e+00
143	4.682246e-01	5.120907e-01	1.956522e+00
144	4.473176e-01	4.475427e-01	2.323889e+00
145	4.921620e-01	5.236317e-01	2.501710e+00
146	3.485850e-01	6.522312e-01	2.395213e+00
147	4.998901e-01	4.267682e-01	2.719590e+00
148	4.742135e-01	5.170618e-01	2.937469e+00
149	4.301007e-01	4.776433e-01	2.803615e+00
150	4.865306e-01	6.532046e-01	1.794333e+00
151	4.896461e-01	4.994866e-01	2.611138e+00
152	4.449701e-01	4.902824e-01	1.724963e+00
153	4.666087e-01	5.003830e-01	1.983879e+00
154	4.721545e-01	5.161795e-01	2.181241e+00
155	4.320323e-01	4.451518e-01	1.295066e+00
156	4.856430e-01	4.193665e-01	1.970200e+00
157	4.950819e-01	4.949976e-01	2.387396e+00
158	3.789724e-01	7.026127e-01	2.386419e+00
159	5.041080e-01	7.388812e-01	2.647289e+00
160	4.852984e-01	5.124191e-01	1.686859e+00
161	4.932000e-01	5.332899e-01	1.553981e+00
162	4.688560e-01	3.190318e-01	1.764045e+00
163	3.915997e-01	6.906333e-01	1.632145e+00
164	4.744657e-01	5.162294e-01	1.235467e+00
165	4.700207e-01	5.130323e-01	2.251588e+00
166	4.530539e-01	5.552720e-01	1.751343e+00
167	4.549689e-01	4.999173e-01	1.715193e+00
168	4.679648e-01	5.138108e-01	2.109917e+00
169	4.804572e-01	4.215868e-01	2.137274e+00
170	3.283365e-01	5.938360e-01	2.099170e+00
171	5.029129e-01	6.177193e-01	2.057157e+00
172	4.198322e-01	5.265670e-01	2.246702e+00
173	4.753340e-01	5.215370e-01	1.894968e+00
174	4.019180e-01	5.738670e-01	2.453835e+00
175	4.828377e-01	5.024449e-01	2.834880e+00
176	5.728010e-01	6.437438e-01	2.215437e+00
177	4.782560e-01	5.442329e-01	2.153884e+00
178	4.814635e-01	5.174065e-01	2.475330e+00
179	4.923817e-01	6.452879e-01	1.274548e+00
180	4.741790e-01	4.757623e-01	2.127504e+00
181	4.833688e-01	5.253856e-01	1.790425e+00
182	4.462023e-01	7.792624e-01	1.736688e+00
183	4.111999e-01	6.263976e-01	1.692721e+00
184	4.649863e-01	4.778764e-01	2.042501e+00
185	4.225816e-01	6.455479e-01	1.468979e+00
186	4.204749e-01	4.901867e-01	1.784563e+00
188	4.830808e-01	5.159873e-01	1.839277e+00
189	4.902399e-01	5.315862e-01	1.175867e+00
190	5.787921e-01	4.756657e-01	2.807523e+00
191	4.748317e-01	4.893935e-01	2.811431e+00
192	3.922596e-01	5.743105e-01	1.192477e+00
193	5.843528e-01	5.552196e-01	1.620420e+00
194	6.245015e-01	4.978172e-01	2.624817e+00
195	4.773756e-01	5.185792e-01	2.806546e+00
196	5.190764e-01	6.286582e-01	1.763068e+00
197	7.696452e-01	7.609451e-01	2.060088e+00
198	6.819948e-01	6.391380e-01	2.458720e+00
199	4.783101e-01	5.190650e-01	2.463605e+00
200	7.936204e-01	7.725039e-01	1.141671e+00
201	4.759494e-01	5.263209e-01	1.146556e+00
202	4.599016e-01	5.624852e-01	1.395701e+00
203	4.323526e-01	5.767770e-01	1.755252e+00
204	4.593829e-01	6.011135e-01	2.901319e+00
205	5.031267e-01	4.166365e-01	2.123596e+00
206	5.385564e-01	7.227442e-01	1.652662e+00
207	4.671540e-01	5.767494e-01	1.199316e+00
208	4.662338e-01	5.073173e-01	2.170493e+00
209	4.417162e-01	3.179270e-01	2.733268e+00
210	4.617248e-01	3.916327e-01	1.545188e+00
211	4.578748e-01	5.311520e-01	1.376160e+00
212	4.812806e-01	5.410076e-01	1.621397e+00
213	4.837923e-01	5.272457e-01	1.883244e+00
214	4.717469e-01	4.963273e-01	1.612604e+00
215	4.976622e-01	5.008949e-01	2.909135e+00
216	4.738428e-01	5.166499e-01	1.354665e+00
217	4.843402e-01	5.233107e-01	2.770396e+00
218	3.448245e-01	5.412871e-01	2.148999e+00
219	4.658026e-01	5.191471e-01	2.624817e+00
220	4.443343e-01	5.344875e-01	2.697118e+00
221	4.705413e-01	5.257352e-01	1.938935e+00
222	4.963412e-01	2.425196e-01	1.854910e+00
223	4.194055e-01	5.319194e-01	2.625794e+00
224	5.985103e-01	6.964978e-01	2.984367e+00
225	4.819493e-01	3.572578e-01	2.693210e+00
226	4.717588e-01	4.835602e-01	2.276014e+00
227	4.907547e-01	5.245533e-01	1.245237e+00
228	4.752912e-01	5.098544e-01	1.489497e+00
229	4.768721e-01	5.102595e-01	2.305325e+00
230	4.766767e-01	5.308270e-01	2.689301e+00
231	4.639588e-01	5.829635e-01	1.346849e+00
232	4.677211e-01	4.525323e-01	2.447973e+00
233	4.446891e-01	5.449919e-01	1.591109e+00
234	4.770627e-01	5.745597e-01	1.931119e+00
235	5.010358e-01	4.666046e-01	2.687347e+00
236	4.728271e-01	5.183222e-01	2.787982e+00
237	4.768621e-01	5.025954e-01	1.510015e+00
238	4.686509e-01	5.127847e-01	2.193942e+00
239	4.705941e-01	5.810792e-01	2.918906e+00
240	4.934877e-01	3.934022e-01	1.734734e+00
241	4.611771e-01	5.798156e-01	1.119199e+00
242	4.265144e-01	5.219041e-01	1.631168e+00
243	4.718853e-01	5.444450e-01	1.258915e+00
244	4.711078e-01	5.167288e-01	2.458720e+00
245	4.834342e-01	5.774749e-01	2.134343e+00
246	4.693018e-01	5.106285e-01	2.662921e+00
247	4.695089e-01	4.711204e-01	2.924768e+00
248	4.574216e-01	4.507199e-01	2.983390e+00
250	7.732167e-02	6.041503e-01	2.763556e+00
251	1.749642e-01	4.602002e-01	2.374695e+00
252	4.989818e-01	4.400181e-01	1.703468e+00
253	5.091377e-01	6.681782e-01	1.246214e+00
254	4.686840e-01	5.348929e-01	2.925745e+00
255	4.681264e-01	5.368738e-01	1.857841e+00
256	4.749711e-01	4.980260e-01	2.601368e+00
257	4.670236e-01	5.616808e-01	2.413776e+00
258	4.652556e-01	5.310512e-01	2.569126e+00
259	4.674253e-01	4.967407e-01	1.865657e+00
260	4.719053e-01	5.192356e-01	2.574988e+00
261	4.824261e-01	5.090800e-01	1.598925e+00
262	2.829447e-01	4.682405e-01	2.264289e+00
263	3.125893e-01	3.837855e-01	1.176844e+00
264	5.424562e-01	7.237703e-01	1.061553e+00
265	4.719123e-01	5.207304e-01	2.526136e+00
266	4.894486e-01	5.881866e-01	1.928188e+00
267	4.330488e-01	5.501022e-01	2.006351e+00
268	4.503794e-01	5.599734e-01	1.041036e+00
269	6.743951e-01	7.549536e-01	1.793356e+00
270	4.695434e-01	5.408650e-01	1.860772e+00
271	4.033865e-01	3.846651e-01	1.389839e+00
272	4.715672e-01	5.180066e-01	1.052760e+00
273	3.524115e-01	3.394319e-01	1.156326e+00
274	4.929908e-01	4.314091e-01	1.981925e+00
275	4.372909e-01	7.671864e-01	2.256473e+00
276	4.800727e-01	5.718665e-01	2.368832e+00
277	4.858958e-01	5.746765e-01	2.024915e+00
279	4.342127e-01	4.367472e-01	1.348803e+00
280	3.968125e-01	3.787460e-01	2.472399e+00
281	2.856748e-01	5.087030e-01	2.288715e+00
282	4.977206e-01	6.321273e-01	2.745970e+00
283	5.602980e-01	4.712838e-01	2.490962e+00
284	5.965730e-01	3.424683e-01	2.515388e+00
285	6.614259e-01	5.002793e-01	1.545188e+00
286	4.881545e-01	5.004970e-01	2.662921e+00
287	4.799774e-01	5.587353e-01	2.264289e+00
288	4.875786e-01	4.917251e-01	2.905227e+00
289	5.565896e-01	4.701651e-01	1.058622e+00
290	5.406217e-01	5.839495e-01	2.152907e+00
291	6.112283e-01	6.803207e-01	2.784074e+00
292	4.576709e-01	5.175210e-01	2.445042e+00
293	4.981135e-01	1.808068e-01	2.852467e+00
294	4.815444e-01	5.851249e-01	2.070835e+00
295	4.520508e-01	4.833925e-01	1.406448e+00
297	4.582882e-01	4.234832e-01	2.077675e+00
298	3.978441e-01	4.168257e-01	1.601856e+00
299	4.843062e-01	5.407238e-01	2.048363e+00
300	4.768639e-01	4.654595e-01	2.781143e+00
301	4.682075e-01	5.161177e-01	2.779189e+00
302	4.706999e-01	4.208343e-01	2.617978e+00
303	4.926190e-01	6.202599e-01	1.698583e+00
304	4.233940e-01	6.263796e-01	1.948705e+00
305	4.618746e-01	5.116355e-01	1.416219e+00
306	7.001193e-01	3.803903e-01	1.745481e+00
307	4.785074e-01	5.038860e-01	2.291646e+00
309	4.256628e-01	4.843209e-01	2.511480e+00
310	4.956716e-01	5.711046e-01	2.596483e+00
311	4.855199e-01	5.979415e-01	2.855398e+00
312	4.479278e-01	4.535891e-01	1.312653e+00
313	4.400980e-01	4.506317e-01	1.787494e+00
314	4.696241e-01	5.093650e-01	2.252565e+00
315	4.867555e-01	5.438034e-01	1.978017e+00
316	3.297770e-01	6.106243e-01	2.965804e+00
317	4.743256e-01	4.982580e-01	2.221299e+00
318	3.522703e-01	6.088492e-01	1.701514e+00
319	4.700909e-01	6.349037e-01	1.135809e+00
320	4.445289e-01	5.340566e-01	2.997069e+00
322	5.742253e-01	6.175765e-01	2.362970e+00
323	4.717749e-01	5.134148e-01	2.553493e+00
324	4.434486e-01	5.001483e-01	1.347826e+00
326	4.702532e-01	5.154649e-01	1.857841e+00
327	4.781735e-01	4.298063e-01	1.669272e+00
328	4.630231e-01	4.927549e-01	1.726917e+00
329	4.856241e-01	5.767173e-01	2.604299e+00
330	5.165891e-01	6.372583e-01	2.089399e+00
331	4.979000e-01	5.500440e-01	1.552027e+00
332	4.139448e-01	5.057223e-01	1.769907e+00
333	5.012915e-01	5.795435e-01	1.382022e+00
334	5.189856e-01	8.066159e-01	2.510503e+00
335	4.425250e-01	5.170902e-01	1.640938e+00
336	4.582874e-01	4.960323e-01	2.933561e+00
337	3.783089e-01	4.687828e-01	1.033219e+00
338	4.028384e-01	3.841580e-01	1.408403e+00
339	4.817730e-01	5.345384e-01	2.767465e+00
340	4.932647e-01	4.819396e-01	1.526624e+00
341	4.942438e-01	3.942809e-01	1.456277e+00
342	4.706203e-01	4.932702e-01	1.054714e+00
343	4.275598e-01	4.968188e-01	2.601368e+00
344	4.937071e-01	7.577364e-01	2.193942e+00
346	4.702919e-01	5.724675e-01	1.564729e+00
347	4.752322e-01	5.035418e-01	1.679043e+00
348	2.980928e-01	5.386057e-01	2.034685e+00
349	4.851491e-01	4.835926e-01	2.564240e+00
350	4.340563e-01	7.085378e-01	2.311187e+00
351	3.712386e-01	3.589630e-01	1.297997e+00
352	4.645880e-01	4.830674e-01	2.873962e+00
353	4.503143e-01	4.685924e-01	2.202736e+00
354	4.735601e-01	5.191752e-01	2.653151e+00
355	3.433334e-01	4.406019e-01	2.461651e+00
356	4.672452e-01	5.138117e-01	1.679043e+00
357	4.124523e-01	4.215226e-01	2.991207e+00
358	4.965345e-01	3.113187e-01	2.857352e+00
359	4.839510e-01	5.314916e-01	1.913532e+00
360	6.289012e-01	5.805235e-01	1.216903e+00
361	5.455792e-01	7.581502e-01	1.214949e+00
362	5.246360e-01	4.779635e-01	1.005862e+00
363	4.675537e-01	4.904739e-01	2.227162e+00
364	4.704676e-01	5.156379e-01	1.723009e+00
366	4.949755e-01	4.251408e-01	1.692721e+00
367	4.650526e-01	5.302563e-01	1.154372e+00
368	4.724669e-01	5.507667e-01	1.851001e+00
369	4.742715e-01	5.161480e-01	2.418661e+00
370	4.064955e-01	5.672828e-01	1.874450e+00
371	4.948840e-01	5.703473e-01	1.591109e+00
372	4.690547e-01	5.132779e-01	2.199805e+00
373	5.012543e-01	6.728840e-01	2.208598e+00
374	4.701721e-01	5.832251e-01	1.322423e+00
375	4.709355e-01	5.142077e-01	2.361016e+00
376	3.785414e-01	5.697806e-01	1.815828e+00
377	4.736538e-01	5.197460e-01	1.328285e+00
378	4.868189e-01	5.125854e-01	1.883244e+00
379	4.014446e-01	6.805800e-01	1.599902e+00
380	4.712933e-01	4.143703e-01	2.343429e+00
381	4.574657e-01	5.579729e-01	1.835369e+00
383	3.933849e-01	4.972130e-01	1.698583e+00
384	6.342102e-01	4.851704e-01	2.761602e+00
385	2.416885e-01	1.776264e-01	1.961407e+00
386	5.035857e-01	5.527977e-01	2.449927e+00
387	4.623832e-01	4.259444e-01	2.669761e+00
388	3.491092e-01	4.699182e-01	2.597460e+00
389	4.768129e-01	5.089527e-01	2.960918e+00
390	4.827277e-01	5.275937e-01	1.655594e+00
391	4.798357e-01	5.934203e-01	2.572057e+00
392	4.714531e-01	5.756112e-01	1.234489e+00
393	4.396095e-01	4.985512e-01	1.607719e+00
394	4.759348e-01	5.106387e-01	2.643381e+00
395	3.163476e-01	5.492322e-01	1.233512e+00
397	2.492346e-01	5.851142e-01	1.083048e+00
398	4.963979e-01	2.022927e-01	2.453835e+00
399	5.276904e-01	6.119788e-01	2.169516e+00
400	4.711710e-01	4.520734e-01	1.634099e+00
401	9.239931e-01	4.901223e-01	1.314607e+00
402	4.632812e-01	5.227521e-01	2.292623e+00
403	4.277542e-01	4.196764e-01	1.759160e+00
404	5.221473e-01	5.445513e-01	2.942355e+00
405	4.675709e-01	5.978123e-01	1.358574e+00
406	4.595968e-01	4.710311e-01	1.474841e+00
407	3.447208e-01	2.930583e-01	2.850513e+00
408	6.507922e-01	5.023194e-01	2.543723e+00
409	4.894797e-01	5.255570e-01	1.170005e+00
410	4.790614e-01	4.623326e-01	2.011236e+00
411	5.184456e-01	5.400877e-01	2.982413e+00
412	6.803460e-01	3.730773e-01	1.578407e+00
413	4.628799e-01	5.481681e-01	2.904250e+00
414	4.705637e-01	4.971815e-01	2.948217e+00
415	4.787951e-01	5.153066e-01	1.856864e+00
416	4.784350e-01	4.431556e-01	1.780655e+00
417	4.796659e-01	5.558223e-01	1.223742e+00
418	4.704092e-01	5.732167e-01	2.928676e+00
419	4.716762e-01	5.537149e-01	1.055691e+00
420	4.574387e-01	4.936097e-01	2.823156e+00
421	4.706761e-01	5.150873e-01	2.886663e+00
422	4.645684e-01	5.287578e-01	1.391793e+00
423	3.419314e-01	6.206731e-01	1.467025e+00
424	4.718887e-01	4.730330e-01	1.512946e+00
425	4.438507e-01	5.545182e-01	1.960430e+00
426	5.026314e-01	5.333830e-01	2.254519e+00
427	4.909662e-01	5.628627e-01	2.899365e+00
428	5.027066e-01	5.057816e-01	1.247191e+00
429	4.737454e-01	5.245999e-01	1.802149e+00
430	4.848206e-01	5.232818e-01	1.663410e+00
431	4.402197e-01	3.904433e-01	2.556424e+00
433	4.945122e-01	5.176739e-01	2.475330e+00
434	4.689272e-01	5.767024e-01	2.923791e+00
435	6.263195e-01	5.909844e-01	2.906204e+00
437	4.647594e-01	4.192723e-01	2.476307e+00
438	4.635341e-01	4.270573e-01	2.065950e+00
439	4.743915e-01	5.178349e-01	1.983879e+00
440	5.102082e-01	6.288066e-01	1.637030e+00
441	4.139075e-01	7.412294e-01	1.338056e+00
442	4.474343e-01	5.908118e-01	2.406937e+00
443	6.925016e-01	3.813214e-01	1.422081e+00
444	5.157803e-01	6.052440e-01	2.956033e+00
445	4.700657e-01	5.099392e-01	2.601368e+00
446	8.051013e-01	6.139135e-01	1.846116e+00
447	4.730586e-01	5.196119e-01	1.264778e+00
448	4.968108e-01	6.236059e-01	1.119199e+00
449	4.753449e-01	5.471096e-01	1.956522e+00
450	5.928819e-01	8.973048e-01	2.971666e+00
451	4.811202e-01	5.142662e-01	2.149976e+00
452	6.162013e-01	5.254540e-01	1.574499e+00
453	4.715516e-01	7.565357e-01	1.775769e+00
455	4.604952e-01	4.486673e-01	2.984367e+00
456	4.643930e-01	4.553625e-01	1.577430e+00
457	4.897706e-01	5.468989e-01	2.955056e+00
458	4.568424e-01	5.214741e-01	2.865169e+00
459	4.969201e-01	7.831504e-01	1.672203e+00
461	7.393862e-01	4.229191e-01	2.513434e+00
462	5.036997e-01	5.905045e-01	1.853933e+00
463	4.726800e-01	5.058545e-01	2.858329e+00
464	5.184494e-01	7.230099e-01	1.574499e+00
465	4.122559e-01	4.910644e-01	1.432829e+00
466	4.657017e-01	5.143958e-01	1.500244e+00
467	4.404571e-01	6.499280e-01	1.323400e+00
468	4.765738e-01	5.220883e-01	2.147044e+00
469	4.962270e-01	5.332689e-01	2.698095e+00
470	4.672848e-01	5.026368e-01	1.364436e+00
471	5.221460e-01	6.986704e-01	2.076698e+00
472	4.730398e-01	5.146482e-01	2.011236e+00
473	5.429016e-01	6.852734e-01	1.215926e+00
474	4.663463e-01	4.853750e-01	2.299463e+00
475	4.059044e-01	5.033469e-01	1.683928e+00
476	4.783169e-01	4.975144e-01	2.081583e+00
477	4.634146e-01	4.734408e-01	2.350269e+00
478	5.607866e-01	5.439422e-01	2.728383e+00
479	4.545517e-01	6.448334e-01	1.194431e+00
480	4.784420e-01	4.306927e-01	2.515388e+00
481	3.971465e-01	7.966765e-01	1.865657e+00
482	4.512553e-01	3.973530e-01	1.802149e+00
483	4.698030e-01	5.789491e-01	1.367367e+00
484	4.277950e-01	3.880564e-01	1.148510e+00
485	4.594826e-01	5.927165e-01	2.427455e+00
486	5.396685e-01	6.186930e-01	2.196873e+00
487	3.920648e-01	4.592696e-01	2.386419e+00
488	4.801902e-01	5.205973e-01	1.294089e+00
489	4.923513e-01	6.358287e-01	1.687836e+00
490	5.205769e-01	5.471740e-01	1.146556e+00
491	2.651014e-01	5.467428e-01	1.597948e+00
492	5.117182e-01	4.880562e-01	2.412799e+00
493	5.242570e-01	6.172832e-01	1.227650e+00
494	4.950069e-01	5.301790e-01	2.522228e+00
495	4.523795e-01	5.507453e-01	1.437714e+00
496	4.835343e-01	4.578160e-01	1.523693e+00
497	5.335114e-01	4.451174e-01	1.221788e+00
498	4.513926e-01	5.492942e-01	1.652662e+00
499	4.626011e-01	5.297363e-01	1.269663e+00
500	4.806414e-01	5.170755e-01	2.967758e+00
501	4.772055e-01	5.107173e-01	2.546654e+00
502	4.115674e-01	4.537552e-01	1.818759e+00
503	4.556862e-01	5.657523e-01	1.919394e+00
504	4.607627e-01	5.250873e-01	2.563263e+00
505	4.954276e-01	3.322263e-01	1.451392e+00
506	5.422503e-01	4.510098e-01	1.718124e+00
507	4.816264e-01	5.336551e-01	1.207132e+00
508	4.686187e-01	5.258558e-01	1.236444e+00
509	4.161772e-01	4.307815e-01	2.622863e+00
510	6.575451e-01	4.123397e-01	2.549585e+00
511	4.816111e-01	5.138330e-01	2.966781e+00
512	4.578257e-01	4.864083e-01	2.395213e+00
513	5.071167e-01	5.044856e-01	1.534441e+00
514	4.144233e-01	6.943044e-01	1.550073e+00
515	4.803127e-01	4.073732e-01	1.610650e+00
516	9.396837e-02	3.402966e-01	1.612604e+00
517	4.640423e-01	5.216144e-01	1.086957e+00
518	3.855052e-01	4.457099e-01	2.282853e+00
519	1.768185e-01	9.339480e-02	1.573522e+00
520	4.830810e-01	4.947328e-01	2.497802e+00
521	4.774614e-01	5.325060e-01	1.752320e+00
523	4.897742e-01	4.864011e-01	1.209086e+00
524	4.752354e-01	5.014050e-01	2.755740e+00
525	5.032916e-01	5.055027e-01	1.499267e+00
526	5.036941e-01	4.932808e-01	1.014656e+00
527	4.023508e-01	4.965922e-01	2.891549e+00
528	4.738590e-01	5.245752e-01	2.478261e+00
529	4.596056e-01	3.270054e-01	1.898876e+00
530	4.520051e-01	5.020470e-01	1.188569e+00
531	4.119285e-01	4.716852e-01	2.785051e+00
532	4.760656e-01	5.171771e-01	2.945286e+00
533	4.451321e-01	4.725065e-01	2.458720e+00
534	5.812144e-01	4.706135e-01	2.673669e+00
535	4.913945e-01	5.095763e-01	1.399609e+00
536	4.473376e-01	5.446054e-01	2.604299e+00
537	4.673330e-01	5.188972e-01	1.529555e+00
538	4.712418e-01	5.139714e-01	2.823156e+00
539	4.568470e-01	4.970597e-01	2.826087e+00
540	4.446183e-01	4.267899e-01	2.844651e+00
541	5.250561e-01	5.712673e-01	2.290669e+00
542	5.316423e-01	5.241232e-01	2.570103e+00
543	4.525626e-01	5.178676e-01	2.396190e+00
544	5.082493e-01	5.616877e-01	1.318515e+00
545	4.473455e-01	5.169348e-01	2.605276e+00
546	6.988443e-01	4.261469e-01	2.683439e+00
547	5.598527e-01	4.497093e-01	1.587201e+00
548	4.629234e-01	6.380752e-01	1.375183e+00
549	4.513211e-01	4.996432e-01	2.298486e+00
550	6.319294e-01	5.907473e-01	1.285296e+00
551	4.752881e-01	4.980328e-01	2.983390e+00
552	4.436210e-01	5.284892e-01	1.195408e+00
553	4.708841e-01	4.966799e-01	2.414753e+00
554	3.206015e-01	4.766703e-01	1.843185e+00
555	4.702499e-01	5.044091e-01	2.396190e+00
556	5.088600e-01	5.562578e-01	3.000000e+00
557	4.788865e-01	4.930617e-01	2.728383e+00
559	4.780028e-01	5.294679e-01	1.944797e+00
560	5.478977e-01	5.839487e-01	2.883732e+00
561	4.761711e-01	6.684193e-01	2.383488e+00
562	5.761597e-01	5.078658e-01	2.506595e+00
563	4.974032e-01	5.404070e-01	1.786517e+00
564	4.619122e-01	5.234686e-01	2.893503e+00
565	4.657507e-01	5.126644e-01	2.981436e+00
566	4.555372e-01	4.735075e-01	2.663898e+00
567	4.711913e-01	5.381606e-01	2.227162e+00
568	4.569743e-01	5.039349e-01	1.527601e+00
569	4.663111e-01	7.160840e-01	2.610161e+00
570	8.141984e-01	1.796471e-01	1.058622e+00
571	4.764926e-01	4.637682e-01	2.782120e+00
573	4.895536e-01	4.920405e-01	2.109917e+00
574	4.768467e-01	5.111089e-01	2.074744e+00
575	4.740627e-01	5.375604e-01	2.319003e+00
576	4.492789e-01	5.377594e-01	1.290181e+00
577	4.641293e-01	5.062825e-01	1.286273e+00
578	4.739244e-01	5.105704e-01	1.881290e+00
579	4.734279e-01	4.936100e-01	1.664387e+00
580	7.183633e-01	3.973511e-01	1.242306e+00
581	4.329746e-01	5.700757e-01	1.927211e+00
582	4.727807e-01	5.181358e-01	2.820225e+00
583	4.439113e-01	4.408098e-01	2.792868e+00
584	5.683838e-01	5.228283e-01	1.201270e+00
585	4.673004e-01	4.435737e-01	1.898876e+00
586	4.720510e-01	5.128570e-01	1.782609e+00
587	4.787380e-01	4.827318e-01	1.561798e+00
588	4.728986e-01	5.197347e-01	2.282853e+00
589	4.589474e-01	4.704785e-01	2.210552e+00
590	4.332032e-01	5.254347e-01	1.020518e+00
591	4.818010e-01	5.860446e-01	1.784563e+00
592	4.658659e-01	5.163212e-01	1.275525e+00
593	4.519844e-01	4.943467e-01	1.212995e+00
594	5.330311e-01	4.942840e-01	2.964827e+00
595	4.898009e-01	4.920967e-01	2.079629e+00
596	2.576379e-01	4.085436e-01	1.187592e+00
597	4.466039e-01	5.402168e-01	1.258915e+00
598	4.953120e-01	5.413043e-01	1.999511e+00
599	4.765116e-01	4.993730e-01	1.264778e+00
600	4.760468e-01	5.088943e-01	1.110405e+00
601	5.669361e-01	8.655068e-01	1.107474e+00
602	5.149929e-01	5.406441e-01	1.070347e+00
603	4.685406e-01	5.009365e-01	2.400098e+00
604	4.915954e-01	4.909769e-01	2.871031e+00
605	4.785871e-01	5.092449e-01	2.739130e+00
606	4.565891e-01	5.132742e-01	2.061065e+00
607	7.892060e-01	6.731214e-01	1.073278e+00
608	4.799942e-01	5.359975e-01	2.799707e+00
609	4.563507e-01	5.388823e-01	2.010259e+00
610	4.913006e-01	5.329804e-01	1.700537e+00
611	4.723881e-01	4.991650e-01	1.339033e+00
612	4.762049e-01	4.527972e-01	2.227162e+00
613	7.076784e-01	2.488100e-01	2.482169e+00
614	5.038128e-01	5.065372e-01	2.958964e+00
615	6.105779e-01	5.384667e-01	1.443576e+00
616	5.035273e-01	4.050387e-01	2.381534e+00
617	4.937019e-01	5.830030e-01	1.971177e+00
618	4.809991e-01	5.254196e-01	2.960918e+00
619	2.802680e-01	3.258957e-01	1.812897e+00
620	5.143809e-01	4.753883e-01	1.170982e+00
621	4.812124e-01	3.363874e-01	1.277479e+00
622	5.361858e-01	4.378801e-01	1.176844e+00
623	5.028092e-01	4.801567e-01	1.636053e+00
624	5.475052e-01	5.958499e-01	2.336590e+00
625	4.092143e-01	5.720018e-01	1.343918e+00
626	4.710363e-01	5.304021e-01	1.905716e+00
627	4.704293e-01	4.607298e-01	1.784563e+00
628	4.630686e-01	5.218874e-01	2.063996e+00
629	4.707712e-01	5.114081e-01	2.497802e+00
630	4.685010e-01	5.235672e-01	2.870054e+00
631	4.612156e-01	4.617064e-01	1.729849e+00
632	5.514677e-01	6.004511e-01	2.290669e+00
633	4.728760e-01	5.182516e-01	2.841720e+00
634	4.717005e-01	5.124595e-01	2.195896e+00
635	4.979268e-01	5.680337e-01	1.601856e+00
636	4.491472e-01	4.537103e-01	2.449927e+00
637	4.306881e-01	5.501696e-01	1.462140e+00
638	4.724716e-01	5.159515e-01	2.041524e+00
639	4.730384e-01	5.173735e-01	2.061065e+00
640	2.548087e-01	3.925894e-01	2.130435e+00
641	4.523395e-01	7.311531e-01	2.205667e+00
642	4.713017e-01	5.006268e-01	2.184172e+00
643	4.400473e-01	4.636720e-01	2.747924e+00
644	4.544600e-01	5.583325e-01	2.909135e+00
645	4.749833e-01	5.150159e-01	2.777235e+00
646	4.590935e-01	4.959020e-01	1.295066e+00
647	5.098559e-01	5.948476e-01	1.050806e+00
648	5.165515e-01	4.459445e-01	1.191500e+00
649	4.614217e-01	5.089106e-01	1.198339e+00
650	4.735466e-01	4.987853e-01	2.656082e+00
651	5.091845e-01	5.539744e-01	1.692721e+00
652	4.767379e-01	3.717772e-01	2.330728e+00
653	4.836131e-01	4.822055e-01	1.906693e+00
654	4.592293e-01	5.080491e-01	2.192965e+00
655	4.276752e-01	4.663142e-01	1.200293e+00
656	4.807058e-01	5.211640e-01	2.361016e+00
657	4.463508e-01	6.921058e-01	2.080606e+00
658	4.762054e-01	4.878567e-01	2.017098e+00
659	3.995232e-01	5.395271e-01	2.191011e+00
660	6.318880e-01	5.855589e-01	1.667318e+00
661	3.457325e-01	2.964286e-01	2.229116e+00
662	4.986583e-01	6.218470e-01	1.188569e+00
663	4.485878e-01	4.638889e-01	2.714704e+00
664	4.282689e-01	4.632281e-01	1.979971e+00
665	4.953900e-01	4.372629e-01	2.954079e+00
666	1.488158e-01	1.578486e-01	1.803127e+00
667	4.969714e-01	4.893004e-01	1.039082e+00
668	9.717877e-01	3.958952e-01	1.893014e+00
669	4.967674e-01	6.059669e-01	1.778701e+00
670	9.784886e-01	4.020595e-01	1.807035e+00
671	4.799729e-01	5.565834e-01	1.102589e+00
672	3.519233e-01	3.641402e-01	1.879336e+00
673	4.511390e-01	4.645690e-01	1.984856e+00
674	4.739872e-01	5.169858e-01	2.238886e+00
675	4.650955e-01	5.378092e-01	2.868100e+00
676	4.840607e-01	5.092286e-01	2.748901e+00
677	4.217322e-01	5.194323e-01	1.578407e+00
678	4.889331e-01	5.850729e-01	1.621397e+00
679	4.783897e-01	5.186787e-01	2.657059e+00
680	4.874229e-01	5.465868e-01	2.404983e+00
681	4.901842e-01	4.987188e-01	2.272106e+00
682	4.555927e-01	5.533704e-01	1.463117e+00
683	4.801208e-01	5.301705e-01	2.316072e+00
684	4.733927e-01	4.927386e-01	2.334636e+00
685	4.609174e-01	5.271617e-01	1.365413e+00
686	4.532802e-01	5.738700e-01	2.105032e+00
687	5.381481e-01	4.790806e-01	1.339033e+00
688	4.844902e-01	5.324899e-01	2.932584e+00
689	4.722817e-01	5.126629e-01	2.378603e+00
690	4.661532e-01	5.260341e-01	1.833415e+00
691	6.965208e-01	4.882150e-01	1.663410e+00
692	4.681021e-01	5.080448e-01	2.251588e+00
693	5.781644e-01	6.547872e-01	1.766976e+00
694	4.696234e-01	5.989265e-01	1.575476e+00
695	3.565841e-01	7.370539e-01	2.771373e+00
696	4.713923e-01	5.086616e-01	2.787005e+00
697	4.744005e-01	5.011595e-01	1.959453e+00
698	4.586922e-01	5.058972e-01	2.187103e+00
699	4.742456e-01	5.178778e-01	2.430386e+00
700	4.599940e-01	4.390230e-01	2.679531e+00
701	4.612472e-01	4.426250e-01	2.191988e+00
702	3.977937e-01	5.437087e-01	2.945286e+00
703	4.909953e-01	5.174824e-01	2.793845e+00
704	4.861185e-01	5.706290e-01	2.132389e+00
705	3.642691e-01	2.283626e-01	1.627259e+00
706	4.679304e-01	5.151947e-01	1.623351e+00
707	4.603644e-01	5.124963e-01	2.772350e+00
708	4.765492e-01	5.084386e-01	1.552027e+00
709	4.500722e-01	5.424841e-01	1.180752e+00
710	4.911278e-01	5.499196e-01	1.632145e+00
711	1.527677e-01	4.813151e-02	1.680997e+00
712	4.332583e-01	4.100424e-01	2.828041e+00
713	7.414313e-01	4.764544e-01	1.703468e+00
714	1.783028e-01	3.177935e-01	1.471910e+00
715	4.720551e-01	5.176592e-01	2.368832e+00
716	4.860650e-01	5.284141e-01	1.961407e+00
717	4.766858e-01	5.157776e-01	1.756229e+00
718	4.662744e-01	5.050269e-01	2.987298e+00
719	4.792047e-01	5.119833e-01	2.332682e+00
720	4.617693e-01	5.550340e-01	1.097704e+00
721	4.461078e-01	3.333835e-01	1.954568e+00
722	4.747898e-01	5.201283e-01	1.704446e+00
723	4.740698e-01	5.173589e-01	1.853933e+00
724	4.345786e-01	4.706969e-01	2.829995e+00
725	4.379916e-01	4.946537e-01	2.232047e+00
726	4.856115e-01	5.929025e-01	2.587689e+00
727	6.359804e-01	8.221408e-01	2.698095e+00
729	4.154236e-01	4.311317e-01	1.212995e+00
730	5.198856e-01	6.000649e-01	1.502198e+00
731	4.703763e-01	5.193021e-01	2.614069e+00
732	5.394406e-01	3.334877e-01	2.880801e+00
733	4.759747e-01	5.276599e-01	1.956522e+00
734	4.661578e-01	5.607301e-01	2.745970e+00
735	4.480885e-01	5.128766e-01	1.179775e+00
736	4.430641e-01	4.612868e-01	1.935027e+00
737	4.671126e-01	5.249698e-01	1.975085e+00
738	4.666929e-01	4.325813e-01	1.067416e+00
739	5.014816e-01	4.588447e-01	2.024915e+00
740	5.347005e-01	4.716338e-01	2.810454e+00
741	4.785725e-01	6.251183e-01	2.428432e+00
742	4.991236e-01	4.733818e-01	1.957499e+00
743	5.456773e-01	6.035308e-01	2.306302e+00
744	4.893176e-01	5.199885e-01	2.557401e+00
745	4.545995e-01	4.717857e-01	1.243283e+00
746	4.730014e-01	4.672352e-01	2.429409e+00
747	4.962345e-01	5.148887e-01	2.523205e+00
748	5.313370e-01	4.116725e-01	2.842697e+00
749	4.687626e-01	5.188721e-01	2.247680e+00
750	4.836229e-01	4.615122e-01	2.000489e+00
751	4.743924e-01	5.494761e-01	2.446019e+00
752	4.745403e-01	5.150125e-01	2.360039e+00
753	3.922871e-01	4.173651e-01	2.567171e+00
754	4.782327e-01	5.112923e-01	2.415730e+00
755	5.110424e-01	4.992741e-01	1.989741e+00
756	4.777746e-01	5.110994e-01	2.908158e+00
757	5.159159e-01	5.599219e-01	2.731314e+00
758	4.693099e-01	5.174974e-01	2.544700e+00
759	4.742980e-01	5.178018e-01	2.890572e+00
760	4.746441e-01	5.161097e-01	1.654617e+00
761	4.843894e-01	5.185911e-01	1.008793e+00
762	4.577065e-01	5.799241e-01	1.260870e+00
763	3.504847e-01	6.758165e-01	1.347826e+00
764	4.821680e-01	5.243968e-01	1.325354e+00
765	4.766620e-01	5.171509e-01	1.420127e+00
766	5.143657e-01	7.262152e-01	2.845628e+00
767	4.699832e-01	5.201627e-01	1.853933e+00
768	4.757103e-01	5.023145e-01	1.303859e+00
769	4.712937e-01	6.864519e-01	1.294089e+00
770	5.619391e-01	7.740865e-01	1.675134e+00
771	4.172285e-01	5.300715e-01	2.417684e+00
772	4.701512e-01	4.280708e-01	2.053249e+00
773	4.825205e-01	5.074195e-01	1.276502e+00
774	1.942611e-01	4.453136e-01	2.779189e+00
775	1.255850e-01	4.540390e-01	1.984856e+00
776	7.742376e-01	6.320191e-01	2.295554e+00
777	4.751816e-01	5.140209e-01	1.652662e+00
778	4.736849e-01	5.111758e-01	2.464582e+00
779	4.671933e-01	5.153519e-01	1.763068e+00
780	4.688448e-01	5.000934e-01	2.026869e+00
781	4.214813e-01	6.008086e-01	1.160234e+00
782	6.176911e-01	3.864345e-01	2.302394e+00
783	4.476056e-01	5.337145e-01	1.384954e+00
784	4.982435e-01	4.615088e-01	2.598437e+00
785	4.240674e-01	5.715174e-01	2.130435e+00
786	4.406646e-01	5.403518e-01	1.690767e+00
787	4.703329e-01	4.869546e-01	1.940889e+00
788	4.744813e-01	4.969154e-01	2.099170e+00
