778
0	1.004344e-01	3.614113e-01	1.398632e+00
1	5.327812e-01	6.127334e-01	1.108451e+00
2	3.993253e-01	4.472699e-01	2.925745e+00
3	5.033916e-01	5.784446e-01	2.732291e+00
4	4.681718e-01	3.618311e-01	1.257938e+00
5	4.960551e-01	5.702954e-01	2.424524e+00
6	7.145375e-01	8.579921e-01	1.383000e+00
7	5.120156e-01	5.326692e-01	2.705911e+00
8	4.886121e-01	5.249016e-01	2.442110e+00
9	4.732228e-01	5.151522e-01	2.233024e+00
10	4.547957e-01	5.146867e-01	2.376649e+00
11	4.775120e-01	5.160357e-01	1.556913e+00
12	3.758286e-01	3.936763e-01	2.950171e+00
13	5.162829e-01	5.092968e-01	1.066439e+00
14	4.763679e-01	5.075815e-01	1.626282e+00
15	4.412313e-01	5.426950e-01	1.306790e+00
16	4.746467e-01	5.134765e-01	2.902296e+00
17	4.288871e-01	3.773329e-01	1.195408e+00
18	4.638024e-01	5.640865e-01	1.785540e+00
19	4.546650e-01	4.430675e-01	1.248168e+00
20	4.566125e-01	5.180360e-01	1.863703e+00
21	4.306173e-01	3.901524e-01	2.671715e+00
22	4.720561e-01	5.025197e-01	2.487054e+00
23	6.591101e-01	5.283489e-01	1.946751e+00
24	4.903011e-01	5.414868e-01	1.303859e+00
25	3.196532e-01	2.593383e-01	2.152907e+00
26	4.851713e-01	5.183190e-01	1.388862e+00
27	4.704661e-01	5.072455e-01	1.591109e+00
28	5.057551e-01	5.283899e-01	2.205667e+00
29	4.900757e-01	5.305163e-01	2.181241e+00
30	3.924416e-01	6.237279e-01	1.475818e+00
31	5.687666e-01	4.860028e-01	2.309233e+00
32	5.125883e-01	5.345887e-01	2.073766e+00
33	2.696576e-01	2.504598e-01	2.331705e+00
34	5.094250e-01	5.457346e-01	1.126038e+00
35	3.803819e-01	7.640018e-01	2.235955e+00
36	4.067306e-01	7.549082e-01	2.805569e+00
37	4.751353e-01	5.159435e-01	2.555447e+00
38	4.802162e-01	5.386548e-01	2.559355e+00
39	4.707260e-01	5.161954e-01	1.895945e+00
40	5.105374e-01	5.609854e-01	1.282364e+00
41	3.782924e-01	3.682187e-01	2.750855e+00
42	4.722218e-01	5.110963e-01	2.412799e+00
43	4.801249e-01	4.972758e-01	2.557401e+00
44	4.489227e-01	6.488786e-01	1.648754e+00
45	5.205821e-01	4.272739e-01	1.721055e+00
46	4.469786e-01	4.857384e-01	2.588666e+00
47	4.646790e-01	5.095161e-01	1.525647e+00
48	4.730577e-01	5.189937e-01	2.751832e+00
49	3.586670e-01	4.500874e-01	2.625794e+00
50	4.261335e-01	4.747607e-01	1.663410e+00
51	4.731520e-01	5.076455e-01	2.560332e+00
52	4.773556e-01	5.005151e-01	1.696629e+00
53	4.769189e-01	5.285682e-01	1.506106e+00
54	4.772102e-01	5.206815e-01	2.675623e+00
55	4.168754e-01	4.293459e-01	2.497802e+00
56	5.440948e-01	7.568257e-01	1.031265e+00
57	4.862560e-01	5.474707e-01	2.361993e+00
58	3.750699e-01	4.537998e-01	1.866634e+00
60	4.092292e-01	9.356215e-02	1.503175e+00
61	4.739659e-01	4.838332e-01	2.449927e+00
62	4.722542e-01	5.003418e-01	2.831949e+00
63	4.722932e-01	5.250598e-01	2.317049e+00
64	4.490191e-01	4.874013e-01	2.353200e+00
65	4.744618e-01	5.128996e-01	2.575965e+00
66	5.233820e-01	5.087491e-01	2.922814e+00
67	4.036458e-01	3.763803e-01	2.289692e+00
68	4.244655e-01	4.142053e-01	2.766488e+00
69	5.019691e-01	5.802149e-01	1.522716e+00
70	4.866446e-01	4.749598e-01	2.769419e+00
71	4.762388e-01	4.831745e-01	1.110405e+00
72	4.564719e-01	4.998294e-01	1.412311e+00
73	6.616932e-01	6.335609e-01	1.951637e+00
74	4.640992e-01	4.008107e-01	1.449438e+00
75	5.316042e-01	6.314715e-01	2.176356e+00
76	5.460117e-01	5.559027e-01	1.212995e+00
77	4.897614e-01	4.831773e-01	1.872496e+00
78	4.870638e-01	5.368155e-01	1.606742e+00
79	4.635303e-01	5.800594e-01	1.183683e+00
80	5.066557e-01	5.502075e-01	2.736199e+00
81	4.742062e-01	5.125360e-01	1.617489e+00
82	4.115959e-01	4.496460e-01	2.456766e+00
83	4.097001e-01	3.640600e-01	1.406448e+00
84	4.627902e-01	4.228506e-01	2.453835e+00
85	4.760531e-01	5.188830e-01	2.712750e+00
86	4.758666e-01	5.268575e-01	2.877870e+00
87	6.449805e-01	6.754233e-01	1.533464e+00
88	3.872818e-01	3.802937e-01	2.169516e+00
89	2.923338e-01	3.624272e-01	2.483146e+00
90	4.397830e-01	4.045170e-01	1.538349e+00
91	4.707030e-01	5.200874e-01	1.117245e+00
92	4.672506e-01	5.033147e-01	2.709819e+00
93	4.905851e-01	5.160879e-01	2.929653e+00
94	4.143583e-01	6.299183e-01	2.125550e+00
95	4.350348e-01	4.402191e-01	2.148999e+00
96	4.932145e-01	4.902837e-01	1.206155e+00
98	4.767268e-01	5.121880e-01	1.997557e+00
99	4.269970e-01	4.181043e-01	1.753298e+00
100	4.642511e-01	5.097444e-01	1.491451e+00
101	4.721144e-01	5.111622e-01	2.381534e+00
102	4.554266e-01	4.961718e-01	1.837323e+00
103	3.880039e-01	4.142142e-01	2.723498e+00
104	4.112540e-01	4.638646e-01	1.216903e+00
105	4.625312e-01	5.085450e-01	1.385931e+00
107	4.636467e-01	5.377461e-01	1.887152e+00
108	3.060117e-01	5.588269e-01	1.869565e+00
109	4.291026e-01	6.067678e-01	2.657059e+00
110	5.615190e-01	4.927405e-01	1.905716e+00
111	4.816811e-01	4.788946e-01	2.319980e+00
113	4.947013e-01	6.246926e-01	1.155349e+00
114	4.895985e-01	5.364994e-01	1.261847e+00
115	5.397908e-01	6.301432e-01	1.308745e+00
116	5.512375e-01	8.275616e-01	1.148510e+00
117	4.556299e-01	4.605418e-01	1.865657e+00
118	4.850211e-01	5.590439e-01	2.988276e+00
119	5.017202e-01	4.414723e-01	1.479726e+00
120	4.541710e-01	4.619860e-01	2.095261e+00
121	5.403072e-01	5.393737e-01	2.442110e+00
122	4.535480e-01	7.042545e-01	1.070347e+00
123	3.657001e-01	5.019039e-01	1.417196e+00
124	4.731489e-01	5.133780e-01	2.817294e+00
126	5.039402e-01	5.592807e-01	2.738153e+00
127	5.694455e-01	5.938562e-01	2.338544e+00
128	5.071693e-01	4.049183e-01	1.282364e+00
129	4.896752e-01	5.249090e-01	2.676600e+00
130	5.058750e-01	4.058437e-01	2.443087e+00
131	3.726710e-01	7.332891e-01	2.375672e+00
132	6.764696e-01	3.803338e-01	1.220811e+00
133	4.402937e-01	4.695078e-01	2.407914e+00
134	4.164059e-01	4.608529e-01	2.277968e+00
135	4.598492e-01	5.188930e-01	2.409868e+00
136	5.168303e-01	5.275806e-01	2.083537e+00
137	4.972597e-01	4.141637e-01	2.286761e+00
138	5.316612e-01	2.549001e-01	1.194431e+00
139	4.804496e-01	4.958410e-01	2.818271e+00
140	4.498019e-01	3.857073e-01	2.827064e+00
141	4.908566e-01	5.247157e-01	1.684905e+00
142	4.652509e-01	5.172320e-01	1.999511e+00
143	4.745772e-01	5.311323e-01	1.956522e+00
144	4.857323e-01	4.316896e-01	2.323889e+00
145	4.472593e-01	5.997297e-01	2.501710e+00
146	6.846039e-01	3.531854e-01	2.395213e+00
147	3.650735e-01	4.961241e-01	2.719590e+00
148	4.747774e-01	5.125493e-01	2.937469e+00
149	4.948199e-01	5.278007e-01	2.803615e+00
150	6.059500e-01	6.008071e-01	1.794333e+00
151	4.821379e-01	5.084646e-01	2.611138e+00
152	4.237668e-01	4.765097e-01	1.724963e+00
153	4.728307e-01	4.834294e-01	1.983879e+00
154	4.776219e-01	5.185669e-01	2.181241e+00
155	4.712789e-01	6.058168e-01	1.295066e+00
156	4.934240e-01	5.844189e-01	1.970200e+00
157	4.816722e-01	4.942670e-01	2.387396e+00
158	6.030817e-01	4.258413e-01	2.386419e+00
159	4.339211e-01	4.786243e-01	2.647289e+00
160	4.585754e-01	4.921993e-01	1.686859e+00
161	4.448511e-01	4.897523e-01	1.553981e+00
162	3.971250e-01	4.344149e-01	1.764045e+00
163	4.138763e-01	4.175572e-01	1.632145e+00
164	4.726929e-01	5.126949e-01	1.235467e+00
165	4.752471e-01	5.181280e-01	2.251588e+00
166	4.855545e-01	4.832106e-01	1.751343e+00
167	3.870435e-01	4.999152e-01	1.715193e+00
168	4.751922e-01	5.095563e-01	2.109917e+00
169	4.491190e-01	4.659232e-01	2.137274e+00
170	4.813579e-01	4.081439e-01	2.099170e+00
171	3.880150e-01	4.380142e-01	2.057157e+00
172	5.482566e-01	4.797898e-01	2.246702e+00
173	4.689107e-01	4.891466e-01	1.894968e+00
174	4.514848e-01	5.485648e-01	2.453835e+00
175	4.652034e-01	4.824588e-01	2.834880e+00
176	4.989869e-01	4.719020e-01	2.215437e+00
177	4.601552e-01	4.858872e-01	2.153884e+00
178	4.768269e-01	5.184204e-01	2.475330e+00
179	4.122243e-01	3.628317e-01	1.274548e+00
180	4.996032e-01	5.180786e-01	2.127504e+00
181	4.730026e-01	5.113615e-01	1.790425e+00
182	4.592863e-01	5.493664e-01	1.736688e+00
183	3.414283e-01	4.091735e-01	1.692721e+00
184	5.423403e-01	6.128646e-01	2.042501e+00
185	5.235445e-01	3.694624e-01	1.468979e+00
186	4.792641e-01	5.318831e-01	1.784563e+00
187	3.645883e-01	2.181075e-01	2.653151e+00
188	4.605639e-01	4.941222e-01	1.839277e+00
189	4.682992e-01	5.196365e-01	1.175867e+00
190	4.959406e-01	4.325311e-01	2.807523e+00
191	2.847920e-01	4.045539e-01	2.811431e+00
192	5.424676e-01	4.591410e-01	1.192477e+00
193	5.308692e-01	6.412551e-01	1.620420e+00
194	6.333138e-01	4.172181e-01	2.624817e+00
195	4.769652e-01	5.163908e-01	2.806546e+00
196	6.019684e-01	6.640293e-01	1.763068e+00
197	4.553900e-01	7.304110e-01	2.060088e+00
198	5.912930e-01	5.779003e-01	2.458720e+00
199	4.786634e-01	4.797853e-01	2.463605e+00
200	4.987046e-01	2.781704e-01	1.141671e+00
201	4.653459e-01	5.156715e-01	1.146556e+00
202	5.087105e-01	6.087023e-01	1.395701e+00
203	4.720559e-01	5.004427e-01	1.755252e+00
204	4.554970e-01	4.781259e-01	2.901319e+00
205	4.746620e-01	4.741861e-01	2.123596e+00
206	4.500858e-01	5.053073e-01	1.652662e+00
207	4.967740e-01	5.521273e-01	1.199316e+00
208	4.851154e-01	5.234552e-01	2.170493e+00
209	6.507731e-01	5.744412e-01	2.733268e+00
210	5.385238e-01	5.891768e-01	1.545188e+00
211	4.827820e-01	5.111897e-01	1.376160e+00
212	4.810009e-01	4.914410e-01	1.621397e+00
213	4.707374e-01	5.124951e-01	1.883244e+00
214	4.895645e-01	5.184530e-01	1.612604e+00
215	5.044074e-01	4.814373e-01	2.909135e+00
216	4.727278e-01	5.127902e-01	1.354665e+00
217	4.864242e-01	5.018885e-01	2.770396e+00
218	4.011651e-01	4.957437e-01	2.148999e+00
219	4.840995e-01	4.731414e-01	2.624817e+00
220	5.260553e-01	4.298311e-01	2.697118e+00
221	5.180335e-01	5.085205e-01	1.938935e+00
222	6.264248e-01	4.859858e-01	1.854910e+00
223	5.132456e-01	5.648167e-01	2.625794e+00
224	4.831754e-01	4.933894e-01	2.984367e+00
225	4.419368e-01	4.587461e-01	2.693210e+00
226	4.911785e-01	5.363800e-01	2.276014e+00
227	5.117703e-01	5.188597e-01	1.245237e+00
228	4.795403e-01	5.108866e-01	1.489497e+00
229	4.710424e-01	5.150387e-01	2.305325e+00
230	4.711573e-01	5.193779e-01	2.689301e+00
231	4.714502e-01	5.003624e-01	1.346849e+00
232	4.587126e-01	4.838571e-01	2.447973e+00
233	4.538622e-01	5.493704e-01	1.591109e+00
234	6.393834e-01	4.428554e-01	1.931119e+00
235	4.547321e-01	4.881135e-01	2.687347e+00
236	4.747494e-01	5.122380e-01	2.787982e+00
237	4.697273e-01	5.040423e-01	1.510015e+00
238	4.494050e-01	4.884152e-01	2.193942e+00
239	5.054209e-01	5.600193e-01	2.918906e+00
240	4.257893e-01	4.055448e-01	1.734734e+00
241	5.548551e-01	5.528704e-01	1.119199e+00
242	5.126721e-01	4.408541e-01	1.631168e+00
243	4.878278e-01	4.564316e-01	1.258915e+00
244	4.943282e-01	5.426956e-01	2.458720e+00
245	4.536142e-01	4.071095e-01	2.134343e+00
246	4.772560e-01	5.093931e-01	2.662921e+00
247	4.752801e-01	5.373280e-01	2.924768e+00
248	5.428972e-01	6.078183e-01	2.983390e+00
249	4.495657e-01	9.152963e-01	2.305325e+00
250	7.071310e-01	9.540997e-01	2.763556e+00
251	6.378864e-01	8.817868e-01	2.374695e+00
252	5.123693e-01	5.057569e-01	1.703468e+00
253	5.565442e-01	5.471357e-01	1.246214e+00
254	3.340300e-01	3.674744e-01	2.925745e+00
255	4.722002e-01	4.828479e-01	1.857841e+00
256	4.642669e-01	4.902714e-01	2.601368e+00
257	4.971161e-01	5.558056e-01	2.413776e+00
258	4.667003e-01	5.084997e-01	2.569126e+00
259	3.594616e-01	4.438347e-01	1.865657e+00
260	4.719191e-01	5.149168e-01	2.574988e+00
261	4.698191e-01	5.388956e-01	1.598925e+00
262	4.492947e-01	7.444655e-01	2.264289e+00
263	6.278636e-01	4.357885e-01	1.176844e+00
264	4.450875e-01	6.535964e-01	1.061553e+00
265	4.674982e-01	4.884368e-01	2.526136e+00
266	4.600683e-01	4.660559e-01	1.928188e+00
267	4.178811e-01	5.134029e-01	2.006351e+00
268	4.926699e-01	5.573431e-01	1.041036e+00
269	4.932937e-01	7.501358e-01	1.793356e+00
270	5.252828e-01	6.448209e-01	1.860772e+00
271	5.531504e-01	4.907603e-01	1.389839e+00
272	4.787431e-01	5.311817e-01	1.052760e+00
273	5.450065e-01	6.731433e-01	1.156326e+00
274	5.027856e-01	6.931339e-01	1.981925e+00
275	4.625545e-01	6.473054e-01	2.256473e+00
276	4.774334e-01	4.661329e-01	2.368832e+00
277	5.111212e-01	5.031227e-01	2.024915e+00
279	4.709161e-01	5.010699e-01	1.348803e+00
280	4.569780e-01	5.171369e-01	2.472399e+00
281	5.639357e-01	3.756129e-01	2.288715e+00
282	4.966450e-01	6.225098e-01	2.745970e+00
283	4.660290e-01	5.181362e-01	2.490962e+00
284	4.910299e-01	4.883118e-01	2.515388e+00
285	4.397747e-01	6.818545e-01	1.545188e+00
286	4.534227e-01	5.062297e-01	2.662921e+00
287	4.539815e-01	4.900378e-01	2.264289e+00
288	4.332430e-01	4.340945e-01	2.905227e+00
289	5.063413e-01	6.463496e-01	1.058622e+00
290	4.809679e-01	5.928881e-01	2.152907e+00
291	6.593168e-01	8.206564e-01	2.784074e+00
292	4.700526e-01	5.122687e-01	2.445042e+00
293	7.734608e-01	9.330804e-01	2.852467e+00
294	4.616426e-01	5.602913e-01	2.070835e+00
295	4.984333e-01	5.663286e-01	1.406448e+00
296	2.352686e-01	9.889824e-02	1.751343e+00
297	4.412839e-01	4.673610e-01	2.077675e+00
298	5.566568e-01	4.678304e-01	1.601856e+00
299	4.780441e-01	5.455058e-01	2.048363e+00
300	4.774897e-01	5.015011e-01	2.781143e+00
301	4.737894e-01	5.140327e-01	2.779189e+00
302	5.049856e-01	5.907132e-01	2.617978e+00
303	4.127473e-01	3.226570e-01	1.698583e+00
304	4.825102e-01	4.900653e-01	1.948705e+00
305	4.574429e-01	4.832826e-01	1.416219e+00
306	4.347578e-01	7.798190e-01	1.745481e+00
307	4.768914e-01	5.285538e-01	2.291646e+00
308	7.057074e-01	8.400060e-01	1.868588e+00
309	4.818905e-01	4.912454e-01	2.511480e+00
310	4.771232e-01	5.201383e-01	2.596483e+00
311	4.078883e-01	4.112618e-01	2.855398e+00
312	5.038149e-01	5.617713e-01	1.312653e+00
313	5.283077e-01	6.326415e-01	1.787494e+00
314	4.763824e-01	5.212095e-01	2.252565e+00
315	5.009378e-01	6.098125e-01	1.978017e+00
316	3.227217e-01	5.189087e-01	2.965804e+00
317	4.681157e-01	5.048488e-01	2.221299e+00
318	5.837170e-01	4.496489e-01	1.701514e+00
319	3.859425e-01	4.016714e-01	1.135809e+00
320	4.749107e-01	5.192082e-01	2.997069e+00
321	4.438585e-01	9.345234e-01	2.470445e+00
322	3.978215e-01	3.658599e-01	2.362970e+00
323	4.778030e-01	5.079450e-01	2.553493e+00
324	4.876065e-01	5.451309e-01	1.347826e+00
325	4.770121e-01	8.121597e-01	2.896434e+00
326	4.777707e-01	5.097941e-01	1.857841e+00
327	3.913166e-01	4.189277e-01	1.669272e+00
328	4.558846e-01	4.992146e-01	1.726917e+00
329	5.024041e-01	5.950452e-01	2.604299e+00
330	4.576596e-01	4.826855e-01	2.089399e+00
331	5.115732e-01	4.630679e-01	1.552027e+00
332	4.613993e-01	6.268160e-01	1.769907e+00
333	5.047961e-01	5.475638e-01	1.382022e+00
334	4.600207e-01	3.690486e-01	2.510503e+00
335	4.757495e-01	4.876358e-01	1.640938e+00
336	4.665004e-01	5.232057e-01	2.933561e+00
337	4.471416e-01	6.080571e-01	1.033219e+00
338	5.495349e-01	5.178672e-01	1.408403e+00
339	4.742053e-01	5.276004e-01	2.767465e+00
340	4.820873e-01	5.176471e-01	1.526624e+00
341	4.754866e-01	5.082679e-01	1.456277e+00
342	4.689856e-01	5.360526e-01	1.054714e+00
343	5.281728e-01	4.558940e-01	2.601368e+00
344	5.014554e-01	8.187967e-01	2.193942e+00
345	5.423460e-01	9.148948e-01	2.321935e+00
346	4.601804e-01	4.514437e-01	1.564729e+00
347	4.695079e-01	4.938025e-01	1.679043e+00
348	3.900922e-01	5.199252e-01	2.034685e+00
349	4.870289e-01	5.310558e-01	2.564240e+00
350	3.493115e-01	4.149502e-01	2.311187e+00
351	6.896951e-01	5.636197e-01	1.297997e+00
352	4.680353e-01	4.930503e-01	2.873962e+00
353	5.620940e-01	4.192260e-01	2.202736e+00
354	4.736018e-01	5.142951e-01	2.653151e+00
355	4.503095e-01	4.339438e-01	2.461651e+00
356	4.723396e-01	4.996397e-01	1.679043e+00
357	4.753892e-01	5.932562e-01	2.991207e+00
358	4.843105e-01	3.839878e-01	2.857352e+00
359	4.527725e-01	4.197979e-01	1.913532e+00
360	4.979344e-01	5.473460e-01	1.216903e+00
361	3.775479e-01	4.495157e-01	1.214949e+00
362	4.761039e-01	4.011489e-01	1.005862e+00
363	4.788956e-01	5.118484e-01	2.227162e+00
364	4.773326e-01	5.073660e-01	1.723009e+00
366	5.152373e-01	4.083243e-01	1.692721e+00
367	4.835428e-01	4.982797e-01	1.154372e+00
368	4.603477e-01	4.940722e-01	1.851001e+00
369	4.779714e-01	5.061297e-01	2.418661e+00
370	4.429727e-01	5.105261e-01	1.874450e+00
371	4.215247e-01	5.363689e-01	1.591109e+00
372	4.567551e-01	5.266439e-01	2.199805e+00
373	4.318761e-01	4.601419e-01	2.208598e+00
374	4.215214e-01	4.890115e-01	1.322423e+00
375	4.560576e-01	4.151154e-01	2.361016e+00
376	4.300791e-01	3.824955e-01	1.815828e+00
377	4.736403e-01	5.124430e-01	1.328285e+00
378	4.662688e-01	5.129195e-01	1.883244e+00
379	3.889903e-01	2.645846e-01	1.599902e+00
380	2.728085e-01	3.021191e-01	2.343429e+00
381	4.961211e-01	5.343740e-01	1.835369e+00
382	4.658913e-01	6.312357e-02	1.065462e+00
383	5.254203e-01	5.581519e-01	1.698583e+00
384	4.836185e-01	4.586339e-01	2.761602e+00
385	3.621720e-01	3.702851e-01	1.961407e+00
386	4.250953e-01	4.951245e-01	2.449927e+00
387	4.322680e-01	4.559241e-01	2.669761e+00
388	4.792111e-01	4.176927e-01	2.597460e+00
389	4.770930e-01	5.281015e-01	2.960918e+00
390	4.869307e-01	5.337055e-01	1.655594e+00
391	5.138331e-01	6.031213e-01	2.572057e+00
392	4.743510e-01	5.094504e-01	1.234489e+00
393	4.899012e-01	5.545964e-01	1.607719e+00
394	4.792432e-01	5.181356e-01	2.643381e+00
395	2.737647e-01	3.036037e-01	1.233512e+00
397	5.636328e-01	7.561823e-01	1.083048e+00
398	7.224690e-01	8.856190e-01	2.453835e+00
399	5.763907e-01	5.049520e-01	2.169516e+00
400	4.627437e-01	4.180855e-01	1.634099e+00
401	2.159322e-01	5.136070e-01	1.314607e+00
402	5.092574e-01	5.427727e-01	2.292623e+00
403	4.728286e-01	5.108360e-01	1.759160e+00
404	3.471267e-01	4.694642e-01	2.942355e+00
405	4.960502e-01	5.507527e-01	1.358574e+00
406	4.378256e-01	4.482515e-01	1.474841e+00
407	4.251460e-01	7.231157e-01	2.850513e+00
408	4.611474e-01	3.795139e-01	2.543723e+00
409	4.513041e-01	5.100335e-01	1.170005e+00
410	5.026952e-01	5.314075e-01	2.011236e+00
411	4.378947e-01	5.163730e-01	2.982413e+00
412	5.203804e-01	8.341524e-01	1.578407e+00
413	3.847168e-01	3.910734e-01	2.904250e+00
414	4.780252e-01	5.367711e-01	2.948217e+00
415	4.694838e-01	5.169529e-01	1.856864e+00
416	4.893829e-01	5.471310e-01	1.780655e+00
417	5.121722e-01	5.223846e-01	1.223742e+00
418	4.921552e-01	5.162518e-01	2.928676e+00
419	4.602911e-01	5.140583e-01	1.055691e+00
420	4.953579e-01	5.233072e-01	2.823156e+00
421	4.721388e-01	5.147565e-01	2.886663e+00
422	4.590695e-01	5.039445e-01	1.391793e+00
423	2.568586e-01	4.204871e-01	1.467025e+00
424	4.674730e-01	5.030765e-01	1.512946e+00
425	4.466600e-01	9.361167e-01	1.960430e+00
426	4.510273e-01	9.375979e-01	2.254519e+00
427	3.429559e-01	4.003526e-01	2.899365e+00
428	4.477475e-01	5.029230e-01	1.247191e+00
429	4.796741e-01	5.073886e-01	1.802149e+00
430	4.819400e-01	5.010014e-01	1.663410e+00
431	3.765622e-01	3.731713e-01	2.556424e+00
432	4.711617e-01	8.176217e-01	2.947240e+00
433	4.793453e-01	4.893027e-01	2.475330e+00
434	4.654114e-01	4.928865e-01	2.923791e+00
435	2.854963e-01	5.365576e-01	2.906204e+00
436	5.435325e-01	2.928748e-01	2.668784e+00
437	4.950581e-01	5.338317e-01	2.476307e+00
438	3.801055e-01	4.145225e-01	2.065950e+00
439	4.739409e-01	5.191762e-01	1.983879e+00
440	4.777938e-01	6.230336e-01	1.637030e+00
441	3.048755e-01	5.555977e-01	1.338056e+00
442	4.581832e-01	5.316278e-01	2.406937e+00
443	4.046114e-01	5.272781e-01	1.422081e+00
444	3.813837e-01	3.894955e-01	2.956033e+00
445	4.761726e-01	5.241913e-01	2.601368e+00
446	4.881368e-01	7.114055e-01	1.846116e+00
447	4.767161e-01	5.164488e-01	1.264778e+00
448	4.487955e-01	4.473085e-01	1.119199e+00
449	4.553077e-01	4.758807e-01	1.956522e+00
450	5.771432e-01	7.810411e-01	2.971666e+00
451	4.712049e-01	5.068995e-01	2.149976e+00
452	5.527405e-01	5.085219e-01	1.574499e+00
453	4.167223e-01	4.238725e-01	1.775769e+00
454	2.978893e-01	1.084498e-01	1.542257e+00
455	4.874805e-01	5.679679e-01	2.984367e+00
456	4.573347e-01	4.791897e-01	1.577430e+00
457	4.442424e-01	4.517891e-01	2.955056e+00
458	4.826593e-01	5.264704e-01	2.865169e+00
459	4.336472e-01	4.375456e-01	1.672203e+00
461	2.332595e-01	5.892916e-01	2.513434e+00
462	4.758191e-01	4.639355e-01	1.853933e+00
463	5.108651e-01	5.379695e-01	2.858329e+00
464	3.708451e-01	4.411694e-01	1.574499e+00
465	4.566453e-01	5.527868e-01	1.432829e+00
466	4.668647e-01	5.144679e-01	1.500244e+00
467	5.828368e-01	6.013336e-01	1.323400e+00
468	4.917134e-01	5.088165e-01	2.147044e+00
469	4.984717e-01	5.210786e-01	2.698095e+00
470	4.835203e-01	5.107062e-01	1.364436e+00
471	5.411346e-01	5.950274e-01	2.076698e+00
472	4.713396e-01	5.138855e-01	2.011236e+00
473	3.858828e-01	3.860239e-01	1.215926e+00
474	4.654738e-01	5.135252e-01	2.299463e+00
475	4.479642e-01	4.349950e-01	1.683928e+00
476	4.723781e-01	5.072793e-01	2.081583e+00
477	4.887358e-01	5.581921e-01	2.350269e+00
478	4.767842e-01	6.516495e-01	2.728383e+00
479	5.248384e-01	5.584829e-01	1.194431e+00
480	4.176477e-01	4.466139e-01	2.515388e+00
481	4.865545e-01	5.229538e-01	1.865657e+00
482	5.798987e-01	7.229257e-01	1.802149e+00
483	4.741541e-01	4.696484e-01	1.367367e+00
484	5.230573e-01	6.200404e-01	1.148510e+00
485	4.714230e-01	4.817231e-01	2.427455e+00
486	4.497331e-01	3.637792e-01	2.196873e+00
487	4.547165e-01	5.644682e-01	2.386419e+00
488	4.465447e-01	4.612054e-01	1.294089e+00
489	4.800785e-01	4.917080e-01	1.687836e+00
490	5.048958e-01	5.047391e-01	1.146556e+00
491	6.877037e-01	5.200074e-01	1.597948e+00
492	5.146501e-01	4.599900e-01	2.412799e+00
493	5.195584e-01	6.436688e-01	1.227650e+00
494	3.471360e-01	4.734141e-01	2.522228e+00
495	4.909940e-01	5.590362e-01	1.437714e+00
496	4.994040e-01	5.561117e-01	1.523693e+00
497	5.028684e-01	3.695271e-01	1.221788e+00
498	5.286308e-01	5.566473e-01	1.652662e+00
499	5.354506e-01	6.329360e-01	1.269663e+00
500	4.745531e-01	5.076672e-01	2.967758e+00
501	4.820361e-01	5.110513e-01	2.546654e+00
502	4.515836e-01	6.635926e-01	1.818759e+00
503	4.678132e-01	4.961649e-01	1.919394e+00
504	4.710026e-01	5.072730e-01	2.563263e+00
505	5.197383e-01	6.443316e-01	1.451392e+00
506	5.268829e-01	4.691076e-01	1.718124e+00
507	4.635965e-01	4.878611e-01	1.207132e+00
508	4.760440e-01	5.323412e-01	1.236444e+00
509	5.145996e-01	4.962584e-01	2.622863e+00
510	6.304043e-01	4.961559e-01	2.549585e+00
511	4.747803e-01	5.132437e-01	2.966781e+00
512	5.289744e-01	7.288328e-01	2.395213e+00
513	5.116523e-01	5.339967e-01	1.534441e+00
514	4.153929e-01	3.143921e-01	1.550073e+00
515	4.074886e-01	4.183730e-01	1.610650e+00
516	7.511349e-01	5.399358e-01	1.612604e+00
517	4.718131e-01	5.068236e-01	1.086957e+00
518	4.002368e-01	4.957691e-01	2.282853e+00
519	5.239617e-01	7.885522e-01	1.573522e+00
520	4.816368e-01	4.996470e-01	2.497802e+00
521	4.588767e-01	5.094633e-01	1.752320e+00
523	4.867957e-01	5.214849e-01	1.209086e+00
524	4.248911e-01	4.218500e-01	2.755740e+00
525	3.150113e-01	4.225625e-01	1.499267e+00
526	4.578889e-01	5.148341e-01	1.014656e+00
527	4.050504e-01	7.836284e-02	2.891549e+00
528	4.764341e-01	4.962158e-01	2.478261e+00
529	3.816572e-01	4.446219e-01	1.898876e+00
530	4.851083e-01	4.886884e-01	1.188569e+00
531	4.532638e-01	4.915343e-01	2.785051e+00
532	4.784069e-01	5.152754e-01	2.945286e+00
533	4.048563e-01	3.854577e-01	2.458720e+00
534	3.759777e-01	3.983216e-01	2.673669e+00
535	4.564266e-01	5.140596e-01	1.399609e+00
536	4.763283e-01	5.477097e-01	2.604299e+00
537	4.759616e-01	5.141747e-01	1.529555e+00
538	4.770442e-01	5.114546e-01	2.823156e+00
539	4.908265e-01	5.119933e-01	2.826087e+00
540	4.536296e-01	4.696165e-01	2.844651e+00
541	5.093677e-01	4.838158e-01	2.290669e+00
542	4.665401e-01	5.150808e-01	2.570103e+00
543	5.213639e-01	5.365574e-01	2.396190e+00
544	5.068655e-01	4.689926e-01	1.318515e+00
545	4.467908e-01	4.980631e-01	2.605276e+00
546	5.006333e-01	4.247036e-01	2.683439e+00
547	5.243851e-01	4.366567e-01	1.587201e+00
548	4.005550e-01	3.635344e-01	1.375183e+00
549	4.781749e-01	5.064697e-01	2.298486e+00
550	3.667009e-01	4.416330e-01	1.285296e+00
551	4.794172e-01	5.055856e-01	2.983390e+00
552	3.550313e-01	5.831241e-01	1.195408e+00
553	4.584412e-01	5.049742e-01	2.414753e+00
554	5.427748e-01	4.757069e-01	1.843185e+00
555	4.955466e-01	6.082867e-01	2.396190e+00
556	3.683872e-01	5.521651e-01	3.000000e+00
557	4.924735e-01	4.970411e-01	2.728383e+00
558	7.676164e-01	9.868370e-01	1.133854e+00
559	4.755249e-01	5.271760e-01	1.944797e+00
560	6.726574e-01	5.695613e-01	2.883732e+00
561	4.845164e-01	6.559747e-01	2.383488e+00
562	4.410910e-01	3.840302e-01	2.506595e+00
563	4.698998e-01	5.200256e-01	1.786517e+00
564	4.062465e-01	5.207696e-01	2.893503e+00
565	4.739470e-01	5.129899e-01	2.981436e+00
566	5.378526e-01	5.447744e-01	2.663898e+00
567	4.972946e-01	5.471326e-01	2.227162e+00
568	4.882376e-01	5.120787e-01	1.527601e+00
569	5.349194e-01	5.560324e-01	2.610161e+00
570	3.291482e-01	1.213550e-01	1.058622e+00
571	4.411587e-01	4.463295e-01	2.782120e+00
573	4.841997e-01	5.158217e-01	2.109917e+00
574	4.989714e-01	5.468296e-01	2.074744e+00
575	4.812043e-01	4.803660e-01	2.319003e+00
576	4.894077e-01	4.872330e-01	1.290181e+00
577	4.597129e-01	5.108675e-01	1.286273e+00
578	4.991854e-01	5.379160e-01	1.881290e+00
579	4.671129e-01	4.866651e-01	1.664387e+00
580	4.399244e-01	2.188690e-01	1.242306e+00
581	4.894999e-01	5.748745e-01	1.927211e+00
582	4.752292e-01	5.132739e-01	2.820225e+00
583	3.611290e-01	3.967819e-01	2.792868e+00
584	4.597012e-01	5.282036e-01	1.201270e+00
585	4.984623e-01	5.474761e-01	1.898876e+00
586	4.745280e-01	5.111614e-01	1.782609e+00
587	4.674001e-01	5.130734e-01	1.561798e+00
588	4.748490e-01	5.094959e-01	2.282853e+00
589	4.596859e-01	4.363618e-01	2.210552e+00
590	3.798745e-01	4.917659e-01	1.020518e+00
591	4.512564e-01	4.503088e-01	1.784563e+00
592	4.752081e-01	5.158458e-01	1.275525e+00
593	4.480743e-01	4.953942e-01	1.212995e+00
594	4.124601e-01	4.339747e-01	2.964827e+00
595	4.729175e-01	5.073525e-01	2.079629e+00
596	7.142231e-01	5.215598e-01	1.187592e+00
597	4.704393e-01	5.097203e-01	1.258915e+00
598	4.728241e-01	4.689766e-01	1.999511e+00
599	4.759937e-01	5.041338e-01	1.264778e+00
600	4.928616e-01	5.391861e-01	1.110405e+00
601	6.132313e-01	6.507568e-01	1.107474e+00
602	5.794841e-01	4.415299e-01	1.070347e+00
603	4.660504e-01	5.078279e-01	2.400098e+00
604	4.331923e-01	4.639140e-01	2.871031e+00
605	4.786407e-01	5.169045e-01	2.739130e+00
606	4.557046e-01	5.509496e-01	2.061065e+00
607	5.096562e-01	7.854830e-01	1.073278e+00
608	4.362947e-01	4.589545e-01	2.799707e+00
609	4.930936e-01	5.356182e-01	2.010259e+00
610	3.834313e-01	4.677791e-01	1.700537e+00
611	4.665250e-01	4.901300e-01	1.339033e+00
612	4.109597e-01	4.510522e-01	2.227162e+00
613	7.434328e-01	8.966313e-01	2.482169e+00
614	4.728509e-01	5.010611e-01	2.958964e+00
615	5.159627e-01	4.861386e-01	1.443576e+00
616	5.035448e-01	4.120863e-01	2.381534e+00
617	5.076855e-01	5.225165e-01	1.971177e+00
618	4.668224e-01	4.918491e-01	2.960918e+00
619	5.734413e-01	8.175202e-01	1.812897e+00
620	4.139898e-01	4.054086e-01	1.170982e+00
621	4.363562e-01	4.124853e-01	1.277479e+00
622	7.590913e-01	5.394367e-01	1.176844e+00
623	4.974497e-01	6.306616e-01	1.636053e+00
624	5.275912e-01	6.021303e-01	2.336590e+00
625	4.602779e-01	4.977887e-01	1.343918e+00
626	4.595249e-01	5.157354e-01	1.905716e+00
627	4.918317e-01	4.492279e-01	1.784563e+00
628	4.585278e-01	5.098183e-01	2.063996e+00
629	4.716963e-01	5.147797e-01	2.497802e+00
630	3.699218e-01	4.720011e-01	2.870054e+00
631	4.896431e-01	5.479259e-01	1.729849e+00
632	5.315578e-01	5.826475e-01	2.290669e+00
633	4.753167e-01	5.115686e-01	2.841720e+00
634	4.776622e-01	5.080898e-01	2.195896e+00
635	5.113566e-01	5.244463e-01	1.601856e+00
636	4.529206e-01	4.386274e-01	2.449927e+00
637	4.633363e-01	5.328782e-01	1.462140e+00
638	4.745433e-01	5.135238e-01	2.041524e+00
639	4.751462e-01	5.119064e-01	2.061065e+00
640	6.164710e-01	5.929421e-01	2.130435e+00
641	6.003869e-01	6.314360e-01	2.205667e+00
642	4.634828e-01	4.852505e-01	2.184172e+00
643	4.249659e-01	5.238937e-01	2.747924e+00
644	3.772674e-01	6.084019e-01	2.909135e+00
645	4.788004e-01	5.012565e-01	2.777235e+00
646	5.023955e-01	5.271608e-01	1.295066e+00
647	5.617870e-01	4.756812e-01	1.050806e+00
648	4.673933e-01	3.500280e-01	1.191500e+00
649	4.663516e-01	5.081490e-01	1.198339e+00
650	4.680148e-01	5.145430e-01	2.656082e+00
651	5.030245e-01	5.221451e-01	1.692721e+00
652	2.317829e-01	2.860015e-01	2.330728e+00
653	4.823801e-01	5.391448e-01	1.906693e+00
654	4.893013e-01	4.791750e-01	2.192965e+00
655	4.861473e-01	4.372948e-01	1.200293e+00
656	4.799467e-01	4.855136e-01	2.361016e+00
657	6.003382e-01	6.257677e-01	2.080606e+00
658	4.671628e-01	5.210226e-01	2.017098e+00
659	4.996448e-01	4.626806e-01	2.191011e+00
660	4.153928e-01	7.185123e-01	1.667318e+00
661	6.142936e-01	6.322034e-01	2.229116e+00
662	5.568549e-01	2.563692e-01	1.188569e+00
663	4.173925e-01	4.793187e-01	2.714704e+00
664	4.223450e-01	4.545027e-01	1.979971e+00
665	4.817422e-01	5.637565e-01	2.954079e+00
666	8.076752e-01	7.735478e-01	1.803127e+00
667	5.321184e-01	5.254568e-01	1.039082e+00
668	7.817051e-01	7.735006e-01	1.893014e+00
669	3.447226e-01	4.079914e-01	1.778701e+00
670	3.799642e-01	1.833369e-01	1.807035e+00
671	4.730536e-01	4.732162e-01	1.102589e+00
672	4.945158e-01	1.752649e-01	1.879336e+00
673	3.685551e-01	5.260212e-01	1.984856e+00
674	4.743645e-01	5.124313e-01	2.238886e+00
675	4.977343e-01	5.583425e-01	2.868100e+00
676	4.805482e-01	5.192948e-01	2.748901e+00
677	5.255627e-01	6.845083e-01	1.578407e+00
678	4.942819e-01	5.456329e-01	1.621397e+00
679	4.756735e-01	5.089519e-01	2.657059e+00
680	4.899430e-01	5.522389e-01	2.404983e+00
681	4.545572e-01	4.703131e-01	2.272106e+00
682	4.256645e-01	4.617616e-01	1.463117e+00
683	4.671808e-01	4.877867e-01	2.316072e+00
684	4.798558e-01	5.249055e-01	2.334636e+00
685	4.235735e-01	5.261021e-01	1.365413e+00
686	5.437700e-01	4.168938e-01	2.105032e+00
687	5.087816e-01	4.383651e-01	1.339033e+00
688	4.694086e-01	4.917642e-01	2.932584e+00
689	4.792320e-01	5.176408e-01	2.378603e+00
690	4.814327e-01	5.209488e-01	1.833415e+00
691	5.455557e-01	2.374052e-01	1.663410e+00
692	4.916762e-01	5.098187e-01	2.251588e+00
693	3.561220e-01	5.959638e-01	1.766976e+00
694	5.966309e-01	5.662941e-01	1.575476e+00
695	3.595319e-01	4.573685e-01	2.771373e+00
696	4.821808e-01	5.192948e-01	2.787005e+00
697	4.838181e-01	5.140656e-01	1.959453e+00
698	4.975360e-01	5.631716e-01	2.187103e+00
699	4.720834e-01	5.143716e-01	2.430386e+00
700	5.287319e-01	5.732620e-01	2.679531e+00
701	5.232965e-01	6.252150e-01	2.191988e+00
702	3.934872e-01	3.965857e-01	2.945286e+00
703	4.886923e-01	5.181381e-01	2.793845e+00
704	4.595824e-01	5.100646e-01	2.132389e+00
705	4.880766e-01	2.051534e-01	1.627259e+00
706	4.723508e-01	5.227609e-01	1.623351e+00
707	4.791531e-01	4.877155e-01	2.772350e+00
708	4.764643e-01	5.300120e-01	1.552027e+00
709	4.748580e-01	3.705048e-01	1.180752e+00
710	4.617071e-01	5.018877e-01	1.632145e+00
711	5.388039e-01	8.556267e-01	1.680997e+00
712	3.247515e-01	4.654686e-01	2.828041e+00
713	2.140471e-01	5.144122e-01	1.703468e+00
714	5.774512e-01	4.904244e-01	1.471910e+00
715	4.909513e-01	5.221284e-01	2.368832e+00
716	4.755273e-01	4.961902e-01	1.961407e+00
717	4.735392e-01	5.178944e-01	1.756229e+00
718	4.721146e-01	4.522904e-01	2.987298e+00
719	4.830857e-01	5.105469e-01	2.332682e+00
720	4.849315e-01	5.161925e-01	1.097704e+00
721	4.983870e-01	4.627650e-01	1.954568e+00
722	4.722445e-01	5.178318e-01	1.704446e+00
723	4.746221e-01	5.126754e-01	1.853933e+00
724	4.159788e-01	4.537996e-01	2.829995e+00
725	4.379563e-01	5.559716e-01	2.232047e+00
726	4.554416e-01	4.647658e-01	2.587689e+00
727	2.490989e-01	6.311529e-01	2.698095e+00
728	7.193485e-01	8.322487e-01	1.896922e+00
729	5.338397e-01	5.381825e-01	1.212995e+00
730	4.516299e-01	6.757412e-01	1.502198e+00
731	4.750437e-01	5.097959e-01	2.614069e+00
732	3.209760e-01	4.659711e-01	2.880801e+00
733	4.643618e-01	5.104407e-01	1.956522e+00
734	4.516098e-01	6.588097e-01	2.745970e+00
735	4.125472e-01	2.442879e-01	1.179775e+00
736	5.289664e-01	4.482480e-01	1.935027e+00
737	4.857291e-01	5.281576e-01	1.975085e+00
738	5.015338e-01	5.723833e-01	1.067416e+00
739	3.787593e-01	5.313080e-01	2.024915e+00
740	5.826763e-01	5.790273e-01	2.810454e+00
741	4.635766e-01	4.452057e-01	2.428432e+00
742	4.720074e-01	4.904462e-01	1.957499e+00
743	3.817394e-01	3.697731e-01	2.306302e+00
744	4.705129e-01	4.805114e-01	2.557401e+00
745	5.037430e-01	5.687232e-01	1.243283e+00
746	4.289596e-01	4.736117e-01	2.429409e+00
747	4.683191e-01	5.497537e-01	2.523205e+00
748	5.173074e-01	7.079916e-01	2.842697e+00
749	4.719935e-01	5.149121e-01	2.247680e+00
750	4.671711e-01	4.632762e-01	2.000489e+00
751	4.902638e-01	5.129291e-01	2.446019e+00
752	4.715766e-01	5.189063e-01	2.360039e+00
753	2.215934e-01	6.161909e-01	2.567171e+00
754	4.958420e-01	5.407960e-01	2.415730e+00
755	4.512353e-01	5.240103e-01	1.989741e+00
756	4.821559e-01	5.095979e-01	2.908158e+00
757	2.823142e-01	4.743717e-01	2.731314e+00
758	4.768196e-01	5.076167e-01	2.544700e+00
759	4.736793e-01	5.140488e-01	2.890572e+00
760	4.771088e-01	5.122215e-01	1.654617e+00
761	4.691169e-01	5.154709e-01	1.008793e+00
762	4.601739e-01	4.790661e-01	1.260870e+00
763	4.964253e-01	3.974977e-01	1.347826e+00
764	4.829573e-01	5.066731e-01	1.325354e+00
765	4.601979e-01	5.116546e-01	1.420127e+00
766	5.053179e-01	5.711386e-01	2.845628e+00
767	4.643832e-01	5.135504e-01	1.853933e+00
768	4.686897e-01	5.003317e-01	1.303859e+00
769	5.205863e-01	5.535781e-01	1.294089e+00
770	8.668639e-01	1.569243e-01	1.675134e+00
771	5.213892e-01	4.739705e-01	2.417684e+00
772	5.111826e-01	5.477704e-01	2.053249e+00
773	4.591754e-01	5.047234e-01	1.276502e+00
774	6.999535e-01	4.414916e-01	2.779189e+00
775	3.131595e-01	7.834578e-01	1.984856e+00
776	2.579176e-01	4.579760e-01	2.295554e+00
777	4.744760e-01	5.115674e-01	1.652662e+00
778	4.665452e-01	4.968215e-01	2.464582e+00
779	4.745001e-01	5.084318e-01	1.763068e+00
780	4.551143e-01	4.999400e-01	2.026869e+00
781	4.843631e-01	5.461917e-01	1.160234e+00
782	4.823042e-01	6.559709e-01	2.302394e+00
783	4.632398e-01	4.938510e-01	1.384954e+00
784	5.041866e-01	5.649886e-01	2.598437e+00
785	5.616230e-01	5.189124e-01	2.130435e+00
786	4.840296e-01	4.893693e-01	1.690767e+00
787	4.494605e-01	5.236023e-01	1.940889e+00
788	4.710456e-01	4.892016e-01	2.099170e+00
