789
0	9.606368e-01	4.343793e-01	1.398632e+00
1	2.624082e-01	3.953266e-01	1.108451e+00
2	5.101235e-01	5.536964e-01	2.925745e+00
3	4.708045e-01	4.431399e-01	2.732291e+00
4	4.198124e-01	6.455550e-01	1.257938e+00
5	4.660237e-01	5.902570e-01	2.424524e+00
6	4.543626e-01	7.316655e-01	1.383000e+00
7	4.881742e-01	5.650424e-01	2.705911e+00
8	4.975438e-01	5.088146e-01	2.442110e+00
9	4.823847e-01	5.168034e-01	2.233024e+00
10	4.642436e-01	4.908562e-01	2.376649e+00
11	4.768358e-01	5.178068e-01	1.556913e+00
12	3.962242e-01	6.884157e-01	2.950171e+00
13	4.049837e-01	3.589300e-01	1.066439e+00
14	4.741853e-01	5.208533e-01	1.626282e+00
15	3.901810e-01	4.933368e-01	1.306790e+00
16	4.742543e-01	5.153616e-01	2.902296e+00
17	5.456381e-01	4.550305e-01	1.195408e+00
18	4.499936e-01	4.914008e-01	1.785540e+00
19	4.782886e-01	5.441988e-01	1.248168e+00
20	5.007570e-01	5.383540e-01	1.863703e+00
21	5.569756e-01	5.770905e-01	2.671715e+00
22	4.808778e-01	5.114612e-01	2.487054e+00
23	3.905552e-01	7.531419e-01	1.946751e+00
24	5.975919e-01	4.590519e-01	1.303859e+00
25	3.283017e-01	7.247754e-01	2.152907e+00
26	4.777598e-01	5.260418e-01	1.388862e+00
27	4.807211e-01	4.676522e-01	1.591109e+00
28	4.998783e-01	4.661340e-01	2.205667e+00
29	4.907548e-01	5.063525e-01	2.181241e+00
30	4.000954e-01	4.999467e-01	1.475818e+00
31	5.428412e-01	5.427483e-01	2.309233e+00
32	5.076738e-01	4.918174e-01	2.073766e+00
33	4.649018e-01	2.721672e-01	2.331705e+00
34	4.800914e-01	5.439267e-01	1.126038e+00
35	6.508182e-01	5.339783e-01	2.235955e+00
36	6.542931e-01	7.402723e-01	2.805569e+00
37	3.347761e-01	4.378579e-01	2.555447e+00
38	4.751588e-01	5.179950e-01	2.559355e+00
39	4.749821e-01	5.351889e-01	1.895945e+00
40	4.881784e-01	4.639249e-01	1.282364e+00
41	4.418495e-01	5.954160e-01	2.750855e+00
42	4.772706e-01	5.227011e-01	2.412799e+00
43	4.786931e-01	5.161545e-01	2.557401e+00
44	4.791671e-01	3.537340e-01	1.648754e+00
45	4.464158e-01	4.494247e-01	1.721055e+00
46	4.620751e-01	5.828021e-01	2.588666e+00
47	4.809845e-01	5.185390e-01	1.525647e+00
48	4.803850e-01	5.222535e-01	2.751832e+00
49	5.840898e-01	6.716550e-01	2.625794e+00
50	4.589116e-01	4.066977e-01	1.663410e+00
51	4.765097e-01	5.129165e-01	2.560332e+00
52	4.786892e-01	5.193493e-01	1.696629e+00
53	4.807329e-01	5.159458e-01	1.506106e+00
54	4.727541e-01	5.123000e-01	2.675623e+00
55	5.247641e-01	4.850710e-01	2.497802e+00
56	3.838597e-01	6.962874e-01	1.031265e+00
57	4.520551e-01	6.450789e-01	2.361993e+00
58	4.670008e-01	6.211456e-01	1.866634e+00
59	7.497920e-01	7.890587e-01	2.930630e+00
60	5.891483e-01	8.519783e-01	1.503175e+00
61	4.856199e-01	5.121835e-01	2.449927e+00
62	4.738406e-01	5.126682e-01	2.831949e+00
63	4.888952e-01	5.047310e-01	2.317049e+00
64	5.037624e-01	4.790297e-01	2.353200e+00
65	4.824345e-01	5.170990e-01	2.575965e+00
66	3.968620e-01	5.187671e-01	2.922814e+00
67	4.762973e-01	5.700670e-01	2.289692e+00
68	3.820245e-01	4.172673e-01	2.766488e+00
69	5.115626e-01	3.109828e-01	1.522716e+00
70	4.431379e-01	5.216136e-01	2.769419e+00
71	4.801518e-01	5.157104e-01	1.110405e+00
72	4.960393e-01	5.010429e-01	1.412311e+00
73	7.487738e-01	4.528522e-01	1.951637e+00
74	4.489196e-01	3.230285e-01	1.449438e+00
75	2.293381e-01	5.046349e-01	2.176356e+00
76	4.576228e-01	4.105858e-01	1.212995e+00
77	5.002267e-01	5.296792e-01	1.872496e+00
78	4.689473e-01	5.556075e-01	1.606742e+00
79	5.049431e-01	3.596224e-01	1.183683e+00
80	5.160007e-01	4.505938e-01	2.736199e+00
81	4.749231e-01	5.123835e-01	1.617489e+00
82	5.133295e-01	6.077173e-01	2.456766e+00
83	4.280517e-01	3.788887e-01	1.406448e+00
84	5.929468e-01	4.812995e-01	2.453835e+00
85	4.720615e-01	5.199665e-01	2.712750e+00
86	4.815718e-01	5.131864e-01	2.877870e+00
87	5.294441e-01	7.788273e-01	1.533464e+00
88	5.621980e-01	6.356763e-01	2.169516e+00
89	5.829686e-01	2.441486e-01	2.483146e+00
90	5.254126e-01	4.408386e-01	1.538349e+00
91	4.724632e-01	5.157172e-01	1.117245e+00
92	4.777549e-01	5.236646e-01	2.709819e+00
93	5.759916e-01	4.555905e-01	2.929653e+00
94	5.286885e-01	4.956852e-01	2.125550e+00
95	3.634158e-01	3.704232e-01	2.148999e+00
96	4.769010e-01	5.226943e-01	1.206155e+00
97	7.775437e-01	4.258728e-01	2.689301e+00
98	4.832148e-01	5.138983e-01	1.997557e+00
99	5.371888e-01	5.935304e-01	1.753298e+00
100	4.739681e-01	5.117083e-01	1.491451e+00
101	4.777454e-01	5.166204e-01	2.381534e+00
102	5.134742e-01	6.370553e-01	1.837323e+00
103	5.651660e-01	4.354361e-01	2.723498e+00
104	4.599251e-01	3.804604e-01	1.216903e+00
105	5.000078e-01	4.977876e-01	1.385931e+00
106	1.345150e-01	4.335839e-01	1.094773e+00
107	4.803141e-01	5.414865e-01	1.887152e+00
108	2.601304e-01	5.629594e-01	1.869565e+00
109	2.629491e-01	4.035557e-01	2.657059e+00
110	4.489974e-01	5.660815e-01	1.905716e+00
111	5.184259e-01	5.319435e-01	2.319980e+00
112	1.374444e-01	3.504446e-01	1.549096e+00
113	7.398664e-01	3.790187e-01	1.155349e+00
114	4.730490e-01	5.566704e-01	1.261847e+00
115	4.489752e-01	4.934144e-01	1.308745e+00
116	4.971343e-02	2.720927e-01	1.148510e+00
117	4.790517e-01	4.927392e-01	1.865657e+00
118	4.818700e-01	4.402932e-01	2.988276e+00
119	3.899095e-01	4.244890e-01	1.479726e+00
120	4.731807e-01	4.811988e-01	2.095261e+00
121	5.401891e-01	4.424729e-01	2.442110e+00
122	6.900830e-01	7.074027e-01	1.070347e+00
123	3.937361e-01	4.012354e-01	1.417196e+00
124	4.795540e-01	5.120646e-01	2.817294e+00
125	5.401524e-01	8.850814e-01	1.164143e+00
126	5.321460e-01	4.378716e-01	2.738153e+00
127	3.123688e-01	2.631211e-01	2.338544e+00
128	7.041310e-01	7.710308e-01	1.282364e+00
129	4.744824e-01	5.187196e-01	2.676600e+00
130	7.041090e-01	7.709985e-01	2.443087e+00
131	8.521497e-01	6.139332e-02	2.375672e+00
132	2.276644e-01	4.181615e-01	1.220811e+00
133	2.066968e-01	4.917447e-01	2.407914e+00
134	4.841175e-01	4.384979e-01	2.277968e+00
135	4.758989e-01	5.148570e-01	2.409868e+00
136	5.155016e-01	5.483963e-01	2.083537e+00
137	3.995503e-01	5.056318e-01	2.286761e+00
138	2.071749e-01	5.222291e-01	1.194431e+00
139	4.799605e-01	5.185598e-01	2.818271e+00
140	4.807357e-01	5.894602e-01	2.827064e+00
141	4.792272e-01	5.375276e-01	1.684905e+00
142	4.759198e-01	5.282074e-01	1.999511e+00
143	4.802185e-01	5.015807e-01	1.956522e+00
144	3.915691e-01	4.249308e-01	2.323889e+00
145	4.452856e-01	5.675598e-01	2.501710e+00
146	2.881021e-01	4.650062e-01	2.395213e+00
147	5.387680e-01	5.732487e-01	2.719590e+00
148	4.789397e-01	5.135499e-01	2.937469e+00
149	4.874414e-01	6.452820e-01	2.803615e+00
150	3.595324e-01	3.809227e-01	1.794333e+00
151	4.837621e-01	5.161804e-01	2.611138e+00
152	4.664753e-01	5.073720e-01	1.724963e+00
153	4.792003e-01	5.164771e-01	1.983879e+00
154	4.838077e-01	5.168802e-01	2.181241e+00
155	5.186653e-01	5.607025e-01	1.295066e+00
156	4.578002e-01	3.508845e-01	1.970200e+00
157	4.723427e-01	5.163313e-01	2.387396e+00
158	3.797556e-01	5.415140e-01	2.386419e+00
159	4.189569e-01	3.321507e-01	2.647289e+00
160	4.759085e-01	5.179683e-01	1.686859e+00
161	4.720704e-01	5.249098e-01	1.553981e+00
162	5.371316e-01	4.587574e-01	1.764045e+00
163	4.826688e-01	2.836650e-01	1.632145e+00
164	4.799328e-01	5.139938e-01	1.235467e+00
165	4.783556e-01	5.232026e-01	2.251588e+00
166	4.747159e-01	5.202979e-01	1.751343e+00
167	3.731863e-01	5.560869e-01	1.715193e+00
168	4.813052e-01	5.185358e-01	2.109917e+00
169	4.527635e-01	5.708709e-01	2.137274e+00
170	3.991091e-01	5.040589e-01	2.099170e+00
171	4.822423e-01	4.412100e-01	2.057157e+00
172	5.210042e-01	5.144553e-01	2.246702e+00
173	4.982698e-01	5.500299e-01	1.894968e+00
174	5.202392e-01	5.356808e-01	2.453835e+00
175	4.748522e-01	5.421958e-01	2.834880e+00
176	4.320809e-01	5.323214e-01	2.215437e+00
177	4.752596e-01	5.232621e-01	2.153884e+00
178	4.733797e-01	5.213609e-01	2.475330e+00
179	5.947887e-01	6.674970e-01	1.274548e+00
180	4.571872e-01	5.449127e-01	2.127504e+00
181	4.724205e-01	5.146942e-01	1.790425e+00
182	7.511835e-01	6.681182e-01	1.736688e+00
183	4.642745e-01	6.603383e-01	1.692721e+00
184	4.551252e-01	6.037033e-01	2.042501e+00
185	4.549977e-01	6.581273e-01	1.468979e+00
186	5.190645e-01	5.138103e-01	1.784563e+00
187	9.471746e-01	8.473997e-01	2.653151e+00
188	5.058272e-01	4.769858e-01	1.839277e+00
189	4.772693e-01	5.106849e-01	1.175867e+00
190	5.593783e-01	4.875865e-01	2.807523e+00
191	6.799922e-01	3.520114e-01	2.811431e+00
192	4.346535e-01	5.047548e-01	1.192477e+00
193	1.425596e-01	5.169824e-01	1.620420e+00
194	1.615680e-01	5.613599e-01	2.624817e+00
195	4.759900e-01	5.189331e-01	2.806546e+00
196	5.783602e-01	3.627695e-01	1.763068e+00
197	2.760331e-01	1.366093e-01	2.060088e+00
198	3.162248e-01	6.495852e-01	2.458720e+00
199	4.420098e-01	6.145617e-01	2.463605e+00
200	2.616242e-01	2.996119e-01	1.141671e+00
201	4.823287e-01	5.225712e-01	1.146556e+00
202	4.381186e-01	6.019971e-01	1.395701e+00
203	4.821856e-01	5.132407e-01	1.755252e+00
204	4.951076e-01	5.026974e-01	2.901319e+00
205	4.381078e-01	6.552143e-01	2.123596e+00
206	2.768159e-01	3.120911e-01	1.652662e+00
207	4.946341e-01	4.724259e-01	1.199316e+00
208	4.797599e-01	5.450446e-01	2.170493e+00
209	6.018107e-01	6.848219e-01	2.733268e+00
210	3.928021e-01	3.479461e-01	1.545188e+00
211	4.709509e-01	5.163971e-01	1.376160e+00
212	4.720744e-01	5.178852e-01	1.621397e+00
213	4.714677e-01	5.125001e-01	1.883244e+00
214	4.739888e-01	5.101948e-01	1.612604e+00
215	4.723604e-01	5.122210e-01	2.909135e+00
216	4.764854e-01	5.237024e-01	1.354665e+00
217	4.727717e-01	5.130290e-01	2.770396e+00
218	2.917364e-01	4.462433e-01	2.148999e+00
219	4.808456e-01	5.539415e-01	2.624817e+00
220	5.443496e-01	5.063803e-01	2.697118e+00
221	5.177604e-01	5.129883e-01	1.938935e+00
222	7.854654e-01	4.924595e-01	1.854910e+00
223	5.695442e-01	6.284196e-01	2.625794e+00
224	4.600894e-01	3.864699e-01	2.984367e+00
225	4.775628e-01	4.247898e-01	2.693210e+00
226	4.763476e-01	5.226457e-01	2.276014e+00
227	4.499709e-01	4.512972e-01	1.245237e+00
228	4.739240e-01	5.219942e-01	1.489497e+00
229	4.709380e-01	5.171205e-01	2.305325e+00
230	4.774280e-01	5.153321e-01	2.689301e+00
231	5.097857e-01	5.030630e-01	1.346849e+00
232	5.229912e-01	4.908655e-01	2.447973e+00
233	5.148437e-01	5.527644e-01	1.591109e+00
234	2.200877e-01	5.469488e-01	1.931119e+00
235	4.794194e-01	5.124290e-01	2.687347e+00
236	4.781788e-01	5.121892e-01	2.787982e+00
237	4.752465e-01	5.326394e-01	1.510015e+00
238	4.912319e-01	5.043431e-01	2.193942e+00
239	4.983674e-01	4.951829e-01	2.918906e+00
240	4.758395e-01	5.727839e-01	1.734734e+00
241	4.518273e-01	4.873445e-01	1.119199e+00
242	5.866962e-01	5.379489e-01	1.631168e+00
243	3.809552e-01	4.419920e-01	1.258915e+00
244	4.608936e-01	5.571508e-01	2.458720e+00
245	5.377937e-01	5.679654e-01	2.134343e+00
246	4.796535e-01	5.208735e-01	2.662921e+00
247	4.655484e-01	5.512327e-01	2.924768e+00
248	3.478221e-01	4.414540e-01	2.983390e+00
249	6.946333e-01	4.593992e-02	2.305325e+00
250	6.870737e-01	2.008843e-01	2.763556e+00
251	6.581938e-01	1.078055e-01	2.374695e+00
252	4.708010e-01	5.173108e-01	1.703468e+00
253	3.605436e-01	3.801500e-01	1.246214e+00
254	5.937663e-01	3.248249e-01	2.925745e+00
255	4.745970e-01	5.174731e-01	1.857841e+00
256	4.766553e-01	5.240490e-01	2.601368e+00
257	4.797043e-01	4.853328e-01	2.413776e+00
258	4.752478e-01	5.168935e-01	2.569126e+00
259	1.752685e-01	5.393570e-01	1.865657e+00
260	4.783739e-01	5.201676e-01	2.574988e+00
261	4.728185e-01	5.387513e-01	1.598925e+00
262	7.087993e-01	5.336142e-01	2.264289e+00
263	5.996985e-01	4.830007e-01	1.176844e+00
264	5.310439e-01	3.872199e-01	1.061553e+00
265	4.785326e-01	5.158264e-01	2.526136e+00
266	4.669650e-01	4.449063e-01	1.928188e+00
267	4.571731e-01	5.554425e-01	2.006351e+00
268	4.669159e-01	5.682879e-01	1.041036e+00
269	3.986497e-01	4.706631e-01	1.793356e+00
270	4.294145e-01	6.287602e-01	1.860772e+00
271	4.371544e-01	4.520233e-01	1.389839e+00
272	4.816810e-01	5.126398e-01	1.052760e+00
273	4.282721e-01	6.302657e-01	1.156326e+00
274	5.413690e-01	6.572553e-01	1.981925e+00
275	7.332767e-01	7.634846e-01	2.256473e+00
276	4.661582e-01	4.755067e-01	2.368832e+00
277	4.770453e-01	5.168186e-01	2.024915e+00
278	7.037635e-01	7.504514e-01	1.266732e+00
279	4.619308e-01	5.411705e-01	1.348803e+00
280	5.138660e-01	6.490300e-01	2.472399e+00
281	6.304413e-01	4.560857e-01	2.288715e+00
282	4.516434e-01	5.723399e-01	2.745970e+00
283	4.887661e-01	4.653719e-01	2.490962e+00
284	5.332800e-01	6.507775e-01	2.515388e+00
285	5.790029e-01	7.085862e-01	1.545188e+00
286	4.750975e-01	5.197315e-01	2.662921e+00
287	4.714838e-01	5.796813e-01	2.264289e+00
288	5.049199e-01	5.851518e-01	2.905227e+00
289	5.734271e-01	6.057273e-01	1.058622e+00
290	5.437075e-01	5.190418e-01	2.152907e+00
291	7.415700e-01	8.559744e-02	2.784074e+00
292	4.836954e-01	5.142477e-01	2.445042e+00
293	2.140544e-01	3.464675e-01	2.852467e+00
294	4.559115e-01	5.702073e-01	2.070835e+00
295	4.061406e-01	4.113694e-01	1.406448e+00
296	4.131713e-01	8.188866e-01	1.751343e+00
297	4.205194e-01	5.086011e-01	2.077675e+00
298	2.047758e-01	4.081628e-01	1.601856e+00
299	4.760099e-01	5.173947e-01	2.048363e+00
300	5.663903e-01	6.100391e-01	2.781143e+00
301	4.749345e-01	5.170712e-01	2.779189e+00
302	4.362537e-01	6.097073e-01	2.617978e+00
303	3.937336e-01	6.449570e-01	1.698583e+00
304	2.135637e-01	3.879424e-01	1.948705e+00
305	4.786244e-01	5.229461e-01	1.416219e+00
306	3.644073e-01	2.278570e-01	1.745481e+00
307	4.753596e-01	5.420542e-01	2.291646e+00
308	2.592368e-02	3.883974e-01	1.868588e+00
309	4.847406e-01	4.363895e-01	2.511480e+00
310	4.789612e-01	5.421011e-01	2.596483e+00
311	4.596590e-01	4.428054e-01	2.855398e+00
312	4.659212e-01	4.836437e-01	1.312653e+00
313	4.269556e-01	6.368488e-01	1.787494e+00
314	4.759813e-01	5.214289e-01	2.252565e+00
315	4.714857e-01	5.814710e-01	1.978017e+00
316	5.323441e-01	5.473061e-01	2.965804e+00
317	4.773242e-01	5.208438e-01	2.221299e+00
318	6.681480e-01	3.701411e-01	1.701514e+00
319	4.771353e-01	4.481694e-01	1.135809e+00
320	4.640819e-01	4.909856e-01	2.997069e+00
321	7.111232e-01	4.335816e-02	2.470445e+00
322	5.578874e-01	6.386014e-01	2.362970e+00
323	4.756628e-01	5.206258e-01	2.553493e+00
324	5.193964e-01	5.543579e-01	1.347826e+00
325	1.719112e-01	5.239695e-02	2.896434e+00
326	4.704593e-01	5.164681e-01	1.857841e+00
327	6.008009e-01	5.266283e-01	1.669272e+00
328	4.747932e-01	5.145389e-01	1.726917e+00
329	4.291394e-01	5.847272e-01	2.604299e+00
330	5.081810e-01	5.557298e-01	2.089399e+00
331	5.177795e-01	5.198257e-01	1.552027e+00
332	4.814580e-01	4.351114e-01	1.769907e+00
333	4.739953e-01	5.473642e-01	1.382022e+00
334	4.282474e-01	6.422771e-01	2.510503e+00
335	5.058762e-01	5.223160e-01	1.640938e+00
336	4.767842e-01	5.255715e-01	2.933561e+00
337	5.122870e-01	5.659301e-01	1.033219e+00
338	5.708893e-01	5.295060e-01	1.408403e+00
339	4.826540e-01	5.136121e-01	2.767465e+00
340	4.783949e-01	5.227396e-01	1.526624e+00
341	4.438250e-01	6.336348e-01	1.456277e+00
342	4.771555e-01	5.151518e-01	1.054714e+00
343	5.793928e-01	4.599108e-01	2.601368e+00
344	5.367873e-01	6.639347e-01	2.193942e+00
345	8.158202e-01	1.731595e-01	2.321935e+00
346	4.986800e-01	4.748152e-01	1.564729e+00
347	4.816188e-01	5.175850e-01	1.679043e+00
348	5.821224e-01	6.784793e-01	2.034685e+00
349	4.767994e-01	5.144959e-01	2.564240e+00
350	3.795852e-01	3.072932e-01	2.311187e+00
351	5.884157e-01	4.595545e-01	1.297997e+00
352	4.804471e-01	5.149426e-01	2.873962e+00
353	6.161033e-01	4.141552e-01	2.202736e+00
354	4.788443e-01	5.230981e-01	2.653151e+00
355	3.664371e-01	2.486503e-01	2.461651e+00
356	4.756149e-01	5.235359e-01	1.679043e+00
357	5.265606e-01	5.984226e-01	2.991207e+00
358	4.071350e-01	5.944960e-01	2.857352e+00
359	4.885334e-01	4.238036e-01	1.913532e+00
360	3.433315e-01	3.586799e-01	1.216903e+00
361	2.705728e-01	7.682758e-01	1.214949e+00
362	3.900190e-01	4.092860e-01	1.005862e+00
363	4.690176e-01	4.794469e-01	2.227162e+00
364	4.765597e-01	5.191308e-01	1.723009e+00
365	4.170871e-01	8.773203e-01	1.491451e+00
366	6.368994e-01	5.271600e-01	1.692721e+00
367	4.826079e-01	5.285366e-01	1.154372e+00
368	4.797800e-01	5.125811e-01	1.851001e+00
369	4.800680e-01	5.110332e-01	2.418661e+00
370	3.999901e-01	5.093352e-01	1.874450e+00
371	4.418487e-01	4.492204e-01	1.591109e+00
372	4.859369e-01	5.191693e-01	2.199805e+00
373	6.916059e-01	6.943646e-01	2.208598e+00
374	4.829273e-01	5.719214e-01	1.322423e+00
375	4.019426e-01	6.337593e-01	2.361016e+00
376	5.512024e-01	5.040844e-01	1.815828e+00
377	4.775179e-01	5.133592e-01	1.328285e+00
378	4.811911e-01	5.129638e-01	1.883244e+00
379	8.403549e-01	9.359213e-01	1.599902e+00
380	5.973982e-01	3.029578e-01	2.343429e+00
381	4.564210e-01	5.435576e-01	1.835369e+00
382	1.358675e-01	8.637418e-01	1.065462e+00
383	3.277787e-01	5.446360e-01	1.698583e+00
384	5.991638e-01	5.802887e-01	2.761602e+00
385	7.299652e-01	3.641213e-01	1.961407e+00
386	5.993999e-01	5.290587e-01	2.449927e+00
387	5.084228e-01	4.996477e-01	2.669761e+00
388	5.689970e-01	5.726914e-01	2.597460e+00
389	4.751816e-01	5.355857e-01	2.960918e+00
390	4.752982e-01	5.413439e-01	1.655594e+00
391	4.703618e-01	4.531773e-01	2.572057e+00
392	4.746121e-01	5.234816e-01	1.234489e+00
393	5.176007e-01	5.149833e-01	1.607719e+00
394	4.710719e-01	5.132763e-01	2.643381e+00
395	3.304430e-01	8.126047e-01	1.233512e+00
396	1.475588e-01	3.304894e-01	2.058134e+00
397	7.453958e-01	5.524752e-01	1.083048e+00
398	1.985685e-01	3.511970e-01	2.453835e+00
399	4.129851e-01	5.262197e-01	2.169516e+00
400	5.222694e-01	4.442857e-01	1.634099e+00
401	6.391955e-01	4.158404e-01	1.314607e+00
402	5.056686e-01	4.840831e-01	2.292623e+00
403	3.327005e-01	3.533505e-01	1.759160e+00
404	4.204543e-01	4.604871e-01	2.942355e+00
405	5.277302e-01	4.115715e-01	1.358574e+00
406	5.006075e-01	4.904249e-01	1.474841e+00
407	3.310788e-01	1.381570e-01	2.850513e+00
408	3.521069e-01	5.432079e-01	2.543723e+00
409	4.778768e-01	5.337812e-01	1.170005e+00
410	4.853314e-01	5.595623e-01	2.011236e+00
411	5.704903e-01	5.340837e-01	2.982413e+00
412	9.283250e-02	4.333664e-01	1.578407e+00
413	5.281632e-01	3.986659e-01	2.904250e+00
414	4.772625e-01	5.242485e-01	2.948217e+00
415	4.740383e-01	5.121005e-01	1.856864e+00
416	4.792317e-01	4.539731e-01	1.780655e+00
417	4.837327e-01	5.172586e-01	1.223742e+00
418	4.715020e-01	5.119360e-01	2.928676e+00
419	4.813382e-01	5.200051e-01	1.055691e+00
420	4.727169e-01	5.118231e-01	2.823156e+00
421	4.775630e-01	5.191790e-01	2.886663e+00
422	4.737965e-01	5.108598e-01	1.391793e+00
423	6.330506e-01	3.808244e-01	1.467025e+00
424	4.750958e-01	5.455832e-01	1.512946e+00
425	3.319427e-01	1.728502e-01	1.960430e+00
426	3.235957e-01	1.763145e-01	2.254519e+00
427	5.672203e-01	6.311609e-01	2.899365e+00
428	5.001404e-01	5.148431e-01	1.247191e+00
429	4.758017e-01	5.140058e-01	1.802149e+00
430	4.762227e-01	5.155972e-01	1.663410e+00
431	5.515131e-01	6.345877e-01	2.556424e+00
432	3.214375e-01	1.602055e-01	2.947240e+00
433	4.766618e-01	5.146151e-01	2.475330e+00
434	5.152043e-01	5.610472e-01	2.923791e+00
435	3.665970e-01	4.942786e-01	2.906204e+00
436	4.449672e-02	9.143499e-01	2.668784e+00
437	4.796767e-01	5.447691e-01	2.476307e+00
438	4.070633e-01	4.794501e-01	2.065950e+00
439	4.780804e-01	5.175757e-01	1.983879e+00
440	5.003477e-01	5.807940e-01	1.637030e+00
441	3.128497e-01	5.629722e-01	1.338056e+00
442	4.915129e-01	6.241860e-01	2.406937e+00
443	1.728426e-01	5.648153e-01	1.422081e+00
444	4.612021e-01	5.906213e-01	2.956033e+00
445	4.735683e-01	5.218926e-01	2.601368e+00
446	5.359012e-01	3.591070e-01	1.846116e+00
447	4.787187e-01	5.224635e-01	1.264778e+00
448	4.921773e-01	4.060356e-01	1.119199e+00
449	4.792025e-01	4.531649e-01	1.956522e+00
450	1.923483e-01	3.365305e-01	2.971666e+00
451	4.836416e-01	5.150716e-01	2.149976e+00
452	5.474536e-01	5.449118e-01	1.574499e+00
453	5.702466e-01	3.321130e-01	1.775769e+00
454	9.437374e-01	6.474965e-01	1.542257e+00
455	4.646940e-01	5.543338e-01	2.984367e+00
456	4.682325e-01	5.614901e-01	1.577430e+00
457	3.988477e-01	5.471929e-01	2.955056e+00
458	5.050158e-01	5.278823e-01	2.865169e+00
459	4.335638e-01	4.108532e-01	1.672203e+00
460	7.015841e-01	7.564388e-01	1.198339e+00
461	5.584577e-01	7.013887e-01	2.513434e+00
462	5.466291e-01	3.216345e-01	1.853933e+00
463	4.848744e-01	5.508246e-01	2.858329e+00
464	6.006423e-01	5.290530e-01	1.574499e+00
465	4.184622e-01	4.859958e-01	1.432829e+00
466	4.850059e-01	5.180139e-01	1.500244e+00
467	4.233070e-01	6.905672e-01	1.323400e+00
468	4.774478e-01	5.148384e-01	2.147044e+00
469	4.726731e-01	5.114623e-01	2.698095e+00
470	4.720763e-01	5.147529e-01	1.364436e+00
471	4.860861e-01	3.849610e-01	2.076698e+00
472	4.816940e-01	5.132575e-01	2.011236e+00
473	5.928782e-01	7.799578e-01	1.215926e+00
474	4.815200e-01	5.230762e-01	2.299463e+00
475	5.277587e-01	5.574555e-01	1.683928e+00
476	4.772693e-01	5.149029e-01	2.081583e+00
477	4.926508e-01	5.442842e-01	2.350269e+00
478	2.454153e-01	2.188736e-01	2.728383e+00
479	4.375985e-01	4.250235e-01	1.194431e+00
480	3.874737e-01	4.139514e-01	2.515388e+00
481	2.682153e-01	7.453858e-01	1.865657e+00
482	6.301734e-01	6.596727e-01	1.802149e+00
483	5.127800e-01	4.431345e-01	1.367367e+00
484	4.664172e-01	5.892565e-01	1.148510e+00
485	5.908218e-01	7.806580e-01	2.427455e+00
486	5.395884e-01	4.422633e-01	2.196873e+00
487	5.240350e-01	5.558293e-01	2.386419e+00
488	4.656457e-01	4.637141e-01	1.294089e+00
489	5.358338e-01	4.767758e-01	1.687836e+00
490	4.187216e-01	4.842123e-01	1.146556e+00
491	3.091026e-01	6.131432e-01	1.597948e+00
492	4.216059e-01	5.040539e-01	2.412799e+00
493	4.683564e-01	6.320485e-01	1.227650e+00
494	3.801508e-01	4.094533e-01	2.522228e+00
495	4.820849e-01	4.411737e-01	1.437714e+00
496	5.021518e-01	4.765952e-01	1.523693e+00
497	3.974404e-01	4.573111e-01	1.221788e+00
498	5.215177e-01	6.249687e-01	1.652662e+00
499	3.754457e-01	4.047594e-01	1.269663e+00
500	4.713808e-01	5.133869e-01	2.967758e+00
501	4.848755e-01	5.169397e-01	2.546654e+00
502	6.855376e-01	5.224138e-01	1.818759e+00
503	4.822132e-01	4.603436e-01	1.919394e+00
504	4.726313e-01	5.138368e-01	2.563263e+00
505	4.466738e-01	3.583255e-01	1.451392e+00
506	5.748212e-01	5.044167e-01	1.718124e+00
507	4.792835e-01	5.147080e-01	1.207132e+00
508	4.765899e-01	5.238735e-01	1.236444e+00
509	5.328247e-01	5.106552e-01	2.622863e+00
510	6.068181e-01	5.303519e-01	2.549585e+00
511	4.708950e-01	5.140074e-01	2.966781e+00
512	3.825551e-01	4.755542e-01	2.395213e+00
513	5.273969e-01	5.403460e-01	1.534441e+00
514	4.843565e-01	6.973631e-01	1.550073e+00
515	4.235327e-01	5.910830e-01	1.610650e+00
516	3.320686e-01	6.426055e-01	1.612604e+00
517	4.768783e-01	5.096512e-01	1.086957e+00
518	2.916231e-01	4.463475e-01	2.282853e+00
519	1.090271e-01	6.859537e-02	1.573522e+00
520	4.680067e-01	5.086812e-01	2.497802e+00
521	4.743796e-01	5.179301e-01	1.752320e+00
522	3.169929e-01	2.216868e-01	1.589155e+00
523	4.738440e-01	5.035523e-01	1.209086e+00
524	5.224864e-01	4.770515e-01	2.755740e+00
525	3.666186e-01	5.298039e-01	1.499267e+00
526	4.758329e-01	5.194672e-01	1.014656e+00
527	5.601674e-01	8.480796e-01	2.891549e+00
528	4.788178e-01	5.202955e-01	2.478261e+00
529	2.537790e-01	3.979941e-01	1.898876e+00
530	4.722778e-01	5.154572e-01	1.188569e+00
531	4.778313e-01	5.232042e-01	2.785051e+00
532	4.762449e-01	5.224436e-01	2.945286e+00
533	5.295323e-01	4.646901e-01	2.458720e+00
534	5.367974e-01	5.679880e-01	2.673669e+00
535	4.803745e-01	5.137311e-01	1.399609e+00
536	4.838277e-01	5.494096e-01	2.604299e+00
537	4.715849e-01	5.180962e-01	1.529555e+00
538	4.797590e-01	5.149523e-01	2.823156e+00
539	5.627496e-01	5.942469e-01	2.826087e+00
540	4.795532e-01	5.100028e-01	2.844651e+00
541	4.381163e-01	5.299835e-01	2.290669e+00
542	4.859179e-01	5.560679e-01	2.570103e+00
543	4.875437e-01	5.480966e-01	2.396190e+00
544	5.766731e-01	5.473685e-01	1.318515e+00
545	5.170880e-01	5.472417e-01	2.605276e+00
546	2.892137e-01	3.692806e-01	2.683439e+00
547	6.320567e-01	5.747743e-01	1.587201e+00
548	4.259025e-01	3.985672e-01	1.375183e+00
549	4.473485e-01	4.531758e-01	2.298486e+00
550	5.817366e-01	6.705177e-01	1.285296e+00
551	4.831557e-01	5.214039e-01	2.983390e+00
552	7.838126e-01	6.018824e-01	1.195408e+00
553	4.756910e-01	5.266980e-01	2.414753e+00
554	6.430427e-01	4.168476e-01	1.843185e+00
555	6.111120e-01	5.376703e-01	2.396190e+00
556	1.971909e-01	5.124697e-01	3.000000e+00
557	4.791121e-01	5.369480e-01	2.728383e+00
558	1.364986e-01	4.465455e-01	1.133854e+00
559	4.832144e-01	5.139249e-01	1.944797e+00
560	5.349613e-01	5.693608e-01	2.883732e+00
561	5.453819e-01	3.217452e-01	2.383488e+00
562	3.712200e-01	5.512581e-01	2.506595e+00
563	4.830098e-01	5.053959e-01	1.786517e+00
564	5.934582e-01	5.387158e-01	2.893503e+00
565	4.844926e-01	5.170063e-01	2.981436e+00
566	5.112259e-01	6.394976e-01	2.663898e+00
567	5.116697e-01	5.005193e-01	2.227162e+00
568	4.840705e-01	5.176751e-01	1.527601e+00
569	4.259386e-01	4.363776e-01	2.610161e+00
570	2.663729e-01	6.646599e-01	1.058622e+00
571	4.743200e-01	5.423508e-01	2.782120e+00
572	3.393979e-01	8.740616e-01	1.518808e+00
573	4.787977e-01	5.232617e-01	2.109917e+00
574	4.747560e-01	5.425266e-01	2.074744e+00
575	4.789802e-01	5.130100e-01	2.319003e+00
576	5.408541e-01	6.151987e-01	1.290181e+00
577	4.878762e-01	5.442747e-01	1.286273e+00
578	4.632505e-01	5.471166e-01	1.881290e+00
579	4.819410e-01	5.139532e-01	1.664387e+00
580	1.732392e-01	9.831278e-01	1.242306e+00
581	4.318318e-01	5.159372e-01	1.927211e+00
582	4.828484e-01	5.134203e-01	2.820225e+00
583	3.679226e-01	2.868671e-01	2.792868e+00
584	5.131442e-01	4.910373e-01	1.201270e+00
585	4.819367e-01	4.511374e-01	1.898876e+00
586	4.762762e-01	5.093572e-01	1.782609e+00
587	4.887568e-01	5.043328e-01	1.561798e+00
588	4.755025e-01	5.116837e-01	2.282853e+00
589	4.698938e-01	5.648004e-01	2.210552e+00
590	5.302116e-01	4.975229e-01	1.020518e+00
591	4.797152e-01	5.106717e-01	1.784563e+00
592	4.760192e-01	5.227777e-01	1.275525e+00
593	4.923249e-01	5.290475e-01	1.212995e+00
594	4.424814e-01	6.185027e-01	2.964827e+00
595	4.755746e-01	5.162011e-01	2.079629e+00
596	3.497692e-01	6.225540e-01	1.187592e+00
597	4.924572e-01	5.569667e-01	1.258915e+00
598	4.841385e-01	4.953829e-01	1.999511e+00
599	4.757395e-01	5.193693e-01	1.264778e+00
600	4.736641e-01	5.546042e-01	1.110405e+00
601	5.731521e-01	6.444008e-01	1.107474e+00
602	6.138054e-01	3.807086e-01	1.070347e+00
603	4.834770e-01	5.206512e-01	2.400098e+00
604	5.117509e-01	5.642989e-01	2.871031e+00
605	4.847076e-01	5.162883e-01	2.739130e+00
606	4.915757e-01	5.220151e-01	2.061065e+00
607	6.694835e-01	6.711002e-01	1.073278e+00
608	5.108060e-01	4.991863e-01	2.799707e+00
609	4.943950e-01	4.716441e-01	2.010259e+00
610	4.343607e-01	4.582546e-01	1.700537e+00
611	4.749233e-01	5.320706e-01	1.339033e+00
612	1.837578e-01	5.313652e-01	2.227162e+00
613	1.720023e-01	4.371404e-01	2.482169e+00
614	4.973258e-01	5.305185e-01	2.958964e+00
615	5.281056e-01	5.581001e-01	1.443576e+00
616	5.445571e-01	5.134780e-01	2.381534e+00
617	2.647818e-01	4.276026e-01	1.971177e+00
618	4.755324e-01	5.234696e-01	2.960918e+00
619	2.097282e-01	1.890989e-02	1.812897e+00
620	6.287369e-01	5.981560e-01	1.170982e+00
621	4.946194e-01	5.605795e-01	1.277479e+00
622	3.648124e-01	6.396336e-01	1.176844e+00
623	2.689989e-01	3.802504e-01	1.636053e+00
624	4.356115e-01	6.117078e-01	2.336590e+00
625	4.346710e-01	5.350655e-01	1.343918e+00
626	4.784271e-01	5.370157e-01	1.905716e+00
627	4.216610e-01	4.839300e-01	1.784563e+00
628	4.738205e-01	5.343225e-01	2.063996e+00
629	4.841848e-01	5.195119e-01	2.497802e+00
630	1.840117e-01	5.114489e-01	2.870054e+00
631	4.845219e-01	5.582128e-01	1.729849e+00
632	4.279067e-01	3.670874e-01	2.290669e+00
633	4.769763e-01	5.152080e-01	2.841720e+00
634	4.763162e-01	5.186298e-01	2.195896e+00
635	5.114074e-01	6.394374e-01	1.601856e+00
636	5.026166e-01	5.773439e-01	2.449927e+00
637	4.813116e-01	5.189795e-01	1.462140e+00
638	4.745829e-01	5.149523e-01	2.041524e+00
639	4.787877e-01	5.122477e-01	2.061065e+00
640	5.239914e-01	7.386641e-01	2.130435e+00
641	3.504405e-01	7.275577e-01	2.205667e+00
642	4.842424e-01	5.141198e-01	2.184172e+00
643	4.184327e-01	5.079859e-01	2.747924e+00
644	3.539449e-01	5.901401e-01	2.909135e+00
645	4.777436e-01	5.099089e-01	2.777235e+00
646	4.617798e-01	5.560802e-01	1.295066e+00
647	4.385844e-01	5.137936e-01	1.050806e+00
648	4.293559e-01	6.431258e-01	1.191500e+00
649	4.816096e-01	5.156107e-01	1.198339e+00
650	4.944049e-01	5.156747e-01	2.656082e+00
651	4.856947e-01	5.515232e-01	1.692721e+00
652	3.400580e-01	7.461347e-01	2.330728e+00
653	4.748561e-01	5.421535e-01	1.906693e+00
654	4.669106e-01	5.248454e-01	2.192965e+00
655	4.259831e-01	5.758098e-01	1.200293e+00
656	4.784703e-01	5.165170e-01	2.361016e+00
657	3.663807e-01	4.284380e-01	2.080606e+00
658	4.844731e-01	5.179418e-01	2.017098e+00
659	5.322112e-01	5.088313e-01	2.191011e+00
660	3.341012e-01	1.427322e-01	1.667318e+00
661	3.652687e-01	4.296713e-01	2.229116e+00
662	3.184158e-01	4.999137e-01	1.188569e+00
663	5.204666e-01	5.500928e-01	2.714704e+00
664	4.860228e-01	5.094438e-01	1.979971e+00
665	3.746939e-01	5.983468e-01	2.954079e+00
666	5.021309e-01	5.014157e-02	1.803127e+00
667	4.875105e-01	5.537930e-01	1.039082e+00
668	5.070180e-02	5.667436e-01	1.893014e+00
669	5.704531e-01	6.271002e-01	1.778701e+00
670	1.678338e-01	9.340728e-01	1.807035e+00
671	4.730295e-01	5.594497e-01	1.102589e+00
672	3.101380e-01	5.155915e-01	1.879336e+00
673	4.615749e-01	5.111029e-01	1.984856e+00
674	4.781806e-01	5.140778e-01	2.238886e+00
675	4.859447e-01	4.696716e-01	2.868100e+00
676	4.725188e-01	5.099912e-01	2.748901e+00
677	3.509338e-01	4.188383e-01	1.578407e+00
678	4.834563e-01	4.669493e-01	1.621397e+00
679	4.812327e-01	5.214932e-01	2.657059e+00
680	4.709444e-01	5.279079e-01	2.404983e+00
681	5.456401e-01	6.186016e-01	2.272106e+00
682	4.959758e-01	5.043866e-01	1.463117e+00
683	4.830111e-01	5.142189e-01	2.316072e+00
684	4.845284e-01	5.148197e-01	2.334636e+00
685	5.670922e-01	5.303133e-01	1.365413e+00
686	3.587225e-01	6.065215e-01	2.105032e+00
687	3.947765e-01	5.817383e-01	1.339033e+00
688	4.815341e-01	5.136948e-01	2.932584e+00
689	4.811020e-01	5.233744e-01	2.378603e+00
690	4.720920e-01	5.165647e-01	1.833415e+00
691	1.976627e-01	4.997723e-01	1.663410e+00
692	4.680564e-01	5.158098e-01	2.251588e+00
693	3.666770e-01	6.076196e-01	1.766976e+00
694	3.199831e-01	2.850720e-01	1.575476e+00
695	3.142331e-01	7.964356e-01	2.771373e+00
696	4.837272e-01	5.202851e-01	2.787005e+00
697	4.761931e-01	5.092434e-01	1.959453e+00
698	4.798866e-01	5.521083e-01	2.187103e+00
699	4.783984e-01	5.201491e-01	2.430386e+00
700	5.335232e-01	4.060841e-01	2.679531e+00
701	5.151840e-01	5.819432e-01	2.191988e+00
702	5.298851e-01	4.069012e-01	2.945286e+00
703	4.730921e-01	5.133890e-01	2.793845e+00
704	4.868214e-01	5.321567e-01	2.132389e+00
705	4.019395e-01	3.097243e-01	1.627259e+00
706	4.746293e-01	5.113596e-01	1.623351e+00
707	4.703722e-01	5.125159e-01	2.772350e+00
708	4.832473e-01	5.139523e-01	1.552027e+00
709	7.417925e-01	4.875130e-01	1.180752e+00
710	4.946834e-01	4.912761e-01	1.632145e+00
711	9.909705e-02	1.331046e-01	1.680997e+00
712	5.923464e-01	6.785844e-01	2.828041e+00
713	7.433030e-01	4.005067e-01	1.703468e+00
714	5.824003e-01	4.440697e-01	1.471910e+00
715	4.677762e-01	5.299271e-01	2.368832e+00
716	4.814919e-01	5.158424e-01	1.961407e+00
717	4.765263e-01	5.200955e-01	1.756229e+00
718	5.150568e-01	5.009922e-01	2.987298e+00
719	4.846621e-01	5.179049e-01	2.332682e+00
720	4.724620e-01	5.140572e-01	1.097704e+00
721	4.794116e-01	6.806330e-01	1.954568e+00
722	4.737806e-01	5.179028e-01	1.704446e+00
723	4.794564e-01	5.125713e-01	1.853933e+00
724	5.295341e-01	4.024439e-01	2.829995e+00
725	4.584725e-01	5.026268e-01	2.232047e+00
726	4.846744e-01	5.096479e-01	2.587689e+00
727	7.710950e-01	5.093639e-01	2.698095e+00
728	4.889585e-01	7.302609e-01	1.896922e+00
729	4.841865e-01	3.992787e-01	1.212995e+00
730	6.768522e-01	5.176116e-01	1.502198e+00
731	4.768869e-01	5.099389e-01	2.614069e+00
732	3.828947e-01	4.156456e-01	2.880801e+00
733	4.740294e-01	5.119929e-01	1.956522e+00
734	5.237437e-01	3.978911e-01	2.745970e+00
735	1.470381e-01	9.520258e-01	1.179775e+00
736	4.004263e-01	5.019483e-01	1.935027e+00
737	4.786799e-01	5.141277e-01	1.975085e+00
738	4.654528e-01	5.501644e-01	1.067416e+00
739	4.127989e-01	4.740917e-01	2.024915e+00
740	3.169739e-01	2.885162e-01	2.810454e+00
741	4.274232e-01	5.788832e-01	2.428432e+00
742	4.679191e-01	5.083648e-01	1.957499e+00
743	4.179011e-01	6.778561e-01	2.306302e+00
744	4.806403e-01	5.162004e-01	2.557401e+00
745	4.878838e-01	5.031947e-01	1.243283e+00
746	4.667875e-01	5.071721e-01	2.429409e+00
747	4.723772e-01	5.170778e-01	2.523205e+00
748	5.102893e-01	8.184276e-01	2.842697e+00
749	4.782059e-01	5.192821e-01	2.247680e+00
750	4.984111e-01	5.085833e-01	2.000489e+00
751	4.742141e-01	5.123391e-01	2.446019e+00
752	4.794051e-01	5.234511e-01	2.360039e+00
753	6.445814e-01	6.083632e-01	2.567171e+00
754	4.714965e-01	5.139416e-01	2.415730e+00
755	4.680210e-01	5.143631e-01	1.989741e+00
756	4.708586e-01	5.170334e-01	2.908158e+00
757	5.649771e-01	3.116478e-01	2.731314e+00
758	4.772621e-01	5.113533e-01	2.544700e+00
759	4.745635e-01	5.142575e-01	2.890572e+00
760	4.822309e-01	5.184016e-01	1.654617e+00
761	4.741699e-01	5.217883e-01	1.008793e+00
762	4.853784e-01	5.089753e-01	1.260870e+00
763	5.502772e-01	6.014565e-01	1.347826e+00
764	4.825725e-01	5.229605e-01	1.325354e+00
765	4.741646e-01	5.119120e-01	1.420127e+00
766	3.694803e-01	7.301714e-01	2.845628e+00
767	4.832853e-01	5.198162e-01	1.853933e+00
768	4.802815e-01	5.233757e-01	1.303859e+00
769	4.139036e-01	4.550137e-01	1.294089e+00
770	1.629001e-01	6.826367e-01	1.675134e+00
771	5.316382e-01	5.426062e-01	2.417684e+00
772	4.756572e-01	5.567970e-01	2.053249e+00
773	4.782325e-01	5.350247e-01	1.276502e+00
774	2.715527e-01	4.027251e-01	2.779189e+00
775	6.448206e-01	6.476713e-01	1.984856e+00
776	6.633119e-01	4.390722e-01	2.295554e+00
777	4.808222e-01	5.114980e-01	1.652662e+00
778	4.778745e-01	5.174478e-01	2.464582e+00
779	4.771596e-01	5.100805e-01	1.763068e+00
780	4.887853e-01	4.558898e-01	2.026869e+00
781	3.360353e-01	4.508830e-01	1.160234e+00
782	7.509182e-01	3.912355e-01	2.302394e+00
783	4.873231e-01	5.085460e-01	1.384954e+00
784	5.172127e-01	5.597612e-01	2.598437e+00
785	3.992213e-01	5.645488e-01	2.130435e+00
786	4.749619e-01	5.151048e-01	1.690767e+00
787	4.750454e-01	5.172741e-01	1.940889e+00
788	4.793895e-01	5.224048e-01	2.099170e+00
