789
0	7.782612e-01	4.642714e-01	1.398632e+00
1	4.446703e-01	5.902495e-01	1.108451e+00
2	4.238671e-01	4.954301e-01	2.925745e+00
3	5.008369e-01	5.636971e-01	2.732291e+00
4	4.542931e-01	5.204546e-01	1.257938e+00
5	4.414881e-01	4.329829e-01	2.424524e+00
6	4.009730e-01	2.605561e-01	1.383000e+00
7	5.409177e-01	5.418269e-01	2.705911e+00
8	4.704419e-01	5.174203e-01	2.442110e+00
9	4.647902e-01	5.216439e-01	2.233024e+00
10	5.084601e-01	5.477846e-01	2.376649e+00
11	4.766518e-01	5.249580e-01	1.556913e+00
12	4.131615e-01	3.696219e-01	2.950171e+00
13	4.461613e-01	6.262020e-01	1.066439e+00
14	4.726741e-01	5.272699e-01	1.626282e+00
15	4.888353e-01	3.800517e-01	1.306790e+00
16	4.667004e-01	5.211113e-01	2.902296e+00
17	3.690703e-01	4.249043e-01	1.195408e+00
18	4.178830e-01	4.342728e-01	1.785540e+00
19	4.911936e-01	5.828841e-01	1.248168e+00
20	4.766875e-01	5.486112e-01	1.863703e+00
21	4.452940e-01	5.782692e-01	2.671715e+00
22	4.722748e-01	5.280211e-01	2.487054e+00
23	4.342594e-01	3.625916e-01	1.946751e+00
24	4.338904e-01	6.960708e-01	1.303859e+00
25	3.406389e-01	2.121619e-01	2.152907e+00
26	4.485578e-01	5.181120e-01	1.388862e+00
27	4.815110e-01	5.543225e-01	1.591109e+00
28	4.904802e-01	5.215828e-01	2.205667e+00
29	4.679137e-01	5.421623e-01	2.181241e+00
30	5.809809e-01	4.442519e-01	1.475818e+00
31	5.260279e-01	4.955996e-01	2.309233e+00
32	4.675860e-01	5.891251e-01	2.073766e+00
33	5.356419e-01	7.766194e-01	2.331705e+00
34	4.848856e-01	5.831810e-01	1.126038e+00
35	3.172705e-01	4.386285e-01	2.235955e+00
36	4.608186e-01	2.809319e-01	2.805569e+00
37	4.450181e-01	6.488612e-01	2.555447e+00
38	4.566571e-01	4.910330e-01	2.559355e+00
39	4.636459e-01	5.026597e-01	1.895945e+00
40	4.050835e-01	4.403586e-01	1.282364e+00
41	4.272166e-01	4.073027e-01	2.750855e+00
42	4.720129e-01	5.365556e-01	2.412799e+00
43	4.853410e-01	4.963170e-01	2.557401e+00
44	4.532798e-01	4.787969e-01	1.648754e+00
45	5.462695e-01	5.796037e-01	1.721055e+00
46	3.989938e-01	4.112111e-01	2.588666e+00
47	4.798134e-01	5.124882e-01	1.525647e+00
48	4.747815e-01	5.222370e-01	2.751832e+00
49	4.559163e-01	4.005012e-01	2.625794e+00
50	3.803139e-01	3.997170e-01	1.663410e+00
51	4.700333e-01	5.205433e-01	2.560332e+00
52	4.535663e-01	4.980549e-01	1.696629e+00
53	4.559684e-01	4.946604e-01	1.506106e+00
54	4.604126e-01	5.206728e-01	2.675623e+00
55	5.332910e-01	6.144821e-01	2.497802e+00
56	3.690955e-01	2.923176e-01	1.031265e+00
57	5.241663e-01	5.604118e-01	2.361993e+00
58	5.174369e-01	5.586560e-01	1.866634e+00
59	4.270186e-01	3.161366e-01	2.930630e+00
60	4.662647e-01	2.835479e-01	1.503175e+00
61	4.772930e-01	5.588743e-01	2.449927e+00
62	4.690779e-01	5.379413e-01	2.831949e+00
63	4.696836e-01	5.052866e-01	2.317049e+00
64	4.584469e-01	5.123156e-01	2.353200e+00
65	4.651399e-01	5.228801e-01	2.575965e+00
66	5.311873e-01	3.896246e-01	2.922814e+00
67	5.170372e-01	6.023722e-01	2.289692e+00
68	5.339419e-01	3.912636e-01	2.766488e+00
69	5.403660e-01	6.123083e-01	1.522716e+00
70	4.308703e-01	5.438813e-01	2.769419e+00
71	4.551969e-01	4.956719e-01	1.110405e+00
72	4.657574e-01	4.889494e-01	1.412311e+00
73	2.865006e-01	5.150963e-01	1.951637e+00
74	4.427341e-01	7.034118e-01	1.449438e+00
75	7.065534e-01	5.566003e-01	2.176356e+00
76	3.905676e-01	4.106954e-01	1.212995e+00
77	4.918377e-01	4.917466e-01	1.872496e+00
78	4.846232e-01	5.513414e-01	1.606742e+00
79	4.841772e-01	5.126477e-01	1.183683e+00
80	4.974326e-01	5.940441e-01	2.736199e+00
81	4.671209e-01	5.226122e-01	1.617489e+00
82	4.415021e-01	4.683682e-01	2.456766e+00
83	4.509974e-01	3.713178e-01	1.406448e+00
84	3.811873e-01	4.078540e-01	2.453835e+00
85	4.651615e-01	5.174430e-01	2.712750e+00
86	4.704537e-01	5.265100e-01	2.877870e+00
87	4.404898e-01	2.370920e-01	1.533464e+00
88	4.806749e-01	4.598716e-01	2.169516e+00
89	5.437634e-01	7.357520e-01	2.483146e+00
90	4.998743e-01	6.063628e-01	1.538349e+00
91	4.780810e-01	5.093654e-01	1.117245e+00
92	4.643489e-01	5.017096e-01	2.709819e+00
93	5.445687e-01	5.385389e-01	2.929653e+00
94	5.732859e-01	5.924898e-01	2.125550e+00
95	4.414428e-01	6.853247e-01	2.148999e+00
96	4.396532e-01	5.150971e-01	1.206155e+00
97	2.092043e-01	5.942225e-01	2.689301e+00
98	4.733670e-01	5.336966e-01	1.997557e+00
99	4.963040e-01	4.423069e-01	1.753298e+00
100	4.864913e-01	5.236099e-01	1.491451e+00
101	4.675142e-01	5.198026e-01	2.381534e+00
102	4.526962e-01	4.704948e-01	1.837323e+00
103	3.687047e-01	4.458163e-01	2.723498e+00
104	4.218317e-01	4.162550e-01	1.216903e+00
105	4.517584e-01	4.837939e-01	1.385931e+00
106	6.524619e-01	6.377107e-01	1.094773e+00
107	4.847438e-01	5.293099e-01	1.887152e+00
108	6.008975e-01	5.629582e-01	1.869565e+00
109	4.683216e-01	6.659250e-01	2.657059e+00
110	4.771352e-01	4.456289e-01	1.905716e+00
111	4.439049e-01	5.375900e-01	2.319980e+00
112	5.404482e-01	6.660827e-01	1.549096e+00
113	2.482899e-01	4.781748e-01	1.155349e+00
114	4.780085e-01	5.536604e-01	1.261847e+00
115	4.138111e-01	4.647415e-01	1.308745e+00
116	2.289871e-01	3.687400e-01	1.148510e+00
117	4.536379e-01	4.951536e-01	1.865657e+00
118	5.046443e-01	5.587180e-01	2.988276e+00
119	4.818867e-01	5.959369e-01	1.479726e+00
120	4.982465e-01	5.813660e-01	2.095261e+00
121	3.878057e-01	4.237379e-01	2.442110e+00
122	5.000650e-01	3.081651e-01	1.070347e+00
123	5.184622e-01	3.916645e-01	1.417196e+00
124	4.652614e-01	5.071531e-01	2.817294e+00
125	4.130465e-01	3.205903e-01	1.164143e+00
126	4.043646e-01	4.309682e-01	2.738153e+00
127	4.540862e-01	6.987613e-01	2.338544e+00
128	4.479560e-01	3.439212e-01	1.282364e+00
129	4.481759e-01	4.969311e-01	2.676600e+00
130	4.469188e-01	3.414522e-01	2.443087e+00
131	7.694009e-01	1.570098e-01	2.375672e+00
132	4.707211e-01	7.453149e-01	1.220811e+00
133	7.009180e-01	5.637362e-01	2.407914e+00
134	5.427206e-01	5.835444e-01	2.277968e+00
135	4.766974e-01	5.113014e-01	2.409868e+00
136	5.121159e-01	5.416101e-01	2.083537e+00
137	5.488980e-01	4.675777e-01	2.286761e+00
138	6.831852e-01	5.570463e-01	1.194431e+00
139	4.845869e-01	5.117996e-01	2.818271e+00
140	3.767442e-01	4.498313e-01	2.827064e+00
141	4.878921e-01	5.383727e-01	1.684905e+00
142	4.544484e-01	5.088015e-01	1.999511e+00
143	4.734295e-01	5.344365e-01	1.956522e+00
144	4.543614e-01	5.376564e-01	2.323889e+00
145	4.712007e-01	4.154227e-01	2.501710e+00
146	4.127023e-01	7.556146e-01	2.395213e+00
147	4.615121e-01	5.283609e-01	2.719590e+00
148	4.693540e-01	5.200660e-01	2.937469e+00
149	4.805784e-01	5.171998e-01	2.803615e+00
150	4.471722e-01	6.640158e-01	1.794333e+00
151	4.921981e-01	5.199857e-01	2.611138e+00
152	4.862548e-01	5.156213e-01	1.724963e+00
153	4.451886e-01	5.193069e-01	1.983879e+00
154	4.666676e-01	5.225264e-01	2.181241e+00
155	4.431463e-01	4.554914e-01	1.295066e+00
156	4.590304e-01	4.703162e-01	1.970200e+00
157	4.905872e-01	4.986249e-01	2.387396e+00
158	3.125506e-01	5.711594e-01	2.386419e+00
159	4.473196e-01	7.010620e-01	2.647289e+00
160	4.621791e-01	4.927457e-01	1.686859e+00
161	4.638155e-01	4.986819e-01	1.553981e+00
162	5.382783e-01	5.642459e-01	1.764045e+00
163	5.183393e-01	7.400759e-01	1.632145e+00
164	4.688787e-01	5.208672e-01	1.235467e+00
165	4.716095e-01	5.289212e-01	2.251588e+00
166	4.747837e-01	5.343793e-01	1.751343e+00
167	3.207503e-01	5.570035e-01	1.715193e+00
168	4.642901e-01	5.230440e-01	2.109917e+00
169	4.626428e-01	4.830198e-01	2.137274e+00
170	5.514295e-01	4.688773e-01	2.099170e+00
171	5.274388e-01	5.833884e-01	2.057157e+00
172	4.196577e-01	5.199637e-01	2.246702e+00
173	4.990533e-01	5.357327e-01	1.894968e+00
174	4.977916e-01	4.891374e-01	2.453835e+00
175	4.688729e-01	5.274463e-01	2.834880e+00
176	5.149386e-01	6.032008e-01	2.215437e+00
177	4.602177e-01	5.009273e-01	2.153884e+00
178	4.607440e-01	5.168281e-01	2.475330e+00
179	4.324981e-01	4.167516e-01	1.274548e+00
180	4.574169e-01	5.320074e-01	2.127504e+00
181	4.745766e-01	5.114543e-01	1.790425e+00
182	4.430523e-01	3.030313e-01	1.736688e+00
183	3.945838e-01	4.762663e-01	1.692721e+00
184	4.470205e-01	4.651430e-01	2.042501e+00
185	4.072434e-01	4.731250e-01	1.468979e+00
186	5.090657e-01	5.205600e-01	1.784563e+00
187	8.383476e-01	7.729745e-01	2.653151e+00
188	4.343547e-01	4.315678e-01	1.839277e+00
189	4.620388e-01	5.099273e-01	1.175867e+00
190	5.015209e-01	5.392208e-01	2.807523e+00
191	3.455466e-01	7.262392e-01	2.811431e+00
192	5.129653e-01	4.380372e-01	1.192477e+00
193	7.303948e-01	5.675249e-01	1.620420e+00
194	5.866865e-01	6.958921e-01	2.624817e+00
195	4.661762e-01	5.258509e-01	2.806546e+00
196	5.169947e-01	6.424878e-01	1.763068e+00
197	4.752176e-01	5.820872e-01	2.060088e+00
198	5.550697e-01	2.218898e-01	2.458720e+00
199	4.470725e-01	4.828863e-01	2.463605e+00
200	4.781096e-01	7.615130e-01	1.141671e+00
201	4.819776e-01	5.257281e-01	1.146556e+00
202	4.372584e-01	4.775739e-01	1.395701e+00
203	4.672175e-01	5.576486e-01	1.755252e+00
204	4.503315e-01	4.705067e-01	2.901319e+00
205	4.190975e-01	4.758564e-01	2.123596e+00
206	4.427940e-01	7.251110e-01	1.652662e+00
207	4.772293e-01	5.334102e-01	1.199316e+00
208	4.770949e-01	5.656524e-01	2.170493e+00
209	4.583231e-01	3.402107e-01	2.733268e+00
210	4.573035e-01	6.711611e-01	1.545188e+00
211	4.606347e-01	5.161488e-01	1.376160e+00
212	4.724167e-01	5.325138e-01	1.621397e+00
213	4.620132e-01	5.341101e-01	1.883244e+00
214	4.535713e-01	5.190618e-01	1.612604e+00
215	4.409284e-01	5.029928e-01	2.909135e+00
216	4.575553e-01	4.924470e-01	1.354665e+00
217	4.762555e-01	5.075954e-01	2.770396e+00
218	4.781961e-01	6.981437e-01	2.148999e+00
219	4.871126e-01	5.514083e-01	2.624817e+00
220	5.646719e-01	5.730836e-01	2.697118e+00
221	5.315254e-01	5.341804e-01	1.938935e+00
222	2.393791e-01	5.329025e-01	1.854910e+00
223	4.799518e-01	4.811439e-01	2.625794e+00
224	4.085593e-01	4.205011e-01	2.984367e+00
225	4.461766e-01	4.829054e-01	2.693210e+00
226	4.685746e-01	5.127733e-01	2.276014e+00
227	5.131172e-01	5.409268e-01	1.245237e+00
228	4.615513e-01	5.166315e-01	1.489497e+00
229	4.604828e-01	5.303454e-01	2.305325e+00
230	4.756843e-01	5.433016e-01	2.689301e+00
231	4.772595e-01	5.438065e-01	1.346849e+00
232	4.693445e-01	5.295603e-01	2.447973e+00
233	5.327074e-01	5.642877e-01	1.591109e+00
234	5.851109e-01	6.684061e-01	1.931119e+00
235	4.689165e-01	5.435044e-01	2.687347e+00
236	4.691086e-01	5.211680e-01	2.787982e+00
237	4.594642e-01	4.991905e-01	1.510015e+00
238	4.539842e-01	4.982863e-01	2.193942e+00
239	4.606599e-01	4.935643e-01	2.918906e+00
240	5.041454e-01	5.621301e-01	1.734734e+00
241	4.017414e-01	4.512455e-01	1.119199e+00
242	4.938915e-01	4.598553e-01	1.631168e+00
243	5.032669e-01	5.900726e-01	1.258915e+00
244	4.975524e-01	6.040190e-01	2.458720e+00
245	4.939091e-01	4.140638e-01	2.134343e+00
246	4.714602e-01	5.272169e-01	2.662921e+00
247	4.906576e-01	5.431225e-01	2.924768e+00
248	4.706721e-01	4.640411e-01	2.983390e+00
249	6.420887e-01	2.114711e-01	2.305325e+00
250	4.346236e-01	5.457925e-01	2.763556e+00
251	5.693602e-01	3.058313e-01	2.374695e+00
252	4.510717e-01	5.320957e-01	1.703468e+00
253	4.491582e-01	6.617486e-01	1.246214e+00
254	5.996798e-01	7.833847e-01	2.925745e+00
255	4.653092e-01	4.990466e-01	1.857841e+00
256	4.590858e-01	4.956361e-01	2.601368e+00
257	4.960240e-01	5.677574e-01	2.413776e+00
258	4.725877e-01	5.106920e-01	2.569126e+00
259	4.917626e-01	5.943225e-01	1.865657e+00
260	4.662779e-01	5.239299e-01	2.574988e+00
261	4.669031e-01	5.173623e-01	1.598925e+00
262	2.352465e-01	4.776032e-01	2.264289e+00
263	5.251475e-01	4.485524e-01	1.176844e+00
264	4.346910e-01	4.802310e-01	1.061553e+00
265	4.562201e-01	4.922243e-01	2.526136e+00
266	4.834274e-01	5.463455e-01	1.928188e+00
267	4.432381e-01	5.948169e-01	2.006351e+00
268	4.972140e-01	5.673907e-01	1.041036e+00
269	4.919733e-01	3.680595e-01	1.793356e+00
270	5.735843e-01	6.236434e-01	1.860772e+00
271	4.394548e-01	5.342831e-01	1.389839e+00
272	4.644690e-01	5.129717e-01	1.052760e+00
273	5.714550e-01	6.205734e-01	1.156326e+00
274	4.032915e-01	2.854421e-01	1.981925e+00
275	4.464437e-01	3.422910e-01	2.256473e+00
276	4.902088e-01	5.530163e-01	2.368832e+00
277	4.413505e-01	5.199932e-01	2.024915e+00
278	4.165099e-01	3.248016e-01	1.266732e+00
279	4.751803e-01	5.611050e-01	1.348803e+00
280	4.936274e-01	6.980174e-01	2.472399e+00
281	5.229235e-01	5.951848e-01	2.288715e+00
282	4.556078e-01	4.515692e-01	2.745970e+00
283	4.176523e-01	4.482316e-01	2.490962e+00
284	4.987125e-01	4.552578e-01	2.515388e+00
285	3.742750e-01	1.926819e-01	1.545188e+00
286	4.702092e-01	5.219952e-01	2.662921e+00
287	4.446339e-01	4.631991e-01	2.264289e+00
288	4.269721e-01	4.549384e-01	2.905227e+00
289	5.043216e-01	6.824542e-01	1.058622e+00
290	4.845147e-01	6.195250e-01	2.152907e+00
291	6.207576e-01	1.987739e-01	2.784074e+00
292	4.601339e-01	5.111428e-01	2.445042e+00
293	6.648084e-01	6.851281e-01	2.852467e+00
294	4.668561e-01	5.598988e-01	2.070835e+00
295	4.498441e-01	5.417380e-01	1.406448e+00
296	3.362393e-01	2.790750e-01	1.751343e+00
297	5.105832e-01	4.740295e-01	2.077675e+00
298	4.793697e-01	7.073527e-01	1.601856e+00
299	4.866023e-01	5.408030e-01	2.048363e+00
300	5.057835e-01	6.490567e-01	2.781143e+00
301	4.673454e-01	5.193584e-01	2.779189e+00
302	4.415703e-01	4.840326e-01	2.617978e+00
303	4.118724e-01	4.595850e-01	1.698583e+00
304	5.476421e-01	6.326492e-01	1.948705e+00
305	4.717797e-01	5.290578e-01	1.416219e+00
306	5.587180e-01	7.749486e-01	1.745481e+00
307	4.641970e-01	5.039566e-01	2.291646e+00
308	2.469945e-01	4.443269e-01	1.868588e+00
309	5.430787e-01	6.184482e-01	2.511480e+00
310	4.740473e-01	5.422579e-01	2.596483e+00
311	5.248960e-01	5.875605e-01	2.855398e+00
312	5.094898e-01	5.532467e-01	1.312653e+00
313	5.813690e-01	6.290084e-01	1.787494e+00
314	4.730972e-01	5.273717e-01	2.252565e+00
315	4.204586e-01	4.319916e-01	1.978017e+00
316	5.769687e-01	5.309717e-01	2.965804e+00
317	4.572576e-01	4.915500e-01	2.221299e+00
318	4.791915e-01	6.942337e-01	1.701514e+00
319	5.271288e-01	5.863614e-01	1.135809e+00
320	5.138096e-01	5.487173e-01	2.997069e+00
321	6.348246e-01	2.163025e-01	2.470445e+00
322	4.752760e-01	4.629269e-01	2.362970e+00
323	4.561828e-01	5.088110e-01	2.553493e+00
324	5.380974e-01	5.697152e-01	1.347826e+00
325	2.563025e-01	1.794000e-01	2.896434e+00
326	4.628896e-01	5.225626e-01	1.857841e+00
327	4.759525e-01	6.129720e-01	1.669272e+00
328	4.466506e-01	5.130833e-01	1.726917e+00
329	4.553779e-01	4.035732e-01	2.604299e+00
330	4.827739e-01	5.249202e-01	2.089399e+00
331	5.256435e-01	5.037666e-01	1.552027e+00
332	5.408139e-01	6.237349e-01	1.769907e+00
333	4.785218e-01	5.293320e-01	1.382022e+00
334	5.553815e-01	5.809467e-01	2.510503e+00
335	5.242461e-01	4.971956e-01	1.640938e+00
336	4.607806e-01	5.118084e-01	2.933561e+00
337	4.533182e-01	4.119477e-01	1.033219e+00
338	5.148717e-01	4.377489e-01	1.408403e+00
339	4.680212e-01	5.239813e-01	2.767465e+00
340	4.716529e-01	5.290385e-01	1.526624e+00
341	6.270525e-01	5.746705e-01	1.456277e+00
342	4.785405e-01	4.908620e-01	1.054714e+00
343	4.510423e-01	5.174034e-01	2.601368e+00
344	3.687011e-01	2.082312e-01	2.193942e+00
345	6.696224e-01	2.941747e-01	2.321935e+00
346	4.686827e-01	5.266671e-01	1.564729e+00
347	4.847087e-01	5.029361e-01	1.679043e+00
348	4.735121e-01	3.922486e-01	2.034685e+00
349	4.626321e-01	4.919520e-01	2.564240e+00
350	4.794034e-01	7.428901e-01	2.311187e+00
351	3.856181e-01	4.009507e-01	1.297997e+00
352	4.561980e-01	4.960943e-01	2.873962e+00
353	4.819350e-01	6.394767e-01	2.202736e+00
354	4.706389e-01	5.204900e-01	2.653151e+00
355	5.141508e-01	7.170570e-01	2.461651e+00
356	4.578254e-01	4.947461e-01	1.679043e+00
357	4.397927e-01	4.203934e-01	2.991207e+00
358	6.306514e-01	5.788451e-01	2.857352e+00
359	3.915296e-01	3.464285e-01	1.913532e+00
360	4.658161e-01	7.045805e-01	1.216903e+00
361	4.392776e-01	3.044652e-01	1.214949e+00
362	5.510016e-01	4.156667e-01	1.005862e+00
363	5.000477e-01	5.647195e-01	2.227162e+00
364	4.618463e-01	4.984004e-01	1.723009e+00
365	4.114553e-01	3.518076e-01	1.491451e+00
366	4.428441e-01	4.765269e-01	1.692721e+00
367	4.880595e-01	5.231246e-01	1.154372e+00
368	4.694773e-01	5.430595e-01	1.851001e+00
369	4.684172e-01	5.251468e-01	2.418661e+00
370	4.666176e-01	5.248523e-01	1.874450e+00
371	4.603980e-01	5.782503e-01	1.591109e+00
372	4.603866e-01	5.334675e-01	2.199805e+00
373	5.146484e-01	3.556260e-01	2.208598e+00
374	4.702154e-01	5.214808e-01	1.322423e+00
375	4.380829e-01	4.991502e-01	2.361016e+00
376	4.074909e-01	4.231141e-01	1.815828e+00
377	4.692638e-01	5.199828e-01	1.328285e+00
378	4.693044e-01	5.325125e-01	1.883244e+00
379	7.445027e-01	8.273634e-01	1.599902e+00
380	6.036650e-01	7.726911e-01	2.343429e+00
381	4.579844e-01	5.287817e-01	1.835369e+00
382	2.736741e-01	7.254041e-01	1.065462e+00
383	6.153454e-01	4.602414e-01	1.698583e+00
384	5.104050e-01	4.116332e-01	2.761602e+00
385	2.473141e-01	4.434896e-01	1.961407e+00
386	4.781264e-01	6.303848e-01	2.449927e+00
387	4.738637e-01	5.509000e-01	2.669761e+00
388	3.957616e-01	5.773822e-01	2.597460e+00
389	4.643898e-01	5.166428e-01	2.960918e+00
390	4.791991e-01	5.458642e-01	1.655594e+00
391	4.524651e-01	5.073621e-01	2.572057e+00
392	4.570621e-01	4.935871e-01	1.234489e+00
393	5.281456e-01	5.316585e-01	1.607719e+00
394	4.711641e-01	5.142083e-01	2.643381e+00
395	5.088384e-01	2.911352e-01	1.233512e+00
396	5.855847e-01	6.442454e-01	2.058134e+00
397	2.549532e-01	4.719620e-01	1.083048e+00
398	6.627318e-01	6.778405e-01	2.453835e+00
399	3.784974e-01	5.545055e-01	2.169516e+00
400	4.902335e-01	5.774361e-01	1.634099e+00
401	4.314900e-01	7.311230e-01	1.314607e+00
402	4.768316e-01	5.632552e-01	2.292623e+00
403	4.554972e-01	7.426305e-01	1.759160e+00
404	5.255950e-01	3.914871e-01	2.942355e+00
405	4.350387e-01	4.166206e-01	1.358574e+00
406	4.881013e-01	5.916344e-01	1.474841e+00
407	4.904149e-01	6.234328e-01	2.850513e+00
408	4.621192e-01	5.141201e-01	2.543723e+00
409	4.441297e-01	5.138347e-01	1.170005e+00
410	5.306046e-01	5.788651e-01	2.011236e+00
411	5.056799e-01	4.403933e-01	2.982413e+00
412	5.455385e-01	5.559490e-01	1.578407e+00
413	3.675122e-01	3.919895e-01	2.904250e+00
414	4.583614e-01	4.956233e-01	2.948217e+00
415	4.691523e-01	5.220024e-01	1.856864e+00
416	4.444077e-01	4.869156e-01	1.780655e+00
417	4.866739e-01	5.160533e-01	1.223742e+00
418	4.958715e-01	5.251203e-01	2.928676e+00
419	4.759560e-01	5.346493e-01	1.055691e+00
420	4.407129e-01	5.135689e-01	2.823156e+00
421	4.671065e-01	5.237946e-01	2.886663e+00
422	4.613368e-01	5.179156e-01	1.391793e+00
423	4.010001e-01	7.659441e-01	1.467025e+00
424	4.721476e-01	5.237919e-01	1.512946e+00
425	4.832473e-01	5.688491e-01	1.960430e+00
426	4.866053e-01	5.711614e-01	2.254519e+00
427	4.800356e-01	4.697577e-01	2.899365e+00
428	4.630345e-01	4.799507e-01	1.247191e+00
429	4.672694e-01	5.161333e-01	1.802149e+00
430	4.591498e-01	5.291021e-01	1.663410e+00
431	4.772727e-01	4.638453e-01	2.556424e+00
432	4.845807e-01	5.746676e-01	2.947240e+00
433	4.820465e-01	4.999447e-01	2.475330e+00
434	5.145129e-01	5.816374e-01	2.923791e+00
435	4.466873e-01	4.444860e-01	2.906204e+00
436	1.361426e-01	8.296582e-01	2.668784e+00
437	4.771797e-01	5.646635e-01	2.476307e+00
438	5.461865e-01	3.889130e-01	2.065950e+00
439	4.667008e-01	5.242170e-01	1.983879e+00
440	3.832447e-01	4.167659e-01	1.637030e+00
441	7.178933e-01	4.476957e-01	1.338056e+00
442	5.169034e-01	5.433634e-01	2.406937e+00
443	6.040124e-01	7.092588e-01	1.422081e+00
444	4.019875e-01	4.161073e-01	2.956033e+00
445	4.760320e-01	5.307031e-01	2.601368e+00
446	5.302011e-01	5.889009e-01	1.846116e+00
447	4.600901e-01	5.036661e-01	1.264778e+00
448	4.808859e-01	5.307141e-01	1.119199e+00
449	4.422809e-01	4.793700e-01	1.956522e+00
450	6.551539e-01	6.654615e-01	2.971666e+00
451	4.681048e-01	5.284854e-01	2.149976e+00
452	3.893601e-01	5.484020e-01	1.574499e+00
453	5.320725e-01	6.727571e-01	1.775769e+00
454	7.564347e-01	5.991089e-01	1.542257e+00
455	4.866904e-01	5.468718e-01	2.984367e+00
456	5.101268e-01	5.873928e-01	1.577430e+00
457	4.561732e-01	4.876009e-01	2.955056e+00
458	4.404925e-01	5.453392e-01	2.865169e+00
459	4.493373e-01	3.450733e-01	1.672203e+00
460	4.291518e-01	3.259249e-01	1.198339e+00
461	4.103097e-01	2.618593e-01	2.513434e+00
462	5.570499e-01	6.401642e-01	1.853933e+00
463	5.045894e-01	5.414691e-01	2.858329e+00
464	4.686126e-01	5.979364e-01	1.574499e+00
465	4.634024e-01	5.542359e-01	1.432829e+00
466	4.565030e-01	5.159790e-01	1.500244e+00
467	3.802891e-01	3.876353e-01	1.323400e+00
468	4.676803e-01	5.371349e-01	2.147044e+00
469	4.682121e-01	5.080417e-01	2.698095e+00
470	4.720145e-01	5.141141e-01	1.364436e+00
471	3.748325e-01	4.164792e-01	2.076698e+00
472	4.637573e-01	5.152953e-01	2.011236e+00
473	4.742185e-01	3.769451e-01	1.215926e+00
474	4.558946e-01	5.221949e-01	2.299463e+00
475	4.986209e-01	4.301960e-01	1.683928e+00
476	4.629413e-01	4.931208e-01	2.081583e+00
477	5.089419e-01	5.313893e-01	2.350269e+00
478	4.759755e-01	6.133476e-01	2.728383e+00
479	4.501940e-01	3.397826e-01	1.194431e+00
480	5.615688e-01	4.166467e-01	2.515388e+00
481	4.244201e-01	3.150392e-01	1.865657e+00
482	4.831417e-01	2.501942e-01	1.802149e+00
483	4.910752e-01	6.275734e-01	1.367367e+00
484	4.377226e-01	4.255570e-01	1.148510e+00
485	4.711931e-01	3.784348e-01	2.427455e+00
486	3.663594e-01	4.159204e-01	2.196873e+00
487	4.378531e-01	5.074225e-01	2.386419e+00
488	4.434566e-01	4.401766e-01	1.294089e+00
489	5.471063e-01	6.003477e-01	1.687836e+00
490	4.192078e-01	5.987967e-01	1.146556e+00
491	5.220265e-01	2.495544e-01	1.597948e+00
492	5.187266e-01	4.712353e-01	2.412799e+00
493	6.076088e-01	5.850254e-01	1.227650e+00
494	5.405285e-01	3.823555e-01	2.522228e+00
495	5.234901e-01	5.802518e-01	1.437714e+00
496	4.383364e-01	4.332075e-01	1.523693e+00
497	5.593524e-01	3.805999e-01	1.221788e+00
498	4.482273e-01	4.523163e-01	1.652662e+00
499	5.517471e-01	3.998287e-01	1.269663e+00
500	4.726224e-01	5.163978e-01	2.967758e+00
501	4.751137e-01	5.158641e-01	2.546654e+00
502	1.826607e-01	4.259952e-01	1.818759e+00
503	4.227484e-01	4.355894e-01	1.919394e+00
504	4.770685e-01	5.070347e-01	2.563263e+00
505	4.298823e-01	4.273982e-01	1.451392e+00
506	4.217657e-01	5.107648e-01	1.718124e+00
507	4.603848e-01	5.022001e-01	1.207132e+00
508	4.582738e-01	4.923748e-01	1.236444e+00
509	5.272174e-01	5.116889e-01	2.622863e+00
510	5.408255e-01	6.521205e-01	2.549585e+00
511	4.712395e-01	5.134980e-01	2.966781e+00
512	5.016897e-01	3.729023e-01	2.395213e+00
513	4.409809e-01	5.691645e-01	1.534441e+00
514	4.262980e-01	4.455997e-01	1.550073e+00
515	4.487387e-01	4.766209e-01	1.610650e+00
516	4.988507e-01	3.042625e-01	1.612604e+00
517	4.685474e-01	5.135644e-01	1.086957e+00
518	4.797858e-01	7.005058e-01	2.282853e+00
519	1.968543e-01	1.741387e-01	1.573522e+00
520	4.908175e-01	5.193822e-01	2.497802e+00
521	4.776211e-01	5.217181e-01	1.752320e+00
522	4.835485e-01	7.495599e-01	1.589155e+00
523	4.690248e-01	5.307295e-01	1.209086e+00
524	5.235762e-01	6.292581e-01	2.755740e+00
525	3.427329e-01	6.210011e-01	1.499267e+00
526	4.849831e-01	5.339163e-01	1.014656e+00
527	4.550337e-01	2.905818e-01	2.891549e+00
528	4.761871e-01	5.407207e-01	2.478261e+00
529	4.651941e-01	4.938651e-01	1.898876e+00
530	4.788174e-01	5.106295e-01	1.188569e+00
531	4.714782e-01	5.264408e-01	2.785051e+00
532	4.711098e-01	5.255089e-01	2.945286e+00
533	4.996767e-01	6.121256e-01	2.458720e+00
534	4.995165e-01	4.126605e-01	2.673669e+00
535	4.593953e-01	4.939930e-01	1.399609e+00
536	4.977347e-01	5.509958e-01	2.604299e+00
537	4.718838e-01	5.221030e-01	1.529555e+00
538	4.709654e-01	5.229495e-01	2.823156e+00
539	5.000627e-01	5.389815e-01	2.826087e+00
540	4.880675e-01	5.647595e-01	2.844651e+00
541	4.060203e-01	5.312306e-01	2.290669e+00
542	4.576611e-01	5.128465e-01	2.570103e+00
543	5.095095e-01	5.280040e-01	2.396190e+00
544	4.721990e-01	4.699113e-01	1.318515e+00
545	5.186506e-01	5.444431e-01	2.605276e+00
546	6.511143e-01	5.539711e-01	2.683439e+00
547	5.112997e-01	5.413928e-01	1.587201e+00
548	4.526894e-01	3.847770e-01	1.375183e+00
549	5.275976e-01	5.524458e-01	2.298486e+00
550	4.590853e-01	4.038399e-01	1.285296e+00
551	4.619232e-01	5.269006e-01	2.983390e+00
552	3.489198e-01	3.611031e-01	1.195408e+00
553	4.493204e-01	5.050438e-01	2.414753e+00
554	4.390338e-01	7.172955e-01	1.843185e+00
555	4.721929e-01	4.899127e-01	2.396190e+00
556	6.157965e-01	5.857953e-01	3.000000e+00
557	4.672307e-01	5.315337e-01	2.728383e+00
558	6.292817e-01	6.650211e-01	1.133854e+00
559	4.607117e-01	5.096857e-01	1.944797e+00
560	4.975212e-01	4.153422e-01	2.883732e+00
561	5.606456e-01	6.497033e-01	2.383488e+00
562	3.222098e-01	5.393897e-01	2.506595e+00
563	4.706794e-01	5.228537e-01	1.786517e+00
564	4.731497e-01	4.750369e-01	2.893503e+00
565	4.659053e-01	5.269000e-01	2.981436e+00
566	4.811404e-01	5.033552e-01	2.663898e+00
567	4.632961e-01	5.906216e-01	2.227162e+00
568	4.772190e-01	5.301414e-01	1.527601e+00
569	5.028231e-01	3.399225e-01	2.610161e+00
570	5.491407e-01	2.147691e-01	1.058622e+00
571	4.893836e-01	5.649331e-01	2.782120e+00
572	4.843728e-01	4.164926e-01	1.518808e+00
573	4.569317e-01	5.153247e-01	2.109917e+00
574	4.979051e-01	5.801557e-01	2.074744e+00
575	4.597634e-01	5.286632e-01	2.319003e+00
576	4.971081e-01	5.361308e-01	1.290181e+00
577	5.193711e-01	5.330829e-01	1.286273e+00
578	4.914523e-01	5.531372e-01	1.881290e+00
579	4.567263e-01	4.997162e-01	1.664387e+00
580	2.506733e-01	8.646318e-01	1.242306e+00
581	5.235159e-01	4.735333e-01	1.927211e+00
582	4.691394e-01	5.216243e-01	2.820225e+00
583	4.670897e-01	7.938208e-01	2.792868e+00
584	4.813540e-01	4.274631e-01	1.201270e+00
585	5.125522e-01	5.691648e-01	1.898876e+00
586	4.664714e-01	5.300374e-01	1.782609e+00
587	4.764025e-01	5.221315e-01	1.561798e+00
588	4.676379e-01	5.227425e-01	2.282853e+00
589	4.877328e-01	5.527729e-01	2.210552e+00
590	5.814211e-01	5.451915e-01	1.020518e+00
591	4.873524e-01	5.676324e-01	1.784563e+00
592	4.715485e-01	5.258631e-01	1.275525e+00
593	4.452132e-01	5.222040e-01	1.212995e+00
594	5.454983e-01	5.762525e-01	2.964827e+00
595	4.717688e-01	5.106091e-01	2.079629e+00
596	5.026147e-01	3.082105e-01	1.187592e+00
597	5.173118e-01	5.369144e-01	1.258915e+00
598	4.524557e-01	4.972059e-01	1.999511e+00
599	4.662076e-01	5.268852e-01	1.264778e+00
600	4.800353e-01	5.543476e-01	1.110405e+00
601	4.183650e-01	2.732034e-01	1.107474e+00
602	4.577798e-01	7.009614e-01	1.070347e+00
603	4.735214e-01	5.142313e-01	2.400098e+00
604	5.092965e-01	5.818117e-01	2.871031e+00
605	4.653031e-01	5.288319e-01	2.739130e+00
606	4.936609e-01	4.808063e-01	2.061065e+00
607	4.965101e-01	2.682281e-01	1.073278e+00
608	4.676943e-01	5.576722e-01	2.799707e+00
609	4.415309e-01	4.695169e-01	2.010259e+00
610	4.936886e-01	6.179682e-01	1.700537e+00
611	4.592784e-01	4.981772e-01	1.339033e+00
612	5.151785e-01	5.944123e-01	2.227162e+00
613	6.953526e-01	6.421031e-01	2.482169e+00
614	4.860873e-01	5.016418e-01	2.958964e+00
615	5.231940e-01	4.320623e-01	1.443576e+00
616	5.589933e-01	5.657092e-01	2.381534e+00
617	4.229590e-01	6.879174e-01	1.971177e+00
618	4.574657e-01	4.937210e-01	2.960918e+00
619	2.783849e-01	1.486193e-01	1.812897e+00
620	5.025299e-01	5.135552e-01	1.170982e+00
621	5.543369e-01	5.789873e-01	1.277479e+00
622	4.975917e-01	3.472492e-01	1.176844e+00
623	5.246359e-01	5.924302e-01	1.636053e+00
624	4.396494e-01	4.816427e-01	2.336590e+00
625	4.399640e-01	5.615021e-01	1.343918e+00
626	4.569884e-01	5.241981e-01	1.905716e+00
627	4.909535e-01	4.749303e-01	1.784563e+00
628	4.821578e-01	5.352255e-01	2.063996e+00
629	4.693147e-01	5.171773e-01	2.497802e+00
630	5.299220e-01	5.992584e-01	2.870054e+00
631	4.229281e-01	4.872438e-01	1.729849e+00
632	4.394365e-01	3.861174e-01	2.290669e+00
633	4.702704e-01	5.216672e-01	2.841720e+00
634	4.667331e-01	5.261353e-01	2.195896e+00
635	4.805397e-01	5.025383e-01	1.601856e+00
636	4.221239e-01	4.678773e-01	2.449927e+00
637	4.599472e-01	5.358973e-01	1.462140e+00
638	4.664963e-01	5.211345e-01	2.041524e+00
639	4.692399e-01	5.205875e-01	2.061065e+00
640	4.125692e-01	2.614316e-01	2.130435e+00
641	3.646796e-01	2.468605e-01	2.205667e+00
642	4.662818e-01	5.223277e-01	2.184172e+00
643	5.049415e-01	4.900354e-01	2.747924e+00
644	4.163871e-01	4.648825e-01	2.909135e+00
645	4.724167e-01	5.181674e-01	2.777235e+00
646	5.037611e-01	5.636682e-01	1.295066e+00
647	5.174789e-01	4.579026e-01	1.050806e+00
648	5.541099e-01	5.860040e-01	1.191500e+00
649	4.671147e-01	4.897000e-01	1.198339e+00
650	4.744013e-01	5.121664e-01	2.656082e+00
651	5.046650e-01	5.308143e-01	1.692721e+00
652	3.575512e-01	2.137406e-01	2.330728e+00
653	4.589140e-01	4.953824e-01	1.906693e+00
654	4.729810e-01	4.914511e-01	2.192965e+00
655	4.715895e-01	4.729157e-01	1.200293e+00
656	4.786294e-01	4.961502e-01	2.361016e+00
657	4.413790e-01	3.598257e-01	2.080606e+00
658	4.646407e-01	5.132956e-01	2.017098e+00
659	4.033398e-01	5.296570e-01	2.191011e+00
660	4.970184e-01	6.287132e-01	1.667318e+00
661	4.432042e-01	3.629728e-01	2.229116e+00
662	6.278879e-01	6.656217e-01	1.188569e+00
663	5.391657e-01	5.729445e-01	2.714704e+00
664	4.644524e-01	5.664347e-01	1.979971e+00
665	4.906369e-01	5.795655e-01	2.954079e+00
666	4.817756e-01	2.839466e-01	1.803127e+00
667	4.919366e-01	5.249507e-01	1.039082e+00
668	3.309665e-01	5.259922e-01	1.893014e+00
669	4.800382e-01	4.773783e-01	1.778701e+00
670	2.673169e-01	8.004359e-01	1.807035e+00
671	4.867063e-01	5.380549e-01	1.102589e+00
672	6.918133e-01	6.372640e-01	1.879336e+00
673	4.005550e-01	5.413653e-01	1.984856e+00
674	4.689838e-01	5.203188e-01	2.238886e+00
675	5.003907e-01	5.679008e-01	2.868100e+00
676	4.665640e-01	5.308451e-01	2.748901e+00
677	4.566855e-01	5.239050e-01	1.578407e+00
678	4.677970e-01	5.101762e-01	1.621397e+00
679	4.740678e-01	5.207394e-01	2.657059e+00
680	4.520640e-01	4.838444e-01	2.404983e+00
681	4.456773e-01	4.751825e-01	2.272106e+00
682	4.554799e-01	4.627194e-01	1.463117e+00
683	4.590737e-01	5.062315e-01	2.316072e+00
684	4.676511e-01	5.313786e-01	2.334636e+00
685	5.082266e-01	4.947615e-01	1.365413e+00
686	4.132817e-01	4.378869e-01	2.105032e+00
687	6.013027e-01	5.758784e-01	1.339033e+00
688	4.687555e-01	4.941319e-01	2.932584e+00
689	4.582436e-01	5.222089e-01	2.378603e+00
690	4.659062e-01	5.287018e-01	1.833415e+00
691	6.440889e-01	5.983303e-01	1.663410e+00
692	4.430159e-01	5.167625e-01	2.251588e+00
693	4.084303e-01	4.598295e-01	1.766976e+00
694	4.594278e-01	7.026365e-01	1.575476e+00
695	4.451411e-01	2.963405e-01	2.771373e+00
696	4.724184e-01	5.331568e-01	2.787005e+00
697	4.760991e-01	5.264086e-01	1.959453e+00
698	4.898018e-01	5.553286e-01	2.187103e+00
699	4.671876e-01	5.238602e-01	2.430386e+00
700	4.006681e-01	4.237697e-01	2.679531e+00
701	4.327045e-01	4.475853e-01	2.191988e+00
702	3.917028e-01	4.051880e-01	2.945286e+00
703	4.678755e-01	5.130651e-01	2.793845e+00
704	4.961253e-01	5.229297e-01	2.132389e+00
705	4.440650e-01	7.495087e-01	1.627259e+00
706	4.668224e-01	5.262288e-01	1.623351e+00
707	4.858230e-01	5.088716e-01	2.772350e+00
708	4.651815e-01	5.155398e-01	1.552027e+00
709	3.056452e-01	5.178897e-01	1.180752e+00
710	5.031848e-01	5.806922e-01	1.632145e+00
711	2.162353e-01	2.479361e-01	1.680997e+00
712	4.594690e-01	4.103308e-01	2.828041e+00
713	2.284946e-01	5.585975e-01	1.703468e+00
714	4.572687e-01	4.251938e-01	1.471910e+00
715	4.551748e-01	4.853122e-01	2.368832e+00
716	4.646763e-01	4.960310e-01	1.961407e+00
717	4.678561e-01	5.238848e-01	1.756229e+00
718	4.850127e-01	5.010676e-01	2.987298e+00
719	4.733601e-01	5.148235e-01	2.332682e+00
720	4.748531e-01	5.099052e-01	1.097704e+00
721	4.138564e-01	4.656104e-01	1.954568e+00
722	4.654165e-01	5.228461e-01	1.704446e+00
723	4.696635e-01	5.208781e-01	1.853933e+00
724	3.927059e-01	4.019098e-01	2.829995e+00
725	4.425609e-01	5.328333e-01	2.232047e+00
726	4.877686e-01	5.493558e-01	2.587689e+00
727	2.463752e-01	6.061745e-01	2.698095e+00
728	4.046913e-01	2.711153e-01	1.896922e+00
729	3.895163e-01	4.274610e-01	1.212995e+00
730	2.065575e-01	4.203657e-01	1.502198e+00
731	4.638872e-01	5.216346e-01	2.614069e+00
732	5.335306e-01	3.823182e-01	2.880801e+00
733	4.795174e-01	5.137231e-01	1.956522e+00
734	3.452289e-01	4.359217e-01	2.745970e+00
735	2.364343e-01	8.343299e-01	1.179775e+00
736	5.642390e-01	4.554896e-01	1.935027e+00
737	4.865216e-01	5.165703e-01	1.975085e+00
738	4.957508e-01	5.503269e-01	1.067416e+00
739	4.153951e-01	5.810163e-01	2.024915e+00
740	4.588473e-01	7.022669e-01	2.810454e+00
741	4.731364e-01	4.419364e-01	2.428432e+00
742	4.644403e-01	5.315293e-01	1.957499e+00
743	4.093873e-01	4.334127e-01	2.306302e+00
744	4.624972e-01	5.259937e-01	2.557401e+00
745	4.798803e-01	5.513401e-01	1.243283e+00
746	4.540960e-01	5.049924e-01	2.429409e+00
747	4.758660e-01	5.150158e-01	2.523205e+00
748	3.943253e-01	2.809749e-01	2.842697e+00
749	4.672048e-01	5.234605e-01	2.247680e+00
750	4.755611e-01	4.727563e-01	2.000489e+00
751	4.586981e-01	5.359423e-01	2.446019e+00
752	4.662740e-01	5.146443e-01	2.360039e+00
753	4.905793e-01	3.580519e-01	2.567171e+00
754	4.623367e-01	5.285716e-01	2.415730e+00
755	4.682472e-01	5.108362e-01	1.989741e+00
756	4.698481e-01	5.148044e-01	2.908158e+00
757	5.950645e-01	7.376418e-01	2.731314e+00
758	4.698990e-01	5.206910e-01	2.544700e+00
759	4.668328e-01	5.209203e-01	2.890572e+00
760	4.639088e-01	5.216558e-01	1.654617e+00
761	4.662190e-01	5.217608e-01	1.008793e+00
762	4.814073e-01	5.583205e-01	1.260870e+00
763	4.853621e-01	4.842424e-01	1.347826e+00
764	4.646976e-01	5.217706e-01	1.325354e+00
765	4.858987e-01	5.296981e-01	1.420127e+00
766	3.798195e-01	3.357400e-01	2.845628e+00
767	4.433265e-01	5.396596e-01	1.853933e+00
768	4.698002e-01	5.363787e-01	1.303859e+00
769	5.260793e-01	3.753349e-01	1.294089e+00
770	6.072526e-01	4.345292e-01	1.675134e+00
771	5.469204e-01	5.582959e-01	2.417684e+00
772	4.743953e-01	5.556481e-01	2.053249e+00
773	4.467531e-01	5.150187e-01	1.276502e+00
774	5.148153e-01	7.448612e-01	2.779189e+00
775	4.877133e-01	2.372675e-01	1.984856e+00
776	3.928138e-01	7.821332e-01	2.295554e+00
777	4.722772e-01	5.323577e-01	1.652662e+00
778	4.628572e-01	5.011388e-01	2.464582e+00
779	4.640258e-01	5.216823e-01	1.763068e+00
780	4.935826e-01	5.344236e-01	2.026869e+00
781	4.654942e-01	6.260148e-01	1.160234e+00
782	2.639049e-01	5.227991e-01	2.302394e+00
783	4.633065e-01	5.408149e-01	1.384954e+00
784	4.686459e-01	5.482812e-01	2.598437e+00
785	5.472358e-01	5.590922e-01	2.130435e+00
786	4.475123e-01	5.245172e-01	1.690767e+00
787	4.797520e-01	5.055162e-01	1.940889e+00
788	4.611336e-01	5.070062e-01	2.099170e+00
