124
7	4.911388e-01	3.474086e-01	2.705911e+00
17	1.814187e-01	7.312135e-03	1.195408e+00
28	1.412495e-01	4.561992e-01	2.205667e+00
30	4.024004e-01	1.367383e-01	1.475818e+00
33	4.374157e-01	7.005332e-01	2.331705e+00
40	1.398947e-01	6.305413e-01	1.282364e+00
48	2.778446e-01	1.494348e-01	2.751832e+00
53	5.472625e-02	9.075590e-02	1.506106e+00
74	3.943851e-01	7.678347e-01	1.449438e+00
80	6.704696e-01	1.669480e-02	2.736199e+00
81	7.750791e-01	5.668268e-02	1.617489e+00
82	3.254028e-01	2.173879e-01	2.456766e+00
95	2.829247e-01	2.758557e-02	2.148999e+00
99	3.961646e-01	3.902425e-01	1.753298e+00
114	5.819657e-01	2.358330e-02	1.261847e+00
116	5.024110e-01	3.259114e-01	1.148510e+00
127	5.754553e-01	9.575222e-01	2.338544e+00
151	2.332159e-01	3.320387e-01	2.611138e+00
159	3.814086e-01	4.634969e-01	2.647289e+00
163	4.774884e-01	6.786806e-01	1.632145e+00
165	5.257314e-01	5.234784e-02	2.251588e+00
176	3.248136e-01	3.640087e-01	2.215437e+00
187	5.719171e-01	5.694485e-01	2.653151e+00
191	3.817551e-01	8.159304e-01	2.811431e+00
197	4.559748e-01	7.718529e-01	2.060088e+00
210	4.228302e-01	4.340706e-01	1.545188e+00
214	4.666076e-01	2.977878e-02	1.612604e+00
220	4.298215e-01	2.163491e-03	2.697118e+00
244	6.278962e-01	3.146883e-02	2.458720e+00
245	4.310591e-01	1.127696e-01	2.134343e+00
249	2.956638e-02	1.365007e-01	2.305325e+00
250	1.181484e-01	2.406956e-01	2.763556e+00
251	9.775199e-02	5.924241e-02	2.374695e+00
257	1.057778e-01	7.079869e-02	2.413776e+00
258	2.888665e-01	3.059443e-02	2.569126e+00
283	1.334420e-01	6.227934e-01	2.490962e+00
288	4.473824e-01	3.723103e-01	2.905227e+00
305	5.352809e-01	5.118422e-02	1.416219e+00
306	6.155781e-01	9.638498e-01	1.745481e+00
308	5.483729e-01	3.436830e-01	1.868588e+00
311	1.936439e-01	2.415428e-02	2.855398e+00
314	6.639850e-01	4.306878e-03	2.252565e+00
318	3.163266e-01	7.336373e-01	1.701514e+00
321	1.188293e-01	3.393561e-01	2.470445e+00
325	3.553329e-01	3.553582e-01	2.896434e+00
340	6.213453e-01	6.331243e-02	1.526624e+00
347	2.478361e-01	3.365290e-01	1.679043e+00
350	5.406626e-01	7.817102e-01	2.311187e+00
355	6.126927e-01	9.725849e-01	2.461651e+00
357	4.020696e-01	3.862496e-01	2.991207e+00
366	1.100679e-01	6.367524e-01	1.692721e+00
367	4.171584e-01	1.379597e-01	1.154372e+00
379	6.231901e-01	5.503835e-01	1.599902e+00
380	8.912583e-01	4.570289e-01	2.343429e+00
381	1.041916e-01	1.388676e-01	1.835369e+00
382	2.643281e-01	7.046309e-01	1.065462e+00
384	3.749940e-01	9.627864e-02	2.761602e+00
386	2.508940e-01	1.224854e-01	2.449927e+00
387	6.615502e-01	1.156963e-02	2.669761e+00
389	4.215697e-01	4.983623e-01	2.960918e+00
407	4.777275e-01	6.692544e-01	2.850513e+00
411	5.862210e-01	3.869281e-01	2.982413e+00
417	2.414223e-01	3.476147e-01	1.223742e+00
419	3.355233e-01	1.019509e-01	1.055691e+00
425	4.651993e-01	6.829619e-01	1.960430e+00
426	4.731242e-01	6.887097e-01	2.254519e+00
432	4.750644e-01	6.270665e-01	2.947240e+00
436	3.115332e-01	6.913697e-01	2.668784e+00
440	4.463695e-01	3.595577e-01	1.637030e+00
452	5.478748e-01	1.296192e-02	1.574499e+00
474	6.193978e-01	6.325656e-02	2.299463e+00
478	4.043013e-01	5.750019e-01	2.728383e+00
491	8.837344e-02	4.480782e-01	1.597948e+00
506	1.952832e-01	2.464320e-01	1.718124e+00
510	3.775464e-01	5.195206e-01	2.549585e+00
519	3.744625e-01	2.983022e-01	1.573522e+00
521	4.921394e-01	1.408982e-01	1.752320e+00
522	4.683477e-01	7.091920e-01	1.589155e+00
533	6.215726e-01	3.431562e-03	2.458720e+00
534	4.601888e-01	7.163938e-02	2.673669e+00
541	3.599383e-01	5.354727e-01	2.290669e+00
544	3.912768e-01	5.084658e-01	1.318515e+00
548	3.044181e-01	1.797762e-01	1.375183e+00
551	5.418082e-01	4.602931e-02	2.983390e+00
555	4.757222e-01	5.235753e-01	2.396190e+00
560	5.580042e-01	2.304227e-02	2.883732e+00
563	6.313346e-02	1.279969e-01	1.786517e+00
564	4.394902e-01	3.223845e-01	2.893503e+00
567	1.370276e-01	7.251391e-02	2.227162e+00
568	2.294735e-01	3.281625e-01	1.527601e+00
573	6.170286e-01	5.176760e-02	2.109917e+00
579	7.693897e-01	2.809579e-01	1.664387e+00
580	3.012497e-01	6.313332e-01	1.242306e+00
583	5.210818e-01	7.577990e-01	2.792868e+00
597	3.632434e-01	5.287657e-01	1.258915e+00
614	3.685306e-01	5.556460e-02	2.958964e+00
619	3.818906e-01	3.182208e-01	1.812897e+00
622	1.717324e-01	3.160338e-01	1.176844e+00
636	4.541289e-01	3.572466e-01	2.449927e+00
650	1.368338e-01	5.027055e-01	2.656082e+00
658	4.097788e-01	4.184308e-02	2.017098e+00
660	4.721279e-01	6.749864e-01	1.667318e+00
668	6.737242e-01	2.824045e-01	1.893014e+00
670	2.669867e-01	6.764682e-01	1.807035e+00
675	3.549086e-01	4.823314e-01	2.868100e+00
687	3.388599e-01	1.683608e-01	1.339033e+00
694	5.858187e-01	9.815963e-01	1.575476e+00
696	2.338615e-01	3.229714e-01	2.787005e+00
705	3.959291e-01	4.490133e-01	1.627259e+00
706	2.933994e-01	8.135883e-02	1.623351e+00
710	4.061790e-01	5.446122e-01	1.632145e+00
711	4.195595e-01	2.437263e-01	1.680997e+00
719	4.104382e-01	4.230645e-02	2.332682e+00
735	2.708174e-01	6.725105e-01	1.179775e+00
740	5.864038e-01	9.816577e-01	2.810454e+00
745	4.314104e-01	4.762056e-01	1.243283e+00
748	5.259308e-01	6.420675e-02	2.842697e+00
761	3.150351e-02	2.428736e-01	1.008793e+00
767	2.700325e-02	5.665878e-02	1.853933e+00
770	9.673108e-01	2.234346e-01	1.675134e+00
772	6.768063e-01	4.788424e-03	2.053249e+00
783	7.584813e-02	1.174254e-01	1.384954e+00
786	3.053990e-01	1.896249e-01	1.690767e+00
787	2.914623e-01	3.593068e-02	1.940889e+00
