767
0	2.223738e-01	2.559629e-01	1.398632e+00
1	4.349105e-01	3.796491e-01	1.108451e+00
2	4.141945e-01	4.688647e-01	2.925745e+00
3	4.655270e-01	5.020502e-01	2.732291e+00
4	4.333775e-01	4.361239e-01	1.257938e+00
5	4.952661e-01	5.516885e-01	2.424524e+00
6	7.680424e-01	8.956630e-01	1.383000e+00
7	4.796909e-01	4.818342e-01	2.705911e+00
8	4.644979e-01	4.662317e-01	2.442110e+00
9	4.671639e-01	5.108027e-01	2.233024e+00
10	4.700047e-01	4.817665e-01	2.376649e+00
11	4.651248e-01	5.189187e-01	1.556913e+00
12	4.522892e-01	7.055081e-01	2.950171e+00
13	6.001225e-01	5.601130e-01	1.066439e+00
14	4.656227e-01	5.125157e-01	1.626282e+00
15	3.448245e-01	7.789576e-01	1.306790e+00
16	4.677538e-01	5.119526e-01	2.902296e+00
17	5.478708e-01	7.034041e-01	1.195408e+00
18	4.448570e-01	4.978079e-01	1.785540e+00
19	4.677673e-01	5.286199e-01	1.248168e+00
20	4.348917e-01	4.849798e-01	1.863703e+00
21	5.030754e-01	5.658446e-01	2.671715e+00
22	4.678002e-01	4.998457e-01	2.487054e+00
23	4.790928e-01	6.808416e-01	1.946751e+00
24	4.756297e-01	6.687480e-01	1.303859e+00
25	5.507411e-01	6.146583e-01	2.152907e+00
26	4.864431e-01	5.156656e-01	1.388862e+00
27	4.877984e-01	5.432395e-01	1.591109e+00
28	3.853170e-01	4.034991e-01	2.205667e+00
29	4.818379e-01	5.622741e-01	2.181241e+00
30	4.093638e-01	7.157790e-01	1.475818e+00
31	4.199046e-01	6.001472e-01	2.309233e+00
32	4.536931e-01	5.490675e-01	2.073766e+00
33	5.733178e-01	7.182132e-01	2.331705e+00
34	4.849356e-01	5.382786e-01	1.126038e+00
35	7.432558e-01	6.216495e-01	2.235955e+00
36	3.029421e-01	5.840990e-01	2.805569e+00
37	4.715198e-01	6.442786e-01	2.555447e+00
38	4.661739e-01	4.756320e-01	2.559355e+00
39	4.763093e-01	5.280395e-01	1.895945e+00
40	5.393272e-01	6.065042e-01	1.282364e+00
41	4.722204e-01	3.490528e-01	2.750855e+00
42	4.669463e-01	5.178040e-01	2.412799e+00
43	4.588074e-01	5.244297e-01	2.557401e+00
44	3.982006e-01	6.340148e-01	1.648754e+00
45	4.104848e-01	4.684241e-01	1.721055e+00
46	4.814147e-01	5.256235e-01	2.588666e+00
47	4.813190e-01	5.162514e-01	1.525647e+00
48	4.719236e-01	5.153289e-01	2.751832e+00
49	3.694841e-01	3.455568e-01	2.625794e+00
50	4.262657e-01	4.251329e-01	1.663410e+00
51	4.704373e-01	5.089064e-01	2.560332e+00
52	4.870314e-01	5.361634e-01	1.696629e+00
53	4.794563e-01	5.235189e-01	1.506106e+00
54	4.683857e-01	5.202633e-01	2.675623e+00
55	5.329415e-01	5.600011e-01	2.497802e+00
56	4.967091e-01	3.929331e-01	1.031265e+00
57	3.902485e-01	4.272020e-01	2.361993e+00
58	4.305075e-01	4.651331e-01	1.866634e+00
60	7.828904e-01	7.675260e-01	1.503175e+00
61	4.374818e-01	5.437165e-01	2.449927e+00
62	4.724648e-01	5.087737e-01	2.831949e+00
63	4.668195e-01	5.227076e-01	2.317049e+00
64	4.423854e-01	5.407195e-01	2.353200e+00
65	4.695600e-01	5.109412e-01	2.575965e+00
66	4.418413e-01	5.879143e-01	2.922814e+00
67	3.372100e-01	3.932791e-01	2.289692e+00
68	4.432535e-01	6.255167e-01	2.766488e+00
69	4.644686e-01	3.606997e-01	1.522716e+00
70	4.233253e-01	4.549760e-01	2.769419e+00
71	4.783232e-01	5.496857e-01	1.110405e+00
72	4.961567e-01	4.688075e-01	1.412311e+00
73	5.782867e-01	6.723081e-01	1.951637e+00
74	5.030198e-01	4.431287e-01	1.449438e+00
75	2.851260e-01	4.426517e-01	2.176356e+00
76	4.570534e-01	4.783061e-01	1.212995e+00
77	4.795395e-01	5.075320e-01	1.872496e+00
78	4.551742e-01	4.662801e-01	1.606742e+00
79	3.659528e-01	5.938103e-01	1.183683e+00
80	4.430848e-01	4.468706e-01	2.736199e+00
81	4.712252e-01	5.083462e-01	1.617489e+00
82	4.736153e-01	5.791890e-01	2.456766e+00
83	5.242546e-01	5.437350e-01	1.406448e+00
84	3.706093e-01	4.758799e-01	2.453835e+00
85	4.674063e-01	5.059449e-01	2.712750e+00
86	4.693565e-01	5.207153e-01	2.877870e+00
87	3.507848e-01	6.992463e-01	1.533464e+00
88	4.342973e-01	2.608153e-01	2.169516e+00
89	4.792954e-01	5.127420e-01	2.483146e+00
90	4.543569e-01	6.063128e-01	1.538349e+00
91	4.576774e-01	4.892253e-01	1.117245e+00
92	4.638438e-01	5.357794e-01	2.709819e+00
93	4.256578e-01	4.832127e-01	2.929653e+00
94	4.032336e-01	5.981423e-01	2.125550e+00
95	4.426909e-01	4.017129e-01	2.148999e+00
96	4.439450e-01	5.103125e-01	1.206155e+00
98	4.702497e-01	5.211768e-01	1.997557e+00
99	4.968643e-01	4.544536e-01	1.753298e+00
100	4.837069e-01	4.863601e-01	1.491451e+00
101	4.637997e-01	5.087745e-01	2.381534e+00
102	4.868289e-01	5.361720e-01	1.837323e+00
103	5.163470e-01	6.215584e-01	2.723498e+00
104	4.370085e-01	4.335322e-01	1.216903e+00
105	4.570776e-01	4.986680e-01	1.385931e+00
107	4.725469e-01	5.312466e-01	1.887152e+00
108	6.379193e-01	3.878887e-01	1.869565e+00
109	4.718939e-01	4.100923e-01	2.657059e+00
110	5.225392e-01	5.263024e-01	1.905716e+00
111	4.164295e-01	4.857352e-01	2.319980e+00
113	5.530505e-01	1.841848e-01	1.155349e+00
114	4.796443e-01	5.348721e-01	1.261847e+00
115	3.728770e-01	3.499762e-01	1.308745e+00
116	5.792705e-01	3.700534e-01	1.148510e+00
117	4.761530e-01	5.784087e-01	1.865657e+00
118	4.590912e-01	4.577063e-01	2.988276e+00
119	4.352356e-01	4.350951e-01	1.479726e+00
120	4.771256e-01	4.143910e-01	2.095261e+00
121	5.112954e-01	4.207523e-01	2.442110e+00
122	5.512043e-01	6.525913e-01	1.070347e+00
123	4.719318e-01	4.727912e-01	1.417196e+00
124	4.665269e-01	4.922671e-01	2.817294e+00
126	4.486074e-01	5.608549e-01	2.738153e+00
127	4.383065e-01	5.768727e-01	2.338544e+00
128	3.140752e-01	3.068139e-01	1.282364e+00
129	4.528510e-01	5.063935e-01	2.676600e+00
130	2.959295e-01	3.325784e-01	2.443087e+00
132	3.880012e-01	6.231385e-01	1.220811e+00
133	3.202535e-01	6.100657e-01	2.407914e+00
134	4.603829e-01	4.221556e-01	2.277968e+00
135	4.880048e-01	5.161685e-01	2.409868e+00
136	4.717783e-01	4.698889e-01	2.083537e+00
137	5.081871e-01	4.584354e-01	2.286761e+00
138	5.725944e-01	4.674013e-01	1.194431e+00
139	4.854835e-01	5.057983e-01	2.818271e+00
140	5.636889e-01	5.485175e-01	2.827064e+00
141	4.495422e-01	5.197904e-01	1.684905e+00
142	4.586427e-01	5.193449e-01	1.999511e+00
143	4.670534e-01	4.995795e-01	1.956522e+00
144	4.892919e-01	5.750903e-01	2.323889e+00
145	5.337996e-01	4.764129e-01	2.501710e+00
146	4.445378e-01	6.654968e-01	2.395213e+00
147	5.751244e-01	4.671835e-01	2.719590e+00
148	4.686543e-01	5.105980e-01	2.937469e+00
149	4.787339e-01	5.698572e-01	2.803615e+00
150	3.470750e-01	3.847263e-01	1.794333e+00
151	4.721250e-01	5.017992e-01	2.611138e+00
152	4.986081e-01	5.613904e-01	1.724963e+00
153	4.615899e-01	5.216407e-01	1.983879e+00
154	4.674690e-01	5.075621e-01	2.181241e+00
155	5.177156e-01	4.098359e-01	1.295066e+00
156	4.264195e-01	4.251879e-01	1.970200e+00
157	4.584673e-01	5.239493e-01	2.387396e+00
158	5.942143e-01	5.012285e-01	2.386419e+00
159	5.994249e-01	4.253851e-01	2.647289e+00
160	4.618884e-01	4.911289e-01	1.686859e+00
161	4.620786e-01	5.367320e-01	1.553981e+00
162	4.885355e-01	6.717593e-01	1.764045e+00
163	3.883660e-01	2.446754e-01	1.632145e+00
164	4.680101e-01	5.101697e-01	1.235467e+00
165	4.653519e-01	4.924154e-01	2.251588e+00
166	4.518749e-01	4.990458e-01	1.751343e+00
167	4.547082e-01	6.661793e-01	1.715193e+00
168	4.676202e-01	5.151048e-01	2.109917e+00
169	4.251489e-01	4.426893e-01	2.137274e+00
170	3.886103e-01	4.340987e-01	2.099170e+00
171	4.862098e-01	6.257479e-01	2.057157e+00
172	5.463707e-01	5.058558e-01	2.246702e+00
173	4.802658e-01	4.840425e-01	1.894968e+00
174	4.389475e-01	6.039744e-01	2.453835e+00
175	4.602982e-01	5.481300e-01	2.834880e+00
176	4.265484e-01	4.189398e-01	2.215437e+00
177	4.865478e-01	5.350815e-01	2.153884e+00
178	4.766906e-01	5.048359e-01	2.475330e+00
179	4.837063e-01	6.029120e-01	1.274548e+00
180	4.843940e-01	4.648239e-01	2.127504e+00
181	4.811790e-01	5.228374e-01	1.790425e+00
182	3.009667e-01	3.520428e-01	1.736688e+00
183	3.768792e-01	5.296828e-01	1.692721e+00
184	5.345950e-01	7.027137e-01	2.042501e+00
185	3.580517e-01	4.828763e-01	1.468979e+00
186	4.217784e-01	5.458885e-01	1.784563e+00
188	4.875916e-01	5.515056e-01	1.839277e+00
189	4.764084e-01	5.259349e-01	1.175867e+00
190	5.523792e-01	5.528372e-01	2.807523e+00
191	5.397796e-01	5.487217e-01	2.811431e+00
192	4.814210e-01	5.327441e-01	1.192477e+00
193	2.301901e-01	5.647854e-01	1.620420e+00
194	4.915720e-01	6.662234e-01	2.624817e+00
195	4.678459e-01	5.122257e-01	2.806546e+00
196	3.547970e-01	3.218170e-01	1.763068e+00
197	7.433843e-01	6.719411e-01	2.060088e+00
198	5.522056e-01	7.828955e-01	2.458720e+00
199	4.961072e-01	5.567894e-01	2.463605e+00
200	8.046251e-01	7.589368e-01	1.141671e+00
201	4.654048e-01	5.070879e-01	1.146556e+00
202	4.682967e-01	4.422192e-01	1.395701e+00
203	5.673985e-01	4.940563e-01	1.755252e+00
204	4.842818e-01	5.489309e-01	2.901319e+00
205	5.817944e-01	6.651614e-01	2.123596e+00
206	4.586455e-01	7.497929e-01	1.652662e+00
207	4.713826e-01	4.661788e-01	1.199316e+00
208	5.011847e-01	5.718145e-01	2.170493e+00
209	4.107384e-01	7.020857e-01	2.733268e+00
210	4.787574e-01	5.420327e-01	1.545188e+00
211	4.589516e-01	4.960702e-01	1.376160e+00
212	4.902937e-01	5.342722e-01	1.621397e+00
213	4.582047e-01	5.065738e-01	1.883244e+00
214	4.765752e-01	4.922200e-01	1.612604e+00
215	4.632297e-01	5.220717e-01	2.909135e+00
216	4.723122e-01	5.266883e-01	1.354665e+00
217	4.843149e-01	5.182189e-01	2.770396e+00
218	5.702942e-01	3.548242e-01	2.148999e+00
219	5.044336e-01	5.432538e-01	2.624817e+00
220	4.785945e-01	4.998250e-01	2.697118e+00
221	4.882886e-01	4.907404e-01	1.938935e+00
222	3.631152e-01	1.500413e-01	1.854910e+00
223	4.523794e-01	6.355187e-01	2.625794e+00
224	4.132707e-01	2.822781e-01	2.984367e+00
225	4.890770e-01	5.417988e-01	2.693210e+00
226	4.674737e-01	5.000966e-01	2.276014e+00
227	4.598821e-01	4.730846e-01	1.245237e+00
228	4.752473e-01	5.147232e-01	1.489497e+00
229	4.742452e-01	5.093838e-01	2.305325e+00
230	4.735020e-01	5.327565e-01	2.689301e+00
231	4.845811e-01	5.506836e-01	1.346849e+00
232	4.819942e-01	5.568796e-01	2.447973e+00
233	4.286945e-01	4.938657e-01	1.591109e+00
234	4.232370e-01	5.829742e-01	1.931119e+00
235	4.558224e-01	5.596671e-01	2.687347e+00
236	4.679809e-01	5.109799e-01	2.787982e+00
237	4.751630e-01	5.268980e-01	1.510015e+00
238	4.802362e-01	5.111440e-01	2.193942e+00
239	4.891944e-01	4.444145e-01	2.918906e+00
240	4.739891e-01	5.333802e-01	1.734734e+00
241	4.314988e-01	4.501649e-01	1.119199e+00
242	4.340780e-01	6.249555e-01	1.631168e+00
243	4.541606e-01	4.886683e-01	1.258915e+00
244	4.850266e-01	5.759655e-01	2.458720e+00
245	4.520386e-01	3.999483e-01	2.134343e+00
246	4.710958e-01	5.120540e-01	2.662921e+00
247	5.001847e-01	5.357321e-01	2.924768e+00
248	4.371893e-01	4.866694e-01	2.983390e+00
250	6.257168e-01	5.715363e-01	2.763556e+00
251	2.176135e-01	4.832821e-01	2.374695e+00
252	5.423537e-01	4.457041e-01	1.703468e+00
253	4.764993e-01	3.608532e-01	1.246214e+00
254	4.771610e-01	6.722853e-01	2.925745e+00
255	4.776147e-01	4.768152e-01	1.857841e+00
256	4.746043e-01	5.185311e-01	2.601368e+00
257	4.570150e-01	4.779289e-01	2.413776e+00
258	4.620436e-01	5.422114e-01	2.569126e+00
259	4.742360e-01	6.119158e-01	1.865657e+00
260	4.689866e-01	5.125334e-01	2.574988e+00
261	4.867865e-01	5.284279e-01	1.598925e+00
262	5.522383e-01	5.558174e-01	2.264289e+00
263	3.566133e-01	6.660389e-01	1.176844e+00
264	4.882170e-01	3.082102e-01	1.061553e+00
265	4.611351e-01	4.871797e-01	2.526136e+00
266	4.774924e-01	5.605024e-01	1.928188e+00
267	4.083272e-01	5.371996e-01	2.006351e+00
268	4.598253e-01	5.095903e-01	1.041036e+00
269	4.837729e-01	5.023376e-01	1.793356e+00
270	4.943650e-01	5.868157e-01	1.860772e+00
271	5.912469e-01	4.859442e-01	1.389839e+00
272	4.713738e-01	5.062759e-01	1.052760e+00
273	3.498904e-01	3.345425e-01	1.156326e+00
274	6.030778e-01	7.983451e-01	1.981925e+00
275	3.173751e-01	3.866024e-01	2.256473e+00
276	4.622924e-01	4.475007e-01	2.368832e+00
277	4.905626e-01	5.515507e-01	2.024915e+00
279	4.305096e-01	4.486734e-01	1.348803e+00
280	5.446854e-01	6.753385e-01	2.472399e+00
281	5.454979e-01	5.806228e-01	2.288715e+00
282	4.682804e-01	6.069809e-01	2.745970e+00
283	4.422114e-01	5.071661e-01	2.490962e+00
284	5.530906e-01	7.450313e-01	2.515388e+00
285	1.764853e-01	4.552620e-01	1.545188e+00
286	4.803715e-01	5.219561e-01	2.662921e+00
287	4.663282e-01	4.379156e-01	2.264289e+00
288	4.914319e-01	5.385679e-01	2.905227e+00
289	3.902613e-01	5.929185e-01	1.058622e+00
290	6.042067e-01	4.752342e-01	2.152907e+00
291	7.750351e-01	9.023093e-01	2.784074e+00
292	4.661212e-01	5.095358e-01	2.445042e+00
293	5.096146e-01	2.018785e-01	2.852467e+00
294	4.274595e-01	4.660904e-01	2.070835e+00
295	4.126369e-01	5.211019e-01	1.406448e+00
296	6.869601e-01	9.494727e-01	1.751343e+00
297	5.711449e-01	4.918194e-01	2.077675e+00
298	4.301305e-01	5.868701e-01	1.601856e+00
299	4.454841e-01	4.564625e-01	2.048363e+00
300	4.920419e-01	4.626650e-01	2.781143e+00
301	4.713596e-01	5.078130e-01	2.779189e+00
302	4.686136e-01	5.298389e-01	2.617978e+00
303	3.088324e-01	2.841148e-01	1.698583e+00
304	5.299089e-01	5.784551e-01	1.948705e+00
305	4.642670e-01	5.399820e-01	1.416219e+00
306	8.495770e-01	2.538803e-01	1.745481e+00
307	4.697239e-01	5.225466e-01	2.291646e+00
308	3.878683e-01	1.699516e-01	1.868588e+00
309	5.355580e-01	5.505503e-01	2.511480e+00
310	4.924177e-01	5.551331e-01	2.596483e+00
311	5.213020e-01	6.121807e-01	2.855398e+00
312	5.008287e-01	5.661194e-01	1.312653e+00
313	4.817232e-01	5.551787e-01	1.787494e+00
314	4.700485e-01	5.152440e-01	2.252565e+00
315	4.589936e-01	6.170677e-01	1.978017e+00
316	3.879500e-01	3.571701e-01	2.965804e+00
317	4.748653e-01	5.199848e-01	2.221299e+00
318	6.905828e-01	4.710277e-01	1.701514e+00
319	4.805487e-01	6.038350e-01	1.135809e+00
320	4.298130e-01	4.936435e-01	2.997069e+00
322	4.945171e-01	4.511926e-01	2.362970e+00
323	4.800773e-01	5.034578e-01	2.553493e+00
324	4.829473e-01	5.048529e-01	1.347826e+00
325	1.200354e-01	2.296138e-01	2.896434e+00
326	4.719401e-01	5.074996e-01	1.857841e+00
327	4.375323e-01	4.244043e-01	1.669272e+00
328	4.735243e-01	5.308383e-01	1.726917e+00
329	4.810252e-01	5.514561e-01	2.604299e+00
330	4.900563e-01	5.135273e-01	2.089399e+00
331	5.082174e-01	5.135883e-01	1.552027e+00
332	4.064200e-01	5.354405e-01	1.769907e+00
333	4.800264e-01	5.333359e-01	1.382022e+00
334	3.143160e-01	3.964388e-01	2.510503e+00
335	4.121060e-01	4.966392e-01	1.640938e+00
336	4.592770e-01	5.260001e-01	2.933561e+00
337	3.874828e-01	5.605603e-01	1.033219e+00
338	4.680824e-01	5.180643e-01	1.408403e+00
339	4.811775e-01	5.308349e-01	2.767465e+00
340	4.567821e-01	4.869315e-01	1.526624e+00
341	5.009928e-01	5.696797e-01	1.456277e+00
342	4.855508e-01	5.331928e-01	1.054714e+00
343	4.114121e-01	5.446518e-01	2.601368e+00
344	2.658985e-01	3.612166e-01	2.193942e+00
346	4.724084e-01	4.800641e-01	1.564729e+00
347	4.823025e-01	5.075423e-01	1.679043e+00
348	6.401584e-01	5.968981e-01	2.034685e+00
349	4.693754e-01	4.813275e-01	2.564240e+00
350	3.585728e-01	3.804432e-01	2.311187e+00
351	4.885577e-01	6.977409e-01	1.297997e+00
352	4.542334e-01	4.896004e-01	2.873962e+00
353	5.685310e-01	4.674287e-01	2.202736e+00
354	4.670055e-01	5.136853e-01	2.653151e+00
355	5.111926e-01	4.167943e-01	2.461651e+00
356	4.546216e-01	4.936844e-01	1.679043e+00
357	4.762925e-01	5.448441e-01	2.991207e+00
358	4.370664e-01	7.537789e-01	2.857352e+00
359	4.354422e-01	3.946287e-01	1.913532e+00
360	3.654352e-01	4.186478e-01	1.216903e+00
361	4.711122e-01	2.862266e-01	1.214949e+00
362	5.056519e-01	5.076501e-01	1.005862e+00
363	4.751828e-01	5.486594e-01	2.227162e+00
364	4.672263e-01	5.233516e-01	1.723009e+00
366	3.712608e-01	4.646716e-01	1.692721e+00
367	4.701232e-01	5.043050e-01	1.154372e+00
368	4.498781e-01	4.705894e-01	1.851001e+00
369	4.665256e-01	5.088214e-01	2.418661e+00
370	5.114856e-01	5.129775e-01	1.874450e+00
371	5.249360e-01	4.632910e-01	1.591109e+00
372	4.692555e-01	4.603750e-01	2.199805e+00
373	3.946461e-01	3.827763e-01	2.208598e+00
374	4.221469e-01	4.054565e-01	1.322423e+00
375	5.276632e-01	8.184573e-01	2.361016e+00
376	3.711966e-01	5.248771e-01	1.815828e+00
377	4.677895e-01	5.136987e-01	1.328285e+00
378	4.624664e-01	5.299554e-01	1.883244e+00
379	3.593026e-01	3.686192e-01	1.599902e+00
380	5.559639e-01	8.128116e-01	2.343429e+00
381	4.641953e-01	5.406189e-01	1.835369e+00
383	5.037583e-01	5.942287e-01	1.698583e+00
384	7.548563e-01	3.670904e-01	2.761602e+00
385	4.569586e-01	4.229724e-01	1.961407e+00
386	5.616791e-01	5.425585e-01	2.449927e+00
387	4.609143e-01	4.110099e-01	2.669761e+00
388	4.185678e-01	5.215090e-01	2.597460e+00
389	4.696710e-01	5.181202e-01	2.960918e+00
390	4.809335e-01	5.223121e-01	1.655594e+00
391	4.723769e-01	4.287546e-01	2.572057e+00
392	4.800292e-01	5.677247e-01	1.234489e+00
393	5.011210e-01	5.047149e-01	1.607719e+00
394	4.747574e-01	5.125585e-01	2.643381e+00
395	5.494087e-01	6.838008e-01	1.233512e+00
397	3.604352e-01	5.616207e-01	1.083048e+00
398	5.193288e-01	1.285911e-01	2.453835e+00
399	4.387238e-01	6.088749e-01	2.169516e+00
400	4.594255e-01	4.759232e-01	1.634099e+00
401	7.753323e-01	5.545023e-01	1.314607e+00
402	4.709980e-01	5.379135e-01	2.292623e+00
403	6.278350e-01	7.199807e-01	1.759160e+00
404	4.253790e-01	5.697136e-01	2.942355e+00
405	4.623163e-01	4.820952e-01	1.358574e+00
406	4.940357e-01	5.758101e-01	1.474841e+00
407	6.559546e-01	6.100725e-01	2.850513e+00
408	6.099080e-01	6.598908e-01	2.543723e+00
409	4.483131e-01	5.193520e-01	1.170005e+00
410	4.631238e-01	5.922551e-01	2.011236e+00
411	5.276747e-01	4.661017e-01	2.982413e+00
412	7.907756e-01	2.194462e-01	1.578407e+00
413	5.370665e-01	5.923116e-01	2.904250e+00
414	4.850220e-01	5.475792e-01	2.948217e+00
415	4.650298e-01	5.109844e-01	1.856864e+00
416	4.947884e-01	5.615675e-01	1.780655e+00
417	4.642580e-01	4.985466e-01	1.223742e+00
418	4.553340e-01	5.629146e-01	2.928676e+00
419	4.776672e-01	4.886579e-01	1.055691e+00
420	4.734155e-01	4.843887e-01	2.823156e+00
421	4.730452e-01	5.123244e-01	2.886663e+00
422	4.526972e-01	5.028968e-01	1.391793e+00
423	6.514815e-01	3.355643e-01	1.467025e+00
424	4.903498e-01	5.477656e-01	1.512946e+00
425	1.392605e-01	5.414900e-01	1.960430e+00
426	1.645943e-01	5.316207e-01	2.254519e+00
427	4.771661e-01	5.693465e-01	2.899365e+00
428	4.765238e-01	4.915109e-01	1.247191e+00
429	4.728217e-01	5.028264e-01	1.802149e+00
430	4.580303e-01	4.836691e-01	1.663410e+00
431	5.019585e-01	6.566417e-01	2.556424e+00
433	4.729764e-01	5.278811e-01	2.475330e+00
434	4.348632e-01	4.888601e-01	2.923791e+00
435	4.770103e-01	4.039598e-01	2.906204e+00
437	4.804125e-01	4.492499e-01	2.476307e+00
438	5.648460e-01	5.221542e-01	2.065950e+00
439	4.645810e-01	5.098087e-01	1.983879e+00
440	4.863933e-01	5.082758e-01	1.637030e+00
441	5.448542e-01	4.145623e-01	1.338056e+00
442	3.453869e-01	5.443382e-01	2.406937e+00
443	5.796126e-01	2.523994e-01	1.422081e+00
444	5.022787e-01	6.135102e-01	2.956033e+00
445	4.766895e-01	5.000483e-01	2.601368e+00
446	6.472729e-01	5.530422e-01	1.846116e+00
447	4.716245e-01	5.272978e-01	1.264778e+00
448	4.875687e-01	6.110044e-01	1.119199e+00
449	4.619697e-01	4.521382e-01	1.956522e+00
450	4.684959e-01	7.324389e-01	2.971666e+00
451	4.641742e-01	5.113856e-01	2.149976e+00
452	3.977291e-01	5.426889e-01	1.574499e+00
453	4.484636e-01	2.895519e-01	1.775769e+00
455	4.860305e-01	5.697502e-01	2.984367e+00
456	4.647131e-01	4.899691e-01	1.577430e+00
457	4.594027e-01	5.288159e-01	2.955056e+00
458	4.795539e-01	4.920693e-01	2.865169e+00
459	4.775513e-01	5.461592e-01	1.672203e+00
461	3.438391e-01	6.937999e-01	2.513434e+00
462	4.562286e-01	4.620269e-01	1.853933e+00
463	4.571925e-01	5.513596e-01	2.858329e+00
464	4.491645e-01	3.343483e-01	1.574499e+00
465	4.568848e-01	5.310279e-01	1.432829e+00
466	4.627043e-01	5.166909e-01	1.500244e+00
467	4.400355e-01	3.825375e-01	1.323400e+00
468	4.625168e-01	5.075247e-01	2.147044e+00
469	4.627682e-01	5.384355e-01	2.698095e+00
470	4.621093e-01	5.348157e-01	1.364436e+00
471	6.205893e-01	7.517487e-01	2.076698e+00
472	4.705248e-01	5.101264e-01	2.011236e+00
473	4.970525e-01	3.432007e-01	1.215926e+00
474	4.710213e-01	5.142921e-01	2.299463e+00
475	5.140030e-01	4.347906e-01	1.683928e+00
476	4.893138e-01	5.189897e-01	2.081583e+00
477	4.869912e-01	5.609473e-01	2.350269e+00
478	4.866245e-01	5.891247e-01	2.728383e+00
479	3.916188e-01	3.839136e-01	1.194431e+00
480	5.508958e-01	6.157622e-01	2.515388e+00
481	4.688212e-01	3.730357e-01	1.865657e+00
482	4.797430e-01	8.030445e-01	1.802149e+00
483	4.460771e-01	4.774856e-01	1.367367e+00
484	4.786498e-01	5.157737e-01	1.148510e+00
485	5.287172e-01	5.992579e-01	2.427455e+00
486	4.482535e-01	5.412296e-01	2.196873e+00
487	3.816167e-01	5.259388e-01	2.386419e+00
488	4.874993e-01	5.525056e-01	1.294089e+00
489	4.783209e-01	6.146548e-01	1.687836e+00
490	4.927724e-01	5.503264e-01	1.146556e+00
491	6.051835e-01	7.174381e-01	1.597948e+00
492	4.466938e-01	4.687329e-01	2.412799e+00
493	4.011889e-01	4.193150e-01	1.227650e+00
494	4.507494e-01	5.691091e-01	2.522228e+00
495	4.442433e-01	4.848023e-01	1.437714e+00
496	4.810398e-01	5.939984e-01	1.523693e+00
497	5.346007e-01	5.466045e-01	1.221788e+00
498	4.172341e-01	4.582294e-01	1.652662e+00
499	4.944531e-01	6.619301e-01	1.269663e+00
500	4.752345e-01	5.130908e-01	2.967758e+00
501	4.737032e-01	5.094946e-01	2.546654e+00
502	4.285795e-01	1.546255e-01	1.818759e+00
503	4.802492e-01	4.426909e-01	1.919394e+00
504	4.599512e-01	4.979416e-01	2.563263e+00
505	5.405738e-01	6.630868e-01	1.451392e+00
506	5.210981e-01	5.070127e-01	1.718124e+00
507	4.620962e-01	4.985036e-01	1.207132e+00
508	4.691277e-01	5.235856e-01	1.236444e+00
509	3.867954e-01	4.570452e-01	2.622863e+00
510	4.891281e-01	5.020456e-01	2.549585e+00
511	4.761512e-01	5.009869e-01	2.966781e+00
512	4.728342e-01	6.276153e-01	2.395213e+00
513	4.832009e-01	5.846293e-01	1.534441e+00
514	4.276565e-01	4.241177e-01	1.550073e+00
515	4.500341e-01	4.155836e-01	1.610650e+00
516	5.363383e-01	6.179612e-01	1.612604e+00
517	4.968195e-01	5.055330e-01	1.086957e+00
518	3.994115e-01	6.256532e-01	2.282853e+00
519	2.716671e-01	1.785913e-01	1.573522e+00
520	4.836319e-01	4.859756e-01	2.497802e+00
521	4.747310e-01	5.172611e-01	1.752320e+00
523	4.507802e-01	5.103609e-01	1.209086e+00
524	5.322792e-01	6.738859e-01	2.755740e+00
525	3.292569e-01	5.250833e-01	1.499267e+00
526	4.499262e-01	4.978036e-01	1.014656e+00
527	7.360789e-01	7.090982e-01	2.891549e+00
528	4.591493e-01	4.924177e-01	2.478261e+00
529	6.124378e-01	6.456645e-01	1.898876e+00
530	4.942740e-01	5.117845e-01	1.188569e+00
531	4.439658e-01	5.479265e-01	2.785051e+00
532	4.799105e-01	5.134492e-01	2.945286e+00
533	4.563302e-01	5.836117e-01	2.458720e+00
534	3.627422e-01	5.230960e-01	2.673669e+00
535	4.861520e-01	5.088275e-01	1.399609e+00
536	4.408907e-01	4.833678e-01	2.604299e+00
537	4.661380e-01	5.204015e-01	1.529555e+00
538	4.686236e-01	5.080056e-01	2.823156e+00
539	4.635980e-01	5.264045e-01	2.826087e+00
540	4.849359e-01	4.159908e-01	2.844651e+00
541	5.304403e-01	4.448810e-01	2.290669e+00
542	4.343825e-01	5.475314e-01	2.570103e+00
543	4.871573e-01	5.350503e-01	2.396190e+00
544	5.076583e-01	5.526397e-01	1.318515e+00
545	4.954906e-01	5.445099e-01	2.605276e+00
546	6.339631e-01	5.142383e-01	2.683439e+00
547	3.481926e-01	5.150816e-01	1.587201e+00
548	5.077240e-01	5.968648e-01	1.375183e+00
549	4.786568e-01	4.571507e-01	2.298486e+00
550	3.184731e-01	4.630721e-01	1.285296e+00
551	4.714055e-01	5.140921e-01	2.983390e+00
552	5.811336e-01	4.347398e-01	1.195408e+00
553	4.824200e-01	5.238554e-01	2.414753e+00
554	4.484648e-01	6.695634e-01	1.843185e+00
555	4.568676e-01	4.850851e-01	2.396190e+00
556	5.899224e-01	5.429271e-01	3.000000e+00
557	4.879256e-01	5.245757e-01	2.728383e+00
559	4.708843e-01	5.094254e-01	1.944797e+00
560	5.071386e-01	5.859830e-01	2.883732e+00
561	5.139654e-01	3.681072e-01	2.383488e+00
562	4.429709e-01	5.664700e-01	2.506595e+00
563	4.499078e-01	4.965514e-01	1.786517e+00
564	4.487137e-01	4.393151e-01	2.893503e+00
565	4.751590e-01	4.966692e-01	2.981436e+00
566	4.619523e-01	5.339101e-01	2.663898e+00
567	4.808117e-01	5.483435e-01	2.227162e+00
568	4.611695e-01	4.867935e-01	1.527601e+00
569	3.506955e-01	3.537323e-01	2.610161e+00
570	8.458801e-01	2.695320e-01	1.058622e+00
571	4.687603e-01	5.136963e-01	2.782120e+00
573	4.675991e-01	5.220252e-01	2.109917e+00
574	4.631963e-01	4.847041e-01	2.074744e+00
575	4.944612e-01	4.749601e-01	2.319003e+00
576	4.408435e-01	5.214718e-01	1.290181e+00
577	4.630137e-01	5.700565e-01	1.286273e+00
578	4.701836e-01	5.284494e-01	1.881290e+00
579	4.618317e-01	4.855206e-01	1.664387e+00
580	3.661963e-01	5.037876e-01	1.242306e+00
581	4.845839e-01	5.676976e-01	1.927211e+00
582	4.726000e-01	5.074089e-01	2.820225e+00
583	5.214853e-01	6.070271e-01	2.792868e+00
584	4.056889e-01	5.851610e-01	1.201270e+00
585	4.605171e-01	5.858726e-01	1.898876e+00
586	4.705798e-01	5.191958e-01	1.782609e+00
587	4.824713e-01	4.803237e-01	1.561798e+00
588	4.678411e-01	5.137418e-01	2.282853e+00
589	4.308577e-01	4.273986e-01	2.210552e+00
590	4.843727e-01	5.397332e-01	1.020518e+00
591	4.617506e-01	4.393687e-01	1.784563e+00
592	4.639014e-01	5.129530e-01	1.275525e+00
593	4.672796e-01	5.231487e-01	1.212995e+00
594	4.035314e-01	4.906867e-01	2.964827e+00
595	4.674035e-01	5.292172e-01	2.079629e+00
596	2.691080e-01	2.895676e-01	1.187592e+00
597	4.657782e-01	5.001602e-01	1.258915e+00
598	4.604949e-01	5.619984e-01	1.999511e+00
599	4.684118e-01	5.061571e-01	1.264778e+00
600	4.697492e-01	5.094683e-01	1.110405e+00
601	5.641569e-01	8.772192e-01	1.107474e+00
602	5.513374e-01	5.379336e-01	1.070347e+00
603	4.712600e-01	5.028140e-01	2.400098e+00
604	4.836660e-01	5.710902e-01	2.871031e+00
605	4.723005e-01	5.009942e-01	2.739130e+00
606	4.561197e-01	5.203656e-01	2.061065e+00
607	4.802081e-01	5.149635e-01	1.073278e+00
608	4.866367e-01	5.643956e-01	2.799707e+00
609	4.380525e-01	4.715075e-01	2.010259e+00
610	4.806159e-01	4.392190e-01	1.700537e+00
611	4.786626e-01	5.269007e-01	1.339033e+00
612	4.607665e-01	5.455382e-01	2.227162e+00
613	7.057306e-01	2.045913e-01	2.482169e+00
614	4.562659e-01	5.229720e-01	2.958964e+00
615	4.944701e-01	3.696012e-01	1.443576e+00
616	4.686333e-01	5.001352e-01	2.381534e+00
617	4.661310e-01	3.669563e-01	1.971177e+00
618	4.755444e-01	5.199850e-01	2.960918e+00
619	2.975878e-01	3.175889e-01	1.812897e+00
620	4.744283e-01	5.861523e-01	1.170982e+00
621	5.514846e-01	6.472930e-01	1.277479e+00
622	2.826385e-01	5.081439e-01	1.176844e+00
623	5.587117e-01	5.308034e-01	1.636053e+00
624	4.531131e-01	5.343386e-01	2.336590e+00
625	4.925465e-01	5.033753e-01	1.343918e+00
626	4.834944e-01	4.990464e-01	1.905716e+00
627	4.504795e-01	5.668806e-01	1.784563e+00
628	4.834409e-01	5.130978e-01	2.063996e+00
629	4.624732e-01	4.993803e-01	2.497802e+00
630	4.193868e-01	5.486248e-01	2.870054e+00
631	4.518474e-01	5.129262e-01	1.729849e+00
632	3.745988e-01	3.808104e-01	2.290669e+00
633	4.668820e-01	5.116771e-01	2.841720e+00
634	4.696206e-01	5.154167e-01	2.195896e+00
635	4.635058e-01	5.668727e-01	1.601856e+00
636	4.949881e-01	5.688864e-01	2.449927e+00
637	4.302437e-01	4.911360e-01	1.462140e+00
638	4.674400e-01	5.117268e-01	2.041524e+00
639	4.663422e-01	5.102217e-01	2.061065e+00
640	2.957756e-01	4.325405e-01	2.130435e+00
641	4.733715e-01	4.034232e-01	2.205667e+00
642	4.736338e-01	5.213017e-01	2.184172e+00
643	4.898396e-01	5.104376e-01	2.747924e+00
644	5.156107e-01	5.353551e-01	2.909135e+00
645	4.730308e-01	5.180779e-01	2.777235e+00
646	5.159387e-01	5.547608e-01	1.295066e+00
647	5.452837e-01	4.669574e-01	1.050806e+00
648	5.512806e-01	4.867406e-01	1.191500e+00
649	4.640816e-01	5.239403e-01	1.198339e+00
650	4.467430e-01	4.980188e-01	2.656082e+00
651	5.006443e-01	5.365070e-01	1.692721e+00
652	7.402778e-01	7.276531e-01	2.330728e+00
653	4.714009e-01	4.870495e-01	1.906693e+00
654	5.011534e-01	5.133647e-01	2.192965e+00
655	4.529205e-01	5.828635e-01	1.200293e+00
656	4.575135e-01	5.025954e-01	2.361016e+00
657	3.952821e-01	3.124189e-01	2.080606e+00
658	4.699271e-01	5.189140e-01	2.017098e+00
659	5.520712e-01	5.255755e-01	2.191011e+00
660	7.676696e-01	6.548355e-01	1.667318e+00
661	3.919457e-01	4.550848e-01	2.229116e+00
662	2.487806e-01	3.914011e-01	1.188569e+00
663	4.927563e-01	5.169072e-01	2.714704e+00
664	4.552288e-01	4.871868e-01	1.979971e+00
665	4.559013e-01	4.850901e-01	2.954079e+00
666	2.517573e-01	3.602143e-01	1.803127e+00
667	5.061875e-01	5.437860e-01	1.039082e+00
668	7.174501e-01	3.414746e-01	1.893014e+00
669	4.846521e-01	5.735388e-01	1.778701e+00
670	7.372783e-01	4.907666e-01	1.807035e+00
671	4.782751e-01	4.767994e-01	1.102589e+00
672	4.951068e-01	7.072724e-01	1.879336e+00
673	5.284816e-01	4.783538e-01	1.984856e+00
674	4.685488e-01	5.107903e-01	2.238886e+00
675	4.760837e-01	5.403068e-01	2.868100e+00
676	4.570313e-01	5.044015e-01	2.748901e+00
677	4.929862e-01	7.511502e-01	1.578407e+00
678	4.541718e-01	4.477161e-01	1.621397e+00
679	4.738647e-01	5.023871e-01	2.657059e+00
680	4.856486e-01	5.423011e-01	2.404983e+00
681	4.454829e-01	4.739837e-01	2.272106e+00
682	5.047590e-01	5.950688e-01	1.463117e+00
683	4.606625e-01	4.990607e-01	2.316072e+00
684	4.766352e-01	5.347306e-01	2.334636e+00
685	4.663205e-01	5.736239e-01	1.365413e+00
686	5.399751e-01	5.072486e-01	2.105032e+00
687	4.009546e-01	5.387440e-01	1.339033e+00
688	4.707913e-01	4.917939e-01	2.932584e+00
689	4.726137e-01	5.126107e-01	2.378603e+00
690	4.735348e-01	5.035815e-01	1.833415e+00
691	2.867182e-01	4.794417e-01	1.663410e+00
692	4.304676e-01	5.272006e-01	2.251588e+00
693	6.137662e-01	3.734015e-01	1.766976e+00
694	3.364815e-01	4.202598e-01	1.575476e+00
695	5.476686e-01	3.335108e-01	2.771373e+00
696	4.754532e-01	5.032353e-01	2.787005e+00
697	4.714494e-01	5.083498e-01	1.959453e+00
698	4.566477e-01	5.447308e-01	2.187103e+00
699	4.683396e-01	5.129435e-01	2.430386e+00
700	4.157944e-01	4.569246e-01	2.679531e+00
701	4.654778e-01	5.098444e-01	2.191988e+00
702	5.261843e-01	5.987372e-01	2.945286e+00
703	4.892931e-01	5.015265e-01	2.793845e+00
704	4.817803e-01	5.461006e-01	2.132389e+00
705	4.347968e-01	5.065190e-01	1.627259e+00
706	4.765293e-01	5.172741e-01	1.623351e+00
707	4.609680e-01	5.177360e-01	2.772350e+00
708	4.729105e-01	4.988086e-01	1.552027e+00
709	4.273699e-01	5.152469e-01	1.180752e+00
710	4.915162e-01	5.592733e-01	1.632145e+00
711	2.892204e-01	1.983382e-01	1.680997e+00
712	6.181849e-01	5.898600e-01	2.828041e+00
713	5.220643e-01	4.362865e-01	1.703468e+00
714	3.783931e-01	3.183411e-01	1.471910e+00
715	4.718869e-01	4.918777e-01	2.368832e+00
716	4.813018e-01	4.950704e-01	1.961407e+00
717	4.651664e-01	5.111008e-01	1.756229e+00
718	4.843426e-01	4.796255e-01	2.987298e+00
719	4.759145e-01	5.078488e-01	2.332682e+00
720	4.823116e-01	4.744761e-01	1.097704e+00
721	5.079857e-01	6.823790e-01	1.954568e+00
722	4.742712e-01	5.055036e-01	1.704446e+00
723	4.682904e-01	5.107923e-01	1.853933e+00
724	5.046000e-01	4.493747e-01	2.829995e+00
725	4.516148e-01	5.404720e-01	2.232047e+00
726	4.727465e-01	5.665219e-01	2.587689e+00
727	5.673363e-01	3.434615e-01	2.698095e+00
729	4.590492e-01	4.016226e-01	1.212995e+00
730	5.418797e-01	4.768276e-01	1.502198e+00
731	4.700085e-01	5.110213e-01	2.614069e+00
732	5.179812e-01	6.382339e-01	2.880801e+00
733	4.626960e-01	5.130900e-01	1.956522e+00
734	4.643094e-01	5.021386e-01	2.745970e+00
735	7.862682e-01	4.307401e-01	1.179775e+00
736	4.913834e-01	5.063173e-01	1.935027e+00
737	4.792289e-01	5.000613e-01	1.975085e+00
738	4.653178e-01	5.397619e-01	1.067416e+00
739	4.407421e-01	4.585916e-01	2.024915e+00
740	4.299427e-01	4.630563e-01	2.810454e+00
741	4.956198e-01	6.266680e-01	2.428432e+00
742	4.461028e-01	4.784373e-01	1.957499e+00
743	4.574277e-01	5.958064e-01	2.306302e+00
744	4.878478e-01	5.299326e-01	2.557401e+00
745	4.664450e-01	5.219833e-01	1.243283e+00
746	4.501368e-01	5.058993e-01	2.429409e+00
747	5.037133e-01	4.787148e-01	2.523205e+00
748	5.785896e-01	6.993222e-01	2.842697e+00
749	4.693178e-01	5.112218e-01	2.247680e+00
750	4.682066e-01	4.886649e-01	2.000489e+00
751	4.678096e-01	5.076443e-01	2.446019e+00
752	4.691315e-01	5.099170e-01	2.360039e+00
753	6.534953e-01	4.747349e-01	2.567171e+00
754	4.616988e-01	4.962504e-01	2.415730e+00
755	4.970591e-01	4.954669e-01	1.989741e+00
756	4.755821e-01	5.050259e-01	2.908158e+00
757	4.440857e-01	6.427397e-01	2.731314e+00
758	4.715789e-01	5.073437e-01	2.544700e+00
759	4.684198e-01	5.100350e-01	2.890572e+00
760	4.678758e-01	5.083988e-01	1.654617e+00
761	4.655014e-01	5.085385e-01	1.008793e+00
762	4.710624e-01	4.416613e-01	1.260870e+00
763	4.843111e-01	3.391018e-01	1.347826e+00
764	4.753470e-01	5.072056e-01	1.325354e+00
765	4.764773e-01	5.136012e-01	1.420127e+00
766	4.551018e-01	2.901195e-01	2.845628e+00
767	4.402993e-01	4.881410e-01	1.853933e+00
768	4.654484e-01	5.059032e-01	1.303859e+00
769	4.503141e-01	4.572114e-01	1.294089e+00
770	6.319646e-01	2.767733e-01	1.675134e+00
771	5.218045e-01	4.590455e-01	2.417684e+00
772	4.637087e-01	5.437342e-01	2.053249e+00
773	4.844305e-01	5.018840e-01	1.276502e+00
774	5.325876e-01	5.565677e-01	2.779189e+00
775	1.477355e-01	3.600684e-01	1.984856e+00
776	6.314159e-01	6.367401e-01	2.295554e+00
777	4.701378e-01	5.043977e-01	1.652662e+00
778	4.717251e-01	5.150882e-01	2.464582e+00
779	4.668758e-01	5.122152e-01	1.763068e+00
780	4.575931e-01	4.900983e-01	2.026869e+00
781	5.295494e-01	5.984500e-01	1.160234e+00
782	4.513927e-01	7.298049e-01	2.302394e+00
783	4.515918e-01	4.991582e-01	1.384954e+00
784	4.732191e-01	5.172892e-01	2.598437e+00
785	5.210512e-01	4.705944e-01	2.130435e+00
786	4.645755e-01	4.919224e-01	1.690767e+00
787	4.813494e-01	4.935911e-01	1.940889e+00
788	4.723054e-01	5.235258e-01	2.099170e+00
