768
0	6.419246e-02	2.064953e-01	1.398632e+00
1	5.682861e-01	5.613691e-01	1.108451e+00
2	4.686524e-01	5.861171e-01	2.925745e+00
3	5.082786e-01	5.537655e-01	2.732291e+00
4	3.574421e-01	4.133923e-01	1.257938e+00
5	5.649842e-01	6.163558e-01	2.424524e+00
6	8.231617e-01	9.772244e-01	1.383000e+00
7	4.671426e-01	4.695537e-01	2.705911e+00
8	4.617960e-01	4.773936e-01	2.442110e+00
9	4.755481e-01	5.183911e-01	2.233024e+00
10	3.696064e-01	4.681263e-01	2.376649e+00
11	4.816710e-01	5.193606e-01	1.556913e+00
12	3.770680e-01	3.999088e-01	2.950171e+00
13	5.069078e-01	3.602478e-01	1.066439e+00
14	4.749606e-01	5.182660e-01	1.626282e+00
15	5.270976e-01	7.110751e-01	1.306790e+00
16	4.746460e-01	5.191922e-01	2.902296e+00
17	6.244355e-01	3.667563e-01	1.195408e+00
18	4.700791e-01	4.620923e-01	1.785540e+00
19	4.684461e-01	5.072291e-01	1.248168e+00
20	5.101984e-01	5.246859e-01	1.863703e+00
21	5.043819e-01	6.552441e-01	2.671715e+00
22	4.709201e-01	5.185763e-01	2.487054e+00
23	4.711165e-01	5.794971e-01	1.946751e+00
24	6.140187e-01	4.551450e-01	1.303859e+00
25	7.663999e-01	7.251884e-01	2.152907e+00
26	4.892655e-01	5.091953e-01	1.388862e+00
27	4.478372e-01	4.946285e-01	1.591109e+00
28	4.694290e-01	4.347961e-01	2.205667e+00
29	4.949668e-01	5.554559e-01	2.181241e+00
30	4.941991e-01	4.810194e-01	1.475818e+00
31	4.834321e-01	5.918364e-01	2.309233e+00
32	4.681636e-01	5.285675e-01	2.073766e+00
33	6.086401e-01	6.545122e-01	2.331705e+00
34	4.406628e-01	4.965788e-01	1.126038e+00
35	4.009788e-01	3.677977e-01	2.235955e+00
36	1.693178e-01	5.231098e-01	2.805569e+00
37	4.156261e-01	4.788733e-01	2.555447e+00
38	4.902228e-01	5.451948e-01	2.559355e+00
39	4.727294e-01	5.065980e-01	1.895945e+00
40	5.226724e-01	5.897220e-01	1.282364e+00
41	5.081885e-01	5.630310e-01	2.750855e+00
42	4.763350e-01	5.285669e-01	2.412799e+00
43	4.581699e-01	5.188121e-01	2.557401e+00
44	4.327746e-01	4.316748e-01	1.648754e+00
45	5.050642e-01	5.003545e-01	1.721055e+00
46	4.256356e-01	3.986229e-01	2.588666e+00
47	4.925365e-01	5.193443e-01	1.525647e+00
48	4.807759e-01	5.181364e-01	2.751832e+00
49	4.888263e-01	7.663377e-01	2.625794e+00
50	4.199956e-01	4.341702e-01	1.663410e+00
51	4.750828e-01	5.194446e-01	2.560332e+00
52	4.703422e-01	5.257206e-01	1.696629e+00
53	4.796040e-01	5.170301e-01	1.506106e+00
54	4.731702e-01	5.184959e-01	2.675623e+00
55	4.684130e-01	5.923621e-01	2.497802e+00
56	5.746446e-01	6.237531e-01	1.031265e+00
57	4.355868e-01	6.732292e-01	2.361993e+00
58	5.113781e-01	5.859664e-01	1.866634e+00
60	6.931282e-01	7.164495e-01	1.503175e+00
61	4.756743e-01	5.090693e-01	2.449927e+00
62	4.671625e-01	5.102611e-01	2.831949e+00
63	4.714619e-01	5.266660e-01	2.317049e+00
64	4.340887e-01	4.963041e-01	2.353200e+00
65	4.742599e-01	5.223044e-01	2.575965e+00
66	4.488551e-01	3.906808e-01	2.922814e+00
67	5.263881e-01	6.697386e-01	2.289692e+00
68	4.639641e-01	5.257052e-01	2.766488e+00
69	5.038459e-01	5.106889e-01	1.522716e+00
70	4.348270e-01	5.987425e-01	2.769419e+00
71	4.614713e-01	4.898271e-01	1.110405e+00
72	5.399111e-01	5.533730e-01	1.412311e+00
73	4.576334e-01	5.418036e-01	1.951637e+00
74	3.645847e-01	7.248729e-01	1.449438e+00
75	5.359568e-01	7.058760e-01	2.176356e+00
76	4.714353e-01	5.269741e-01	1.212995e+00
77	4.513624e-01	5.154789e-01	1.872496e+00
78	4.922596e-01	5.455068e-01	1.606742e+00
79	4.017267e-01	3.954410e-01	1.183683e+00
80	4.471984e-01	4.882089e-01	2.736199e+00
81	4.756387e-01	5.211246e-01	1.617489e+00
82	5.047735e-01	6.180086e-01	2.456766e+00
83	4.539104e-01	4.674909e-01	1.406448e+00
84	5.206456e-01	5.364217e-01	2.453835e+00
85	4.762434e-01	5.225826e-01	2.712750e+00
86	4.778006e-01	5.244343e-01	2.877870e+00
87	4.384267e-01	2.906879e-01	1.533464e+00
88	4.935569e-01	6.077020e-01	2.169516e+00
89	4.147287e-01	4.429385e-01	2.483146e+00
90	3.966587e-01	4.452785e-01	1.538349e+00
91	4.590273e-01	5.286049e-01	1.117245e+00
92	4.701182e-01	5.140895e-01	2.709819e+00
93	4.662201e-01	4.768209e-01	2.929653e+00
94	4.496147e-01	5.308829e-01	2.125550e+00
95	3.447125e-01	6.036597e-01	2.148999e+00
96	4.671960e-01	5.230277e-01	1.206155e+00
98	4.691125e-01	5.070196e-01	1.997557e+00
99	4.302006e-01	5.173496e-01	1.753298e+00
100	4.486056e-01	5.141240e-01	1.491451e+00
101	4.727502e-01	5.227302e-01	2.381534e+00
102	4.780428e-01	5.112620e-01	1.837323e+00
103	4.702803e-01	4.691126e-01	2.723498e+00
104	4.875169e-01	3.604870e-01	1.216903e+00
105	4.598602e-01	5.032041e-01	1.385931e+00
107	4.871905e-01	5.364966e-01	1.887152e+00
108	3.885875e-01	7.233912e-01	1.869565e+00
109	4.860828e-01	4.782455e-01	2.657059e+00
110	4.437950e-01	5.836105e-01	1.905716e+00
111	4.945905e-01	5.021237e-01	2.319980e+00
113	4.302229e-01	5.872823e-01	1.155349e+00
114	4.897261e-01	5.388040e-01	1.261847e+00
115	5.185851e-01	6.868166e-01	1.308745e+00
116	6.261689e-01	2.504479e-01	1.148510e+00
117	4.477434e-01	4.463258e-01	1.865657e+00
118	4.824817e-01	5.206804e-01	2.988276e+00
119	5.059425e-01	4.074964e-01	1.479726e+00
120	4.227567e-01	4.358521e-01	2.095261e+00
121	4.414510e-01	4.923829e-01	2.442110e+00
122	5.414480e-01	5.227917e-01	1.070347e+00
123	5.386132e-01	5.615336e-01	1.417196e+00
124	4.750070e-01	5.169802e-01	2.817294e+00
126	4.823558e-01	4.993803e-01	2.738153e+00
127	4.014920e-01	4.518090e-01	2.338544e+00
128	5.828638e-01	7.943671e-01	1.282364e+00
129	4.761004e-01	5.048759e-01	2.676600e+00
130	5.648460e-01	7.878692e-01	2.443087e+00
132	3.313758e-01	3.490598e-01	1.220811e+00
133	3.622420e-01	6.024662e-01	2.407914e+00
134	4.341344e-01	4.101713e-01	2.277968e+00
135	4.638841e-01	5.306115e-01	2.409868e+00
136	4.715881e-01	5.078452e-01	2.083537e+00
137	4.024211e-01	5.407875e-01	2.286761e+00
138	7.089214e-01	2.003701e-01	1.194431e+00
139	4.645251e-01	5.036895e-01	2.818271e+00
140	4.393583e-01	6.090922e-01	2.827064e+00
141	4.707014e-01	5.549614e-01	1.684905e+00
142	4.704637e-01	5.360804e-01	1.999511e+00
143	4.752447e-01	5.257411e-01	1.956522e+00
144	4.413044e-01	5.582211e-01	2.323889e+00
145	4.612568e-01	5.802220e-01	2.501710e+00
146	2.556698e-01	3.875509e-01	2.395213e+00
147	4.495280e-01	5.374674e-01	2.719590e+00
148	4.738904e-01	5.185637e-01	2.937469e+00
149	4.780786e-01	4.439826e-01	2.803615e+00
150	4.605787e-01	7.000503e-01	1.794333e+00
151	4.565021e-01	5.122561e-01	2.611138e+00
152	4.731794e-01	4.475464e-01	1.724963e+00
153	4.833246e-01	5.151976e-01	1.983879e+00
154	4.734758e-01	5.234868e-01	2.181241e+00
155	4.925855e-01	4.940345e-01	1.295066e+00
156	4.377128e-01	4.077673e-01	1.970200e+00
157	4.641694e-01	5.122809e-01	2.387396e+00
158	4.594177e-01	4.415225e-01	2.386419e+00
159	3.732948e-01	5.536821e-01	2.647289e+00
160	4.538152e-01	5.080685e-01	1.686859e+00
161	4.848491e-01	5.356844e-01	1.553981e+00
162	4.454362e-01	4.513261e-01	1.764045e+00
163	3.497281e-01	3.950404e-01	1.632145e+00
164	4.738315e-01	5.165752e-01	1.235467e+00
165	4.695175e-01	5.146224e-01	2.251588e+00
166	4.490237e-01	4.983605e-01	1.751343e+00
167	5.730690e-01	4.133071e-01	1.715193e+00
168	4.715640e-01	5.156487e-01	2.109917e+00
169	4.476517e-01	4.474068e-01	2.137274e+00
170	5.362556e-01	4.597402e-01	2.099170e+00
171	4.368709e-01	4.509103e-01	2.057157e+00
172	4.116289e-01	4.802135e-01	2.246702e+00
173	5.072445e-01	5.291320e-01	1.894968e+00
174	5.555231e-01	5.110486e-01	2.453835e+00
175	4.916509e-01	5.650087e-01	2.834880e+00
176	4.831879e-01	5.113264e-01	2.215437e+00
177	4.484506e-01	4.989411e-01	2.153884e+00
178	4.665704e-01	5.234966e-01	2.475330e+00
179	4.290999e-01	3.476726e-01	1.274548e+00
180	5.007862e-01	5.634616e-01	2.127504e+00
181	4.655617e-01	5.240410e-01	1.790425e+00
182	3.153260e-01	4.141253e-01	1.736688e+00
183	4.152322e-01	5.275403e-01	1.692721e+00
184	4.387542e-01	3.910607e-01	2.042501e+00
185	5.011985e-01	5.457402e-01	1.468979e+00
186	4.651323e-01	5.470115e-01	1.784563e+00
188	4.298885e-01	4.834699e-01	1.839277e+00
189	4.757600e-01	5.374197e-01	1.175867e+00
190	5.315479e-01	4.943229e-01	2.807523e+00
191	4.807532e-01	3.145591e-01	2.811431e+00
192	5.065511e-01	4.951216e-01	1.192477e+00
193	5.844328e-01	4.359939e-01	1.620420e+00
194	3.210761e-01	5.517392e-01	2.624817e+00
195	4.782721e-01	5.220273e-01	2.806546e+00
196	5.605396e-01	6.847511e-01	1.763068e+00
197	2.944862e-01	4.617269e-01	2.060088e+00
198	4.579722e-01	4.337869e-01	2.458720e+00
199	4.435929e-01	4.493716e-01	2.463605e+00
200	5.829645e-01	6.133982e-01	1.141671e+00
201	4.825918e-01	5.201257e-01	1.146556e+00
202	4.505979e-01	4.979890e-01	1.395701e+00
203	4.788650e-01	4.521435e-01	1.755252e+00
204	4.560783e-01	5.019972e-01	2.901319e+00
205	4.406587e-01	3.979035e-01	2.123596e+00
206	4.734120e-01	2.606156e-01	1.652662e+00
207	4.509812e-01	4.823458e-01	1.199316e+00
208	4.784343e-01	5.108849e-01	2.170493e+00
209	5.136211e-01	5.608031e-01	2.733268e+00
210	4.410351e-01	6.398151e-01	1.545188e+00
211	5.118863e-01	5.068263e-01	1.376160e+00
212	4.521701e-01	4.981371e-01	1.621397e+00
213	4.742451e-01	5.208192e-01	1.883244e+00
214	4.641601e-01	5.004884e-01	1.612604e+00
215	5.086619e-01	5.284107e-01	2.909135e+00
216	4.657850e-01	5.056342e-01	1.354665e+00
217	4.706278e-01	5.101725e-01	2.770396e+00
218	6.160033e-01	6.197971e-01	2.148999e+00
219	5.026657e-01	5.518114e-01	2.624817e+00
220	4.469090e-01	4.315448e-01	2.697118e+00
221	4.922312e-01	5.252276e-01	1.938935e+00
222	3.251539e-01	3.294587e-01	1.854910e+00
223	4.010888e-01	5.125338e-01	2.625794e+00
224	4.726851e-01	5.271753e-01	2.984367e+00
225	4.889900e-01	5.463144e-01	2.693210e+00
226	4.752832e-01	5.228482e-01	2.276014e+00
227	4.722365e-01	5.511063e-01	1.245237e+00
228	4.800678e-01	5.239008e-01	1.489497e+00
229	4.788467e-01	5.199198e-01	2.305325e+00
230	4.856345e-01	5.381060e-01	2.689301e+00
231	4.659526e-01	4.985676e-01	1.346849e+00
232	4.864421e-01	5.380186e-01	2.447973e+00
233	4.941000e-01	4.860850e-01	1.591109e+00
234	3.356285e-01	5.460159e-01	1.931119e+00
235	4.877484e-01	5.124992e-01	2.687347e+00
236	4.747585e-01	5.176474e-01	2.787982e+00
237	4.680681e-01	5.035896e-01	1.510015e+00
238	4.564150e-01	5.101233e-01	2.193942e+00
239	4.984820e-01	5.301156e-01	2.918906e+00
240	4.151999e-01	4.507680e-01	1.734734e+00
241	4.252202e-01	4.585113e-01	1.119199e+00
242	3.396353e-01	5.348418e-01	1.631168e+00
243	5.357178e-01	5.358778e-01	1.258915e+00
244	5.477525e-01	5.941910e-01	2.458720e+00
245	5.105033e-01	5.885702e-01	2.134343e+00
246	4.811641e-01	5.196049e-01	2.662921e+00
247	4.923263e-01	5.284710e-01	2.924768e+00
248	4.808254e-01	5.855576e-01	2.983390e+00
250	7.978607e-01	8.175516e-01	2.763556e+00
251	6.851131e-01	6.495740e-01	2.374695e+00
252	4.019814e-01	4.979655e-01	1.703468e+00
253	5.053641e-01	5.435459e-01	1.246214e+00
254	3.564057e-01	3.563585e-01	2.925745e+00
255	4.747700e-01	5.358413e-01	1.857841e+00
256	4.670248e-01	5.090219e-01	2.601368e+00
257	4.420195e-01	4.810892e-01	2.413776e+00
258	5.021276e-01	5.125081e-01	2.569126e+00
259	5.544724e-01	6.013740e-01	1.865657e+00
260	4.738910e-01	5.208659e-01	2.574988e+00
261	4.671423e-01	5.225840e-01	1.598925e+00
262	3.652873e-01	4.389536e-01	2.264289e+00
263	4.918544e-01	4.700277e-01	1.176844e+00
264	5.114129e-01	5.837109e-01	1.061553e+00
265	4.646643e-01	4.996195e-01	2.526136e+00
266	4.543498e-01	4.641139e-01	1.928188e+00
267	5.037769e-01	4.863172e-01	2.006351e+00
268	4.443949e-01	4.901212e-01	1.041036e+00
269	1.663284e-01	4.588121e-01	1.793356e+00
270	4.911508e-01	5.769926e-01	1.860772e+00
271	4.583920e-01	5.795366e-01	1.389839e+00
272	4.718774e-01	5.202609e-01	1.052760e+00
273	5.356689e-01	7.068088e-01	1.156326e+00
274	5.658088e-01	5.937366e-01	1.981925e+00
275	2.910908e-01	3.703248e-01	2.256473e+00
276	4.765225e-01	5.105692e-01	2.368832e+00
277	4.446825e-01	5.163336e-01	2.024915e+00
279	4.719763e-01	4.760993e-01	1.348803e+00
280	4.901586e-01	3.761621e-01	2.472399e+00
281	3.987246e-01	6.780767e-01	2.288715e+00
282	5.452307e-01	5.723076e-01	2.745970e+00
283	4.785796e-01	4.295998e-01	2.490962e+00
284	6.236137e-01	6.408644e-01	2.515388e+00
285	1.554582e-01	4.105514e-01	1.545188e+00
286	4.833583e-01	5.070620e-01	2.662921e+00
287	4.352340e-01	4.394509e-01	2.264289e+00
288	4.242363e-01	4.813500e-01	2.905227e+00
289	4.150211e-01	4.688697e-01	1.058622e+00
290	4.935424e-01	4.673442e-01	2.152907e+00
291	8.179388e-01	9.700981e-01	2.784074e+00
292	4.843864e-01	5.113657e-01	2.445042e+00
293	5.009568e-01	6.754254e-01	2.852467e+00
294	4.622438e-01	4.585800e-01	2.070835e+00
295	5.270266e-01	4.874962e-01	1.406448e+00
296	5.627421e-01	7.317789e-01	1.751343e+00
297	4.848476e-01	5.687823e-01	2.077675e+00
298	4.768244e-01	3.911076e-01	1.601856e+00
299	4.772031e-01	4.926058e-01	2.048363e+00
300	4.582245e-01	5.060118e-01	2.781143e+00
301	4.772652e-01	5.204629e-01	2.779189e+00
302	5.105991e-01	5.760306e-01	2.617978e+00
303	5.423287e-01	5.577249e-01	1.698583e+00
304	4.167791e-01	4.188661e-01	1.948705e+00
305	4.785170e-01	5.158783e-01	1.416219e+00
306	8.406177e-01	2.285606e-01	1.745481e+00
307	4.703247e-01	5.083177e-01	2.291646e+00
308	5.396504e-01	7.109454e-01	1.868588e+00
309	5.288500e-01	4.245463e-01	2.511480e+00
310	5.075191e-01	5.516415e-01	2.596483e+00
311	4.756813e-01	5.294513e-01	2.855398e+00
312	4.482419e-01	4.725103e-01	1.312653e+00
313	5.324251e-01	6.177702e-01	1.787494e+00
314	4.788935e-01	5.247787e-01	2.252565e+00
315	5.321805e-01	5.536463e-01	1.978017e+00
316	6.350758e-01	4.799249e-01	2.965804e+00
317	4.653539e-01	5.013558e-01	2.221299e+00
318	3.262684e-01	4.450081e-01	1.701514e+00
319	4.855037e-01	5.178790e-01	1.135809e+00
320	4.945054e-01	5.035594e-01	2.997069e+00
322	4.622090e-01	4.015388e-01	2.362970e+00
323	4.472227e-01	5.077217e-01	2.553493e+00
324	4.254870e-01	5.074798e-01	1.347826e+00
325	3.966742e-01	3.929934e-01	2.896434e+00
326	4.790083e-01	5.212267e-01	1.857841e+00
327	4.442428e-01	4.234114e-01	1.669272e+00
328	4.714585e-01	4.918576e-01	1.726917e+00
329	4.829015e-01	5.279536e-01	2.604299e+00
330	4.750159e-01	4.180774e-01	2.089399e+00
331	5.152101e-01	5.073602e-01	1.552027e+00
332	4.890545e-01	4.656037e-01	1.769907e+00
333	5.007328e-01	5.577291e-01	1.382022e+00
334	2.437740e-01	3.164106e-01	2.510503e+00
335	4.378177e-01	5.382709e-01	1.640938e+00
336	4.641518e-01	5.227024e-01	2.933561e+00
337	3.937182e-01	3.913935e-01	1.033219e+00
338	5.201244e-01	5.442954e-01	1.408403e+00
339	4.527689e-01	4.970831e-01	2.767465e+00
340	4.926121e-01	5.320424e-01	1.526624e+00
341	4.958876e-01	6.445530e-01	1.456277e+00
342	4.681590e-01	4.885357e-01	1.054714e+00
343	4.870314e-01	5.607680e-01	2.601368e+00
344	3.703517e-01	4.076919e-01	2.193942e+00
346	4.533946e-01	4.887397e-01	1.564729e+00
347	4.586012e-01	5.302204e-01	1.679043e+00
348	5.157992e-01	3.276724e-01	2.034685e+00
349	4.645178e-01	4.997647e-01	2.564240e+00
350	4.962414e-01	5.926282e-01	2.311187e+00
351	4.943889e-01	2.998507e-01	1.297997e+00
352	4.592879e-01	4.983753e-01	2.873962e+00
353	4.669378e-01	3.723727e-01	2.202736e+00
354	4.764646e-01	5.192432e-01	2.653151e+00
355	2.935325e-01	6.103850e-01	2.461651e+00
356	4.614547e-01	5.005573e-01	1.679043e+00
357	5.033018e-01	5.657479e-01	2.991207e+00
358	4.207633e-01	4.538859e-01	2.857352e+00
359	4.373737e-01	4.271199e-01	1.913532e+00
360	4.222397e-01	6.710151e-01	1.216903e+00
361	4.355377e-01	4.158226e-01	1.214949e+00
362	5.371571e-01	5.252785e-01	1.005862e+00
363	5.035017e-01	5.633272e-01	2.227162e+00
364	4.672625e-01	5.020110e-01	1.723009e+00
366	4.986111e-01	4.185222e-01	1.692721e+00
367	4.772455e-01	5.167717e-01	1.154372e+00
368	4.878700e-01	5.284193e-01	1.851001e+00
369	4.757582e-01	5.176080e-01	2.418661e+00
370	4.082043e-01	4.753797e-01	1.874450e+00
371	3.841371e-01	5.206887e-01	1.591109e+00
372	4.725442e-01	4.659182e-01	2.199805e+00
373	4.884496e-01	5.891555e-01	2.208598e+00
374	4.411364e-01	4.356009e-01	1.322423e+00
375	4.805648e-01	4.997261e-01	2.361016e+00
376	5.146544e-01	6.515604e-01	1.815828e+00
377	4.748269e-01	5.206779e-01	1.328285e+00
378	4.826734e-01	5.376402e-01	1.883244e+00
379	5.999715e-01	6.738627e-01	1.599902e+00
380	4.992611e-01	5.716355e-01	2.343429e+00
381	4.599722e-01	4.769564e-01	1.835369e+00
383	5.952672e-01	3.371258e-01	1.698583e+00
384	5.196291e-01	4.297304e-01	2.761602e+00
385	4.080774e-01	8.550563e-01	1.961407e+00
386	4.308634e-01	4.976303e-01	2.449927e+00
387	4.196759e-01	4.487214e-01	2.669761e+00
388	4.868732e-01	3.992966e-01	2.597460e+00
389	4.714487e-01	5.180338e-01	2.960918e+00
390	4.637706e-01	5.169225e-01	1.655594e+00
391	4.026288e-01	4.420786e-01	2.572057e+00
392	4.900621e-01	5.510977e-01	1.234489e+00
393	4.533134e-01	5.231772e-01	1.607719e+00
394	4.755838e-01	5.179250e-01	2.643381e+00
395	6.093838e-01	3.744030e-01	1.233512e+00
397	6.797152e-01	3.379273e-01	1.083048e+00
398	4.865387e-01	3.495997e-01	2.453835e+00
399	4.462919e-01	5.805082e-01	2.169516e+00
400	5.005556e-01	5.456811e-01	1.634099e+00
401	4.100970e-01	3.574605e-01	1.314607e+00
402	5.270213e-01	5.491271e-01	2.292623e+00
403	4.374069e-01	3.389581e-01	1.759160e+00
404	4.627123e-01	5.209113e-01	2.942355e+00
405	4.123556e-01	4.044335e-01	1.358574e+00
406	4.433374e-01	4.651199e-01	1.474841e+00
407	5.004475e-01	5.591971e-01	2.850513e+00
408	5.499018e-01	3.322014e-01	2.543723e+00
409	4.751159e-01	5.197605e-01	1.170005e+00
410	4.979413e-01	5.527988e-01	2.011236e+00
411	3.984644e-01	4.942292e-01	2.982413e+00
412	7.539663e-01	2.058549e-01	1.578407e+00
413	4.607048e-01	5.170522e-01	2.904250e+00
414	4.555355e-01	5.012221e-01	2.948217e+00
415	4.808062e-01	5.203380e-01	1.856864e+00
416	4.737022e-01	5.139751e-01	1.780655e+00
417	4.863411e-01	5.074254e-01	1.223742e+00
418	4.929328e-01	5.489376e-01	2.928676e+00
419	4.738497e-01	4.887353e-01	1.055691e+00
420	4.972667e-01	5.067160e-01	2.823156e+00
421	4.766457e-01	5.173045e-01	2.886663e+00
422	4.642553e-01	5.319959e-01	1.391793e+00
423	4.275280e-01	5.592159e-01	1.467025e+00
424	4.972792e-01	5.329945e-01	1.512946e+00
425	2.667688e-01	4.499531e-01	1.960430e+00
426	2.560421e-01	4.430772e-01	2.254519e+00
427	5.529609e-01	6.123894e-01	2.899365e+00
428	4.383750e-01	5.328895e-01	1.247191e+00
429	4.702759e-01	5.145052e-01	1.802149e+00
430	4.742935e-01	5.145972e-01	1.663410e+00
431	4.826597e-01	3.288688e-01	2.556424e+00
432	5.644318e-02	2.254372e-01	2.947240e+00
433	4.648008e-01	5.279246e-01	2.475330e+00
434	4.753232e-01	4.699226e-01	2.923791e+00
435	4.471799e-01	5.548775e-01	2.906204e+00
437	5.370072e-01	5.542207e-01	2.476307e+00
438	5.292714e-01	4.024400e-01	2.065950e+00
439	4.712582e-01	5.231365e-01	1.983879e+00
440	4.409343e-01	3.771946e-01	1.637030e+00
441	5.046879e-01	3.729130e-01	1.338056e+00
442	4.159950e-01	4.055803e-01	2.406937e+00
443	4.666825e-01	5.836050e-01	1.422081e+00
444	5.152134e-01	6.270883e-01	2.956033e+00
445	4.872650e-01	5.287595e-01	2.601368e+00
446	2.492961e-01	3.281507e-01	1.846116e+00
447	4.699406e-01	5.213191e-01	1.264778e+00
448	5.309337e-01	5.864354e-01	1.119199e+00
449	4.419908e-01	4.714115e-01	1.956522e+00
450	6.193971e-01	2.859610e-01	2.971666e+00
451	4.711081e-01	5.241451e-01	2.149976e+00
452	4.470771e-01	5.912973e-01	1.574499e+00
453	4.142359e-01	3.432135e-01	1.775769e+00
455	4.439616e-01	4.704851e-01	2.984367e+00
456	4.630870e-01	4.917112e-01	1.577430e+00
457	4.841777e-01	5.975763e-01	2.955056e+00
458	4.979128e-01	4.993022e-01	2.865169e+00
459	4.213648e-01	4.291693e-01	1.672203e+00
461	4.174387e-01	8.066921e-01	2.513434e+00
462	4.759135e-01	5.395326e-01	1.853933e+00
463	4.650321e-01	5.379895e-01	2.858329e+00
464	5.519768e-01	6.075474e-01	1.574499e+00
465	4.945534e-01	4.540805e-01	1.432829e+00
466	4.859997e-01	5.190789e-01	1.500244e+00
467	5.295426e-01	5.534444e-01	1.323400e+00
468	4.703963e-01	5.219091e-01	2.147044e+00
469	4.733868e-01	4.894922e-01	2.698095e+00
470	4.885392e-01	5.388657e-01	1.364436e+00
471	3.833081e-01	3.534885e-01	2.076698e+00
472	4.750223e-01	5.219293e-01	2.011236e+00
473	5.868484e-01	6.305312e-01	1.215926e+00
474	4.876271e-01	5.287283e-01	2.299463e+00
475	5.185425e-01	5.071253e-01	1.683928e+00
476	4.808006e-01	5.114144e-01	2.081583e+00
477	4.697332e-01	5.386754e-01	2.350269e+00
478	5.212500e-01	4.759545e-01	2.728383e+00
479	5.326978e-01	6.354930e-01	1.194431e+00
480	5.037622e-01	3.405826e-01	2.515388e+00
481	3.847910e-01	2.748841e-01	1.865657e+00
482	4.368404e-01	4.367234e-01	1.802149e+00
483	4.745203e-01	5.285388e-01	1.367367e+00
484	5.501617e-01	6.005422e-01	1.148510e+00
485	4.427783e-01	3.834297e-01	2.427455e+00
486	4.250449e-01	6.458824e-01	2.196873e+00
487	4.260646e-01	4.486965e-01	2.386419e+00
488	4.288276e-01	4.549631e-01	1.294089e+00
489	5.089018e-01	5.574191e-01	1.687836e+00
490	5.624721e-01	4.744369e-01	1.146556e+00
491	4.447805e-01	7.386915e-01	1.597948e+00
492	4.320305e-01	5.278433e-01	2.412799e+00
493	4.817537e-01	5.869358e-01	1.227650e+00
494	5.719415e-01	5.830513e-01	2.522228e+00
495	5.014633e-01	5.259190e-01	1.437714e+00
496	5.089122e-01	5.491026e-01	1.523693e+00
497	5.621098e-01	4.184259e-01	1.221788e+00
498	4.531872e-01	4.971997e-01	1.652662e+00
499	3.832922e-01	4.058935e-01	1.269663e+00
500	4.707904e-01	5.269265e-01	2.967758e+00
501	4.790199e-01	5.199052e-01	2.546654e+00
502	4.916347e-01	2.025059e-01	1.818759e+00
503	4.955666e-01	5.323821e-01	1.919394e+00
504	4.648643e-01	5.267336e-01	2.563263e+00
505	4.498568e-01	3.573493e-01	1.451392e+00
506	5.807917e-01	5.327912e-01	1.718124e+00
507	4.619046e-01	5.056945e-01	1.207132e+00
508	4.684684e-01	5.085406e-01	1.236444e+00
509	5.115163e-01	4.766322e-01	2.622863e+00
510	3.132640e-01	6.362972e-01	2.549585e+00
511	4.873242e-01	5.328074e-01	2.966781e+00
512	5.356541e-01	5.926572e-01	2.395213e+00
513	4.977640e-01	5.349214e-01	1.534441e+00
514	3.171496e-01	3.717099e-01	1.550073e+00
515	3.992133e-01	4.468226e-01	1.610650e+00
516	4.017686e-01	8.172669e-01	1.612604e+00
517	4.580322e-01	5.337263e-01	1.086957e+00
518	4.304625e-01	4.898413e-01	2.282853e+00
519	4.792946e-01	6.229196e-01	1.573522e+00
520	4.639448e-01	5.185407e-01	2.497802e+00
521	4.815453e-01	5.049478e-01	1.752320e+00
523	4.877792e-01	5.224476e-01	1.209086e+00
524	4.369759e-01	3.585523e-01	2.755740e+00
525	5.438422e-01	6.519619e-01	1.499267e+00
526	4.835398e-01	5.107381e-01	1.014656e+00
527	6.700751e-01	7.211255e-01	2.891549e+00
528	4.681679e-01	5.037224e-01	2.478261e+00
529	4.327008e-01	3.198980e-01	1.898876e+00
530	4.543971e-01	5.340863e-01	1.188569e+00
531	4.513424e-01	5.032618e-01	2.785051e+00
532	4.693359e-01	5.292161e-01	2.945286e+00
533	5.512854e-01	6.018844e-01	2.458720e+00
534	4.769911e-01	5.550986e-01	2.673669e+00
535	4.751347e-01	5.167631e-01	1.399609e+00
536	5.277482e-01	5.647550e-01	2.604299e+00
537	4.836306e-01	5.246230e-01	1.529555e+00
538	4.747175e-01	5.228088e-01	2.823156e+00
539	4.714420e-01	4.752615e-01	2.826087e+00
540	4.098041e-01	4.496752e-01	2.844651e+00
541	4.452024e-01	5.014067e-01	2.290669e+00
542	5.040994e-01	5.268630e-01	2.570103e+00
543	4.674690e-01	4.861733e-01	2.396190e+00
544	4.357821e-01	5.368201e-01	1.318515e+00
545	4.709214e-01	4.470481e-01	2.605276e+00
546	3.280918e-01	3.230775e-01	2.683439e+00
547	6.303156e-01	6.360221e-01	1.587201e+00
548	4.807596e-01	5.382294e-01	1.375183e+00
549	5.134351e-01	5.157572e-01	2.298486e+00
550	5.107162e-01	7.163807e-01	1.285296e+00
551	4.774403e-01	5.293908e-01	2.983390e+00
552	4.044411e-01	7.384039e-01	1.195408e+00
553	4.832925e-01	5.091640e-01	2.414753e+00
554	3.853336e-01	5.578011e-01	1.843185e+00
555	4.596632e-01	5.129865e-01	2.396190e+00
556	4.842116e-01	5.453149e-01	3.000000e+00
557	4.773522e-01	5.249326e-01	2.728383e+00
559	4.618389e-01	4.989222e-01	1.944797e+00
560	4.023533e-01	7.073300e-01	2.883732e+00
561	6.294407e-01	6.164580e-01	2.383488e+00
562	5.769972e-01	5.443400e-01	2.506595e+00
563	4.848437e-01	5.379321e-01	1.786517e+00
564	4.827317e-01	4.683041e-01	2.893503e+00
565	4.901798e-01	5.301011e-01	2.981436e+00
566	4.664045e-01	4.665781e-01	2.663898e+00
567	4.699256e-01	5.179976e-01	2.227162e+00
568	4.471841e-01	5.268290e-01	1.527601e+00
569	5.619920e-01	7.147128e-01	2.610161e+00
570	7.176250e-01	4.431268e-01	1.058622e+00
571	5.138159e-01	5.655510e-01	2.782120e+00
573	4.644921e-01	5.218040e-01	2.109917e+00
574	4.436235e-01	4.764373e-01	2.074744e+00
575	5.036257e-01	5.322011e-01	2.319003e+00
576	4.217702e-01	5.021427e-01	1.290181e+00
577	5.853100e-01	5.331268e-01	1.286273e+00
578	4.130517e-01	4.564277e-01	1.881290e+00
579	4.645279e-01	4.975281e-01	1.664387e+00
580	2.345664e-01	2.005173e-01	1.242306e+00
581	4.184121e-01	4.720513e-01	1.927211e+00
582	4.810123e-01	5.191669e-01	2.820225e+00
583	4.687418e-01	5.235069e-01	2.792868e+00
584	4.282901e-01	5.422183e-01	1.201270e+00
585	5.022184e-01	5.786203e-01	1.898876e+00
586	4.824137e-01	5.216073e-01	1.782609e+00
587	4.737045e-01	5.264003e-01	1.561798e+00
588	4.705690e-01	5.179109e-01	2.282853e+00
589	4.427366e-01	4.677869e-01	2.210552e+00
590	4.841472e-01	4.797430e-01	1.020518e+00
591	4.481073e-01	4.760778e-01	1.784563e+00
592	4.697897e-01	5.208229e-01	1.275525e+00
593	4.998352e-01	5.156656e-01	1.212995e+00
594	5.109637e-01	5.239159e-01	2.964827e+00
595	4.961897e-01	5.354549e-01	2.079629e+00
596	4.587477e-01	6.158163e-01	1.187592e+00
597	4.641216e-01	5.710419e-01	1.258915e+00
598	4.502850e-01	4.501222e-01	1.999511e+00
599	4.808042e-01	5.320957e-01	1.264778e+00
600	4.725593e-01	5.247725e-01	1.110405e+00
601	4.690727e-01	4.852215e-01	1.107474e+00
602	4.389730e-01	5.676648e-01	1.070347e+00
603	4.744661e-01	5.338706e-01	2.400098e+00
604	5.280976e-01	5.579746e-01	2.871031e+00
605	4.663311e-01	5.160027e-01	2.739130e+00
606	4.636290e-01	5.347055e-01	2.061065e+00
607	2.057754e-01	3.676502e-01	1.073278e+00
608	4.463584e-01	4.647681e-01	2.799707e+00
609	4.955362e-01	6.026296e-01	2.010259e+00
610	5.020054e-01	5.086928e-01	1.700537e+00
611	4.699120e-01	5.069424e-01	1.339033e+00
612	4.947007e-01	5.175970e-01	2.227162e+00
613	5.490625e-01	3.690648e-01	2.482169e+00
614	4.986880e-01	5.132803e-01	2.958964e+00
615	3.916481e-01	5.033099e-01	1.443576e+00
616	6.057788e-01	5.219288e-01	2.381534e+00
617	5.805340e-01	6.113461e-01	1.971177e+00
618	4.688325e-01	5.065014e-01	2.960918e+00
619	5.339277e-01	7.738700e-01	1.812897e+00
620	4.200296e-01	5.500569e-01	1.170982e+00
621	4.597241e-01	4.807051e-01	1.277479e+00
622	4.926596e-01	6.969468e-01	1.176844e+00
623	5.317941e-01	6.024965e-01	1.636053e+00
624	4.045084e-01	3.983867e-01	2.336590e+00
625	4.612384e-01	5.167377e-01	1.343918e+00
626	4.564966e-01	5.285769e-01	1.905716e+00
627	4.206993e-01	4.747899e-01	1.784563e+00
628	4.763142e-01	5.178017e-01	2.063996e+00
629	4.771838e-01	5.343496e-01	2.497802e+00
630	4.716964e-01	5.396092e-01	2.870054e+00
631	5.017497e-01	5.310829e-01	1.729849e+00
632	4.693850e-01	6.187823e-01	2.290669e+00
633	4.714864e-01	5.224964e-01	2.841720e+00
634	4.735023e-01	5.172416e-01	2.195896e+00
635	4.710718e-01	4.534415e-01	1.601856e+00
636	4.346022e-01	4.475393e-01	2.449927e+00
637	4.884093e-01	4.731901e-01	1.462140e+00
638	4.745791e-01	5.194151e-01	2.041524e+00
639	4.751923e-01	5.174413e-01	2.061065e+00
640	6.059819e-01	6.928118e-01	2.130435e+00
641	3.835524e-01	2.701288e-01	2.205667e+00
642	4.639540e-01	5.065157e-01	2.184172e+00
643	4.268053e-01	5.691247e-01	2.747924e+00
644	2.743418e-01	4.762139e-01	2.909135e+00
645	4.802658e-01	5.278780e-01	2.777235e+00
646	4.738342e-01	5.588113e-01	1.295066e+00
647	3.879068e-01	5.087194e-01	1.050806e+00
648	2.910756e-01	4.547396e-01	1.191500e+00
649	4.624939e-01	5.089527e-01	1.198339e+00
650	4.994590e-01	5.035900e-01	2.656082e+00
651	4.803335e-01	4.880039e-01	1.692721e+00
652	8.328946e-01	7.078379e-01	2.330728e+00
653	4.846643e-01	5.460014e-01	1.906693e+00
654	4.737349e-01	5.256468e-01	2.192965e+00
655	5.169858e-01	5.731004e-01	1.200293e+00
656	4.662123e-01	5.265853e-01	2.361016e+00
657	6.079273e-01	6.652265e-01	2.080606e+00
658	4.912261e-01	5.264348e-01	2.017098e+00
659	4.510553e-01	4.374726e-01	2.191011e+00
660	4.735434e-01	5.488896e-01	1.667318e+00
661	5.769928e-01	6.480187e-01	2.229116e+00
662	5.831543e-01	6.237004e-01	1.188569e+00
663	4.708993e-01	5.727987e-01	2.714704e+00
664	5.037884e-01	5.454262e-01	1.979971e+00
665	4.459637e-01	4.114360e-01	2.954079e+00
666	7.342757e-01	6.238800e-01	1.803127e+00
667	4.454503e-01	4.762449e-01	1.039082e+00
668	3.993905e-01	6.704414e-01	1.893014e+00
669	5.614295e-01	6.260920e-01	1.778701e+00
670	2.562342e-01	3.431421e-01	1.807035e+00
671	4.944596e-01	5.814245e-01	1.102589e+00
672	4.173567e-01	7.510109e-01	1.879336e+00
673	4.232683e-01	5.171943e-01	1.984856e+00
674	4.742101e-01	5.186667e-01	2.238886e+00
675	4.652644e-01	5.110774e-01	2.868100e+00
676	4.819814e-01	5.296460e-01	2.748901e+00
677	2.978605e-01	4.725506e-01	1.578407e+00
678	4.665061e-01	4.958857e-01	1.621397e+00
679	4.714511e-01	5.132900e-01	2.657059e+00
680	4.773858e-01	5.061050e-01	2.404983e+00
681	4.293895e-01	4.815977e-01	2.272106e+00
682	5.286724e-01	5.908462e-01	1.463117e+00
683	4.614129e-01	4.965039e-01	2.316072e+00
684	4.858454e-01	5.310450e-01	2.334636e+00
685	5.877856e-01	5.353696e-01	1.365413e+00
686	3.278451e-01	5.586197e-01	2.105032e+00
687	5.144881e-01	5.061365e-01	1.339033e+00
688	4.798909e-01	4.966959e-01	2.932584e+00
689	4.799735e-01	5.216904e-01	2.378603e+00
690	4.647058e-01	5.159398e-01	1.833415e+00
691	5.299246e-01	6.763233e-01	1.663410e+00
692	4.562399e-01	4.856394e-01	2.251588e+00
693	3.113705e-01	4.867318e-01	1.766976e+00
694	6.023091e-01	6.369178e-01	1.575476e+00
695	4.526691e-01	3.376230e-01	2.771373e+00
696	4.726863e-01	5.314995e-01	2.787005e+00
697	4.687787e-01	5.321818e-01	1.959453e+00
698	4.456952e-01	4.944322e-01	2.187103e+00
699	4.748921e-01	5.209576e-01	2.430386e+00
700	4.700521e-01	4.505498e-01	2.679531e+00
701	5.119195e-01	5.736025e-01	2.191988e+00
702	5.386369e-01	5.903290e-01	2.945286e+00
703	4.577217e-01	5.337069e-01	2.793845e+00
704	4.777678e-01	5.032679e-01	2.132389e+00
705	7.450021e-01	6.286647e-01	1.627259e+00
706	4.765777e-01	5.072447e-01	1.623351e+00
707	4.627997e-01	5.172380e-01	2.772350e+00
708	4.737225e-01	5.251328e-01	1.552027e+00
709	4.505060e-01	5.421854e-01	1.180752e+00
710	4.798278e-01	5.036329e-01	1.632145e+00
711	4.851205e-01	6.987661e-01	1.680997e+00
712	3.741346e-01	3.742994e-01	2.828041e+00
713	5.716760e-01	8.019042e-01	1.703468e+00
714	3.288018e-01	6.941772e-01	1.471910e+00
715	4.694085e-01	5.144347e-01	2.368832e+00
716	4.662779e-01	5.212248e-01	1.961407e+00
717	4.781446e-01	5.162687e-01	1.756229e+00
718	4.872403e-01	5.074462e-01	2.987298e+00
719	4.685275e-01	5.252985e-01	2.332682e+00
720	4.823768e-01	5.389385e-01	1.097704e+00
721	4.527018e-01	5.104855e-01	1.954568e+00
722	4.782247e-01	5.186715e-01	1.704446e+00
723	4.739652e-01	5.184557e-01	1.853933e+00
724	4.447615e-01	4.864468e-01	2.829995e+00
725	4.937234e-01	4.656172e-01	2.232047e+00
726	5.001526e-01	5.717018e-01	2.587689e+00
727	7.244270e-01	2.392092e-01	2.698095e+00
729	4.540492e-01	4.618956e-01	1.212995e+00
730	5.843445e-01	5.154712e-01	1.502198e+00
731	4.739781e-01	5.194633e-01	2.614069e+00
732	4.022570e-01	4.149433e-01	2.880801e+00
733	4.674695e-01	5.129182e-01	1.956522e+00
734	4.516903e-01	3.877995e-01	2.745970e+00
735	7.155629e-01	4.865506e-01	1.179775e+00
736	4.423347e-01	5.514367e-01	1.935027e+00
737	4.610972e-01	5.293278e-01	1.975085e+00
738	4.910198e-01	5.500371e-01	1.067416e+00
739	5.125264e-01	5.565958e-01	2.024915e+00
740	5.888004e-01	5.546969e-01	2.810454e+00
741	5.338253e-01	5.841645e-01	2.428432e+00
742	4.481167e-01	5.365547e-01	1.957499e+00
743	3.812237e-01	4.312110e-01	2.306302e+00
744	4.710182e-01	5.460899e-01	2.557401e+00
745	4.629490e-01	4.824482e-01	1.243283e+00
746	4.591750e-01	4.578070e-01	2.429409e+00
747	4.424662e-01	5.126741e-01	2.523205e+00
748	2.688308e-01	4.117799e-01	2.842697e+00
749	4.763965e-01	5.173667e-01	2.247680e+00
750	4.531134e-01	4.700025e-01	2.000489e+00
751	4.700926e-01	4.899759e-01	2.446019e+00
752	4.803705e-01	5.163643e-01	2.360039e+00
753	3.884872e-01	6.079054e-01	2.567171e+00
754	4.725546e-01	5.180513e-01	2.415730e+00
755	4.856190e-01	4.966166e-01	1.989741e+00
756	4.690936e-01	5.207346e-01	2.908158e+00
757	5.788127e-01	2.939855e-01	2.731314e+00
758	4.766066e-01	5.182889e-01	2.544700e+00
759	4.739901e-01	5.189354e-01	2.890572e+00
760	4.748190e-01	5.183815e-01	1.654617e+00
761	4.720950e-01	5.185812e-01	1.008793e+00
762	4.421722e-01	4.881877e-01	1.260870e+00
763	6.318987e-01	5.596140e-01	1.347826e+00
764	4.592329e-01	5.360899e-01	1.325354e+00
765	4.787641e-01	5.233383e-01	1.420127e+00
766	5.152231e-01	5.892241e-01	2.845628e+00
767	4.837160e-01	4.862095e-01	1.853933e+00
768	4.822143e-01	5.274993e-01	1.303859e+00
769	4.211251e-01	4.331869e-01	1.294089e+00
770	7.981633e-01	1.316528e-01	1.675134e+00
771	4.078536e-01	5.630222e-01	2.417684e+00
772	4.874170e-01	5.400716e-01	2.053249e+00
773	4.625864e-01	5.139354e-01	1.276502e+00
774	5.326967e-01	2.479826e-01	2.779189e+00
775	4.668155e-01	4.279940e-01	1.984856e+00
776	5.249569e-01	2.905391e-01	2.295554e+00
777	4.762356e-01	5.198067e-01	1.652662e+00
778	4.671841e-01	5.122430e-01	2.464582e+00
779	4.747460e-01	5.164462e-01	1.763068e+00
780	4.310079e-01	5.003570e-01	2.026869e+00
781	4.857288e-01	5.899888e-01	1.160234e+00
782	3.458824e-01	4.881507e-01	2.302394e+00
783	4.848088e-01	5.494458e-01	1.384954e+00
784	5.028644e-01	5.852160e-01	2.598437e+00
785	4.250388e-01	5.779880e-01	2.130435e+00
786	4.650971e-01	4.916643e-01	1.690767e+00
787	4.753837e-01	4.993469e-01	1.940889e+00
788	4.658658e-01	5.022662e-01	2.099170e+00
