789
0	3.685150e-01	5.064541e-01	1.398632e+00
1	5.390389e-01	4.221646e-01	1.108451e+00
2	4.791239e-01	4.564717e-01	2.925745e+00
3	5.070284e-01	5.909959e-01	2.732291e+00
4	4.277492e-01	4.730162e-01	1.257938e+00
5	4.303027e-01	4.429307e-01	2.424524e+00
6	5.175301e-01	5.958837e-01	1.383000e+00
7	4.559658e-01	5.213049e-01	2.705911e+00
8	4.328120e-01	4.939834e-01	2.442110e+00
9	4.754451e-01	5.138583e-01	2.233024e+00
10	4.843544e-01	4.956972e-01	2.376649e+00
11	4.638872e-01	5.064635e-01	1.556913e+00
12	5.994256e-01	6.664084e-01	2.950171e+00
13	4.921852e-01	3.914973e-01	1.066439e+00
14	4.714388e-01	5.158851e-01	1.626282e+00
15	6.196763e-01	2.975269e-01	1.306790e+00
16	4.722207e-01	5.121022e-01	2.902296e+00
17	4.446499e-01	6.846377e-01	1.195408e+00
18	5.357300e-01	6.046120e-01	1.785540e+00
19	4.906374e-01	5.458781e-01	1.248168e+00
20	4.324707e-01	5.250529e-01	1.863703e+00
21	4.926473e-01	5.482748e-01	2.671715e+00
22	4.640565e-01	5.046406e-01	2.487054e+00
23	6.648293e-01	5.571398e-01	1.946751e+00
24	3.816498e-01	4.106408e-01	1.303859e+00
25	2.991200e-01	1.558583e-01	2.152907e+00
26	4.886531e-01	4.847972e-01	1.388862e+00
27	4.853279e-01	5.322775e-01	1.591109e+00
28	4.676320e-01	5.681340e-01	2.205667e+00
29	4.983647e-01	5.407703e-01	2.181241e+00
30	3.554165e-01	4.362237e-01	1.475818e+00
31	4.707116e-01	4.598099e-01	2.309233e+00
32	4.778077e-01	5.330056e-01	2.073766e+00
33	5.100210e-01	5.785853e-01	2.331705e+00
34	4.654026e-01	5.095354e-01	1.126038e+00
35	4.825968e-01	7.131432e-01	2.235955e+00
36	5.052382e-01	3.802327e-01	2.805569e+00
37	4.505630e-01	3.760934e-01	2.555447e+00
38	4.493930e-01	4.890678e-01	2.559355e+00
39	4.633577e-01	4.855878e-01	1.895945e+00
40	4.929942e-01	6.272929e-01	1.282364e+00
41	5.209144e-01	6.180657e-01	2.750855e+00
42	4.605703e-01	5.039455e-01	2.412799e+00
43	4.572897e-01	5.080855e-01	2.557401e+00
44	3.728928e-01	4.142898e-01	1.648754e+00
45	5.170152e-01	5.058356e-01	1.721055e+00
46	5.080005e-01	6.266246e-01	2.588666e+00
47	4.489228e-01	5.087123e-01	1.525647e+00
48	4.673379e-01	5.151124e-01	2.751832e+00
49	6.606114e-01	6.068361e-01	2.625794e+00
50	5.096456e-01	6.438926e-01	1.663410e+00
51	4.711836e-01	5.111621e-01	2.560332e+00
52	4.734790e-01	5.238766e-01	1.696629e+00
53	4.715767e-01	4.902538e-01	1.506106e+00
54	4.684396e-01	5.061357e-01	2.675623e+00
55	4.599865e-01	4.985210e-01	2.497802e+00
56	4.960823e-01	6.284053e-01	1.031265e+00
57	4.259107e-01	4.462349e-01	2.361993e+00
58	4.454001e-01	5.862777e-01	1.866634e+00
59	4.737113e-01	6.430028e-02	2.930630e+00
60	4.202641e-01	1.226223e-01	1.503175e+00
61	4.517680e-01	4.513966e-01	2.449927e+00
62	4.605209e-01	5.071511e-01	2.831949e+00
63	4.693279e-01	4.905928e-01	2.317049e+00
64	4.928391e-01	5.715153e-01	2.353200e+00
65	4.715820e-01	5.125746e-01	2.575965e+00
66	3.646193e-01	5.278276e-01	2.922814e+00
67	5.099328e-01	5.708615e-01	2.289692e+00
68	5.370994e-01	5.940697e-01	2.766488e+00
69	3.333042e-01	4.816138e-01	1.522716e+00
70	4.377455e-01	5.156850e-01	2.769419e+00
71	4.870932e-01	5.195568e-01	1.110405e+00
72	4.570969e-01	4.489428e-01	1.412311e+00
73	5.758797e-01	5.161681e-01	1.951637e+00
74	5.739928e-01	3.538237e-01	1.449438e+00
75	7.437180e-01	6.637043e-01	2.176356e+00
76	5.008818e-01	6.145917e-01	1.212995e+00
77	4.429227e-01	5.023723e-01	1.872496e+00
78	4.704370e-01	5.072811e-01	1.606742e+00
79	4.081005e-01	4.237755e-01	1.183683e+00
80	5.075877e-01	5.881206e-01	2.736199e+00
81	4.727033e-01	5.112866e-01	1.617489e+00
82	4.569889e-01	4.370093e-01	2.456766e+00
83	5.505767e-01	6.011572e-01	1.406448e+00
84	6.141761e-01	5.947491e-01	2.453835e+00
85	4.697129e-01	5.026525e-01	2.712750e+00
86	4.742822e-01	5.190793e-01	2.877870e+00
87	4.280946e-01	3.015632e-01	1.533464e+00
88	5.060093e-01	7.388732e-01	2.169516e+00
89	5.901099e-01	6.598844e-01	2.483146e+00
90	4.255081e-01	4.277302e-01	1.538349e+00
91	4.884278e-01	5.068083e-01	1.117245e+00
92	4.898930e-01	5.316000e-01	2.709819e+00
93	4.500185e-01	5.418179e-01	2.929653e+00
94	4.865708e-01	3.725634e-01	2.125550e+00
95	5.130045e-01	3.071962e-01	2.148999e+00
96	4.918467e-01	4.999346e-01	1.206155e+00
97	4.646469e-02	6.403646e-01	2.689301e+00
98	4.670380e-01	5.068975e-01	1.997557e+00
99	5.623868e-01	5.465929e-01	1.753298e+00
100	4.851216e-01	4.972116e-01	1.491451e+00
101	4.722712e-01	5.132057e-01	2.381534e+00
102	4.768637e-01	5.537452e-01	1.837323e+00
103	4.353592e-01	6.402111e-01	2.723498e+00
104	2.399465e-01	3.488029e-01	1.216903e+00
105	4.752183e-01	5.384170e-01	1.385931e+00
106	7.583309e-01	8.545386e-01	1.094773e+00
107	4.491926e-01	5.011135e-01	1.887152e+00
108	5.161423e-01	3.664153e-01	1.869565e+00
109	5.698262e-01	4.214998e-01	2.657059e+00
110	5.249944e-01	5.112960e-01	1.905716e+00
111	5.274541e-01	4.838204e-01	2.319980e+00
112	5.313976e-01	9.448814e-01	1.549096e+00
113	2.324237e-01	4.145954e-01	1.155349e+00
114	4.745381e-01	5.059356e-01	1.261847e+00
115	4.375285e-01	4.662433e-01	1.308745e+00
116	5.588079e-01	6.455245e-01	1.148510e+00
117	4.339218e-01	4.486032e-01	1.865657e+00
118	4.959369e-01	5.733504e-01	2.988276e+00
119	5.138293e-01	5.253843e-01	1.479726e+00
120	4.914592e-01	5.428768e-01	2.095261e+00
121	4.641062e-01	6.181987e-01	2.442110e+00
122	4.399093e-01	5.654911e-01	1.070347e+00
123	4.493606e-01	6.072581e-01	1.417196e+00
124	4.845434e-01	5.254312e-01	2.817294e+00
125	3.718655e-01	7.103686e-02	1.164143e+00
126	4.842436e-01	5.451748e-01	2.738153e+00
127	4.109365e-01	4.139702e-01	2.338544e+00
128	5.186312e-01	2.152133e-01	1.282364e+00
129	4.694345e-01	4.827973e-01	2.676600e+00
130	5.170443e-01	2.168779e-01	2.443087e+00
131	6.444539e-01	2.964174e-01	2.375672e+00
132	4.144625e-01	5.740337e-01	1.220811e+00
133	7.110173e-01	6.503026e-01	2.407914e+00
134	4.727240e-01	5.890528e-01	2.277968e+00
135	4.608905e-01	5.142154e-01	2.409868e+00
136	4.747100e-01	5.039622e-01	2.083537e+00
137	5.447850e-01	4.981058e-01	2.286761e+00
138	6.131030e-01	6.270399e-01	1.194431e+00
139	4.835778e-01	5.029154e-01	2.818271e+00
140	4.547546e-01	6.265416e-01	2.827064e+00
141	4.770322e-01	5.447383e-01	1.684905e+00
142	4.542607e-01	4.938516e-01	1.999511e+00
143	4.791156e-01	5.109474e-01	1.956522e+00
144	3.740284e-01	4.833938e-01	2.323889e+00
145	5.188269e-01	5.261987e-01	2.501710e+00
146	4.036627e-01	5.804144e-01	2.395213e+00
147	4.515724e-01	5.768342e-01	2.719590e+00
148	4.732676e-01	5.122351e-01	2.937469e+00
149	4.660955e-01	5.887229e-01	2.803615e+00
150	5.020404e-01	3.481074e-01	1.794333e+00
151	4.717161e-01	5.223933e-01	2.611138e+00
152	4.773619e-01	4.393290e-01	1.724963e+00
153	4.860927e-01	5.223537e-01	1.983879e+00
154	4.694913e-01	5.105657e-01	2.181241e+00
155	5.162097e-01	5.161513e-01	1.295066e+00
156	3.637462e-01	3.822057e-01	1.970200e+00
157	4.441673e-01	5.131354e-01	2.387396e+00
158	5.635951e-01	4.529985e-01	2.386419e+00
159	5.563463e-01	3.440767e-01	2.647289e+00
160	4.778644e-01	5.143792e-01	1.686859e+00
161	4.516425e-01	4.904059e-01	1.553981e+00
162	4.801534e-01	4.151028e-01	1.764045e+00
163	4.541084e-01	3.770074e-01	1.632145e+00
164	4.723640e-01	5.136493e-01	1.235467e+00
165	4.844160e-01	5.224333e-01	2.251588e+00
166	4.341316e-01	4.946574e-01	1.751343e+00
167	5.724732e-01	4.753985e-01	1.715193e+00
168	4.697711e-01	5.130019e-01	2.109917e+00
169	4.103836e-01	4.598237e-01	2.137274e+00
170	5.386663e-01	4.980960e-01	2.099170e+00
171	4.702521e-01	5.940723e-01	2.057157e+00
172	4.616847e-01	4.285421e-01	2.246702e+00
173	4.628065e-01	4.890649e-01	1.894968e+00
174	4.073357e-01	4.994025e-01	2.453835e+00
175	4.470181e-01	4.859012e-01	2.834880e+00
176	5.175225e-01	4.550643e-01	2.215437e+00
177	4.857285e-01	5.306369e-01	2.153884e+00
178	4.725618e-01	5.024402e-01	2.475330e+00
179	6.459832e-01	6.039200e-01	1.274548e+00
180	4.441038e-01	4.815333e-01	2.127504e+00
181	4.859372e-01	5.128760e-01	1.790425e+00
182	5.322958e-01	2.353759e-01	1.736688e+00
183	6.435424e-01	5.194524e-01	1.692721e+00
184	5.084334e-01	5.588921e-01	2.042501e+00
185	5.878057e-01	5.960791e-01	1.468979e+00
186	4.486563e-01	5.297642e-01	1.784563e+00
187	6.641979e-01	6.619541e-01	2.653151e+00
188	4.623341e-01	5.106047e-01	1.839277e+00
189	4.845833e-01	5.127650e-01	1.175867e+00
190	3.809750e-01	5.141157e-01	2.807523e+00
191	4.787826e-01	6.911224e-01	2.811431e+00
192	5.570085e-01	5.229805e-01	1.192477e+00
193	7.671670e-01	6.496257e-01	1.620420e+00
194	4.455602e-01	6.843337e-01	2.624817e+00
195	4.758389e-01	5.103076e-01	2.806546e+00
196	3.968889e-01	3.585656e-01	1.763068e+00
197	4.004907e-01	8.053298e-01	2.060088e+00
198	4.340890e-01	2.578604e-01	2.458720e+00
199	4.973238e-01	5.279684e-01	2.463605e+00
200	4.200077e-01	7.271794e-01	1.141671e+00
201	4.799829e-01	4.982904e-01	1.146556e+00
202	5.011552e-01	5.759937e-01	1.395701e+00
203	4.585202e-01	4.452315e-01	1.755252e+00
204	4.830548e-01	5.414839e-01	2.901319e+00
205	5.816549e-01	5.966153e-01	2.123596e+00
206	4.906507e-01	4.852626e-01	1.652662e+00
207	4.914402e-01	5.362663e-01	1.199316e+00
208	4.401003e-01	4.652868e-01	2.170493e+00
209	6.331302e-01	6.586271e-01	2.733268e+00
210	5.177528e-01	3.288397e-01	1.545188e+00
211	4.450012e-01	5.470581e-01	1.376160e+00
212	5.021167e-01	5.177506e-01	1.621397e+00
213	4.637888e-01	5.026130e-01	1.883244e+00
214	4.672006e-01	5.265543e-01	1.612604e+00
215	4.356861e-01	5.170887e-01	2.909135e+00
216	4.635298e-01	4.933755e-01	1.354665e+00
217	4.904859e-01	5.160001e-01	2.770396e+00
218	5.741846e-01	4.431092e-01	2.148999e+00
219	4.422825e-01	4.946469e-01	2.624817e+00
220	3.974257e-01	4.703237e-01	2.697118e+00
221	4.770821e-01	5.018099e-01	1.938935e+00
222	2.224809e-01	5.441337e-01	1.854910e+00
223	5.025477e-01	5.515419e-01	2.625794e+00
224	2.573282e-01	3.463149e-01	2.984367e+00
225	4.397913e-01	4.358846e-01	2.693210e+00
226	4.979578e-01	5.312437e-01	2.276014e+00
227	4.681127e-01	5.281896e-01	1.245237e+00
228	4.773579e-01	5.066375e-01	1.489497e+00
229	4.638420e-01	5.176729e-01	2.305325e+00
230	4.737103e-01	5.122844e-01	2.689301e+00
231	4.421845e-01	4.519498e-01	1.346849e+00
232	4.923904e-01	5.518171e-01	2.447973e+00
233	4.617308e-01	5.321100e-01	1.591109e+00
234	4.239044e-01	5.355010e-01	1.931119e+00
235	5.016127e-01	5.390770e-01	2.687347e+00
236	4.732837e-01	5.127231e-01	2.787982e+00
237	4.643917e-01	4.936383e-01	1.510015e+00
238	4.689572e-01	5.215698e-01	2.193942e+00
239	4.711155e-01	4.874982e-01	2.918906e+00
240	4.452999e-01	4.487753e-01	1.734734e+00
241	4.850277e-01	6.140178e-01	1.119199e+00
242	4.410785e-01	4.715514e-01	1.631168e+00
243	5.244629e-01	5.282666e-01	1.258915e+00
244	5.043950e-01	5.836796e-01	2.458720e+00
245	5.717101e-01	5.490503e-01	2.134343e+00
246	4.761990e-01	5.122841e-01	2.662921e+00
247	4.746981e-01	5.259089e-01	2.924768e+00
248	3.881316e-01	4.184330e-01	2.983390e+00
249	4.362221e-01	5.586679e-01	2.305325e+00
250	5.845725e-01	8.490426e-01	2.763556e+00
251	5.027661e-01	7.295297e-01	2.374695e+00
252	4.445007e-01	4.580470e-01	1.703468e+00
253	4.916505e-01	3.650831e-01	1.246214e+00
254	5.735290e-01	6.592760e-01	2.925745e+00
255	4.866921e-01	5.248924e-01	1.857841e+00
256	4.705608e-01	5.051692e-01	2.601368e+00
257	4.686437e-01	5.008158e-01	2.413776e+00
258	4.631864e-01	5.309624e-01	2.569126e+00
259	4.508490e-01	5.442042e-01	1.865657e+00
260	4.742440e-01	5.089904e-01	2.574988e+00
261	4.564027e-01	4.888919e-01	1.598925e+00
262	4.562602e-01	4.726757e-01	2.264289e+00
263	3.198096e-01	4.233875e-01	1.176844e+00
264	3.872938e-01	4.107017e-01	1.061553e+00
265	4.682141e-01	5.085509e-01	2.526136e+00
266	4.943732e-01	5.488635e-01	1.928188e+00
267	5.319711e-01	5.139451e-01	2.006351e+00
268	4.734968e-01	5.057652e-01	1.041036e+00
269	5.257643e-01	3.889662e-01	1.793356e+00
270	3.830137e-01	3.514805e-01	1.860772e+00
271	3.992615e-01	4.922481e-01	1.389839e+00
272	4.823326e-01	5.185620e-01	1.052760e+00
273	3.962192e-01	3.529588e-01	1.156326e+00
274	4.592235e-01	6.542481e-01	1.981925e+00
275	5.053278e-01	2.656951e-01	2.256473e+00
276	5.212337e-01	5.520666e-01	2.368832e+00
277	4.461475e-01	5.296509e-01	2.024915e+00
278	4.718667e-01	3.873846e-02	1.266732e+00
279	4.584344e-01	4.548143e-01	1.348803e+00
280	4.784503e-01	4.970131e-01	2.472399e+00
281	3.342245e-01	4.938070e-01	2.288715e+00
282	4.079426e-01	4.528067e-01	2.745970e+00
283	4.385226e-01	4.372966e-01	2.490962e+00
284	4.222248e-01	7.375688e-01	2.515388e+00
285	4.416583e-01	2.417086e-01	1.545188e+00
286	4.731719e-01	4.940408e-01	2.662921e+00
287	4.206207e-01	4.566499e-01	2.264289e+00
288	4.474549e-01	4.197284e-01	2.905227e+00
289	3.875521e-01	4.079349e-01	1.058622e+00
290	3.904626e-01	5.391608e-01	2.152907e+00
291	4.488178e-01	4.907697e-01	2.784074e+00
292	4.794223e-01	5.150770e-01	2.445042e+00
293	7.684846e-01	8.519442e-01	2.852467e+00
294	4.951752e-01	5.162032e-01	2.070835e+00
295	3.969168e-01	5.034064e-01	1.406448e+00
296	2.451967e-01	1.409513e-01	1.751343e+00
297	4.054812e-01	4.924984e-01	2.077675e+00
298	4.429015e-01	5.171899e-01	1.601856e+00
299	4.865403e-01	5.380383e-01	2.048363e+00
300	3.671978e-01	4.039548e-01	2.781143e+00
301	4.729470e-01	5.145334e-01	2.779189e+00
302	5.069697e-01	5.862231e-01	2.617978e+00
303	6.444599e-01	6.151456e-01	1.698583e+00
304	4.870488e-01	3.744951e-01	1.948705e+00
305	4.905087e-01	5.268860e-01	1.416219e+00
306	5.182163e-01	8.744665e-01	1.745481e+00
307	4.619048e-01	4.869234e-01	2.291646e+00
308	6.309040e-01	6.561563e-01	1.868588e+00
309	3.744489e-01	4.589515e-01	2.511480e+00
310	4.554222e-01	4.867164e-01	2.596483e+00
311	4.893511e-01	5.932743e-01	2.855398e+00
312	4.762508e-01	5.411090e-01	1.312653e+00
313	4.091219e-01	4.054236e-01	1.787494e+00
314	4.712668e-01	5.131307e-01	2.252565e+00
315	4.458157e-01	4.603321e-01	1.978017e+00
316	5.209323e-01	3.890077e-01	2.965804e+00
317	4.657794e-01	4.950836e-01	2.221299e+00
318	3.615324e-01	4.890073e-01	1.701514e+00
319	4.763701e-01	5.914318e-01	1.135809e+00
320	4.686577e-01	5.269460e-01	2.997069e+00
321	4.394032e-01	5.435977e-01	2.470445e+00
322	5.060534e-01	7.140987e-01	2.362970e+00
323	4.691149e-01	5.175006e-01	2.553493e+00
324	4.634470e-01	5.461555e-01	1.347826e+00
325	4.218458e-01	3.798630e-01	2.896434e+00
326	4.788898e-01	5.098768e-01	1.857841e+00
327	4.645827e-01	5.545537e-01	1.669272e+00
328	4.771532e-01	5.212690e-01	1.726917e+00
329	5.421922e-01	5.889358e-01	2.604299e+00
330	4.765920e-01	5.060713e-01	2.089399e+00
331	4.326551e-01	5.129645e-01	1.552027e+00
332	3.697006e-01	4.641189e-01	1.769907e+00
333	4.444200e-01	4.822278e-01	1.382022e+00
334	4.230219e-01	4.489134e-01	2.510503e+00
335	4.364792e-01	5.184826e-01	1.640938e+00
336	4.622442e-01	4.864604e-01	2.933561e+00
337	5.172180e-01	5.257315e-01	1.033219e+00
338	4.527415e-01	5.815824e-01	1.408403e+00
339	4.703222e-01	4.998435e-01	2.767465e+00
340	4.960970e-01	5.316307e-01	1.526624e+00
341	4.673572e-01	5.384730e-01	1.456277e+00
342	4.461518e-01	4.976518e-01	1.054714e+00
343	4.837493e-01	4.260978e-01	2.601368e+00
344	4.509106e-01	3.676724e-01	2.193942e+00
345	4.315776e-01	6.272997e-01	2.321935e+00
346	4.926002e-01	5.614420e-01	1.564729e+00
347	4.784299e-01	5.273483e-01	1.679043e+00
348	6.429216e-01	6.272077e-01	2.034685e+00
349	4.571543e-01	4.883929e-01	2.564240e+00
350	4.288275e-01	3.851653e-01	2.311187e+00
351	2.916557e-01	4.357388e-01	1.297997e+00
352	4.764576e-01	5.214604e-01	2.873962e+00
353	3.357066e-01	4.905496e-01	2.202736e+00
354	4.742938e-01	5.135345e-01	2.653151e+00
355	4.803042e-01	4.793873e-01	2.461651e+00
356	4.755621e-01	5.185337e-01	1.679043e+00
357	5.649478e-01	5.772334e-01	2.991207e+00
358	4.153998e-01	4.105310e-01	2.857352e+00
359	5.120576e-01	6.418736e-01	1.913532e+00
360	4.522297e-01	3.272557e-01	1.216903e+00
361	2.976886e-01	2.511251e-01	1.214949e+00
362	3.865069e-01	5.660512e-01	1.005862e+00
363	4.855474e-01	5.128826e-01	2.227162e+00
364	4.529307e-01	4.980742e-01	1.723009e+00
365	2.348243e-01	7.335270e-02	1.491451e+00
366	4.406960e-01	6.590569e-01	1.692721e+00
367	4.822102e-01	4.944332e-01	1.154372e+00
368	5.018763e-01	5.417418e-01	1.851001e+00
369	4.807975e-01	5.140148e-01	2.418661e+00
370	4.713177e-01	4.125455e-01	1.874450e+00
371	3.668123e-01	5.224311e-01	1.591109e+00
372	4.339633e-01	4.916605e-01	2.199805e+00
373	4.740813e-01	6.825461e-01	2.208598e+00
374	4.863288e-01	4.675950e-01	1.322423e+00
375	5.495670e-01	5.669523e-01	2.361016e+00
376	6.046903e-01	5.220314e-01	1.815828e+00
377	4.727127e-01	5.127565e-01	1.328285e+00
378	4.779344e-01	5.097655e-01	1.883244e+00
379	5.847617e-01	6.427035e-01	1.599902e+00
380	5.765184e-01	6.792877e-01	2.343429e+00
381	4.345656e-01	4.940870e-01	1.835369e+00
382	5.224517e-01	3.795354e-01	1.065462e+00
383	3.617016e-01	6.776594e-01	1.698583e+00
384	2.963223e-01	6.044259e-01	2.761602e+00
385	1.860234e-01	3.526079e-01	1.961407e+00
386	4.718790e-01	4.494979e-01	2.449927e+00
387	4.375367e-01	4.737842e-01	2.669761e+00
388	5.140978e-01	4.795576e-01	2.597460e+00
389	4.580174e-01	4.864934e-01	2.960918e+00
390	4.689296e-01	4.994885e-01	1.655594e+00
391	5.084320e-01	5.560332e-01	2.572057e+00
392	4.593867e-01	4.787440e-01	1.234489e+00
393	4.691427e-01	5.023028e-01	1.607719e+00
394	4.673893e-01	5.061703e-01	2.643381e+00
395	3.773324e-01	1.921347e-01	1.233512e+00
396	6.465003e-01	9.250373e-01	2.058134e+00
397	3.988382e-01	4.698777e-01	1.083048e+00
398	7.305637e-01	8.244801e-01	2.453835e+00
399	5.108389e-01	6.109110e-01	2.169516e+00
400	4.109777e-01	4.392782e-01	1.634099e+00
401	4.266200e-01	4.336052e-01	1.314607e+00
402	4.618924e-01	4.726578e-01	2.292623e+00
403	4.161616e-01	3.715446e-01	1.759160e+00
404	5.567256e-01	6.375919e-01	2.942355e+00
405	5.105254e-01	5.597546e-01	1.358574e+00
406	4.796895e-01	5.526153e-01	1.474841e+00
407	4.725792e-01	8.173945e-01	2.850513e+00
408	3.222334e-01	6.588413e-01	2.543723e+00
409	4.745630e-01	5.098909e-01	1.170005e+00
410	4.742423e-01	5.847123e-01	2.011236e+00
411	3.739987e-01	5.411597e-01	2.982413e+00
412	6.033910e-01	7.997825e-01	1.578407e+00
413	4.883219e-01	6.518519e-01	2.904250e+00
414	4.599771e-01	4.830799e-01	2.948217e+00
415	4.675795e-01	5.141731e-01	1.856864e+00
416	4.955475e-01	5.496444e-01	1.780655e+00
417	4.613481e-01	5.444843e-01	1.223742e+00
418	4.804042e-01	4.936643e-01	2.928676e+00
419	4.746945e-01	5.244109e-01	1.055691e+00
420	4.459759e-01	5.171492e-01	2.823156e+00
421	4.739875e-01	5.093506e-01	2.886663e+00
422	4.865416e-01	5.206088e-01	1.391793e+00
423	5.199080e-01	5.377937e-01	1.467025e+00
424	4.596046e-01	4.942193e-01	1.512946e+00
425	4.550223e-01	8.691731e-01	1.960430e+00
426	4.482996e-01	8.678094e-01	2.254519e+00
427	5.026588e-01	6.606119e-01	2.899365e+00
428	4.951412e-01	5.033871e-01	1.247191e+00
429	4.679721e-01	5.069895e-01	1.802149e+00
430	4.567917e-01	5.099348e-01	1.663410e+00
431	5.007780e-01	7.237413e-01	2.556424e+00
432	4.569027e-01	8.275953e-01	2.947240e+00
433	4.745347e-01	5.191843e-01	2.475330e+00
434	4.948187e-01	5.710309e-01	2.923791e+00
435	6.033408e-01	3.754565e-01	2.906204e+00
436	2.718559e-01	7.056258e-01	2.668784e+00
437	4.410587e-01	4.709571e-01	2.476307e+00
438	3.841690e-01	6.366109e-01	2.065950e+00
439	4.742812e-01	5.089541e-01	1.983879e+00
440	5.079532e-01	6.145424e-01	1.637030e+00
441	4.585812e-01	5.112341e-01	1.338056e+00
442	5.210238e-01	5.776224e-01	2.406937e+00
443	5.098811e-01	7.887625e-01	1.422081e+00
444	5.053779e-01	6.326638e-01	2.956033e+00
445	4.664788e-01	5.156149e-01	2.601368e+00
446	3.423768e-01	3.880264e-01	1.846116e+00
447	4.765598e-01	5.217929e-01	1.264778e+00
448	4.147163e-01	4.439425e-01	1.119199e+00
449	4.273807e-01	4.514196e-01	1.956522e+00
450	6.750153e-01	7.931741e-01	2.971666e+00
451	4.772084e-01	5.191099e-01	2.149976e+00
452	5.322992e-01	6.142864e-01	1.574499e+00
453	3.817781e-01	3.069988e-01	1.775769e+00
454	3.619355e-01	4.222124e-01	1.542257e+00
455	4.504960e-01	4.589018e-01	2.984367e+00
456	4.863821e-01	5.816582e-01	1.577430e+00
457	4.596426e-01	4.196802e-01	2.955056e+00
458	4.821461e-01	4.921279e-01	2.865169e+00
459	5.578915e-01	6.017280e-01	1.672203e+00
460	4.698178e-01	4.918623e-02	1.198339e+00
461	5.424489e-01	4.625590e-01	2.513434e+00
462	3.837975e-01	4.085217e-01	1.853933e+00
463	4.607731e-01	4.541789e-01	2.858329e+00
464	4.968393e-01	5.871457e-01	1.574499e+00
465	5.361842e-01	5.247433e-01	1.432829e+00
466	4.721753e-01	5.175782e-01	1.500244e+00
467	6.665267e-01	6.408967e-01	1.323400e+00
468	4.942706e-01	5.012343e-01	2.147044e+00
469	4.737726e-01	5.328732e-01	2.698095e+00
470	5.018365e-01	5.227275e-01	1.364436e+00
471	2.771773e-01	3.391796e-01	2.076698e+00
472	4.701666e-01	5.049586e-01	2.011236e+00
473	5.558773e-01	6.283669e-01	1.215926e+00
474	4.660827e-01	5.123643e-01	2.299463e+00
475	5.293402e-01	4.871995e-01	1.683928e+00
476	4.745438e-01	4.906325e-01	2.081583e+00
477	4.729268e-01	4.577954e-01	2.350269e+00
478	3.919223e-01	7.823955e-01	2.728383e+00
479	5.441318e-01	6.037971e-01	1.194431e+00
480	4.112475e-01	5.950309e-01	2.515388e+00
481	3.291063e-01	2.670682e-01	1.865657e+00
482	4.614608e-01	5.398676e-01	1.802149e+00
483	3.912421e-01	4.255312e-01	1.367367e+00
484	4.360583e-01	4.559514e-01	1.148510e+00
485	5.564990e-01	6.148054e-01	2.427455e+00
486	4.533254e-01	6.822236e-01	2.196873e+00
487	3.818359e-01	4.782206e-01	2.386419e+00
488	4.228270e-01	4.383240e-01	1.294089e+00
489	5.024692e-01	3.822267e-01	1.687836e+00
490	4.628823e-01	5.410004e-01	1.146556e+00
491	3.630819e-01	3.670374e-01	1.597948e+00
492	4.194318e-01	5.125106e-01	2.412799e+00
493	3.943299e-01	3.866476e-01	1.227650e+00
494	5.253535e-01	6.095230e-01	2.522228e+00
495	4.778200e-01	5.882998e-01	1.437714e+00
496	4.381807e-01	4.475308e-01	1.523693e+00
497	3.840621e-01	5.730790e-01	1.221788e+00
498	5.108833e-01	5.937331e-01	1.652662e+00
499	4.900587e-01	4.632523e-01	1.269663e+00
500	4.800822e-01	5.169313e-01	2.967758e+00
501	4.663029e-01	5.088044e-01	2.546654e+00
502	2.554875e-01	3.760283e-01	1.818759e+00
503	4.754903e-01	5.126684e-01	1.919394e+00
504	4.926995e-01	5.152628e-01	2.563263e+00
505	3.759428e-01	3.992209e-01	1.451392e+00
506	4.566018e-01	4.767540e-01	1.718124e+00
507	4.757064e-01	5.240476e-01	1.207132e+00
508	4.607096e-01	4.833585e-01	1.236444e+00
509	5.344474e-01	4.813282e-01	2.622863e+00
510	3.977602e-01	6.586789e-01	2.549585e+00
511	4.684462e-01	5.098066e-01	2.966781e+00
512	5.200494e-01	3.888938e-01	2.395213e+00
513	4.958674e-01	5.006119e-01	1.534441e+00
514	6.204690e-01	5.943768e-01	1.550073e+00
515	5.177059e-01	6.152084e-01	1.610650e+00
516	5.344635e-01	5.902451e-01	1.612604e+00
517	4.817455e-01	5.065694e-01	1.086957e+00
518	5.761810e-01	4.436571e-01	2.282853e+00
519	3.508878e-01	3.383056e-01	1.573522e+00
520	4.644534e-01	5.017272e-01	2.497802e+00
521	4.743372e-01	4.872775e-01	1.752320e+00
522	4.510631e-01	9.418545e-01	1.589155e+00
523	4.866978e-01	5.010248e-01	1.209086e+00
524	4.455028e-01	4.494164e-01	2.755740e+00
525	4.227686e-01	6.508591e-01	1.499267e+00
526	4.805536e-01	4.945432e-01	1.014656e+00
527	4.350371e-01	1.166810e-01	2.891549e+00
528	4.621238e-01	5.001729e-01	2.478261e+00
529	4.674676e-01	4.912359e-01	1.898876e+00
530	4.955475e-01	5.134154e-01	1.188569e+00
531	5.037346e-01	5.381421e-01	2.785051e+00
532	4.763872e-01	5.113593e-01	2.945286e+00
533	5.027525e-01	5.665946e-01	2.458720e+00
534	5.701275e-01	5.463127e-01	2.673669e+00
535	4.614226e-01	5.066307e-01	1.399609e+00
536	4.448148e-01	4.717726e-01	2.604299e+00
537	4.735938e-01	5.112935e-01	1.529555e+00
538	4.675832e-01	5.129726e-01	2.823156e+00
539	5.389170e-01	5.446960e-01	2.826087e+00
540	4.460803e-01	4.733147e-01	2.844651e+00
541	4.579077e-01	4.413466e-01	2.290669e+00
542	4.859323e-01	4.748385e-01	2.570103e+00
543	4.860183e-01	4.543959e-01	2.396190e+00
544	3.910129e-01	4.632530e-01	1.318515e+00
545	4.580212e-01	5.560114e-01	2.605276e+00
546	3.778881e-01	3.708850e-01	2.683439e+00
547	4.101196e-01	7.416377e-01	1.587201e+00
548	5.913823e-01	6.128606e-01	1.375183e+00
549	4.522454e-01	5.827432e-01	2.298486e+00
550	6.593254e-01	6.018673e-01	1.285296e+00
551	4.829457e-01	5.105229e-01	2.983390e+00
552	4.800090e-01	2.955019e-01	1.195408e+00
553	4.607463e-01	5.181717e-01	2.414753e+00
554	3.754646e-01	4.503054e-01	1.843185e+00
555	4.573781e-01	5.186417e-01	2.396190e+00
556	5.137566e-01	3.862723e-01	3.000000e+00
557	4.924663e-01	4.941512e-01	2.728383e+00
558	7.231797e-01	8.761901e-01	1.133854e+00
559	4.806592e-01	5.253951e-01	1.944797e+00
560	5.453238e-01	5.582761e-01	2.883732e+00
561	3.315263e-01	3.864283e-01	2.383488e+00
562	5.764980e-01	4.903562e-01	2.506595e+00
563	4.990885e-01	5.418964e-01	1.786517e+00
564	3.819360e-01	4.745366e-01	2.893503e+00
565	4.718632e-01	5.179522e-01	2.981436e+00
566	4.979576e-01	6.039065e-01	2.663898e+00
567	4.960685e-01	5.275596e-01	2.227162e+00
568	4.931723e-01	5.037785e-01	1.527601e+00
569	4.574442e-01	5.186915e-01	2.610161e+00
570	4.619130e-01	1.047111e-01	1.058622e+00
571	4.523536e-01	4.833699e-01	2.782120e+00
572	3.519596e-01	1.257666e-01	1.518808e+00
573	4.776548e-01	4.855931e-01	2.109917e+00
574	4.858731e-01	5.256206e-01	2.074744e+00
575	4.437612e-01	4.995663e-01	2.319003e+00
576	5.393910e-01	5.344899e-01	1.290181e+00
577	4.917171e-01	4.624275e-01	1.286273e+00
578	4.655335e-01	4.471874e-01	1.881290e+00
579	4.729936e-01	5.222672e-01	1.664387e+00
580	3.788517e-01	6.708874e-01	1.242306e+00
581	4.115334e-01	4.818744e-01	1.927211e+00
582	4.754888e-01	5.063839e-01	2.820225e+00
583	4.582011e-01	6.770613e-01	2.792868e+00
584	4.992745e-01	5.167175e-01	1.201270e+00
585	4.879462e-01	5.927643e-01	1.898876e+00
586	4.737224e-01	5.153988e-01	1.782609e+00
587	4.686953e-01	4.926840e-01	1.561798e+00
588	4.724753e-01	5.113540e-01	2.282853e+00
589	4.565296e-01	4.765417e-01	2.210552e+00
590	4.816038e-01	3.930444e-01	1.020518e+00
591	4.554381e-01	4.875201e-01	1.784563e+00
592	4.750456e-01	5.124806e-01	1.275525e+00
593	4.327600e-01	5.166941e-01	1.212995e+00
594	4.867663e-01	4.878695e-01	2.964827e+00
595	4.884326e-01	5.227398e-01	2.079629e+00
596	5.386140e-01	5.929830e-01	1.187592e+00
597	4.584749e-01	5.334368e-01	1.258915e+00
598	4.411983e-01	4.494129e-01	1.999511e+00
599	4.819731e-01	5.153749e-01	1.264778e+00
600	4.739788e-01	5.074581e-01	1.110405e+00
601	5.492617e-01	6.505875e-01	1.107474e+00
602	3.285132e-01	4.646988e-01	1.070347e+00
603	4.708595e-01	5.190315e-01	2.400098e+00
604	4.874478e-01	5.501676e-01	2.871031e+00
605	4.662712e-01	5.014726e-01	2.739130e+00
606	5.100324e-01	5.132568e-01	2.061065e+00
607	4.893779e-01	4.246215e-01	1.073278e+00
608	4.402747e-01	4.897959e-01	2.799707e+00
609	4.575066e-01	4.746544e-01	2.010259e+00
610	3.848577e-01	5.178115e-01	1.700537e+00
611	4.683632e-01	5.065971e-01	1.339033e+00
612	4.990851e-01	4.753263e-01	2.227162e+00
613	7.786589e-01	7.944422e-01	2.482169e+00
614	4.500932e-01	4.910107e-01	2.958964e+00
615	5.668552e-01	5.160477e-01	1.443576e+00
616	4.287917e-01	4.972628e-01	2.381534e+00
617	3.877840e-01	3.743335e-01	1.971177e+00
618	4.720971e-01	5.115782e-01	2.960918e+00
619	4.089623e-01	3.812473e-01	1.812897e+00
620	4.028753e-01	6.392649e-01	1.170982e+00
621	4.872156e-01	4.589864e-01	1.277479e+00
622	6.354358e-01	6.262577e-01	1.176844e+00
623	4.894731e-01	4.253223e-01	1.636053e+00
624	5.028943e-01	5.721567e-01	2.336590e+00
625	4.563032e-01	5.396208e-01	1.343918e+00
626	4.723219e-01	4.885581e-01	1.905716e+00
627	4.661278e-01	5.102895e-01	1.784563e+00
628	4.763028e-01	4.936770e-01	2.063996e+00
629	4.639452e-01	5.062586e-01	2.497802e+00
630	5.510925e-01	4.199966e-01	2.870054e+00
631	4.534451e-01	4.669565e-01	1.729849e+00
632	3.828680e-01	2.602756e-01	2.290669e+00
633	4.735848e-01	5.118334e-01	2.841720e+00
634	4.779915e-01	5.121474e-01	2.195896e+00
635	4.909414e-01	5.957068e-01	1.601856e+00
636	4.429836e-01	4.203233e-01	2.449927e+00
637	5.131425e-01	5.138973e-01	1.462140e+00
638	4.722882e-01	5.118888e-01	2.041524e+00
639	4.736679e-01	5.123422e-01	2.061065e+00
640	4.616405e-01	5.210162e-01	2.130435e+00
641	3.402556e-01	2.741234e-01	2.205667e+00
642	4.845338e-01	5.286406e-01	2.184172e+00
643	4.405575e-01	4.505927e-01	2.747924e+00
644	6.578882e-01	5.072030e-01	2.909135e+00
645	4.756523e-01	5.094837e-01	2.777235e+00
646	4.724455e-01	5.751665e-01	1.295066e+00
647	4.073636e-01	4.841337e-01	1.050806e+00
648	4.168612e-01	4.514923e-01	1.191500e+00
649	4.659517e-01	4.942071e-01	1.198339e+00
650	4.856305e-01	5.294406e-01	2.656082e+00
651	4.689024e-01	4.916500e-01	1.692721e+00
652	2.472150e-01	1.879508e-01	2.330728e+00
653	4.578407e-01	4.835370e-01	1.906693e+00
654	4.441078e-01	4.880882e-01	2.192965e+00
655	4.054405e-01	4.791201e-01	1.200293e+00
656	4.837557e-01	5.088632e-01	2.361016e+00
657	3.974398e-01	3.510993e-01	2.080606e+00
658	4.829137e-01	5.043169e-01	2.017098e+00
659	3.889442e-01	5.114823e-01	2.191011e+00
660	4.817881e-01	8.058681e-01	1.667318e+00
661	3.976116e-01	3.493869e-01	2.229116e+00
662	4.830488e-01	3.429833e-01	1.188569e+00
663	4.659874e-01	5.546789e-01	2.714704e+00
664	4.338716e-01	4.791180e-01	1.979971e+00
665	3.957635e-01	4.786023e-01	2.954079e+00
666	6.119517e-01	6.969761e-01	1.803127e+00
667	4.873702e-01	4.675443e-01	1.039082e+00
668	7.282878e-01	6.274597e-01	1.893014e+00
669	5.057322e-01	5.841714e-01	1.778701e+00
670	4.717029e-01	5.497358e-01	1.807035e+00
671	4.815757e-01	5.315575e-01	1.102589e+00
672	4.334250e-01	4.576450e-01	1.879336e+00
673	4.284332e-01	4.825692e-01	1.984856e+00
674	4.737875e-01	5.121841e-01	2.238886e+00
675	4.527049e-01	4.828759e-01	2.868100e+00
676	4.744886e-01	5.008637e-01	2.748901e+00
677	5.678306e-01	3.430498e-01	1.578407e+00
678	4.900256e-01	5.364806e-01	1.621397e+00
679	4.699709e-01	5.097443e-01	2.657059e+00
680	4.802321e-01	5.447348e-01	2.404983e+00
681	4.542454e-01	5.056025e-01	2.272106e+00
682	4.535530e-01	4.571406e-01	1.463117e+00
683	4.760611e-01	5.262174e-01	2.316072e+00
684	4.713655e-01	5.074572e-01	2.334636e+00
685	4.546321e-01	4.924367e-01	1.365413e+00
686	6.491881e-01	5.645290e-01	2.105032e+00
687	3.620652e-01	4.755520e-01	1.339033e+00
688	4.633339e-01	5.185993e-01	2.932584e+00
689	4.773672e-01	5.038567e-01	2.378603e+00
690	4.750882e-01	5.089256e-01	1.833415e+00
691	4.538672e-01	4.114858e-01	1.663410e+00
692	4.484778e-01	5.049207e-01	2.251588e+00
693	6.568849e-01	4.973560e-01	1.766976e+00
694	4.159542e-01	4.055177e-01	1.575476e+00
695	3.090909e-01	2.515339e-01	2.771373e+00
696	4.763836e-01	5.030657e-01	2.787005e+00
697	4.620878e-01	5.064037e-01	1.959453e+00
698	4.324718e-01	4.723126e-01	2.187103e+00
699	4.740205e-01	5.093468e-01	2.430386e+00
700	4.840292e-01	5.550267e-01	2.679531e+00
701	4.241459e-01	4.649615e-01	2.191988e+00
702	5.149912e-01	6.458751e-01	2.945286e+00
703	4.722484e-01	5.220975e-01	2.793845e+00
704	4.625905e-01	5.262397e-01	2.132389e+00
705	5.058154e-01	3.799661e-01	1.627259e+00
706	4.736943e-01	5.127297e-01	1.623351e+00
707	4.859123e-01	5.155398e-01	2.772350e+00
708	4.791543e-01	5.231588e-01	1.552027e+00
709	6.053177e-01	5.349682e-01	1.180752e+00
710	4.837446e-01	5.787183e-01	1.632145e+00
711	4.459658e-01	4.614702e-01	1.680997e+00
712	6.373928e-01	5.978766e-01	2.828041e+00
713	1.296167e-01	5.489494e-01	1.703468e+00
714	2.625130e-01	4.121392e-01	1.471910e+00
715	4.653554e-01	4.890607e-01	2.368832e+00
716	4.663556e-01	5.244315e-01	1.961407e+00
717	4.757205e-01	5.081829e-01	1.756229e+00
718	5.164910e-01	5.228940e-01	2.987298e+00
719	4.792609e-01	5.051396e-01	2.332682e+00
720	5.019844e-01	5.220288e-01	1.097704e+00
721	5.832557e-01	5.814590e-01	1.954568e+00
722	4.768572e-01	5.101921e-01	1.704446e+00
723	4.737848e-01	5.125179e-01	1.853933e+00
724	5.117573e-01	6.409644e-01	2.829995e+00
725	5.121544e-01	5.027599e-01	2.232047e+00
726	4.555023e-01	4.441513e-01	2.587689e+00
727	1.637976e-01	6.579848e-01	2.698095e+00
728	5.250643e-01	5.851760e-01	1.896922e+00
729	4.717619e-01	5.689140e-01	1.212995e+00
730	3.132822e-01	4.165116e-01	1.502198e+00
731	4.705032e-01	5.108620e-01	2.614069e+00
732	5.241119e-01	6.112413e-01	2.880801e+00
733	4.882393e-01	5.121046e-01	1.956522e+00
734	4.515245e-01	4.510895e-01	2.745970e+00
735	3.918257e-01	6.455153e-01	1.179775e+00
736	4.649045e-01	4.711867e-01	1.935027e+00
737	4.605382e-01	5.300128e-01	1.975085e+00
738	4.480877e-01	4.677938e-01	1.067416e+00
739	4.368011e-01	5.081064e-01	2.024915e+00
740	4.153762e-01	4.092506e-01	2.810454e+00
741	4.004055e-01	4.572106e-01	2.428432e+00
742	4.517991e-01	4.926092e-01	1.957499e+00
743	6.542375e-01	6.223913e-01	2.306302e+00
744	4.869365e-01	5.264182e-01	2.557401e+00
745	4.596172e-01	4.626087e-01	1.243283e+00
746	4.763050e-01	4.344195e-01	2.429409e+00
747	5.058735e-01	5.249167e-01	2.523205e+00
748	4.464561e-01	2.916279e-01	2.842697e+00
749	4.737061e-01	5.089615e-01	2.247680e+00
750	5.047056e-01	5.262102e-01	2.000489e+00
751	4.889458e-01	5.063150e-01	2.446019e+00
752	4.675742e-01	5.066657e-01	2.360039e+00
753	3.450662e-01	6.538377e-01	2.567171e+00
754	5.043593e-01	5.293377e-01	2.415730e+00
755	4.979051e-01	4.982492e-01	1.989741e+00
756	4.768152e-01	5.064497e-01	2.908158e+00
757	4.998027e-01	5.033834e-01	2.731314e+00
758	4.699316e-01	5.146859e-01	2.544700e+00
759	4.720390e-01	5.118765e-01	2.890572e+00
760	4.718922e-01	5.149831e-01	1.654617e+00
761	4.691546e-01	5.146619e-01	1.008793e+00
762	4.543568e-01	4.448706e-01	1.260870e+00
763	5.625656e-01	5.346956e-01	1.347826e+00
764	4.690539e-01	5.144654e-01	1.325354e+00
765	4.755333e-01	5.009910e-01	1.420127e+00
766	5.845671e-01	6.153485e-01	2.845628e+00
767	4.295176e-01	5.064805e-01	1.853933e+00
768	4.635150e-01	5.065334e-01	1.303859e+00
769	4.455405e-01	5.537673e-01	1.294089e+00
770	7.863004e-01	2.651440e-01	1.675134e+00
771	5.424844e-01	4.648595e-01	2.417684e+00
772	4.463598e-01	4.670645e-01	2.053249e+00
773	4.801453e-01	4.962060e-01	1.276502e+00
774	3.925436e-01	5.601859e-01	2.779189e+00
775	5.126788e-01	4.400031e-01	1.984856e+00
776	5.426147e-01	6.711206e-01	2.295554e+00
777	4.750214e-01	5.150758e-01	1.652662e+00
778	4.677850e-01	5.078796e-01	2.464582e+00
779	4.706201e-01	5.100517e-01	1.763068e+00
780	4.757909e-01	5.582153e-01	2.026869e+00
781	3.849574e-01	4.320198e-01	1.160234e+00
782	3.228658e-01	4.759849e-01	2.302394e+00
783	4.695275e-01	5.068428e-01	1.384954e+00
784	4.838299e-01	5.016753e-01	2.598437e+00
785	5.018208e-01	5.134986e-01	2.130435e+00
786	4.884677e-01	5.121527e-01	1.690767e+00
787	4.639363e-01	5.261786e-01	1.940889e+00
788	4.645048e-01	5.041031e-01	2.099170e+00
