771
0	2.317073e-02	2.717829e-01	1.398632e+00
1	4.392545e-01	4.777685e-01	1.108451e+00
2	4.546202e-01	4.249585e-01	2.925745e+00
3	5.098794e-01	5.545018e-01	2.732291e+00
4	4.965926e-01	7.477481e-01	1.257938e+00
5	5.364414e-01	5.619047e-01	2.424524e+00
6	7.954470e-01	9.529160e-01	1.383000e+00
7	4.711077e-01	4.777854e-01	2.705911e+00
8	4.703308e-01	4.835689e-01	2.442110e+00
9	4.671470e-01	5.054096e-01	2.233024e+00
10	4.199800e-01	3.940126e-01	2.376649e+00
11	4.618406e-01	4.925993e-01	1.556913e+00
12	4.311844e-01	4.033241e-01	2.950171e+00
13	4.837567e-01	4.768618e-01	1.066439e+00
14	4.711807e-01	5.066221e-01	1.626282e+00
15	2.225688e-01	5.208340e-01	1.306790e+00
16	4.665073e-01	5.085912e-01	2.902296e+00
17	3.437664e-01	4.732969e-01	1.195408e+00
18	3.913714e-01	4.865300e-01	1.785540e+00
19	4.790323e-01	5.138246e-01	1.248168e+00
20	4.319281e-01	5.154953e-01	1.863703e+00
21	5.450983e-01	6.056371e-01	2.671715e+00
22	4.587554e-01	4.942578e-01	2.487054e+00
23	3.130603e-01	3.514485e-01	1.946751e+00
24	5.109938e-01	3.313995e-01	1.303859e+00
25	6.111386e-01	5.976419e-01	2.152907e+00
26	4.578770e-01	5.084001e-01	1.388862e+00
27	4.965995e-01	5.324674e-01	1.591109e+00
28	4.732613e-01	5.711892e-01	2.205667e+00
29	4.493276e-01	4.870592e-01	2.181241e+00
30	5.886420e-01	4.337902e-01	1.475818e+00
31	4.846107e-01	4.000927e-01	2.309233e+00
32	4.493417e-01	4.906444e-01	2.073766e+00
33	2.374021e-01	2.375935e-01	2.331705e+00
34	4.301911e-01	4.702545e-01	1.126038e+00
35	4.993514e-01	4.465926e-01	2.235955e+00
36	5.021758e-01	6.906930e-01	2.805569e+00
37	4.771983e-01	5.836612e-01	2.555447e+00
38	4.642715e-01	5.026491e-01	2.559355e+00
39	4.802083e-01	5.123524e-01	1.895945e+00
40	4.232961e-01	4.561143e-01	1.282364e+00
41	5.708750e-01	6.299530e-01	2.750855e+00
42	4.603118e-01	4.935707e-01	2.412799e+00
43	4.874543e-01	5.087813e-01	2.557401e+00
44	3.550448e-01	3.965905e-01	1.648754e+00
45	4.919533e-01	4.258592e-01	1.721055e+00
46	4.298711e-01	4.140734e-01	2.588666e+00
47	4.688160e-01	5.201334e-01	1.525647e+00
48	4.634211e-01	5.104976e-01	2.751832e+00
49	3.355224e-01	3.337708e-01	2.625794e+00
50	4.443915e-01	4.574160e-01	1.663410e+00
51	4.651529e-01	5.066789e-01	2.560332e+00
52	4.826102e-01	5.137763e-01	1.696629e+00
53	4.711664e-01	4.962868e-01	1.506106e+00
54	4.671291e-01	5.140800e-01	2.675623e+00
55	4.526986e-01	4.343051e-01	2.497802e+00
56	4.283302e-01	4.314714e-01	1.031265e+00
57	5.578180e-01	5.713553e-01	2.361993e+00
58	4.576655e-01	4.526841e-01	1.866634e+00
60	4.009131e-01	1.675502e-01	1.503175e+00
61	4.699684e-01	4.724476e-01	2.449927e+00
62	4.602636e-01	5.069560e-01	2.831949e+00
63	4.722731e-01	5.153527e-01	2.317049e+00
64	4.926277e-01	5.408173e-01	2.353200e+00
65	4.676165e-01	5.098474e-01	2.575965e+00
66	3.849818e-01	5.596914e-01	2.922814e+00
67	5.556326e-01	6.224432e-01	2.289692e+00
68	4.472211e-01	5.741888e-01	2.766488e+00
69	4.709368e-01	4.388475e-01	1.522716e+00
70	4.960928e-01	4.296564e-01	2.769419e+00
71	4.833438e-01	5.083988e-01	1.110405e+00
72	4.866550e-01	5.076938e-01	1.412311e+00
73	4.651024e-01	3.646105e-01	1.951637e+00
74	6.349705e-01	5.726486e-01	1.449438e+00
75	5.338723e-01	3.111473e-01	2.176356e+00
76	4.627218e-01	4.645097e-01	1.212995e+00
77	4.610437e-01	5.090899e-01	1.872496e+00
78	4.602239e-01	4.921631e-01	1.606742e+00
79	3.670397e-01	4.098022e-01	1.183683e+00
80	4.715352e-01	4.843084e-01	2.736199e+00
81	4.677918e-01	5.077930e-01	1.617489e+00
82	4.364863e-01	4.173646e-01	2.456766e+00
83	5.970579e-01	5.964289e-01	1.406448e+00
84	4.996837e-01	3.761098e-01	2.453835e+00
85	4.655780e-01	5.047919e-01	2.712750e+00
86	4.769843e-01	5.137497e-01	2.877870e+00
87	6.756735e-01	6.723187e-01	1.533464e+00
88	3.122985e-01	3.813518e-01	2.169516e+00
89	4.280127e-01	4.125728e-01	2.483146e+00
90	5.413070e-01	5.732829e-01	1.538349e+00
91	4.600531e-01	5.194205e-01	1.117245e+00
92	4.540636e-01	4.838359e-01	2.709819e+00
93	4.809828e-01	4.700811e-01	2.929653e+00
94	3.389069e-01	4.064475e-01	2.125550e+00
95	6.930460e-01	5.746619e-01	2.148999e+00
96	4.537543e-01	5.173470e-01	1.206155e+00
98	4.536848e-01	4.970013e-01	1.997557e+00
99	4.337277e-01	5.525999e-01	1.753298e+00
100	4.625808e-01	5.134110e-01	1.491451e+00
101	4.665488e-01	5.049440e-01	2.381534e+00
102	4.207287e-01	4.627901e-01	1.837323e+00
103	4.997339e-01	4.982309e-01	2.723498e+00
104	5.621873e-01	7.534068e-01	1.216903e+00
105	4.627937e-01	4.956058e-01	1.385931e+00
107	4.638528e-01	4.993145e-01	1.887152e+00
108	3.512614e-01	4.336199e-01	1.869565e+00
109	3.947565e-01	5.210619e-01	2.657059e+00
110	4.015043e-01	4.249799e-01	1.905716e+00
111	4.399362e-01	5.068396e-01	2.319980e+00
113	3.732850e-01	8.093293e-01	1.155349e+00
114	4.670839e-01	5.001718e-01	1.261847e+00
115	3.488270e-01	3.767368e-01	1.308745e+00
116	4.638959e-01	7.579980e-01	1.148510e+00
117	4.605281e-01	4.770058e-01	1.865657e+00
118	4.363798e-01	4.839438e-01	2.988276e+00
119	4.298830e-01	4.660345e-01	1.479726e+00
120	4.702905e-01	5.006995e-01	2.095261e+00
121	4.664524e-01	4.058051e-01	2.442110e+00
122	3.190984e-01	4.255368e-01	1.070347e+00
123	4.218912e-01	4.816761e-01	1.417196e+00
124	4.880013e-01	5.337562e-01	2.817294e+00
126	5.125742e-01	5.399669e-01	2.738153e+00
127	4.527562e-01	3.767831e-01	2.338544e+00
128	4.840413e-01	8.135792e-01	1.282364e+00
129	4.897449e-01	5.113027e-01	2.676600e+00
130	4.918344e-01	8.014250e-01	2.443087e+00
131	3.589269e-01	9.955900e-01	2.375672e+00
132	5.415710e-01	4.994316e-01	1.220811e+00
133	5.754365e-01	2.439503e-01	2.407914e+00
134	4.573464e-01	4.470595e-01	2.277968e+00
135	4.558048e-01	5.048414e-01	2.409868e+00
136	4.664880e-01	4.694632e-01	2.083537e+00
137	3.793901e-01	4.970015e-01	2.286761e+00
138	6.496451e-01	1.374555e-01	1.194431e+00
139	4.925646e-01	5.057269e-01	2.818271e+00
140	6.053645e-01	5.235571e-01	2.827064e+00
141	4.312946e-01	4.944661e-01	1.684905e+00
142	4.760195e-01	5.149370e-01	1.999511e+00
143	4.701945e-01	5.022893e-01	1.956522e+00
144	3.816142e-01	5.300245e-01	2.323889e+00
145	4.791466e-01	5.363488e-01	2.501710e+00
146	6.225612e-01	4.309072e-01	2.395213e+00
147	5.689683e-01	5.756965e-01	2.719590e+00
148	4.658047e-01	5.064729e-01	2.937469e+00
149	4.722168e-01	4.630993e-01	2.803615e+00
150	3.518086e-01	3.885763e-01	1.794333e+00
151	4.693422e-01	5.236459e-01	2.611138e+00
152	4.617590e-01	4.474885e-01	1.724963e+00
153	4.529171e-01	4.986021e-01	1.983879e+00
154	4.646896e-01	5.036808e-01	2.181241e+00
155	4.651412e-01	3.927724e-01	1.295066e+00
156	4.003895e-01	4.223629e-01	1.970200e+00
157	4.555399e-01	5.261249e-01	2.387396e+00
158	3.314952e-01	6.011224e-01	2.386419e+00
159	6.315544e-01	5.239149e-01	2.647289e+00
160	4.846748e-01	5.231486e-01	1.686859e+00
161	4.674582e-01	4.754831e-01	1.553981e+00
162	5.050431e-01	5.979379e-01	1.764045e+00
163	7.108518e-01	6.193165e-01	1.632145e+00
164	4.658581e-01	5.053417e-01	1.235467e+00
165	4.851999e-01	5.288026e-01	2.251588e+00
166	4.697024e-01	5.114219e-01	1.751343e+00
167	4.844462e-01	5.740548e-01	1.715193e+00
168	4.661103e-01	5.073114e-01	2.109917e+00
169	4.395534e-01	4.427306e-01	2.137274e+00
170	3.592171e-01	5.235020e-01	2.099170e+00
171	4.674432e-01	4.984126e-01	2.057157e+00
172	4.669185e-01	4.061372e-01	2.246702e+00
173	4.337312e-01	5.008780e-01	1.894968e+00
174	4.504051e-01	6.121758e-01	2.453835e+00
175	4.801298e-01	5.483871e-01	2.834880e+00
176	5.130031e-01	5.121754e-01	2.215437e+00
177	4.579823e-01	4.940413e-01	2.153884e+00
178	4.721197e-01	5.004559e-01	2.475330e+00
179	4.959564e-01	5.617739e-01	1.274548e+00
180	4.566996e-01	4.583739e-01	2.127504e+00
181	4.713945e-01	5.134472e-01	1.790425e+00
182	6.186532e-01	7.529251e-01	1.736688e+00
183	4.119737e-01	6.114826e-01	1.692721e+00
184	4.004520e-01	3.755028e-01	2.042501e+00
185	3.728645e-01	6.301519e-01	1.468979e+00
186	5.066034e-01	4.949949e-01	1.784563e+00
188	4.384181e-01	4.742465e-01	1.839277e+00
189	4.808547e-01	5.043816e-01	1.175867e+00
190	3.721297e-01	5.119025e-01	2.807523e+00
191	2.017799e-01	5.302231e-01	2.811431e+00
192	5.228668e-01	5.315131e-01	1.192477e+00
193	5.765838e-01	2.917343e-01	1.620420e+00
194	4.046765e-01	5.099541e-01	2.624817e+00
195	4.749648e-01	5.080666e-01	2.806546e+00
196	4.343011e-01	4.406900e-01	1.763068e+00
197	3.100321e-01	3.725541e-01	2.060088e+00
198	7.732164e-01	4.673882e-01	2.458720e+00
199	4.166016e-01	4.664363e-01	2.463605e+00
200	4.575907e-01	1.722527e-01	1.141671e+00
201	4.745418e-01	4.940599e-01	1.146556e+00
202	4.974339e-01	5.348319e-01	1.395701e+00
203	4.777623e-01	5.111204e-01	1.755252e+00
204	5.185967e-01	5.485989e-01	2.901319e+00
205	4.144806e-01	4.602623e-01	2.123596e+00
206	5.920729e-01	5.992195e-01	1.652662e+00
207	4.394348e-01	4.721521e-01	1.199316e+00
208	4.942015e-01	5.457629e-01	2.170493e+00
209	2.540048e-01	4.573669e-01	2.733268e+00
210	5.567929e-01	5.222016e-01	1.545188e+00
211	4.852001e-01	4.850554e-01	1.376160e+00
212	4.433850e-01	4.948967e-01	1.621397e+00
213	4.636213e-01	4.944031e-01	1.883244e+00
214	4.734398e-01	4.924101e-01	1.612604e+00
215	4.787243e-01	4.773578e-01	2.909135e+00
216	4.705715e-01	5.060923e-01	1.354665e+00
217	4.929553e-01	5.108422e-01	2.770396e+00
218	4.343687e-01	5.663062e-01	2.148999e+00
219	4.993902e-01	5.335255e-01	2.624817e+00
220	4.871348e-01	4.797270e-01	2.697118e+00
221	4.869551e-01	4.864001e-01	1.938935e+00
222	7.583665e-01	4.983768e-01	1.854910e+00
223	4.828410e-01	3.622724e-01	2.625794e+00
224	5.352289e-01	7.921592e-01	2.984367e+00
225	3.994318e-01	4.088811e-01	2.693210e+00
226	4.872254e-01	5.298318e-01	2.276014e+00
227	4.646279e-01	4.847436e-01	1.245237e+00
228	4.621708e-01	5.139799e-01	1.489497e+00
229	4.620384e-01	5.031814e-01	2.305325e+00
230	4.486520e-01	4.939668e-01	2.689301e+00
231	5.132167e-01	5.498702e-01	1.346849e+00
232	4.391426e-01	4.758730e-01	2.447973e+00
233	4.189019e-01	5.177574e-01	1.591109e+00
234	3.573305e-01	4.143198e-01	1.931119e+00
235	5.002525e-01	5.562296e-01	2.687347e+00
236	4.653959e-01	5.065514e-01	2.787982e+00
237	4.804007e-01	5.166705e-01	1.510015e+00
238	4.487258e-01	4.890383e-01	2.193942e+00
239	5.066061e-01	5.325217e-01	2.918906e+00
240	5.282166e-01	5.800074e-01	1.734734e+00
241	4.685466e-01	5.558939e-01	1.119199e+00
242	3.647903e-01	4.430971e-01	1.631168e+00
243	4.953011e-01	5.061669e-01	1.258915e+00
244	4.519375e-01	4.244894e-01	2.458720e+00
245	4.747606e-01	4.719915e-01	2.134343e+00
246	4.709858e-01	5.073006e-01	2.662921e+00
247	4.684891e-01	4.877821e-01	2.924768e+00
248	4.471445e-01	4.605996e-01	2.983390e+00
250	7.806819e-01	9.608019e-01	2.763556e+00
251	7.237410e-01	8.754910e-01	2.374695e+00
252	4.714573e-01	5.155663e-01	1.703468e+00
253	4.455117e-01	4.452113e-01	1.246214e+00
254	5.279754e-01	6.760104e-01	2.925745e+00
255	4.792108e-01	5.125664e-01	1.857841e+00
256	4.804629e-01	5.147694e-01	2.601368e+00
257	4.365942e-01	4.689596e-01	2.413776e+00
258	4.602233e-01	5.019365e-01	2.569126e+00
259	5.040073e-01	6.184638e-01	1.865657e+00
260	4.668332e-01	5.094042e-01	2.574988e+00
261	4.517185e-01	5.022865e-01	1.598925e+00
262	4.139669e-01	5.314059e-01	2.264289e+00
263	4.679016e-01	4.345284e-01	1.176844e+00
264	3.330321e-01	3.924050e-01	1.061553e+00
265	4.833183e-01	5.187977e-01	2.526136e+00
266	4.461505e-01	4.704194e-01	1.928188e+00
267	4.735501e-01	5.265346e-01	2.006351e+00
268	4.442737e-01	4.708408e-01	1.041036e+00
269	5.641818e-01	6.249029e-01	1.793356e+00
270	3.559577e-01	3.957093e-01	1.860772e+00
271	5.857135e-01	5.004561e-01	1.389839e+00
272	4.649857e-01	4.996806e-01	1.052760e+00
273	4.347114e-01	4.491437e-01	1.156326e+00
274	3.025249e-01	3.461391e-01	1.981925e+00
275	5.356715e-01	7.906104e-01	2.256473e+00
276	4.925413e-01	5.345066e-01	2.368832e+00
277	4.613721e-01	4.987528e-01	2.024915e+00
279	4.669920e-01	5.251817e-01	1.348803e+00
280	5.907924e-01	5.634922e-01	2.472399e+00
281	4.690777e-01	5.856527e-01	2.288715e+00
282	5.014669e-01	5.261703e-01	2.745970e+00
283	5.471664e-01	5.499767e-01	2.490962e+00
284	2.194711e-01	3.877986e-01	2.515388e+00
285	4.912104e-01	7.268632e-01	1.545188e+00
286	4.640013e-01	5.274442e-01	2.662921e+00
287	4.475068e-01	4.500824e-01	2.264289e+00
288	4.108029e-01	4.570771e-01	2.905227e+00
289	4.086932e-01	3.564213e-01	1.058622e+00
290	3.692184e-01	5.334318e-01	2.152907e+00
291	7.679625e-01	9.196509e-01	2.784074e+00
292	4.696491e-01	5.019041e-01	2.445042e+00
293	7.243390e-01	9.362525e-01	2.852467e+00
294	4.042112e-01	4.924734e-01	2.070835e+00
295	5.338528e-01	4.634683e-01	1.406448e+00
296	2.783922e-01	1.500356e-01	1.751343e+00
297	5.310204e-01	4.382450e-01	2.077675e+00
298	3.353782e-01	5.366580e-01	1.601856e+00
299	4.659414e-01	4.840889e-01	2.048363e+00
300	5.495033e-01	5.598119e-01	2.781143e+00
301	4.631559e-01	5.081528e-01	2.779189e+00
302	5.261636e-01	5.647837e-01	2.617978e+00
303	4.379766e-01	3.150561e-01	1.698583e+00
304	5.323335e-01	5.636601e-01	1.948705e+00
305	4.606715e-01	4.771097e-01	1.416219e+00
306	5.623737e-01	3.898059e-01	1.745481e+00
307	4.599530e-01	5.002137e-01	2.291646e+00
308	6.858164e-01	9.015330e-01	1.868588e+00
309	5.548555e-01	5.238501e-01	2.511480e+00
310	4.696222e-01	5.180676e-01	2.596483e+00
311	4.989593e-01	5.637312e-01	2.855398e+00
312	5.063927e-01	5.476192e-01	1.312653e+00
313	4.200935e-01	4.350948e-01	1.787494e+00
314	4.649450e-01	5.059840e-01	2.252565e+00
315	5.294132e-01	5.488882e-01	1.978017e+00
316	5.114720e-01	5.979992e-01	2.965804e+00
317	4.784646e-01	5.141737e-01	2.221299e+00
318	4.068356e-01	5.842914e-01	1.701514e+00
319	5.241916e-01	6.079080e-01	1.135809e+00
320	4.513541e-01	5.468897e-01	2.997069e+00
322	5.902071e-01	5.248040e-01	2.362970e+00
323	4.635442e-01	5.064036e-01	2.553493e+00
324	4.524194e-01	4.769944e-01	1.347826e+00
325	5.083557e-01	8.705862e-01	2.896434e+00
326	4.743984e-01	5.066683e-01	1.857841e+00
327	4.701647e-01	5.439919e-01	1.669272e+00
328	4.778898e-01	4.831875e-01	1.726917e+00
329	5.061585e-01	5.675843e-01	2.604299e+00
330	4.641062e-01	5.401116e-01	2.089399e+00
331	4.211025e-01	5.338559e-01	1.552027e+00
332	4.242688e-01	4.931118e-01	1.769907e+00
333	4.355588e-01	4.619725e-01	1.382022e+00
334	5.251800e-01	7.127888e-01	2.510503e+00
335	5.205336e-01	4.930878e-01	1.640938e+00
336	4.707386e-01	5.141617e-01	2.933561e+00
337	3.866967e-01	4.259730e-01	1.033219e+00
338	3.971503e-01	4.500918e-01	1.408403e+00
339	4.464458e-01	4.938613e-01	2.767465e+00
340	4.931304e-01	5.353651e-01	1.526624e+00
341	4.950191e-01	5.094225e-01	1.456277e+00
342	4.943402e-01	5.284988e-01	1.054714e+00
343	5.174758e-01	5.590376e-01	2.601368e+00
344	5.035087e-01	8.800264e-01	2.193942e+00
346	4.940700e-01	5.369868e-01	1.564729e+00
347	4.711690e-01	5.325787e-01	1.679043e+00
348	2.732510e-01	6.290394e-01	2.034685e+00
349	4.646631e-01	4.872492e-01	2.564240e+00
350	6.276614e-01	5.920602e-01	2.311187e+00
351	6.995027e-01	6.106084e-01	1.297997e+00
352	4.841736e-01	5.233774e-01	2.873962e+00
353	5.367966e-01	5.743044e-01	2.202736e+00
354	4.674407e-01	5.070063e-01	2.653151e+00
355	6.892316e-01	5.700853e-01	2.461651e+00
356	4.764534e-01	5.145367e-01	1.679043e+00
357	3.865739e-01	4.683078e-01	2.991207e+00
358	5.240054e-01	6.674926e-01	2.857352e+00
359	3.932553e-01	4.309883e-01	1.913532e+00
360	5.409363e-01	5.361925e-01	1.216903e+00
361	7.088507e-01	6.487358e-01	1.214949e+00
362	4.759119e-01	4.808567e-01	1.005862e+00
363	4.911043e-01	5.417518e-01	2.227162e+00
364	4.782286e-01	5.145261e-01	1.723009e+00
366	5.254284e-01	5.202695e-01	1.692721e+00
367	4.852692e-01	4.987843e-01	1.154372e+00
368	4.560350e-01	4.757121e-01	1.851001e+00
369	4.694153e-01	5.093803e-01	2.418661e+00
370	4.121599e-01	4.705921e-01	1.874450e+00
371	5.021979e-01	4.852798e-01	1.591109e+00
372	4.525662e-01	5.370544e-01	2.199805e+00
373	3.112779e-01	4.011633e-01	2.208598e+00
374	4.425019e-01	4.022316e-01	1.322423e+00
375	5.457923e-01	6.285750e-01	2.361016e+00
376	3.885453e-01	6.097203e-01	1.815828e+00
377	4.658994e-01	5.074663e-01	1.328285e+00
378	4.532590e-01	4.952960e-01	1.883244e+00
379	4.394605e-01	3.385987e-01	1.599902e+00
380	2.154081e-01	2.285443e-01	2.343429e+00
381	4.626736e-01	4.739288e-01	1.835369e+00
383	2.554356e-01	4.587027e-01	1.698583e+00
384	6.244276e-01	7.083854e-01	2.761602e+00
385	4.392832e-01	7.704032e-01	1.961407e+00
386	5.490782e-01	5.784711e-01	2.449927e+00
387	4.301220e-01	4.470065e-01	2.669761e+00
388	5.645812e-01	4.915143e-01	2.597460e+00
389	4.690902e-01	5.047447e-01	2.960918e+00
390	4.526225e-01	4.897941e-01	1.655594e+00
391	5.179798e-01	5.634984e-01	2.572057e+00
392	4.807750e-01	5.109349e-01	1.234489e+00
393	4.214648e-01	5.107723e-01	1.607719e+00
394	4.655695e-01	5.019083e-01	2.643381e+00
395	5.237443e-01	5.221489e-01	1.233512e+00
397	4.490278e-01	6.923886e-01	1.083048e+00
398	6.709542e-01	8.558084e-01	2.453835e+00
399	5.051206e-01	4.073269e-01	2.169516e+00
400	4.000872e-01	4.600516e-01	1.634099e+00
401	4.318456e-01	5.545923e-01	1.314607e+00
402	4.313441e-01	4.654790e-01	2.292623e+00
403	5.924681e-01	6.422775e-01	1.759160e+00
404	4.688337e-01	5.850008e-01	2.942355e+00
405	4.081931e-01	4.189584e-01	1.358574e+00
406	4.308009e-01	4.697989e-01	1.474841e+00
407	4.987500e-01	3.028706e-01	2.850513e+00
408	3.587007e-01	5.177804e-01	2.543723e+00
409	4.758165e-01	5.298516e-01	1.170005e+00
410	4.468797e-01	3.952349e-01	2.011236e+00
411	4.024917e-01	4.621852e-01	2.982413e+00
412	4.300707e-01	6.135149e-01	1.578407e+00
413	5.544649e-01	6.086325e-01	2.904250e+00
414	4.532892e-01	4.895763e-01	2.948217e+00
415	4.633766e-01	5.096060e-01	1.856864e+00
416	4.817892e-01	5.231915e-01	1.780655e+00
417	4.563296e-01	5.322615e-01	1.223742e+00
418	4.685763e-01	5.365433e-01	2.928676e+00
419	4.808912e-01	5.332705e-01	1.055691e+00
420	4.430282e-01	5.145948e-01	2.823156e+00
421	4.663099e-01	5.101717e-01	2.886663e+00
422	4.774241e-01	5.354352e-01	1.391793e+00
423	5.720652e-01	5.812052e-01	1.467025e+00
424	5.002881e-01	5.405446e-01	1.512946e+00
425	4.606983e-01	8.679558e-01	1.960430e+00
426	4.759260e-01	8.717740e-01	2.254519e+00
427	5.340603e-01	6.650281e-01	2.899365e+00
428	4.774185e-01	4.972291e-01	1.247191e+00
429	4.743739e-01	5.007808e-01	1.802149e+00
430	4.774240e-01	4.896251e-01	1.663410e+00
431	5.484355e-01	5.619134e-01	2.556424e+00
432	4.690810e-01	4.645119e-01	2.947240e+00
433	4.894594e-01	5.116728e-01	2.475330e+00
434	4.709868e-01	5.205972e-01	2.923791e+00
435	3.686601e-01	4.599358e-01	2.906204e+00
436	5.159803e-01	6.246744e-02	2.668784e+00
437	5.104420e-01	5.589057e-01	2.476307e+00
438	5.765592e-01	4.696420e-01	2.065950e+00
439	4.634303e-01	5.060665e-01	1.983879e+00
440	3.702474e-01	3.810862e-01	1.637030e+00
441	6.642555e-01	5.486961e-01	1.338056e+00
442	3.554637e-01	4.731711e-01	2.406937e+00
443	7.091240e-01	4.191929e-01	1.422081e+00
444	5.223326e-01	6.146836e-01	2.956033e+00
445	4.718130e-01	5.130461e-01	2.601368e+00
446	4.787322e-01	4.938083e-01	1.846116e+00
447	4.678365e-01	5.091365e-01	1.264778e+00
448	3.932238e-01	4.289663e-01	1.119199e+00
449	4.789271e-01	5.325567e-01	1.956522e+00
450	4.858286e-01	4.268881e-01	2.971666e+00
451	4.685271e-01	5.125359e-01	2.149976e+00
452	5.190136e-01	4.811813e-01	1.574499e+00
453	6.664695e-01	6.966093e-01	1.775769e+00
455	4.501816e-01	4.954253e-01	2.984367e+00
456	5.010884e-01	5.347341e-01	1.577430e+00
457	4.305157e-01	4.154296e-01	2.955056e+00
458	4.465620e-01	5.150677e-01	2.865169e+00
459	4.067718e-01	4.009494e-01	1.672203e+00
461	2.695536e-01	4.755836e-01	2.513434e+00
462	4.869160e-01	5.355225e-01	1.853933e+00
463	5.184392e-01	5.572975e-01	2.858329e+00
464	4.838146e-01	6.312770e-01	1.574499e+00
465	4.696201e-01	5.294651e-01	1.432829e+00
466	4.615574e-01	5.029295e-01	1.500244e+00
467	4.341857e-01	3.253844e-01	1.323400e+00
468	4.782929e-01	5.040140e-01	2.147044e+00
469	4.692854e-01	5.421643e-01	2.698095e+00
470	4.765126e-01	5.259285e-01	1.364436e+00
471	5.173096e-01	7.382682e-01	2.076698e+00
472	4.629715e-01	5.111507e-01	2.011236e+00
473	4.878709e-01	6.446015e-01	1.215926e+00
474	4.727877e-01	5.009957e-01	2.299463e+00
475	5.298610e-01	4.376439e-01	1.683928e+00
476	4.925738e-01	4.952200e-01	2.081583e+00
477	5.066753e-01	5.659897e-01	2.350269e+00
478	2.944596e-01	4.485924e-01	2.728383e+00
479	3.902887e-01	3.267156e-01	1.194431e+00
480	5.089846e-01	5.093951e-01	2.515388e+00
481	6.516869e-01	6.985037e-01	1.865657e+00
482	3.908876e-01	4.340096e-01	1.802149e+00
483	4.314825e-01	4.905268e-01	1.367367e+00
484	4.792813e-01	5.264706e-01	1.148510e+00
485	4.068225e-01	4.285650e-01	2.427455e+00
486	5.547852e-01	5.247807e-01	2.196873e+00
487	5.007505e-01	5.585896e-01	2.386419e+00
488	4.441870e-01	4.677678e-01	1.294089e+00
489	5.238667e-01	5.830277e-01	1.687836e+00
490	5.018157e-01	4.273629e-01	1.146556e+00
491	7.380720e-01	4.165382e-01	1.597948e+00
492	4.182646e-01	5.313693e-01	2.412799e+00
493	3.385875e-01	4.041986e-01	1.227650e+00
494	4.863713e-01	6.386850e-01	2.522228e+00
495	4.335934e-01	4.903935e-01	1.437714e+00
496	5.255420e-01	5.664018e-01	1.523693e+00
497	5.946923e-01	5.203208e-01	1.221788e+00
498	4.680179e-01	5.589244e-01	1.652662e+00
499	3.802055e-01	4.376640e-01	1.269663e+00
500	4.658125e-01	4.974283e-01	2.967758e+00
501	4.598261e-01	5.053866e-01	2.546654e+00
502	3.695773e-01	7.461503e-01	1.818759e+00
503	4.347820e-01	4.899780e-01	1.919394e+00
504	4.931652e-01	5.238761e-01	2.563263e+00
505	3.994398e-01	4.094313e-01	1.451392e+00
506	3.890814e-01	5.403130e-01	1.718124e+00
507	4.839902e-01	5.159751e-01	1.207132e+00
508	4.578486e-01	4.924601e-01	1.236444e+00
509	5.281808e-01	5.604012e-01	2.622863e+00
510	4.158239e-01	3.708024e-01	2.549585e+00
511	4.670467e-01	5.134905e-01	2.966781e+00
512	4.957704e-01	5.192550e-01	2.395213e+00
513	5.076892e-01	4.681918e-01	1.534441e+00
514	4.863761e-01	5.721996e-01	1.550073e+00
515	4.458940e-01	4.941667e-01	1.610650e+00
516	6.049249e-01	4.511708e-01	1.612604e+00
517	4.762832e-01	4.984105e-01	1.086957e+00
518	4.300276e-01	5.676939e-01	2.282853e+00
519	4.904703e-01	9.007476e-01	1.573522e+00
520	4.756894e-01	5.155193e-01	2.497802e+00
521	4.641229e-01	5.269980e-01	1.752320e+00
523	4.815095e-01	4.966757e-01	1.209086e+00
524	5.530768e-01	6.007630e-01	2.755740e+00
525	5.775084e-01	4.536045e-01	1.499267e+00
526	4.583888e-01	5.143205e-01	1.014656e+00
527	3.928826e-01	1.693801e-01	2.891549e+00
528	4.645788e-01	5.089859e-01	2.478261e+00
529	5.362696e-01	5.739631e-01	1.898876e+00
530	4.862690e-01	5.127205e-01	1.188569e+00
531	4.848358e-01	5.485298e-01	2.785051e+00
532	4.731212e-01	5.029354e-01	2.945286e+00
533	5.534255e-01	6.000119e-01	2.458720e+00
534	4.187486e-01	6.354308e-01	2.673669e+00
535	4.841553e-01	4.971610e-01	1.399609e+00
536	5.283370e-01	5.461736e-01	2.604299e+00
537	4.629905e-01	5.002682e-01	1.529555e+00
538	4.696990e-01	5.084198e-01	2.823156e+00
539	4.412771e-01	4.461987e-01	2.826087e+00
540	4.771421e-01	5.221070e-01	2.844651e+00
541	5.179092e-01	4.315812e-01	2.290669e+00
542	4.496183e-01	5.460748e-01	2.570103e+00
543	4.678701e-01	4.770828e-01	2.396190e+00
544	4.688504e-01	4.018985e-01	1.318515e+00
545	4.550734e-01	4.617140e-01	2.605276e+00
546	3.774147e-01	6.964546e-01	2.683439e+00
547	5.874403e-01	2.738459e-01	1.587201e+00
548	5.598681e-01	6.391980e-01	1.375183e+00
549	4.784901e-01	4.460766e-01	2.298486e+00
550	3.780735e-01	3.335812e-01	1.285296e+00
551	4.633439e-01	5.042557e-01	2.983390e+00
552	2.657004e-01	4.709691e-01	1.195408e+00
553	4.665830e-01	5.199437e-01	2.414753e+00
554	4.289028e-01	4.167132e-01	1.843185e+00
555	4.240080e-01	4.813512e-01	2.396190e+00
556	5.474273e-01	5.722815e-01	3.000000e+00
557	4.873354e-01	5.021268e-01	2.728383e+00
559	4.573237e-01	5.001415e-01	1.944797e+00
560	3.819969e-01	3.546771e-01	2.883732e+00
561	4.413931e-01	4.067204e-01	2.383488e+00
562	4.015332e-01	6.276563e-01	2.506595e+00
563	4.421448e-01	4.772791e-01	1.786517e+00
564	4.197877e-01	4.603008e-01	2.893503e+00
565	4.729994e-01	5.082906e-01	2.981436e+00
566	4.682993e-01	5.578780e-01	2.663898e+00
567	4.575790e-01	4.829539e-01	2.227162e+00
568	4.598173e-01	5.134117e-01	1.527601e+00
569	3.899653e-01	3.093431e-01	2.610161e+00
570	2.579712e-01	2.607521e-01	1.058622e+00
571	4.577750e-01	4.858295e-01	2.782120e+00
573	4.717045e-01	5.057289e-01	2.109917e+00
574	4.561906e-01	4.952639e-01	2.074744e+00
575	4.313007e-01	5.041580e-01	2.319003e+00
576	5.010792e-01	5.072298e-01	1.290181e+00
577	4.837683e-01	4.680912e-01	1.286273e+00
578	5.050557e-01	5.360068e-01	1.881290e+00
579	4.857536e-01	5.193246e-01	1.664387e+00
580	3.272299e-01	1.107306e-01	1.242306e+00
581	5.099002e-01	4.706726e-01	1.927211e+00
582	4.717443e-01	5.060552e-01	2.820225e+00
583	6.310314e-01	5.605042e-01	2.792868e+00
584	5.069985e-01	5.670379e-01	1.201270e+00
585	4.105292e-01	4.298928e-01	1.898876e+00
586	4.610574e-01	5.117189e-01	1.782609e+00
587	4.813436e-01	5.114003e-01	1.561798e+00
588	4.683099e-01	5.069531e-01	2.282853e+00
589	4.124464e-01	4.502900e-01	2.210552e+00
590	4.207058e-01	5.197856e-01	1.020518e+00
591	4.271223e-01	4.416473e-01	1.784563e+00
592	4.659818e-01	5.085410e-01	1.275525e+00
593	4.938035e-01	4.834897e-01	1.212995e+00
594	4.027286e-01	5.040107e-01	2.964827e+00
595	4.623054e-01	4.819050e-01	2.079629e+00
596	4.039458e-01	5.308765e-01	1.187592e+00
597	4.736248e-01	5.133043e-01	1.258915e+00
598	4.045135e-01	4.907850e-01	1.999511e+00
599	4.609057e-01	5.015233e-01	1.264778e+00
600	4.887286e-01	5.244180e-01	1.110405e+00
601	3.019364e-01	3.479720e-01	1.107474e+00
602	4.410212e-01	4.897889e-01	1.070347e+00
603	4.677331e-01	4.984663e-01	2.400098e+00
604	4.794959e-01	4.810318e-01	2.871031e+00
605	4.704104e-01	5.137531e-01	2.739130e+00
606	4.271634e-01	4.927744e-01	2.061065e+00
607	5.368052e-01	7.107339e-01	1.073278e+00
608	4.418677e-01	4.364714e-01	2.799707e+00
609	4.342889e-01	4.226634e-01	2.010259e+00
610	4.600285e-01	5.215198e-01	1.700537e+00
611	4.863412e-01	5.203181e-01	1.339033e+00
612	4.123112e-01	4.755549e-01	2.227162e+00
613	6.379535e-01	8.885920e-01	2.482169e+00
614	4.609292e-01	5.255630e-01	2.958964e+00
615	4.966282e-01	5.308759e-01	1.443576e+00
616	3.900396e-01	6.000528e-01	2.381534e+00
617	5.067331e-01	6.139507e-01	1.971177e+00
618	4.849422e-01	5.188754e-01	2.960918e+00
619	5.818909e-01	9.247070e-01	1.812897e+00
620	5.502389e-01	4.522863e-01	1.170982e+00
621	5.686184e-01	4.817144e-01	1.277479e+00
622	5.525838e-01	4.522016e-01	1.176844e+00
623	4.309292e-01	4.889270e-01	1.636053e+00
624	4.233672e-01	3.720317e-01	2.336590e+00
625	4.331247e-01	5.581519e-01	1.343918e+00
626	4.591412e-01	5.241748e-01	1.905716e+00
627	4.634853e-01	5.045965e-01	1.784563e+00
628	4.726627e-01	5.020356e-01	2.063996e+00
629	4.668113e-01	5.017404e-01	2.497802e+00
630	4.192773e-01	5.634767e-01	2.870054e+00
631	4.880573e-01	5.205207e-01	1.729849e+00
632	5.757655e-01	6.019895e-01	2.290669e+00
633	4.669408e-01	5.042567e-01	2.841720e+00
634	4.734437e-01	5.087943e-01	2.195896e+00
635	4.725633e-01	4.658379e-01	1.601856e+00
636	4.143916e-01	4.594806e-01	2.449927e+00
637	4.425152e-01	4.802531e-01	1.462140e+00
638	4.663042e-01	5.086982e-01	2.041524e+00
639	4.657243e-01	5.072699e-01	2.061065e+00
640	4.317682e-01	3.044174e-01	2.130435e+00
641	6.644207e-01	7.235738e-01	2.205667e+00
642	4.801347e-01	5.217409e-01	2.184172e+00
643	4.277056e-01	5.170390e-01	2.747924e+00
644	4.339058e-01	7.499255e-01	2.909135e+00
645	4.555577e-01	5.026452e-01	2.777235e+00
646	4.767360e-01	5.633782e-01	1.295066e+00
647	5.369178e-01	5.157602e-01	1.050806e+00
648	4.291305e-01	7.217186e-01	1.191500e+00
649	4.664394e-01	5.181230e-01	1.198339e+00
650	4.843802e-01	5.010525e-01	2.656082e+00
651	4.562703e-01	5.417462e-01	1.692721e+00
652	5.216220e-01	5.271050e-01	2.330728e+00
653	4.589880e-01	4.991664e-01	1.906693e+00
654	4.347627e-01	5.046018e-01	2.192965e+00
655	3.794174e-01	4.637450e-01	1.200293e+00
656	4.858952e-01	5.077240e-01	2.361016e+00
657	4.155480e-01	3.334993e-01	2.080606e+00
658	4.796255e-01	5.028438e-01	2.017098e+00
659	4.673608e-01	4.565590e-01	2.191011e+00
660	4.903806e-01	3.012389e-01	1.667318e+00
661	4.038517e-01	3.375056e-01	2.229116e+00
662	4.500518e-01	5.678355e-01	1.188569e+00
663	4.627393e-01	5.243409e-01	2.714704e+00
664	4.348602e-01	4.308941e-01	1.979971e+00
665	4.575617e-01	4.375826e-01	2.954079e+00
666	8.676818e-01	7.615668e-01	1.803127e+00
667	4.687982e-01	4.891070e-01	1.039082e+00
668	7.106876e-01	8.438346e-01	1.893014e+00
669	5.093830e-01	6.500647e-01	1.778701e+00
670	2.731763e-01	1.352899e-01	1.807035e+00
671	5.067842e-01	5.448726e-01	1.102589e+00
672	5.329812e-01	1.872003e-01	1.879336e+00
673	4.228035e-01	5.410844e-01	1.984856e+00
674	4.656404e-01	5.062413e-01	2.238886e+00
675	4.518187e-01	4.705455e-01	2.868100e+00
676	4.669969e-01	5.049262e-01	2.748901e+00
677	5.874257e-01	5.800692e-01	1.578407e+00
678	4.859909e-01	5.200598e-01	1.621397e+00
679	4.667163e-01	5.056545e-01	2.657059e+00
680	4.388946e-01	4.896714e-01	2.404983e+00
681	4.242548e-01	4.950199e-01	2.272106e+00
682	4.235019e-01	4.092853e-01	1.463117e+00
683	4.874755e-01	5.213973e-01	2.316072e+00
684	4.732873e-01	5.112143e-01	2.334636e+00
685	3.955037e-01	5.778312e-01	1.365413e+00
686	4.576521e-01	6.975835e-01	2.105032e+00
687	4.891315e-01	5.295292e-01	1.339033e+00
688	4.790844e-01	5.211451e-01	2.932584e+00
689	4.604144e-01	5.094613e-01	2.378603e+00
690	4.721969e-01	5.082785e-01	1.833415e+00
691	5.111166e-01	4.040291e-01	1.663410e+00
692	4.446518e-01	5.195743e-01	2.251588e+00
693	3.851061e-01	6.735213e-01	1.766976e+00
694	4.553152e-01	5.377550e-01	1.575476e+00
695	7.134400e-01	5.818205e-01	2.771373e+00
696	4.627239e-01	4.995244e-01	2.787005e+00
697	4.586730e-01	5.148686e-01	1.959453e+00
698	4.525585e-01	4.651521e-01	2.187103e+00
699	4.672694e-01	5.086241e-01	2.430386e+00
700	5.262994e-01	5.856158e-01	2.679531e+00
701	4.224500e-01	4.471854e-01	2.191988e+00
702	5.640380e-01	5.773614e-01	2.945286e+00
703	4.666597e-01	4.991446e-01	2.793845e+00
704	4.655927e-01	5.376466e-01	2.132389e+00
705	4.342326e-01	3.268268e-01	1.627259e+00
706	4.672827e-01	4.904453e-01	1.623351e+00
707	4.906316e-01	5.074164e-01	2.772350e+00
708	4.663614e-01	5.005285e-01	1.552027e+00
709	3.857961e-01	6.102147e-01	1.180752e+00
710	4.224319e-01	4.747523e-01	1.632145e+00
711	5.165998e-01	9.365008e-01	1.680997e+00
712	5.061305e-01	5.342381e-01	2.828041e+00
713	6.209954e-01	5.854382e-01	1.703468e+00
714	6.345503e-01	4.210983e-01	1.471910e+00
715	4.896161e-01	5.227241e-01	2.368832e+00
716	4.831986e-01	5.086631e-01	1.961407e+00
717	4.678104e-01	5.044282e-01	1.756229e+00
718	4.432765e-01	5.096209e-01	2.987298e+00
719	4.598391e-01	5.091060e-01	2.332682e+00
720	4.758732e-01	5.285531e-01	1.097704e+00
721	4.671568e-01	4.567531e-01	1.954568e+00
722	4.651082e-01	5.070791e-01	1.704446e+00
723	4.655518e-01	5.064589e-01	1.853933e+00
724	5.054958e-01	5.663844e-01	2.829995e+00
725	4.887514e-01	5.262225e-01	2.232047e+00
726	4.041770e-01	4.354810e-01	2.587689e+00
727	6.104691e-01	3.911726e-01	2.698095e+00
728	7.644132e-01	9.571273e-01	1.896922e+00
729	4.326912e-01	3.831875e-01	1.212995e+00
730	5.172872e-01	3.495278e-01	1.502198e+00
731	4.656366e-01	5.063142e-01	2.614069e+00
732	5.091433e-01	6.451539e-01	2.880801e+00
733	4.726281e-01	5.288917e-01	1.956522e+00
734	3.563739e-01	3.969699e-01	2.745970e+00
735	3.068473e-01	2.534949e-01	1.179775e+00
736	4.124028e-01	4.213491e-01	1.935027e+00
737	4.552576e-01	5.318748e-01	1.975085e+00
738	4.566605e-01	4.893710e-01	1.067416e+00
739	4.407461e-01	5.449186e-01	2.024915e+00
740	4.641569e-01	4.051736e-01	2.810454e+00
741	4.298535e-01	4.869392e-01	2.428432e+00
742	4.328231e-01	5.125935e-01	1.957499e+00
743	4.886616e-01	5.764627e-01	2.306302e+00
744	4.550395e-01	4.957161e-01	2.557401e+00
745	4.523836e-01	4.948922e-01	1.243283e+00
746	4.592502e-01	4.554527e-01	2.429409e+00
747	4.814085e-01	5.016461e-01	2.523205e+00
748	5.494517e-01	6.375058e-01	2.842697e+00
749	4.664112e-01	5.104639e-01	2.247680e+00
750	4.894444e-01	5.380400e-01	2.000489e+00
751	4.722819e-01	4.800491e-01	2.446019e+00
752	4.670693e-01	5.064054e-01	2.360039e+00
753	4.204196e-01	4.481529e-01	2.567171e+00
754	4.874269e-01	5.355524e-01	2.415730e+00
755	4.953551e-01	4.953724e-01	1.989741e+00
756	4.646375e-01	5.058083e-01	2.908158e+00
757	5.679479e-01	6.424272e-01	2.731314e+00
758	4.716539e-01	5.078029e-01	2.544700e+00
759	4.671241e-01	5.079198e-01	2.890572e+00
760	4.689645e-01	5.089433e-01	1.654617e+00
761	4.695449e-01	5.013803e-01	1.008793e+00
762	4.525839e-01	4.945139e-01	1.260870e+00
763	4.578285e-01	5.775361e-01	1.347826e+00
764	4.771743e-01	5.064041e-01	1.325354e+00
765	4.660350e-01	4.972564e-01	1.420127e+00
766	3.954054e-01	3.347612e-01	2.845628e+00
767	4.770846e-01	5.386843e-01	1.853933e+00
768	4.624169e-01	4.963190e-01	1.303859e+00
769	4.182891e-01	4.544576e-01	1.294089e+00
770	8.823038e-01	1.081337e-01	1.675134e+00
771	5.200011e-01	4.535856e-01	2.417684e+00
772	4.761850e-01	5.021589e-01	2.053249e+00
773	4.853232e-01	5.179252e-01	1.276502e+00
774	6.085743e-01	5.644420e-01	2.779189e+00
775	3.177721e-01	8.419913e-01	1.984856e+00
776	2.551848e-01	5.483182e-01	2.295554e+00
777	4.606424e-01	5.007555e-01	1.652662e+00
778	4.693215e-01	5.117077e-01	2.464582e+00
779	4.701746e-01	5.089026e-01	1.763068e+00
780	4.314049e-01	4.869482e-01	2.026869e+00
781	4.948733e-01	5.822240e-01	1.160234e+00
782	5.901416e-01	3.849130e-01	2.302394e+00
783	4.572443e-01	4.734347e-01	1.384954e+00
784	4.742149e-01	5.767842e-01	2.598437e+00
785	5.100121e-01	4.747600e-01	2.130435e+00
786	4.768840e-01	5.084245e-01	1.690767e+00
787	4.942934e-01	4.866139e-01	1.940889e+00
788	4.852827e-01	5.218151e-01	2.099170e+00
