768
0	9.837992e-02	2.100119e-01	1.398632e+00
1	5.712612e-01	5.509187e-01	1.108451e+00
2	4.819509e-01	4.436655e-01	2.925745e+00
3	4.427920e-01	4.607051e-01	2.732291e+00
4	3.157753e-01	3.693169e-01	1.257938e+00
5	5.020133e-01	5.339484e-01	2.424524e+00
6	8.138497e-01	9.622161e-01	1.383000e+00
7	4.923822e-01	5.539912e-01	2.705911e+00
8	4.832003e-01	5.608771e-01	2.442110e+00
9	4.697719e-01	5.201626e-01	2.233024e+00
10	5.244357e-01	5.583772e-01	2.376649e+00
11	4.663649e-01	5.160307e-01	1.556913e+00
12	3.893285e-01	3.873382e-01	2.950171e+00
13	4.619426e-01	4.086269e-01	1.066439e+00
14	4.718550e-01	5.189099e-01	1.626282e+00
15	4.654556e-01	7.802506e-01	1.306790e+00
16	4.711668e-01	5.194565e-01	2.902296e+00
17	5.280044e-01	3.946953e-01	1.195408e+00
18	4.518321e-01	5.281654e-01	1.785540e+00
19	4.927395e-01	5.475472e-01	1.248168e+00
20	4.434949e-01	5.387074e-01	1.863703e+00
21	5.048035e-01	5.677872e-01	2.671715e+00
22	4.769161e-01	5.224587e-01	2.487054e+00
23	4.468387e-01	7.034308e-01	1.946751e+00
24	5.020582e-01	4.210186e-01	1.303859e+00
25	7.368843e-01	7.137564e-01	2.152907e+00
26	4.745605e-01	5.126798e-01	1.388862e+00
27	4.635583e-01	5.231617e-01	1.591109e+00
28	4.733206e-01	6.132310e-01	2.205667e+00
29	4.595727e-01	4.778985e-01	2.181241e+00
30	5.314459e-01	6.541211e-01	1.475818e+00
31	5.010217e-01	4.288157e-01	2.309233e+00
32	4.333451e-01	5.001150e-01	2.073766e+00
33	6.389885e-01	7.139977e-01	2.331705e+00
34	4.654243e-01	5.410919e-01	1.126038e+00
35	4.883247e-01	5.539760e-01	2.235955e+00
36	1.703818e-01	5.502643e-01	2.805569e+00
37	5.618070e-01	6.218510e-01	2.555447e+00
38	4.843024e-01	5.357875e-01	2.559355e+00
39	4.698999e-01	5.040819e-01	1.895945e+00
40	3.990566e-01	4.770439e-01	1.282364e+00
41	5.714714e-01	6.089139e-01	2.750855e+00
42	4.778589e-01	5.230386e-01	2.412799e+00
43	4.620909e-01	5.087926e-01	2.557401e+00
44	4.834995e-01	3.630852e-01	1.648754e+00
45	5.063188e-01	4.706767e-01	1.721055e+00
46	4.739659e-01	4.982546e-01	2.588666e+00
47	4.774095e-01	5.243764e-01	1.525647e+00
48	4.701360e-01	5.262978e-01	2.751832e+00
49	5.001115e-01	7.200027e-01	2.625794e+00
50	4.747968e-01	5.749481e-01	1.663410e+00
51	4.653913e-01	5.116860e-01	2.560332e+00
52	4.728826e-01	5.480915e-01	1.696629e+00
53	4.671679e-01	5.172001e-01	1.506106e+00
54	4.702085e-01	5.077232e-01	2.675623e+00
55	4.767204e-01	5.224277e-01	2.497802e+00
56	5.757392e-01	6.727470e-01	1.031265e+00
57	4.480102e-01	6.255514e-01	2.361993e+00
58	4.788869e-01	4.620387e-01	1.866634e+00
60	7.416130e-01	7.532292e-01	1.503175e+00
61	4.755046e-01	5.470528e-01	2.449927e+00
62	4.508560e-01	4.883671e-01	2.831949e+00
63	4.780949e-01	5.192762e-01	2.317049e+00
64	5.095113e-01	5.424880e-01	2.353200e+00
65	4.711558e-01	5.162604e-01	2.575965e+00
66	5.131108e-01	4.062453e-01	2.922814e+00
67	5.445972e-01	6.334839e-01	2.289692e+00
68	4.260993e-01	4.148559e-01	2.766488e+00
69	5.895244e-01	5.391084e-01	1.522716e+00
70	4.799473e-01	4.815569e-01	2.769419e+00
71	4.654828e-01	4.972875e-01	1.110405e+00
72	4.123369e-01	4.821440e-01	1.412311e+00
73	5.113581e-01	6.879326e-01	1.951637e+00
74	4.262774e-01	7.228671e-01	1.449438e+00
75	5.598554e-01	6.272616e-01	2.176356e+00
76	4.423894e-01	4.240240e-01	1.212995e+00
77	4.427260e-01	5.079838e-01	1.872496e+00
78	4.774391e-01	5.351494e-01	1.606742e+00
79	4.642960e-01	3.509322e-01	1.183683e+00
80	4.612194e-01	4.278528e-01	2.736199e+00
81	4.703051e-01	5.189250e-01	1.617489e+00
82	4.994294e-01	5.551622e-01	2.456766e+00
83	5.550274e-01	6.335979e-01	1.406448e+00
84	3.385145e-01	4.619735e-01	2.453835e+00
85	4.697590e-01	5.161738e-01	2.712750e+00
86	4.688386e-01	5.151290e-01	2.877870e+00
87	4.874979e-01	3.558661e-01	1.533464e+00
88	4.650902e-01	3.817093e-01	2.169516e+00
89	3.229672e-01	4.121509e-01	2.483146e+00
90	3.869526e-01	4.406504e-01	1.538349e+00
91	4.361087e-01	5.171522e-01	1.117245e+00
92	4.839760e-01	5.397480e-01	2.709819e+00
93	4.517057e-01	5.495715e-01	2.929653e+00
94	4.573762e-01	3.801347e-01	2.125550e+00
95	4.280816e-01	5.704117e-01	2.148999e+00
96	4.666429e-01	4.872992e-01	1.206155e+00
98	4.648013e-01	5.060203e-01	1.997557e+00
99	5.647077e-01	5.383777e-01	1.753298e+00
100	4.489016e-01	5.056982e-01	1.491451e+00
101	4.744384e-01	5.173389e-01	2.381534e+00
102	4.882780e-01	5.806700e-01	1.837323e+00
103	5.171461e-01	3.781909e-01	2.723498e+00
104	4.757954e-01	2.957534e-01	1.216903e+00
105	4.554999e-01	5.008894e-01	1.385931e+00
107	4.916746e-01	5.275127e-01	1.887152e+00
108	3.925509e-01	6.458777e-01	1.869565e+00
109	3.675040e-01	5.554426e-01	2.657059e+00
110	5.059252e-01	5.510051e-01	1.905716e+00
111	4.837132e-01	5.041311e-01	2.319980e+00
113	5.409988e-01	3.801027e-01	1.155349e+00
114	4.747049e-01	5.401176e-01	1.261847e+00
115	4.862967e-01	5.465060e-01	1.308745e+00
116	6.334053e-01	2.518207e-01	1.148510e+00
117	5.124781e-01	5.766642e-01	1.865657e+00
118	4.664471e-01	4.890160e-01	2.988276e+00
119	4.457208e-01	5.671411e-01	1.479726e+00
120	5.035169e-01	5.613119e-01	2.095261e+00
121	5.450182e-01	6.175154e-01	2.442110e+00
122	6.382463e-01	5.932491e-01	1.070347e+00
123	4.593008e-01	4.673357e-01	1.417196e+00
124	4.702611e-01	5.231034e-01	2.817294e+00
126	4.886113e-01	5.193967e-01	2.738153e+00
127	4.490116e-01	4.099282e-01	2.338544e+00
128	5.662718e-01	7.012861e-01	1.282364e+00
129	4.810773e-01	5.139051e-01	2.676600e+00
130	5.599389e-01	6.997451e-01	2.443087e+00
132	4.423407e-01	4.059665e-01	1.220811e+00
133	2.960914e-01	6.454041e-01	2.407914e+00
134	4.690987e-01	5.668475e-01	2.277968e+00
135	4.550541e-01	5.287091e-01	2.409868e+00
136	4.709690e-01	4.924300e-01	2.083537e+00
137	5.287273e-01	5.120950e-01	2.286761e+00
138	6.970614e-01	2.562536e-01	1.194431e+00
139	4.517158e-01	5.116517e-01	2.818271e+00
140	4.910490e-01	4.644691e-01	2.827064e+00
141	4.499025e-01	5.211604e-01	1.684905e+00
142	4.766071e-01	5.268759e-01	1.999511e+00
143	4.721505e-01	5.296674e-01	1.956522e+00
144	4.216324e-01	5.638958e-01	2.323889e+00
145	4.958131e-01	4.967731e-01	2.501710e+00
146	3.289399e-01	3.757942e-01	2.395213e+00
147	3.741004e-01	5.684040e-01	2.719590e+00
148	4.719439e-01	5.193759e-01	2.937469e+00
149	5.077990e-01	5.701640e-01	2.803615e+00
150	4.779642e-01	6.419789e-01	1.794333e+00
151	4.612306e-01	5.231281e-01	2.611138e+00
152	5.078260e-01	5.891532e-01	1.724963e+00
153	4.722666e-01	4.816801e-01	1.983879e+00
154	4.735823e-01	5.176435e-01	2.181241e+00
155	5.152007e-01	6.346986e-01	1.295066e+00
156	5.124840e-01	5.912319e-01	1.970200e+00
157	4.605417e-01	5.133742e-01	2.387396e+00
158	5.222602e-01	6.114496e-01	2.386419e+00
159	5.709067e-01	4.706176e-01	2.647289e+00
160	4.557257e-01	5.010330e-01	1.686859e+00
161	4.938442e-01	5.369996e-01	1.553981e+00
162	4.103062e-01	3.963959e-01	1.764045e+00
163	3.336604e-01	3.020364e-01	1.632145e+00
164	4.710928e-01	5.219313e-01	1.235467e+00
165	4.718995e-01	5.260495e-01	2.251588e+00
166	4.561022e-01	5.161144e-01	1.751343e+00
167	4.771272e-01	4.995770e-01	1.715193e+00
168	4.734721e-01	5.206469e-01	2.109917e+00
169	4.713289e-01	5.563814e-01	2.137274e+00
170	6.075694e-01	4.838240e-01	2.099170e+00
171	4.347782e-01	3.986714e-01	2.057157e+00
172	5.056755e-01	4.744580e-01	2.246702e+00
173	4.894505e-01	5.165218e-01	1.894968e+00
174	3.813988e-01	5.001531e-01	2.453835e+00
175	4.269656e-01	4.884882e-01	2.834880e+00
176	4.352921e-01	6.530992e-01	2.215437e+00
177	4.625815e-01	5.215516e-01	2.153884e+00
178	4.784004e-01	5.139628e-01	2.475330e+00
179	4.731009e-01	4.114281e-01	1.274548e+00
180	4.374450e-01	4.872293e-01	2.127504e+00
181	4.677541e-01	5.425954e-01	1.790425e+00
182	2.669203e-01	3.653748e-01	1.736688e+00
183	4.856989e-01	4.031206e-01	1.692721e+00
184	4.353028e-01	3.607970e-01	2.042501e+00
185	6.147728e-01	5.279401e-01	1.468979e+00
186	4.925436e-01	5.095136e-01	1.784563e+00
188	4.974394e-01	5.564849e-01	1.839277e+00
189	4.744062e-01	5.223414e-01	1.175867e+00
190	3.612256e-01	5.453666e-01	2.807523e+00
191	4.140987e-01	3.134176e-01	2.811431e+00
192	4.350839e-01	5.974035e-01	1.192477e+00
193	3.978756e-01	5.571876e-01	1.620420e+00
194	3.638353e-01	4.905696e-01	2.624817e+00
195	4.726006e-01	5.214135e-01	2.806546e+00
196	5.430247e-01	6.298453e-01	1.763068e+00
197	4.765086e-01	5.154870e-01	2.060088e+00
198	3.913521e-01	6.163453e-01	2.458720e+00
199	4.712274e-01	5.775663e-01	2.463605e+00
200	6.887369e-01	6.765740e-01	1.141671e+00
201	4.879315e-01	5.138986e-01	1.146556e+00
202	4.617602e-01	4.898968e-01	1.395701e+00
203	4.442877e-01	6.009686e-01	1.755252e+00
204	4.921764e-01	5.384290e-01	2.901319e+00
205	4.003641e-01	3.799759e-01	2.123596e+00
206	4.927338e-01	3.438960e-01	1.652662e+00
207	4.883934e-01	5.459942e-01	1.199316e+00
208	4.960032e-01	5.919319e-01	2.170493e+00
209	4.639565e-01	7.003296e-01	2.733268e+00
210	4.442721e-01	5.954727e-01	1.545188e+00
211	4.573044e-01	5.124207e-01	1.376160e+00
212	4.632329e-01	5.115230e-01	1.621397e+00
213	4.651924e-01	5.280486e-01	1.883244e+00
214	4.600053e-01	5.148373e-01	1.612604e+00
215	4.513559e-01	5.282218e-01	2.909135e+00
216	4.624265e-01	5.039012e-01	1.354665e+00
217	4.531180e-01	5.090918e-01	2.770396e+00
218	5.113808e-01	6.330794e-01	2.148999e+00
219	4.848412e-01	4.728157e-01	2.624817e+00
220	4.984184e-01	4.146678e-01	2.697118e+00
221	4.514818e-01	5.014919e-01	1.938935e+00
222	3.195397e-01	2.430245e-01	1.854910e+00
223	3.576783e-01	4.802878e-01	2.625794e+00
224	4.760939e-01	3.376543e-01	2.984367e+00
225	5.128477e-01	6.023210e-01	2.693210e+00
226	4.751169e-01	5.344858e-01	2.276014e+00
227	4.669811e-01	5.363690e-01	1.245237e+00
228	4.667668e-01	5.209159e-01	1.489497e+00
229	4.627417e-01	5.171143e-01	2.305325e+00
230	4.733060e-01	5.284535e-01	2.689301e+00
231	5.055720e-01	6.112242e-01	1.346849e+00
232	4.736028e-01	5.207753e-01	2.447973e+00
233	4.749760e-01	5.337263e-01	1.591109e+00
234	4.290533e-01	4.694808e-01	1.931119e+00
235	4.855753e-01	5.146425e-01	2.687347e+00
236	4.715502e-01	5.198441e-01	2.787982e+00
237	4.669122e-01	4.987734e-01	1.510015e+00
238	4.654597e-01	5.302595e-01	2.193942e+00
239	4.155832e-01	4.534413e-01	2.918906e+00
240	5.069144e-01	5.872035e-01	1.734734e+00
241	4.784170e-01	5.440240e-01	1.119199e+00
242	4.847086e-01	4.777347e-01	1.631168e+00
243	4.372961e-01	4.688665e-01	1.258915e+00
244	4.776699e-01	5.908207e-01	2.458720e+00
245	4.398504e-01	3.947028e-01	2.134343e+00
246	4.627512e-01	5.180018e-01	2.662921e+00
247	4.839472e-01	4.802450e-01	2.924768e+00
248	4.342592e-01	4.433063e-01	2.983390e+00
250	7.750705e-01	7.605753e-01	2.763556e+00
251	5.956614e-01	5.564921e-01	2.374695e+00
252	5.385134e-01	5.752124e-01	1.703468e+00
253	5.587683e-01	6.239480e-01	1.246214e+00
254	4.027986e-01	4.092277e-01	2.925745e+00
255	4.504440e-01	5.040572e-01	1.857841e+00
256	4.698144e-01	5.023870e-01	2.601368e+00
257	4.832888e-01	5.460051e-01	2.413776e+00
258	4.851354e-01	5.350100e-01	2.569126e+00
259	4.269635e-01	4.535663e-01	1.865657e+00
260	4.729277e-01	5.167096e-01	2.574988e+00
261	4.709732e-01	5.449185e-01	1.598925e+00
262	4.388115e-01	3.519908e-01	2.264289e+00
263	3.305221e-01	5.523018e-01	1.176844e+00
264	4.522768e-01	3.866989e-01	1.061553e+00
265	4.630033e-01	4.997731e-01	2.526136e+00
266	5.206234e-01	5.960800e-01	1.928188e+00
267	4.449958e-01	5.415549e-01	2.006351e+00
268	4.676096e-01	5.255108e-01	1.041036e+00
269	1.941734e-01	4.635876e-01	1.793356e+00
270	4.214256e-01	3.915591e-01	1.860772e+00
271	3.686449e-01	6.147662e-01	1.389839e+00
272	4.756584e-01	5.227096e-01	1.052760e+00
273	5.384366e-01	6.741405e-01	1.156326e+00
274	6.118129e-01	7.064592e-01	1.981925e+00
275	2.532637e-01	3.503807e-01	2.256473e+00
276	4.682967e-01	4.939453e-01	2.368832e+00
277	4.795457e-01	4.929359e-01	2.024915e+00
279	4.014462e-01	4.713954e-01	1.348803e+00
280	4.626820e-01	5.949853e-01	2.472399e+00
281	4.461643e-01	7.316090e-01	2.288715e+00
282	4.340651e-01	4.613072e-01	2.745970e+00
283	4.203496e-01	4.493989e-01	2.490962e+00
284	6.378075e-01	7.148817e-01	2.515388e+00
285	1.330419e-01	4.171237e-01	1.545188e+00
286	4.789779e-01	5.029840e-01	2.662921e+00
287	5.090010e-01	5.609859e-01	2.264289e+00
288	5.002176e-01	5.622242e-01	2.905227e+00
289	4.324329e-01	3.664916e-01	1.058622e+00
290	3.902302e-01	4.440997e-01	2.152907e+00
291	8.123226e-01	9.592270e-01	2.784074e+00
292	4.650140e-01	5.141623e-01	2.445042e+00
293	4.758225e-01	4.393390e-01	2.852467e+00
294	4.530437e-01	5.242134e-01	2.070835e+00
295	4.370484e-01	4.904098e-01	1.406448e+00
296	6.114947e-01	8.233425e-01	1.751343e+00
297	4.070064e-01	4.649108e-01	2.077675e+00
298	5.247027e-01	3.374427e-01	1.601856e+00
299	4.764703e-01	5.082863e-01	2.048363e+00
300	4.131903e-01	4.627309e-01	2.781143e+00
301	4.691967e-01	5.196021e-01	2.779189e+00
302	4.504074e-01	4.739974e-01	2.617978e+00
303	3.576668e-01	4.223441e-01	1.698583e+00
304	5.492115e-01	5.823784e-01	1.948705e+00
305	4.901493e-01	5.406731e-01	1.416219e+00
306	8.558912e-01	2.278000e-01	1.745481e+00
307	4.669627e-01	5.104568e-01	2.291646e+00
308	4.700955e-01	5.167493e-01	1.868588e+00
309	5.122330e-01	4.154084e-01	2.511480e+00
310	4.525086e-01	4.738559e-01	2.596483e+00
311	4.249186e-01	3.809328e-01	2.855398e+00
312	4.910913e-01	6.057709e-01	1.312653e+00
313	5.315478e-01	5.935415e-01	1.787494e+00
314	4.717109e-01	5.226211e-01	2.252565e+00
315	3.791888e-01	4.417137e-01	1.978017e+00
316	5.435944e-01	5.375574e-01	2.965804e+00
317	4.676869e-01	4.975150e-01	2.221299e+00
318	4.246811e-01	5.268770e-01	1.701514e+00
319	3.871711e-01	4.392123e-01	1.135809e+00
320	4.775633e-01	4.991844e-01	2.997069e+00
322	4.486063e-01	5.864480e-01	2.362970e+00
323	4.540843e-01	5.109139e-01	2.553493e+00
324	5.007518e-01	5.519491e-01	1.347826e+00
325	2.852957e-01	3.094713e-01	2.896434e+00
326	4.670505e-01	5.172627e-01	1.857841e+00
327	4.692268e-01	5.488126e-01	1.669272e+00
328	4.747717e-01	4.911436e-01	1.726917e+00
329	5.041728e-01	5.815780e-01	2.604299e+00
330	4.370948e-01	4.257428e-01	2.089399e+00
331	4.297981e-01	5.425895e-01	1.552027e+00
332	4.479800e-01	4.624895e-01	1.769907e+00
333	4.567708e-01	4.683897e-01	1.382022e+00
334	2.265234e-01	3.136511e-01	2.510503e+00
335	5.120395e-01	4.760985e-01	1.640938e+00
336	4.667758e-01	5.190482e-01	2.933561e+00
337	4.947194e-01	4.382852e-01	1.033219e+00
338	5.435758e-01	5.669433e-01	1.408403e+00
339	4.637503e-01	5.061430e-01	2.767465e+00
340	4.779855e-01	5.131489e-01	1.526624e+00
341	4.690852e-01	4.600523e-01	1.456277e+00
342	4.713660e-01	4.984257e-01	1.054714e+00
343	4.105583e-01	4.849737e-01	2.601368e+00
344	2.884939e-01	3.669559e-01	2.193942e+00
346	4.865730e-01	5.436813e-01	1.564729e+00
347	4.570046e-01	5.351829e-01	1.679043e+00
348	4.538162e-01	3.911645e-01	2.034685e+00
349	4.506573e-01	4.951680e-01	2.564240e+00
350	5.600051e-01	6.034665e-01	2.311187e+00
351	5.051477e-01	3.725920e-01	1.297997e+00
352	4.660442e-01	4.966513e-01	2.873962e+00
353	4.064620e-01	4.642469e-01	2.202736e+00
354	4.696731e-01	5.183818e-01	2.653151e+00
355	3.063997e-01	6.288452e-01	2.461651e+00
356	4.682873e-01	4.933218e-01	1.679043e+00
357	5.509886e-01	5.564930e-01	2.991207e+00
358	5.142014e-01	6.349024e-01	2.857352e+00
359	5.217361e-01	6.040380e-01	1.913532e+00
360	4.475108e-01	6.316860e-01	1.216903e+00
361	4.410564e-01	2.966655e-01	1.214949e+00
362	5.367635e-01	4.852367e-01	1.005862e+00
363	4.381997e-01	4.725714e-01	2.227162e+00
364	4.576041e-01	5.011656e-01	1.723009e+00
366	4.646801e-01	5.788747e-01	1.692721e+00
367	4.635849e-01	5.022220e-01	1.154372e+00
368	4.891288e-01	5.428117e-01	1.851001e+00
369	4.706010e-01	5.158238e-01	2.418661e+00
370	5.401710e-01	5.207841e-01	1.874450e+00
371	5.423564e-01	5.333657e-01	1.591109e+00
372	4.988332e-01	5.566099e-01	2.199805e+00
373	4.149714e-01	3.839052e-01	2.208598e+00
374	4.694139e-01	6.155105e-01	1.322423e+00
375	5.395444e-01	6.876287e-01	2.361016e+00
376	5.561345e-01	5.692874e-01	1.815828e+00
377	4.721722e-01	5.167668e-01	1.328285e+00
378	4.809748e-01	5.211644e-01	1.883244e+00
379	5.270706e-01	5.617819e-01	1.599902e+00
380	5.363684e-01	7.238757e-01	2.343429e+00
381	4.879804e-01	5.360418e-01	1.835369e+00
383	5.589984e-01	3.196542e-01	1.698583e+00
384	6.391882e-01	3.786127e-01	2.761602e+00
385	4.196982e-01	8.025766e-01	1.961407e+00
386	5.967614e-01	5.803445e-01	2.449927e+00
387	4.869108e-01	5.358694e-01	2.669761e+00
388	4.148112e-01	4.743851e-01	2.597460e+00
389	4.717769e-01	5.205541e-01	2.960918e+00
390	4.712962e-01	5.406211e-01	1.655594e+00
391	4.396587e-01	4.586898e-01	2.572057e+00
392	4.692524e-01	5.187299e-01	1.234489e+00
393	4.581226e-01	4.937178e-01	1.607719e+00
394	4.709489e-01	5.240176e-01	2.643381e+00
395	4.903135e-01	4.359579e-01	1.233512e+00
397	6.629594e-01	3.701636e-01	1.083048e+00
398	5.057401e-01	2.379367e-01	2.453835e+00
399	5.278040e-01	4.424353e-01	2.169516e+00
400	4.478200e-01	4.562109e-01	1.634099e+00
401	4.267481e-01	5.298526e-01	1.314607e+00
402	4.397012e-01	4.726821e-01	2.292623e+00
403	4.642925e-01	5.238278e-01	1.759160e+00
404	4.063991e-01	4.428965e-01	2.942355e+00
405	4.753782e-01	5.078323e-01	1.358574e+00
406	4.913803e-01	5.909163e-01	1.474841e+00
407	6.375021e-01	6.088997e-01	2.850513e+00
408	4.500618e-01	3.964348e-01	2.543723e+00
409	4.791215e-01	5.310715e-01	1.170005e+00
410	4.381458e-01	5.847476e-01	2.011236e+00
411	5.065891e-01	5.634442e-01	2.982413e+00
412	7.779478e-01	1.981178e-01	1.578407e+00
413	5.949908e-01	6.274515e-01	2.904250e+00
414	4.526697e-01	4.960437e-01	2.948217e+00
415	4.717011e-01	5.130731e-01	1.856864e+00
416	4.901344e-01	5.340933e-01	1.780655e+00
417	4.819340e-01	4.884952e-01	1.223742e+00
418	4.582394e-01	5.162195e-01	2.928676e+00
419	4.725246e-01	5.011602e-01	1.055691e+00
420	4.965509e-01	4.980191e-01	2.823156e+00
421	4.690415e-01	5.201529e-01	2.886663e+00
422	4.661494e-01	5.311695e-01	1.391793e+00
423	5.549130e-01	3.959632e-01	1.467025e+00
424	4.595408e-01	4.782898e-01	1.512946e+00
425	1.898921e-01	4.813426e-01	1.960430e+00
426	1.915779e-01	4.619399e-01	2.254519e+00
427	5.325622e-01	5.897922e-01	2.899365e+00
428	4.633790e-01	5.145492e-01	1.247191e+00
429	4.740432e-01	5.051555e-01	1.802149e+00
430	4.574898e-01	4.894759e-01	1.663410e+00
431	4.899325e-01	3.169671e-01	2.556424e+00
432	1.949345e-02	2.150054e-01	2.947240e+00
433	4.630648e-01	5.214916e-01	2.475330e+00
434	4.623785e-01	5.582543e-01	2.923791e+00
435	5.459903e-01	3.905586e-01	2.906204e+00
437	4.279946e-01	4.721831e-01	2.476307e+00
438	4.418432e-01	4.836448e-01	2.065950e+00
439	4.739723e-01	5.147690e-01	1.983879e+00
440	4.858886e-01	4.400064e-01	1.637030e+00
441	5.572152e-01	3.187904e-01	1.338056e+00
442	5.099714e-01	4.115937e-01	2.406937e+00
443	4.025731e-01	4.048819e-01	1.422081e+00
444	4.437124e-01	4.471395e-01	2.956033e+00
445	4.884136e-01	5.204830e-01	2.601368e+00
446	2.792618e-01	3.894108e-01	1.846116e+00
447	4.794876e-01	5.420376e-01	1.264778e+00
448	4.497343e-01	4.665485e-01	1.119199e+00
449	5.345075e-01	5.943369e-01	1.956522e+00
450	5.806239e-01	3.468757e-01	2.971666e+00
451	4.777544e-01	5.175133e-01	2.149976e+00
452	5.139428e-01	4.344735e-01	1.574499e+00
453	4.143281e-01	2.661747e-01	1.775769e+00
455	4.876442e-01	5.630968e-01	2.984367e+00
456	4.762961e-01	5.348514e-01	1.577430e+00
457	4.382761e-01	4.545003e-01	2.955056e+00
458	4.947654e-01	4.977400e-01	2.865169e+00
459	3.944223e-01	3.384105e-01	1.672203e+00
461	3.755139e-01	8.084256e-01	2.513434e+00
462	4.670246e-01	4.990382e-01	1.853933e+00
463	5.179736e-01	5.535617e-01	2.858329e+00
464	5.389127e-01	6.437403e-01	1.574499e+00
465	4.933957e-01	5.743361e-01	1.432829e+00
466	4.677347e-01	5.247364e-01	1.500244e+00
467	3.727246e-01	4.146209e-01	1.323400e+00
468	4.572803e-01	5.282282e-01	2.147044e+00
469	4.910011e-01	5.202353e-01	2.698095e+00
470	4.865703e-01	5.261058e-01	1.364436e+00
471	4.433934e-01	4.841204e-01	2.076698e+00
472	4.713884e-01	5.214473e-01	2.011236e+00
473	5.341250e-01	6.336304e-01	1.215926e+00
474	4.714677e-01	5.332932e-01	2.299463e+00
475	4.176765e-01	4.637678e-01	1.683928e+00
476	4.635707e-01	5.101985e-01	2.081583e+00
477	4.677009e-01	5.269752e-01	2.350269e+00
478	3.867727e-01	6.147282e-01	2.728383e+00
479	4.184746e-01	4.421256e-01	1.194431e+00
480	4.945227e-01	3.284034e-01	2.515388e+00
481	3.879185e-01	2.483821e-01	1.865657e+00
482	4.973071e-01	6.606584e-01	1.802149e+00
483	4.735312e-01	4.887472e-01	1.367367e+00
484	5.488514e-01	5.779179e-01	1.148510e+00
485	4.593762e-01	5.032603e-01	2.427455e+00
486	5.172573e-01	5.405730e-01	2.196873e+00
487	5.402131e-01	5.465989e-01	2.386419e+00
488	5.062413e-01	5.744278e-01	1.294089e+00
489	4.327754e-01	4.217443e-01	1.687836e+00
490	5.327000e-01	4.718257e-01	1.146556e+00
491	5.007531e-01	7.850450e-01	1.597948e+00
492	5.298335e-01	5.018518e-01	2.412799e+00
493	4.348071e-01	3.811111e-01	1.227650e+00
494	5.042362e-01	5.814296e-01	2.522228e+00
495	4.593337e-01	4.876285e-01	1.437714e+00
496	4.730196e-01	5.437385e-01	1.523693e+00
497	4.745465e-01	4.700106e-01	1.221788e+00
498	4.698818e-01	5.173227e-01	1.652662e+00
499	4.592730e-01	4.876746e-01	1.269663e+00
500	4.797135e-01	5.213214e-01	2.967758e+00
501	4.631705e-01	5.176400e-01	2.546654e+00
502	4.728176e-01	1.594144e-01	1.818759e+00
503	4.205064e-01	4.469393e-01	1.919394e+00
504	4.607556e-01	5.315919e-01	2.563263e+00
505	4.525661e-01	3.760407e-01	1.451392e+00
506	4.445780e-01	4.929121e-01	1.718124e+00
507	4.704199e-01	4.996794e-01	1.207132e+00
508	4.598009e-01	5.079613e-01	1.236444e+00
509	4.258666e-01	5.979857e-01	2.622863e+00
510	2.844537e-01	6.377746e-01	2.549585e+00
511	4.878276e-01	5.272529e-01	2.966781e+00
512	5.550630e-01	6.984885e-01	2.395213e+00
513	4.620381e-01	5.182726e-01	1.534441e+00
514	3.042374e-01	3.328654e-01	1.550073e+00
515	4.925369e-01	5.413190e-01	1.610650e+00
516	4.470065e-01	8.146809e-01	1.612604e+00
517	4.527514e-01	5.292512e-01	1.086957e+00
518	5.153301e-01	3.972240e-01	2.282853e+00
519	4.265998e-01	3.789079e-01	1.573522e+00
520	4.564358e-01	5.013441e-01	2.497802e+00
521	4.783445e-01	4.988830e-01	1.752320e+00
523	4.773249e-01	5.106379e-01	1.209086e+00
524	4.725762e-01	5.384507e-01	2.755740e+00
525	5.688966e-01	5.629732e-01	1.499267e+00
526	4.783626e-01	4.944480e-01	1.014656e+00
527	7.103556e-01	7.406424e-01	2.891549e+00
528	4.653923e-01	4.897123e-01	2.478261e+00
529	4.253869e-01	4.105339e-01	1.898876e+00
530	4.490580e-01	5.355865e-01	1.188569e+00
531	5.073258e-01	5.379734e-01	2.785051e+00
532	4.737498e-01	5.171880e-01	2.945286e+00
533	5.218897e-01	5.542090e-01	2.458720e+00
534	6.114298e-01	5.461701e-01	2.673669e+00
535	4.589472e-01	5.225622e-01	1.399609e+00
536	4.670903e-01	4.654420e-01	2.604299e+00
537	4.688070e-01	5.197173e-01	1.529555e+00
538	4.697461e-01	5.142291e-01	2.823156e+00
539	4.875049e-01	5.742450e-01	2.826087e+00
540	4.958585e-01	5.396497e-01	2.844651e+00
541	5.515817e-01	5.195497e-01	2.290669e+00
542	4.911674e-01	4.839685e-01	2.570103e+00
543	4.864960e-01	5.129902e-01	2.396190e+00
544	4.239985e-01	5.567007e-01	1.318515e+00
545	5.140456e-01	5.865264e-01	2.605276e+00
546	3.189450e-01	3.824230e-01	2.683439e+00
547	6.567137e-01	5.999043e-01	1.587201e+00
548	4.865785e-01	6.837197e-01	1.375183e+00
549	4.472032e-01	4.974331e-01	2.298486e+00
550	5.305801e-01	6.017914e-01	1.285296e+00
551	4.719482e-01	5.205762e-01	2.983390e+00
552	3.766124e-01	7.028474e-01	1.195408e+00
553	4.768759e-01	5.037249e-01	2.414753e+00
554	3.449663e-01	6.556697e-01	1.843185e+00
555	4.708309e-01	4.874870e-01	2.396190e+00
556	4.203420e-01	4.176556e-01	3.000000e+00
557	4.623170e-01	5.249055e-01	2.728383e+00
559	4.693404e-01	5.162501e-01	1.944797e+00
560	4.047805e-01	7.410230e-01	2.883732e+00
561	5.302395e-01	5.931298e-01	2.383488e+00
562	5.489167e-01	4.998625e-01	2.506595e+00
563	4.702730e-01	4.863239e-01	1.786517e+00
564	4.857538e-01	5.049321e-01	2.893503e+00
565	4.842087e-01	5.290644e-01	2.981436e+00
566	4.843309e-01	5.631303e-01	2.663898e+00
567	4.479150e-01	4.881533e-01	2.227162e+00
568	4.384354e-01	5.208135e-01	1.527601e+00
569	5.335846e-01	6.264051e-01	2.610161e+00
570	7.793444e-01	3.816816e-01	1.058622e+00
571	4.428702e-01	4.585196e-01	2.782120e+00
573	4.596506e-01	5.239377e-01	2.109917e+00
574	4.777804e-01	5.580880e-01	2.074744e+00
575	4.917374e-01	5.210151e-01	2.319003e+00
576	5.218643e-01	5.143468e-01	1.290181e+00
577	4.278949e-01	5.125126e-01	1.286273e+00
578	4.832395e-01	5.819436e-01	1.881290e+00
579	4.651145e-01	4.982017e-01	1.664387e+00
580	2.417686e-01	2.619207e-01	1.242306e+00
581	4.970653e-01	5.298166e-01	1.927211e+00
582	4.669671e-01	5.201205e-01	2.820225e+00
583	4.783229e-01	6.760991e-01	2.792868e+00
584	5.612375e-01	4.691408e-01	1.201270e+00
585	5.314290e-01	5.726757e-01	1.898876e+00
586	4.637097e-01	5.206906e-01	1.782609e+00
587	4.568749e-01	5.040317e-01	1.561798e+00
588	4.749034e-01	5.198833e-01	2.282853e+00
589	4.710279e-01	4.993226e-01	2.210552e+00
590	5.200036e-01	5.512647e-01	1.020518e+00
591	4.469300e-01	4.628052e-01	1.784563e+00
592	4.760295e-01	5.169175e-01	1.275525e+00
593	5.015136e-01	5.163299e-01	1.212995e+00
594	3.906528e-01	5.026330e-01	2.964827e+00
595	4.906261e-01	5.369598e-01	2.079629e+00
596	4.716052e-01	4.058366e-01	1.187592e+00
597	4.730362e-01	4.681324e-01	1.258915e+00
598	5.218258e-01	5.391249e-01	1.999511e+00
599	4.753298e-01	5.274413e-01	1.264778e+00
600	4.768492e-01	5.375705e-01	1.110405e+00
601	5.244090e-01	7.019184e-01	1.107474e+00
602	5.119481e-01	4.217889e-01	1.070347e+00
603	4.738083e-01	5.282787e-01	2.400098e+00
604	4.596614e-01	4.898824e-01	2.871031e+00
605	4.723011e-01	5.155606e-01	2.739130e+00
606	4.579415e-01	4.852515e-01	2.061065e+00
607	2.188494e-01	3.924895e-01	1.073278e+00
608	4.992271e-01	5.594323e-01	2.799707e+00
609	4.885286e-01	6.191751e-01	2.010259e+00
610	5.209188e-01	4.891108e-01	1.700537e+00
611	4.701262e-01	5.002727e-01	1.339033e+00
612	4.479134e-01	5.227738e-01	2.227162e+00
613	6.219469e-01	2.877063e-01	2.482169e+00
614	4.952580e-01	5.101632e-01	2.958964e+00
615	3.623212e-01	5.552997e-01	1.443576e+00
616	5.199534e-01	5.101947e-01	2.381534e+00
617	5.495342e-01	5.960147e-01	1.971177e+00
618	4.714261e-01	4.964455e-01	2.960918e+00
619	5.148974e-01	6.435389e-01	1.812897e+00
620	5.602157e-01	4.593351e-01	1.170982e+00
621	4.847294e-01	3.933957e-01	1.277479e+00
622	5.532737e-01	5.657948e-01	1.176844e+00
623	4.368624e-01	4.930165e-01	1.636053e+00
624	4.918399e-01	4.489210e-01	2.336590e+00
625	4.880666e-01	5.334924e-01	1.343918e+00
626	4.427925e-01	5.214527e-01	1.905716e+00
627	5.397132e-01	5.426748e-01	1.784563e+00
628	4.787027e-01	5.068990e-01	2.063996e+00
629	4.704984e-01	5.349645e-01	2.497802e+00
630	4.060254e-01	5.749663e-01	2.870054e+00
631	3.960965e-01	4.587742e-01	1.729849e+00
632	4.696617e-01	6.685018e-01	2.290669e+00
633	4.740497e-01	5.154908e-01	2.841720e+00
634	4.740826e-01	5.242788e-01	2.195896e+00
635	5.065518e-01	5.756099e-01	1.601856e+00
636	4.808523e-01	5.798385e-01	2.449927e+00
637	4.566324e-01	5.531723e-01	1.462140e+00
638	4.713226e-01	5.194565e-01	2.041524e+00
639	4.715124e-01	5.204437e-01	2.061065e+00
640	6.096246e-01	6.426298e-01	2.130435e+00
641	3.972813e-01	2.520148e-01	2.205667e+00
642	4.624119e-01	5.028645e-01	2.184172e+00
643	4.943425e-01	4.754430e-01	2.747924e+00
644	2.609806e-01	5.243641e-01	2.909135e+00
645	4.700821e-01	5.213018e-01	2.777235e+00
646	4.830800e-01	5.354479e-01	1.295066e+00
647	5.356263e-01	5.486098e-01	1.050806e+00
648	2.690281e-01	4.824698e-01	1.191500e+00
649	4.538560e-01	5.115098e-01	1.198339e+00
650	4.937222e-01	4.992370e-01	2.656082e+00
651	4.788150e-01	4.966776e-01	1.692721e+00
652	8.271092e-01	7.234975e-01	2.330728e+00
653	4.801099e-01	5.420516e-01	1.906693e+00
654	4.711291e-01	5.437321e-01	2.192965e+00
655	4.607498e-01	5.106239e-01	1.200293e+00
656	4.696247e-01	5.191718e-01	2.361016e+00
657	5.612803e-01	6.042620e-01	2.080606e+00
658	4.888963e-01	5.240181e-01	2.017098e+00
659	4.880034e-01	5.494728e-01	2.191011e+00
660	6.409866e-01	6.239153e-01	1.667318e+00
661	6.211476e-01	6.567220e-01	2.229116e+00
662	4.166359e-01	4.846779e-01	1.188569e+00
663	4.401315e-01	4.685134e-01	2.714704e+00
664	3.933762e-01	4.657678e-01	1.979971e+00
665	4.739953e-01	4.116410e-01	2.954079e+00
666	6.349602e-01	5.722608e-01	1.803127e+00
667	4.561284e-01	5.579623e-01	1.039082e+00
668	3.923382e-01	4.973766e-01	1.893014e+00
669	5.077449e-01	5.856435e-01	1.778701e+00
670	3.212836e-01	4.417945e-01	1.807035e+00
671	4.495793e-01	4.635259e-01	1.102589e+00
672	4.312316e-01	7.895869e-01	1.879336e+00
673	5.405140e-01	5.380263e-01	1.984856e+00
674	4.720971e-01	5.191736e-01	2.238886e+00
675	4.849175e-01	5.467610e-01	2.868100e+00
676	4.639171e-01	5.330760e-01	2.748901e+00
677	4.507910e-01	4.750268e-01	1.578407e+00
678	4.674526e-01	5.096858e-01	1.621397e+00
679	4.682435e-01	5.180525e-01	2.657059e+00
680	4.669790e-01	4.868206e-01	2.404983e+00
681	4.700415e-01	5.667363e-01	2.272106e+00
682	4.611613e-01	5.215114e-01	1.463117e+00
683	4.673024e-01	4.981548e-01	2.316072e+00
684	4.754344e-01	5.255886e-01	2.334636e+00
685	4.123506e-01	5.017484e-01	1.365413e+00
686	3.406863e-01	6.336263e-01	2.105032e+00
687	5.024567e-01	5.643775e-01	1.339033e+00
688	4.665059e-01	4.984352e-01	2.932584e+00
689	4.640009e-01	5.165520e-01	2.378603e+00
690	4.725650e-01	5.146919e-01	1.833415e+00
691	5.090934e-01	5.112267e-01	1.663410e+00
692	5.132981e-01	5.201763e-01	2.251588e+00
693	4.313759e-01	5.479856e-01	1.766976e+00
694	6.220429e-01	6.121513e-01	1.575476e+00
695	4.929346e-01	2.725318e-01	2.771373e+00
696	4.788312e-01	5.276058e-01	2.787005e+00
697	4.727987e-01	5.221081e-01	1.959453e+00
698	4.664674e-01	5.236754e-01	2.187103e+00
699	4.702027e-01	5.178678e-01	2.430386e+00
700	4.211096e-01	4.537338e-01	2.679531e+00
701	4.426723e-01	4.331617e-01	2.191988e+00
702	3.915267e-01	4.752076e-01	2.945286e+00
703	4.564682e-01	5.305282e-01	2.793845e+00
704	4.681498e-01	4.855815e-01	2.132389e+00
705	7.252362e-01	6.154170e-01	1.627259e+00
706	4.744105e-01	5.075926e-01	1.623351e+00
707	4.541710e-01	5.155964e-01	2.772350e+00
708	4.771582e-01	5.263085e-01	1.552027e+00
709	6.128557e-01	5.435043e-01	1.180752e+00
710	4.829547e-01	5.889986e-01	1.632145e+00
711	4.677387e-01	4.676383e-01	1.680997e+00
712	3.478237e-01	3.939676e-01	2.828041e+00
713	5.071119e-01	7.644214e-01	1.703468e+00
714	3.896967e-01	6.606756e-01	1.471910e+00
715	4.661428e-01	5.270816e-01	2.368832e+00
716	4.502420e-01	5.088219e-01	1.961407e+00
717	4.705395e-01	5.177380e-01	1.756229e+00
718	4.991541e-01	5.374256e-01	2.987298e+00
719	4.795055e-01	5.128869e-01	2.332682e+00
720	4.630259e-01	5.114434e-01	1.097704e+00
721	4.569278e-01	3.875393e-01	1.954568e+00
722	4.646442e-01	5.176086e-01	1.704446e+00
723	4.722774e-01	5.190424e-01	1.853933e+00
724	4.031746e-01	4.619279e-01	2.829995e+00
725	4.886955e-01	5.902294e-01	2.232047e+00
726	5.333547e-01	5.854482e-01	2.587689e+00
727	7.004985e-01	2.458094e-01	2.698095e+00
729	4.685758e-01	6.244755e-01	1.212995e+00
730	3.968965e-01	5.306635e-01	1.502198e+00
731	4.733850e-01	5.221408e-01	2.614069e+00
732	5.349792e-01	5.963042e-01	2.880801e+00
733	4.769967e-01	5.265914e-01	1.956522e+00
734	4.711813e-01	4.191282e-01	2.745970e+00
735	7.689829e-01	4.640457e-01	1.179775e+00
736	5.172374e-01	4.414970e-01	1.935027e+00
737	4.568189e-01	5.301176e-01	1.975085e+00
738	4.519949e-01	4.929747e-01	1.067416e+00
739	4.402174e-01	5.090751e-01	2.024915e+00
740	4.008057e-01	5.056907e-01	2.810454e+00
741	4.539317e-01	4.720236e-01	2.428432e+00
742	4.447718e-01	5.339391e-01	1.957499e+00
743	5.012795e-01	5.736210e-01	2.306302e+00
744	4.669658e-01	5.395339e-01	2.557401e+00
745	4.870510e-01	5.696206e-01	1.243283e+00
746	4.642605e-01	5.715654e-01	2.429409e+00
747	5.079442e-01	5.347099e-01	2.523205e+00
748	3.515074e-01	4.496996e-01	2.842697e+00
749	4.692332e-01	5.207178e-01	2.247680e+00
750	4.976443e-01	5.596045e-01	2.000489e+00
751	4.635402e-01	4.960725e-01	2.446019e+00
752	4.670016e-01	5.177589e-01	2.360039e+00
753	4.200326e-01	4.487210e-01	2.567171e+00
754	4.670649e-01	5.247452e-01	2.415730e+00
755	5.050575e-01	5.123520e-01	1.989741e+00
756	4.677163e-01	5.135367e-01	2.908158e+00
757	5.748443e-01	3.144778e-01	2.731314e+00
758	4.667443e-01	5.169461e-01	2.544700e+00
759	4.721933e-01	5.194443e-01	2.890572e+00
760	4.709547e-01	5.207819e-01	1.654617e+00
761	4.780066e-01	5.168701e-01	1.008793e+00
762	4.422856e-01	4.730125e-01	1.260870e+00
763	5.637354e-01	5.674483e-01	1.347826e+00
764	4.464357e-01	5.224468e-01	1.325354e+00
765	4.675769e-01	5.267133e-01	1.420127e+00
766	4.336422e-01	3.814593e-01	2.845628e+00
767	4.886951e-01	5.422673e-01	1.853933e+00
768	4.702988e-01	5.264160e-01	1.303859e+00
769	5.326452e-01	6.133892e-01	1.294089e+00
770	7.608256e-01	1.587994e-01	1.675134e+00
771	5.195267e-01	4.940119e-01	2.417684e+00
772	4.485868e-01	5.023496e-01	2.053249e+00
773	4.539809e-01	5.206339e-01	1.276502e+00
774	5.849374e-01	2.891884e-01	2.779189e+00
775	3.243904e-01	3.582440e-01	1.984856e+00
776	4.671319e-01	3.371959e-01	2.295554e+00
777	4.656242e-01	5.128809e-01	1.652662e+00
778	4.651707e-01	5.059929e-01	2.464582e+00
779	4.716246e-01	5.207610e-01	1.763068e+00
780	4.882359e-01	5.503052e-01	2.026869e+00
781	4.283882e-01	4.367079e-01	1.160234e+00
782	5.282796e-01	5.225884e-01	2.302394e+00
783	4.778337e-01	5.037646e-01	1.384954e+00
784	4.772911e-01	4.707836e-01	2.598437e+00
785	5.245693e-01	5.457295e-01	2.130435e+00
786	4.816847e-01	5.051209e-01	1.690767e+00
787	4.918667e-01	4.959395e-01	1.940889e+00
788	4.622161e-01	4.976579e-01	2.099170e+00
