199
0	4.422903e-01	1.407335e-01	1.398632e+00
7	4.955354e-01	4.673505e-01	2.705911e+00
15	5.442805e-01	5.341758e-02	1.306790e+00
17	3.793925e-01	1.597553e-02	1.195408e+00
18	1.511868e-01	4.288287e-02	1.785540e+00
20	6.698400e-01	4.053704e-02	1.863703e+00
28	2.143546e-01	5.258782e-01	2.205667e+00
29	1.073830e-01	4.328813e-02	2.181241e+00
30	5.938805e-01	1.968470e-01	1.475818e+00
33	4.325924e-01	7.243649e-01	2.331705e+00
40	1.466697e-01	6.443782e-01	1.282364e+00
48	4.414104e-01	7.800509e-02	2.751832e+00
53	1.400294e-01	2.375158e-01	1.506106e+00
72	1.682630e-02	4.324485e-02	1.412311e+00
74	4.027801e-01	7.798301e-01	1.449438e+00
80	6.504412e-01	5.403891e-02	2.736199e+00
81	7.233959e-01	5.446185e-02	1.617489e+00
82	3.479777e-01	2.924859e-01	2.456766e+00
90	5.094424e-01	1.530502e-02	1.538349e+00
94	5.907328e-01	5.961475e-03	2.125550e+00
95	3.444645e-01	6.859941e-02	2.148999e+00
99	3.993078e-01	3.840099e-01	1.753298e+00
110	6.473930e-01	1.069262e-02	1.905716e+00
112	9.838184e-01	3.454689e-01	1.549096e+00
114	6.468373e-01	5.530355e-02	1.261847e+00
115	1.892615e-01	4.198909e-02	1.308745e+00
116	3.848774e-01	3.266401e-01	1.148510e+00
121	5.046858e-01	1.341575e-02	2.442110e+00
127	5.637212e-01	8.486809e-01	2.338544e+00
131	2.191892e-01	2.222585e-01	2.375672e+00
134	2.571496e-01	2.200637e-03	2.277968e+00
141	6.485835e-01	3.067720e-02	1.684905e+00
142	6.607374e-01	1.480726e-03	1.999511e+00
145	7.027891e-01	1.523659e-02	2.501710e+00
147	4.806691e-01	7.994905e-02	2.719590e+00
151	2.685660e-01	3.685913e-01	2.611138e+00
158	1.376441e-01	1.998142e-02	2.386419e+00
159	3.872177e-01	5.445444e-01	2.647289e+00
163	4.823075e-01	6.706004e-01	1.632145e+00
164	6.256954e-01	9.044844e-02	1.235467e+00
165	5.734207e-01	4.191415e-02	2.251588e+00
174	7.992977e-01	1.075535e-02	2.453835e+00
176	3.365146e-01	4.446422e-01	2.215437e+00
180	3.258770e-01	9.222213e-02	2.127504e+00
187	6.734953e-01	6.444411e-01	2.653151e+00
190	4.143440e-01	1.272232e-01	2.807523e+00
191	3.704045e-01	7.874887e-01	2.811431e+00
192	2.838983e-01	6.171411e-02	1.192477e+00
197	4.424861e-01	6.880085e-01	2.060088e+00
210	3.823498e-01	5.653198e-01	1.545188e+00
212	6.857790e-02	2.450928e-01	1.621397e+00
214	5.430412e-01	1.942961e-02	1.612604e+00
220	3.937934e-01	1.286239e-01	2.697118e+00
229	5.787915e-02	2.550966e-01	2.305325e+00
244	6.080882e-01	6.089047e-02	2.458720e+00
245	3.739123e-01	1.627117e-01	2.134343e+00
246	5.750402e-01	6.426282e-02	2.662921e+00
249	2.608384e-01	2.394132e-01	2.305325e+00
250	2.291585e-01	3.492890e-01	2.763556e+00
251	2.946365e-01	1.998090e-01	2.374695e+00
257	2.209346e-01	1.159078e-01	2.413776e+00
258	3.028173e-01	1.502278e-01	2.569126e+00
266	2.366976e-01	7.529057e-03	1.928188e+00
269	4.896196e-01	5.697027e-03	1.793356e+00
272	4.772998e-01	2.168017e-01	1.052760e+00
276	2.427574e-01	4.753414e-02	2.368832e+00
279	9.516396e-02	8.153755e-02	1.348803e+00
283	1.498458e-01	6.513407e-01	2.490962e+00
288	4.529510e-01	3.887259e-01	2.905227e+00
291	1.874890e-01	2.203764e-01	2.784074e+00
292	5.730501e-01	4.871122e-02	2.445042e+00
299	2.722159e-02	9.694956e-01	2.048363e+00
305	5.798539e-01	3.762255e-02	1.416219e+00
306	5.380625e-01	8.542233e-01	1.745481e+00
308	4.320168e-01	3.703641e-01	1.868588e+00
311	4.848603e-01	4.546566e-02	2.855398e+00
314	6.272856e-01	7.556430e-02	2.252565e+00
318	3.428671e-01	7.182100e-01	1.701514e+00
319	3.542083e-01	7.352079e-02	1.135809e+00
321	3.347571e-01	3.429947e-01	2.470445e+00
325	2.946296e-01	2.769187e-01	2.896434e+00
340	6.298609e-01	3.364108e-02	1.526624e+00
342	7.169781e-01	6.126881e-02	1.054714e+00
345	1.210416e-01	3.366934e-02	2.321935e+00
346	4.550871e-01	1.333679e-01	1.564729e+00
347	2.509015e-01	3.640701e-01	1.679043e+00
350	5.337463e-01	7.340524e-01	2.311187e+00
355	5.513658e-01	8.539007e-01	2.461651e+00
357	3.989047e-01	4.303084e-01	2.991207e+00
358	2.535246e-01	4.212941e-02	2.857352e+00
366	1.709831e-01	6.449854e-01	1.692721e+00
367	5.315576e-01	1.021383e-01	1.154372e+00
376	3.987288e-01	1.569314e-01	1.815828e+00
377	6.023693e-01	2.371140e-02	1.328285e+00
379	6.627788e-01	6.391016e-01	1.599902e+00
380	8.171961e-01	5.273786e-01	2.343429e+00
381	1.209266e-01	2.665842e-01	1.835369e+00
382	2.536494e-01	7.374166e-01	1.065462e+00
384	3.915518e-01	2.025813e-01	2.761602e+00
386	4.645652e-01	1.033100e-01	2.449927e+00
387	6.217119e-01	6.928550e-02	2.669761e+00
389	3.644850e-01	5.353449e-01	2.960918e+00
396	9.620548e-01	3.357297e-01	2.058134e+00
398	9.417125e-01	2.843500e-01	2.453835e+00
407	4.058272e-01	6.219484e-01	2.850513e+00
410	6.417854e-01	1.164633e-03	2.011236e+00
411	5.790574e-01	4.703986e-01	2.982413e+00
412	7.730101e-01	1.533749e-01	1.578407e+00
416	3.256611e-02	1.240928e-01	1.780655e+00
417	2.650692e-01	3.500263e-01	1.223742e+00
418	5.933824e-01	2.933814e-04	2.928676e+00
419	4.489781e-01	7.896499e-02	1.055691e+00
425	4.156858e-01	6.100303e-01	1.960430e+00
426	4.117559e-01	6.068093e-01	2.254519e+00
429	2.949895e-01	6.074339e-02	1.802149e+00
432	4.188461e-01	5.921741e-01	2.947240e+00
436	2.276537e-01	7.738306e-01	2.668784e+00
438	6.654487e-02	8.768170e-02	2.065950e+00
440	4.528318e-01	4.074053e-01	1.637030e+00
441	6.502613e-02	1.711465e-01	1.338056e+00
448	2.139585e-01	7.433694e-02	1.119199e+00
452	5.336891e-01	2.159471e-01	1.574499e+00
454	1.993845e-01	1.074572e-01	1.542257e+00
458	7.624019e-01	1.579813e-01	2.865169e+00
474	5.848790e-01	8.520566e-02	2.299463e+00
478	4.452220e-01	5.280972e-01	2.728383e+00
483	3.845687e-01	1.422876e-02	1.367367e+00
491	2.306333e-01	4.982567e-01	1.597948e+00
492	2.745673e-01	2.470318e-02	2.412799e+00
498	4.540177e-03	2.102816e-02	1.652662e+00
506	1.799815e-01	3.009033e-01	1.718124e+00
510	3.847420e-01	5.572055e-01	2.549585e+00
519	3.234801e-01	2.441425e-01	1.573522e+00
520	6.407417e-01	6.934845e-02	2.497802e+00
521	5.281213e-01	1.136915e-01	1.752320e+00
522	4.630397e-01	6.560880e-01	1.589155e+00
525	1.459119e-01	3.369797e-03	1.499267e+00
527	6.991350e-01	1.791824e-03	2.891549e+00
533	6.933494e-01	4.161381e-02	2.458720e+00
534	4.196350e-01	1.379327e-01	2.673669e+00
541	4.163612e-01	5.308357e-01	2.290669e+00
544	4.634017e-01	5.435406e-01	1.318515e+00
548	3.990602e-01	1.645175e-01	1.375183e+00
551	5.463065e-01	4.762077e-02	2.983390e+00
555	4.197059e-01	5.498430e-01	2.396190e+00
557	6.475326e-01	3.294854e-02	2.728383e+00
560	4.715344e-01	1.052545e-01	2.883732e+00
563	7.548558e-02	2.309638e-01	1.786517e+00
564	4.554591e-01	4.392848e-01	2.893503e+00
567	3.453425e-01	4.942838e-02	2.227162e+00
568	2.847425e-01	3.704805e-01	1.527601e+00
573	6.406052e-01	4.536494e-02	2.109917e+00
578	9.457928e-01	5.617011e-01	1.881290e+00
579	8.200543e-01	3.813923e-01	1.664387e+00
580	2.565873e-01	6.967072e-01	1.242306e+00
581	2.390154e-01	2.967657e-02	1.927211e+00
583	5.140434e-01	7.041724e-01	2.792868e+00
588	5.733708e-01	3.649878e-02	2.282853e+00
597	4.015466e-01	5.270041e-01	1.258915e+00
607	2.706483e-01	1.192026e-01	1.073278e+00
614	4.954614e-01	3.819380e-02	2.958964e+00
616	4.578899e-01	3.969139e-02	2.381534e+00
619	2.896121e-01	2.752508e-01	1.812897e+00
621	2.975902e-01	9.391838e-02	1.277479e+00
622	3.273354e-01	4.421143e-01	1.176844e+00
636	4.448549e-01	4.113853e-01	2.449927e+00
650	1.802529e-01	5.535009e-01	2.656082e+00
658	5.145030e-01	2.947148e-02	2.017098e+00
660	4.110466e-01	6.193244e-01	1.667318e+00
668	5.295438e-01	3.839818e-01	1.893014e+00
670	2.476489e-01	7.456330e-01	1.807035e+00
675	3.943194e-01	5.424942e-01	2.868100e+00
682	5.987292e-02	3.871641e-02	1.463117e+00
687	3.882709e-01	1.470545e-01	1.339033e+00
694	5.628839e-01	8.507738e-01	1.575476e+00
696	2.688969e-01	3.748816e-01	2.787005e+00
705	3.755926e-01	5.919146e-01	1.627259e+00
706	4.831482e-01	5.352880e-02	1.623351e+00
708	6.938078e-01	3.874729e-02	1.552027e+00
710	3.683862e-01	5.252584e-01	1.632145e+00
711	3.419066e-01	2.159264e-01	1.680997e+00
718	5.893118e-01	8.368887e-02	2.987298e+00
719	5.131595e-01	2.827998e-02	2.332682e+00
726	7.272518e-02	1.741545e-03	2.587689e+00
735	2.388473e-01	7.660736e-01	1.179775e+00
739	4.680684e-02	1.048977e-01	2.024915e+00
740	5.631556e-01	8.517528e-01	2.810454e+00
744	5.818435e-01	1.721672e-02	2.557401e+00
745	4.659898e-01	5.692791e-01	1.243283e+00
748	6.530277e-01	3.270748e-02	2.842697e+00
761	3.103115e-01	1.383364e-01	1.008793e+00
762	6.438130e-02	2.919509e-02	1.260870e+00
767	3.120110e-01	4.381176e-02	1.853933e+00
770	7.918244e-01	3.497218e-01	1.675134e+00
772	6.293464e-01	7.159355e-02	2.053249e+00
780	2.988167e-01	1.675528e-02	2.026869e+00
783	1.608159e-01	2.756320e-01	1.384954e+00
786	3.946801e-01	1.485378e-01	1.690767e+00
787	2.699688e-01	1.478093e-01	1.940889e+00
