767
0	1.857771e-01	2.379637e-01	1.398632e+00
1	4.009468e-01	3.901576e-01	1.108451e+00
2	4.991901e-01	5.282760e-01	2.925745e+00
3	4.592391e-01	4.536919e-01	2.732291e+00
4	3.708613e-01	3.892449e-01	1.257938e+00
5	4.419992e-01	4.419209e-01	2.424524e+00
6	7.826150e-01	9.163315e-01	1.383000e+00
7	4.611468e-01	5.220603e-01	2.705911e+00
8	4.778668e-01	5.357602e-01	2.442110e+00
9	4.681491e-01	5.119406e-01	2.233024e+00
10	4.557210e-01	6.047921e-01	2.376649e+00
11	4.643863e-01	5.152502e-01	1.556913e+00
12	4.678509e-01	6.609392e-01	2.950171e+00
13	5.943189e-01	5.815165e-01	1.066439e+00
14	4.660318e-01	5.136724e-01	1.626282e+00
15	3.676987e-01	7.967010e-01	1.306790e+00
16	4.686504e-01	5.111825e-01	2.902296e+00
17	4.869256e-01	6.725554e-01	1.195408e+00
18	4.002249e-01	5.021955e-01	1.785540e+00
19	4.722513e-01	4.898819e-01	1.248168e+00
20	4.978062e-01	5.214584e-01	1.863703e+00
21	4.312305e-01	4.605425e-01	2.671715e+00
22	4.685786e-01	5.166777e-01	2.487054e+00
23	4.645302e-01	7.213704e-01	1.946751e+00
24	4.117847e-01	6.383702e-01	1.303859e+00
25	6.206423e-01	6.562606e-01	2.152907e+00
26	4.645648e-01	4.991138e-01	1.388862e+00
27	4.535812e-01	4.745560e-01	1.591109e+00
28	4.058266e-01	4.208022e-01	2.205667e+00
29	4.618699e-01	4.858570e-01	2.181241e+00
30	4.332585e-01	7.327988e-01	1.475818e+00
31	4.467835e-01	5.379093e-01	2.309233e+00
32	4.833102e-01	4.829522e-01	2.073766e+00
33	6.052137e-01	7.345940e-01	2.331705e+00
34	4.617617e-01	4.763066e-01	1.126038e+00
35	7.140760e-01	6.143214e-01	2.235955e+00
36	2.496232e-01	5.823170e-01	2.805569e+00
37	5.119301e-01	6.843568e-01	2.555447e+00
38	4.697019e-01	5.324590e-01	2.559355e+00
39	4.609519e-01	4.967415e-01	1.895945e+00
40	5.487626e-01	5.691032e-01	1.282364e+00
41	4.552359e-01	3.865983e-01	2.750855e+00
42	4.654904e-01	5.138446e-01	2.412799e+00
43	4.680268e-01	5.056250e-01	2.557401e+00
44	4.307278e-01	5.827652e-01	1.648754e+00
45	5.022681e-01	5.078211e-01	1.721055e+00
46	5.070351e-01	6.214570e-01	2.588666e+00
47	4.735763e-01	4.980391e-01	1.525647e+00
48	4.742177e-01	5.134716e-01	2.751832e+00
49	4.194627e-01	4.092519e-01	2.625794e+00
50	4.637729e-01	4.400075e-01	1.663410e+00
51	4.697572e-01	5.030314e-01	2.560332e+00
52	4.631686e-01	4.818591e-01	1.696629e+00
53	4.783616e-01	4.955485e-01	1.506106e+00
54	4.632886e-01	5.043699e-01	2.675623e+00
55	4.833747e-01	5.344247e-01	2.497802e+00
56	4.527863e-01	4.916937e-01	1.031265e+00
57	4.094159e-01	3.921627e-01	2.361993e+00
58	4.999004e-01	5.559698e-01	1.866634e+00
60	7.810175e-01	7.725166e-01	1.503175e+00
61	4.304352e-01	5.697366e-01	2.449927e+00
62	4.705699e-01	5.255169e-01	2.831949e+00
63	4.771375e-01	4.934392e-01	2.317049e+00
64	4.498015e-01	5.771586e-01	2.353200e+00
65	4.716391e-01	5.134174e-01	2.575965e+00
66	4.095735e-01	6.125546e-01	2.922814e+00
67	3.501283e-01	4.131784e-01	2.289692e+00
68	4.401918e-01	6.284635e-01	2.766488e+00
69	4.232252e-01	4.126488e-01	1.522716e+00
70	4.192091e-01	5.270271e-01	2.769419e+00
71	4.570470e-01	4.735399e-01	1.110405e+00
72	4.424651e-01	5.653666e-01	1.412311e+00
73	5.792141e-01	7.057371e-01	1.951637e+00
74	5.537483e-01	5.470410e-01	1.449438e+00
75	3.172359e-01	4.498188e-01	2.176356e+00
76	5.020343e-01	5.823419e-01	1.212995e+00
77	4.650202e-01	5.196541e-01	1.872496e+00
78	4.823154e-01	5.420982e-01	1.606742e+00
79	4.446568e-01	5.679384e-01	1.183683e+00
80	4.746376e-01	5.164681e-01	2.736199e+00
81	4.726136e-01	5.105677e-01	1.617489e+00
82	4.945062e-01	5.375829e-01	2.456766e+00
83	5.830961e-01	5.960167e-01	1.406448e+00
84	3.157418e-01	4.648411e-01	2.453835e+00
85	4.669550e-01	5.101005e-01	2.712750e+00
86	4.698082e-01	5.127935e-01	2.877870e+00
87	3.822244e-01	6.575229e-01	1.533464e+00
88	4.440963e-01	2.598383e-01	2.169516e+00
89	3.692026e-01	4.569920e-01	2.483146e+00
90	4.869830e-01	6.339167e-01	1.538349e+00
91	4.918117e-01	5.272409e-01	1.117245e+00
92	4.843923e-01	4.864409e-01	2.709819e+00
93	4.960720e-01	5.230608e-01	2.929653e+00
94	4.858209e-01	5.081223e-01	2.125550e+00
95	4.863699e-01	3.756765e-01	2.148999e+00
96	4.965109e-01	5.160318e-01	1.206155e+00
98	4.666975e-01	4.973290e-01	1.997557e+00
99	4.715048e-01	4.106629e-01	1.753298e+00
100	4.532374e-01	5.337695e-01	1.491451e+00
101	4.685835e-01	5.115083e-01	2.381534e+00
102	4.805355e-01	5.561522e-01	1.837323e+00
103	4.739361e-01	5.809991e-01	2.723498e+00
104	4.437551e-01	3.548721e-01	1.216903e+00
105	4.726895e-01	4.894770e-01	1.385931e+00
107	4.515139e-01	4.971673e-01	1.887152e+00
108	5.996368e-01	4.086134e-01	1.869565e+00
109	5.227659e-01	4.586165e-01	2.657059e+00
110	5.191702e-01	5.213927e-01	1.905716e+00
111	5.012854e-01	5.215235e-01	2.319980e+00
113	5.588319e-01	2.130801e-01	1.155349e+00
114	4.570550e-01	4.874569e-01	1.261847e+00
115	3.762728e-01	3.408858e-01	1.308745e+00
116	6.045657e-01	3.243615e-01	1.148510e+00
117	4.725908e-01	4.997331e-01	1.865657e+00
118	4.732981e-01	5.271662e-01	2.988276e+00
119	4.907568e-01	5.507603e-01	1.479726e+00
120	4.619427e-01	4.401012e-01	2.095261e+00
121	4.552956e-01	5.062694e-01	2.442110e+00
122	6.031147e-01	6.612072e-01	1.070347e+00
123	4.645464e-01	5.761436e-01	1.417196e+00
124	4.676830e-01	5.300061e-01	2.817294e+00
126	4.841770e-01	4.707740e-01	2.738153e+00
127	4.196424e-01	6.132812e-01	2.338544e+00
128	3.658958e-01	3.731547e-01	1.282364e+00
129	4.838923e-01	5.153692e-01	2.676600e+00
130	3.565174e-01	3.933602e-01	2.443087e+00
132	4.002779e-01	6.412237e-01	1.220811e+00
133	2.911258e-01	6.337116e-01	2.407914e+00
134	4.723570e-01	5.501516e-01	2.277968e+00
135	4.642387e-01	4.984868e-01	2.409868e+00
136	4.616547e-01	5.220849e-01	2.083537e+00
137	4.874663e-01	4.278072e-01	2.286761e+00
138	6.264942e-01	3.992707e-01	1.194431e+00
139	4.700986e-01	5.170129e-01	2.818271e+00
140	5.309631e-01	5.607848e-01	2.827064e+00
141	5.008845e-01	5.180822e-01	1.684905e+00
142	4.714747e-01	4.982360e-01	1.999511e+00
143	4.771152e-01	5.121980e-01	1.956522e+00
144	4.437172e-01	5.391002e-01	2.323889e+00
145	5.256289e-01	5.008097e-01	2.501710e+00
146	5.015718e-01	5.848406e-01	2.395213e+00
147	5.817133e-01	4.624987e-01	2.719590e+00
148	4.699954e-01	5.113405e-01	2.937469e+00
149	4.724082e-01	4.865551e-01	2.803615e+00
150	3.711647e-01	3.845335e-01	1.794333e+00
151	4.580543e-01	5.220549e-01	2.611138e+00
152	4.424417e-01	4.770539e-01	1.724963e+00
153	4.850668e-01	5.184816e-01	1.983879e+00
154	4.714057e-01	5.101431e-01	2.181241e+00
155	4.851305e-01	4.683568e-01	1.295066e+00
156	4.706327e-01	5.176326e-01	1.970200e+00
157	4.906897e-01	4.989988e-01	2.387396e+00
158	6.265836e-01	5.384649e-01	2.386419e+00
159	6.296528e-01	4.190584e-01	2.647289e+00
160	4.663061e-01	5.325650e-01	1.686859e+00
161	4.661473e-01	4.865903e-01	1.553981e+00
162	4.986758e-01	6.472970e-01	1.764045e+00
163	3.668960e-01	2.405328e-01	1.632145e+00
164	4.685817e-01	5.096308e-01	1.235467e+00
165	4.711705e-01	5.252340e-01	2.251588e+00
166	4.772066e-01	4.929703e-01	1.751343e+00
167	4.223785e-01	6.785286e-01	1.715193e+00
168	4.684969e-01	5.163024e-01	2.109917e+00
169	4.156459e-01	4.343008e-01	2.137274e+00
170	4.002931e-01	5.055476e-01	2.099170e+00
171	4.909239e-01	6.397528e-01	2.057157e+00
172	4.944666e-01	4.885840e-01	2.246702e+00
173	4.546750e-01	5.482613e-01	1.894968e+00
174	4.991618e-01	5.613919e-01	2.453835e+00
175	4.714906e-01	4.613512e-01	2.834880e+00
176	4.899678e-01	5.301773e-01	2.215437e+00
177	4.599379e-01	4.907088e-01	2.153884e+00
178	4.675718e-01	5.113598e-01	2.475330e+00
179	4.662273e-01	6.441562e-01	1.274548e+00
180	4.583994e-01	5.703604e-01	2.127504e+00
181	4.573623e-01	4.990530e-01	1.790425e+00
182	2.771164e-01	3.380754e-01	1.736688e+00
183	4.748964e-01	5.417367e-01	1.692721e+00
184	5.189472e-01	6.479769e-01	2.042501e+00
185	4.191527e-01	5.092070e-01	1.468979e+00
186	5.120208e-01	4.812159e-01	1.784563e+00
188	4.538985e-01	4.461490e-01	1.839277e+00
189	4.498131e-01	5.034894e-01	1.175867e+00
190	4.633877e-01	4.823857e-01	2.807523e+00
191	4.090324e-01	4.992690e-01	2.811431e+00
192	5.552044e-01	4.952816e-01	1.192477e+00
193	2.422067e-01	5.715495e-01	1.620420e+00
194	5.408484e-01	6.242961e-01	2.624817e+00
195	4.718806e-01	5.072857e-01	2.806546e+00
196	3.696378e-01	3.501443e-01	1.763068e+00
197	7.125840e-01	6.435182e-01	2.060088e+00
198	5.103858e-01	7.707444e-01	2.458720e+00
199	4.734566e-01	5.142181e-01	2.463605e+00
200	7.875103e-01	7.446485e-01	1.141671e+00
201	4.866104e-01	5.069235e-01	1.146556e+00
202	4.773498e-01	4.519509e-01	1.395701e+00
203	5.213430e-01	4.787822e-01	1.755252e+00
204	4.545964e-01	4.435916e-01	2.901319e+00
205	5.614510e-01	6.203014e-01	2.123596e+00
206	4.518298e-01	6.951377e-01	1.652662e+00
207	4.709089e-01	5.702237e-01	1.199316e+00
208	4.722775e-01	5.226675e-01	2.170493e+00
209	4.094166e-01	7.306261e-01	2.733268e+00
210	4.350644e-01	4.313473e-01	1.545188e+00
211	4.825068e-01	5.311993e-01	1.376160e+00
212	4.529013e-01	4.958936e-01	1.621397e+00
213	4.725216e-01	5.092314e-01	1.883244e+00
214	4.777088e-01	5.261299e-01	1.612604e+00
215	5.014620e-01	5.038313e-01	2.909135e+00
216	4.689879e-01	4.975458e-01	1.354665e+00
217	4.560547e-01	5.123724e-01	2.770396e+00
218	5.297458e-01	3.735874e-01	2.148999e+00
219	4.431031e-01	4.732278e-01	2.624817e+00
220	4.865418e-01	5.967894e-01	2.697118e+00
221	4.548678e-01	5.374591e-01	1.938935e+00
222	3.478445e-01	1.608227e-01	1.854910e+00
223	4.988906e-01	6.233551e-01	2.625794e+00
224	4.236169e-01	2.673424e-01	2.984367e+00
225	4.307236e-01	4.359620e-01	2.693210e+00
226	4.685902e-01	5.175457e-01	2.276014e+00
227	4.898798e-01	5.416695e-01	1.245237e+00
228	4.715162e-01	5.056469e-01	1.489497e+00
229	4.752289e-01	5.049638e-01	2.305325e+00
230	4.612983e-01	4.945081e-01	2.689301e+00
231	4.500177e-01	4.348471e-01	1.346849e+00
232	4.540261e-01	4.482693e-01	2.447973e+00
233	5.231685e-01	5.376545e-01	1.591109e+00
234	5.015703e-01	6.071080e-01	1.931119e+00
235	4.884251e-01	4.540818e-01	2.687347e+00
236	4.696234e-01	5.121724e-01	2.787982e+00
237	4.655864e-01	5.024834e-01	1.510015e+00
238	4.677502e-01	5.088898e-01	2.193942e+00
239	4.570361e-01	5.392927e-01	2.918906e+00
240	4.494659e-01	4.286415e-01	1.734734e+00
241	4.708607e-01	4.307191e-01	1.119199e+00
242	4.889335e-01	6.480420e-01	1.631168e+00
243	4.863084e-01	4.826491e-01	1.258915e+00
244	4.661795e-01	4.551906e-01	2.458720e+00
245	4.416705e-01	3.494781e-01	2.134343e+00
246	4.761901e-01	5.041916e-01	2.662921e+00
247	4.554569e-01	5.090701e-01	2.924768e+00
248	5.259543e-01	5.571818e-01	2.983390e+00
250	6.814947e-01	6.269035e-01	2.763556e+00
251	2.635741e-01	4.898811e-01	2.374695e+00
252	4.942532e-01	4.602207e-01	1.703468e+00
253	4.680858e-01	4.001636e-01	1.246214e+00
254	4.923612e-01	6.713944e-01	2.925745e+00
255	4.678471e-01	5.438413e-01	1.857841e+00
256	4.701930e-01	5.141325e-01	2.601368e+00
257	4.735686e-01	5.157177e-01	2.413776e+00
258	4.776246e-01	4.901044e-01	2.569126e+00
259	4.722666e-01	4.921868e-01	1.865657e+00
260	4.705556e-01	5.131460e-01	2.574988e+00
261	4.617730e-01	4.896042e-01	1.598925e+00
262	5.760246e-01	4.657608e-01	2.264289e+00
263	3.241495e-01	6.574813e-01	1.176844e+00
264	4.857686e-01	2.955966e-01	1.061553e+00
265	4.787240e-01	5.341328e-01	2.526136e+00
266	4.509664e-01	4.449784e-01	1.928188e+00
267	4.280218e-01	5.639160e-01	2.006351e+00
268	4.765875e-01	4.869590e-01	1.041036e+00
269	3.488060e-01	4.828437e-01	1.793356e+00
270	4.449280e-01	4.479787e-01	1.860772e+00
271	5.180732e-01	4.848980e-01	1.389839e+00
272	4.707417e-01	5.035879e-01	1.052760e+00
273	3.847406e-01	3.832165e-01	1.156326e+00
274	6.152706e-01	7.935607e-01	1.981925e+00
275	2.829564e-01	3.680159e-01	2.256473e+00
276	4.777181e-01	5.463968e-01	2.368832e+00
277	4.414479e-01	4.953143e-01	2.024915e+00
279	4.829697e-01	5.342633e-01	1.348803e+00
280	5.338527e-01	7.039098e-01	2.472399e+00
281	5.417807e-01	6.590669e-01	2.288715e+00
282	4.649431e-01	6.171991e-01	2.745970e+00
283	5.559812e-01	5.213017e-01	2.490962e+00
284	5.835374e-01	7.574535e-01	2.515388e+00
285	1.528425e-01	4.432774e-01	1.545188e+00
286	4.756490e-01	5.004301e-01	2.662921e+00
287	4.576780e-01	4.137397e-01	2.264289e+00
288	4.628534e-01	5.320966e-01	2.905227e+00
289	4.701972e-01	5.468623e-01	1.058622e+00
290	5.979666e-01	4.963442e-01	2.152907e+00
291	7.875853e-01	9.206471e-01	2.784074e+00
292	4.571335e-01	5.128737e-01	2.445042e+00
293	5.080024e-01	2.322845e-01	2.852467e+00
294	4.067639e-01	4.823752e-01	2.070835e+00
295	4.851148e-01	4.655111e-01	1.406448e+00
296	6.718787e-01	9.264970e-01	1.751343e+00
297	5.814017e-01	5.002071e-01	2.077675e+00
298	5.003150e-01	4.542227e-01	1.601856e+00
299	4.967669e-01	5.534126e-01	2.048363e+00
300	4.719547e-01	4.978392e-01	2.781143e+00
301	4.724693e-01	5.097786e-01	2.779189e+00
302	4.879961e-01	5.955921e-01	2.617978e+00
303	3.035977e-01	2.993251e-01	1.698583e+00
304	5.861635e-01	6.068668e-01	1.948705e+00
305	4.822254e-01	4.818881e-01	1.416219e+00
306	8.568185e-01	2.437182e-01	1.745481e+00
307	4.655682e-01	4.950669e-01	2.291646e+00
308	3.983264e-01	2.215430e-01	1.868588e+00
309	5.421294e-01	5.948280e-01	2.511480e+00
310	4.537849e-01	4.720124e-01	2.596483e+00
311	4.955144e-01	5.568617e-01	2.855398e+00
312	4.441550e-01	4.653892e-01	1.312653e+00
313	4.453226e-01	4.344296e-01	1.787494e+00
314	4.681760e-01	5.074386e-01	2.252565e+00
315	4.897682e-01	5.289596e-01	1.978017e+00
316	3.573901e-01	3.936377e-01	2.965804e+00
317	4.702632e-01	5.126053e-01	2.221299e+00
318	6.765524e-01	4.818823e-01	1.701514e+00
319	5.225263e-01	6.131071e-01	1.135809e+00
320	4.887462e-01	5.066684e-01	2.997069e+00
322	4.392488e-01	5.774541e-01	2.362970e+00
323	4.589056e-01	5.215359e-01	2.553493e+00
324	4.372709e-01	5.475690e-01	1.347826e+00
325	1.521811e-01	2.421529e-01	2.896434e+00
326	4.746785e-01	5.110886e-01	1.857841e+00
327	4.860302e-01	4.637149e-01	1.669272e+00
328	4.701257e-01	5.103127e-01	1.726917e+00
329	4.816507e-01	5.430929e-01	2.604299e+00
330	5.644434e-01	5.451511e-01	2.089399e+00
331	4.629175e-01	5.619697e-01	1.552027e+00
332	4.539058e-01	4.948484e-01	1.769907e+00
333	4.442904e-01	4.487432e-01	1.382022e+00
334	2.725358e-01	3.634388e-01	2.510503e+00
335	4.973693e-01	4.940113e-01	1.640938e+00
336	4.687931e-01	4.953404e-01	2.933561e+00
337	3.736118e-01	5.975645e-01	1.033219e+00
338	4.884204e-01	4.188284e-01	1.408403e+00
339	4.605021e-01	5.029481e-01	2.767465e+00
340	4.742920e-01	5.281615e-01	1.526624e+00
341	4.387830e-01	4.372891e-01	1.456277e+00
342	4.440612e-01	4.752949e-01	1.054714e+00
343	5.026387e-01	4.900398e-01	2.601368e+00
344	2.511241e-01	3.527798e-01	2.193942e+00
346	4.710716e-01	5.774710e-01	1.564729e+00
347	4.513177e-01	5.139029e-01	1.679043e+00
348	6.016064e-01	6.043529e-01	2.034685e+00
349	4.696432e-01	5.394832e-01	2.564240e+00
350	3.639621e-01	4.115182e-01	2.311187e+00
351	4.708712e-01	6.797092e-01	1.297997e+00
352	4.843334e-01	5.320042e-01	2.873962e+00
353	5.990427e-01	4.978569e-01	2.202736e+00
354	4.674527e-01	5.138071e-01	2.653151e+00
355	4.970205e-01	5.389977e-01	2.461651e+00
356	4.857542e-01	5.278850e-01	1.679043e+00
357	4.661746e-01	4.353852e-01	2.991207e+00
358	4.519752e-01	7.573772e-01	2.857352e+00
359	4.381401e-01	4.582272e-01	1.913532e+00
360	3.888276e-01	3.982272e-01	1.216903e+00
361	4.686156e-01	2.611809e-01	1.214949e+00
362	4.456520e-01	5.902822e-01	1.005862e+00
363	4.649087e-01	4.543433e-01	2.227162e+00
364	4.679357e-01	5.100037e-01	1.723009e+00
366	4.026818e-01	4.661500e-01	1.692721e+00
367	4.821713e-01	5.148573e-01	1.154372e+00
368	4.783616e-01	5.366536e-01	1.851001e+00
369	4.734195e-01	5.147429e-01	2.418661e+00
370	4.007516e-01	5.053908e-01	1.874450e+00
371	4.307466e-01	5.110701e-01	1.591109e+00
372	4.783112e-01	5.476831e-01	2.199805e+00
373	3.800816e-01	3.433969e-01	2.208598e+00
374	4.610350e-01	4.427197e-01	1.322423e+00
375	5.338998e-01	8.075430e-01	2.361016e+00
376	3.453796e-01	5.143776e-01	1.815828e+00
377	4.694071e-01	5.134973e-01	1.328285e+00
378	4.608586e-01	4.965717e-01	1.883244e+00
379	3.429671e-01	3.783392e-01	1.599902e+00
380	5.586646e-01	8.113090e-01	2.343429e+00
381	4.694483e-01	4.761958e-01	1.835369e+00
383	4.331435e-01	4.785241e-01	1.698583e+00
384	7.411750e-01	3.621386e-01	2.761602e+00
385	4.767401e-01	5.825164e-01	1.961407e+00
386	6.200658e-01	5.614973e-01	2.449927e+00
387	4.621276e-01	4.622618e-01	2.669761e+00
388	5.318269e-01	4.815732e-01	2.597460e+00
389	4.703459e-01	4.953456e-01	2.960918e+00
390	4.601020e-01	4.991244e-01	1.655594e+00
391	4.672261e-01	5.594562e-01	2.572057e+00
392	4.671752e-01	4.890686e-01	1.234489e+00
393	4.256125e-01	5.241573e-01	1.607719e+00
394	4.693821e-01	5.114387e-01	2.643381e+00
395	5.027950e-01	6.841906e-01	1.233512e+00
397	4.866194e-01	5.100211e-01	1.083048e+00
398	5.183132e-01	1.428008e-01	2.453835e+00
399	4.158911e-01	5.995969e-01	2.169516e+00
400	4.546471e-01	4.544537e-01	1.634099e+00
401	7.241834e-01	5.636997e-01	1.314607e+00
402	4.723745e-01	4.653224e-01	2.292623e+00
403	6.138514e-01	7.077710e-01	1.759160e+00
404	4.216130e-01	6.080774e-01	2.942355e+00
405	4.949920e-01	6.050961e-01	1.358574e+00
406	4.737378e-01	5.136418e-01	1.474841e+00
407	6.761508e-01	6.203122e-01	2.850513e+00
408	5.453472e-01	6.546018e-01	2.543723e+00
409	4.921107e-01	4.981305e-01	1.170005e+00
410	4.577695e-01	5.078742e-01	2.011236e+00
411	5.362445e-01	4.459030e-01	2.982413e+00
412	7.931231e-01	2.089899e-01	1.578407e+00
413	5.903817e-01	6.293723e-01	2.904250e+00
414	4.629487e-01	4.727097e-01	2.948217e+00
415	4.589529e-01	5.123490e-01	1.856864e+00
416	4.573961e-01	4.674159e-01	1.780655e+00
417	4.555373e-01	5.023634e-01	1.223742e+00
418	4.802439e-01	4.828483e-01	2.928676e+00
419	4.564903e-01	5.007335e-01	1.055691e+00
420	4.541843e-01	5.340131e-01	2.823156e+00
421	4.728386e-01	5.109690e-01	2.886663e+00
422	4.768942e-01	5.202574e-01	1.391793e+00
423	6.470247e-01	3.328912e-01	1.467025e+00
424	4.513285e-01	4.752738e-01	1.512946e+00
425	1.367327e-01	5.291750e-01	1.960430e+00
426	1.577509e-01	5.133597e-01	2.254519e+00
427	4.562363e-01	4.376991e-01	2.899365e+00
428	4.598639e-01	5.428890e-01	1.247191e+00
429	4.786873e-01	5.219109e-01	1.802149e+00
430	4.917078e-01	5.315672e-01	1.663410e+00
431	4.709289e-01	5.784395e-01	2.556424e+00
433	4.523181e-01	5.017423e-01	2.475330e+00
434	5.162336e-01	5.482578e-01	2.923791e+00
435	5.159678e-01	3.572448e-01	2.906204e+00
437	4.558044e-01	5.618349e-01	2.476307e+00
438	5.856126e-01	5.688679e-01	2.065950e+00
439	4.706778e-01	5.142924e-01	1.983879e+00
440	4.644419e-01	6.116114e-01	1.637030e+00
441	5.693472e-01	3.616832e-01	1.338056e+00
442	3.557500e-01	5.626324e-01	2.406937e+00
443	5.410469e-01	2.633048e-01	1.422081e+00
444	4.826346e-01	5.240768e-01	2.956033e+00
445	4.800709e-01	5.153341e-01	2.601368e+00
446	5.602272e-01	5.365386e-01	1.846116e+00
447	4.676308e-01	4.936893e-01	1.264778e+00
448	4.929495e-01	6.155044e-01	1.119199e+00
449	4.534228e-01	4.037344e-01	1.956522e+00
450	4.476890e-01	6.539575e-01	2.971666e+00
451	4.622905e-01	5.134089e-01	2.149976e+00
452	5.235437e-01	4.879970e-01	1.574499e+00
453	4.369828e-01	2.567304e-01	1.775769e+00
455	4.555314e-01	4.722437e-01	2.984367e+00
456	4.902204e-01	5.792467e-01	1.577430e+00
457	5.330479e-01	5.721148e-01	2.955056e+00
458	4.531177e-01	5.350154e-01	2.865169e+00
459	4.478835e-01	4.026793e-01	1.672203e+00
461	3.400059e-01	7.384978e-01	2.513434e+00
462	4.311642e-01	4.361516e-01	1.853933e+00
463	5.031660e-01	5.536613e-01	2.858329e+00
464	4.568762e-01	3.651369e-01	1.574499e+00
465	3.903059e-01	5.295399e-01	1.432829e+00
466	4.702699e-01	5.110784e-01	1.500244e+00
467	4.033933e-01	3.492537e-01	1.323400e+00
468	4.585764e-01	5.161349e-01	2.147044e+00
469	4.663944e-01	4.891441e-01	2.698095e+00
470	4.735871e-01	4.900308e-01	1.364436e+00
471	6.100932e-01	7.201652e-01	2.076698e+00
472	4.662522e-01	5.091138e-01	2.011236e+00
473	4.924990e-01	3.572410e-01	1.215926e+00
474	4.609010e-01	5.027068e-01	2.299463e+00
475	5.531662e-01	4.721282e-01	1.683928e+00
476	4.584368e-01	5.037920e-01	2.081583e+00
477	4.438347e-01	4.654196e-01	2.350269e+00
478	4.312356e-01	6.486810e-01	2.728383e+00
479	3.667941e-01	3.608426e-01	1.194431e+00
480	4.933770e-01	5.746973e-01	2.515388e+00
481	4.409513e-01	3.110481e-01	1.865657e+00
482	4.845345e-01	7.966161e-01	1.802149e+00
483	4.453598e-01	4.400939e-01	1.367367e+00
484	4.571278e-01	4.129345e-01	1.148510e+00
485	5.558023e-01	6.340031e-01	2.427455e+00
486	3.760158e-01	4.978005e-01	2.196873e+00
487	3.812600e-01	5.215990e-01	2.386419e+00
488	4.708609e-01	5.294988e-01	1.294089e+00
489	4.796883e-01	6.265869e-01	1.687836e+00
490	4.330676e-01	6.115918e-01	1.146556e+00
491	5.881589e-01	7.554154e-01	1.597948e+00
492	5.184827e-01	5.059918e-01	2.412799e+00
493	3.905365e-01	3.662245e-01	1.227650e+00
494	4.923780e-01	4.435685e-01	2.522228e+00
495	4.777911e-01	4.983159e-01	1.437714e+00
496	4.750243e-01	5.901742e-01	1.523693e+00
497	5.411073e-01	6.104436e-01	1.221788e+00
498	4.169509e-01	4.451936e-01	1.652662e+00
499	5.106283e-01	6.796046e-01	1.269663e+00
500	4.665300e-01	5.144506e-01	2.967758e+00
501	4.742790e-01	5.044962e-01	2.546654e+00
502	4.387723e-01	1.439232e-01	1.818759e+00
503	4.621404e-01	5.362052e-01	1.919394e+00
504	4.649265e-01	5.257654e-01	2.563263e+00
505	5.373246e-01	6.502978e-01	1.451392e+00
506	4.801749e-01	5.972315e-01	1.718124e+00
507	4.840958e-01	5.241364e-01	1.207132e+00
508	4.722451e-01	5.001680e-01	1.236444e+00
509	4.041628e-01	4.273987e-01	2.622863e+00
510	3.692397e-01	5.653512e-01	2.549585e+00
511	4.751376e-01	5.101775e-01	2.966781e+00
512	4.986302e-01	6.914957e-01	2.395213e+00
513	5.350427e-01	5.653527e-01	1.534441e+00
514	3.728081e-01	3.687335e-01	1.550073e+00
515	4.737971e-01	4.894947e-01	1.610650e+00
516	5.233842e-01	7.033026e-01	1.612604e+00
517	4.480262e-01	5.126972e-01	1.086957e+00
518	4.141576e-01	5.886624e-01	2.282853e+00
519	2.991865e-01	2.104651e-01	1.573522e+00
520	4.521892e-01	5.341633e-01	2.497802e+00
521	4.791762e-01	5.069275e-01	1.752320e+00
523	4.887952e-01	5.106471e-01	1.209086e+00
524	5.319570e-01	6.939729e-01	2.755740e+00
525	3.263668e-01	5.171336e-01	1.499267e+00
526	4.823945e-01	5.244874e-01	1.014656e+00
527	7.385343e-01	7.252077e-01	2.891549e+00
528	4.819868e-01	5.284947e-01	2.478261e+00
529	6.028486e-01	6.371639e-01	1.898876e+00
530	4.496902e-01	5.052464e-01	1.188569e+00
531	4.740993e-01	5.818768e-01	2.785051e+00
532	4.709643e-01	5.080478e-01	2.945286e+00
533	4.803210e-01	4.712953e-01	2.458720e+00
534	4.606402e-01	5.088018e-01	2.673669e+00
535	4.567387e-01	5.052069e-01	1.399609e+00
536	4.783217e-01	4.965749e-01	2.604299e+00
537	4.696572e-01	5.110039e-01	1.529555e+00
538	4.720816e-01	5.145714e-01	2.823156e+00
539	5.118155e-01	5.552987e-01	2.826087e+00
540	4.621136e-01	4.838322e-01	2.844651e+00
541	4.634459e-01	4.248596e-01	2.290669e+00
542	4.869247e-01	4.962227e-01	2.570103e+00
543	4.449261e-01	4.960511e-01	2.396190e+00
544	4.487737e-01	5.456214e-01	1.318515e+00
545	4.303779e-01	4.558011e-01	2.605276e+00
546	5.488117e-01	5.338413e-01	2.683439e+00
547	4.522196e-01	5.010247e-01	1.587201e+00
548	5.089833e-01	6.656452e-01	1.375183e+00
549	4.646700e-01	5.319666e-01	2.298486e+00
550	3.241114e-01	4.521255e-01	1.285296e+00
551	4.724380e-01	5.188100e-01	2.983390e+00
552	4.965000e-01	4.795708e-01	1.195408e+00
553	4.712881e-01	4.993819e-01	2.414753e+00
554	4.017428e-01	6.961731e-01	1.843185e+00
555	4.880673e-01	4.481069e-01	2.396190e+00
556	5.598908e-01	5.391117e-01	3.000000e+00
557	4.497210e-01	4.997318e-01	2.728383e+00
559	4.712209e-01	5.148707e-01	1.944797e+00
560	4.738100e-01	6.702534e-01	2.883732e+00
561	4.954146e-01	3.578940e-01	2.383488e+00
562	3.803841e-01	5.836972e-01	2.506595e+00
563	4.938551e-01	5.298466e-01	1.786517e+00
564	4.988036e-01	4.626892e-01	2.893503e+00
565	4.675349e-01	5.175807e-01	2.981436e+00
566	4.909743e-01	5.272601e-01	2.663898e+00
567	4.680094e-01	4.742346e-01	2.227162e+00
568	4.745523e-01	5.258063e-01	1.527601e+00
569	3.569265e-01	3.684752e-01	2.610161e+00
570	8.372470e-01	2.933374e-01	1.058622e+00
571	4.623000e-01	4.589728e-01	2.782120e+00
573	4.548245e-01	5.044716e-01	2.109917e+00
574	4.719157e-01	5.158983e-01	2.074744e+00
575	4.504333e-01	5.404983e-01	2.319003e+00
576	5.208264e-01	5.444021e-01	1.290181e+00
577	4.723223e-01	4.359274e-01	1.286273e+00
578	4.423174e-01	4.350319e-01	1.881290e+00
579	4.801693e-01	5.345959e-01	1.664387e+00
580	3.075294e-01	4.312337e-01	1.242306e+00
581	4.284174e-01	5.784841e-01	1.927211e+00
582	4.742126e-01	5.084580e-01	2.820225e+00
583	5.278946e-01	6.668143e-01	2.792868e+00
584	3.834227e-01	5.796788e-01	1.201270e+00
585	4.795227e-01	4.890763e-01	1.898876e+00
586	4.752346e-01	5.060459e-01	1.782609e+00
587	4.563719e-01	5.377910e-01	1.561798e+00
588	4.694019e-01	5.114738e-01	2.282853e+00
589	4.453920e-01	4.616112e-01	2.210552e+00
590	5.201656e-01	4.592479e-01	1.020518e+00
591	4.601237e-01	4.586095e-01	1.784563e+00
592	4.655728e-01	5.145232e-01	1.275525e+00
593	4.604906e-01	5.015914e-01	1.212995e+00
594	5.172741e-01	5.235591e-01	2.964827e+00
595	4.741146e-01	4.931083e-01	2.079629e+00
596	3.036509e-01	2.930846e-01	1.187592e+00
597	4.352997e-01	4.971332e-01	1.258915e+00
598	4.953020e-01	5.012761e-01	1.999511e+00
599	4.721109e-01	5.237541e-01	1.264778e+00
600	4.707987e-01	5.088835e-01	1.110405e+00
601	5.577619e-01	8.538674e-01	1.107474e+00
602	4.408736e-01	5.313287e-01	1.070347e+00
603	4.800840e-01	5.203405e-01	2.400098e+00
604	4.516903e-01	5.970744e-01	2.871031e+00
605	4.701780e-01	5.107045e-01	2.739130e+00
606	4.915994e-01	5.144645e-01	2.061065e+00
607	3.507074e-01	4.718111e-01	1.073278e+00
608	4.675888e-01	5.078554e-01	2.799707e+00
609	4.057836e-01	4.190127e-01	2.010259e+00
610	5.022818e-01	4.954314e-01	1.700537e+00
611	4.672306e-01	5.001174e-01	1.339033e+00
612	4.389104e-01	5.848998e-01	2.227162e+00
613	6.922554e-01	2.146383e-01	2.482169e+00
614	4.678131e-01	5.012154e-01	2.958964e+00
615	5.269253e-01	3.990362e-01	1.443576e+00
616	3.691750e-01	5.157494e-01	2.381534e+00
617	4.542124e-01	3.605930e-01	1.971177e+00
618	4.754258e-01	5.078355e-01	2.960918e+00
619	3.317554e-01	3.446947e-01	1.812897e+00
620	4.188309e-01	4.958649e-01	1.170982e+00
621	5.298012e-01	6.288140e-01	1.277479e+00
622	3.164342e-01	4.754650e-01	1.176844e+00
623	4.455915e-01	5.047982e-01	1.636053e+00
624	3.995066e-01	5.935749e-01	2.336590e+00
625	5.323472e-01	5.277130e-01	1.343918e+00
626	4.692305e-01	5.218127e-01	1.905716e+00
627	4.823447e-01	4.621206e-01	1.784563e+00
628	4.677601e-01	5.087773e-01	2.063996e+00
629	4.782257e-01	5.152636e-01	2.497802e+00
630	5.204782e-01	4.735971e-01	2.870054e+00
631	4.489630e-01	5.944096e-01	1.729849e+00
632	4.246384e-01	4.231770e-01	2.290669e+00
633	4.708008e-01	5.139930e-01	2.841720e+00
634	4.713822e-01	5.160235e-01	2.195896e+00
635	4.930707e-01	5.210118e-01	1.601856e+00
636	4.515071e-01	4.806460e-01	2.449927e+00
637	5.160302e-01	5.428791e-01	1.462140e+00
638	4.683912e-01	5.109308e-01	2.041524e+00
639	4.688207e-01	5.119514e-01	2.061065e+00
640	3.590602e-01	4.588009e-01	2.130435e+00
641	4.516301e-01	3.306413e-01	2.205667e+00
642	4.734408e-01	5.092169e-01	2.184172e+00
643	5.479186e-01	5.269730e-01	2.747924e+00
644	3.972564e-01	5.796282e-01	2.909135e+00
645	4.724253e-01	5.139875e-01	2.777235e+00
646	5.270827e-01	5.554471e-01	1.295066e+00
647	4.687238e-01	4.802171e-01	1.050806e+00
648	4.134512e-01	5.330222e-01	1.191500e+00
649	4.609388e-01	5.072085e-01	1.198339e+00
650	4.801042e-01	5.304561e-01	2.656082e+00
651	4.357729e-01	4.853036e-01	1.692721e+00
652	7.721086e-01	7.318417e-01	2.330728e+00
653	4.681083e-01	5.246714e-01	1.906693e+00
654	4.382192e-01	5.067787e-01	2.192965e+00
655	4.964047e-01	5.505369e-01	1.200293e+00
656	4.852713e-01	5.216386e-01	2.361016e+00
657	3.947474e-01	3.391398e-01	2.080606e+00
658	4.811352e-01	4.960752e-01	2.017098e+00
659	5.175802e-01	4.879760e-01	2.191011e+00
660	7.547303e-01	6.536367e-01	1.667318e+00
661	5.188954e-01	5.423773e-01	2.229116e+00
662	2.562061e-01	4.032027e-01	1.188569e+00
663	4.234237e-01	4.802231e-01	2.714704e+00
664	4.976391e-01	5.797012e-01	1.979971e+00
665	5.041747e-01	5.890689e-01	2.954079e+00
666	2.997663e-01	4.091345e-01	1.803127e+00
667	4.512565e-01	5.271469e-01	1.039082e+00
668	6.534430e-01	3.463931e-01	1.893014e+00
669	4.544171e-01	4.405772e-01	1.778701e+00
670	6.677771e-01	5.086688e-01	1.807035e+00
671	4.527562e-01	4.852506e-01	1.102589e+00
672	4.769152e-01	7.558281e-01	1.879336e+00
673	5.033325e-01	4.371083e-01	1.984856e+00
674	4.698097e-01	5.115008e-01	2.238886e+00
675	4.730507e-01	4.791333e-01	2.868100e+00
676	4.706039e-01	5.194061e-01	2.748901e+00
677	5.245874e-01	7.206197e-01	1.578407e+00
678	4.819524e-01	5.498432e-01	1.621397e+00
679	4.732740e-01	5.128694e-01	2.657059e+00
680	4.464613e-01	4.716177e-01	2.404983e+00
681	4.889117e-01	5.585560e-01	2.272106e+00
682	4.605718e-01	5.261069e-01	1.463117e+00
683	4.802194e-01	5.241346e-01	2.316072e+00
684	4.617916e-01	4.896936e-01	2.334636e+00
685	4.751906e-01	4.476750e-01	1.365413e+00
686	5.074897e-01	6.090547e-01	2.105032e+00
687	4.936255e-01	5.211029e-01	1.339033e+00
688	4.815924e-01	5.267405e-01	2.932584e+00
689	4.734434e-01	5.027566e-01	2.378603e+00
690	4.711992e-01	5.057411e-01	1.833415e+00
691	2.879340e-01	4.666691e-01	1.663410e+00
692	5.276220e-01	4.861050e-01	2.251588e+00
693	6.210352e-01	3.974933e-01	1.766976e+00
694	3.833274e-01	4.609479e-01	1.575476e+00
695	5.442730e-01	2.948729e-01	2.771373e+00
696	4.770974e-01	5.189350e-01	2.787005e+00
697	4.828718e-01	5.155092e-01	1.959453e+00
698	4.848605e-01	4.755171e-01	2.187103e+00
699	4.691976e-01	5.127534e-01	2.430386e+00
700	4.862621e-01	5.265591e-01	2.679531e+00
701	4.954889e-01	5.940369e-01	2.191988e+00
702	5.164588e-01	5.283374e-01	2.945286e+00
703	4.449786e-01	5.176643e-01	2.793845e+00
704	4.456990e-01	4.761642e-01	2.132389e+00
705	5.710146e-01	5.639649e-01	1.627259e+00
706	4.585286e-01	5.008917e-01	1.623351e+00
707	4.624161e-01	5.146529e-01	2.772350e+00
708	4.735519e-01	5.151829e-01	1.552027e+00
709	5.648865e-01	5.013512e-01	1.180752e+00
710	4.879335e-01	5.328435e-01	1.632145e+00
711	3.206373e-01	2.393184e-01	1.680997e+00
712	5.674904e-01	5.589204e-01	2.828041e+00
713	4.198691e-01	5.340285e-01	1.703468e+00
714	4.394729e-01	3.654758e-01	1.471910e+00
715	4.626461e-01	5.260068e-01	2.368832e+00
716	4.643674e-01	5.274812e-01	1.961407e+00
717	4.725263e-01	5.142285e-01	1.756229e+00
718	4.622276e-01	5.324036e-01	2.987298e+00
719	4.646017e-01	5.073848e-01	2.332682e+00
720	4.594987e-01	5.409320e-01	1.097704e+00
721	4.933592e-01	6.331550e-01	1.954568e+00
722	4.729286e-01	5.091681e-01	1.704446e+00
723	4.694940e-01	5.114559e-01	1.853933e+00
724	4.471439e-01	5.422335e-01	2.829995e+00
725	3.873535e-01	5.287761e-01	2.232047e+00
726	4.574439e-01	4.424181e-01	2.587689e+00
727	6.122493e-01	3.040511e-01	2.698095e+00
729	4.868375e-01	4.228866e-01	1.212995e+00
730	4.204682e-01	5.329987e-01	1.502198e+00
731	4.713835e-01	5.078167e-01	2.614069e+00
732	5.547455e-01	6.681469e-01	2.880801e+00
733	4.766698e-01	5.098596e-01	1.956522e+00
734	5.124104e-01	5.985467e-01	2.745970e+00
735	7.946209e-01	4.362895e-01	1.179775e+00
736	4.127031e-01	5.664892e-01	1.935027e+00
737	4.770586e-01	5.182696e-01	1.975085e+00
738	4.735431e-01	5.969956e-01	1.067416e+00
739	5.025943e-01	4.351561e-01	2.024915e+00
740	3.550862e-01	4.583290e-01	2.810454e+00
741	4.878093e-01	6.085975e-01	2.428432e+00
742	4.823185e-01	5.448879e-01	1.957499e+00
743	4.522189e-01	6.574702e-01	2.306302e+00
744	4.466333e-01	4.978551e-01	2.557401e+00
745	5.032498e-01	5.702702e-01	1.243283e+00
746	5.045524e-01	5.332785e-01	2.429409e+00
747	4.412339e-01	5.374703e-01	2.523205e+00
748	5.807011e-01	6.604069e-01	2.842697e+00
749	4.689388e-01	5.109020e-01	2.247680e+00
750	4.780402e-01	5.534477e-01	2.000489e+00
751	4.781389e-01	5.196225e-01	2.446019e+00
752	4.755090e-01	5.119678e-01	2.360039e+00
753	6.332659e-01	4.364608e-01	2.567171e+00
754	4.713244e-01	5.285792e-01	2.415730e+00
755	4.382639e-01	5.286833e-01	1.989741e+00
756	4.728466e-01	5.064918e-01	2.908158e+00
757	4.495746e-01	5.330529e-01	2.731314e+00
758	4.701966e-01	5.135430e-01	2.544700e+00
759	4.695046e-01	5.104377e-01	2.890572e+00
760	4.692853e-01	5.107166e-01	1.654617e+00
761	4.620641e-01	5.170002e-01	1.008793e+00
762	4.762737e-01	4.608070e-01	1.260870e+00
763	4.492259e-01	3.539392e-01	1.347826e+00
764	4.753489e-01	5.118810e-01	1.325354e+00
765	4.763279e-01	5.125420e-01	1.420127e+00
766	4.482159e-01	2.836629e-01	2.845628e+00
767	5.181161e-01	5.489890e-01	1.853933e+00
768	4.745861e-01	5.236350e-01	1.303859e+00
769	5.046092e-01	5.870592e-01	1.294089e+00
770	6.703688e-01	2.393341e-01	1.675134e+00
771	4.345315e-01	4.752167e-01	2.417684e+00
772	4.608510e-01	5.962441e-01	2.053249e+00
773	4.704972e-01	5.206966e-01	1.276502e+00
774	5.938930e-01	4.717713e-01	2.779189e+00
775	1.753972e-01	3.524476e-01	1.984856e+00
776	5.574274e-01	6.109485e-01	2.295554e+00
777	4.709806e-01	5.068360e-01	1.652662e+00
778	4.748878e-01	5.167700e-01	2.464582e+00
779	4.658658e-01	5.127306e-01	1.763068e+00
780	4.754818e-01	5.122145e-01	2.026869e+00
781	5.512245e-01	5.922640e-01	1.160234e+00
782	4.837833e-01	7.230453e-01	2.302394e+00
783	4.855199e-01	5.358744e-01	1.384954e+00
784	5.158059e-01	5.808054e-01	2.598437e+00
785	4.649177e-01	5.373560e-01	2.130435e+00
786	4.501235e-01	5.137804e-01	1.690767e+00
787	4.560879e-01	5.308935e-01	1.940889e+00
788	4.699044e-01	5.085718e-01	2.099170e+00
