779
0	1.108231e-01	3.701904e-01	1.398632e+00
1	5.241422e-01	6.325031e-01	1.108451e+00
2	3.911520e-01	4.438271e-01	2.925745e+00
3	5.072782e-01	5.838584e-01	2.732291e+00
4	4.611155e-01	3.430402e-01	1.257938e+00
5	5.101809e-01	5.938969e-01	2.424524e+00
6	7.044498e-01	8.472254e-01	1.383000e+00
7	4.964672e-01	5.472602e-01	2.705911e+00
8	4.805124e-01	5.570950e-01	2.442110e+00
9	4.717852e-01	5.091440e-01	2.233024e+00
10	4.238389e-01	4.872770e-01	2.376649e+00
11	4.806092e-01	5.381944e-01	1.556913e+00
12	3.893898e-01	4.188855e-01	2.950171e+00
13	5.497342e-01	5.273875e-01	1.066439e+00
14	4.712540e-01	5.120654e-01	1.626282e+00
15	4.992281e-01	5.113340e-01	1.306790e+00
16	4.733832e-01	5.088127e-01	2.902296e+00
17	4.503665e-01	3.987849e-01	1.195408e+00
18	4.634314e-01	5.187112e-01	1.785540e+00
19	4.599346e-01	4.502623e-01	1.248168e+00
20	4.925975e-01	4.854953e-01	1.863703e+00
21	4.265738e-01	4.065005e-01	2.671715e+00
22	4.755673e-01	4.994510e-01	2.487054e+00
23	6.743876e-01	5.296466e-01	1.946751e+00
24	4.377466e-01	5.535071e-01	1.303859e+00
25	3.146897e-01	2.449542e-01	2.152907e+00
26	4.608899e-01	5.310215e-01	1.388862e+00
27	4.934071e-01	5.373551e-01	1.591109e+00
28	5.332317e-01	5.446423e-01	2.205667e+00
29	4.631158e-01	4.959560e-01	2.181241e+00
30	4.031036e-01	6.221691e-01	1.475818e+00
31	5.540494e-01	4.767587e-01	2.309233e+00
32	5.096346e-01	5.359300e-01	2.073766e+00
33	2.769096e-01	2.581494e-01	2.331705e+00
34	5.063467e-01	5.406132e-01	1.126038e+00
35	3.821489e-01	7.708157e-01	2.235955e+00
36	4.035182e-01	7.462193e-01	2.805569e+00
37	5.255181e-01	5.358793e-01	2.555447e+00
38	4.724341e-01	5.205801e-01	2.559355e+00
39	4.793001e-01	5.319142e-01	1.895945e+00
40	4.941666e-01	5.238546e-01	1.282364e+00
41	3.835108e-01	3.715054e-01	2.750855e+00
42	4.744903e-01	4.955507e-01	2.412799e+00
43	4.672018e-01	5.228280e-01	2.557401e+00
44	4.493826e-01	6.582485e-01	1.648754e+00
45	5.183737e-01	4.168063e-01	1.721055e+00
46	4.248570e-01	4.534029e-01	2.588666e+00
47	4.645471e-01	5.283616e-01	1.525647e+00
48	4.712840e-01	5.097936e-01	2.751832e+00
49	3.869735e-01	4.707275e-01	2.625794e+00
50	4.101773e-01	4.470001e-01	1.663410e+00
51	4.769779e-01	5.155026e-01	2.560332e+00
52	4.714146e-01	4.878437e-01	1.696629e+00
53	4.945811e-01	5.120327e-01	1.506106e+00
54	4.690376e-01	5.127816e-01	2.675623e+00
55	4.036584e-01	4.263888e-01	2.497802e+00
56	5.447530e-01	7.614573e-01	1.031265e+00
57	4.548187e-01	4.910810e-01	2.361993e+00
58	3.728541e-01	4.447878e-01	1.866634e+00
60	4.092399e-01	9.200191e-02	1.503175e+00
61	4.339871e-01	4.780302e-01	2.449927e+00
62	4.839470e-01	5.066780e-01	2.831949e+00
63	4.861466e-01	5.262615e-01	2.317049e+00
64	4.823557e-01	5.181671e-01	2.353200e+00
65	4.761157e-01	5.135667e-01	2.575965e+00
66	5.122043e-01	4.650105e-01	2.922814e+00
67	4.049987e-01	3.802644e-01	2.289692e+00
68	4.042132e-01	4.113725e-01	2.766488e+00
69	5.314166e-01	5.890552e-01	1.522716e+00
70	4.400964e-01	4.800900e-01	2.769419e+00
71	4.752850e-01	4.800948e-01	1.110405e+00
72	4.917765e-01	5.447171e-01	1.412311e+00
73	6.715569e-01	6.298796e-01	1.951637e+00
74	4.834808e-01	3.748710e-01	1.449438e+00
75	5.589917e-01	6.474119e-01	2.176356e+00
76	5.246368e-01	5.473683e-01	1.212995e+00
77	4.629923e-01	4.838516e-01	1.872496e+00
78	4.855381e-01	5.339692e-01	1.606742e+00
79	4.554460e-01	6.082242e-01	1.183683e+00
80	4.667823e-01	5.244241e-01	2.736199e+00
81	4.748886e-01	5.133579e-01	1.617489e+00
82	4.149120e-01	4.426071e-01	2.456766e+00
83	4.149818e-01	3.730046e-01	1.406448e+00
84	4.530664e-01	4.678572e-01	2.453835e+00
85	4.798522e-01	5.119820e-01	2.712750e+00
86	4.781773e-01	5.137368e-01	2.877870e+00
87	6.316824e-01	6.676915e-01	1.533464e+00
88	4.107589e-01	4.023994e-01	2.169516e+00
89	2.961880e-01	3.722163e-01	2.483146e+00
90	4.424535e-01	4.216461e-01	1.538349e+00
91	4.925463e-01	5.074875e-01	1.117245e+00
92	4.922677e-01	5.315148e-01	2.709819e+00
93	4.458768e-01	5.096053e-01	2.929653e+00
94	4.067952e-01	6.358261e-01	2.125550e+00
95	4.420799e-01	4.009036e-01	2.148999e+00
96	4.785367e-01	5.096261e-01	1.206155e+00
98	4.735580e-01	4.940107e-01	1.997557e+00
99	4.066264e-01	4.223759e-01	1.753298e+00
100	4.837713e-01	4.935008e-01	1.491451e+00
101	4.751643e-01	5.095764e-01	2.381534e+00
102	4.932177e-01	5.353916e-01	1.837323e+00
103	3.961117e-01	3.964698e-01	2.723498e+00
104	3.732002e-01	4.492484e-01	1.216903e+00
105	4.886782e-01	5.355803e-01	1.385931e+00
106	7.851603e-01	9.990615e-01	1.094773e+00
107	4.754404e-01	5.288455e-01	1.887152e+00
108	3.222156e-01	5.647588e-01	1.869565e+00
109	4.141576e-01	6.124717e-01	2.657059e+00
110	5.353421e-01	4.964865e-01	1.905716e+00
111	4.495449e-01	5.097931e-01	2.319980e+00
113	5.073600e-01	5.857599e-01	1.155349e+00
114	4.894451e-01	5.302639e-01	1.261847e+00
115	5.306771e-01	6.281396e-01	1.308745e+00
116	5.557171e-01	8.242637e-01	1.148510e+00
117	4.609661e-01	4.470655e-01	1.865657e+00
118	4.934822e-01	5.778731e-01	2.988276e+00
119	5.091652e-01	4.212568e-01	1.479726e+00
120	4.555748e-01	4.524503e-01	2.095261e+00
121	5.094263e-01	5.268189e-01	2.442110e+00
122	4.430071e-01	7.111476e-01	1.070347e+00
123	3.600339e-01	4.961395e-01	1.417196e+00
124	4.651389e-01	4.872246e-01	2.817294e+00
126	5.275290e-01	5.637211e-01	2.738153e+00
127	5.618364e-01	5.751477e-01	2.338544e+00
128	5.165048e-01	3.724479e-01	1.282364e+00
129	4.862704e-01	4.964178e-01	2.676600e+00
130	5.162943e-01	3.732164e-01	2.443087e+00
131	3.782745e-01	7.051714e-01	2.375672e+00
132	6.725034e-01	3.787801e-01	1.220811e+00
133	4.434484e-01	5.279102e-01	2.407914e+00
134	4.011178e-01	4.434965e-01	2.277968e+00
135	4.706907e-01	5.370311e-01	2.409868e+00
136	4.830952e-01	5.075913e-01	2.083537e+00
137	4.763581e-01	4.255344e-01	2.286761e+00
138	5.187657e-01	2.729095e-01	1.194431e+00
139	4.872516e-01	4.916772e-01	2.818271e+00
140	4.621672e-01	3.883760e-01	2.827064e+00
141	4.832468e-01	4.849950e-01	1.684905e+00
142	4.730002e-01	5.309639e-01	1.999511e+00
143	4.742012e-01	5.197559e-01	1.956522e+00
144	4.642595e-01	4.569320e-01	2.323889e+00
145	4.578520e-01	5.955689e-01	2.501710e+00
146	6.791451e-01	3.546233e-01	2.395213e+00
147	3.876647e-01	4.917239e-01	2.719590e+00
148	4.745403e-01	5.104836e-01	2.937469e+00
149	5.274171e-01	5.357992e-01	2.803615e+00
150	5.972366e-01	6.028271e-01	1.794333e+00
151	4.517625e-01	5.055832e-01	2.611138e+00
152	4.586134e-01	4.797696e-01	1.724963e+00
153	4.916100e-01	5.043845e-01	1.983879e+00
154	4.744687e-01	5.124920e-01	2.181241e+00
155	4.887201e-01	5.856563e-01	1.295066e+00
156	5.043834e-01	6.090679e-01	1.970200e+00
157	5.018478e-01	4.928535e-01	2.387396e+00
158	6.181129e-01	4.174178e-01	2.386419e+00
159	4.468589e-01	4.321549e-01	2.647289e+00
160	4.672456e-01	5.039189e-01	1.686859e+00
161	4.635814e-01	4.920307e-01	1.553981e+00
162	4.132030e-01	4.479872e-01	1.764045e+00
163	4.098918e-01	3.846104e-01	1.632145e+00
164	4.755812e-01	5.086084e-01	1.235467e+00
165	4.629969e-01	4.912834e-01	2.251588e+00
166	4.676178e-01	5.222717e-01	1.751343e+00
167	4.188394e-01	5.128508e-01	1.715193e+00
168	4.746313e-01	5.106182e-01	2.109917e+00
169	4.581575e-01	4.414049e-01	2.137274e+00
170	4.599072e-01	4.303679e-01	2.099170e+00
171	3.801958e-01	4.319352e-01	2.057157e+00
172	5.203781e-01	4.797398e-01	2.246702e+00
173	4.909950e-01	4.720260e-01	1.894968e+00
174	4.538789e-01	5.805420e-01	2.453835e+00
175	4.866780e-01	5.180006e-01	2.834880e+00
176	5.092711e-01	5.219905e-01	2.215437e+00
177	4.749912e-01	5.051488e-01	2.153884e+00
178	4.815285e-01	5.093069e-01	2.475330e+00
179	4.126746e-01	3.859825e-01	1.274548e+00
180	5.091797e-01	5.450415e-01	2.127504e+00
181	4.817496e-01	4.887128e-01	1.790425e+00
182	4.665093e-01	4.829809e-01	1.736688e+00
183	3.383445e-01	4.227598e-01	1.692721e+00
184	5.337046e-01	5.976298e-01	2.042501e+00
185	5.193566e-01	3.620895e-01	1.468979e+00
186	4.561478e-01	5.474927e-01	1.784563e+00
187	3.691142e-01	2.452405e-01	2.653151e+00
188	4.936079e-01	5.409980e-01	1.839277e+00
189	4.722068e-01	5.230728e-01	1.175867e+00
190	4.700284e-01	4.539513e-01	2.807523e+00
191	3.063763e-01	3.989655e-01	2.811431e+00
192	5.290129e-01	4.777629e-01	1.192477e+00
193	5.611331e-01	6.542117e-01	1.620420e+00
194	6.243345e-01	4.127452e-01	2.624817e+00
195	4.763355e-01	5.036971e-01	2.806546e+00
196	5.983847e-01	6.570024e-01	1.763068e+00
197	4.475476e-01	7.475719e-01	2.060088e+00
198	5.554696e-01	5.815905e-01	2.458720e+00
199	4.811917e-01	5.335391e-01	2.463605e+00
200	5.004649e-01	2.973961e-01	1.141671e+00
201	4.620961e-01	5.121349e-01	1.146556e+00
202	5.111939e-01	5.999697e-01	1.395701e+00
203	4.295171e-01	5.048618e-01	1.755252e+00
204	4.454324e-01	4.733572e-01	2.901319e+00
205	4.769275e-01	4.333806e-01	2.123596e+00
206	4.062565e-01	4.868241e-01	1.652662e+00
207	4.944281e-01	5.452975e-01	1.199316e+00
208	4.538875e-01	4.837029e-01	2.170493e+00
209	6.630871e-01	5.867628e-01	2.733268e+00
210	5.015187e-01	5.780960e-01	1.545188e+00
211	4.425011e-01	5.179108e-01	1.376160e+00
212	4.692631e-01	5.282599e-01	1.621397e+00
213	4.665749e-01	5.012845e-01	1.883244e+00
214	4.646992e-01	5.038306e-01	1.612604e+00
215	4.883677e-01	4.856940e-01	2.909135e+00
216	4.813271e-01	5.350274e-01	1.354665e+00
217	4.805313e-01	4.857201e-01	2.770396e+00
218	4.206727e-01	5.285969e-01	2.148999e+00
219	4.830462e-01	4.718987e-01	2.624817e+00
220	5.166708e-01	4.400274e-01	2.697118e+00
221	5.206404e-01	5.207538e-01	1.938935e+00
222	5.983046e-01	4.881201e-01	1.854910e+00
223	4.993973e-01	5.201974e-01	2.625794e+00
224	4.301189e-01	4.624542e-01	2.984367e+00
225	4.318775e-01	4.416829e-01	2.693210e+00
226	4.918994e-01	5.479293e-01	2.276014e+00
227	4.735902e-01	5.058917e-01	1.245237e+00
228	4.654637e-01	5.096323e-01	1.489497e+00
229	4.872899e-01	5.062175e-01	2.305325e+00
230	4.872841e-01	5.380020e-01	2.689301e+00
231	4.424563e-01	4.766357e-01	1.346849e+00
232	4.858944e-01	5.294340e-01	2.447973e+00
233	4.483252e-01	5.463526e-01	1.591109e+00
234	6.413154e-01	4.317470e-01	1.931119e+00
235	4.487149e-01	4.694032e-01	2.687347e+00
236	4.741142e-01	5.104554e-01	2.787982e+00
237	4.806991e-01	5.291069e-01	1.510015e+00
238	4.612871e-01	5.005123e-01	2.193942e+00
239	5.184205e-01	5.633230e-01	2.918906e+00
240	4.315488e-01	4.192254e-01	1.734734e+00
241	5.418817e-01	5.537685e-01	1.119199e+00
242	4.788163e-01	4.524687e-01	1.631168e+00
243	4.929045e-01	4.824776e-01	1.258915e+00
244	4.524209e-01	5.069415e-01	2.458720e+00
245	4.385137e-01	3.948591e-01	2.134343e+00
246	4.771675e-01	5.103823e-01	2.662921e+00
247	4.750794e-01	4.962256e-01	2.924768e+00
248	5.588718e-01	6.182579e-01	2.983390e+00
249	4.456404e-01	8.991352e-01	2.305325e+00
250	6.996373e-01	9.505428e-01	2.763556e+00
251	6.303793e-01	8.775635e-01	2.374695e+00
252	4.620167e-01	4.983437e-01	1.703468e+00
253	5.698003e-01	5.627226e-01	1.246214e+00
254	3.308221e-01	3.677411e-01	2.925745e+00
255	4.768076e-01	4.960624e-01	1.857841e+00
256	4.722787e-01	5.132473e-01	2.601368e+00
257	4.882675e-01	5.317136e-01	2.413776e+00
258	5.060984e-01	4.966569e-01	2.569126e+00
259	3.645916e-01	4.433344e-01	1.865657e+00
260	4.760343e-01	5.128778e-01	2.574988e+00
261	4.787068e-01	5.281920e-01	1.598925e+00
262	4.593383e-01	7.438669e-01	2.264289e+00
263	6.208620e-01	4.507393e-01	1.176844e+00
264	4.422378e-01	6.618990e-01	1.061553e+00
265	4.725383e-01	5.105029e-01	2.526136e+00
266	4.764473e-01	5.057565e-01	1.928188e+00
267	4.268986e-01	5.187483e-01	2.006351e+00
268	4.851414e-01	5.287957e-01	1.041036e+00
269	4.850248e-01	7.439171e-01	1.793356e+00
270	5.183953e-01	6.343853e-01	1.860772e+00
271	5.109008e-01	4.998704e-01	1.389839e+00
272	4.743285e-01	5.165075e-01	1.052760e+00
273	5.392406e-01	6.630636e-01	1.156326e+00
274	5.011200e-01	7.083043e-01	1.981925e+00
275	4.586805e-01	6.149398e-01	2.256473e+00
276	4.823044e-01	5.040938e-01	2.368832e+00
277	4.975415e-01	5.271365e-01	2.024915e+00
279	4.376256e-01	4.794323e-01	1.348803e+00
280	4.216754e-01	4.790060e-01	2.472399e+00
281	5.702348e-01	3.899692e-01	2.288715e+00
282	4.927998e-01	6.283931e-01	2.745970e+00
283	4.796465e-01	5.658372e-01	2.490962e+00
284	5.142015e-01	5.444028e-01	2.515388e+00
285	4.401614e-01	6.603374e-01	1.545188e+00
286	4.729194e-01	5.141862e-01	2.662921e+00
287	4.459707e-01	4.548186e-01	2.264289e+00
288	4.360538e-01	4.503690e-01	2.905227e+00
289	5.127555e-01	6.416762e-01	1.058622e+00
290	4.562569e-01	5.759621e-01	2.152907e+00
291	6.477720e-01	8.104482e-01	2.784074e+00
292	4.735898e-01	5.226159e-01	2.445042e+00
293	7.753684e-01	9.298933e-01	2.852467e+00
294	4.735617e-01	5.138155e-01	2.070835e+00
295	4.705131e-01	5.760829e-01	1.406448e+00
296	2.340251e-01	9.863448e-02	1.751343e+00
297	4.174947e-01	4.764406e-01	2.077675e+00
298	5.785343e-01	4.553381e-01	1.601856e+00
299	4.743541e-01	5.118689e-01	2.048363e+00
300	4.824244e-01	5.587531e-01	2.781143e+00
301	4.770993e-01	5.085616e-01	2.779189e+00
302	5.081663e-01	5.917030e-01	2.617978e+00
303	4.133840e-01	3.427953e-01	1.698583e+00
304	5.099571e-01	5.376933e-01	1.948705e+00
305	4.772673e-01	5.000116e-01	1.416219e+00
306	4.403619e-01	7.949392e-01	1.745481e+00
307	4.850773e-01	5.327881e-01	2.291646e+00
308	7.052475e-01	8.319933e-01	1.868588e+00
309	4.674016e-01	5.475403e-01	2.511480e+00
310	4.555943e-01	4.909730e-01	2.596483e+00
311	3.975808e-01	4.038224e-01	2.855398e+00
312	4.871318e-01	5.254519e-01	1.312653e+00
313	5.285145e-01	6.349318e-01	1.787494e+00
314	4.754255e-01	5.184727e-01	2.252565e+00
315	5.077946e-01	6.120907e-01	1.978017e+00
316	3.300218e-01	5.284245e-01	2.965804e+00
317	4.818417e-01	5.293239e-01	2.221299e+00
318	5.678259e-01	4.623573e-01	1.701514e+00
319	3.983261e-01	4.111760e-01	1.135809e+00
320	5.120648e-01	5.239907e-01	2.997069e+00
321	4.382103e-01	9.162360e-01	2.470445e+00
322	4.131013e-01	3.726718e-01	2.362970e+00
323	4.753010e-01	4.902118e-01	2.553493e+00
324	4.610318e-01	5.298139e-01	1.347826e+00
325	4.764972e-01	7.997227e-01	2.896434e+00
326	4.776464e-01	5.032407e-01	1.857841e+00
327	3.808727e-01	4.229319e-01	1.669272e+00
328	4.921332e-01	5.069023e-01	1.726917e+00
329	4.968544e-01	5.848779e-01	2.604299e+00
330	4.299166e-01	4.804193e-01	2.089399e+00
331	5.158079e-01	4.894472e-01	1.552027e+00
332	4.688572e-01	6.310858e-01	1.769907e+00
333	5.072661e-01	5.602632e-01	1.382022e+00
334	4.533780e-01	3.476794e-01	2.510503e+00
335	5.083023e-01	4.734873e-01	1.640938e+00
336	4.788078e-01	5.312480e-01	2.933561e+00
337	4.569507e-01	5.995838e-01	1.033219e+00
338	5.170310e-01	5.226054e-01	1.408403e+00
339	4.883615e-01	5.373558e-01	2.767465e+00
340	4.996627e-01	5.391974e-01	1.526624e+00
341	4.858404e-01	4.524538e-01	1.456277e+00
342	4.641118e-01	5.076106e-01	1.054714e+00
343	5.095966e-01	4.781054e-01	2.601368e+00
344	5.000739e-01	8.049360e-01	2.193942e+00
345	5.350457e-01	9.030157e-01	2.321935e+00
346	4.635792e-01	4.676927e-01	1.564729e+00
347	4.516119e-01	5.007696e-01	1.679043e+00
348	4.302247e-01	4.988133e-01	2.034685e+00
349	4.661106e-01	5.256534e-01	2.564240e+00
350	3.387449e-01	3.950128e-01	2.311187e+00
351	6.751127e-01	5.564597e-01	1.297997e+00
352	4.678981e-01	4.915424e-01	2.873962e+00
353	5.726283e-01	4.194749e-01	2.202736e+00
354	4.749210e-01	5.100147e-01	2.653151e+00
355	4.629506e-01	4.014075e-01	2.461651e+00
356	4.673948e-01	4.905902e-01	1.679043e+00
357	4.699190e-01	5.723507e-01	2.991207e+00
358	4.831672e-01	3.588247e-01	2.857352e+00
359	4.651508e-01	4.608947e-01	1.913532e+00
360	4.464709e-01	5.124944e-01	1.216903e+00
361	3.542212e-01	4.228336e-01	1.214949e+00
362	4.925437e-01	3.923437e-01	1.005862e+00
363	4.795811e-01	5.481393e-01	2.227162e+00
364	4.740736e-01	5.319035e-01	1.723009e+00
366	5.268894e-01	3.970185e-01	1.692721e+00
367	4.889204e-01	5.029253e-01	1.154372e+00
368	4.529727e-01	4.703619e-01	1.851001e+00
369	4.699698e-01	5.109375e-01	2.418661e+00
370	4.955032e-01	4.871450e-01	1.874450e+00
371	4.568097e-01	5.163252e-01	1.591109e+00
372	4.880906e-01	5.458769e-01	2.199805e+00
373	4.799369e-01	4.921920e-01	2.208598e+00
374	4.054248e-01	4.718685e-01	1.322423e+00
375	4.483145e-01	3.888547e-01	2.361016e+00
376	4.109533e-01	3.802171e-01	1.815828e+00
377	4.740415e-01	5.086739e-01	1.328285e+00
378	4.949568e-01	5.285387e-01	1.883244e+00
379	3.883148e-01	2.726246e-01	1.599902e+00
380	2.839999e-01	3.137801e-01	2.343429e+00
381	4.882069e-01	5.600146e-01	1.835369e+00
382	4.712208e-01	7.843523e-02	1.065462e+00
383	5.097708e-01	5.983036e-01	1.698583e+00
384	4.296726e-01	4.633592e-01	2.761602e+00
385	3.368010e-01	3.585829e-01	1.961407e+00
386	4.811715e-01	4.956484e-01	2.449927e+00
387	4.536457e-01	4.755956e-01	2.669761e+00
388	4.981646e-01	4.425739e-01	2.597460e+00
389	4.775607e-01	5.318873e-01	2.960918e+00
390	4.900311e-01	5.313206e-01	1.655594e+00
391	5.126559e-01	6.007916e-01	2.572057e+00
392	4.718249e-01	4.772434e-01	1.234489e+00
393	4.669809e-01	5.529344e-01	1.607719e+00
394	4.761362e-01	5.126794e-01	2.643381e+00
395	2.761198e-01	2.884207e-01	1.233512e+00
397	5.688126e-01	7.480887e-01	1.083048e+00
398	7.247185e-01	8.846066e-01	2.453835e+00
399	5.825625e-01	4.889836e-01	2.169516e+00
400	4.638882e-01	4.222409e-01	1.634099e+00
401	2.154503e-01	5.057124e-01	1.314607e+00
402	5.177126e-01	5.417739e-01	2.292623e+00
403	4.212036e-01	4.818728e-01	1.759160e+00
404	3.423998e-01	4.703362e-01	2.942355e+00
405	4.656550e-01	4.961330e-01	1.358574e+00
406	4.404333e-01	4.584485e-01	1.474841e+00
407	4.267787e-01	7.408787e-01	2.850513e+00
408	4.829444e-01	4.004901e-01	2.543723e+00
409	4.699374e-01	5.001547e-01	1.170005e+00
410	4.780202e-01	4.831536e-01	2.011236e+00
411	4.401473e-01	5.532024e-01	2.982413e+00
412	5.280228e-01	8.395300e-01	1.578407e+00
413	3.994826e-01	3.998668e-01	2.904250e+00
414	4.808305e-01	5.281096e-01	2.948217e+00
415	4.739677e-01	5.113512e-01	1.856864e+00
416	4.995130e-01	5.765409e-01	1.780655e+00
417	5.044380e-01	5.160332e-01	1.223742e+00
418	4.555791e-01	5.025776e-01	2.928676e+00
419	4.634902e-01	4.888775e-01	1.055691e+00
420	5.026116e-01	5.017443e-01	2.823156e+00
421	4.757585e-01	5.123471e-01	2.886663e+00
422	4.693788e-01	4.868316e-01	1.391793e+00
423	2.561166e-01	4.175219e-01	1.467025e+00
424	4.948203e-01	5.359122e-01	1.512946e+00
425	4.466554e-01	9.362032e-01	1.960430e+00
426	4.500804e-01	9.374483e-01	2.254519e+00
427	3.384726e-01	3.969000e-01	2.899365e+00
428	4.452278e-01	5.115183e-01	1.247191e+00
429	4.703071e-01	5.339240e-01	1.802149e+00
430	4.634718e-01	5.035123e-01	1.663410e+00
431	3.937582e-01	3.848095e-01	2.556424e+00
432	4.695542e-01	8.273001e-01	2.947240e+00
433	4.656794e-01	5.055114e-01	2.475330e+00
434	5.076805e-01	5.138656e-01	2.923791e+00
435	2.994394e-01	5.402648e-01	2.906204e+00
436	5.424403e-01	3.200882e-01	2.668784e+00
437	4.590267e-01	4.959133e-01	2.476307e+00
438	4.039107e-01	4.104172e-01	2.065950e+00
439	4.787849e-01	5.096226e-01	1.983879e+00
440	4.817508e-01	6.487696e-01	1.637030e+00
441	2.949419e-01	5.609463e-01	1.338056e+00
442	4.879747e-01	4.795284e-01	2.406937e+00
443	3.953056e-01	5.675716e-01	1.422081e+00
444	3.756247e-01	3.844246e-01	2.956033e+00
445	4.828657e-01	5.070036e-01	2.601368e+00
446	4.909130e-01	7.031966e-01	1.846116e+00
447	4.704679e-01	4.907786e-01	1.264778e+00
448	4.524973e-01	4.309599e-01	1.119199e+00
449	4.596359e-01	4.547432e-01	1.956522e+00
450	5.882122e-01	7.889005e-01	2.971666e+00
451	4.728480e-01	5.086725e-01	2.149976e+00
452	5.643958e-01	4.865951e-01	1.574499e+00
453	4.021747e-01	3.906056e-01	1.775769e+00
454	2.982025e-01	1.243352e-01	1.542257e+00
455	4.907047e-01	5.620759e-01	2.984367e+00
456	4.757375e-01	5.193423e-01	1.577430e+00
457	4.285415e-01	4.532245e-01	2.955056e+00
458	4.546234e-01	5.307535e-01	2.865169e+00
459	4.512573e-01	4.818771e-01	1.672203e+00
461	2.432210e-01	5.955558e-01	2.513434e+00
462	4.882966e-01	5.153114e-01	1.853933e+00
463	4.963882e-01	5.020425e-01	2.858329e+00
464	3.864905e-01	4.563506e-01	1.574499e+00
465	4.725705e-01	5.745522e-01	1.432829e+00
466	4.879990e-01	5.083391e-01	1.500244e+00
467	6.047780e-01	6.132434e-01	1.323400e+00
468	4.636267e-01	5.220494e-01	2.147044e+00
469	4.618811e-01	5.086468e-01	2.698095e+00
470	4.871811e-01	5.413337e-01	1.364436e+00
471	5.258278e-01	5.576090e-01	2.076698e+00
472	4.782356e-01	5.142197e-01	2.011236e+00
473	3.732535e-01	3.836606e-01	1.215926e+00
474	4.782107e-01	5.014498e-01	2.299463e+00
475	4.784718e-01	4.381779e-01	1.683928e+00
476	4.995182e-01	5.028036e-01	2.081583e+00
477	4.607170e-01	5.340836e-01	2.350269e+00
478	4.651730e-01	6.769299e-01	2.728383e+00
479	5.526931e-01	5.829830e-01	1.194431e+00
480	4.596396e-01	4.579810e-01	2.515388e+00
481	4.335616e-01	4.804229e-01	1.865657e+00
482	5.762367e-01	7.272096e-01	1.802149e+00
483	4.767791e-01	5.245696e-01	1.367367e+00
484	5.273834e-01	6.202118e-01	1.148510e+00
485	4.529704e-01	4.425854e-01	2.427455e+00
486	4.625611e-01	3.795474e-01	2.196873e+00
487	4.500368e-01	5.914465e-01	2.386419e+00
488	4.464649e-01	4.502459e-01	1.294089e+00
489	5.146978e-01	5.331778e-01	1.687836e+00
490	4.622356e-01	4.781039e-01	1.146556e+00
491	6.700380e-01	5.305307e-01	1.597948e+00
492	5.131947e-01	4.815425e-01	2.412799e+00
493	5.144606e-01	6.470568e-01	1.227650e+00
494	3.562178e-01	4.774478e-01	2.522228e+00
495	5.058017e-01	5.687019e-01	1.437714e+00
496	5.182807e-01	5.814743e-01	1.523693e+00
497	5.133044e-01	3.734320e-01	1.221788e+00
498	5.232599e-01	5.702963e-01	1.652662e+00
499	5.314496e-01	6.521257e-01	1.269663e+00
500	4.818422e-01	5.179607e-01	2.967758e+00
501	4.828491e-01	5.072814e-01	2.546654e+00
502	4.663405e-01	6.391611e-01	1.818759e+00
503	4.805975e-01	5.495432e-01	1.919394e+00
504	4.811478e-01	4.846838e-01	2.563263e+00
505	5.285998e-01	6.555059e-01	1.451392e+00
506	5.350929e-01	5.082364e-01	1.718124e+00
507	4.679095e-01	5.076753e-01	1.207132e+00
508	4.805281e-01	5.314482e-01	1.236444e+00
509	5.383297e-01	4.822874e-01	2.622863e+00
510	6.274262e-01	4.869952e-01	2.549585e+00
511	4.682758e-01	5.028580e-01	2.966781e+00
512	5.219805e-01	7.261011e-01	2.395213e+00
513	5.230853e-01	5.169456e-01	1.534441e+00
514	4.121804e-01	3.245478e-01	1.550073e+00
515	4.060708e-01	4.010633e-01	1.610650e+00
516	7.493446e-01	5.470891e-01	1.612604e+00
517	4.656138e-01	5.153354e-01	1.086957e+00
518	4.188508e-01	5.277025e-01	2.282853e+00
519	5.239429e-01	7.716882e-01	1.573522e+00
520	4.853268e-01	5.135753e-01	2.497802e+00
521	4.867509e-01	5.174915e-01	1.752320e+00
523	4.935636e-01	5.044006e-01	1.209086e+00
524	4.396645e-01	4.511214e-01	2.755740e+00
525	3.263827e-01	4.121827e-01	1.499267e+00
526	4.823037e-01	5.108574e-01	1.014656e+00
527	4.068225e-01	7.660670e-02	2.891549e+00
528	4.739655e-01	5.092157e-01	2.478261e+00
529	4.109827e-01	4.521116e-01	1.898876e+00
530	4.828636e-01	4.827272e-01	1.188569e+00
531	4.512335e-01	4.690089e-01	2.785051e+00
532	4.774226e-01	5.057148e-01	2.945286e+00
533	4.092208e-01	4.033777e-01	2.458720e+00
534	3.671303e-01	4.108818e-01	2.673669e+00
535	4.947437e-01	5.089666e-01	1.399609e+00
536	4.818370e-01	4.969395e-01	2.604299e+00
537	4.789027e-01	5.195000e-01	1.529555e+00
538	4.732158e-01	5.146360e-01	2.823156e+00
539	4.875218e-01	5.534562e-01	2.826087e+00
540	4.532918e-01	4.550973e-01	2.844651e+00
541	4.625778e-01	4.753288e-01	2.290669e+00
542	5.096559e-01	5.237996e-01	2.570103e+00
543	4.960661e-01	5.142224e-01	2.396190e+00
544	4.619750e-01	4.823406e-01	1.318515e+00
545	4.959628e-01	5.205472e-01	2.605276e+00
546	4.954956e-01	3.918622e-01	2.683439e+00
547	4.962224e-01	4.760148e-01	1.587201e+00
548	3.962641e-01	3.666051e-01	1.375183e+00
549	5.209964e-01	5.108743e-01	2.298486e+00
550	3.916056e-01	4.661529e-01	1.285296e+00
551	4.729574e-01	5.143699e-01	2.983390e+00
552	3.822035e-01	5.831895e-01	1.195408e+00
553	4.560714e-01	5.107533e-01	2.414753e+00
554	5.162642e-01	5.105749e-01	1.843185e+00
555	4.781237e-01	6.065988e-01	2.396190e+00
556	3.752841e-01	5.545471e-01	3.000000e+00
557	4.826032e-01	5.099474e-01	2.728383e+00
558	7.660260e-01	9.815312e-01	1.133854e+00
559	4.756486e-01	4.976426e-01	1.944797e+00
560	6.803162e-01	5.712721e-01	2.883732e+00
561	4.852466e-01	6.395971e-01	2.383488e+00
562	4.273274e-01	3.910740e-01	2.506595e+00
563	4.780078e-01	4.763981e-01	1.786517e+00
564	4.003960e-01	5.462868e-01	2.893503e+00
565	4.857767e-01	5.198646e-01	2.981436e+00
566	5.377499e-01	5.529357e-01	2.663898e+00
567	4.805382e-01	5.377998e-01	2.227162e+00
568	4.576681e-01	5.229204e-01	1.527601e+00
569	5.627462e-01	5.730736e-01	2.610161e+00
570	3.374975e-01	1.156443e-01	1.058622e+00
571	4.477421e-01	4.459891e-01	2.782120e+00
573	4.613409e-01	5.298292e-01	2.109917e+00
574	4.996065e-01	5.469978e-01	2.074744e+00
575	4.846141e-01	4.707814e-01	2.319003e+00
576	4.728450e-01	5.331623e-01	1.290181e+00
577	4.256493e-01	5.023081e-01	1.286273e+00
578	4.765454e-01	4.937482e-01	1.881290e+00
579	4.696806e-01	5.059465e-01	1.664387e+00
580	4.497353e-01	2.349052e-01	1.242306e+00
581	4.607448e-01	5.697860e-01	1.927211e+00
582	4.813255e-01	5.091377e-01	2.820225e+00
583	3.615325e-01	3.816243e-01	2.792868e+00
584	4.636785e-01	5.665903e-01	1.201270e+00
585	4.770433e-01	4.967885e-01	1.898876e+00
586	4.678019e-01	5.142135e-01	1.782609e+00
587	4.829925e-01	5.241170e-01	1.561798e+00
588	4.733964e-01	5.120821e-01	2.282853e+00
589	4.642911e-01	4.497727e-01	2.210552e+00
590	3.647820e-01	5.081913e-01	1.020518e+00
591	4.549118e-01	4.458484e-01	1.784563e+00
592	4.788484e-01	5.087913e-01	1.275525e+00
593	4.528923e-01	5.216530e-01	1.212995e+00
594	4.309851e-01	4.267383e-01	2.964827e+00
595	4.944219e-01	5.326774e-01	2.079629e+00
596	7.170199e-01	5.281666e-01	1.187592e+00
597	4.348317e-01	5.010841e-01	1.258915e+00
598	4.705772e-01	5.210975e-01	1.999511e+00
599	4.743598e-01	5.149675e-01	1.264778e+00
600	4.821510e-01	5.238985e-01	1.110405e+00
601	6.195055e-01	6.641857e-01	1.107474e+00
602	5.643704e-01	4.613429e-01	1.070347e+00
603	4.795142e-01	5.077391e-01	2.400098e+00
604	4.586179e-01	4.607213e-01	2.871031e+00
605	4.687219e-01	5.027365e-01	2.739130e+00
606	4.739313e-01	5.383405e-01	2.061065e+00
607	5.048464e-01	7.802849e-01	1.073278e+00
608	4.653240e-01	4.763554e-01	2.799707e+00
609	4.561620e-01	4.922883e-01	2.010259e+00
610	3.852886e-01	4.819918e-01	1.700537e+00
611	4.712999e-01	5.061262e-01	1.339033e+00
612	4.343956e-01	4.426641e-01	2.227162e+00
613	7.496778e-01	8.916261e-01	2.482169e+00
614	4.423289e-01	5.091486e-01	2.958964e+00
615	5.006627e-01	5.327486e-01	1.443576e+00
616	4.893134e-01	4.285138e-01	2.381534e+00
617	4.484290e-01	4.919540e-01	1.971177e+00
618	4.680359e-01	4.993428e-01	2.960918e+00
619	5.700942e-01	8.025840e-01	1.812897e+00
620	4.270633e-01	3.860310e-01	1.170982e+00
621	4.584818e-01	4.202255e-01	1.277479e+00
622	7.614656e-01	5.477789e-01	1.176844e+00
623	4.885121e-01	6.491033e-01	1.636053e+00
624	5.215227e-01	5.811900e-01	2.336590e+00
625	5.113697e-01	4.969054e-01	1.343918e+00
626	4.905165e-01	5.137167e-01	1.905716e+00
627	4.939635e-01	4.541571e-01	1.784563e+00
628	4.733330e-01	5.161944e-01	2.063996e+00
629	4.682639e-01	5.020287e-01	2.497802e+00
630	3.524857e-01	4.851120e-01	2.870054e+00
631	4.785445e-01	4.980215e-01	1.729849e+00
632	4.985522e-01	5.524525e-01	2.290669e+00
633	4.713837e-01	5.087946e-01	2.841720e+00
634	4.741822e-01	5.032143e-01	2.195896e+00
635	5.315215e-01	5.381965e-01	1.601856e+00
636	4.483222e-01	4.402316e-01	2.449927e+00
637	4.941675e-01	4.958649e-01	1.462140e+00
638	4.736600e-01	5.086920e-01	2.041524e+00
639	4.737088e-01	5.096930e-01	2.061065e+00
640	6.286905e-01	5.967650e-01	2.130435e+00
641	5.822943e-01	6.118268e-01	2.205667e+00
642	4.659598e-01	4.838554e-01	2.184172e+00
643	4.685748e-01	5.083236e-01	2.747924e+00
644	3.866552e-01	5.810739e-01	2.909135e+00
645	4.745338e-01	5.110558e-01	2.777235e+00
646	5.308886e-01	5.433291e-01	1.295066e+00
647	5.722788e-01	4.725420e-01	1.050806e+00
648	4.579033e-01	3.318892e-01	1.191500e+00
649	4.905403e-01	5.253854e-01	1.198339e+00
650	4.455941e-01	5.332036e-01	2.656082e+00
651	4.888377e-01	5.045235e-01	1.692721e+00
652	2.278477e-01	2.742195e-01	2.330728e+00
653	4.800944e-01	5.213828e-01	1.906693e+00
654	4.773664e-01	4.744342e-01	2.192965e+00
655	4.895030e-01	4.255476e-01	1.200293e+00
656	4.811018e-01	5.006841e-01	2.361016e+00
657	6.035028e-01	6.246106e-01	2.080606e+00
658	4.668401e-01	5.106941e-01	2.017098e+00
659	4.636300e-01	4.871308e-01	2.191011e+00
660	4.170840e-01	7.343726e-01	1.667318e+00
661	6.150666e-01	6.303426e-01	2.229116e+00
662	5.571823e-01	2.513281e-01	1.188569e+00
663	4.268837e-01	4.788868e-01	2.714704e+00
664	4.333160e-01	4.553918e-01	1.979971e+00
665	4.890313e-01	5.054260e-01	2.954079e+00
666	7.986890e-01	7.723465e-01	1.803127e+00
667	5.314322e-01	5.327005e-01	1.039082e+00
668	7.833341e-01	7.652712e-01	1.893014e+00
669	3.320046e-01	4.018630e-01	1.778701e+00
670	3.901906e-01	1.932918e-01	1.807035e+00
671	4.709559e-01	4.551397e-01	1.102589e+00
672	4.903384e-01	1.819276e-01	1.879336e+00
673	3.680521e-01	5.378754e-01	1.984856e+00
674	4.747544e-01	5.101077e-01	2.238886e+00
675	4.832615e-01	5.351636e-01	2.868100e+00
676	4.645924e-01	5.070055e-01	2.748901e+00
677	5.090595e-01	6.736891e-01	1.578407e+00
678	4.999305e-01	5.459128e-01	1.621397e+00
679	4.772302e-01	5.150541e-01	2.657059e+00
680	4.924538e-01	5.283967e-01	2.404983e+00
681	4.956318e-01	4.887663e-01	2.272106e+00
682	4.281125e-01	4.410331e-01	1.463117e+00
683	4.681503e-01	4.991297e-01	2.316072e+00
684	4.766717e-01	5.067774e-01	2.334636e+00
685	4.011860e-01	5.211092e-01	1.365413e+00
686	5.729297e-01	4.189996e-01	2.105032e+00
687	4.918875e-01	4.590236e-01	1.339033e+00
688	4.624907e-01	5.146645e-01	2.932584e+00
689	4.683914e-01	5.166791e-01	2.378603e+00
690	4.774207e-01	5.153200e-01	1.833415e+00
691	5.421347e-01	2.368626e-01	1.663410e+00
692	5.057619e-01	4.948548e-01	2.251588e+00
693	3.704608e-01	5.759573e-01	1.766976e+00
694	5.783672e-01	5.520347e-01	1.575476e+00
695	3.367286e-01	4.343718e-01	2.771373e+00
696	4.652032e-01	5.051647e-01	2.787005e+00
697	4.780331e-01	5.005254e-01	1.959453e+00
698	4.878523e-01	5.535770e-01	2.187103e+00
699	4.758402e-01	5.118974e-01	2.430386e+00
700	5.401496e-01	5.710150e-01	2.679531e+00
701	5.150740e-01	6.287242e-01	2.191988e+00
702	3.903799e-01	3.801431e-01	2.945286e+00
703	4.837974e-01	5.017303e-01	2.793845e+00
704	4.481894e-01	5.016394e-01	2.132389e+00
705	4.916608e-01	2.063937e-01	1.627259e+00
706	4.590600e-01	5.087790e-01	1.623351e+00
707	4.886006e-01	4.825186e-01	2.772350e+00
708	4.753098e-01	5.121606e-01	1.552027e+00
709	4.618291e-01	3.838470e-01	1.180752e+00
710	4.919415e-01	5.424568e-01	1.632145e+00
711	5.396171e-01	8.422184e-01	1.680997e+00
712	3.418982e-01	4.743507e-01	2.828041e+00
713	1.994446e-01	5.177922e-01	1.703468e+00
714	5.437721e-01	5.045399e-01	1.471910e+00
715	4.637817e-01	5.018497e-01	2.368832e+00
716	4.576289e-01	5.005798e-01	1.961407e+00
717	4.803110e-01	5.080821e-01	1.756229e+00
718	4.525066e-01	4.586604e-01	2.987298e+00
719	4.678687e-01	5.171908e-01	2.332682e+00
720	4.832007e-01	5.447559e-01	1.097704e+00
721	5.065311e-01	4.311038e-01	1.954568e+00
722	4.781136e-01	5.064527e-01	1.704446e+00
723	4.747550e-01	5.100266e-01	1.853933e+00
724	4.055049e-01	4.287360e-01	2.829995e+00
725	4.427358e-01	5.636698e-01	2.232047e+00
726	4.388922e-01	4.446457e-01	2.587689e+00
727	2.353012e-01	6.374908e-01	2.698095e+00
728	7.113912e-01	8.204596e-01	1.896922e+00
729	4.885203e-01	5.240174e-01	1.212995e+00
730	4.606295e-01	6.767003e-01	1.502198e+00
731	4.734000e-01	5.102855e-01	2.614069e+00
732	3.255813e-01	4.695611e-01	2.880801e+00
733	4.724975e-01	4.884781e-01	1.956522e+00
734	4.494358e-01	6.724342e-01	2.745970e+00
735	4.237513e-01	2.538289e-01	1.179775e+00
736	4.977688e-01	4.542284e-01	1.935027e+00
737	5.121348e-01	5.212501e-01	1.975085e+00
738	4.940266e-01	5.551914e-01	1.067416e+00
739	3.782180e-01	5.202005e-01	2.024915e+00
740	5.709139e-01	5.620940e-01	2.810454e+00
741	4.798526e-01	4.751723e-01	2.428432e+00
742	4.936982e-01	4.733606e-01	1.957499e+00
743	3.846251e-01	3.924087e-01	2.306302e+00
744	4.885972e-01	4.990018e-01	2.557401e+00
745	5.005920e-01	5.502670e-01	1.243283e+00
746	4.686379e-01	4.812356e-01	2.429409e+00
747	4.690653e-01	5.424032e-01	2.523205e+00
748	5.083449e-01	6.962242e-01	2.842697e+00
749	4.761748e-01	5.124761e-01	2.247680e+00
750	4.802768e-01	4.675909e-01	2.000489e+00
751	4.900802e-01	5.331396e-01	2.446019e+00
752	4.811894e-01	5.099721e-01	2.360039e+00
753	2.215743e-01	6.239549e-01	2.567171e+00
754	4.830659e-01	5.361792e-01	2.415730e+00
755	4.519503e-01	5.319869e-01	1.989741e+00
756	4.791890e-01	5.090488e-01	2.908158e+00
757	2.741515e-01	4.741187e-01	2.731314e+00
758	4.718580e-01	5.126939e-01	2.544700e+00
759	4.746275e-01	5.089218e-01	2.890572e+00
760	4.723971e-01	5.126426e-01	1.654617e+00
761	4.837091e-01	5.131890e-01	1.008793e+00
762	4.395960e-01	4.601380e-01	1.260870e+00
763	4.894808e-01	3.878662e-01	1.347826e+00
764	4.640084e-01	5.135293e-01	1.325354e+00
765	4.804575e-01	5.074244e-01	1.420127e+00
766	5.317671e-01	6.003658e-01	2.845628e+00
767	4.529292e-01	5.457941e-01	1.853933e+00
768	4.784047e-01	5.077896e-01	1.303859e+00
769	5.306763e-01	5.901062e-01	1.294089e+00
770	8.635403e-01	1.626706e-01	1.675134e+00
771	4.951291e-01	4.481076e-01	2.417684e+00
772	4.784594e-01	5.254845e-01	2.053249e+00
773	4.916166e-01	5.031496e-01	1.276502e+00
774	6.924391e-01	4.351082e-01	2.779189e+00
775	3.171260e-01	7.728127e-01	1.984856e+00
776	2.736395e-01	4.513709e-01	2.295554e+00
777	4.774887e-01	5.201496e-01	1.652662e+00
778	4.832612e-01	5.235369e-01	2.464582e+00
779	4.722787e-01	5.137003e-01	1.763068e+00
780	4.853418e-01	5.396353e-01	2.026869e+00
781	5.238089e-01	5.665357e-01	1.160234e+00
782	4.982782e-01	6.602647e-01	2.302394e+00
783	4.774084e-01	4.691755e-01	1.384954e+00
784	4.776669e-01	5.468603e-01	2.598437e+00
785	5.639211e-01	5.365963e-01	2.130435e+00
786	4.932658e-01	4.895093e-01	1.690767e+00
787	4.593590e-01	5.091644e-01	1.940889e+00
788	4.722047e-01	5.099212e-01	2.099170e+00
