789
0	8.788757e-01	4.475959e-01	1.398632e+00
1	5.443988e-01	6.275391e-01	1.108451e+00
2	4.686422e-01	4.831060e-01	2.925745e+00
3	4.534685e-01	4.692759e-01	2.732291e+00
4	4.583421e-01	3.447709e-01	1.257938e+00
5	5.110660e-01	6.038323e-01	2.424524e+00
6	4.301719e-01	2.852621e-01	1.383000e+00
7	4.856899e-01	4.609963e-01	2.705911e+00
8	4.739467e-01	5.034074e-01	2.442110e+00
9	4.701211e-01	5.043556e-01	2.233024e+00
10	4.842078e-01	5.301936e-01	2.376649e+00
11	4.662794e-01	4.803699e-01	1.556913e+00
12	4.180950e-01	3.095852e-01	2.950171e+00
13	5.127812e-01	7.157092e-01	1.066439e+00
14	4.713490e-01	5.155947e-01	1.626282e+00
15	5.552703e-01	6.174044e-01	1.306790e+00
16	4.688850e-01	5.061569e-01	2.902296e+00
17	5.195367e-01	5.490845e-01	1.195408e+00
18	4.339915e-01	5.784855e-01	1.785540e+00
19	4.875779e-01	5.366852e-01	1.248168e+00
20	4.403053e-01	5.588780e-01	1.863703e+00
21	4.342719e-01	6.001223e-01	2.671715e+00
22	4.750600e-01	5.176056e-01	2.487054e+00
23	5.170395e-01	3.757036e-01	1.946751e+00
24	3.465450e-01	7.185351e-01	1.303859e+00
25	4.360545e-01	3.588585e-01	2.152907e+00
26	4.676112e-01	5.300324e-01	1.388862e+00
27	4.924153e-01	5.733004e-01	1.591109e+00
28	4.744071e-01	5.185920e-01	2.205667e+00
29	4.914969e-01	5.342442e-01	2.181241e+00
30	4.264116e-01	4.977883e-01	1.475818e+00
31	4.190571e-01	5.819894e-01	2.309233e+00
32	4.644042e-01	5.176778e-01	2.073766e+00
33	4.906232e-01	7.052511e-01	2.331705e+00
34	4.855616e-01	5.212643e-01	1.126038e+00
35	2.679683e-01	4.701292e-01	2.235955e+00
36	4.250273e-01	4.456100e-01	2.805569e+00
37	4.990352e-01	7.372283e-01	2.555447e+00
38	4.836768e-01	5.126878e-01	2.559355e+00
39	4.832406e-01	5.277562e-01	1.895945e+00
40	4.784898e-01	5.893243e-01	1.282364e+00
41	5.198223e-01	6.109102e-01	2.750855e+00
42	4.704868e-01	5.033355e-01	2.412799e+00
43	4.586041e-01	5.324491e-01	2.557401e+00
44	4.902098e-01	7.032814e-01	1.648754e+00
45	5.048197e-01	4.307495e-01	1.721055e+00
46	5.052588e-01	6.240975e-01	2.588666e+00
47	4.684834e-01	5.294129e-01	1.525647e+00
48	4.666589e-01	5.136195e-01	2.751832e+00
49	4.752628e-01	3.320086e-01	2.625794e+00
50	4.879179e-01	4.975065e-01	1.663410e+00
51	4.690761e-01	5.093799e-01	2.560332e+00
52	4.741646e-01	5.231943e-01	1.696629e+00
53	4.896310e-01	5.151494e-01	1.506106e+00
54	4.733501e-01	5.029521e-01	2.675623e+00
55	4.168678e-01	4.506150e-01	2.497802e+00
56	4.119674e-01	2.957179e-01	1.031265e+00
57	4.214686e-01	3.695749e-01	2.361993e+00
58	4.801681e-01	5.480937e-01	1.866634e+00
59	5.764454e-01	6.359309e-01	2.930630e+00
60	4.911007e-01	6.311566e-01	1.503175e+00
61	5.102148e-01	5.226350e-01	2.449927e+00
62	4.803544e-01	4.898930e-01	2.831949e+00
63	4.830595e-01	5.402441e-01	2.317049e+00
64	4.842846e-01	5.853705e-01	2.353200e+00
65	4.705381e-01	5.053516e-01	2.575965e+00
66	4.206033e-01	5.558878e-01	2.922814e+00
67	4.571215e-01	4.682733e-01	2.289692e+00
68	4.629995e-01	5.989434e-01	2.766488e+00
69	4.566680e-01	6.931237e-01	1.522716e+00
70	4.465355e-01	5.450703e-01	2.769419e+00
71	4.761407e-01	5.205544e-01	1.110405e+00
72	4.549980e-01	4.600266e-01	1.412311e+00
73	4.183342e-01	5.192836e-01	1.951637e+00
74	5.274054e-01	7.391990e-01	1.449438e+00
75	4.914265e-01	5.055911e-01	2.176356e+00
76	4.840998e-01	4.841484e-01	1.212995e+00
77	4.888532e-01	4.838901e-01	1.872496e+00
78	4.800781e-01	5.457108e-01	1.606742e+00
79	5.151163e-01	7.026156e-01	1.183683e+00
80	4.541863e-01	4.525522e-01	2.736199e+00
81	4.678691e-01	5.073906e-01	1.617489e+00
82	4.804628e-01	6.009400e-01	2.456766e+00
83	4.846293e-01	6.274751e-01	1.406448e+00
84	5.036332e-01	5.458964e-01	2.453835e+00
85	4.714397e-01	5.061204e-01	2.712750e+00
86	4.618255e-01	4.942333e-01	2.877870e+00
87	4.551088e-01	3.756482e-01	1.533464e+00
88	4.365569e-01	3.227422e-01	2.169516e+00
89	4.485831e-01	5.844830e-01	2.483146e+00
90	4.323415e-01	4.632049e-01	1.538349e+00
91	4.880051e-01	5.078569e-01	1.117245e+00
92	4.800615e-01	5.177109e-01	2.709819e+00
93	4.567879e-01	4.659433e-01	2.929653e+00
94	4.187473e-01	4.756746e-01	2.125550e+00
95	5.119422e-01	7.451500e-01	2.148999e+00
96	4.804903e-01	5.218277e-01	1.206155e+00
97	4.653763e-01	5.121499e-01	2.689301e+00
98	4.623930e-01	4.917524e-01	1.997557e+00
99	4.381876e-01	6.123969e-01	1.753298e+00
100	4.715921e-01	4.935893e-01	1.491451e+00
101	4.675697e-01	5.064050e-01	2.381534e+00
102	4.890560e-01	5.664898e-01	1.837323e+00
103	5.208255e-01	5.459295e-01	2.723498e+00
104	4.547130e-01	6.839540e-01	1.216903e+00
105	4.594671e-01	4.675361e-01	1.385931e+00
106	3.622739e-01	4.851070e-01	1.094773e+00
107	4.479250e-01	4.912410e-01	1.887152e+00
108	6.295509e-01	5.307870e-01	1.869565e+00
109	5.551766e-01	6.302652e-01	2.657059e+00
110	4.653085e-01	5.449615e-01	1.905716e+00
111	4.639251e-01	5.270970e-01	2.319980e+00
112	3.258131e-01	4.146988e-01	1.549096e+00
113	4.594562e-01	5.294624e-01	1.155349e+00
114	4.851830e-01	5.441966e-01	1.261847e+00
115	4.353832e-01	5.754399e-01	1.308745e+00
116	1.287850e-01	3.150192e-01	1.148510e+00
117	4.544198e-01	4.590961e-01	1.865657e+00
118	4.602227e-01	4.625050e-01	2.988276e+00
119	4.755541e-01	4.632666e-01	1.479726e+00
120	4.666752e-01	4.833740e-01	2.095261e+00
121	4.984431e-01	5.268991e-01	2.442110e+00
122	4.264193e-01	4.467883e-01	1.070347e+00
123	5.186201e-01	6.178752e-01	1.417196e+00
124	4.682931e-01	5.078782e-01	2.817294e+00
125	5.164800e-01	6.790668e-01	1.164143e+00
126	4.965732e-01	5.247807e-01	2.738153e+00
127	4.992353e-01	5.877549e-01	2.338544e+00
128	5.681887e-01	6.167885e-01	1.282364e+00
129	4.878664e-01	5.146356e-01	2.676600e+00
130	5.687216e-01	6.173043e-01	2.443087e+00
131	8.144459e-01	1.055428e-01	2.375672e+00
132	5.382721e-01	6.078222e-01	1.220811e+00
133	5.113581e-01	5.022685e-01	2.407914e+00
134	4.746639e-01	4.331637e-01	2.277968e+00
135	4.463991e-01	4.994064e-01	2.409868e+00
136	4.844955e-01	4.593350e-01	2.083537e+00
137	4.320773e-01	4.901332e-01	2.286761e+00
138	5.214537e-01	5.074527e-01	1.194431e+00
139	4.627110e-01	5.111341e-01	2.818271e+00
140	5.085549e-01	6.177245e-01	2.827064e+00
141	4.524044e-01	5.109901e-01	1.684905e+00
142	4.841685e-01	5.275799e-01	1.999511e+00
143	4.832636e-01	5.388920e-01	1.956522e+00
144	4.708459e-01	4.719809e-01	2.323889e+00
145	4.975389e-01	6.139027e-01	2.501710e+00
146	5.254383e-01	6.930379e-01	2.395213e+00
147	4.317982e-01	6.091644e-01	2.719590e+00
148	4.686042e-01	5.090274e-01	2.937469e+00
149	4.720118e-01	5.702670e-01	2.803615e+00
150	5.097173e-01	7.378250e-01	1.794333e+00
151	4.584721e-01	5.031805e-01	2.611138e+00
152	4.970892e-01	4.607953e-01	1.724963e+00
153	4.970912e-01	5.029413e-01	1.983879e+00
154	4.633228e-01	5.071673e-01	2.181241e+00
155	4.713462e-01	5.112459e-01	1.295066e+00
156	5.045988e-01	7.049580e-01	1.970200e+00
157	4.527768e-01	4.937221e-01	2.387396e+00
158	5.159813e-01	4.972979e-01	2.386419e+00
159	5.205370e-01	7.421084e-01	2.647289e+00
160	4.769622e-01	5.097802e-01	1.686859e+00
161	4.617648e-01	4.882213e-01	1.553981e+00
162	4.214645e-01	4.793624e-01	1.764045e+00
163	4.980878e-01	6.990900e-01	1.632145e+00
164	4.672014e-01	5.094606e-01	1.235467e+00
165	4.763493e-01	5.150992e-01	2.251588e+00
166	4.570443e-01	5.017243e-01	1.751343e+00
167	5.466193e-01	4.945937e-01	1.715193e+00
168	4.727416e-01	5.059901e-01	2.109917e+00
169	4.699838e-01	5.316602e-01	2.137274e+00
170	4.315575e-01	4.892824e-01	2.099170e+00
171	4.595595e-01	4.507064e-01	2.057157e+00
172	5.272340e-01	5.538982e-01	2.246702e+00
173	4.430156e-01	5.464012e-01	1.894968e+00
174	5.172347e-01	4.770553e-01	2.453835e+00
175	4.691752e-01	4.917948e-01	2.834880e+00
176	4.581270e-01	5.000182e-01	2.215437e+00
177	4.776498e-01	5.204540e-01	2.153884e+00
178	4.694382e-01	5.038710e-01	2.475330e+00
179	4.823156e-01	3.264666e-01	1.274548e+00
180	4.931634e-01	5.300616e-01	2.127504e+00
181	4.833911e-01	5.022726e-01	1.790425e+00
182	4.970909e-01	5.643656e-01	1.736688e+00
183	4.772012e-01	3.157257e-01	1.692721e+00
184	5.365261e-01	5.996271e-01	2.042501e+00
185	4.592811e-01	3.167085e-01	1.468979e+00
186	5.261956e-01	5.333012e-01	1.784563e+00
187	8.972894e-01	8.130760e-01	2.653151e+00
188	4.896264e-01	5.770885e-01	1.839277e+00
189	4.662329e-01	5.118541e-01	1.175867e+00
190	4.855858e-01	4.464206e-01	2.807523e+00
191	3.717838e-01	6.152049e-01	2.811431e+00
192	4.599814e-01	5.834857e-01	1.192477e+00
193	5.233880e-01	5.062268e-01	1.620420e+00
194	5.218858e-01	5.069243e-01	2.624817e+00
195	4.727689e-01	5.078529e-01	2.806546e+00
196	5.423349e-01	7.057509e-01	1.763068e+00
197	3.766501e-01	2.819615e-01	2.060088e+00
198	5.850453e-01	3.193584e-01	2.458720e+00
199	4.976927e-01	5.574636e-01	2.463605e+00
200	5.094956e-01	5.587878e-01	1.141671e+00
201	4.812157e-01	5.063722e-01	1.146556e+00
202	5.190668e-01	6.146359e-01	1.395701e+00
203	4.918643e-01	5.102397e-01	1.755252e+00
204	4.618589e-01	4.725211e-01	2.901319e+00
205	4.489337e-01	3.153063e-01	2.123596e+00
206	5.075266e-01	5.685383e-01	1.652662e+00
207	4.837019e-01	5.824645e-01	1.199316e+00
208	5.041828e-01	5.567287e-01	2.170493e+00
209	4.585351e-01	2.879069e-01	2.733268e+00
210	5.069008e-01	7.254296e-01	1.545188e+00
211	4.458917e-01	5.212272e-01	1.376160e+00
212	4.694192e-01	5.081708e-01	1.621397e+00
213	4.636463e-01	5.150176e-01	1.883244e+00
214	4.619915e-01	5.160596e-01	1.612604e+00
215	4.855192e-01	4.942412e-01	2.909135e+00
216	4.818981e-01	5.252912e-01	1.354665e+00
217	4.861191e-01	5.063977e-01	2.770396e+00
218	5.764066e-01	6.749523e-01	2.148999e+00
219	4.856771e-01	5.469472e-01	2.624817e+00
220	4.861767e-01	4.292554e-01	2.697118e+00
221	5.041713e-01	5.092478e-01	1.938935e+00
222	4.431964e-01	5.096374e-01	1.854910e+00
223	4.321249e-01	3.229367e-01	2.625794e+00
224	4.602502e-01	6.800380e-01	2.984367e+00
225	4.664080e-01	4.542065e-01	2.693210e+00
226	4.793519e-01	5.219343e-01	2.276014e+00
227	4.666350e-01	4.827863e-01	1.245237e+00
228	4.688231e-01	4.975457e-01	1.489497e+00
229	4.591299e-01	5.065833e-01	2.305325e+00
230	4.635966e-01	4.845564e-01	2.689301e+00
231	4.454950e-01	4.777344e-01	1.346849e+00
232	4.600926e-01	5.007187e-01	2.447973e+00
233	5.013972e-01	4.437192e-01	1.591109e+00
234	4.941036e-01	5.015898e-01	1.931119e+00
235	4.560514e-01	4.921103e-01	2.687347e+00
236	4.676277e-01	5.085239e-01	2.787982e+00
237	4.813420e-01	5.298337e-01	1.510015e+00
238	4.811410e-01	5.128091e-01	2.193942e+00
239	4.594274e-01	4.687985e-01	2.918906e+00
240	4.766241e-01	4.898419e-01	1.734734e+00
241	4.441574e-01	5.825130e-01	1.119199e+00
242	5.449200e-01	5.697501e-01	1.631168e+00
243	4.960098e-01	4.505276e-01	1.258915e+00
244	4.557483e-01	4.334361e-01	2.458720e+00
245	4.257269e-01	5.948630e-01	2.134343e+00
246	4.750668e-01	5.115165e-01	2.662921e+00
247	4.733745e-01	5.536578e-01	2.924768e+00
248	4.820685e-01	6.989312e-01	2.983390e+00
249	6.778053e-01	1.166064e-01	2.305325e+00
250	6.038426e-01	3.139566e-01	2.763556e+00
251	6.249643e-01	1.925102e-01	2.374695e+00
252	4.532544e-01	5.261983e-01	1.703468e+00
253	5.086861e-01	7.397115e-01	1.246214e+00
254	5.453071e-01	7.200244e-01	2.925745e+00
255	4.789376e-01	5.050837e-01	1.857841e+00
256	4.834169e-01	5.303816e-01	2.601368e+00
257	4.620932e-01	4.723294e-01	2.413776e+00
258	4.605598e-01	5.161856e-01	2.569126e+00
259	5.371078e-01	5.251606e-01	1.865657e+00
260	4.711040e-01	5.085859e-01	2.574988e+00
261	4.690355e-01	4.805496e-01	1.598925e+00
262	2.940410e-01	5.084949e-01	2.264289e+00
263	3.882825e-01	6.419245e-01	1.176844e+00
264	5.123112e-01	7.082058e-01	1.061553e+00
265	4.719291e-01	5.097549e-01	2.526136e+00
266	4.537236e-01	4.795510e-01	1.928188e+00
267	4.494516e-01	4.645848e-01	2.006351e+00
268	4.554857e-01	4.607420e-01	1.041036e+00
269	5.505311e-01	6.163189e-01	1.793356e+00
270	4.514503e-01	5.009264e-01	1.860772e+00
271	5.305276e-01	4.331606e-01	1.389839e+00
272	4.746143e-01	5.181832e-01	1.052760e+00
273	4.506333e-01	5.023247e-01	1.156326e+00
274	3.757947e-01	2.669235e-01	1.981925e+00
275	5.564186e-01	6.263961e-01	2.256473e+00
276	5.008282e-01	5.657480e-01	2.368832e+00
277	4.917333e-01	5.088392e-01	2.024915e+00
278	5.815718e-01	6.364503e-01	1.266732e+00
279	4.823536e-01	5.630351e-01	1.348803e+00
280	4.560966e-01	4.519353e-01	2.472399e+00
281	3.840932e-01	6.732514e-01	2.288715e+00
282	4.837717e-01	5.834793e-01	2.745970e+00
283	4.784897e-01	5.904141e-01	2.490962e+00
284	4.249761e-01	3.207344e-01	2.515388e+00
285	3.626067e-01	2.850681e-01	1.545188e+00
286	4.674342e-01	5.130883e-01	2.662921e+00
287	5.006204e-01	5.762701e-01	2.264289e+00
288	4.790345e-01	6.097156e-01	2.905227e+00
289	4.748992e-01	5.068158e-01	1.058622e+00
290	5.222673e-01	4.629555e-01	2.152907e+00
291	6.871568e-01	1.401218e-01	2.784074e+00
292	4.713943e-01	5.104927e-01	2.445042e+00
293	4.038318e-01	4.777194e-01	2.852467e+00
294	4.648312e-01	4.939483e-01	2.070835e+00
295	4.574017e-01	4.740112e-01	1.406448e+00
296	4.959234e-01	5.142616e-01	1.751343e+00
297	4.909660e-01	5.253066e-01	2.077675e+00
298	5.215592e-01	5.448764e-01	1.601856e+00
299	4.704583e-01	4.887759e-01	2.048363e+00
300	4.747253e-01	5.288568e-01	2.781143e+00
301	4.687349e-01	5.054089e-01	2.779189e+00
302	5.035348e-01	5.870229e-01	2.617978e+00
303	4.409605e-01	2.935288e-01	1.698583e+00
304	5.267776e-01	5.381394e-01	1.948705e+00
305	4.767855e-01	5.152748e-01	1.416219e+00
306	4.996200e-01	5.536355e-01	1.745481e+00
307	4.593595e-01	4.787727e-01	2.291646e+00
308	1.213409e-01	4.123367e-01	1.868588e+00
309	4.868887e-01	4.106082e-01	2.511480e+00
310	4.525796e-01	4.905035e-01	2.596483e+00
311	4.555485e-01	4.395001e-01	2.855398e+00
312	4.915264e-01	5.374310e-01	1.312653e+00
313	4.473414e-01	4.129476e-01	1.787494e+00
314	4.727348e-01	5.154612e-01	2.252565e+00
315	5.085140e-01	6.140040e-01	1.978017e+00
316	3.950961e-01	5.581967e-01	2.965804e+00
317	4.786505e-01	5.178392e-01	2.221299e+00
318	4.005509e-01	6.389075e-01	1.701514e+00
319	4.518098e-01	4.703927e-01	1.135809e+00
320	4.848724e-01	5.286511e-01	2.997069e+00
321	6.714098e-01	1.178511e-01	2.470445e+00
322	4.419466e-01	3.214505e-01	2.362970e+00
323	4.704224e-01	5.230057e-01	2.553493e+00
324	5.001333e-01	4.559723e-01	1.347826e+00
325	2.098324e-01	1.102824e-01	2.896434e+00
326	4.582756e-01	5.062498e-01	1.857841e+00
327	4.697762e-01	4.963271e-01	1.669272e+00
328	4.824152e-01	4.974579e-01	1.726917e+00
329	5.223272e-01	6.023890e-01	2.604299e+00
330	4.777104e-01	4.664847e-01	2.089399e+00
331	4.988974e-01	4.945001e-01	1.552027e+00
332	4.738423e-01	4.073302e-01	1.769907e+00
333	4.876911e-01	5.667787e-01	1.382022e+00
334	4.416910e-01	3.750224e-01	2.510503e+00
335	5.065366e-01	4.996314e-01	1.640938e+00
336	4.740909e-01	5.319879e-01	2.933561e+00
337	4.642050e-01	5.354564e-01	1.033219e+00
338	5.341535e-01	5.757597e-01	1.408403e+00
339	4.598285e-01	4.884320e-01	2.767465e+00
340	4.767141e-01	5.152335e-01	1.526624e+00
341	4.154505e-01	4.525199e-01	1.456277e+00
342	4.543826e-01	5.265993e-01	1.054714e+00
343	4.791770e-01	4.740852e-01	2.601368e+00
344	3.585794e-01	2.400965e-01	2.193942e+00
345	7.511960e-01	2.266363e-01	2.321935e+00
346	4.835857e-01	5.831594e-01	1.564729e+00
347	4.765816e-01	5.220156e-01	1.679043e+00
348	4.574534e-01	3.345697e-01	2.034685e+00
349	4.590448e-01	5.173370e-01	2.564240e+00
350	4.849101e-01	6.906707e-01	2.311187e+00
351	4.518443e-01	6.386413e-01	1.297997e+00
352	4.702569e-01	5.069909e-01	2.873962e+00
353	3.894868e-01	6.928899e-01	2.202736e+00
354	4.658665e-01	5.082925e-01	2.653151e+00
355	5.085825e-01	5.719684e-01	2.461651e+00
356	4.804865e-01	5.249151e-01	1.679043e+00
357	4.503716e-01	6.008828e-01	2.991207e+00
358	4.260541e-01	5.003599e-01	2.857352e+00
359	4.792876e-01	5.011255e-01	1.913532e+00
360	4.901619e-01	7.175526e-01	1.216903e+00
361	4.611533e-01	5.673152e-01	1.214949e+00
362	4.691865e-01	6.159850e-01	1.005862e+00
363	4.914618e-01	5.362191e-01	2.227162e+00
364	4.939323e-01	5.214932e-01	1.723009e+00
365	4.491711e-01	6.954680e-01	1.491451e+00
366	2.969756e-01	4.548653e-01	1.692721e+00
367	4.544974e-01	5.187602e-01	1.154372e+00
368	4.562495e-01	4.924173e-01	1.851001e+00
369	4.694996e-01	5.065294e-01	2.418661e+00
370	4.474559e-01	4.785893e-01	1.874450e+00
371	5.280693e-01	4.263435e-01	1.591109e+00
372	4.816232e-01	4.956718e-01	2.199805e+00
373	4.345285e-01	4.479809e-01	2.208598e+00
374	4.930791e-01	4.958506e-01	1.322423e+00
375	4.537290e-01	3.149688e-01	2.361016e+00
376	5.230640e-01	4.114256e-01	1.815828e+00
377	4.678078e-01	5.097068e-01	1.328285e+00
378	4.574928e-01	4.899458e-01	1.883244e+00
379	7.968360e-01	8.864230e-01	1.599902e+00
380	5.284791e-01	7.024751e-01	2.343429e+00
381	4.957569e-01	5.275871e-01	1.835369e+00
382	1.962127e-01	8.020580e-01	1.065462e+00
383	6.804303e-01	4.688627e-01	1.698583e+00
384	3.879869e-01	3.327209e-01	2.761602e+00
385	4.715491e-01	5.371036e-01	1.961407e+00
386	4.685396e-01	4.929063e-01	2.449927e+00
387	4.438391e-01	4.780040e-01	2.669761e+00
388	4.851038e-01	5.349731e-01	2.597460e+00
389	4.752688e-01	5.265736e-01	2.960918e+00
390	4.610457e-01	4.888249e-01	1.655594e+00
391	4.613637e-01	5.229846e-01	2.572057e+00
392	4.834169e-01	5.295896e-01	1.234489e+00
393	4.989555e-01	5.046661e-01	1.607719e+00
394	4.689106e-01	5.017499e-01	2.643381e+00
395	4.408191e-01	5.714054e-01	1.233512e+00
396	3.183142e-01	4.324228e-01	2.058134e+00
397	3.656987e-01	5.021958e-01	1.083048e+00
398	4.225157e-01	4.861437e-01	2.453835e+00
399	4.939151e-01	4.311450e-01	2.169516e+00
400	4.125090e-01	4.290301e-01	1.634099e+00
401	3.658146e-01	6.953579e-01	1.314607e+00
402	4.823359e-01	5.685977e-01	2.292623e+00
403	4.943856e-01	7.218542e-01	1.759160e+00
404	4.518361e-01	4.971144e-01	2.942355e+00
405	4.748520e-01	5.114857e-01	1.358574e+00
406	4.592170e-01	4.803601e-01	1.474841e+00
407	3.740474e-01	3.252896e-01	2.850513e+00
408	6.495624e-01	4.574057e-01	2.543723e+00
409	4.797732e-01	5.246467e-01	1.170005e+00
410	4.517100e-01	4.357731e-01	2.011236e+00
411	5.424288e-01	5.770067e-01	2.982413e+00
412	2.555928e-01	4.546044e-01	1.578407e+00
413	5.177721e-01	5.955546e-01	2.904250e+00
414	4.842148e-01	5.320712e-01	2.948217e+00
415	4.651690e-01	5.090185e-01	1.856864e+00
416	4.746691e-01	5.469808e-01	1.780655e+00
417	4.674937e-01	5.043459e-01	1.223742e+00
418	4.651389e-01	5.247664e-01	2.928676e+00
419	4.678345e-01	5.199954e-01	1.055691e+00
420	4.865492e-01	4.899271e-01	2.823156e+00
421	4.713764e-01	5.082311e-01	2.886663e+00
422	4.614007e-01	5.079270e-01	1.391793e+00
423	3.780215e-01	7.112517e-01	1.467025e+00
424	4.931855e-01	5.707746e-01	1.512946e+00
425	3.741051e-01	2.850888e-01	1.960430e+00
426	3.689825e-01	2.851802e-01	2.254519e+00
427	4.347276e-01	3.233971e-01	2.899365e+00
428	4.410646e-01	5.037868e-01	1.247191e+00
429	4.514409e-01	4.955985e-01	1.802149e+00
430	4.654855e-01	5.043893e-01	1.663410e+00
431	4.424152e-01	3.200612e-01	2.556424e+00
432	3.715727e-01	3.000541e-01	2.947240e+00
433	4.498532e-01	5.077113e-01	2.475330e+00
434	4.884768e-01	4.690249e-01	2.923791e+00
435	5.773810e-01	6.396342e-01	2.906204e+00
436	8.664412e-02	8.752523e-01	2.668784e+00
437	5.049313e-01	5.579216e-01	2.476307e+00
438	4.287601e-01	4.832291e-01	2.065950e+00
439	4.703819e-01	5.083310e-01	1.983879e+00
440	4.756528e-01	6.336529e-01	1.637030e+00
441	7.054110e-01	4.665134e-01	1.338056e+00
442	4.631428e-01	6.058443e-01	2.406937e+00
443	5.065313e-01	4.953284e-01	1.422081e+00
444	5.130399e-01	6.200213e-01	2.956033e+00
445	4.701536e-01	4.956429e-01	2.601368e+00
446	5.269874e-01	7.261968e-01	1.846116e+00
447	4.769263e-01	5.227699e-01	1.264778e+00
448	4.607415e-01	4.640014e-01	1.119199e+00
449	4.759122e-01	5.476529e-01	1.956522e+00
450	4.451098e-01	4.983058e-01	2.971666e+00
451	4.654727e-01	5.081185e-01	2.149976e+00
452	4.682177e-01	5.879959e-01	1.574499e+00
453	5.321921e-01	6.959943e-01	1.775769e+00
454	8.606518e-01	6.256340e-01	1.542257e+00
455	4.749976e-01	5.386091e-01	2.984367e+00
456	4.497654e-01	4.328099e-01	1.577430e+00
457	4.082708e-01	5.113604e-01	2.955056e+00
458	4.472589e-01	5.635686e-01	2.865169e+00
459	4.657737e-01	5.525136e-01	1.672203e+00
460	5.787848e-01	6.328337e-01	1.198339e+00
461	3.560566e-01	3.180709e-01	2.513434e+00
462	5.091249e-01	6.869886e-01	1.853933e+00
463	4.839071e-01	5.559758e-01	2.858329e+00
464	4.747874e-01	4.963901e-01	1.574499e+00
465	4.953266e-01	4.672753e-01	1.432829e+00
466	4.626509e-01	5.086566e-01	1.500244e+00
467	4.373393e-01	2.985371e-01	1.323400e+00
468	4.483879e-01	5.069572e-01	2.147044e+00
469	4.760473e-01	5.133688e-01	2.698095e+00
470	4.764069e-01	5.179040e-01	1.364436e+00
471	4.825415e-01	6.703410e-01	2.076698e+00
472	4.669764e-01	5.004643e-01	2.011236e+00
473	4.491727e-01	4.321819e-01	1.215926e+00
474	4.617393e-01	5.061531e-01	2.299463e+00
475	4.232469e-01	5.755369e-01	1.683928e+00
476	4.744483e-01	5.130176e-01	2.081583e+00
477	4.559797e-01	5.548095e-01	2.350269e+00
478	3.674540e-01	3.449035e-01	2.728383e+00
479	4.685723e-01	5.633074e-01	1.194431e+00
480	4.625351e-01	6.246398e-01	2.515388e+00
481	4.693937e-01	5.695844e-01	1.865657e+00
482	4.416143e-01	2.846077e-01	1.802149e+00
483	4.347984e-01	4.082662e-01	1.367367e+00
484	5.117197e-01	6.054868e-01	1.148510e+00
485	4.518646e-01	4.319296e-01	2.427455e+00
486	5.044887e-01	5.319169e-01	2.196873e+00
487	4.753512e-01	5.052155e-01	2.386419e+00
488	5.021492e-01	5.822897e-01	1.294089e+00
489	3.987163e-01	4.546152e-01	1.687836e+00
490	4.954802e-01	4.528351e-01	1.146556e+00
491	5.848397e-01	3.299074e-01	1.597948e+00
492	4.849760e-01	5.433860e-01	2.412799e+00
493	4.370352e-01	5.137383e-01	1.227650e+00
494	4.614080e-01	6.051286e-01	2.522228e+00
495	4.592540e-01	4.516242e-01	1.437714e+00
496	4.909406e-01	5.933861e-01	1.523693e+00
497	4.549578e-01	5.713396e-01	1.221788e+00
498	4.744484e-01	6.147151e-01	1.652662e+00
499	4.713939e-01	6.302390e-01	1.269663e+00
500	4.660209e-01	5.008552e-01	2.967758e+00
501	4.749662e-01	5.071030e-01	2.546654e+00
502	2.540737e-01	4.833673e-01	1.818759e+00
503	4.909056e-01	5.875553e-01	1.919394e+00
504	4.850663e-01	5.088184e-01	2.563263e+00
505	4.961715e-01	6.832980e-01	1.451392e+00
506	5.295166e-01	4.802399e-01	1.718124e+00
507	4.649969e-01	4.997505e-01	1.207132e+00
508	4.834877e-01	5.280353e-01	1.236444e+00
509	4.269425e-01	5.129168e-01	2.622863e+00
510	3.615147e-01	4.678420e-01	2.549585e+00
511	4.684734e-01	5.006165e-01	2.966781e+00
512	5.450449e-01	6.157575e-01	2.395213e+00
513	5.060443e-01	4.814313e-01	1.534441e+00
514	4.631637e-01	3.403549e-01	1.550073e+00
515	5.273279e-01	6.017800e-01	1.610650e+00
516	5.655338e-01	3.350315e-01	1.612604e+00
517	4.743596e-01	5.176706e-01	1.086957e+00
518	5.740243e-01	6.732993e-01	2.282853e+00
519	1.490568e-01	1.170282e-01	1.573522e+00
520	4.531725e-01	5.340489e-01	2.497802e+00
521	4.756974e-01	5.106649e-01	1.752320e+00
522	4.354019e-01	4.144284e-01	1.589155e+00
523	4.738364e-01	5.394610e-01	1.209086e+00
524	4.178532e-01	4.430838e-01	2.755740e+00
525	5.684149e-01	4.799181e-01	1.499267e+00
526	4.676850e-01	4.981730e-01	1.014656e+00
527	5.039348e-01	6.332979e-01	2.891549e+00
528	4.626214e-01	4.946675e-01	2.478261e+00
529	5.293209e-01	6.294976e-01	1.898876e+00
530	4.851770e-01	5.121037e-01	1.188569e+00
531	4.764663e-01	5.164015e-01	2.785051e+00
532	4.698271e-01	5.121693e-01	2.945286e+00
533	4.050625e-01	4.619400e-01	2.458720e+00
534	4.258317e-01	5.982757e-01	2.673669e+00
535	4.579215e-01	4.995057e-01	1.399609e+00
536	4.940806e-01	5.601310e-01	2.604299e+00
537	4.734301e-01	5.090389e-01	1.529555e+00
538	4.669463e-01	5.093901e-01	2.823156e+00
539	4.559587e-01	6.065153e-01	2.826087e+00
540	4.857023e-01	5.415345e-01	2.844651e+00
541	5.460972e-01	4.971253e-01	2.290669e+00
542	4.516841e-01	5.259355e-01	2.570103e+00
543	4.775083e-01	5.587582e-01	2.396190e+00
544	5.496877e-01	5.692142e-01	1.318515e+00
545	4.910319e-01	4.494176e-01	2.605276e+00
546	6.166882e-01	5.496386e-01	2.683439e+00
547	3.323066e-01	4.204711e-01	1.587201e+00
548	4.756669e-01	5.794049e-01	1.375183e+00
549	4.703562e-01	4.743718e-01	2.298486e+00
550	4.731778e-01	3.206746e-01	1.285296e+00
551	4.631750e-01	5.134319e-01	2.983390e+00
552	5.450102e-01	5.469953e-01	1.195408e+00
553	4.860515e-01	5.254393e-01	2.414753e+00
554	3.756617e-01	6.972338e-01	1.843185e+00
555	2.884174e-01	4.717807e-01	2.396190e+00
556	5.261086e-01	5.082329e-01	3.000000e+00
557	4.603875e-01	5.192327e-01	2.728383e+00
558	3.632878e-01	4.755240e-01	1.133854e+00
559	4.697724e-01	5.057785e-01	1.944797e+00
560	4.247178e-01	6.031271e-01	2.883732e+00
561	5.101983e-01	6.936783e-01	2.383488e+00
562	5.470903e-01	4.977165e-01	2.506595e+00
563	4.815550e-01	5.449667e-01	1.786517e+00
564	5.417902e-01	5.574330e-01	2.893503e+00
565	4.781245e-01	5.141592e-01	2.981436e+00
566	4.831195e-01	5.670514e-01	2.663898e+00
567	4.570052e-01	5.051696e-01	2.227162e+00
568	4.535027e-01	5.075040e-01	1.527601e+00
569	4.691462e-01	5.947521e-01	2.610161e+00
570	5.571711e-01	3.930633e-01	1.058622e+00
571	4.721435e-01	4.957845e-01	2.782120e+00
572	3.981347e-01	7.247949e-01	1.518808e+00
573	4.599743e-01	5.317372e-01	2.109917e+00
574	4.864074e-01	5.335407e-01	2.074744e+00
575	4.811250e-01	5.046276e-01	2.319003e+00
576	4.556797e-01	6.031197e-01	1.290181e+00
577	4.966454e-01	5.391842e-01	1.286273e+00
578	4.731579e-01	5.602083e-01	1.881290e+00
579	4.645150e-01	5.000005e-01	1.664387e+00
580	2.084109e-01	9.290408e-01	1.242306e+00
581	4.844140e-01	5.412591e-01	1.927211e+00
582	4.663209e-01	5.057467e-01	2.820225e+00
583	4.927791e-01	6.768430e-01	2.792868e+00
584	5.244358e-01	5.716529e-01	1.201270e+00
585	4.530595e-01	4.931797e-01	1.898876e+00
586	4.741349e-01	5.056744e-01	1.782609e+00
587	4.849096e-01	5.394700e-01	1.561798e+00
588	4.686130e-01	5.087002e-01	2.282853e+00
589	4.487688e-01	4.526215e-01	2.210552e+00
590	4.031497e-01	4.568884e-01	1.020518e+00
591	4.826349e-01	5.236729e-01	1.784563e+00
592	4.699009e-01	5.123255e-01	1.275525e+00
593	4.942361e-01	4.908119e-01	1.212995e+00
594	4.808363e-01	5.505874e-01	2.964827e+00
595	4.667037e-01	4.974921e-01	2.079629e+00
596	5.845406e-01	3.145131e-01	1.187592e+00
597	4.784410e-01	4.479314e-01	1.258915e+00
598	4.614295e-01	4.603821e-01	1.999511e+00
599	4.728979e-01	5.082573e-01	1.264778e+00
600	4.873895e-01	5.481759e-01	1.110405e+00
601	4.102375e-01	2.475623e-01	1.107474e+00
602	4.039719e-01	7.114500e-01	1.070347e+00
603	4.763669e-01	4.971119e-01	2.400098e+00
604	4.864831e-01	4.687566e-01	2.871031e+00
605	4.764257e-01	5.142571e-01	2.739130e+00
606	4.671496e-01	4.851355e-01	2.061065e+00
607	4.312846e-01	3.653712e-01	1.073278e+00
608	4.447866e-01	4.902323e-01	2.799707e+00
609	4.843660e-01	5.927575e-01	2.010259e+00
610	5.275473e-01	4.337821e-01	1.700537e+00
611	4.831011e-01	5.289486e-01	1.339033e+00
612	5.352914e-01	5.185982e-01	2.227162e+00
613	4.408322e-01	4.997948e-01	2.482169e+00
614	4.993867e-01	4.837802e-01	2.958964e+00
615	4.121603e-01	5.862292e-01	1.443576e+00
616	4.902978e-01	4.377605e-01	2.381534e+00
617	4.983212e-01	6.465565e-01	1.971177e+00
618	4.806128e-01	5.252826e-01	2.960918e+00
619	2.409039e-01	7.768428e-02	1.812897e+00
620	3.507621e-01	3.948303e-01	1.170982e+00
621	4.802683e-01	4.363796e-01	1.277479e+00
622	5.675851e-01	3.156315e-01	1.176844e+00
623	5.967661e-01	5.832366e-01	1.636053e+00
624	5.045294e-01	5.891563e-01	2.336590e+00
625	5.091468e-01	4.951302e-01	1.343918e+00
626	4.719016e-01	5.226879e-01	1.905716e+00
627	4.928945e-01	4.976249e-01	1.784563e+00
628	4.678017e-01	5.137804e-01	2.063996e+00
629	4.770353e-01	5.060777e-01	2.497802e+00
630	5.308931e-01	5.125756e-01	2.870054e+00
631	4.442911e-01	4.958363e-01	1.729849e+00
632	4.931451e-01	6.683310e-01	2.290669e+00
633	4.680465e-01	5.080555e-01	2.841720e+00
634	4.727696e-01	5.074922e-01	2.195896e+00
635	4.828695e-01	5.673001e-01	1.601856e+00
636	4.788218e-01	5.805997e-01	2.449927e+00
637	4.747889e-01	5.231370e-01	1.462140e+00
638	4.688030e-01	5.064981e-01	2.041524e+00
639	4.680424e-01	5.086505e-01	2.061065e+00
640	4.698661e-01	3.064453e-01	2.130435e+00
641	4.554074e-01	3.568713e-01	2.205667e+00
642	4.780495e-01	5.177230e-01	2.184172e+00
643	5.041971e-01	4.889787e-01	2.747924e+00
644	5.424938e-01	3.467666e-01	2.909135e+00
645	4.774455e-01	5.175333e-01	2.777235e+00
646	4.623956e-01	4.371909e-01	1.295066e+00
647	4.563120e-01	5.823847e-01	1.050806e+00
648	4.389203e-01	3.729526e-01	1.191500e+00
649	4.777807e-01	5.125270e-01	1.198339e+00
650	4.984983e-01	5.200898e-01	2.656082e+00
651	4.754007e-01	5.498517e-01	1.692721e+00
652	4.722406e-01	3.455323e-01	2.330728e+00
653	4.608784e-01	4.775588e-01	1.906693e+00
654	4.364981e-01	4.969605e-01	2.192965e+00
655	5.122282e-01	5.833702e-01	1.200293e+00
656	4.575260e-01	5.305167e-01	2.361016e+00
657	4.761905e-01	6.464042e-01	2.080606e+00
658	4.687025e-01	5.087597e-01	2.017098e+00
659	4.544539e-01	5.400143e-01	2.191011e+00
660	3.759576e-01	3.282648e-01	1.667318e+00
661	4.781091e-01	6.455916e-01	2.229116e+00
662	6.681951e-01	6.341220e-01	1.188569e+00
663	4.978379e-01	4.469383e-01	2.714704e+00
664	4.917096e-01	5.397728e-01	1.979971e+00
665	5.289263e-01	3.707868e-01	2.954079e+00
666	4.958829e-01	1.470713e-01	1.803127e+00
667	4.550301e-01	5.405234e-01	1.039082e+00
668	1.655151e-01	5.503657e-01	1.893014e+00
669	4.308969e-01	3.242530e-01	1.778701e+00
670	2.123454e-01	8.738812e-01	1.807035e+00
671	4.512197e-01	4.614211e-01	1.102589e+00
672	6.929398e-01	6.008882e-01	1.879336e+00
673	4.813284e-01	4.911865e-01	1.984856e+00
674	4.683334e-01	5.093068e-01	2.238886e+00
675	4.863976e-01	5.542584e-01	2.868100e+00
676	4.636173e-01	5.156212e-01	2.748901e+00
677	4.936899e-01	7.043561e-01	1.578407e+00
678	4.929357e-01	5.866999e-01	1.621397e+00
679	4.671343e-01	5.121929e-01	2.657059e+00
680	4.646651e-01	4.795692e-01	2.404983e+00
681	4.669758e-01	5.706659e-01	2.272106e+00
682	4.682398e-01	4.849151e-01	1.463117e+00
683	4.633248e-01	4.972009e-01	2.316072e+00
684	4.751697e-01	5.144112e-01	2.334636e+00
685	4.913075e-01	5.619216e-01	1.365413e+00
686	5.577481e-01	3.432389e-01	2.105032e+00
687	4.345174e-01	5.221914e-01	1.339033e+00
688	4.549761e-01	4.976170e-01	2.932584e+00
689	4.617921e-01	5.074493e-01	2.378603e+00
690	4.767935e-01	5.108293e-01	1.833415e+00
691	5.196256e-01	5.060216e-01	1.663410e+00
692	4.444880e-01	5.336750e-01	2.251588e+00
693	5.459937e-01	3.568883e-01	1.766976e+00
694	4.935903e-01	5.780161e-01	1.575476e+00
695	4.526777e-01	5.795201e-01	2.771373e+00
696	4.708816e-01	4.974271e-01	2.787005e+00
697	4.779968e-01	5.130165e-01	1.959453e+00
698	4.927996e-01	5.583472e-01	2.187103e+00
699	4.713234e-01	5.080868e-01	2.430386e+00
700	5.019671e-01	5.785329e-01	2.679531e+00
701	4.567051e-01	6.032817e-01	2.191988e+00
702	5.050137e-01	5.835928e-01	2.945286e+00
703	4.848677e-01	5.033436e-01	2.793845e+00
704	4.560465e-01	5.112662e-01	2.132389e+00
705	5.172303e-01	7.189892e-01	1.627259e+00
706	4.585548e-01	5.007823e-01	1.623351e+00
707	4.446914e-01	5.307770e-01	2.772350e+00
708	4.659722e-01	4.981078e-01	1.552027e+00
709	3.891772e-01	5.184478e-01	1.180752e+00
710	4.605670e-01	4.719726e-01	1.632145e+00
711	1.515901e-01	1.855111e-01	1.680997e+00
712	4.710112e-01	3.228268e-01	2.828041e+00
713	4.621984e-01	5.210067e-01	1.703468e+00
714	4.221426e-01	6.653233e-01	1.471910e+00
715	4.580946e-01	4.803552e-01	2.368832e+00
716	4.797696e-01	5.060502e-01	1.961407e+00
717	4.712163e-01	5.078320e-01	1.756229e+00
718	5.281796e-01	5.525128e-01	2.987298e+00
719	4.733805e-01	5.085946e-01	2.332682e+00
720	4.796763e-01	5.171767e-01	1.097704e+00
721	4.747610e-01	3.353237e-01	1.954568e+00
722	4.700769e-01	5.073027e-01	1.704446e+00
723	4.685269e-01	5.080362e-01	1.853933e+00
724	5.077175e-01	5.839534e-01	2.829995e+00
725	4.381748e-01	5.482031e-01	2.232047e+00
726	4.716226e-01	5.253505e-01	2.587689e+00
727	4.516755e-01	5.046806e-01	2.698095e+00
728	4.520783e-01	2.846753e-01	1.896922e+00
729	4.903877e-01	5.143702e-01	1.212995e+00
730	2.568301e-01	4.658097e-01	1.502198e+00
731	4.681790e-01	5.020101e-01	2.614069e+00
732	4.653138e-01	6.015534e-01	2.880801e+00
733	4.804815e-01	4.972551e-01	1.956522e+00
734	5.349120e-01	6.295550e-01	2.745970e+00
735	1.875181e-01	8.984609e-01	1.179775e+00
736	4.307288e-01	4.918133e-01	1.935027e+00
737	4.462944e-01	5.022703e-01	1.975085e+00
738	4.726886e-01	5.583886e-01	1.067416e+00
739	4.551786e-01	4.560750e-01	2.024915e+00
740	4.943238e-01	5.799620e-01	2.810454e+00
741	5.172228e-01	5.891340e-01	2.428432e+00
742	4.603875e-01	5.125079e-01	1.957499e+00
743	4.384070e-01	3.068314e-01	2.306302e+00
744	4.909014e-01	4.987023e-01	2.557401e+00
745	4.821031e-01	5.316879e-01	1.243283e+00
746	4.910602e-01	4.626884e-01	2.429409e+00
747	4.836542e-01	5.137038e-01	2.523205e+00
748	4.602221e-01	4.667911e-01	2.842697e+00
749	4.715402e-01	5.081699e-01	2.247680e+00
750	4.428802e-01	4.832139e-01	2.000489e+00
751	4.787070e-01	4.881363e-01	2.446019e+00
752	4.640172e-01	5.062648e-01	2.360039e+00
753	3.758665e-01	3.531408e-01	2.567171e+00
754	4.670955e-01	5.178833e-01	2.415730e+00
755	4.423291e-01	5.313909e-01	1.989741e+00
756	4.635561e-01	5.073103e-01	2.908158e+00
757	5.149346e-01	7.263256e-01	2.731314e+00
758	4.669636e-01	5.069542e-01	2.544700e+00
759	4.687662e-01	5.055273e-01	2.890572e+00
760	4.714926e-01	5.045184e-01	1.654617e+00
761	4.695368e-01	5.074977e-01	1.008793e+00
762	4.830820e-01	5.430428e-01	1.260870e+00
763	4.509363e-01	6.082258e-01	1.347826e+00
764	4.680714e-01	5.031328e-01	1.325354e+00
765	4.808369e-01	4.895420e-01	1.420127e+00
766	4.723775e-01	3.724162e-01	2.845628e+00
767	4.929869e-01	5.011124e-01	1.853933e+00
768	4.713991e-01	5.075324e-01	1.303859e+00
769	5.069945e-01	6.341556e-01	1.294089e+00
770	3.182206e-01	5.977531e-01	1.675134e+00
771	4.176556e-01	5.248856e-01	2.417684e+00
772	4.875307e-01	5.417821e-01	2.053249e+00
773	4.770813e-01	5.252363e-01	1.276502e+00
774	5.694711e-01	6.345031e-01	2.779189e+00
775	4.162219e-01	3.015422e-01	1.984856e+00
776	3.497647e-01	6.991988e-01	2.295554e+00
777	4.717642e-01	5.096589e-01	1.652662e+00
778	4.644614e-01	4.813818e-01	2.464582e+00
779	4.679564e-01	5.020483e-01	1.763068e+00
780	4.641082e-01	5.119846e-01	2.026869e+00
781	4.878772e-01	7.294954e-01	1.160234e+00
782	4.496430e-01	5.257052e-01	2.302394e+00
783	4.960356e-01	5.373656e-01	1.384954e+00
784	4.839829e-01	4.825113e-01	2.598437e+00
785	4.226483e-01	5.549670e-01	2.130435e+00
786	4.643602e-01	5.110491e-01	1.690767e+00
787	4.508655e-01	5.212980e-01	1.940889e+00
788	4.758517e-01	5.218866e-01	2.099170e+00
