767
0	1.452282e-01	2.222600e-01	1.398632e+00
1	3.968118e-01	4.590766e-01	1.108451e+00
2	4.981095e-01	5.622315e-01	2.925745e+00
3	4.851798e-01	5.694573e-01	2.732291e+00
4	3.278823e-01	3.648308e-01	1.257938e+00
5	3.813637e-01	4.382332e-01	2.424524e+00
6	7.979131e-01	9.383914e-01	1.383000e+00
7	4.829587e-01	5.134148e-01	2.705911e+00
8	4.618999e-01	4.983090e-01	2.442110e+00
9	4.756378e-01	5.114233e-01	2.233024e+00
10	4.996729e-01	6.479375e-01	2.376649e+00
11	4.682263e-01	5.017463e-01	1.556913e+00
12	4.907287e-01	5.257588e-01	2.950171e+00
13	5.251286e-01	5.829492e-01	1.066439e+00
14	4.725743e-01	5.136413e-01	1.626282e+00
15	4.036175e-01	8.040830e-01	1.306790e+00
16	4.742710e-01	5.118877e-01	2.902296e+00
17	4.199500e-01	5.705992e-01	1.195408e+00
18	5.233822e-01	5.135605e-01	1.785540e+00
19	4.799005e-01	5.225804e-01	1.248168e+00
20	4.463864e-01	5.157342e-01	1.863703e+00
21	3.940767e-01	4.346342e-01	2.671715e+00
22	4.755444e-01	5.234729e-01	2.487054e+00
23	4.520638e-01	7.383585e-01	1.946751e+00
24	3.766208e-01	5.471670e-01	1.303859e+00
25	6.802531e-01	6.886592e-01	2.152907e+00
26	4.625124e-01	5.157321e-01	1.388862e+00
27	4.787810e-01	5.509117e-01	1.591109e+00
28	4.961727e-01	5.339414e-01	2.205667e+00
29	4.702036e-01	4.975560e-01	2.181241e+00
30	4.742571e-01	7.261143e-01	1.475818e+00
31	5.309375e-01	4.270263e-01	2.309233e+00
32	4.687905e-01	5.358306e-01	2.073766e+00
33	6.310884e-01	7.366488e-01	2.331705e+00
34	4.702918e-01	5.468846e-01	1.126038e+00
35	6.555034e-01	6.020641e-01	2.235955e+00
36	2.036432e-01	5.724999e-01	2.805569e+00
37	5.513369e-01	6.890102e-01	2.555447e+00
38	4.713625e-01	4.877718e-01	2.559355e+00
39	4.699599e-01	5.057449e-01	1.895945e+00
40	4.334638e-01	4.886701e-01	1.282364e+00
41	4.623468e-01	5.303137e-01	2.750855e+00
42	4.685829e-01	5.082221e-01	2.412799e+00
43	4.835767e-01	4.953460e-01	2.557401e+00
44	5.072299e-01	4.337400e-01	1.648754e+00
45	4.565709e-01	5.939508e-01	1.721055e+00
46	4.947223e-01	6.467514e-01	2.588666e+00
47	4.633727e-01	5.234601e-01	1.525647e+00
48	4.780470e-01	5.098084e-01	2.751832e+00
49	5.010676e-01	5.819911e-01	2.625794e+00
50	4.640545e-01	5.874371e-01	1.663410e+00
51	4.767769e-01	5.082111e-01	2.560332e+00
52	4.685793e-01	5.371903e-01	1.696629e+00
53	4.611000e-01	5.117498e-01	1.506106e+00
54	4.680778e-01	5.038859e-01	2.675623e+00
55	4.407629e-01	4.262046e-01	2.497802e+00
56	5.133212e-01	6.344472e-01	1.031265e+00
57	4.641002e-01	4.171745e-01	2.361993e+00
58	4.678226e-01	5.587029e-01	1.866634e+00
60	7.712313e-01	7.710833e-01	1.503175e+00
61	4.974947e-01	4.730292e-01	2.449927e+00
62	4.699138e-01	5.022379e-01	2.831949e+00
63	4.847879e-01	5.157668e-01	2.317049e+00
64	4.795411e-01	4.735615e-01	2.353200e+00
65	4.767818e-01	5.140107e-01	2.575965e+00
66	4.323884e-01	5.746389e-01	2.922814e+00
67	4.192934e-01	4.636894e-01	2.289692e+00
68	4.786109e-01	5.410540e-01	2.766488e+00
69	4.583234e-01	5.428367e-01	1.522716e+00
70	5.455694e-01	5.325373e-01	2.769419e+00
71	4.906248e-01	5.477217e-01	1.110405e+00
72	4.953452e-01	5.502185e-01	1.412311e+00
73	5.631686e-01	7.208403e-01	1.951637e+00
74	5.163110e-01	6.576335e-01	1.449438e+00
75	4.081553e-01	4.721931e-01	2.176356e+00
76	5.091766e-01	5.747627e-01	1.212995e+00
77	4.582510e-01	5.180636e-01	1.872496e+00
78	4.623426e-01	4.814702e-01	1.606742e+00
79	5.229995e-01	4.333498e-01	1.183683e+00
80	4.959832e-01	5.851084e-01	2.736199e+00
81	4.778064e-01	5.109101e-01	1.617489e+00
82	4.176612e-01	4.456956e-01	2.456766e+00
83	6.001047e-01	6.342608e-01	1.406448e+00
84	2.931548e-01	4.579643e-01	2.453835e+00
85	4.740911e-01	5.119340e-01	2.712750e+00
86	4.709664e-01	4.991948e-01	2.877870e+00
87	4.605571e-01	5.598053e-01	1.533464e+00
88	4.549717e-01	2.845886e-01	2.169516e+00
89	3.189240e-01	4.228734e-01	2.483146e+00
90	5.178520e-01	5.852589e-01	1.538349e+00
91	4.434387e-01	5.081117e-01	1.117245e+00
92	4.708739e-01	5.363451e-01	2.709819e+00
93	4.587372e-01	5.281627e-01	2.929653e+00
94	5.046260e-01	3.928591e-01	2.125550e+00
95	5.234719e-01	4.055592e-01	2.148999e+00
96	4.675316e-01	4.942096e-01	1.206155e+00
98	4.748927e-01	5.069390e-01	1.997557e+00
99	4.305480e-01	4.854402e-01	1.753298e+00
100	4.708699e-01	5.014475e-01	1.491451e+00
101	4.724828e-01	5.126939e-01	2.381534e+00
102	4.686239e-01	4.419105e-01	1.837323e+00
103	4.844691e-01	4.264040e-01	2.723498e+00
104	4.599066e-01	3.055107e-01	1.216903e+00
105	4.726907e-01	5.568023e-01	1.385931e+00
107	4.973658e-01	5.109773e-01	1.887152e+00
108	5.129610e-01	4.673561e-01	1.869565e+00
109	4.483162e-01	5.754237e-01	2.657059e+00
110	4.067466e-01	4.845359e-01	1.905716e+00
111	4.646308e-01	5.444312e-01	2.319980e+00
113	5.601703e-01	2.643610e-01	1.155349e+00
114	4.767593e-01	5.270747e-01	1.261847e+00
115	3.987557e-01	3.689508e-01	1.308745e+00
116	6.231456e-01	2.833753e-01	1.148510e+00
117	4.453072e-01	4.556046e-01	1.865657e+00
118	4.924326e-01	5.438856e-01	2.988276e+00
119	4.452307e-01	6.301075e-01	1.479726e+00
120	5.018710e-01	5.825080e-01	2.095261e+00
121	4.858648e-01	6.309029e-01	2.442110e+00
122	6.398651e-01	6.469647e-01	1.070347e+00
123	4.576896e-01	5.497731e-01	1.417196e+00
124	4.709109e-01	5.128115e-01	2.817294e+00
126	4.402844e-01	4.962789e-01	2.738153e+00
127	4.541886e-01	5.787676e-01	2.338544e+00
128	4.791453e-01	5.095329e-01	1.282364e+00
129	4.906345e-01	5.143808e-01	2.676600e+00
130	4.909862e-01	5.158617e-01	2.443087e+00
132	4.567301e-01	6.090449e-01	1.220811e+00
133	2.769342e-01	6.497499e-01	2.407914e+00
134	4.368010e-01	6.283573e-01	2.277968e+00
135	4.569050e-01	5.252959e-01	2.409868e+00
136	5.087626e-01	5.312145e-01	2.083537e+00
137	4.420940e-01	5.280624e-01	2.286761e+00
138	6.672744e-01	3.318201e-01	1.194431e+00
139	4.520030e-01	5.114385e-01	2.818271e+00
140	4.372012e-01	4.674183e-01	2.827064e+00
141	4.379516e-01	5.009886e-01	1.684905e+00
142	4.928518e-01	5.150544e-01	1.999511e+00
143	4.868482e-01	5.201281e-01	1.956522e+00
144	5.189292e-01	4.520686e-01	2.323889e+00
145	3.985943e-01	5.188244e-01	2.501710e+00
146	4.676540e-01	4.265185e-01	2.395213e+00
147	5.152835e-01	4.928286e-01	2.719590e+00
148	4.750344e-01	5.120492e-01	2.937469e+00
149	4.284160e-01	4.875261e-01	2.803615e+00
150	4.371054e-01	4.258434e-01	1.794333e+00
151	4.804582e-01	5.219464e-01	2.611138e+00
152	4.277560e-01	4.805861e-01	1.724963e+00
153	4.732783e-01	4.967228e-01	1.983879e+00
154	4.747331e-01	5.114067e-01	2.181241e+00
155	4.544834e-01	6.153329e-01	1.295066e+00
156	5.461475e-01	6.060374e-01	1.970200e+00
157	4.595117e-01	5.074618e-01	2.387396e+00
158	6.186180e-01	5.837560e-01	2.386419e+00
159	6.348214e-01	4.276253e-01	2.647289e+00
160	4.797770e-01	4.900663e-01	1.686859e+00
161	4.905611e-01	5.174388e-01	1.553981e+00
162	4.880014e-01	5.360405e-01	1.764045e+00
163	3.463236e-01	2.519639e-01	1.632145e+00
164	4.755086e-01	5.094346e-01	1.235467e+00
165	4.754833e-01	5.214534e-01	2.251588e+00
166	4.671006e-01	5.520156e-01	1.751343e+00
167	4.051339e-01	6.507570e-01	1.715193e+00
168	4.742038e-01	5.147464e-01	2.109917e+00
169	4.934905e-01	5.294281e-01	2.137274e+00
170	5.432852e-01	5.473565e-01	2.099170e+00
171	4.858294e-01	5.738729e-01	2.057157e+00
172	4.115649e-01	5.578570e-01	2.246702e+00
173	4.863864e-01	4.725768e-01	1.894968e+00
174	4.410367e-01	4.492670e-01	2.453835e+00
175	4.916444e-01	5.438997e-01	2.834880e+00
176	4.573831e-01	6.448995e-01	2.215437e+00
177	4.743276e-01	5.427218e-01	2.153884e+00
178	4.708247e-01	5.153227e-01	2.475330e+00
179	4.590650e-01	6.212203e-01	1.274548e+00
180	4.931445e-01	5.351804e-01	2.127504e+00
181	4.752053e-01	5.373277e-01	1.790425e+00
182	2.626328e-01	3.377449e-01	1.736688e+00
183	5.509045e-01	4.440925e-01	1.692721e+00
184	4.664749e-01	4.972318e-01	2.042501e+00
185	5.769640e-01	5.171622e-01	1.468979e+00
186	4.903554e-01	4.947728e-01	1.784563e+00
188	4.745431e-01	4.751345e-01	1.839277e+00
189	4.873604e-01	5.035946e-01	1.175867e+00
190	3.531965e-01	5.092512e-01	2.807523e+00
191	3.748959e-01	3.919950e-01	2.811431e+00
192	5.123519e-01	4.758518e-01	1.192477e+00
193	2.795168e-01	5.750996e-01	1.620420e+00
194	5.491097e-01	5.235613e-01	2.624817e+00
195	4.751110e-01	5.070617e-01	2.806546e+00
196	4.139950e-01	4.270251e-01	1.763068e+00
197	6.545285e-01	5.985935e-01	2.060088e+00
198	4.542457e-01	7.314316e-01	2.458720e+00
199	4.563285e-01	4.647443e-01	2.463605e+00
200	7.558708e-01	7.209727e-01	1.141671e+00
201	4.808450e-01	5.154875e-01	1.146556e+00
202	4.773367e-01	5.864753e-01	1.395701e+00
203	4.014041e-01	5.574185e-01	1.755252e+00
204	4.730280e-01	4.832989e-01	2.901319e+00
205	4.669755e-01	5.090783e-01	2.123596e+00
206	4.611824e-01	5.721945e-01	1.652662e+00
207	4.796586e-01	5.064999e-01	1.199316e+00
208	4.532624e-01	4.361369e-01	2.170493e+00
209	4.219509e-01	7.403390e-01	2.733268e+00
210	4.775632e-01	4.101783e-01	1.545188e+00
211	4.424276e-01	5.037621e-01	1.376160e+00
212	4.818563e-01	5.386387e-01	1.621397e+00
213	4.877083e-01	5.172451e-01	1.883244e+00
214	4.609230e-01	5.148291e-01	1.612604e+00
215	4.366445e-01	5.183431e-01	2.909135e+00
216	4.751331e-01	5.004567e-01	1.354665e+00
217	4.584841e-01	5.039791e-01	2.770396e+00
218	4.485816e-01	4.546036e-01	2.148999e+00
219	4.828120e-01	5.254140e-01	2.624817e+00
220	4.568931e-01	5.882609e-01	2.697118e+00
221	4.658064e-01	4.879844e-01	1.938935e+00
222	3.321429e-01	1.853580e-01	1.854910e+00
223	5.154899e-01	5.229712e-01	2.625794e+00
224	4.442613e-01	2.721211e-01	2.984367e+00
225	4.216847e-01	4.414543e-01	2.693210e+00
226	4.769268e-01	5.289033e-01	2.276014e+00
227	4.430208e-01	4.891116e-01	1.245237e+00
228	4.775353e-01	5.030974e-01	1.489497e+00
229	4.815728e-01	5.068203e-01	2.305325e+00
230	4.735238e-01	5.075905e-01	2.689301e+00
231	4.690467e-01	4.438767e-01	1.346849e+00
232	4.635170e-01	4.891876e-01	2.447973e+00
233	4.523906e-01	5.146087e-01	1.591109e+00
234	5.643438e-01	5.503063e-01	1.931119e+00
235	4.569029e-01	5.006101e-01	2.687347e+00
236	4.742153e-01	5.122504e-01	2.787982e+00
237	4.689736e-01	4.974264e-01	1.510015e+00
238	4.648661e-01	5.339694e-01	2.193942e+00
239	4.763708e-01	5.788642e-01	2.918906e+00
240	4.657741e-01	4.665323e-01	1.734734e+00
241	4.617618e-01	5.598712e-01	1.119199e+00
242	5.510152e-01	6.091064e-01	1.631168e+00
243	4.571382e-01	5.625289e-01	1.258915e+00
244	4.881288e-01	4.147406e-01	2.458720e+00
245	4.367021e-01	3.346868e-01	2.134343e+00
246	4.814595e-01	5.054317e-01	2.662921e+00
247	4.879665e-01	4.992399e-01	2.924768e+00
248	5.143065e-01	5.422643e-01	2.983390e+00
250	7.306762e-01	6.874201e-01	2.763556e+00
251	3.556731e-01	4.970652e-01	2.374695e+00
252	4.487179e-01	5.885412e-01	1.703468e+00
253	4.753633e-01	5.575342e-01	1.246214e+00
254	5.067542e-01	6.101007e-01	2.925745e+00
255	4.572399e-01	4.839050e-01	1.857841e+00
256	4.670179e-01	4.961737e-01	2.601368e+00
257	4.791833e-01	5.303843e-01	2.413776e+00
258	4.553789e-01	5.287127e-01	2.569126e+00
259	4.385432e-01	3.946821e-01	1.865657e+00
260	4.745024e-01	5.144086e-01	2.574988e+00
261	4.670509e-01	5.382422e-01	1.598925e+00
262	5.414144e-01	3.818006e-01	2.264289e+00
263	3.053760e-01	6.273694e-01	1.176844e+00
264	4.754646e-01	3.070619e-01	1.061553e+00
265	4.700664e-01	4.943276e-01	2.526136e+00
266	4.403576e-01	4.588771e-01	1.928188e+00
267	5.058072e-01	4.768408e-01	2.006351e+00
268	4.792943e-01	5.474031e-01	1.041036e+00
269	2.618874e-01	4.737620e-01	1.793356e+00
270	4.119510e-01	3.742482e-01	1.860772e+00
271	3.810345e-01	5.590136e-01	1.389839e+00
272	4.804689e-01	5.241022e-01	1.052760e+00
273	4.756906e-01	5.055119e-01	1.156326e+00
274	6.214472e-01	7.720160e-01	1.981925e+00
275	2.575229e-01	3.551718e-01	2.256473e+00
276	4.932659e-01	5.357706e-01	2.368832e+00
277	5.113485e-01	5.060762e-01	2.024915e+00
279	5.460618e-01	5.511389e-01	1.348803e+00
280	5.047610e-01	6.973052e-01	2.472399e+00
281	5.069487e-01	7.184226e-01	2.288715e+00
282	4.815782e-01	5.125744e-01	2.745970e+00
283	5.564380e-01	5.488238e-01	2.490962e+00
284	6.139571e-01	7.529197e-01	2.515388e+00
285	1.354478e-01	4.304323e-01	1.545188e+00
286	4.699165e-01	4.997677e-01	2.662921e+00
287	4.681148e-01	5.269593e-01	2.264289e+00
288	4.786510e-01	4.621251e-01	2.905227e+00
289	4.981936e-01	4.061526e-01	1.058622e+00
290	5.088484e-01	5.323497e-01	2.152907e+00
291	8.001951e-01	9.396699e-01	2.784074e+00
292	4.693900e-01	5.166942e-01	2.445042e+00
293	5.021348e-01	2.899329e-01	2.852467e+00
294	5.335659e-01	5.284227e-01	2.070835e+00
295	5.334352e-01	5.441187e-01	1.406448e+00
296	6.498707e-01	8.907120e-01	1.751343e+00
297	4.979040e-01	5.229069e-01	2.077675e+00
298	5.309076e-01	3.668892e-01	1.601856e+00
299	4.836797e-01	5.274692e-01	2.048363e+00
300	4.723814e-01	5.781522e-01	2.781143e+00
301	4.783643e-01	5.101345e-01	2.779189e+00
302	4.828958e-01	5.292189e-01	2.617978e+00
303	3.100122e-01	3.350553e-01	1.698583e+00
304	6.060102e-01	6.159103e-01	1.948705e+00
305	4.763466e-01	5.340103e-01	1.416219e+00
306	8.605574e-01	2.344745e-01	1.745481e+00
307	4.771015e-01	5.127065e-01	2.291646e+00
308	4.177489e-01	3.055828e-01	1.868588e+00
309	4.752571e-01	5.822019e-01	2.511480e+00
310	4.771395e-01	5.234613e-01	2.596483e+00
311	4.288178e-01	4.123376e-01	2.855398e+00
312	4.591250e-01	4.459900e-01	1.312653e+00
313	4.160486e-01	4.357032e-01	1.787494e+00
314	4.733024e-01	5.047435e-01	2.252565e+00
315	4.111954e-01	4.162218e-01	1.978017e+00
316	3.598653e-01	4.686755e-01	2.965804e+00
317	4.673570e-01	4.942231e-01	2.221299e+00
318	6.284665e-01	5.015675e-01	1.701514e+00
319	5.125448e-01	5.463039e-01	1.135809e+00
320	4.613352e-01	5.516407e-01	2.997069e+00
322	4.048335e-01	6.293315e-01	2.362970e+00
323	4.706631e-01	5.230673e-01	2.553493e+00
324	4.987824e-01	4.677806e-01	1.347826e+00
325	2.000488e-01	2.630584e-01	2.896434e+00
326	4.802502e-01	5.120898e-01	1.857841e+00
327	4.435154e-01	5.958765e-01	1.669272e+00
328	4.886696e-01	5.139776e-01	1.726917e+00
329	4.465207e-01	4.409720e-01	2.604299e+00
330	5.416297e-01	5.623493e-01	2.089399e+00
331	4.816351e-01	4.719796e-01	1.552027e+00
332	5.404403e-01	5.434931e-01	1.769907e+00
333	4.861334e-01	5.374884e-01	1.382022e+00
334	2.400178e-01	3.330177e-01	2.510503e+00
335	4.614678e-01	5.790529e-01	1.640938e+00
336	4.869580e-01	5.083295e-01	2.933561e+00
337	4.206291e-01	6.013029e-01	1.033219e+00
338	4.520630e-01	4.348180e-01	1.408403e+00
339	4.828245e-01	5.323069e-01	2.767465e+00
340	4.779203e-01	4.838064e-01	1.526624e+00
341	4.439930e-01	3.772379e-01	1.456277e+00
342	4.949017e-01	5.505614e-01	1.054714e+00
343	5.366976e-01	5.079839e-01	2.601368e+00
344	2.533017e-01	3.526968e-01	2.193942e+00
346	4.795847e-01	5.050063e-01	1.564729e+00
347	4.782202e-01	5.281644e-01	1.679043e+00
348	5.022403e-01	5.854644e-01	2.034685e+00
349	4.647616e-01	4.921882e-01	2.564240e+00
350	4.260780e-01	4.792942e-01	2.311187e+00
351	4.584985e-01	5.957689e-01	1.297997e+00
352	4.750103e-01	4.964293e-01	2.873962e+00
353	5.670235e-01	5.449748e-01	2.202736e+00
354	4.746506e-01	5.138601e-01	2.653151e+00
355	3.801692e-01	6.141290e-01	2.461651e+00
356	4.728202e-01	4.883544e-01	1.679043e+00
357	4.121605e-01	4.536527e-01	2.991207e+00
358	4.771782e-01	7.339831e-01	2.857352e+00
359	5.286177e-01	5.902679e-01	1.913532e+00
360	4.587119e-01	4.269515e-01	1.216903e+00
361	4.592420e-01	2.541175e-01	1.214949e+00
362	4.010373e-01	5.794213e-01	1.005862e+00
363	4.801187e-01	5.500614e-01	2.227162e+00
364	4.708631e-01	4.928929e-01	1.723009e+00
366	5.220096e-01	5.525950e-01	1.692721e+00
367	4.538372e-01	4.967389e-01	1.154372e+00
368	4.766162e-01	4.860636e-01	1.851001e+00
369	4.777820e-01	5.172024e-01	2.418661e+00
370	4.276443e-01	5.175000e-01	1.874450e+00
371	4.788590e-01	6.049023e-01	1.591109e+00
372	4.604405e-01	4.945236e-01	2.199805e+00
373	3.778997e-01	3.327948e-01	2.208598e+00
374	4.696203e-01	6.006226e-01	1.322423e+00
375	5.404347e-01	7.754017e-01	2.361016e+00
376	3.847228e-01	4.957755e-01	1.815828e+00
377	4.737680e-01	5.145356e-01	1.328285e+00
378	4.895379e-01	5.050847e-01	1.883244e+00
379	3.608840e-01	4.173715e-01	1.599902e+00
380	5.557673e-01	7.921504e-01	2.343429e+00
381	4.920455e-01	5.396986e-01	1.835369e+00
383	4.917019e-01	3.624409e-01	1.698583e+00
384	7.112904e-01	3.622433e-01	2.761602e+00
385	4.445428e-01	7.040914e-01	1.961407e+00
386	6.430082e-01	5.747747e-01	2.449927e+00
387	4.975563e-01	6.020136e-01	2.669761e+00
388	5.559329e-01	5.282032e-01	2.597460e+00
389	4.823835e-01	5.190305e-01	2.960918e+00
390	4.743470e-01	5.381249e-01	1.655594e+00
391	4.888595e-01	6.146152e-01	2.572057e+00
392	4.576694e-01	4.798070e-01	1.234489e+00
393	5.210709e-01	5.053024e-01	1.607719e+00
394	4.749515e-01	5.089491e-01	2.643381e+00
395	4.406441e-01	6.305844e-01	1.233512e+00
397	5.999178e-01	4.308875e-01	1.083048e+00
398	5.150731e-01	1.715550e-01	2.453835e+00
399	4.782388e-01	5.037597e-01	2.169516e+00
400	4.858247e-01	5.739275e-01	1.634099e+00
401	6.371468e-01	5.741760e-01	1.314607e+00
402	4.672053e-01	5.600673e-01	2.292623e+00
403	5.751385e-01	6.740419e-01	1.759160e+00
404	4.789308e-01	5.705898e-01	2.942355e+00
405	5.002691e-01	6.416619e-01	1.358574e+00
406	4.465434e-01	4.467460e-01	1.474841e+00
407	6.799865e-01	6.242241e-01	2.850513e+00
408	4.384596e-01	5.937254e-01	2.543723e+00
409	4.724460e-01	5.303581e-01	1.170005e+00
410	5.177690e-01	4.432500e-01	2.011236e+00
411	4.503781e-01	5.234622e-01	2.982413e+00
412	7.910252e-01	2.006340e-01	1.578407e+00
413	6.166971e-01	6.482303e-01	2.904250e+00
414	4.747978e-01	5.506977e-01	2.948217e+00
415	4.675536e-01	5.137680e-01	1.856864e+00
416	4.717458e-01	4.776786e-01	1.780655e+00
417	4.971731e-01	5.440925e-01	1.223742e+00
418	4.448907e-01	4.926157e-01	2.928676e+00
419	4.988438e-01	5.413804e-01	1.055691e+00
420	5.015715e-01	4.921878e-01	2.823156e+00
421	4.787943e-01	5.110976e-01	2.886663e+00
422	4.874848e-01	5.166309e-01	1.391793e+00
423	6.258095e-01	3.443038e-01	1.467025e+00
424	4.826305e-01	5.482104e-01	1.512946e+00
425	1.471633e-01	5.111448e-01	1.960430e+00
426	1.611228e-01	4.905941e-01	2.254519e+00
427	4.357808e-01	4.237199e-01	2.899365e+00
428	5.024085e-01	4.786492e-01	1.247191e+00
429	4.655676e-01	4.976764e-01	1.802149e+00
430	4.535508e-01	4.957127e-01	1.663410e+00
431	4.783055e-01	4.014810e-01	2.556424e+00
433	4.817187e-01	5.047334e-01	2.475330e+00
434	4.527571e-01	5.002664e-01	2.923791e+00
435	5.447329e-01	3.428644e-01	2.906204e+00
437	4.758318e-01	5.596801e-01	2.476307e+00
438	5.430742e-01	6.048371e-01	2.065950e+00
439	4.743556e-01	5.158045e-01	1.983879e+00
440	4.468160e-01	6.220013e-01	1.637030e+00
441	5.772685e-01	3.237722e-01	1.338056e+00
442	4.402501e-01	5.582783e-01	2.406937e+00
443	4.848515e-01	2.968227e-01	1.422081e+00
444	4.183912e-01	4.112089e-01	2.956033e+00
445	4.745453e-01	5.197939e-01	2.601368e+00
446	3.789252e-01	4.791541e-01	1.846116e+00
447	4.869885e-01	5.361383e-01	1.264778e+00
448	4.733403e-01	5.062918e-01	1.119199e+00
449	4.528583e-01	4.685168e-01	1.956522e+00
450	4.754658e-01	4.798052e-01	2.971666e+00
451	4.680782e-01	5.134237e-01	2.149976e+00
452	5.704276e-01	4.324462e-01	1.574499e+00
453	4.251547e-01	2.408331e-01	1.775769e+00
455	4.572074e-01	4.689259e-01	2.984367e+00
456	4.736384e-01	5.088707e-01	1.577430e+00
457	5.028463e-01	5.320446e-01	2.955056e+00
458	4.961267e-01	4.964408e-01	2.865169e+00
459	4.155408e-01	3.407963e-01	1.672203e+00
461	3.476666e-01	7.788594e-01	2.513434e+00
462	4.919010e-01	5.399557e-01	1.853933e+00
463	4.237695e-01	4.749352e-01	2.858329e+00
464	4.630543e-01	4.849610e-01	1.574499e+00
465	4.526325e-01	4.940154e-01	1.432829e+00
466	4.761757e-01	5.074466e-01	1.500244e+00
467	3.704061e-01	3.503641e-01	1.323400e+00
468	4.784888e-01	5.201111e-01	2.147044e+00
469	5.046593e-01	5.239605e-01	2.698095e+00
470	4.854391e-01	5.102460e-01	1.364436e+00
471	5.778982e-01	6.598112e-01	2.076698e+00
472	4.729573e-01	5.080796e-01	2.011236e+00
473	4.698485e-01	4.359042e-01	1.215926e+00
474	4.762556e-01	5.296262e-01	2.299463e+00
475	4.839109e-01	5.543338e-01	1.683928e+00
476	4.593447e-01	5.088079e-01	2.081583e+00
477	4.623653e-01	4.851091e-01	2.350269e+00
478	3.896434e-01	6.645676e-01	2.728383e+00
479	3.605117e-01	3.671887e-01	1.194431e+00
480	4.573343e-01	4.142209e-01	2.515388e+00
481	4.111862e-01	2.666133e-01	1.865657e+00
482	4.913950e-01	7.655790e-01	1.802149e+00
483	4.798645e-01	5.588409e-01	1.367367e+00
484	4.276718e-01	4.302628e-01	1.148510e+00
485	5.498367e-01	6.358582e-01	2.427455e+00
486	3.957539e-01	4.435842e-01	2.196873e+00
487	5.156805e-01	5.050176e-01	2.386419e+00
488	4.615944e-01	4.516014e-01	1.294089e+00
489	4.805971e-01	5.390377e-01	1.687836e+00
490	4.032261e-01	5.957331e-01	1.146556e+00
491	5.568990e-01	7.833989e-01	1.597948e+00
492	4.302080e-01	5.547154e-01	2.412799e+00
493	3.958596e-01	3.410396e-01	1.227650e+00
494	4.806813e-01	4.147907e-01	2.522228e+00
495	4.684969e-01	5.585996e-01	1.437714e+00
496	4.722618e-01	4.537124e-01	1.523693e+00
497	4.908514e-01	6.302207e-01	1.221788e+00
498	4.978645e-01	5.428578e-01	1.652662e+00
499	5.202814e-01	6.553219e-01	1.269663e+00
500	4.694171e-01	5.120995e-01	2.967758e+00
501	4.808495e-01	5.063064e-01	2.546654e+00
502	4.524242e-01	1.414056e-01	1.818759e+00
503	4.789009e-01	5.812726e-01	1.919394e+00
504	4.773843e-01	5.181860e-01	2.563263e+00
505	4.960073e-01	5.796196e-01	1.451392e+00
506	4.040863e-01	6.045224e-01	1.718124e+00
507	4.713546e-01	4.917270e-01	1.207132e+00
508	4.774426e-01	4.998987e-01	1.236444e+00
509	4.919522e-01	4.759503e-01	2.622863e+00
510	3.093597e-01	6.083527e-01	2.549585e+00
511	4.771868e-01	5.273306e-01	2.966781e+00
512	5.308235e-01	7.220185e-01	2.395213e+00
513	4.515367e-01	4.907431e-01	1.534441e+00
514	3.296197e-01	3.360817e-01	1.550073e+00
515	4.747639e-01	6.176472e-01	1.610650e+00
516	4.940242e-01	7.699679e-01	1.612604e+00
517	4.632556e-01	5.180834e-01	1.086957e+00
518	5.134564e-01	4.618955e-01	2.282853e+00
519	3.418551e-01	2.631726e-01	1.573522e+00
520	4.786828e-01	4.857213e-01	2.497802e+00
521	4.700109e-01	4.940004e-01	1.752320e+00
523	4.725607e-01	4.933218e-01	1.209086e+00
524	5.141424e-01	6.784465e-01	2.755740e+00
525	3.814134e-01	5.007994e-01	1.499267e+00
526	4.833828e-01	4.854798e-01	1.014656e+00
527	7.334744e-01	7.387820e-01	2.891549e+00
528	4.694782e-01	4.859060e-01	2.478261e+00
529	5.509971e-01	6.000790e-01	1.898876e+00
530	4.641196e-01	5.299258e-01	1.188569e+00
531	4.671346e-01	4.799283e-01	2.785051e+00
532	4.728307e-01	5.035878e-01	2.945286e+00
533	4.151845e-01	4.331729e-01	2.458720e+00
534	5.937337e-01	5.170877e-01	2.673669e+00
535	4.605207e-01	5.231385e-01	1.399609e+00
536	4.668939e-01	5.652752e-01	2.604299e+00
537	4.731896e-01	5.021445e-01	1.529555e+00
538	4.776276e-01	5.158110e-01	2.823156e+00
539	4.361660e-01	4.710770e-01	2.826087e+00
540	5.019049e-01	6.090815e-01	2.844651e+00
541	4.094316e-01	5.140825e-01	2.290669e+00
542	4.681425e-01	5.122192e-01	2.570103e+00
543	5.122086e-01	5.165253e-01	2.396190e+00
544	5.105943e-01	4.508780e-01	1.318515e+00
545	4.289597e-01	4.781418e-01	2.605276e+00
546	3.810535e-01	4.902982e-01	2.683439e+00
547	6.006440e-01	5.427072e-01	1.587201e+00
548	4.989959e-01	7.038417e-01	1.375183e+00
549	4.531932e-01	5.429803e-01	2.298486e+00
550	3.803882e-01	4.528123e-01	1.285296e+00
551	4.708954e-01	5.011196e-01	2.983390e+00
552	3.899459e-01	6.057441e-01	1.195408e+00
553	4.690944e-01	5.006310e-01	2.414753e+00
554	3.629280e-01	6.989517e-01	1.843185e+00
555	4.596864e-01	5.696471e-01	2.396190e+00
556	4.172319e-01	4.925950e-01	3.000000e+00
557	4.681953e-01	5.170407e-01	2.728383e+00
559	4.787546e-01	5.267277e-01	1.944797e+00
560	4.342976e-01	7.223940e-01	2.883732e+00
561	4.559367e-01	4.020675e-01	2.383488e+00
562	3.761620e-01	5.608794e-01	2.506595e+00
563	4.627030e-01	4.842708e-01	1.786517e+00
564	4.305484e-01	5.745483e-01	2.893503e+00
565	4.711653e-01	5.259490e-01	2.981436e+00
566	4.405253e-01	4.775753e-01	2.663898e+00
567	4.754224e-01	5.495809e-01	2.227162e+00
568	4.857324e-01	4.969971e-01	1.527601e+00
569	3.992208e-01	4.220202e-01	2.610161e+00
570	8.197974e-01	3.267149e-01	1.058622e+00
571	4.894376e-01	5.646551e-01	2.782120e+00
573	4.841564e-01	5.107971e-01	2.109917e+00
574	4.748036e-01	5.221141e-01	2.074744e+00
575	4.786846e-01	4.831713e-01	2.319003e+00
576	4.507054e-01	4.987893e-01	1.290181e+00
577	4.088291e-01	4.026360e-01	1.286273e+00
578	4.800266e-01	4.714055e-01	1.881290e+00
579	4.699430e-01	4.979530e-01	1.664387e+00
580	2.696204e-01	3.514960e-01	1.242306e+00
581	4.799619e-01	4.894564e-01	1.927211e+00
582	4.798064e-01	5.091809e-01	2.820225e+00
583	5.148175e-01	7.002650e-01	2.792868e+00
584	4.421512e-01	5.276123e-01	1.201270e+00
585	4.280617e-01	4.436140e-01	1.898876e+00
586	4.805988e-01	5.020190e-01	1.782609e+00
587	4.727405e-01	4.826549e-01	1.561798e+00
588	4.730940e-01	5.121648e-01	2.282853e+00
589	5.003450e-01	5.911830e-01	2.210552e+00
590	4.326577e-01	4.693051e-01	1.020518e+00
591	4.953751e-01	5.846867e-01	1.784563e+00
592	4.705390e-01	5.148855e-01	1.275525e+00
593	5.006737e-01	5.028657e-01	1.212995e+00
594	5.466781e-01	5.150100e-01	2.964827e+00
595	4.798169e-01	5.113097e-01	2.079629e+00
596	3.604951e-01	3.146419e-01	1.187592e+00
597	5.155447e-01	5.413323e-01	1.258915e+00
598	4.257948e-01	4.997290e-01	1.999511e+00
599	4.729132e-01	5.088906e-01	1.264778e+00
600	4.827951e-01	5.318681e-01	1.110405e+00
601	5.466485e-01	8.090689e-01	1.107474e+00
602	4.235227e-01	4.214903e-01	1.070347e+00
603	4.775159e-01	5.088052e-01	2.400098e+00
604	4.821301e-01	4.947467e-01	2.871031e+00
605	4.771707e-01	5.195736e-01	2.739130e+00
606	4.666940e-01	4.999203e-01	2.061065e+00
607	2.730371e-01	4.319977e-01	1.073278e+00
608	4.592724e-01	4.657073e-01	2.799707e+00
609	4.349066e-01	4.295683e-01	2.010259e+00
610	4.099647e-01	5.639751e-01	1.700537e+00
611	4.705352e-01	4.984288e-01	1.339033e+00
612	4.923293e-01	4.922705e-01	2.227162e+00
613	6.688804e-01	2.359816e-01	2.482169e+00
614	5.003509e-01	5.060734e-01	2.958964e+00
615	5.151077e-01	4.993522e-01	1.443576e+00
616	3.540848e-01	5.299285e-01	2.381534e+00
617	4.403142e-01	4.170192e-01	1.971177e+00
618	4.723487e-01	4.919817e-01	2.960918e+00
619	4.017507e-01	4.076823e-01	1.812897e+00
620	5.030131e-01	4.117105e-01	1.170982e+00
621	4.619370e-01	5.278337e-01	1.277479e+00
622	4.099035e-01	4.394273e-01	1.176844e+00
623	3.608905e-01	5.007026e-01	1.636053e+00
624	4.146884e-01	6.057031e-01	2.336590e+00
625	4.305441e-01	4.963410e-01	1.343918e+00
626	4.480257e-01	5.100062e-01	1.905716e+00
627	4.272359e-01	4.643065e-01	1.784563e+00
628	4.642055e-01	5.048770e-01	2.063996e+00
629	4.869957e-01	5.208459e-01	2.497802e+00
630	5.407247e-01	4.673181e-01	2.870054e+00
631	5.029589e-01	5.698462e-01	1.729849e+00
632	4.944444e-01	5.789118e-01	2.290669e+00
633	4.742944e-01	5.154399e-01	2.841720e+00
634	4.753199e-01	5.133155e-01	2.195896e+00
635	4.243089e-01	4.697654e-01	1.601856e+00
636	4.578867e-01	4.639026e-01	2.449927e+00
637	4.528395e-01	5.079232e-01	1.462140e+00
638	4.744008e-01	5.115007e-01	2.041524e+00
639	4.735338e-01	5.117086e-01	2.061065e+00
640	5.222313e-01	5.288106e-01	2.130435e+00
641	4.240028e-01	2.795160e-01	2.205667e+00
642	4.745838e-01	4.940854e-01	2.184172e+00
643	4.524917e-01	5.225453e-01	2.747924e+00
644	3.100796e-01	5.664675e-01	2.909135e+00
645	4.733831e-01	5.008149e-01	2.777235e+00
646	4.322520e-01	4.676043e-01	1.295066e+00
647	4.452111e-01	5.948571e-01	1.050806e+00
648	3.140696e-01	5.168973e-01	1.191500e+00
649	4.750960e-01	4.974479e-01	1.198339e+00
650	4.931159e-01	4.907617e-01	2.656082e+00
651	4.984331e-01	5.432240e-01	1.692721e+00
652	8.022934e-01	7.318374e-01	2.330728e+00
653	4.666691e-01	4.937138e-01	1.906693e+00
654	4.877334e-01	5.257889e-01	2.192965e+00
655	4.174972e-01	4.558727e-01	1.200293e+00
656	4.806696e-01	5.002651e-01	2.361016e+00
657	4.091560e-01	4.166558e-01	2.080606e+00
658	4.786537e-01	5.252535e-01	2.017098e+00
659	4.000150e-01	5.415536e-01	2.191011e+00
660	7.231133e-01	6.471752e-01	1.667318e+00
661	5.986913e-01	6.099952e-01	2.229116e+00
662	2.902587e-01	4.253209e-01	1.188569e+00
663	5.207158e-01	5.355353e-01	2.714704e+00
664	5.244582e-01	5.512779e-01	1.979971e+00
665	4.867707e-01	5.985633e-01	2.954079e+00
666	4.000961e-01	4.857102e-01	1.803127e+00
667	4.991069e-01	4.660516e-01	1.039082e+00
668	5.549489e-01	3.672107e-01	1.893014e+00
669	4.430078e-01	4.070041e-01	1.778701e+00
670	5.384337e-01	5.327886e-01	1.807035e+00
671	5.086297e-01	5.571922e-01	1.102589e+00
672	4.549273e-01	7.880901e-01	1.879336e+00
673	4.209580e-01	5.135543e-01	1.984856e+00
674	4.752423e-01	5.117593e-01	2.238886e+00
675	4.735203e-01	5.362954e-01	2.868100e+00
676	4.797268e-01	5.212624e-01	2.748901e+00
677	5.505651e-01	6.444418e-01	1.578407e+00
678	4.829232e-01	5.344924e-01	1.621397e+00
679	4.810272e-01	5.179289e-01	2.657059e+00
680	4.919326e-01	5.525640e-01	2.404983e+00
681	4.734978e-01	4.867603e-01	2.272106e+00
682	4.775168e-01	4.114827e-01	1.463117e+00
683	4.780698e-01	5.080443e-01	2.316072e+00
684	4.747562e-01	5.139712e-01	2.334636e+00
685	3.947063e-01	4.137594e-01	1.365413e+00
686	4.210063e-01	6.593880e-01	2.105032e+00
687	4.920490e-01	4.455654e-01	1.339033e+00
688	4.576192e-01	5.000776e-01	2.932584e+00
689	4.794461e-01	5.043980e-01	2.378603e+00
690	4.777493e-01	5.194938e-01	1.833415e+00
691	3.289211e-01	4.558195e-01	1.663410e+00
692	4.616263e-01	5.214979e-01	2.251588e+00
693	6.017348e-01	4.501761e-01	1.766976e+00
694	5.400498e-01	5.435576e-01	1.575476e+00
695	5.293492e-01	2.680934e-01	2.771373e+00
696	4.780711e-01	5.143152e-01	2.787005e+00
697	4.782077e-01	5.024798e-01	1.959453e+00
698	4.776207e-01	5.478486e-01	2.187103e+00
699	4.762827e-01	5.129801e-01	2.430386e+00
700	5.442130e-01	5.619454e-01	2.679531e+00
701	4.918907e-01	5.573315e-01	2.191988e+00
702	3.845230e-01	4.687079e-01	2.945286e+00
703	4.760237e-01	5.172508e-01	2.793845e+00
704	5.078005e-01	5.385874e-01	2.132389e+00
705	6.604071e-01	5.911259e-01	1.627259e+00
706	4.682981e-01	5.137724e-01	1.623351e+00
707	4.780787e-01	4.978590e-01	2.772350e+00
708	4.810435e-01	5.225546e-01	1.552027e+00
709	6.274888e-01	5.154703e-01	1.180752e+00
710	4.402430e-01	4.435532e-01	1.632145e+00
711	3.686763e-01	3.051579e-01	1.680997e+00
712	4.119138e-01	4.804940e-01	2.828041e+00
713	4.357926e-01	6.670160e-01	1.703468e+00
714	5.049287e-01	5.019205e-01	1.471910e+00
715	4.682609e-01	5.216844e-01	2.368832e+00
716	4.548134e-01	4.953398e-01	1.961407e+00
717	4.766899e-01	5.161686e-01	1.756229e+00
718	4.673486e-01	4.988910e-01	2.987298e+00
719	4.683203e-01	5.109286e-01	2.332682e+00
720	4.679034e-01	4.816032e-01	1.097704e+00
721	4.696436e-01	4.726337e-01	1.954568e+00
722	4.803295e-01	5.115200e-01	1.704446e+00
723	4.754452e-01	5.116819e-01	1.853933e+00
724	4.982067e-01	5.853334e-01	2.829995e+00
725	4.433351e-01	4.856176e-01	2.232047e+00
726	4.273597e-01	4.388238e-01	2.587689e+00
727	6.566575e-01	2.714339e-01	2.698095e+00
729	4.545990e-01	5.726790e-01	1.212995e+00
730	3.529291e-01	5.508788e-01	1.502198e+00
731	4.755074e-01	5.078563e-01	2.614069e+00
732	5.721208e-01	6.677912e-01	2.880801e+00
733	4.898227e-01	5.250492e-01	1.956522e+00
734	4.962681e-01	6.089623e-01	2.745970e+00
735	7.936320e-01	4.458804e-01	1.179775e+00
736	4.349232e-01	5.485490e-01	1.935027e+00
737	4.541932e-01	5.204264e-01	1.975085e+00
738	4.849843e-01	5.188115e-01	1.067416e+00
739	4.808900e-01	5.329736e-01	2.024915e+00
740	3.258328e-01	4.741701e-01	2.810454e+00
741	4.705978e-01	4.660372e-01	2.428432e+00
742	4.854742e-01	4.830915e-01	1.957499e+00
743	4.668096e-01	6.732670e-01	2.306302e+00
744	4.761494e-01	5.168603e-01	2.557401e+00
745	4.503238e-01	4.714726e-01	1.243283e+00
746	4.468327e-01	4.690729e-01	2.429409e+00
747	4.965545e-01	4.883763e-01	2.523205e+00
748	5.491002e-01	5.767091e-01	2.842697e+00
749	4.768253e-01	5.105531e-01	2.247680e+00
750	4.544179e-01	4.636200e-01	2.000489e+00
751	4.733892e-01	5.133861e-01	2.446019e+00
752	4.804771e-01	5.140922e-01	2.360039e+00
753	5.736223e-01	4.033215e-01	2.567171e+00
754	4.744346e-01	5.110892e-01	2.415730e+00
755	5.049767e-01	5.029779e-01	1.989741e+00
756	4.790336e-01	5.124332e-01	2.908158e+00
757	5.332347e-01	3.910352e-01	2.731314e+00
758	4.783784e-01	5.153568e-01	2.544700e+00
759	4.749083e-01	5.110949e-01	2.890572e+00
760	4.757206e-01	5.102992e-01	1.654617e+00
761	4.680538e-01	5.170889e-01	1.008793e+00
762	4.799799e-01	5.878086e-01	1.260870e+00
763	4.131216e-01	4.345394e-01	1.347826e+00
764	4.460200e-01	5.129626e-01	1.325354e+00
765	4.790098e-01	5.059051e-01	1.420127e+00
766	4.382285e-01	2.988428e-01	2.845628e+00
767	4.542007e-01	5.020603e-01	1.853933e+00
768	4.753093e-01	5.065754e-01	1.303859e+00
769	5.470908e-01	6.412367e-01	1.294089e+00
770	7.122767e-01	2.003407e-01	1.675134e+00
771	4.709050e-01	5.731332e-01	2.417684e+00
772	4.862667e-01	5.128577e-01	2.053249e+00
773	4.529864e-01	5.132245e-01	1.276502e+00
774	6.108721e-01	3.799618e-01	2.779189e+00
775	2.230577e-01	3.481435e-01	1.984856e+00
776	4.287473e-01	5.090559e-01	2.295554e+00
777	4.777893e-01	5.116936e-01	1.652662e+00
778	4.722893e-01	4.939485e-01	2.464582e+00
779	4.730459e-01	5.121869e-01	1.763068e+00
780	4.813372e-01	5.179424e-01	2.026869e+00
781	4.921286e-01	5.279881e-01	1.160234e+00
782	5.271965e-01	6.766820e-01	2.302394e+00
783	4.792829e-01	4.738201e-01	1.384954e+00
784	4.641271e-01	5.331321e-01	2.598437e+00
785	4.044599e-01	4.993048e-01	2.130435e+00
786	5.137639e-01	5.173660e-01	1.690767e+00
787	5.046361e-01	4.971111e-01	1.940889e+00
788	4.701313e-01	4.925270e-01	2.099170e+00
