787
0	2.597640e-01	4.652030e-01	1.398632e+00
1	4.404805e-01	5.308293e-01	1.108451e+00
2	4.736943e-01	5.833878e-01	2.925745e+00
3	4.602830e-01	4.888314e-01	2.732291e+00
4	4.069700e-01	3.652447e-01	1.257938e+00
5	4.248542e-01	4.200498e-01	2.424524e+00
6	5.867241e-01	7.000486e-01	1.383000e+00
7	4.766104e-01	5.034301e-01	2.705911e+00
8	5.028331e-01	5.391300e-01	2.442110e+00
9	4.710418e-01	5.156041e-01	2.233024e+00
10	4.506504e-01	5.806931e-01	2.376649e+00
11	4.556549e-01	4.976484e-01	1.556913e+00
12	6.028471e-01	6.489728e-01	2.950171e+00
13	4.440091e-01	5.069264e-01	1.066439e+00
14	4.714016e-01	5.137988e-01	1.626282e+00
15	6.233837e-01	3.215268e-01	1.306790e+00
16	4.722944e-01	5.114237e-01	2.902296e+00
17	4.432278e-01	6.871954e-01	1.195408e+00
18	4.650305e-01	5.709949e-01	1.785540e+00
19	4.411922e-01	4.542578e-01	1.248168e+00
20	5.049852e-01	4.916178e-01	1.863703e+00
21	5.723059e-01	5.667327e-01	2.671715e+00
22	4.707924e-01	5.152928e-01	2.487054e+00
23	7.055925e-01	5.488612e-01	1.946751e+00
24	3.193298e-01	4.408994e-01	1.303859e+00
25	2.960882e-01	1.655022e-01	2.152907e+00
26	4.593900e-01	5.222108e-01	1.388862e+00
27	4.621276e-01	4.944974e-01	1.591109e+00
28	4.728517e-01	4.338424e-01	2.205667e+00
29	4.542682e-01	4.617230e-01	2.181241e+00
30	4.227286e-01	4.012724e-01	1.475818e+00
31	4.645175e-01	5.794403e-01	2.309233e+00
32	4.709401e-01	4.815234e-01	2.073766e+00
33	4.033218e-01	4.093225e-01	2.331705e+00
34	4.682405e-01	4.919284e-01	1.126038e+00
35	4.447031e-01	7.604650e-01	2.235955e+00
36	4.608768e-01	5.397353e-01	2.805569e+00
37	4.373742e-01	4.805098e-01	2.555447e+00
38	4.832702e-01	5.258568e-01	2.559355e+00
39	4.788927e-01	5.135220e-01	1.895945e+00
40	4.929021e-01	5.471088e-01	1.282364e+00
41	5.279675e-01	6.277755e-01	2.750855e+00
42	4.614218e-01	5.069842e-01	2.412799e+00
43	4.512358e-01	5.106879e-01	2.557401e+00
44	4.825596e-01	4.861155e-01	1.648754e+00
45	5.453927e-01	5.601223e-01	1.721055e+00
46	4.880266e-01	5.626694e-01	2.588666e+00
47	4.648835e-01	5.149077e-01	1.525647e+00
48	4.671756e-01	5.169155e-01	2.751832e+00
49	6.596358e-01	5.880997e-01	2.625794e+00
50	4.808645e-01	5.622711e-01	1.663410e+00
51	4.713401e-01	5.094696e-01	2.560332e+00
52	4.568231e-01	4.992122e-01	1.696629e+00
53	4.961489e-01	5.169460e-01	1.506106e+00
54	4.701214e-01	5.086842e-01	2.675623e+00
55	5.124039e-01	5.871573e-01	2.497802e+00
56	5.227730e-01	7.128827e-01	1.031265e+00
57	4.181055e-01	3.631612e-01	2.361993e+00
58	4.584536e-01	6.102248e-01	1.866634e+00
59	4.859269e-01	1.848996e-02	2.930630e+00
60	4.136648e-01	1.044531e-01	1.503175e+00
61	4.659449e-01	5.235445e-01	2.449927e+00
62	4.644036e-01	5.242085e-01	2.831949e+00
63	4.806193e-01	5.275832e-01	2.317049e+00
64	4.690369e-01	5.038836e-01	2.353200e+00
65	4.706424e-01	5.133280e-01	2.575965e+00
66	3.242573e-01	4.786903e-01	2.922814e+00
67	5.452069e-01	5.980955e-01	2.289692e+00
68	5.473904e-01	5.539642e-01	2.766488e+00
69	4.149748e-01	4.952428e-01	1.522716e+00
70	5.195504e-01	4.520544e-01	2.769419e+00
71	4.792574e-01	5.166267e-01	1.110405e+00
72	4.347142e-01	4.333529e-01	1.412311e+00
73	6.546422e-01	5.508760e-01	1.951637e+00
74	5.778623e-01	3.214600e-01	1.449438e+00
75	7.161605e-01	6.795425e-01	2.176356e+00
76	4.627446e-01	4.692355e-01	1.212995e+00
77	5.080617e-01	5.065802e-01	1.872496e+00
78	4.594663e-01	4.965833e-01	1.606742e+00
79	4.933038e-01	5.485326e-01	1.183683e+00
80	4.786423e-01	5.753708e-01	2.736199e+00
81	4.707740e-01	5.127704e-01	1.617489e+00
82	4.736610e-01	5.722357e-01	2.456766e+00
83	5.608907e-01	6.185032e-01	1.406448e+00
84	6.164630e-01	6.249001e-01	2.453835e+00
85	4.687259e-01	5.052172e-01	2.712750e+00
86	4.672313e-01	5.098538e-01	2.877870e+00
87	4.336966e-01	3.891973e-01	1.533464e+00
88	5.152690e-01	7.136725e-01	2.169516e+00
89	5.486444e-01	5.723782e-01	2.483146e+00
90	5.050003e-01	5.568443e-01	1.538349e+00
91	4.810828e-01	5.133200e-01	1.117245e+00
92	4.565865e-01	4.848713e-01	2.709819e+00
93	4.887294e-01	4.630006e-01	2.929653e+00
94	4.986635e-01	4.394220e-01	2.125550e+00
95	5.000738e-01	2.844396e-01	2.148999e+00
96	4.711008e-01	4.929299e-01	1.206155e+00
97	1.833288e-02	6.478186e-01	2.689301e+00
98	4.598896e-01	5.006208e-01	1.997557e+00
99	5.753844e-01	5.284648e-01	1.753298e+00
100	4.808740e-01	4.999296e-01	1.491451e+00
101	4.722649e-01	5.117370e-01	2.381534e+00
102	4.563256e-01	4.280630e-01	1.837323e+00
103	4.462163e-01	5.910236e-01	2.723498e+00
104	2.389716e-01	3.637348e-01	1.216903e+00
105	4.558163e-01	4.935884e-01	1.385931e+00
106	7.707615e-01	9.022020e-01	1.094773e+00
107	4.729589e-01	5.129878e-01	1.887152e+00
108	5.479571e-01	4.095654e-01	1.869565e+00
109	5.350078e-01	4.473989e-01	2.657059e+00
110	3.762445e-01	5.079317e-01	1.905716e+00
111	4.326629e-01	5.282861e-01	2.319980e+00
112	5.233870e-01	9.969920e-01	1.549096e+00
113	2.779933e-01	4.046464e-01	1.155349e+00
114	4.620171e-01	4.963903e-01	1.261847e+00
115	4.567457e-01	3.920198e-01	1.308745e+00
116	5.717763e-01	7.277909e-01	1.148510e+00
117	4.366026e-01	4.622227e-01	1.865657e+00
118	4.328137e-01	4.559002e-01	2.988276e+00
119	5.106794e-01	5.791089e-01	1.479726e+00
120	4.450228e-01	4.548075e-01	2.095261e+00
121	4.783490e-01	4.780234e-01	2.442110e+00
122	4.034240e-01	6.575514e-01	1.070347e+00
123	5.018751e-01	6.039813e-01	1.417196e+00
124	4.744093e-01	5.125724e-01	2.817294e+00
125	3.686618e-01	2.478398e-02	1.164143e+00
126	4.259068e-01	4.303888e-01	2.738153e+00
127	3.568606e-01	4.125717e-01	2.338544e+00
128	5.294141e-01	2.279141e-01	1.282364e+00
129	4.972884e-01	5.239258e-01	2.676600e+00
130	5.288518e-01	2.267244e-01	2.443087e+00
131	5.827145e-01	3.629128e-01	2.375672e+00
132	5.308131e-01	4.404824e-01	1.220811e+00
133	6.725199e-01	6.588769e-01	2.407914e+00
134	4.725784e-01	5.921731e-01	2.277968e+00
135	4.468957e-01	5.091187e-01	2.409868e+00
136	4.569119e-01	4.934085e-01	2.083537e+00
137	5.785384e-01	5.486712e-01	2.286761e+00
138	5.129988e-01	6.009377e-01	1.194431e+00
139	4.623236e-01	5.001470e-01	2.818271e+00
140	4.392986e-01	6.420294e-01	2.827064e+00
141	4.427900e-01	4.859352e-01	1.684905e+00
142	4.811852e-01	5.121461e-01	1.999511e+00
143	4.871481e-01	5.217901e-01	1.956522e+00
144	4.568467e-01	4.958685e-01	2.323889e+00
145	3.893771e-01	4.682722e-01	2.501710e+00
146	5.304023e-01	4.496520e-01	2.395213e+00
147	5.175299e-01	6.260036e-01	2.719590e+00
148	4.714936e-01	5.132405e-01	2.937469e+00
149	4.718632e-01	4.575325e-01	2.803615e+00
150	4.704359e-01	3.834398e-01	1.794333e+00
151	4.577030e-01	5.238489e-01	2.611138e+00
152	4.850304e-01	4.387771e-01	1.724963e+00
153	4.817392e-01	4.863921e-01	1.983879e+00
154	4.693724e-01	5.123235e-01	2.181241e+00
155	3.776607e-01	4.846465e-01	1.295066e+00
156	4.287745e-01	4.551377e-01	1.970200e+00
157	4.812906e-01	4.998647e-01	2.387396e+00
158	6.260847e-01	4.159886e-01	2.386419e+00
159	5.511989e-01	3.192003e-01	2.647289e+00
160	4.625069e-01	4.877288e-01	1.686859e+00
161	4.752167e-01	5.418819e-01	1.553981e+00
162	4.652592e-01	5.542860e-01	1.764045e+00
163	4.321365e-01	3.156021e-01	1.632145e+00
164	4.725056e-01	5.127843e-01	1.235467e+00
165	4.792339e-01	5.173605e-01	2.251588e+00
166	5.122728e-01	5.254888e-01	1.751343e+00
167	6.194440e-01	4.707175e-01	1.715193e+00
168	4.693770e-01	5.128303e-01	2.109917e+00
169	4.989792e-01	5.398689e-01	2.137274e+00
170	5.827363e-01	5.521858e-01	2.099170e+00
171	4.868813e-01	6.153617e-01	2.057157e+00
172	4.834826e-01	5.305739e-01	2.246702e+00
173	4.598951e-01	5.392621e-01	1.894968e+00
174	3.985720e-01	4.800673e-01	2.453835e+00
175	4.955315e-01	5.451340e-01	2.834880e+00
176	4.212243e-01	5.774292e-01	2.215437e+00
177	4.568780e-01	4.898865e-01	2.153884e+00
178	4.704114e-01	5.061987e-01	2.475330e+00
179	6.257700e-01	5.939053e-01	1.274548e+00
180	4.782407e-01	5.545824e-01	2.127504e+00
181	4.678562e-01	5.042226e-01	1.790425e+00
182	5.369263e-01	2.599920e-01	1.736688e+00
183	6.019089e-01	5.124672e-01	1.692721e+00
184	4.248628e-01	4.278534e-01	2.042501e+00
185	4.929783e-01	5.702031e-01	1.468979e+00
186	4.920140e-01	4.955674e-01	1.784563e+00
187	5.707293e-01	5.992862e-01	2.653151e+00
188	4.507485e-01	4.259599e-01	1.839277e+00
189	4.849887e-01	5.145234e-01	1.175867e+00
190	5.041798e-01	4.960116e-01	2.807523e+00
191	5.338749e-01	5.923550e-01	2.811431e+00
192	4.216688e-01	5.040051e-01	1.192477e+00
193	7.374959e-01	6.656037e-01	1.620420e+00
194	4.168654e-01	5.908320e-01	2.624817e+00
195	4.764121e-01	5.135317e-01	2.806546e+00
196	4.059830e-01	4.132053e-01	1.763068e+00
197	4.026383e-01	8.152672e-01	2.060088e+00
198	3.972299e-01	3.211442e-01	2.458720e+00
199	4.133521e-01	4.573379e-01	2.463605e+00
200	4.263581e-01	6.526834e-01	1.141671e+00
201	4.834466e-01	5.053687e-01	1.146556e+00
202	4.289533e-01	4.514617e-01	1.395701e+00
203	4.386675e-01	5.111442e-01	1.755252e+00
204	4.719898e-01	5.026718e-01	2.901319e+00
205	4.854133e-01	5.464526e-01	2.123596e+00
206	4.116406e-01	3.922653e-01	1.652662e+00
207	4.514434e-01	4.806892e-01	1.199316e+00
208	4.685405e-01	4.958241e-01	2.170493e+00
209	6.723567e-01	6.568671e-01	2.733268e+00
210	4.949465e-01	3.275584e-01	1.545188e+00
211	4.836475e-01	4.771795e-01	1.376160e+00
212	4.570103e-01	4.987014e-01	1.621397e+00
213	4.680180e-01	5.114206e-01	1.883244e+00
214	4.651803e-01	5.232118e-01	1.612604e+00
215	5.042089e-01	5.193468e-01	2.909135e+00
216	4.670710e-01	5.018207e-01	1.354665e+00
217	4.697011e-01	5.112096e-01	2.770396e+00
218	6.137625e-01	4.703292e-01	2.148999e+00
219	5.021709e-01	5.269665e-01	2.624817e+00
220	5.121030e-01	5.352681e-01	2.697118e+00
221	4.537847e-01	5.218967e-01	1.938935e+00
222	2.633641e-01	5.403143e-01	1.854910e+00
223	3.995296e-01	4.337339e-01	2.625794e+00
224	2.624512e-01	3.573181e-01	2.984367e+00
225	4.854801e-01	5.508735e-01	2.693210e+00
226	4.500586e-01	4.833794e-01	2.276014e+00
227	4.622488e-01	4.682591e-01	1.245237e+00
228	4.794630e-01	5.119499e-01	1.489497e+00
229	4.607356e-01	5.176816e-01	2.305325e+00
230	4.608424e-01	4.868609e-01	2.689301e+00
231	4.652142e-01	4.739636e-01	1.346849e+00
232	4.460003e-01	4.353527e-01	2.447973e+00
233	4.891325e-01	4.804651e-01	1.591109e+00
234	5.258075e-01	4.145003e-01	1.931119e+00
235	4.511045e-01	4.767261e-01	2.687347e+00
236	4.721410e-01	5.135648e-01	2.787982e+00
237	4.668081e-01	5.012346e-01	1.510015e+00
238	4.680479e-01	5.253943e-01	2.193942e+00
239	4.843101e-01	5.563505e-01	2.918906e+00
240	5.144432e-01	5.830024e-01	1.734734e+00
241	4.655688e-01	5.376096e-01	1.119199e+00
242	5.390858e-01	5.316526e-01	1.631168e+00
243	4.342727e-01	4.770188e-01	1.258915e+00
244	4.774252e-01	5.779769e-01	2.458720e+00
245	5.370956e-01	5.310837e-01	2.134343e+00
246	4.766927e-01	5.107074e-01	2.662921e+00
247	4.603625e-01	4.949860e-01	2.924768e+00
248	4.930675e-01	5.290536e-01	2.983390e+00
249	4.212557e-01	6.946831e-01	2.305325e+00
250	6.200414e-01	8.890226e-01	2.763556e+00
251	5.446456e-01	7.921619e-01	2.374695e+00
252	4.894169e-01	5.296429e-01	1.703468e+00
253	4.594553e-01	4.302226e-01	1.246214e+00
254	5.189044e-01	5.483903e-01	2.925745e+00
255	4.527947e-01	4.962901e-01	1.857841e+00
256	4.614988e-01	4.919448e-01	2.601368e+00
257	4.565705e-01	4.859686e-01	2.413776e+00
258	4.470919e-01	5.031161e-01	2.569126e+00
259	4.683248e-01	6.124979e-01	1.865657e+00
260	4.714798e-01	5.120315e-01	2.574988e+00
261	4.830945e-01	5.152060e-01	1.598925e+00
262	5.348436e-01	6.102900e-01	2.264289e+00
263	3.417846e-01	4.857038e-01	1.176844e+00
264	4.899080e-01	4.963973e-01	1.061553e+00
265	4.574302e-01	4.933874e-01	2.526136e+00
266	4.323733e-01	4.445978e-01	1.928188e+00
267	4.254246e-01	5.137376e-01	2.006351e+00
268	4.523418e-01	4.845112e-01	1.041036e+00
269	4.532397e-01	5.257052e-01	1.793356e+00
270	4.045887e-01	3.520230e-01	1.860772e+00
271	3.293872e-01	5.157703e-01	1.389839e+00
272	4.825192e-01	5.201772e-01	1.052760e+00
273	4.161962e-01	3.654570e-01	1.156326e+00
274	4.706574e-01	7.165924e-01	1.981925e+00
275	5.142533e-01	2.977399e-01	2.256473e+00
276	4.418663e-01	4.902223e-01	2.368832e+00
277	4.772437e-01	4.836086e-01	2.024915e+00
279	4.671449e-01	5.052099e-01	1.348803e+00
280	4.550739e-01	3.776517e-01	2.472399e+00
281	3.735429e-01	5.488893e-01	2.288715e+00
282	4.029255e-01	4.117668e-01	2.745970e+00
283	4.131101e-01	4.420237e-01	2.490962e+00
284	4.453418e-01	7.367805e-01	2.515388e+00
285	4.672759e-01	3.043198e-01	1.545188e+00
286	4.776444e-01	4.984629e-01	2.662921e+00
287	5.018239e-01	5.489688e-01	2.264289e+00
288	4.485178e-01	4.531226e-01	2.905227e+00
289	3.782332e-01	4.066571e-01	1.058622e+00
290	5.194293e-01	4.932782e-01	2.152907e+00
291	4.988298e-01	6.539552e-01	2.784074e+00
292	4.822774e-01	5.199163e-01	2.445042e+00
293	7.774671e-01	8.804251e-01	2.852467e+00
294	5.120583e-01	5.603070e-01	2.070835e+00
295	4.875783e-01	5.214784e-01	1.406448e+00
296	2.368141e-01	1.205339e-01	1.751343e+00
297	4.349307e-01	5.134321e-01	2.077675e+00
298	5.682292e-01	4.395687e-01	1.601856e+00
299	4.464136e-01	4.826248e-01	2.048363e+00
300	4.206227e-01	4.388566e-01	2.781143e+00
301	4.736548e-01	5.131431e-01	2.779189e+00
302	4.439065e-01	4.658849e-01	2.617978e+00
303	6.065900e-01	6.024165e-01	1.698583e+00
304	4.780093e-01	4.551711e-01	1.948705e+00
305	4.731800e-01	5.033500e-01	1.416219e+00
306	5.002663e-01	8.714684e-01	1.745481e+00
307	4.741876e-01	5.138692e-01	2.291646e+00
308	6.670099e-01	7.222124e-01	1.868588e+00
309	4.133628e-01	4.529756e-01	2.511480e+00
310	4.726185e-01	5.341215e-01	2.596483e+00
311	5.101207e-01	5.964614e-01	2.855398e+00
312	5.031068e-01	5.711555e-01	1.312653e+00
313	4.208295e-01	3.889265e-01	1.787494e+00
314	4.678411e-01	5.082854e-01	2.252565e+00
315	3.911966e-01	4.170782e-01	1.978017e+00
316	5.497955e-01	4.235360e-01	2.965804e+00
317	4.657900e-01	4.985216e-01	2.221299e+00
318	3.279253e-01	5.181193e-01	1.701514e+00
319	4.937530e-01	6.405334e-01	1.135809e+00
320	4.570912e-01	5.077984e-01	2.997069e+00
321	4.118246e-01	6.878883e-01	2.470445e+00
322	4.977835e-01	6.806680e-01	2.362970e+00
323	4.559532e-01	5.020045e-01	2.553493e+00
324	4.914410e-01	4.666382e-01	1.347826e+00
325	4.838029e-01	5.557976e-01	2.896434e+00
326	4.785455e-01	5.134856e-01	1.857841e+00
327	5.286232e-01	5.885294e-01	1.669272e+00
328	4.791667e-01	4.848127e-01	1.726917e+00
329	4.856580e-01	5.332664e-01	2.604299e+00
330	4.527918e-01	4.598272e-01	2.089399e+00
331	5.208976e-01	5.281075e-01	1.552027e+00
332	3.734564e-01	4.505534e-01	1.769907e+00
333	4.891561e-01	5.363191e-01	1.382022e+00
334	4.129845e-01	3.502706e-01	2.510503e+00
335	5.191305e-01	5.171745e-01	1.640938e+00
336	4.851937e-01	5.147131e-01	2.933561e+00
337	3.898716e-01	4.635773e-01	1.033219e+00
338	4.753819e-01	4.423078e-01	1.408403e+00
339	4.671074e-01	4.948781e-01	2.767465e+00
340	4.578124e-01	4.831392e-01	1.526624e+00
341	4.261428e-01	4.021980e-01	1.456277e+00
342	4.719020e-01	5.355504e-01	1.054714e+00
343	5.049179e-01	4.602726e-01	2.601368e+00
344	4.722059e-01	5.442397e-01	2.193942e+00
345	4.587830e-01	7.370877e-01	2.321935e+00
346	4.469995e-01	4.594467e-01	1.564729e+00
347	4.506400e-01	5.122692e-01	1.679043e+00
348	6.592892e-01	5.900618e-01	2.034685e+00
349	4.618899e-01	5.334605e-01	2.564240e+00
350	3.712961e-01	3.386811e-01	2.311187e+00
351	3.471177e-01	4.695316e-01	1.297997e+00
352	4.576788e-01	4.926875e-01	2.873962e+00
353	3.865389e-01	5.250265e-01	2.202736e+00
354	4.741376e-01	5.130251e-01	2.653151e+00
355	5.132426e-01	3.751875e-01	2.461651e+00
356	4.598012e-01	4.938183e-01	1.679043e+00
357	4.719269e-01	5.430285e-01	2.991207e+00
358	4.361497e-01	3.320732e-01	2.857352e+00
359	5.317747e-01	6.759793e-01	1.913532e+00
360	4.329418e-01	3.089701e-01	1.216903e+00
361	2.891035e-01	2.717311e-01	1.214949e+00
362	3.974839e-01	5.674016e-01	1.005862e+00
363	4.777272e-01	5.117124e-01	2.227162e+00
364	4.641945e-01	5.110813e-01	1.723009e+00
365	1.953483e-01	1.240380e-02	1.491451e+00
366	4.300610e-01	5.813911e-01	1.692721e+00
367	4.658805e-01	5.162631e-01	1.154372e+00
368	4.476926e-01	4.676827e-01	1.851001e+00
369	4.818993e-01	5.149318e-01	2.418661e+00
370	4.148519e-01	4.724168e-01	1.874450e+00
371	4.157604e-01	5.246402e-01	1.591109e+00
372	5.176014e-01	5.130547e-01	2.199805e+00
373	5.039392e-01	7.012694e-01	2.208598e+00
374	4.520839e-01	5.816706e-01	1.322423e+00
375	4.194458e-01	4.605106e-01	2.361016e+00
376	5.305678e-01	5.202796e-01	1.815828e+00
377	4.718347e-01	5.122071e-01	1.328285e+00
378	4.662590e-01	4.852144e-01	1.883244e+00
379	4.727440e-01	5.235593e-01	1.599902e+00
380	5.256809e-01	5.731477e-01	2.343429e+00
381	4.921617e-01	5.377250e-01	1.835369e+00
382	5.156488e-01	2.661251e-01	1.065462e+00
383	3.766199e-01	7.010829e-01	1.698583e+00
384	2.781329e-01	5.795912e-01	2.761602e+00
385	2.035019e-01	3.404024e-01	1.961407e+00
386	4.888823e-01	5.920622e-01	2.449927e+00
387	4.510017e-01	4.328397e-01	2.669761e+00
388	3.987572e-01	5.702501e-01	2.597460e+00
389	4.829801e-01	5.213468e-01	2.960918e+00
390	4.637504e-01	5.003652e-01	1.655594e+00
391	4.194235e-01	4.362905e-01	2.572057e+00
392	4.926514e-01	5.336318e-01	1.234489e+00
393	4.718379e-01	5.105626e-01	1.607719e+00
394	4.697025e-01	5.077746e-01	2.643381e+00
395	3.410903e-01	2.005787e-01	1.233512e+00
396	6.508852e-01	9.828738e-01	2.058134e+00
397	5.465204e-01	5.654652e-01	1.083048e+00
398	7.341663e-01	8.498039e-01	2.453835e+00
399	4.284606e-01	5.818229e-01	2.169516e+00
400	5.009742e-01	5.394617e-01	1.634099e+00
401	3.107943e-01	4.376385e-01	1.314607e+00
402	4.703460e-01	5.372341e-01	2.292623e+00
403	3.655085e-01	3.506411e-01	1.759160e+00
404	5.657958e-01	5.833924e-01	2.942355e+00
405	4.126392e-01	4.212363e-01	1.358574e+00
406	4.631868e-01	4.485292e-01	1.474841e+00
407	4.588166e-01	8.205704e-01	2.850513e+00
408	3.550636e-01	6.521976e-01	2.543723e+00
409	4.809156e-01	4.917259e-01	1.170005e+00
410	5.117664e-01	5.604324e-01	2.011236e+00
411	4.084108e-01	5.009760e-01	2.982413e+00
412	5.883171e-01	8.295725e-01	1.578407e+00
413	4.974111e-01	6.600848e-01	2.904250e+00
414	4.816511e-01	5.233449e-01	2.948217e+00
415	4.659782e-01	5.158052e-01	1.856864e+00
416	4.262849e-01	4.355696e-01	1.780655e+00
417	4.727587e-01	4.694367e-01	1.223742e+00
418	4.749949e-01	5.244525e-01	2.928676e+00
419	4.818207e-01	5.138314e-01	1.055691e+00
420	4.755441e-01	5.137279e-01	2.823156e+00
421	4.711504e-01	5.118340e-01	2.886663e+00
422	4.799859e-01	4.975789e-01	1.391793e+00
423	3.892740e-01	4.293867e-01	1.467025e+00
424	4.809266e-01	5.336933e-01	1.512946e+00
425	4.516224e-01	9.015470e-01	1.960430e+00
426	4.462755e-01	9.006529e-01	2.254519e+00
427	5.067036e-01	5.597588e-01	2.899365e+00
428	4.712351e-01	5.237982e-01	1.247191e+00
429	4.483408e-01	5.047221e-01	1.802149e+00
430	4.575302e-01	5.095482e-01	1.663410e+00
431	5.054454e-01	6.918348e-01	2.556424e+00
432	4.583401e-01	8.494923e-01	2.947240e+00
433	4.449837e-01	5.068465e-01	2.475330e+00
434	4.606612e-01	5.197164e-01	2.923791e+00
435	5.821572e-01	4.229726e-01	2.906204e+00
436	3.379920e-01	6.460125e-01	2.668784e+00
437	4.787699e-01	5.193520e-01	2.476307e+00
438	4.062042e-01	6.344023e-01	2.065950e+00
439	4.724172e-01	5.116843e-01	1.983879e+00
440	5.126630e-01	6.881312e-01	1.637030e+00
441	3.390655e-01	5.572996e-01	1.338056e+00
442	4.593287e-01	5.839105e-01	2.406937e+00
443	4.680861e-01	7.666014e-01	1.422081e+00
444	5.082790e-01	6.035659e-01	2.956033e+00
445	4.605152e-01	5.100753e-01	2.601368e+00
446	4.025226e-01	4.152881e-01	1.846116e+00
447	4.642089e-01	5.038495e-01	1.264778e+00
448	5.007168e-01	5.481349e-01	1.119199e+00
449	4.376878e-01	4.654186e-01	1.956522e+00
450	6.606007e-01	8.078077e-01	2.971666e+00
451	4.753041e-01	5.189699e-01	2.149976e+00
452	4.360647e-01	5.711350e-01	1.574499e+00
453	3.671254e-01	2.875142e-01	1.775769e+00
454	3.232397e-01	3.150099e-01	1.542257e+00
455	4.972328e-01	5.435353e-01	2.984367e+00
456	4.653616e-01	4.806900e-01	1.577430e+00
457	4.392382e-01	4.845689e-01	2.955056e+00
458	4.879519e-01	5.158918e-01	2.865169e+00
459	5.881865e-01	6.367961e-01	1.672203e+00
461	4.424396e-01	5.903828e-01	2.513434e+00
462	4.603186e-01	4.565411e-01	1.853933e+00
463	4.839456e-01	5.341989e-01	2.858329e+00
464	5.613843e-01	6.152128e-01	1.574499e+00
465	4.066997e-01	4.968824e-01	1.432829e+00
466	4.682241e-01	5.227522e-01	1.500244e+00
467	6.822412e-01	6.501869e-01	1.323400e+00
468	4.641409e-01	5.247675e-01	2.147044e+00
469	4.801674e-01	4.923057e-01	2.698095e+00
470	4.560456e-01	4.852786e-01	1.364436e+00
471	2.938472e-01	3.562462e-01	2.076698e+00
472	4.679459e-01	5.081125e-01	2.011236e+00
473	5.312396e-01	5.604468e-01	1.215926e+00
474	4.649382e-01	5.198375e-01	2.299463e+00
475	4.022611e-01	5.409531e-01	1.683928e+00
476	4.898934e-01	5.039362e-01	2.081583e+00
477	4.528364e-01	5.565716e-01	2.350269e+00
478	3.978364e-01	7.803300e-01	2.728383e+00
479	5.919271e-01	6.470248e-01	1.194431e+00
480	4.245444e-01	6.487393e-01	2.515388e+00
481	3.267572e-01	2.886681e-01	1.865657e+00
482	4.940564e-01	6.646098e-01	1.802149e+00
483	4.152227e-01	4.439699e-01	1.367367e+00
484	4.111274e-01	4.011909e-01	1.148510e+00
485	5.128139e-01	5.431481e-01	2.427455e+00
486	4.455920e-01	6.754172e-01	2.196873e+00
487	4.101357e-01	4.568850e-01	2.386419e+00
488	4.490913e-01	4.615328e-01	1.294089e+00
489	4.809841e-01	4.439833e-01	1.687836e+00
490	5.471428e-01	5.375872e-01	1.146556e+00
491	3.683303e-01	4.751931e-01	1.597948e+00
492	5.261573e-01	4.967516e-01	2.412799e+00
493	4.281824e-01	3.878583e-01	1.227650e+00
494	5.774101e-01	5.946374e-01	2.522228e+00
495	4.931277e-01	5.391715e-01	1.437714e+00
496	4.404145e-01	4.159307e-01	1.523693e+00
497	3.830066e-01	5.785671e-01	1.221788e+00
498	4.581702e-01	4.858158e-01	1.652662e+00
499	4.394010e-01	6.138175e-01	1.269663e+00
500	4.781093e-01	5.197264e-01	2.967758e+00
501	4.663257e-01	5.116402e-01	2.546654e+00
502	3.218326e-01	3.770436e-01	1.818759e+00
503	4.273011e-01	4.351380e-01	1.919394e+00
504	4.801107e-01	5.065787e-01	2.563263e+00
505	4.693970e-01	4.972839e-01	1.451392e+00
506	3.789790e-01	5.669333e-01	1.718124e+00
507	4.582211e-01	4.875699e-01	1.207132e+00
508	4.816983e-01	5.214706e-01	1.236444e+00
509	4.138033e-01	5.349505e-01	2.622863e+00
510	3.921082e-01	5.722833e-01	2.549585e+00
511	4.711362e-01	5.160336e-01	2.966781e+00
512	4.508348e-01	5.267150e-01	2.395213e+00
513	4.469892e-01	5.184897e-01	1.534441e+00
514	5.717889e-01	5.710637e-01	1.550073e+00
515	5.043027e-01	5.908246e-01	1.610650e+00
516	6.422408e-01	5.969588e-01	1.612604e+00
517	4.860733e-01	5.125091e-01	1.086957e+00
518	6.174067e-01	4.715358e-01	2.282853e+00
519	4.423048e-01	4.426254e-01	1.573522e+00
520	4.600224e-01	5.257276e-01	2.497802e+00
521	4.786399e-01	5.059819e-01	1.752320e+00
522	4.434934e-01	9.719229e-01	1.589155e+00
523	4.865612e-01	5.193312e-01	1.209086e+00
524	5.182240e-01	5.921677e-01	2.755740e+00
525	5.068301e-01	5.650036e-01	1.499267e+00
526	4.861945e-01	5.137314e-01	1.014656e+00
527	4.269165e-01	9.326498e-02	2.891549e+00
528	4.737985e-01	5.145832e-01	2.478261e+00
529	4.436126e-01	6.111779e-01	1.898876e+00
530	4.774188e-01	5.070769e-01	1.188569e+00
531	4.431258e-01	4.727380e-01	2.785051e+00
532	4.773061e-01	5.125863e-01	2.945286e+00
533	5.587982e-01	6.029579e-01	2.458720e+00
534	5.853706e-01	5.308208e-01	2.673669e+00
535	4.780287e-01	4.920588e-01	1.399609e+00
536	4.833717e-01	5.170882e-01	2.604299e+00
537	4.714608e-01	5.077318e-01	1.529555e+00
538	4.683619e-01	5.131149e-01	2.823156e+00
539	4.411553e-01	4.966350e-01	2.826087e+00
540	4.409111e-01	4.515263e-01	2.844651e+00
541	5.197079e-01	4.556339e-01	2.290669e+00
542	4.601846e-01	5.485863e-01	2.570103e+00
543	4.671319e-01	5.584308e-01	2.396190e+00
544	4.950892e-01	4.520201e-01	1.318515e+00
545	4.790540e-01	4.358382e-01	2.605276e+00
546	3.987687e-01	3.171694e-01	2.683439e+00
547	3.956081e-01	7.213785e-01	1.587201e+00
548	5.767286e-01	5.860229e-01	1.375183e+00
549	4.827955e-01	4.938167e-01	2.298486e+00
550	6.580662e-01	5.810930e-01	1.285296e+00
551	4.812332e-01	5.107457e-01	2.983390e+00
552	5.229111e-01	3.403462e-01	1.195408e+00
553	4.580890e-01	4.989553e-01	2.414753e+00
554	3.208379e-01	4.872795e-01	1.843185e+00
555	5.176897e-01	4.150210e-01	2.396190e+00
556	5.471046e-01	3.885005e-01	3.000000e+00
557	4.703106e-01	5.152601e-01	2.728383e+00
558	7.392259e-01	9.133898e-01	1.133854e+00
559	4.721977e-01	5.146384e-01	1.944797e+00
560	6.357681e-01	5.684713e-01	2.883732e+00
561	3.586985e-01	3.774190e-01	2.383488e+00
562	5.784960e-01	5.078888e-01	2.506595e+00
563	4.310456e-01	4.765359e-01	1.786517e+00
564	4.856270e-01	4.456221e-01	2.893503e+00
565	4.743221e-01	5.266712e-01	2.981436e+00
566	4.637294e-01	5.348285e-01	2.663898e+00
567	4.530357e-01	4.706309e-01	2.227162e+00
568	4.628239e-01	5.247984e-01	1.527601e+00
569	5.587620e-01	6.082390e-01	2.610161e+00
570	4.264231e-01	9.636210e-02	1.058622e+00
571	4.389713e-01	4.493426e-01	2.782120e+00
572	3.207124e-01	7.600555e-02	1.518808e+00
573	4.552993e-01	5.251616e-01	2.109917e+00
574	4.571396e-01	4.839410e-01	2.074744e+00
575	4.986420e-01	5.256963e-01	2.319003e+00
576	4.297672e-01	4.888145e-01	1.290181e+00
577	4.601206e-01	4.972395e-01	1.286273e+00
578	4.775370e-01	5.486511e-01	1.881290e+00
579	4.551164e-01	4.898366e-01	1.664387e+00
580	4.642962e-01	5.527188e-01	1.242306e+00
581	4.410245e-01	5.331485e-01	1.927211e+00
582	4.748455e-01	5.084229e-01	2.820225e+00
583	4.777869e-01	5.433097e-01	2.792868e+00
584	3.947428e-01	4.745007e-01	1.201270e+00
585	5.018327e-01	5.587350e-01	1.898876e+00
586	4.735262e-01	5.139455e-01	1.782609e+00
587	4.787033e-01	5.250453e-01	1.561798e+00
588	4.699732e-01	5.128118e-01	2.282853e+00
589	4.309280e-01	4.486925e-01	2.210552e+00
590	5.202404e-01	4.666976e-01	1.020518e+00
591	4.410564e-01	4.495837e-01	1.784563e+00
592	4.754790e-01	5.122995e-01	1.275525e+00
593	5.115525e-01	4.963837e-01	1.212995e+00
594	4.377314e-01	6.038306e-01	2.964827e+00
595	4.542213e-01	4.838557e-01	2.079629e+00
596	6.383820e-01	5.871709e-01	1.187592e+00
597	4.849554e-01	4.583369e-01	1.258915e+00
598	4.143173e-01	4.477910e-01	1.999511e+00
599	4.816691e-01	5.158963e-01	1.264778e+00
600	4.599871e-01	4.978709e-01	1.110405e+00
601	5.928224e-01	6.927108e-01	1.107474e+00
602	3.108693e-01	4.957622e-01	1.070347e+00
603	4.703321e-01	5.233961e-01	2.400098e+00
604	4.759649e-01	4.545870e-01	2.871031e+00
605	4.694323e-01	5.067037e-01	2.739130e+00
606	4.339592e-01	4.988474e-01	2.061065e+00
607	4.587612e-01	6.119938e-01	1.073278e+00
608	4.463008e-01	4.373736e-01	2.799707e+00
609	4.962702e-01	5.772436e-01	2.010259e+00
610	5.251622e-01	5.008773e-01	1.700537e+00
611	4.589271e-01	4.939822e-01	1.339033e+00
612	4.195167e-01	5.873036e-01	2.227162e+00
613	7.801346e-01	8.269037e-01	2.482169e+00
614	5.080423e-01	5.096941e-01	2.958964e+00
615	4.560057e-01	4.867361e-01	1.443576e+00
616	5.505871e-01	5.466501e-01	2.381534e+00
617	3.380660e-01	3.704357e-01	1.971177e+00
618	4.590421e-01	4.916962e-01	2.960918e+00
619	4.923064e-01	5.602000e-01	1.812897e+00
620	4.450093e-01	5.618107e-01	1.170982e+00
621	4.421998e-01	5.962073e-01	1.277479e+00
622	7.034750e-01	6.134320e-01	1.176844e+00
623	4.520482e-01	5.887884e-01	1.636053e+00
624	4.240950e-01	4.392947e-01	2.336590e+00
625	4.998467e-01	4.494200e-01	1.343918e+00
626	4.884201e-01	5.090283e-01	1.905716e+00
627	4.209878e-01	4.747796e-01	1.784563e+00
628	4.857880e-01	5.128363e-01	2.063996e+00
629	4.677918e-01	5.136349e-01	2.497802e+00
630	5.093581e-01	5.006644e-01	2.870054e+00
631	5.164787e-01	5.634321e-01	1.729849e+00
632	3.869286e-01	2.793619e-01	2.290669e+00
633	4.709664e-01	5.133823e-01	2.841720e+00
634	4.796723e-01	5.153209e-01	2.195896e+00
635	4.687478e-01	4.885921e-01	1.601856e+00
636	4.451103e-01	4.672450e-01	2.449927e+00
637	4.270864e-01	4.944849e-01	1.462140e+00
638	4.723763e-01	5.115002e-01	2.041524e+00
639	4.711603e-01	5.131674e-01	2.061065e+00
640	5.918383e-01	5.778750e-01	2.130435e+00
641	3.562676e-01	3.227841e-01	2.205667e+00
642	4.724057e-01	5.117090e-01	2.184172e+00
643	3.989660e-01	4.916914e-01	2.747924e+00
644	6.409329e-01	4.731527e-01	2.909135e+00
645	4.816676e-01	5.175755e-01	2.777235e+00
646	4.720582e-01	4.434380e-01	1.295066e+00
647	3.645966e-01	5.050103e-01	1.050806e+00
648	3.968800e-01	3.531304e-01	1.191500e+00
649	4.657226e-01	5.004619e-01	1.198339e+00
650	4.856639e-01	4.813608e-01	2.656082e+00
651	4.904394e-01	5.146079e-01	1.692721e+00
652	2.311683e-01	2.004730e-01	2.330728e+00
653	4.799892e-01	5.256806e-01	1.906693e+00
654	5.078081e-01	5.220467e-01	2.192965e+00
655	5.217321e-01	5.442492e-01	1.200293e+00
656	4.530086e-01	4.978693e-01	2.361016e+00
657	4.178135e-01	4.469875e-01	2.080606e+00
658	4.814533e-01	5.092348e-01	2.017098e+00
659	4.153840e-01	4.864042e-01	2.191011e+00
660	4.629857e-01	8.079558e-01	1.667318e+00
661	4.179830e-01	4.428115e-01	2.229116e+00
662	5.176482e-01	2.827675e-01	1.188569e+00
663	4.838895e-01	4.524955e-01	2.714704e+00
664	4.521070e-01	4.431504e-01	1.979971e+00
665	3.520631e-01	4.153903e-01	2.954079e+00
666	6.792746e-01	7.335644e-01	1.803127e+00
667	4.489129e-01	5.567056e-01	1.039082e+00
668	7.617847e-01	6.723683e-01	1.893014e+00
669	4.180885e-01	4.418367e-01	1.778701e+00
670	4.928305e-01	3.754571e-01	1.807035e+00
671	4.390190e-01	4.582527e-01	1.102589e+00
672	4.493994e-01	3.248753e-01	1.879336e+00
673	5.020385e-01	4.226152e-01	1.984856e+00
674	4.710215e-01	5.139089e-01	2.238886e+00
675	4.772114e-01	5.110349e-01	2.868100e+00
676	4.734979e-01	5.000556e-01	2.748901e+00
677	5.334165e-01	3.760559e-01	1.578407e+00
678	4.560445e-01	4.800452e-01	1.621397e+00
679	4.719320e-01	5.085963e-01	2.657059e+00
680	4.524368e-01	4.707085e-01	2.404983e+00
681	4.879678e-01	4.367292e-01	2.272106e+00
682	4.785720e-01	5.861842e-01	1.463117e+00
683	4.561409e-01	4.899576e-01	2.316072e+00
684	4.655963e-01	5.020964e-01	2.334636e+00
685	4.696554e-01	5.765182e-01	1.365413e+00
686	6.763846e-01	5.161368e-01	2.105032e+00
687	4.664110e-01	4.731852e-01	1.339033e+00
688	4.481029e-01	5.032368e-01	2.932584e+00
689	4.769822e-01	5.050087e-01	2.378603e+00
690	4.715214e-01	5.039791e-01	1.833415e+00
691	4.868106e-01	3.170978e-01	1.663410e+00
692	4.706125e-01	5.328266e-01	2.251588e+00
693	6.426299e-01	4.756887e-01	1.766976e+00
694	3.631795e-01	4.002695e-01	1.575476e+00
695	2.899891e-01	2.811084e-01	2.771373e+00
696	4.727106e-01	4.977411e-01	2.787005e+00
697	4.622355e-01	5.095869e-01	1.959453e+00
698	4.974107e-01	5.316605e-01	2.187103e+00
699	4.707165e-01	5.118313e-01	2.430386e+00
700	4.284754e-01	4.239555e-01	2.679531e+00
701	4.411384e-01	3.978028e-01	2.191988e+00
702	4.900547e-01	5.729588e-01	2.945286e+00
703	4.598364e-01	5.169645e-01	2.793845e+00
704	4.602094e-01	5.222842e-01	2.132389e+00
705	5.111538e-01	2.945019e-01	1.627259e+00
706	4.792983e-01	5.015952e-01	1.623351e+00
707	4.890639e-01	5.060336e-01	2.772350e+00
708	4.721447e-01	5.132659e-01	1.552027e+00
709	5.947581e-01	5.626316e-01	1.180752e+00
710	4.565405e-01	4.555529e-01	1.632145e+00
711	5.251399e-01	6.363643e-01	1.680997e+00
712	6.313567e-01	5.629315e-01	2.828041e+00
713	1.307573e-01	5.422038e-01	1.703468e+00
714	2.698362e-01	4.431674e-01	1.471910e+00
715	4.685508e-01	5.398616e-01	2.368832e+00
716	4.494792e-01	5.047618e-01	1.961407e+00
717	4.735760e-01	5.109451e-01	1.756229e+00
718	4.146481e-01	5.026387e-01	2.987298e+00
719	4.801822e-01	5.064608e-01	2.332682e+00
720	4.537626e-01	4.864379e-01	1.097704e+00
721	4.769141e-01	5.529302e-01	1.954568e+00
722	4.739095e-01	5.137253e-01	1.704446e+00
723	4.713466e-01	5.139798e-01	1.853933e+00
724	4.848231e-01	5.659911e-01	2.829995e+00
725	5.041911e-01	5.277880e-01	2.232047e+00
726	4.773081e-01	5.393296e-01	2.587689e+00
727	1.666617e-01	6.605582e-01	2.698095e+00
728	6.005503e-01	6.823762e-01	1.896922e+00
729	4.534695e-01	4.113489e-01	1.212995e+00
730	4.242750e-01	4.440426e-01	1.502198e+00
731	4.688930e-01	5.122386e-01	2.614069e+00
732	5.649783e-01	5.765157e-01	2.880801e+00
733	4.749464e-01	4.966911e-01	1.956522e+00
734	4.877728e-01	6.140183e-01	2.745970e+00
735	4.945988e-01	5.125384e-01	1.179775e+00
736	5.247601e-01	5.707077e-01	1.935027e+00
737	4.543629e-01	4.881021e-01	1.975085e+00
738	5.055309e-01	5.566901e-01	1.067416e+00
739	4.856870e-01	5.893233e-01	2.024915e+00
740	3.610272e-01	4.089323e-01	2.810454e+00
741	4.291108e-01	4.444914e-01	2.428432e+00
742	4.655118e-01	5.393332e-01	1.957499e+00
743	6.313848e-01	6.015722e-01	2.306302e+00
744	4.816612e-01	4.935779e-01	2.557401e+00
745	4.936511e-01	5.626683e-01	1.243283e+00
746	4.829360e-01	4.361839e-01	2.429409e+00
747	4.344094e-01	4.876899e-01	2.523205e+00
748	4.663611e-01	3.595026e-01	2.842697e+00
749	4.709978e-01	5.118186e-01	2.247680e+00
750	4.562075e-01	5.126612e-01	2.000489e+00
751	4.648229e-01	4.892242e-01	2.446019e+00
752	4.653744e-01	5.109168e-01	2.360039e+00
753	2.859298e-01	6.625541e-01	2.567171e+00
754	4.483803e-01	4.713688e-01	2.415730e+00
755	4.493547e-01	4.996311e-01	1.989741e+00
756	4.758545e-01	5.091140e-01	2.908158e+00
757	3.449570e-01	4.758826e-01	2.731314e+00
758	4.707015e-01	5.129392e-01	2.544700e+00
759	4.722409e-01	5.119522e-01	2.890572e+00
760	4.693416e-01	5.156563e-01	1.654617e+00
761	4.650032e-01	5.126459e-01	1.008793e+00
762	4.660276e-01	5.136025e-01	1.260870e+00
763	5.515201e-01	5.505486e-01	1.347826e+00
764	4.758839e-01	5.140575e-01	1.325354e+00
765	4.737430e-01	5.209287e-01	1.420127e+00
766	6.108292e-01	6.566033e-01	2.845628e+00
767	5.166627e-01	5.152239e-01	1.853933e+00
768	4.732029e-01	5.218938e-01	1.303859e+00
769	4.632342e-01	6.521867e-01	1.294089e+00
770	8.149422e-01	2.310311e-01	1.675134e+00
771	4.443505e-01	5.488649e-01	2.417684e+00
772	4.864804e-01	5.672226e-01	2.053249e+00
773	4.845655e-01	4.957469e-01	1.276502e+00
774	4.936416e-01	4.352824e-01	2.779189e+00
775	4.137666e-01	6.031912e-01	1.984856e+00
776	5.548271e-01	5.493020e-01	2.295554e+00
777	4.719875e-01	5.109567e-01	1.652662e+00
778	4.558460e-01	4.933373e-01	2.464582e+00
779	4.680185e-01	5.122825e-01	1.763068e+00
780	4.423894e-01	4.381967e-01	2.026869e+00
781	4.820653e-01	5.215221e-01	1.160234e+00
782	4.549850e-01	4.724054e-01	2.302394e+00
783	4.680523e-01	5.245926e-01	1.384954e+00
784	4.754499e-01	5.756344e-01	2.598437e+00
785	5.074855e-01	4.364407e-01	2.130435e+00
786	4.847410e-01	4.925854e-01	1.690767e+00
787	4.476350e-01	5.122765e-01	1.940889e+00
788	4.586604e-01	4.981972e-01	2.099170e+00
