762
0	3.949158e-01	7.938055e-01	1.398632e+00
1	5.029222e-01	4.257432e-01	1.108451e+00
2	5.079833e-01	5.609963e-01	2.925745e+00
3	4.690631e-01	5.147052e-01	2.732291e+00
4	5.216396e-01	3.920451e-01	1.257938e+00
5	4.696647e-01	4.014076e-01	2.424524e+00
6	5.195998e-01	5.769843e-01	1.383000e+00
7	4.635158e-01	5.435727e-01	2.705911e+00
8	4.808979e-01	4.742205e-01	2.442110e+00
9	4.710437e-01	5.145898e-01	2.233024e+00
10	5.154922e-01	5.526172e-01	2.376649e+00
11	4.820757e-01	4.989751e-01	1.556913e+00
12	4.446550e-01	3.609074e-01	2.950171e+00
13	5.319267e-01	4.531983e-01	1.066439e+00
14	4.769350e-01	5.180821e-01	1.626282e+00
15	6.585180e-01	5.032961e-01	1.306790e+00
16	4.730755e-01	5.135270e-01	2.902296e+00
17	6.018169e-01	4.895053e-01	1.195408e+00
18	5.081003e-01	4.862283e-01	1.785540e+00
19	4.561652e-01	4.923243e-01	1.248168e+00
20	4.265923e-01	5.016957e-01	1.863703e+00
21	5.111952e-01	6.183993e-01	2.671715e+00
22	4.685049e-01	5.038602e-01	2.487054e+00
23	4.829148e-01	5.209505e-01	1.946751e+00
24	3.421163e-01	5.355644e-01	1.303859e+00
25	5.511417e-01	8.869745e-02	2.152907e+00
26	4.911110e-01	4.958487e-01	1.388862e+00
27	4.819346e-01	5.445716e-01	1.591109e+00
28	4.980658e-01	4.024999e-01	2.205667e+00
29	4.690464e-01	5.208430e-01	2.181241e+00
30	6.410188e-01	3.838650e-01	1.475818e+00
31	4.429849e-01	4.655162e-01	2.309233e+00
32	4.558318e-01	5.142175e-01	2.073766e+00
33	6.004610e-01	3.185406e-01	2.331705e+00
34	4.872274e-01	5.322408e-01	1.126038e+00
35	6.271012e-01	6.064690e-01	2.235955e+00
36	4.820488e-01	2.789251e-01	2.805569e+00
37	5.113429e-01	4.644532e-01	2.555447e+00
38	4.589097e-01	4.822691e-01	2.559355e+00
39	4.742341e-01	4.893374e-01	1.895945e+00
40	4.194237e-01	5.044869e-01	1.282364e+00
41	5.259297e-01	6.644952e-01	2.750855e+00
42	4.649860e-01	5.158984e-01	2.412799e+00
43	4.571696e-01	5.107664e-01	2.557401e+00
44	4.487020e-01	5.025360e-01	1.648754e+00
45	5.005426e-01	4.433827e-01	1.721055e+00
46	4.747589e-01	6.412065e-01	2.588666e+00
47	4.826365e-01	4.990494e-01	1.525647e+00
48	4.711273e-01	5.132286e-01	2.751832e+00
49	2.519478e-01	2.863661e-01	2.625794e+00
50	4.484903e-01	5.892248e-01	1.663410e+00
51	4.716487e-01	5.042949e-01	2.560332e+00
52	4.815370e-01	5.166521e-01	1.696629e+00
53	4.704031e-01	5.021838e-01	1.506106e+00
54	4.704777e-01	5.217832e-01	2.675623e+00
55	4.979925e-01	4.211475e-01	2.497802e+00
56	4.817060e-01	7.220336e-01	1.031265e+00
57	3.746153e-01	4.244680e-01	2.361993e+00
58	4.581813e-01	5.857535e-01	1.866634e+00
60	5.813561e-01	5.643984e-01	1.503175e+00
61	5.045031e-01	5.679920e-01	2.449927e+00
62	4.665407e-01	4.804604e-01	2.831949e+00
63	4.829286e-01	4.922943e-01	2.317049e+00
64	5.133407e-01	5.527728e-01	2.353200e+00
65	4.751491e-01	5.189573e-01	2.575965e+00
66	4.428832e-01	4.746759e-01	2.922814e+00
67	4.013123e-01	7.054785e-01	2.289692e+00
68	5.254169e-01	6.223780e-01	2.766488e+00
69	2.826529e-01	5.495402e-01	1.522716e+00
70	4.433424e-01	5.544183e-01	2.769419e+00
71	4.781947e-01	5.240468e-01	1.110405e+00
72	4.959263e-01	5.910803e-01	1.412311e+00
73	3.776755e-01	3.234034e-01	1.951637e+00
74	2.628980e-01	5.771144e-01	1.449438e+00
75	5.164746e-01	6.756469e-01	2.176356e+00
76	4.889785e-01	5.864752e-01	1.212995e+00
77	4.943237e-01	4.894024e-01	1.872496e+00
78	4.702599e-01	5.284717e-01	1.606742e+00
79	6.360060e-01	5.861982e-01	1.183683e+00
80	4.574136e-01	4.568851e-01	2.736199e+00
81	4.739794e-01	5.164389e-01	1.617489e+00
82	4.625485e-01	5.565680e-01	2.456766e+00
83	4.276549e-01	5.924516e-01	1.406448e+00
84	5.074509e-01	4.464727e-01	2.453835e+00
85	4.652330e-01	5.195561e-01	2.712750e+00
86	4.671863e-01	5.022492e-01	2.877870e+00
87	4.700179e-01	5.638814e-01	1.533464e+00
88	6.284051e-01	7.090249e-01	2.169516e+00
89	4.924888e-01	4.093353e-01	2.483146e+00
90	5.116622e-01	5.654466e-01	1.538349e+00
91	4.411028e-01	5.160652e-01	1.117245e+00
92	4.579721e-01	5.197400e-01	2.709819e+00
93	4.264857e-01	5.392267e-01	2.929653e+00
94	3.790756e-01	3.276583e-01	2.125550e+00
95	3.570979e-01	5.633952e-01	2.148999e+00
96	4.424828e-01	5.195735e-01	1.206155e+00
98	4.694358e-01	5.163035e-01	1.997557e+00
99	5.190230e-01	5.657154e-01	1.753298e+00
100	4.583461e-01	5.282168e-01	1.491451e+00
101	4.758579e-01	5.164350e-01	2.381534e+00
102	5.091534e-01	5.874581e-01	1.837323e+00
103	4.605815e-01	5.993932e-01	2.723498e+00
104	4.322197e-01	3.520515e-01	1.216903e+00
105	4.506663e-01	4.699263e-01	1.385931e+00
107	4.922550e-01	5.211489e-01	1.887152e+00
108	3.229179e-01	5.603262e-01	1.869565e+00
109	4.322213e-01	5.872958e-01	2.657059e+00
110	4.977545e-01	4.989756e-01	1.905716e+00
111	4.628914e-01	4.739651e-01	2.319980e+00
113	4.530296e-01	2.202718e-01	1.155349e+00
114	4.686414e-01	5.097530e-01	1.261847e+00
115	5.162491e-01	6.503926e-01	1.308745e+00
116	4.497221e-01	7.994442e-01	1.148510e+00
117	4.771957e-01	5.687885e-01	1.865657e+00
118	4.784992e-01	4.905647e-01	2.988276e+00
119	4.779150e-01	6.221115e-01	1.479726e+00
120	4.634106e-01	6.012115e-01	2.095261e+00
121	3.990632e-01	4.262283e-01	2.442110e+00
122	5.774359e-01	4.768070e-01	1.070347e+00
123	4.442439e-01	5.776174e-01	1.417196e+00
124	4.725813e-01	5.244974e-01	2.817294e+00
126	4.505023e-01	5.630774e-01	2.738153e+00
127	4.420772e-01	4.333878e-01	2.338544e+00
128	8.354628e-02	6.246529e-02	1.282364e+00
129	4.975081e-01	5.280127e-01	2.676600e+00
130	6.646477e-02	7.047868e-02	2.443087e+00
132	4.840205e-01	6.469313e-01	1.220811e+00
133	6.612704e-01	4.180544e-01	2.407914e+00
134	4.763336e-01	4.466620e-01	2.277968e+00
135	4.613877e-01	5.121732e-01	2.409868e+00
136	4.475934e-01	4.785268e-01	2.083537e+00
137	4.268890e-01	4.679690e-01	2.286761e+00
138	1.385900e-01	4.800444e-01	1.194431e+00
139	4.845760e-01	5.076438e-01	2.818271e+00
140	4.318112e-01	5.471377e-01	2.827064e+00
141	4.891315e-01	5.268535e-01	1.684905e+00
142	4.595173e-01	4.933915e-01	1.999511e+00
143	4.681027e-01	5.100978e-01	1.956522e+00
144	5.059578e-01	5.092888e-01	2.323889e+00
145	5.471341e-01	5.196087e-01	2.501710e+00
146	4.184329e-01	5.605392e-01	2.395213e+00
147	4.330815e-01	4.026543e-01	2.719590e+00
148	4.712961e-01	5.155345e-01	2.937469e+00
149	5.008433e-01	5.598835e-01	2.803615e+00
150	4.503981e-01	5.538808e-01	1.794333e+00
151	4.650381e-01	5.300329e-01	2.611138e+00
152	4.959049e-01	5.362081e-01	1.724963e+00
153	4.606325e-01	5.012293e-01	1.983879e+00
154	4.718927e-01	5.104051e-01	2.181241e+00
155	4.342192e-01	4.103607e-01	1.295066e+00
156	4.561268e-01	4.310486e-01	1.970200e+00
157	4.989931e-01	5.208173e-01	2.387396e+00
158	4.482307e-01	6.970337e-01	2.386419e+00
159	5.426477e-01	7.026633e-01	2.647289e+00
160	4.962809e-01	4.906619e-01	1.686859e+00
161	4.924746e-01	5.063097e-01	1.553981e+00
162	4.486290e-01	3.726637e-01	1.764045e+00
163	3.639614e-01	7.589427e-01	1.632145e+00
164	4.729473e-01	5.119922e-01	1.235467e+00
165	4.647191e-01	4.878450e-01	2.251588e+00
166	4.559736e-01	4.753858e-01	1.751343e+00
167	5.783373e-01	5.993847e-01	1.715193e+00
168	4.744314e-01	5.115483e-01	2.109917e+00
169	4.933499e-01	5.925260e-01	2.137274e+00
170	3.489678e-01	5.535897e-01	2.099170e+00
171	5.117676e-01	6.570369e-01	2.057157e+00
172	5.512375e-01	5.016589e-01	2.246702e+00
173	4.932878e-01	4.824591e-01	1.894968e+00
174	5.090258e-01	4.710191e-01	2.453835e+00
175	4.691216e-01	5.408572e-01	2.834880e+00
176	5.564346e-01	6.709519e-01	2.215437e+00
177	4.732111e-01	5.147482e-01	2.153884e+00
178	4.775135e-01	5.168895e-01	2.475330e+00
179	4.686703e-01	5.885932e-01	1.274548e+00
180	4.576506e-01	6.132190e-01	2.127504e+00
181	4.870641e-01	5.346146e-01	1.790425e+00
182	4.105140e-01	8.152256e-01	1.736688e+00
183	3.986921e-01	5.404558e-01	1.692721e+00
184	5.026948e-01	3.508333e-01	2.042501e+00
185	4.261961e-01	5.515407e-01	1.468979e+00
186	5.094459e-01	5.476201e-01	1.784563e+00
188	4.505408e-01	4.591320e-01	1.839277e+00
189	4.725905e-01	5.144341e-01	1.175867e+00
190	4.801071e-01	5.420988e-01	2.807523e+00
191	3.750651e-01	6.109079e-01	2.811431e+00
192	4.894368e-01	4.802539e-01	1.192477e+00
193	6.355536e-01	6.211897e-01	1.620420e+00
194	6.422457e-01	5.497576e-01	2.624817e+00
195	4.702251e-01	5.186554e-01	2.806546e+00
196	5.171104e-01	7.048546e-01	1.763068e+00
197	7.446304e-01	7.605658e-01	2.060088e+00
198	6.540942e-01	5.589147e-01	2.458720e+00
199	4.882568e-01	5.313744e-01	2.463605e+00
200	7.608295e-01	7.539269e-01	1.141671e+00
201	4.776698e-01	5.195049e-01	1.146556e+00
202	4.700590e-01	4.559420e-01	1.395701e+00
203	5.102117e-01	4.806874e-01	1.755252e+00
204	4.628350e-01	4.604760e-01	2.901319e+00
205	5.633005e-01	3.406325e-01	2.123596e+00
206	5.278936e-01	6.117140e-01	1.652662e+00
207	4.650115e-01	4.561122e-01	1.199316e+00
208	4.812230e-01	5.555615e-01	2.170493e+00
209	4.307239e-01	3.756417e-01	2.733268e+00
210	5.081826e-01	4.672832e-01	1.545188e+00
211	4.871426e-01	5.239270e-01	1.376160e+00
212	4.691279e-01	5.014008e-01	1.621397e+00
213	4.818484e-01	5.248164e-01	1.883244e+00
214	4.721846e-01	4.898143e-01	1.612604e+00
215	4.366055e-01	5.141195e-01	2.909135e+00
216	4.692068e-01	5.028984e-01	1.354665e+00
217	4.843464e-01	5.296016e-01	2.770396e+00
218	2.772756e-01	5.232345e-01	2.148999e+00
219	4.878342e-01	5.178487e-01	2.624817e+00
220	5.451121e-01	4.352991e-01	2.697118e+00
221	4.754067e-01	5.360756e-01	1.938935e+00
222	5.290657e-01	3.227610e-01	1.854910e+00
223	3.543714e-01	5.237629e-01	2.625794e+00
224	6.016734e-01	7.210963e-01	2.984367e+00
225	4.546388e-01	3.834488e-01	2.693210e+00
226	4.753131e-01	5.128036e-01	2.276014e+00
227	4.723095e-01	4.782236e-01	1.245237e+00
228	4.697533e-01	5.061515e-01	1.489497e+00
229	4.799639e-01	5.096489e-01	2.305325e+00
230	4.817175e-01	4.934998e-01	2.689301e+00
231	4.937687e-01	6.063356e-01	1.346849e+00
232	4.791837e-01	5.743806e-01	2.447973e+00
233	4.893227e-01	5.553500e-01	1.591109e+00
234	3.754628e-01	4.771838e-01	1.931119e+00
235	4.398483e-01	5.543559e-01	2.687347e+00
236	4.729265e-01	5.143193e-01	2.787982e+00
237	4.734450e-01	4.911495e-01	1.510015e+00
238	4.606845e-01	5.337233e-01	2.193942e+00
239	4.768835e-01	5.009509e-01	2.918906e+00
240	4.618405e-01	5.540351e-01	1.734734e+00
241	4.694269e-01	5.100452e-01	1.119199e+00
242	3.663095e-01	4.399329e-01	1.631168e+00
243	5.015912e-01	4.811333e-01	1.258915e+00
244	4.898785e-01	4.499973e-01	2.458720e+00
245	4.586627e-01	3.920802e-01	2.134343e+00
246	4.772774e-01	5.081330e-01	2.662921e+00
247	5.026921e-01	5.474486e-01	2.924768e+00
248	5.130664e-01	5.654789e-01	2.983390e+00
250	6.998568e-03	6.363670e-01	2.763556e+00
251	2.196465e-01	4.603705e-01	2.374695e+00
252	4.822201e-01	5.694328e-01	1.703468e+00
253	4.807635e-01	5.754204e-01	1.246214e+00
254	5.430692e-01	6.250748e-01	2.925745e+00
255	4.665273e-01	5.200846e-01	1.857841e+00
256	4.742355e-01	4.974549e-01	2.601368e+00
257	4.537754e-01	4.702190e-01	2.413776e+00
258	4.431756e-01	5.177260e-01	2.569126e+00
259	5.078865e-01	6.497122e-01	1.865657e+00
260	4.736546e-01	5.141733e-01	2.574988e+00
261	4.817905e-01	5.275422e-01	1.598925e+00
262	3.411488e-01	4.171545e-01	2.264289e+00
263	2.790038e-01	4.088779e-01	1.176844e+00
264	5.269115e-01	7.074561e-01	1.061553e+00
265	4.679626e-01	4.925286e-01	2.526136e+00
266	4.746728e-01	4.486660e-01	1.928188e+00
267	4.920110e-01	4.917613e-01	2.006351e+00
268	4.721781e-01	4.642645e-01	1.041036e+00
269	6.516528e-01	7.681515e-01	1.793356e+00
270	5.257357e-01	6.016617e-01	1.860772e+00
271	4.858549e-01	3.995448e-01	1.389839e+00
272	4.672559e-01	4.961911e-01	1.052760e+00
273	4.138135e-01	4.196064e-01	1.156326e+00
274	5.622547e-01	3.172634e-01	1.981925e+00
275	4.096605e-01	7.657534e-01	2.256473e+00
276	4.790822e-01	4.565003e-01	2.368832e+00
277	4.755777e-01	4.892018e-01	2.024915e+00
279	5.227168e-01	5.758057e-01	1.348803e+00
280	4.774626e-01	4.753193e-01	2.472399e+00
281	3.583844e-01	5.313691e-01	2.288715e+00
282	4.710870e-01	5.324272e-01	2.745970e+00
283	4.121876e-01	5.505051e-01	2.490962e+00
284	6.131990e-01	3.375148e-01	2.515388e+00
285	7.219690e-01	4.847104e-01	1.545188e+00
286	4.843669e-01	5.008322e-01	2.662921e+00
287	4.855127e-01	5.876313e-01	2.264289e+00
288	4.802179e-01	5.444153e-01	2.905227e+00
289	4.017314e-01	5.473615e-01	1.058622e+00
290	4.486178e-01	4.699477e-01	2.152907e+00
291	5.083439e-01	5.647189e-01	2.784074e+00
292	4.557234e-01	5.136667e-01	2.445042e+00
293	4.912405e-01	2.213575e-01	2.852467e+00
294	4.756222e-01	5.039234e-01	2.070835e+00
295	5.128495e-01	5.395482e-01	1.406448e+00
297	4.097803e-01	4.858166e-01	2.077675e+00
298	3.995280e-01	4.258724e-01	1.601856e+00
299	4.836770e-01	5.662764e-01	2.048363e+00
300	4.705130e-01	5.143154e-01	2.781143e+00
301	4.729834e-01	5.135680e-01	2.779189e+00
302	4.777201e-01	4.375124e-01	2.617978e+00
303	4.801511e-01	7.327043e-01	1.698583e+00
304	4.725635e-01	5.870250e-01	1.948705e+00
305	4.585341e-01	5.205350e-01	1.416219e+00
306	6.109607e-01	4.433696e-01	1.745481e+00
307	4.760685e-01	4.874374e-01	2.291646e+00
309	4.816716e-01	4.465654e-01	2.511480e+00
310	4.555946e-01	4.682440e-01	2.596483e+00
311	4.437127e-01	4.556334e-01	2.855398e+00
312	4.935015e-01	5.732081e-01	1.312653e+00
313	5.273962e-01	5.983516e-01	1.787494e+00
314	4.713411e-01	5.081291e-01	2.252565e+00
315	5.479364e-01	5.918045e-01	1.978017e+00
316	2.991967e-01	5.867451e-01	2.965804e+00
317	4.752811e-01	4.976490e-01	2.221299e+00
318	3.275970e-01	6.689310e-01	1.701514e+00
319	5.170277e-01	5.562092e-01	1.135809e+00
320	5.077480e-01	5.042764e-01	2.997069e+00
322	5.324535e-01	5.995166e-01	2.362970e+00
323	4.609139e-01	5.346723e-01	2.553493e+00
324	4.956472e-01	5.404680e-01	1.347826e+00
326	4.704222e-01	5.152109e-01	1.857841e+00
327	4.432221e-01	5.632627e-01	1.669272e+00
328	4.642396e-01	5.171535e-01	1.726917e+00
329	4.758361e-01	5.273979e-01	2.604299e+00
330	4.423930e-01	5.748083e-01	2.089399e+00
331	4.199964e-01	4.628207e-01	1.552027e+00
332	5.280489e-01	5.197355e-01	1.769907e+00
333	5.130955e-01	6.177490e-01	1.382022e+00
334	4.934997e-01	8.316551e-01	2.510503e+00
335	5.018743e-01	5.068975e-01	1.640938e+00
336	4.602592e-01	4.987239e-01	2.933561e+00
337	3.992728e-01	4.145488e-01	1.033219e+00
338	4.247440e-01	4.070233e-01	1.408403e+00
339	4.728335e-01	4.868321e-01	2.767465e+00
340	4.845494e-01	5.415634e-01	1.526624e+00
341	4.635534e-01	5.597070e-01	1.456277e+00
342	4.663908e-01	5.454192e-01	1.054714e+00
343	4.994826e-01	5.164257e-01	2.601368e+00
344	4.599081e-01	8.266503e-01	2.193942e+00
346	4.832267e-01	5.553572e-01	1.564729e+00
347	4.568194e-01	5.211413e-01	1.679043e+00
348	2.527521e-01	5.601446e-01	2.034685e+00
349	4.830245e-01	5.112549e-01	2.564240e+00
350	4.292243e-01	7.151537e-01	2.311187e+00
351	4.006065e-01	3.812257e-01	1.297997e+00
352	4.779865e-01	5.334114e-01	2.873962e+00
353	3.484002e-01	5.006720e-01	2.202736e+00
354	4.746911e-01	5.186029e-01	2.653151e+00
355	4.384310e-01	5.477521e-01	2.461651e+00
356	4.607765e-01	4.867781e-01	1.679043e+00
357	5.148978e-01	5.535978e-01	2.991207e+00
358	4.755528e-01	2.906727e-01	2.857352e+00
359	4.368978e-01	3.953983e-01	1.913532e+00
360	5.507059e-01	5.607060e-01	1.216903e+00
361	5.438122e-01	7.702338e-01	1.214949e+00
362	4.150618e-01	5.735691e-01	1.005862e+00
363	4.851296e-01	5.387489e-01	2.227162e+00
364	4.713496e-01	5.234725e-01	1.723009e+00
366	5.546119e-01	3.922212e-01	1.692721e+00
367	4.614397e-01	5.092962e-01	1.154372e+00
368	4.595088e-01	4.967225e-01	1.851001e+00
369	4.711006e-01	5.097341e-01	2.418661e+00
370	5.137736e-01	4.730155e-01	1.874450e+00
371	3.965638e-01	5.782311e-01	1.591109e+00
372	4.848693e-01	5.100364e-01	2.199805e+00
373	4.553306e-01	5.470113e-01	2.208598e+00
374	5.056536e-01	4.173861e-01	1.322423e+00
375	4.796074e-01	3.401951e-01	2.361016e+00
376	4.094988e-01	5.885630e-01	1.815828e+00
377	4.693188e-01	5.170022e-01	1.328285e+00
378	4.955432e-01	5.173329e-01	1.883244e+00
379	4.193615e-01	6.369768e-01	1.599902e+00
380	4.852277e-01	2.916829e-01	2.343429e+00
381	4.672417e-01	4.723100e-01	1.835369e+00
383	3.331027e-01	4.904448e-01	1.698583e+00
384	4.777845e-01	5.377959e-01	2.761602e+00
385	2.113381e-01	1.648948e-01	1.961407e+00
386	4.248110e-01	6.424976e-01	2.449927e+00
387	4.726198e-01	5.957928e-01	2.669761e+00
388	3.864771e-01	5.236823e-01	2.597460e+00
389	4.725522e-01	4.889736e-01	2.960918e+00
390	4.864555e-01	5.343638e-01	1.655594e+00
391	4.783587e-01	4.136856e-01	2.572057e+00
392	4.577364e-01	4.643715e-01	1.234489e+00
393	4.682355e-01	5.307542e-01	1.607719e+00
394	4.661591e-01	5.093937e-01	2.643381e+00
395	3.114165e-01	6.030296e-01	1.233512e+00
397	3.074187e-01	5.570003e-01	1.083048e+00
398	4.814119e-01	2.684872e-01	2.453835e+00
399	4.665872e-01	5.628383e-01	2.169516e+00
400	4.784845e-01	5.642641e-01	1.634099e+00
401	9.305218e-01	4.742630e-01	1.314607e+00
402	4.885449e-01	5.061425e-01	2.292623e+00
403	4.253695e-01	3.036889e-01	1.759160e+00
404	3.917519e-01	4.743309e-01	2.942355e+00
405	4.727013e-01	4.211018e-01	1.358574e+00
406	4.753980e-01	5.704286e-01	1.474841e+00
407	3.574197e-01	2.603252e-01	2.850513e+00
408	5.413945e-01	4.608718e-01	2.543723e+00
409	4.708270e-01	5.304049e-01	1.170005e+00
410	4.882524e-01	4.917509e-01	2.011236e+00
411	5.303110e-01	5.500508e-01	2.982413e+00
412	6.071647e-01	4.519235e-01	1.578407e+00
413	4.435011e-01	6.631533e-01	2.904250e+00
414	4.692799e-01	4.933548e-01	2.948217e+00
415	4.834105e-01	5.127454e-01	1.856864e+00
416	4.915874e-01	5.651119e-01	1.780655e+00
417	4.413982e-01	4.866251e-01	1.223742e+00
418	4.809996e-01	4.782992e-01	2.928676e+00
419	4.721169e-01	4.888685e-01	1.055691e+00
420	4.513545e-01	5.107542e-01	2.823156e+00
421	4.694775e-01	5.160254e-01	2.886663e+00
422	4.675177e-01	5.213053e-01	1.391793e+00
423	3.041930e-01	6.601493e-01	1.467025e+00
424	4.732455e-01	5.363422e-01	1.512946e+00
425	5.899899e-01	4.161695e-01	1.960430e+00
426	5.494019e-01	3.792315e-01	2.254519e+00
427	4.989418e-01	6.180668e-01	2.899365e+00
428	4.594166e-01	4.973396e-01	1.247191e+00
429	4.697602e-01	5.308277e-01	1.802149e+00
430	4.915678e-01	5.304582e-01	1.663410e+00
431	4.549660e-01	3.319305e-01	2.556424e+00
433	4.982150e-01	5.200858e-01	2.475330e+00
434	4.547403e-01	4.768437e-01	2.923791e+00
435	5.541465e-01	5.291954e-01	2.906204e+00
437	4.624738e-01	5.541894e-01	2.476307e+00
438	3.880129e-01	4.734699e-01	2.065950e+00
439	4.743135e-01	5.110526e-01	1.983879e+00
440	4.575324e-01	5.147184e-01	1.637030e+00
441	4.586074e-01	7.051165e-01	1.338056e+00
442	5.138088e-01	4.479125e-01	2.406937e+00
443	6.675555e-01	4.571055e-01	1.422081e+00
444	5.224781e-01	5.865675e-01	2.956033e+00
445	4.622381e-01	5.101915e-01	2.601368e+00
446	7.897622e-01	6.220673e-01	1.846116e+00
447	4.730967e-01	5.378738e-01	1.264778e+00
448	4.744781e-01	5.265074e-01	1.119199e+00
449	4.961862e-01	5.986548e-01	1.956522e+00
450	6.144913e-01	8.929853e-01	2.971666e+00
451	4.701838e-01	5.121838e-01	2.149976e+00
452	5.649817e-01	5.332361e-01	1.574499e+00
453	4.797136e-01	7.542366e-01	1.775769e+00
455	4.776888e-01	5.781737e-01	2.984367e+00
456	4.913036e-01	5.938341e-01	1.577430e+00
457	4.213703e-01	4.169684e-01	2.955056e+00
458	4.649020e-01	5.342229e-01	2.865169e+00
459	5.017290e-01	7.342559e-01	1.672203e+00
461	7.807393e-01	4.179578e-01	2.513434e+00
462	4.559179e-01	4.731280e-01	1.853933e+00
463	4.802685e-01	5.764741e-01	2.858329e+00
464	5.110655e-01	7.416495e-01	1.574499e+00
465	4.739788e-01	5.162068e-01	1.432829e+00
466	4.619013e-01	5.139163e-01	1.500244e+00
467	4.886236e-01	4.837141e-01	1.323400e+00
468	4.843527e-01	5.189901e-01	2.147044e+00
469	4.794891e-01	5.157904e-01	2.698095e+00
470	4.703929e-01	5.079118e-01	1.364436e+00
471	4.553197e-01	5.680168e-01	2.076698e+00
472	4.647894e-01	5.135919e-01	2.011236e+00
473	5.117768e-01	6.368862e-01	1.215926e+00
474	4.759909e-01	5.244891e-01	2.299463e+00
475	4.436340e-01	5.770986e-01	1.683928e+00
476	4.740395e-01	4.978536e-01	2.081583e+00
477	4.641334e-01	5.623060e-01	2.350269e+00
478	6.264764e-01	5.711809e-01	2.728383e+00
479	4.793954e-01	4.584704e-01	1.194431e+00
480	4.410770e-01	6.045738e-01	2.515388e+00
481	4.085444e-01	7.905663e-01	1.865657e+00
482	4.254796e-01	3.014806e-01	1.802149e+00
483	4.436169e-01	4.509352e-01	1.367367e+00
484	4.294006e-01	4.212243e-01	1.148510e+00
485	4.583112e-01	6.729870e-01	2.427455e+00
486	5.611010e-01	5.649447e-01	2.196873e+00
487	5.108548e-01	5.425175e-01	2.386419e+00
488	4.781758e-01	5.254844e-01	1.294089e+00
489	4.842149e-01	5.895856e-01	1.687836e+00
490	4.187609e-01	4.407704e-01	1.146556e+00
491	2.336869e-01	5.861529e-01	1.597948e+00
492	4.196758e-01	5.343526e-01	2.412799e+00
493	4.620064e-01	4.404474e-01	1.227650e+00
494	4.673984e-01	6.357854e-01	2.522228e+00
495	4.607519e-01	4.737237e-01	1.437714e+00
496	4.760591e-01	4.292258e-01	1.523693e+00
497	4.432170e-01	5.698046e-01	1.221788e+00
498	4.823401e-01	5.911569e-01	1.652662e+00
499	5.371747e-01	6.401885e-01	1.269663e+00
500	4.736705e-01	5.129231e-01	2.967758e+00
501	4.761455e-01	5.112851e-01	2.546654e+00
502	5.735126e-01	5.909497e-01	1.818759e+00
503	4.787610e-01	4.585119e-01	1.919394e+00
504	4.589425e-01	5.186643e-01	2.563263e+00
505	4.871037e-01	3.969562e-01	1.451392e+00
506	4.348366e-01	5.273861e-01	1.718124e+00
507	4.800509e-01	5.263966e-01	1.207132e+00
508	4.663325e-01	5.231218e-01	1.236444e+00
509	4.964581e-01	4.436708e-01	2.622863e+00
510	6.024151e-01	4.461881e-01	2.549585e+00
511	4.824839e-01	4.917688e-01	2.966781e+00
512	5.308798e-01	6.546665e-01	2.395213e+00
513	5.356792e-01	4.774889e-01	1.534441e+00
514	4.373993e-01	6.028174e-01	1.550073e+00
515	4.967349e-01	4.045543e-01	1.610650e+00
516	2.797643e-02	3.230878e-01	1.612604e+00
517	4.501111e-01	5.149984e-01	1.086957e+00
518	5.347019e-01	5.465587e-01	2.282853e+00
519	1.671745e-01	9.204687e-02	1.573522e+00
520	4.782743e-01	4.935220e-01	2.497802e+00
521	4.810821e-01	5.285002e-01	1.752320e+00
523	4.359956e-01	5.265350e-01	1.209086e+00
524	4.838435e-01	6.588644e-01	2.755740e+00
525	3.444256e-01	5.418269e-01	1.499267e+00
526	4.771722e-01	5.156719e-01	1.014656e+00
527	2.833597e-01	4.971098e-01	2.891549e+00
528	4.709073e-01	4.973429e-01	2.478261e+00
529	4.937080e-01	3.445299e-01	1.898876e+00
530	4.525939e-01	5.206227e-01	1.188569e+00
531	5.211233e-01	5.323415e-01	2.785051e+00
532	4.790066e-01	5.116401e-01	2.945286e+00
533	4.782101e-01	4.747136e-01	2.458720e+00
534	4.314269e-01	5.263336e-01	2.673669e+00
535	4.955283e-01	5.001764e-01	1.399609e+00
536	4.653523e-01	4.797700e-01	2.604299e+00
537	4.680236e-01	5.131964e-01	1.529555e+00
538	4.750889e-01	5.107715e-01	2.823156e+00
539	5.132984e-01	5.919643e-01	2.826087e+00
540	4.690886e-01	5.722263e-01	2.844651e+00
541	4.109045e-01	5.573437e-01	2.290669e+00
542	4.476716e-01	5.112663e-01	2.570103e+00
543	4.611380e-01	4.885959e-01	2.396190e+00
544	4.534801e-01	5.049635e-01	1.318515e+00
545	5.532349e-01	5.791265e-01	2.605276e+00
546	6.301510e-01	4.193514e-01	2.683439e+00
547	5.736519e-01	3.744843e-01	1.587201e+00
548	4.601695e-01	5.938802e-01	1.375183e+00
549	4.816071e-01	5.179331e-01	2.298486e+00
550	5.684888e-01	5.797398e-01	1.285296e+00
551	4.722406e-01	5.000749e-01	2.983390e+00
552	3.204292e-01	5.451434e-01	1.195408e+00
553	4.645375e-01	4.970600e-01	2.414753e+00
554	4.002227e-01	5.253752e-01	1.843185e+00
555	4.870193e-01	4.820208e-01	2.396190e+00
556	4.303446e-01	6.163948e-01	3.000000e+00
557	4.806558e-01	5.078692e-01	2.728383e+00
559	4.795193e-01	5.379015e-01	1.944797e+00
560	5.398463e-01	6.445710e-01	2.883732e+00
561	5.020870e-01	5.369228e-01	2.383488e+00
562	4.896848e-01	4.779541e-01	2.506595e+00
563	4.735246e-01	5.031181e-01	1.786517e+00
564	5.610557e-01	4.780947e-01	2.893503e+00
565	4.704875e-01	5.112399e-01	2.981436e+00
566	4.631865e-01	5.574973e-01	2.663898e+00
567	4.727945e-01	5.278810e-01	2.227162e+00
568	4.926998e-01	4.921580e-01	1.527601e+00
569	4.416449e-01	7.180328e-01	2.610161e+00
570	7.880500e-01	1.739312e-01	1.058622e+00
571	4.851729e-01	5.567050e-01	2.782120e+00
573	4.924559e-01	5.094798e-01	2.109917e+00
574	4.834005e-01	5.432738e-01	2.074744e+00
575	4.772808e-01	5.240887e-01	2.319003e+00
576	5.163715e-01	5.493287e-01	1.290181e+00
577	5.275493e-01	6.173637e-01	1.286273e+00
578	4.628014e-01	6.180727e-01	1.881290e+00
579	4.709105e-01	4.885420e-01	1.664387e+00
580	6.979932e-01	3.749877e-01	1.242306e+00
581	5.073221e-01	4.774502e-01	1.927211e+00
582	4.663550e-01	5.140413e-01	2.820225e+00
583	4.909085e-01	6.303084e-01	2.792868e+00
584	5.668897e-01	4.767709e-01	1.201270e+00
585	4.739973e-01	5.241572e-01	1.898876e+00
586	4.780316e-01	5.091582e-01	1.782609e+00
587	4.614632e-01	5.328845e-01	1.561798e+00
588	4.706181e-01	5.146610e-01	2.282853e+00
589	5.163840e-01	6.030482e-01	2.210552e+00
590	5.357308e-01	4.608656e-01	1.020518e+00
591	4.602952e-01	4.571838e-01	1.784563e+00
592	4.693000e-01	5.163757e-01	1.275525e+00
593	4.785932e-01	5.058502e-01	1.212995e+00
594	5.604290e-01	5.340302e-01	2.964827e+00
595	4.669312e-01	5.490512e-01	2.079629e+00
596	3.186138e-01	4.695275e-01	1.187592e+00
597	4.718964e-01	4.744896e-01	1.258915e+00
598	4.782001e-01	5.097847e-01	1.999511e+00
599	4.714994e-01	5.016601e-01	1.264778e+00
600	4.806660e-01	5.394889e-01	1.110405e+00
601	5.576070e-01	8.229961e-01	1.107474e+00
602	4.082833e-01	4.498700e-01	1.070347e+00
603	4.711869e-01	5.000289e-01	2.400098e+00
604	4.458514e-01	5.642494e-01	2.871031e+00
605	4.714754e-01	5.064463e-01	2.739130e+00
606	4.522855e-01	4.918817e-01	2.061065e+00
607	7.982270e-01	6.874389e-01	1.073278e+00
608	4.659766e-01	4.950229e-01	2.799707e+00
609	4.773707e-01	6.084913e-01	2.010259e+00
610	4.687336e-01	4.372263e-01	1.700537e+00
611	4.716244e-01	4.904610e-01	1.339033e+00
612	4.450579e-01	5.724648e-01	2.227162e+00
613	6.834460e-01	2.893267e-01	2.482169e+00
614	4.741195e-01	5.116167e-01	2.958964e+00
615	5.360538e-01	4.946029e-01	1.443576e+00
616	5.243364e-01	4.698806e-01	2.381534e+00
617	4.266079e-01	4.099935e-01	1.971177e+00
618	4.814339e-01	5.318757e-01	2.960918e+00
619	3.258132e-01	3.688900e-01	1.812897e+00
620	4.310609e-01	4.261700e-01	1.170982e+00
621	4.951901e-01	3.996531e-01	1.277479e+00
622	4.761801e-01	3.442481e-01	1.176844e+00
623	4.002819e-01	6.043481e-01	1.636053e+00
624	4.421226e-01	4.880033e-01	2.336590e+00
625	5.063606e-01	4.835602e-01	1.343918e+00
626	4.698978e-01	5.238960e-01	1.905716e+00
627	4.450482e-01	5.608898e-01	1.784563e+00
628	4.647473e-01	5.184734e-01	2.063996e+00
629	4.648964e-01	5.102813e-01	2.497802e+00
630	5.827591e-01	5.345601e-01	2.870054e+00
631	3.911540e-01	4.448214e-01	1.729849e+00
632	5.736481e-01	6.794473e-01	2.290669e+00
633	4.704518e-01	5.168571e-01	2.841720e+00
634	4.745284e-01	5.114345e-01	2.195896e+00
635	4.770607e-01	4.670613e-01	1.601856e+00
636	4.750624e-01	5.778397e-01	2.449927e+00
637	4.923438e-01	4.637163e-01	1.462140e+00
638	4.730155e-01	5.131012e-01	2.041524e+00
639	4.710964e-01	5.173641e-01	2.061065e+00
640	3.145875e-01	4.131100e-01	2.130435e+00
641	4.722653e-01	6.612267e-01	2.205667e+00
642	4.666257e-01	4.926260e-01	2.184172e+00
643	5.179562e-01	4.256765e-01	2.747924e+00
644	5.979665e-01	5.783949e-01	2.909135e+00
645	4.701773e-01	5.040309e-01	2.777235e+00
646	5.108762e-01	5.606542e-01	1.295066e+00
647	4.498066e-01	4.967071e-01	1.050806e+00
648	4.372337e-01	6.141989e-01	1.191500e+00
649	4.666892e-01	5.116787e-01	1.198339e+00
650	4.550119e-01	4.989447e-01	2.656082e+00
651	4.427130e-01	4.707721e-01	1.692721e+00
652	5.436898e-01	2.959118e-01	2.330728e+00
653	4.807510e-01	5.099765e-01	1.906693e+00
654	4.485652e-01	5.161189e-01	2.192965e+00
655	4.782745e-01	5.032847e-01	1.200293e+00
656	4.840487e-01	5.229754e-01	2.361016e+00
657	4.334284e-01	7.479930e-01	2.080606e+00
658	4.739915e-01	5.059154e-01	2.017098e+00
659	5.455469e-01	4.937265e-01	2.191011e+00
660	4.821250e-01	5.280502e-01	1.667318e+00
661	3.945756e-01	3.298936e-01	2.229116e+00
662	4.451035e-01	7.070051e-01	1.188569e+00
663	5.103443e-01	5.538570e-01	2.714704e+00
664	5.111315e-01	5.720410e-01	1.979971e+00
665	4.720688e-01	5.596494e-01	2.954079e+00
666	1.465598e-01	1.269222e-01	1.803127e+00
667	4.322448e-01	5.343786e-01	1.039082e+00
669	4.783084e-01	5.325058e-01	1.778701e+00
671	4.778755e-01	4.671762e-01	1.102589e+00
672	4.042617e-01	4.057089e-01	1.879336e+00
673	5.321901e-01	4.668915e-01	1.984856e+00
674	4.712558e-01	5.155992e-01	2.238886e+00
675	4.653982e-01	5.156979e-01	2.868100e+00
676	4.776985e-01	5.055314e-01	2.748901e+00
677	5.959808e-01	4.590713e-01	1.578407e+00
678	4.701365e-01	5.076951e-01	1.621397e+00
679	4.696647e-01	5.176221e-01	2.657059e+00
680	4.690298e-01	4.789992e-01	2.404983e+00
681	4.661359e-01	5.323773e-01	2.272106e+00
682	4.899188e-01	4.179982e-01	1.463117e+00
683	4.805910e-01	5.342982e-01	2.316072e+00
684	4.729276e-01	4.964571e-01	2.334636e+00
685	5.609851e-01	5.691615e-01	1.365413e+00
686	5.849505e-01	4.933276e-01	2.105032e+00
687	4.297781e-01	5.364466e-01	1.339033e+00
688	4.782449e-01	5.235189e-01	2.932584e+00
689	4.764652e-01	5.084920e-01	2.378603e+00
690	4.681937e-01	5.258523e-01	1.833415e+00
691	7.059423e-01	4.767450e-01	1.663410e+00
692	4.419970e-01	5.113477e-01	2.251588e+00
693	6.343944e-01	6.507520e-01	1.766976e+00
694	3.952311e-01	6.695639e-01	1.575476e+00
695	3.727174e-01	7.410888e-01	2.771373e+00
696	4.756733e-01	5.015798e-01	2.787005e+00
697	4.659427e-01	5.017527e-01	1.959453e+00
698	4.544394e-01	5.346052e-01	2.187103e+00
699	4.713117e-01	5.122507e-01	2.430386e+00
700	5.169943e-01	5.801411e-01	2.679531e+00
701	4.772778e-01	5.839501e-01	2.191988e+00
702	4.081325e-01	5.342769e-01	2.945286e+00
703	4.855115e-01	5.172603e-01	2.793845e+00
704	4.781809e-01	4.659273e-01	2.132389e+00
705	3.876804e-01	2.314633e-01	1.627259e+00
706	4.653572e-01	4.975192e-01	1.623351e+00
707	4.648693e-01	5.131720e-01	2.772350e+00
708	4.778144e-01	5.067949e-01	1.552027e+00
709	5.670751e-01	4.100207e-01	1.180752e+00
710	4.736877e-01	4.778576e-01	1.632145e+00
711	1.306582e-01	2.874529e-02	1.680997e+00
712	4.795502e-01	3.130934e-01	2.828041e+00
713	7.119996e-01	5.035334e-01	1.703468e+00
714	1.701445e-01	3.494291e-01	1.471910e+00
715	4.741526e-01	4.951438e-01	2.368832e+00
716	4.858108e-01	4.998487e-01	1.961407e+00
717	4.708664e-01	5.123724e-01	1.756229e+00
718	4.907638e-01	5.377770e-01	2.987298e+00
719	4.783466e-01	5.084407e-01	2.332682e+00
720	4.740340e-01	4.846899e-01	1.097704e+00
721	4.585975e-01	3.204393e-01	1.954568e+00
722	4.651299e-01	5.170165e-01	1.704446e+00
723	4.714583e-01	5.152940e-01	1.853933e+00
724	5.070821e-01	5.905176e-01	2.829995e+00
725	3.825260e-01	5.032525e-01	2.232047e+00
726	4.700222e-01	4.495798e-01	2.587689e+00
727	6.850585e-01	8.628305e-01	2.698095e+00
729	4.832363e-01	4.418190e-01	1.212995e+00
730	4.355196e-01	4.763195e-01	1.502198e+00
731	4.727279e-01	5.143947e-01	2.614069e+00
732	5.156975e-01	4.070227e-01	2.880801e+00
733	4.749217e-01	5.374407e-01	1.956522e+00
734	4.703023e-01	4.076281e-01	2.745970e+00
735	3.699308e-01	6.474260e-01	1.179775e+00
736	4.630444e-01	5.770166e-01	1.935027e+00
737	4.642982e-01	5.222152e-01	1.975085e+00
738	4.606920e-01	5.648009e-01	1.067416e+00
739	4.513933e-01	5.351071e-01	2.024915e+00
740	6.229301e-01	4.795821e-01	2.810454e+00
741	4.862117e-01	5.488297e-01	2.428432e+00
742	4.392966e-01	5.309213e-01	1.957499e+00
743	4.507395e-01	5.047716e-01	2.306302e+00
744	4.930743e-01	5.256128e-01	2.557401e+00
745	5.010313e-01	5.947108e-01	1.243283e+00
746	4.994440e-01	5.457110e-01	2.429409e+00
747	4.674593e-01	4.850459e-01	2.523205e+00
748	5.847729e-01	3.524592e-01	2.842697e+00
749	4.751580e-01	5.156509e-01	2.247680e+00
750	4.735137e-01	5.548397e-01	2.000489e+00
751	4.731790e-01	4.980401e-01	2.446019e+00
752	4.680326e-01	5.143411e-01	2.360039e+00
753	4.819646e-01	3.501615e-01	2.567171e+00
754	4.770326e-01	5.106042e-01	2.415730e+00
755	4.690676e-01	5.337894e-01	1.989741e+00
756	4.784100e-01	5.109147e-01	2.908158e+00
757	3.814882e-01	4.203669e-01	2.731314e+00
758	4.648349e-01	5.133570e-01	2.544700e+00
759	4.713974e-01	5.148829e-01	2.890572e+00
760	4.709057e-01	5.168669e-01	1.654617e+00
761	4.791384e-01	5.182618e-01	1.008793e+00
762	4.736704e-01	4.519115e-01	1.260870e+00
763	3.660228e-01	6.756113e-01	1.347826e+00
764	5.010443e-01	5.112839e-01	1.325354e+00
765	4.700756e-01	5.112350e-01	1.420127e+00
766	5.189201e-01	7.231218e-01	2.845628e+00
767	5.060565e-01	5.687586e-01	1.853933e+00
768	4.705648e-01	5.063681e-01	1.303859e+00
769	4.846709e-01	6.768419e-01	1.294089e+00
770	6.102537e-01	8.164697e-01	1.675134e+00
771	5.216008e-01	5.039457e-01	2.417684e+00
772	4.641192e-01	5.505746e-01	2.053249e+00
773	4.813470e-01	5.116149e-01	1.276502e+00
774	1.974275e-01	4.035970e-01	2.779189e+00
775	1.615781e-01	4.855812e-01	1.984856e+00
776	7.570628e-01	6.072603e-01	2.295554e+00
777	4.696787e-01	5.128328e-01	1.652662e+00
778	4.722357e-01	5.186253e-01	2.464582e+00
779	4.660051e-01	5.155440e-01	1.763068e+00
780	4.448294e-01	5.341491e-01	2.026869e+00
781	4.479586e-01	6.177602e-01	1.160234e+00
782	6.496581e-01	3.670670e-01	2.302394e+00
783	4.557684e-01	5.096161e-01	1.384954e+00
784	4.829366e-01	3.952869e-01	2.598437e+00
785	5.268533e-01	4.779077e-01	2.130435e+00
786	4.674029e-01	4.812899e-01	1.690767e+00
787	5.092250e-01	5.159822e-01	1.940889e+00
788	4.716074e-01	5.014057e-01	2.099170e+00
