766
0	4.990688e-01	5.038017e-01	1.398632e+00
1	3.866775e-01	6.471959e-01	1.108451e+00
2	5.088130e-01	4.532507e-01	2.925745e+00
3	4.673697e-01	5.796785e-01	2.732291e+00
4	4.133746e-01	6.680168e-01	1.257938e+00
5	5.156856e-01	4.472396e-01	2.424524e+00
6	6.756666e-01	7.656824e-01	1.383000e+00
7	4.581487e-01	4.868293e-01	2.705911e+00
8	4.779630e-01	5.219835e-01	2.442110e+00
9	4.675811e-01	5.211052e-01	2.233024e+00
10	4.362283e-01	6.013689e-01	2.376649e+00
11	4.638060e-01	5.123788e-01	1.556913e+00
12	4.651205e-01	5.620108e-01	2.950171e+00
13	3.316870e-01	5.720976e-01	1.066439e+00
14	4.663617e-01	5.181804e-01	1.626282e+00
15	3.601546e-01	5.592872e-01	1.306790e+00
16	4.686450e-01	5.231277e-01	2.902296e+00
17	6.860261e-01	6.262294e-01	1.195408e+00
18	5.119062e-01	4.816862e-01	1.785540e+00
19	4.872869e-01	4.739888e-01	1.248168e+00
20	4.867855e-01	4.781378e-01	1.863703e+00
21	5.226562e-01	4.405165e-01	2.671715e+00
22	4.722091e-01	5.109038e-01	2.487054e+00
23	3.774934e-01	3.555691e-01	1.946751e+00
24	5.709018e-01	4.542308e-01	1.303859e+00
25	4.950352e-01	2.066502e-01	2.152907e+00
26	4.828425e-01	5.197991e-01	1.388862e+00
27	4.666693e-01	4.828159e-01	1.591109e+00
28	4.723751e-01	6.555876e-01	2.205667e+00
29	4.661591e-01	4.784216e-01	2.181241e+00
30	5.967160e-01	4.113943e-01	1.475818e+00
31	4.616389e-01	5.157528e-01	2.309233e+00
32	5.012720e-01	5.372624e-01	2.073766e+00
33	5.460778e-01	3.575530e-01	2.331705e+00
34	4.743956e-01	4.819136e-01	1.126038e+00
35	7.502015e-01	6.320042e-01	2.235955e+00
36	5.572647e-01	3.258808e-01	2.805569e+00
37	5.912294e-01	3.582323e-01	2.555447e+00
38	4.773915e-01	4.738851e-01	2.559355e+00
39	4.661584e-01	5.162240e-01	1.895945e+00
40	5.409713e-01	4.849405e-01	1.282364e+00
41	4.731678e-01	6.565205e-01	2.750855e+00
42	4.779380e-01	5.250441e-01	2.412799e+00
43	4.521983e-01	5.124007e-01	2.557401e+00
44	4.361103e-01	3.955252e-01	1.648754e+00
45	4.097710e-01	5.333942e-01	1.721055e+00
46	4.436740e-01	4.492693e-01	2.588666e+00
47	4.749313e-01	5.092943e-01	1.525647e+00
48	4.686264e-01	5.192127e-01	2.751832e+00
49	2.569127e-01	2.549075e-01	2.625794e+00
50	4.492142e-01	4.612866e-01	1.663410e+00
51	4.676839e-01	5.150838e-01	2.560332e+00
52	4.781025e-01	4.996163e-01	1.696629e+00
53	4.630156e-01	5.192103e-01	1.506106e+00
54	4.754379e-01	5.292698e-01	2.675623e+00
55	4.403384e-01	5.867994e-01	2.497802e+00
56	4.453801e-01	5.605672e-01	1.031265e+00
57	5.793736e-01	5.547500e-01	2.361993e+00
58	4.660414e-01	4.955529e-01	1.866634e+00
60	7.268942e-01	6.867190e-01	1.503175e+00
61	5.081616e-01	5.475975e-01	2.449927e+00
62	4.671349e-01	5.476331e-01	2.831949e+00
63	4.737293e-01	5.126673e-01	2.317049e+00
64	5.017602e-01	5.307359e-01	2.353200e+00
65	4.676171e-01	5.178176e-01	2.575965e+00
66	5.146506e-01	5.569985e-01	2.922814e+00
67	4.682765e-01	6.323878e-01	2.289692e+00
68	4.263237e-01	4.495653e-01	2.766488e+00
69	4.411663e-01	5.600195e-01	1.522716e+00
70	4.222031e-01	5.056311e-01	2.769419e+00
71	4.773105e-01	5.500008e-01	1.110405e+00
72	4.522541e-01	4.766293e-01	1.412311e+00
73	3.491637e-01	3.500906e-01	1.951637e+00
74	2.342503e-01	4.803576e-01	1.449438e+00
75	4.395093e-01	4.802787e-01	2.176356e+00
76	4.736841e-01	5.051191e-01	1.212995e+00
77	4.636652e-01	5.191378e-01	1.872496e+00
78	4.806671e-01	5.581417e-01	1.606742e+00
79	5.072447e-01	5.019063e-01	1.183683e+00
80	4.679485e-01	4.664447e-01	2.736199e+00
81	4.713367e-01	5.201325e-01	1.617489e+00
82	4.668239e-01	5.057085e-01	2.456766e+00
83	4.698090e-01	4.664222e-01	1.406448e+00
84	5.279736e-01	6.752411e-01	2.453835e+00
85	4.742293e-01	5.207830e-01	2.712750e+00
86	4.732721e-01	5.209898e-01	2.877870e+00
87	3.376101e-01	7.262307e-01	1.533464e+00
88	5.048022e-01	5.723164e-01	2.169516e+00
89	5.757481e-01	6.595850e-01	2.483146e+00
90	4.530483e-01	5.562544e-01	1.538349e+00
91	5.034370e-01	5.067898e-01	1.117245e+00
92	4.482433e-01	5.037720e-01	2.709819e+00
93	4.440498e-01	5.579180e-01	2.929653e+00
94	4.972133e-01	4.501718e-01	2.125550e+00
95	5.889644e-01	5.267862e-01	2.148999e+00
96	4.716110e-01	4.978358e-01	1.206155e+00
98	4.739913e-01	5.324729e-01	1.997557e+00
99	4.400304e-01	4.445237e-01	1.753298e+00
100	4.704610e-01	5.023430e-01	1.491451e+00
101	4.654560e-01	5.238624e-01	2.381534e+00
102	4.874405e-01	4.555384e-01	1.837323e+00
103	4.627884e-01	4.301227e-01	2.723498e+00
104	5.583959e-01	6.072079e-01	1.216903e+00
105	4.855594e-01	4.787335e-01	1.385931e+00
107	4.907908e-01	5.063869e-01	1.887152e+00
108	6.203189e-01	4.251843e-01	1.869565e+00
109	5.771053e-01	5.022142e-01	2.657059e+00
110	5.043863e-01	4.760075e-01	1.905716e+00
111	4.772075e-01	5.197209e-01	2.319980e+00
113	4.900040e-01	1.461561e-01	1.155349e+00
114	4.625256e-01	4.966495e-01	1.261847e+00
115	5.744302e-01	6.498539e-01	1.308745e+00
116	4.052283e-01	7.464982e-01	1.148510e+00
117	4.685018e-01	5.768592e-01	1.865657e+00
118	4.822409e-01	5.562390e-01	2.988276e+00
119	5.298286e-01	5.775901e-01	1.479726e+00
120	4.423786e-01	4.392242e-01	2.095261e+00
121	4.879206e-01	6.301174e-01	2.442110e+00
122	5.741221e-01	3.781918e-01	1.070347e+00
123	4.449776e-01	4.969892e-01	1.417196e+00
124	4.614034e-01	5.234213e-01	2.817294e+00
126	4.716382e-01	5.342062e-01	2.738153e+00
127	5.334133e-01	5.777668e-01	2.338544e+00
128	1.569421e-01	1.330781e-01	1.282364e+00
129	4.791019e-01	4.856088e-01	2.676600e+00
130	1.343835e-01	1.519104e-01	2.443087e+00
132	5.359699e-01	4.455512e-01	1.220811e+00
133	6.593394e-01	4.293832e-01	2.407914e+00
134	5.475112e-01	5.958555e-01	2.277968e+00
135	4.633875e-01	5.035030e-01	2.409868e+00
136	4.785663e-01	4.969417e-01	2.083537e+00
137	4.405390e-01	4.794827e-01	2.286761e+00
138	1.933556e-01	5.201029e-01	1.194431e+00
139	4.841403e-01	5.095001e-01	2.818271e+00
140	4.953119e-01	5.175847e-01	2.827064e+00
141	4.529020e-01	5.552746e-01	1.684905e+00
142	4.573881e-01	5.170990e-01	1.999511e+00
143	4.692314e-01	5.186796e-01	1.956522e+00
144	5.218535e-01	5.520917e-01	2.323889e+00
145	4.019844e-01	4.751145e-01	2.501710e+00
146	3.303285e-01	7.045762e-01	2.395213e+00
147	4.189527e-01	5.778859e-01	2.719590e+00
148	4.673470e-01	5.212171e-01	2.937469e+00
149	4.981125e-01	5.555932e-01	2.803615e+00
150	5.318554e-01	6.237952e-01	1.794333e+00
151	4.862909e-01	4.951051e-01	2.611138e+00
152	4.719569e-01	5.530271e-01	1.724963e+00
153	4.787518e-01	5.545052e-01	1.983879e+00
154	4.699457e-01	5.250657e-01	2.181241e+00
155	5.149564e-01	6.040128e-01	1.295066e+00
156	4.482520e-01	5.928014e-01	1.970200e+00
157	4.765284e-01	5.029804e-01	2.387396e+00
158	3.388824e-01	6.650599e-01	2.386419e+00
159	4.551849e-01	7.232119e-01	2.647289e+00
160	4.756610e-01	5.407719e-01	1.686859e+00
161	4.818269e-01	5.269915e-01	1.553981e+00
162	4.907973e-01	3.343158e-01	1.764045e+00
163	4.684025e-01	5.537161e-01	1.632145e+00
164	4.663245e-01	5.234863e-01	1.235467e+00
165	4.648447e-01	5.367370e-01	2.251588e+00
166	4.911485e-01	4.795797e-01	1.751343e+00
167	3.594642e-01	4.427641e-01	1.715193e+00
168	4.696690e-01	5.214078e-01	2.109917e+00
169	4.963830e-01	4.271628e-01	2.137274e+00
170	3.784322e-01	6.033535e-01	2.099170e+00
171	4.545118e-01	4.271866e-01	2.057157e+00
172	4.648087e-01	5.804660e-01	2.246702e+00
173	4.631007e-01	5.501067e-01	1.894968e+00
174	4.436375e-01	5.265297e-01	2.453835e+00
175	4.606462e-01	5.207094e-01	2.834880e+00
176	5.120672e-01	5.486904e-01	2.215437e+00
177	4.697176e-01	5.195245e-01	2.153884e+00
178	4.637274e-01	5.210519e-01	2.475330e+00
179	4.933982e-01	5.486668e-01	1.274548e+00
180	4.308492e-01	4.553870e-01	2.127504e+00
181	4.769368e-01	4.972148e-01	1.790425e+00
182	4.886639e-01	6.967164e-01	1.736688e+00
183	5.034601e-01	6.179612e-01	1.692721e+00
184	5.094698e-01	6.652064e-01	2.042501e+00
185	4.863571e-01	6.477093e-01	1.468979e+00
186	5.235004e-01	5.458665e-01	1.784563e+00
188	4.526123e-01	5.728163e-01	1.839277e+00
189	4.834112e-01	5.288888e-01	1.175867e+00
190	5.291668e-01	4.471810e-01	2.807523e+00
191	6.205092e-01	4.798838e-01	2.811431e+00
192	4.741756e-01	5.918567e-01	1.192477e+00
193	3.886424e-01	5.022418e-01	1.620420e+00
194	5.156804e-01	4.589998e-01	2.624817e+00
195	4.651684e-01	5.183553e-01	2.806546e+00
196	4.230168e-01	4.356378e-01	1.763068e+00
197	7.845614e-01	7.515938e-01	2.060088e+00
198	6.764942e-01	7.063211e-01	2.458720e+00
199	4.544338e-01	4.828638e-01	2.463605e+00
200	8.139333e-01	7.820232e-01	1.141671e+00
201	4.612385e-01	5.306295e-01	1.146556e+00
202	4.724154e-01	4.737278e-01	1.395701e+00
203	5.057137e-01	4.953801e-01	1.755252e+00
204	4.784077e-01	4.959527e-01	2.901319e+00
205	4.747060e-01	6.190509e-01	2.123596e+00
206	5.223378e-01	7.836492e-01	1.652662e+00
207	4.655359e-01	4.569615e-01	1.199316e+00
208	4.768135e-01	5.005327e-01	2.170493e+00
209	4.725799e-01	3.250365e-01	2.733268e+00
210	4.342429e-01	4.818240e-01	1.545188e+00
211	4.342601e-01	5.014661e-01	1.376160e+00
212	4.696727e-01	5.353927e-01	1.621397e+00
213	4.701396e-01	5.332682e-01	1.883244e+00
214	4.708613e-01	5.252534e-01	1.612604e+00
215	4.829946e-01	5.306647e-01	2.909135e+00
216	4.718059e-01	5.267564e-01	1.354665e+00
217	4.773471e-01	5.141014e-01	2.770396e+00
218	5.312194e-01	5.040450e-01	2.148999e+00
219	4.600320e-01	5.110504e-01	2.624817e+00
220	4.855853e-01	6.240882e-01	2.697118e+00
221	4.449829e-01	4.975397e-01	1.938935e+00
222	4.572542e-01	1.899362e-01	1.854910e+00
223	5.736675e-01	4.731953e-01	2.625794e+00
224	5.588971e-01	6.262857e-01	2.984367e+00
225	4.941535e-01	4.302945e-01	2.693210e+00
226	4.706583e-01	5.056922e-01	2.276014e+00
227	4.901640e-01	5.394188e-01	1.245237e+00
228	4.679644e-01	5.200479e-01	1.489497e+00
229	4.612742e-01	5.166882e-01	2.305325e+00
230	4.779134e-01	5.438970e-01	2.689301e+00
231	4.904770e-01	4.260787e-01	1.346849e+00
232	4.748226e-01	5.715935e-01	2.447973e+00
233	5.170042e-01	4.641986e-01	1.591109e+00
234	5.927902e-01	5.181277e-01	1.931119e+00
235	4.802597e-01	5.629564e-01	2.687347e+00
236	4.685679e-01	5.204567e-01	2.787982e+00
237	4.692435e-01	5.139252e-01	1.510015e+00
238	4.607176e-01	4.922411e-01	2.193942e+00
239	4.374256e-01	4.543482e-01	2.918906e+00
240	4.745887e-01	4.041626e-01	1.734734e+00
241	4.372903e-01	4.561778e-01	1.119199e+00
242	5.847718e-01	5.055807e-01	1.631168e+00
243	4.451709e-01	5.073500e-01	1.258915e+00
244	4.566396e-01	5.796858e-01	2.458720e+00
245	5.042675e-01	6.809589e-01	2.134343e+00
246	4.617481e-01	5.183655e-01	2.662921e+00
247	4.510748e-01	5.433292e-01	2.924768e+00
248	4.657230e-01	5.456049e-01	2.983390e+00
250	1.658980e-01	5.667186e-01	2.763556e+00
251	1.527386e-01	4.623765e-01	2.374695e+00
252	4.903195e-01	5.135814e-01	1.703468e+00
253	5.059022e-01	6.573065e-01	1.246214e+00
254	4.666699e-01	3.852523e-01	2.925745e+00
255	4.628760e-01	4.770194e-01	1.857841e+00
256	4.641688e-01	5.033529e-01	2.601368e+00
257	4.780963e-01	4.865367e-01	2.413776e+00
258	5.027437e-01	5.196672e-01	2.569126e+00
259	4.383749e-01	3.844650e-01	1.865657e+00
260	4.691444e-01	5.202779e-01	2.574988e+00
261	4.770949e-01	4.964455e-01	1.598925e+00
262	2.734935e-01	5.347911e-01	2.264289e+00
263	3.925897e-01	3.876731e-01	1.176844e+00
264	5.277948e-01	6.901210e-01	1.061553e+00
265	4.652826e-01	5.421968e-01	2.526136e+00
266	4.585858e-01	4.900851e-01	1.928188e+00
267	4.863676e-01	4.604271e-01	2.006351e+00
268	4.718594e-01	4.728746e-01	1.041036e+00
269	6.801577e-01	7.224283e-01	1.793356e+00
270	4.799380e-01	4.095320e-01	1.860772e+00
271	3.769295e-01	4.560286e-01	1.389839e+00
272	4.691633e-01	5.350364e-01	1.052760e+00
273	3.238342e-01	2.964482e-01	1.156326e+00
274	4.768377e-01	6.510144e-01	1.981925e+00
275	4.779487e-01	7.252257e-01	2.256473e+00
276	4.507978e-01	4.645150e-01	2.368832e+00
277	4.777925e-01	4.753927e-01	2.024915e+00
279	4.839447e-01	4.572186e-01	1.348803e+00
280	3.693573e-01	3.731508e-01	2.472399e+00
281	2.695152e-01	4.864872e-01	2.288715e+00
282	4.893399e-01	5.651546e-01	2.745970e+00
283	5.763192e-01	4.819707e-01	2.490962e+00
284	5.465637e-01	3.876163e-01	2.515388e+00
285	5.275823e-01	5.194563e-01	1.545188e+00
286	4.822356e-01	5.062838e-01	2.662921e+00
287	4.578227e-01	4.245347e-01	2.264289e+00
288	4.752359e-01	5.107393e-01	2.905227e+00
289	5.734137e-01	4.606298e-01	1.058622e+00
290	4.632511e-01	6.467024e-01	2.152907e+00
291	6.724808e-01	7.623276e-01	2.784074e+00
292	4.556176e-01	5.250705e-01	2.445042e+00
293	5.030613e-01	1.623913e-01	2.852467e+00
294	5.016561e-01	4.556752e-01	2.070835e+00
295	4.880369e-01	5.408593e-01	1.406448e+00
297	4.679358e-01	5.618114e-01	2.077675e+00
298	4.969669e-01	5.443257e-01	1.601856e+00
299	4.610502e-01	4.406850e-01	2.048363e+00
300	5.028208e-01	5.650103e-01	2.781143e+00
301	4.719152e-01	5.220257e-01	2.779189e+00
302	4.837209e-01	5.931833e-01	2.617978e+00
303	4.249156e-01	4.034782e-01	1.698583e+00
304	4.728876e-01	5.245444e-01	1.948705e+00
305	4.525244e-01	5.086133e-01	1.416219e+00
306	7.622509e-01	3.344759e-01	1.745481e+00
307	4.724100e-01	5.233065e-01	2.291646e+00
308	3.565999e-01	1.920079e-02	1.868588e+00
309	5.495784e-01	5.420228e-01	2.511480e+00
310	4.739288e-01	4.588891e-01	2.596483e+00
311	4.639030e-01	5.226456e-01	2.855398e+00
312	4.693522e-01	5.732237e-01	1.312653e+00
313	4.650375e-01	4.021524e-01	1.787494e+00
314	4.696553e-01	5.147300e-01	2.252565e+00
315	4.473232e-01	4.035729e-01	1.978017e+00
316	4.292803e-01	5.917296e-01	2.965804e+00
317	4.633707e-01	5.034546e-01	2.221299e+00
318	4.848031e-01	4.975848e-01	1.701514e+00
319	4.412227e-01	5.612471e-01	1.135809e+00
320	4.496575e-01	5.073489e-01	2.997069e+00
322	5.124609e-01	5.700050e-01	2.362970e+00
323	4.704146e-01	4.914701e-01	2.553493e+00
324	4.757693e-01	5.251089e-01	1.347826e+00
325	1.676843e-02	2.045122e-01	2.896434e+00
326	4.721972e-01	5.214229e-01	1.857841e+00
327	4.402332e-01	5.037823e-01	1.669272e+00
328	4.744758e-01	5.562938e-01	1.726917e+00
329	4.697202e-01	4.490292e-01	2.604299e+00
330	5.420031e-01	5.699187e-01	2.089399e+00
331	4.208332e-01	5.424242e-01	1.552027e+00
332	5.272352e-01	5.369009e-01	1.769907e+00
333	4.554102e-01	4.166960e-01	1.382022e+00
334	5.389725e-01	7.455152e-01	2.510503e+00
335	5.020722e-01	5.213338e-01	1.640938e+00
336	4.554775e-01	5.090352e-01	2.933561e+00
337	5.352980e-01	5.329473e-01	1.033219e+00
338	4.510204e-01	4.622976e-01	1.408403e+00
339	4.732527e-01	5.450422e-01	2.767465e+00
340	4.791135e-01	5.132294e-01	1.526624e+00
341	4.829558e-01	3.983252e-01	1.456277e+00
342	4.836453e-01	5.458675e-01	1.054714e+00
343	5.260569e-01	5.482683e-01	2.601368e+00
344	5.219271e-01	6.324160e-01	2.193942e+00
346	4.626660e-01	4.432510e-01	1.564729e+00
347	4.740276e-01	4.945415e-01	1.679043e+00
348	4.240550e-01	5.096520e-01	2.034685e+00
349	4.756424e-01	5.179205e-01	2.564240e+00
350	4.634565e-01	6.364213e-01	2.311187e+00
351	3.842774e-01	3.915709e-01	1.297997e+00
352	4.646150e-01	5.021430e-01	2.873962e+00
353	5.277701e-01	5.996989e-01	2.202736e+00
354	4.665623e-01	5.179452e-01	2.653151e+00
355	3.407317e-01	3.583829e-01	2.461651e+00
356	4.590257e-01	5.415751e-01	1.679043e+00
357	4.541204e-01	4.092448e-01	2.991207e+00
358	5.048427e-01	3.963836e-01	2.857352e+00
359	4.464702e-01	6.428672e-01	1.913532e+00
360	6.383486e-01	5.805810e-01	1.216903e+00
361	5.289798e-01	7.024841e-01	1.214949e+00
362	5.686967e-01	5.080315e-01	1.005862e+00
363	4.616402e-01	5.579188e-01	2.227162e+00
364	4.614103e-01	5.116458e-01	1.723009e+00
366	4.838763e-01	5.958538e-01	1.692721e+00
367	4.532945e-01	5.379041e-01	1.154372e+00
368	4.751184e-01	5.022987e-01	1.851001e+00
369	4.670961e-01	5.256800e-01	2.418661e+00
370	4.988632e-01	4.996214e-01	1.874450e+00
371	4.507280e-01	4.447537e-01	1.591109e+00
372	4.612281e-01	5.190367e-01	2.199805e+00
373	5.429165e-01	6.972663e-01	2.208598e+00
374	5.379735e-01	6.453003e-01	1.322423e+00
375	4.868959e-01	6.998261e-01	2.361016e+00
376	5.208323e-01	4.980246e-01	1.815828e+00
377	4.682006e-01	5.186399e-01	1.328285e+00
378	4.768499e-01	5.054639e-01	1.883244e+00
379	4.247263e-01	6.687252e-01	1.599902e+00
380	4.960470e-01	6.442429e-01	2.343429e+00
381	4.693337e-01	4.667407e-01	1.835369e+00
383	5.785942e-01	5.544392e-01	1.698583e+00
384	7.084940e-01	4.383710e-01	2.761602e+00
385	2.812990e-01	2.030071e-01	1.961407e+00
386	3.974668e-01	4.227844e-01	2.449927e+00
387	4.584485e-01	4.696351e-01	2.669761e+00
388	4.275401e-01	4.471154e-01	2.597460e+00
389	4.734340e-01	5.276581e-01	2.960918e+00
390	4.771039e-01	4.980753e-01	1.655594e+00
391	5.095389e-01	6.433726e-01	2.572057e+00
392	4.781582e-01	4.588054e-01	1.234489e+00
393	5.089019e-01	5.351376e-01	1.607719e+00
394	4.729400e-01	5.180445e-01	2.643381e+00
395	4.025990e-01	4.824029e-01	1.233512e+00
397	2.266354e-01	6.011434e-01	1.083048e+00
398	5.096826e-01	1.541764e-01	2.453835e+00
399	4.658773e-01	5.081444e-01	2.169516e+00
400	4.726641e-01	5.750996e-01	1.634099e+00
401	9.059220e-01	5.072371e-01	1.314607e+00
402	4.595817e-01	5.172593e-01	2.292623e+00
403	5.418054e-01	6.124999e-01	1.759160e+00
404	4.887142e-01	6.007257e-01	2.942355e+00
405	4.856943e-01	6.246435e-01	1.358574e+00
406	4.798554e-01	5.456007e-01	1.474841e+00
407	3.519371e-01	3.629387e-01	2.850513e+00
408	6.974547e-01	5.550708e-01	2.543723e+00
409	4.976711e-01	5.048929e-01	1.170005e+00
410	5.069553e-01	5.763999e-01	2.011236e+00
411	4.191855e-01	4.549583e-01	2.982413e+00
412	7.297703e-01	3.144148e-01	1.578407e+00
413	4.947342e-01	3.773213e-01	2.904250e+00
414	4.638517e-01	5.526362e-01	2.948217e+00
415	4.596684e-01	5.209682e-01	1.856864e+00
416	4.505941e-01	5.746074e-01	1.780655e+00
417	4.984475e-01	4.803898e-01	1.223742e+00
418	4.454632e-01	4.637567e-01	2.928676e+00
419	4.576758e-01	4.718540e-01	1.055691e+00
420	4.694674e-01	5.145013e-01	2.823156e+00
421	4.724243e-01	5.159840e-01	2.886663e+00
422	4.538979e-01	5.325728e-01	1.391793e+00
423	4.644728e-01	5.220103e-01	1.467025e+00
424	4.736356e-01	5.440062e-01	1.512946e+00
425	2.892265e-01	5.734208e-01	1.960430e+00
426	3.283453e-01	5.870627e-01	2.254519e+00
427	4.484947e-01	4.055995e-01	2.899365e+00
428	4.893930e-01	5.376946e-01	1.247191e+00
429	4.702976e-01	5.179710e-01	1.802149e+00
430	4.602493e-01	4.804723e-01	1.663410e+00
431	5.011000e-01	5.883614e-01	2.556424e+00
433	4.844662e-01	5.090703e-01	2.475330e+00
434	5.031213e-01	4.640581e-01	2.923791e+00
435	6.330097e-01	6.288285e-01	2.906204e+00
437	4.671027e-01	5.277163e-01	2.476307e+00
438	4.862265e-01	5.651822e-01	2.065950e+00
439	4.646604e-01	5.248397e-01	1.983879e+00
440	5.262386e-01	5.866084e-01	1.637030e+00
441	3.862052e-01	7.325403e-01	1.338056e+00
442	5.457777e-01	6.264877e-01	2.406937e+00
443	6.873812e-01	3.197944e-01	1.422081e+00
444	4.660668e-01	4.497485e-01	2.956033e+00
445	4.762275e-01	5.141583e-01	2.601368e+00
446	8.002013e-01	6.018358e-01	1.846116e+00
447	4.645256e-01	4.935104e-01	1.264778e+00
448	4.705631e-01	5.294557e-01	1.119199e+00
449	4.675040e-01	4.193517e-01	1.956522e+00
450	5.651529e-01	8.855880e-01	2.971666e+00
451	4.766283e-01	5.207204e-01	2.149976e+00
452	5.703295e-01	5.120089e-01	1.574499e+00
453	4.662746e-01	7.116301e-01	1.775769e+00
455	4.759789e-01	5.684386e-01	2.984367e+00
456	4.646405e-01	4.605600e-01	1.577430e+00
457	4.346008e-01	6.236919e-01	2.955056e+00
458	4.383757e-01	5.036640e-01	2.865169e+00
459	4.886526e-01	7.932359e-01	1.672203e+00
461	6.644092e-01	4.371509e-01	2.513434e+00
462	4.628269e-01	4.589703e-01	1.853933e+00
463	4.589682e-01	4.734536e-01	2.858329e+00
464	5.068966e-01	6.451164e-01	1.574499e+00
465	5.298919e-01	5.677628e-01	1.432829e+00
466	4.739513e-01	5.189988e-01	1.500244e+00
467	4.173293e-01	6.954215e-01	1.323400e+00
468	4.696139e-01	5.269472e-01	2.147044e+00
469	4.868163e-01	5.146685e-01	2.698095e+00
470	4.551621e-01	5.053190e-01	1.364436e+00
471	5.734025e-01	7.578567e-01	2.076698e+00
472	4.761058e-01	5.169347e-01	2.011236e+00
473	5.370186e-01	6.688182e-01	1.215926e+00
474	4.674186e-01	4.991365e-01	2.299463e+00
475	5.497205e-01	5.042197e-01	1.683928e+00
476	4.795787e-01	5.082974e-01	2.081583e+00
477	4.871100e-01	5.530187e-01	2.350269e+00
478	3.783558e-01	4.774170e-01	2.728383e+00
479	4.624135e-01	6.957662e-01	1.194431e+00
480	4.279095e-01	3.945427e-01	2.515388e+00
481	3.993326e-01	7.708990e-01	1.865657e+00
482	4.788184e-01	6.263081e-01	1.802149e+00
483	4.722297e-01	5.117357e-01	1.367367e+00
484	4.777558e-01	5.015424e-01	1.148510e+00
485	4.807950e-01	3.965113e-01	2.427455e+00
486	4.343012e-01	5.560685e-01	2.196873e+00
487	4.047824e-01	5.042260e-01	2.386419e+00
488	4.705087e-01	4.835090e-01	1.294089e+00
489	4.666456e-01	5.009131e-01	1.687836e+00
490	5.552061e-01	5.464960e-01	1.146556e+00
491	3.504680e-01	4.965449e-01	1.597948e+00
492	4.406634e-01	5.533712e-01	2.412799e+00
493	5.871112e-01	6.562861e-01	1.227650e+00
494	4.056572e-01	4.211722e-01	2.522228e+00
495	4.740025e-01	5.009203e-01	1.437714e+00
496	4.741836e-01	6.014755e-01	1.523693e+00
497	5.506511e-01	4.803975e-01	1.221788e+00
498	5.115195e-01	4.395535e-01	1.652662e+00
499	4.822349e-01	3.788587e-01	1.269663e+00
500	4.665049e-01	5.254039e-01	2.967758e+00
501	4.627985e-01	5.156124e-01	2.546654e+00
502	3.937166e-01	3.145438e-01	1.818759e+00
503	4.636094e-01	4.645121e-01	1.919394e+00
504	4.611258e-01	5.331472e-01	2.563263e+00
505	4.855293e-01	3.374344e-01	1.451392e+00
506	5.286858e-01	5.255692e-01	1.718124e+00
507	4.697989e-01	5.348296e-01	1.207132e+00
508	4.716868e-01	5.314315e-01	1.236444e+00
509	5.001767e-01	5.450184e-01	2.622863e+00
510	6.787993e-01	3.984142e-01	2.549585e+00
511	4.797080e-01	5.328259e-01	2.966781e+00
512	4.913826e-01	3.560830e-01	2.395213e+00
513	3.962962e-01	5.467893e-01	1.534441e+00
514	4.252551e-01	7.284339e-01	1.550073e+00
515	4.872521e-01	5.879544e-01	1.610650e+00
516	1.767572e-01	3.640641e-01	1.612604e+00
517	4.631705e-01	5.308705e-01	1.086957e+00
518	3.867395e-01	3.981014e-01	2.282853e+00
519	1.923015e-01	1.021860e-01	1.573522e+00
520	4.878495e-01	5.266998e-01	2.497802e+00
521	4.654222e-01	5.259545e-01	1.752320e+00
523	4.942850e-01	5.157589e-01	1.209086e+00
524	4.368057e-01	3.744262e-01	2.755740e+00
525	6.089848e-01	5.023016e-01	1.499267e+00
526	4.811405e-01	5.288816e-01	1.014656e+00
527	6.056755e-01	5.645673e-01	2.891549e+00
528	4.648504e-01	5.434364e-01	2.478261e+00
529	4.287254e-01	3.836682e-01	1.898876e+00
530	4.458812e-01	5.071190e-01	1.188569e+00
531	5.020177e-01	5.620724e-01	2.785051e+00
532	4.606466e-01	5.249982e-01	2.945286e+00
533	5.081152e-01	5.742387e-01	2.458720e+00
534	5.868829e-01	4.819515e-01	2.673669e+00
535	4.852350e-01	5.223652e-01	1.399609e+00
536	4.688534e-01	5.057014e-01	2.604299e+00
537	4.726821e-01	5.263308e-01	1.529555e+00
538	4.691736e-01	5.237640e-01	2.823156e+00
539	4.694784e-01	4.590789e-01	2.826087e+00
540	4.675525e-01	5.086246e-01	2.844651e+00
541	4.947295e-01	4.652136e-01	2.290669e+00
542	4.178017e-01	4.973609e-01	2.570103e+00
543	4.407494e-01	5.354464e-01	2.396190e+00
544	4.171654e-01	4.890884e-01	1.318515e+00
545	4.914272e-01	4.200995e-01	2.605276e+00
546	7.337002e-01	4.417809e-01	2.683439e+00
547	3.948550e-01	5.530833e-01	1.587201e+00
548	4.841991e-01	5.113385e-01	1.375183e+00
549	5.014024e-01	5.271934e-01	2.298486e+00
550	6.315874e-01	5.745254e-01	1.285296e+00
551	4.673515e-01	5.022756e-01	2.983390e+00
552	6.043843e-01	4.562532e-01	1.195408e+00
553	4.739173e-01	5.051033e-01	2.414753e+00
554	3.224618e-01	4.385233e-01	1.843185e+00
555	4.791584e-01	5.718979e-01	2.396190e+00
556	3.966229e-01	4.527784e-01	3.000000e+00
557	4.801188e-01	5.013192e-01	2.728383e+00
559	4.697964e-01	4.941139e-01	1.944797e+00
560	3.975443e-01	4.696759e-01	2.883732e+00
561	4.407960e-01	6.904799e-01	2.383488e+00
562	4.830849e-01	5.495466e-01	2.506595e+00
563	4.801974e-01	4.991633e-01	1.786517e+00
564	3.941741e-01	5.115635e-01	2.893503e+00
565	4.589898e-01	5.191112e-01	2.981436e+00
566	4.832741e-01	5.435824e-01	2.663898e+00
567	4.637978e-01	5.240984e-01	2.227162e+00
568	4.336827e-01	5.264135e-01	1.527601e+00
569	4.947396e-01	6.472349e-01	2.610161e+00
570	8.345054e-01	1.929282e-01	1.058622e+00
571	4.668668e-01	5.681861e-01	2.782120e+00
573	4.804586e-01	5.082674e-01	2.109917e+00
574	4.689488e-01	4.814763e-01	2.074744e+00
575	4.468405e-01	4.943859e-01	2.319003e+00
576	5.163140e-01	4.771722e-01	1.290181e+00
577	4.440049e-01	4.123331e-01	1.286273e+00
578	4.844503e-01	4.170712e-01	1.881290e+00
579	4.690814e-01	5.313136e-01	1.664387e+00
580	7.068955e-01	4.383996e-01	1.242306e+00
581	4.884957e-01	4.941299e-01	1.927211e+00
582	4.725520e-01	5.219842e-01	2.820225e+00
583	3.883490e-01	3.635688e-01	2.792868e+00
584	4.106034e-01	4.995498e-01	1.201270e+00
585	4.995333e-01	5.812369e-01	1.898876e+00
586	4.639049e-01	5.221730e-01	1.782609e+00
587	4.722811e-01	5.045139e-01	1.561798e+00
588	4.687859e-01	5.200569e-01	2.282853e+00
589	4.816545e-01	4.310748e-01	2.210552e+00
590	5.364205e-01	5.709825e-01	1.020518e+00
591	4.665363e-01	4.543361e-01	1.784563e+00
592	4.710325e-01	5.182352e-01	1.275525e+00
593	4.433316e-01	5.421832e-01	1.212995e+00
594	4.003288e-01	5.644524e-01	2.964827e+00
595	4.829799e-01	5.045356e-01	2.079629e+00
596	2.280997e-01	3.577399e-01	1.187592e+00
597	4.750273e-01	5.102687e-01	1.258915e+00
598	4.736488e-01	4.635160e-01	1.999511e+00
599	4.693222e-01	5.041902e-01	1.264778e+00
600	4.696750e-01	4.839399e-01	1.110405e+00
601	5.731322e-01	8.929573e-01	1.107474e+00
602	4.156344e-01	6.098399e-01	1.070347e+00
603	4.641669e-01	5.053404e-01	2.400098e+00
604	4.480325e-01	5.099794e-01	2.871031e+00
605	4.676144e-01	5.117886e-01	2.739130e+00
606	4.521411e-01	5.482872e-01	2.061065e+00
607	7.615561e-01	6.477626e-01	1.073278e+00
608	4.735915e-01	4.768171e-01	2.799707e+00
609	5.107044e-01	4.310543e-01	2.010259e+00
610	4.021162e-01	5.284160e-01	1.700537e+00
611	4.657973e-01	5.107635e-01	1.339033e+00
612	4.732036e-01	5.339069e-01	2.227162e+00
613	7.210384e-01	2.198509e-01	2.482169e+00
614	4.957121e-01	5.128347e-01	2.958964e+00
615	5.868070e-01	5.743427e-01	1.443576e+00
616	4.299261e-01	5.071820e-01	2.381534e+00
617	4.817317e-01	6.725563e-01	1.971177e+00
618	4.730440e-01	5.159433e-01	2.960918e+00
619	2.565405e-01	3.011522e-01	1.812897e+00
620	4.007697e-01	5.578735e-01	1.170982e+00
621	4.564065e-01	3.464955e-01	1.277479e+00
622	4.323724e-01	5.882135e-01	1.176844e+00
623	4.621013e-01	3.972871e-01	1.636053e+00
624	4.978181e-01	6.027517e-01	2.336590e+00
625	4.838743e-01	5.027999e-01	1.343918e+00
626	4.599732e-01	5.294993e-01	1.905716e+00
627	4.988982e-01	5.543485e-01	1.784563e+00
628	4.604277e-01	5.256173e-01	2.063996e+00
629	4.740067e-01	5.167408e-01	2.497802e+00
630	3.903929e-01	4.413084e-01	2.870054e+00
631	4.525518e-01	6.047673e-01	1.729849e+00
632	3.989679e-01	4.525872e-01	2.290669e+00
633	4.687424e-01	5.190726e-01	2.841720e+00
634	4.683326e-01	5.215701e-01	2.195896e+00
635	4.390443e-01	4.682218e-01	1.601856e+00
636	4.845978e-01	5.653953e-01	2.449927e+00
637	5.118023e-01	4.761432e-01	1.462140e+00
638	4.689710e-01	5.228158e-01	2.041524e+00
639	4.684834e-01	5.198412e-01	2.061065e+00
640	2.240178e-01	3.876006e-01	2.130435e+00
641	4.421727e-01	7.501775e-01	2.205667e+00
642	4.697907e-01	5.095440e-01	2.184172e+00
643	5.426877e-01	5.664950e-01	2.747924e+00
644	4.123231e-01	4.076234e-01	2.909135e+00
645	4.708705e-01	5.209943e-01	2.777235e+00
646	4.771195e-01	5.135817e-01	1.295066e+00
647	5.082810e-01	5.098498e-01	1.050806e+00
648	6.007591e-01	3.929005e-01	1.191500e+00
649	4.571246e-01	5.081317e-01	1.198339e+00
650	4.913642e-01	5.172701e-01	2.656082e+00
651	4.656126e-01	4.657705e-01	1.692721e+00
652	4.686437e-01	5.739688e-01	2.330728e+00
653	4.743531e-01	5.282925e-01	1.906693e+00
654	4.557965e-01	5.053027e-01	2.192965e+00
655	5.054412e-01	5.877756e-01	1.200293e+00
656	4.677770e-01	5.220410e-01	2.361016e+00
657	4.781517e-01	5.457731e-01	2.080606e+00
658	4.656133e-01	5.048835e-01	2.017098e+00
659	4.438039e-01	5.578224e-01	2.191011e+00
660	7.075402e-01	6.185488e-01	1.667318e+00
661	3.149890e-01	2.961827e-01	2.229116e+00
662	4.265030e-01	4.376665e-01	1.188569e+00
663	4.524128e-01	5.663259e-01	2.714704e+00
664	4.919704e-01	5.358571e-01	1.979971e+00
665	4.522565e-01	5.764535e-01	2.954079e+00
666	1.582991e-01	1.982295e-01	1.803127e+00
667	4.896542e-01	5.224939e-01	1.039082e+00
668	9.228810e-01	3.744661e-01	1.893014e+00
669	4.647229e-01	4.542027e-01	1.778701e+00
670	9.348122e-01	4.223008e-01	1.807035e+00
671	4.612123e-01	4.979251e-01	1.102589e+00
672	3.450336e-01	3.639548e-01	1.879336e+00
673	5.218391e-01	5.689087e-01	1.984856e+00
674	4.674880e-01	5.212266e-01	2.238886e+00
675	4.592995e-01	5.374005e-01	2.868100e+00
676	4.708543e-01	5.142337e-01	2.748901e+00
677	3.785850e-01	6.578121e-01	1.578407e+00
678	4.603993e-01	4.440617e-01	1.621397e+00
679	4.689806e-01	5.185203e-01	2.657059e+00
680	4.652683e-01	4.896208e-01	2.404983e+00
681	4.730025e-01	5.197104e-01	2.272106e+00
682	4.556529e-01	5.889532e-01	1.463117e+00
683	4.624192e-01	4.829140e-01	2.316072e+00
684	4.650250e-01	5.006205e-01	2.334636e+00
685	4.618034e-01	4.128766e-01	1.365413e+00
686	3.395176e-01	5.112668e-01	2.105032e+00
687	4.271306e-01	5.084736e-01	1.339033e+00
688	4.782979e-01	5.345690e-01	2.932584e+00
689	4.638132e-01	5.211319e-01	2.378603e+00
690	4.643327e-01	5.315875e-01	1.833415e+00
691	6.418363e-01	5.048383e-01	1.663410e+00
692	4.969293e-01	5.394968e-01	2.251588e+00
693	4.644920e-01	5.916807e-01	1.766976e+00
694	4.388333e-01	4.108253e-01	1.575476e+00
695	3.645373e-01	6.972106e-01	2.771373e+00
696	4.601918e-01	5.131226e-01	2.787005e+00
697	4.781206e-01	5.072208e-01	1.959453e+00
698	4.692723e-01	4.985099e-01	2.187103e+00
699	4.669432e-01	5.219246e-01	2.430386e+00
700	4.972621e-01	4.583255e-01	2.679531e+00
701	4.758812e-01	5.593703e-01	2.191988e+00
702	5.456967e-01	4.767653e-01	2.945286e+00
703	4.868751e-01	5.202559e-01	2.793845e+00
704	4.469273e-01	4.672987e-01	2.132389e+00
705	3.484242e-01	2.504372e-01	1.627259e+00
706	4.612111e-01	5.285573e-01	1.623351e+00
707	4.550188e-01	5.132766e-01	2.772350e+00
708	4.618787e-01	5.121153e-01	1.552027e+00
709	3.276998e-01	5.786600e-01	1.180752e+00
710	4.555883e-01	4.709787e-01	1.632145e+00
711	1.804753e-01	7.482172e-02	1.680997e+00
712	5.281584e-01	5.846248e-01	2.828041e+00
713	7.389430e-01	4.493656e-01	1.703468e+00
714	2.028050e-01	2.940929e-01	1.471910e+00
715	4.702339e-01	5.363946e-01	2.368832e+00
716	4.850379e-01	5.381837e-01	1.961407e+00
717	4.644140e-01	5.226848e-01	1.756229e+00
718	4.504178e-01	4.905135e-01	2.987298e+00
719	4.618307e-01	5.191242e-01	2.332682e+00
720	4.547917e-01	4.770742e-01	1.097704e+00
721	4.499940e-01	4.311228e-01	1.954568e+00
722	4.728985e-01	5.207108e-01	1.704446e+00
723	4.669710e-01	5.211408e-01	1.853933e+00
724	4.464821e-01	4.624314e-01	2.829995e+00
725	5.398133e-01	5.718125e-01	2.232047e+00
726	4.575454e-01	4.795263e-01	2.587689e+00
727	5.726463e-01	7.598530e-01	2.698095e+00
729	5.132628e-01	5.521683e-01	1.212995e+00
730	4.498494e-01	6.207272e-01	1.502198e+00
731	4.707836e-01	5.212279e-01	2.614069e+00
732	5.358312e-01	3.144613e-01	2.880801e+00
733	4.590988e-01	4.941725e-01	1.956522e+00
734	4.609037e-01	6.211396e-01	2.745970e+00
735	6.219677e-01	4.405344e-01	1.179775e+00
736	4.885412e-01	5.311236e-01	1.935027e+00
737	4.567843e-01	5.267531e-01	1.975085e+00
738	4.867898e-01	5.676297e-01	1.067416e+00
739	4.179032e-01	5.486915e-01	2.024915e+00
740	4.011982e-01	5.933017e-01	2.810454e+00
741	4.689054e-01	4.941472e-01	2.428432e+00
742	4.911348e-01	5.605444e-01	1.957499e+00
743	5.130722e-01	5.793651e-01	2.306302e+00
744	4.813532e-01	5.091632e-01	2.557401e+00
745	4.696212e-01	4.666402e-01	1.243283e+00
746	4.461490e-01	5.515047e-01	2.429409e+00
747	4.966080e-01	5.333280e-01	2.523205e+00
748	4.487197e-01	6.032070e-01	2.842697e+00
749	4.700802e-01	5.210754e-01	2.247680e+00
750	4.718119e-01	5.670524e-01	2.000489e+00
751	4.654685e-01	5.144781e-01	2.446019e+00
752	4.685368e-01	5.217645e-01	2.360039e+00
753	4.040814e-01	5.572624e-01	2.567171e+00
754	4.660458e-01	5.163144e-01	2.415730e+00
755	4.493309e-01	5.116822e-01	1.989741e+00
756	4.613001e-01	5.164418e-01	2.908158e+00
757	5.404791e-01	6.822817e-01	2.731314e+00
758	4.757334e-01	5.225235e-01	2.544700e+00
759	4.668485e-01	5.204684e-01	2.890572e+00
760	4.666166e-01	5.206566e-01	1.654617e+00
761	4.707112e-01	5.217956e-01	1.008793e+00
762	4.648098e-01	4.581496e-01	1.260870e+00
763	3.755293e-01	6.366872e-01	1.347826e+00
764	4.608783e-01	5.345404e-01	1.325354e+00
765	4.668202e-01	5.265333e-01	1.420127e+00
766	4.976608e-01	6.711927e-01	2.845628e+00
767	4.664054e-01	4.449332e-01	1.853933e+00
768	4.722718e-01	5.062192e-01	1.303859e+00
769	4.638586e-01	6.094124e-01	1.294089e+00
770	4.951683e-01	6.912382e-01	1.675134e+00
771	5.210097e-01	5.006128e-01	2.417684e+00
772	4.889863e-01	5.700889e-01	2.053249e+00
773	4.817115e-01	5.100566e-01	1.276502e+00
774	2.150306e-01	4.971175e-01	2.779189e+00
775	1.072580e-01	4.237153e-01	1.984856e+00
776	7.724727e-01	6.512473e-01	2.295554e+00
777	4.690966e-01	5.138207e-01	1.652662e+00
778	4.691818e-01	5.092654e-01	2.464582e+00
779	4.738354e-01	5.175270e-01	1.763068e+00
780	4.700211e-01	4.901339e-01	2.026869e+00
781	5.179395e-01	4.465868e-01	1.160234e+00
782	5.377111e-01	4.472923e-01	2.302394e+00
783	4.617317e-01	5.121961e-01	1.384954e+00
784	4.381404e-01	6.098579e-01	2.598437e+00
785	4.155925e-01	5.078175e-01	2.130435e+00
786	5.048931e-01	4.947200e-01	1.690767e+00
787	4.398740e-01	5.168978e-01	1.940889e+00
788	4.686194e-01	5.010676e-01	2.099170e+00
