770
0	1.436940e-02	2.443489e-01	1.398632e+00
1	4.999973e-01	6.097710e-01	1.108451e+00
2	4.684208e-01	5.258322e-01	2.925745e+00
3	4.262643e-01	4.454135e-01	2.732291e+00
4	5.259735e-01	7.670438e-01	1.257938e+00
5	4.756892e-01	5.373317e-01	2.424524e+00
6	8.136304e-01	9.741590e-01	1.383000e+00
7	4.606485e-01	4.638896e-01	2.705911e+00
8	4.636442e-01	4.608579e-01	2.442110e+00
9	4.660163e-01	4.999175e-01	2.233024e+00
10	4.692838e-01	4.857632e-01	2.376649e+00
11	4.618215e-01	5.042761e-01	1.556913e+00
12	5.158251e-01	6.391684e-01	2.950171e+00
13	4.995972e-01	6.539803e-01	1.066439e+00
14	4.639051e-01	5.005675e-01	1.626282e+00
15	2.434210e-01	4.747328e-01	1.306790e+00
16	4.648705e-01	5.023479e-01	2.902296e+00
17	5.699106e-01	4.960629e-01	1.195408e+00
18	5.263721e-01	5.629111e-01	1.785540e+00
19	4.480390e-01	4.657406e-01	1.248168e+00
20	4.616251e-01	4.748560e-01	1.863703e+00
21	4.249107e-01	4.764286e-01	2.671715e+00
22	4.616610e-01	4.984620e-01	2.487054e+00
23	3.158522e-01	2.872116e-01	1.946751e+00
24	4.035052e-01	4.145831e-01	1.303859e+00
25	7.099230e-01	6.627324e-01	2.152907e+00
26	4.836826e-01	4.957318e-01	1.388862e+00
27	4.930514e-01	5.289677e-01	1.591109e+00
28	4.107125e-01	4.335011e-01	2.205667e+00
29	4.438572e-01	4.695128e-01	2.181241e+00
30	5.721097e-01	4.668284e-01	1.475818e+00
31	4.360072e-01	5.558575e-01	2.309233e+00
32	4.280521e-01	4.820480e-01	2.073766e+00
33	2.552590e-01	2.744254e-01	2.331705e+00
34	4.701305e-01	5.177086e-01	1.126038e+00
35	5.065444e-01	3.015497e-01	2.235955e+00
36	5.224833e-01	5.023655e-01	2.805569e+00
37	4.727831e-01	6.352749e-01	2.555447e+00
38	4.736687e-01	5.083405e-01	2.559355e+00
39	4.727453e-01	5.217879e-01	1.895945e+00
40	5.436332e-01	5.659548e-01	1.282364e+00
41	5.139892e-01	6.039369e-01	2.750855e+00
42	4.656475e-01	5.053477e-01	2.412799e+00
43	4.743204e-01	5.182983e-01	2.557401e+00
44	4.152346e-01	4.953186e-01	1.648754e+00
45	4.381127e-01	5.300381e-01	1.721055e+00
46	4.292622e-01	4.321276e-01	2.588666e+00
47	4.807370e-01	4.925070e-01	1.525647e+00
48	4.678359e-01	4.924122e-01	2.751832e+00
49	4.412880e-01	4.134751e-01	2.625794e+00
50	4.347957e-01	3.874556e-01	1.663410e+00
51	4.699336e-01	5.050343e-01	2.560332e+00
52	4.612062e-01	5.154761e-01	1.696629e+00
53	4.471076e-01	5.142568e-01	1.506106e+00
54	4.651522e-01	4.882565e-01	2.675623e+00
55	4.449823e-01	5.054199e-01	2.497802e+00
56	3.343097e-01	3.529771e-01	1.031265e+00
57	3.798723e-01	4.162769e-01	2.361993e+00
58	4.524121e-01	4.971614e-01	1.866634e+00
60	3.943628e-01	2.519626e-01	1.503175e+00
61	5.084269e-01	5.492803e-01	2.449927e+00
62	4.619914e-01	4.831623e-01	2.831949e+00
63	4.804279e-01	5.090180e-01	2.317049e+00
64	4.260855e-01	4.736646e-01	2.353200e+00
65	4.645965e-01	5.024143e-01	2.575965e+00
66	5.788078e-01	4.707257e-01	2.922814e+00
67	4.604625e-01	4.990002e-01	2.289692e+00
68	4.568821e-01	3.822772e-01	2.766488e+00
69	5.176281e-01	6.183954e-01	1.522716e+00
70	5.361829e-01	5.075713e-01	2.769419e+00
71	4.727022e-01	5.014297e-01	1.110405e+00
72	4.352314e-01	4.723301e-01	1.412311e+00
73	5.049087e-01	2.762619e-01	1.951637e+00
74	5.885259e-01	4.958211e-01	1.449438e+00
75	5.285914e-01	3.503396e-01	2.176356e+00
76	5.075508e-01	5.788663e-01	1.212995e+00
77	4.521402e-01	4.984270e-01	1.872496e+00
78	4.642732e-01	5.062323e-01	1.606742e+00
79	5.408044e-01	5.270554e-01	1.183683e+00
80	4.866391e-01	5.608221e-01	2.736199e+00
81	4.671663e-01	5.020759e-01	1.617489e+00
82	5.200198e-01	5.687986e-01	2.456766e+00
83	5.709884e-01	6.027627e-01	1.406448e+00
84	4.436632e-01	6.121809e-01	2.453835e+00
85	4.703963e-01	4.987096e-01	2.712750e+00
86	4.639717e-01	4.998868e-01	2.877870e+00
87	6.030667e-01	6.172042e-01	1.533464e+00
88	4.599694e-01	4.974027e-01	2.169516e+00
89	4.781089e-01	6.500552e-01	2.483146e+00
90	4.010848e-01	4.268735e-01	1.538349e+00
91	4.551212e-01	4.994301e-01	1.117245e+00
92	4.407756e-01	4.876073e-01	2.709819e+00
93	4.717868e-01	4.697220e-01	2.929653e+00
94	3.694122e-01	4.808913e-01	2.125550e+00
95	6.819011e-01	5.383077e-01	2.148999e+00
96	4.692479e-01	4.991665e-01	1.206155e+00
98	4.641876e-01	4.933848e-01	1.997557e+00
99	4.991644e-01	4.191546e-01	1.753298e+00
100	4.537943e-01	5.016542e-01	1.491451e+00
101	4.682459e-01	5.032993e-01	2.381534e+00
102	5.076444e-01	5.429430e-01	1.837323e+00
103	3.589607e-01	5.179984e-01	2.723498e+00
104	5.252561e-01	7.724229e-01	1.216903e+00
105	4.869242e-01	5.310453e-01	1.385931e+00
107	4.670162e-01	5.146157e-01	1.887152e+00
108	5.416078e-01	5.274079e-01	1.869565e+00
109	5.479309e-01	4.574962e-01	2.657059e+00
110	4.726591e-01	5.636576e-01	1.905716e+00
111	4.333392e-01	5.334480e-01	2.319980e+00
113	3.483599e-01	8.130003e-01	1.155349e+00
114	4.803696e-01	5.278104e-01	1.261847e+00
115	4.005224e-01	4.130714e-01	1.308745e+00
116	4.344844e-01	6.314969e-01	1.148510e+00
117	4.826444e-01	5.356095e-01	1.865657e+00
118	4.853623e-01	5.540714e-01	2.988276e+00
119	4.042013e-01	4.956040e-01	1.479726e+00
120	4.767115e-01	5.136716e-01	2.095261e+00
121	5.011185e-01	6.086317e-01	2.442110e+00
122	2.408293e-01	4.424817e-01	1.070347e+00
123	4.769235e-01	4.790666e-01	1.417196e+00
124	4.846175e-01	5.297794e-01	2.817294e+00
126	4.244233e-01	4.765562e-01	2.738153e+00
127	4.239384e-01	3.750600e-01	2.338544e+00
128	5.213533e-01	8.689279e-01	1.282364e+00
129	4.828312e-01	4.988530e-01	2.676600e+00
130	5.206732e-01	8.512778e-01	2.443087e+00
132	3.097639e-01	4.821669e-01	1.220811e+00
133	5.979427e-01	2.539781e-01	2.407914e+00
134	4.207797e-01	4.353605e-01	2.277968e+00
135	4.531175e-01	5.166797e-01	2.409868e+00
136	4.707434e-01	4.944130e-01	2.083537e+00
137	5.295113e-01	5.610590e-01	2.286761e+00
138	6.805350e-01	1.251476e-01	1.194431e+00
139	4.663983e-01	5.175598e-01	2.818271e+00
140	4.564400e-01	5.113398e-01	2.827064e+00
141	4.290052e-01	5.020251e-01	1.684905e+00
142	4.767684e-01	5.033390e-01	1.999511e+00
143	4.707539e-01	5.180174e-01	1.956522e+00
144	5.583752e-01	5.198667e-01	2.323889e+00
145	5.171992e-01	4.840429e-01	2.501710e+00
146	4.146246e-01	5.281442e-01	2.395213e+00
147	4.893065e-01	6.298026e-01	2.719590e+00
148	4.656460e-01	5.019405e-01	2.937469e+00
149	5.043925e-01	5.261745e-01	2.803615e+00
150	3.608316e-01	3.448547e-01	1.794333e+00
151	4.823876e-01	4.995681e-01	2.611138e+00
152	5.016241e-01	5.350252e-01	1.724963e+00
153	4.700272e-01	5.366408e-01	1.983879e+00
154	4.688667e-01	5.026396e-01	2.181241e+00
155	4.981019e-01	5.508039e-01	1.295066e+00
156	5.584208e-01	5.923839e-01	1.970200e+00
157	4.673565e-01	5.152226e-01	2.387396e+00
158	4.091397e-01	5.598774e-01	2.386419e+00
159	4.806703e-01	4.919305e-01	2.647289e+00
160	4.796937e-01	5.147491e-01	1.686859e+00
161	4.609392e-01	4.936040e-01	1.553981e+00
162	4.038849e-01	4.327883e-01	1.764045e+00
163	7.291639e-01	6.111715e-01	1.632145e+00
164	4.658595e-01	5.006861e-01	1.235467e+00
165	4.805896e-01	5.208167e-01	2.251588e+00
166	4.808484e-01	5.436416e-01	1.751343e+00
167	4.099725e-01	6.620133e-01	1.715193e+00
168	4.668166e-01	5.022859e-01	2.109917e+00
169	4.754837e-01	5.765253e-01	2.137274e+00
170	4.270489e-01	4.493092e-01	2.099170e+00
171	4.022741e-01	3.889522e-01	2.057157e+00
172	4.300797e-01	5.644410e-01	2.246702e+00
173	4.505593e-01	4.773127e-01	1.894968e+00
174	5.124248e-01	5.411268e-01	2.453835e+00
175	4.749410e-01	5.222139e-01	2.834880e+00
176	5.885482e-01	5.348230e-01	2.215437e+00
177	4.538290e-01	4.889095e-01	2.153884e+00
178	4.629491e-01	5.062192e-01	2.475330e+00
179	6.003923e-01	6.272765e-01	1.274548e+00
180	4.862517e-01	5.117791e-01	2.127504e+00
181	4.581928e-01	5.109600e-01	1.790425e+00
182	6.399703e-01	7.341595e-01	1.736688e+00
183	3.837198e-01	5.812191e-01	1.692721e+00
184	4.262142e-01	4.584521e-01	2.042501e+00
185	4.536382e-01	5.509478e-01	1.468979e+00
186	4.792000e-01	4.962967e-01	1.784563e+00
188	4.979925e-01	5.416821e-01	1.839277e+00
189	4.506522e-01	5.044426e-01	1.175867e+00
190	5.432969e-01	5.416817e-01	2.807523e+00
191	2.600123e-01	5.837308e-01	2.811431e+00
192	3.839726e-01	5.139982e-01	1.192477e+00
193	6.335246e-01	2.720476e-01	1.620420e+00
194	4.259562e-01	3.706927e-01	2.624817e+00
195	4.587304e-01	4.966995e-01	2.806546e+00
196	3.899030e-01	3.474967e-01	1.763068e+00
197	2.259853e-01	3.634116e-01	2.060088e+00
198	7.673641e-01	4.219906e-01	2.458720e+00
199	4.795389e-01	5.652919e-01	2.463605e+00
200	4.347254e-01	1.888374e-01	1.141671e+00
201	4.580191e-01	5.136618e-01	1.146556e+00
202	5.133123e-01	5.702540e-01	1.395701e+00
203	4.152887e-01	5.351874e-01	1.755252e+00
204	4.321022e-01	4.524280e-01	2.901319e+00
205	3.899534e-01	4.524704e-01	2.123596e+00
206	4.262247e-01	4.476531e-01	1.652662e+00
207	4.595551e-01	4.884600e-01	1.199316e+00
208	4.465532e-01	4.883980e-01	2.170493e+00
209	2.127804e-01	4.313964e-01	2.733268e+00
210	3.394852e-01	4.483673e-01	1.545188e+00
211	4.834490e-01	4.672139e-01	1.376160e+00
212	4.641690e-01	4.763952e-01	1.621397e+00
213	4.662882e-01	5.082042e-01	1.883244e+00
214	4.588689e-01	5.009117e-01	1.612604e+00
215	4.700686e-01	4.778475e-01	2.909135e+00
216	4.729725e-01	5.166773e-01	1.354665e+00
217	4.778584e-01	5.035234e-01	2.770396e+00
218	3.464002e-01	5.823626e-01	2.148999e+00
219	4.734216e-01	5.118655e-01	2.624817e+00
220	3.624664e-01	4.726960e-01	2.697118e+00
221	4.849481e-01	4.642936e-01	1.938935e+00
222	7.327720e-01	5.128933e-01	1.854910e+00
223	4.435743e-01	3.744707e-01	2.625794e+00
224	5.030166e-01	8.147796e-01	2.984367e+00
225	4.981309e-01	5.478606e-01	2.693210e+00
226	4.873413e-01	5.271451e-01	2.276014e+00
227	4.378337e-01	4.824559e-01	1.245237e+00
228	4.680574e-01	4.951740e-01	1.489497e+00
229	4.669218e-01	5.069743e-01	2.305325e+00
230	4.623853e-01	4.890951e-01	2.689301e+00
231	4.228486e-01	4.624809e-01	1.346849e+00
232	4.657281e-01	5.069246e-01	2.447973e+00
233	4.542805e-01	5.077872e-01	1.591109e+00
234	4.294293e-01	3.469395e-01	1.931119e+00
235	4.199212e-01	4.676720e-01	2.687347e+00
236	4.654539e-01	5.013928e-01	2.787982e+00
237	4.760085e-01	5.220620e-01	1.510015e+00
238	4.444916e-01	4.880970e-01	2.193942e+00
239	4.532065e-01	4.767320e-01	2.918906e+00
240	3.981312e-01	4.295049e-01	1.734734e+00
241	4.721948e-01	5.147510e-01	1.119199e+00
242	4.498262e-01	3.709425e-01	1.631168e+00
243	4.552735e-01	4.632120e-01	1.258915e+00
244	4.785995e-01	6.013006e-01	2.458720e+00
245	3.543777e-01	4.061589e-01	2.134343e+00
246	4.669059e-01	4.970798e-01	2.662921e+00
247	4.623359e-01	4.590827e-01	2.924768e+00
248	5.480421e-01	5.825084e-01	2.983390e+00
250	7.998929e-01	9.434371e-01	2.763556e+00
251	7.436419e-01	8.461876e-01	2.374695e+00
252	4.147827e-01	5.466316e-01	1.703468e+00
253	4.612393e-01	6.211174e-01	1.246214e+00
254	5.291334e-01	6.976910e-01	2.925745e+00
255	4.684538e-01	5.169188e-01	1.857841e+00
256	4.775632e-01	5.174085e-01	2.601368e+00
257	4.727666e-01	5.143203e-01	2.413776e+00
258	4.620280e-01	4.678083e-01	2.569126e+00
259	4.495244e-01	4.193095e-01	1.865657e+00
260	4.625592e-01	5.022022e-01	2.574988e+00
261	4.510386e-01	4.976197e-01	1.598925e+00
262	5.943734e-01	4.410840e-01	2.264289e+00
263	4.487648e-01	6.359219e-01	1.176844e+00
264	3.722214e-01	4.622440e-01	1.061553e+00
265	4.769082e-01	5.254825e-01	2.526136e+00
266	4.754016e-01	5.190177e-01	1.928188e+00
267	4.927857e-01	4.788316e-01	2.006351e+00
268	4.859390e-01	5.312767e-01	1.041036e+00
269	3.834631e-01	4.684973e-01	1.793356e+00
270	3.622081e-01	4.074775e-01	1.860772e+00
271	3.617366e-01	4.724216e-01	1.389839e+00
272	4.734958e-01	5.143326e-01	1.052760e+00
273	3.602456e-01	3.644836e-01	1.156326e+00
274	2.587446e-01	3.379947e-01	1.981925e+00
275	5.520970e-01	7.605906e-01	2.256473e+00
276	4.535435e-01	4.670535e-01	2.368832e+00
277	4.582087e-01	4.898396e-01	2.024915e+00
279	5.196467e-01	5.464825e-01	1.348803e+00
280	4.069624e-01	4.382256e-01	2.472399e+00
281	6.134045e-01	5.584112e-01	2.288715e+00
282	5.102838e-01	5.981804e-01	2.745970e+00
283	3.996373e-01	4.582403e-01	2.490962e+00
284	2.197296e-01	4.040045e-01	2.515388e+00
285	5.198540e-01	6.102411e-01	1.545188e+00
286	4.805883e-01	5.002191e-01	2.662921e+00
287	5.056843e-01	5.703934e-01	2.264289e+00
288	5.129533e-01	5.641112e-01	2.905227e+00
289	4.077254e-01	4.607981e-01	1.058622e+00
290	5.354744e-01	4.639451e-01	2.152907e+00
291	7.928478e-01	9.490670e-01	2.784074e+00
292	4.527396e-01	5.015146e-01	2.445042e+00
293	6.911004e-01	9.115742e-01	2.852467e+00
294	5.290904e-01	5.415992e-01	2.070835e+00
295	4.278568e-01	5.514750e-01	1.406448e+00
296	3.162282e-01	2.054462e-01	1.751343e+00
297	4.069557e-01	5.526137e-01	2.077675e+00
298	5.440434e-01	5.009339e-01	1.601856e+00
299	4.600991e-01	4.594748e-01	2.048363e+00
300	4.341383e-01	4.456226e-01	2.781143e+00
301	4.654557e-01	5.048090e-01	2.779189e+00
302	4.203463e-01	4.363398e-01	2.617978e+00
303	4.583131e-01	5.220631e-01	1.698583e+00
304	5.098729e-01	6.351010e-01	1.948705e+00
305	4.483685e-01	4.884544e-01	1.416219e+00
306	6.759021e-01	3.078520e-01	1.745481e+00
307	4.721145e-01	5.093320e-01	2.291646e+00
308	6.641167e-01	8.962974e-01	1.868588e+00
309	3.842540e-01	4.621288e-01	2.511480e+00
310	4.448660e-01	4.856910e-01	2.596483e+00
311	3.715639e-01	4.275739e-01	2.855398e+00
312	4.420862e-01	4.785421e-01	1.312653e+00
313	5.207571e-01	5.976601e-01	1.787494e+00
314	4.633637e-01	4.951848e-01	2.252565e+00
315	4.620234e-01	5.270353e-01	1.978017e+00
316	4.223621e-01	6.363056e-01	2.965804e+00
317	4.777828e-01	5.211328e-01	2.221299e+00
318	4.242234e-01	6.366677e-01	1.701514e+00
319	4.535200e-01	4.775039e-01	1.135809e+00
320	4.444081e-01	4.714256e-01	2.997069e+00
322	6.289451e-01	5.359124e-01	2.362970e+00
323	4.526679e-01	4.986919e-01	2.553493e+00
324	4.659972e-01	4.772224e-01	1.347826e+00
325	5.170986e-01	8.506138e-01	2.896434e+00
326	4.596488e-01	5.009817e-01	1.857841e+00
327	4.147839e-01	4.169259e-01	1.669272e+00
328	4.616855e-01	4.817170e-01	1.726917e+00
329	4.231445e-01	4.486228e-01	2.604299e+00
330	4.718895e-01	4.963087e-01	2.089399e+00
331	4.923244e-01	4.607476e-01	1.552027e+00
332	5.440338e-01	5.221679e-01	1.769907e+00
333	4.801214e-01	5.239755e-01	1.382022e+00
334	5.283064e-01	6.700656e-01	2.510503e+00
335	4.219096e-01	5.388759e-01	1.640938e+00
336	4.846868e-01	5.081073e-01	2.933561e+00
337	5.545515e-01	5.246796e-01	1.033219e+00
338	4.744921e-01	5.926283e-01	1.408403e+00
339	4.522644e-01	4.805714e-01	2.767465e+00
340	4.960500e-01	5.221104e-01	1.526624e+00
341	3.350290e-01	4.352221e-01	1.456277e+00
342	4.657893e-01	5.260765e-01	1.054714e+00
343	3.816688e-01	4.985889e-01	2.601368e+00
344	4.970455e-01	8.477192e-01	2.193942e+00
346	4.388300e-01	4.562268e-01	1.564729e+00
347	4.922128e-01	5.092035e-01	1.679043e+00
348	3.302799e-01	6.118706e-01	2.034685e+00
349	4.584165e-01	4.794626e-01	2.564240e+00
350	5.304078e-01	5.693389e-01	2.311187e+00
351	6.014159e-01	5.948810e-01	1.297997e+00
352	4.705814e-01	5.136449e-01	2.873962e+00
353	3.939070e-01	4.878909e-01	2.202736e+00
354	4.667245e-01	5.016571e-01	2.653151e+00
355	6.911254e-01	5.307377e-01	2.461651e+00
356	4.620410e-01	5.048353e-01	1.679043e+00
357	5.321539e-01	5.847582e-01	2.991207e+00
358	5.147727e-01	5.309084e-01	2.857352e+00
359	5.608759e-01	5.967388e-01	1.913532e+00
360	3.809278e-01	4.000697e-01	1.216903e+00
361	7.181811e-01	6.703898e-01	1.214949e+00
362	3.945453e-01	5.813897e-01	1.005862e+00
363	4.752818e-01	5.271110e-01	2.227162e+00
364	4.738787e-01	5.231074e-01	1.723009e+00
366	3.681885e-01	4.919107e-01	1.692721e+00
367	4.537495e-01	5.098618e-01	1.154372e+00
368	4.443063e-01	4.853794e-01	1.851001e+00
369	4.599587e-01	5.027370e-01	2.418661e+00
370	5.511076e-01	4.998589e-01	1.874450e+00
371	3.779498e-01	5.607045e-01	1.591109e+00
372	4.217598e-01	4.810538e-01	2.199805e+00
373	4.650572e-01	4.829920e-01	2.208598e+00
374	4.514132e-01	4.925446e-01	1.322423e+00
375	4.035466e-01	4.590202e-01	2.361016e+00
376	5.068692e-01	4.520881e-01	1.815828e+00
377	4.641427e-01	5.017693e-01	1.328285e+00
378	4.569376e-01	5.014173e-01	1.883244e+00
379	4.799966e-01	5.882681e-01	1.599902e+00
380	2.355727e-01	2.327327e-01	2.343429e+00
381	4.645829e-01	4.748530e-01	1.835369e+00
383	2.730669e-01	5.133808e-01	1.698583e+00
384	5.663697e-01	7.531673e-01	2.761602e+00
385	4.155219e-01	8.408047e-01	1.961407e+00
386	4.954439e-01	6.375609e-01	2.449927e+00
387	5.073860e-01	5.626201e-01	2.669761e+00
388	5.550165e-01	4.645949e-01	2.597460e+00
389	4.739297e-01	5.178171e-01	2.960918e+00
390	4.461160e-01	4.856688e-01	1.655594e+00
391	4.326316e-01	4.613308e-01	2.572057e+00
392	4.578200e-01	4.814733e-01	1.234489e+00
393	4.440798e-01	5.126224e-01	1.607719e+00
394	4.713162e-01	5.023311e-01	2.643381e+00
395	6.589226e-01	4.364017e-01	1.233512e+00
397	4.407428e-01	5.035234e-01	1.083048e+00
398	6.336770e-01	8.205877e-01	2.453835e+00
399	4.321610e-01	5.622644e-01	2.169516e+00
400	4.947685e-01	5.600893e-01	1.634099e+00
401	5.535710e-01	3.750589e-01	1.314607e+00
402	4.961717e-01	5.228639e-01	2.292623e+00
403	4.576689e-01	5.220167e-01	1.759160e+00
404	4.667002e-01	3.859582e-01	2.942355e+00
405	4.197084e-01	4.366101e-01	1.358574e+00
406	4.884472e-01	5.450363e-01	1.474841e+00
407	4.768116e-01	2.483619e-01	2.850513e+00
408	5.751778e-01	4.992167e-01	2.543723e+00
409	4.555753e-01	5.294054e-01	1.170005e+00
410	5.095989e-01	5.459817e-01	2.011236e+00
411	4.763168e-01	5.667759e-01	2.982413e+00
412	5.456506e-01	3.807328e-01	1.578407e+00
413	5.228180e-01	6.153939e-01	2.904250e+00
414	4.543660e-01	4.845901e-01	2.948217e+00
415	4.717562e-01	4.961103e-01	1.856864e+00
416	4.457438e-01	4.687118e-01	1.780655e+00
417	4.378309e-01	4.700780e-01	1.223742e+00
418	4.547834e-01	5.044232e-01	2.928676e+00
419	4.626273e-01	5.291535e-01	1.055691e+00
420	4.533606e-01	4.926314e-01	2.823156e+00
421	4.614465e-01	5.029416e-01	2.886663e+00
422	4.696492e-01	5.336716e-01	1.391793e+00
423	5.939329e-01	6.998914e-01	1.467025e+00
424	4.671843e-01	4.962876e-01	1.512946e+00
425	4.881778e-01	7.915928e-01	1.960430e+00
426	5.015849e-01	7.952415e-01	2.254519e+00
427	4.912537e-01	6.019014e-01	2.899365e+00
428	4.642016e-01	4.883914e-01	1.247191e+00
429	4.678396e-01	5.135837e-01	1.802149e+00
430	4.469073e-01	5.006716e-01	1.663410e+00
431	5.972989e-01	6.572671e-01	2.556424e+00
432	2.944769e-01	3.366964e-01	2.947240e+00
433	4.744690e-01	5.074152e-01	2.475330e+00
434	4.546565e-01	4.564619e-01	2.923791e+00
435	5.436159e-01	5.888729e-01	2.906204e+00
436	4.950422e-01	2.019048e-03	2.668784e+00
437	4.110037e-01	4.591038e-01	2.476307e+00
438	5.435769e-01	4.640502e-01	2.065950e+00
439	4.698888e-01	4.999186e-01	1.983879e+00
440	4.899556e-01	5.234059e-01	1.637030e+00
441	6.750693e-01	6.119415e-01	1.338056e+00
442	4.296890e-01	5.125147e-01	2.406937e+00
443	7.448331e-01	4.642489e-01	1.422081e+00
444	3.979216e-01	4.409189e-01	2.956033e+00
445	4.665194e-01	5.042469e-01	2.601368e+00
446	3.712674e-01	3.239663e-01	1.846116e+00
447	4.635853e-01	5.048580e-01	1.264778e+00
448	4.776325e-01	5.152835e-01	1.119199e+00
449	4.606785e-01	4.843131e-01	1.956522e+00
450	5.734158e-01	3.080610e-01	2.971666e+00
451	4.625459e-01	5.006117e-01	2.149976e+00
452	3.752370e-01	5.625487e-01	1.574499e+00
453	6.743648e-01	7.045431e-01	1.775769e+00
455	4.764866e-01	5.245612e-01	2.984367e+00
456	4.423661e-01	4.617148e-01	1.577430e+00
457	5.327442e-01	5.426875e-01	2.955056e+00
458	4.398858e-01	5.029063e-01	2.865169e+00
459	5.577720e-01	6.087988e-01	1.672203e+00
461	4.321263e-01	4.305897e-01	2.513434e+00
462	4.571838e-01	4.496626e-01	1.853933e+00
463	3.925886e-01	4.892234e-01	2.858329e+00
464	4.863484e-01	6.295237e-01	1.574499e+00
465	4.251339e-01	4.719651e-01	1.432829e+00
466	4.668421e-01	4.982693e-01	1.500244e+00
467	4.430599e-01	4.263934e-01	1.323400e+00
468	4.764247e-01	4.931217e-01	2.147044e+00
469	4.732584e-01	5.181653e-01	2.698095e+00
470	4.954165e-01	5.297943e-01	1.364436e+00
471	4.824995e-01	6.682549e-01	2.076698e+00
472	4.696498e-01	4.982042e-01	2.011236e+00
473	4.596457e-01	4.651982e-01	1.215926e+00
474	4.630514e-01	5.148770e-01	2.299463e+00
475	4.460025e-01	5.776942e-01	1.683928e+00
476	4.802619e-01	5.053802e-01	2.081583e+00
477	4.641652e-01	4.346893e-01	2.350269e+00
478	3.322197e-01	5.077350e-01	2.728383e+00
479	4.542170e-01	4.380781e-01	1.194431e+00
480	5.844541e-01	6.279461e-01	2.515388e+00
481	6.190885e-01	6.891951e-01	1.865657e+00
482	3.021168e-01	3.523376e-01	1.802149e+00
483	4.760365e-01	4.898709e-01	1.367367e+00
484	5.542827e-01	5.903553e-01	1.148510e+00
485	4.263044e-01	4.727737e-01	2.427455e+00
486	6.259271e-01	4.743831e-01	2.196873e+00
487	5.385974e-01	4.899298e-01	2.386419e+00
488	4.980298e-01	5.509825e-01	1.294089e+00
489	4.854907e-01	5.916248e-01	1.687836e+00
490	4.612933e-01	5.946903e-01	1.146556e+00
491	6.807256e-01	4.001040e-01	1.597948e+00
492	4.600390e-01	4.684785e-01	2.412799e+00
493	4.407524e-01	4.673132e-01	1.227650e+00
494	4.654888e-01	5.609191e-01	2.522228e+00
495	4.968775e-01	5.478754e-01	1.437714e+00
496	4.062713e-01	4.457903e-01	1.523693e+00
497	4.751611e-01	4.918488e-01	1.221788e+00
498	4.488071e-01	4.711217e-01	1.652662e+00
499	5.177994e-01	6.097404e-01	1.269663e+00
500	4.589491e-01	5.009443e-01	2.967758e+00
501	4.683866e-01	5.038087e-01	2.546654e+00
502	3.858181e-01	6.896586e-01	1.818759e+00
503	4.865649e-01	5.103370e-01	1.919394e+00
504	4.678489e-01	5.343048e-01	2.563263e+00
505	5.568009e-01	5.790174e-01	1.451392e+00
506	5.495808e-01	4.390403e-01	1.718124e+00
507	4.795628e-01	5.215125e-01	1.207132e+00
508	4.640806e-01	5.023449e-01	1.236444e+00
509	4.765451e-01	4.363568e-01	2.622863e+00
510	4.782617e-01	3.114838e-01	2.549585e+00
511	4.715877e-01	5.028928e-01	2.966781e+00
512	3.202945e-01	4.040387e-01	2.395213e+00
513	4.425577e-01	5.270174e-01	1.534441e+00
514	5.903205e-01	6.474854e-01	1.550073e+00
515	4.210186e-01	3.868550e-01	1.610650e+00
516	3.869691e-01	5.479738e-01	1.612604e+00
517	4.507639e-01	5.144325e-01	1.086957e+00
518	3.708249e-01	5.704766e-01	2.282853e+00
519	4.755238e-01	8.938546e-01	1.573522e+00
520	4.559800e-01	5.049167e-01	2.497802e+00
521	4.811217e-01	5.021173e-01	1.752320e+00
523	4.514350e-01	5.122649e-01	1.209086e+00
524	5.632218e-01	6.219504e-01	2.755740e+00
525	6.046833e-01	3.943056e-01	1.499267e+00
526	4.734279e-01	4.839373e-01	1.014656e+00
527	4.001063e-01	2.614197e-01	2.891549e+00
528	4.581851e-01	4.873692e-01	2.478261e+00
529	5.224033e-01	6.514486e-01	1.898876e+00
530	4.930472e-01	5.003314e-01	1.188569e+00
531	4.642605e-01	5.101894e-01	2.785051e+00
532	4.602489e-01	5.043565e-01	2.945286e+00
533	5.018231e-01	5.600359e-01	2.458720e+00
534	4.393102e-01	5.664678e-01	2.673669e+00
535	4.614076e-01	5.095176e-01	1.399609e+00
536	4.519217e-01	4.379788e-01	2.604299e+00
537	4.686255e-01	5.022447e-01	1.529555e+00
538	4.651595e-01	4.978606e-01	2.823156e+00
539	4.770149e-01	5.677114e-01	2.826087e+00
540	4.812866e-01	5.188380e-01	2.844651e+00
541	4.560076e-01	5.383718e-01	2.290669e+00
542	4.477783e-01	4.744723e-01	2.570103e+00
543	5.104976e-01	5.146794e-01	2.396190e+00
544	4.777193e-01	5.093215e-01	1.318515e+00
545	5.020373e-01	5.152761e-01	2.605276e+00
546	4.082258e-01	6.537537e-01	2.683439e+00
547	5.518233e-01	2.912800e-01	1.587201e+00
548	5.003873e-01	5.483276e-01	1.375183e+00
549	4.640046e-01	5.616143e-01	2.298486e+00
550	4.770220e-01	4.720991e-01	1.285296e+00
551	4.672630e-01	5.101057e-01	2.983390e+00
552	3.731945e-01	4.190436e-01	1.195408e+00
553	4.765492e-01	4.916471e-01	2.414753e+00
554	5.369150e-01	5.800168e-01	1.843185e+00
555	4.951457e-01	5.923252e-01	2.396190e+00
556	4.582447e-01	4.271319e-01	3.000000e+00
557	4.794707e-01	4.984531e-01	2.728383e+00
559	4.592177e-01	4.877898e-01	1.944797e+00
560	4.161569e-01	2.990447e-01	2.883732e+00
561	3.677556e-01	3.844784e-01	2.383488e+00
562	4.810552e-01	4.835327e-01	2.506595e+00
563	4.630873e-01	4.761461e-01	1.786517e+00
564	5.098188e-01	4.901869e-01	2.893503e+00
565	4.522166e-01	4.958930e-01	2.981436e+00
566	4.321497e-01	4.779861e-01	2.663898e+00
567	4.410146e-01	4.696243e-01	2.227162e+00
568	4.842592e-01	4.889338e-01	1.527601e+00
569	4.445246e-01	3.927260e-01	2.610161e+00
570	2.626492e-01	3.668841e-01	1.058622e+00
571	4.638205e-01	4.934816e-01	2.782120e+00
573	4.843741e-01	5.053282e-01	2.109917e+00
574	4.443148e-01	4.640280e-01	2.074744e+00
575	4.425166e-01	4.892058e-01	2.319003e+00
576	4.485740e-01	4.560928e-01	1.290181e+00
577	4.483192e-01	5.834617e-01	1.286273e+00
578	4.479870e-01	4.967762e-01	1.881290e+00
579	4.746215e-01	5.255947e-01	1.664387e+00
580	2.899274e-01	1.035671e-01	1.242306e+00
581	4.381743e-01	5.357416e-01	1.927211e+00
582	4.666069e-01	4.978835e-01	2.820225e+00
583	5.462095e-01	5.598455e-01	2.792868e+00
584	3.840332e-01	4.942808e-01	1.201270e+00
585	5.451667e-01	5.707483e-01	1.898876e+00
586	4.704976e-01	4.962915e-01	1.782609e+00
587	4.542599e-01	5.013382e-01	1.561798e+00
588	4.678617e-01	5.007296e-01	2.282853e+00
589	4.892251e-01	5.831014e-01	2.210552e+00
590	5.286278e-01	4.927382e-01	1.020518e+00
591	4.963635e-01	5.804778e-01	1.784563e+00
592	4.696355e-01	4.983038e-01	1.275525e+00
593	4.858241e-01	4.848326e-01	1.212995e+00
594	5.096893e-01	5.447054e-01	2.964827e+00
595	4.638273e-01	5.028648e-01	2.079629e+00
596	3.170515e-01	6.425020e-01	1.187592e+00
597	4.877896e-01	5.370910e-01	1.258915e+00
598	5.217190e-01	5.419470e-01	1.999511e+00
599	4.701165e-01	5.109643e-01	1.264778e+00
600	4.779542e-01	5.252409e-01	1.110405e+00
601	2.736739e-01	3.007780e-01	1.107474e+00
602	5.020562e-01	6.337314e-01	1.070347e+00
603	4.697093e-01	5.105804e-01	2.400098e+00
604	4.733277e-01	4.761040e-01	2.871031e+00
605	4.632633e-01	5.001823e-01	2.739130e+00
606	4.428953e-01	5.027584e-01	2.061065e+00
607	4.973241e-01	5.292698e-01	1.073278e+00
608	4.879505e-01	5.642808e-01	2.799707e+00
609	5.230278e-01	5.936992e-01	2.010259e+00
610	4.617684e-01	4.450179e-01	1.700537e+00
611	4.687531e-01	5.158308e-01	1.339033e+00
612	4.615193e-01	5.638169e-01	2.227162e+00
613	5.854714e-01	8.423516e-01	2.482169e+00
614	4.497757e-01	5.192569e-01	2.958964e+00
615	5.450065e-01	4.322401e-01	1.443576e+00
616	4.965331e-01	4.550702e-01	2.381534e+00
617	4.367589e-01	3.847079e-01	1.971177e+00
618	4.649371e-01	5.107696e-01	2.960918e+00
619	5.762357e-01	9.323040e-01	1.812897e+00
620	4.126131e-01	5.734434e-01	1.170982e+00
621	3.835027e-01	5.225085e-01	1.277479e+00
622	3.670824e-01	5.949925e-01	1.176844e+00
623	5.258930e-01	5.906320e-01	1.636053e+00
624	4.501970e-01	5.119168e-01	2.336590e+00
625	4.391908e-01	4.563566e-01	1.343918e+00
626	4.565850e-01	5.097554e-01	1.905716e+00
627	4.493727e-01	5.210904e-01	1.784563e+00
628	4.562498e-01	4.943870e-01	2.063996e+00
629	4.718825e-01	5.116154e-01	2.497802e+00
630	5.547142e-01	4.594165e-01	2.870054e+00
631	5.120215e-01	5.839077e-01	1.729849e+00
632	3.944250e-01	4.281576e-01	2.290669e+00
633	4.694684e-01	5.004149e-01	2.841720e+00
634	4.616102e-01	5.016585e-01	2.195896e+00
635	4.936172e-01	5.433952e-01	1.601856e+00
636	4.992894e-01	5.702082e-01	2.449927e+00
637	4.583811e-01	4.932724e-01	1.462140e+00
638	4.647444e-01	5.025969e-01	2.041524e+00
639	4.657392e-01	5.017782e-01	2.061065e+00
640	4.490425e-01	3.157916e-01	2.130435e+00
641	6.259334e-01	6.924860e-01	2.205667e+00
642	4.797087e-01	5.214121e-01	2.184172e+00
643	4.587741e-01	4.321952e-01	2.747924e+00
644	5.045870e-01	7.089488e-01	2.909135e+00
645	4.698683e-01	5.028632e-01	2.777235e+00
646	4.106616e-01	4.477665e-01	1.295066e+00
647	4.690562e-01	5.931942e-01	1.050806e+00
648	4.498477e-01	7.299189e-01	1.191500e+00
649	4.850002e-01	5.104023e-01	1.198339e+00
650	4.706598e-01	5.283286e-01	2.656082e+00
651	4.698624e-01	5.292606e-01	1.692721e+00
652	6.885723e-01	5.929055e-01	2.330728e+00
653	4.653150e-01	5.046852e-01	1.906693e+00
654	4.318504e-01	5.054257e-01	2.192965e+00
655	5.112862e-01	5.267637e-01	1.200293e+00
656	4.710339e-01	5.169148e-01	2.361016e+00
657	4.099108e-01	3.360591e-01	2.080606e+00
658	4.570568e-01	5.108922e-01	2.017098e+00
659	4.402701e-01	5.913493e-01	2.191011e+00
660	4.702588e-01	2.362732e-01	1.667318e+00
661	3.841266e-01	2.828770e-01	2.229116e+00
662	5.145332e-01	7.134048e-01	1.188569e+00
663	4.589432e-01	4.652568e-01	2.714704e+00
664	5.270238e-01	5.681774e-01	1.979971e+00
665	3.753733e-01	4.298218e-01	2.954079e+00
666	8.665847e-01	7.419709e-01	1.803127e+00
667	4.614798e-01	5.459670e-01	1.039082e+00
668	6.499911e-01	8.534622e-01	1.893014e+00
669	4.669462e-01	4.813425e-01	1.778701e+00
670	2.433649e-01	1.525539e-01	1.807035e+00
671	4.449616e-01	4.518524e-01	1.102589e+00
672	5.369398e-01	2.502947e-01	1.879336e+00
673	5.362124e-01	4.814166e-01	1.984856e+00
674	4.655014e-01	5.015861e-01	2.238886e+00
675	4.979212e-01	5.385129e-01	2.868100e+00
676	4.705121e-01	5.110324e-01	2.748901e+00
677	3.668304e-01	4.868814e-01	1.578407e+00
678	4.420030e-01	4.560094e-01	1.621397e+00
679	4.701710e-01	5.030425e-01	2.657059e+00
680	4.485532e-01	4.697933e-01	2.404983e+00
681	4.791043e-01	5.126688e-01	2.272106e+00
682	4.731879e-01	5.456031e-01	1.463117e+00
683	4.707258e-01	5.192014e-01	2.316072e+00
684	4.693664e-01	5.110889e-01	2.334636e+00
685	4.940508e-01	4.859850e-01	1.365413e+00
686	5.543112e-01	6.905957e-01	2.105032e+00
687	3.941820e-01	4.711044e-01	1.339033e+00
688	4.905695e-01	5.020701e-01	2.932584e+00
689	4.700251e-01	4.971637e-01	2.378603e+00
690	4.554725e-01	4.958013e-01	1.833415e+00
691	4.241974e-01	6.430946e-01	1.663410e+00
692	4.452119e-01	5.347651e-01	2.251588e+00
693	4.948902e-01	5.666766e-01	1.766976e+00
694	4.709731e-01	3.482574e-01	1.575476e+00
695	7.107693e-01	6.067536e-01	2.771373e+00
696	4.736073e-01	5.100617e-01	2.787005e+00
697	4.785976e-01	4.975632e-01	1.959453e+00
698	4.926450e-01	5.292733e-01	2.187103e+00
699	4.637943e-01	5.014366e-01	2.430386e+00
700	4.481240e-01	4.925742e-01	2.679531e+00
701	4.954643e-01	6.045716e-01	2.191988e+00
702	4.170923e-01	4.215551e-01	2.945286e+00
703	4.537466e-01	5.166340e-01	2.793845e+00
704	4.669715e-01	5.308384e-01	2.132389e+00
705	4.805157e-01	5.557226e-01	1.627259e+00
706	4.612826e-01	4.990067e-01	1.623351e+00
707	4.814552e-01	5.150483e-01	2.772350e+00
708	4.724921e-01	5.159805e-01	1.552027e+00
709	4.166210e-01	5.812215e-01	1.180752e+00
710	4.727407e-01	5.315412e-01	1.632145e+00
711	5.058334e-01	9.282969e-01	1.680997e+00
712	4.744890e-01	6.847482e-01	2.828041e+00
713	6.675156e-01	6.921494e-01	1.703468e+00
714	4.995097e-01	4.744405e-01	1.471910e+00
715	4.815506e-01	5.168512e-01	2.368832e+00
716	4.644737e-01	4.977462e-01	1.961407e+00
717	4.696214e-01	4.990203e-01	1.756229e+00
718	4.538339e-01	4.945401e-01	2.987298e+00
719	4.725913e-01	4.969971e-01	2.332682e+00
720	4.928416e-01	5.329348e-01	1.097704e+00
721	3.501700e-01	4.463047e-01	1.954568e+00
722	4.698111e-01	4.983544e-01	1.704446e+00
723	4.653434e-01	5.018638e-01	1.853933e+00
724	4.137150e-01	3.853828e-01	2.829995e+00
725	4.179935e-01	5.045766e-01	2.232047e+00
726	5.323323e-01	5.811113e-01	2.587689e+00
727	6.854206e-01	3.179741e-01	2.698095e+00
728	7.654920e-01	9.924655e-01	1.896922e+00
729	4.607982e-01	5.134169e-01	1.212995e+00
730	4.875599e-01	3.301684e-01	1.502198e+00
731	4.682686e-01	5.032486e-01	2.614069e+00
732	4.695651e-01	6.494360e-01	2.880801e+00
733	4.711188e-01	5.138577e-01	1.956522e+00
734	4.400523e-01	4.999915e-01	2.745970e+00
735	2.964971e-01	3.261855e-01	1.179775e+00
736	4.971061e-01	5.114739e-01	1.935027e+00
737	4.724172e-01	5.270496e-01	1.975085e+00
738	4.945788e-01	5.459782e-01	1.067416e+00
739	5.110143e-01	4.886117e-01	2.024915e+00
740	4.606830e-01	3.375691e-01	2.810454e+00
741	4.689463e-01	4.778429e-01	2.428432e+00
742	4.356981e-01	4.926531e-01	1.957499e+00
743	5.543146e-01	6.585219e-01	2.306302e+00
744	4.761751e-01	5.310813e-01	2.557401e+00
745	4.865291e-01	5.483510e-01	1.243283e+00
746	4.684491e-01	5.612675e-01	2.429409e+00
747	4.535367e-01	4.607038e-01	2.523205e+00
748	3.871882e-01	4.504886e-01	2.842697e+00
749	4.614961e-01	5.030898e-01	2.247680e+00
750	4.472215e-01	4.495431e-01	2.000489e+00
751	4.593285e-01	4.778215e-01	2.446019e+00
752	4.702227e-01	4.974681e-01	2.360039e+00
753	6.036451e-01	5.389738e-01	2.567171e+00
754	4.904935e-01	5.251574e-01	2.415730e+00
755	4.852160e-01	4.864310e-01	1.989741e+00
756	4.636862e-01	5.080151e-01	2.908158e+00
757	5.026128e-01	6.624228e-01	2.731314e+00
758	4.634540e-01	4.985643e-01	2.544700e+00
759	4.656370e-01	5.023839e-01	2.890572e+00
760	4.659979e-01	4.988241e-01	1.654617e+00
761	4.675643e-01	5.048574e-01	1.008793e+00
762	4.955823e-01	5.484847e-01	1.260870e+00
763	4.097695e-01	3.903325e-01	1.347826e+00
764	4.499165e-01	5.081590e-01	1.325354e+00
765	4.609345e-01	5.001319e-01	1.420127e+00
766	4.387753e-01	4.855803e-01	2.845628e+00
767	4.205580e-01	5.101084e-01	1.853933e+00
768	4.537844e-01	4.916246e-01	1.303859e+00
769	5.096836e-01	6.254183e-01	1.294089e+00
770	8.746472e-01	1.003399e-01	1.675134e+00
771	5.481557e-01	5.259610e-01	2.417684e+00
772	5.017093e-01	5.276650e-01	2.053249e+00
773	4.566189e-01	5.271108e-01	1.276502e+00
774	3.951198e-01	5.235254e-01	2.779189e+00
775	3.463586e-01	8.252925e-01	1.984856e+00
776	3.746100e-01	5.602507e-01	2.295554e+00
777	4.697101e-01	5.047860e-01	1.652662e+00
778	4.766435e-01	5.131784e-01	2.464582e+00
779	4.615825e-01	5.010665e-01	1.763068e+00
780	4.497796e-01	5.027230e-01	2.026869e+00
781	5.439510e-01	5.663488e-01	1.160234e+00
782	5.854784e-01	4.227977e-01	2.302394e+00
783	4.655240e-01	4.663710e-01	1.384954e+00
784	4.569185e-01	4.312228e-01	2.598437e+00
785	4.429786e-01	4.083115e-01	2.130435e+00
786	4.836071e-01	4.930377e-01	1.690767e+00
787	4.831406e-01	4.811312e-01	1.940889e+00
788	4.719030e-01	5.199323e-01	2.099170e+00
