789
0	9.454047e-01	4.368466e-01	1.398632e+00
1	3.151295e-01	4.297426e-01	1.108451e+00
2	4.759627e-01	4.976175e-01	2.925745e+00
3	4.764657e-01	6.159529e-01	2.732291e+00
4	5.043483e-01	4.421568e-01	1.257938e+00
5	5.109622e-01	4.102703e-01	2.424524e+00
6	4.680814e-01	6.454091e-01	1.383000e+00
7	5.040212e-01	4.740787e-01	2.705911e+00
8	4.998077e-01	4.863145e-01	2.442110e+00
9	4.808157e-01	5.253782e-01	2.233024e+00
10	4.641505e-01	5.019568e-01	2.376649e+00
11	4.767538e-01	5.443088e-01	1.556913e+00
12	4.547748e-01	5.863256e-01	2.950171e+00
13	4.573500e-01	4.757661e-01	1.066439e+00
14	4.801459e-01	5.174172e-01	1.626282e+00
15	6.004588e-01	5.740275e-01	1.306790e+00
16	4.779345e-01	5.252852e-01	2.902296e+00
17	4.378158e-01	6.316934e-01	1.195408e+00
18	4.955961e-01	5.588299e-01	1.785540e+00
19	4.638028e-01	5.638678e-01	1.248168e+00
20	5.018779e-01	5.605736e-01	1.863703e+00
21	4.134670e-01	4.323053e-01	2.671715e+00
22	4.765081e-01	5.287662e-01	2.487054e+00
23	4.025633e-01	6.913973e-01	1.946751e+00
24	4.098397e-01	5.745497e-01	1.303859e+00
25	3.741602e-01	6.877198e-01	2.152907e+00
26	4.706953e-01	5.117064e-01	1.388862e+00
27	4.770577e-01	5.573431e-01	1.591109e+00
28	4.795813e-01	5.873793e-01	2.205667e+00
29	4.819701e-01	4.876574e-01	2.181241e+00
30	5.885750e-01	5.641887e-01	1.475818e+00
31	3.958321e-01	4.559831e-01	2.309233e+00
32	4.951578e-01	5.209330e-01	2.073766e+00
33	4.681375e-01	3.373710e-01	2.331705e+00
34	4.590162e-01	5.605585e-01	1.126038e+00
35	5.095192e-01	5.256493e-01	2.235955e+00
36	6.287402e-01	7.041195e-01	2.805569e+00
37	4.806545e-01	4.974277e-01	2.555447e+00
38	4.907302e-01	4.996203e-01	2.559355e+00
39	4.773677e-01	5.312780e-01	1.895945e+00
40	4.841185e-01	5.761042e-01	1.282364e+00
41	5.078814e-01	4.140430e-01	2.750855e+00
42	4.771257e-01	5.332702e-01	2.412799e+00
43	4.539958e-01	5.085229e-01	2.557401e+00
44	4.785002e-01	5.223401e-01	1.648754e+00
45	4.977241e-01	6.249741e-01	1.721055e+00
46	5.008904e-01	4.208034e-01	2.588666e+00
47	4.615665e-01	5.125570e-01	1.525647e+00
48	4.815002e-01	5.175115e-01	2.751832e+00
49	5.183507e-01	5.829087e-01	2.625794e+00
50	4.894161e-01	6.197473e-01	1.663410e+00
51	4.793909e-01	5.259486e-01	2.560332e+00
52	4.916365e-01	5.032159e-01	1.696629e+00
53	5.018270e-01	5.062099e-01	1.506106e+00
54	4.815805e-01	5.287152e-01	2.675623e+00
55	4.377781e-01	5.909038e-01	2.497802e+00
56	4.372327e-01	6.131651e-01	1.031265e+00
57	5.160881e-01	4.395610e-01	2.361993e+00
58	5.207474e-01	4.179352e-01	1.866634e+00
59	7.227495e-01	7.640297e-01	2.930630e+00
60	5.717855e-01	8.200811e-01	1.503175e+00
61	4.713975e-01	5.086973e-01	2.449927e+00
62	4.655228e-01	5.144758e-01	2.831949e+00
63	4.835952e-01	4.878210e-01	2.317049e+00
64	4.822621e-01	5.536803e-01	2.353200e+00
65	4.809387e-01	5.256474e-01	2.575965e+00
66	5.946444e-01	5.588015e-01	2.922814e+00
67	4.997601e-01	4.601781e-01	2.289692e+00
68	5.098909e-01	5.531120e-01	2.766488e+00
69	5.041723e-01	3.978036e-01	1.522716e+00
70	4.896580e-01	5.302987e-01	2.769419e+00
71	4.879242e-01	4.972129e-01	1.110405e+00
72	4.965940e-01	4.758768e-01	1.412311e+00
73	7.078691e-01	4.618681e-01	1.951637e+00
74	4.563666e-01	4.287509e-01	1.449438e+00
75	2.562278e-01	5.073782e-01	2.176356e+00
76	4.896174e-01	6.249950e-01	1.212995e+00
77	5.120286e-01	5.447503e-01	1.872496e+00
78	4.758182e-01	5.299001e-01	1.606742e+00
79	4.785533e-01	5.384709e-01	1.183683e+00
80	4.698355e-01	6.207760e-01	2.736199e+00
81	4.776549e-01	5.259738e-01	1.617489e+00
82	4.526267e-01	4.203072e-01	2.456766e+00
83	4.935264e-01	5.550390e-01	1.406448e+00
84	4.030786e-01	5.663979e-01	2.453835e+00
85	4.856548e-01	5.198877e-01	2.712750e+00
86	4.825738e-01	5.105384e-01	2.877870e+00
87	5.210669e-01	7.275004e-01	1.533464e+00
88	4.429384e-01	4.578247e-01	2.169516e+00
89	5.673230e-01	2.864139e-01	2.483146e+00
90	4.559058e-01	6.383052e-01	1.538349e+00
91	4.707764e-01	5.247533e-01	1.117245e+00
92	4.842165e-01	5.036475e-01	2.709819e+00
93	4.193846e-01	5.841646e-01	2.929653e+00
94	4.304540e-01	5.777075e-01	2.125550e+00
95	4.336096e-01	4.660602e-01	2.148999e+00
96	4.741994e-01	5.021201e-01	1.206155e+00
97	7.364897e-01	4.352754e-01	2.689301e+00
98	4.808979e-01	5.093596e-01	1.997557e+00
99	4.217521e-01	4.282236e-01	1.753298e+00
100	4.791602e-01	5.105171e-01	1.491451e+00
101	4.801978e-01	5.249247e-01	2.381534e+00
102	4.571938e-01	4.392855e-01	1.837323e+00
103	4.349238e-01	5.984179e-01	2.723498e+00
104	4.911262e-01	5.893651e-01	1.216903e+00
105	4.986609e-01	4.829673e-01	1.385931e+00
106	1.700517e-01	4.432247e-01	1.094773e+00
107	4.585750e-01	5.527938e-01	1.887152e+00
108	3.201441e-01	5.439623e-01	1.869565e+00
109	3.158226e-01	4.247169e-01	2.657059e+00
110	4.795698e-01	4.342332e-01	1.905716e+00
111	5.004375e-01	5.176646e-01	2.319980e+00
112	1.702869e-01	3.583078e-01	1.549096e+00
113	7.051864e-01	4.038098e-01	1.155349e+00
114	4.776599e-01	5.337199e-01	1.261847e+00
115	4.931979e-01	5.570656e-01	1.308745e+00
116	6.437484e-02	2.800631e-01	1.148510e+00
117	4.848400e-01	4.723381e-01	1.865657e+00
118	4.872845e-01	6.222953e-01	2.988276e+00
119	5.105023e-01	5.544142e-01	1.479726e+00
120	4.744139e-01	5.079989e-01	2.095261e+00
121	4.482786e-01	6.371099e-01	2.442110e+00
122	6.535263e-01	6.778671e-01	1.070347e+00
123	5.126201e-01	5.512677e-01	1.417196e+00
124	4.820567e-01	5.171933e-01	2.817294e+00
125	5.382296e-01	8.528999e-01	1.164143e+00
126	4.504153e-01	6.370875e-01	2.738153e+00
127	3.380006e-01	3.055028e-01	2.338544e+00
128	6.865526e-01	7.388036e-01	1.282364e+00
129	4.902779e-01	4.991915e-01	2.676600e+00
130	6.870039e-01	7.392963e-01	2.443087e+00
131	8.450875e-01	6.971475e-02	2.375672e+00
132	2.797296e-01	4.243476e-01	1.220811e+00
133	2.409240e-01	5.146937e-01	2.407914e+00
134	4.943384e-01	6.312094e-01	2.277968e+00
135	4.515341e-01	5.197223e-01	2.409868e+00
136	4.760961e-01	4.930578e-01	2.083537e+00
137	5.853624e-01	5.693074e-01	2.286761e+00
138	2.350112e-01	5.083117e-01	1.194431e+00
139	4.911148e-01	5.428112e-01	2.818271e+00
140	5.108371e-01	4.097560e-01	2.827064e+00
141	4.625937e-01	5.383302e-01	1.684905e+00
142	4.795349e-01	5.143487e-01	1.999511e+00
143	4.852473e-01	4.821460e-01	1.956522e+00
144	5.105119e-01	5.528147e-01	2.323889e+00
145	4.826933e-01	4.252023e-01	2.501710e+00
146	3.695380e-01	4.680189e-01	2.395213e+00
147	4.027483e-01	4.228492e-01	2.719590e+00
148	4.803208e-01	5.263630e-01	2.937469e+00
149	4.765627e-01	4.329808e-01	2.803615e+00
150	4.462615e-01	4.738391e-01	1.794333e+00
151	4.938181e-01	5.201400e-01	2.611138e+00
152	4.522655e-01	4.779667e-01	1.724963e+00
153	5.070561e-01	5.210396e-01	1.983879e+00
154	4.746886e-01	5.265320e-01	2.181241e+00
155	4.386040e-01	4.562620e-01	1.295066e+00
156	4.727693e-01	5.055221e-01	1.970200e+00
157	4.899071e-01	5.182589e-01	2.387396e+00
158	5.855044e-01	5.029294e-01	2.386419e+00
159	4.444240e-01	4.318900e-01	2.647289e+00
160	4.902309e-01	4.998595e-01	1.686859e+00
161	4.865043e-01	5.354737e-01	1.553981e+00
162	4.441572e-01	6.295384e-01	1.764045e+00
163	4.762286e-01	3.506347e-01	1.632145e+00
164	4.812105e-01	5.267592e-01	1.235467e+00
165	4.763848e-01	5.375780e-01	2.251588e+00
166	4.919965e-01	5.240258e-01	1.751343e+00
167	5.741183e-01	4.954720e-01	1.715193e+00
168	4.821262e-01	5.244199e-01	2.109917e+00
169	4.850336e-01	4.328484e-01	2.137274e+00
170	5.858564e-01	5.677523e-01	2.099170e+00
171	4.883601e-01	6.236132e-01	2.057157e+00
172	4.808694e-01	5.374029e-01	2.246702e+00
173	4.917658e-01	5.466820e-01	1.894968e+00
174	4.823624e-01	5.001130e-01	2.453835e+00
175	4.719364e-01	5.623145e-01	2.834880e+00
176	5.483672e-01	5.106337e-01	2.215437e+00
177	4.878374e-01	5.050297e-01	2.153884e+00
178	4.824558e-01	5.211582e-01	2.475330e+00
179	5.111533e-01	5.900341e-01	1.274548e+00
180	4.573646e-01	5.187264e-01	2.127504e+00
181	4.691644e-01	5.211171e-01	1.790425e+00
182	7.156472e-01	6.532809e-01	1.736688e+00
183	4.986798e-01	4.450221e-01	1.692721e+00
184	5.201368e-01	4.122064e-01	2.042501e+00
185	5.049916e-01	4.446829e-01	1.468979e+00
186	4.960075e-01	5.298111e-01	1.784563e+00
187	9.377844e-01	8.409107e-01	2.653151e+00
188	4.775503e-01	5.692926e-01	1.839277e+00
189	4.840189e-01	5.210158e-01	1.175867e+00
190	3.894576e-01	5.922243e-01	2.807523e+00
191	6.374473e-01	3.904093e-01	2.811431e+00
192	5.247163e-01	5.466882e-01	1.192477e+00
193	1.909737e-01	5.176660e-01	1.620420e+00
194	2.081634e-01	5.407167e-01	2.624817e+00
195	4.802145e-01	5.222605e-01	2.806546e+00
196	5.112851e-01	4.452399e-01	1.763068e+00
197	2.923255e-01	1.595388e-01	2.060088e+00
198	3.878774e-01	5.959725e-01	2.458720e+00
199	5.172591e-01	4.178198e-01	2.463605e+00
200	2.941526e-01	3.318293e-01	1.141671e+00
201	4.721344e-01	5.341723e-01	1.146556e+00
202	5.093745e-01	4.116253e-01	1.395701e+00
203	4.611972e-01	5.180954e-01	1.755252e+00
204	4.930682e-01	4.775859e-01	2.901319e+00
205	5.112382e-01	4.464290e-01	2.123596e+00
206	3.078410e-01	3.424257e-01	1.652662e+00
207	4.828416e-01	5.578119e-01	1.199316e+00
208	4.607642e-01	5.641500e-01	2.170493e+00
209	5.218671e-01	5.937259e-01	2.733268e+00
210	4.404967e-01	4.442849e-01	1.545188e+00
211	4.764907e-01	5.145616e-01	1.376160e+00
212	4.819667e-01	5.303616e-01	1.621397e+00
213	4.879524e-01	5.276793e-01	1.883244e+00
214	4.852158e-01	5.242395e-01	1.612604e+00
215	4.860352e-01	5.124310e-01	2.909135e+00
216	4.861190e-01	5.046084e-01	1.354665e+00
217	4.695104e-01	5.233664e-01	2.770396e+00
218	3.655084e-01	4.683270e-01	2.148999e+00
219	4.756126e-01	5.480001e-01	2.624817e+00
220	3.827620e-01	5.612042e-01	2.697118e+00
221	5.041022e-01	5.238864e-01	1.938935e+00
222	7.407520e-01	4.979309e-01	1.854910e+00
223	4.482404e-01	4.598985e-01	2.625794e+00
224	4.897957e-01	5.986618e-01	2.984367e+00
225	4.869950e-01	6.532496e-01	2.693210e+00
226	4.771766e-01	5.409424e-01	2.276014e+00
227	4.898443e-01	6.128137e-01	1.245237e+00
228	4.827535e-01	5.229484e-01	1.489497e+00
229	4.882467e-01	5.255240e-01	2.305325e+00
230	4.663309e-01	5.392815e-01	2.689301e+00
231	5.057602e-01	5.043460e-01	1.346849e+00
232	4.493975e-01	5.767202e-01	2.447973e+00
233	4.640228e-01	4.823592e-01	1.591109e+00
234	2.543850e-01	5.233826e-01	1.931119e+00
235	4.858927e-01	5.102791e-01	2.687347e+00
236	4.804777e-01	5.261478e-01	2.787982e+00
237	4.796734e-01	5.269543e-01	1.510015e+00
238	4.870046e-01	4.820349e-01	2.193942e+00
239	4.968699e-01	4.821198e-01	2.918906e+00
240	5.020631e-01	4.491696e-01	1.734734e+00
241	4.960091e-01	5.673319e-01	1.119199e+00
242	3.920372e-01	5.074592e-01	1.631168e+00
243	5.167854e-01	5.619489e-01	1.258915e+00
244	4.691566e-01	4.846123e-01	2.458720e+00
245	4.104076e-01	4.254981e-01	2.134343e+00
246	4.830922e-01	5.205869e-01	2.662921e+00
247	4.726987e-01	5.364225e-01	2.924768e+00
248	5.026115e-01	5.137141e-01	2.983390e+00
249	6.909504e-01	5.905941e-02	2.305325e+00
250	6.728501e-01	2.202984e-01	2.763556e+00
251	6.524721e-01	1.232246e-01	2.374695e+00
252	4.725562e-01	5.172743e-01	1.703468e+00
253	4.452153e-01	4.745965e-01	1.246214e+00
254	5.428946e-01	3.823528e-01	2.925745e+00
255	4.911177e-01	5.011501e-01	1.857841e+00
256	4.852318e-01	5.057163e-01	2.601368e+00
257	4.818861e-01	4.849634e-01	2.413776e+00
258	5.009648e-01	5.183994e-01	2.569126e+00
259	2.248095e-01	5.212544e-01	1.865657e+00
260	4.815467e-01	5.228199e-01	2.574988e+00
261	4.825423e-01	5.561426e-01	1.598925e+00
262	6.377361e-01	5.267767e-01	2.264289e+00
263	3.988054e-01	5.636455e-01	1.176844e+00
264	4.610443e-01	6.047300e-01	1.061553e+00
265	4.889371e-01	4.994408e-01	2.526136e+00
266	4.731542e-01	6.138409e-01	1.928188e+00
267	4.649908e-01	4.742210e-01	2.006351e+00
268	4.885856e-01	4.600274e-01	1.041036e+00
269	5.830198e-01	5.969528e-01	1.793356e+00
270	5.046202e-01	4.317315e-01	1.860772e+00
271	5.137982e-01	6.310745e-01	1.389839e+00
272	4.776699e-01	5.221295e-01	1.052760e+00
273	5.040453e-01	4.303455e-01	1.156326e+00
274	4.482908e-01	4.626764e-01	1.981925e+00
275	6.998885e-01	7.477985e-01	2.256473e+00
276	4.709749e-01	5.547103e-01	2.368832e+00
277	5.058417e-01	5.158516e-01	2.024915e+00
278	6.816668e-01	7.381259e-01	1.266732e+00
279	4.692821e-01	5.548492e-01	1.348803e+00
280	4.491804e-01	4.417722e-01	2.472399e+00
281	4.883952e-01	5.101450e-01	2.288715e+00
282	4.866060e-01	4.276859e-01	2.745970e+00
283	4.847306e-01	5.727436e-01	2.490962e+00
284	4.450845e-01	4.552014e-01	2.515388e+00
285	5.369974e-01	6.069035e-01	1.545188e+00
286	4.800196e-01	5.470753e-01	2.662921e+00
287	5.038833e-01	4.323373e-01	2.264289e+00
288	4.541193e-01	4.081034e-01	2.905227e+00
289	4.424504e-01	4.488741e-01	1.058622e+00
290	3.836818e-01	5.383384e-01	2.152907e+00
291	7.321230e-01	9.654190e-02	2.784074e+00
292	4.772153e-01	5.158489e-01	2.445042e+00
293	2.352097e-01	3.700856e-01	2.852467e+00
294	4.857605e-01	4.385492e-01	2.070835e+00
295	5.190241e-01	5.612724e-01	1.406448e+00
296	4.203842e-01	7.804336e-01	1.751343e+00
297	5.385463e-01	5.521355e-01	2.077675e+00
298	2.511014e-01	4.177339e-01	1.601856e+00
299	4.729878e-01	5.445008e-01	2.048363e+00
300	4.447508e-01	4.481137e-01	2.781143e+00
301	4.786034e-01	5.239372e-01	2.779189e+00
302	5.079949e-01	4.158459e-01	2.617978e+00
303	5.077460e-01	4.780170e-01	1.698583e+00
304	2.553039e-01	4.056854e-01	1.948705e+00
305	4.767297e-01	5.376436e-01	1.416219e+00
306	3.712074e-01	2.704244e-01	1.745481e+00
307	4.720211e-01	5.592677e-01	2.291646e+00
308	4.348224e-02	3.927444e-01	1.868588e+00
309	4.962922e-01	6.360848e-01	2.511480e+00
310	4.630632e-01	5.540562e-01	2.596483e+00
311	4.788460e-01	6.288550e-01	2.855398e+00
312	4.689715e-01	5.223635e-01	1.312653e+00
313	5.044906e-01	4.349391e-01	1.787494e+00
314	4.807212e-01	5.179289e-01	2.252565e+00
315	5.059086e-01	4.271434e-01	1.978017e+00
316	4.270592e-01	4.498945e-01	2.965804e+00
317	4.866146e-01	4.989485e-01	2.221299e+00
318	6.213384e-01	4.040552e-01	1.701514e+00
319	4.790736e-01	6.022187e-01	1.135809e+00
320	4.642318e-01	5.018533e-01	2.997069e+00
321	7.038967e-01	5.631567e-02	2.470445e+00
322	4.403857e-01	4.584195e-01	2.362970e+00
323	4.792512e-01	5.460423e-01	2.553493e+00
324	4.517444e-01	4.671971e-01	1.347826e+00
325	1.789701e-01	6.327623e-02	2.896434e+00
326	4.907837e-01	5.247325e-01	1.857841e+00
327	3.942255e-01	4.995526e-01	1.669272e+00
328	4.774411e-01	4.991398e-01	1.726917e+00
329	5.060802e-01	4.189454e-01	2.604299e+00
330	4.746466e-01	4.976111e-01	2.089399e+00
331	5.087934e-01	5.238178e-01	1.552027e+00
332	4.886008e-01	6.383016e-01	1.769907e+00
333	4.739419e-01	5.692132e-01	1.382022e+00
334	5.091088e-01	4.355571e-01	2.510503e+00
335	5.300808e-01	5.222333e-01	1.640938e+00
336	4.860033e-01	5.189755e-01	2.933561e+00
337	4.403065e-01	4.578224e-01	1.033219e+00
338	3.808390e-01	5.097009e-01	1.408403e+00
339	4.831251e-01	5.065678e-01	2.767465e+00
340	4.765840e-01	5.370929e-01	1.526624e+00
341	5.194655e-01	4.355804e-01	1.456277e+00
342	4.532563e-01	5.064750e-01	1.054714e+00
343	4.195096e-01	5.858510e-01	2.601368e+00
344	4.515882e-01	4.676757e-01	2.193942e+00
345	8.039395e-01	1.830122e-01	2.321935e+00
346	4.816165e-01	5.562587e-01	1.564729e+00
347	5.013974e-01	5.292202e-01	1.679043e+00
348	5.231060e-01	5.800445e-01	2.034685e+00
349	4.551594e-01	5.058837e-01	2.564240e+00
350	4.045173e-01	3.648216e-01	2.311187e+00
351	4.121482e-01	5.815080e-01	1.297997e+00
352	4.874040e-01	4.992407e-01	2.873962e+00
353	5.198026e-01	4.870304e-01	2.202736e+00
354	4.806462e-01	5.205955e-01	2.653151e+00
355	3.751525e-01	2.895795e-01	2.461651e+00
356	4.876387e-01	5.045132e-01	1.679043e+00
357	4.312707e-01	4.271487e-01	2.991207e+00
358	5.331504e-01	4.271684e-01	2.857352e+00
359	4.933378e-01	6.558608e-01	1.913532e+00
360	4.022113e-01	4.287870e-01	1.216903e+00
361	2.966393e-01	7.377523e-01	1.214949e+00
362	5.131128e-01	5.491806e-01	1.005862e+00
363	4.710335e-01	5.320281e-01	2.227162e+00
364	4.986894e-01	5.127179e-01	1.723009e+00
365	4.213342e-01	8.480086e-01	1.491451e+00
366	4.512199e-01	5.223030e-01	1.692721e+00
367	4.658637e-01	5.268946e-01	1.154372e+00
368	4.860523e-01	5.106084e-01	1.851001e+00
369	4.764705e-01	5.312421e-01	2.418661e+00
370	5.813585e-01	5.697759e-01	1.874450e+00
371	5.059891e-01	6.311257e-01	1.591109e+00
372	4.865319e-01	5.219230e-01	2.199805e+00
373	6.506472e-01	6.705856e-01	2.208598e+00
374	5.053552e-01	4.515428e-01	1.322423e+00
375	5.095448e-01	4.511381e-01	2.361016e+00
376	3.727835e-01	5.648192e-01	1.815828e+00
377	4.801844e-01	5.263153e-01	1.328285e+00
378	4.848712e-01	5.077897e-01	1.883244e+00
379	8.322276e-01	9.266185e-01	1.599902e+00
380	5.558663e-01	3.674433e-01	2.343429e+00
381	4.557988e-01	5.190858e-01	1.835369e+00
382	1.469180e-01	8.523862e-01	1.065462e+00
383	5.027277e-01	5.195820e-01	1.698583e+00
384	4.116302e-01	4.744839e-01	2.761602e+00
385	6.979305e-01	3.947129e-01	1.961407e+00
386	3.930957e-01	5.044846e-01	2.449927e+00
387	5.049740e-01	5.010518e-01	2.669761e+00
388	4.051980e-01	4.415790e-01	2.597460e+00
389	4.787331e-01	5.374522e-01	2.960918e+00
390	4.736621e-01	5.564674e-01	1.655594e+00
391	4.725600e-01	5.922368e-01	2.572057e+00
392	4.892656e-01	5.058605e-01	1.234489e+00
393	5.052390e-01	5.248967e-01	1.607719e+00
394	4.891789e-01	5.274073e-01	2.643381e+00
395	3.415595e-01	7.752882e-01	1.233512e+00
396	1.769328e-01	3.494326e-01	2.058134e+00
397	6.960353e-01	5.424860e-01	1.083048e+00
398	2.344849e-01	3.658593e-01	2.453835e+00
399	5.581758e-01	5.426139e-01	2.169516e+00
400	4.602219e-01	6.359114e-01	1.634099e+00
401	5.554803e-01	4.681466e-01	1.314607e+00
402	4.863738e-01	5.420742e-01	2.292623e+00
403	3.870733e-01	4.144971e-01	1.759160e+00
404	5.566585e-01	6.191854e-01	2.942355e+00
405	4.659086e-01	6.042852e-01	1.358574e+00
406	4.951995e-01	4.954201e-01	1.474841e+00
407	3.344255e-01	1.799320e-01	2.850513e+00
408	5.603036e-01	5.048576e-01	2.543723e+00
409	4.714474e-01	5.229945e-01	1.170005e+00
410	4.960817e-01	5.080637e-01	2.011236e+00
411	3.799518e-01	5.131512e-01	2.982413e+00
412	1.215438e-01	4.363848e-01	1.578407e+00
413	4.598530e-01	6.115422e-01	2.904250e+00
414	4.849382e-01	5.057806e-01	2.948217e+00
415	4.781896e-01	5.270017e-01	1.856864e+00
416	4.791760e-01	5.888653e-01	1.780655e+00
417	4.960414e-01	5.225424e-01	1.223742e+00
418	4.779371e-01	5.051016e-01	2.928676e+00
419	4.642873e-01	5.130102e-01	1.055691e+00
420	4.858233e-01	5.130695e-01	2.823156e+00
421	4.812617e-01	5.221150e-01	2.886663e+00
422	4.847723e-01	5.178115e-01	1.391793e+00
423	5.681251e-01	4.401380e-01	1.467025e+00
424	4.680588e-01	5.700464e-01	1.512946e+00
425	3.313385e-01	1.875779e-01	1.960430e+00
426	3.363763e-01	1.867718e-01	2.254519e+00
427	4.453903e-01	4.588031e-01	2.899365e+00
428	5.182611e-01	4.989967e-01	1.247191e+00
429	4.529562e-01	5.174953e-01	1.802149e+00
430	4.603484e-01	5.363464e-01	1.663410e+00
431	4.417312e-01	4.598386e-01	2.556424e+00
432	3.365268e-01	1.850111e-01	2.947240e+00
433	4.502206e-01	5.171477e-01	2.475330e+00
434	4.448072e-01	4.642304e-01	2.923791e+00
435	5.753789e-01	5.544948e-01	2.906204e+00
436	5.240619e-02	9.069871e-01	2.668784e+00
437	4.609084e-01	5.639964e-01	2.476307e+00
438	5.806079e-01	5.911556e-01	2.065950e+00
439	4.807981e-01	5.236178e-01	1.983879e+00
440	4.641061e-01	4.158511e-01	1.637030e+00
441	4.388024e-01	5.301238e-01	1.338056e+00
442	4.842699e-01	4.167557e-01	2.406937e+00
443	2.086140e-01	5.385216e-01	1.422081e+00
444	5.078620e-01	4.077175e-01	2.956033e+00
445	4.832486e-01	5.277656e-01	2.601368e+00
446	4.803120e-01	5.014747e-01	1.846116e+00
447	4.731703e-01	5.450514e-01	1.264778e+00
448	4.770093e-01	6.220401e-01	1.119199e+00
449	4.789364e-01	5.889027e-01	1.956522e+00
450	2.296719e-01	3.657431e-01	2.971666e+00
451	4.736126e-01	5.277199e-01	2.149976e+00
452	3.877234e-01	4.536368e-01	1.574499e+00
453	5.283301e-01	3.970933e-01	1.775769e+00
454	9.282814e-01	6.434019e-01	1.542257e+00
455	4.704871e-01	5.180639e-01	2.984367e+00
456	4.801588e-01	4.910941e-01	1.577430e+00
457	5.945429e-01	5.039899e-01	2.955056e+00
458	5.257838e-01	5.407435e-01	2.865169e+00
459	5.115360e-01	6.062515e-01	1.672203e+00
460	6.836487e-01	7.374058e-01	1.198339e+00
461	5.304457e-01	5.936141e-01	2.513434e+00
462	5.255378e-01	4.023674e-01	1.853933e+00
463	4.720197e-01	5.528873e-01	2.858329e+00
464	3.938794e-01	5.045028e-01	1.574499e+00
465	5.447775e-01	5.736457e-01	1.432829e+00
466	4.774832e-01	5.205364e-01	1.500244e+00
467	4.657574e-01	5.570450e-01	1.323400e+00
468	4.544297e-01	5.297896e-01	2.147044e+00
469	4.843204e-01	5.077496e-01	2.698095e+00
470	4.786191e-01	5.232467e-01	1.364436e+00
471	4.783869e-01	6.078640e-01	2.076698e+00
472	4.795718e-01	5.305048e-01	2.011236e+00
473	5.715691e-01	7.385662e-01	1.215926e+00
474	4.778138e-01	5.210637e-01	2.299463e+00
475	4.289674e-01	4.429716e-01	1.683928e+00
476	4.502688e-01	5.165232e-01	2.081583e+00
477	4.760664e-01	5.639391e-01	2.350269e+00
478	2.653252e-01	2.408011e-01	2.728383e+00
479	5.201517e-01	6.309059e-01	1.194431e+00
480	5.118210e-01	5.491186e-01	2.515388e+00
481	2.978561e-01	7.214002e-01	1.865657e+00
482	5.512507e-01	6.029938e-01	1.802149e+00
483	4.695595e-01	6.332050e-01	1.367367e+00
484	5.104337e-01	4.122801e-01	1.148510e+00
485	5.742719e-01	7.375830e-01	2.427455e+00
486	4.454776e-01	6.367339e-01	2.196873e+00
487	4.376457e-01	4.522716e-01	2.386419e+00
488	4.703811e-01	5.766712e-01	1.294089e+00
489	4.238914e-01	6.094761e-01	1.687836e+00
490	5.473707e-01	5.736979e-01	1.146556e+00
491	3.987237e-01	5.732447e-01	1.597948e+00
492	5.371328e-01	5.481878e-01	2.412799e+00
493	5.129637e-01	4.240684e-01	1.227650e+00
494	5.141333e-01	5.535418e-01	2.522228e+00
495	4.885480e-01	6.249514e-01	1.437714e+00
496	4.803204e-01	5.581416e-01	1.523693e+00
497	5.591142e-01	5.941139e-01	1.221788e+00
498	4.509703e-01	4.383428e-01	1.652662e+00
499	5.137888e-01	5.532690e-01	1.269663e+00
500	4.898442e-01	5.275866e-01	2.967758e+00
501	4.760205e-01	5.218428e-01	2.546654e+00
502	5.998264e-01	5.233793e-01	1.818759e+00
503	4.801653e-01	5.768281e-01	1.919394e+00
504	4.701227e-01	5.225448e-01	2.563263e+00
505	4.782114e-01	5.196442e-01	1.451392e+00
506	3.725546e-01	5.518406e-01	1.718124e+00
507	4.883413e-01	5.012898e-01	1.207132e+00
508	4.858891e-01	5.047053e-01	1.236444e+00
509	4.171666e-01	5.556670e-01	2.622863e+00
510	3.899036e-01	5.050373e-01	2.549585e+00
511	4.890817e-01	5.283113e-01	2.966781e+00
512	5.756757e-01	5.772437e-01	2.395213e+00
513	4.501622e-01	4.700807e-01	1.534441e+00
514	4.807908e-01	5.539789e-01	1.550073e+00
515	5.144747e-01	4.148310e-01	1.610650e+00
516	4.104651e-01	5.793504e-01	1.612604e+00
517	4.809016e-01	5.280520e-01	1.086957e+00
518	3.662685e-01	4.680116e-01	2.282853e+00
519	1.165421e-01	7.774627e-02	1.573522e+00
520	4.586103e-01	4.865170e-01	2.497802e+00
521	4.753595e-01	5.441547e-01	1.752320e+00
522	3.338446e-01	2.509795e-01	1.589155e+00
523	4.745291e-01	4.814253e-01	1.209086e+00
524	4.422924e-01	6.016842e-01	2.755740e+00
525	5.793495e-01	5.097793e-01	1.499267e+00
526	4.785135e-01	5.476011e-01	1.014656e+00
527	5.547916e-01	8.156976e-01	2.891549e+00
528	4.740162e-01	5.470523e-01	2.478261e+00
529	3.170094e-01	4.266325e-01	1.898876e+00
530	4.742359e-01	5.243445e-01	1.188569e+00
531	4.757880e-01	5.374535e-01	2.785051e+00
532	4.807814e-01	5.187349e-01	2.945286e+00
533	4.482652e-01	6.175681e-01	2.458720e+00
534	4.101693e-01	4.266752e-01	2.673669e+00
535	4.559112e-01	5.225440e-01	1.399609e+00
536	4.669204e-01	5.581986e-01	2.604299e+00
537	4.869602e-01	5.210001e-01	1.529555e+00
538	4.812630e-01	5.272442e-01	2.823156e+00
539	4.311269e-01	4.372087e-01	2.826087e+00
540	4.798938e-01	5.107573e-01	2.844651e+00
541	5.279570e-01	5.153357e-01	2.290669e+00
542	4.891063e-01	5.280909e-01	2.570103e+00
543	4.695727e-01	5.575100e-01	2.396190e+00
544	3.814935e-01	4.983024e-01	1.318515e+00
545	4.739337e-01	4.872089e-01	2.605276e+00
546	3.256809e-01	4.168576e-01	2.683439e+00
547	4.698022e-01	5.209334e-01	1.587201e+00
548	5.112135e-01	5.854550e-01	1.375183e+00
549	4.887014e-01	6.133009e-01	2.298486e+00
550	5.204679e-01	5.842889e-01	1.285296e+00
551	4.761230e-01	5.175779e-01	2.983390e+00
552	7.483914e-01	5.927888e-01	1.195408e+00
553	4.802948e-01	5.100084e-01	2.414753e+00
554	5.537035e-01	4.670973e-01	1.843185e+00
555	3.904842e-01	5.106209e-01	2.396190e+00
556	2.364910e-01	5.123510e-01	3.000000e+00
557	4.647341e-01	5.350020e-01	2.728383e+00
558	1.728248e-01	4.490829e-01	1.133854e+00
559	4.781596e-01	5.147423e-01	1.944797e+00
560	4.093630e-01	4.294390e-01	2.883732e+00
561	5.275903e-01	4.015637e-01	2.383488e+00
562	5.742403e-01	4.939007e-01	2.506595e+00
563	4.801576e-01	4.915345e-01	1.786517e+00
564	3.934293e-01	5.103033e-01	2.893503e+00
565	4.710010e-01	5.231107e-01	2.981436e+00
566	4.517712e-01	4.397873e-01	2.663898e+00
567	5.026255e-01	5.172072e-01	2.227162e+00
568	4.916631e-01	5.216952e-01	1.527601e+00
569	5.381552e-01	6.268275e-01	2.610161e+00
570	3.125830e-01	6.351857e-01	1.058622e+00
571	4.726095e-01	5.626346e-01	2.782120e+00
572	3.486880e-01	8.487347e-01	1.518808e+00
573	4.669330e-01	5.081603e-01	2.109917e+00
574	4.754404e-01	5.653011e-01	2.074744e+00
575	4.827497e-01	5.288052e-01	2.319003e+00
576	4.398069e-01	4.449545e-01	1.290181e+00
577	4.647744e-01	5.613905e-01	1.286273e+00
578	4.698611e-01	5.398387e-01	1.881290e+00
579	4.866800e-01	5.013522e-01	1.664387e+00
580	1.797940e-01	9.730155e-01	1.242306e+00
581	5.336695e-01	5.441902e-01	1.927211e+00
582	4.749344e-01	5.297738e-01	2.820225e+00
583	3.880296e-01	3.389164e-01	2.792868e+00
584	4.815387e-01	5.505886e-01	1.201270e+00
585	4.837771e-01	5.966513e-01	1.898876e+00
586	4.784401e-01	5.331226e-01	1.782609e+00
587	4.856580e-01	4.861524e-01	1.561798e+00
588	4.779751e-01	5.265220e-01	2.282853e+00
589	4.867438e-01	4.757094e-01	2.210552e+00
590	4.248227e-01	5.784130e-01	1.020518e+00
591	4.806143e-01	5.166316e-01	1.784563e+00
592	4.807055e-01	5.184730e-01	1.275525e+00
593	4.883344e-01	5.381847e-01	1.212995e+00
594	5.218003e-01	4.164187e-01	2.964827e+00
595	4.906460e-01	5.028804e-01	2.079629e+00
596	4.846535e-01	5.264594e-01	1.187592e+00
597	5.006520e-01	5.102485e-01	1.258915e+00
598	4.855935e-01	4.713369e-01	1.999511e+00
599	4.799983e-01	5.227648e-01	1.264778e+00
600	4.759100e-01	5.439736e-01	1.110405e+00
601	4.491531e-01	4.782911e-01	1.107474e+00
602	5.461137e-01	4.508978e-01	1.070347e+00
603	4.758816e-01	5.240083e-01	2.400098e+00
604	4.453539e-01	4.635415e-01	2.871031e+00
605	4.707716e-01	5.231615e-01	2.739130e+00
606	4.979445e-01	5.252536e-01	2.061065e+00
607	6.170207e-01	6.386337e-01	1.073278e+00
608	5.027993e-01	5.134191e-01	2.799707e+00
609	4.821523e-01	5.603254e-01	2.010259e+00
610	5.163566e-01	6.184507e-01	1.700537e+00
611	4.805697e-01	5.242519e-01	1.339033e+00
612	2.304693e-01	5.150622e-01	2.227162e+00
613	2.091085e-01	4.457913e-01	2.482169e+00
614	5.016538e-01	5.446744e-01	2.958964e+00
615	4.269781e-01	4.419698e-01	1.443576e+00
616	3.816745e-01	5.507434e-01	2.381534e+00
617	3.246566e-01	4.322138e-01	1.971177e+00
618	4.874900e-01	5.048295e-01	2.960918e+00
619	2.155222e-01	2.995736e-02	1.812897e+00
620	4.970368e-01	5.349740e-01	1.170982e+00
621	5.010539e-01	4.894829e-01	1.277479e+00
622	4.846946e-01	5.258451e-01	1.176844e+00
623	3.135798e-01	4.278268e-01	1.636053e+00
624	5.093004e-01	4.132595e-01	2.336590e+00
625	5.413300e-01	5.043532e-01	1.343918e+00
626	4.684288e-01	5.336774e-01	1.905716e+00
627	5.391981e-01	5.695297e-01	1.784563e+00
628	4.836161e-01	5.419037e-01	2.063996e+00
629	4.751474e-01	5.216889e-01	2.497802e+00
630	2.400913e-01	5.152883e-01	2.870054e+00
631	4.914520e-01	5.193306e-01	1.729849e+00
632	4.819443e-01	5.260122e-01	2.290669e+00
633	4.797062e-01	5.256300e-01	2.841720e+00
634	4.801359e-01	5.218080e-01	2.195896e+00
635	4.517912e-01	4.398622e-01	1.601856e+00
636	4.643156e-01	4.258190e-01	2.449927e+00
637	4.629552e-01	5.128815e-01	1.462140e+00
638	4.777736e-01	5.249872e-01	2.041524e+00
639	4.803827e-01	5.260468e-01	2.061065e+00
640	5.100101e-01	6.630489e-01	2.130435e+00
641	3.839862e-01	6.829805e-01	2.205667e+00
642	4.726500e-01	5.247078e-01	2.184172e+00
643	5.454251e-01	5.538170e-01	2.747924e+00
644	5.262574e-01	4.960685e-01	2.909135e+00
645	4.794697e-01	5.287782e-01	2.777235e+00
646	4.685976e-01	4.931069e-01	1.295066e+00
647	5.137650e-01	5.393451e-01	1.050806e+00
648	5.125128e-01	4.365941e-01	1.191500e+00
649	4.976504e-01	5.052017e-01	1.198339e+00
650	5.037870e-01	5.040936e-01	2.656082e+00
651	4.756922e-01	5.481610e-01	1.692721e+00
652	3.735836e-01	6.922146e-01	2.330728e+00
653	4.726340e-01	5.597231e-01	1.906693e+00
654	4.623729e-01	5.456141e-01	2.192965e+00
655	5.005673e-01	4.259211e-01	1.200293e+00
656	4.545380e-01	5.079316e-01	2.361016e+00
657	5.112210e-01	5.426695e-01	2.080606e+00
658	4.769799e-01	5.208777e-01	2.017098e+00
659	4.193274e-01	5.537981e-01	2.191011e+00
660	3.319349e-01	1.768464e-01	1.667318e+00
661	5.105218e-01	5.430791e-01	2.229116e+00
662	4.541344e-01	5.117775e-01	1.188569e+00
663	4.577620e-01	4.682075e-01	2.714704e+00
664	4.713455e-01	5.058412e-01	1.979971e+00
665	5.370246e-01	4.737316e-01	2.954079e+00
666	5.009492e-01	6.778034e-02	1.803127e+00
667	4.869887e-01	5.351625e-01	1.039082e+00
668	7.132771e-02	5.637240e-01	1.893014e+00
669	4.496456e-01	4.603022e-01	1.778701e+00
670	1.760595e-01	9.229037e-01	1.807035e+00
671	4.814906e-01	5.112813e-01	1.102589e+00
672	4.370115e-01	5.141544e-01	1.879336e+00
673	4.383390e-01	4.909449e-01	1.984856e+00
674	4.802155e-01	5.267686e-01	2.238886e+00
675	4.810682e-01	5.532034e-01	2.868100e+00
676	4.875163e-01	5.316129e-01	2.748901e+00
677	5.033393e-01	5.267441e-01	1.578407e+00
678	4.793875e-01	5.621676e-01	1.621397e+00
679	4.816293e-01	5.183384e-01	2.657059e+00
680	4.849576e-01	5.419217e-01	2.404983e+00
681	4.414539e-01	4.473161e-01	2.272106e+00
682	4.933025e-01	4.795866e-01	1.463117e+00
683	4.853851e-01	5.021559e-01	2.316072e+00
684	4.719157e-01	5.250434e-01	2.334636e+00
685	3.854070e-01	5.130066e-01	1.365413e+00
686	5.213867e-01	4.955861e-01	2.105032e+00
687	5.540117e-01	4.485041e-01	1.339033e+00
688	4.582355e-01	5.239121e-01	2.932584e+00
689	4.777353e-01	5.207118e-01	2.378603e+00
690	4.826270e-01	5.227040e-01	1.833415e+00
691	2.395391e-01	5.166880e-01	1.663410e+00
692	4.599771e-01	5.077186e-01	2.251588e+00
693	5.259983e-01	4.895874e-01	1.766976e+00
694	3.414935e-01	3.218209e-01	1.575476e+00
695	3.349685e-01	7.648972e-01	2.771373e+00
696	4.795917e-01	5.271929e-01	2.787005e+00
697	4.800994e-01	5.315514e-01	1.959453e+00
698	4.714379e-01	5.565698e-01	2.187103e+00
699	4.815640e-01	5.226425e-01	2.430386e+00
700	4.716111e-01	6.078997e-01	2.679531e+00
701	4.291607e-01	4.205496e-01	2.191988e+00
702	4.667453e-01	6.076366e-01	2.945286e+00
703	4.685696e-01	5.230230e-01	2.793845e+00
704	4.682750e-01	5.368773e-01	2.132389e+00
705	4.198795e-01	3.844376e-01	1.627259e+00
706	4.867301e-01	5.146968e-01	1.623351e+00
707	4.742776e-01	4.995120e-01	2.772350e+00
708	4.796503e-01	5.117586e-01	1.552027e+00
709	6.983001e-01	4.924382e-01	1.180752e+00
710	4.929402e-01	4.826539e-01	1.632145e+00
711	1.088951e-01	1.429421e-01	1.680997e+00
712	5.181913e-01	5.862703e-01	2.828041e+00
713	7.086875e-01	4.103457e-01	1.703468e+00
714	4.143821e-01	5.871378e-01	1.471910e+00
715	4.763178e-01	5.574752e-01	2.368832e+00
716	5.005954e-01	5.097674e-01	1.961407e+00
717	4.803315e-01	5.229626e-01	1.756229e+00
718	4.937608e-01	5.366389e-01	2.987298e+00
719	4.766657e-01	5.209606e-01	2.332682e+00
720	4.768398e-01	5.235928e-01	1.097704e+00
721	4.801843e-01	4.916947e-01	1.954568e+00
722	4.782573e-01	5.224669e-01	1.704446e+00
723	4.805423e-01	5.262600e-01	1.853933e+00
724	4.638095e-01	6.098152e-01	2.829995e+00
725	4.520208e-01	4.981920e-01	2.232047e+00
726	4.703909e-01	5.115950e-01	2.587689e+00
727	7.299772e-01	5.049748e-01	2.698095e+00
728	4.877846e-01	6.406488e-01	1.896922e+00
729	4.787650e-01	6.145165e-01	1.212995e+00
730	5.864428e-01	5.247870e-01	1.502198e+00
731	4.774666e-01	5.327799e-01	2.614069e+00
732	5.111800e-01	5.521747e-01	2.880801e+00
733	4.711384e-01	5.161949e-01	1.956522e+00
734	4.529814e-01	6.103209e-01	2.745970e+00
735	1.545689e-01	9.420248e-01	1.179775e+00
736	5.862684e-01	5.656727e-01	1.935027e+00
737	4.529033e-01	5.241513e-01	1.975085e+00
738	4.735240e-01	5.386515e-01	1.067416e+00
739	5.719209e-01	5.945280e-01	2.024915e+00
740	3.441278e-01	3.185688e-01	2.810454e+00
741	5.024806e-01	4.235200e-01	2.428432e+00
742	4.565817e-01	4.842317e-01	1.957499e+00
743	4.831857e-01	5.270191e-01	2.306302e+00
744	5.053742e-01	5.192967e-01	2.557401e+00
745	4.872326e-01	4.824234e-01	1.243283e+00
746	4.537450e-01	4.784627e-01	2.429409e+00
747	4.768588e-01	5.325955e-01	2.523205e+00
748	5.095491e-01	7.771303e-01	2.842697e+00
749	4.811482e-01	5.221331e-01	2.247680e+00
750	5.045605e-01	4.849747e-01	2.000489e+00
751	4.644529e-01	5.120923e-01	2.446019e+00
752	4.808096e-01	5.206910e-01	2.360039e+00
753	5.390504e-01	5.611139e-01	2.567171e+00
754	4.858567e-01	5.256688e-01	2.415730e+00
755	4.619848e-01	5.030160e-01	1.989741e+00
756	4.902179e-01	5.229626e-01	2.908158e+00
757	5.356616e-01	3.904989e-01	2.731314e+00
758	4.788338e-01	5.280094e-01	2.544700e+00
759	4.780037e-01	5.244103e-01	2.890572e+00
760	4.814969e-01	5.248164e-01	1.654617e+00
761	4.821920e-01	5.206520e-01	1.008793e+00
762	4.737420e-01	5.066733e-01	1.260870e+00
763	4.318721e-01	4.371915e-01	1.347826e+00
764	4.743511e-01	5.222185e-01	1.325354e+00
765	4.721856e-01	5.098856e-01	1.420127e+00
766	3.918435e-01	6.769210e-01	2.845628e+00
767	4.750080e-01	5.215617e-01	1.853933e+00
768	4.747269e-01	5.331041e-01	1.303859e+00
769	5.646483e-01	6.195225e-01	1.294089e+00
770	1.885893e-01	6.680291e-01	1.675134e+00
771	4.311610e-01	4.574259e-01	2.417684e+00
772	4.781204e-01	5.340761e-01	2.053249e+00
773	4.698576e-01	5.269043e-01	1.276502e+00
774	3.114744e-01	4.261286e-01	2.779189e+00
775	5.662483e-01	6.023909e-01	1.984856e+00
776	5.737489e-01	4.685164e-01	2.295554e+00
777	4.767412e-01	5.309702e-01	1.652662e+00
778	4.772054e-01	5.431704e-01	2.464582e+00
779	4.776504e-01	5.328295e-01	1.763068e+00
780	4.881071e-01	5.905825e-01	2.026869e+00
781	4.844164e-01	4.942504e-01	1.160234e+00
782	7.090949e-01	4.090611e-01	2.302394e+00
783	4.747988e-01	4.985150e-01	1.384954e+00
784	4.440523e-01	4.611476e-01	2.598437e+00
785	5.779180e-01	4.670334e-01	2.130435e+00
786	4.569451e-01	5.285976e-01	1.690767e+00
787	4.996249e-01	5.191016e-01	1.940889e+00
788	4.726803e-01	5.451785e-01	2.099170e+00
