786
0	9.260452e-01	4.334684e-01	1.398632e+00
1	4.707008e-01	4.689892e-01	1.108451e+00
2	4.782929e-01	3.955448e-01	2.925745e+00
3	7.136038e-01	4.347188e-01	2.732291e+00
4	7.759601e-01	1.544810e-01	1.257938e+00
5	7.206565e-01	3.761668e-01	2.424524e+00
6	9.402486e-01	7.787209e-02	1.383000e+00
7	4.364756e-01	5.969894e-01	2.705911e+00
8	6.261985e-01	5.210250e-01	2.442110e+00
9	6.303979e-01	5.095255e-01	2.233024e+00
10	6.153586e-01	3.924607e-01	2.376649e+00
11	6.698251e-01	5.620344e-01	1.556913e+00
13	4.913767e-01	6.582197e-01	1.066439e+00
14	4.954908e-01	4.996741e-01	1.626282e+00
15	6.183037e-01	3.267123e-01	1.306790e+00
16	5.706369e-01	5.597141e-01	2.902296e+00
17	5.451579e-01	4.806458e-01	1.195408e+00
18	6.350380e-01	3.674739e-01	1.785540e+00
19	5.807435e-01	5.488540e-01	1.248168e+00
20	6.084412e-01	4.377856e-01	1.863703e+00
21	2.582323e-01	2.943465e-01	2.671715e+00
22	6.159350e-01	5.563457e-01	2.487054e+00
23	5.310283e-01	3.596825e-01	1.946751e+00
24	2.512817e-01	7.047125e-01	1.303859e+00
25	7.513472e-01	3.229146e-01	2.152907e+00
26	6.282831e-01	4.791070e-01	1.388862e+00
27	5.782045e-01	4.790149e-01	1.591109e+00
28	5.362156e-01	5.907278e-01	2.205667e+00
29	4.974316e-01	4.766833e-01	2.181241e+00
30	6.132683e-01	2.676823e-01	1.475818e+00
31	4.994928e-01	5.300810e-01	2.309233e+00
32	5.708281e-01	4.862031e-01	2.073766e+00
33	4.484139e-01	5.247430e-01	2.331705e+00
34	6.474390e-01	5.560809e-01	1.126038e+00
35	2.237758e-01	6.926284e-01	2.235955e+00
36	5.456309e-01	2.606855e-01	2.805569e+00
37	5.898922e-01	5.192484e-01	2.555447e+00
38	6.351744e-01	5.547469e-01	2.559355e+00
39	5.688669e-01	4.664463e-01	1.895945e+00
40	3.462559e-01	5.981748e-01	1.282364e+00
41	6.202594e-01	3.984021e-01	2.750855e+00
42	6.209489e-01	5.171307e-01	2.412799e+00
43	6.595073e-01	5.629252e-01	2.557401e+00
44	6.799935e-01	5.053522e-01	1.648754e+00
45	5.744328e-01	3.132720e-01	1.721055e+00
46	5.961768e-01	4.509504e-01	2.588666e+00
47	6.614517e-01	5.579275e-01	1.525647e+00
48	5.608662e-01	4.093654e-01	2.751832e+00
49	5.460625e-01	8.725182e-02	2.625794e+00
50	6.511544e-01	5.007668e-01	1.663410e+00
51	5.871466e-01	5.561421e-01	2.560332e+00
52	4.748894e-01	5.643808e-01	1.696629e+00
53	5.281078e-01	6.002553e-01	1.506106e+00
54	6.110953e-01	4.881206e-01	2.675623e+00
55	6.832859e-01	5.717411e-01	2.497802e+00
57	7.720027e-01	1.442517e-01	2.361993e+00
58	7.962245e-01	3.063599e-01	1.866634e+00
59	5.646537e-01	4.406251e-01	2.930630e+00
60	5.427472e-01	6.031967e-01	1.503175e+00
61	6.579343e-01	5.686536e-01	2.449927e+00
62	6.485015e-01	5.655578e-01	2.831949e+00
63	5.168935e-01	4.285849e-01	2.317049e+00
64	5.991051e-01	4.730265e-01	2.353200e+00
65	6.295253e-01	5.112347e-01	2.575965e+00
66	6.407141e-01	2.812685e-01	2.922814e+00
67	4.751980e-01	6.065212e-01	2.289692e+00
68	6.438405e-01	5.653283e-01	2.766488e+00
69	6.054623e-01	5.859928e-01	1.522716e+00
70	2.910345e-01	3.922983e-01	2.769419e+00
71	6.488788e-01	6.172777e-01	1.110405e+00
72	4.880244e-01	4.760173e-01	1.412311e+00
73	5.696798e-01	3.945494e-01	1.951637e+00
74	3.984052e-01	6.059878e-01	1.449438e+00
75	3.626827e-01	4.896778e-01	2.176356e+00
76	6.109032e-01	5.475328e-01	1.212995e+00
77	6.464102e-01	4.332764e-01	1.872496e+00
78	6.599655e-01	5.186588e-01	1.606742e+00
79	7.022524e-01	8.351271e-01	1.183683e+00
80	5.519317e-01	4.450132e-01	2.736199e+00
81	5.756858e-01	5.458581e-01	1.617489e+00
82	3.838444e-01	4.091969e-01	2.456766e+00
83	5.506697e-01	7.103957e-01	1.406448e+00
84	1.363407e-01	4.721993e-01	2.453835e+00
85	6.236211e-01	5.530773e-01	2.712750e+00
86	6.297072e-01	4.990942e-01	2.877870e+00
87	7.186557e-01	2.699025e-01	1.533464e+00
88	3.057302e-01	2.635699e-01	2.169516e+00
89	6.060147e-01	4.432774e-01	2.483146e+00
90	5.632292e-01	4.342262e-01	1.538349e+00
91	6.708941e-01	5.498590e-01	1.117245e+00
92	6.579564e-01	5.571814e-01	2.709819e+00
93	6.332110e-01	4.654422e-01	2.929653e+00
94	5.961391e-01	4.547622e-01	2.125550e+00
95	6.345133e-01	6.048189e-01	2.148999e+00
96	6.412385e-01	4.965150e-01	1.206155e+00
97	5.492159e-01	4.232319e-01	2.689301e+00
98	5.721031e-01	5.592345e-01	1.997557e+00
99	4.318135e-01	3.323044e-01	1.753298e+00
100	6.270537e-01	5.667003e-01	1.491451e+00
101	5.834683e-01	5.704649e-01	2.381534e+00
102	3.145928e-01	1.608260e-01	1.837323e+00
103	6.097744e-01	3.529511e-01	2.723498e+00
104	7.649618e-01	7.221232e-01	1.216903e+00
105	4.733669e-01	5.094097e-01	1.385931e+00
106	3.281714e-01	4.476920e-01	1.094773e+00
107	6.409067e-01	5.711345e-01	1.887152e+00
108	5.891718e-01	4.104167e-01	1.869565e+00
109	4.737929e-01	4.676130e-01	2.657059e+00
110	5.856394e-01	4.645883e-01	1.905716e+00
111	8.296509e-01	4.049592e-01	2.319980e+00
112	3.175231e-01	3.900516e-01	1.549096e+00
113	5.612483e-01	4.438600e-01	1.155349e+00
114	6.532933e-01	6.245491e-01	1.261847e+00
115	6.282957e-01	3.605105e-01	1.308745e+00
116	9.783561e-02	2.931918e-01	1.148510e+00
117	6.056360e-01	5.717425e-01	1.865657e+00
118	6.466660e-01	3.997971e-01	2.988276e+00
119	7.087394e-01	5.649598e-01	1.479726e+00
120	7.021600e-01	3.205297e-01	2.095261e+00
121	5.681193e-01	4.358536e-01	2.442110e+00
122	5.217046e-01	2.822984e-01	1.070347e+00
123	5.951108e-01	5.477768e-01	1.417196e+00
124	5.837554e-01	5.438915e-01	2.817294e+00
125	5.622591e-01	6.677866e-01	1.164143e+00
126	5.665063e-01	4.320134e-01	2.738153e+00
127	3.942804e-01	4.072748e-01	2.338544e+00
128	5.704823e-01	4.575396e-01	1.282364e+00
129	6.403683e-01	5.677669e-01	2.676600e+00
130	5.707116e-01	4.536715e-01	2.443087e+00
131	8.299853e-01	8.249383e-02	2.375672e+00
132	4.979507e-01	4.455921e-01	1.220811e+00
133	3.934427e-01	4.666414e-01	2.407914e+00
134	7.177397e-01	4.066341e-01	2.277968e+00
135	6.618883e-01	5.532591e-01	2.409868e+00
136	4.685025e-01	4.149561e-01	2.083537e+00
137	6.352473e-01	2.746125e-01	2.286761e+00
138	4.056046e-01	4.704543e-01	1.194431e+00
139	6.470636e-01	4.030342e-01	2.818271e+00
140	7.321087e-01	2.990138e-01	2.827064e+00
141	5.934490e-01	4.781220e-01	1.684905e+00
142	6.399560e-01	5.675032e-01	1.999511e+00
143	6.240848e-01	5.647742e-01	1.956522e+00
144	6.736298e-01	5.634551e-01	2.323889e+00
145	5.848683e-01	4.609477e-01	2.501710e+00
146	5.780522e-01	4.142619e-01	2.395213e+00
147	2.993898e-01	3.652632e-01	2.719590e+00
148	5.995670e-01	5.606903e-01	2.937469e+00
149	8.061552e-01	1.460265e-01	2.803615e+00
150	7.188528e-01	5.417191e-01	1.794333e+00
151	4.388646e-01	3.763010e-01	2.611138e+00
152	6.357130e-01	4.035178e-01	1.724963e+00
153	5.773368e-01	6.121208e-01	1.983879e+00
154	6.356081e-01	5.113352e-01	2.181241e+00
155	4.868353e-01	4.033241e-01	1.295066e+00
156	4.339258e-01	7.096095e-01	1.970200e+00
157	6.370486e-01	3.988004e-01	2.387396e+00
158	4.334445e-01	5.006872e-01	2.386419e+00
159	4.430208e-01	6.008129e-01	2.647289e+00
160	6.289985e-01	5.382104e-01	1.686859e+00
161	2.462361e-01	4.237899e-01	1.553981e+00
162	5.989454e-01	6.008084e-01	1.764045e+00
163	4.345923e-01	5.108548e-01	1.632145e+00
164	6.040850e-01	5.725579e-01	1.235467e+00
165	6.330306e-01	5.223014e-01	2.251588e+00
166	6.309749e-01	5.665945e-01	1.751343e+00
167	3.701956e-01	5.465094e-01	1.715193e+00
168	6.184779e-01	5.056094e-01	2.109917e+00
169	5.959489e-01	4.684612e-01	2.137274e+00
170	6.348637e-01	2.731226e-01	2.099170e+00
171	6.416938e-01	3.971042e-01	2.057157e+00
172	5.677094e-01	4.590409e-01	2.246702e+00
173	4.827072e-01	4.797660e-01	1.894968e+00
174	8.113960e-01	4.426121e-01	2.453835e+00
175	5.494213e-01	5.532795e-01	2.834880e+00
176	4.952239e-01	5.868502e-01	2.215437e+00
177	6.505987e-01	5.429793e-01	2.153884e+00
178	6.097491e-01	5.401024e-01	2.475330e+00
179	6.374835e-01	7.639874e-02	1.274548e+00
180	3.933386e-01	4.753522e-01	2.127504e+00
181	6.309642e-01	5.780898e-01	1.790425e+00
182	4.944079e-01	3.576368e-01	1.736688e+00
183	8.959786e-01	1.302670e-01	1.692721e+00
184	6.612330e-01	3.876701e-01	2.042501e+00
185	8.587220e-01	1.337293e-01	1.468979e+00
186	5.678620e-01	4.589330e-01	1.784563e+00
187	9.003680e-01	8.157443e-01	2.653151e+00
188	6.080214e-01	4.729280e-01	1.839277e+00
189	5.901679e-01	5.060729e-01	1.175867e+00
190	4.063767e-01	4.149184e-01	2.807523e+00
191	4.931994e-01	5.195329e-01	2.811431e+00
192	6.418303e-01	3.122032e-01	1.192477e+00
193	3.979967e-01	4.766116e-01	1.620420e+00
194	4.569937e-01	4.099517e-01	2.624817e+00
195	6.018284e-01	5.246746e-01	2.806546e+00
196	6.873205e-01	5.971725e-01	1.763068e+00
197	3.658640e-01	2.591477e-01	2.060088e+00
198	7.344061e-01	3.182118e-01	2.458720e+00
199	7.221180e-01	2.656649e-01	2.463605e+00
200	4.222488e-01	4.024801e-01	1.141671e+00
201	7.078713e-01	3.612782e-01	1.146556e+00
202	7.316177e-01	2.797898e-01	1.395701e+00
203	6.446862e-01	5.541471e-01	1.755252e+00
204	4.766332e-01	4.995263e-01	2.901319e+00
205	7.883186e-01	1.377922e-01	2.123596e+00
206	4.145588e-01	3.936093e-01	1.652662e+00
207	5.253284e-01	5.668464e-01	1.199316e+00
208	6.477354e-01	5.545484e-01	2.170493e+00
209	5.962651e-01	1.084553e-01	2.733268e+00
210	4.681239e-01	5.932229e-01	1.545188e+00
211	5.844428e-01	4.004156e-01	1.376160e+00
212	6.301509e-01	5.553038e-01	1.621397e+00
213	6.181423e-01	5.662907e-01	1.883244e+00
214	5.930880e-01	4.654336e-01	1.612604e+00
215	6.037325e-01	4.483734e-01	2.909135e+00
216	6.539926e-01	5.485987e-01	1.354665e+00
217	6.590843e-01	5.669368e-01	2.770396e+00
218	5.731234e-01	4.319734e-01	2.148999e+00
219	5.835742e-01	5.730991e-01	2.624817e+00
220	4.014549e-01	4.137004e-01	2.697118e+00
221	5.681028e-01	4.586159e-01	1.938935e+00
222	4.418544e-01	5.343442e-01	1.854910e+00
223	2.932632e-01	2.726049e-01	2.625794e+00
224	6.062528e-01	4.783722e-01	2.984367e+00
225	7.147784e-01	3.408328e-01	2.693210e+00
226	6.390367e-01	5.349696e-01	2.276014e+00
227	5.806267e-01	3.549225e-01	1.245237e+00
228	5.644934e-01	5.381850e-01	1.489497e+00
229	6.386319e-01	5.486809e-01	2.305325e+00
230	5.221159e-01	5.163484e-01	2.689301e+00
231	6.648577e-01	5.564363e-01	1.346849e+00
232	6.213595e-01	4.379135e-01	2.447973e+00
233	4.731641e-01	4.055657e-01	1.591109e+00
234	3.569947e-01	4.431086e-01	1.931119e+00
235	5.555297e-01	5.341069e-01	2.687347e+00
236	6.040259e-01	5.571533e-01	2.787982e+00
237	5.584932e-01	4.676029e-01	1.510015e+00
238	5.106431e-01	4.457797e-01	2.193942e+00
239	5.571237e-01	4.743709e-01	2.918906e+00
240	5.912884e-01	6.011029e-01	1.734734e+00
241	6.158031e-01	3.916280e-01	1.119199e+00
242	5.846841e-01	5.611793e-01	1.631168e+00
243	6.982197e-01	5.547425e-01	1.258915e+00
244	5.938581e-01	4.606896e-01	2.458720e+00
245	3.543342e-01	3.341454e-01	2.134343e+00
246	6.105064e-01	5.694561e-01	2.662921e+00
247	6.030127e-01	4.651799e-01	2.924768e+00
248	5.722980e-01	5.298386e-01	2.983390e+00
249	7.109099e-01	9.148858e-02	2.305325e+00
250	6.619105e-01	2.891421e-01	2.763556e+00
251	6.644614e-01	1.401970e-01	2.374695e+00
252	3.363731e-01	4.038315e-01	1.703468e+00
253	7.062851e-01	5.461630e-01	1.246214e+00
254	6.069233e-01	5.716093e-01	2.925745e+00
255	6.366260e-01	5.481499e-01	1.857841e+00
256	6.454181e-01	5.750727e-01	2.601368e+00
257	7.043131e-01	5.133869e-01	2.413776e+00
258	4.337147e-01	4.172594e-01	2.569126e+00
259	4.138331e-01	4.509845e-01	1.865657e+00
260	6.138996e-01	5.362920e-01	2.574988e+00
261	5.730047e-01	5.099921e-01	1.598925e+00
262	4.049705e-01	6.920802e-01	2.264289e+00
263	1.252429e-01	4.791917e-01	1.176844e+00
264	6.707234e-01	4.769314e-01	1.061553e+00
265	5.918178e-01	5.156345e-01	2.526136e+00
266	6.831839e-01	4.268757e-01	1.928188e+00
267	6.544834e-01	5.732074e-01	2.006351e+00
268	6.625139e-01	4.825209e-01	1.041036e+00
269	5.752201e-01	3.355938e-01	1.793356e+00
270	7.805916e-01	1.575007e-01	1.860772e+00
271	4.740578e-01	3.334954e-01	1.389839e+00
272	5.578270e-01	5.707513e-01	1.052760e+00
273	7.805338e-01	1.564505e-01	1.156326e+00
274	2.418125e-01	1.490351e-01	1.981925e+00
275	5.836745e-01	4.383030e-01	2.256473e+00
276	7.366126e-01	2.818457e-01	2.368832e+00
277	6.211011e-01	6.107209e-01	2.024915e+00
278	5.805439e-01	4.781419e-01	1.266732e+00
279	3.226516e-01	4.778528e-01	1.348803e+00
280	3.113582e-01	1.494635e-01	2.472399e+00
281	2.232307e-01	4.353005e-01	2.288715e+00
282	6.017773e-01	4.634624e-01	2.745970e+00
283	3.507291e-01	6.055465e-01	2.490962e+00
284	2.478408e-01	1.696485e-01	2.515388e+00
285	4.188641e-01	6.384450e-02	1.545188e+00
286	6.158434e-01	5.362036e-01	2.662921e+00
287	7.188013e-01	4.326302e-01	2.264289e+00
288	3.710263e-01	3.903871e-01	2.905227e+00
289	2.773797e-01	2.074923e-01	1.058622e+00
290	3.830450e-01	5.120966e-01	2.152907e+00
291	7.077751e-01	9.802268e-02	2.784074e+00
292	5.739823e-01	5.469879e-01	2.445042e+00
293	3.616620e-01	4.382155e-01	2.852467e+00
294	6.041860e-01	4.660335e-01	2.070835e+00
295	6.724425e-01	5.796431e-01	1.406448e+00
296	4.943282e-01	5.375071e-01	1.751343e+00
297	6.591904e-01	2.946471e-01	2.077675e+00
298	4.246884e-01	4.250695e-01	1.601856e+00
299	3.057878e-01	6.724149e-01	2.048363e+00
300	2.923854e-01	2.668692e-01	2.781143e+00
301	5.862672e-01	5.469973e-01	2.779189e+00
302	7.367509e-01	2.652357e-01	2.617978e+00
303	7.546175e-01	9.146472e-02	1.698583e+00
304	4.178791e-01	4.464363e-01	1.948705e+00
305	6.336867e-01	5.223220e-01	1.416219e+00
306	3.664560e-01	4.268462e-01	1.745481e+00
307	5.532196e-01	5.487989e-01	2.291646e+00
308	9.979724e-02	3.987220e-01	1.868588e+00
309	7.058985e-01	4.248370e-01	2.511480e+00
310	6.482663e-01	5.561906e-01	2.596483e+00
311	6.235110e-01	3.687731e-01	2.855398e+00
312	6.252988e-01	4.644809e-01	1.312653e+00
313	7.801912e-01	1.472884e-01	1.787494e+00
314	5.458133e-01	4.399054e-01	2.252565e+00
315	7.184864e-01	4.333570e-01	1.978017e+00
316	6.392300e-01	6.035684e-01	2.965804e+00
317	6.708564e-01	5.566843e-01	2.221299e+00
318	5.102480e-01	5.063112e-01	1.701514e+00
319	7.479981e-01	5.169978e-01	1.135809e+00
320	6.133974e-01	3.941812e-01	2.997069e+00
321	6.968757e-01	9.077904e-02	2.470445e+00
322	3.143866e-01	2.928394e-01	2.362970e+00
323	6.062633e-01	5.323270e-01	2.553493e+00
324	4.787906e-01	4.149815e-01	1.347826e+00
325	1.976902e-01	7.831317e-02	2.896434e+00
326	6.554993e-01	5.194806e-01	1.857841e+00
327	6.625988e-01	5.845897e-01	1.669272e+00
328	6.222937e-01	5.852965e-01	1.726917e+00
329	6.268437e-01	3.883266e-01	2.604299e+00
330	4.767064e-01	3.943895e-01	2.089399e+00
331	7.096881e-01	5.147863e-01	1.552027e+00
332	7.351480e-01	4.203800e-01	1.769907e+00
333	6.332200e-01	5.622668e-01	1.382022e+00
334	7.743175e-01	1.549031e-01	2.510503e+00
335	6.485033e-01	3.673363e-01	1.640938e+00
336	5.462263e-01	5.484867e-01	2.933561e+00
337	5.014655e-01	3.963996e-01	1.033219e+00
338	7.192929e-01	5.947590e-01	1.408403e+00
339	5.576777e-01	6.235255e-01	2.767465e+00
340	6.349239e-01	5.249032e-01	1.526624e+00
341	7.581066e-01	1.629622e-01	1.456277e+00
342	6.575950e-01	5.621465e-01	1.054714e+00
343	6.662039e-01	4.703860e-01	2.601368e+00
344	2.249438e-01	1.460768e-01	2.193942e+00
345	7.660104e-01	2.019279e-01	2.321935e+00
346	3.454027e-01	4.497420e-01	1.564729e+00
347	4.195912e-01	3.707983e-01	1.679043e+00
348	5.099126e-01	1.198114e-01	2.034685e+00
349	6.523557e-01	5.628766e-01	2.564240e+00
350	4.211904e-01	4.890525e-01	2.311187e+00
351	2.709951e-01	7.282151e-01	1.297997e+00
352	6.428643e-01	5.363825e-01	2.873962e+00
353	2.783895e-01	5.400434e-01	2.202736e+00
354	5.557309e-01	4.398643e-01	2.653151e+00
355	3.652817e-01	4.151188e-01	2.461651e+00
356	6.525355e-01	5.470483e-01	1.679043e+00
357	4.339056e-01	3.630470e-01	2.991207e+00
358	6.180248e-01	1.824417e-01	2.857352e+00
359	6.940903e-01	3.679580e-01	1.913532e+00
360	5.573117e-01	5.459957e-01	1.216903e+00
361	4.204708e-01	6.182686e-01	1.214949e+00
362	5.942571e-01	5.479825e-01	1.005862e+00
363	6.892024e-01	3.345677e-01	2.227162e+00
364	6.775184e-01	5.939429e-01	1.723009e+00
365	4.584069e-01	6.754825e-01	1.491451e+00
366	3.273012e-01	6.310187e-01	1.692721e+00
367	6.356156e-01	4.421996e-01	1.154372e+00
368	5.529989e-01	5.368756e-01	1.851001e+00
369	6.209468e-01	5.382569e-01	2.418661e+00
370	6.297091e-01	2.750705e-01	1.874450e+00
371	5.772258e-01	2.796913e-01	1.591109e+00
372	6.099160e-01	5.642237e-01	2.199805e+00
373	5.124447e-01	3.153667e-01	2.208598e+00
374	6.252115e-01	4.723166e-01	1.322423e+00
375	7.551502e-01	9.135693e-02	2.361016e+00
376	3.989945e-01	4.257352e-01	1.815828e+00
377	5.977147e-01	5.646079e-01	1.328285e+00
378	6.450479e-01	5.010869e-01	1.883244e+00
379	8.056249e-01	8.858519e-01	1.599902e+00
380	5.638132e-01	6.055407e-01	2.343429e+00
381	3.345551e-01	4.589564e-01	1.835369e+00
382	1.782879e-01	8.332958e-01	1.065462e+00
383	5.502501e-01	4.133582e-01	1.698583e+00
384	4.148883e-01	3.382929e-01	2.761602e+00
385	5.688293e-01	4.511770e-01	1.961407e+00
386	6.644941e-01	5.802996e-01	2.449927e+00
387	5.497398e-01	4.436396e-01	2.669761e+00
388	2.155308e-01	2.913630e-01	2.597460e+00
389	5.259502e-01	5.634482e-01	2.960918e+00
390	5.609225e-01	5.317316e-01	1.655594e+00
391	7.164454e-01	5.174791e-01	2.572057e+00
392	6.539867e-01	5.429648e-01	1.234489e+00
393	6.093807e-01	5.803018e-01	1.607719e+00
394	5.476644e-01	5.206935e-01	2.643381e+00
395	3.966233e-01	5.969731e-01	1.233512e+00
396	3.096099e-01	4.147811e-01	2.058134e+00
397	3.110022e-01	6.517146e-01	1.083048e+00
398	3.654565e-01	4.483349e-01	2.453835e+00
399	5.482138e-01	3.475454e-01	2.169516e+00
400	5.626783e-01	4.358510e-01	1.634099e+00
401	2.737641e-01	4.906834e-01	1.314607e+00
402	6.077023e-01	4.485673e-01	2.292623e+00
403	5.408056e-01	5.300316e-01	1.759160e+00
404	4.954151e-01	3.406613e-01	2.942355e+00
405	6.633795e-01	4.815247e-01	1.358574e+00
406	6.458756e-01	5.689095e-01	1.474841e+00
407	3.261591e-01	2.726830e-01	2.850513e+00
408	4.858930e-01	5.168374e-01	2.543723e+00
409	6.111919e-01	5.300105e-01	1.170005e+00
410	6.883372e-01	5.357934e-01	2.011236e+00
411	4.949939e-01	5.828541e-01	2.982413e+00
412	2.337134e-01	4.399866e-01	1.578407e+00
413	6.391623e-01	4.045708e-01	2.904250e+00
414	6.459257e-01	5.743721e-01	2.948217e+00
415	6.047421e-01	5.202471e-01	1.856864e+00
416	7.251040e-01	5.566322e-01	1.780655e+00
417	4.262666e-01	3.661071e-01	1.223742e+00
418	5.969370e-01	4.412454e-01	2.928676e+00
419	6.618645e-01	5.581844e-01	1.055691e+00
420	6.023522e-01	4.523017e-01	2.823156e+00
421	6.121646e-01	5.424963e-01	2.886663e+00
422	6.145851e-01	5.291706e-01	1.391793e+00
423	3.320521e-01	5.753895e-01	1.467025e+00
424	5.496141e-01	5.609526e-01	1.512946e+00
425	3.312658e-01	2.411171e-01	1.960430e+00
426	3.276935e-01	2.458154e-01	2.254519e+00
427	2.971726e-01	2.663336e-01	2.899365e+00
428	5.734313e-01	4.671110e-01	1.247191e+00
429	6.647530e-01	5.605595e-01	1.802149e+00
430	6.378259e-01	5.190545e-01	1.663410e+00
431	2.790872e-01	2.207990e-01	2.556424e+00
432	3.258465e-01	2.425878e-01	2.947240e+00
433	6.716169e-01	5.397168e-01	2.475330e+00
434	4.909661e-01	4.070062e-01	2.923791e+00
435	5.255529e-01	3.810033e-01	2.906204e+00
436	8.144499e-02	8.876181e-01	2.668784e+00
437	6.506228e-01	5.564341e-01	2.476307e+00
438	6.047111e-01	3.632589e-01	2.065950e+00
439	5.909130e-01	5.622259e-01	1.983879e+00
440	3.661060e-01	3.978752e-01	1.637030e+00
441	6.919223e-01	6.445337e-01	1.338056e+00
442	7.057885e-01	4.064474e-01	2.406937e+00
443	4.613095e-01	4.168130e-01	1.422081e+00
444	6.738094e-01	3.925051e-01	2.956033e+00
445	6.096959e-01	5.360312e-01	2.601368e+00
446	6.038481e-01	4.944100e-01	1.846116e+00
447	6.422866e-01	5.311932e-01	1.264778e+00
448	6.857635e-01	4.261831e-01	1.119199e+00
449	7.422287e-01	5.343382e-01	1.956522e+00
450	3.852606e-01	4.529762e-01	2.971666e+00
451	6.366540e-01	5.270210e-01	2.149976e+00
452	4.198730e-01	5.472317e-01	1.574499e+00
453	5.824795e-01	5.610906e-01	1.775769e+00
454	8.511667e-01	6.251152e-01	1.542257e+00
455	6.032055e-01	4.681389e-01	2.984367e+00
456	6.649105e-01	5.210957e-01	1.577430e+00
457	6.646838e-01	5.593122e-01	2.955056e+00
458	5.604390e-01	6.417452e-01	2.865169e+00
459	5.758107e-01	5.548301e-01	1.672203e+00
460	5.795920e-01	4.810081e-01	1.198339e+00
461	4.396808e-01	1.927190e-01	2.513434e+00
462	5.506376e-01	5.323437e-01	1.853933e+00
463	4.377324e-01	4.706885e-01	2.858329e+00
464	6.661487e-01	5.802830e-01	1.574499e+00
465	6.326521e-01	2.969687e-01	1.432829e+00
466	6.211479e-01	4.412080e-01	1.500244e+00
467	9.633658e-01	2.960924e-01	1.323400e+00
468	6.127871e-01	5.662179e-01	2.147044e+00
469	6.210162e-01	4.363898e-01	2.698095e+00
470	6.600604e-01	5.687820e-01	1.364436e+00
471	6.601284e-01	4.725732e-01	2.076698e+00
472	6.139020e-01	5.533813e-01	2.011236e+00
473	6.540887e-01	3.328651e-01	1.215926e+00
474	5.649669e-01	4.317540e-01	2.299463e+00
475	5.768928e-01	5.478076e-01	1.683928e+00
476	5.855642e-01	5.102271e-01	2.081583e+00
477	5.176974e-01	4.557570e-01	2.350269e+00
478	3.410688e-01	2.857128e-01	2.728383e+00
479	5.232268e-01	4.541149e-01	1.194431e+00
480	6.070816e-01	5.556453e-01	2.515388e+00
481	4.199598e-01	6.377682e-01	1.865657e+00
482	4.363679e-01	6.752762e-02	1.802149e+00
483	5.605737e-01	4.285458e-01	1.367367e+00
484	7.201865e-01	3.762060e-01	1.148510e+00
485	6.449696e-01	3.371379e-01	2.427455e+00
486	5.694899e-01	4.358846e-01	2.196873e+00
487	4.643081e-01	3.732132e-01	2.386419e+00
488	7.742972e-01	3.760241e-01	1.294089e+00
489	6.253392e-01	5.603660e-01	1.687836e+00
490	6.337776e-01	2.910192e-01	1.146556e+00
491	7.351092e-01	5.811853e-01	1.597948e+00
492	6.358320e-01	3.108687e-01	2.412799e+00
493	7.946301e-01	2.274912e-01	1.227650e+00
494	6.412227e-01	5.610063e-01	2.522228e+00
495	6.423901e-01	3.978539e-01	1.437714e+00
496	6.091386e-01	4.845526e-01	1.523693e+00
497	5.699096e-01	3.640305e-01	1.221788e+00
498	3.058633e-01	2.945748e-01	1.652662e+00
499	6.016949e-01	5.576160e-01	1.269663e+00
500	5.480521e-01	5.220092e-01	2.967758e+00
501	6.083838e-01	4.318404e-01	2.546654e+00
502	3.024709e-01	6.840655e-01	1.818759e+00
503	6.071584e-01	4.614123e-01	1.919394e+00
504	6.582510e-01	5.678315e-01	2.563263e+00
505	4.496099e-01	7.064008e-01	1.451392e+00
506	2.360809e-01	4.264470e-01	1.718124e+00
507	5.719265e-01	5.065109e-01	1.207132e+00
508	6.573655e-01	5.595492e-01	1.236444e+00
509	6.514963e-01	5.289504e-01	2.622863e+00
510	4.571763e-01	5.757634e-01	2.549585e+00
511	5.495053e-01	5.249567e-01	2.966781e+00
512	5.725881e-01	3.156167e-01	2.395213e+00
513	5.596123e-01	5.615808e-01	1.534441e+00
514	8.532984e-01	7.099331e-02	1.550073e+00
515	6.761041e-01	2.807751e-01	1.610650e+00
516	7.777229e-01	2.923457e-01	1.612604e+00
517	5.972619e-01	5.087216e-01	1.086957e+00
518	5.734792e-01	4.321530e-01	2.282853e+00
519	1.465799e-01	9.820080e-02	1.573522e+00
520	6.111654e-01	4.215610e-01	2.497802e+00
521	5.867281e-01	4.395597e-01	1.752320e+00
522	3.525306e-01	3.326747e-01	1.589155e+00
523	7.421169e-01	3.099599e-01	1.209086e+00
524	5.826589e-01	5.299703e-01	2.755740e+00
525	4.273442e-01	5.088174e-01	1.499267e+00
526	6.269965e-01	5.315749e-01	1.014656e+00
527	5.822787e-01	5.786533e-01	2.891549e+00
528	6.652390e-01	5.728808e-01	2.478261e+00
529	4.681966e-01	4.676772e-01	1.898876e+00
530	6.572494e-01	5.679398e-01	1.188569e+00
531	6.300283e-01	5.257620e-01	2.785051e+00
532	5.687734e-01	4.555759e-01	2.945286e+00
533	6.194993e-01	5.644437e-01	2.458720e+00
534	3.317750e-01	3.430917e-01	2.673669e+00
535	6.519649e-01	5.718382e-01	1.399609e+00
536	5.662990e-01	5.213386e-01	2.604299e+00
537	5.023233e-01	5.260474e-01	1.529555e+00
538	5.926672e-01	5.630642e-01	2.823156e+00
539	2.978124e-01	1.951786e-01	2.826087e+00
540	7.166400e-01	3.281829e-01	2.844651e+00
541	4.531863e-01	5.578278e-01	2.290669e+00
542	4.848927e-01	5.262259e-01	2.570103e+00
543	5.212429e-01	3.941824e-01	2.396190e+00
544	4.179051e-01	5.763304e-01	1.318515e+00
545	4.699694e-01	4.133882e-01	2.605276e+00
546	4.398814e-01	4.999676e-01	2.683439e+00
547	3.122125e-01	3.853133e-01	1.587201e+00
548	7.171243e-01	5.588831e-01	1.375183e+00
549	5.814399e-01	3.527278e-01	2.298486e+00
550	5.202191e-01	6.972663e-02	1.285296e+00
551	5.727253e-01	4.350081e-01	2.983390e+00
552	3.858578e-01	5.459699e-01	1.195408e+00
553	6.334402e-01	5.780874e-01	2.414753e+00
554	2.753788e-01	4.903823e-01	1.843185e+00
555	3.431692e-01	5.839727e-01	2.396190e+00
556	3.970401e-01	4.597387e-01	3.000000e+00
557	5.942598e-01	4.737827e-01	2.728383e+00
558	3.261251e-01	4.353997e-01	1.133854e+00
559	5.649883e-01	5.532124e-01	1.944797e+00
560	3.144684e-01	3.702652e-01	2.883732e+00
561	5.533348e-01	5.345982e-01	2.383488e+00
562	3.603997e-01	5.673097e-01	2.506595e+00
563	2.724389e-01	5.074590e-01	1.786517e+00
564	4.322305e-01	6.006033e-01	2.893503e+00
565	5.986058e-01	5.519742e-01	2.981436e+00
566	3.163089e-01	1.603203e-01	2.663898e+00
567	5.738346e-01	5.297531e-01	2.227162e+00
568	4.385775e-01	3.788399e-01	1.527601e+00
569	3.989608e-01	4.442685e-01	2.610161e+00
570	5.079837e-01	5.052651e-01	1.058622e+00
571	5.417868e-01	5.594500e-01	2.782120e+00
572	4.120806e-01	7.040581e-01	1.518808e+00
573	6.628779e-01	4.688724e-01	2.109917e+00
574	5.854105e-01	5.920928e-01	2.074744e+00
575	6.074456e-01	5.811636e-01	2.319003e+00
576	3.158794e-01	2.444300e-01	1.290181e+00
577	6.211026e-01	5.738522e-01	1.286273e+00
578	5.624872e-01	6.574448e-01	1.881290e+00
579	8.291881e-01	5.210652e-01	1.664387e+00
580	1.824983e-01	9.033636e-01	1.242306e+00
581	6.118183e-01	3.019886e-01	1.927211e+00
582	6.070668e-01	5.438580e-01	2.820225e+00
583	4.130420e-01	4.814372e-01	2.792868e+00
584	5.759136e-01	4.869689e-01	1.201270e+00
585	7.399697e-01	4.879366e-01	1.898876e+00
586	6.262665e-01	5.558980e-01	1.782609e+00
587	4.701138e-01	4.918150e-01	1.561798e+00
588	5.776544e-01	5.518436e-01	2.282853e+00
589	6.080485e-01	5.555301e-01	2.210552e+00
590	6.471601e-01	5.288250e-01	1.020518e+00
591	7.127692e-01	3.233392e-01	1.784563e+00
592	5.248216e-01	5.254207e-01	1.275525e+00
593	6.231129e-01	5.619433e-01	1.212995e+00
594	7.210927e-01	2.686753e-01	2.964827e+00
595	6.108215e-01	5.046951e-01	2.079629e+00
596	7.314757e-01	5.790996e-01	1.187592e+00
597	4.676322e-01	5.666116e-01	1.258915e+00
598	2.272354e-01	4.992282e-01	1.999511e+00
599	6.033184e-01	5.143082e-01	1.264778e+00
600	5.617816e-01	4.069979e-01	1.110405e+00
601	2.816819e-01	2.502890e-01	1.107474e+00
602	3.507071e-01	6.256298e-01	1.070347e+00
603	5.690330e-01	4.276790e-01	2.400098e+00
604	4.990705e-01	3.965450e-01	2.871031e+00
605	6.014084e-01	5.598085e-01	2.739130e+00
606	6.363102e-01	5.640933e-01	2.061065e+00
607	6.346395e-01	3.241507e-01	1.073278e+00
608	5.378360e-01	4.771432e-01	2.799707e+00
609	5.784744e-01	5.749074e-01	2.010259e+00
610	5.237779e-01	3.820983e-01	1.700537e+00
611	5.619478e-01	4.833691e-01	1.339033e+00
612	3.944705e-01	4.681369e-01	2.227162e+00
613	3.495963e-01	4.405796e-01	2.482169e+00
614	5.995631e-01	4.679633e-01	2.958964e+00
615	5.847995e-01	5.587371e-01	1.443576e+00
616	3.630973e-01	4.569675e-01	2.381534e+00
617	4.680516e-01	4.494562e-01	1.971177e+00
618	6.540630e-01	5.478817e-01	2.960918e+00
619	2.062893e-01	6.257004e-02	1.812897e+00
620	2.827785e-01	3.044150e-01	1.170982e+00
621	4.251830e-01	4.597718e-01	1.277479e+00
622	7.810265e-01	5.776711e-01	1.176844e+00
623	4.747160e-01	4.628711e-01	1.636053e+00
624	7.287877e-01	2.797835e-01	2.336590e+00
625	5.468959e-01	5.643560e-01	1.343918e+00
626	6.130588e-01	4.965095e-01	1.905716e+00
627	6.373232e-01	3.018692e-01	1.784563e+00
628	6.133274e-01	4.817160e-01	2.063996e+00
629	6.114195e-01	4.424809e-01	2.497802e+00
630	3.952087e-01	4.650931e-01	2.870054e+00
631	6.240047e-01	5.544023e-01	1.729849e+00
632	4.904429e-01	7.001973e-01	2.290669e+00
633	5.766487e-01	5.793818e-01	2.841720e+00
634	5.995660e-01	5.296715e-01	2.195896e+00
635	3.167006e-01	1.598998e-01	1.601856e+00
636	3.688758e-01	4.008265e-01	2.449927e+00
637	6.612600e-01	5.574384e-01	1.462140e+00
638	5.741977e-01	5.598350e-01	2.041524e+00
639	6.044214e-01	5.568134e-01	2.061065e+00
640	8.167187e-01	2.754350e-02	2.130435e+00
641	6.993029e-01	3.365145e-01	2.205667e+00
642	6.066699e-01	5.237675e-01	2.184172e+00
643	6.495755e-01	2.936635e-01	2.747924e+00
644	6.985409e-01	5.640443e-01	2.909135e+00
645	6.126787e-01	5.291017e-01	2.777235e+00
646	6.031106e-01	4.520159e-01	1.295066e+00
647	5.426254e-01	2.914454e-01	1.050806e+00
648	7.760101e-01	1.541151e-01	1.191500e+00
649	6.365201e-01	3.888488e-01	1.198339e+00
650	4.873193e-01	5.853326e-01	2.656082e+00
651	5.173645e-01	5.026725e-01	1.692721e+00
652	7.375178e-01	3.313499e-01	2.330728e+00
653	5.470634e-01	5.574414e-01	1.906693e+00
654	3.241203e-01	4.869882e-01	2.192965e+00
655	6.321168e-01	3.763405e-01	1.200293e+00
656	6.596798e-01	5.634298e-01	2.361016e+00
657	6.393843e-01	5.641043e-01	2.080606e+00
658	5.963671e-01	4.637604e-01	2.017098e+00
659	6.022548e-01	6.626882e-01	2.191011e+00
660	3.245746e-01	2.788000e-01	1.667318e+00
661	6.455894e-01	5.646900e-01	2.229116e+00
662	7.269711e-01	3.978288e-01	1.188569e+00
663	6.615456e-01	5.834849e-01	2.714704e+00
664	5.617921e-01	5.519853e-01	1.979971e+00
665	5.403761e-01	5.900757e-01	2.954079e+00
666	5.047901e-01	8.600388e-02	1.803127e+00
667	7.178660e-01	5.515646e-01	1.039082e+00
668	1.366910e-01	5.454432e-01	1.893014e+00
669	2.879628e-01	2.748451e-01	1.778701e+00
670	1.840035e-01	9.188535e-01	1.807035e+00
671	6.403012e-01	5.138177e-01	1.102589e+00
672	7.246919e-01	3.765715e-01	1.879336e+00
673	6.974124e-01	3.513250e-01	1.984856e+00
674	5.950525e-01	5.725898e-01	2.238886e+00
675	4.494372e-01	6.486902e-01	2.868100e+00
676	5.926859e-01	4.737440e-01	2.748901e+00
677	5.609607e-01	5.522182e-01	1.578407e+00
678	5.896269e-01	4.830452e-01	1.621397e+00
679	5.714014e-01	5.585840e-01	2.657059e+00
680	2.742931e-01	4.415726e-01	2.404983e+00
681	3.095453e-01	2.328265e-01	2.272106e+00
682	5.069883e-01	5.016842e-01	1.463117e+00
683	5.438915e-01	5.484360e-01	2.316072e+00
684	6.049809e-01	5.145787e-01	2.334636e+00
685	7.172715e-01	6.052282e-01	1.365413e+00
686	7.262672e-01	5.730900e-01	2.105032e+00
687	6.680694e-01	5.156694e-01	1.339033e+00
688	6.257871e-01	5.356768e-01	2.932584e+00
689	6.144122e-01	4.576561e-01	2.378603e+00
690	5.777577e-01	5.512228e-01	1.833415e+00
691	4.004484e-01	4.569245e-01	1.663410e+00
692	5.531061e-01	6.435075e-01	2.251588e+00
693	6.908006e-01	5.744481e-01	1.766976e+00
694	3.896882e-01	3.968047e-01	1.575476e+00
695	4.259636e-01	6.040395e-01	2.771373e+00
696	4.301443e-01	3.851472e-01	2.787005e+00
697	6.056982e-01	5.183781e-01	1.959453e+00
698	6.143745e-01	5.689877e-01	2.187103e+00
699	6.122762e-01	5.354281e-01	2.430386e+00
700	6.628249e-01	4.815131e-01	2.679531e+00
701	4.975989e-01	3.984253e-01	2.191988e+00
702	6.605507e-01	4.749141e-01	2.945286e+00
703	6.587013e-01	5.671601e-01	2.793845e+00
704	6.133222e-01	5.733420e-01	2.132389e+00
705	4.412540e-01	5.466152e-01	1.627259e+00
706	5.894052e-01	4.694082e-01	1.623351e+00
707	6.440474e-01	4.476411e-01	2.772350e+00
708	5.649811e-01	5.544519e-01	1.552027e+00
709	4.029929e-01	6.102333e-01	1.180752e+00
710	4.581753e-01	5.275756e-01	1.632145e+00
711	1.347466e-01	1.498923e-01	1.680997e+00
712	5.714708e-01	1.026844e-01	2.828041e+00
713	5.612540e-01	4.510266e-01	1.703468e+00
714	6.900357e-01	4.731921e-01	1.471910e+00
715	2.423932e-01	4.382049e-01	2.368832e+00
716	6.812372e-01	4.487794e-01	1.961407e+00
717	6.085466e-01	5.136899e-01	1.756229e+00
718	6.906359e-01	5.985202e-01	2.987298e+00
719	5.955914e-01	4.647772e-01	2.332682e+00
720	6.292221e-01	5.679732e-01	1.097704e+00
722	6.213298e-01	5.262612e-01	1.704446e+00
723	5.984814e-01	5.566598e-01	1.853933e+00
724	6.515521e-01	4.782205e-01	2.829995e+00
725	6.345929e-01	2.958282e-01	2.232047e+00
726	4.894411e-01	5.205899e-01	2.587689e+00
727	4.562163e-01	4.985033e-01	2.698095e+00
728	9.076895e-01	7.098114e-02	1.896922e+00
729	6.907990e-01	4.370113e-01	1.212995e+00
730	2.951441e-01	6.857083e-01	1.502198e+00
731	5.986949e-01	5.488507e-01	2.614069e+00
732	6.438030e-01	5.648938e-01	2.880801e+00
733	6.358782e-01	5.616533e-01	1.956522e+00
734	6.365292e-01	4.707317e-01	2.745970e+00
735	1.989444e-01	9.030001e-01	1.179775e+00
736	6.371877e-01	2.727280e-01	1.935027e+00
737	6.171665e-01	4.579933e-01	1.975085e+00
738	6.000044e-01	4.553104e-01	1.067416e+00
739	6.025764e-01	3.708571e-01	2.024915e+00
740	3.909718e-01	3.991638e-01	2.810454e+00
741	6.321564e-01	3.879363e-01	2.428432e+00
742	6.210945e-01	4.197825e-01	1.957499e+00
743	8.410176e-01	2.932275e-01	2.306302e+00
744	5.663934e-01	6.093873e-01	2.557401e+00
745	3.989228e-01	6.353048e-01	1.243283e+00
746	6.255025e-01	4.036282e-01	2.429409e+00
747	6.451464e-01	5.428034e-01	2.523205e+00
748	6.160922e-01	4.254083e-01	2.842697e+00
749	6.126301e-01	5.390123e-01	2.247680e+00
750	6.639278e-01	5.661338e-01	2.000489e+00
751	6.443753e-01	5.628658e-01	2.446019e+00
752	5.403790e-01	4.710084e-01	2.360039e+00
753	2.699648e-01	2.459032e-01	2.567171e+00
754	6.266536e-01	5.689494e-01	2.415730e+00
755	5.751549e-01	6.086286e-01	1.989741e+00
756	5.769088e-01	4.872109e-01	2.908158e+00
757	5.636419e-01	5.427107e-01	2.731314e+00
758	5.998385e-01	5.491118e-01	2.544700e+00
759	5.765836e-01	5.662168e-01	2.890572e+00
760	6.231893e-01	5.071624e-01	1.654617e+00
761	5.806563e-01	5.413397e-01	1.008793e+00
762	4.952496e-01	5.105556e-01	1.260870e+00
763	2.944047e-01	2.023137e-01	1.347826e+00
764	6.357404e-01	5.928007e-01	1.325354e+00
765	6.394243e-01	5.582230e-01	1.420127e+00
766	6.747714e-01	3.658768e-01	2.845628e+00
767	6.621665e-01	5.600709e-01	1.853933e+00
768	6.133169e-01	4.659232e-01	1.303859e+00
769	4.613310e-01	4.191217e-01	1.294089e+00
770	2.842418e-01	6.138631e-01	1.675134e+00
771	5.730171e-01	5.555908e-01	2.417684e+00
772	5.481636e-01	4.363439e-01	2.053249e+00
773	6.105958e-01	5.072584e-01	1.276502e+00
774	4.787791e-01	4.718528e-01	2.779189e+00
775	3.400334e-01	1.399582e-01	1.984856e+00
776	3.103368e-01	4.586260e-01	2.295554e+00
777	6.200102e-01	5.376247e-01	1.652662e+00
778	6.129790e-01	3.919697e-01	2.464582e+00
779	6.035938e-01	5.495120e-01	1.763068e+00
780	7.294166e-01	4.936126e-01	2.026869e+00
781	6.078536e-01	5.286728e-01	1.160234e+00
782	5.646720e-01	4.426318e-01	2.302394e+00
783	5.025193e-01	5.372760e-01	1.384954e+00
784	4.919573e-01	4.044728e-01	2.598437e+00
785	6.296871e-01	5.803710e-01	2.130435e+00
786	6.696999e-01	5.045851e-01	1.690767e+00
787	4.533353e-01	4.309301e-01	1.940889e+00
788	6.606119e-01	6.004521e-01	2.099170e+00
