768
0	1.079023e-01	2.119399e-01	1.398632e+00
1	5.445093e-01	5.453656e-01	1.108451e+00
2	4.735799e-01	4.440838e-01	2.925745e+00
3	4.603649e-01	4.809803e-01	2.732291e+00
4	3.142222e-01	3.645445e-01	1.257938e+00
5	4.413191e-01	5.011352e-01	2.424524e+00
6	8.108327e-01	9.575970e-01	1.383000e+00
7	4.851528e-01	5.229393e-01	2.705911e+00
8	4.892568e-01	5.437621e-01	2.442110e+00
9	4.718980e-01	5.188753e-01	2.233024e+00
10	5.308730e-01	5.957349e-01	2.376649e+00
11	4.596182e-01	5.120640e-01	1.556913e+00
12	4.050709e-01	3.970689e-01	2.950171e+00
13	4.466422e-01	4.430212e-01	1.066439e+00
14	4.740550e-01	5.192254e-01	1.626282e+00
15	4.509449e-01	7.895446e-01	1.306790e+00
16	4.722383e-01	5.209898e-01	2.902296e+00
17	4.941894e-01	4.136616e-01	1.195408e+00
18	5.097969e-01	5.327132e-01	1.785540e+00
19	4.751224e-01	5.362216e-01	1.248168e+00
20	4.912510e-01	5.270134e-01	1.863703e+00
21	4.841066e-01	5.112440e-01	2.671715e+00
22	4.748088e-01	5.280835e-01	2.487054e+00
23	4.463504e-01	7.174005e-01	1.946751e+00
24	4.595068e-01	4.302270e-01	1.303859e+00
25	7.264616e-01	7.094622e-01	2.152907e+00
26	4.565149e-01	5.311692e-01	1.388862e+00
27	4.672907e-01	4.840748e-01	1.591109e+00
28	4.806106e-01	6.209810e-01	2.205667e+00
29	4.678627e-01	5.151873e-01	2.181241e+00
30	5.209205e-01	6.785784e-01	1.475818e+00
31	5.184424e-01	4.157125e-01	2.309233e+00
32	4.412471e-01	4.953113e-01	2.073766e+00
33	6.404022e-01	7.216757e-01	2.331705e+00
34	4.639270e-01	4.982613e-01	1.126038e+00
35	5.439974e-01	5.727227e-01	2.235955e+00
36	1.749207e-01	5.559295e-01	2.805569e+00
37	5.660438e-01	6.458356e-01	2.555447e+00
38	4.911983e-01	5.482069e-01	2.559355e+00
39	4.713501e-01	5.319770e-01	1.895945e+00
40	3.832395e-01	4.747799e-01	1.282364e+00
41	5.633708e-01	6.058372e-01	2.750855e+00
42	4.656764e-01	5.154745e-01	2.412799e+00
43	4.883871e-01	5.201615e-01	2.557401e+00
44	4.937441e-01	3.669813e-01	1.648754e+00
45	4.668869e-01	4.992056e-01	1.721055e+00
46	4.753459e-01	5.652035e-01	2.588666e+00
47	4.577753e-01	5.345266e-01	1.525647e+00
48	4.686995e-01	5.197196e-01	2.751832e+00
49	5.025300e-01	6.996454e-01	2.625794e+00
50	4.634778e-01	6.025473e-01	1.663410e+00
51	4.726515e-01	5.159047e-01	2.560332e+00
52	4.628301e-01	5.289123e-01	1.696629e+00
53	4.508577e-01	5.356928e-01	1.506106e+00
54	4.651796e-01	5.135031e-01	2.675623e+00
55	4.812116e-01	4.647100e-01	2.497802e+00
56	5.668209e-01	6.730857e-01	1.031265e+00
57	4.599004e-01	5.941392e-01	2.361993e+00
58	4.888193e-01	4.489672e-01	1.866634e+00
60	7.499531e-01	7.591101e-01	1.503175e+00
61	4.381781e-01	5.159313e-01	2.449927e+00
62	4.609775e-01	4.957593e-01	2.831949e+00
63	4.868621e-01	5.297208e-01	2.317049e+00
64	4.646811e-01	5.280276e-01	2.353200e+00
65	4.696211e-01	5.204855e-01	2.575965e+00
66	5.162768e-01	4.304698e-01	2.922814e+00
67	5.403207e-01	6.060754e-01	2.289692e+00
68	4.432639e-01	4.136688e-01	2.766488e+00
69	5.818573e-01	5.483810e-01	1.522716e+00
70	5.237469e-01	4.789482e-01	2.769419e+00
71	4.613329e-01	4.756684e-01	1.110405e+00
72	4.162102e-01	4.704935e-01	1.412311e+00
73	5.254616e-01	7.018204e-01	1.951637e+00
74	4.447362e-01	7.148632e-01	1.449438e+00
75	5.532999e-01	5.929238e-01	2.176356e+00
76	4.437241e-01	4.363140e-01	1.212995e+00
77	4.682103e-01	4.910743e-01	1.872496e+00
78	4.823909e-01	5.549502e-01	1.606742e+00
79	4.816670e-01	3.579582e-01	1.183683e+00
80	4.654836e-01	4.485362e-01	2.736199e+00
81	4.685347e-01	5.186742e-01	1.617489e+00
82	4.694419e-01	5.014032e-01	2.456766e+00
83	5.729129e-01	6.413544e-01	1.406448e+00
84	3.195146e-01	4.595448e-01	2.453835e+00
85	4.742936e-01	5.161884e-01	2.712750e+00
86	4.638999e-01	5.081633e-01	2.877870e+00
87	4.977838e-01	3.844718e-01	1.533464e+00
88	4.631631e-01	3.505509e-01	2.169516e+00
89	3.150399e-01	4.113711e-01	2.483146e+00
90	4.096811e-01	4.541795e-01	1.538349e+00
91	4.670299e-01	5.195917e-01	1.117245e+00
92	4.564284e-01	5.242569e-01	2.709819e+00
93	4.750305e-01	5.070621e-01	2.929653e+00
94	4.699834e-01	3.712306e-01	2.125550e+00
95	4.741596e-01	5.370350e-01	2.148999e+00
96	4.486786e-01	5.154541e-01	1.206155e+00
98	4.734205e-01	5.235112e-01	1.997557e+00
99	5.539610e-01	5.467029e-01	1.753298e+00
100	4.735446e-01	4.964569e-01	1.491451e+00
101	4.672009e-01	5.182748e-01	2.381534e+00
102	4.720947e-01	5.489316e-01	1.837323e+00
103	5.157165e-01	3.770122e-01	2.723498e+00
104	4.728750e-01	2.913443e-01	1.216903e+00
105	4.625516e-01	4.694450e-01	1.385931e+00
107	4.954100e-01	5.215785e-01	1.887152e+00
108	4.005817e-01	6.175114e-01	1.869565e+00
109	3.710051e-01	5.697455e-01	2.657059e+00
110	4.980694e-01	5.026144e-01	1.905716e+00
111	4.976178e-01	4.733046e-01	2.319980e+00
113	5.486197e-01	3.479644e-01	1.155349e+00
114	4.730682e-01	5.396534e-01	1.261847e+00
115	4.623985e-01	4.763361e-01	1.308745e+00
116	6.325278e-01	2.561556e-01	1.148510e+00
117	5.127958e-01	5.718560e-01	1.865657e+00
118	4.558342e-01	4.618136e-01	2.988276e+00
119	4.339627e-01	5.986099e-01	1.479726e+00
120	5.197515e-01	5.877751e-01	2.095261e+00
121	5.367826e-01	6.351160e-01	2.442110e+00
122	6.447156e-01	6.079284e-01	1.070347e+00
123	4.807940e-01	4.500235e-01	1.417196e+00
124	4.593028e-01	5.020103e-01	2.817294e+00
126	5.216352e-01	5.273562e-01	2.738153e+00
127	4.711997e-01	4.243379e-01	2.338544e+00
128	5.574221e-01	6.707796e-01	1.282364e+00
129	4.678748e-01	4.930448e-01	2.676600e+00
130	5.549169e-01	6.700711e-01	2.443087e+00
132	4.760452e-01	4.391765e-01	1.220811e+00
133	2.876317e-01	6.495285e-01	2.407914e+00
134	4.516711e-01	6.011476e-01	2.277968e+00
135	4.543043e-01	5.309560e-01	2.409868e+00
136	4.398331e-01	4.774338e-01	2.083537e+00
137	5.400254e-01	5.310261e-01	2.286761e+00
138	6.924956e-01	2.718192e-01	1.194431e+00
139	4.524067e-01	5.209107e-01	2.818271e+00
140	4.844890e-01	4.359490e-01	2.827064e+00
141	4.914792e-01	5.395953e-01	1.684905e+00
142	4.903657e-01	5.239717e-01	1.999511e+00
143	4.806368e-01	5.263252e-01	1.956522e+00
144	4.504476e-01	5.378125e-01	2.323889e+00
145	4.432126e-01	4.840889e-01	2.501710e+00
146	3.537368e-01	3.781128e-01	2.395213e+00
147	3.814421e-01	5.618902e-01	2.719590e+00
148	4.705549e-01	5.196431e-01	2.937469e+00
149	5.253367e-01	5.620748e-01	2.803615e+00
150	4.848075e-01	6.090083e-01	1.794333e+00
151	4.836630e-01	4.945509e-01	2.611138e+00
152	5.208985e-01	5.782065e-01	1.724963e+00
153	4.604808e-01	5.016863e-01	1.983879e+00
154	4.662476e-01	5.188244e-01	2.181241e+00
155	5.014578e-01	6.455808e-01	1.295066e+00
156	5.317092e-01	6.095872e-01	1.970200e+00
157	4.460447e-01	5.316866e-01	2.387396e+00
158	5.548663e-01	6.139861e-01	2.386419e+00
159	5.945225e-01	4.568581e-01	2.647289e+00
160	4.753994e-01	5.035228e-01	1.686859e+00
161	4.900683e-01	5.317171e-01	1.553981e+00
162	4.172871e-01	4.043962e-01	1.764045e+00
163	3.344196e-01	2.872521e-01	1.632145e+00
164	4.710722e-01	5.196992e-01	1.235467e+00
165	4.616081e-01	4.984388e-01	2.251588e+00
166	4.661483e-01	4.766599e-01	1.751343e+00
167	4.343905e-01	5.536303e-01	1.715193e+00
168	4.731304e-01	5.231679e-01	2.109917e+00
169	4.758328e-01	5.864928e-01	2.137274e+00
170	6.067459e-01	4.964774e-01	2.099170e+00
171	4.447030e-01	4.112644e-01	2.057157e+00
172	5.030257e-01	5.175884e-01	2.246702e+00
173	4.897634e-01	5.510948e-01	1.894968e+00
174	3.739954e-01	4.828077e-01	2.453835e+00
175	4.350534e-01	4.950805e-01	2.834880e+00
176	4.363049e-01	6.616949e-01	2.215437e+00
177	4.615182e-01	4.879841e-01	2.153884e+00
178	4.727518e-01	5.207687e-01	2.475330e+00
179	4.811767e-01	4.510625e-01	1.274548e+00
180	4.254686e-01	4.685889e-01	2.127504e+00
181	4.672628e-01	5.121698e-01	1.790425e+00
182	2.626420e-01	3.568942e-01	1.736688e+00
183	5.096190e-01	4.000267e-01	1.692721e+00
184	4.387414e-01	3.730952e-01	2.042501e+00
185	6.178518e-01	5.243319e-01	1.468979e+00
186	4.580335e-01	5.484085e-01	1.784563e+00
188	4.930425e-01	5.796660e-01	1.839277e+00
189	4.980598e-01	5.219843e-01	1.175867e+00
190	3.465986e-01	5.394704e-01	2.807523e+00
191	4.011057e-01	3.238491e-01	2.811431e+00
192	4.229828e-01	5.826643e-01	1.192477e+00
193	3.608076e-01	5.656566e-01	1.620420e+00
194	3.966000e-01	4.751296e-01	2.624817e+00
195	4.649633e-01	5.173078e-01	2.806546e+00
196	5.281608e-01	5.990307e-01	1.763068e+00
197	5.416160e-01	5.358086e-01	2.060088e+00
198	4.010429e-01	6.498790e-01	2.458720e+00
199	4.739260e-01	5.836992e-01	2.463605e+00
200	7.063763e-01	6.877144e-01	1.141671e+00
201	4.719673e-01	5.231142e-01	1.146556e+00
202	4.966860e-01	5.355317e-01	1.395701e+00
203	4.209055e-01	6.050744e-01	1.755252e+00
204	4.940425e-01	5.694243e-01	2.901319e+00
205	4.013015e-01	3.936330e-01	2.123596e+00
206	4.944512e-01	3.759629e-01	1.652662e+00
207	4.580140e-01	5.037036e-01	1.199316e+00
208	4.843996e-01	5.659587e-01	2.170493e+00
209	4.526234e-01	7.151873e-01	2.733268e+00
210	4.615074e-01	5.571946e-01	1.545188e+00
211	5.037955e-01	5.079990e-01	1.376160e+00
212	4.757732e-01	4.826482e-01	1.621397e+00
213	4.808775e-01	5.271523e-01	1.883244e+00
214	4.456558e-01	5.087641e-01	1.612604e+00
215	5.032380e-01	5.187789e-01	2.909135e+00
216	4.761790e-01	5.230561e-01	1.354665e+00
217	4.723697e-01	5.299786e-01	2.770396e+00
218	4.791459e-01	6.162129e-01	2.148999e+00
219	4.822815e-01	4.968573e-01	2.624817e+00
220	4.990996e-01	4.346763e-01	2.697118e+00
221	4.921508e-01	5.140484e-01	1.938935e+00
222	3.211192e-01	2.275073e-01	1.854910e+00
223	3.731395e-01	4.742857e-01	2.625794e+00
224	4.689016e-01	3.154338e-01	2.984367e+00
225	5.074806e-01	5.774857e-01	2.693210e+00
226	4.644540e-01	5.057614e-01	2.276014e+00
227	4.948245e-01	5.511041e-01	1.245237e+00
228	4.733061e-01	5.109408e-01	1.489497e+00
229	4.750120e-01	5.144407e-01	2.305325e+00
230	4.816336e-01	5.445231e-01	2.689301e+00
231	4.952215e-01	6.022582e-01	1.346849e+00
232	4.950826e-01	5.574883e-01	2.447973e+00
233	4.886483e-01	4.843408e-01	1.591109e+00
234	4.839889e-01	4.649903e-01	1.931119e+00
235	5.127947e-01	5.417125e-01	2.687347e+00
236	4.712945e-01	5.187124e-01	2.787982e+00
237	4.716248e-01	5.238551e-01	1.510015e+00
238	4.536591e-01	5.026348e-01	2.193942e+00
239	4.377942e-01	4.567747e-01	2.918906e+00
240	5.039692e-01	5.956894e-01	1.734734e+00
241	4.579106e-01	5.793653e-01	1.119199e+00
242	5.303543e-01	5.021047e-01	1.631168e+00
243	4.603681e-01	4.598252e-01	1.258915e+00
244	4.626008e-01	5.486429e-01	2.458720e+00
245	4.372288e-01	3.708171e-01	2.134343e+00
246	4.721203e-01	5.145348e-01	2.662921e+00
247	4.739392e-01	5.001975e-01	2.924768e+00
248	4.228277e-01	4.483796e-01	2.983390e+00
250	7.673238e-01	7.451921e-01	2.763556e+00
251	5.578431e-01	5.319215e-01	2.374695e+00
252	5.258626e-01	6.004194e-01	1.703468e+00
253	5.505893e-01	6.248844e-01	1.246214e+00
254	4.277206e-01	4.368892e-01	2.925745e+00
255	4.858033e-01	5.285736e-01	1.857841e+00
256	4.674080e-01	5.073275e-01	2.601368e+00
257	4.587956e-01	5.055840e-01	2.413776e+00
258	5.086605e-01	5.129537e-01	2.569126e+00
259	4.189397e-01	4.239326e-01	1.865657e+00
260	4.699683e-01	5.213730e-01	2.574988e+00
261	4.611677e-01	5.202661e-01	1.598925e+00
262	4.637020e-01	3.482728e-01	2.264289e+00
263	3.177123e-01	5.720811e-01	1.176844e+00
264	4.576955e-01	3.590414e-01	1.061553e+00
265	4.641545e-01	4.984122e-01	2.526136e+00
266	5.208062e-01	5.881687e-01	1.928188e+00
267	4.228429e-01	5.113795e-01	2.006351e+00
268	4.467247e-01	4.901590e-01	1.041036e+00
269	2.058544e-01	4.653410e-01	1.793356e+00
270	4.133898e-01	3.775378e-01	1.860772e+00
271	3.616236e-01	6.084327e-01	1.389839e+00
272	4.798211e-01	5.309714e-01	1.052760e+00
273	5.350149e-01	6.525486e-01	1.156326e+00
274	6.157687e-01	7.249944e-01	1.981925e+00
275	2.503652e-01	3.496999e-01	2.256473e+00
276	4.491210e-01	4.660963e-01	2.368832e+00
277	4.360957e-01	5.060306e-01	2.024915e+00
279	4.193885e-01	4.907820e-01	1.348803e+00
280	4.698038e-01	6.328152e-01	2.472399e+00
281	4.595321e-01	7.354301e-01	2.288715e+00
282	4.384969e-01	4.394911e-01	2.745970e+00
283	4.241469e-01	4.843368e-01	2.490962e+00
284	6.348521e-01	7.267784e-01	2.515388e+00
285	1.313160e-01	4.195840e-01	1.545188e+00
286	4.650034e-01	5.325316e-01	2.662921e+00
287	5.240968e-01	5.774725e-01	2.264289e+00
288	4.904364e-01	5.765980e-01	2.905227e+00
289	4.469038e-01	3.631740e-01	1.058622e+00
290	3.869212e-01	4.638044e-01	2.152907e+00
291	8.101658e-01	9.555698e-01	2.784074e+00
292	4.622426e-01	5.255502e-01	2.445042e+00
293	4.850855e-01	3.935569e-01	2.852467e+00
294	5.108982e-01	5.364425e-01	2.070835e+00
295	4.299030e-01	5.341644e-01	1.406448e+00
296	6.209794e-01	8.405080e-01	1.751343e+00
297	3.944467e-01	4.773487e-01	2.077675e+00
298	5.293276e-01	3.366411e-01	1.601856e+00
299	4.612101e-01	4.696497e-01	2.048363e+00
300	4.446716e-01	4.682384e-01	2.781143e+00
301	4.689678e-01	5.186193e-01	2.779189e+00
302	4.431542e-01	4.500440e-01	2.617978e+00
303	3.410905e-01	3.981336e-01	1.698583e+00
304	5.742341e-01	5.959385e-01	1.948705e+00
305	4.635273e-01	5.290767e-01	1.416219e+00
306	8.579553e-01	2.286394e-01	1.745481e+00
307	4.766505e-01	5.312470e-01	2.291646e+00
308	4.540879e-01	4.451574e-01	1.868588e+00
309	4.928990e-01	4.318617e-01	2.511480e+00
310	4.697149e-01	4.961672e-01	2.596483e+00
311	4.205526e-01	3.760321e-01	2.855398e+00
312	4.868420e-01	5.963243e-01	1.312653e+00
313	5.132025e-01	5.631678e-01	1.787494e+00
314	4.695752e-01	5.127517e-01	2.252565e+00
315	3.745449e-01	4.267927e-01	1.978017e+00
316	4.885249e-01	5.510340e-01	2.965804e+00
317	4.682707e-01	5.103503e-01	2.221299e+00
318	4.948934e-01	5.330728e-01	1.701514e+00
319	3.936907e-01	4.449560e-01	1.135809e+00
320	4.976898e-01	4.732515e-01	2.997069e+00
322	4.286904e-01	6.102582e-01	2.362970e+00
323	4.681545e-01	4.873515e-01	2.553493e+00
324	4.755496e-01	5.633486e-01	1.347826e+00
325	2.640768e-01	2.965879e-01	2.896434e+00
326	4.694901e-01	5.204139e-01	1.857841e+00
327	4.476358e-01	5.840430e-01	1.669272e+00
328	4.705263e-01	4.858845e-01	1.726917e+00
329	4.880460e-01	5.507383e-01	2.604299e+00
330	4.319337e-01	4.564686e-01	2.089399e+00
331	4.692151e-01	5.460692e-01	1.552027e+00
332	4.396840e-01	5.068695e-01	1.769907e+00
333	4.680372e-01	5.055484e-01	1.382022e+00
334	2.264663e-01	3.160748e-01	2.510503e+00
335	4.755498e-01	4.865073e-01	1.640938e+00
336	4.901053e-01	5.247145e-01	2.933561e+00
337	5.109309e-01	4.780673e-01	1.033219e+00
338	5.125822e-01	5.632768e-01	1.408403e+00
339	4.717367e-01	4.820324e-01	2.767465e+00
340	4.856135e-01	5.438921e-01	1.526624e+00
341	4.639638e-01	4.206334e-01	1.456277e+00
342	4.697033e-01	4.720723e-01	1.054714e+00
343	4.070305e-01	5.028781e-01	2.601368e+00
344	2.772706e-01	3.620517e-01	2.193942e+00
346	4.553510e-01	4.998050e-01	1.564729e+00
347	4.822393e-01	5.073682e-01	1.679043e+00
348	4.373848e-01	4.261305e-01	2.034685e+00
349	4.612204e-01	5.043371e-01	2.564240e+00
350	5.566240e-01	5.866602e-01	2.311187e+00
351	5.011750e-01	4.037892e-01	1.297997e+00
352	4.691598e-01	4.940618e-01	2.873962e+00
353	4.173911e-01	5.076619e-01	2.202736e+00
354	4.739606e-01	5.208027e-01	2.653151e+00
355	3.171916e-01	6.295728e-01	2.461651e+00
356	4.720700e-01	5.039761e-01	1.679043e+00
357	5.264163e-01	5.452639e-01	2.991207e+00
358	5.067961e-01	6.661796e-01	2.857352e+00
359	5.341508e-01	6.160744e-01	1.913532e+00
360	4.624596e-01	6.032937e-01	1.216903e+00
361	4.448121e-01	2.814287e-01	1.214949e+00
362	4.991187e-01	4.918173e-01	1.005862e+00
363	4.563831e-01	4.890053e-01	2.227162e+00
364	4.730464e-01	5.193415e-01	1.723009e+00
366	4.827839e-01	6.005953e-01	1.692721e+00
367	4.607197e-01	5.361735e-01	1.154372e+00
368	4.794882e-01	5.548199e-01	1.851001e+00
369	4.679288e-01	5.257942e-01	2.418661e+00
370	5.496871e-01	5.123851e-01	1.874450e+00
371	5.496735e-01	5.611207e-01	1.591109e+00
372	5.001355e-01	5.372746e-01	2.199805e+00
373	4.008634e-01	3.642092e-01	2.208598e+00
374	4.645249e-01	6.304138e-01	1.322423e+00
375	5.417614e-01	7.131659e-01	2.361016e+00
376	5.421084e-01	5.355102e-01	1.815828e+00
377	4.713587e-01	5.219099e-01	1.328285e+00
378	4.967046e-01	5.260973e-01	1.883244e+00
379	4.774462e-01	5.187817e-01	1.599902e+00
380	5.425388e-01	7.445119e-01	2.343429e+00
381	4.578755e-01	5.024965e-01	1.835369e+00
383	5.463732e-01	3.221626e-01	1.698583e+00
384	6.590179e-01	3.727470e-01	2.761602e+00
385	4.237760e-01	7.849681e-01	1.961407e+00
386	6.162687e-01	5.812810e-01	2.449927e+00
387	5.005634e-01	5.796886e-01	2.669761e+00
388	4.234455e-01	5.153046e-01	2.597460e+00
389	4.827319e-01	5.325518e-01	2.960918e+00
390	4.645319e-01	5.084345e-01	1.655594e+00
391	4.734164e-01	4.969888e-01	2.572057e+00
392	4.942169e-01	5.529185e-01	1.234489e+00
393	4.286452e-01	5.051220e-01	1.607719e+00
394	4.755526e-01	5.164363e-01	2.643381e+00
395	4.486155e-01	4.731230e-01	1.233512e+00
397	6.535244e-01	3.811246e-01	1.083048e+00
398	5.084081e-01	2.197926e-01	2.453835e+00
399	5.369537e-01	4.405358e-01	2.169516e+00
400	4.642834e-01	4.801773e-01	1.634099e+00
401	4.795943e-01	5.657062e-01	1.314607e+00
402	4.561612e-01	4.654149e-01	2.292623e+00
403	4.958282e-01	5.838851e-01	1.759160e+00
404	4.308479e-01	4.414156e-01	2.942355e+00
405	4.862363e-01	5.702424e-01	1.358574e+00
406	4.878094e-01	5.767521e-01	1.474841e+00
407	6.527998e-01	6.145870e-01	2.850513e+00
408	4.236235e-01	4.311678e-01	2.543723e+00
409	4.479742e-01	5.243009e-01	1.170005e+00
410	4.451754e-01	5.539735e-01	2.011236e+00
411	4.834490e-01	5.878864e-01	2.982413e+00
412	7.819742e-01	1.977509e-01	1.578407e+00
413	6.063600e-01	6.373428e-01	2.904250e+00
414	4.564210e-01	4.762311e-01	2.948217e+00
415	4.609838e-01	5.209566e-01	1.856864e+00
416	4.959885e-01	5.645631e-01	1.780655e+00
417	4.730420e-01	4.650638e-01	1.223742e+00
418	5.037817e-01	5.345883e-01	2.928676e+00
419	4.527168e-01	4.727729e-01	1.055691e+00
420	4.767825e-01	5.170991e-01	2.823156e+00
421	4.703050e-01	5.221700e-01	2.886663e+00
422	4.803559e-01	5.031142e-01	1.391793e+00
423	5.767748e-01	3.798872e-01	1.467025e+00
424	4.679351e-01	4.698854e-01	1.512946e+00
425	1.771778e-01	4.884367e-01	1.960430e+00
426	1.817044e-01	4.678163e-01	2.254519e+00
427	5.058114e-01	5.634794e-01	2.899365e+00
428	4.353770e-01	5.393066e-01	1.247191e+00
429	4.652123e-01	5.045995e-01	1.802149e+00
430	4.556332e-01	5.148867e-01	1.663410e+00
431	4.893585e-01	3.259923e-01	2.556424e+00
432	1.200092e-02	2.133454e-01	2.947240e+00
433	4.927756e-01	5.253609e-01	2.475330e+00
434	4.799172e-01	5.120159e-01	2.923791e+00
435	5.510313e-01	3.730625e-01	2.906204e+00
437	4.380140e-01	4.570145e-01	2.476307e+00
438	4.374108e-01	5.397954e-01	2.065950e+00
439	4.676465e-01	5.219474e-01	1.983879e+00
440	4.846454e-01	4.855983e-01	1.637030e+00
441	5.646572e-01	3.145230e-01	1.338056e+00
442	5.232551e-01	4.352581e-01	2.406937e+00
443	4.179248e-01	3.710630e-01	1.422081e+00
444	4.281570e-01	4.217310e-01	2.956033e+00
445	4.661093e-01	5.213474e-01	2.601368e+00
446	2.936049e-01	4.067987e-01	1.846116e+00
447	4.707719e-01	5.112027e-01	1.264778e+00
448	4.497907e-01	4.404311e-01	1.119199e+00
449	5.305898e-01	5.938525e-01	1.956522e+00
450	5.651256e-01	3.667807e-01	2.971666e+00
451	4.659343e-01	5.191121e-01	2.149976e+00
452	5.390371e-01	4.246834e-01	1.574499e+00
453	4.164084e-01	2.559718e-01	1.775769e+00
455	4.940655e-01	5.791264e-01	2.984367e+00
456	4.589673e-01	4.838631e-01	1.577430e+00
457	4.219254e-01	4.520750e-01	2.955056e+00
458	4.862362e-01	5.041508e-01	2.865169e+00
459	3.958327e-01	3.312849e-01	1.672203e+00
461	3.677827e-01	8.045905e-01	2.513434e+00
462	4.768395e-01	5.531173e-01	1.853933e+00
463	4.918551e-01	5.218925e-01	2.858329e+00
464	5.259317e-01	6.328873e-01	1.574499e+00
465	5.239724e-01	5.616922e-01	1.432829e+00
466	4.645966e-01	5.169334e-01	1.500244e+00
467	3.652790e-01	3.935859e-01	1.323400e+00
468	4.735890e-01	5.247194e-01	2.147044e+00
469	4.507685e-01	5.080842e-01	2.698095e+00
470	4.903868e-01	5.359720e-01	1.364436e+00
471	4.900455e-01	5.437557e-01	2.076698e+00
472	4.746407e-01	5.142289e-01	2.011236e+00
473	5.110216e-01	6.155774e-01	1.215926e+00
474	4.687132e-01	5.329337e-01	2.299463e+00
475	4.003343e-01	4.899851e-01	1.683928e+00
476	4.622710e-01	5.364814e-01	2.081583e+00
477	4.771561e-01	5.645100e-01	2.350269e+00
478	3.810195e-01	6.328540e-01	2.728383e+00
479	3.949667e-01	4.157639e-01	1.194431e+00
480	4.876021e-01	3.371495e-01	2.515388e+00
481	3.913380e-01	2.482793e-01	1.865657e+00
482	4.965121e-01	6.924063e-01	1.802149e+00
483	4.813102e-01	5.438227e-01	1.367367e+00
484	5.198584e-01	5.608350e-01	1.148510e+00
485	4.879378e-01	5.640173e-01	2.427455e+00
486	5.115116e-01	4.890227e-01	2.196873e+00
487	5.609585e-01	5.365498e-01	2.386419e+00
488	5.002200e-01	5.742727e-01	1.294089e+00
489	4.398826e-01	4.176799e-01	1.687836e+00
490	4.952567e-01	4.901061e-01	1.146556e+00
491	5.140494e-01	7.890210e-01	1.597948e+00
492	5.038404e-01	4.876016e-01	2.412799e+00
493	4.221499e-01	3.624695e-01	1.227650e+00
494	4.677182e-01	5.517692e-01	2.522228e+00
495	4.746675e-01	4.629314e-01	1.437714e+00
496	4.541355e-01	4.878634e-01	1.523693e+00
497	4.419069e-01	5.242181e-01	1.221788e+00
498	4.623831e-01	5.661653e-01	1.652662e+00
499	4.954499e-01	5.473892e-01	1.269663e+00
500	4.706649e-01	5.169176e-01	2.967758e+00
501	4.748035e-01	5.138830e-01	2.546654e+00
502	4.682065e-01	1.530722e-01	1.818759e+00
503	4.407014e-01	4.529325e-01	1.919394e+00
504	4.722720e-01	5.039236e-01	2.563263e+00
505	4.538759e-01	4.006109e-01	1.451392e+00
506	4.076773e-01	5.269952e-01	1.718124e+00
507	4.713612e-01	5.028543e-01	1.207132e+00
508	4.733922e-01	5.156550e-01	1.236444e+00
509	4.361217e-01	5.991105e-01	2.622863e+00
510	2.851509e-01	6.335572e-01	2.549585e+00
511	4.707361e-01	5.248360e-01	2.966781e+00
512	5.527610e-01	7.097548e-01	2.395213e+00
513	4.166010e-01	5.148784e-01	1.534441e+00
514	3.069936e-01	3.296663e-01	1.550073e+00
515	4.893940e-01	5.877057e-01	1.610650e+00
516	4.577952e-01	8.088046e-01	1.612604e+00
517	4.870986e-01	5.267631e-01	1.086957e+00
518	5.253828e-01	3.995670e-01	2.282853e+00
519	4.036422e-01	3.455547e-01	1.573522e+00
520	4.881817e-01	5.144522e-01	2.497802e+00
521	4.661316e-01	5.293867e-01	1.752320e+00
523	4.557305e-01	5.405729e-01	1.209086e+00
524	4.803524e-01	5.954100e-01	2.755740e+00
525	5.500499e-01	5.329651e-01	1.499267e+00
526	4.751829e-01	5.267736e-01	1.014656e+00
527	7.171515e-01	7.421935e-01	2.891549e+00
528	4.714844e-01	5.127143e-01	2.478261e+00
529	4.332063e-01	4.528352e-01	1.898876e+00
530	4.794633e-01	5.194462e-01	1.188569e+00
531	4.596623e-01	5.139031e-01	2.785051e+00
532	4.748566e-01	5.099753e-01	2.945286e+00
533	4.742501e-01	5.256940e-01	2.458720e+00
534	6.185655e-01	5.398001e-01	2.673669e+00
535	4.566274e-01	5.301447e-01	1.399609e+00
536	4.816606e-01	4.555470e-01	2.604299e+00
537	4.628945e-01	5.120414e-01	1.529555e+00
538	4.704668e-01	5.219212e-01	2.823156e+00
539	4.894774e-01	5.366476e-01	2.826087e+00
540	5.139588e-01	5.781782e-01	2.844651e+00
541	5.346311e-01	5.420757e-01	2.290669e+00
542	4.963641e-01	5.013049e-01	2.570103e+00
543	4.435820e-01	5.075651e-01	2.396190e+00
544	4.618797e-01	5.342657e-01	1.318515e+00
545	5.258361e-01	5.776763e-01	2.605276e+00
546	3.240929e-01	4.027567e-01	2.683439e+00
547	6.521952e-01	5.881303e-01	1.587201e+00
548	4.892510e-01	6.964657e-01	1.375183e+00
549	4.762031e-01	4.687703e-01	2.298486e+00
550	5.249661e-01	5.527767e-01	1.285296e+00
551	4.672133e-01	5.060487e-01	2.983390e+00
552	3.748552e-01	6.872490e-01	1.195408e+00
553	4.659934e-01	5.351576e-01	2.414753e+00
554	3.447599e-01	6.703028e-01	1.843185e+00
555	4.985590e-01	5.312510e-01	2.396190e+00
556	4.028873e-01	4.221107e-01	3.000000e+00
557	4.699595e-01	5.400159e-01	2.728383e+00
559	4.598055e-01	4.904209e-01	1.944797e+00
560	4.086999e-01	7.415960e-01	2.883732e+00
561	4.855406e-01	5.700389e-01	2.383488e+00
562	5.085555e-01	4.975762e-01	2.506595e+00
563	4.640199e-01	5.270394e-01	1.786517e+00
564	4.430777e-01	5.492160e-01	2.893503e+00
565	4.654100e-01	5.231172e-01	2.981436e+00
566	5.014989e-01	5.686984e-01	2.663898e+00
567	4.517896e-01	4.758504e-01	2.227162e+00
568	4.340127e-01	5.314608e-01	1.527601e+00
569	5.190025e-01	5.858850e-01	2.610161e+00
570	7.902852e-01	3.685224e-01	1.058622e+00
571	4.511655e-01	4.665860e-01	2.782120e+00
573	4.866917e-01	5.244426e-01	2.109917e+00
574	4.722789e-01	5.219451e-01	2.074744e+00
575	5.029227e-01	5.348051e-01	2.319003e+00
576	4.930375e-01	5.191112e-01	1.290181e+00
577	4.017534e-01	4.778716e-01	1.286273e+00
578	4.736634e-01	5.942956e-01	1.881290e+00
579	4.632146e-01	4.957750e-01	1.664387e+00
580	2.459422e-01	2.794148e-01	1.242306e+00
581	5.309158e-01	5.066417e-01	1.927211e+00
582	4.693627e-01	5.178103e-01	2.820225e+00
583	4.867944e-01	6.895530e-01	2.792868e+00
584	5.594826e-01	4.689700e-01	1.201270e+00
585	5.082358e-01	5.495632e-01	1.898876e+00
586	4.707936e-01	5.108986e-01	1.782609e+00
587	4.905861e-01	5.243949e-01	1.561798e+00
588	4.701099e-01	5.221889e-01	2.282853e+00
589	4.756526e-01	5.591921e-01	2.210552e+00
590	4.774589e-01	5.650526e-01	1.020518e+00
591	4.692939e-01	5.046944e-01	1.784563e+00
592	4.691814e-01	5.218041e-01	1.275525e+00
593	4.780176e-01	5.351218e-01	1.212995e+00
594	4.013387e-01	5.105589e-01	2.964827e+00
595	4.816964e-01	5.446004e-01	2.079629e+00
596	4.442899e-01	3.751401e-01	1.187592e+00
597	4.543636e-01	4.650781e-01	1.258915e+00
598	5.355059e-01	5.326278e-01	1.999511e+00
599	4.664263e-01	5.089965e-01	1.264778e+00
600	4.680335e-01	5.071577e-01	1.110405e+00
601	5.303258e-01	7.317214e-01	1.107474e+00
602	4.954209e-01	4.044366e-01	1.070347e+00
603	4.732054e-01	5.086743e-01	2.400098e+00
604	4.858557e-01	4.565698e-01	2.871031e+00
605	4.786328e-01	5.256238e-01	2.739130e+00
606	4.472454e-01	5.117539e-01	2.061065e+00
607	2.270759e-01	4.001910e-01	1.073278e+00
608	5.059464e-01	5.714573e-01	2.799707e+00
609	4.886167e-01	5.919360e-01	2.010259e+00
610	4.767795e-01	5.106295e-01	1.700537e+00
611	4.728151e-01	5.294542e-01	1.339033e+00
612	4.364700e-01	4.824923e-01	2.227162e+00
613	6.342680e-01	2.736128e-01	2.482169e+00
614	4.840959e-01	5.204501e-01	2.958964e+00
615	3.783674e-01	5.606593e-01	1.443576e+00
616	4.533837e-01	5.193401e-01	2.381534e+00
617	5.188240e-01	5.783344e-01	1.971177e+00
618	4.734497e-01	5.247085e-01	2.960918e+00
619	5.082801e-01	5.951630e-01	1.812897e+00
620	5.596105e-01	4.391842e-01	1.170982e+00
621	4.811575e-01	3.986810e-01	1.277479e+00
622	5.470992e-01	5.194616e-01	1.176844e+00
623	3.957336e-01	4.944230e-01	1.636053e+00
624	5.011318e-01	4.943227e-01	2.336590e+00
625	4.970707e-01	4.856483e-01	1.343918e+00
626	4.806796e-01	5.210971e-01	1.905716e+00
627	5.302348e-01	5.421366e-01	1.784563e+00
628	4.635015e-01	5.138716e-01	2.063996e+00
629	4.779617e-01	5.212641e-01	2.497802e+00
630	4.179081e-01	5.584730e-01	2.870054e+00
631	4.116668e-01	4.597482e-01	1.729849e+00
632	4.738466e-01	6.626636e-01	2.290669e+00
633	4.682631e-01	5.223152e-01	2.841720e+00
634	4.699427e-01	5.226693e-01	2.195896e+00
635	5.122559e-01	5.594489e-01	1.601856e+00
636	4.825207e-01	5.880091e-01	2.449927e+00
637	4.830275e-01	5.077142e-01	1.462140e+00
638	4.720948e-01	5.214157e-01	2.041524e+00
639	4.716731e-01	5.182009e-01	2.061065e+00
640	6.016525e-01	6.226500e-01	2.130435e+00
641	4.021143e-01	2.540975e-01	2.205667e+00
642	4.713987e-01	5.087044e-01	2.184172e+00
643	4.729066e-01	4.532973e-01	2.747924e+00
644	2.660688e-01	5.349174e-01	2.909135e+00
645	4.683093e-01	5.078017e-01	2.777235e+00
646	4.745799e-01	4.783489e-01	1.295066e+00
647	5.285965e-01	5.805919e-01	1.050806e+00
648	2.725496e-01	4.900933e-01	1.191500e+00
649	4.803168e-01	5.205627e-01	1.198339e+00
650	4.717580e-01	5.077658e-01	2.656082e+00
651	4.767972e-01	4.744706e-01	1.692721e+00
652	8.232616e-01	7.261560e-01	2.330728e+00
653	4.890019e-01	5.495202e-01	1.906693e+00
654	4.917993e-01	5.169270e-01	2.192965e+00
655	4.173020e-01	4.882512e-01	1.200293e+00
656	4.767095e-01	5.011920e-01	2.361016e+00
657	5.316937e-01	5.770246e-01	2.080606e+00
658	4.740243e-01	5.322056e-01	2.017098e+00
659	4.462350e-01	5.725930e-01	2.191011e+00
660	6.644163e-01	6.316323e-01	1.667318e+00
661	6.224688e-01	6.508658e-01	2.229116e+00
662	3.735146e-01	4.666937e-01	1.188569e+00
663	4.371527e-01	4.915521e-01	2.714704e+00
664	4.003278e-01	4.710428e-01	1.979971e+00
665	4.757346e-01	4.379614e-01	2.954079e+00
666	6.005041e-01	5.584914e-01	1.803127e+00
667	4.435330e-01	5.691398e-01	1.039082e+00
668	4.196027e-01	4.499728e-01	1.893014e+00
669	4.796149e-01	5.430777e-01	1.778701e+00
670	3.478497e-01	4.683073e-01	1.807035e+00
671	4.415726e-01	4.628540e-01	1.102589e+00
672	4.357957e-01	7.932564e-01	1.879336e+00
673	5.206587e-01	5.610754e-01	1.984856e+00
674	4.703856e-01	5.199812e-01	2.238886e+00
675	4.645093e-01	5.281695e-01	2.868100e+00
676	4.704314e-01	5.209702e-01	2.748901e+00
677	5.094005e-01	5.054267e-01	1.578407e+00
678	4.566267e-01	4.699972e-01	1.621397e+00
679	4.796057e-01	5.237936e-01	2.657059e+00
680	4.685451e-01	4.691998e-01	2.404983e+00
681	4.624151e-01	5.483441e-01	2.272106e+00
682	4.679214e-01	4.620339e-01	1.463117e+00
683	4.655503e-01	4.893476e-01	2.316072e+00
684	4.777113e-01	5.430970e-01	2.334636e+00
685	3.891088e-01	4.739014e-01	1.365413e+00
686	3.533142e-01	6.455368e-01	2.105032e+00
687	4.592047e-01	5.535568e-01	1.339033e+00
688	4.550260e-01	5.094768e-01	2.932584e+00
689	4.723214e-01	5.127586e-01	2.378603e+00
690	4.792691e-01	5.269632e-01	1.833415e+00
691	4.553255e-01	4.739439e-01	1.663410e+00
692	4.754122e-01	5.032330e-01	2.251588e+00
693	4.972321e-01	5.374180e-01	1.766976e+00
694	6.146645e-01	6.005164e-01	1.575476e+00
695	5.022318e-01	2.668233e-01	2.771373e+00
696	4.756712e-01	5.169889e-01	2.787005e+00
697	4.762433e-01	5.059714e-01	1.959453e+00
698	4.437897e-01	4.969811e-01	2.187103e+00
699	4.714428e-01	5.210616e-01	2.430386e+00
700	4.321021e-01	4.852807e-01	2.679531e+00
701	4.436987e-01	4.306002e-01	2.191988e+00
702	3.717419e-01	4.687885e-01	2.945286e+00
703	4.891583e-01	5.198001e-01	2.793845e+00
704	4.493084e-01	4.778991e-01	2.132389e+00
705	7.152460e-01	6.108652e-01	1.627259e+00
706	4.656583e-01	5.294063e-01	1.623351e+00
707	4.735809e-01	5.095754e-01	2.772350e+00
708	4.790440e-01	5.259774e-01	1.552027e+00
709	6.264016e-01	5.369076e-01	1.180752e+00
710	4.819226e-01	5.559063e-01	1.632145e+00
711	4.410245e-01	4.155960e-01	1.680997e+00
712	3.514076e-01	4.069781e-01	2.828041e+00
713	4.906709e-01	7.487798e-01	1.703468e+00
714	4.109216e-01	6.436145e-01	1.471910e+00
715	4.578480e-01	5.028036e-01	2.368832e+00
716	4.802635e-01	5.298173e-01	1.961407e+00
717	4.659510e-01	5.251616e-01	1.756229e+00
718	5.067577e-01	5.286987e-01	2.987298e+00
719	4.690110e-01	5.170390e-01	2.332682e+00
720	4.952142e-01	5.339313e-01	1.097704e+00
721	4.611297e-01	3.874754e-01	1.954568e+00
722	4.761576e-01	5.174357e-01	1.704446e+00
723	4.700855e-01	5.200605e-01	1.853933e+00
724	4.318695e-01	4.725816e-01	2.829995e+00
725	5.150247e-01	5.749685e-01	2.232047e+00
726	5.167008e-01	5.643499e-01	2.587689e+00
727	6.924580e-01	2.496506e-01	2.698095e+00
729	4.586254e-01	6.313173e-01	1.212995e+00
730	3.717772e-01	5.395761e-01	1.502198e+00
731	4.676014e-01	5.181578e-01	2.614069e+00
732	5.526052e-01	6.225810e-01	2.880801e+00
733	4.689093e-01	4.955861e-01	1.956522e+00
734	4.712473e-01	4.535646e-01	2.745970e+00
735	7.770537e-01	4.595008e-01	1.179775e+00
736	5.259300e-01	4.501617e-01	1.935027e+00
737	4.489360e-01	5.201338e-01	1.975085e+00
738	4.361735e-01	4.640370e-01	1.067416e+00
739	4.127023e-01	5.309401e-01	2.024915e+00
740	3.675258e-01	4.992372e-01	2.810454e+00
741	4.582260e-01	4.388768e-01	2.428432e+00
742	4.385608e-01	5.449552e-01	1.957499e+00
743	4.942982e-01	6.157933e-01	2.306302e+00
744	4.842573e-01	5.393180e-01	2.557401e+00
745	4.798400e-01	5.281876e-01	1.243283e+00
746	4.722187e-01	5.719447e-01	2.429409e+00
747	4.767525e-01	5.446130e-01	2.523205e+00
748	3.861057e-01	4.633685e-01	2.842697e+00
749	4.720889e-01	5.206161e-01	2.247680e+00
750	5.014993e-01	5.619030e-01	2.000489e+00
751	4.542831e-01	4.920312e-01	2.446019e+00
752	4.688339e-01	5.242157e-01	2.360039e+00
753	4.583176e-01	4.199172e-01	2.567171e+00
754	4.632651e-01	5.010499e-01	2.415730e+00
755	4.769000e-01	5.077087e-01	1.989741e+00
756	4.789525e-01	5.182809e-01	2.908158e+00
757	5.699064e-01	3.261302e-01	2.731314e+00
758	4.763671e-01	5.204682e-01	2.544700e+00
759	4.708171e-01	5.209383e-01	2.890572e+00
760	4.703441e-01	5.175428e-01	1.654617e+00
761	4.651013e-01	5.246971e-01	1.008793e+00
762	4.802229e-01	5.072570e-01	1.260870e+00
763	5.225266e-01	5.640131e-01	1.347826e+00
764	4.820175e-01	5.328544e-01	1.325354e+00
765	4.753021e-01	5.138254e-01	1.420127e+00
766	4.324295e-01	3.530797e-01	2.845628e+00
767	4.790777e-01	4.923966e-01	1.853933e+00
768	4.660613e-01	5.057669e-01	1.303859e+00
769	5.432850e-01	6.318121e-01	1.294089e+00
770	7.507756e-01	1.668966e-01	1.675134e+00
771	5.412541e-01	5.163353e-01	2.417684e+00
772	4.326969e-01	4.712465e-01	2.053249e+00
773	4.507894e-01	5.209886e-01	1.276502e+00
774	5.943446e-01	3.055748e-01	2.779189e+00
775	2.983756e-01	3.531720e-01	1.984856e+00
776	4.521878e-01	3.609545e-01	2.295554e+00
777	4.726824e-01	5.181641e-01	1.652662e+00
778	4.689228e-01	5.048920e-01	2.464582e+00
779	4.748500e-01	5.189129e-01	1.763068e+00
780	4.590197e-01	5.332126e-01	2.026869e+00
781	4.168774e-01	4.363180e-01	1.160234e+00
782	5.466483e-01	5.669554e-01	2.302394e+00
783	4.587516e-01	5.465914e-01	1.384954e+00
784	4.839791e-01	4.469879e-01	2.598437e+00
785	5.218673e-01	5.072988e-01	2.130435e+00
786	4.379224e-01	4.960104e-01	1.690767e+00
787	4.544529e-01	5.036387e-01	1.940889e+00
788	4.726454e-01	5.191548e-01	2.099170e+00
