767
0	2.351937e-01	2.628108e-01	1.398632e+00
1	4.487850e-01	3.856577e-01	1.108451e+00
2	4.145208e-01	4.638605e-01	2.925745e+00
3	4.790371e-01	5.457233e-01	2.732291e+00
4	4.618975e-01	4.641641e-01	1.257938e+00
5	4.766553e-01	5.871869e-01	2.424524e+00
6	7.630767e-01	8.886099e-01	1.383000e+00
7	4.779390e-01	5.146040e-01	2.705911e+00
8	4.758794e-01	4.800356e-01	2.442110e+00
9	4.717327e-01	5.148569e-01	2.233024e+00
10	4.946871e-01	4.496335e-01	2.376649e+00
11	4.660052e-01	5.277132e-01	1.556913e+00
12	4.491808e-01	7.137194e-01	2.950171e+00
13	5.936102e-01	5.507915e-01	1.066439e+00
14	4.703535e-01	5.155868e-01	1.626282e+00
15	3.387272e-01	7.711858e-01	1.306790e+00
16	4.725590e-01	5.119345e-01	2.902296e+00
17	5.655519e-01	7.069995e-01	1.195408e+00
18	4.931291e-01	5.075889e-01	1.785540e+00
19	4.801052e-01	5.481900e-01	1.248168e+00
20	4.260487e-01	5.038808e-01	1.863703e+00
21	4.961870e-01	5.914518e-01	2.671715e+00
22	4.679058e-01	5.092433e-01	2.487054e+00
23	4.841200e-01	6.607826e-01	1.946751e+00
24	4.981931e-01	6.702497e-01	1.303859e+00
25	5.206265e-01	5.954364e-01	2.152907e+00
26	4.758815e-01	5.071259e-01	1.388862e+00
27	4.876094e-01	5.509342e-01	1.591109e+00
28	3.852282e-01	4.042009e-01	2.205667e+00
29	4.755817e-01	5.527848e-01	2.181241e+00
30	4.039480e-01	7.059311e-01	1.475818e+00
31	4.245528e-01	6.069871e-01	2.309233e+00
32	4.674647e-01	5.344918e-01	2.073766e+00
33	5.611602e-01	7.093710e-01	2.331705e+00
34	4.927582e-01	5.471937e-01	1.126038e+00
35	7.502757e-01	6.234921e-01	2.235955e+00
36	3.243323e-01	5.831006e-01	2.805569e+00
37	4.590393e-01	6.217768e-01	2.555447e+00
38	4.665526e-01	5.034766e-01	2.559355e+00
39	4.697375e-01	5.210983e-01	1.895945e+00
40	5.258669e-01	6.102297e-01	1.282364e+00
41	4.770336e-01	3.450899e-01	2.750855e+00
42	4.681129e-01	5.197786e-01	2.412799e+00
43	4.619754e-01	5.314779e-01	2.557401e+00
44	3.950711e-01	6.417741e-01	1.648754e+00
45	3.967902e-01	4.778339e-01	1.721055e+00
46	4.543440e-01	4.766587e-01	2.588666e+00
47	4.820817e-01	4.993736e-01	1.525647e+00
48	4.773105e-01	5.176325e-01	2.751832e+00
49	3.561489e-01	3.310087e-01	2.625794e+00
50	4.228072e-01	4.362422e-01	1.663410e+00
51	4.700220e-01	5.035706e-01	2.560332e+00
52	4.862469e-01	5.297583e-01	1.696629e+00
53	4.936137e-01	5.166946e-01	1.506106e+00
54	4.676666e-01	5.123200e-01	2.675623e+00
55	5.267540e-01	5.566999e-01	2.497802e+00
56	5.071473e-01	3.781969e-01	1.031265e+00
57	3.921029e-01	4.455690e-01	2.361993e+00
58	4.167340e-01	4.574847e-01	1.866634e+00
60	7.824742e-01	7.649393e-01	1.503175e+00
61	4.679898e-01	5.164232e-01	2.449927e+00
62	4.610813e-01	4.843501e-01	2.831949e+00
63	4.788988e-01	5.045777e-01	2.317049e+00
64	4.689671e-01	5.068693e-01	2.353200e+00
65	4.730821e-01	5.162332e-01	2.575965e+00
66	4.633508e-01	5.646789e-01	2.922814e+00
67	3.383321e-01	3.894910e-01	2.289692e+00
68	4.502597e-01	6.128757e-01	2.766488e+00
69	4.789321e-01	3.530120e-01	1.522716e+00
70	4.462832e-01	4.433100e-01	2.769419e+00
71	4.762912e-01	5.476544e-01	1.110405e+00
72	5.096972e-01	4.561119e-01	1.412311e+00
73	5.744607e-01	6.575395e-01	1.951637e+00
74	4.707175e-01	4.224678e-01	1.449438e+00
75	2.799489e-01	4.415782e-01	2.176356e+00
76	4.590918e-01	4.489856e-01	1.212995e+00
77	4.927126e-01	4.884048e-01	1.872496e+00
78	4.613532e-01	4.746932e-01	1.606742e+00
79	3.509819e-01	5.954201e-01	1.183683e+00
80	4.479211e-01	4.523937e-01	2.736199e+00
81	4.729586e-01	5.137108e-01	1.617489e+00
82	4.639820e-01	5.638827e-01	2.456766e+00
83	4.841218e-01	5.199010e-01	1.406448e+00
84	3.988996e-01	4.815840e-01	2.453835e+00
85	4.677559e-01	5.113985e-01	2.712750e+00
86	4.748122e-01	5.261939e-01	2.877870e+00
87	3.435070e-01	7.090950e-01	1.533464e+00
88	4.313885e-01	2.650119e-01	2.169516e+00
89	5.227430e-01	5.395002e-01	2.483146e+00
90	4.487545e-01	5.825980e-01	1.538349e+00
91	4.844068e-01	4.875155e-01	1.117245e+00
92	4.825288e-01	5.176835e-01	2.709819e+00
93	4.286537e-01	4.941077e-01	2.929653e+00
94	3.903471e-01	6.119450e-01	2.125550e+00
95	4.308581e-01	4.218634e-01	2.148999e+00
96	4.351697e-01	5.081544e-01	1.206155e+00
98	4.707040e-01	5.066266e-01	1.997557e+00
99	4.925302e-01	4.897493e-01	1.753298e+00
100	4.711270e-01	4.904599e-01	1.491451e+00
101	4.745704e-01	5.124175e-01	2.381534e+00
102	4.640354e-01	5.002223e-01	1.837323e+00
103	5.242299e-01	6.213889e-01	2.723498e+00
104	4.416426e-01	4.730524e-01	1.216903e+00
105	4.793580e-01	5.331362e-01	1.385931e+00
107	4.532443e-01	5.276657e-01	1.887152e+00
108	6.463575e-01	3.838332e-01	1.869565e+00
109	4.500299e-01	4.106565e-01	2.657059e+00
110	4.931596e-01	5.252386e-01	1.905716e+00
111	4.199140e-01	4.878574e-01	2.319980e+00
113	5.505171e-01	1.767472e-01	1.155349e+00
114	4.711442e-01	5.244769e-01	1.261847e+00
115	3.741267e-01	3.581867e-01	1.308745e+00
116	5.678970e-01	3.879058e-01	1.148510e+00
117	4.759785e-01	5.705591e-01	1.865657e+00
118	4.683005e-01	4.703671e-01	2.988276e+00
119	4.136615e-01	4.227120e-01	1.479726e+00
120	4.790643e-01	4.237043e-01	2.095261e+00
121	5.195039e-01	4.134229e-01	2.442110e+00
122	5.300239e-01	6.448028e-01	1.070347e+00
123	4.510026e-01	4.565173e-01	1.417196e+00
124	4.657918e-01	5.101318e-01	2.817294e+00
126	4.479980e-01	5.617683e-01	2.738153e+00
127	4.578016e-01	5.492565e-01	2.338544e+00
128	2.998924e-01	2.891986e-01	1.282364e+00
129	4.583442e-01	4.915026e-01	2.676600e+00
130	2.798625e-01	3.158073e-01	2.443087e+00
132	3.908455e-01	6.107783e-01	1.220811e+00
133	3.337492e-01	5.998952e-01	2.407914e+00
134	4.473912e-01	4.047820e-01	2.277968e+00
135	4.818964e-01	5.011461e-01	2.409868e+00
136	4.864927e-01	4.923636e-01	2.083537e+00
137	4.991596e-01	4.863069e-01	2.286761e+00
138	5.468215e-01	4.934854e-01	1.194431e+00
139	4.874624e-01	5.189148e-01	2.818271e+00
140	5.592816e-01	5.400748e-01	2.827064e+00
141	4.548930e-01	4.911022e-01	1.684905e+00
142	4.677245e-01	5.029875e-01	1.999511e+00
143	4.764881e-01	5.006276e-01	1.956522e+00
144	5.024485e-01	5.586222e-01	2.323889e+00
145	5.168921e-01	4.769527e-01	2.501710e+00
146	4.288056e-01	6.812259e-01	2.395213e+00
147	5.630788e-01	4.736084e-01	2.719590e+00
148	4.720507e-01	5.138104e-01	2.937469e+00
149	4.608333e-01	5.701739e-01	2.803615e+00
150	3.442195e-01	3.881746e-01	1.794333e+00
151	4.497089e-01	4.984629e-01	2.611138e+00
152	4.829025e-01	5.751196e-01	1.724963e+00
153	4.520113e-01	4.937183e-01	1.983879e+00
154	4.758286e-01	5.123129e-01	2.181241e+00
155	5.187386e-01	4.049915e-01	1.295066e+00
156	4.284886e-01	4.142748e-01	1.970200e+00
157	4.894276e-01	5.206711e-01	2.387396e+00
158	5.744572e-01	4.901429e-01	2.386419e+00
159	5.843785e-01	4.307943e-01	2.647289e+00
160	4.621603e-01	5.173726e-01	1.686859e+00
161	4.613661e-01	5.392222e-01	1.553981e+00
162	4.843277e-01	6.712704e-01	1.764045e+00
163	3.961341e-01	2.486422e-01	1.632145e+00
164	4.703696e-01	5.120687e-01	1.235467e+00
165	4.641415e-01	4.954552e-01	2.251588e+00
166	4.784606e-01	5.294303e-01	1.751343e+00
167	4.680745e-01	6.548459e-01	1.715193e+00
168	4.716662e-01	5.198001e-01	2.109917e+00
169	4.408304e-01	4.595274e-01	2.137274e+00
170	3.975405e-01	4.177833e-01	2.099170e+00
171	4.831801e-01	6.086598e-01	2.057157e+00
172	5.413893e-01	5.168884e-01	2.246702e+00
173	4.684025e-01	4.744956e-01	1.894968e+00
174	4.260681e-01	6.005272e-01	2.453835e+00
175	4.540200e-01	5.634798e-01	2.834880e+00
176	4.090643e-01	4.058972e-01	2.215437e+00
177	4.734902e-01	5.121937e-01	2.153884e+00
178	4.671632e-01	5.106840e-01	2.475330e+00
179	4.883251e-01	5.733768e-01	1.274548e+00
180	4.932844e-01	4.494170e-01	2.127504e+00
181	4.609439e-01	5.022380e-01	1.790425e+00
182	3.115575e-01	3.588194e-01	1.736688e+00
183	3.643350e-01	5.184616e-01	1.692721e+00
184	5.376604e-01	7.139227e-01	2.042501e+00
185	3.522397e-01	4.762430e-01	1.468979e+00
186	4.181078e-01	5.566257e-01	1.784563e+00
188	5.063673e-01	5.708204e-01	1.839277e+00
189	4.546512e-01	5.334469e-01	1.175867e+00
190	5.574361e-01	5.750510e-01	2.807523e+00
191	5.703468e-01	5.456550e-01	2.811431e+00
192	4.339781e-01	5.292698e-01	1.192477e+00
193	2.293523e-01	5.619001e-01	1.620420e+00
194	4.735524e-01	6.717660e-01	2.624817e+00
195	4.766076e-01	5.088551e-01	2.806546e+00
196	3.525569e-01	3.175086e-01	1.763068e+00
197	7.513957e-01	6.800805e-01	2.060088e+00
198	5.648641e-01	7.840519e-01	2.458720e+00
199	4.746593e-01	5.449722e-01	2.463605e+00
200	8.087250e-01	7.628165e-01	1.141671e+00
201	4.881496e-01	5.044553e-01	1.146556e+00
202	4.622967e-01	4.636520e-01	1.395701e+00
203	5.675690e-01	5.031343e-01	1.755252e+00
204	5.044737e-01	5.716005e-01	2.901319e+00
205	5.837051e-01	6.753957e-01	2.123596e+00
206	4.616978e-01	7.622361e-01	1.652662e+00
207	4.708245e-01	4.504750e-01	1.199316e+00
208	4.910335e-01	5.615129e-01	2.170493e+00
209	4.137547e-01	6.887301e-01	2.733268e+00
210	5.140422e-01	5.658353e-01	1.545188e+00
211	4.908749e-01	4.870877e-01	1.376160e+00
212	4.681437e-01	5.159685e-01	1.621397e+00
213	4.684474e-01	5.011982e-01	1.883244e+00
214	4.864052e-01	4.942886e-01	1.612604e+00
215	4.329730e-01	5.162406e-01	2.909135e+00
216	4.746466e-01	5.179861e-01	1.354665e+00
217	4.705660e-01	5.331079e-01	2.770396e+00
218	5.799400e-01	3.531381e-01	2.148999e+00
219	5.135213e-01	5.447049e-01	2.624817e+00
220	4.475636e-01	4.698146e-01	2.697118e+00
221	4.934436e-01	4.851692e-01	1.938935e+00
222	3.685253e-01	1.481831e-01	1.854910e+00
223	4.400844e-01	6.277714e-01	2.625794e+00
224	4.111426e-01	2.904964e-01	2.984367e+00
225	4.843833e-01	5.829648e-01	2.693210e+00
226	4.611050e-01	4.912261e-01	2.276014e+00
227	4.737667e-01	4.741931e-01	1.245237e+00
228	4.706520e-01	5.105790e-01	1.489497e+00
229	4.742799e-01	5.059902e-01	2.305325e+00
230	4.715525e-01	5.422855e-01	2.689301e+00
231	5.059915e-01	5.780134e-01	1.346849e+00
232	4.883828e-01	5.785798e-01	2.447973e+00
233	4.158286e-01	4.847099e-01	1.591109e+00
234	4.083827e-01	5.605766e-01	1.931119e+00
235	4.635732e-01	5.776061e-01	2.687347e+00
236	4.739933e-01	5.143025e-01	2.787982e+00
237	4.736936e-01	5.283376e-01	1.510015e+00
238	4.765051e-01	4.885626e-01	2.193942e+00
239	4.851080e-01	4.410504e-01	2.918906e+00
240	4.959398e-01	5.703523e-01	1.734734e+00
241	4.307023e-01	4.756860e-01	1.119199e+00
242	4.221488e-01	6.063712e-01	1.631168e+00
243	4.566746e-01	5.270884e-01	1.258915e+00
244	5.019249e-01	5.875840e-01	2.458720e+00
245	4.574029e-01	4.274421e-01	2.134343e+00
246	4.781209e-01	5.057454e-01	2.662921e+00
247	4.724285e-01	5.227701e-01	2.924768e+00
248	4.327409e-01	4.594374e-01	2.983390e+00
250	6.025027e-01	5.526643e-01	2.763556e+00
251	2.060650e-01	4.813072e-01	2.374695e+00
252	5.444584e-01	4.524495e-01	1.703468e+00
253	4.776079e-01	3.569203e-01	1.246214e+00
254	4.728969e-01	6.644584e-01	2.925745e+00
255	4.761870e-01	4.872217e-01	1.857841e+00
256	4.745970e-01	5.314935e-01	2.601368e+00
257	4.648248e-01	5.099579e-01	2.413776e+00
258	4.911275e-01	5.280073e-01	2.569126e+00
259	4.753102e-01	6.265136e-01	1.865657e+00
260	4.740276e-01	5.140708e-01	2.574988e+00
261	4.755829e-01	5.086934e-01	1.598925e+00
262	5.297332e-01	5.820610e-01	2.264289e+00
263	3.704403e-01	6.655814e-01	1.176844e+00
264	4.878215e-01	3.167866e-01	1.061553e+00
265	4.700886e-01	5.062452e-01	2.526136e+00
266	4.723330e-01	5.864831e-01	1.928188e+00
267	4.241071e-01	5.203447e-01	2.006351e+00
268	4.685760e-01	5.442467e-01	1.041036e+00
269	5.304774e-01	5.259070e-01	1.793356e+00
270	4.967567e-01	6.120090e-01	1.860772e+00
271	6.025826e-01	4.898524e-01	1.389839e+00
272	4.704101e-01	4.956388e-01	1.052760e+00
273	3.419454e-01	3.237144e-01	1.156326e+00
274	5.979776e-01	7.977084e-01	1.981925e+00
275	3.322962e-01	3.948439e-01	2.256473e+00
276	4.691962e-01	4.434926e-01	2.368832e+00
277	5.114064e-01	5.377564e-01	2.024915e+00
279	4.401378e-01	4.376542e-01	1.348803e+00
280	5.449024e-01	6.603891e-01	2.472399e+00
281	5.357617e-01	5.485720e-01	2.288715e+00
282	4.722043e-01	5.875079e-01	2.745970e+00
283	4.059488e-01	5.125677e-01	2.490962e+00
284	5.422865e-01	7.375425e-01	2.515388e+00
285	1.861146e-01	4.594394e-01	1.545188e+00
286	4.899126e-01	5.244867e-01	2.662921e+00
287	4.688388e-01	4.669487e-01	2.264289e+00
288	4.754505e-01	5.076260e-01	2.905227e+00
289	3.772088e-01	5.970317e-01	1.058622e+00
290	5.973864e-01	4.709282e-01	2.152907e+00
291	7.704616e-01	8.957591e-01	2.784074e+00
292	4.557459e-01	5.138808e-01	2.445042e+00
293	5.097532e-01	1.943187e-01	2.852467e+00
294	4.557625e-01	4.755105e-01	2.070835e+00
295	4.206717e-01	5.450034e-01	1.406448e+00
296	6.913989e-01	9.559363e-01	1.751343e+00
297	5.558207e-01	4.915626e-01	2.077675e+00
298	4.229422e-01	6.136141e-01	1.601856e+00
299	4.498377e-01	4.427469e-01	2.048363e+00
300	4.767627e-01	4.802414e-01	2.781143e+00
301	4.722893e-01	5.128654e-01	2.779189e+00
302	4.681966e-01	4.803975e-01	2.617978e+00
303	3.120752e-01	2.818870e-01	1.698583e+00
304	4.987350e-01	5.610096e-01	1.948705e+00
305	4.799697e-01	5.338521e-01	1.416219e+00
306	8.464242e-01	2.577431e-01	1.745481e+00
307	4.701734e-01	5.051975e-01	2.291646e+00
308	3.848928e-01	1.552798e-01	1.868588e+00
309	5.159888e-01	5.290219e-01	2.511480e+00
310	4.905395e-01	5.540221e-01	2.596483e+00
311	5.203319e-01	6.166410e-01	2.855398e+00
312	5.014769e-01	5.766236e-01	1.312653e+00
313	4.717596e-01	5.906531e-01	1.787494e+00
314	4.699299e-01	5.102690e-01	2.252565e+00
315	4.508787e-01	6.259122e-01	1.978017e+00
316	4.004327e-01	3.507728e-01	2.965804e+00
317	4.758896e-01	5.323188e-01	2.221299e+00
318	6.913317e-01	4.683977e-01	1.701514e+00
319	4.641792e-01	5.847841e-01	1.135809e+00
320	4.504878e-01	5.076769e-01	2.997069e+00
322	4.918908e-01	4.221664e-01	2.362970e+00
323	4.605443e-01	4.893266e-01	2.553493e+00
324	5.000982e-01	4.808303e-01	1.347826e+00
325	1.106291e-01	2.262657e-01	2.896434e+00
326	4.752623e-01	5.138118e-01	1.857841e+00
327	4.265270e-01	4.311764e-01	1.669272e+00
328	4.540194e-01	5.040953e-01	1.726917e+00
329	4.704753e-01	5.179941e-01	2.604299e+00
330	4.367593e-01	5.037932e-01	2.089399e+00
331	4.818345e-01	4.908919e-01	1.552027e+00
332	4.186675e-01	5.443153e-01	1.769907e+00
333	4.847552e-01	5.691951e-01	1.382022e+00
334	3.319123e-01	4.086803e-01	2.510503e+00
335	4.131625e-01	5.125369e-01	1.640938e+00
336	4.662060e-01	5.138387e-01	2.933561e+00
337	4.044865e-01	5.425184e-01	1.033219e+00
338	4.541147e-01	5.640668e-01	1.408403e+00
339	4.615026e-01	5.047284e-01	2.767465e+00
340	4.662615e-01	5.169093e-01	1.526624e+00
341	5.166099e-01	5.954945e-01	1.456277e+00
342	4.838782e-01	5.598377e-01	1.054714e+00
343	4.123204e-01	5.561121e-01	2.601368e+00
344	2.735570e-01	3.655852e-01	2.193942e+00
346	4.720382e-01	4.562957e-01	1.564729e+00
347	4.539370e-01	5.017419e-01	1.679043e+00
348	6.471545e-01	5.925021e-01	2.034685e+00
349	4.671438e-01	4.953233e-01	2.564240e+00
350	3.617391e-01	3.739647e-01	2.311187e+00
351	4.939616e-01	6.962963e-01	1.297997e+00
352	4.629858e-01	4.935652e-01	2.873962e+00
353	5.482748e-01	4.621502e-01	2.202736e+00
354	4.704000e-01	5.150299e-01	2.653151e+00
355	5.000490e-01	3.908255e-01	2.461651e+00
356	4.764145e-01	5.132001e-01	1.679043e+00
357	4.527919e-01	5.768723e-01	2.991207e+00
358	4.336202e-01	7.484377e-01	2.857352e+00
359	4.406097e-01	3.878073e-01	1.913532e+00
360	3.649476e-01	4.293449e-01	1.216903e+00
361	4.709223e-01	2.981547e-01	1.214949e+00
362	4.900923e-01	4.724414e-01	1.005862e+00
363	4.859737e-01	5.696852e-01	2.227162e+00
364	4.724520e-01	5.358987e-01	1.723009e+00
366	3.739528e-01	4.685437e-01	1.692721e+00
367	4.934637e-01	5.202571e-01	1.154372e+00
368	4.528249e-01	4.865591e-01	1.851001e+00
369	4.773385e-01	5.161721e-01	2.418661e+00
370	5.329507e-01	5.291009e-01	1.874450e+00
371	5.421417e-01	4.702864e-01	1.591109e+00
372	4.816077e-01	4.592764e-01	2.199805e+00
373	4.021421e-01	4.016335e-01	2.208598e+00
374	4.160917e-01	4.072172e-01	1.322423e+00
375	5.256473e-01	8.193154e-01	2.361016e+00
376	3.919235e-01	5.268081e-01	1.815828e+00
377	4.744775e-01	5.139183e-01	1.328285e+00
378	4.543340e-01	5.312819e-01	1.883244e+00
379	3.688256e-01	3.694935e-01	1.599902e+00
380	5.541927e-01	8.107841e-01	2.343429e+00
381	4.662102e-01	5.536747e-01	1.835369e+00
383	5.318589e-01	6.075500e-01	1.698583e+00
384	7.574632e-01	3.694810e-01	2.761602e+00
385	4.388416e-01	3.907197e-01	1.961407e+00
386	5.300587e-01	5.340205e-01	2.449927e+00
387	4.616383e-01	4.131611e-01	2.669761e+00
388	4.045505e-01	5.485115e-01	2.597460e+00
389	4.730937e-01	4.994427e-01	2.960918e+00
390	4.630431e-01	4.998591e-01	1.655594e+00
391	4.726548e-01	4.101391e-01	2.572057e+00
392	4.796568e-01	5.574679e-01	1.234489e+00
393	5.100980e-01	4.904763e-01	1.607719e+00
394	4.675694e-01	5.148282e-01	2.643381e+00
395	5.616194e-01	6.775393e-01	1.233512e+00
397	3.367465e-01	5.700984e-01	1.083048e+00
398	5.194075e-01	1.255202e-01	2.453835e+00
399	4.545193e-01	5.986093e-01	2.169516e+00
400	4.732791e-01	5.184968e-01	1.634099e+00
401	7.893770e-01	5.514240e-01	1.314607e+00
402	4.900748e-01	5.572702e-01	2.292623e+00
403	6.295387e-01	7.216229e-01	1.759160e+00
404	4.423994e-01	5.440139e-01	2.942355e+00
405	4.490840e-01	4.467252e-01	1.358574e+00
406	4.839102e-01	5.675169e-01	1.474841e+00
407	6.452579e-01	6.050812e-01	2.850513e+00
408	6.261130e-01	6.577992e-01	2.543723e+00
409	4.752549e-01	5.034317e-01	1.170005e+00
410	4.774967e-01	5.945306e-01	2.011236e+00
411	5.086055e-01	4.834383e-01	2.982413e+00
412	7.892734e-01	2.235081e-01	1.578407e+00
413	5.092444e-01	5.731522e-01	2.904250e+00
414	4.879690e-01	5.434788e-01	2.948217e+00
415	4.589233e-01	5.140192e-01	1.856864e+00
416	5.012897e-01	5.630398e-01	1.780655e+00
417	4.962016e-01	5.215118e-01	1.223742e+00
418	4.576973e-01	5.547639e-01	2.928676e+00
419	4.750624e-01	5.277652e-01	1.055691e+00
420	4.531732e-01	5.031208e-01	2.823156e+00
421	4.713326e-01	5.132022e-01	2.886663e+00
422	4.623544e-01	5.059542e-01	1.391793e+00
423	6.507522e-01	3.384465e-01	1.467025e+00
424	4.845718e-01	5.466814e-01	1.512946e+00
425	1.420773e-01	5.450691e-01	1.960430e+00
426	1.685486e-01	5.373396e-01	2.254519e+00
427	4.794616e-01	5.957817e-01	2.899365e+00
428	4.468725e-01	4.901910e-01	1.247191e+00
429	4.811410e-01	5.247857e-01	1.802149e+00
430	4.759818e-01	4.894506e-01	1.663410e+00
431	5.096234e-01	6.712270e-01	2.556424e+00
433	4.561947e-01	5.321089e-01	2.475330e+00
434	4.221516e-01	4.777969e-01	2.923791e+00
435	4.613236e-01	4.305896e-01	2.906204e+00
437	4.760386e-01	4.350153e-01	2.476307e+00
438	5.447837e-01	5.066996e-01	2.065950e+00
439	4.765985e-01	5.152177e-01	1.983879e+00
440	4.668580e-01	4.654881e-01	1.637030e+00
441	5.308121e-01	4.382766e-01	1.338056e+00
442	3.511505e-01	5.356913e-01	2.406937e+00
443	5.908200e-01	2.512743e-01	1.422081e+00
444	4.997917e-01	6.239810e-01	2.956033e+00
445	4.857152e-01	5.053711e-01	2.601368e+00
446	6.677231e-01	5.575311e-01	1.846116e+00
447	4.695038e-01	4.994623e-01	1.264778e+00
448	4.827991e-01	5.945038e-01	1.119199e+00
449	4.674961e-01	4.928656e-01	1.956522e+00
450	4.760350e-01	7.519322e-01	2.971666e+00
451	4.645454e-01	5.156650e-01	2.149976e+00
452	3.755293e-01	5.472412e-01	1.574499e+00
453	4.523668e-01	3.037381e-01	1.775769e+00
455	4.825219e-01	5.724039e-01	2.984367e+00
456	4.622830e-01	4.597765e-01	1.577430e+00
457	4.430159e-01	4.869267e-01	2.955056e+00
458	4.535959e-01	4.906412e-01	2.865169e+00
459	4.772829e-01	5.947648e-01	1.672203e+00
461	3.476561e-01	6.767032e-01	2.513434e+00
462	4.744023e-01	4.986845e-01	1.853933e+00
463	4.553494e-01	5.163217e-01	2.858329e+00
464	4.476564e-01	3.314694e-01	1.574499e+00
465	5.027375e-01	5.118134e-01	1.432829e+00
466	4.753103e-01	5.152491e-01	1.500244e+00
467	4.542693e-01	4.025065e-01	1.323400e+00
468	4.528783e-01	5.135633e-01	2.147044e+00
469	4.536869e-01	5.206656e-01	2.698095e+00
470	4.708165e-01	5.354092e-01	1.364436e+00
471	6.218463e-01	7.591533e-01	2.076698e+00
472	4.655845e-01	5.119905e-01	2.011236e+00
473	4.962274e-01	3.456323e-01	1.215926e+00
474	4.592564e-01	4.989193e-01	2.299463e+00
475	4.894547e-01	4.355123e-01	1.683928e+00
476	4.779598e-01	5.218245e-01	2.081583e+00
477	4.780134e-01	5.743613e-01	2.350269e+00
478	5.024217e-01	5.521332e-01	2.728383e+00
479	4.030539e-01	3.970950e-01	1.194431e+00
480	5.600164e-01	6.195745e-01	2.515388e+00
481	4.774667e-01	4.015141e-01	1.865657e+00
482	4.784392e-01	8.022193e-01	1.802149e+00
483	4.694983e-01	5.161488e-01	1.367367e+00
484	4.676055e-01	5.651445e-01	1.148510e+00
485	5.108213e-01	5.790732e-01	2.427455e+00
486	4.977799e-01	5.373949e-01	2.196873e+00
487	3.970311e-01	5.250929e-01	2.386419e+00
488	4.768920e-01	5.246730e-01	1.294089e+00
489	4.776884e-01	5.960878e-01	1.687836e+00
490	4.985769e-01	5.062314e-01	1.146556e+00
491	6.083194e-01	7.023282e-01	1.597948e+00
492	4.218199e-01	4.871822e-01	2.412799e+00
493	4.113241e-01	4.441540e-01	1.227650e+00
494	4.523966e-01	5.942247e-01	2.522228e+00
495	4.650315e-01	5.127514e-01	1.437714e+00
496	4.816750e-01	5.744492e-01	1.523693e+00
497	5.150760e-01	5.191794e-01	1.221788e+00
498	4.345479e-01	4.751450e-01	1.652662e+00
499	4.876707e-01	6.481842e-01	1.269663e+00
500	4.659153e-01	5.184925e-01	2.967758e+00
501	4.734204e-01	5.055087e-01	2.546654e+00
502	4.253858e-01	1.596877e-01	1.818759e+00
503	4.756572e-01	4.422319e-01	1.919394e+00
504	4.561149e-01	5.082158e-01	2.563263e+00
505	5.375510e-01	6.612225e-01	1.451392e+00
506	5.047088e-01	4.745084e-01	1.718124e+00
507	4.820270e-01	5.193144e-01	1.207132e+00
508	4.761161e-01	5.138651e-01	1.236444e+00
509	3.939662e-01	4.730573e-01	2.622863e+00
510	5.310510e-01	4.816088e-01	2.549585e+00
511	4.794029e-01	4.947293e-01	2.966781e+00
512	4.654158e-01	5.955533e-01	2.395213e+00
513	4.587803e-01	5.695219e-01	1.534441e+00
514	4.519738e-01	4.531439e-01	1.550073e+00
515	4.451589e-01	4.129267e-01	1.610650e+00
516	5.339262e-01	5.825539e-01	1.612604e+00
517	4.891089e-01	5.042602e-01	1.086957e+00
518	4.026861e-01	6.292965e-01	2.282853e+00
519	2.638434e-01	1.699251e-01	1.573522e+00
520	4.655523e-01	5.072009e-01	2.497802e+00
521	4.920889e-01	5.276093e-01	1.752320e+00
523	4.814236e-01	5.257833e-01	1.209086e+00
524	5.297257e-01	6.612024e-01	2.755740e+00
525	3.382511e-01	5.268062e-01	1.499267e+00
526	4.695706e-01	5.209815e-01	1.014656e+00
527	7.339700e-01	7.030631e-01	2.891549e+00
528	4.771887e-01	5.173433e-01	2.478261e+00
529	6.108179e-01	6.454189e-01	1.898876e+00
530	4.775459e-01	4.997633e-01	1.188569e+00
531	4.585894e-01	5.119344e-01	2.785051e+00
532	4.722728e-01	5.141018e-01	2.945286e+00
533	4.470156e-01	5.931636e-01	2.458720e+00
534	3.495459e-01	5.260758e-01	2.673669e+00
535	4.677579e-01	5.030979e-01	1.399609e+00
536	4.608160e-01	5.093087e-01	2.604299e+00
537	4.747767e-01	5.206112e-01	1.529555e+00
538	4.740450e-01	5.171925e-01	2.823156e+00
539	4.496758e-01	4.883894e-01	2.826087e+00
540	4.869954e-01	4.145784e-01	2.844651e+00
541	5.403844e-01	4.653922e-01	2.290669e+00
542	4.527680e-01	5.434422e-01	2.570103e+00
543	4.592341e-01	5.338020e-01	2.396190e+00
544	5.068803e-01	5.297843e-01	1.318515e+00
545	4.828800e-01	5.787846e-01	2.605276e+00
546	6.528155e-01	5.081347e-01	2.683439e+00
547	3.304512e-01	5.199145e-01	1.587201e+00
548	4.995198e-01	5.619387e-01	1.375183e+00
549	4.614531e-01	4.632703e-01	2.298486e+00
550	3.228556e-01	4.677876e-01	1.285296e+00
551	4.753784e-01	5.297181e-01	2.983390e+00
552	5.980580e-01	4.277067e-01	1.195408e+00
553	4.854517e-01	5.262455e-01	2.414753e+00
554	4.667208e-01	6.543097e-01	1.843185e+00
555	4.581058e-01	5.300053e-01	2.396190e+00
556	5.882559e-01	5.425151e-01	3.000000e+00
557	4.691315e-01	5.232297e-01	2.728383e+00
559	4.650256e-01	4.861343e-01	1.944797e+00
560	5.085535e-01	5.450848e-01	2.883732e+00
561	5.164447e-01	3.785315e-01	2.383488e+00
562	4.798570e-01	5.440099e-01	2.506595e+00
563	4.539886e-01	4.838711e-01	1.786517e+00
564	4.338128e-01	4.546199e-01	2.893503e+00
565	4.687376e-01	5.032205e-01	2.981436e+00
566	4.638587e-01	4.974185e-01	2.663898e+00
567	4.861446e-01	5.386425e-01	2.227162e+00
568	4.439423e-01	5.126834e-01	1.527601e+00
569	3.526747e-01	3.533179e-01	2.610161e+00
570	8.477960e-01	2.622603e-01	1.058622e+00
571	4.760848e-01	5.536135e-01	2.782120e+00
573	4.535469e-01	5.147782e-01	2.109917e+00
574	4.765196e-01	5.189961e-01	2.074744e+00
575	4.898332e-01	4.848006e-01	2.319003e+00
576	4.438103e-01	4.880026e-01	1.290181e+00
577	4.482700e-01	5.965826e-01	1.286273e+00
578	5.033137e-01	5.580735e-01	1.881290e+00
579	4.683826e-01	4.951699e-01	1.664387e+00
580	3.954876e-01	5.278740e-01	1.242306e+00
581	5.014043e-01	5.383676e-01	1.927211e+00
582	4.741790e-01	5.103601e-01	2.820225e+00
583	5.121916e-01	5.777664e-01	2.792868e+00
584	4.253499e-01	5.785808e-01	1.201270e+00
585	4.576393e-01	5.876406e-01	1.898876e+00
586	4.787540e-01	5.137522e-01	1.782609e+00
587	4.698160e-01	5.010081e-01	1.561798e+00
588	4.742842e-01	5.118350e-01	2.282853e+00
589	4.368378e-01	4.326387e-01	2.210552e+00
590	4.434143e-01	5.540720e-01	1.020518e+00
591	4.648000e-01	4.572953e-01	1.784563e+00
592	4.711545e-01	5.166239e-01	1.275525e+00
593	4.446337e-01	5.308988e-01	1.212995e+00
594	3.952320e-01	4.757261e-01	2.964827e+00
595	4.809906e-01	5.446891e-01	2.079629e+00
596	2.601081e-01	2.904627e-01	1.187592e+00
597	5.011615e-01	5.212283e-01	1.258915e+00
598	4.457532e-01	5.500195e-01	1.999511e+00
599	4.733138e-01	5.252711e-01	1.264778e+00
600	4.665117e-01	4.888411e-01	1.110405e+00
601	5.658109e-01	8.828999e-01	1.107474e+00
602	5.667797e-01	5.289702e-01	1.070347e+00
603	4.800896e-01	5.199835e-01	2.400098e+00
604	4.910210e-01	5.372038e-01	2.871031e+00
605	4.692536e-01	5.051556e-01	2.739130e+00
606	4.425203e-01	4.993108e-01	2.061065e+00
607	5.317693e-01	5.297924e-01	1.073278e+00
608	4.830482e-01	5.472610e-01	2.799707e+00
609	4.687568e-01	5.078795e-01	2.010259e+00
610	4.611406e-01	4.433999e-01	1.700537e+00
611	4.773110e-01	5.279934e-01	1.339033e+00
612	4.834141e-01	5.037015e-01	2.227162e+00
613	7.091991e-01	2.024754e-01	2.482169e+00
614	4.487949e-01	5.162302e-01	2.958964e+00
615	4.804536e-01	3.681894e-01	1.443576e+00
616	5.182042e-01	5.083353e-01	2.381534e+00
617	4.699367e-01	3.775099e-01	1.971177e+00
618	4.867541e-01	5.318635e-01	2.960918e+00
619	2.891981e-01	3.118240e-01	1.812897e+00
620	5.048781e-01	5.921190e-01	1.170982e+00
621	5.530511e-01	6.471799e-01	1.277479e+00
622	2.770957e-01	5.182473e-01	1.176844e+00
623	5.706042e-01	5.398915e-01	1.636053e+00
624	4.924675e-01	4.955871e-01	2.336590e+00
625	4.444544e-01	5.071758e-01	1.343918e+00
626	4.941079e-01	5.163119e-01	1.905716e+00
627	4.431639e-01	5.753578e-01	1.784563e+00
628	4.735952e-01	5.158321e-01	2.063996e+00
629	4.745916e-01	5.020826e-01	2.497802e+00
630	4.093564e-01	5.664681e-01	2.870054e+00
631	4.856989e-01	4.775318e-01	1.729849e+00
632	3.629990e-01	3.730414e-01	2.290669e+00
633	4.763156e-01	5.148910e-01	2.841720e+00
634	4.748961e-01	5.202947e-01	2.195896e+00
635	4.561218e-01	5.487352e-01	1.601856e+00
636	4.865479e-01	5.712771e-01	2.449927e+00
637	4.162741e-01	4.875701e-01	1.462140e+00
638	4.726378e-01	5.120513e-01	2.041524e+00
639	4.746524e-01	5.143561e-01	2.061065e+00
640	2.809249e-01	4.259841e-01	2.130435e+00
641	4.787197e-01	4.382660e-01	2.205667e+00
642	4.805584e-01	5.276163e-01	2.184172e+00
643	4.391020e-01	5.093207e-01	2.747924e+00
644	5.380406e-01	5.024969e-01	2.909135e+00
645	4.757252e-01	5.257070e-01	2.777235e+00
646	4.884487e-01	5.420227e-01	1.295066e+00
647	5.521272e-01	4.746390e-01	1.050806e+00
648	5.744136e-01	4.696208e-01	1.191500e+00
649	4.590428e-01	5.305684e-01	1.198339e+00
650	4.456401e-01	5.130902e-01	2.656082e+00
651	4.942122e-01	5.473860e-01	1.692721e+00
652	7.286496e-01	7.250305e-01	2.330728e+00
653	4.727153e-01	5.217229e-01	1.906693e+00
654	4.807086e-01	5.138186e-01	2.192965e+00
655	4.464886e-01	5.690136e-01	1.200293e+00
656	4.805864e-01	5.157555e-01	2.361016e+00
657	3.967285e-01	3.086267e-01	2.080606e+00
658	4.835807e-01	5.000237e-01	2.017098e+00
659	5.439052e-01	5.393767e-01	2.191011e+00
660	7.696848e-01	6.546327e-01	1.667318e+00
661	3.709747e-01	4.342985e-01	2.229116e+00
662	2.496750e-01	3.884583e-01	1.188569e+00
663	4.992246e-01	5.495769e-01	2.714704e+00
664	4.723687e-01	4.558155e-01	1.979971e+00
665	4.376362e-01	4.575852e-01	2.954079e+00
666	2.397310e-01	3.459667e-01	1.803127e+00
667	4.982670e-01	5.228461e-01	1.039082e+00
668	7.359619e-01	3.412559e-01	1.893014e+00
669	4.915488e-01	5.962317e-01	1.778701e+00
670	7.563488e-01	4.852933e-01	1.807035e+00
671	4.779046e-01	5.154560e-01	1.102589e+00
672	5.001223e-01	6.860101e-01	1.879336e+00
673	5.177318e-01	5.024552e-01	1.984856e+00
674	4.722977e-01	5.139116e-01	2.238886e+00
675	4.869782e-01	5.400237e-01	2.868100e+00
676	4.657407e-01	5.112988e-01	2.748901e+00
677	4.822025e-01	7.563958e-01	1.578407e+00
678	4.563127e-01	4.413472e-01	1.621397e+00
679	4.726931e-01	5.104558e-01	2.657059e+00
680	4.836690e-01	5.616003e-01	2.404983e+00
681	4.337463e-01	4.699194e-01	2.272106e+00
682	5.116537e-01	5.940961e-01	1.463117e+00
683	4.628158e-01	4.843879e-01	2.316072e+00
684	4.742205e-01	5.307349e-01	2.334636e+00
685	4.461956e-01	5.945280e-01	1.365413e+00
686	5.303659e-01	4.724867e-01	2.105032e+00
687	3.945895e-01	5.299009e-01	1.339033e+00
688	4.825725e-01	5.136809e-01	2.932584e+00
689	4.737247e-01	5.049434e-01	2.378603e+00
690	4.704172e-01	4.994064e-01	1.833415e+00
691	2.913695e-01	4.838469e-01	1.663410e+00
692	4.172639e-01	5.464543e-01	2.251588e+00
693	6.080271e-01	3.688150e-01	1.766976e+00
694	3.283495e-01	4.100839e-01	1.575476e+00
695	5.469549e-01	3.501144e-01	2.771373e+00
696	4.767497e-01	5.178494e-01	2.787005e+00
697	4.859029e-01	5.192738e-01	1.959453e+00
698	4.684918e-01	5.463935e-01	2.187103e+00
699	4.710365e-01	5.137177e-01	2.430386e+00
700	4.209866e-01	4.479385e-01	2.679531e+00
701	4.647295e-01	4.662808e-01	2.191988e+00
702	5.156045e-01	6.104653e-01	2.945286e+00
703	4.635791e-01	5.081474e-01	2.793845e+00
704	4.690900e-01	5.571982e-01	2.132389e+00
705	4.044867e-01	4.735935e-01	1.627259e+00
706	4.621665e-01	5.082344e-01	1.623351e+00
707	4.592296e-01	5.283426e-01	2.772350e+00
708	4.732253e-01	5.066385e-01	1.552027e+00
709	3.917298e-01	5.271645e-01	1.180752e+00
710	4.710180e-01	5.400534e-01	1.632145e+00
711	2.799921e-01	1.866888e-01	1.680997e+00
712	6.277080e-01	5.969253e-01	2.828041e+00
713	5.529416e-01	4.265121e-01	1.703468e+00
714	3.604287e-01	3.085382e-01	1.471910e+00
715	4.624323e-01	4.984750e-01	2.368832e+00
716	4.749328e-01	5.236484e-01	1.961407e+00
717	4.781006e-01	5.146275e-01	1.756229e+00
718	4.912454e-01	5.019441e-01	2.987298e+00
719	4.644514e-01	5.087965e-01	2.332682e+00
720	4.751532e-01	4.912244e-01	1.097704e+00
721	5.106118e-01	6.903211e-01	1.954568e+00
722	4.713488e-01	5.097857e-01	1.704446e+00
723	4.726333e-01	5.139799e-01	1.853933e+00
724	5.137887e-01	4.448470e-01	2.829995e+00
725	4.969524e-01	5.228472e-01	2.232047e+00
726	4.677151e-01	5.910899e-01	2.587689e+00
727	5.504456e-01	3.597253e-01	2.698095e+00
729	4.495851e-01	4.097201e-01	1.212995e+00
730	5.587565e-01	4.643163e-01	1.502198e+00
731	4.729671e-01	5.093363e-01	2.614069e+00
732	5.017828e-01	6.201747e-01	2.880801e+00
733	4.662711e-01	4.886958e-01	1.956522e+00
734	4.425444e-01	4.643671e-01	2.745970e+00
735	7.818564e-01	4.293714e-01	1.179775e+00
736	5.059953e-01	4.737819e-01	1.935027e+00
737	4.944777e-01	5.051584e-01	1.975085e+00
738	4.740288e-01	4.909175e-01	1.067416e+00
739	4.293427e-01	4.897365e-01	2.024915e+00
740	4.708574e-01	4.788802e-01	2.810454e+00
741	4.949196e-01	6.196849e-01	2.428432e+00
742	4.314169e-01	4.882457e-01	1.957499e+00
743	4.655206e-01	5.600005e-01	2.306302e+00
744	4.705943e-01	5.348554e-01	2.557401e+00
745	4.570790e-01	4.803440e-01	1.243283e+00
746	4.357253e-01	4.891238e-01	2.429409e+00
747	4.991396e-01	4.839888e-01	2.523205e+00
748	5.746101e-01	7.075457e-01	2.842697e+00
749	4.688648e-01	5.130066e-01	2.247680e+00
750	4.661801e-01	4.704780e-01	2.000489e+00
751	4.716076e-01	4.830364e-01	2.446019e+00
752	4.787122e-01	5.136295e-01	2.360039e+00
753	6.550201e-01	4.883244e-01	2.567171e+00
754	4.685334e-01	5.143546e-01	2.415730e+00
755	4.817102e-01	4.854917e-01	1.989741e+00
756	4.716445e-01	5.043664e-01	2.908158e+00
757	4.495165e-01	6.645951e-01	2.731314e+00
758	4.691251e-01	5.161188e-01	2.544700e+00
759	4.721646e-01	5.130958e-01	2.890572e+00
760	4.719963e-01	5.145269e-01	1.654617e+00
761	4.638401e-01	5.191339e-01	1.008793e+00
762	4.646642e-01	4.603268e-01	1.260870e+00
763	4.942469e-01	3.416602e-01	1.347826e+00
764	5.008820e-01	5.098854e-01	1.325354e+00
765	4.774862e-01	5.185602e-01	1.420127e+00
766	4.570424e-01	2.958767e-01	2.845628e+00
767	4.412580e-01	4.648669e-01	1.853933e+00
768	4.771007e-01	5.242754e-01	1.303859e+00
769	4.502963e-01	4.254308e-01	1.294089e+00
770	6.184401e-01	2.904511e-01	1.675134e+00
771	5.367626e-01	4.739070e-01	2.417684e+00
772	4.772096e-01	4.964260e-01	2.053249e+00
773	4.859290e-01	5.173853e-01	1.276502e+00
774	4.958497e-01	5.788226e-01	2.779189e+00
775	1.404849e-01	3.631185e-01	1.984856e+00
776	6.499301e-01	6.421833e-01	2.295554e+00
777	4.713762e-01	5.055575e-01	1.652662e+00
778	4.805532e-01	5.313350e-01	2.464582e+00
779	4.678691e-01	5.146240e-01	1.763068e+00
780	4.572863e-01	5.244194e-01	2.026869e+00
781	5.122544e-01	5.911867e-01	1.160234e+00
782	4.419512e-01	7.270534e-01	2.302394e+00
783	4.367310e-01	4.968489e-01	1.384954e+00
784	4.428254e-01	4.820114e-01	2.598437e+00
785	5.102524e-01	4.583385e-01	2.130435e+00
786	4.973664e-01	5.113054e-01	1.690767e+00
787	4.484948e-01	5.017498e-01	1.940889e+00
788	4.773199e-01	5.340771e-01	2.099170e+00
