789
0	9.597740e-01	4.345212e-01	1.398632e+00
1	2.651292e-01	3.973523e-01	1.108451e+00
2	4.937726e-01	5.380287e-01	2.925745e+00
3	4.751236e-01	4.592938e-01	2.732291e+00
4	4.250538e-01	6.376535e-01	1.257938e+00
5	4.685093e-01	5.717327e-01	2.424524e+00
6	4.550414e-01	7.273176e-01	1.383000e+00
7	4.812325e-01	5.388908e-01	2.705911e+00
8	4.669591e-01	5.193336e-01	2.442110e+00
9	4.835107e-01	5.223985e-01	2.233024e+00
10	4.828761e-01	5.200867e-01	2.376649e+00
11	4.712728e-01	5.405394e-01	1.556913e+00
12	3.989843e-01	6.837380e-01	2.950171e+00
13	4.073538e-01	3.639979e-01	1.066439e+00
14	4.773790e-01	5.286944e-01	1.626282e+00
15	4.032877e-01	4.966219e-01	1.306790e+00
16	4.793996e-01	5.215025e-01	2.902296e+00
17	5.346673e-01	4.632388e-01	1.195408e+00
18	4.734288e-01	5.114746e-01	1.785540e+00
19	4.775991e-01	5.144554e-01	1.248168e+00
20	4.769871e-01	5.210841e-01	1.863703e+00
21	5.451554e-01	5.707656e-01	2.671715e+00
22	4.875367e-01	5.123690e-01	2.487054e+00
23	3.912155e-01	7.498188e-01	1.946751e+00
24	5.892896e-01	4.626307e-01	1.303859e+00
25	3.307983e-01	7.228469e-01	2.152907e+00
26	4.702365e-01	5.041305e-01	1.388862e+00
27	4.820735e-01	4.892235e-01	1.591109e+00
28	4.905491e-01	4.860035e-01	2.205667e+00
29	4.657197e-01	5.261928e-01	2.181241e+00
30	4.142886e-01	5.033842e-01	1.475818e+00
31	5.246931e-01	5.388884e-01	2.309233e+00
32	4.854815e-01	5.115648e-01	2.073766e+00
33	4.650697e-01	2.756491e-01	2.331705e+00
34	4.741725e-01	5.154686e-01	1.126038e+00
35	6.447194e-01	5.334182e-01	2.235955e+00
36	6.528663e-01	7.382509e-01	2.805569e+00
37	3.407692e-01	4.399559e-01	2.555447e+00
38	4.798798e-01	5.019290e-01	2.559355e+00
39	4.805277e-01	5.078742e-01	1.895945e+00
40	4.838173e-01	4.844466e-01	1.282364e+00
41	4.501618e-01	5.835860e-01	2.750855e+00
42	4.785943e-01	5.373463e-01	2.412799e+00
43	4.605335e-01	5.080773e-01	2.557401e+00
44	4.786446e-01	3.604993e-01	1.648754e+00
45	4.549223e-01	4.627318e-01	1.721055e+00
46	4.682350e-01	5.641749e-01	2.588666e+00
47	4.614179e-01	5.073490e-01	1.525647e+00
48	4.816015e-01	5.297120e-01	2.751832e+00
49	5.808105e-01	6.672679e-01	2.625794e+00
50	4.614819e-01	4.173426e-01	1.663410e+00
51	4.805714e-01	5.202783e-01	2.560332e+00
52	4.965944e-01	5.050672e-01	1.696629e+00
53	5.010950e-01	5.110519e-01	1.506106e+00
54	4.768840e-01	5.194540e-01	2.675623e+00
55	5.054180e-01	4.977813e-01	2.497802e+00
56	3.865601e-01	6.923483e-01	1.031265e+00
57	4.529092e-01	6.354271e-01	2.361993e+00
58	4.672007e-01	6.089162e-01	1.866634e+00
59	7.483001e-01	7.876571e-01	2.930630e+00
60	5.881714e-01	8.501899e-01	1.503175e+00
61	4.595525e-01	5.234065e-01	2.449927e+00
62	4.631131e-01	5.109406e-01	2.831949e+00
63	4.691486e-01	5.306913e-01	2.317049e+00
64	4.897459e-01	5.008947e-01	2.353200e+00
65	4.834570e-01	5.221305e-01	2.575965e+00
66	4.113687e-01	5.172739e-01	2.922814e+00
67	4.770294e-01	5.447078e-01	2.289692e+00
68	3.875581e-01	4.216294e-01	2.766488e+00
69	5.111496e-01	3.153510e-01	1.522716e+00
70	4.754365e-01	5.180625e-01	2.769419e+00
71	4.925763e-01	5.034317e-01	1.110405e+00
72	4.718012e-01	5.242550e-01	1.412311e+00
73	7.465469e-01	4.533324e-01	1.951637e+00
74	4.491785e-01	3.281966e-01	1.449438e+00
75	2.309359e-01	5.046769e-01	2.176356e+00
76	4.608008e-01	4.214265e-01	1.212995e+00
77	4.717442e-01	5.170918e-01	1.872496e+00
78	4.806428e-01	5.286594e-01	1.606742e+00
79	5.038322e-01	3.664953e-01	1.183683e+00
80	5.077586e-01	4.644402e-01	2.736199e+00
81	4.795711e-01	5.199942e-01	1.617489e+00
82	5.094698e-01	5.958204e-01	2.456766e+00
83	4.305658e-01	3.854617e-01	1.406448e+00
84	5.834323e-01	4.837609e-01	2.453835e+00
85	4.730701e-01	5.290086e-01	2.712750e+00
86	4.923356e-01	5.084349e-01	2.877870e+00
87	5.289916e-01	7.760055e-01	1.533464e+00
88	5.572691e-01	6.291004e-01	2.169516e+00
89	5.821222e-01	2.464692e-01	2.483146e+00
90	5.180900e-01	4.522479e-01	1.538349e+00
91	4.612289e-01	5.215284e-01	1.117245e+00
92	4.874803e-01	5.029280e-01	2.709819e+00
93	5.674152e-01	4.609101e-01	2.929653e+00
94	5.067361e-01	5.046639e-01	2.125550e+00
95	3.663290e-01	3.751041e-01	2.148999e+00
96	4.703061e-01	5.032562e-01	1.206155e+00
97	7.753122e-01	4.263945e-01	2.689301e+00
98	4.942912e-01	5.098684e-01	1.997557e+00
99	5.293111e-01	5.832099e-01	1.753298e+00
100	4.699424e-01	5.058678e-01	1.491451e+00
101	4.800395e-01	5.224514e-01	2.381534e+00
102	5.113427e-01	6.284415e-01	1.837323e+00
103	5.572557e-01	4.426072e-01	2.723498e+00
104	4.609297e-01	3.887350e-01	1.216903e+00
105	4.758386e-01	5.201281e-01	1.385931e+00
106	1.364882e-01	4.341217e-01	1.094773e+00
107	4.729245e-01	5.139283e-01	1.887152e+00
108	2.632606e-01	5.619011e-01	1.869565e+00
109	2.658335e-01	4.045911e-01	2.657059e+00
110	4.659356e-01	5.511421e-01	1.905716e+00
111	4.928185e-01	5.259638e-01	2.319980e+00
112	1.392862e-01	3.508671e-01	1.549096e+00
113	7.379681e-01	3.803694e-01	1.155349e+00
114	4.794858e-01	5.281868e-01	1.261847e+00
115	4.739523e-01	5.121569e-01	1.308745e+00
116	5.054659e-02	2.725426e-01	1.148510e+00
117	4.818361e-01	5.272498e-01	1.865657e+00
118	4.818462e-01	4.567475e-01	2.988276e+00
119	3.948623e-01	4.288373e-01	1.479726e+00
120	4.810296e-01	5.101773e-01	2.095261e+00
121	5.307256e-01	4.515568e-01	2.442110e+00
122	6.880628e-01	7.057757e-01	1.070347e+00
123	3.966417e-01	4.084996e-01	1.417196e+00
124	4.890490e-01	5.083770e-01	2.817294e+00
125	5.400507e-01	8.832796e-01	1.164143e+00
126	5.244457e-01	4.480697e-01	2.738153e+00
127	3.137820e-01	2.654558e-01	2.338544e+00
128	7.033419e-01	7.693763e-01	1.282364e+00
129	4.780459e-01	5.016578e-01	2.676600e+00
130	7.030656e-01	7.690564e-01	2.443087e+00
131	8.517505e-01	6.186439e-02	2.375672e+00
132	2.304797e-01	4.184230e-01	1.220811e+00
133	2.086645e-01	4.929941e-01	2.407914e+00
134	4.814962e-01	4.546895e-01	2.277968e+00
135	4.579290e-01	5.164546e-01	2.409868e+00
136	4.966600e-01	5.366319e-01	2.083537e+00
137	4.142863e-01	5.066779e-01	2.286761e+00
138	2.086666e-01	5.212803e-01	1.194431e+00
139	4.948824e-01	5.364899e-01	2.818271e+00
140	4.790100e-01	5.698626e-01	2.827064e+00
141	4.719651e-01	5.108995e-01	1.684905e+00
142	4.771294e-01	5.037574e-01	1.999511e+00
143	4.795109e-01	5.357720e-01	1.956522e+00
144	3.959495e-01	4.295060e-01	2.323889e+00
145	4.622991e-01	5.541526e-01	2.501710e+00
146	2.922726e-01	4.649378e-01	2.395213e+00
147	5.258646e-01	5.624720e-01	2.719590e+00
148	4.807130e-01	5.201894e-01	2.937469e+00
149	4.873324e-01	6.357606e-01	2.803615e+00
150	3.635922e-01	3.851327e-01	1.794333e+00
151	5.004923e-01	5.205380e-01	2.611138e+00
152	4.949535e-01	5.301196e-01	1.724963e+00
153	5.032789e-01	5.196998e-01	1.983879e+00
154	4.871329e-01	5.215249e-01	2.181241e+00
155	5.035711e-01	5.460707e-01	1.295066e+00
156	4.580919e-01	3.573341e-01	1.970200e+00
157	5.028004e-01	5.189962e-01	2.387396e+00
158	3.904363e-01	5.392082e-01	2.386419e+00
159	4.200634e-01	3.369772e-01	2.647289e+00
160	4.825262e-01	5.023777e-01	1.686859e+00
161	4.981271e-01	5.085029e-01	1.553981e+00
162	5.254020e-01	4.684312e-01	1.764045e+00
163	4.822740e-01	2.872273e-01	1.632145e+00
164	4.807613e-01	5.202432e-01	1.235467e+00
165	4.786417e-01	5.386771e-01	2.251588e+00
166	5.007332e-01	5.090825e-01	1.751343e+00
167	3.825043e-01	5.525311e-01	1.715193e+00
168	4.820095e-01	5.236482e-01	2.109917e+00
169	4.664871e-01	5.540188e-01	2.137274e+00
170	4.138655e-01	5.059148e-01	2.099170e+00
171	4.812294e-01	4.572626e-01	2.057157e+00
172	4.934417e-01	5.155167e-01	2.246702e+00
173	4.811456e-01	5.287597e-01	1.894968e+00
174	4.963303e-01	5.288155e-01	2.453835e+00
175	4.817614e-01	5.131556e-01	2.834880e+00
176	4.565146e-01	5.253439e-01	2.215437e+00
177	4.849319e-01	5.030493e-01	2.153884e+00
178	4.747019e-01	5.321882e-01	2.475330e+00
179	5.902024e-01	6.641381e-01	1.274548e+00
180	4.834723e-01	5.254752e-01	2.127504e+00
181	4.609456e-01	5.180217e-01	1.790425e+00
182	7.491949e-01	6.673047e-01	1.736688e+00
183	4.646197e-01	6.516044e-01	1.692721e+00
184	4.586136e-01	5.896522e-01	2.042501e+00
185	4.558803e-01	6.491512e-01	1.468979e+00
186	4.910751e-01	5.156589e-01	1.784563e+00
187	9.466405e-01	8.470302e-01	2.653151e+00
188	4.915415e-01	4.978818e-01	1.839277e+00
189	4.839667e-01	5.069794e-01	1.175867e+00
190	5.454054e-01	4.926892e-01	2.807523e+00
191	6.776996e-01	3.541185e-01	2.811431e+00
192	4.594410e-01	5.119283e-01	1.192477e+00
193	1.451813e-01	5.169997e-01	1.620420e+00
194	1.640916e-01	5.602553e-01	2.624817e+00
195	4.802191e-01	5.246185e-01	2.806546e+00
196	5.751698e-01	3.665517e-01	1.763068e+00
197	2.769335e-01	1.378881e-01	2.060088e+00
198	3.198710e-01	6.469145e-01	2.458720e+00
199	4.466125e-01	6.039898e-01	2.463605e+00
200	2.634291e-01	3.014015e-01	1.141671e+00
201	4.875770e-01	5.368539e-01	1.146556e+00
202	4.460812e-01	5.913625e-01	1.395701e+00
203	4.581707e-01	5.225899e-01	1.755252e+00
204	4.698310e-01	5.241775e-01	2.901319e+00
205	4.402188e-01	6.462843e-01	2.123596e+00
206	2.785343e-01	3.137819e-01	1.652662e+00
207	4.860557e-01	4.948869e-01	1.199316e+00
208	4.757332e-01	5.153248e-01	2.170493e+00
209	5.977449e-01	6.804570e-01	2.733268e+00
210	3.950545e-01	3.524281e-01	1.545188e+00
211	5.027854e-01	5.177513e-01	1.376160e+00
212	4.645460e-01	5.278448e-01	1.621397e+00
213	4.671175e-01	5.172172e-01	1.883244e+00
214	4.751150e-01	5.081232e-01	1.612604e+00
215	4.972839e-01	5.318559e-01	2.909135e+00
216	4.861735e-01	5.029272e-01	1.354665e+00
217	4.615590e-01	5.158935e-01	2.770396e+00
218	2.956811e-01	4.471144e-01	2.148999e+00
219	4.777596e-01	5.243618e-01	2.624817e+00
220	5.251793e-01	5.098944e-01	2.697118e+00
221	4.895404e-01	5.158248e-01	1.938935e+00
222	7.830168e-01	4.927913e-01	1.854910e+00
223	5.627721e-01	6.231298e-01	2.625794e+00
224	4.613616e-01	3.948584e-01	2.984367e+00
225	4.784716e-01	4.397003e-01	2.693210e+00
226	4.770894e-01	5.389959e-01	2.276014e+00
227	4.582277e-01	4.650946e-01	1.245237e+00
228	4.745583e-01	5.334739e-01	1.489497e+00
229	4.661355e-01	5.249653e-01	2.305325e+00
230	4.636492e-01	5.336020e-01	2.689301e+00
231	4.812022e-01	5.137534e-01	1.346849e+00
232	5.014033e-01	5.029887e-01	2.447973e+00
233	4.977780e-01	5.392851e-01	1.591109e+00
234	2.220915e-01	5.457527e-01	1.931119e+00
235	4.900272e-01	5.064503e-01	2.687347e+00
236	4.810669e-01	5.199028e-01	2.787982e+00
237	4.844387e-01	5.061336e-01	1.510015e+00
238	4.685547e-01	5.281390e-01	2.193942e+00
239	4.774681e-01	5.204160e-01	2.918906e+00
240	4.766165e-01	5.479769e-01	1.734734e+00
241	4.725310e-01	5.086820e-01	1.119199e+00
242	5.766119e-01	5.359910e-01	1.631168e+00
243	3.879394e-01	4.450179e-01	1.258915e+00
244	4.789985e-01	5.349649e-01	2.458720e+00
245	5.228840e-01	5.587661e-01	2.134343e+00
246	4.803365e-01	5.264337e-01	2.662921e+00
247	4.831045e-01	5.264210e-01	2.924768e+00
248	3.540370e-01	4.432913e-01	2.983390e+00
249	6.943232e-01	4.667299e-02	2.305325e+00
250	6.862678e-01	2.019746e-01	2.763556e+00
251	6.578731e-01	1.086763e-01	2.374695e+00
252	5.027606e-01	5.155011e-01	1.703468e+00
253	3.641599e-01	3.846655e-01	1.246214e+00
254	5.910882e-01	3.277038e-01	2.925745e+00
255	4.787131e-01	5.024180e-01	1.857841e+00
256	4.867683e-01	5.017268e-01	2.601368e+00
257	4.813478e-01	5.174265e-01	2.413776e+00
258	5.028776e-01	5.137721e-01	2.569126e+00
259	1.778828e-01	5.384162e-01	1.865657e+00
260	4.797903e-01	5.253350e-01	2.574988e+00
261	4.882723e-01	5.117258e-01	1.598925e+00
262	7.050651e-01	5.332032e-01	2.264289e+00
263	5.903515e-01	4.850789e-01	1.176844e+00
264	5.276068e-01	3.959346e-01	1.061553e+00
265	4.893833e-01	5.032561e-01	2.526136e+00
266	4.728172e-01	4.605566e-01	1.928188e+00
267	4.781329e-01	5.359581e-01	2.006351e+00
268	4.752744e-01	5.444814e-01	1.041036e+00
269	4.096486e-01	4.764736e-01	1.793356e+00
270	4.349061e-01	6.203038e-01	1.860772e+00
271	4.466680e-01	4.634432e-01	1.389839e+00
272	4.902313e-01	5.111151e-01	1.052760e+00
273	4.340663e-01	6.217863e-01	1.156326e+00
274	5.387212e-01	6.494414e-01	1.981925e+00
275	7.313991e-01	7.626848e-01	2.256473e+00
276	4.772326e-01	4.994062e-01	2.368832e+00
277	5.026404e-01	5.143888e-01	2.024915e+00
278	7.024023e-01	7.497488e-01	1.266732e+00
279	4.880781e-01	5.199828e-01	1.348803e+00
280	5.126148e-01	6.398006e-01	2.472399e+00
281	6.244701e-01	4.580482e-01	2.288715e+00
282	4.653344e-01	5.556292e-01	2.745970e+00
283	4.836685e-01	4.860144e-01	2.490962e+00
284	5.310126e-01	6.427003e-01	2.515388e+00
285	5.771400e-01	7.036052e-01	1.545188e+00
286	4.713578e-01	5.385913e-01	2.662921e+00
287	4.739182e-01	5.580356e-01	2.264289e+00
288	4.985142e-01	5.673627e-01	2.905227e+00
289	5.647248e-01	6.011446e-01	1.058622e+00
290	5.244329e-01	5.189592e-01	2.152907e+00
291	7.410798e-01	8.627199e-02	2.784074e+00
292	4.935667e-01	5.125778e-01	2.445042e+00
293	2.152320e-01	3.478404e-01	2.852467e+00
294	4.684269e-01	5.515282e-01	2.070835e+00
295	4.091753e-01	4.185717e-01	1.406448e+00
296	4.135717e-01	8.167502e-01	1.751343e+00
297	4.394344e-01	5.106927e-01	2.077675e+00
298	2.073528e-01	4.086751e-01	1.601856e+00
299	4.664831e-01	5.365736e-01	2.048363e+00
300	5.585951e-01	6.049606e-01	2.781143e+00
301	4.795697e-01	5.229872e-01	2.779189e+00
302	4.432451e-01	5.999445e-01	2.617978e+00
303	3.991258e-01	6.391847e-01	1.698583e+00
304	2.159118e-01	3.889034e-01	1.948705e+00
305	4.786415e-01	5.382006e-01	1.416219e+00
306	3.647530e-01	2.302205e-01	1.745481e+00
307	4.826351e-01	5.125852e-01	2.291646e+00
308	2.691421e-02	3.886400e-01	1.868588e+00
309	4.819479e-01	4.528837e-01	2.511480e+00
310	4.759224e-01	5.135729e-01	2.596483e+00
311	4.665258e-01	4.574482e-01	2.855398e+00
312	4.797940e-01	5.115982e-01	1.312653e+00
313	4.321505e-01	6.284108e-01	1.787494e+00
314	4.790886e-01	5.279524e-01	2.252565e+00
315	4.733337e-01	5.599086e-01	1.978017e+00
316	5.130452e-01	5.409207e-01	2.965804e+00
317	4.870698e-01	5.030969e-01	2.221299e+00
318	6.656113e-01	3.719553e-01	1.701514e+00
319	4.795600e-01	4.650233e-01	1.135809e+00
320	4.825715e-01	5.199688e-01	2.997069e+00
321	7.107601e-01	4.405716e-02	2.470445e+00
322	5.537716e-01	6.314535e-01	2.362970e+00
323	4.729601e-01	5.389212e-01	2.553493e+00
324	5.024443e-01	5.420134e-01	1.347826e+00
325	1.723123e-01	5.301664e-02	2.896434e+00
326	4.679919e-01	5.234708e-01	1.857841e+00
327	5.910174e-01	5.280596e-01	1.669272e+00
328	4.703370e-01	5.032932e-01	1.726917e+00
329	4.409526e-01	5.752367e-01	2.604299e+00
330	4.930081e-01	5.382937e-01	2.089399e+00
331	4.894959e-01	5.179100e-01	1.552027e+00
332	4.813563e-01	4.516427e-01	1.769907e+00
333	4.823755e-01	5.172741e-01	1.382022e+00
334	4.326023e-01	6.334207e-01	2.510503e+00
335	4.742352e-01	5.176880e-01	1.640938e+00
336	4.930374e-01	5.042895e-01	2.933561e+00
337	5.003460e-01	5.478744e-01	1.033219e+00
338	5.582133e-01	5.291882e-01	1.408403e+00
339	4.943604e-01	5.082792e-01	2.767465e+00
340	4.788246e-01	5.378672e-01	1.526624e+00
341	4.460223e-01	6.235794e-01	1.456277e+00
342	4.610383e-01	5.086476e-01	1.054714e+00
343	5.704318e-01	4.642982e-01	2.601368e+00
344	5.348612e-01	6.558946e-01	2.193942e+00
345	8.151500e-01	1.737157e-01	2.321935e+00
346	4.880587e-01	4.974117e-01	1.564729e+00
347	5.015423e-01	5.261690e-01	1.679043e+00
348	5.797505e-01	6.733031e-01	2.034685e+00
349	4.624138e-01	5.074253e-01	2.564240e+00
350	3.809105e-01	3.103325e-01	2.311187e+00
351	5.796881e-01	4.635754e-01	1.297997e+00
352	4.925452e-01	5.042194e-01	2.873962e+00
353	6.118593e-01	4.175624e-01	2.202736e+00
354	4.802070e-01	5.336865e-01	2.653151e+00
355	3.669179e-01	2.509349e-01	2.461651e+00
356	4.854741e-01	5.019770e-01	1.679043e+00
357	5.202318e-01	5.867762e-01	2.991207e+00
358	4.165995e-01	5.876172e-01	2.857352e+00
359	4.859227e-01	4.382641e-01	1.913532e+00
360	3.462866e-01	3.622864e-01	1.216903e+00
361	2.720240e-01	7.665799e-01	1.214949e+00
362	3.932698e-01	4.160550e-01	1.005862e+00
363	4.794393e-01	5.063135e-01	2.227162e+00
364	5.003065e-01	5.085848e-01	1.723009e+00
365	4.173262e-01	8.756736e-01	1.491451e+00
366	6.296395e-01	5.274416e-01	1.692721e+00
367	4.675740e-01	5.071898e-01	1.154372e+00
368	4.898574e-01	5.063916e-01	1.851001e+00
369	4.855430e-01	5.140878e-01	2.418661e+00
370	4.148875e-01	5.093643e-01	1.874450e+00
371	4.507975e-01	4.615664e-01	1.591109e+00
372	4.599426e-01	5.118519e-01	2.199805e+00
373	6.892911e-01	6.930596e-01	2.208598e+00
374	4.797078e-01	5.469053e-01	1.322423e+00
375	4.083293e-01	6.277090e-01	2.361016e+00
376	5.336372e-01	5.078479e-01	1.815828e+00
377	4.808373e-01	5.204133e-01	1.328285e+00
378	4.923105e-01	5.067756e-01	1.883244e+00
379	8.398938e-01	9.353919e-01	1.599902e+00
380	5.952154e-01	3.063206e-01	2.343429e+00
381	4.838347e-01	5.251162e-01	1.835369e+00
382	1.364924e-01	8.630996e-01	1.065462e+00
383	3.344306e-01	5.435295e-01	1.698583e+00
384	5.910132e-01	5.769069e-01	2.761602e+00
385	7.281801e-01	3.657608e-01	1.961407e+00
386	5.899812e-01	5.293192e-01	2.449927e+00
387	4.818588e-01	5.149177e-01	2.669761e+00
388	5.575165e-01	5.680534e-01	2.597460e+00
389	4.860176e-01	5.081834e-01	2.960918e+00
390	4.833976e-01	5.126865e-01	1.655594e+00
391	4.760473e-01	4.697070e-01	2.572057e+00
392	4.837486e-01	5.021931e-01	1.234489e+00
393	4.892924e-01	5.156493e-01	1.607719e+00
394	4.720137e-01	5.198613e-01	2.643381e+00
395	3.310498e-01	8.105233e-01	1.233512e+00
396	1.492191e-01	3.315558e-01	2.058134e+00
397	7.426854e-01	5.519089e-01	1.083048e+00
398	2.006117e-01	3.519485e-01	2.453835e+00
399	4.301633e-01	5.226595e-01	2.169516e+00
400	5.146766e-01	4.564218e-01	1.634099e+00
401	6.351418e-01	4.184408e-01	1.314607e+00
402	4.883980e-01	5.057257e-01	2.292623e+00
403	3.355730e-01	3.565549e-01	1.759160e+00
404	4.306831e-01	4.694112e-01	2.942355e+00
405	5.235494e-01	4.199032e-01	1.358574e+00
406	4.818808e-01	5.152784e-01	1.474841e+00
407	3.313074e-01	1.404425e-01	2.850513e+00
408	3.606979e-01	5.418787e-01	2.543723e+00
409	4.735259e-01	5.082388e-01	1.170005e+00
410	4.788799e-01	5.316291e-01	2.011236e+00
411	5.580800e-01	5.322645e-01	2.982413e+00
412	9.445730e-02	4.335321e-01	1.578407e+00
413	5.246079e-01	4.078275e-01	2.904250e+00
414	4.869340e-01	5.020447e-01	2.948217e+00
415	4.786856e-01	5.197710e-01	1.856864e+00
416	4.807721e-01	4.711809e-01	1.780655e+00
417	5.009247e-01	5.232665e-01	1.223742e+00
418	4.964662e-01	5.329481e-01	2.928676e+00
419	4.632397e-01	5.059424e-01	1.055691e+00
420	4.974548e-01	5.313820e-01	2.823156e+00
421	4.799657e-01	5.248498e-01	2.886663e+00
422	4.732701e-01	5.064602e-01	1.391793e+00
423	6.298622e-01	3.838275e-01	1.467025e+00
424	4.798616e-01	5.150552e-01	1.512946e+00
425	3.317877e-01	1.737628e-01	1.960430e+00
426	3.243738e-01	1.770355e-01	2.254519e+00
427	5.613030e-01	6.252275e-01	2.899365e+00
428	4.676167e-01	5.170959e-01	1.247191e+00
429	4.591423e-01	5.134875e-01	1.802149e+00
430	4.602624e-01	5.276972e-01	1.663410e+00
431	5.479601e-01	6.275169e-01	2.556424e+00
432	3.223836e-01	1.616085e-01	2.947240e+00
433	4.579594e-01	5.142547e-01	2.475330e+00
434	5.012339e-01	5.451084e-01	2.923791e+00
435	3.770633e-01	4.957675e-01	2.906204e+00
436	4.494528e-02	9.139323e-01	2.668784e+00
437	4.758664e-01	5.155345e-01	2.476307e+00
438	4.196196e-01	4.858848e-01	2.065950e+00
439	4.798564e-01	5.233935e-01	1.983879e+00
440	4.941759e-01	5.612851e-01	1.637030e+00
441	3.183554e-01	5.613938e-01	1.338056e+00
442	4.907108e-01	6.131663e-01	2.406937e+00
443	1.747276e-01	5.633484e-01	1.422081e+00
444	4.657109e-01	5.733711e-01	2.956033e+00
445	4.736862e-01	5.345090e-01	2.601368e+00
446	5.337358e-01	3.650418e-01	1.846116e+00
447	4.791405e-01	5.409505e-01	1.264778e+00
448	4.905290e-01	4.175363e-01	1.119199e+00
449	4.805506e-01	4.706801e-01	1.956522e+00
450	1.943913e-01	3.381714e-01	2.971666e+00
451	4.884164e-01	5.192258e-01	2.149976e+00
452	5.301901e-01	5.408546e-01	1.574499e+00
453	5.680386e-01	3.353701e-01	1.775769e+00
454	9.428594e-01	6.472650e-01	1.542257e+00
455	4.807712e-01	5.293496e-01	2.984367e+00
456	4.781542e-01	5.358469e-01	1.577430e+00
457	4.111835e-01	5.427027e-01	2.955056e+00
458	4.750322e-01	5.187781e-01	2.865169e+00
459	4.374500e-01	4.198069e-01	1.672203e+00
460	7.005255e-01	7.553429e-01	1.198339e+00
461	5.572977e-01	6.961665e-01	2.513434e+00
462	5.453905e-01	3.257800e-01	1.853933e+00
463	4.757625e-01	5.230452e-01	2.858329e+00
464	5.907319e-01	5.293090e-01	1.574499e+00
465	4.331030e-01	4.934026e-01	1.432829e+00
466	4.975295e-01	5.233946e-01	1.500244e+00
467	4.246862e-01	6.844323e-01	1.323400e+00
468	4.585367e-01	5.235389e-01	2.147044e+00
469	4.985001e-01	5.303601e-01	2.698095e+00
470	4.630025e-01	5.187802e-01	1.364436e+00
471	4.852310e-01	3.940034e-01	2.076698e+00
472	4.835964e-01	5.189354e-01	2.011236e+00
473	5.915391e-01	7.776996e-01	1.215926e+00
474	4.831296e-01	5.335436e-01	2.299463e+00
475	5.107353e-01	5.475892e-01	1.683928e+00
476	4.572841e-01	5.141455e-01	2.081583e+00
477	4.749854e-01	5.212333e-01	2.350269e+00
478	2.465364e-01	2.201093e-01	2.728383e+00
479	4.428758e-01	4.355594e-01	1.194431e+00
480	3.911349e-01	4.199057e-01	2.515388e+00
481	2.698755e-01	7.440590e-01	1.865657e+00
482	6.262737e-01	6.570189e-01	1.802149e+00
483	5.060980e-01	4.569932e-01	1.367367e+00
484	4.688258e-01	5.708205e-01	1.148510e+00
485	5.899940e-01	7.782272e-01	2.427455e+00
486	5.307691e-01	4.516706e-01	2.196873e+00
487	5.071075e-01	5.447934e-01	2.386419e+00
488	4.741093e-01	4.822993e-01	1.294089e+00
489	5.198673e-01	4.868612e-01	1.687836e+00
490	4.329925e-01	4.922240e-01	1.146556e+00
491	3.135120e-01	6.112580e-01	1.597948e+00
492	4.402557e-01	5.088440e-01	2.412799e+00
493	4.684086e-01	6.212597e-01	1.227650e+00
494	3.851182e-01	4.156396e-01	2.522228e+00
495	4.809088e-01	4.569383e-01	1.437714e+00
496	4.897957e-01	4.987663e-01	1.523693e+00
497	4.065840e-01	4.630293e-01	1.221788e+00
498	5.184353e-01	6.158976e-01	1.652662e+00
499	3.806778e-01	4.109065e-01	1.269663e+00
500	4.718691e-01	5.197857e-01	2.967758e+00
501	4.968260e-01	5.226848e-01	2.546654e+00
502	6.811779e-01	5.224972e-01	1.818759e+00
503	4.817578e-01	4.794820e-01	1.919394e+00
504	4.617766e-01	5.161361e-01	2.563263e+00
505	4.477478e-01	3.648375e-01	1.451392e+00
506	5.622218e-01	5.070565e-01	1.718124e+00
507	4.904169e-01	5.040523e-01	1.207132e+00
508	4.864225e-01	5.024483e-01	1.236444e+00
509	5.101560e-01	5.129039e-01	2.622863e+00
510	5.970058e-01	5.303471e-01	2.549585e+00
511	4.719397e-01	5.196214e-01	2.966781e+00
512	3.931995e-01	4.794385e-01	2.395213e+00
513	5.062284e-01	5.346755e-01	1.534441e+00
514	4.842330e-01	6.913131e-01	1.550073e+00
515	4.344347e-01	5.822516e-01	1.610650e+00
516	3.358744e-01	6.395340e-01	1.612604e+00
517	4.826123e-01	5.093423e-01	1.086957e+00
518	2.952330e-01	4.474327e-01	2.282853e+00
519	1.094549e-01	6.911661e-02	1.573522e+00
520	4.942775e-01	5.320318e-01	2.497802e+00
521	4.656756e-01	5.339948e-01	1.752320e+00
522	3.179346e-01	2.233253e-01	1.589155e+00
523	4.875440e-01	5.356068e-01	1.209086e+00
524	5.061307e-01	4.912002e-01	2.755740e+00
525	3.768354e-01	5.292235e-01	1.499267e+00
526	4.714921e-01	5.396642e-01	1.014656e+00
527	5.598729e-01	8.462546e-01	2.891549e+00
528	4.789422e-01	5.424379e-01	2.478261e+00
529	2.571403e-01	3.995176e-01	1.898876e+00
530	4.618478e-01	5.208351e-01	1.188569e+00
531	4.788735e-01	5.387703e-01	2.785051e+00
532	4.781193e-01	5.322631e-01	2.945286e+00
533	5.166680e-01	4.762744e-01	2.458720e+00
534	5.226232e-01	5.582751e-01	2.673669e+00
535	4.578778e-01	5.215414e-01	1.399609e+00
536	4.753381e-01	5.218057e-01	2.604299e+00
537	4.731397e-01	5.249970e-01	1.529555e+00
538	4.806763e-01	5.205396e-01	2.823156e+00
539	5.534321e-01	5.883664e-01	2.826087e+00
540	4.763554e-01	5.404122e-01	2.844651e+00
541	4.659923e-01	5.225476e-01	2.290669e+00
542	4.777045e-01	5.283659e-01	2.570103e+00
543	4.746269e-01	5.222864e-01	2.396190e+00
544	5.654709e-01	5.437941e-01	1.318515e+00
545	4.972436e-01	5.370177e-01	2.605276e+00
546	2.912573e-01	3.717425e-01	2.683439e+00
547	6.255853e-01	5.729145e-01	1.587201e+00
548	4.291105e-01	4.062436e-01	1.375183e+00
549	4.564657e-01	4.662616e-01	2.298486e+00
550	5.790325e-01	6.660735e-01	1.285296e+00
551	4.855194e-01	5.291316e-01	2.983390e+00
552	7.818457e-01	6.013870e-01	1.195408e+00
553	4.755503e-01	5.034750e-01	2.414753e+00
554	6.386591e-01	4.192568e-01	1.843185e+00
555	6.017689e-01	5.360327e-01	2.396190e+00
556	1.992668e-01	5.123413e-01	3.000000e+00
557	4.724707e-01	5.106173e-01	2.728383e+00
558	1.385217e-01	4.466659e-01	1.133854e+00
559	4.934517e-01	5.117078e-01	1.944797e+00
560	5.219719e-01	5.582717e-01	2.883732e+00
561	5.447581e-01	3.259025e-01	2.383488e+00
562	3.808731e-01	5.485195e-01	2.506595e+00
563	4.726498e-01	5.359994e-01	1.786517e+00
564	5.835677e-01	5.365390e-01	2.893503e+00
565	4.927712e-01	5.210744e-01	2.981436e+00
566	5.098070e-01	6.304372e-01	2.663898e+00
567	4.843077e-01	5.127425e-01	2.227162e+00
568	5.000833e-01	5.236984e-01	1.527601e+00
569	4.327223e-01	4.458644e-01	2.610161e+00
570	2.688997e-01	6.630740e-01	1.058622e+00
571	4.808065e-01	5.128351e-01	2.782120e+00
572	3.399161e-01	8.726225e-01	1.518808e+00
573	4.675718e-01	5.040854e-01	2.109917e+00
574	4.846567e-01	5.131370e-01	2.074744e+00
575	4.841001e-01	5.415420e-01	2.319003e+00
576	5.363289e-01	6.072804e-01	1.290181e+00
577	4.734367e-01	5.191742e-01	1.286273e+00
578	4.856124e-01	5.243171e-01	1.881290e+00
579	4.946977e-01	5.060150e-01	1.664387e+00
580	1.736106e-01	9.825547e-01	1.242306e+00
581	4.571079e-01	5.159946e-01	1.927211e+00
582	4.874754e-01	5.172556e-01	2.820225e+00
583	3.690147e-01	2.896932e-01	2.792868e+00
584	4.907242e-01	5.077362e-01	1.201270e+00
585	4.808959e-01	4.684113e-01	1.898876e+00
586	4.806934e-01	5.138246e-01	1.782609e+00
587	4.699824e-01	5.313521e-01	1.561798e+00
588	4.800142e-01	5.196526e-01	2.282853e+00
589	4.768970e-01	5.390702e-01	2.210552e+00
590	5.081501e-01	5.052302e-01	1.020518e+00
591	4.780685e-01	5.408283e-01	1.784563e+00
592	4.780586e-01	5.327638e-01	1.275525e+00
593	4.676892e-01	5.124202e-01	1.212995e+00
594	4.463098e-01	6.076371e-01	2.964827e+00
595	4.811253e-01	5.029149e-01	2.079629e+00
596	3.550196e-01	6.186723e-01	1.187592e+00
597	4.802077e-01	5.322208e-01	1.258915e+00
598	4.772643e-01	5.292149e-01	1.999511e+00
599	4.801998e-01	5.246262e-01	1.264778e+00
600	4.796296e-01	5.255599e-01	1.110405e+00
601	5.677155e-01	6.386903e-01	1.107474e+00
602	6.105902e-01	3.841718e-01	1.070347e+00
603	4.938926e-01	5.303443e-01	2.400098e+00
604	4.994636e-01	5.466237e-01	2.871031e+00
605	4.928776e-01	5.209215e-01	2.739130e+00
606	4.632931e-01	5.129938e-01	2.061065e+00
607	6.666112e-01	6.694282e-01	1.073278e+00
608	4.841070e-01	5.134909e-01	2.799707e+00
609	4.862684e-01	4.941524e-01	2.010259e+00
610	4.447411e-01	4.693963e-01	1.700537e+00
611	4.822883e-01	5.058089e-01	1.339033e+00
612	1.861793e-01	5.304500e-01	2.227162e+00
613	1.740641e-01	4.376008e-01	2.482169e+00
614	4.705350e-01	5.155990e-01	2.958964e+00
615	5.114265e-01	5.476159e-01	1.443576e+00
616	5.253020e-01	5.148096e-01	2.381534e+00
617	2.681684e-01	4.278429e-01	1.971177e+00
618	4.852950e-01	5.025541e-01	2.960918e+00
619	2.100569e-01	1.953907e-02	1.812897e+00
620	6.231363e-01	5.956608e-01	1.170982e+00
621	4.830372e-01	5.365092e-01	1.277479e+00
622	3.694082e-01	6.350315e-01	1.176844e+00
623	2.713509e-01	3.828297e-01	1.636053e+00
624	4.425259e-01	6.016693e-01	2.336590e+00
625	4.595047e-01	5.264136e-01	1.343918e+00
626	4.748342e-01	5.099618e-01	1.905716e+00
627	4.360094e-01	4.926425e-01	1.784563e+00
628	4.903058e-01	5.087511e-01	2.063996e+00
629	4.954747e-01	5.268563e-01	2.497802e+00
630	1.871278e-01	5.117588e-01	2.870054e+00
631	4.787279e-01	5.300915e-01	1.729849e+00
632	4.299680e-01	3.732915e-01	2.290669e+00
633	4.803433e-01	5.214031e-01	2.841720e+00
634	4.799603e-01	5.246660e-01	2.195896e+00
635	5.103637e-01	6.302304e-01	1.601856e+00
636	4.948312e-01	5.580854e-01	2.449927e+00
637	4.621012e-01	5.067119e-01	1.462140e+00
638	4.793019e-01	5.215112e-01	2.041524e+00
639	4.809442e-01	5.199168e-01	2.061065e+00
640	5.233213e-01	7.348097e-01	2.130435e+00
641	3.522857e-01	7.251790e-01	2.205667e+00
642	4.923967e-01	5.162491e-01	2.184172e+00
643	4.370372e-01	5.103168e-01	2.747924e+00
644	3.609732e-01	5.874747e-01	2.909135e+00
645	4.834766e-01	5.099537e-01	2.777235e+00
646	4.797120e-01	5.335050e-01	1.295066e+00
647	4.678626e-01	5.163051e-01	1.050806e+00
648	4.330314e-01	6.339736e-01	1.191500e+00
649	5.001370e-01	5.110734e-01	1.198339e+00
650	4.631931e-01	5.167360e-01	2.656082e+00
651	4.753965e-01	5.242748e-01	1.692721e+00
652	3.418253e-01	7.432333e-01	2.330728e+00
653	4.815513e-01	5.123418e-01	1.906693e+00
654	4.984077e-01	5.116420e-01	2.192965e+00
655	4.396972e-01	5.678305e-01	1.200293e+00
656	4.605600e-01	5.082925e-01	2.361016e+00
657	3.728295e-01	4.316068e-01	2.080606e+00
658	4.968306e-01	5.230970e-01	2.017098e+00
659	5.095782e-01	5.124214e-01	2.191011e+00
660	3.338222e-01	1.445699e-01	1.667318e+00
661	3.720521e-01	4.322759e-01	2.229116e+00
662	3.241099e-01	5.002770e-01	1.188569e+00
663	5.013982e-01	5.400829e-01	2.714704e+00
664	4.635074e-01	5.284687e-01	1.979971e+00
665	3.814058e-01	5.940713e-01	2.954079e+00
666	5.020521e-01	5.114973e-02	1.803127e+00
667	4.767291e-01	5.268970e-01	1.039082e+00
668	5.186132e-02	5.665726e-01	1.893014e+00
669	5.631288e-01	6.223334e-01	1.778701e+00
670	1.682994e-01	9.334404e-01	1.807035e+00
671	4.784121e-01	5.314160e-01	1.102589e+00
672	3.156890e-01	5.153856e-01	1.879336e+00
673	4.963537e-01	5.228221e-01	1.984856e+00
674	4.807299e-01	5.204558e-01	2.238886e+00
675	4.827299e-01	4.919121e-01	2.868100e+00
676	4.730700e-01	5.136396e-01	2.748901e+00
677	3.572360e-01	4.226354e-01	1.578407e+00
678	4.823716e-01	4.882724e-01	1.621397e+00
679	4.819959e-01	5.284837e-01	2.657059e+00
680	4.962376e-01	5.087233e-01	2.404983e+00
681	5.409827e-01	6.111896e-01	2.272106e+00
682	4.686248e-01	5.225335e-01	1.463117e+00
683	4.961363e-01	5.078391e-01	2.316072e+00
684	4.923998e-01	5.179535e-01	2.334636e+00
685	5.541544e-01	5.294780e-01	1.365413e+00
686	3.650341e-01	6.026876e-01	2.105032e+00
687	4.042792e-01	5.765995e-01	1.339033e+00
688	4.589606e-01	5.245027e-01	2.932584e+00
689	4.830089e-01	5.337344e-01	2.378603e+00
690	4.759540e-01	5.228160e-01	1.833415e+00
691	2.000750e-01	5.007273e-01	1.663410e+00
692	5.018255e-01	5.192519e-01	2.251588e+00
693	3.726391e-01	6.031261e-01	1.766976e+00
694	3.210889e-01	2.871630e-01	1.575476e+00
695	3.154102e-01	7.946709e-01	2.771373e+00
696	4.954698e-01	5.304148e-01	2.787005e+00
697	4.809457e-01	5.112702e-01	1.959453e+00
698	4.780210e-01	5.223710e-01	2.187103e+00
699	4.799131e-01	5.250538e-01	2.430386e+00
700	5.275939e-01	4.142241e-01	2.679531e+00
701	5.068789e-01	5.660111e-01	2.191988e+00
702	5.254051e-01	4.151138e-01	2.945286e+00
703	4.618666e-01	5.161242e-01	2.793845e+00
704	4.683146e-01	5.106324e-01	2.132389e+00
705	4.027690e-01	3.136931e-01	1.627259e+00
706	4.766294e-01	5.050408e-01	1.623351e+00
707	5.003235e-01	5.266184e-01	2.772350e+00
708	4.938731e-01	5.107407e-01	1.552027e+00
709	7.394238e-01	4.877979e-01	1.180752e+00
710	4.789707e-01	5.198331e-01	1.632145e+00
711	9.965493e-02	1.336643e-01	1.680997e+00
712	5.886734e-01	6.741485e-01	2.828041e+00
713	7.414273e-01	4.010383e-01	1.703468e+00
714	5.746041e-01	4.497338e-01	1.471910e+00
715	4.958124e-01	5.110559e-01	2.368832e+00
716	5.012161e-01	5.139868e-01	1.961407e+00
717	4.799989e-01	5.251372e-01	1.756229e+00
718	4.877737e-01	5.113253e-01	2.987298e+00
719	4.966085e-01	5.231751e-01	2.332682e+00
720	4.629882e-01	5.174805e-01	1.097704e+00
721	4.793850e-01	6.734555e-01	1.954568e+00
722	4.787377e-01	5.236472e-01	1.704446e+00
723	4.808736e-01	5.198327e-01	1.853933e+00
724	5.253304e-01	4.111355e-01	2.829995e+00
725	4.889046e-01	5.235531e-01	2.232047e+00
726	4.650469e-01	5.313771e-01	2.587689e+00
727	7.688268e-01	5.091183e-01	2.698095e+00
728	4.889304e-01	7.257460e-01	1.896922e+00
729	4.834408e-01	4.100202e-01	1.212995e+00
730	6.723387e-01	5.181503e-01	1.502198e+00
731	4.809677e-01	5.170530e-01	2.614069e+00
732	3.877924e-01	4.209380e-01	2.880801e+00
733	4.654693e-01	5.094988e-01	1.956522e+00
734	5.215630e-01	4.071310e-01	2.745970e+00
735	1.474647e-01	9.514590e-01	1.179775e+00
736	4.147575e-01	5.046442e-01	1.935027e+00
737	4.575871e-01	5.203014e-01	1.975085e+00
738	4.843299e-01	5.259919e-01	1.067416e+00
739	4.246691e-01	4.818816e-01	2.024915e+00
740	3.185475e-01	2.901399e-01	2.810454e+00
741	4.405074e-01	5.702259e-01	2.428432e+00
742	4.944721e-01	5.320584e-01	1.957499e+00
743	4.203071e-01	6.715089e-01	2.306302e+00
744	5.026350e-01	5.190598e-01	2.557401e+00
745	4.711851e-01	5.320146e-01	1.243283e+00
746	4.950469e-01	5.297968e-01	2.429409e+00
747	4.629372e-01	5.268160e-01	2.523205e+00
748	5.102699e-01	8.161251e-01	2.842697e+00
749	4.796563e-01	5.250016e-01	2.247680e+00
750	4.675452e-01	5.196529e-01	2.000489e+00
751	4.639668e-01	5.091406e-01	2.446019e+00
752	4.803356e-01	5.342019e-01	2.360039e+00
753	6.395955e-01	6.062604e-01	2.567171e+00
754	4.653955e-01	5.184754e-01	2.415730e+00
755	5.011409e-01	5.220916e-01	1.989741e+00
756	4.712046e-01	5.239028e-01	2.908158e+00
757	5.634718e-01	3.157467e-01	2.731314e+00
758	4.808665e-01	5.192863e-01	2.544700e+00
759	4.793836e-01	5.214034e-01	2.890572e+00
760	4.829309e-01	5.233045e-01	1.654617e+00
761	4.753000e-01	5.324036e-01	1.008793e+00
762	4.664186e-01	5.323154e-01	1.260870e+00
763	5.429727e-01	5.939721e-01	1.347826e+00
764	4.853636e-01	5.339101e-01	1.325354e+00
765	4.671026e-01	5.069463e-01	1.420127e+00
766	3.707200e-01	7.271992e-01	2.845628e+00
767	4.608593e-01	5.087282e-01	1.853933e+00
768	4.811359e-01	5.375894e-01	1.303859e+00
769	4.232389e-01	4.631300e-01	1.294089e+00
770	1.643354e-01	6.818212e-01	1.675134e+00
771	5.114017e-01	5.373883e-01	2.417684e+00
772	4.783610e-01	5.277216e-01	2.053249e+00
773	4.736803e-01	5.089349e-01	1.276502e+00
774	2.735727e-01	4.040939e-01	2.779189e+00
775	6.408776e-01	6.455698e-01	1.984856e+00
776	6.588358e-01	4.404627e-01	2.295554e+00
777	4.862992e-01	5.137508e-01	1.652662e+00
778	4.751530e-01	5.419945e-01	2.464582e+00
779	4.807276e-01	5.170866e-01	1.763068e+00
780	4.841196e-01	4.742271e-01	2.026869e+00
781	3.420760e-01	4.518781e-01	1.160234e+00
782	7.486444e-01	3.922007e-01	2.302394e+00
783	4.636500e-01	5.273615e-01	1.384954e+00
784	5.022572e-01	5.452111e-01	2.598437e+00
785	4.102471e-01	5.593937e-01	2.130435e+00
786	4.589039e-01	5.217441e-01	1.690767e+00
787	5.031501e-01	5.145317e-01	1.940889e+00
788	4.794806e-01	5.408334e-01	2.099170e+00
