768
0	1.953489e-02	2.222694e-01	1.398632e+00
1	4.670144e-01	4.306416e-01	1.108451e+00
2	4.890835e-01	5.229095e-01	2.925745e+00
3	4.954447e-01	5.680808e-01	2.732291e+00
4	5.470876e-01	7.184712e-01	1.257938e+00
5	4.417073e-01	3.885866e-01	2.424524e+00
6	8.248389e-01	9.856225e-01	1.383000e+00
7	5.032951e-01	5.271856e-01	2.705911e+00
8	5.100563e-01	5.433686e-01	2.442110e+00
9	4.674564e-01	5.174321e-01	2.233024e+00
10	5.047757e-01	6.154616e-01	2.376649e+00
11	4.813005e-01	5.320144e-01	1.556913e+00
12	5.512227e-01	6.715737e-01	2.950171e+00
13	4.434631e-01	6.437977e-01	1.066439e+00
14	4.660070e-01	5.174327e-01	1.626282e+00
15	3.633791e-01	4.288785e-01	1.306790e+00
16	4.669090e-01	5.193222e-01	2.902296e+00
17	6.681632e-01	4.187957e-01	1.195408e+00
18	4.805066e-01	4.413848e-01	1.785540e+00
19	5.022659e-01	5.597479e-01	1.248168e+00
20	4.502080e-01	4.911033e-01	1.863703e+00
21	3.723168e-01	4.179643e-01	2.671715e+00
22	4.707893e-01	5.272371e-01	2.487054e+00
23	3.583053e-01	2.791297e-01	1.946751e+00
24	4.956214e-01	6.063798e-01	1.303859e+00
25	7.617023e-01	7.048526e-01	2.152907e+00
26	4.545214e-01	5.326752e-01	1.388862e+00
27	4.723945e-01	5.392838e-01	1.591109e+00
28	5.446130e-01	5.472443e-01	2.205667e+00
29	4.503044e-01	4.807808e-01	2.181241e+00
30	3.455007e-01	5.180838e-01	1.475818e+00
31	3.857221e-01	5.295943e-01	2.309233e+00
32	4.570313e-01	5.226208e-01	2.073766e+00
33	3.126008e-01	3.558329e-01	2.331705e+00
34	4.748437e-01	5.623010e-01	1.126038e+00
35	4.735682e-01	2.468022e-01	2.235955e+00
36	2.963687e-01	4.494704e-01	2.805569e+00
37	4.239641e-01	4.376937e-01	2.555447e+00
38	4.637335e-01	5.177625e-01	2.559355e+00
39	4.651157e-01	5.049327e-01	1.895945e+00
40	4.371983e-01	4.300583e-01	1.282364e+00
41	4.402830e-01	3.733445e-01	2.750855e+00
42	4.638225e-01	5.197870e-01	2.412799e+00
43	4.690343e-01	5.041541e-01	2.557401e+00
44	6.171766e-01	5.480270e-01	1.648754e+00
45	5.586427e-01	5.062326e-01	1.721055e+00
46	5.536802e-01	5.982228e-01	2.588666e+00
47	4.475679e-01	5.244928e-01	1.525647e+00
48	4.723031e-01	5.236104e-01	2.751832e+00
49	4.712983e-01	6.763068e-01	2.625794e+00
50	5.210530e-01	5.767742e-01	1.663410e+00
51	4.680111e-01	5.143759e-01	2.560332e+00
52	4.691530e-01	4.958568e-01	1.696629e+00
53	4.818343e-01	5.173379e-01	1.506106e+00
54	4.702962e-01	5.261418e-01	2.675623e+00
55	5.251890e-01	5.382279e-01	2.497802e+00
56	3.247331e-01	3.684403e-01	1.031265e+00
57	4.175738e-01	3.944602e-01	2.361993e+00
58	5.166860e-01	5.351496e-01	1.866634e+00
60	4.206691e-01	4.439301e-01	1.503175e+00
61	4.087789e-01	5.188889e-01	2.449927e+00
62	4.615822e-01	5.150389e-01	2.831949e+00
63	4.608037e-01	5.047035e-01	2.317049e+00
64	4.576708e-01	5.001590e-01	2.353200e+00
65	4.665552e-01	5.181392e-01	2.575965e+00
66	6.103788e-01	5.246042e-01	2.922814e+00
67	4.065736e-01	3.883740e-01	2.289692e+00
68	4.125258e-01	4.646862e-01	2.766488e+00
69	5.100506e-01	5.134047e-01	1.522716e+00
70	3.800490e-01	4.861466e-01	2.769419e+00
71	4.681446e-01	5.319871e-01	1.110405e+00
72	4.676150e-01	5.602783e-01	1.412311e+00
73	5.235445e-01	2.711190e-01	1.951637e+00
74	3.619741e-01	5.654716e-01	1.449438e+00
75	4.442596e-01	5.724501e-01	2.176356e+00
76	3.820148e-01	4.666480e-01	1.212995e+00
77	4.487899e-01	5.282336e-01	1.872496e+00
78	4.646659e-01	5.127911e-01	1.606742e+00
79	6.282392e-01	5.413647e-01	1.183683e+00
80	3.978129e-01	4.713450e-01	2.736199e+00
81	4.673236e-01	5.178888e-01	1.617489e+00
82	4.261150e-01	4.795141e-01	2.456766e+00
83	4.376444e-01	4.167091e-01	1.406448e+00
84	4.889395e-01	7.115878e-01	2.453835e+00
85	4.728277e-01	5.174733e-01	2.712750e+00
86	4.669515e-01	5.195894e-01	2.877870e+00
87	4.027607e-01	4.227466e-01	1.533464e+00
88	5.923507e-01	6.485545e-01	2.169516e+00
89	4.888246e-01	7.037981e-01	2.483146e+00
90	4.813842e-01	5.494723e-01	1.538349e+00
91	4.735630e-01	5.096443e-01	1.117245e+00
92	4.622682e-01	4.829822e-01	2.709819e+00
93	5.048720e-01	5.124449e-01	2.929653e+00
94	6.066423e-01	5.302589e-01	2.125550e+00
95	5.675515e-01	4.939903e-01	2.148999e+00
96	4.899625e-01	5.140993e-01	1.206155e+00
98	4.757355e-01	5.301460e-01	1.997557e+00
99	5.025291e-01	5.862927e-01	1.753298e+00
100	4.686739e-01	4.896735e-01	1.491451e+00
101	4.688512e-01	5.175920e-01	2.381534e+00
102	4.668293e-01	5.109599e-01	1.837323e+00
103	5.484072e-01	5.405230e-01	2.723498e+00
104	4.780740e-01	7.267712e-01	1.216903e+00
105	4.685651e-01	5.546576e-01	1.385931e+00
107	4.529271e-01	5.290561e-01	1.887152e+00
108	4.886075e-01	7.087328e-01	1.869565e+00
109	4.255899e-01	5.268873e-01	2.657059e+00
110	4.312302e-01	5.762000e-01	1.905716e+00
111	4.355884e-01	5.341115e-01	2.319980e+00
113	3.422491e-01	7.822493e-01	1.155349e+00
114	4.744525e-01	5.444079e-01	1.261847e+00
115	5.236162e-01	6.469392e-01	1.308745e+00
116	5.376059e-01	3.742930e-01	1.148510e+00
117	4.371279e-01	4.880147e-01	1.865657e+00
118	4.330791e-01	4.711669e-01	2.988276e+00
119	5.562967e-01	5.632298e-01	1.479726e+00
120	4.624222e-01	5.043612e-01	2.095261e+00
121	5.432483e-01	5.625774e-01	2.442110e+00
122	2.364137e-01	4.726762e-01	1.070347e+00
123	4.860182e-01	5.457150e-01	1.417196e+00
124	4.764022e-01	5.322029e-01	2.817294e+00
126	4.592271e-01	5.423810e-01	2.738153e+00
127	5.341811e-01	5.717807e-01	2.338544e+00
128	5.559547e-01	8.801642e-01	1.282364e+00
129	4.433650e-01	5.185500e-01	2.676600e+00
130	5.420359e-01	8.643733e-01	2.443087e+00
132	2.459811e-01	3.980309e-01	1.220811e+00
133	5.924659e-01	3.184472e-01	2.407914e+00
134	5.621305e-01	5.611354e-01	2.277968e+00
135	4.902199e-01	5.073793e-01	2.409868e+00
136	4.781497e-01	5.280145e-01	2.083537e+00
137	4.325454e-01	5.391604e-01	2.286761e+00
138	7.026766e-01	1.328864e-01	1.194431e+00
139	4.632704e-01	5.040186e-01	2.818271e+00
140	3.686104e-01	4.131322e-01	2.827064e+00
141	4.426217e-01	5.102457e-01	1.684905e+00
142	4.609314e-01	5.062149e-01	1.999511e+00
143	4.583796e-01	5.126646e-01	1.956522e+00
144	4.425677e-01	5.429844e-01	2.323889e+00
145	4.059900e-01	5.533853e-01	2.501710e+00
146	2.603746e-01	4.759479e-01	2.395213e+00
147	4.925542e-01	4.439699e-01	2.719590e+00
148	4.660714e-01	5.193092e-01	2.937469e+00
149	4.157458e-01	4.811953e-01	2.803615e+00
150	4.591457e-01	4.381307e-01	1.794333e+00
151	4.447542e-01	5.150077e-01	2.611138e+00
152	4.840115e-01	5.177698e-01	1.724963e+00
153	4.978121e-01	5.326088e-01	1.983879e+00
154	4.706340e-01	5.206185e-01	2.181241e+00
155	5.565829e-01	5.178676e-01	1.295066e+00
156	5.352095e-01	6.080391e-01	1.970200e+00
157	4.879122e-01	4.992423e-01	2.387396e+00
158	5.541105e-01	3.867334e-01	2.386419e+00
159	2.963612e-01	5.541149e-01	2.647289e+00
160	4.606435e-01	5.029711e-01	1.686859e+00
161	4.442954e-01	5.080675e-01	1.553981e+00
162	4.934008e-01	5.358877e-01	1.764045e+00
163	6.793324e-01	5.834585e-01	1.632145e+00
164	4.676127e-01	5.181166e-01	1.235467e+00
165	4.631902e-01	5.120739e-01	2.251588e+00
166	4.660924e-01	5.498660e-01	1.751343e+00
167	4.129501e-01	5.937661e-01	1.715193e+00
168	4.649112e-01	5.138367e-01	2.109917e+00
169	4.084024e-01	4.739486e-01	2.137274e+00
170	4.767967e-01	6.207451e-01	2.099170e+00
171	5.092854e-01	5.575023e-01	2.057157e+00
172	4.464309e-01	5.111648e-01	2.246702e+00
173	4.759363e-01	4.834315e-01	1.894968e+00
174	3.623288e-01	4.904775e-01	2.453835e+00
175	4.474160e-01	4.871425e-01	2.834880e+00
176	4.069420e-01	4.658529e-01	2.215437e+00
177	4.663720e-01	5.082006e-01	2.153884e+00
178	4.585932e-01	5.224159e-01	2.475330e+00
179	5.662253e-01	6.006507e-01	1.274548e+00
180	4.988499e-01	5.451309e-01	2.127504e+00
181	4.683506e-01	4.929749e-01	1.790425e+00
182	6.215689e-01	6.585049e-01	1.736688e+00
183	5.681946e-01	4.753633e-01	1.692721e+00
184	5.709444e-01	6.168160e-01	2.042501e+00
185	4.700865e-01	3.563758e-01	1.468979e+00
186	4.580926e-01	5.186703e-01	1.784563e+00
188	4.476909e-01	4.482900e-01	1.839277e+00
189	4.772190e-01	5.120245e-01	1.175867e+00
190	4.576425e-01	6.029027e-01	2.807523e+00
191	4.130519e-01	5.992043e-01	2.811431e+00
192	5.448053e-01	4.909903e-01	1.192477e+00
193	6.595261e-01	2.928729e-01	1.620420e+00
194	5.239030e-01	4.297389e-01	2.624817e+00
195	4.658643e-01	5.272328e-01	2.806546e+00
196	4.298934e-01	4.255753e-01	1.763068e+00
197	1.941349e-01	3.814773e-01	2.060088e+00
198	7.140908e-01	3.869094e-01	2.458720e+00
199	4.241171e-01	4.644490e-01	2.463605e+00
200	4.143563e-01	2.607556e-01	1.141671e+00
201	4.747468e-01	5.070596e-01	1.146556e+00
202	4.443405e-01	4.254285e-01	1.395701e+00
203	5.527668e-01	4.838323e-01	1.755252e+00
204	4.741576e-01	5.335324e-01	2.901319e+00
205	5.120487e-01	6.231873e-01	2.123596e+00
206	4.311344e-01	2.771748e-01	1.652662e+00
207	4.907764e-01	5.437590e-01	1.199316e+00
208	4.791625e-01	5.562308e-01	2.170493e+00
209	2.403057e-01	4.133132e-01	2.733268e+00
210	3.541253e-01	3.930720e-01	1.545188e+00
211	4.591754e-01	4.795573e-01	1.376160e+00
212	4.526667e-01	5.029875e-01	1.621397e+00
213	4.612385e-01	5.218716e-01	1.883244e+00
214	4.527522e-01	4.960618e-01	1.612604e+00
215	4.702214e-01	4.983015e-01	2.909135e+00
216	4.744541e-01	5.256919e-01	1.354665e+00
217	4.478085e-01	5.091433e-01	2.770396e+00
218	4.817167e-01	4.901305e-01	2.148999e+00
219	4.364951e-01	4.813493e-01	2.624817e+00
220	5.609566e-01	5.181984e-01	2.697118e+00
221	4.770018e-01	5.116829e-01	1.938935e+00
222	6.304999e-01	5.316035e-01	1.854910e+00
223	5.282327e-01	5.621971e-01	2.625794e+00
224	4.689796e-01	7.943068e-01	2.984367e+00
225	5.194427e-01	5.878443e-01	2.693210e+00
226	4.717299e-01	5.312558e-01	2.276014e+00
227	4.302825e-01	5.058748e-01	1.245237e+00
228	4.742369e-01	5.167236e-01	1.489497e+00
229	4.721026e-01	5.099127e-01	2.305325e+00
230	4.702601e-01	5.325375e-01	2.689301e+00
231	4.747964e-01	5.644637e-01	1.346849e+00
232	4.960041e-01	5.551168e-01	2.447973e+00
233	4.701008e-01	5.265264e-01	1.591109e+00
234	5.196903e-01	4.651285e-01	1.931119e+00
235	4.727989e-01	5.532604e-01	2.687347e+00
236	4.669224e-01	5.189263e-01	2.787982e+00
237	4.636033e-01	5.064526e-01	1.510015e+00
238	4.667035e-01	4.917329e-01	2.193942e+00
239	4.620428e-01	4.903686e-01	2.918906e+00
240	4.937905e-01	5.703289e-01	1.734734e+00
241	4.179930e-01	4.698397e-01	1.119199e+00
242	5.005278e-01	5.329719e-01	1.631168e+00
243	4.547332e-01	5.737378e-01	1.258915e+00
244	4.132807e-01	4.649843e-01	2.458720e+00
245	4.333953e-01	4.959995e-01	2.134343e+00
246	4.680720e-01	5.162230e-01	2.662921e+00
247	4.552031e-01	4.964713e-01	2.924768e+00
248	3.948439e-01	4.659380e-01	2.983390e+00
250	8.107556e-01	9.104803e-01	2.763556e+00
251	7.463639e-01	7.958779e-01	2.374695e+00
252	5.510855e-01	4.580081e-01	1.703468e+00
253	4.685389e-01	4.649641e-01	1.246214e+00
254	4.939309e-01	5.725373e-01	2.925745e+00
255	4.875396e-01	5.321287e-01	1.857841e+00
256	4.766227e-01	5.322538e-01	2.601368e+00
257	4.928309e-01	5.507348e-01	2.413776e+00
258	4.514028e-01	5.001264e-01	2.569126e+00
259	4.148154e-01	4.087271e-01	1.865657e+00
260	4.650278e-01	5.186082e-01	2.574988e+00
261	4.681292e-01	4.868875e-01	1.598925e+00
262	6.210036e-01	5.023084e-01	2.264289e+00
263	5.738766e-01	6.582613e-01	1.176844e+00
264	6.028070e-01	5.727012e-01	1.061553e+00
265	4.705245e-01	5.181732e-01	2.526136e+00
266	4.859553e-01	5.369798e-01	1.928188e+00
267	4.238320e-01	5.048036e-01	2.006351e+00
268	4.934528e-01	5.485142e-01	1.041036e+00
269	2.264804e-01	4.593188e-01	1.793356e+00
270	5.238142e-01	6.015541e-01	1.860772e+00
271	3.609230e-01	3.652306e-01	1.389839e+00
272	4.611497e-01	5.156503e-01	1.052760e+00
273	4.108655e-01	4.195147e-01	1.156326e+00
274	2.724979e-01	3.679430e-01	1.981925e+00
275	5.398151e-01	6.577027e-01	2.256473e+00
276	4.323486e-01	4.861425e-01	2.368832e+00
277	4.378411e-01	5.256806e-01	2.024915e+00
279	4.387358e-01	4.264926e-01	1.348803e+00
280	4.362704e-01	3.019433e-01	2.472399e+00
281	5.956241e-01	4.728295e-01	2.288715e+00
282	4.340159e-01	4.041384e-01	2.745970e+00
283	4.758902e-01	4.726069e-01	2.490962e+00
284	2.862076e-01	4.448579e-01	2.515388e+00
285	3.328730e-01	4.306773e-01	1.545188e+00
286	4.443760e-01	5.163659e-01	2.662921e+00
287	4.178178e-01	4.694072e-01	2.264289e+00
288	4.507710e-01	4.403596e-01	2.905227e+00
289	6.093956e-01	5.690222e-01	1.058622e+00
290	5.016825e-01	4.738514e-01	2.152907e+00
291	8.103356e-01	9.679329e-01	2.784074e+00
292	4.722041e-01	5.250779e-01	2.445042e+00
293	6.387278e-01	8.598293e-01	2.852467e+00
294	4.680144e-01	4.333536e-01	2.070835e+00
295	5.184096e-01	5.130541e-01	1.406448e+00
296	3.772275e-01	3.122970e-01	1.751343e+00
297	5.045500e-01	4.766352e-01	2.077675e+00
298	6.104279e-01	5.866494e-01	1.601856e+00
299	4.803388e-01	5.165838e-01	2.048363e+00
300	4.548866e-01	4.434259e-01	2.781143e+00
301	4.650902e-01	5.215294e-01	2.779189e+00
302	5.006975e-01	5.803578e-01	2.617978e+00
303	5.939986e-01	6.542343e-01	1.698583e+00
304	4.640994e-01	4.238365e-01	1.948705e+00
305	4.504668e-01	4.895329e-01	1.416219e+00
306	7.611762e-01	2.603328e-01	1.745481e+00
307	4.736655e-01	5.252143e-01	2.291646e+00
308	6.338814e-01	8.663364e-01	1.868588e+00
309	4.851130e-01	5.403526e-01	2.511480e+00
310	4.513420e-01	4.730408e-01	2.596483e+00
311	4.978103e-01	5.335410e-01	2.855398e+00
312	4.801455e-01	5.545156e-01	1.312653e+00
313	4.200523e-01	4.444152e-01	1.787494e+00
314	4.704987e-01	5.236773e-01	2.252565e+00
315	4.496542e-01	4.092356e-01	1.978017e+00
316	4.861363e-01	4.703320e-01	2.965804e+00
317	4.710415e-01	5.182153e-01	2.221299e+00
318	4.835948e-01	4.554756e-01	1.701514e+00
319	4.219907e-01	4.482584e-01	1.135809e+00
320	4.299064e-01	5.062165e-01	2.997069e+00
322	4.676073e-01	5.286655e-01	2.362970e+00
323	4.658482e-01	4.880611e-01	2.553493e+00
324	4.670196e-01	5.557333e-01	1.347826e+00
325	5.153931e-01	7.795599e-01	2.896434e+00
326	4.639910e-01	5.247714e-01	1.857841e+00
327	5.470830e-01	5.368485e-01	1.669272e+00
328	4.484868e-01	5.174713e-01	1.726917e+00
329	4.970223e-01	5.704960e-01	2.604299e+00
330	4.783009e-01	5.035037e-01	2.089399e+00
331	4.902637e-01	5.377565e-01	1.552027e+00
332	4.066173e-01	4.643487e-01	1.769907e+00
333	4.826460e-01	5.550894e-01	1.382022e+00
334	4.167601e-01	4.422482e-01	2.510503e+00
335	4.603274e-01	4.857875e-01	1.640938e+00
336	4.573271e-01	5.117930e-01	2.933561e+00
337	5.892738e-01	5.235770e-01	1.033219e+00
338	4.744468e-01	4.772802e-01	1.408403e+00
339	4.575050e-01	4.972916e-01	2.767465e+00
340	4.720134e-01	5.452978e-01	1.526624e+00
341	3.924571e-01	4.662969e-01	1.456277e+00
342	4.760165e-01	5.373765e-01	1.054714e+00
343	5.135167e-01	4.957713e-01	2.601368e+00
344	5.017531e-01	7.613852e-01	2.193942e+00
346	4.611127e-01	5.087763e-01	1.564729e+00
347	4.663750e-01	5.213707e-01	1.679043e+00
348	5.178738e-01	4.581066e-01	2.034685e+00
349	4.490399e-01	5.053598e-01	2.564240e+00
350	4.427730e-01	3.723788e-01	2.311187e+00
351	4.189603e-01	4.182935e-01	1.297997e+00
352	4.575150e-01	4.972465e-01	2.873962e+00
353	3.768099e-01	5.690604e-01	2.202736e+00
354	4.663369e-01	5.199033e-01	2.653151e+00
355	5.917339e-01	4.936247e-01	2.461651e+00
356	4.573971e-01	4.925633e-01	1.679043e+00
357	4.607773e-01	4.568019e-01	2.991207e+00
358	3.186240e-01	4.415629e-01	2.857352e+00
359	5.298846e-01	6.098725e-01	1.913532e+00
360	4.460826e-01	3.838113e-01	1.216903e+00
361	6.767208e-01	6.639516e-01	1.214949e+00
362	4.946504e-01	4.401426e-01	1.005862e+00
363	4.657696e-01	5.101690e-01	2.227162e+00
364	4.614280e-01	5.123285e-01	1.723009e+00
366	5.351772e-01	5.605497e-01	1.692721e+00
367	4.597753e-01	5.044314e-01	1.154372e+00
368	4.534932e-01	4.860116e-01	1.851001e+00
369	4.631742e-01	5.220007e-01	2.418661e+00
370	4.082839e-01	5.565078e-01	1.874450e+00
371	5.413551e-01	4.652634e-01	1.591109e+00
372	4.729531e-01	5.221781e-01	2.199805e+00
373	5.218035e-01	6.804818e-01	2.208598e+00
374	5.498201e-01	5.853916e-01	1.322423e+00
375	3.038451e-01	4.023706e-01	2.361016e+00
376	5.324449e-01	4.063119e-01	1.815828e+00
377	4.650780e-01	5.194804e-01	1.328285e+00
378	4.789560e-01	5.286179e-01	1.883244e+00
379	5.739789e-01	7.113721e-01	1.599902e+00
380	2.870718e-01	2.714728e-01	2.343429e+00
381	5.098578e-01	5.410001e-01	1.835369e+00
383	4.279552e-01	5.476610e-01	1.698583e+00
384	4.736454e-01	7.347903e-01	2.761602e+00
385	4.032915e-01	8.778966e-01	1.961407e+00
386	4.794259e-01	4.260147e-01	2.449927e+00
387	4.308680e-01	4.553668e-01	2.669761e+00
388	3.812082e-01	5.802226e-01	2.597460e+00
389	4.612275e-01	5.131075e-01	2.960918e+00
390	4.608362e-01	4.833178e-01	1.655594e+00
391	4.748494e-01	5.327827e-01	2.572057e+00
392	4.416516e-01	4.896450e-01	1.234489e+00
393	4.452352e-01	5.427812e-01	1.607719e+00
394	4.707413e-01	5.172373e-01	2.643381e+00
395	6.962446e-01	3.811190e-01	1.233512e+00
397	6.006027e-01	3.554626e-01	1.083048e+00
398	5.713110e-01	7.486821e-01	2.453835e+00
399	3.929728e-01	4.943352e-01	2.169516e+00
400	4.528791e-01	4.627962e-01	1.634099e+00
401	5.283226e-01	2.863060e-01	1.314607e+00
402	4.762792e-01	5.469405e-01	2.292623e+00
403	4.408998e-01	3.150162e-01	1.759160e+00
404	4.263074e-01	4.603698e-01	2.942355e+00
405	5.331071e-01	6.172978e-01	1.358574e+00
406	4.462687e-01	4.794563e-01	1.474841e+00
407	4.441723e-01	2.618271e-01	2.850513e+00
408	6.365269e-01	3.851186e-01	2.543723e+00
409	4.789965e-01	5.144839e-01	1.170005e+00
410	5.286836e-01	5.289338e-01	2.011236e+00
411	4.928567e-01	4.741204e-01	2.982413e+00
412	6.518117e-01	2.811961e-01	1.578407e+00
413	4.451181e-01	3.872667e-01	2.904250e+00
414	4.688739e-01	5.185834e-01	2.948217e+00
415	4.652060e-01	5.189560e-01	1.856864e+00
416	4.796567e-01	5.383779e-01	1.780655e+00
417	4.362829e-01	5.103999e-01	1.223742e+00
418	4.580335e-01	4.867219e-01	2.928676e+00
419	4.894159e-01	5.283516e-01	1.055691e+00
420	4.871190e-01	4.948310e-01	2.823156e+00
421	4.625545e-01	5.209318e-01	2.886663e+00
422	4.899838e-01	5.230269e-01	1.391793e+00
423	5.515738e-01	7.457182e-01	1.467025e+00
424	4.561020e-01	4.651521e-01	1.512946e+00
425	5.351217e-01	6.476858e-01	1.960430e+00
426	5.325647e-01	6.497905e-01	2.254519e+00
427	4.067868e-01	3.916902e-01	2.899365e+00
428	4.420075e-01	5.238542e-01	1.247191e+00
429	4.838621e-01	5.279681e-01	1.802149e+00
430	4.730913e-01	5.112833e-01	1.663410e+00
431	5.401794e-01	6.595632e-01	2.556424e+00
432	1.807821e-01	2.766150e-01	2.947240e+00
433	4.603291e-01	5.026540e-01	2.475330e+00
434	4.703337e-01	5.090724e-01	2.923791e+00
435	4.782277e-01	6.979578e-01	2.906204e+00
437	4.788804e-01	5.835816e-01	2.476307e+00
438	3.762728e-01	5.733593e-01	2.065950e+00
439	4.715850e-01	5.178813e-01	1.983879e+00
440	5.941271e-01	5.558705e-01	1.637030e+00
441	6.075952e-01	6.461534e-01	1.338056e+00
442	5.945707e-01	4.986824e-01	2.406937e+00
443	7.282607e-01	5.248767e-01	1.422081e+00
444	3.799357e-01	4.398855e-01	2.956033e+00
445	4.734013e-01	5.097192e-01	2.601368e+00
446	2.909296e-01	2.808176e-01	1.846116e+00
447	4.572844e-01	4.954036e-01	1.264778e+00
448	4.854113e-01	5.430188e-01	1.119199e+00
449	4.943946e-01	5.484708e-01	1.956522e+00
450	6.158908e-01	2.560441e-01	2.971666e+00
451	4.694772e-01	5.234008e-01	2.149976e+00
452	4.664164e-01	4.643537e-01	1.574499e+00
453	6.276993e-01	6.716557e-01	1.775769e+00
455	4.328516e-01	4.637222e-01	2.984367e+00
456	4.529024e-01	4.847431e-01	1.577430e+00
457	4.390327e-01	5.063295e-01	2.955056e+00
458	4.757888e-01	4.900029e-01	2.865169e+00
459	6.102219e-01	6.635371e-01	1.672203e+00
461	5.379734e-01	6.445695e-01	2.513434e+00
462	4.957454e-01	5.528916e-01	1.853933e+00
463	5.206835e-01	5.603535e-01	2.858329e+00
464	3.984442e-01	4.299357e-01	1.574499e+00
465	5.217124e-01	4.978599e-01	1.432829e+00
466	4.753090e-01	5.144563e-01	1.500244e+00
467	5.706873e-01	6.270648e-01	1.323400e+00
468	4.568400e-01	5.278946e-01	2.147044e+00
469	4.863556e-01	5.155694e-01	2.698095e+00
470	4.841528e-01	5.428476e-01	1.364436e+00
471	4.479598e-01	3.979144e-01	2.076698e+00
472	4.749405e-01	5.172807e-01	2.011236e+00
473	3.502841e-01	4.456014e-01	1.215926e+00
474	4.600663e-01	5.076029e-01	2.299463e+00
475	5.280718e-01	4.943711e-01	1.683928e+00
476	4.489453e-01	5.182147e-01	2.081583e+00
477	5.116957e-01	5.614944e-01	2.350269e+00
478	5.698395e-01	4.770736e-01	2.728383e+00
479	5.248005e-01	6.760160e-01	1.194431e+00
480	5.142241e-01	6.549584e-01	2.515388e+00
481	5.157877e-01	5.967977e-01	1.865657e+00
482	2.889064e-01	3.231563e-01	1.802149e+00
483	4.718518e-01	5.088824e-01	1.367367e+00
484	4.321224e-01	4.256965e-01	1.148510e+00
485	5.399492e-01	6.092756e-01	2.427455e+00
486	5.327178e-01	4.674436e-01	2.196873e+00
487	3.943552e-01	5.661462e-01	2.386419e+00
488	4.334952e-01	4.638304e-01	1.294089e+00
489	4.160877e-01	4.189682e-01	1.687836e+00
490	4.417926e-01	4.732782e-01	1.146556e+00
491	5.443415e-01	4.257088e-01	1.597948e+00
492	4.870164e-01	4.839588e-01	2.412799e+00
493	5.338844e-01	6.662535e-01	1.227650e+00
494	4.228735e-01	3.731267e-01	2.522228e+00
495	4.556245e-01	4.682791e-01	1.437714e+00
496	4.852583e-01	5.865892e-01	1.523693e+00
497	3.526976e-01	5.524160e-01	1.221788e+00
498	4.578018e-01	5.024927e-01	1.652662e+00
499	5.009190e-01	6.519261e-01	1.269663e+00
500	4.664386e-01	5.252724e-01	2.967758e+00
501	4.727397e-01	5.106992e-01	2.546654e+00
502	4.857909e-01	4.806948e-01	1.818759e+00
503	4.642843e-01	4.692704e-01	1.919394e+00
504	4.801469e-01	5.255848e-01	2.563263e+00
505	5.768164e-01	6.267409e-01	1.451392e+00
506	4.657603e-01	4.302944e-01	1.718124e+00
507	4.730843e-01	5.240411e-01	1.207132e+00
508	4.787670e-01	5.304945e-01	1.236444e+00
509	4.258338e-01	5.607122e-01	2.622863e+00
510	5.218616e-01	3.786224e-01	2.549585e+00
511	4.683186e-01	5.108959e-01	2.966781e+00
512	2.951673e-01	3.896895e-01	2.395213e+00
513	4.357730e-01	5.481120e-01	1.534441e+00
514	5.899200e-01	6.092886e-01	1.550073e+00
515	4.865320e-01	5.847836e-01	1.610650e+00
516	3.447958e-01	7.059959e-01	1.612604e+00
517	4.835481e-01	5.040181e-01	1.086957e+00
518	5.566495e-01	4.912292e-01	2.282853e+00
519	4.674420e-01	8.495817e-01	1.573522e+00
520	4.671023e-01	4.974920e-01	2.497802e+00
521	4.445460e-01	5.159564e-01	1.752320e+00
523	4.663248e-01	5.157674e-01	1.209086e+00
524	4.245268e-01	4.318741e-01	2.755740e+00
525	5.221048e-01	4.195336e-01	1.499267e+00
526	4.492822e-01	5.175279e-01	1.014656e+00
527	4.369731e-01	4.645086e-01	2.891549e+00
528	4.544258e-01	5.012984e-01	2.478261e+00
529	4.639285e-01	4.699084e-01	1.898876e+00
530	4.662503e-01	5.378870e-01	1.188569e+00
531	4.338298e-01	4.700291e-01	2.785051e+00
532	4.588282e-01	5.221369e-01	2.945286e+00
533	4.193898e-01	3.730986e-01	2.458720e+00
534	5.037625e-01	3.653973e-01	2.673669e+00
535	4.666439e-01	5.340312e-01	1.399609e+00
536	4.832601e-01	5.834712e-01	2.604299e+00
537	4.641928e-01	5.134736e-01	1.529555e+00
538	4.708581e-01	5.208371e-01	2.823156e+00
539	4.133213e-01	4.836360e-01	2.826087e+00
540	4.445896e-01	4.648846e-01	2.844651e+00
541	4.319389e-01	4.482898e-01	2.290669e+00
542	4.264466e-01	5.074388e-01	2.570103e+00
543	4.906466e-01	5.380658e-01	2.396190e+00
544	4.045391e-01	5.663801e-01	1.318515e+00
545	4.945004e-01	5.205140e-01	2.605276e+00
546	4.800243e-01	4.184080e-01	2.683439e+00
547	4.731820e-01	3.932064e-01	1.587201e+00
548	3.792528e-01	3.633047e-01	1.375183e+00
549	4.238182e-01	5.114385e-01	2.298486e+00
550	4.596898e-01	6.988074e-01	1.285296e+00
551	4.633072e-01	5.125957e-01	2.983390e+00
552	5.350641e-01	5.855342e-01	1.195408e+00
553	4.429107e-01	5.156819e-01	2.414753e+00
554	6.442484e-01	5.311845e-01	1.843185e+00
555	4.712853e-01	4.283446e-01	2.396190e+00
556	5.038565e-01	4.301679e-01	3.000000e+00
557	4.486079e-01	5.181044e-01	2.728383e+00
559	4.480588e-01	4.921226e-01	1.944797e+00
560	4.737643e-01	3.561031e-01	2.883732e+00
561	4.875734e-01	5.302583e-01	2.383488e+00
562	4.837016e-01	3.682440e-01	2.506595e+00
563	4.764800e-01	5.137057e-01	1.786517e+00
564	4.011842e-01	5.134694e-01	2.893503e+00
565	4.741236e-01	5.207761e-01	2.981436e+00
566	4.499032e-01	5.110170e-01	2.663898e+00
567	4.680990e-01	5.253917e-01	2.227162e+00
568	4.549533e-01	5.200998e-01	1.527601e+00
569	5.074626e-01	6.611050e-01	2.610161e+00
570	3.491570e-01	5.165644e-01	1.058622e+00
571	4.943560e-01	5.583384e-01	2.782120e+00
573	4.566023e-01	5.207116e-01	2.109917e+00
574	4.824053e-01	5.456426e-01	2.074744e+00
575	4.732461e-01	4.921945e-01	2.319003e+00
576	4.616191e-01	5.285899e-01	1.290181e+00
577	4.109899e-01	4.328327e-01	1.286273e+00
578	4.658612e-01	5.388699e-01	1.881290e+00
579	4.655997e-01	5.092777e-01	1.664387e+00
580	2.584848e-01	1.184876e-01	1.242306e+00
581	4.753972e-01	4.818602e-01	1.927211e+00
582	4.657317e-01	5.246183e-01	2.820225e+00
583	4.315296e-01	3.787507e-01	2.792868e+00
584	5.291343e-01	4.910051e-01	1.201270e+00
585	4.416061e-01	4.811641e-01	1.898876e+00
586	4.722745e-01	5.141721e-01	1.782609e+00
587	4.716019e-01	5.077127e-01	1.561798e+00
588	4.674043e-01	5.137563e-01	2.282853e+00
589	4.183961e-01	4.520261e-01	2.210552e+00
590	4.196085e-01	4.692604e-01	1.020518e+00
591	4.067370e-01	4.515708e-01	1.784563e+00
592	4.706400e-01	5.146826e-01	1.275525e+00
593	4.751838e-01	4.937682e-01	1.212995e+00
594	4.800821e-01	4.560977e-01	2.964827e+00
595	4.566718e-01	5.144639e-01	2.079629e+00
596	3.146042e-01	6.932952e-01	1.187592e+00
597	4.655643e-01	5.130345e-01	1.258915e+00
598	4.805506e-01	4.506218e-01	1.999511e+00
599	4.616814e-01	5.092199e-01	1.264778e+00
600	4.698727e-01	5.179271e-01	1.110405e+00
601	2.880878e-01	2.998511e-01	1.107474e+00
602	5.474138e-01	5.307484e-01	1.070347e+00
603	4.551128e-01	5.161159e-01	2.400098e+00
604	4.953536e-01	5.573180e-01	2.871031e+00
605	4.708948e-01	5.224864e-01	2.739130e+00
606	4.576418e-01	5.286575e-01	2.061065e+00
607	3.037162e-01	3.793236e-01	1.073278e+00
608	4.117544e-01	4.689893e-01	2.799707e+00
609	4.182087e-01	4.686133e-01	2.010259e+00
610	5.431474e-01	5.487498e-01	1.700537e+00
611	4.593817e-01	4.974282e-01	1.339033e+00
612	4.515067e-01	4.856068e-01	2.227162e+00
613	5.121320e-01	7.508935e-01	2.482169e+00
614	4.579235e-01	5.405347e-01	2.958964e+00
615	4.426504e-01	5.849434e-01	1.443576e+00
616	4.375906e-01	4.002523e-01	2.381534e+00
617	4.086634e-01	3.490547e-01	1.971177e+00
618	4.593740e-01	4.945969e-01	2.960918e+00
619	5.645325e-01	9.116787e-01	1.812897e+00
620	5.249699e-01	5.496817e-01	1.170982e+00
621	4.490780e-01	4.977496e-01	1.277479e+00
622	3.687010e-01	7.059796e-01	1.176844e+00
623	4.756451e-01	4.297913e-01	1.636053e+00
624	5.880723e-01	5.620992e-01	2.336590e+00
625	5.145374e-01	5.032616e-01	1.343918e+00
626	4.777524e-01	5.006390e-01	1.905716e+00
627	4.673253e-01	5.203624e-01	1.784563e+00
628	4.815966e-01	5.181613e-01	2.063996e+00
629	4.534340e-01	5.156111e-01	2.497802e+00
630	4.905923e-01	5.602672e-01	2.870054e+00
631	4.234752e-01	4.177066e-01	1.729849e+00
632	3.714442e-01	3.428751e-01	2.290669e+00
633	4.712076e-01	5.176187e-01	2.841720e+00
634	4.669477e-01	5.250838e-01	2.195896e+00
635	4.108130e-01	4.913146e-01	1.601856e+00
636	4.358415e-01	4.591424e-01	2.449927e+00
637	4.808952e-01	5.168419e-01	1.462140e+00
638	4.669788e-01	5.190466e-01	2.041524e+00
639	4.672162e-01	5.186650e-01	2.061065e+00
640	4.564999e-01	5.095472e-01	2.130435e+00
641	5.083069e-01	5.772137e-01	2.205667e+00
642	4.743345e-01	5.310028e-01	2.184172e+00
643	4.274054e-01	5.780419e-01	2.747924e+00
644	5.537569e-01	5.366965e-01	2.909135e+00
645	4.671788e-01	5.109655e-01	2.777235e+00
646	5.425166e-01	5.511271e-01	1.295066e+00
647	5.223777e-01	4.381461e-01	1.050806e+00
648	4.982632e-01	6.366481e-01	1.191500e+00
649	4.604222e-01	5.248753e-01	1.198339e+00
650	4.954139e-01	5.192905e-01	2.656082e+00
651	4.935974e-01	5.148319e-01	1.692721e+00
652	7.778756e-01	6.458256e-01	2.330728e+00
653	4.614345e-01	5.057263e-01	1.906693e+00
654	4.496359e-01	4.897616e-01	2.192965e+00
655	4.647077e-01	5.582700e-01	1.200293e+00
656	4.812778e-01	5.328289e-01	2.361016e+00
657	4.747333e-01	5.414693e-01	2.080606e+00
658	4.721240e-01	5.099351e-01	2.017098e+00
659	5.177775e-01	4.702169e-01	2.191011e+00
660	4.468586e-01	2.435245e-01	1.667318e+00
661	4.011868e-01	3.183118e-01	2.229116e+00
662	5.818446e-01	7.483200e-01	1.188569e+00
663	5.222870e-01	5.345479e-01	2.714704e+00
664	4.222682e-01	4.463579e-01	1.979971e+00
665	5.591026e-01	5.434974e-01	2.954079e+00
666	8.445606e-01	7.100560e-01	1.803127e+00
667	4.178708e-01	4.971117e-01	1.039082e+00
668	5.645600e-01	8.347399e-01	1.893014e+00
669	3.636443e-01	4.079432e-01	1.778701e+00
670	2.263157e-01	1.961687e-01	1.807035e+00
671	5.027349e-01	5.627052e-01	1.102589e+00
672	5.106574e-01	3.943420e-01	1.879336e+00
673	4.168469e-01	4.749607e-01	1.984856e+00
674	4.661007e-01	5.193989e-01	2.238886e+00
675	4.869586e-01	5.446662e-01	2.868100e+00
676	4.529502e-01	5.175434e-01	2.748901e+00
677	2.498144e-01	4.923128e-01	1.578407e+00
678	4.706826e-01	5.136806e-01	1.621397e+00
679	4.702220e-01	5.173116e-01	2.657059e+00
680	4.762843e-01	5.281065e-01	2.404983e+00
681	4.648702e-01	4.625674e-01	2.272106e+00
682	5.081886e-01	5.429840e-01	1.463117e+00
683	4.601641e-01	4.991247e-01	2.316072e+00
684	4.625355e-01	5.047788e-01	2.334636e+00
685	4.023209e-01	4.357078e-01	1.365413e+00
686	6.001304e-01	5.714152e-01	2.105032e+00
687	5.493462e-01	4.972459e-01	1.339033e+00
688	4.502010e-01	5.215738e-01	2.932584e+00
689	4.706898e-01	5.133624e-01	2.378603e+00
690	4.695587e-01	5.292469e-01	1.833415e+00
691	4.457340e-01	7.442490e-01	1.663410e+00
692	4.368342e-01	5.441470e-01	2.251588e+00
693	3.917566e-01	3.799701e-01	1.766976e+00
694	4.660808e-01	3.597922e-01	1.575476e+00
695	6.387183e-01	6.128253e-01	2.771373e+00
696	4.565121e-01	5.168749e-01	2.787005e+00
697	4.565625e-01	5.214016e-01	1.959453e+00
698	4.939187e-01	5.481441e-01	2.187103e+00
699	4.667803e-01	5.176502e-01	2.430386e+00
700	4.329715e-01	4.567968e-01	2.679531e+00
701	4.232372e-01	4.385573e-01	2.191988e+00
702	4.481262e-01	4.090252e-01	2.945286e+00
703	4.838123e-01	5.058169e-01	2.793845e+00
704	4.954167e-01	5.207772e-01	2.132389e+00
705	6.659660e-01	6.211715e-01	1.627259e+00
706	4.816254e-01	5.196486e-01	1.623351e+00
707	4.632440e-01	5.340643e-01	2.772350e+00
708	4.601476e-01	5.138823e-01	1.552027e+00
709	5.087599e-01	3.831617e-01	1.180752e+00
710	4.736402e-01	5.461792e-01	1.632145e+00
711	4.961460e-01	8.875989e-01	1.680997e+00
712	4.581442e-01	6.745995e-01	2.828041e+00
713	6.628511e-01	7.676408e-01	1.703468e+00
714	3.302456e-01	6.341579e-01	1.471910e+00
715	4.603885e-01	5.130740e-01	2.368832e+00
716	4.551031e-01	5.039726e-01	1.961407e+00
717	4.618866e-01	5.199895e-01	1.756229e+00
718	5.100327e-01	5.476171e-01	2.987298e+00
719	4.589981e-01	5.249404e-01	2.332682e+00
720	4.870856e-01	5.416661e-01	1.097704e+00
721	5.336792e-01	5.307229e-01	1.954568e+00
722	4.688686e-01	5.136726e-01	1.704446e+00
723	4.663346e-01	5.190499e-01	1.853933e+00
724	4.540014e-01	4.724400e-01	2.829995e+00
725	4.842312e-01	5.001774e-01	2.232047e+00
726	4.519643e-01	4.941745e-01	2.587689e+00
727	7.237726e-01	2.685279e-01	2.698095e+00
729	5.431858e-01	5.863090e-01	1.212995e+00
730	4.199708e-01	4.698908e-01	1.502198e+00
731	4.669918e-01	5.178179e-01	2.614069e+00
732	4.556351e-01	4.151706e-01	2.880801e+00
733	4.547165e-01	5.040542e-01	1.956522e+00
734	5.985248e-01	5.712438e-01	2.745970e+00
735	3.511871e-01	4.670054e-01	1.179775e+00
736	3.985792e-01	5.426715e-01	1.935027e+00
737	4.866880e-01	5.079578e-01	1.975085e+00
738	4.543705e-01	4.932991e-01	1.067416e+00
739	4.159958e-01	5.546074e-01	2.024915e+00
740	4.339100e-01	4.562757e-01	2.810454e+00
741	4.868409e-01	5.536962e-01	2.428432e+00
742	4.711293e-01	4.823357e-01	1.957499e+00
743	5.379729e-01	5.833458e-01	2.306302e+00
744	4.948119e-01	5.290774e-01	2.557401e+00
745	4.337753e-01	4.672037e-01	1.243283e+00
746	4.083142e-01	4.871488e-01	2.429409e+00
747	4.574379e-01	5.665943e-01	2.523205e+00
748	2.616452e-01	4.011134e-01	2.842697e+00
749	4.629498e-01	5.207794e-01	2.247680e+00
750	4.905097e-01	5.301254e-01	2.000489e+00
751	4.410782e-01	5.075484e-01	2.446019e+00
752	4.650711e-01	5.182092e-01	2.360039e+00
753	5.872676e-01	6.661219e-01	2.567171e+00
754	4.708351e-01	5.341108e-01	2.415730e+00
755	4.806443e-01	5.022230e-01	1.989741e+00
756	4.666309e-01	5.162789e-01	2.908158e+00
757	4.777643e-01	4.437153e-01	2.731314e+00
758	4.664746e-01	5.167966e-01	2.544700e+00
759	4.664723e-01	5.200350e-01	2.890572e+00
760	4.657673e-01	5.157008e-01	1.654617e+00
761	4.604330e-01	5.226554e-01	1.008793e+00
762	4.393436e-01	4.375496e-01	1.260870e+00
763	3.672115e-01	4.511876e-01	1.347826e+00
764	4.807682e-01	5.052904e-01	1.325354e+00
765	4.753712e-01	5.174883e-01	1.420127e+00
766	6.081904e-01	6.250502e-01	2.845628e+00
767	4.293471e-01	5.198561e-01	1.853933e+00
768	4.722626e-01	5.289850e-01	1.303859e+00
769	4.682985e-01	5.106400e-01	1.294089e+00
770	8.562368e-01	1.016338e-01	1.675134e+00
771	4.050370e-01	4.481486e-01	2.417684e+00
772	4.533076e-01	4.736373e-01	2.053249e+00
773	4.764401e-01	5.093852e-01	1.276502e+00
774	3.861238e-01	3.249506e-01	2.779189e+00
775	3.970733e-01	7.682117e-01	1.984856e+00
776	5.653674e-01	4.027746e-01	2.295554e+00
777	4.645425e-01	5.114061e-01	1.652662e+00
778	4.744149e-01	5.355478e-01	2.464582e+00
779	4.646168e-01	5.180443e-01	1.763068e+00
780	4.670608e-01	5.637990e-01	2.026869e+00
781	3.778246e-01	4.369021e-01	1.160234e+00
782	3.844539e-01	5.434020e-01	2.302394e+00
783	4.541375e-01	4.995660e-01	1.384954e+00
784	5.301226e-01	5.467157e-01	2.598437e+00
785	5.169135e-01	5.505899e-01	2.130435e+00
786	4.780158e-01	5.231425e-01	1.690767e+00
787	4.597533e-01	5.012523e-01	1.940889e+00
788	4.571784e-01	5.024315e-01	2.099170e+00
