768
0	2.436034e-02	2.171284e-01	1.398632e+00
1	4.577817e-01	4.017391e-01	1.108451e+00
2	4.021814e-01	4.985786e-01	2.925745e+00
3	4.535022e-01	4.905350e-01	2.732291e+00
4	5.468931e-01	6.828209e-01	1.257938e+00
5	4.458145e-01	4.142794e-01	2.424524e+00
6	8.265338e-01	9.867468e-01	1.383000e+00
7	4.279467e-01	5.042779e-01	2.705911e+00
8	4.520401e-01	5.062648e-01	2.442110e+00
9	4.688635e-01	5.147955e-01	2.233024e+00
10	5.159217e-01	5.742945e-01	2.376649e+00
11	4.588120e-01	5.075424e-01	1.556913e+00
12	5.460509e-01	6.492445e-01	2.950171e+00
13	4.395309e-01	6.010931e-01	1.066439e+00
14	4.652382e-01	5.168468e-01	1.626282e+00
15	4.422029e-01	4.322714e-01	1.306790e+00
16	4.663471e-01	5.131319e-01	2.902296e+00
17	6.766406e-01	4.024148e-01	1.195408e+00
18	4.874927e-01	4.546635e-01	1.785540e+00
19	4.819718e-01	5.360542e-01	1.248168e+00
20	4.346163e-01	5.385358e-01	1.863703e+00
21	4.059177e-01	4.324933e-01	2.671715e+00
22	4.638818e-01	5.043397e-01	2.487054e+00
23	3.798855e-01	2.925004e-01	1.946751e+00
24	5.628612e-01	5.978186e-01	1.303859e+00
25	7.698300e-01	7.133749e-01	2.152907e+00
26	4.780157e-01	4.994677e-01	1.388862e+00
27	4.831196e-01	5.432143e-01	1.591109e+00
28	5.342270e-01	5.492551e-01	2.205667e+00
29	4.590453e-01	5.087392e-01	2.181241e+00
30	3.219845e-01	5.062354e-01	1.475818e+00
31	4.595752e-01	4.921900e-01	2.309233e+00
32	4.634289e-01	4.686737e-01	2.073766e+00
33	3.444628e-01	3.960935e-01	2.331705e+00
34	4.790009e-01	5.284726e-01	1.126038e+00
35	4.591368e-01	2.462573e-01	2.235955e+00
36	2.552302e-01	4.631200e-01	2.805569e+00
37	3.739792e-01	4.184006e-01	2.555447e+00
38	4.514207e-01	4.875813e-01	2.559355e+00
39	4.638109e-01	5.188977e-01	1.895945e+00
40	4.496410e-01	4.276625e-01	1.282364e+00
41	4.298207e-01	3.557986e-01	2.750855e+00
42	4.693468e-01	5.109124e-01	2.412799e+00
43	4.622481e-01	5.204175e-01	2.557401e+00
44	6.207231e-01	5.590894e-01	1.648754e+00
45	5.132403e-01	4.929832e-01	1.721055e+00
46	5.517224e-01	5.949419e-01	2.588666e+00
47	4.868123e-01	5.083209e-01	1.525647e+00
48	4.593124e-01	5.106190e-01	2.751832e+00
49	4.714462e-01	7.151219e-01	2.625794e+00
50	5.478354e-01	5.804353e-01	1.663410e+00
51	4.677439e-01	5.200405e-01	2.560332e+00
52	4.568697e-01	5.122023e-01	1.696629e+00
53	4.649015e-01	5.103034e-01	1.506106e+00
54	4.664894e-01	5.120565e-01	2.675623e+00
55	4.335167e-01	5.097217e-01	2.497802e+00
56	3.391212e-01	3.912072e-01	1.031265e+00
57	4.593452e-01	4.380625e-01	2.361993e+00
58	4.292189e-01	4.980978e-01	1.866634e+00
60	4.837996e-01	5.567730e-01	1.503175e+00
61	4.942941e-01	5.166204e-01	2.449927e+00
62	4.822989e-01	5.295340e-01	2.831949e+00
63	4.693706e-01	5.244887e-01	2.317049e+00
64	4.672132e-01	4.615996e-01	2.353200e+00
65	4.659531e-01	5.135939e-01	2.575965e+00
66	5.786852e-01	5.459900e-01	2.922814e+00
67	4.274770e-01	4.116145e-01	2.289692e+00
68	4.821750e-01	5.406890e-01	2.766488e+00
69	4.084334e-01	4.953335e-01	1.522716e+00
70	4.178853e-01	4.486654e-01	2.769419e+00
71	4.890632e-01	5.301227e-01	1.110405e+00
72	4.639259e-01	4.647618e-01	1.412311e+00
73	5.238127e-01	2.864517e-01	1.951637e+00
74	3.410517e-01	6.128590e-01	1.449438e+00
75	4.507116e-01	6.388588e-01	2.176356e+00
76	4.035568e-01	4.770267e-01	1.212995e+00
77	5.002403e-01	5.120294e-01	1.872496e+00
78	4.542642e-01	4.870090e-01	1.606742e+00
79	6.126812e-01	5.422697e-01	1.183683e+00
80	4.547129e-01	5.108068e-01	2.736199e+00
81	4.674627e-01	5.126620e-01	1.617489e+00
82	4.000179e-01	4.405061e-01	2.456766e+00
83	4.440336e-01	3.742863e-01	1.406448e+00
84	5.081033e-01	7.140069e-01	2.453835e+00
85	4.611918e-01	5.159170e-01	2.712750e+00
86	4.698533e-01	5.176890e-01	2.877870e+00
87	3.887839e-01	3.642528e-01	1.533464e+00
88	5.931552e-01	6.703306e-01	2.169516e+00
89	4.928133e-01	6.926986e-01	2.483146e+00
90	4.934244e-01	6.095130e-01	1.538349e+00
91	4.596466e-01	5.307808e-01	1.117245e+00
92	4.690777e-01	5.422233e-01	2.709819e+00
93	4.272412e-01	5.177382e-01	2.929653e+00
94	6.287272e-01	5.414736e-01	2.125550e+00
95	4.772579e-01	4.947964e-01	2.148999e+00
96	4.478888e-01	5.294673e-01	1.206155e+00
98	4.576587e-01	5.038363e-01	1.997557e+00
99	5.338537e-01	5.608648e-01	1.753298e+00
100	4.630915e-01	5.357794e-01	1.491451e+00
101	4.642907e-01	5.139880e-01	2.381534e+00
102	4.800518e-01	5.761005e-01	1.837323e+00
103	5.612410e-01	5.881773e-01	2.723498e+00
104	4.666165e-01	6.914271e-01	1.216903e+00
105	4.700412e-01	4.967586e-01	1.385931e+00
107	4.751201e-01	4.820610e-01	1.887152e+00
108	4.615726e-01	7.337703e-01	1.869565e+00
109	4.495216e-01	5.932140e-01	2.657059e+00
110	4.778450e-01	4.915013e-01	1.905716e+00
111	4.350367e-01	5.060174e-01	2.319980e+00
113	3.463792e-01	7.631347e-01	1.155349e+00
114	4.571315e-01	4.849708e-01	1.261847e+00
115	5.344942e-01	6.818719e-01	1.308745e+00
116	5.643651e-01	3.326774e-01	1.148510e+00
117	5.050437e-01	5.541231e-01	1.865657e+00
118	4.709997e-01	5.271173e-01	2.988276e+00
119	5.168884e-01	5.717459e-01	1.479726e+00
120	5.045602e-01	5.783297e-01	2.095261e+00
121	4.887628e-01	5.084306e-01	2.442110e+00
122	2.542197e-01	4.818463e-01	1.070347e+00
123	4.514039e-01	4.644022e-01	1.417196e+00
124	4.538450e-01	4.937818e-01	2.817294e+00
126	4.643690e-01	4.577877e-01	2.738153e+00
127	5.708755e-01	5.804466e-01	2.338544e+00
128	5.653635e-01	8.745751e-01	1.282364e+00
129	4.736241e-01	5.039547e-01	2.676600e+00
130	5.478667e-01	8.598382e-01	2.443087e+00
132	2.458803e-01	3.778371e-01	1.220811e+00
133	5.814756e-01	3.525522e-01	2.407914e+00
134	5.511884e-01	5.529978e-01	2.277968e+00
135	4.492897e-01	5.237502e-01	2.409868e+00
136	4.302588e-01	4.969530e-01	2.083537e+00
137	4.834676e-01	4.583572e-01	2.286761e+00
138	7.070514e-01	1.399450e-01	1.194431e+00
139	4.712363e-01	5.135028e-01	2.818271e+00
140	3.990872e-01	4.065207e-01	2.827064e+00
141	4.707417e-01	4.833248e-01	1.684905e+00
142	4.711277e-01	5.270621e-01	1.999511e+00
143	4.730245e-01	5.150594e-01	1.956522e+00
144	4.485819e-01	4.527148e-01	2.323889e+00
145	4.746637e-01	5.180702e-01	2.501710e+00
146	2.412732e-01	4.564735e-01	2.395213e+00
147	5.357557e-01	4.187028e-01	2.719590e+00
148	4.683683e-01	5.144281e-01	2.937469e+00
149	4.680837e-01	4.877954e-01	2.803615e+00
150	4.768374e-01	5.505450e-01	1.794333e+00
151	4.700439e-01	5.130143e-01	2.611138e+00
152	5.142944e-01	5.679935e-01	1.724963e+00
153	4.485535e-01	5.063475e-01	1.983879e+00
154	4.650955e-01	5.104302e-01	2.181241e+00
155	4.888834e-01	5.103366e-01	1.295066e+00
156	4.902590e-01	5.667708e-01	1.970200e+00
157	4.485301e-01	5.213586e-01	2.387396e+00
158	5.552657e-01	3.653279e-01	2.386419e+00
159	2.834846e-01	5.632903e-01	2.647289e+00
160	4.670415e-01	5.174602e-01	1.686859e+00
161	4.669545e-01	4.981173e-01	1.553981e+00
162	5.259660e-01	5.971311e-01	1.764045e+00
163	6.438548e-01	5.708672e-01	1.632145e+00
164	4.687717e-01	5.150777e-01	1.235467e+00
165	4.586753e-01	4.998302e-01	2.251588e+00
166	4.826793e-01	5.146238e-01	1.751343e+00
167	4.548225e-01	5.165992e-01	1.715193e+00
168	4.686400e-01	5.183595e-01	2.109917e+00
169	4.575834e-01	5.147219e-01	2.137274e+00
170	4.398950e-01	6.344819e-01	2.099170e+00
171	5.486864e-01	5.948721e-01	2.057157e+00
172	5.308609e-01	4.836003e-01	2.246702e+00
173	4.586640e-01	5.186649e-01	1.894968e+00
174	3.814109e-01	5.089223e-01	2.453835e+00
175	4.897935e-01	5.460801e-01	2.834880e+00
176	4.082401e-01	4.115027e-01	2.215437e+00
177	4.798981e-01	5.502240e-01	2.153884e+00
178	4.753299e-01	5.095777e-01	2.475330e+00
179	5.150503e-01	5.665036e-01	1.274548e+00
180	4.909283e-01	5.698850e-01	2.127504e+00
181	4.563655e-01	5.163678e-01	1.790425e+00
182	5.981988e-01	6.191281e-01	1.736688e+00
183	5.958480e-01	4.944984e-01	1.692721e+00
184	5.696081e-01	6.253265e-01	2.042501e+00
185	4.465704e-01	3.501461e-01	1.468979e+00
186	5.088542e-01	4.969953e-01	1.784563e+00
188	4.413291e-01	4.480718e-01	1.839277e+00
189	4.584286e-01	5.263564e-01	1.175867e+00
190	4.342214e-01	5.423978e-01	2.807523e+00
191	4.951079e-01	5.572632e-01	2.811431e+00
192	5.239834e-01	5.047057e-01	1.192477e+00
193	6.592716e-01	3.079008e-01	1.620420e+00
194	5.197092e-01	4.995288e-01	2.624817e+00
195	4.674954e-01	5.061104e-01	2.806546e+00
196	4.715613e-01	5.237328e-01	1.763068e+00
197	1.962257e-01	3.922010e-01	2.060088e+00
198	6.853232e-01	3.804511e-01	2.458720e+00
199	4.416985e-01	5.059090e-01	2.463605e+00
200	4.123908e-01	3.002522e-01	1.141671e+00
201	4.588026e-01	5.233233e-01	1.146556e+00
202	4.477290e-01	4.659503e-01	1.395701e+00
203	5.174803e-01	5.121562e-01	1.755252e+00
204	4.441942e-01	4.645428e-01	2.901319e+00
205	5.017730e-01	6.428682e-01	2.123596e+00
206	4.371931e-01	2.530112e-01	1.652662e+00
207	4.426437e-01	4.884674e-01	1.199316e+00
208	4.893719e-01	5.835961e-01	2.170493e+00
209	2.671267e-01	4.113287e-01	2.733268e+00
210	3.923885e-01	3.999564e-01	1.545188e+00
211	4.370828e-01	5.207516e-01	1.376160e+00
212	4.867901e-01	5.401734e-01	1.621397e+00
213	4.716974e-01	5.074694e-01	1.883244e+00
214	4.742606e-01	5.196461e-01	1.612604e+00
215	4.304359e-01	5.415921e-01	2.909135e+00
216	4.578984e-01	5.035734e-01	1.354665e+00
217	4.812047e-01	5.156231e-01	2.770396e+00
218	5.666547e-01	5.045547e-01	2.148999e+00
219	4.726095e-01	5.331049e-01	2.624817e+00
220	5.837198e-01	5.298375e-01	2.697118e+00
221	4.745959e-01	4.731132e-01	1.938935e+00
222	5.657694e-01	5.378489e-01	1.854910e+00
223	5.768690e-01	5.550533e-01	2.625794e+00
224	4.614207e-01	7.744429e-01	2.984367e+00
225	4.760884e-01	5.277776e-01	2.693210e+00
226	4.561884e-01	4.904498e-01	2.276014e+00
227	4.786609e-01	5.102860e-01	1.245237e+00
228	4.608394e-01	5.162263e-01	1.489497e+00
229	4.646530e-01	5.223737e-01	2.305325e+00
230	4.720745e-01	5.144937e-01	2.689301e+00
231	4.863560e-01	5.868493e-01	1.346849e+00
232	4.941725e-01	5.438280e-01	2.447973e+00
233	4.249968e-01	5.110841e-01	1.591109e+00
234	4.849693e-01	5.535758e-01	1.931119e+00
235	4.549247e-01	4.652733e-01	2.687347e+00
236	4.685533e-01	5.138871e-01	2.787982e+00
237	4.642556e-01	5.166638e-01	1.510015e+00
238	4.693792e-01	5.511597e-01	2.193942e+00
239	4.521004e-01	4.475000e-01	2.918906e+00
240	5.005621e-01	6.029668e-01	1.734734e+00
241	4.730126e-01	5.354566e-01	1.119199e+00
242	4.266562e-01	5.891421e-01	1.631168e+00
243	4.784354e-01	5.465820e-01	1.258915e+00
244	3.727739e-01	4.622345e-01	2.458720e+00
245	5.280974e-01	5.529905e-01	2.134343e+00
246	4.644887e-01	5.187965e-01	2.662921e+00
247	4.291629e-01	5.021401e-01	2.924768e+00
248	3.853359e-01	4.438406e-01	2.983390e+00
250	8.116742e-01	8.968731e-01	2.763556e+00
251	7.423923e-01	7.751443e-01	2.374695e+00
252	5.296380e-01	4.807448e-01	1.703468e+00
253	4.323658e-01	4.137968e-01	1.246214e+00
254	4.454685e-01	4.640939e-01	2.925745e+00
255	4.589484e-01	5.143502e-01	1.857841e+00
256	4.546443e-01	5.000422e-01	2.601368e+00
257	4.565654e-01	5.028337e-01	2.413776e+00
258	4.306703e-01	5.355723e-01	2.569126e+00
259	4.335515e-01	4.669387e-01	1.865657e+00
260	4.670016e-01	5.149562e-01	2.574988e+00
261	4.597227e-01	5.230434e-01	1.598925e+00
262	5.914888e-01	5.340521e-01	2.264289e+00
263	6.011592e-01	6.346308e-01	1.176844e+00
264	6.241288e-01	5.929401e-01	1.061553e+00
265	4.567785e-01	5.051765e-01	2.526136e+00
266	5.181817e-01	5.708541e-01	1.928188e+00
267	4.586854e-01	4.595733e-01	2.006351e+00
268	4.689959e-01	5.249896e-01	1.041036e+00
269	2.004910e-01	4.580622e-01	1.793356e+00
270	5.354121e-01	6.432558e-01	1.860772e+00
271	3.903766e-01	3.562457e-01	1.389839e+00
272	4.688972e-01	5.114973e-01	1.052760e+00
273	4.663288e-01	4.914935e-01	1.156326e+00
274	2.929267e-01	3.879162e-01	1.981925e+00
275	5.213400e-01	5.943220e-01	2.256473e+00
276	4.391503e-01	4.964292e-01	2.368832e+00
277	4.930242e-01	5.216583e-01	2.024915e+00
279	4.652082e-01	4.655046e-01	1.348803e+00
280	4.519956e-01	2.902178e-01	2.472399e+00
281	5.483900e-01	4.598606e-01	2.288715e+00
282	4.235273e-01	3.998144e-01	2.745970e+00
283	4.652817e-01	5.723738e-01	2.490962e+00
284	3.295700e-01	4.621555e-01	2.515388e+00
285	2.810525e-01	4.217497e-01	1.545188e+00
286	4.848549e-01	5.141085e-01	2.662921e+00
287	4.785067e-01	5.195548e-01	2.264289e+00
288	4.476173e-01	4.552799e-01	2.905227e+00
289	6.232372e-01	5.733676e-01	1.058622e+00
290	4.282904e-01	5.483120e-01	2.152907e+00
291	8.138622e-01	9.711728e-01	2.784074e+00
292	4.642542e-01	5.114813e-01	2.445042e+00
293	6.176361e-01	8.374041e-01	2.852467e+00
294	4.778156e-01	4.685914e-01	2.070835e+00
295	4.585149e-01	4.664577e-01	1.406448e+00
296	4.054909e-01	3.661705e-01	1.751343e+00
297	5.186753e-01	4.517338e-01	2.077675e+00
298	5.884840e-01	6.020271e-01	1.601856e+00
299	4.239611e-01	4.930767e-01	2.048363e+00
300	4.621670e-01	5.421110e-01	2.781143e+00
301	4.693454e-01	5.097573e-01	2.779189e+00
302	4.939104e-01	5.600179e-01	2.617978e+00
303	6.146509e-01	6.572035e-01	1.698583e+00
304	4.595446e-01	3.742207e-01	1.948705e+00
305	4.727304e-01	5.206637e-01	1.416219e+00
306	7.811803e-01	2.507194e-01	1.745481e+00
307	4.581031e-01	5.056973e-01	2.291646e+00
308	6.224304e-01	8.496471e-01	1.868588e+00
309	4.474952e-01	5.982742e-01	2.511480e+00
310	4.717797e-01	5.309964e-01	2.596483e+00
311	5.306052e-01	5.998299e-01	2.855398e+00
312	5.034682e-01	5.860811e-01	1.312653e+00
313	4.002659e-01	4.186240e-01	1.787494e+00
314	4.627641e-01	5.095614e-01	2.252565e+00
315	4.463718e-01	4.569481e-01	1.978017e+00
316	5.565641e-01	4.448179e-01	2.965804e+00
317	4.574251e-01	5.071088e-01	2.221299e+00
318	4.236775e-01	4.078467e-01	1.701514e+00
319	4.780594e-01	5.273463e-01	1.135809e+00
320	4.291944e-01	5.130477e-01	2.997069e+00
322	3.898711e-01	4.737954e-01	2.362970e+00
323	4.648715e-01	5.347465e-01	2.553493e+00
324	4.733075e-01	4.801385e-01	1.347826e+00
325	5.121618e-01	7.412100e-01	2.896434e+00
326	4.694495e-01	5.087920e-01	1.857841e+00
327	5.666166e-01	5.374511e-01	1.669272e+00
328	4.988787e-01	5.228916e-01	1.726917e+00
329	4.965502e-01	5.761161e-01	2.604299e+00
330	5.137561e-01	5.741704e-01	2.089399e+00
331	5.268227e-01	4.898372e-01	1.552027e+00
332	4.670296e-01	4.776967e-01	1.769907e+00
333	4.899152e-01	5.545708e-01	1.382022e+00
334	3.594782e-01	3.969821e-01	2.510503e+00
335	4.460541e-01	5.626645e-01	1.640938e+00
336	4.724651e-01	5.145542e-01	2.933561e+00
337	5.479223e-01	5.258437e-01	1.033219e+00
338	4.584368e-01	4.181896e-01	1.408403e+00
339	4.818321e-01	5.438576e-01	2.767465e+00
340	4.671959e-01	5.034827e-01	1.526624e+00
341	4.858065e-01	5.091834e-01	1.456277e+00
342	4.868237e-01	5.171494e-01	1.054714e+00
343	5.346762e-01	4.615209e-01	2.601368e+00
344	5.037283e-01	7.183505e-01	2.193942e+00
346	4.361658e-01	4.721395e-01	1.564729e+00
347	4.487839e-01	5.081652e-01	1.679043e+00
348	5.423740e-01	4.033192e-01	2.034685e+00
349	4.904920e-01	5.337246e-01	2.564240e+00
350	4.557326e-01	3.575678e-01	2.311187e+00
351	4.319477e-01	3.578987e-01	1.297997e+00
352	4.680411e-01	5.218237e-01	2.873962e+00
353	4.326880e-01	5.647021e-01	2.202736e+00
354	4.684504e-01	5.116497e-01	2.653151e+00
355	5.156696e-01	4.914180e-01	2.461651e+00
356	4.712056e-01	5.297791e-01	1.679043e+00
357	4.707627e-01	4.068134e-01	2.991207e+00
358	3.028434e-01	4.358762e-01	2.857352e+00
359	4.884257e-01	5.635540e-01	1.913532e+00
360	4.735578e-01	4.356217e-01	1.216903e+00
361	6.498556e-01	6.536148e-01	1.214949e+00
362	4.568238e-01	4.118255e-01	1.005862e+00
363	4.946490e-01	5.555889e-01	2.227162e+00
364	4.656793e-01	5.110275e-01	1.723009e+00
366	5.186718e-01	5.891231e-01	1.692721e+00
367	4.803871e-01	5.260023e-01	1.154372e+00
368	4.698770e-01	5.213648e-01	1.851001e+00
369	4.718224e-01	5.119388e-01	2.418661e+00
370	4.163934e-01	5.860429e-01	1.874450e+00
371	5.576054e-01	4.618022e-01	1.591109e+00
372	4.150471e-01	5.019056e-01	2.199805e+00
373	5.194738e-01	6.981335e-01	2.208598e+00
374	5.278290e-01	5.573427e-01	1.322423e+00
375	3.022974e-01	3.977426e-01	2.361016e+00
376	5.042673e-01	4.336291e-01	1.815828e+00
377	4.673259e-01	5.133321e-01	1.328285e+00
378	4.601261e-01	5.172314e-01	1.883244e+00
379	5.921264e-01	7.221479e-01	1.599902e+00
380	3.108791e-01	2.944503e-01	2.343429e+00
381	4.550493e-01	5.142363e-01	1.835369e+00
383	5.288239e-01	4.941822e-01	1.698583e+00
384	4.458615e-01	7.079898e-01	2.761602e+00
385	4.019170e-01	8.818859e-01	1.961407e+00
386	4.841079e-01	3.842247e-01	2.449927e+00
387	4.664145e-01	5.148442e-01	2.669761e+00
388	3.861529e-01	5.878969e-01	2.597460e+00
389	4.685325e-01	5.129108e-01	2.960918e+00
390	4.691388e-01	5.382071e-01	1.655594e+00
391	5.016199e-01	5.985056e-01	2.572057e+00
392	4.895191e-01	5.394498e-01	1.234489e+00
393	4.871192e-01	4.829621e-01	1.607719e+00
394	4.617542e-01	5.153986e-01	2.643381e+00
395	6.952475e-01	3.707582e-01	1.233512e+00
397	6.280201e-01	3.399015e-01	1.083048e+00
398	5.437993e-01	7.117810e-01	2.453835e+00
399	4.748780e-01	4.734386e-01	2.169516e+00
400	4.294726e-01	4.320007e-01	1.634099e+00
401	5.109795e-01	2.762422e-01	1.314607e+00
402	4.675052e-01	5.695305e-01	2.292623e+00
403	4.391236e-01	2.945276e-01	1.759160e+00
404	4.728334e-01	5.480856e-01	2.942355e+00
405	5.309859e-01	6.151624e-01	1.358574e+00
406	4.915892e-01	5.600713e-01	1.474841e+00
407	4.339825e-01	2.830164e-01	2.850513e+00
408	6.346681e-01	3.618212e-01	2.543723e+00
409	4.548089e-01	5.008965e-01	1.170005e+00
410	4.270406e-01	5.099691e-01	2.011236e+00
411	5.347773e-01	4.602503e-01	2.982413e+00
412	6.759751e-01	2.598826e-01	1.578407e+00
413	4.342832e-01	3.593947e-01	2.904250e+00
414	4.772031e-01	5.349498e-01	2.948217e+00
415	4.654249e-01	5.163185e-01	1.856864e+00
416	4.348778e-01	4.621581e-01	1.780655e+00
417	4.279957e-01	5.072571e-01	1.223742e+00
418	4.828277e-01	5.472788e-01	2.928676e+00
419	4.704287e-01	5.163446e-01	1.055691e+00
420	4.575622e-01	5.395216e-01	2.823156e+00
421	4.719526e-01	5.118292e-01	2.886663e+00
422	4.428132e-01	5.090633e-01	1.391793e+00
423	5.298856e-01	7.431127e-01	1.467025e+00
424	4.640347e-01	5.245006e-01	1.512946e+00
425	5.393954e-01	5.718733e-01	1.960430e+00
426	5.320342e-01	5.715687e-01	2.254519e+00
427	3.971757e-01	3.901451e-01	2.899365e+00
428	4.978610e-01	5.211842e-01	1.247191e+00
429	4.504996e-01	5.065469e-01	1.802149e+00
430	4.760567e-01	5.266470e-01	1.663410e+00
431	5.034274e-01	6.294556e-01	2.556424e+00
432	1.527012e-01	2.634848e-01	2.947240e+00
433	4.707232e-01	5.265750e-01	2.475330e+00
434	4.150473e-01	5.083166e-01	2.923791e+00
435	4.569763e-01	7.023632e-01	2.906204e+00
437	4.685108e-01	5.407784e-01	2.476307e+00
438	3.887418e-01	5.709357e-01	2.065950e+00
439	4.649894e-01	5.128468e-01	1.983879e+00
440	5.685936e-01	5.567007e-01	1.637030e+00
441	5.637221e-01	6.423790e-01	1.338056e+00
442	5.818930e-01	5.118543e-01	2.406937e+00
443	7.084699e-01	5.450895e-01	1.422081e+00
444	4.325821e-01	4.738500e-01	2.956033e+00
445	4.614414e-01	5.253058e-01	2.601368e+00
446	2.739073e-01	2.795384e-01	1.846116e+00
447	4.619115e-01	5.149061e-01	1.264778e+00
448	4.371987e-01	4.613795e-01	1.119199e+00
449	5.004807e-01	5.846999e-01	1.956522e+00
450	6.231426e-01	2.509802e-01	2.971666e+00
451	4.677515e-01	5.079093e-01	2.149976e+00
452	5.395234e-01	4.948204e-01	1.574499e+00
453	5.955026e-01	6.466451e-01	1.775769e+00
455	4.194735e-01	4.616920e-01	2.984367e+00
456	4.395997e-01	4.759658e-01	1.577430e+00
457	4.002447e-01	4.614486e-01	2.955056e+00
458	4.691697e-01	5.358387e-01	2.865169e+00
459	6.037456e-01	6.590082e-01	1.672203e+00
461	5.169967e-01	6.991269e-01	2.513434e+00
462	4.409228e-01	4.789995e-01	1.853933e+00
463	4.905729e-01	5.753115e-01	2.858329e+00
464	3.715693e-01	4.255496e-01	1.574499e+00
465	4.391718e-01	5.137847e-01	1.432829e+00
466	4.591915e-01	5.182660e-01	1.500244e+00
467	5.964742e-01	6.344289e-01	1.323400e+00
468	4.787472e-01	5.044369e-01	2.147044e+00
469	4.816729e-01	5.503302e-01	2.698095e+00
470	4.568794e-01	4.997081e-01	1.364436e+00
471	4.217115e-01	3.504226e-01	2.076698e+00
472	4.601721e-01	5.141751e-01	2.011236e+00
473	3.698298e-01	4.643822e-01	1.215926e+00
474	4.761049e-01	5.232141e-01	2.299463e+00
475	4.600981e-01	4.663208e-01	1.683928e+00
476	4.827511e-01	5.081127e-01	2.081583e+00
477	4.773843e-01	5.125227e-01	2.350269e+00
478	6.016826e-01	4.585664e-01	2.728383e+00
479	5.426526e-01	6.974945e-01	1.194431e+00
480	4.825276e-01	6.290525e-01	2.515388e+00
481	4.545991e-01	5.010674e-01	1.865657e+00
482	2.971050e-01	3.252552e-01	1.802149e+00
483	4.448394e-01	4.466874e-01	1.367367e+00
484	4.351704e-01	3.995567e-01	1.148510e+00
485	5.182935e-01	6.050248e-01	2.427455e+00
486	4.415302e-01	5.134195e-01	2.196873e+00
487	4.316794e-01	5.643268e-01	2.386419e+00
488	4.828784e-01	5.407934e-01	1.294089e+00
489	4.135263e-01	4.438918e-01	1.687836e+00
490	3.789924e-01	4.878781e-01	1.146556e+00
491	4.657452e-01	4.654132e-01	1.597948e+00
492	4.190637e-01	5.140697e-01	2.412799e+00
493	5.329045e-01	6.851602e-01	1.227650e+00
494	4.042094e-01	3.850640e-01	2.522228e+00
495	4.673819e-01	5.448355e-01	1.437714e+00
496	4.799090e-01	5.720339e-01	1.523693e+00
497	3.799484e-01	5.505409e-01	1.221788e+00
498	4.048489e-01	4.960422e-01	1.652662e+00
499	4.952523e-01	6.239067e-01	1.269663e+00
500	4.690147e-01	5.058873e-01	2.967758e+00
501	4.635536e-01	5.217979e-01	2.546654e+00
502	5.051772e-01	3.933662e-01	1.818759e+00
503	4.519460e-01	4.429517e-01	1.919394e+00
504	4.495632e-01	4.990974e-01	2.563263e+00
505	5.503618e-01	6.171664e-01	1.451392e+00
506	4.193299e-01	4.996217e-01	1.718124e+00
507	4.559250e-01	5.028027e-01	1.207132e+00
508	4.573053e-01	5.018499e-01	1.236444e+00
509	4.075860e-01	5.656338e-01	2.622863e+00
510	5.172503e-01	4.355799e-01	2.549585e+00
511	4.666337e-01	5.254723e-01	2.966781e+00
512	3.081018e-01	3.985446e-01	2.395213e+00
513	4.446918e-01	5.688351e-01	1.534441e+00
514	5.566799e-01	5.762749e-01	1.550073e+00
515	5.120942e-01	6.120527e-01	1.610650e+00
516	3.475410e-01	7.391117e-01	1.612604e+00
517	4.517271e-01	5.277770e-01	1.086957e+00
518	5.869241e-01	5.138841e-01	2.282853e+00
519	4.664757e-01	8.260309e-01	1.573522e+00
520	4.681656e-01	5.370121e-01	2.497802e+00
521	4.839058e-01	5.142202e-01	1.752320e+00
523	4.794891e-01	5.137216e-01	1.209086e+00
524	4.067241e-01	3.784575e-01	2.755740e+00
525	4.605259e-01	4.694175e-01	1.499267e+00
526	4.898974e-01	5.212060e-01	1.014656e+00
527	4.975286e-01	5.777881e-01	2.891549e+00
528	4.844949e-01	5.362119e-01	2.478261e+00
529	4.695323e-01	3.939167e-01	1.898876e+00
530	4.613543e-01	5.032605e-01	1.188569e+00
531	4.674881e-01	4.884635e-01	2.785051e+00
532	4.763966e-01	5.104231e-01	2.945286e+00
533	4.262435e-01	3.756730e-01	2.458720e+00
534	4.926189e-01	3.527303e-01	2.673669e+00
535	4.721672e-01	4.988108e-01	1.399609e+00
536	4.923298e-01	5.336010e-01	2.604299e+00
537	4.680082e-01	5.208227e-01	1.529555e+00
538	4.649697e-01	5.121006e-01	2.823156e+00
539	4.783969e-01	5.210176e-01	2.826087e+00
540	4.837234e-01	5.549300e-01	2.844651e+00
541	4.982299e-01	4.672701e-01	2.290669e+00
542	4.421578e-01	5.180759e-01	2.570103e+00
543	4.592061e-01	5.483994e-01	2.396190e+00
544	4.566676e-01	5.123940e-01	1.318515e+00
545	5.078263e-01	5.751358e-01	2.605276e+00
546	4.459437e-01	3.618118e-01	2.683439e+00
547	4.362119e-01	4.731366e-01	1.587201e+00
548	3.780873e-01	3.495696e-01	1.375183e+00
549	5.064814e-01	5.260053e-01	2.298486e+00
550	4.666261e-01	7.254762e-01	1.285296e+00
551	4.733904e-01	5.205754e-01	2.983390e+00
552	5.113150e-01	6.495272e-01	1.195408e+00
553	4.893835e-01	5.159116e-01	2.414753e+00
554	6.397370e-01	5.103819e-01	1.843185e+00
555	4.559712e-01	4.414561e-01	2.396190e+00
556	4.771758e-01	4.980425e-01	3.000000e+00
557	4.850267e-01	5.134478e-01	2.728383e+00
559	4.758126e-01	5.264585e-01	1.944797e+00
560	4.853571e-01	4.125277e-01	2.883732e+00
561	5.663759e-01	5.662174e-01	2.383488e+00
562	4.618913e-01	3.830857e-01	2.506595e+00
563	4.297278e-01	4.938535e-01	1.786517e+00
564	4.751116e-01	4.832386e-01	2.893503e+00
565	4.644788e-01	5.203285e-01	2.981436e+00
566	4.077338e-01	4.960072e-01	2.663898e+00
567	4.460648e-01	4.723820e-01	2.227162e+00
568	4.711960e-01	5.268853e-01	1.527601e+00
569	5.285324e-01	6.976900e-01	2.610161e+00
570	4.222638e-01	5.598462e-01	1.058622e+00
571	4.909199e-01	5.600123e-01	2.782120e+00
573	4.753866e-01	5.073214e-01	2.109917e+00
574	4.464939e-01	4.777227e-01	2.074744e+00
575	4.742036e-01	4.951377e-01	2.319003e+00
576	4.821666e-01	4.670208e-01	1.290181e+00
577	3.925413e-01	4.616944e-01	1.286273e+00
578	5.006603e-01	5.897706e-01	1.881290e+00
579	4.598353e-01	5.113689e-01	1.664387e+00
580	2.509090e-01	1.281248e-01	1.242306e+00
581	4.157542e-01	5.423088e-01	1.927211e+00
582	4.653297e-01	5.099048e-01	2.820225e+00
583	4.540413e-01	3.510945e-01	2.792868e+00
584	5.397150e-01	4.793791e-01	1.201270e+00
585	4.349157e-01	4.190290e-01	1.898876e+00
586	4.622640e-01	5.196079e-01	1.782609e+00
587	4.647741e-01	5.320328e-01	1.561798e+00
588	4.664486e-01	5.185274e-01	2.282853e+00
589	4.263458e-01	4.784711e-01	2.210552e+00
590	4.814761e-01	4.584318e-01	1.020518e+00
591	4.295403e-01	4.755734e-01	1.784563e+00
592	4.649991e-01	5.173435e-01	1.275525e+00
593	4.362773e-01	5.159782e-01	1.212995e+00
594	4.888798e-01	4.429622e-01	2.964827e+00
595	4.641064e-01	4.857939e-01	2.079629e+00
596	3.266247e-01	6.974817e-01	1.187592e+00
597	5.150105e-01	5.321563e-01	1.258915e+00
598	4.830122e-01	4.797218e-01	1.999511e+00
599	4.739743e-01	5.227590e-01	1.264778e+00
600	4.528454e-01	4.952184e-01	1.110405e+00
601	3.025289e-01	3.105756e-01	1.107474e+00
602	4.853681e-01	4.823861e-01	1.070347e+00
603	4.791532e-01	5.159315e-01	2.400098e+00
604	5.159704e-01	5.316085e-01	2.871031e+00
605	4.659623e-01	5.103287e-01	2.739130e+00
606	4.408888e-01	4.865834e-01	2.061065e+00
607	2.708179e-01	3.660170e-01	1.073278e+00
608	4.185883e-01	4.701713e-01	2.799707e+00
609	3.843827e-01	4.358310e-01	2.010259e+00
610	5.264623e-01	5.118319e-01	1.700537e+00
611	4.700096e-01	5.260864e-01	1.339033e+00
612	4.723025e-01	5.590873e-01	2.227162e+00
613	4.844314e-01	7.065798e-01	2.482169e+00
614	4.842276e-01	4.968025e-01	2.958964e+00
615	4.814542e-01	6.138208e-01	1.443576e+00
616	4.118235e-01	4.484327e-01	2.381534e+00
617	4.112472e-01	3.776839e-01	1.971177e+00
618	4.707941e-01	5.296002e-01	2.960918e+00
619	5.595273e-01	8.975881e-01	1.812897e+00
620	5.125197e-01	4.767903e-01	1.170982e+00
621	5.360161e-01	5.295320e-01	1.277479e+00
622	3.819851e-01	7.231431e-01	1.176844e+00
623	4.824902e-01	4.205394e-01	1.636053e+00
624	5.712201e-01	5.526757e-01	2.336590e+00
625	4.299537e-01	5.185640e-01	1.343918e+00
626	4.558225e-01	5.346175e-01	1.905716e+00
627	4.456044e-01	5.855424e-01	1.784563e+00
628	4.555015e-01	5.172029e-01	2.063996e+00
629	4.807746e-01	5.162279e-01	2.497802e+00
630	4.179739e-01	5.184232e-01	2.870054e+00
631	4.298353e-01	4.358830e-01	1.729849e+00
632	3.863296e-01	3.455771e-01	2.290669e+00
633	4.639812e-01	5.138354e-01	2.841720e+00
634	4.666712e-01	5.076886e-01	2.195896e+00
635	4.691542e-01	5.012106e-01	1.601856e+00
636	4.661708e-01	5.298772e-01	2.449927e+00
637	4.199767e-01	5.219134e-01	1.462140e+00
638	4.667144e-01	5.132439e-01	2.041524e+00
639	4.688414e-01	5.140301e-01	2.061065e+00
640	4.870293e-01	6.098899e-01	2.130435e+00
641	4.379067e-01	4.735634e-01	2.205667e+00
642	4.575721e-01	4.979149e-01	2.184172e+00
643	4.462593e-01	5.288357e-01	2.747924e+00
644	5.131004e-01	4.622661e-01	2.909135e+00
645	4.683626e-01	5.211761e-01	2.777235e+00
646	5.043984e-01	5.434921e-01	1.295066e+00
647	5.342362e-01	4.521614e-01	1.050806e+00
648	5.143834e-01	5.647955e-01	1.191500e+00
649	4.695318e-01	5.009455e-01	1.198339e+00
650	4.474833e-01	5.042571e-01	2.656082e+00
651	4.798821e-01	5.175523e-01	1.692721e+00
652	7.958775e-01	6.596429e-01	2.330728e+00
653	4.512661e-01	4.954548e-01	1.906693e+00
654	4.870682e-01	5.237598e-01	2.192965e+00
655	4.624040e-01	4.568675e-01	1.200293e+00
656	4.539874e-01	5.033890e-01	2.361016e+00
657	5.284314e-01	6.133579e-01	2.080606e+00
658	4.640639e-01	5.253379e-01	2.017098e+00
659	5.462643e-01	4.844869e-01	2.191011e+00
660	4.397216e-01	2.639542e-01	1.667318e+00
661	4.143181e-01	3.547604e-01	2.229116e+00
662	5.947892e-01	7.432864e-01	1.188569e+00
663	4.999844e-01	5.420614e-01	2.714704e+00
664	4.318907e-01	4.391130e-01	1.979971e+00
665	5.794422e-01	5.570481e-01	2.954079e+00
666	8.321119e-01	6.973741e-01	1.803127e+00
667	4.008175e-01	5.052771e-01	1.039082e+00
668	5.338436e-01	8.205929e-01	1.893014e+00
669	3.718183e-01	4.288072e-01	1.778701e+00
670	2.250052e-01	2.158337e-01	1.807035e+00
671	5.057981e-01	5.515217e-01	1.102589e+00
672	4.793136e-01	4.798102e-01	1.879336e+00
673	4.697093e-01	4.464729e-01	1.984856e+00
674	4.680726e-01	5.143737e-01	2.238886e+00
675	4.815685e-01	5.525201e-01	2.868100e+00
676	4.816208e-01	5.136622e-01	2.748901e+00
677	2.385642e-01	4.911470e-01	1.578407e+00
678	4.391718e-01	4.726220e-01	1.621397e+00
679	4.643797e-01	5.165376e-01	2.657059e+00
680	4.473982e-01	4.749004e-01	2.404983e+00
681	4.332874e-01	4.628474e-01	2.272106e+00
682	4.280139e-01	4.845289e-01	1.463117e+00
683	4.653870e-01	5.201321e-01	2.316072e+00
684	4.740246e-01	5.286900e-01	2.334636e+00
685	4.123047e-01	4.905549e-01	1.365413e+00
686	5.783694e-01	5.166295e-01	2.105032e+00
687	5.250188e-01	4.951322e-01	1.339033e+00
688	4.742869e-01	5.024152e-01	2.932584e+00
689	4.640105e-01	5.203273e-01	2.378603e+00
690	4.668788e-01	5.038541e-01	1.833415e+00
691	4.614948e-01	7.550725e-01	1.663410e+00
692	4.858444e-01	5.000032e-01	2.251588e+00
693	3.478145e-01	3.805009e-01	1.766976e+00
694	4.566060e-01	4.052792e-01	1.575476e+00
695	5.931996e-01	6.060538e-01	2.771373e+00
696	4.754125e-01	5.134128e-01	2.787005e+00
697	4.776230e-01	5.129545e-01	1.959453e+00
698	4.718560e-01	5.393210e-01	2.187103e+00
699	4.665808e-01	5.145271e-01	2.430386e+00
700	4.886068e-01	5.300950e-01	2.679531e+00
701	3.990903e-01	4.307622e-01	2.191988e+00
702	4.614713e-01	4.779350e-01	2.945286e+00
703	4.499991e-01	5.255179e-01	2.793845e+00
704	4.573796e-01	5.180488e-01	2.132389e+00
705	6.951826e-01	6.278966e-01	1.627259e+00
706	4.526050e-01	5.133862e-01	1.623351e+00
707	4.692468e-01	4.954691e-01	2.772350e+00
708	4.705290e-01	5.134007e-01	1.552027e+00
709	4.966481e-01	3.634130e-01	1.180752e+00
710	5.081866e-01	5.697392e-01	1.632145e+00
711	4.939516e-01	8.666458e-01	1.680997e+00
712	4.638229e-01	6.414000e-01	2.828041e+00
713	6.533806e-01	7.831409e-01	1.703468e+00
714	3.146310e-01	6.583035e-01	1.471910e+00
715	4.648278e-01	4.977641e-01	2.368832e+00
716	4.800780e-01	5.306997e-01	1.961407e+00
717	4.692302e-01	5.149107e-01	1.756229e+00
718	4.656821e-01	5.488353e-01	2.987298e+00
719	4.737321e-01	5.084627e-01	2.332682e+00
720	4.561539e-01	5.040191e-01	1.097704e+00
721	5.792174e-01	5.584971e-01	1.954568e+00
722	4.643153e-01	5.203439e-01	1.704446e+00
723	4.684217e-01	5.141338e-01	1.853933e+00
724	4.857676e-01	5.767043e-01	2.829995e+00
725	4.095388e-01	5.424432e-01	2.232047e+00
726	4.297972e-01	4.264437e-01	2.587689e+00
727	7.300703e-01	2.580986e-01	2.698095e+00
729	5.222710e-01	5.481312e-01	1.212995e+00
730	4.645154e-01	5.582556e-01	1.502198e+00
731	4.678581e-01	5.125816e-01	2.614069e+00
732	4.273259e-01	3.738344e-01	2.880801e+00
733	4.608173e-01	5.127841e-01	1.956522e+00
734	5.866637e-01	5.786189e-01	2.745970e+00
735	4.152553e-01	5.220934e-01	1.179775e+00
736	4.572688e-01	4.906491e-01	1.935027e+00
737	4.393170e-01	5.173836e-01	1.975085e+00
738	4.913167e-01	5.594278e-01	1.067416e+00
739	4.893454e-01	5.209158e-01	2.024915e+00
740	4.695729e-01	5.585012e-01	2.810454e+00
741	4.459602e-01	4.680645e-01	2.428432e+00
742	4.804856e-01	5.182041e-01	1.957499e+00
743	4.802470e-01	5.147025e-01	2.306302e+00
744	4.392394e-01	5.037512e-01	2.557401e+00
745	4.657595e-01	5.213792e-01	1.243283e+00
746	4.179317e-01	4.986947e-01	2.429409e+00
747	4.783191e-01	4.901177e-01	2.523205e+00
748	2.462686e-01	3.949322e-01	2.842697e+00
749	4.714148e-01	5.120148e-01	2.247680e+00
750	4.250373e-01	4.885097e-01	2.000489e+00
751	4.956271e-01	5.272716e-01	2.446019e+00
752	4.654804e-01	5.167809e-01	2.360039e+00
753	5.569839e-01	6.857693e-01	2.567171e+00
754	4.597761e-01	4.909446e-01	2.415730e+00
755	4.445018e-01	5.502758e-01	1.989741e+00
756	4.707519e-01	5.155563e-01	2.908158e+00
757	5.148714e-01	3.833840e-01	2.731314e+00
758	4.665018e-01	5.180822e-01	2.544700e+00
759	4.671009e-01	5.125501e-01	2.890572e+00
760	4.694929e-01	5.159293e-01	1.654617e+00
761	4.721602e-01	5.104059e-01	1.008793e+00
762	4.586010e-01	5.065658e-01	1.260870e+00
763	4.084495e-01	4.979149e-01	1.347826e+00
764	4.535232e-01	5.312353e-01	1.325354e+00
765	4.605050e-01	5.137172e-01	1.420127e+00
766	6.200647e-01	6.402211e-01	2.845628e+00
767	4.336549e-01	4.956259e-01	1.853933e+00
768	4.670864e-01	5.128515e-01	1.303859e+00
769	4.439914e-01	4.236104e-01	1.294089e+00
770	8.481205e-01	1.043639e-01	1.675134e+00
771	4.510557e-01	4.195029e-01	2.417684e+00
772	4.774361e-01	5.477327e-01	2.053249e+00
773	4.600558e-01	5.080534e-01	1.276502e+00
774	4.097775e-01	2.888465e-01	2.779189e+00
775	4.185239e-01	7.383550e-01	1.984856e+00
776	5.728569e-01	3.605518e-01	2.295554e+00
777	4.693168e-01	5.213870e-01	1.652662e+00
778	4.591926e-01	4.969492e-01	2.464582e+00
779	4.674288e-01	5.166002e-01	1.763068e+00
780	4.722668e-01	5.005825e-01	2.026869e+00
781	3.894002e-01	4.290280e-01	1.160234e+00
782	3.367510e-01	5.424033e-01	2.302394e+00
783	4.339408e-01	5.075930e-01	1.384954e+00
784	4.936110e-01	5.179894e-01	2.598437e+00
785	5.607618e-01	5.163845e-01	2.130435e+00
786	4.499977e-01	5.361283e-01	1.690767e+00
787	4.417259e-01	5.405570e-01	1.940889e+00
788	4.691018e-01	5.186525e-01	2.099170e+00
