770
0	1.663789e-02	2.556635e-01	1.398632e+00
1	5.208059e-01	5.741354e-01	1.108451e+00
2	4.208835e-01	4.409630e-01	2.925745e+00
3	4.287492e-01	4.582287e-01	2.732291e+00
4	5.131008e-01	7.654986e-01	1.257938e+00
5	5.418255e-01	5.722158e-01	2.424524e+00
6	8.065379e-01	9.660591e-01	1.383000e+00
7	4.669132e-01	5.500429e-01	2.705911e+00
8	4.673375e-01	5.538576e-01	2.442110e+00
9	4.636396e-01	5.024092e-01	2.233024e+00
10	4.532211e-01	4.016409e-01	2.376649e+00
11	4.646531e-01	5.008657e-01	1.556913e+00
12	4.816143e-01	5.633165e-01	2.950171e+00
13	5.214135e-01	5.995035e-01	1.066439e+00
14	4.675121e-01	5.031582e-01	1.626282e+00
15	2.259580e-01	4.955979e-01	1.306790e+00
16	4.632007e-01	5.058147e-01	2.902296e+00
17	4.494133e-01	5.308255e-01	1.195408e+00
18	5.169022e-01	5.196557e-01	1.785540e+00
19	4.897992e-01	5.566135e-01	1.248168e+00
20	4.927960e-01	4.983616e-01	1.863703e+00
21	5.289421e-01	5.506865e-01	2.671715e+00
22	4.694647e-01	5.122466e-01	2.487054e+00
23	3.095925e-01	3.089640e-01	1.946751e+00
24	4.529780e-01	3.567731e-01	1.303859e+00
25	6.745202e-01	6.381001e-01	2.152907e+00
26	4.470925e-01	5.105775e-01	1.388862e+00
27	4.308578e-01	4.778122e-01	1.591109e+00
28	4.481913e-01	4.428549e-01	2.205667e+00
29	4.819433e-01	5.283341e-01	2.181241e+00
30	5.978987e-01	4.425462e-01	1.475818e+00
31	5.088266e-01	4.635207e-01	2.309233e+00
32	4.976374e-01	5.262996e-01	2.073766e+00
33	2.443855e-01	2.549559e-01	2.331705e+00
34	5.011855e-01	5.291225e-01	1.126038e+00
35	5.118751e-01	3.495830e-01	2.235955e+00
36	5.323788e-01	6.071010e-01	2.805569e+00
37	4.691730e-01	6.375651e-01	2.555447e+00
38	4.676684e-01	5.140375e-01	2.559355e+00
39	4.500808e-01	4.885834e-01	1.895945e+00
40	5.215006e-01	5.529814e-01	1.282364e+00
41	5.548594e-01	6.351903e-01	2.750855e+00
42	4.668339e-01	5.063056e-01	2.412799e+00
43	4.464227e-01	4.951154e-01	2.557401e+00
44	3.572939e-01	4.454439e-01	1.648754e+00
45	4.390289e-01	4.367060e-01	1.721055e+00
46	4.215933e-01	3.920813e-01	2.588666e+00
47	4.470660e-01	5.096265e-01	1.525647e+00
48	4.669372e-01	5.122399e-01	2.751832e+00
49	3.844383e-01	3.595811e-01	2.625794e+00
50	4.381841e-01	3.852525e-01	1.663410e+00
51	4.565584e-01	4.988401e-01	2.560332e+00
52	4.703336e-01	4.963158e-01	1.696629e+00
53	4.800147e-01	4.952967e-01	1.506106e+00
54	4.681210e-01	5.124967e-01	2.675623e+00
55	4.101787e-01	4.373630e-01	2.497802e+00
56	3.613129e-01	3.713989e-01	1.031265e+00
57	4.303485e-01	4.841630e-01	2.361993e+00
58	4.648035e-01	4.201603e-01	1.866634e+00
60	3.962927e-01	2.080758e-01	1.503175e+00
61	4.666937e-01	5.799327e-01	2.449927e+00
62	4.675500e-01	5.211501e-01	2.831949e+00
63	4.449320e-01	4.997400e-01	2.317049e+00
64	4.567523e-01	4.978713e-01	2.353200e+00
65	4.645727e-01	5.066054e-01	2.575965e+00
66	4.987695e-01	4.720392e-01	2.922814e+00
67	5.267971e-01	5.895351e-01	2.289692e+00
68	4.786917e-01	4.275265e-01	2.766488e+00
69	4.693344e-01	5.863988e-01	1.522716e+00
70	5.489139e-01	4.513917e-01	2.769419e+00
71	4.454407e-01	4.943058e-01	1.110405e+00
72	3.949632e-01	4.674851e-01	1.412311e+00
73	4.903253e-01	3.028398e-01	1.951637e+00
74	6.267277e-01	5.302605e-01	1.449438e+00
75	5.367100e-01	3.223493e-01	2.176356e+00
76	4.838685e-01	5.892062e-01	1.212995e+00
77	4.808475e-01	4.930864e-01	1.872496e+00
78	4.787745e-01	5.170363e-01	1.606742e+00
79	4.120885e-01	4.906486e-01	1.183683e+00
80	4.706576e-01	5.899841e-01	2.736199e+00
81	4.652441e-01	5.058199e-01	1.617489e+00
82	4.525459e-01	5.002518e-01	2.456766e+00
83	5.999570e-01	6.088532e-01	1.406448e+00
84	4.628353e-01	4.946438e-01	2.453835e+00
85	4.638089e-01	5.011850e-01	2.712750e+00
86	4.627782e-01	4.986937e-01	2.877870e+00
87	6.436349e-01	6.474270e-01	1.533464e+00
88	3.624032e-01	4.316056e-01	2.169516e+00
89	4.813698e-01	5.689317e-01	2.483146e+00
90	4.445203e-01	4.907748e-01	1.538349e+00
91	4.790003e-01	4.992479e-01	1.117245e+00
92	4.872512e-01	5.191394e-01	2.709819e+00
93	4.579436e-01	5.459387e-01	2.929653e+00
94	3.323690e-01	4.437954e-01	2.125550e+00
95	6.953510e-01	5.555638e-01	2.148999e+00
96	4.551125e-01	5.033249e-01	1.206155e+00
98	4.680478e-01	5.149615e-01	1.997557e+00
99	5.061393e-01	4.379717e-01	1.753298e+00
100	4.811981e-01	5.037231e-01	1.491451e+00
101	4.658568e-01	5.044994e-01	2.381534e+00
102	4.945097e-01	5.222239e-01	1.837323e+00
103	3.738691e-01	5.235726e-01	2.723498e+00
104	5.438468e-01	7.699024e-01	1.216903e+00
105	4.654210e-01	4.993868e-01	1.385931e+00
107	4.814310e-01	5.018148e-01	1.887152e+00
108	4.690076e-01	4.390909e-01	1.869565e+00
109	5.188740e-01	5.113339e-01	2.657059e+00
110	4.787168e-01	4.504089e-01	1.905716e+00
111	4.897898e-01	4.848347e-01	2.319980e+00
113	3.576396e-01	8.151490e-01	1.155349e+00
114	4.666157e-01	5.012565e-01	1.261847e+00
115	3.618570e-01	3.816513e-01	1.308745e+00
116	4.438645e-01	6.996445e-01	1.148510e+00
117	4.872964e-01	5.769975e-01	1.865657e+00
118	4.456499e-01	4.666826e-01	2.988276e+00
119	3.706888e-01	4.810161e-01	1.479726e+00
120	4.992854e-01	5.739371e-01	2.095261e+00
121	4.588605e-01	5.380846e-01	2.442110e+00
122	2.651802e-01	4.320126e-01	1.070347e+00
123	4.461080e-01	4.251681e-01	1.417196e+00
124	4.449111e-01	4.773730e-01	2.817294e+00
126	4.100970e-01	4.775095e-01	2.738153e+00
127	4.361614e-01	3.538954e-01	2.338544e+00
128	5.050765e-01	8.491047e-01	1.282364e+00
129	4.473225e-01	5.107464e-01	2.676600e+00
130	5.086248e-01	8.332101e-01	2.443087e+00
132	3.793915e-01	5.180974e-01	1.220811e+00
133	5.907551e-01	2.439812e-01	2.407914e+00
134	4.336308e-01	4.018362e-01	2.277968e+00
135	4.774029e-01	4.891810e-01	2.409868e+00
136	4.813186e-01	5.290915e-01	2.083537e+00
137	4.970859e-01	4.826591e-01	2.286761e+00
138	6.681192e-01	1.282629e-01	1.194431e+00
139	4.607527e-01	4.959479e-01	2.818271e+00
140	5.652053e-01	5.182668e-01	2.827064e+00
141	5.034304e-01	5.070150e-01	1.684905e+00
142	4.463576e-01	5.055056e-01	1.999511e+00
143	4.590706e-01	4.896077e-01	1.956522e+00
144	4.923513e-01	4.832296e-01	2.323889e+00
145	5.508151e-01	5.010608e-01	2.501710e+00
146	5.462836e-01	4.849855e-01	2.395213e+00
147	5.391863e-01	6.257742e-01	2.719590e+00
148	4.623772e-01	5.041376e-01	2.937469e+00
149	4.238045e-01	4.741532e-01	2.803615e+00
150	3.461768e-01	3.518654e-01	1.794333e+00
151	4.506132e-01	5.064755e-01	2.611138e+00
152	4.744545e-01	5.543554e-01	1.724963e+00
153	4.655487e-01	4.974091e-01	1.983879e+00
154	4.605390e-01	5.008985e-01	2.181241e+00
155	4.236268e-01	4.692531e-01	1.295066e+00
156	4.977726e-01	5.386498e-01	1.970200e+00
157	4.562102e-01	4.918639e-01	2.387396e+00
158	3.568630e-01	5.901094e-01	2.386419e+00
159	5.808792e-01	4.995446e-01	2.647289e+00
160	4.454661e-01	4.948768e-01	1.686859e+00
161	4.783988e-01	5.273454e-01	1.553981e+00
162	4.668774e-01	4.939257e-01	1.764045e+00
163	7.278929e-01	6.176012e-01	1.632145e+00
164	4.628448e-01	5.022518e-01	1.235467e+00
165	4.504264e-01	4.902088e-01	2.251588e+00
166	4.532329e-01	4.787030e-01	1.751343e+00
167	4.341584e-01	6.449460e-01	1.715193e+00
168	4.663153e-01	5.081675e-01	2.109917e+00
169	4.733769e-01	5.571146e-01	2.137274e+00
170	3.612349e-01	4.802043e-01	2.099170e+00
171	4.252994e-01	3.983181e-01	2.057157e+00
172	4.952813e-01	4.703464e-01	2.246702e+00
173	4.843170e-01	5.244652e-01	1.894968e+00
174	4.862881e-01	6.090171e-01	2.453835e+00
175	4.403158e-01	4.616095e-01	2.834880e+00
176	5.859150e-01	5.248979e-01	2.215437e+00
177	4.674418e-01	5.077122e-01	2.153884e+00
178	4.709998e-01	5.000656e-01	2.475330e+00
179	5.726301e-01	6.143041e-01	1.274548e+00
180	4.846843e-01	5.558617e-01	2.127504e+00
181	4.768068e-01	5.002434e-01	1.790425e+00
182	6.343100e-01	7.480532e-01	1.736688e+00
183	3.809453e-01	6.119852e-01	1.692721e+00
184	3.978633e-01	3.960122e-01	2.042501e+00
185	4.003177e-01	6.080441e-01	1.468979e+00
186	4.282716e-01	5.195555e-01	1.784563e+00
188	4.245452e-01	4.664803e-01	1.839277e+00
189	4.733786e-01	5.018279e-01	1.175867e+00
190	4.717312e-01	4.767860e-01	2.807523e+00
191	2.269544e-01	5.620035e-01	2.811431e+00
192	4.133494e-01	4.858304e-01	1.192477e+00
193	6.124328e-01	2.758894e-01	1.620420e+00
194	3.886531e-01	4.138975e-01	2.624817e+00
195	4.719475e-01	5.054267e-01	2.806546e+00
196	3.995937e-01	3.655695e-01	1.763068e+00
197	2.558308e-01	3.639291e-01	2.060088e+00
198	7.749408e-01	4.408902e-01	2.458720e+00
199	4.613587e-01	4.731800e-01	2.463605e+00
200	4.449779e-01	1.765732e-01	1.141671e+00
201	4.648496e-01	4.999266e-01	1.146556e+00
202	5.426650e-01	5.786224e-01	1.395701e+00
203	4.016067e-01	5.594194e-01	1.755252e+00
204	4.375172e-01	4.837441e-01	2.901319e+00
205	3.658069e-01	4.455462e-01	2.123596e+00
206	5.036780e-01	5.637690e-01	1.652662e+00
207	4.893830e-01	5.465438e-01	1.199316e+00
208	5.187704e-01	5.536196e-01	2.170493e+00
209	2.231403e-01	4.417130e-01	2.733268e+00
210	3.971784e-01	4.904721e-01	1.545188e+00
211	4.467916e-01	5.300207e-01	1.376160e+00
212	4.702013e-01	5.248380e-01	1.621397e+00
213	4.693771e-01	4.986931e-01	1.883244e+00
214	4.756768e-01	5.152761e-01	1.612604e+00
215	4.696442e-01	5.329298e-01	2.909135e+00
216	4.518448e-01	4.901522e-01	1.354665e+00
217	4.476893e-01	5.073448e-01	2.770396e+00
218	3.655251e-01	5.901659e-01	2.148999e+00
219	4.429858e-01	4.588944e-01	2.624817e+00
220	3.833744e-01	4.515949e-01	2.697118e+00
221	4.442023e-01	5.433629e-01	1.938935e+00
222	7.502243e-01	5.060715e-01	1.854910e+00
223	4.659149e-01	3.498914e-01	2.625794e+00
224	5.186138e-01	8.092520e-01	2.984367e+00
225	4.205522e-01	4.464258e-01	2.693210e+00
226	4.449630e-01	4.860283e-01	2.276014e+00
227	4.837532e-01	5.240644e-01	1.245237e+00
228	4.593774e-01	5.115684e-01	1.489497e+00
229	4.554669e-01	5.080799e-01	2.305325e+00
230	4.699908e-01	5.142197e-01	2.689301e+00
231	5.028104e-01	5.346852e-01	1.346849e+00
232	4.982988e-01	5.536546e-01	2.447973e+00
233	5.061438e-01	4.889043e-01	1.591109e+00
234	3.868644e-01	3.585937e-01	1.931119e+00
235	4.259017e-01	4.673353e-01	2.687347e+00
236	4.625165e-01	5.035338e-01	2.787982e+00
237	4.490523e-01	4.866852e-01	1.510015e+00
238	4.810876e-01	5.126308e-01	2.193942e+00
239	4.110423e-01	4.667109e-01	2.918906e+00
240	4.407498e-01	4.782366e-01	1.734734e+00
241	4.492878e-01	5.870419e-01	1.119199e+00
242	3.988000e-01	3.822290e-01	1.631168e+00
243	4.792714e-01	5.515812e-01	1.258915e+00
244	4.658941e-01	5.555276e-01	2.458720e+00
245	3.897419e-01	4.067590e-01	2.134343e+00
246	4.685393e-01	5.047562e-01	2.662921e+00
247	4.650051e-01	5.396114e-01	2.924768e+00
248	5.107251e-01	5.822519e-01	2.983390e+00
250	7.924036e-01	9.526030e-01	2.763556e+00
251	7.368216e-01	8.609466e-01	2.374695e+00
252	4.030937e-01	5.672835e-01	1.703468e+00
253	4.805666e-01	5.800100e-01	1.246214e+00
254	5.333475e-01	7.011725e-01	2.925745e+00
255	4.546922e-01	4.841694e-01	1.857841e+00
256	4.437709e-01	4.879554e-01	2.601368e+00
257	4.864488e-01	5.380523e-01	2.413776e+00
258	4.726046e-01	5.227164e-01	2.569126e+00
259	4.671024e-01	5.432048e-01	1.865657e+00
260	4.626926e-01	5.055796e-01	2.574988e+00
261	4.868578e-01	5.120084e-01	1.598925e+00
262	5.355597e-01	4.431260e-01	2.264289e+00
263	4.133704e-01	5.666115e-01	1.176844e+00
264	3.331611e-01	4.226937e-01	1.061553e+00
265	4.479208e-01	4.828820e-01	2.526136e+00
266	4.885513e-01	5.636248e-01	1.928188e+00
267	4.108963e-01	5.296984e-01	2.006351e+00
268	4.743314e-01	5.249423e-01	1.041036e+00
269	5.160613e-01	5.153469e-01	1.793356e+00
270	3.429995e-01	3.904472e-01	1.860772e+00
271	4.515670e-01	5.251242e-01	1.389839e+00
272	4.590454e-01	4.924207e-01	1.052760e+00
273	3.755079e-01	3.828528e-01	1.156326e+00
274	2.717052e-01	3.368369e-01	1.981925e+00
275	5.472811e-01	7.797806e-01	2.256473e+00
276	4.572176e-01	4.922404e-01	2.368832e+00
277	4.820032e-01	5.030622e-01	2.024915e+00
279	5.417333e-01	5.618222e-01	1.348803e+00
280	4.818136e-01	5.413923e-01	2.472399e+00
281	5.693304e-01	5.873452e-01	2.288715e+00
282	5.295566e-01	5.975351e-01	2.745970e+00
283	4.869110e-01	5.188668e-01	2.490962e+00
284	2.131986e-01	3.944704e-01	2.515388e+00
285	5.090446e-01	6.784626e-01	1.545188e+00
286	4.529241e-01	5.005177e-01	2.662921e+00
287	4.896737e-01	5.731742e-01	2.264289e+00
288	4.668750e-01	4.991235e-01	2.905227e+00
289	3.902498e-01	3.919738e-01	1.058622e+00
290	4.410945e-01	5.236214e-01	2.152907e+00
291	7.829301e-01	9.375576e-01	2.784074e+00
292	4.789997e-01	5.017195e-01	2.445042e+00
293	7.069925e-01	9.248438e-01	2.852467e+00
294	5.311776e-01	5.208825e-01	2.070835e+00
295	4.825315e-01	4.593767e-01	1.406448e+00
296	2.978831e-01	1.775381e-01	1.751343e+00
297	4.853495e-01	4.848266e-01	2.077675e+00
298	4.138200e-01	5.008923e-01	1.601856e+00
299	4.687102e-01	5.460840e-01	2.048363e+00
300	4.888297e-01	5.474605e-01	2.781143e+00
301	4.603599e-01	5.059367e-01	2.779189e+00
302	4.547399e-01	5.002877e-01	2.617978e+00
303	4.451416e-01	3.925091e-01	1.698583e+00
304	5.301695e-01	6.271494e-01	1.948705e+00
305	4.828927e-01	5.277347e-01	1.416219e+00
306	6.311079e-01	3.377771e-01	1.745481e+00
307	4.548363e-01	4.992830e-01	2.291646e+00
308	6.745364e-01	9.011058e-01	1.868588e+00
309	4.348905e-01	5.046942e-01	2.511480e+00
310	4.619672e-01	4.969066e-01	2.596483e+00
311	4.139501e-01	4.414655e-01	2.855398e+00
312	5.134863e-01	5.542406e-01	1.312653e+00
313	4.984126e-01	5.595067e-01	1.787494e+00
314	4.697306e-01	5.121153e-01	2.252565e+00
315	5.317683e-01	5.677436e-01	1.978017e+00
316	4.562020e-01	6.426866e-01	2.965804e+00
317	4.455974e-01	4.880406e-01	2.221299e+00
318	4.040461e-01	6.319230e-01	1.701514e+00
319	5.088680e-01	5.806309e-01	1.135809e+00
320	4.774372e-01	4.809143e-01	2.997069e+00
322	6.293827e-01	5.314315e-01	2.362970e+00
323	4.825643e-01	5.086886e-01	2.553493e+00
324	4.656528e-01	5.477286e-01	1.347826e+00
325	5.149623e-01	8.645152e-01	2.896434e+00
326	4.666654e-01	5.015997e-01	1.857841e+00
327	4.506261e-01	4.177444e-01	1.669272e+00
328	4.601619e-01	5.192768e-01	1.726917e+00
329	4.845889e-01	5.338525e-01	2.604299e+00
330	5.213122e-01	5.531598e-01	2.089399e+00
331	4.729604e-01	5.462773e-01	1.552027e+00
332	5.398719e-01	5.333854e-01	1.769907e+00
333	4.953212e-01	5.374710e-01	1.382022e+00
334	5.309819e-01	7.017628e-01	2.510503e+00
335	4.445988e-01	5.027490e-01	1.640938e+00
336	4.424643e-01	5.009770e-01	2.933561e+00
337	4.365479e-01	5.097211e-01	1.033219e+00
338	4.951460e-01	5.047594e-01	1.408403e+00
339	4.815099e-01	5.195415e-01	2.767465e+00
340	4.310590e-01	4.822543e-01	1.526624e+00
341	3.774385e-01	4.399313e-01	1.456277e+00
342	4.552209e-01	4.699483e-01	1.054714e+00
343	4.603876e-01	4.667469e-01	2.601368e+00
344	4.990796e-01	8.674810e-01	2.193942e+00
346	4.680337e-01	5.165089e-01	1.564729e+00
347	4.415833e-01	4.914100e-01	1.679043e+00
348	2.963781e-01	6.251963e-01	2.034685e+00
349	4.649521e-01	5.291388e-01	2.564240e+00
350	5.941904e-01	5.879274e-01	2.311187e+00
351	6.550187e-01	6.058766e-01	1.297997e+00
352	4.592490e-01	4.946035e-01	2.873962e+00
353	5.048987e-01	4.800478e-01	2.202736e+00
354	4.641003e-01	5.050471e-01	2.653151e+00
355	6.991591e-01	5.477921e-01	2.461651e+00
356	4.713885e-01	5.043463e-01	1.679043e+00
357	5.127119e-01	5.284510e-01	2.991207e+00
358	5.357964e-01	6.146976e-01	2.857352e+00
359	5.085303e-01	5.422744e-01	1.913532e+00
360	4.003080e-01	4.674130e-01	1.216903e+00
361	7.196935e-01	6.639257e-01	1.214949e+00
362	3.861324e-01	5.532045e-01	1.005862e+00
363	4.450881e-01	4.639207e-01	2.227162e+00
364	4.553120e-01	4.830177e-01	1.723009e+00
366	3.896216e-01	4.917548e-01	1.692721e+00
367	4.724461e-01	5.006571e-01	1.154372e+00
368	4.855173e-01	5.283242e-01	1.851001e+00
369	4.626806e-01	5.050597e-01	2.418661e+00
370	4.977510e-01	5.344162e-01	1.874450e+00
371	3.907862e-01	5.529087e-01	1.591109e+00
372	4.899768e-01	5.097671e-01	2.199805e+00
373	3.697619e-01	4.265369e-01	2.208598e+00
374	4.472270e-01	4.067319e-01	1.322423e+00
375	5.134886e-01	5.416453e-01	2.361016e+00
376	4.220538e-01	5.523633e-01	1.815828e+00
377	4.621696e-01	5.053639e-01	1.328285e+00
378	4.738484e-01	5.012721e-01	1.883244e+00
379	4.544583e-01	4.429352e-01	1.599902e+00
380	2.235083e-01	2.276186e-01	2.343429e+00
381	4.739175e-01	5.581537e-01	1.835369e+00
383	2.552261e-01	4.895159e-01	1.698583e+00
384	5.957569e-01	7.395212e-01	2.761602e+00
385	4.242845e-01	8.145228e-01	1.961407e+00
386	5.268182e-01	6.348596e-01	2.449927e+00
387	4.796509e-01	5.290491e-01	2.669761e+00
388	5.845615e-01	4.672781e-01	2.597460e+00
389	4.556062e-01	4.894988e-01	2.960918e+00
390	4.868913e-01	5.194759e-01	1.655594e+00
391	5.045055e-01	5.517074e-01	2.572057e+00
392	4.564809e-01	4.997536e-01	1.234489e+00
393	5.046102e-01	5.081865e-01	1.607719e+00
394	4.640555e-01	5.003656e-01	2.643381e+00
395	6.189987e-01	4.688349e-01	1.233512e+00
397	4.268307e-01	6.139944e-01	1.083048e+00
398	6.516693e-01	8.387921e-01	2.453835e+00
399	5.176529e-01	4.927541e-01	2.169516e+00
400	4.402234e-01	4.642221e-01	1.634099e+00
401	5.391847e-01	4.440188e-01	1.314607e+00
402	4.969931e-01	5.224376e-01	2.292623e+00
403	5.313547e-01	6.065690e-01	1.759160e+00
404	4.683632e-01	4.379273e-01	2.942355e+00
405	3.941690e-01	4.034648e-01	1.358574e+00
406	5.098345e-01	5.537200e-01	1.474841e+00
407	4.885188e-01	2.639477e-01	2.850513e+00
408	4.776410e-01	5.533940e-01	2.543723e+00
409	4.716910e-01	4.779613e-01	1.170005e+00
410	4.240866e-01	4.665017e-01	2.011236e+00
411	4.967308e-01	4.745562e-01	2.982413e+00
412	4.763459e-01	4.560797e-01	1.578407e+00
413	5.524595e-01	6.321330e-01	2.904250e+00
414	4.737898e-01	5.210528e-01	2.948217e+00
415	4.674235e-01	5.047784e-01	1.856864e+00
416	4.173851e-01	4.428108e-01	1.780655e+00
417	4.790923e-01	5.012590e-01	1.223742e+00
418	4.527945e-01	4.821451e-01	2.928676e+00
419	4.631616e-01	4.697929e-01	1.055691e+00
420	4.732190e-01	5.115954e-01	2.823156e+00
421	4.614746e-01	5.065364e-01	2.886663e+00
422	4.614035e-01	4.717068e-01	1.391793e+00
423	5.962073e-01	6.581562e-01	1.467025e+00
424	4.274425e-01	4.778733e-01	1.512946e+00
425	4.734266e-01	8.297652e-01	1.960430e+00
426	4.887767e-01	8.334563e-01	2.254519e+00
427	5.129454e-01	6.516468e-01	2.899365e+00
428	4.688807e-01	5.035971e-01	1.247191e+00
429	4.535563e-01	4.936125e-01	1.802149e+00
430	4.765321e-01	5.132735e-01	1.663410e+00
431	5.932084e-01	6.252784e-01	2.556424e+00
432	3.572460e-01	3.752065e-01	2.947240e+00
433	4.475934e-01	5.045691e-01	2.475330e+00
434	4.663972e-01	5.291380e-01	2.923791e+00
435	5.118928e-01	4.928443e-01	2.906204e+00
436	5.045406e-01	2.671795e-02	2.668784e+00
437	4.671638e-01	5.042957e-01	2.476307e+00
438	5.812589e-01	4.544885e-01	2.065950e+00
439	4.615008e-01	5.037680e-01	1.983879e+00
440	3.878768e-01	4.532128e-01	1.637030e+00
441	6.789655e-01	5.862669e-01	1.338056e+00
442	3.604514e-01	5.003888e-01	2.406937e+00
443	7.345763e-01	4.426925e-01	1.422081e+00
444	4.869953e-01	5.204690e-01	2.956033e+00
445	4.528100e-01	5.051755e-01	2.601368e+00
446	4.186971e-01	3.687128e-01	1.846116e+00
447	4.740962e-01	5.095046e-01	1.264778e+00
448	4.243696e-01	4.267213e-01	1.119199e+00
449	4.989684e-01	5.681148e-01	1.956522e+00
450	5.437487e-01	3.473271e-01	2.971666e+00
451	4.588930e-01	5.038304e-01	2.149976e+00
452	4.295875e-01	5.724555e-01	1.574499e+00
453	6.767300e-01	7.051217e-01	1.775769e+00
455	4.304357e-01	4.463720e-01	2.984367e+00
456	4.515563e-01	4.987188e-01	1.577430e+00
457	4.339493e-01	4.942812e-01	2.955056e+00
458	4.897613e-01	4.985187e-01	2.865169e+00
459	4.852491e-01	5.388062e-01	1.672203e+00
461	3.375744e-01	4.424828e-01	2.513434e+00
462	4.317256e-01	4.383967e-01	1.853933e+00
463	4.740716e-01	4.954785e-01	2.858329e+00
464	4.828358e-01	6.526367e-01	1.574499e+00
465	4.729796e-01	4.342133e-01	1.432829e+00
466	4.571850e-01	5.150299e-01	1.500244e+00
467	4.396859e-01	3.588122e-01	1.323400e+00
468	4.470357e-01	5.155176e-01	2.147044e+00
469	4.471303e-01	4.724176e-01	2.698095e+00
470	4.436593e-01	4.810865e-01	1.364436e+00
471	4.975592e-01	7.120270e-01	2.076698e+00
472	4.574004e-01	5.038234e-01	2.011236e+00
473	4.980161e-01	5.823071e-01	1.215926e+00
474	4.620071e-01	4.934521e-01	2.299463e+00
475	4.348677e-01	4.913140e-01	1.683928e+00
476	4.442081e-01	5.073469e-01	2.081583e+00
477	4.544631e-01	5.100919e-01	2.350269e+00
478	2.998508e-01	4.816934e-01	2.728383e+00
479	4.226726e-01	3.647562e-01	1.194431e+00
480	5.794731e-01	5.827292e-01	2.515388e+00
481	6.384812e-01	6.983672e-01	1.865657e+00
482	3.269547e-01	3.791379e-01	1.802149e+00
483	4.116617e-01	4.484862e-01	1.367367e+00
484	5.537002e-01	5.836088e-01	1.148510e+00
485	3.844690e-01	4.319715e-01	2.427455e+00
486	6.150319e-01	4.933917e-01	2.196873e+00
487	5.632417e-01	5.235426e-01	2.386419e+00
488	5.035813e-01	5.696363e-01	1.294089e+00
489	5.058481e-01	6.190441e-01	1.687836e+00
490	4.436892e-01	5.379854e-01	1.146556e+00
491	7.120532e-01	4.045444e-01	1.597948e+00
492	5.018390e-01	4.859156e-01	2.412799e+00
493	3.696584e-01	4.204514e-01	1.227650e+00
494	4.674942e-01	6.249750e-01	2.522228e+00
495	4.428709e-01	4.780939e-01	1.437714e+00
496	4.490154e-01	4.924442e-01	1.523693e+00
497	5.656139e-01	4.936791e-01	1.221788e+00
498	4.647904e-01	4.428790e-01	1.652662e+00
499	4.916072e-01	5.164916e-01	1.269663e+00
500	4.714871e-01	5.102365e-01	2.967758e+00
501	4.564258e-01	5.105518e-01	2.546654e+00
502	3.741825e-01	7.223035e-01	1.818759e+00
503	4.107876e-01	4.601792e-01	1.919394e+00
504	4.561340e-01	4.762111e-01	2.563263e+00
505	4.698756e-01	5.187913e-01	1.451392e+00
506	5.192220e-01	5.039708e-01	1.718124e+00
507	4.423526e-01	4.876405e-01	1.207132e+00
508	4.629868e-01	5.069147e-01	1.236444e+00
509	4.381960e-01	5.288772e-01	2.622863e+00
510	4.509967e-01	3.215078e-01	2.549585e+00
511	4.545215e-01	4.989269e-01	2.966781e+00
512	3.682962e-01	4.307814e-01	2.395213e+00
513	4.317597e-01	5.317059e-01	1.534441e+00
514	5.557795e-01	6.351361e-01	1.550073e+00
515	4.128234e-01	4.020387e-01	1.610650e+00
516	4.880129e-01	4.590983e-01	1.612604e+00
517	4.761083e-01	4.952896e-01	1.086957e+00
518	3.759621e-01	5.857254e-01	2.282853e+00
519	4.812509e-01	9.007212e-01	1.573522e+00
520	4.754999e-01	4.970715e-01	2.497802e+00
521	4.529105e-01	4.979385e-01	1.752320e+00
523	4.741969e-01	4.968605e-01	1.209086e+00
524	5.760231e-01	6.269190e-01	2.755740e+00
525	6.058123e-01	4.116307e-01	1.499267e+00
526	4.579800e-01	5.181184e-01	1.014656e+00
527	3.955203e-01	2.151881e-01	2.891549e+00
528	4.764510e-01	5.138744e-01	2.478261e+00
529	5.400013e-01	6.390443e-01	1.898876e+00
530	4.328279e-01	5.052569e-01	1.188569e+00
531	4.310835e-01	4.617540e-01	2.785051e+00
532	4.717700e-01	5.028926e-01	2.945286e+00
533	5.502498e-01	5.982449e-01	2.458720e+00
534	4.171262e-01	6.199205e-01	2.673669e+00
535	4.635841e-01	4.947702e-01	1.399609e+00
536	4.562903e-01	5.239968e-01	2.604299e+00
537	4.684465e-01	5.069206e-01	1.529555e+00
538	4.627937e-01	5.014659e-01	2.823156e+00
539	4.674279e-01	5.101671e-01	2.826087e+00
540	5.112772e-01	5.739970e-01	2.844651e+00
541	5.348165e-01	4.759694e-01	2.290669e+00
542	4.788677e-01	4.800369e-01	2.570103e+00
543	4.443160e-01	5.052424e-01	2.396190e+00
544	5.015893e-01	4.205282e-01	1.318515e+00
545	4.957727e-01	5.530253e-01	2.605276e+00
546	3.880858e-01	6.830922e-01	2.683439e+00
547	5.709802e-01	2.772786e-01	1.587201e+00
548	5.471436e-01	6.112774e-01	1.375183e+00
549	4.528790e-01	5.295291e-01	2.298486e+00
550	4.329323e-01	3.798554e-01	1.285296e+00
551	4.571702e-01	4.996997e-01	2.983390e+00
552	3.083599e-01	4.373758e-01	1.195408e+00
553	4.532293e-01	5.125908e-01	2.414753e+00
554	4.357724e-01	5.456783e-01	1.843185e+00
555	5.216007e-01	5.566886e-01	2.396190e+00
556	4.494923e-01	5.402473e-01	3.000000e+00
557	4.443292e-01	5.123363e-01	2.728383e+00
559	4.760301e-01	5.214821e-01	1.944797e+00
560	3.956173e-01	3.110240e-01	2.883732e+00
561	3.890459e-01	3.724284e-01	2.383488e+00
562	4.210018e-01	5.857793e-01	2.506595e+00
563	4.740153e-01	5.410472e-01	1.786517e+00
564	4.921335e-01	4.284299e-01	2.893503e+00
565	4.713742e-01	5.128548e-01	2.981436e+00
566	4.533165e-01	4.443192e-01	2.663898e+00
567	4.862717e-01	5.414118e-01	2.227162e+00
568	4.473639e-01	5.138161e-01	1.527601e+00
569	4.172798e-01	3.374784e-01	2.610161e+00
570	2.550918e-01	3.156231e-01	1.058622e+00
571	4.974718e-01	5.613196e-01	2.782120e+00
573	4.417950e-01	5.059662e-01	2.109917e+00
574	4.894005e-01	5.396718e-01	2.074744e+00
575	4.939333e-01	5.162947e-01	2.319003e+00
576	4.603243e-01	5.259511e-01	1.290181e+00
577	4.388512e-01	5.832725e-01	1.286273e+00
578	5.191864e-01	5.549343e-01	1.881290e+00
579	4.501995e-01	4.830795e-01	1.664387e+00
580	3.055183e-01	1.042064e-01	1.242306e+00
581	4.386954e-01	4.567125e-01	1.927211e+00
582	4.682152e-01	4.996788e-01	2.820225e+00
583	6.044373e-01	5.646835e-01	2.792868e+00
584	4.584394e-01	4.699417e-01	1.201270e+00
585	4.878764e-01	5.293569e-01	1.898876e+00
586	4.620358e-01	5.106194e-01	1.782609e+00
587	4.677875e-01	5.050468e-01	1.561798e+00
588	4.675439e-01	5.064270e-01	2.282853e+00
589	4.846581e-01	5.274463e-01	2.210552e+00
590	5.094925e-01	4.521219e-01	1.020518e+00
591	4.836338e-01	5.493879e-01	1.784563e+00
592	4.647964e-01	5.062976e-01	1.275525e+00
593	4.383276e-01	5.289590e-01	1.212995e+00
594	4.482770e-01	4.780203e-01	2.964827e+00
595	4.806207e-01	5.199747e-01	2.079629e+00
596	3.393686e-01	6.031133e-01	1.187592e+00
597	4.471346e-01	4.710195e-01	1.258915e+00
598	4.659833e-01	4.937453e-01	1.999511e+00
599	4.580977e-01	5.000021e-01	1.264778e+00
600	4.525552e-01	4.896207e-01	1.110405e+00
601	2.803715e-01	3.160611e-01	1.107474e+00
602	4.535273e-01	6.081377e-01	1.070347e+00
603	4.657943e-01	4.947935e-01	2.400098e+00
604	4.539677e-01	5.619914e-01	2.871031e+00
605	4.586829e-01	5.022922e-01	2.739130e+00
606	5.100831e-01	5.088179e-01	2.061065e+00
607	5.242605e-01	6.350453e-01	1.073278e+00
608	4.532366e-01	4.669148e-01	2.799707e+00
609	4.837644e-01	5.516990e-01	2.010259e+00
610	4.924223e-01	4.257651e-01	1.700537e+00
611	4.576693e-01	4.918603e-01	1.339033e+00
612	4.873384e-01	5.010001e-01	2.227162e+00
613	6.097441e-01	8.662396e-01	2.482169e+00
614	4.820909e-01	4.805197e-01	2.958964e+00
615	5.577385e-01	4.600947e-01	1.443576e+00
616	4.322957e-01	5.632912e-01	2.381534e+00
617	4.563248e-01	4.774454e-01	1.971177e+00
618	4.634904e-01	4.968257e-01	2.960918e+00
619	5.792854e-01	9.318870e-01	1.812897e+00
620	4.388412e-01	4.860520e-01	1.170982e+00
621	4.891188e-01	4.956386e-01	1.277479e+00
622	4.075945e-01	5.144806e-01	1.176844e+00
623	5.398995e-01	5.569455e-01	1.636053e+00
624	4.118211e-01	4.167308e-01	2.336590e+00
625	4.863321e-01	4.651618e-01	1.343918e+00
626	4.764574e-01	4.909600e-01	1.905716e+00
627	5.245546e-01	5.340566e-01	1.784563e+00
628	4.637056e-01	5.179145e-01	2.063996e+00
629	4.649996e-01	4.914650e-01	2.497802e+00
630	4.896149e-01	4.569012e-01	2.870054e+00
631	5.253232e-01	5.925705e-01	1.729849e+00
632	4.831869e-01	5.263108e-01	2.290669e+00
633	4.648028e-01	5.024424e-01	2.841720e+00
634	4.624827e-01	5.001942e-01	2.195896e+00
635	4.421350e-01	4.660438e-01	1.601856e+00
636	5.013132e-01	5.453542e-01	2.449927e+00
637	5.008419e-01	5.189405e-01	1.462140e+00
638	4.631121e-01	5.060654e-01	2.041524e+00
639	4.629302e-01	5.040030e-01	2.061065e+00
640	4.411053e-01	2.975862e-01	2.130435e+00
641	6.480655e-01	7.118400e-01	2.205667e+00
642	4.455263e-01	4.820543e-01	2.184172e+00
643	4.018974e-01	4.461454e-01	2.747924e+00
644	4.717650e-01	7.368324e-01	2.909135e+00
645	4.614883e-01	5.098216e-01	2.777235e+00
646	4.405908e-01	4.399605e-01	1.295066e+00
647	5.258672e-01	5.865928e-01	1.050806e+00
648	4.373398e-01	7.349183e-01	1.191500e+00
649	4.461368e-01	4.914783e-01	1.198339e+00
650	4.472928e-01	5.017100e-01	2.656082e+00
651	4.588065e-01	4.695131e-01	1.692721e+00
652	6.325057e-01	5.667809e-01	2.330728e+00
653	4.762511e-01	5.163820e-01	1.906693e+00
654	4.935354e-01	4.992531e-01	2.192965e+00
655	4.043441e-01	4.743788e-01	1.200293e+00
656	4.481279e-01	4.880595e-01	2.361016e+00
657	4.094829e-01	3.199170e-01	2.080606e+00
658	4.654826e-01	4.956864e-01	2.017098e+00
659	4.951333e-01	5.587545e-01	2.191011e+00
660	4.796530e-01	2.559831e-01	1.667318e+00
661	3.882863e-01	2.949750e-01	2.229116e+00
662	4.818996e-01	6.699135e-01	1.188569e+00
663	4.778861e-01	5.579153e-01	2.714704e+00
664	4.779593e-01	5.331646e-01	1.979971e+00
665	3.930164e-01	4.063470e-01	2.954079e+00
666	8.691244e-01	7.517162e-01	1.803127e+00
667	4.656535e-01	4.486780e-01	1.039082e+00
668	6.792026e-01	8.516429e-01	1.893014e+00
669	4.960574e-01	5.988504e-01	1.778701e+00
670	2.549689e-01	1.422255e-01	1.807035e+00
671	4.853716e-01	5.532296e-01	1.102589e+00
672	5.367839e-01	2.166737e-01	1.879336e+00
673	4.999186e-01	4.527133e-01	1.984856e+00
674	4.621643e-01	5.036762e-01	2.238886e+00
675	4.612116e-01	5.079072e-01	2.868100e+00
676	4.669022e-01	4.906202e-01	2.748901e+00
677	5.015715e-01	4.982705e-01	1.578407e+00
678	4.743840e-01	5.261402e-01	1.621397e+00
679	4.594201e-01	4.976833e-01	2.657059e+00
680	4.891104e-01	5.359182e-01	2.404983e+00
681	4.433742e-01	4.403235e-01	2.272106e+00
682	4.453990e-01	4.295894e-01	1.463117e+00
683	4.560858e-01	4.891555e-01	2.316072e+00
684	4.544628e-01	4.950565e-01	2.334636e+00
685	4.284736e-01	5.733484e-01	1.365413e+00
686	5.120668e-01	7.062484e-01	2.105032e+00
687	4.334621e-01	4.370284e-01	1.339033e+00
688	4.380092e-01	5.020271e-01	2.932584e+00
689	4.638601e-01	5.110905e-01	2.378603e+00
690	4.726388e-01	5.102660e-01	1.833415e+00
691	4.391878e-01	5.552487e-01	1.663410e+00
692	4.827876e-01	4.844500e-01	2.251588e+00
693	4.374212e-01	6.372197e-01	1.766976e+00
694	4.600856e-01	3.935952e-01	1.575476e+00
695	7.192668e-01	5.973288e-01	2.771373e+00
696	4.635169e-01	4.938181e-01	2.787005e+00
697	4.541481e-01	5.013887e-01	1.959453e+00
698	4.698293e-01	5.271663e-01	2.187103e+00
699	4.636186e-01	5.049134e-01	2.430386e+00
700	5.384408e-01	5.500019e-01	2.679531e+00
701	4.952673e-01	5.675932e-01	2.191988e+00
702	4.630257e-01	5.234596e-01	2.945286e+00
703	4.772335e-01	4.920144e-01	2.793845e+00
704	4.637352e-01	4.696526e-01	2.132389e+00
705	4.206893e-01	4.317047e-01	1.627259e+00
706	4.602754e-01	5.152007e-01	1.623351e+00
707	4.391001e-01	4.935365e-01	2.772350e+00
708	4.584758e-01	4.918385e-01	1.552027e+00
709	3.867915e-01	6.119343e-01	1.180752e+00
710	5.044526e-01	5.390959e-01	1.632145e+00
711	5.105106e-01	9.350876e-01	1.680997e+00
712	4.900343e-01	6.442844e-01	2.828041e+00
713	6.549727e-01	6.498769e-01	1.703468e+00
714	5.793089e-01	4.358444e-01	1.471910e+00
715	4.480123e-01	4.964611e-01	2.368832e+00
716	4.585743e-01	5.134423e-01	1.961407e+00
717	4.697816e-01	5.013774e-01	1.756229e+00
718	5.172226e-01	5.330783e-01	2.987298e+00
719	4.675084e-01	5.014181e-01	2.332682e+00
720	4.457703e-01	4.775505e-01	1.097704e+00
721	3.744175e-01	4.288277e-01	1.954568e+00
722	4.675340e-01	5.076876e-01	1.704446e+00
723	4.620023e-01	5.040788e-01	1.853933e+00
724	4.280901e-01	4.302340e-01	2.829995e+00
725	4.332908e-01	4.520067e-01	2.232047e+00
726	4.807758e-01	5.191151e-01	2.587689e+00
727	6.586800e-01	3.458056e-01	2.698095e+00
728	7.659409e-01	9.782450e-01	1.896922e+00
729	4.462266e-01	4.085235e-01	1.212995e+00
730	5.058030e-01	3.260276e-01	1.502198e+00
731	4.644537e-01	5.059904e-01	2.614069e+00
732	4.851308e-01	6.672149e-01	2.880801e+00
733	4.640192e-01	4.927476e-01	1.956522e+00
734	3.678773e-01	4.462464e-01	2.745970e+00
735	2.968763e-01	2.880270e-01	1.179775e+00
736	4.816312e-01	4.235603e-01	1.935027e+00
737	4.608833e-01	4.833383e-01	1.975085e+00
738	4.441015e-01	4.723213e-01	1.067416e+00
739	5.242252e-01	5.468204e-01	2.024915e+00
740	4.673536e-01	3.481475e-01	2.810454e+00
741	4.222878e-01	4.332393e-01	2.428432e+00
742	4.907433e-01	5.066316e-01	1.957499e+00
743	5.313104e-01	6.456339e-01	2.306302e+00
744	4.633644e-01	5.031874e-01	2.557401e+00
745	4.391219e-01	4.638408e-01	1.243283e+00
746	4.641013e-01	4.607484e-01	2.429409e+00
747	4.777793e-01	5.419736e-01	2.523205e+00
748	5.059663e-01	5.269547e-01	2.842697e+00
749	4.616037e-01	5.067261e-01	2.247680e+00
750	4.677397e-01	5.291003e-01	2.000489e+00
751	4.626548e-01	5.309647e-01	2.446019e+00
752	4.687539e-01	5.031723e-01	2.360039e+00
753	5.556930e-01	4.770630e-01	2.567171e+00
754	4.399546e-01	4.818658e-01	2.415730e+00
755	4.333066e-01	5.110117e-01	1.989741e+00
756	4.573170e-01	5.041630e-01	2.908158e+00
757	5.390441e-01	6.705709e-01	2.731314e+00
758	4.672987e-01	5.045634e-01	2.544700e+00
759	4.634107e-01	5.058380e-01	2.890572e+00
760	4.650437e-01	5.065624e-01	1.654617e+00
761	4.694891e-01	4.966583e-01	1.008793e+00
762	5.247093e-01	5.642186e-01	1.260870e+00
763	4.641530e-01	4.322797e-01	1.347826e+00
764	4.774203e-01	4.947050e-01	1.325354e+00
765	4.612752e-01	5.146402e-01	1.420127e+00
766	4.044671e-01	3.912092e-01	2.845628e+00
767	4.672774e-01	4.889318e-01	1.853933e+00
768	4.753346e-01	5.155653e-01	1.303859e+00
769	5.094201e-01	5.743537e-01	1.294089e+00
770	8.790959e-01	1.027760e-01	1.675134e+00
771	5.687324e-01	4.845906e-01	2.417684e+00
772	4.271632e-01	4.722045e-01	2.053249e+00
773	4.675417e-01	4.806818e-01	1.276502e+00
774	4.935450e-01	5.826936e-01	2.779189e+00
775	3.315784e-01	8.362730e-01	1.984856e+00
776	3.075450e-01	5.599235e-01	2.295554e+00
777	4.649937e-01	5.063612e-01	1.652662e+00
778	4.498343e-01	4.895499e-01	2.464582e+00
779	4.650801e-01	5.046367e-01	1.763068e+00
780	5.134469e-01	5.317882e-01	2.026869e+00
781	5.436999e-01	5.976004e-01	1.160234e+00
782	5.983963e-01	3.964582e-01	2.302394e+00
783	4.634832e-01	5.417434e-01	1.384954e+00
784	4.663251e-01	4.705536e-01	2.598437e+00
785	4.908283e-01	4.031634e-01	2.130435e+00
786	4.384092e-01	5.094447e-01	1.690767e+00
787	4.481929e-01	5.278067e-01	1.940889e+00
788	4.561095e-01	4.862668e-01	2.099170e+00
