784
0	9.200078e-01	4.327847e-01	1.398632e+00
1	4.889205e-01	4.701211e-01	1.108451e+00
2	4.852736e-01	3.926788e-01	2.925745e+00
3	7.421612e-01	3.996921e-01	2.732291e+00
4	7.961490e-01	1.366102e-01	1.257938e+00
5	7.176786e-01	3.795482e-01	2.424524e+00
6	9.908048e-01	1.714239e-02	1.383000e+00
7	4.346559e-01	6.086761e-01	2.705911e+00
8	5.999465e-01	4.570791e-01	2.442110e+00
9	6.312094e-01	4.745035e-01	2.233024e+00
10	6.247306e-01	3.897401e-01	2.376649e+00
11	6.442720e-01	5.134692e-01	1.556913e+00
13	4.947400e-01	6.841387e-01	1.066439e+00
14	4.591652e-01	4.784972e-01	1.626282e+00
15	6.278469e-01	2.843602e-01	1.306790e+00
16	5.592052e-01	5.493245e-01	2.902296e+00
17	5.501131e-01	4.517107e-01	1.195408e+00
18	6.490515e-01	3.665230e-01	1.785540e+00
19	5.895059e-01	5.464442e-01	1.248168e+00
20	6.319100e-01	4.462375e-01	1.863703e+00
21	2.509575e-01	2.717683e-01	2.671715e+00
22	6.225368e-01	5.458175e-01	2.487054e+00
23	5.531273e-01	3.259472e-01	1.946751e+00
24	2.343486e-01	7.226808e-01	1.303859e+00
25	7.910562e-01	2.674328e-01	2.152907e+00
26	6.251881e-01	4.522689e-01	1.388862e+00
27	5.610457e-01	4.370922e-01	1.591109e+00
28	5.225086e-01	6.012897e-01	2.205667e+00
29	4.767389e-01	4.508399e-01	2.181241e+00
30	6.399982e-01	2.386572e-01	1.475818e+00
31	5.114320e-01	5.206379e-01	2.309233e+00
32	5.377838e-01	4.255322e-01	2.073766e+00
33	4.412256e-01	5.468770e-01	2.331705e+00
34	6.522702e-01	5.352080e-01	1.126038e+00
35	1.935218e-01	7.081281e-01	2.235955e+00
36	5.424862e-01	1.901971e-01	2.805569e+00
37	5.699265e-01	4.579081e-01	2.555447e+00
38	6.309643e-01	4.955933e-01	2.559355e+00
39	5.883865e-01	4.353931e-01	1.895945e+00
40	3.336571e-01	6.075495e-01	1.282364e+00
41	6.161891e-01	4.120852e-01	2.750855e+00
42	6.063805e-01	4.764007e-01	2.412799e+00
43	6.463082e-01	5.549185e-01	2.557401e+00
44	6.668801e-01	4.709606e-01	1.648754e+00
45	5.736558e-01	2.674604e-01	1.721055e+00
46	5.787642e-01	4.530687e-01	2.588666e+00
47	6.621135e-01	5.562868e-01	1.525647e+00
48	5.565320e-01	3.793999e-01	2.751832e+00
49	5.519626e-01	3.223071e-02	2.625794e+00
50	6.845453e-01	4.366414e-01	1.663410e+00
51	5.852694e-01	5.442079e-01	2.560332e+00
52	4.353668e-01	5.676064e-01	1.696629e+00
53	5.086205e-01	5.901395e-01	1.506106e+00
54	6.161021e-01	4.452632e-01	2.675623e+00
55	6.632489e-01	5.141246e-01	2.497802e+00
57	7.846251e-01	1.193245e-01	2.361993e+00
58	8.101649e-01	2.933735e-01	1.866634e+00
59	5.587564e-01	3.593582e-01	2.930630e+00
60	5.483341e-01	5.630315e-01	1.503175e+00
61	6.348264e-01	5.155142e-01	2.449927e+00
62	6.324036e-01	5.442167e-01	2.831949e+00
63	5.083371e-01	3.926207e-01	2.317049e+00
64	6.011004e-01	4.618339e-01	2.353200e+00
65	6.305956e-01	4.764926e-01	2.575965e+00
66	6.495748e-01	2.586636e-01	2.922814e+00
67	4.383030e-01	6.026479e-01	2.289692e+00
68	5.960845e-01	5.384210e-01	2.766488e+00
69	6.200393e-01	5.677642e-01	1.522716e+00
70	2.626529e-01	3.656917e-01	2.769419e+00
71	6.677357e-01	5.766194e-01	1.110405e+00
72	4.607638e-01	4.500010e-01	1.412311e+00
73	5.447700e-01	4.012943e-01	1.951637e+00
74	3.939549e-01	6.257689e-01	1.449438e+00
75	3.898110e-01	4.745964e-01	2.176356e+00
76	6.365721e-01	5.059194e-01	1.212995e+00
77	6.520477e-01	4.267292e-01	1.872496e+00
78	6.496876e-01	4.832021e-01	1.606742e+00
79	7.210984e-01	8.552081e-01	1.183683e+00
80	5.592263e-01	4.164594e-01	2.736199e+00
81	5.675823e-01	5.295566e-01	1.617489e+00
82	3.767918e-01	4.041345e-01	2.456766e+00
83	5.711332e-01	7.303073e-01	1.406448e+00
84	1.112837e-01	4.692858e-01	2.453835e+00
85	5.869949e-01	5.375878e-01	2.712750e+00
86	6.248983e-01	4.642792e-01	2.877870e+00
87	7.524575e-01	2.156619e-01	1.533464e+00
88	2.880294e-01	2.422889e-01	2.169516e+00
89	6.135097e-01	4.782192e-01	2.483146e+00
90	5.627755e-01	4.184321e-01	1.538349e+00
91	6.556376e-01	5.653645e-01	1.117245e+00
92	6.726832e-01	5.161273e-01	2.709819e+00
93	6.081011e-01	4.315894e-01	2.929653e+00
94	5.820432e-01	4.091238e-01	2.125550e+00
95	6.718682e-01	5.715957e-01	2.148999e+00
96	6.452722e-01	4.748397e-01	1.206155e+00
97	5.309726e-01	4.352397e-01	2.689301e+00
98	5.585327e-01	5.464319e-01	1.997557e+00
99	4.334304e-01	3.291444e-01	1.753298e+00
100	6.126560e-01	5.096237e-01	1.491451e+00
101	5.779837e-01	5.686718e-01	2.381534e+00
102	2.917212e-01	1.413966e-01	1.837323e+00
103	5.997005e-01	3.130852e-01	2.723498e+00
104	7.796682e-01	7.240247e-01	1.216903e+00
105	4.301555e-01	4.910835e-01	1.385931e+00
106	3.595804e-01	4.436330e-01	1.094773e+00
107	6.549718e-01	5.347378e-01	1.887152e+00
108	6.295843e-01	4.016723e-01	1.869565e+00
109	4.921893e-01	4.656543e-01	2.657059e+00
110	6.059158e-01	4.439821e-01	1.905716e+00
111	8.538121e-01	3.857312e-01	2.319980e+00
112	3.442428e-01	3.978754e-01	1.549096e+00
113	5.398517e-01	4.518683e-01	1.155349e+00
114	6.690641e-01	5.745845e-01	1.261847e+00
115	6.398077e-01	3.581644e-01	1.308745e+00
116	1.049464e-01	2.958886e-01	1.148510e+00
117	6.248532e-01	5.265682e-01	1.865657e+00
118	6.574771e-01	3.642627e-01	2.988276e+00
119	6.843066e-01	5.510374e-01	1.479726e+00
120	7.142898e-01	3.011068e-01	2.095261e+00
121	5.671761e-01	4.165364e-01	2.442110e+00
122	5.180814e-01	2.200436e-01	1.070347e+00
123	5.594428e-01	5.148249e-01	1.417196e+00
124	5.843192e-01	5.357050e-01	2.817294e+00
125	5.710618e-01	6.229752e-01	1.164143e+00
126	5.618926e-01	4.155390e-01	2.738153e+00
127	3.997938e-01	4.258141e-01	2.338544e+00
128	5.582094e-01	3.730322e-01	1.282364e+00
129	6.351960e-01	5.069564e-01	2.676600e+00
130	5.578725e-01	3.682160e-01	2.443087e+00
131	8.256737e-01	8.719898e-02	2.375672e+00
132	5.261137e-01	4.483619e-01	1.220811e+00
133	4.209360e-01	4.427321e-01	2.407914e+00
134	7.367726e-01	3.788466e-01	2.277968e+00
135	6.536204e-01	5.665917e-01	2.409868e+00
136	4.714509e-01	4.181900e-01	2.083537e+00
137	6.560730e-01	2.502826e-01	2.286761e+00
138	4.289632e-01	4.493327e-01	1.194431e+00
139	6.603251e-01	4.070728e-01	2.818271e+00
140	7.568887e-01	2.985788e-01	2.827064e+00
141	6.008419e-01	4.413029e-01	1.684905e+00
142	6.456094e-01	5.641022e-01	1.999511e+00
143	6.402562e-01	5.094679e-01	1.956522e+00
144	6.229162e-01	5.482830e-01	2.323889e+00
145	6.023602e-01	4.411472e-01	2.501710e+00
146	6.141299e-01	4.206650e-01	2.395213e+00
147	3.016788e-01	3.506631e-01	2.719590e+00
148	5.998161e-01	5.505067e-01	2.937469e+00
149	8.379767e-01	1.240105e-01	2.803615e+00
150	7.003990e-01	5.320745e-01	1.794333e+00
151	4.265537e-01	3.726820e-01	2.611138e+00
152	6.414789e-01	4.015356e-01	1.724963e+00
153	5.813369e-01	5.790616e-01	1.983879e+00
154	6.399329e-01	4.780501e-01	2.181241e+00
155	4.915768e-01	3.983511e-01	1.295066e+00
156	4.304770e-01	7.364099e-01	1.970200e+00
157	6.488192e-01	3.853462e-01	2.387396e+00
158	4.095825e-01	4.821484e-01	2.386419e+00
159	4.422206e-01	6.188152e-01	2.647289e+00
160	6.230335e-01	4.816376e-01	1.686859e+00
161	2.243053e-01	4.270184e-01	1.553981e+00
162	6.179793e-01	5.790896e-01	1.764045e+00
163	4.233292e-01	5.253951e-01	1.632145e+00
164	6.051361e-01	5.678949e-01	1.235467e+00
165	6.173697e-01	4.787414e-01	2.251588e+00
166	6.682321e-01	5.198070e-01	1.751343e+00
167	3.244088e-01	5.386082e-01	1.715193e+00
168	6.135180e-01	4.643883e-01	2.109917e+00
169	6.140888e-01	4.463775e-01	2.137274e+00
170	6.552594e-01	2.499156e-01	2.099170e+00
171	6.614839e-01	3.663157e-01	2.057157e+00
172	5.623576e-01	4.462808e-01	2.246702e+00
173	4.818531e-01	4.738652e-01	1.894968e+00
174	8.310274e-01	4.277972e-01	2.453835e+00
175	5.510009e-01	5.552998e-01	2.834880e+00
176	4.900570e-01	5.890729e-01	2.215437e+00
177	6.497469e-01	5.147591e-01	2.153884e+00
178	5.819283e-01	5.063605e-01	2.475330e+00
179	6.533155e-01	2.197002e-02	1.274548e+00
180	3.754682e-01	4.643601e-01	2.127504e+00
181	6.234663e-01	5.557537e-01	1.790425e+00
182	4.737805e-01	2.946721e-01	1.736688e+00
183	9.278024e-01	1.036514e-01	1.692721e+00
184	6.535823e-01	3.892368e-01	2.042501e+00
185	8.842879e-01	1.055325e-01	1.468979e+00
186	5.594529e-01	4.481828e-01	1.784563e+00
187	8.923472e-01	8.098068e-01	2.653151e+00
188	6.060671e-01	4.635624e-01	1.839277e+00
189	5.968991e-01	4.725008e-01	1.175867e+00
190	4.033544e-01	3.984152e-01	2.807523e+00
191	4.820548e-01	5.378659e-01	2.811431e+00
192	6.543963e-01	2.924789e-01	1.192477e+00
193	4.346552e-01	4.586883e-01	1.620420e+00
194	4.888918e-01	3.977194e-01	2.624817e+00
195	6.004048e-01	4.982065e-01	2.806546e+00
196	7.070621e-01	5.581691e-01	1.763068e+00
197	3.702435e-01	2.782154e-01	2.060088e+00
198	7.623654e-01	2.890169e-01	2.458720e+00
199	7.350796e-01	2.601508e-01	2.463605e+00
200	4.409740e-01	4.152872e-01	1.141671e+00
201	7.200671e-01	3.574424e-01	1.146556e+00
202	7.455566e-01	2.675315e-01	1.395701e+00
203	6.220741e-01	5.003094e-01	1.755252e+00
204	4.407029e-01	4.802538e-01	2.901319e+00
205	8.012092e-01	1.175873e-01	2.123596e+00
206	4.327990e-01	4.075164e-01	1.652662e+00
207	4.864176e-01	5.678358e-01	1.199316e+00
208	6.470835e-01	5.425003e-01	2.170493e+00
209	6.068581e-01	5.822754e-02	2.733268e+00
210	4.705287e-01	6.118378e-01	1.545188e+00
211	6.114801e-01	3.950638e-01	1.376160e+00
212	5.964293e-01	5.547586e-01	1.621397e+00
213	6.006230e-01	5.205366e-01	1.883244e+00
214	5.939649e-01	4.133080e-01	1.612604e+00
215	5.957264e-01	4.093843e-01	2.909135e+00
216	6.525991e-01	5.237798e-01	1.354665e+00
217	6.435161e-01	5.649356e-01	2.770396e+00
218	6.151386e-01	4.306561e-01	2.148999e+00
219	5.985140e-01	5.676971e-01	2.624817e+00
220	3.958943e-01	3.963607e-01	2.697118e+00
221	5.639101e-01	4.467706e-01	1.938935e+00
222	3.975763e-01	5.329741e-01	1.854910e+00
223	2.731686e-01	2.534395e-01	2.625794e+00
224	5.860767e-01	4.029034e-01	2.984367e+00
225	7.385794e-01	2.954785e-01	2.693210e+00
226	6.173764e-01	4.831885e-01	2.276014e+00
227	5.840241e-01	3.216176e-01	1.245237e+00
228	5.375256e-01	5.222081e-01	1.489497e+00
229	6.040541e-01	5.524284e-01	2.305325e+00
230	4.837103e-01	4.987926e-01	2.689301e+00
231	6.353683e-01	4.980119e-01	1.346849e+00
232	6.015283e-01	3.910170e-01	2.447973e+00
233	4.762535e-01	4.024348e-01	1.591109e+00
234	3.827289e-01	4.304780e-01	1.931119e+00
235	5.459549e-01	5.183171e-01	2.687347e+00
236	6.053399e-01	5.464939e-01	2.787982e+00
237	5.796240e-01	4.406268e-01	1.510015e+00
238	4.980429e-01	4.113209e-01	2.193942e+00
239	5.311797e-01	4.191350e-01	2.918906e+00
240	5.577257e-01	5.871558e-01	1.734734e+00
241	6.185898e-01	3.835702e-01	1.119199e+00
242	5.612085e-01	5.300774e-01	1.631168e+00
243	6.718711e-01	5.418875e-01	1.258915e+00
244	6.157625e-01	4.327440e-01	2.458720e+00
245	3.534574e-01	3.159128e-01	2.134343e+00
246	6.244525e-01	5.469813e-01	2.662921e+00
247	6.124067e-01	4.571282e-01	2.924768e+00
248	5.378231e-01	4.937091e-01	2.983390e+00
249	7.107077e-01	1.017315e-01	2.305325e+00
250	6.584215e-01	3.086290e-01	2.763556e+00
251	6.660945e-01	1.470829e-01	2.374695e+00
252	3.145263e-01	3.801597e-01	1.703468e+00
253	6.802696e-01	5.375212e-01	1.246214e+00
254	6.274701e-01	5.722888e-01	2.925745e+00
255	6.307415e-01	4.909964e-01	1.857841e+00
256	6.631855e-01	5.343570e-01	2.601368e+00
257	7.078062e-01	4.710159e-01	2.413776e+00
258	4.195801e-01	3.972021e-01	2.569126e+00
259	4.337762e-01	4.398507e-01	1.865657e+00
260	6.130541e-01	5.174873e-01	2.574988e+00
261	5.595966e-01	4.873295e-01	1.598925e+00
262	3.887277e-01	7.116891e-01	2.264289e+00
263	1.008425e-01	4.776667e-01	1.176844e+00
264	6.667880e-01	4.158720e-01	1.061553e+00
265	5.748376e-01	4.758306e-01	2.526136e+00
266	7.061010e-01	3.923345e-01	1.928188e+00
267	6.623504e-01	5.366471e-01	2.006351e+00
268	6.715213e-01	4.308711e-01	1.041036e+00
269	5.811271e-01	2.941141e-01	1.793356e+00
270	8.025818e-01	1.265568e-01	1.860772e+00
271	4.464182e-01	2.828777e-01	1.389839e+00
272	5.489269e-01	5.685748e-01	1.052760e+00
273	8.035931e-01	1.250513e-01	1.156326e+00
274	2.251810e-01	1.216188e-01	1.981925e+00
275	5.753020e-01	3.545906e-01	2.256473e+00
276	7.485548e-01	2.551617e-01	2.368832e+00
277	6.128329e-01	5.745692e-01	2.024915e+00
278	5.626037e-01	3.891521e-01	1.266732e+00
279	3.046659e-01	4.644781e-01	1.348803e+00
280	2.950346e-01	1.315115e-01	2.472399e+00
281	1.944299e-01	4.282277e-01	2.288715e+00
282	6.169404e-01	4.498281e-01	2.745970e+00
283	3.366121e-01	6.152037e-01	2.490962e+00
284	2.303424e-01	1.429116e-01	2.515388e+00
285	4.039911e-01	5.973865e-03	1.545188e+00
286	5.914076e-01	5.004687e-01	2.662921e+00
287	7.155402e-01	4.272638e-01	2.264289e+00
288	3.727147e-01	3.950106e-01	2.905227e+00
289	2.648782e-01	1.844971e-01	1.058622e+00
290	3.844256e-01	4.976475e-01	2.152907e+00
291	7.028691e-01	1.011736e-01	2.784074e+00
292	5.692583e-01	5.308268e-01	2.445042e+00
293	3.905387e-01	4.492410e-01	2.852467e+00
294	6.189300e-01	4.521310e-01	2.070835e+00
295	6.344108e-01	5.415895e-01	1.406448e+00
296	5.044213e-01	5.046655e-01	1.751343e+00
297	6.649108e-01	2.730729e-01	2.077675e+00
298	4.476014e-01	4.291414e-01	1.601856e+00
299	2.926070e-01	6.888599e-01	2.048363e+00
300	2.673876e-01	2.492311e-01	2.781143e+00
301	5.811973e-01	5.336935e-01	2.779189e+00
302	7.456791e-01	2.570515e-01	2.617978e+00
303	7.711628e-01	5.590944e-02	1.698583e+00
304	4.396157e-01	4.515379e-01	1.948705e+00
305	6.180816e-01	4.792380e-01	1.416219e+00
306	3.744706e-01	4.506205e-01	1.745481e+00
307	5.555556e-01	5.492739e-01	2.291646e+00
308	1.095896e-01	3.996464e-01	1.868588e+00
309	7.196913e-01	3.999697e-01	2.511480e+00
310	6.493512e-01	5.363840e-01	2.596483e+00
311	6.467582e-01	3.255167e-01	2.855398e+00
312	6.075365e-01	4.497934e-01	1.312653e+00
313	8.001778e-01	1.231464e-01	1.787494e+00
314	5.514746e-01	4.040996e-01	2.252565e+00
315	7.157187e-01	4.253258e-01	1.978017e+00
316	6.223257e-01	5.822801e-01	2.965804e+00
317	6.500857e-01	5.164822e-01	2.221299e+00
318	5.059813e-01	5.238909e-01	1.701514e+00
319	7.582574e-01	5.186512e-01	1.135809e+00
320	6.235195e-01	3.905796e-01	2.997069e+00
321	6.989610e-01	1.000393e-01	2.470445e+00
322	2.951943e-01	2.695865e-01	2.362970e+00
323	5.858959e-01	5.024255e-01	2.553493e+00
324	4.804184e-01	4.132264e-01	1.347826e+00
325	2.017261e-01	8.170928e-02	2.896434e+00
326	6.452216e-01	5.030876e-01	1.857841e+00
327	6.352056e-01	5.545870e-01	1.669272e+00
328	6.161738e-01	5.377247e-01	1.726917e+00
329	6.299451e-01	4.058895e-01	2.604299e+00
330	4.830883e-01	3.939972e-01	2.089399e+00
331	6.855566e-01	5.207049e-01	1.552027e+00
332	7.612471e-01	3.907437e-01	1.769907e+00
333	6.496614e-01	5.329206e-01	1.382022e+00
334	7.972668e-01	1.312184e-01	2.510503e+00
335	6.387316e-01	3.486269e-01	1.640938e+00
336	5.395168e-01	5.471629e-01	2.933561e+00
337	5.086866e-01	3.871495e-01	1.033219e+00
338	7.105911e-01	5.941328e-01	1.408403e+00
339	5.653931e-01	6.156042e-01	2.767465e+00
340	6.160654e-01	4.828350e-01	1.526624e+00
341	7.803241e-01	1.327509e-01	1.456277e+00
342	6.444250e-01	5.533957e-01	1.054714e+00
343	6.495094e-01	4.306679e-01	2.601368e+00
344	2.036067e-01	1.193174e-01	2.193942e+00
345	7.555627e-01	2.059143e-01	2.321935e+00
346	3.389598e-01	4.328036e-01	1.564729e+00
347	4.108712e-01	3.699296e-01	1.679043e+00
348	5.101602e-01	6.785216e-02	2.034685e+00
349	6.393189e-01	5.514955e-01	2.564240e+00
350	4.220893e-01	5.032547e-01	2.311187e+00
351	2.545410e-01	7.445595e-01	1.297997e+00
352	6.177700e-01	5.093670e-01	2.873962e+00
353	2.487489e-01	5.406915e-01	2.202736e+00
354	5.460891e-01	3.901482e-01	2.653151e+00
355	3.746828e-01	4.394402e-01	2.461651e+00
356	6.509274e-01	5.251806e-01	1.679043e+00
357	4.362452e-01	3.633838e-01	2.991207e+00
358	6.259047e-01	1.610394e-01	2.857352e+00
359	7.047511e-01	3.334672e-01	1.913532e+00
360	5.818455e-01	5.566617e-01	1.216903e+00
361	4.387208e-01	5.988606e-01	1.214949e+00
362	5.586680e-01	5.188316e-01	1.005862e+00
363	7.001222e-01	3.144391e-01	2.227162e+00
364	6.446742e-01	5.769542e-01	1.723009e+00
365	4.631246e-01	6.497183e-01	1.491451e+00
366	3.135827e-01	6.356898e-01	1.692721e+00
367	6.329399e-01	4.174504e-01	1.154372e+00
368	5.421066e-01	5.231709e-01	1.851001e+00
369	6.255061e-01	5.188461e-01	2.418661e+00
370	6.465932e-01	2.499591e-01	1.874450e+00
371	5.745207e-01	2.209897e-01	1.591109e+00
372	6.056876e-01	5.380941e-01	2.199805e+00
373	5.059477e-01	2.569696e-01	2.208598e+00
374	6.224978e-01	4.591037e-01	1.322423e+00
375	7.751265e-01	6.316940e-02	2.361016e+00
376	4.001426e-01	4.038125e-01	1.815828e+00
377	5.982970e-01	5.557373e-01	1.328285e+00
378	6.449109e-01	4.638606e-01	1.883244e+00
379	7.998755e-01	8.769836e-01	1.599902e+00
380	5.746088e-01	6.241918e-01	2.343429e+00
381	3.174614e-01	4.573353e-01	1.835369e+00
382	1.826042e-01	8.305332e-01	1.065462e+00
383	5.619234e-01	3.715556e-01	1.698583e+00
384	4.130033e-01	3.237364e-01	2.761602e+00
385	5.414625e-01	4.544930e-01	1.961407e+00
386	6.303884e-01	5.565977e-01	2.449927e+00
387	5.451798e-01	4.080362e-01	2.669761e+00
388	2.033524e-01	2.669419e-01	2.597460e+00
389	5.223122e-01	5.701943e-01	2.960918e+00
390	5.662591e-01	5.254508e-01	1.655594e+00
391	7.255205e-01	5.193033e-01	2.572057e+00
392	6.524512e-01	5.147254e-01	1.234489e+00
393	6.270662e-01	5.329181e-01	1.607719e+00
394	5.356116e-01	4.905805e-01	2.643381e+00
395	4.063672e-01	5.744366e-01	1.233512e+00
396	3.371150e-01	4.232014e-01	2.058134e+00
397	2.567678e-01	6.739219e-01	1.083048e+00
398	3.905289e-01	4.588966e-01	2.453835e+00
399	5.644339e-01	3.287476e-01	2.169516e+00
400	5.653481e-01	4.136771e-01	1.634099e+00
401	2.433645e-01	4.893889e-01	1.314607e+00
402	6.130119e-01	4.423512e-01	2.292623e+00
403	5.635135e-01	5.406088e-01	1.759160e+00
404	4.802499e-01	2.970190e-01	2.942355e+00
405	6.573922e-01	4.154462e-01	1.358574e+00
406	6.444479e-01	5.268312e-01	1.474841e+00
407	3.241737e-01	2.877372e-01	2.850513e+00
408	4.608433e-01	4.964837e-01	2.543723e+00
409	6.187219e-01	5.191423e-01	1.170005e+00
410	6.816249e-01	5.203367e-01	2.011236e+00
411	5.037082e-01	5.851522e-01	2.982413e+00
412	2.539233e-01	4.393465e-01	1.578407e+00
413	6.304090e-01	3.482109e-01	2.904250e+00
414	6.638472e-01	5.336575e-01	2.948217e+00
415	6.117657e-01	4.974534e-01	1.856864e+00
416	7.184538e-01	5.649459e-01	1.780655e+00
417	4.215537e-01	3.657332e-01	1.223742e+00
418	5.904061e-01	3.944535e-01	2.928676e+00
419	6.625043e-01	5.477060e-01	1.055691e+00
420	5.958583e-01	4.114908e-01	2.823156e+00
421	6.132230e-01	5.275426e-01	2.886663e+00
422	6.199801e-01	4.735660e-01	1.391793e+00
423	3.024129e-01	5.895376e-01	1.467025e+00
424	5.494304e-01	5.635846e-01	1.512946e+00
425	3.285533e-01	2.612016e-01	1.960430e+00
426	3.269021e-01	2.663349e-01	2.254519e+00
427	2.768241e-01	2.453060e-01	2.899365e+00
428	5.920318e-01	4.558179e-01	1.247191e+00
429	6.481742e-01	5.674024e-01	1.802149e+00
430	5.948850e-01	4.806808e-01	1.663410e+00
431	2.744678e-01	1.960707e-01	2.556424e+00
432	3.255728e-01	2.587668e-01	2.947240e+00
433	6.715507e-01	5.486271e-01	2.475330e+00
434	4.942891e-01	4.027447e-01	2.923791e+00
435	5.256811e-01	3.410891e-01	2.906204e+00
436	8.552687e-02	8.848340e-01	2.668784e+00
437	6.498227e-01	5.427434e-01	2.476307e+00
438	6.179741e-01	3.440389e-01	2.065950e+00
439	5.868114e-01	5.588996e-01	1.983879e+00
440	3.687481e-01	4.036086e-01	1.637030e+00
441	6.702763e-01	6.428242e-01	1.338056e+00
442	7.132253e-01	4.041365e-01	2.406937e+00
443	4.961043e-01	4.028260e-01	1.422081e+00
444	6.658600e-01	3.985212e-01	2.956033e+00
445	5.817532e-01	5.008154e-01	2.601368e+00
446	5.846167e-01	4.410946e-01	1.846116e+00
447	6.232883e-01	4.829646e-01	1.264778e+00
448	7.011171e-01	3.842869e-01	1.119199e+00
449	7.438577e-01	5.383855e-01	1.956522e+00
450	4.107720e-01	4.619975e-01	2.971666e+00
451	6.436377e-01	5.035686e-01	2.149976e+00
452	4.271663e-01	5.394377e-01	1.574499e+00
453	5.911238e-01	5.712833e-01	1.775769e+00
454	8.321324e-01	6.196396e-01	1.542257e+00
455	6.124292e-01	4.573132e-01	2.984367e+00
456	6.773589e-01	4.727323e-01	1.577430e+00
457	6.570682e-01	5.683948e-01	2.955056e+00
458	5.717222e-01	6.451834e-01	2.865169e+00
459	5.335923e-01	5.551544e-01	1.672203e+00
460	5.637311e-01	3.932942e-01	1.198339e+00
461	4.280210e-01	1.574992e-01	2.513434e+00
462	5.480081e-01	5.340430e-01	1.853933e+00
463	4.010933e-01	4.425229e-01	2.858329e+00
464	6.314145e-01	5.563586e-01	1.574499e+00
465	6.565287e-01	2.766729e-01	1.432829e+00
466	6.403524e-01	4.431349e-01	1.500244e+00
468	6.235030e-01	5.634748e-01	2.147044e+00
469	6.140132e-01	3.921813e-01	2.698095e+00
470	6.386120e-01	5.650425e-01	1.364436e+00
471	6.747487e-01	4.033524e-01	2.076698e+00
472	6.201959e-01	5.444188e-01	2.011236e+00
473	6.700985e-01	2.609793e-01	1.215926e+00
474	5.545724e-01	3.852638e-01	2.299463e+00
475	5.580049e-01	5.013221e-01	1.683928e+00
476	5.996736e-01	4.793487e-01	2.081583e+00
477	4.950853e-01	4.021732e-01	2.350269e+00
478	3.524304e-01	2.948081e-01	2.728383e+00
479	5.298181e-01	4.255593e-01	1.194431e+00
480	5.695043e-01	5.314421e-01	2.515388e+00
481	4.372440e-01	6.193955e-01	1.865657e+00
482	4.235167e-01	4.743006e-03	1.802149e+00
483	5.569599e-01	4.094895e-01	1.367367e+00
484	7.178822e-01	3.797265e-01	1.148510e+00
485	6.619544e-01	2.649375e-01	2.427455e+00
486	5.705138e-01	4.154353e-01	2.196873e+00
487	4.624967e-01	3.790952e-01	2.386419e+00
488	7.976632e-01	3.448218e-01	1.294089e+00
489	6.462362e-01	5.245775e-01	1.687836e+00
490	6.590913e-01	2.722715e-01	1.146556e+00
491	7.269448e-01	5.954922e-01	1.597948e+00
492	6.470261e-01	2.880550e-01	2.412799e+00
493	8.110614e-01	2.061104e-01	1.227650e+00
494	5.943827e-01	5.389960e-01	2.522228e+00
495	6.619984e-01	3.668283e-01	1.437714e+00
496	6.082531e-01	4.764654e-01	1.523693e+00
497	5.776059e-01	3.262918e-01	1.221788e+00
498	2.892329e-01	2.828872e-01	1.652662e+00
499	5.672544e-01	5.287673e-01	1.269663e+00
500	5.358014e-01	4.923223e-01	2.967758e+00
501	6.054817e-01	3.882540e-01	2.546654e+00
502	2.740942e-01	6.978086e-01	1.818759e+00
503	5.822028e-01	4.212507e-01	1.919394e+00
504	6.437078e-01	5.643735e-01	2.563263e+00
505	4.467724e-01	7.355291e-01	1.451392e+00
506	2.274982e-01	4.193734e-01	1.718124e+00
507	5.598395e-01	4.667355e-01	1.207132e+00
508	6.566479e-01	5.271295e-01	1.236444e+00
509	6.556491e-01	4.815638e-01	2.622863e+00
510	4.595687e-01	5.759913e-01	2.549585e+00
511	5.377609e-01	4.962755e-01	2.966781e+00
512	5.781247e-01	2.663381e-01	2.395213e+00
513	5.193551e-01	5.272741e-01	1.534441e+00
514	8.881745e-01	2.752353e-02	1.550073e+00
515	6.892796e-01	2.774027e-01	1.610650e+00
516	8.033167e-01	2.620269e-01	1.612604e+00
517	6.065799e-01	4.773052e-01	1.086957e+00
518	6.158862e-01	4.311103e-01	2.282853e+00
519	1.521681e-01	1.024710e-01	1.573522e+00
520	6.163451e-01	4.142684e-01	2.497802e+00
521	6.131316e-01	4.308296e-01	1.752320e+00
522	3.517463e-01	3.514349e-01	1.589155e+00
523	7.499208e-01	2.832836e-01	1.209086e+00
524	5.573537e-01	5.067977e-01	2.755740e+00
525	4.020737e-01	4.926166e-01	1.499267e+00
526	6.053754e-01	4.881560e-01	1.014656e+00
527	5.970099e-01	5.185601e-01	2.891549e+00
528	6.521643e-01	5.117394e-01	2.478261e+00
529	4.826641e-01	4.662305e-01	1.898876e+00
530	6.388856e-01	5.687937e-01	1.188569e+00
531	6.136005e-01	4.909492e-01	2.785051e+00
532	5.541964e-01	4.056317e-01	2.945286e+00
533	6.434177e-01	5.269471e-01	2.458720e+00
534	3.319144e-01	3.256152e-01	2.673669e+00
535	6.541357e-01	5.268166e-01	1.399609e+00
536	5.719398e-01	5.024772e-01	2.604299e+00
537	4.636365e-01	5.134850e-01	1.529555e+00
538	5.916437e-01	5.600625e-01	2.823156e+00
539	2.882239e-01	1.697343e-01	2.826087e+00
540	7.271656e-01	3.144715e-01	2.844651e+00
541	4.476039e-01	5.553593e-01	2.290669e+00
542	4.396541e-01	5.047659e-01	2.570103e+00
543	5.170037e-01	3.533817e-01	2.396190e+00
544	4.202286e-01	5.808067e-01	1.318515e+00
545	4.735731e-01	4.160183e-01	2.605276e+00
546	4.576669e-01	4.927081e-01	2.683439e+00
547	2.969440e-01	3.641581e-01	1.587201e+00
548	7.348063e-01	5.132014e-01	1.375183e+00
549	5.831417e-01	3.200341e-01	2.298486e+00
550	5.221904e-01	1.182671e-02	1.285296e+00
551	5.637849e-01	4.053106e-01	2.983390e+00
552	3.213505e-01	5.359614e-01	1.195408e+00
553	6.424267e-01	5.334664e-01	2.414753e+00
554	2.445646e-01	4.864773e-01	1.843185e+00
555	3.384308e-01	5.864373e-01	2.396190e+00
556	4.194968e-01	4.427713e-01	3.000000e+00
557	6.001690e-01	4.381349e-01	2.728383e+00
558	3.571628e-01	4.336564e-01	1.133854e+00
559	5.554366e-01	5.382731e-01	1.944797e+00
560	3.134829e-01	3.523065e-01	2.883732e+00
561	5.522026e-01	5.365127e-01	2.383488e+00
562	3.122587e-01	5.643709e-01	2.506595e+00
563	2.584356e-01	4.998803e-01	1.786517e+00
564	4.329631e-01	6.030728e-01	2.893503e+00
565	5.978064e-01	5.342667e-01	2.981436e+00
566	2.966463e-01	1.376329e-01	2.663898e+00
567	5.512449e-01	5.101015e-01	2.227162e+00
568	4.321352e-01	3.750509e-01	1.527601e+00
569	3.545777e-01	4.137693e-01	2.610161e+00
570	5.324462e-01	4.842358e-01	1.058622e+00
571	5.413152e-01	5.635734e-01	2.782120e+00
572	4.209803e-01	6.827972e-01	1.518808e+00
573	6.701677e-01	4.469282e-01	2.109917e+00
574	6.019008e-01	5.866870e-01	2.074744e+00
575	6.257916e-01	5.264836e-01	2.319003e+00
576	3.111001e-01	2.257962e-01	1.290181e+00
577	6.368509e-01	5.422071e-01	1.286273e+00
578	5.825698e-01	6.681058e-01	1.881290e+00
579	8.428836e-01	5.226839e-01	1.664387e+00
580	1.836711e-01	8.942416e-01	1.242306e+00
581	6.399070e-01	2.779217e-01	1.927211e+00
582	6.141831e-01	5.325217e-01	2.820225e+00
583	4.157530e-01	4.995226e-01	2.792868e+00
584	5.416891e-01	4.278935e-01	1.201270e+00
585	7.657294e-01	4.680816e-01	1.898876e+00
586	6.338535e-01	5.462216e-01	1.782609e+00
587	4.306592e-01	4.696633e-01	1.561798e+00
588	5.715738e-01	5.385009e-01	2.282853e+00
589	6.284047e-01	5.326930e-01	2.210552e+00
590	6.277327e-01	4.642438e-01	1.020518e+00
591	7.193181e-01	3.056444e-01	1.784563e+00
592	4.944596e-01	5.096297e-01	1.275525e+00
593	6.277837e-01	5.364886e-01	1.212995e+00
594	7.352358e-01	2.616643e-01	2.964827e+00
595	6.066325e-01	4.471363e-01	2.079629e+00
596	7.046777e-01	5.782959e-01	1.187592e+00
597	4.685644e-01	5.744020e-01	1.258915e+00
598	2.090687e-01	4.929279e-01	1.999511e+00
599	5.983876e-01	4.776484e-01	1.264778e+00
600	5.499260e-01	3.773854e-01	1.110405e+00
601	2.547864e-01	2.345812e-01	1.107474e+00
602	3.245767e-01	6.453850e-01	1.070347e+00
603	5.968825e-01	4.340885e-01	2.400098e+00
604	5.066756e-01	3.884981e-01	2.871031e+00
605	6.010601e-01	5.459185e-01	2.739130e+00
606	6.456788e-01	5.557745e-01	2.061065e+00
607	6.611670e-01	2.939116e-01	1.073278e+00
608	5.253430e-01	4.456855e-01	2.799707e+00
609	5.431192e-01	5.851217e-01	2.010259e+00
610	5.233013e-01	3.507185e-01	1.700537e+00
611	5.775673e-01	4.542649e-01	1.339033e+00
612	4.147705e-01	4.519298e-01	2.227162e+00
613	3.789761e-01	4.371824e-01	2.482169e+00
614	5.982661e-01	4.110798e-01	2.958964e+00
615	5.676425e-01	5.078804e-01	1.443576e+00
616	3.602662e-01	4.420281e-01	2.381534e+00
617	4.875371e-01	4.558484e-01	1.971177e+00
618	6.512094e-01	5.261217e-01	2.960918e+00
619	2.056199e-01	6.958696e-02	1.812897e+00
620	2.620006e-01	2.728007e-01	1.170982e+00
621	4.192307e-01	4.442942e-01	1.277479e+00
622	7.738146e-01	5.871023e-01	1.176844e+00
623	4.940828e-01	4.541897e-01	1.636053e+00
624	7.409013e-01	2.693438e-01	2.336590e+00
625	5.551782e-01	5.591997e-01	1.343918e+00
626	6.169588e-01	4.667225e-01	1.905716e+00
627	6.610513e-01	2.782434e-01	1.784563e+00
628	6.149837e-01	4.667851e-01	2.063996e+00
629	6.337354e-01	4.448082e-01	2.497802e+00
630	4.206324e-01	4.491423e-01	2.870054e+00
631	5.704090e-01	5.276257e-01	1.729849e+00
632	4.934398e-01	7.295499e-01	2.290669e+00
633	5.703668e-01	5.780852e-01	2.841720e+00
634	5.978705e-01	5.070433e-01	2.195896e+00
635	2.962891e-01	1.378494e-01	1.601856e+00
636	3.685429e-01	4.029313e-01	2.449927e+00
637	6.620275e-01	5.568364e-01	1.462140e+00
638	5.647585e-01	5.497125e-01	2.041524e+00
639	6.056935e-01	5.461073e-01	2.061065e+00
641	7.367782e-01	2.892110e-01	2.205667e+00
642	6.099492e-01	4.936499e-01	2.184172e+00
643	6.565990e-01	2.728615e-01	2.747924e+00
644	6.529636e-01	5.709993e-01	2.909135e+00
645	6.231092e-01	5.098808e-01	2.777235e+00
646	6.216515e-01	4.376616e-01	1.295066e+00
647	5.543407e-01	2.662154e-01	1.050806e+00
648	7.976060e-01	1.302342e-01	1.191500e+00
649	6.431092e-01	3.750966e-01	1.198339e+00
650	4.655754e-01	5.953244e-01	2.656082e+00
651	4.734441e-01	4.662403e-01	1.692721e+00
652	7.774594e-01	2.826138e-01	2.330728e+00
653	5.476245e-01	5.602070e-01	1.906693e+00
654	2.947692e-01	4.744107e-01	2.192965e+00
655	6.416389e-01	3.956310e-01	1.200293e+00
656	6.431161e-01	5.543507e-01	2.361016e+00
657	5.976896e-01	5.545023e-01	2.080606e+00
658	5.952528e-01	4.069324e-01	2.017098e+00
659	6.105386e-01	6.499853e-01	2.191011e+00
660	3.215576e-01	2.932501e-01	1.667318e+00
661	5.981057e-01	5.550937e-01	2.229116e+00
662	7.432020e-01	3.794303e-01	1.188569e+00
663	6.098121e-01	5.462221e-01	2.714704e+00
664	5.653776e-01	5.477784e-01	1.979971e+00
665	4.985838e-01	5.873551e-01	2.954079e+00
666	5.056555e-01	9.111807e-02	1.803127e+00
667	7.150176e-01	5.396504e-01	1.039082e+00
668	1.478520e-01	5.420752e-01	1.893014e+00
669	2.664244e-01	2.587712e-01	1.778701e+00
670	1.867415e-01	9.164189e-01	1.807035e+00
671	6.622058e-01	4.786515e-01	1.102589e+00
672	7.388750e-01	3.551982e-01	1.879336e+00
673	7.110629e-01	3.334547e-01	1.984856e+00
674	5.946155e-01	5.667460e-01	2.238886e+00
675	4.470296e-01	6.586546e-01	2.868100e+00
676	5.967373e-01	4.215623e-01	2.748901e+00
677	5.266788e-01	5.354430e-01	1.578407e+00
678	5.621769e-01	4.374568e-01	1.621397e+00
679	5.676538e-01	5.589001e-01	2.657059e+00
680	2.554718e-01	4.359212e-01	2.404983e+00
681	3.066557e-01	2.132067e-01	2.272106e+00
682	4.868557e-01	4.859053e-01	1.463117e+00
683	5.003262e-01	5.161358e-01	2.316072e+00
684	6.070752e-01	4.754122e-01	2.334636e+00
685	7.050015e-01	5.990979e-01	1.365413e+00
686	6.944202e-01	5.798224e-01	2.105032e+00
687	6.933193e-01	4.814588e-01	1.339033e+00
688	6.058616e-01	4.808424e-01	2.932584e+00
689	5.992685e-01	4.042763e-01	2.378603e+00
690	5.866557e-01	5.366942e-01	1.833415e+00
691	4.252006e-01	4.401002e-01	1.663410e+00
692	5.475957e-01	6.313250e-01	2.251588e+00
693	6.413957e-01	5.716759e-01	1.766976e+00
694	3.963884e-01	4.233525e-01	1.575476e+00
695	4.369111e-01	5.793393e-01	2.771373e+00
696	4.217689e-01	3.786557e-01	2.787005e+00
697	6.151263e-01	4.938873e-01	1.959453e+00
698	6.385218e-01	5.460495e-01	2.187103e+00
699	6.112501e-01	5.162336e-01	2.430386e+00
700	6.555589e-01	4.281762e-01	2.679531e+00
701	5.113410e-01	3.957664e-01	2.191988e+00
702	6.534869e-01	4.155179e-01	2.945286e+00
703	6.447768e-01	5.638944e-01	2.793845e+00
704	6.183597e-01	5.381461e-01	2.132389e+00
705	4.451928e-01	5.647319e-01	1.627259e+00
706	5.894909e-01	4.140189e-01	1.623351e+00
707	6.480135e-01	3.974141e-01	2.772350e+00
708	5.527555e-01	5.394415e-01	1.552027e+00
709	3.569079e-01	6.271836e-01	1.180752e+00
710	4.491245e-01	5.286200e-01	1.632145e+00
711	1.401464e-01	1.522412e-01	1.680997e+00
712	5.805992e-01	5.002187e-02	2.828041e+00
713	5.436819e-01	4.645897e-01	1.703468e+00
714	6.876118e-01	4.285611e-01	1.471910e+00
715	2.173299e-01	4.374077e-01	2.368832e+00
716	6.859828e-01	4.344980e-01	1.961407e+00
717	6.019927e-01	4.768510e-01	1.756229e+00
718	6.811061e-01	5.475813e-01	2.987298e+00
719	5.951522e-01	4.073375e-01	2.332682e+00
720	6.227562e-01	5.391975e-01	1.097704e+00
722	6.140743e-01	4.975311e-01	1.704446e+00
723	5.981494e-01	5.459782e-01	1.853933e+00
724	6.400689e-01	4.284712e-01	2.829995e+00
725	6.555344e-01	2.815522e-01	2.232047e+00
726	4.668323e-01	5.102287e-01	2.587689e+00
727	4.160848e-01	4.870633e-01	2.698095e+00
728	9.542318e-01	1.284700e-02	1.896922e+00
729	7.205975e-01	3.767965e-01	1.212995e+00
730	2.692660e-01	6.976164e-01	1.502198e+00
731	5.964204e-01	5.348379e-01	2.614069e+00
732	5.956026e-01	5.410332e-01	2.880801e+00
733	6.234881e-01	5.405072e-01	1.956522e+00
734	6.173841e-01	4.155065e-01	2.745970e+00
735	2.016811e-01	8.994814e-01	1.179775e+00
736	6.629395e-01	2.468263e-01	1.935027e+00
737	6.127026e-01	4.672351e-01	1.975085e+00
738	6.102955e-01	4.485179e-01	1.067416e+00
739	6.188725e-01	3.516815e-01	2.024915e+00
740	3.984471e-01	4.238652e-01	2.810454e+00
741	6.379600e-01	4.058022e-01	2.428432e+00
742	6.282548e-01	4.123360e-01	1.957499e+00
743	8.642032e-01	2.717282e-01	2.306302e+00
744	5.707735e-01	5.857260e-01	2.557401e+00
745	3.939328e-01	6.451036e-01	1.243283e+00
746	6.316889e-01	3.991310e-01	2.429409e+00
747	6.091905e-01	5.167874e-01	2.523205e+00
748	6.371316e-01	3.684093e-01	2.842697e+00
749	6.130910e-01	5.220628e-01	2.247680e+00
750	6.357204e-01	5.045427e-01	2.000489e+00
751	6.301311e-01	5.455297e-01	2.446019e+00
752	5.284538e-01	4.287467e-01	2.360039e+00
753	2.473638e-01	2.066509e-01	2.567171e+00
754	6.119024e-01	5.243169e-01	2.415730e+00
755	5.831756e-01	5.777367e-01	1.989741e+00
756	5.582163e-01	4.432844e-01	2.908158e+00
757	5.686210e-01	5.452636e-01	2.731314e+00
758	6.013178e-01	5.363684e-01	2.544700e+00
759	5.682509e-01	5.583847e-01	2.890572e+00
760	6.201123e-01	4.688075e-01	1.654617e+00
761	5.537036e-01	5.242443e-01	1.008793e+00
762	4.733585e-01	4.980266e-01	1.260870e+00
763	2.847287e-01	1.748871e-01	1.347826e+00
764	6.472634e-01	5.270320e-01	1.325354e+00
765	6.193801e-01	5.307867e-01	1.420127e+00
766	7.105650e-01	3.253841e-01	2.845628e+00
767	6.564052e-01	5.607879e-01	1.853933e+00
768	5.967284e-01	4.140817e-01	1.303859e+00
769	4.212076e-01	3.710295e-01	1.294089e+00
770	2.996551e-01	6.056146e-01	1.675134e+00
771	5.568603e-01	5.134690e-01	2.417684e+00
772	5.435219e-01	3.972137e-01	2.053249e+00
773	6.162503e-01	4.819641e-01	1.276502e+00
774	4.966176e-01	4.715721e-01	2.779189e+00
775	3.085007e-01	8.796840e-02	1.984856e+00
776	2.823727e-01	4.593752e-01	2.295554e+00
777	6.239630e-01	5.174911e-01	1.652662e+00
778	6.117281e-01	3.878043e-01	2.464582e+00
779	6.018206e-01	5.350824e-01	1.763068e+00
780	7.428077e-01	4.662183e-01	2.026869e+00
781	5.972382e-01	4.642006e-01	1.160234e+00
782	5.459251e-01	4.553865e-01	2.302394e+00
783	4.842913e-01	5.314561e-01	1.384954e+00
784	4.967467e-01	3.994291e-01	2.598437e+00
785	6.158188e-01	5.460444e-01	2.130435e+00
786	6.983900e-01	4.744887e-01	1.690767e+00
787	4.429688e-01	4.114336e-01	1.940889e+00
788	6.654942e-01	5.444698e-01	2.099170e+00
