767
0	2.153296e-01	2.523146e-01	1.398632e+00
1	4.276583e-01	3.785438e-01	1.108451e+00
2	4.189422e-01	4.741305e-01	2.925745e+00
3	4.604614e-01	4.789494e-01	2.732291e+00
4	4.193270e-01	4.242915e-01	1.257938e+00
5	5.005918e-01	5.256135e-01	2.424524e+00
6	7.708170e-01	8.995991e-01	1.383000e+00
7	4.745599e-01	4.731011e-01	2.705911e+00
8	4.580547e-01	4.674272e-01	2.442110e+00
9	4.684801e-01	5.087597e-01	2.233024e+00
10	4.551644e-01	5.097221e-01	2.376649e+00
11	4.702916e-01	5.081924e-01	1.556913e+00
12	4.544005e-01	6.996536e-01	2.950171e+00
13	6.019610e-01	5.649510e-01	1.066439e+00
14	4.686333e-01	5.092821e-01	1.626282e+00
15	3.485796e-01	7.829392e-01	1.306790e+00
16	4.678626e-01	5.116751e-01	2.902296e+00
17	5.373351e-01	7.002520e-01	1.195408e+00
18	4.250576e-01	4.970864e-01	1.785540e+00
19	4.631386e-01	5.087488e-01	1.248168e+00
20	4.483418e-01	4.776804e-01	1.863703e+00
21	5.022768e-01	5.462697e-01	2.671715e+00
22	4.698760e-01	5.022322e-01	2.487054e+00
23	4.762858e-01	6.905368e-01	1.946751e+00
24	4.628055e-01	6.661615e-01	1.303859e+00
25	5.657010e-01	6.238230e-01	2.152907e+00
26	4.809795e-01	5.202226e-01	1.388862e+00
27	4.817150e-01	5.317419e-01	1.591109e+00
28	3.867103e-01	4.044282e-01	2.205667e+00
29	4.842447e-01	5.603507e-01	2.181241e+00
30	4.129939e-01	7.204316e-01	1.475818e+00
31	4.196481e-01	5.937384e-01	2.309233e+00
32	4.522781e-01	5.493140e-01	2.073766e+00
33	5.797936e-01	7.223666e-01	2.331705e+00
34	4.740702e-01	5.257921e-01	1.126038e+00
35	7.387900e-01	6.204990e-01	2.235955e+00
36	2.918392e-01	5.842758e-01	2.805569e+00
37	4.789409e-01	6.546768e-01	2.555447e+00
38	4.668809e-01	4.705186e-01	2.559355e+00
39	4.772049e-01	5.238157e-01	1.895945e+00
40	5.447019e-01	6.022955e-01	1.282364e+00
41	4.693627e-01	3.529762e-01	2.750855e+00
42	4.704986e-01	5.115080e-01	2.412799e+00
43	4.661981e-01	5.132137e-01	2.557401e+00
44	4.013061e-01	6.279882e-01	1.648754e+00
45	4.230259e-01	4.650517e-01	1.721055e+00
46	4.924116e-01	5.520908e-01	2.588666e+00
47	4.713877e-01	5.253789e-01	1.525647e+00
48	4.661764e-01	5.107701e-01	2.751832e+00
49	3.776239e-01	3.549024e-01	2.625794e+00
50	4.305170e-01	4.218776e-01	1.663410e+00
51	4.704038e-01	5.155357e-01	2.560332e+00
52	4.793415e-01	5.324717e-01	1.696629e+00
53	4.636616e-01	5.223632e-01	1.506106e+00
54	4.719556e-01	5.191508e-01	2.675623e+00
55	5.320916e-01	5.598648e-01	2.497802e+00
56	4.897409e-01	4.037260e-01	1.031265e+00
57	3.913659e-01	4.183350e-01	2.361993e+00
58	4.432646e-01	4.735368e-01	1.866634e+00
60	7.829144e-01	7.688012e-01	1.503175e+00
61	4.285365e-01	5.539529e-01	2.449927e+00
62	4.777126e-01	5.271460e-01	2.831949e+00
63	4.615636e-01	5.276731e-01	2.317049e+00
64	4.364992e-01	5.544875e-01	2.353200e+00
65	4.675936e-01	5.078004e-01	2.575965e+00
66	4.325984e-01	5.969175e-01	2.922814e+00
67	3.376025e-01	3.960247e-01	2.289692e+00
68	4.406019e-01	6.299708e-01	2.766488e+00
69	4.562718e-01	3.668894e-01	1.522716e+00
70	4.139373e-01	4.652851e-01	2.769419e+00
71	4.782730e-01	5.421404e-01	1.110405e+00
72	4.833373e-01	4.818847e-01	1.412311e+00
73	5.796154e-01	6.798906e-01	1.951637e+00
74	5.189849e-01	4.589037e-01	1.449438e+00
75	2.890913e-01	4.434627e-01	2.176356e+00
76	4.597264e-01	5.039008e-01	1.212995e+00
77	4.634885e-01	5.223676e-01	1.872496e+00
78	4.544005e-01	4.695943e-01	1.606742e+00
79	3.762107e-01	5.918634e-01	1.183683e+00
80	4.426977e-01	4.485828e-01	2.736199e+00
81	4.683718e-01	5.081813e-01	1.617489e+00
82	4.802537e-01	5.815742e-01	2.456766e+00
83	5.400304e-01	5.554502e-01	1.406448e+00
84	3.574700e-01	4.732624e-01	2.453835e+00
85	4.706643e-01	5.075746e-01	2.712750e+00
86	4.674228e-01	5.109400e-01	2.877870e+00
87	3.554708e-01	6.929011e-01	1.533464e+00
88	4.360075e-01	2.592491e-01	2.169516e+00
89	4.474711e-01	4.976725e-01	2.483146e+00
90	4.592832e-01	6.160062e-01	1.538349e+00
91	4.466311e-01	5.000965e-01	1.117245e+00
92	4.563469e-01	5.367452e-01	2.709819e+00
93	4.313834e-01	4.796362e-01	2.929653e+00
94	4.128456e-01	5.884439e-01	2.125550e+00
95	4.504681e-01	3.932087e-01	2.148999e+00
96	4.619318e-01	5.112298e-01	1.206155e+00
98	4.707108e-01	5.242598e-01	1.997557e+00
99	4.952063e-01	4.397332e-01	1.753298e+00
100	4.837854e-01	4.945251e-01	1.491451e+00
101	4.637344e-01	5.089819e-01	2.381534e+00
102	4.932596e-01	5.506816e-01	1.837323e+00
103	5.104797e-01	6.189307e-01	2.723498e+00
104	4.367521e-01	4.150376e-01	1.216903e+00
105	4.517708e-01	4.820271e-01	1.385931e+00
107	4.850902e-01	5.243114e-01	1.887152e+00
108	6.323276e-01	3.906778e-01	1.869565e+00
109	4.840487e-01	4.132170e-01	2.657059e+00
110	5.312864e-01	5.261691e-01	1.905716e+00
111	4.210078e-01	4.861606e-01	2.319980e+00
113	5.543535e-01	1.887989e-01	1.155349e+00
114	4.805904e-01	5.318194e-01	1.261847e+00
115	3.726434e-01	3.463531e-01	1.308745e+00
116	5.849310e-01	3.606478e-01	1.148510e+00
117	4.766075e-01	5.764284e-01	1.865657e+00
118	4.548851e-01	4.578552e-01	2.988276e+00
119	4.497767e-01	4.457642e-01	1.479726e+00
120	4.751159e-01	4.126172e-01	2.095261e+00
121	5.047552e-01	4.277646e-01	2.442110e+00
122	5.622427e-01	6.557731e-01	1.070347e+00
123	4.827389e-01	4.915135e-01	1.417196e+00
124	4.693619e-01	4.916651e-01	2.817294e+00
126	4.541722e-01	5.545757e-01	2.738153e+00
127	4.312781e-01	5.882204e-01	2.338544e+00
128	3.225466e-01	3.174873e-01	1.282364e+00
129	4.613346e-01	5.178484e-01	2.676600e+00
130	3.056771e-01	3.426244e-01	2.443087e+00
132	3.879790e-01	6.287817e-01	1.220811e+00
133	3.135729e-01	6.152218e-01	2.407914e+00
134	4.680699e-01	4.358953e-01	2.277968e+00
135	4.793885e-01	5.247142e-01	2.409868e+00
136	4.608287e-01	4.668353e-01	2.083537e+00
137	5.088920e-01	4.468212e-01	2.286761e+00
138	5.847585e-01	4.535738e-01	1.194431e+00
139	4.725639e-01	5.016415e-01	2.818271e+00
140	5.628804e-01	5.525672e-01	2.827064e+00
141	4.590894e-01	5.340881e-01	1.684905e+00
142	4.632291e-01	5.255534e-01	1.999511e+00
143	4.628601e-01	5.075321e-01	1.956522e+00
144	4.789003e-01	5.786193e-01	2.323889e+00
145	5.391173e-01	4.781504e-01	2.501710e+00
146	4.543196e-01	6.548306e-01	2.395213e+00
147	5.795848e-01	4.646132e-01	2.719590e+00
148	4.682649e-01	5.096471e-01	2.937469e+00
149	4.891954e-01	5.628667e-01	2.803615e+00
150	3.496948e-01	3.834571e-01	1.794333e+00
151	4.853968e-01	5.107505e-01	2.611138e+00
152	5.029039e-01	5.480581e-01	1.724963e+00
153	4.758353e-01	5.338951e-01	1.983879e+00
154	4.645973e-01	5.086643e-01	2.181241e+00
155	5.155237e-01	4.150526e-01	1.295066e+00
156	4.273180e-01	4.345105e-01	1.970200e+00
157	4.464837e-01	5.192741e-01	2.387396e+00
158	6.031890e-01	5.077973e-01	2.386419e+00
159	6.067062e-01	4.231648e-01	2.647289e+00
160	4.674353e-01	4.843735e-01	1.686859e+00
161	4.686432e-01	5.256676e-01	1.553981e+00
162	4.907455e-01	6.702540e-01	1.764045e+00
163	3.841224e-01	2.430204e-01	1.632145e+00
164	4.696225e-01	5.107092e-01	1.235467e+00
165	4.688779e-01	5.010092e-01	2.251588e+00
166	4.463485e-01	4.841964e-01	1.751343e+00
167	4.476234e-01	6.708397e-01	1.715193e+00
168	4.684251e-01	5.086038e-01	2.109917e+00
169	4.193718e-01	4.367010e-01	2.137274e+00
170	3.857559e-01	4.450154e-01	2.099170e+00
171	4.876407e-01	6.322552e-01	2.057157e+00
172	5.449858e-01	5.001342e-01	2.246702e+00
173	4.818814e-01	5.001725e-01	1.894968e+00
174	4.484470e-01	6.028365e-01	2.453835e+00
175	4.689580e-01	5.310604e-01	2.834880e+00
176	4.383489e-01	4.293095e-01	2.215437e+00
177	4.861136e-01	5.411857e-01	2.153884e+00
178	4.768528e-01	5.068613e-01	2.475330e+00
179	4.804129e-01	6.150346e-01	1.274548e+00
180	4.756354e-01	4.807688e-01	2.127504e+00
181	4.870976e-01	5.309227e-01	1.790425e+00
182	2.955705e-01	3.486410e-01	1.736688e+00
183	3.871244e-01	5.355893e-01	1.692721e+00
184	5.325195e-01	6.950864e-01	2.042501e+00
185	3.637774e-01	4.870697e-01	1.468979e+00
186	4.295053e-01	5.370310e-01	1.784563e+00
188	4.722118e-01	5.337281e-01	1.839277e+00
189	4.872644e-01	5.141237e-01	1.175867e+00
190	5.459910e-01	5.389605e-01	2.807523e+00
191	5.182225e-01	5.493032e-01	2.811431e+00
192	5.071708e-01	5.271062e-01	1.192477e+00
193	2.312928e-01	5.662732e-01	1.620420e+00
194	5.016627e-01	6.613209e-01	2.624817e+00
195	4.641866e-01	5.141967e-01	2.806546e+00
196	3.565954e-01	3.252208e-01	1.763068e+00
197	7.384376e-01	6.671261e-01	2.060088e+00
198	5.447974e-01	7.816901e-01	2.458720e+00
199	5.033523e-01	5.575100e-01	2.463605e+00
200	8.020018e-01	7.565755e-01	1.141671e+00
201	4.539777e-01	5.128095e-01	1.146556e+00
202	4.714758e-01	4.355865e-01	1.395701e+00
203	5.643664e-01	4.893666e-01	1.755252e+00
204	4.688489e-01	5.287206e-01	2.901319e+00
205	5.798048e-01	6.585144e-01	2.123596e+00
206	4.570071e-01	7.416830e-01	1.652662e+00
207	4.704515e-01	4.836131e-01	1.199316e+00
208	5.027746e-01	5.725653e-01	2.170493e+00
209	4.096126e-01	7.087347e-01	2.733268e+00
210	4.557637e-01	5.208959e-01	1.545188e+00
211	4.447318e-01	5.096035e-01	1.376160e+00
212	4.944460e-01	5.382596e-01	1.621397e+00
213	4.617394e-01	5.131158e-01	1.883244e+00
214	4.651746e-01	5.013363e-01	1.612604e+00
215	4.877399e-01	5.201018e-01	2.909135e+00
216	4.698936e-01	5.236228e-01	1.354665e+00
217	4.832933e-01	5.060141e-01	2.770396e+00
218	5.640575e-01	3.566158e-01	2.148999e+00
219	4.910019e-01	5.388306e-01	2.624817e+00
220	4.919158e-01	5.249815e-01	2.697118e+00
221	4.757405e-01	5.024168e-01	1.938935e+00
222	3.601558e-01	1.514505e-01	1.854910e+00
223	4.603292e-01	6.373972e-01	2.625794e+00
224	4.147106e-01	2.783681e-01	2.984367e+00
225	4.855853e-01	5.120239e-01	2.693210e+00
226	4.735022e-01	5.134671e-01	2.276014e+00
227	4.538357e-01	4.820878e-01	1.245237e+00
228	4.728344e-01	5.155327e-01	1.489497e+00
229	4.690720e-01	5.142155e-01	2.305325e+00
230	4.740118e-01	5.178342e-01	2.689301e+00
231	4.686719e-01	5.278135e-01	1.346849e+00
232	4.763875e-01	5.369784e-01	2.447973e+00
233	4.448199e-01	5.009565e-01	1.591109e+00
234	4.350852e-01	5.929327e-01	1.931119e+00
235	4.557514e-01	5.426777e-01	2.687347e+00
236	4.665472e-01	5.092778e-01	2.787982e+00
237	4.733163e-01	5.178957e-01	1.510015e+00
238	4.739164e-01	5.270053e-01	2.193942e+00
239	4.891971e-01	4.511525e-01	2.918906e+00
240	4.603873e-01	5.044783e-01	1.734734e+00
241	4.356861e-01	4.396257e-01	1.119199e+00
242	4.425486e-01	6.330801e-01	1.631168e+00
243	4.618134e-01	4.727987e-01	1.258915e+00
244	4.737584e-01	5.630280e-01	2.458720e+00
245	4.494637e-01	3.874323e-01	2.134343e+00
246	4.645850e-01	5.163012e-01	2.662921e+00
247	5.063232e-01	5.384608e-01	2.924768e+00
248	4.480403e-01	5.065123e-01	2.983390e+00
250	6.375655e-01	5.820150e-01	2.763556e+00
251	2.248057e-01	4.844398e-01	2.374695e+00
252	5.384559e-01	4.440084e-01	1.703468e+00
253	4.755925e-01	3.648458e-01	1.246214e+00
254	4.797913e-01	6.749842e-01	2.925745e+00
255	4.744780e-01	4.816052e-01	1.857841e+00
256	4.708816e-01	5.060709e-01	2.601368e+00
257	4.575429e-01	4.690566e-01	2.413776e+00
258	4.481575e-01	5.408973e-01	2.569126e+00
259	4.738138e-01	5.998465e-01	1.865657e+00
260	4.667087e-01	5.103288e-01	2.574988e+00
261	4.834120e-01	5.346427e-01	1.598925e+00
262	5.615153e-01	5.393952e-01	2.264289e+00
263	3.494758e-01	6.655540e-01	1.176844e+00
264	4.881719e-01	3.043769e-01	1.061553e+00
265	4.601175e-01	4.865244e-01	2.526136e+00
266	4.802702e-01	5.381628e-01	1.928188e+00
267	4.047324e-01	5.453167e-01	2.006351e+00
268	4.631349e-01	4.884094e-01	1.041036e+00
269	4.486362e-01	4.934432e-01	1.793356e+00
270	4.910681e-01	5.673972e-01	1.860772e+00
271	5.825706e-01	4.841694e-01	1.389839e+00
272	4.704404e-01	5.180218e-01	1.052760e+00
273	3.550968e-01	3.416127e-01	1.156326e+00
274	6.057280e-01	7.982373e-01	1.981925e+00
275	3.098648e-01	3.824804e-01	2.256473e+00
276	4.585846e-01	4.555925e-01	2.368832e+00
277	4.726962e-01	5.535883e-01	2.024915e+00
279	4.281445e-01	4.589592e-01	1.348803e+00
280	5.438119e-01	6.826618e-01	2.472399e+00
281	5.477492e-01	5.972425e-01	2.288715e+00
282	4.666964e-01	6.137848e-01	2.745970e+00
283	4.736682e-01	5.048771e-01	2.490962e+00
284	5.590217e-01	7.484853e-01	2.515388e+00
285	1.714685e-01	4.529607e-01	1.545188e+00
286	4.666930e-01	5.156760e-01	2.662921e+00
287	4.646221e-01	4.267517e-01	2.264289e+00
288	4.915041e-01	5.504560e-01	2.905227e+00
289	3.999276e-01	5.891120e-01	1.058622e+00
290	6.062009e-01	4.782876e-01	2.152907e+00
291	7.775022e-01	9.058799e-01	2.784074e+00
292	4.778054e-01	5.084481e-01	2.445042e+00
293	5.094639e-01	2.066256e-01	2.852467e+00
294	4.163795e-01	4.650701e-01	2.070835e+00
295	4.142114e-01	5.064021e-01	1.406448e+00
296	6.843470e-01	9.456006e-01	1.751343e+00
297	5.770290e-01	4.925604e-01	2.077675e+00
298	4.371783e-01	5.684549e-01	1.601856e+00
299	4.457843e-01	4.698886e-01	2.048363e+00
300	4.965041e-01	4.593544e-01	2.781143e+00
301	4.690432e-01	5.085038e-01	2.779189e+00
302	4.712839e-01	5.536820e-01	2.617978e+00
303	3.073087e-01	2.859806e-01	1.698583e+00
304	5.438287e-01	5.858059e-01	1.948705e+00
305	4.588357e-01	5.333604e-01	1.416219e+00
306	8.511927e-01	2.518146e-01	1.745481e+00
307	4.709499e-01	5.268094e-01	2.291646e+00
308	3.896295e-01	1.786632e-01	1.868588e+00
309	5.418336e-01	5.614146e-01	2.511480e+00
310	4.882326e-01	5.496099e-01	2.596483e+00
311	5.201420e-01	6.069527e-01	2.855398e+00
312	4.956705e-01	5.550195e-01	1.312653e+00
313	4.856301e-01	5.274212e-01	1.787494e+00
314	4.709887e-01	5.153918e-01	2.252565e+00
315	4.645562e-01	6.087524e-01	1.978017e+00
316	3.811922e-01	3.620462e-01	2.965804e+00
317	4.704024e-01	5.071485e-01	2.221299e+00
318	6.893583e-01	4.727114e-01	1.701514e+00
319	4.899676e-01	6.101612e-01	1.135809e+00
320	4.279371e-01	4.876422e-01	2.997069e+00
322	4.930455e-01	4.724673e-01	2.362970e+00
323	4.848331e-01	5.185647e-01	2.553493e+00
324	4.637250e-01	5.231810e-01	1.347826e+00
325	1.255817e-01	2.316595e-01	2.896434e+00
326	4.669864e-01	5.074355e-01	1.857841e+00
327	4.454969e-01	4.240363e-01	1.669272e+00
328	4.863659e-01	5.385105e-01	1.726917e+00
329	4.849813e-01	5.619727e-01	2.604299e+00
330	5.145545e-01	5.199814e-01	2.089399e+00
331	5.118238e-01	5.285115e-01	1.552027e+00
332	4.044785e-01	5.288962e-01	1.769907e+00
333	4.729003e-01	5.056311e-01	1.382022e+00
334	3.053358e-01	3.898588e-01	2.510503e+00
335	4.179620e-01	4.880190e-01	1.640938e+00
336	4.642374e-01	5.258029e-01	2.933561e+00
337	3.810327e-01	5.693221e-01	1.033219e+00
338	4.787812e-01	4.877892e-01	1.408403e+00
339	4.883181e-01	5.389304e-01	2.767465e+00
340	4.583110e-01	4.781294e-01	1.526624e+00
341	4.878487e-01	5.499351e-01	1.456277e+00
342	4.794948e-01	5.113986e-01	1.054714e+00
343	4.158199e-01	5.360114e-01	2.601368e+00
344	2.621333e-01	3.590524e-01	2.193942e+00
346	4.706517e-01	5.040274e-01	1.564729e+00
347	4.922760e-01	5.152041e-01	1.679043e+00
348	6.350698e-01	5.990436e-01	2.034685e+00
349	4.702242e-01	4.850807e-01	2.564240e+00
350	3.576849e-01	3.849460e-01	2.311187e+00
351	4.853716e-01	6.969985e-01	1.297997e+00
352	4.571522e-01	4.962211e-01	2.873962e+00
353	5.776010e-01	4.717313e-01	2.202736e+00
354	4.692467e-01	5.104203e-01	2.653151e+00
355	5.159084e-01	4.344067e-01	2.461651e+00
356	4.498909e-01	4.896922e-01	1.679043e+00
357	4.891276e-01	5.184599e-01	2.991207e+00
358	4.393709e-01	7.559193e-01	2.857352e+00
359	4.334133e-01	4.012272e-01	1.913532e+00
360	3.673358e-01	4.134473e-01	1.216903e+00
361	4.710106e-01	2.803305e-01	1.214949e+00
362	5.036354e-01	5.307947e-01	1.005862e+00
363	4.686798e-01	5.280637e-01	2.227162e+00
364	4.675837e-01	5.084808e-01	1.723009e+00
366	3.724261e-01	4.632948e-01	1.692721e+00
367	4.535487e-01	4.994090e-01	1.154372e+00
368	4.530255e-01	4.691583e-01	1.851001e+00
369	4.628408e-01	5.065369e-01	2.418661e+00
370	4.896935e-01	5.045946e-01	1.874450e+00
371	5.112615e-01	4.618638e-01	1.591109e+00
372	4.611997e-01	4.686767e-01	2.199805e+00
373	3.911891e-01	3.734851e-01	2.208598e+00
374	4.270861e-01	4.070152e-01	1.322423e+00
375	5.288167e-01	8.174105e-01	2.361016e+00
376	3.624401e-01	5.233941e-01	1.815828e+00
377	4.662405e-01	5.111071e-01	1.328285e+00
378	4.740817e-01	5.204563e-01	1.883244e+00
379	3.546779e-01	3.690388e-01	1.599902e+00
380	5.567897e-01	8.134111e-01	2.343429e+00
381	4.674443e-01	5.236514e-01	1.835369e+00
383	4.855403e-01	5.828399e-01	1.698583e+00
384	7.529867e-01	3.658911e-01	2.761602e+00
385	4.678418e-01	4.451867e-01	1.961407e+00
386	5.761021e-01	5.468768e-01	2.449927e+00
387	4.605942e-01	4.132746e-01	2.669761e+00
388	4.333948e-01	5.049151e-01	2.597460e+00
389	4.680278e-01	5.265793e-01	2.960918e+00
390	4.850119e-01	5.321392e-01	1.655594e+00
391	4.715235e-01	4.435445e-01	2.572057e+00
392	4.796083e-01	5.665626e-01	1.234489e+00
393	4.841894e-01	5.159057e-01	1.607719e+00
394	4.749501e-01	5.102720e-01	2.643381e+00
395	5.417633e-01	6.862173e-01	1.233512e+00
397	3.759977e-01	5.558973e-01	1.083048e+00
398	5.192330e-01	1.306562e-01	2.453835e+00
399	4.316350e-01	6.114846e-01	2.169516e+00
400	4.544872e-01	4.609855e-01	1.634099e+00
401	7.668652e-01	5.562305e-01	1.314607e+00
402	4.606017e-01	5.177656e-01	2.292623e+00
403	6.262991e-01	7.185415e-01	1.759160e+00
404	4.202701e-01	5.809359e-01	2.942355e+00
405	4.722035e-01	5.116855e-01	1.358574e+00
406	4.970358e-01	5.746790e-01	1.474841e+00
407	6.610670e-01	6.125381e-01	2.850513e+00
408	5.997821e-01	6.603903e-01	2.543723e+00
409	4.447601e-01	5.260904e-01	1.170005e+00
410	4.561262e-01	5.858684e-01	2.011236e+00
411	5.342679e-01	4.588749e-01	2.982413e+00
412	7.914685e-01	2.172859e-01	1.578407e+00
413	5.498595e-01	6.010841e-01	2.904250e+00
414	4.785971e-01	5.423717e-01	2.948217e+00
415	4.752114e-01	5.093825e-01	1.856864e+00
416	4.862308e-01	5.550932e-01	1.780655e+00
417	4.457853e-01	4.915079e-01	1.223742e+00
418	4.584097e-01	5.609441e-01	2.928676e+00
419	4.732252e-01	4.744435e-01	1.055691e+00
420	4.845407e-01	4.845479e-01	2.823156e+00
421	4.705882e-01	5.113105e-01	2.886663e+00
422	4.586794e-01	5.048724e-01	1.391793e+00
423	6.514184e-01	3.343575e-01	1.467025e+00
424	4.876732e-01	5.416703e-01	1.512946e+00
425	1.380917e-01	5.393716e-01	1.960430e+00
426	1.627246e-01	5.283203e-01	2.254519e+00
427	4.758406e-01	5.472331e-01	2.899365e+00
428	4.913374e-01	5.025331e-01	1.247191e+00
429	4.636002e-01	4.947721e-01	1.802149e+00
430	4.517798e-01	4.910966e-01	1.663410e+00
431	4.970050e-01	6.465356e-01	2.556424e+00
433	4.831504e-01	5.170842e-01	2.475330e+00
434	4.508623e-01	4.987361e-01	2.923791e+00
435	4.853431e-01	3.920915e-01	2.906204e+00
437	4.810904e-01	4.629605e-01	2.476307e+00
438	5.728433e-01	5.311803e-01	2.065950e+00
439	4.628064e-01	5.076142e-01	1.983879e+00
440	4.882108e-01	5.375480e-01	1.637030e+00
441	5.511081e-01	4.029088e-01	1.338056e+00
442	3.441442e-01	5.486907e-01	2.406937e+00
443	5.729823e-01	2.535230e-01	1.422081e+00
444	5.026534e-01	6.042709e-01	2.956033e+00
445	4.646122e-01	5.047733e-01	2.601368e+00
446	6.343754e-01	5.503761e-01	1.846116e+00
447	4.729340e-01	5.370121e-01	1.264778e+00
448	4.897285e-01	6.163977e-01	1.119199e+00
449	4.594466e-01	4.362560e-01	1.956522e+00
450	4.641837e-01	7.202957e-01	2.971666e+00
451	4.712449e-01	5.085552e-01	2.149976e+00
452	4.144431e-01	5.386880e-01	1.574499e+00
453	4.463116e-01	2.822951e-01	1.775769e+00
455	4.861597e-01	5.615992e-01	2.984367e+00
456	4.684756e-01	5.168494e-01	1.577430e+00
457	4.780828e-01	5.475266e-01	2.955056e+00
458	4.900555e-01	5.031638e-01	2.865169e+00
459	4.763094e-01	5.105251e-01	1.672203e+00
461	3.422979e-01	7.029222e-01	2.513434e+00
462	4.475790e-01	4.495080e-01	1.853933e+00
463	4.648502e-01	5.633238e-01	2.858329e+00
464	4.502544e-01	3.373401e-01	1.574499e+00
465	4.339077e-01	5.351932e-01	1.432829e+00
466	4.622100e-01	5.134757e-01	1.500244e+00
467	4.325096e-01	3.736602e-01	1.323400e+00
468	4.762485e-01	5.064295e-01	2.147044e+00
469	4.745126e-01	5.391377e-01	2.698095e+00
470	4.629837e-01	5.247943e-01	1.364436e+00
471	6.194863e-01	7.469761e-01	2.076698e+00
472	4.741477e-01	5.106426e-01	2.011236e+00
473	4.970176e-01	3.432792e-01	1.215926e+00
474	4.791569e-01	5.229460e-01	2.299463e+00
475	5.255883e-01	4.376894e-01	1.683928e+00
476	4.838881e-01	5.148331e-01	2.081583e+00
477	4.895668e-01	5.464261e-01	2.350269e+00
478	4.756959e-01	6.049712e-01	2.728383e+00
479	3.859800e-01	3.778118e-01	1.194431e+00
480	5.436783e-01	6.119640e-01	2.515388e+00
481	4.636585e-01	3.590294e-01	1.865657e+00
482	4.805323e-01	8.028950e-01	1.802149e+00
483	4.398284e-01	4.622707e-01	1.367367e+00
484	4.800097e-01	4.844259e-01	1.148510e+00
485	5.362610e-01	6.082698e-01	2.427455e+00
486	4.255165e-01	5.359794e-01	2.196873e+00
487	3.763310e-01	5.259729e-01	2.386419e+00
488	4.889019e-01	5.609114e-01	1.294089e+00
489	4.786346e-01	6.213443e-01	1.687836e+00
490	4.817804e-01	5.703364e-01	1.146556e+00
491	6.028150e-01	7.254295e-01	1.597948e+00
492	4.658658e-01	4.642455e-01	2.412799e+00
493	3.975099e-01	4.071665e-01	1.227650e+00
494	4.536798e-01	5.492042e-01	2.522228e+00
495	4.414801e-01	4.748017e-01	1.437714e+00
496	4.803341e-01	5.998021e-01	1.523693e+00
497	5.405965e-01	5.611611e-01	1.221788e+00
498	4.118534e-01	4.516751e-01	1.652662e+00
499	4.979695e-01	6.679870e-01	1.269663e+00
500	4.767655e-01	5.082336e-01	2.967758e+00
501	4.694607e-01	5.146565e-01	2.546654e+00
502	4.304071e-01	1.520938e-01	1.818759e+00
503	4.813053e-01	4.480961e-01	1.919394e+00
504	4.701145e-01	4.987351e-01	2.563263e+00
505	5.414779e-01	6.628829e-01	1.451392e+00
506	5.230366e-01	5.273516e-01	1.718124e+00
507	4.540224e-01	4.928427e-01	1.207132e+00
508	4.659154e-01	5.220711e-01	1.236444e+00
509	3.858749e-01	4.492053e-01	2.622863e+00
510	4.561465e-01	5.177684e-01	2.549585e+00
511	4.682645e-01	5.126509e-01	2.966781e+00
512	4.774043e-01	6.426036e-01	2.395213e+00
513	4.970515e-01	5.873470e-01	1.534441e+00
514	4.157838e-01	4.110084e-01	1.550073e+00
515	4.536674e-01	4.205936e-01	1.610650e+00
516	5.355802e-01	6.360585e-01	1.612604e+00
517	4.877554e-01	5.098427e-01	1.086957e+00
518	3.990360e-01	6.219206e-01	2.282853e+00
519	2.763327e-01	1.838480e-01	1.573522e+00
520	4.874871e-01	4.838997e-01	2.497802e+00
521	4.596963e-01	5.077476e-01	1.752320e+00
523	4.438974e-01	4.997882e-01	1.209086e+00
524	5.331388e-01	6.797606e-01	2.755740e+00
525	3.259865e-01	5.239239e-01	1.499267e+00
526	4.498016e-01	4.882577e-01	1.014656e+00
527	7.369705e-01	7.123467e-01	2.891549e+00
528	4.539922e-01	4.861226e-01	2.478261e+00
529	6.124727e-01	6.452189e-01	1.898876e+00
530	4.905711e-01	5.208144e-01	1.188569e+00
531	4.439766e-01	5.624476e-01	2.785051e+00
532	4.757801e-01	5.123777e-01	2.945286e+00
533	4.641759e-01	5.731111e-01	2.458720e+00
534	3.728648e-01	5.211629e-01	2.673669e+00
535	4.860047e-01	5.156200e-01	1.399609e+00
536	4.385355e-01	4.740282e-01	2.604299e+00
537	4.651437e-01	5.139642e-01	1.529555e+00
538	4.664478e-01	5.052604e-01	2.823156e+00
539	4.790968e-01	5.433019e-01	2.826087e+00
540	4.824695e-01	4.202604e-01	2.844651e+00
541	5.218514e-01	4.357098e-01	2.290669e+00
542	4.309510e-01	5.452654e-01	2.570103e+00
543	4.973883e-01	5.279743e-01	2.396190e+00
544	5.008000e-01	5.621581e-01	1.318515e+00
545	4.958209e-01	5.195628e-01	2.605276e+00
546	6.218233e-01	5.177782e-01	2.683439e+00
547	3.605600e-01	5.123154e-01	1.587201e+00
548	5.098091e-01	6.129620e-01	1.375183e+00
549	4.867042e-01	4.606447e-01	2.298486e+00
550	3.173111e-01	4.606389e-01	1.285296e+00
551	4.676539e-01	5.023070e-01	2.983390e+00
552	5.699301e-01	4.398347e-01	1.195408e+00
553	4.718781e-01	5.170713e-01	2.414753e+00
554	4.387263e-01	6.765023e-01	1.843185e+00
555	4.636162e-01	4.661734e-01	2.396190e+00
556	5.884756e-01	5.428431e-01	3.000000e+00
557	4.890827e-01	5.202572e-01	2.728383e+00
559	4.739631e-01	5.266289e-01	1.944797e+00
560	5.025539e-01	6.055399e-01	2.883732e+00
561	5.117278e-01	3.637419e-01	2.383488e+00
562	4.262571e-01	5.736609e-01	2.506595e+00
563	4.581167e-01	5.098394e-01	1.786517e+00
564	4.590154e-01	4.352361e-01	2.893503e+00
565	4.748707e-01	5.025083e-01	2.981436e+00
566	4.679897e-01	5.474765e-01	2.663898e+00
567	4.746046e-01	5.455804e-01	2.227162e+00
568	4.771166e-01	4.806530e-01	1.527601e+00
569	3.503884e-01	3.548634e-01	2.610161e+00
570	8.446068e-01	2.737462e-01	1.058622e+00
571	4.659593e-01	4.879712e-01	2.782120e+00
573	4.804627e-01	5.201013e-01	2.109917e+00
574	4.573042e-01	4.748958e-01	2.074744e+00
575	4.904110e-01	4.764440e-01	2.319003e+00
576	4.514778e-01	5.385203e-01	1.290181e+00
577	4.739929e-01	5.485535e-01	1.286273e+00
578	4.513253e-01	5.043611e-01	1.881290e+00
579	4.614761e-01	4.910527e-01	1.664387e+00
580	3.524394e-01	4.901316e-01	1.242306e+00
581	4.719231e-01	5.781451e-01	1.927211e+00
582	4.681902e-01	5.097918e-01	2.820225e+00
583	5.245781e-01	6.209059e-01	2.792868e+00
584	3.973992e-01	5.867562e-01	1.201270e+00
585	4.641519e-01	5.795917e-01	1.898876e+00
586	4.645619e-01	5.173302e-01	1.782609e+00
587	4.840382e-01	4.789366e-01	1.561798e+00
588	4.662816e-01	5.128097e-01	2.282853e+00
589	4.294328e-01	4.277673e-01	2.210552e+00
590	5.048479e-01	5.239035e-01	1.020518e+00
591	4.603311e-01	4.344266e-01	1.784563e+00
592	4.667295e-01	5.089368e-01	1.275525e+00
593	4.847301e-01	5.121071e-01	1.212995e+00
594	4.134314e-01	5.000294e-01	2.964827e+00
595	4.621490e-01	5.114592e-01	2.079629e+00
596	2.746783e-01	2.894713e-01	1.187592e+00
597	4.442501e-01	4.936355e-01	1.258915e+00
598	4.730027e-01	5.619760e-01	1.999511e+00
599	4.670028e-01	4.974547e-01	1.264778e+00
600	4.723055e-01	5.249578e-01	1.110405e+00
601	5.631352e-01	8.736155e-01	1.107474e+00
602	5.387717e-01	5.426879e-01	1.070347e+00
603	4.631387e-01	4.982352e-01	2.400098e+00
604	4.772044e-01	5.838492e-01	2.871031e+00
605	4.720893e-01	5.066735e-01	2.739130e+00
606	4.750096e-01	5.287373e-01	2.061065e+00
607	4.441181e-01	5.056027e-01	1.073278e+00
608	4.859950e-01	5.673433e-01	2.799707e+00
609	4.269180e-01	4.567703e-01	2.010259e+00
610	4.904900e-01	4.418029e-01	1.700537e+00
611	4.739529e-01	5.187541e-01	1.339033e+00
612	4.509041e-01	5.610887e-01	2.227162e+00
613	7.035775e-01	2.060275e-01	2.482169e+00
614	4.716006e-01	5.212367e-01	2.958964e+00
615	5.018480e-01	3.721938e-01	1.443576e+00
616	4.376511e-01	5.014517e-01	2.381534e+00
617	4.639417e-01	3.629110e-01	1.971177e+00
618	4.640557e-01	5.079436e-01	2.960918e+00
619	3.028769e-01	3.214258e-01	1.812897e+00
620	4.569728e-01	5.770565e-01	1.170982e+00
621	5.494117e-01	6.461163e-01	1.277479e+00
622	2.868616e-01	5.022888e-01	1.176844e+00
623	5.483836e-01	5.254865e-01	1.636053e+00
624	4.357358e-01	5.507692e-01	2.336590e+00
625	5.123499e-01	5.059492e-01	1.343918e+00
626	4.669309e-01	4.955185e-01	1.905716e+00
627	4.589530e-01	5.564283e-01	1.784563e+00
628	4.787369e-01	5.112133e-01	2.063996e+00
629	4.602476e-01	5.055246e-01	2.497802e+00
630	4.303372e-01	5.357390e-01	2.870054e+00
631	4.410860e-01	5.355560e-01	1.729849e+00
632	3.820398e-01	3.862261e-01	2.290669e+00
633	4.642175e-01	5.090894e-01	2.841720e+00
634	4.669361e-01	5.087834e-01	2.195896e+00
635	4.709451e-01	5.702729e-01	1.601856e+00
636	4.962532e-01	5.616104e-01	2.449927e+00
637	4.468627e-01	4.955868e-01	1.462140e+00
638	4.678716e-01	5.115118e-01	2.041524e+00
639	4.655159e-01	5.088587e-01	2.061065e+00
640	3.052399e-01	4.366006e-01	2.130435e+00
641	4.696751e-01	3.868781e-01	2.205667e+00
642	4.664160e-01	5.113642e-01	2.184172e+00
643	5.125588e-01	5.126800e-01	2.747924e+00
644	4.954143e-01	5.527404e-01	2.909135e+00
645	4.687396e-01	5.087650e-01	2.777235e+00
646	5.252425e-01	5.587279e-01	1.295066e+00
647	5.381056e-01	4.642466e-01	1.050806e+00
648	5.347024e-01	4.975402e-01	1.191500e+00
649	4.732644e-01	5.126676e-01	1.198339e+00
650	4.595449e-01	4.930537e-01	2.656082e+00
651	4.948095e-01	5.263003e-01	1.692721e+00
652	7.466136e-01	7.288311e-01	2.330728e+00
653	4.687709e-01	4.768762e-01	1.906693e+00
654	4.995098e-01	5.137076e-01	2.192965e+00
655	4.596435e-01	5.858994e-01	1.200293e+00
656	4.515464e-01	4.992350e-01	2.361016e+00
657	3.947051e-01	3.154967e-01	2.080606e+00
658	4.603127e-01	5.269182e-01	2.017098e+00
659	5.528071e-01	5.176825e-01	2.191011e+00
660	7.660652e-01	6.548381e-01	1.667318e+00
661	4.069429e-01	4.684338e-01	2.229116e+00
662	2.489445e-01	3.932615e-01	1.188569e+00
663	4.770574e-01	4.971214e-01	2.714704e+00
664	4.511494e-01	5.134767e-01	1.979971e+00
665	4.716878e-01	5.091784e-01	2.954079e+00
666	2.592681e-01	3.686717e-01	1.803127e+00
667	5.019371e-01	5.523824e-01	1.039082e+00
668	7.065209e-01	3.418680e-01	1.893014e+00
669	4.792622e-01	5.540782e-01	1.778701e+00
670	7.258148e-01	4.939526e-01	1.807035e+00
671	4.734844e-01	4.646023e-01	1.102589e+00
672	4.920314e-01	7.179731e-01	1.879336e+00
673	5.295904e-01	4.665832e-01	1.984856e+00
674	4.680728e-01	5.095278e-01	2.238886e+00
675	4.675209e-01	5.311648e-01	2.868100e+00
676	4.621937e-01	5.038201e-01	2.748901e+00
677	4.990060e-01	7.472266e-01	1.578407e+00
678	4.542271e-01	4.568889e-01	1.621397e+00
679	4.705504e-01	5.047659e-01	2.657059e+00
680	4.815701e-01	5.238617e-01	2.404983e+00
681	4.578503e-01	4.828664e-01	2.272106e+00
682	4.986184e-01	5.917332e-01	1.463117e+00
683	4.661739e-01	5.150881e-01	2.316072e+00
684	4.754213e-01	5.275501e-01	2.334636e+00
685	4.798327e-01	5.554598e-01	1.365413e+00
686	5.408276e-01	5.280072e-01	2.105032e+00
687	4.090660e-01	5.425366e-01	1.339033e+00
688	4.609759e-01	4.889676e-01	2.932584e+00
689	4.687017e-01	5.175452e-01	2.378603e+00
690	4.718784e-01	5.130294e-01	1.833415e+00
691	2.851407e-01	4.769965e-01	1.663410e+00
692	4.467091e-01	5.136550e-01	2.251588e+00
693	6.163153e-01	3.766727e-01	1.766976e+00
694	3.423482e-01	4.264902e-01	1.575476e+00
695	5.476475e-01	3.250676e-01	2.771373e+00
696	4.685173e-01	5.001227e-01	2.787005e+00
697	4.595413e-01	5.042105e-01	1.959453e+00
698	4.562463e-01	5.351430e-01	2.187103e+00
699	4.692686e-01	5.107596e-01	2.430386e+00
700	4.169205e-01	4.649423e-01	2.679531e+00
701	4.701164e-01	5.382259e-01	2.191988e+00
702	5.299272e-01	5.894974e-01	2.945286e+00
703	4.935538e-01	5.036613e-01	2.793845e+00
704	4.864751e-01	5.314489e-01	2.132389e+00
705	4.622737e-01	5.254441e-01	1.627259e+00
706	4.814351e-01	5.197467e-01	1.623351e+00
707	4.709120e-01	5.071391e-01	2.772350e+00
708	4.696037e-01	5.031799e-01	1.552027e+00
709	4.564423e-01	5.076327e-01	1.180752e+00
710	4.996239e-01	5.634290e-01	1.632145e+00
711	2.946429e-01	2.052699e-01	1.680997e+00
712	6.115825e-01	5.853001e-01	2.828041e+00
713	5.020083e-01	4.445701e-01	1.703468e+00
714	3.889940e-01	3.249316e-01	1.471910e+00
715	4.762793e-01	4.987986e-01	2.368832e+00
716	4.765235e-01	4.856861e-01	1.961407e+00
717	4.618024e-01	5.089321e-01	1.756229e+00
718	4.730595e-01	4.761945e-01	2.987298e+00
719	4.783144e-01	5.110527e-01	2.332682e+00
720	4.814192e-01	4.747636e-01	1.097704e+00
721	5.060382e-01	6.762581e-01	1.954568e+00
722	4.716528e-01	5.083731e-01	1.704446e+00
723	4.678238e-01	5.094657e-01	1.853933e+00
724	4.962221e-01	4.559385e-01	2.829995e+00
725	4.305205e-01	5.426660e-01	2.232047e+00
726	4.767320e-01	5.453650e-01	2.587689e+00
727	5.763630e-01	3.350967e-01	2.698095e+00
729	4.647121e-01	4.002440e-01	1.212995e+00
730	5.286385e-01	4.854988e-01	1.502198e+00
731	4.678578e-01	5.131941e-01	2.614069e+00
732	5.262332e-01	6.461592e-01	2.880801e+00
733	4.678217e-01	5.281641e-01	1.956522e+00
734	4.810169e-01	5.294066e-01	2.745970e+00
735	7.884017e-01	4.316116e-01	1.179775e+00
736	4.718521e-01	5.281772e-01	1.935027e+00
737	4.620625e-01	5.043560e-01	1.975085e+00
738	4.635289e-01	5.605107e-01	1.067416e+00
739	4.516223e-01	4.458240e-01	2.024915e+00
740	4.109011e-01	4.591787e-01	2.810454e+00
741	4.954082e-01	6.276291e-01	2.428432e+00
742	4.613132e-01	4.792762e-01	1.957499e+00
743	4.547464e-01	6.115189e-01	2.306302e+00
744	4.893063e-01	5.203289e-01	2.557401e+00
745	4.771349e-01	5.434258e-01	1.243283e+00
746	4.702202e-01	5.174347e-01	2.429409e+00
747	4.992388e-01	4.809229e-01	2.523205e+00
748	5.802210e-01	6.937730e-01	2.842697e+00
749	4.712639e-01	5.104615e-01	2.247680e+00
750	4.695912e-01	5.098836e-01	2.000489e+00
751	4.675285e-01	5.265580e-01	2.446019e+00
752	4.630593e-01	5.093220e-01	2.360039e+00
753	6.515591e-01	4.672414e-01	2.567171e+00
754	4.636990e-01	4.932293e-01	2.415730e+00
755	4.946774e-01	5.077928e-01	1.989741e+00
756	4.723635e-01	5.113653e-01	2.908158e+00
757	4.419727e-01	6.280983e-01	2.731314e+00
758	4.719595e-01	5.056182e-01	2.544700e+00
759	4.681914e-01	5.100277e-01	2.890572e+00
760	4.682018e-01	5.077490e-01	1.654617e+00
761	4.724238e-01	5.040459e-01	1.008793e+00
762	4.740591e-01	4.365306e-01	1.260870e+00
763	4.782977e-01	3.391517e-01	1.347826e+00
764	4.543346e-01	5.091230e-01	1.325354e+00
765	4.690354e-01	5.093305e-01	1.420127e+00
766	4.539364e-01	2.877100e-01	2.845628e+00
767	4.484486e-01	5.062989e-01	1.853933e+00
768	4.622764e-01	4.976438e-01	1.303859e+00
769	4.526953e-01	4.813502e-01	1.294089e+00
770	6.393781e-01	2.693834e-01	1.675134e+00
771	5.095484e-01	4.534087e-01	2.417684e+00
772	4.589956e-01	5.627875e-01	2.053249e+00
773	4.724651e-01	4.981550e-01	1.276502e+00
774	5.490483e-01	5.415538e-01	2.779189e+00
775	1.522052e-01	3.584516e-01	1.984856e+00
776	6.199055e-01	6.331107e-01	2.295554e+00
777	4.691508e-01	5.101930e-01	1.652662e+00
778	4.644310e-01	5.025564e-01	2.464582e+00
779	4.709869e-01	5.098210e-01	1.763068e+00
780	4.657932e-01	4.772160e-01	2.026869e+00
781	5.368082e-01	6.001399e-01	1.160234e+00
782	4.570651e-01	7.304011e-01	2.302394e+00
783	4.708692e-01	5.052395e-01	1.384954e+00
784	4.919146e-01	5.371194e-01	2.598437e+00
785	5.228434e-01	4.806143e-01	2.130435e+00
786	4.450627e-01	4.898028e-01	1.690767e+00
787	4.960007e-01	4.980805e-01	1.940889e+00
788	4.680696e-01	5.099476e-01	2.099170e+00
