771
0	2.387809e-02	2.731678e-01	1.398632e+00
1	4.280948e-01	4.754594e-01	1.108451e+00
2	4.575024e-01	4.289016e-01	2.925745e+00
3	5.128768e-01	5.571819e-01	2.732291e+00
4	4.952676e-01	7.454368e-01	1.257938e+00
5	5.319200e-01	5.591764e-01	2.424524e+00
6	7.944487e-01	9.517133e-01	1.383000e+00
7	4.697785e-01	4.704744e-01	2.705911e+00
8	4.643216e-01	4.763463e-01	2.442110e+00
9	4.671404e-01	5.057210e-01	2.233024e+00
10	4.179617e-01	3.969958e-01	2.376649e+00
11	4.602496e-01	4.885940e-01	1.556913e+00
12	4.276283e-01	3.958098e-01	2.950171e+00
13	4.716518e-01	4.703751e-01	1.066439e+00
14	4.709573e-01	5.078503e-01	1.626282e+00
15	2.230959e-01	5.228067e-01	1.306790e+00
16	4.672978e-01	5.087385e-01	2.902296e+00
17	3.396922e-01	4.680876e-01	1.195408e+00
18	3.870548e-01	4.855601e-01	1.785540e+00
19	4.725094e-01	5.022814e-01	1.248168e+00
20	4.361173e-01	5.092444e-01	1.863703e+00
21	5.439988e-01	6.075989e-01	2.671715e+00
22	4.604596e-01	4.966959e-01	2.487054e+00
23	3.140890e-01	3.556997e-01	1.946751e+00
24	5.150632e-01	3.310104e-01	1.303859e+00
25	6.046687e-01	5.935984e-01	2.152907e+00
26	4.522296e-01	5.107098e-01	1.388862e+00
27	4.988088e-01	5.371335e-01	1.591109e+00
28	4.731544e-01	5.762151e-01	2.205667e+00
29	4.461244e-01	4.825700e-01	2.181241e+00
30	5.861952e-01	4.341678e-01	1.475818e+00
31	4.805635e-01	3.987167e-01	2.309233e+00
32	4.489479e-01	4.817387e-01	2.073766e+00
33	2.371085e-01	2.365194e-01	2.331705e+00
34	4.316493e-01	4.681483e-01	1.126038e+00
35	4.960225e-01	4.577113e-01	2.235955e+00
36	4.996736e-01	6.954853e-01	2.805569e+00
37	4.785473e-01	5.752496e-01	2.555447e+00
38	4.692681e-01	5.118366e-01	2.559355e+00
39	4.755845e-01	5.096380e-01	1.895945e+00
40	4.211802e-01	4.483130e-01	1.282364e+00
41	5.705060e-01	6.275729e-01	2.750855e+00
42	4.610387e-01	4.945182e-01	2.412799e+00
43	4.829433e-01	5.090407e-01	2.557401e+00
44	3.569022e-01	3.937157e-01	1.648754e+00
45	4.944075e-01	4.296198e-01	1.721055e+00
46	4.316644e-01	4.197853e-01	2.588666e+00
47	4.645132e-01	5.230838e-01	1.525647e+00
48	4.680888e-01	5.115265e-01	2.751832e+00
49	3.325002e-01	3.329707e-01	2.625794e+00
50	4.458778e-01	4.687771e-01	1.663410e+00
51	4.644937e-01	5.041683e-01	2.560332e+00
52	4.890814e-01	5.155251e-01	1.696629e+00
53	4.775921e-01	4.923114e-01	1.506106e+00
54	4.715161e-01	5.152340e-01	2.675623e+00
55	4.571525e-01	4.392563e-01	2.497802e+00
56	4.359791e-01	4.395936e-01	1.031265e+00
57	5.629828e-01	5.758697e-01	2.361993e+00
58	4.556810e-01	4.617230e-01	1.866634e+00
60	4.012850e-01	1.648495e-01	1.503175e+00
61	4.751605e-01	4.629610e-01	2.449927e+00
62	4.638543e-01	5.124782e-01	2.831949e+00
63	4.669986e-01	5.142347e-01	2.317049e+00
64	4.870169e-01	5.386025e-01	2.353200e+00
65	4.680247e-01	5.103276e-01	2.575965e+00
66	3.818092e-01	5.653027e-01	2.922814e+00
67	5.564550e-01	6.226118e-01	2.289692e+00
68	4.448417e-01	5.816431e-01	2.766488e+00
69	4.741573e-01	4.301790e-01	1.522716e+00
70	4.889958e-01	4.311988e-01	2.769419e+00
71	4.757627e-01	5.040606e-01	1.110405e+00
72	4.962516e-01	5.162677e-01	1.412311e+00
73	4.626585e-01	3.716073e-01	1.951637e+00
74	6.338892e-01	5.758089e-01	1.449438e+00
75	5.330611e-01	3.113265e-01	2.176356e+00
76	4.622041e-01	4.540083e-01	1.212995e+00
77	4.695040e-01	5.007137e-01	1.872496e+00
78	4.670455e-01	4.988226e-01	1.606742e+00
79	3.667556e-01	4.046513e-01	1.183683e+00
80	4.701705e-01	4.715297e-01	2.736199e+00
81	4.692675e-01	5.085806e-01	1.617489e+00
82	4.371462e-01	4.165895e-01	2.456766e+00
83	5.948871e-01	5.944004e-01	1.406448e+00
84	5.007512e-01	3.707018e-01	2.453835e+00
85	4.686021e-01	5.033067e-01	2.712750e+00
86	4.766022e-01	5.123053e-01	2.877870e+00
87	6.775140e-01	6.738562e-01	1.533464e+00
88	3.100095e-01	3.782641e-01	2.169516e+00
89	4.213183e-01	4.057349e-01	2.483146e+00
90	5.441452e-01	5.761684e-01	1.538349e+00
91	4.668653e-01	5.181308e-01	1.117245e+00
92	4.583469e-01	4.850850e-01	2.709819e+00
93	4.818495e-01	4.674869e-01	2.929653e+00
94	3.414462e-01	4.040061e-01	2.125550e+00
95	6.919220e-01	5.760344e-01	2.148999e+00
96	4.472881e-01	5.175933e-01	1.206155e+00
98	4.557464e-01	4.989743e-01	1.997557e+00
99	4.292553e-01	5.595419e-01	1.753298e+00
100	4.718495e-01	5.143735e-01	1.491451e+00
101	4.680901e-01	5.071596e-01	2.381534e+00
102	4.226262e-01	4.609076e-01	1.837323e+00
103	5.114766e-01	4.960648e-01	2.723498e+00
104	5.633251e-01	7.514180e-01	1.216903e+00
105	4.731889e-01	5.009395e-01	1.385931e+00
107	4.750620e-01	5.000195e-01	1.887152e+00
108	3.446758e-01	4.353049e-01	1.869565e+00
109	3.897652e-01	5.162468e-01	2.657059e+00
110	3.974036e-01	4.273856e-01	1.905716e+00
111	4.396863e-01	5.162676e-01	2.319980e+00
113	3.747507e-01	8.084040e-01	1.155349e+00
114	4.759771e-01	5.071340e-01	1.261847e+00
115	3.491348e-01	3.778787e-01	1.308745e+00
116	4.656277e-01	7.617928e-01	1.148510e+00
117	4.543361e-01	4.686445e-01	1.865657e+00
118	4.432882e-01	4.900562e-01	2.988276e+00
119	4.406457e-01	4.669800e-01	1.479726e+00
120	4.632720e-01	4.887818e-01	2.095261e+00
121	4.663625e-01	4.013357e-01	2.442110e+00
122	3.249592e-01	4.254320e-01	1.070347e+00
123	4.254490e-01	4.902130e-01	1.417196e+00
124	4.886641e-01	5.337770e-01	2.817294e+00
126	5.138960e-01	5.459559e-01	2.738153e+00
127	4.538873e-01	3.813012e-01	2.338544e+00
128	4.824085e-01	8.102118e-01	1.282364e+00
129	4.889073e-01	5.184765e-01	2.676600e+00
130	4.905125e-01	7.983676e-01	2.443087e+00
131	3.587783e-01	9.915626e-01	2.375672e+00
132	5.505055e-01	4.945076e-01	1.220811e+00
133	5.739238e-01	2.445754e-01	2.407914e+00
134	4.586475e-01	4.564325e-01	2.277968e+00
135	4.611248e-01	4.980401e-01	2.409868e+00
136	4.714207e-01	4.707785e-01	2.083537e+00
137	3.757605e-01	5.005612e-01	2.286761e+00
138	6.480209e-01	1.384577e-01	1.194431e+00
139	4.959125e-01	5.060468e-01	2.818271e+00
140	6.060483e-01	5.240997e-01	2.827064e+00
141	4.328982e-01	4.897062e-01	1.684905e+00
142	4.706365e-01	5.164677e-01	1.999511e+00
143	4.676078e-01	4.978939e-01	1.956522e+00
144	3.793228e-01	5.332699e-01	2.323889e+00
145	4.666485e-01	5.349899e-01	2.501710e+00
146	6.267675e-01	4.274083e-01	2.395213e+00
147	5.685876e-01	5.701622e-01	2.719590e+00
148	4.668680e-01	5.068379e-01	2.937469e+00
149	4.756494e-01	4.705042e-01	2.803615e+00
150	3.536336e-01	3.929760e-01	1.794333e+00
151	4.672114e-01	5.295936e-01	2.611138e+00
152	4.613909e-01	4.448126e-01	1.724963e+00
153	4.546253e-01	5.092714e-01	1.983879e+00
154	4.659430e-01	5.031377e-01	2.181241e+00
155	4.683604e-01	3.911844e-01	1.295066e+00
156	3.979938e-01	4.161489e-01	1.970200e+00
157	4.494256e-01	5.268601e-01	2.387396e+00
158	3.309200e-01	6.010695e-01	2.386419e+00
159	6.334763e-01	5.261086e-01	2.647289e+00
160	4.818382e-01	5.240387e-01	1.686859e+00
161	4.710330e-01	4.796025e-01	1.553981e+00
162	5.064079e-01	6.005015e-01	1.764045e+00
163	7.087234e-01	6.191108e-01	1.632145e+00
164	4.661569e-01	5.059538e-01	1.235467e+00
165	4.868398e-01	5.316888e-01	2.251588e+00
166	4.818066e-01	5.139882e-01	1.751343e+00
167	4.892709e-01	5.640390e-01	1.715193e+00
168	4.689280e-01	5.091207e-01	2.109917e+00
169	4.348815e-01	4.401357e-01	2.137274e+00
170	3.623145e-01	5.264092e-01	2.099170e+00
171	4.704432e-01	5.148641e-01	2.057157e+00
172	4.625876e-01	4.055190e-01	2.246702e+00
173	4.324774e-01	5.028879e-01	1.894968e+00
174	4.484527e-01	6.092832e-01	2.453835e+00
175	4.809303e-01	5.522999e-01	2.834880e+00
176	5.006168e-01	5.119287e-01	2.215437e+00
177	4.550921e-01	4.883996e-01	2.153884e+00
178	4.737143e-01	5.016760e-01	2.475330e+00
179	4.878168e-01	5.531567e-01	1.274548e+00
180	4.563204e-01	4.544208e-01	2.127504e+00
181	4.803930e-01	5.150621e-01	1.790425e+00
182	6.170351e-01	7.526923e-01	1.736688e+00
183	4.159062e-01	6.093810e-01	1.692721e+00
184	4.020483e-01	3.760928e-01	2.042501e+00
185	3.721376e-01	6.303032e-01	1.468979e+00
186	5.036749e-01	4.986353e-01	1.784563e+00
188	4.463489e-01	4.792820e-01	1.839277e+00
189	4.826359e-01	5.060085e-01	1.175867e+00
190	3.702490e-01	5.149416e-01	2.807523e+00
191	2.005124e-01	5.275158e-01	2.811431e+00
192	5.231128e-01	5.394860e-01	1.192477e+00
193	5.732427e-01	2.936055e-01	1.620420e+00
194	4.117580e-01	5.178247e-01	2.624817e+00
195	4.764599e-01	5.094366e-01	2.806546e+00
196	4.389556e-01	4.507769e-01	1.763068e+00
197	3.154368e-01	3.738279e-01	2.060088e+00
198	7.725277e-01	4.696353e-01	2.458720e+00
199	4.183887e-01	4.706103e-01	2.463605e+00
200	4.585681e-01	1.724006e-01	1.141671e+00
201	4.728448e-01	4.941070e-01	1.146556e+00
202	4.881357e-01	5.272376e-01	1.395701e+00
203	4.874851e-01	4.995480e-01	1.755252e+00
204	5.188311e-01	5.492636e-01	2.901319e+00
205	4.233975e-01	4.634030e-01	2.123596e+00
206	5.963342e-01	6.003524e-01	1.652662e+00
207	4.368812e-01	4.700931e-01	1.199316e+00
208	4.880617e-01	5.394365e-01	2.170493e+00
209	2.575406e-01	4.588206e-01	2.733268e+00
210	5.645730e-01	5.241019e-01	1.545188e+00
211	4.835769e-01	4.786948e-01	1.376160e+00
212	4.423076e-01	4.967405e-01	1.621397e+00
213	4.661472e-01	4.924164e-01	1.883244e+00
214	4.786795e-01	4.989294e-01	1.612604e+00
215	4.848280e-01	4.767622e-01	2.909135e+00
216	4.652352e-01	5.009311e-01	1.354665e+00
217	4.920093e-01	5.157271e-01	2.770396e+00
218	4.426935e-01	5.611622e-01	2.148999e+00
219	5.063908e-01	5.334269e-01	2.624817e+00
220	4.938597e-01	4.903316e-01	2.697118e+00
221	4.819479e-01	4.794179e-01	1.938935e+00
222	7.584075e-01	4.977843e-01	1.854910e+00
223	4.835310e-01	3.653942e-01	2.625794e+00
224	5.364136e-01	7.901664e-01	2.984367e+00
225	4.005791e-01	4.089938e-01	2.693210e+00
226	4.895018e-01	5.344454e-01	2.276014e+00
227	4.691749e-01	4.776737e-01	1.245237e+00
228	4.637411e-01	5.148625e-01	1.489497e+00
229	4.598485e-01	5.065229e-01	2.305325e+00
230	4.490085e-01	4.933722e-01	2.689301e+00
231	5.083319e-01	5.481032e-01	1.346849e+00
232	4.344490e-01	4.715279e-01	2.447973e+00
233	4.189537e-01	5.158190e-01	1.591109e+00
234	3.566389e-01	4.203092e-01	1.931119e+00
235	5.002889e-01	5.595172e-01	2.687347e+00
236	4.662086e-01	5.072210e-01	2.787982e+00
237	4.765641e-01	5.132732e-01	1.510015e+00
238	4.498086e-01	4.851170e-01	2.193942e+00
239	5.117468e-01	5.382278e-01	2.918906e+00
240	5.311556e-01	5.834458e-01	1.734734e+00
241	4.720381e-01	5.465008e-01	1.119199e+00
242	3.647468e-01	4.493596e-01	1.631168e+00
243	4.858204e-01	5.007847e-01	1.258915e+00
244	4.486373e-01	4.203397e-01	2.458720e+00
245	4.808130e-01	4.846103e-01	2.134343e+00
246	4.730369e-01	5.067434e-01	2.662921e+00
247	4.615655e-01	4.821229e-01	2.924768e+00
248	4.476177e-01	4.495620e-01	2.983390e+00
250	7.796339e-01	9.612993e-01	2.763556e+00
251	7.224702e-01	8.764552e-01	2.374695e+00
252	4.817905e-01	5.032859e-01	1.703468e+00
253	4.370986e-01	4.400352e-01	1.246214e+00
254	5.270643e-01	6.724194e-01	2.925745e+00
255	4.753852e-01	5.050250e-01	1.857841e+00
256	4.738705e-01	5.105481e-01	2.601368e+00
257	4.369160e-01	4.698104e-01	2.413776e+00
258	4.694686e-01	4.929738e-01	2.569126e+00
259	5.071206e-01	6.201244e-01	1.865657e+00
260	4.662752e-01	5.098712e-01	2.574988e+00
261	4.605834e-01	5.045846e-01	1.598925e+00
262	4.091964e-01	5.415172e-01	2.264289e+00
263	4.765017e-01	4.276876e-01	1.176844e+00
264	3.348469e-01	3.909260e-01	1.061553e+00
265	4.795580e-01	5.146831e-01	2.526136e+00
266	4.406024e-01	4.658842e-01	1.928188e+00
267	4.838592e-01	5.170275e-01	2.006351e+00
268	4.461872e-01	4.752651e-01	1.041036e+00
269	5.650262e-01	6.319573e-01	1.793356e+00
270	3.585967e-01	3.975572e-01	1.860772e+00
271	5.915497e-01	4.986983e-01	1.389839e+00
272	4.636805e-01	4.952901e-01	1.052760e+00
273	4.423282e-01	4.582924e-01	1.156326e+00
274	3.058813e-01	3.475869e-01	1.981925e+00
275	5.344946e-01	7.909171e-01	2.256473e+00
276	4.919545e-01	5.274057e-01	2.368832e+00
277	4.713553e-01	4.930373e-01	2.024915e+00
279	4.580949e-01	5.140744e-01	1.348803e+00
280	5.956985e-01	5.643527e-01	2.472399e+00
281	4.606695e-01	5.811925e-01	2.288715e+00
282	4.931735e-01	5.167317e-01	2.745970e+00
283	5.461199e-01	5.518653e-01	2.490962e+00
284	2.206648e-01	3.875280e-01	2.515388e+00
285	4.898598e-01	7.295536e-01	1.545188e+00
286	4.632227e-01	5.289815e-01	2.662921e+00
287	4.445947e-01	4.435487e-01	2.264289e+00
288	4.131218e-01	4.572667e-01	2.905227e+00
289	4.111707e-01	3.555670e-01	1.058622e+00
290	3.678872e-01	5.322633e-01	2.152907e+00
291	7.666328e-01	9.180427e-01	2.784074e+00
292	4.754833e-01	5.023923e-01	2.445042e+00
293	7.256505e-01	9.369284e-01	2.852467e+00
294	3.985726e-01	4.900542e-01	2.070835e+00
295	5.336937e-01	4.667986e-01	1.406448e+00
296	2.769716e-01	1.481143e-01	1.751343e+00
297	5.307064e-01	4.376145e-01	2.077675e+00
298	3.323070e-01	5.386532e-01	1.601856e+00
299	4.597293e-01	4.783669e-01	2.048363e+00
300	5.498721e-01	5.587787e-01	2.781143e+00
301	4.647452e-01	5.089475e-01	2.779189e+00
302	5.272647e-01	5.650063e-01	2.617978e+00
303	4.372663e-01	3.108661e-01	1.698583e+00
304	5.300786e-01	5.556669e-01	1.948705e+00
305	4.637372e-01	4.805320e-01	1.416219e+00
306	5.559348e-01	3.950788e-01	1.745481e+00
307	4.562171e-01	4.974665e-01	2.291646e+00
308	6.866266e-01	9.012900e-01	1.868588e+00
309	5.576744e-01	5.254553e-01	2.511480e+00
310	4.652430e-01	5.086878e-01	2.596483e+00
311	5.005340e-01	5.728514e-01	2.855398e+00
312	5.010790e-01	5.428306e-01	1.312653e+00
313	4.162639e-01	4.294155e-01	1.787494e+00
314	4.690038e-01	5.088710e-01	2.252565e+00
315	5.243321e-01	5.456528e-01	1.978017e+00
316	5.157484e-01	5.910232e-01	2.965804e+00
317	4.727943e-01	5.104956e-01	2.221299e+00
318	4.088264e-01	5.781626e-01	1.701514e+00
319	5.244811e-01	6.065941e-01	1.135809e+00
320	4.532860e-01	5.421867e-01	2.997069e+00
322	5.847212e-01	5.242784e-01	2.362970e+00
323	4.729400e-01	5.088974e-01	2.553493e+00
324	4.450758e-01	4.780211e-01	1.347826e+00
325	5.076384e-01	8.706671e-01	2.896434e+00
326	4.730006e-01	5.074792e-01	1.857841e+00
327	4.679514e-01	5.550585e-01	1.669272e+00
328	4.768226e-01	4.792210e-01	1.726917e+00
329	5.055418e-01	5.642105e-01	2.604299e+00
330	4.593112e-01	5.298694e-01	2.089399e+00
331	4.226296e-01	5.271367e-01	1.552027e+00
332	4.196971e-01	4.838896e-01	1.769907e+00
333	4.361333e-01	4.603748e-01	1.382022e+00
334	5.243661e-01	7.124024e-01	2.510503e+00
335	5.182259e-01	4.969719e-01	1.640938e+00
336	4.645016e-01	5.133141e-01	2.933561e+00
337	3.879105e-01	4.209406e-01	1.033219e+00
338	3.918298e-01	4.513875e-01	1.408403e+00
339	4.501413e-01	4.949056e-01	2.767465e+00
340	4.928451e-01	5.395962e-01	1.526624e+00
341	5.002978e-01	5.227135e-01	1.456277e+00
342	4.967736e-01	5.240086e-01	1.054714e+00
343	5.143932e-01	5.664363e-01	2.601368e+00
344	5.038218e-01	8.805119e-01	2.193942e+00
346	4.909142e-01	5.303397e-01	1.564729e+00
347	4.675968e-01	5.336043e-01	1.679043e+00
348	2.721903e-01	6.288372e-01	2.034685e+00
349	4.635731e-01	4.932809e-01	2.564240e+00
350	6.286314e-01	5.916955e-01	2.311187e+00
351	7.022319e-01	6.105989e-01	1.297997e+00
352	4.869975e-01	5.254143e-01	2.873962e+00
353	5.341874e-01	5.808785e-01	2.202736e+00
354	4.687466e-01	5.074325e-01	2.653151e+00
355	6.875021e-01	5.718830e-01	2.461651e+00
356	4.827717e-01	5.180959e-01	1.679043e+00
357	3.816682e-01	4.660923e-01	2.991207e+00
358	5.224960e-01	6.697692e-01	2.857352e+00
359	3.893252e-01	4.244513e-01	1.913532e+00
360	5.494831e-01	5.376688e-01	1.216903e+00
361	7.073414e-01	6.471521e-01	1.214949e+00
362	4.893666e-01	4.787284e-01	1.005862e+00
363	4.934956e-01	5.418492e-01	2.227162e+00
364	4.761314e-01	5.087745e-01	1.723009e+00
366	5.314701e-01	5.267457e-01	1.692721e+00
367	4.899614e-01	4.988664e-01	1.154372e+00
368	4.587308e-01	4.775754e-01	1.851001e+00
369	4.673978e-01	5.105725e-01	2.418661e+00
370	4.141418e-01	4.629856e-01	1.874450e+00
371	5.108101e-01	4.796350e-01	1.591109e+00
372	4.519636e-01	5.284809e-01	2.199805e+00
373	3.084738e-01	3.998412e-01	2.208598e+00
374	4.419189e-01	4.059535e-01	1.322423e+00
375	5.467593e-01	6.327246e-01	2.361016e+00
376	3.880262e-01	6.121928e-01	1.815828e+00
377	4.669433e-01	5.070667e-01	1.328285e+00
378	4.555756e-01	4.904771e-01	1.883244e+00
379	4.380151e-01	3.329752e-01	1.599902e+00
380	2.151205e-01	2.289561e-01	2.343429e+00
381	4.588937e-01	4.677782e-01	1.835369e+00
383	2.565593e-01	4.562598e-01	1.698583e+00
384	6.263110e-01	7.052354e-01	2.761602e+00
385	4.406954e-01	7.661652e-01	1.961407e+00
386	5.488269e-01	5.714632e-01	2.449927e+00
387	4.302939e-01	4.466601e-01	2.669761e+00
388	5.600393e-01	4.943877e-01	2.597460e+00
389	4.659474e-01	4.995198e-01	2.960918e+00
390	4.584052e-01	4.925711e-01	1.655594e+00
391	5.156367e-01	5.601338e-01	2.572057e+00
392	4.749746e-01	5.028912e-01	1.234489e+00
393	4.216597e-01	5.123685e-01	1.607719e+00
394	4.679596e-01	5.018030e-01	2.643381e+00
395	5.112620e-01	5.270920e-01	1.233512e+00
397	4.513474e-01	6.970666e-01	1.083048e+00
398	6.723653e-01	8.569161e-01	2.453835e+00
399	5.011078e-01	4.036685e-01	2.169516e+00
400	4.026314e-01	4.623199e-01	1.634099e+00
401	4.209631e-01	5.576486e-01	1.314607e+00
402	4.346863e-01	4.632315e-01	2.292623e+00
403	5.956719e-01	6.434466e-01	1.759160e+00
404	4.715427e-01	5.910096e-01	2.942355e+00
405	4.118466e-01	4.231937e-01	1.358574e+00
406	4.269983e-01	4.647224e-01	1.474841e+00
407	4.992672e-01	3.070993e-01	2.850513e+00
408	3.534562e-01	5.125707e-01	2.543723e+00
409	4.815295e-01	5.269533e-01	1.170005e+00
410	4.494856e-01	3.940524e-01	2.011236e+00
411	3.979920e-01	4.664449e-01	2.982413e+00
412	4.306607e-01	6.223699e-01	1.578407e+00
413	5.529577e-01	6.044739e-01	2.904250e+00
414	4.548590e-01	4.920783e-01	2.948217e+00
415	4.682381e-01	5.078144e-01	1.856864e+00
416	4.905074e-01	5.316387e-01	1.780655e+00
417	4.593778e-01	5.230064e-01	1.223742e+00
418	4.653243e-01	5.308247e-01	2.928676e+00
419	4.834672e-01	5.276359e-01	1.055691e+00
420	4.412612e-01	5.196923e-01	2.823156e+00
421	4.656632e-01	5.105025e-01	2.886663e+00
422	4.800280e-01	5.321055e-01	1.391793e+00
423	5.677392e-01	5.736871e-01	1.467025e+00
424	4.987653e-01	5.420350e-01	1.512946e+00
425	4.599323e-01	8.705845e-01	1.960430e+00
426	4.750490e-01	8.744138e-01	2.254519e+00
427	5.351824e-01	6.642232e-01	2.899365e+00
428	4.830303e-01	4.899100e-01	1.247191e+00
429	4.685436e-01	4.965539e-01	1.802149e+00
430	4.808258e-01	4.923907e-01	1.663410e+00
431	5.416159e-01	5.556570e-01	2.556424e+00
432	4.787026e-01	4.775644e-01	2.947240e+00
433	4.863011e-01	5.147268e-01	2.475330e+00
434	4.742580e-01	5.080591e-01	2.923791e+00
435	3.605609e-01	4.613566e-01	2.906204e+00
436	5.168678e-01	6.558335e-02	2.668784e+00
437	5.081897e-01	5.587028e-01	2.476307e+00
438	5.737788e-01	4.718871e-01	2.065950e+00
439	4.664760e-01	5.050098e-01	1.983879e+00
440	3.707242e-01	3.770754e-01	1.637030e+00
441	6.619808e-01	5.456062e-01	1.338056e+00
442	3.582718e-01	4.711119e-01	2.406937e+00
443	7.064649e-01	4.175367e-01	1.422081e+00
444	5.235397e-01	6.181197e-01	2.956033e+00
445	4.677166e-01	5.138967e-01	2.601368e+00
446	4.797254e-01	5.117477e-01	1.846116e+00
447	4.756593e-01	5.145659e-01	1.264778e+00
448	3.939676e-01	4.319834e-01	1.119199e+00
449	4.755233e-01	5.202812e-01	1.956522e+00
450	4.794377e-01	4.363338e-01	2.971666e+00
451	4.674112e-01	5.111907e-01	2.149976e+00
452	5.189965e-01	4.720997e-01	1.574499e+00
453	6.649941e-01	6.954988e-01	1.775769e+00
455	4.596767e-01	5.048978e-01	2.984367e+00
456	4.969979e-01	5.314709e-01	1.577430e+00
457	4.336195e-01	4.136629e-01	2.955056e+00
458	4.530192e-01	5.134193e-01	2.865169e+00
459	4.046182e-01	3.940763e-01	1.672203e+00
461	2.654806e-01	4.782502e-01	2.513434e+00
462	4.970355e-01	5.394422e-01	1.853933e+00
463	5.148936e-01	5.605611e-01	2.858329e+00
464	4.842596e-01	6.270365e-01	1.574499e+00
465	4.621165e-01	5.390643e-01	1.432829e+00
466	4.602906e-01	5.078199e-01	1.500244e+00
467	4.337077e-01	3.246137e-01	1.323400e+00
468	4.726010e-01	5.090137e-01	2.147044e+00
469	4.676761e-01	5.398134e-01	2.698095e+00
470	4.783974e-01	5.344009e-01	1.364436e+00
471	5.187793e-01	7.392642e-01	2.076698e+00
472	4.640704e-01	5.088026e-01	2.011236e+00
473	4.871498e-01	6.467314e-01	1.215926e+00
474	4.701275e-01	4.994337e-01	2.299463e+00
475	5.344555e-01	4.382062e-01	1.683928e+00
476	4.899932e-01	4.962684e-01	2.081583e+00
477	5.105244e-01	5.627097e-01	2.350269e+00
478	2.954406e-01	4.461048e-01	2.728383e+00
479	3.883415e-01	3.254175e-01	1.194431e+00
480	4.962288e-01	5.037585e-01	2.515388e+00
481	6.522240e-01	6.980273e-01	1.865657e+00
482	3.986061e-01	4.400357e-01	1.802149e+00
483	4.412601e-01	4.959096e-01	1.367367e+00
484	4.683971e-01	5.156451e-01	1.148510e+00
485	4.119447e-01	4.309240e-01	2.427455e+00
486	5.465924e-01	5.276310e-01	2.196873e+00
487	4.912451e-01	5.583962e-01	2.386419e+00
488	4.399226e-01	4.605810e-01	1.294089e+00
489	5.241589e-01	5.764794e-01	1.687836e+00
490	5.039783e-01	4.243171e-01	1.146556e+00
491	7.395421e-01	4.177781e-01	1.597948e+00
492	4.161949e-01	5.277618e-01	2.412799e+00
493	3.380603e-01	4.038984e-01	1.227650e+00
494	4.883685e-01	6.371959e-01	2.522228e+00
495	4.425645e-01	4.932784e-01	1.437714e+00
496	5.260100e-01	5.683634e-01	1.523693e+00
497	5.943770e-01	5.228649e-01	1.221788e+00
498	4.705743e-01	5.639742e-01	1.652662e+00
499	3.754094e-01	4.356626e-01	1.269663e+00
500	4.675722e-01	5.011985e-01	2.967758e+00
501	4.592033e-01	5.086997e-01	2.546654e+00
502	3.696216e-01	7.473573e-01	1.818759e+00
503	4.453142e-01	4.942156e-01	1.919394e+00
504	4.962802e-01	5.219409e-01	2.563263e+00
505	3.987407e-01	4.042762e-01	1.451392e+00
506	3.822766e-01	5.376548e-01	1.718124e+00
507	4.779855e-01	5.132453e-01	1.207132e+00
508	4.557820e-01	4.912632e-01	1.236444e+00
509	5.339724e-01	5.568566e-01	2.622863e+00
510	4.133509e-01	3.769329e-01	2.549585e+00
511	4.661505e-01	5.102978e-01	2.966781e+00
512	5.037122e-01	5.316419e-01	2.395213e+00
513	5.070339e-01	4.685582e-01	1.534441e+00
514	4.802031e-01	5.627023e-01	1.550073e+00
515	4.551395e-01	5.064463e-01	1.610650e+00
516	6.118153e-01	4.520200e-01	1.612604e+00
517	4.799891e-01	4.967096e-01	1.086957e+00
518	4.371911e-01	5.631161e-01	2.282853e+00
519	4.913266e-01	9.002972e-01	1.573522e+00
520	4.821989e-01	5.141997e-01	2.497802e+00
521	4.635903e-01	5.270899e-01	1.752320e+00
523	4.860989e-01	4.938040e-01	1.209086e+00
524	5.491226e-01	5.966893e-01	2.755740e+00
525	5.734085e-01	4.581018e-01	1.499267e+00
526	4.591427e-01	5.194077e-01	1.014656e+00
527	3.928148e-01	1.661798e-01	2.891549e+00
528	4.718090e-01	5.119571e-01	2.478261e+00
529	5.339756e-01	5.659240e-01	1.898876e+00
530	4.780825e-01	5.147949e-01	1.188569e+00
531	4.848877e-01	5.541725e-01	2.785051e+00
532	4.743567e-01	5.051731e-01	2.945286e+00
533	5.514334e-01	5.981289e-01	2.458720e+00
534	4.197747e-01	6.345720e-01	2.673669e+00
535	4.849889e-01	4.909528e-01	1.399609e+00
536	5.290976e-01	5.436928e-01	2.604299e+00
537	4.662370e-01	5.023196e-01	1.529555e+00
538	4.694779e-01	5.065961e-01	2.823156e+00
539	4.393200e-01	4.490168e-01	2.826087e+00
540	4.708642e-01	5.092409e-01	2.844651e+00
541	5.132552e-01	4.307835e-01	2.290669e+00
542	4.520080e-01	5.417061e-01	2.570103e+00
543	4.748901e-01	4.833788e-01	2.396190e+00
544	4.648653e-01	4.041494e-01	1.318515e+00
545	4.579266e-01	4.554735e-01	2.605276e+00
546	3.771669e-01	6.965585e-01	2.683439e+00
547	5.883687e-01	2.741875e-01	1.587201e+00
548	5.595490e-01	6.392672e-01	1.375183e+00
549	4.764090e-01	4.472052e-01	2.298486e+00
550	3.745264e-01	3.316170e-01	1.285296e+00
551	4.615655e-01	5.045520e-01	2.983390e+00
552	2.636129e-01	4.737920e-01	1.195408e+00
553	4.644980e-01	5.253698e-01	2.414753e+00
554	4.336860e-01	4.089649e-01	1.843185e+00
555	4.147080e-01	4.807729e-01	2.396190e+00
556	5.529726e-01	5.703090e-01	3.000000e+00
557	4.825673e-01	5.060098e-01	2.728383e+00
559	4.632949e-01	5.064290e-01	1.944797e+00
560	3.818845e-01	3.596489e-01	2.883732e+00
561	4.463865e-01	4.130358e-01	2.383488e+00
562	4.012541e-01	6.288174e-01	2.506595e+00
563	4.398686e-01	4.794923e-01	1.786517e+00
564	4.158140e-01	4.681624e-01	2.893503e+00
565	4.741809e-01	5.134328e-01	2.981436e+00
566	4.685516e-01	5.633505e-01	2.663898e+00
567	4.549930e-01	4.755720e-01	2.227162e+00
568	4.547293e-01	5.170370e-01	1.527601e+00
569	3.882724e-01	3.087383e-01	2.610161e+00
570	2.586058e-01	2.567351e-01	1.058622e+00
571	4.529266e-01	4.762475e-01	2.782120e+00
573	4.640398e-01	5.079424e-01	2.109917e+00
574	4.488753e-01	4.886132e-01	2.074744e+00
575	4.333120e-01	5.052425e-01	2.319003e+00
576	4.926224e-01	5.052819e-01	1.290181e+00
577	4.854427e-01	4.587349e-01	1.286273e+00
578	4.973276e-01	5.315631e-01	1.881290e+00
579	4.830717e-01	5.162178e-01	1.664387e+00
580	3.290594e-01	1.115542e-01	1.242306e+00
581	5.111441e-01	4.777818e-01	1.927211e+00
582	4.731945e-01	5.041301e-01	2.820225e+00
583	6.313711e-01	5.599032e-01	2.792868e+00
584	5.037019e-01	5.730633e-01	1.201270e+00
585	4.102070e-01	4.253952e-01	1.898876e+00
586	4.644830e-01	5.121162e-01	1.782609e+00
587	4.817335e-01	5.143574e-01	1.561798e+00
588	4.707622e-01	5.081663e-01	2.282853e+00
589	4.099335e-01	4.502923e-01	2.210552e+00
590	4.196894e-01	5.289581e-01	1.020518e+00
591	4.239363e-01	4.391843e-01	1.784563e+00
592	4.694670e-01	5.074044e-01	1.275525e+00
593	4.904553e-01	4.877935e-01	1.212995e+00
594	4.066637e-01	5.057374e-01	2.964827e+00
595	4.680293e-01	4.872102e-01	2.079629e+00
596	4.126954e-01	5.231572e-01	1.187592e+00
597	4.697095e-01	5.251080e-01	1.258915e+00
598	4.079666e-01	4.907072e-01	1.999511e+00
599	4.604580e-01	5.015001e-01	1.264778e+00
600	4.919929e-01	5.280045e-01	1.110405e+00
601	3.044969e-01	3.512919e-01	1.107474e+00
602	4.486582e-01	4.767255e-01	1.070347e+00
603	4.689029e-01	4.964550e-01	2.400098e+00
604	4.752561e-01	4.724824e-01	2.871031e+00
605	4.691616e-01	5.121675e-01	2.739130e+00
606	4.281701e-01	4.867361e-01	2.061065e+00
607	5.372650e-01	7.152410e-01	1.073278e+00
608	4.415586e-01	4.402454e-01	2.799707e+00
609	4.324473e-01	4.176289e-01	2.010259e+00
610	4.543693e-01	5.335924e-01	1.700537e+00
611	4.869347e-01	5.205404e-01	1.339033e+00
612	4.108258e-01	4.793576e-01	2.227162e+00
613	6.401365e-01	8.900567e-01	2.482169e+00
614	4.679612e-01	5.187323e-01	2.958964e+00
615	4.840275e-01	5.360978e-01	1.443576e+00
616	3.887588e-01	6.007195e-01	2.381534e+00
617	5.111120e-01	6.190395e-01	1.971177e+00
618	4.879299e-01	5.208289e-01	2.960918e+00
619	5.820433e-01	9.238144e-01	1.812897e+00
620	5.552884e-01	4.534415e-01	1.170982e+00
621	5.707979e-01	4.821726e-01	1.277479e+00
622	5.616756e-01	4.520092e-01	1.176844e+00
623	4.204347e-01	4.860894e-01	1.636053e+00
624	4.252666e-01	3.713127e-01	2.336590e+00
625	4.302244e-01	5.583269e-01	1.343918e+00
626	4.643975e-01	5.216385e-01	1.905716e+00
627	4.500811e-01	5.033170e-01	1.784563e+00
628	4.707856e-01	5.082943e-01	2.063996e+00
629	4.689276e-01	4.972325e-01	2.497802e+00
630	4.208919e-01	5.701999e-01	2.870054e+00
631	4.789125e-01	5.092259e-01	1.729849e+00
632	5.797980e-01	6.060947e-01	2.290669e+00
633	4.692082e-01	5.046373e-01	2.841720e+00
634	4.712543e-01	5.085062e-01	2.195896e+00
635	4.725984e-01	4.745280e-01	1.601856e+00
636	4.112742e-01	4.568463e-01	2.449927e+00
637	4.483257e-01	4.747658e-01	1.462140e+00
638	4.671717e-01	5.087160e-01	2.041524e+00
639	4.664025e-01	5.079173e-01	2.061065e+00
640	4.310330e-01	3.064808e-01	2.130435e+00
641	6.652051e-01	7.239221e-01	2.205667e+00
642	4.761356e-01	5.162884e-01	2.184172e+00
643	4.379279e-01	5.214043e-01	2.747924e+00
644	4.311069e-01	7.501202e-01	2.909135e+00
645	4.572055e-01	5.041710e-01	2.777235e+00
646	4.766912e-01	5.699694e-01	1.295066e+00
647	5.324089e-01	5.096788e-01	1.050806e+00
648	4.288625e-01	7.198004e-01	1.191500e+00
649	4.627884e-01	5.126456e-01	1.198339e+00
650	4.767724e-01	5.101211e-01	2.656082e+00
651	4.547770e-01	5.417086e-01	1.692721e+00
652	5.078428e-01	5.235955e-01	2.330728e+00
653	4.662517e-01	5.060354e-01	1.906693e+00
654	4.365303e-01	5.010815e-01	2.192965e+00
655	3.821987e-01	4.637061e-01	1.200293e+00
656	4.803776e-01	5.031707e-01	2.361016e+00
657	4.162670e-01	3.363235e-01	2.080606e+00
658	4.781944e-01	5.023423e-01	2.017098e+00
659	4.575572e-01	4.545743e-01	2.191011e+00
660	4.911195e-01	3.060241e-01	1.667318e+00
661	4.056219e-01	3.425438e-01	2.229116e+00
662	4.490889e-01	5.554711e-01	1.188569e+00
663	4.652439e-01	5.108039e-01	2.714704e+00
664	4.352476e-01	4.283520e-01	1.979971e+00
665	4.633767e-01	4.450529e-01	2.954079e+00
666	8.673471e-01	7.622424e-01	1.803127e+00
667	4.652293e-01	5.023432e-01	1.039082e+00
668	7.129808e-01	8.430283e-01	1.893014e+00
669	5.102387e-01	6.516996e-01	1.778701e+00
670	2.748204e-01	1.350568e-01	1.807035e+00
671	5.045913e-01	5.383778e-01	1.102589e+00
672	5.325437e-01	1.853626e-01	1.879336e+00
673	4.243312e-01	5.489291e-01	1.984856e+00
674	4.668091e-01	5.068646e-01	2.238886e+00
675	4.548544e-01	4.767775e-01	2.868100e+00
676	4.700681e-01	4.997665e-01	2.748901e+00
677	5.903937e-01	5.862407e-01	1.578407e+00
678	4.774547e-01	5.134846e-01	1.621397e+00
679	4.668029e-01	5.029445e-01	2.657059e+00
680	4.341240e-01	4.876776e-01	2.404983e+00
681	4.303648e-01	5.020152e-01	2.272106e+00
682	4.229810e-01	4.119664e-01	1.463117e+00
683	4.880833e-01	5.212504e-01	2.316072e+00
684	4.698475e-01	5.091748e-01	2.334636e+00
685	3.954198e-01	5.756951e-01	1.365413e+00
686	4.535262e-01	6.956404e-01	2.105032e+00
687	4.843509e-01	5.411616e-01	1.339033e+00
688	4.728465e-01	5.224285e-01	2.932584e+00
689	4.644012e-01	5.104849e-01	2.378603e+00
690	4.742464e-01	5.120188e-01	1.833415e+00
691	5.145924e-01	3.963640e-01	1.663410e+00
692	4.499337e-01	5.264078e-01	2.251588e+00
693	3.816608e-01	6.750202e-01	1.766976e+00
694	4.620729e-01	5.495956e-01	1.575476e+00
695	7.120589e-01	5.803908e-01	2.771373e+00
696	4.647424e-01	4.950398e-01	2.787005e+00
697	4.588833e-01	5.121813e-01	1.959453e+00
698	4.536312e-01	4.695505e-01	2.187103e+00
699	4.669009e-01	5.090963e-01	2.430386e+00
700	5.223961e-01	5.855201e-01	2.679531e+00
701	4.160379e-01	4.428580e-01	2.191988e+00
702	5.681836e-01	5.789969e-01	2.945286e+00
703	4.724822e-01	4.948381e-01	2.793845e+00
704	4.677344e-01	5.336155e-01	2.132389e+00
705	4.355588e-01	3.207499e-01	1.627259e+00
706	4.648066e-01	4.939512e-01	1.623351e+00
707	4.843883e-01	5.061237e-01	2.772350e+00
708	4.642246e-01	4.964867e-01	1.552027e+00
709	3.874601e-01	6.083654e-01	1.180752e+00
710	4.203462e-01	4.724478e-01	1.632145e+00
711	5.170922e-01	9.362730e-01	1.680997e+00
712	5.043629e-01	5.206608e-01	2.828041e+00
713	6.168676e-01	5.796194e-01	1.703468e+00
714	6.375340e-01	4.206984e-01	1.471910e+00
715	4.902136e-01	5.273368e-01	2.368832e+00
716	4.824922e-01	5.153661e-01	1.961407e+00
717	4.719217e-01	5.036317e-01	1.756229e+00
718	4.415609e-01	4.981568e-01	2.987298e+00
719	4.647820e-01	5.066728e-01	2.332682e+00
720	4.785147e-01	5.361576e-01	1.097704e+00
721	4.758648e-01	4.649203e-01	1.954568e+00
722	4.696811e-01	5.073397e-01	1.704446e+00
723	4.668805e-01	5.067880e-01	1.853933e+00
724	5.122376e-01	5.725743e-01	2.829995e+00
725	4.835401e-01	5.370696e-01	2.232047e+00
726	4.036937e-01	4.329125e-01	2.587689e+00
727	6.056503e-01	3.955321e-01	2.698095e+00
728	7.641841e-01	9.552711e-01	1.896922e+00
729	4.317602e-01	3.846178e-01	1.212995e+00
730	5.174558e-01	3.528626e-01	1.502198e+00
731	4.685362e-01	5.073954e-01	2.614069e+00
732	5.110852e-01	6.412430e-01	2.880801e+00
733	4.771711e-01	5.314383e-01	1.956522e+00
734	3.574124e-01	3.941540e-01	2.745970e+00
735	3.079991e-01	2.513003e-01	1.179775e+00
736	4.078813e-01	4.256261e-01	1.935027e+00
737	4.524333e-01	5.360118e-01	1.975085e+00
738	4.626917e-01	4.997834e-01	1.067416e+00
739	4.361181e-01	5.367796e-01	2.024915e+00
740	4.631059e-01	4.129243e-01	2.810454e+00
741	4.376298e-01	4.945004e-01	2.428432e+00
742	4.316920e-01	5.131425e-01	1.957499e+00
743	4.849381e-01	5.666197e-01	2.306302e+00
744	4.565509e-01	5.064465e-01	2.557401e+00
745	4.619939e-01	5.032134e-01	1.243283e+00
746	4.570244e-01	4.626401e-01	2.429409e+00
747	4.697102e-01	4.982443e-01	2.523205e+00
748	5.511267e-01	6.435897e-01	2.842697e+00
749	4.655997e-01	5.107602e-01	2.247680e+00
750	4.890973e-01	5.289734e-01	2.000489e+00
751	4.706143e-01	4.838973e-01	2.446019e+00
752	4.713091e-01	5.050587e-01	2.360039e+00
753	4.086472e-01	4.512069e-01	2.567171e+00
754	4.875715e-01	5.379614e-01	2.415730e+00
755	4.884653e-01	4.955021e-01	1.989741e+00
756	4.623802e-01	5.080029e-01	2.908158e+00
757	5.691201e-01	6.382720e-01	2.731314e+00
758	4.715075e-01	5.082115e-01	2.544700e+00
759	4.682927e-01	5.079859e-01	2.890572e+00
760	4.703586e-01	5.081377e-01	1.654617e+00
761	4.723406e-01	4.998650e-01	1.008793e+00
762	4.450178e-01	4.845071e-01	1.260870e+00
763	4.539517e-01	5.843714e-01	1.347826e+00
764	4.818834e-01	5.033010e-01	1.325354e+00
765	4.643521e-01	5.021808e-01	1.420127e+00
766	3.955234e-01	3.320202e-01	2.845628e+00
767	4.689357e-01	5.374668e-01	1.853933e+00
768	4.657897e-01	5.004229e-01	1.303859e+00
769	4.098700e-01	4.499380e-01	1.294089e+00
770	8.824467e-01	1.086727e-01	1.675134e+00
771	5.124030e-01	4.533162e-01	2.417684e+00
772	4.795183e-01	5.144799e-01	2.053249e+00
773	4.889124e-01	5.130161e-01	1.276502e+00
774	6.149750e-01	5.618499e-01	2.779189e+00
775	3.168750e-01	8.420963e-01	1.984856e+00
776	2.520460e-01	5.470559e-01	2.295554e+00
777	4.633405e-01	5.022792e-01	1.652662e+00
778	4.647272e-01	5.048385e-01	2.464582e+00
779	4.689326e-01	5.097649e-01	1.763068e+00
780	4.280874e-01	4.814987e-01	2.026869e+00
781	4.899983e-01	5.767041e-01	1.160234e+00
782	5.884245e-01	3.849818e-01	2.302394e+00
783	4.532454e-01	4.738335e-01	1.384954e+00
784	4.767986e-01	5.771206e-01	2.598437e+00
785	5.071920e-01	4.846036e-01	2.130435e+00
786	4.669017e-01	5.111368e-01	1.690767e+00
787	4.957380e-01	4.914348e-01	1.940889e+00
788	4.855415e-01	5.200175e-01	2.099170e+00
